1.30325 0.960345 0.849059 
1.24891 0.962036 0.93668 
1.12352 0.981929 1.12911 
1.09326 1.1263 1.48955 
1.21889 1.38064 1.93928 
1.39313 1.58398 2.25499 
1.41291 1.53037 2.19457 
1.14585 1.14075 1.68586 
0.661024 0.567397 0.931371 
0.203105 0.119399 0.312649 
0.0120768 0.038804 0.131157 
0.132174 0.304082 0.382906 
0.378775 0.641456 0.768603 
0.498801 0.752024 0.948757 
0.383781 0.56058 0.824668 
0.14653 0.262763 0.591589 
0.00419043 0.135091 0.525132 
0.0904938 0.296015 0.720244 
0.367874 0.637461 1.0357 
0.689315 0.958202 1.2697 
0.914862 1.13188 1.35208 
0.972969 1.14584 1.34862 
0.859852 1.02612 1.31047 
0.640247 0.791734 1.18212 
0.46127 0.506042 0.893266 
0.508598 0.325258 0.514492 
0.868343 0.41631 0.259624 
1.39818 0.784255 0.295236 
1.77281 1.20479 0.560877 
1.72482 1.38315 0.814628 
1.27991 1.21414 0.873758 
0.748891 0.884888 0.801517 
0.467223 0.712106 0.849679 
0.532682 0.878799 1.22698 
0.787911 1.32268 1.92581 
1.02647 1.84188 2.74114 
1.17277 2.25593 3.40576 
1.25446 2.45273 3.6955 
1.25429 2.34233 3.46926 
1.06925 1.86461 2.71452 
0.655632 1.09989 1.62043 
0.187585 0.34597 0.580762 
0.0114084 0.00489084 0.0312048 
0.393785 0.316239 0.187504 
1.29271 1.16262 0.892091 
2.36906 2.1349 1.7177 
3.22534 2.81075 2.25629 
3.65583 3.01252 2.36104 
3.7131 2.8497 2.16394 
3.58495 2.55757 1.89672 
3.43056 2.30512 1.69583 
3.31265 2.12772 1.54703 
3.2366 1.99537 1.37684 
3.2094 1.90921 1.17475 
3.24172 1.92187 1.02979 
3.29862 2.0707 1.05788 
3.26693 2.29821 1.29078 
2.99595 2.44333 1.6207 
2.40157 2.32559 1.84664 
1.56192 1.86859 1.7934 
0.724239 1.1744 1.42408 
0.196888 0.489036 0.869404 
0.180655 0.071499 0.35139 
0.645492 0.0476069 0.0515157 
1.339 0.34543 0.0144276 
1.927 0.75329 0.150088 
2.17369 1.05271 0.318246 
2.04524 1.12983 0.417766 
1.6878 1.00243 0.417508 
1.3277 0.778364 0.336111 
1.1768 0.603031 0.22276 
1.37596 0.620464 0.159328 
1.95116 0.924131 0.24558 
2.77035 1.48862 0.535418 
3.55345 2.14134 0.97184 
3.99488 2.64923 1.41516 
3.9561 2.89619 1.78119 
3.57626 3.00186 2.1657 
3.17875 3.24147 2.79934 
3.02661 3.80096 3.82707 
3.12761 4.57448 5.09795 
3.24859 5.19209 6.17316 
3.11239 5.26382 6.57249 
2.61086 4.64669 6.07195 
1.89346 3.5481 4.83873 
1.30674 2.42762 3.34125 
1.23114 1.78072 2.12655 
1.87165 1.90768 1.59098 
3.0833 2.75071 1.82385 
4.35716 3.88185 2.57201 
5.04915 4.69354 3.35815 
4.75687 4.72448 3.72271 
3.58208 3.92023 3.46082 
2.06326 2.63857 2.69936 
0.823661 1.3999 1.77111 
0.214299 0.584072 0.99905 
0.208631 0.291934 0.5531 
0.563959 0.417379 0.444812 
1.05233 0.800529 0.599301 
1.56581 1.31447 0.912863 
2.06562 1.85326 1.26845 
2.48601 2.29378 1.54347 
2.70818 2.50503 1.64033 
2.62411 2.40643 1.52564 
2.2222 2.0194 1.24172 
1.61483 1.46348 0.877592 
0.986631 0.90135 0.527138 
0.510796 0.479802 0.273056 
0.296397 0.305433 0.201962 
0.381478 0.442301 0.407722 
0.733726 0.888076 0.936914 
1.23193 1.52272 1.69611 
1.6649 2.09516 2.41756 
1.80735 2.31998 2.76772 
1.55866 2.05577 2.55811 
1.03154 1.4232 1.89244 
0.486734 0.736208 1.10534 
0.147198 0.28135 0.525985 
0.0537416 0.132432 0.266684 
0.0931526 0.162504 0.21767 
0.157771 0.225338 0.232087 
0.263015 0.315682 0.306328 
0.500597 0.549649 0.577361 
0.886524 0.997984 1.14934 
1.27919 1.55554 1.93128 
1.46854 1.98717 2.65019 
1.3529 2.10513 3.02711 
1.02464 1.90243 2.95165 
0.680903 1.52318 2.51162 
0.456224 1.12324 1.88995 
0.343774 0.773367 1.25622 
0.262709 0.482493 0.740341 
0.172217 0.273001 0.45125 
0.103856 0.195143 0.455259 
0.0983751 0.264571 0.710412 
0.142659 0.412936 1.04599 
0.182856 0.524768 1.24906 
0.185988 0.52596 1.19991 
0.170688 0.430479 0.935597 
0.177796 0.306573 0.59318 
0.222427 0.2107 0.300707 
0.276491 0.153686 0.113752 
0.289343 0.113914 0.0262483 
0.227337 0.0728758 0.0163608 
0.112274 0.0488476 0.0837528 
0.0333324 0.109161 0.260007 
0.103066 0.337017 0.583757 
0.366184 0.753167 1.04362 
0.734962 1.25231 1.53046 
1.03024 1.6345 1.86315 
1.11185 1.73395 1.89769 
0.981479 1.53858 1.63455 
0.762838 1.18841 1.2192 
0.594683 0.862112 0.832373 
0.557297 0.672449 0.580338 
0.689733 0.66007 0.485047 
1.03126 0.846736 0.550566 
1.59729 1.24585 0.797583 
2.30313 1.80335 1.21189 
2.9393 2.35105 1.6735 
3.26134 2.6587 1.97186 
3.13491 2.56645 1.92594 
2.61659 2.09096 1.51557 
1.91212 1.41826 0.910749 
1.25827 0.793027 0.37074 
0.817725 0.388926 0.0879107 
0.639807 0.242417 0.0872977 
0.682563 0.275748 0.243039 
0.861973 0.375015 0.385123 
1.09625 0.463626 0.411107 
1.32775 0.527621 0.327642 
1.52154 0.590671 0.210773 
1.65282 0.671401 0.134407 
1.69857 0.758858 0.124761 
1.64027 0.817698 0.160328 
1.47403 0.810671 0.198587 
1.21991 0.721164 0.204439 
0.923917 0.566026 0.169582 
0.647772 0.39365 0.119318 
0.446358 0.264116 0.100854 
0.341796 0.21703 0.15266 
0.311312 0.246099 0.27228 
0.301502 0.301524 0.409568 
0.263323 0.323106 0.496303 
0.184256 0.281759 0.492476 
0.0933625 0.197828 0.41315 
0.0350133 0.12154 0.314039 
0.0333602 0.0920839 0.247909 
0.0791049 0.11105 0.228854 
0.149568 0.153021 0.234271 
0.237134 0.198456 0.237999 
0.347937 0.248504 0.236086 
0.465952 0.301741 0.23586 
0.528526 0.324381 0.225755 
0.464183 0.266865 0.174655 
0.277997 0.131179 0.0785784 
0.0970929 0.0189375 0.00514005 
0.102061 0.0834595 0.0662117 
0.378548 0.400196 0.318384 
0.820056 0.870238 0.682303 
1.18433 1.26242 0.974583 
1.26664 1.37339 1.04001 
1.04264 1.16919 0.866288 
0.664524 0.788941 0.577365 
0.331017 0.423212 0.322098 
0.153274 0.185709 0.171592 
0.116525 0.0788471 0.111844 
0.136331 0.0490752 0.11044 
0.13798 0.0551781 0.170345 
0.098308 0.0908036 0.319627 
0.0406034 0.165157 0.564485 
0.00526328 0.277955 0.862893 
0.018553 0.409625 1.13988 
0.0733775 0.524143 1.32078 
0.132315 0.579074 1.35482 
0.153951 0.543823 1.22602 
0.124783 0.421069 0.960482 
0.0693635 0.253933 0.626734 
0.0281382 0.105439 0.316008 
0.0229476 0.0209727 0.102859 
0.0422591 0.00338347 0.0101822 
0.0577743 0.0209105 0.00599706 
0.0527606 0.0380709 0.0343554 
0.0335269 0.0402334 0.0539085 
0.0169953 0.0334723 0.0545471 
0.0140155 0.0291138 0.0471695 
0.0295405 0.0356989 0.0466143 
0.0755415 0.0653156 0.0663564 
0.171269 0.136497 0.120235 
0.31756 0.255699 0.21321 
0.468736 0.389993 0.321149 
0.543589 0.469714 0.388773 
0.485238 0.441218 0.371896 
0.322995 0.334063 0.303346 
0.171003 0.273032 0.317241 
0.149632 0.401997 0.58297 
0.291826 0.769437 1.17855 
0.517688 1.27193 2.00059 
0.699137 1.70865 2.79165 
0.75341 1.9045 3.27347 
0.684025 1.80442 3.29051 
0.547113 1.47671 2.86909 
0.392886 1.04611 2.17257 
0.242929 0.625246 1.40735 
0.111931 0.288604 0.745908 
0.0309809 0.0780431 0.291335 
0.0333461 0.00429482 0.0685446 
0.113337 0.0345941 0.0271301 
0.207728 0.0933643 0.0639006 
0.234596 0.103072 0.0778964 
0.167992 0.0498666 0.0401738 
