3.4409 3.25734 2.19361 
3.48122 3.01592 1.8599 
3.3559 2.62659 1.45745 
3.10538 2.17798 1.09708 
2.78378 1.75344 0.858624 
2.44259 1.40729 0.765921 
2.11874 1.15618 0.788418 
1.83041 0.986079 0.864349 
1.57975 0.867896 0.931189 
1.35939 0.77321 0.948698 
1.15914 0.68374 0.906907 
0.970884 0.593255 0.820278 
0.790968 0.504249 0.714992 
0.620843 0.4231 0.616962 
0.466694 0.356636 0.545131 
0.338833 0.311295 0.510722 
0.251104 0.294506 0.520362 
0.220094 0.316743 0.580039 
0.263321 0.392066 0.696985 
0.395117 0.534757 0.877282 
0.619138 0.750625 1.11831 
0.918124 1.02431 1.39767 
1.24498 1.30824 1.66403 
1.52275 1.52261 1.83842 
1.66141 1.57528 1.83403 
1.59315 1.40225 1.59471 
1.31542 1.01534 1.13927 
0.918624 0.530565 0.586961 
0.573105 0.150259 0.138931 
0.466136 0.090153 0.00819258 
0.70878 0.475049 0.320665 
1.25973 1.25456 1.03557 
1.91654 2.19266 1.93494 
2.39476 2.9522 2.70127 
2.46437 3.24237 3.0534 
2.07191 2.95469 2.87249 
1.37562 2.21245 2.25032 
0.667231 1.30426 1.43393 
0.220923 0.538905 0.700117 
0.156012 0.1043 0.231853 
0.391764 0.00650377 0.0619933 
0.715211 0.112328 0.103041 
0.913368 0.255055 0.228737 
0.885859 0.330781 0.348771 
0.674527 0.330659 0.435053 
0.405754 0.304873 0.499261 
0.196512 0.299474 0.55438 
0.090038 0.31696 0.595546 
0.0563257 0.324208 0.611116 
0.0429217 0.291928 0.606427 
0.0295056 0.228459 0.613285 
0.0449744 0.180198 0.67268 
0.139258 0.199898 0.802419 
0.336442 0.308579 0.975055 
0.606786 0.479656 1.1247 
0.878292 0.655794 1.18071 
1.07859 0.785187 1.10745 
1.17697 0.851512 0.925556 
1.19747 0.877676 0.701831 
1.19458 0.902054 0.514162 
1.20844 0.944259 0.411737 
1.23053 0.984273 0.39265 
1.20455 0.970355 0.41044 
1.06473 0.85284 0.404746 
0.789114 0.623793 0.338027 
0.433778 0.337106 0.217507 
0.123528 0.0941726 0.0908111 
0.000710885 0.000924764 0.019747 
0.159408 0.119748 0.0493615 
0.601339 0.442915 0.190451 
1.23597 0.900191 0.422665 
1.92046 1.392 0.710622 
2.51363 1.82597 1.01819 
2.91582 2.13756 1.31139 
3.08234 2.29141 1.55297 
3.0177 2.27439 1.70026 
2.76615 2.09408 1.71499 
2.40654 1.78548 1.58212 
2.04635 1.41618 1.32463 
1.80382 1.07721 1.00183 
1.77504 0.856583 0.689755 
1.99667 0.806053 0.453463 
2.42339 0.918471 0.325288 
2.93412 1.12764 0.297046 
3.36671 1.33074 0.326319 
3.56883 1.42422 0.352993 
3.44765 1.34189 0.323235 
3.00479 1.08564 0.217849 
2.34699 0.739705 0.0763873 
1.66617 0.458318 0.00130882 
1.18723 0.420686 0.12804 
1.09274 0.76045 0.562803 
1.44921 1.49563 1.3138 
2.16833 2.49542 2.25541 
3.0283 3.50988 3.15492 
3.75376 4.25817 3.75823 
4.12096 4.53714 3.89497 
4.0389 4.29758 3.54861 
3.56909 3.65117 2.85536 
2.87943 2.80919 2.03549 
2.16281 1.98947 1.2974 
1.56523 1.34097 0.764938 
1.15586 0.918468 0.459281 
0.942553 0.707304 0.33251 
0.910533 0.671514 0.323416 
1.0532 0.791288 0.400439 
1.37537 1.06915 0.571089 
1.86961 1.50625 0.85916 
2.48418 2.06797 1.26783 
3.10639 2.66302 1.75163 
3.57829 3.15305 2.21392 
3.74472 3.39354 2.53385 
3.51611 3.2905 2.61215 
2.91613 2.84616 2.41479 
2.0869 2.16828 1.99214 
1.2414 1.43297 1.46127 
0.579778 0.814742 0.957726 
0.208826 0.417405 0.581143 
0.106854 0.242492 0.363735 
0.154617 0.212771 0.278367 
0.216456 0.236787 0.278598 
0.225596 0.274948 0.34278 
0.223386 0.36578 0.491898 
0.328747 0.595324 0.768834 
0.655759 1.02851 1.19338 
1.22865 1.6458 1.72446 
1.94481 2.32569 2.25684 
2.60776 2.88551 2.65739 
3.01128 3.15857 2.82088 
3.02892 3.06531 2.71379 
2.66339 2.64248 2.3834 
2.0359 2.01966 1.93078 
1.32783 1.36068 1.46558 
0.70787 0.801625 1.0671 
0.278302 0.412857 0.76759 
0.0580442 0.194939 0.559036 
0.000283061 0.101248 0.413307 
0.02885 0.0707114 0.302462 
0.0747562 0.0552758 0.210776 
0.099649 0.0337047 0.136701 
0.101428 0.0110226 0.0877866 
0.104638 0.00795213 0.0729129 
0.142638 0.0465899 0.0954401 
0.239653 0.138118 0.149464 
0.399164 0.276468 0.220088 
0.601621 0.439233 0.287339 
0.810679 0.594526 0.332216 
0.984544 0.710752 0.342602 
1.08818 0.765835 0.31694 
1.10288 0.753077 0.264365 
1.03071 0.682037 0.201179 
0.892847 0.574158 0.144653 
0.721902 0.454563 0.106269 
0.550806 0.343082 0.0871668 
0.402407 0.248528 0.078453 
0.284448 0.169315 0.0672642 
0.192256 0.100375 0.046541 
0.117311 0.0425697 0.023674 
0.056347 0.00858832 0.0226289 
0.0152673 0.0207885 0.0767842 
0.00543736 0.100901 0.214501 
0.0347936 0.256516 0.443717 
0.0994719 0.471621 0.74304 
0.181313 0.70677 1.06418 
0.253113 0.909761 1.34544 
0.289218 1.03266 1.53117 
0.276392 1.04822 1.58957 
0.219936 0.958976 1.52204 
0.142199 0.795571 1.36071 
0.0738581 0.604969 1.15543 
0.0413371 0.43337 0.955768 
0.0555923 0.310696 0.795031 
0.107331 0.242815 0.682692 
0.171252 0.214208 0.607057 
0.217804 0.198992 0.54566 
0.227201 0.174547 0.477555 
0.199175 0.131399 0.391959 
0.154162 0.0757947 0.290646 
0.126049 0.0255397 0.185131 
0.150579 0.00264037 0.0916354 
0.254745 0.0265024 0.0263482 
0.450656 0.109529 0.00186554 
0.734277 0.254912 0.0245698 
1.08727 0.455792 0.093059 
1.48009 0.69574 0.198544 
1.87567 0.951234 0.327981 
2.23394 1.19636 0.469094 
2.51727 1.40842 0.614581 
2.69603 1.57215 0.762544 
2.75289 1.6805 0.912343 
2.68495 1.73254 1.0584 
2.50389 1.73029 1.18645 
2.23458 1.67751 1.2756 
1.91272 1.58085 1.30609 
1.58083 1.45228 1.26859 
1.28191 1.30954 1.16971 
1.05113 1.17322 1.03045 
0.907341 1.06061 0.878313 
0.847765 0.979678 0.737274 
0.848633 0.926068 0.620596 
0.872553 0.885288 0.529432 
0.880513 0.838984 0.456743 
0.844229 0.77246 0.393464 
0.754241 0.680069 0.333378 
0.620864 0.566364 0.274649 
0.468056 0.443124 0.218334 
0.323166 0.324187 0.165888 
0.206966 0.220741 0.117903 
0.127952 0.139108 0.0750842 
0.082672 0.081512 0.0407137 
0.0610317 0.0487583 0.0226004 
0.0533853 0.0428745 0.0325706 
0.0557514 0.067994 0.0829197 
0.070844 0.128901 0.181147 
0.104963 0.228043 0.325592 
0.162882 0.362652 0.504416 
0.243633 0.523503 0.698618 
0.339292 0.695848 0.887495 
0.437108 0.861966 1.05355 
0.523682 1.00421 1.18434 
0.589115 1.10766 1.27104 
0.629395 1.16201 1.3059 
0.646252 1.16305 1.28163 
0.644789 1.11339 1.19441 
0.630034 1.02217 1.0489 
0.60394 0.903103 0.861589 
0.564329 0.770997 0.659243 
0.506609 0.638088 0.47172 
0.427818 0.512081 0.322669 
0.331133 0.397013 0.222983 
0.228124 0.296253 0.17042 
0.136703 0.215249 0.154907 
0.0748387 0.161535 0.165517 
0.0528281 0.141347 0.1946 
0.0683989 0.154982 0.237236 
0.108045 0.194571 0.288021 
0.154795 0.246947 0.339202 
0.198775 0.300945 0.382756 
0.244662 0.354883 0.415282 
0.311116 0.418775 0.44142 
0.421172 0.50824 0.471729 
0.58761 0.632178 0.514724 
0.800697 0.780933 0.567552 
1.02543 0.922811 0.612083 
1.21125 1.01306 0.62074 
1.31088 1.01253 0.570427 
1.30011 0.907208 0.45717 
1.18879 0.718091 0.302654 
1.01773 0.495773 0.14806 
0.842834 0.301851 0.0380732 
0.71432 0.186513 0.00382854 
