0.077378 0.108314 0.18175 
0.0749503 0.103688 0.172749 
0.0205091 0.0671045 0.148747 
0.0360029 0.0887111 0.170861 
0.183222 0.192784 0.228796 
0.41822 0.324473 0.265597 
0.658918 0.423879 0.252997 
0.843449 0.46903 0.207241 
0.929412 0.459108 0.150659 
0.883716 0.397009 0.095623 
0.701149 0.298741 0.0631678 
0.429697 0.199067 0.0827513 
0.176557 0.143 0.166 
0.0915141 0.188607 0.309408 
0.307687 0.404931 0.528508 
0.821909 0.806048 0.840398 
1.39659 1.24854 1.17116 
1.64767 1.44828 1.32164 
1.34686 1.20231 1.1174 
0.67897 0.630387 0.626271 
0.133107 0.12971 0.163365 
0.0616654 0.015824 0.00859419 
0.352759 0.22005 0.132916 
0.589251 0.401513 0.267626 
0.524477 0.356535 0.246924 
0.329984 0.24037 0.202995 
0.343621 0.339473 0.367539 
0.645417 0.685805 0.732289 
0.975486 0.993443 1.00451 
1.06608 0.988772 0.923132 
0.958039 0.723815 0.5526 
0.92395 0.503669 0.208147 
1.12218 0.540424 0.119987 
1.41485 0.753482 0.235911 
1.54906 0.921028 0.358556 
1.45673 0.960991 0.408959 
1.31798 1.00393 0.497929 
1.34024 1.20386 0.75419 
1.52495 1.53292 1.13849 
1.66967 1.78626 1.45159 
1.57159 1.76643 1.50433 
1.20688 1.44413 1.26323 
0.732061 0.960348 0.852262 
0.347762 0.507241 0.447874 
0.16344 0.207776 0.173085 
0.155453 0.0719932 0.0540838 
0.221939 0.034605 0.0419385 
0.284852 0.0375095 0.0739342 
0.368203 0.0999615 0.135312 
0.585538 0.315534 0.274223 
1.0277 0.761753 0.551337 
1.63919 1.39475 0.968263 
2.20847 2.03617 1.4469 
2.50193 2.47886 1.87785 
2.4263 2.61651 2.18027 
2.0734 2.48218 2.316 
1.62543 2.1855 2.27369 
1.23039 1.83451 2.07278 
0.949592 1.50441 1.78118 
0.774765 1.23255 1.48858 
0.660061 1.00794 1.23145 
0.553926 0.782695 0.962613 
0.442038 0.536379 0.634491 
0.368999 0.335543 0.313612 
0.38693 0.288913 0.163983 
0.464515 0.411869 0.275608 
0.477951 0.558349 0.525 
0.33602 0.537422 0.656364 
0.112433 0.314131 0.527113 
0.00904572 0.0668499 0.256681 
0.157261 0.018666 0.110643 
0.469901 0.216594 0.239556 
0.7145 0.490627 0.53998 
0.731 0.622344 0.76139 
0.565062 0.539182 0.733123 
0.402847 0.355917 0.496283 
0.407945 0.258381 0.245268 
0.62101 0.353674 0.154569 
0.968155 0.598827 0.241169 
1.31908 0.838604 0.367413 
1.54498 0.917348 0.375149 
1.57113 0.789892 0.232909 
1.41134 0.548266 0.0600861 
1.15177 0.338491 0.00461889 
0.88757 0.242444 0.100368 
0.668633 0.23549 0.250673 
0.49677 0.243756 0.338752 
0.354211 0.217289 0.325774 
0.227688 0.146397 0.239238 
0.135647 0.05275 0.115366 
0.172473 0.0191272 0.011523 
0.517112 0.223048 0.0707796 
1.32687 0.863636 0.495308 
2.54847 1.97012 1.37102 
3.82422 3.2613 2.49763 
4.64348 4.24206 3.43569 
4.66321 4.50748 3.78028 
3.9327 4.00523 3.43183 
2.8309 3.03683 2.63323 
1.79164 2.02503 1.77098 
1.06539 1.26693 1.1366 
0.682962 0.849085 0.822982 
0.571455 0.715707 0.767401 
0.664073 0.768335 0.843822 
0.914442 0.912392 0.928153 
1.25009 1.05738 0.928504 
1.5451 1.11537 0.800579 
1.65229 1.02171 0.55752 
1.47875 0.771359 0.272304 
1.05632 0.44512 0.0653136 
0.550643 0.191625 0.0633739 
0.179662 0.149213 0.327799 
0.0786697 0.345889 0.789169 
0.210486 0.659331 1.2532 
0.400531 0.888005 1.50117 
0.473598 0.888187 1.42198 
0.377366 0.666406 1.07395 
0.19436 0.356632 0.633624 
0.0512016 0.115114 0.283494 
0.01873 0.0253471 0.123839 
0.0821954 0.0740975 0.149551 
0.182593 0.189997 0.278665 
0.275499 0.300611 0.405298 
0.360439 0.373188 0.456606 
0.471182 0.425201 0.430113 
0.643144 0.504079 0.386785 
0.878489 0.647153 0.400812 
1.12585 0.844753 0.502355 
1.2897 1.03207 0.655734 
1.27888 1.12379 0.787945 
1.08207 1.08171 0.849473 
0.822143 0.974163 0.868452 
0.724806 0.967613 0.951913 
0.984472 1.22303 1.21066 
1.60662 1.7547 1.6482 
2.35943 2.37214 2.11075 
2.89796 2.77863 2.36508 
2.97862 2.76461 2.25766 
2.60395 2.34677 1.82762 
2.00269 1.75338 1.28779 
1.47883 1.28114 0.899399 
1.2344 1.12226 0.826179 
1.26145 1.25425 1.03933 
1.36004 1.45228 1.32021 
1.28573 1.43819 1.38707 
0.941708 1.09114 1.0986 
0.465045 0.557746 0.583023 
0.118333 0.143915 0.151762 
0.0740815 0.0631844 0.0417822 
0.28711 0.267418 0.217543 
0.557619 0.511022 0.421828 
0.69892 0.571598 0.421302 
0.654158 0.421732 0.215084 
0.501456 0.232418 0.0394734 
0.392069 0.247685 0.196965 
0.468872 0.631053 0.849636 
0.779534 1.35509 1.89581 
1.22152 2.18281 2.98791 
1.58327 2.77425 3.69487 
1.6809 2.87876 3.73435 
1.4809 2.481 3.12713 
1.09782 1.78398 2.16002 
0.685565 1.05652 1.19546 
0.345512 0.489312 0.487617 
0.126206 0.161599 0.125042 
0.0646247 0.0839003 0.0776281 
0.183544 0.224214 0.251941 
0.444862 0.495189 0.514478 
0.735434 0.759661 0.719565 
0.927563 0.892138 0.769013 
0.962786 0.85182 0.663349 
0.877025 0.694259 0.486375 
0.749982 0.510982 0.328624 
0.637819 0.360104 0.222103 
0.55006 0.249531 0.144672 
0.471672 0.16787 0.0737357 
0.389022 0.111454 0.0192667 
0.295889 0.0793123 0.00218762 
0.192757 0.0593954 0.0165348 
0.0931958 0.0365798 0.0302976 
0.0237294 0.0120998 0.0227991 
0.00208512 0.00114039 0.00595216 
0.0142467 0.00787334 0.0015491 
0.0266988 0.0160095 0.0096941 
0.0290126 0.0144803 0.0142684 
0.0533174 0.0235875 0.0156542 
0.136161 0.0777771 0.0401881 
0.261396 0.177788 0.108293 
0.355014 0.271486 0.201439 
0.346516 0.292887 0.270725 
0.235165 0.220676 0.277736 
0.0973215 0.0990834 0.225159 
0.0389934 0.0120926 0.157315 
0.147498 0.047325 0.145532 
0.475264 0.275151 0.270911 
1.03813 0.730619 0.593935 
1.79654 1.37964 1.10418 
2.62147 2.08457 1.67835 
3.28579 2.61366 2.09657 
3.52581 2.72595 2.13996 
3.17515 2.30991 1.73056 
2.30249 1.49333 1.02181 
1.23785 0.624237 0.351492 
0.416694 0.0889873 0.0501474 
0.112991 0.0657631 0.219144 
0.261411 0.402394 0.652219 
0.532639 0.739299 0.986665 
0.613007 0.792819 0.977542 
0.443749 0.55814 0.666227 
0.210571 0.259326 0.303101 
0.12272 0.116741 0.11352 
0.22142 0.169583 0.134464 
0.394995 0.306391 0.253027 
0.535402 0.423026 0.360589 
0.633799 0.512828 0.440601 
0.726393 0.612648 0.523341 
0.804229 0.716321 0.608896 
0.833682 0.790471 0.676028 
0.866546 0.870814 0.756675 
1.07426 1.09054 0.952003 
1.61264 1.56254 1.33264 
2.43132 2.22146 1.81985 
3.23337 2.80396 2.19201 
3.65098 3.01357 2.23636 
3.48701 2.72813 1.91201 
2.81901 2.07292 1.38015 
1.91264 1.32399 0.894618 
1.06072 0.752697 0.664371 
0.474631 0.521946 0.777366 
0.241638 0.643508 1.17676 
0.301518 0.963553 1.65545 
0.455727 1.20336 1.90593 
0.476338 1.11227 1.68552 
0.296979 0.680734 1.03287 
0.121225 0.220282 0.328789 
0.290503 0.163692 0.060378 
0.974556 0.700127 0.430561 
1.96149 1.57175 1.16497 
2.7684 2.25 1.7275 
2.99346 2.35216 1.76597 
2.59881 1.92298 1.37681 
1.89317 1.34489 0.961182 
1.27329 0.999766 0.846249 
0.970087 1.00336 1.03914 
0.971489 1.20068 1.29496 
1.10014 1.34232 1.36055 
1.13669 1.25302 1.14633 
0.933638 0.903935 0.731908 
0.515359 0.421667 0.290388 
0.119178 0.0596165 0.0232915 
0.0919454 0.0944586 0.0960913 
