0.401448 0.248595 
0.855992 0.766191 
1.51376 1.41391 
2.07114 1.94936 
2.24987 2.16671 
1.96642 2.00393 
1.38172 1.57689 
0.78708 1.10965 
0.407188 0.799059 
0.284096 0.718485 
0.339208 0.840693 
0.527957 1.13489 
0.894469 1.60136 
1.44569 2.17982 
1.99439 2.64631 
2.19934 2.6796 
1.83372 2.11315 
1.03793 1.15074 
0.277729 0.296684 
0.00250586 0.00635675 
0.301271 0.347274 
0.862662 0.969728 
1.25332 1.40045 
1.24444 1.38711 
0.915505 1.01317 
0.507097 0.545675 
0.20921 0.204393 
0.0667743 0.0484098 
0.0257196 0.0163187 
0.0223895 0.0244917 
0.0302465 0.0291736 
0.0545423 0.0336186 
0.107695 0.0669881 
0.188213 0.155021 
0.270102 0.291084 
0.310391 0.42493 
0.277823 0.487398 
0.18318 0.440001 
0.0790334 0.307173 
0.0212522 0.159083 
0.0254237 0.0594198 
0.0594582 0.0246869 
0.0769185 0.0259672 
0.0567749 0.0237946 
0.0178968 0.00606457 
0.00956499 0.00784783 
0.095496 0.104651 
0.331862 0.372852 
0.726776 0.82226 
1.19492 1.34008 
1.55935 1.70969 
1.63788 1.72908 
1.37155 1.36017 
0.885729 0.781186 
0.411711 0.274312 
0.123031 0.0266411 
0.0303281 0.0141315 
0.0271961 0.0692493 
0.0306688 0.0607902 
0.0682758 0.0106116 
0.226133 0.0426599 
0.520649 0.229205 
0.833234 0.493642 
0.97959 0.6622 
0.85259 0.610037 
0.513794 0.367879 
0.160796 0.103657 
0.000686154 0.00350981 
0.122542 0.146968 
0.450373 0.460638 
0.798382 0.771907 
0.986633 0.919447 
0.941582 0.84648 
0.721206 0.620246 
0.460105 0.375128 
0.284823 0.228644 
0.258682 0.228451 
0.376349 0.351493 
0.585847 0.53387 
0.810759 0.701252 
0.969308 0.790265 
0.99987 0.76651 
0.887995 0.637661 
0.673954 0.449655 
0.429643 0.26224 
0.220575 0.119444 
0.0807014 0.0356848 
0.0130872 0.00288477 
0.00711248 0.0069831 
0.0547362 0.0403802 
0.154917 0.104914 
0.304802 0.205418 
0.484305 0.336464 
0.648045 0.470998 
0.738474 0.564307 
0.718157 0.577408 
0.597054 0.503677 
0.428057 0.374311 
0.271115 0.236631 
0.157341 0.126157 
0.083792 0.0569017 
0.0360828 0.0301617 
0.00847643 0.0415774 
0.00119587 0.0758703 
0.00729045 0.103809 
0.0135885 0.0990817 
0.0173169 0.0652966 
0.0341654 0.0409112 
0.0813182 0.0671941 
0.151842 0.146399 
0.211849 0.233733 
0.227888 0.274096 
0.197844 0.248438 
0.15575 0.187177 
0.150275 0.145142 
0.220073 0.168204 
0.38089 0.277594 
0.61837 0.468276 
0.880274 0.705671 
1.08111 0.923383 
1.13632 1.04106 
1.0148 1.00601 
0.767454 0.829726 
0.499484 0.584106 
0.302991 0.355899 
0.204742 0.196666 
0.169165 0.107297 
0.144412 0.0603869 
0.104714 0.0313376 
0.0568369 0.0112331 
0.0192457 0.00110022 
0.00347867 0.00419485 
0.0125946 0.02533 
0.0467775 0.0707034 
0.101797 0.140509 
0.162045 0.219514 
0.201707 0.278496 
0.199506 0.290332 
0.155288 0.248705 
0.092011 0.173219 
0.040043 0.0966143 
0.0170675 0.0448708 
0.0196043 0.0248419 
0.0306126 0.0257572 
0.0346025 0.0303613 
0.0280889 0.0269685 
0.0191177 0.0155772 
0.0182911 0.00569512 
0.0292679 0.00825643 
0.0463859 0.027481 
0.0609625 0.0583245 
0.0699504 0.0904727 
0.0780568 0.114472 
0.0908846 0.124989 
0.106414 0.120553 
0.114466 0.102707 
0.105391 0.0761537 
0.0792728 0.0481912 
0.0466236 0.0258774 
0.0206797 0.0127325 
0.00914009 0.00817894 
0.0118652 0.00998373 
0.0241267 0.0167481 
0.0408851 0.0281837 
0.0589026 0.0439053 
0.0765278 0.0624875 
0.092418 0.0811612 
0.104554 0.0958356 
0.110519 0.101983 
0.108834 0.0968244 
0.0999025 0.0814202 
0.0855064 0.0604872 
0.0677474 0.0398338 
0.0487824 0.0235668 
0.0310565 0.0129323 
0.016839 0.00690164 
0.00736168 0.00383624 
0.00278049 0.00329397 
0.00246705 0.00628876 
0.00436925 0.0132214 
0.00517946 0.0222552 
0.00432196 0.031826 
0.00850534 0.0447702 
0.0275476 0.0658574 
0.0603487 0.0915788 
0.0871252 0.105567 
0.0841717 0.0919579 
0.050478 0.0555338 
0.0133713 0.0214201 
0.0001726 0.00867192 
0.00785743 0.010052 
0.0116604 0.00897633 
0.00443777 0.0140181 
0.0123215 0.0575828 
0.058113 0.1467 
0.117071 0.22704 
0.131223 0.222805 
0.0781563 0.124272 
0.0133371 0.0210228 
0.0258731 0.0273284 
0.14824 0.170222 
0.31735 0.359491 
0.427666 0.469829 
0.418219 0.445832 
0.309694 0.329006 
0.17143 0.20094 
0.0652749 0.116148 
0.0158211 0.0824759 
0.0153003 0.08204 
0.0426588 0.095321 
0.0780114 0.109609 
0.106525 0.11696 
0.115957 0.110967 
0.0977917 0.0874822 
0.0567097 0.0505114 
0.0166789 0.0160975 
0.00666327 0.00280911 
0.0326843 0.0130335 
0.0686202 0.0287165 
0.0822408 0.032555 
0.0674549 0.0284601 
0.043241 0.0304154 
0.0260396 0.0353968 
0.0194355 0.0269032 
0.0329801 0.011977 
0.0879987 0.0322936 
0.183538 0.113508 
0.267615 0.211849 
0.272783 0.243222 
0.189228 0.176226 
0.081029 0.0713503 
0.0163506 0.00887497 
0.00396544 0.00158936 
0.0268881 0.0161826 
0.122196 0.0717134 
0.371547 0.257719 
0.779058 0.612395 
1.18563 1.00681 
1.35776 1.20769 
1.18492 1.08068 
0.777769 0.714527 
0.365121 0.331981 
0.107335 0.0954998 
0.0125397 0.0126942 
0.000237922 0.00202599 
0.00296221 0.00136528 
0.00166513 0.00036598 
0.000168004 0.00497836 
9.03639e-05 0.010673 
4.42142e-05 0.0110056 
0.000149319 0.00852472 
