0.206518 0.322139 
0.148734 0.196521 
0.125172 0.0866272 
0.186119 0.0676979 
0.375396 0.214534 
0.700356 0.560296 
1.11641 1.07083 
1.53606 1.64889 
1.85923 2.16705 
2.01048 2.51324 
1.96511 2.62769 
1.75314 2.51596 
1.44163 2.23617 
1.10647 1.87046 
0.807598 1.49589 
0.577267 1.16617 
0.422144 0.907582 
0.333281 0.724659 
0.295951 0.608672 
0.294521 0.543762 
0.312604 0.509986 
0.332168 0.485533 
0.335204 0.450562 
0.308696 0.392871 
0.250418 0.31301 
0.171725 0.225512 
0.094863 0.154366 
0.0452593 0.123752 
0.0419113 0.147676 
0.0898909 0.222967 
0.177849 0.328734 
0.281242 0.432674 
0.369985 0.50192 
0.418026 0.514442 
0.411956 0.466885 
0.355883 0.375962 
0.270544 0.27277 
0.186355 0.192019 
0.132583 0.160425 
0.127192 0.189154 
0.172304 0.273518 
0.257706 0.399469 
0.37037 0.552687 
0.504107 0.724581 
0.663127 0.911676 
0.857065 1.1095 
1.09064 1.30606 
1.35484 1.48062 
1.62563 1.60971 
1.87156 1.67739 
2.06598 1.68365 
2.19736 1.64618 
2.27291 1.595 
2.31476 1.5639 
2.35191 1.58319 
2.41161 1.67587 
2.5127 1.85584 
2.66112 2.12521 
2.8474 2.46971 
3.04639 2.85457 
3.22039 3.22514 
3.3266 3.51536 
3.32767 3.66315 
3.20263 3.62774 
2.95411 3.40246 
2.60918 3.01783 
2.21289 2.53378 
1.81655 2.02353 
1.46423 1.55458 
1.18173 1.17253 
0.971658 0.892699 
0.816328 0.701761 
0.687785 0.56863 
0.561313 0.460324 
0.426881 0.356419 
0.293156 0.255813 
0.181727 0.172803 
0.114019 0.124767 
0.0977669 0.118528 
0.120901 0.143648 
0.15695 0.177 
0.179215 0.195921 
0.175134 0.191356 
0.151601 0.172 
0.127746 0.156397 
0.120128 0.158438 
0.130708 0.176628 
0.145973 0.194868 
0.147435 0.194028 
0.12532 0.165533 
0.0851932 0.116903 
0.0431204 0.0657003 
0.0140915 0.0274334 
0.00333733 0.00717084 
0.00692435 0.000653305 
0.0195096 0.0021345 
0.0409092 0.0106291 
0.0747042 0.0285584 
0.120102 0.0547233 
0.165415 0.0796414 
0.191043 0.0895912 
0.181635 0.0773712 
0.138261 0.0503924 
0.0800344 0.0275496 
0.0325107 0.0255219 
0.0111594 0.0450139 
0.0126565 0.0689474 
0.020683 0.0755108 
0.0210808 0.0563858 
0.0135904 0.0251569 
0.0104998 0.00801242 
0.0237818 0.0231096 
0.0521748 0.0647814 
0.0797844 0.105746 
0.0880618 0.116672 
0.0716382 0.088718 
0.0449549 0.0419998 
0.0337671 0.0133029 
0.0574612 0.0317119 
0.115136 0.0992725 
0.185293 0.18951 
0.238728 0.263563 
0.2551 0.292069 
0.232274 0.268737 
0.183889 0.209051 
0.129065 0.138006 
0.0822209 0.076491 
0.0488368 0.0342211 
0.0275094 0.0108124 
0.0146494 0.00130626 
0.00796926 0.00129659 
0.00740622 0.00915763 
0.0144202 0.0257211 
0.0309899 0.0528838 
0.0586486 0.0920697 
0.0972029 0.142681 
0.143239 0.200703 
0.189456 0.25822 
0.225998 0.304715 
0.243827 0.330198 
0.238595 0.32892 
0.212795 0.30179 
0.174839 0.256145 
0.135483 0.202944 
0.10353 0.152802 
0.0830305 0.11277 
0.0732029 0.0852792 
0.0707404 0.0694186 
0.0729124 0.0635206 
0.0795274 0.0673252 
0.0925592 0.0822688 
0.113666 0.109591 
0.141222 0.147431 
0.168976 0.188978 
0.187678 0.22342 
0.189219 0.23983 
0.171181 0.232255 
0.139138 0.203222 
0.105116 0.163448 
0.0826849 0.127562 
0.0810477 0.107833 
0.101087 0.109091 
0.135358 0.127407 
0.171929 0.152964 
0.199912 0.17523 
0.21371 0.187384 
0.213863 0.1878 
0.204663 0.17864 
0.190871 0.16367 
0.176378 0.147595 
0.165828 0.137282 
0.167244 0.142737 
0.192025 0.17497 
0.25012 0.240106 
0.34219 0.332759 
0.454074 0.433756 
0.558706 0.515458 
0.626089 0.552911 
0.636227 0.534717 
0.587393 0.467203 
0.495094 0.369878 
0.383296 0.265775 
0.27417 0.172847 
0.182219 0.100498 
0.114167 0.050854 
0.0715463 0.0216001 
0.0522811 0.00793511 
0.0505226 0.00380296 
0.0570055 0.0037631 
0.0620109 0.00542199 
0.0599344 0.0102974 
0.0518987 0.0213299 
0.0438275 0.0384019 
0.0412556 0.0560763 
0.0451486 0.0667369 
0.0520526 0.0674015 
0.0577793 0.0640361 
0.060597 0.0680843 
0.0608064 0.0864418 
0.057771 0.112885 
0.0486189 0.129431 
0.0314711 0.118734 
0.0111353 0.0790525 
0.00149658 0.02984 
0.0203591 0.0021974 
0.0785311 0.0198135 
0.170407 0.0834261 
0.273263 0.169415 
0.356662 0.242984 
0.396345 0.276611 
0.384293 0.262199 
0.329852 0.211184 
0.252961 0.145335 
0.17476 0.0855909 
0.110701 0.0450055 
0.068146 0.0273409 
0.0473646 0.0292871 
0.0438851 0.0436598 
0.050925 0.0621974 
0.0616123 0.0777673 
0.0709246 0.0860292 
0.0769995 0.086375 
0.0813534 0.0819144 
0.0878183 0.0784047 
0.100429 0.0821091 
0.120877 0.0968026 
0.146553 0.120893 
0.170409 0.146498 
0.183406 0.162078 
0.178846 0.158194 
0.156191 0.133166 
0.121675 0.0945878 
0.0849317 0.0551407 
0.0538429 0.0255023 
0.0312954 0.0095613 
0.015953 0.00517835 
0.00575078 0.00898403 
0.000757519 0.0205444 
0.00332545 0.0426291 
0.0166034 0.078655 
0.0440089 0.13097 
0.0902672 0.201666 
0.161308 0.293361 
0.259929 0.406104 
0.378293 0.530653 
0.49348 0.644132 
0.572652 0.714943 
0.587814 0.717155 
0.531549 0.645666 
0.422382 0.520736 
0.295155 0.377715 
