0.0109081 0.0204889 
0.00505985 0.0817369 
0.0696371 0.187304 
0.224189 0.314996 
0.459615 0.444285 
0.720056 0.551355 
0.906354 0.601054 
0.924236 0.559481 
0.754606 0.426675 
0.485028 0.256343 
0.261472 0.131269 
0.187071 0.103353 
0.248563 0.148673 
0.337084 0.186659 
0.351015 0.158442 
0.290401 0.0954435 
0.253552 0.103937 
0.338136 0.267444 
0.544618 0.557599 
0.775411 0.844055 
0.920281 0.994153 
0.934864 0.963558 
0.847686 0.802801 
0.72164 0.603977 
0.625865 0.456779 
0.619737 0.4299 
0.71636 0.541964 
0.845134 0.724438 
0.885402 0.842522 
0.78147 0.802578 
0.62637 0.654743 
0.595984 0.564339 
0.775656 0.657173 
1.06221 0.895642 
1.25433 1.11758 
1.23457 1.18933 
1.05256 1.10894 
0.848548 0.9752 
0.732736 0.892309 
0.744582 0.916253 
0.88215 1.05631 
1.11442 1.27728 
1.35704 1.48815 
1.47969 1.56388 
1.38407 1.4217 
1.08868 1.09293 
0.726651 0.712175 
0.448993 0.423131 
0.323551 0.284691 
0.31715 0.25806 
0.359511 0.273332 
0.41266 0.300726 
0.480286 0.358827 
0.56614 0.467306 
0.647109 0.613786 
0.703579 0.782008 
0.769362 1.00105 
0.920599 1.32924 
1.18416 1.75647 
1.45515 2.12757 
1.5357 2.20458 
1.29212 1.84989 
0.791839 1.16801 
0.283784 0.464177 
0.0324437 0.0503293 
0.147356 0.0629131 
0.534113 0.418729 
0.972093 0.896405 
1.23931 1.25516 
1.21565 1.33461 
0.93821 1.12482 
0.590044 0.78359 
0.404396 0.561218 
0.516327 0.648201 
0.866453 1.0528 
1.2554 1.61993 
1.52277 2.17814 
1.68656 2.66495 
1.88966 3.09552 
2.18849 3.41484 
2.40947 3.42932 
2.26698 2.95426 
1.66868 2.06536 
0.895797 1.16848 
0.425216 0.735382 
0.520732 0.904647 
0.989124 1.34021 
1.35544 1.52266 
1.28875 1.2119 
0.860714 0.634485 
0.412701 0.229629 
0.214283 0.232836 
0.267335 0.506634 
0.399679 0.734122 
0.483059 0.729035 
0.538057 0.562296 
0.665461 0.445694 
0.920578 0.53762 
1.25382 0.839174 
1.54115 1.21574 
1.66162 1.49032 
1.57711 1.55339 
1.37571 1.44455 
1.24184 1.35292 
1.35186 1.51104 
1.76173 2.03894 
2.37771 2.85549 
3.03215 3.72781 
3.58634 4.41018 
3.9629 4.75294 
4.10031 4.71303 
3.91834 4.30695 
3.36803 3.59026 
2.52535 2.68278 
1.61063 1.77555 
0.878191 1.06387 
0.460947 0.6427 
0.310262 0.461813 
0.276529 0.38588 
0.241033 0.301742 
0.183261 0.181205 
0.156325 0.0699707 
0.224238 0.0409474 
0.410887 0.149462 
0.672835 0.395826 
0.906925 0.705484 
1.01174 0.960121 
0.976703 1.08244 
0.910339 1.10303 
0.94869 1.12615 
1.11309 1.21193 
1.26677 1.29751 
1.23146 1.25048 
0.953016 1.00376 
0.550224 0.630475 
0.207874 0.286023 
0.0327765 0.0854404 
0.00544619 0.0359717 
0.0410174 0.0679445 
0.0726154 0.108755 
0.0835681 0.127856 
0.0897607 0.133883 
0.113798 0.151397 
0.175782 0.204832 
0.294907 0.313184 
0.48575 0.484095 
0.742007 0.700692 
1.01734 0.910461 
1.22669 1.03592 
1.28385 1.01465 
1.15729 0.844391 
0.897199 0.591719 
0.604729 0.349902 
0.367997 0.18106 
0.220153 0.0927199 
0.146521 0.0598965 
0.117627 0.0586114 
0.111036 0.0771591 
0.112451 0.107207 
0.111301 0.137081 
0.101768 0.155943 
0.0852289 0.159562 
0.0684762 0.150705 
0.0595909 0.137447 
0.0648591 0.131804 
0.086594 0.145314 
0.121894 0.18178 
0.16445 0.234583 
0.20908 0.292535 
0.25485 0.347927 
0.303597 0.39796 
0.354179 0.43835 
0.39499 0.455322 
0.40133 0.425421 
0.347913 0.331077 
0.236614 0.187653 
0.115543 0.0566611 
0.0584482 0.0171162 
0.108337 0.103801 
0.235692 0.267151 
0.359041 0.403098 
0.414624 0.434149 
0.408894 0.367083 
0.404653 0.275353 
0.458053 0.230205 
0.565708 0.247416 
0.663245 0.288093 
0.670693 0.298022 
0.550504 0.248402 
0.340086 0.153737 
0.133519 0.0600473 
0.0172236 0.00988674 
0.00556437 0.00862914 
0.0367212 0.0247745 
0.0407045 0.0287643 
0.0126565 0.0275708 
0.00799305 0.0494484 
0.0621857 0.0958302 
0.135076 0.128913 
0.155865 0.120264 
0.113014 0.092998 
0.0660789 0.0869632 
0.0608903 0.0912668 
0.0708205 0.0584767 
0.0546047 0.00583634 
0.044369 0.0523378 
0.116488 0.289052 
0.266095 0.618194 
0.36896 0.793812 
0.313682 0.665138 
0.143738 0.342878 
0.0155394 0.0786126 
0.0197811 0.00333742 
0.093693 0.0384348 
0.121428 0.050783 
0.0739921 0.0186698 
0.0172668 0.0112701 
0.0124205 0.0612618 
0.0532711 0.121524 
0.0974917 0.136105 
0.123063 0.10376 
0.141554 0.0633053 
0.172252 0.0476893 
0.213704 0.0633167 
0.239874 0.0959224 
0.228858 0.127836 
0.193833 0.153236 
0.16525 0.168635 
0.144347 0.154389 
0.134874 0.123201 
0.26898 0.232478 
0.824568 0.767747 
1.95263 1.84443 
3.32583 3.07183 
4.19358 3.67532 
3.96521 3.15229 
2.76932 1.81856 
1.35183 0.570698 
0.402491 0.0551655 
0.0494199 0.153978 
0.000128223 0.310624 
0.0113142 0.214927 
0.0829269 0.0323304 
0.265712 0.0424952 
0.471522 0.258349 
0.549494 0.464839 
0.461083 0.502303 
0.298416 0.397909 
0.164739 0.266441 
0.0982738 0.185129 
0.0914847 0.167746 
