1.61467 0.637601 0.120105 
1.24822 0.411463 0.0732504 
0.809568 0.192587 0.0904731 
0.407925 0.0680969 0.232671 
0.130553 0.0940044 0.524454 
0.0121105 0.26918 0.93312 
0.0309382 0.537804 1.37655 
0.130201 0.817009 1.75563 
0.249332 1.03333 1.99347 
0.348781 1.14923 2.06177 
0.418095 1.16896 1.98334 
0.468094 1.1253 1.81346 
0.515476 1.05751 1.61199 
0.569525 0.992731 1.42062 
0.626773 0.938283 1.25369 
0.674118 0.885694 1.10382 
0.697183 0.822121 0.956544 
0.689606 0.742924 0.806152 
0.659823 0.660248 0.666062 
0.633214 0.604708 0.569965 
0.648669 0.619497 0.563577 
0.749484 0.748049 0.68946 
0.969654 1.01795 0.969385 
1.3183 1.42538 1.38984 
1.76693 1.92552 1.89631 
2.24545 2.43435 2.40012 
2.65194 2.84464 2.79827 
2.8775 3.05448 3.00151 
2.84114 3.00037 2.96202 
2.52334 2.68328 2.69018 
1.98427 2.17573 2.25319 
1.35556 1.60419 1.75437 
0.804068 1.1106 1.30015 
0.478094 0.805868 0.966819 
0.455476 0.733278 0.779656 
0.714545 0.856142 0.711779 
1.14077 1.07478 0.701965 
1.56773 1.26588 0.683061 
1.83671 1.32829 0.609098 
1.85164 1.21747 0.470849 
1.60815 0.956152 0.295268 
1.18697 0.619391 0.131105 
0.716654 0.302063 0.0280503 
0.322819 0.0832994 0.0181348 
0.0850564 0.00160714 0.105899 
0.0175332 0.0485338 0.269397 
0.0776553 0.180209 0.469659 
0.194803 0.339028 0.663558 
0.303637 0.47499 0.81493 
0.366921 0.558447 0.900865 
0.380191 0.581622 0.91297 
0.360681 0.552003 0.855533 
0.330113 0.483659 0.742873 
0.301883 0.391506 0.596859 
0.278121 0.289769 0.443849 
0.254945 0.192311 0.309701 
0.229649 0.111636 0.212893 
0.204233 0.0556635 0.158268 
0.184144 0.0247343 0.135491 
0.175393 0.0125709 0.125027 
0.183888 0.0125295 0.110233 
0.217496 0.0258519 0.0894244 
0.287307 0.0654604 0.0800244 
0.403788 0.150315 0.110286 
0.56731 0.291375 0.201375 
0.75834 0.476971 0.349469 
0.935413 0.667862 0.519206 
1.04593 0.807896 0.654422 
1.04705 0.847062 0.702392 
0.926514 0.76555 0.639406 
0.711653 0.585544 0.483802 
0.460427 0.363459 0.288858 
0.237951 0.165836 0.118742 
0.0900583 0.040973 0.0199357 
0.0269766 0.000690957 0.00298583 
0.0247261 0.0210662 0.0437212 
0.0426264 0.060849 0.102343 
0.0472032 0.0869529 0.148953 
0.0299002 0.0928277 0.180566 
0.00951503 0.0996089 0.219659 
0.018405 0.139644 0.295272 
0.0802602 0.232201 0.418443 
0.192102 0.366102 0.567815 
0.321235 0.500409 0.695536 
0.419654 0.583738 0.751137 
0.448216 0.581295 0.709414 
0.396748 0.49357 0.585155 
0.288384 0.35546 0.425404 
0.165928 0.216655 0.284024 
0.0689745 0.115702 0.194354 
0.0158238 0.0635328 0.156356 
0.000264937 0.0452469 0.14458 
0.0030204 0.0366302 0.129596 
0.00827311 0.0227793 0.0977011 
0.0136135 0.00636952 0.056592 
0.0278564 0.00167814 0.0255551 
0.0604649 0.0207588 0.0192268 
0.111841 0.0627844 0.0370244 
0.171892 0.113888 0.0646525 
0.22719 0.156423 0.0847914 
0.27047 0.180007 0.0881996 
0.304971 0.186424 0.0776228 
0.340584 0.185836 0.0631795 
0.384997 0.188122 0.0539895 
0.43642 0.195934 0.0524662 
0.482864 0.203839 0.0545455 
0.508161 0.203118 0.0543316 
0.500548 0.188138 0.048905 
0.458613 0.159951 0.0398644 
0.391631 0.12536 0.0312243 
0.314936 0.0928539 0.0259503 
0.243428 0.0683627 0.0239163 
0.186559 0.0532168 0.0225278 
0.146628 0.0448792 0.019145 
0.120241 0.0393614 0.0132891 
0.101488 0.0336263 0.00701107 
0.085097 0.0267401 0.00324148 
0.0683092 0.0195387 0.00339217 
0.051108 0.0134564 0.00602855 
0.035181 0.00950623 0.00777625 
0.0224566 0.0080918 0.00614893 
0.014021 0.00962393 0.00256978 
0.00981974 0.0152558 0.00341957 
0.00901677 0.0268989 0.0178834 
0.0105515 0.046172 0.0532496 
0.0134776 0.0727655 0.110029 
0.0169836 0.103301 0.179697 
0.0203127 0.131656 0.246639 
0.0228703 0.150944 0.293679 
0.0246017 0.156339 0.308677 
0.0264319 0.1474 0.289194 
0.0304089 0.128737 0.243308 
0.039297 0.108678 0.186548 
0.0556427 0.0964942 0.136537 
0.0806038 0.0992245 0.107505 
0.11296 0.119185 0.106384 
0.148691 0.152825 0.131243 
0.181369 0.191207 0.172063 
0.203446 0.222065 0.213479 
0.208312 0.233204 0.239084 
0.192745 0.216663 0.236637 
0.158989 0.172537 0.202983 
0.115434 0.110811 0.146722 
0.0749322 0.049581 0.0866367 
0.0505634 0.00912985 0.0450827 
0.0500262 0.00343107 0.0381479 
0.0712332 0.0328703 0.0670242 
0.101996 0.0825643 0.115788 
0.125177 0.128554 0.158235 
0.127636 0.149791 0.171286 
0.108412 0.139711 0.147727 
0.0810068 0.110307 0.100356 
0.0674503 0.0854923 0.0542877 
0.0868274 0.0872357 0.0318648 
0.1449 0.123031 0.0399557 
0.231318 0.182855 0.0681853 
0.326218 0.247422 0.0990101 
0.411724 0.301574 0.12184 
0.480447 0.342926 0.140274 
0.535392 0.379491 0.166751 
0.582061 0.418563 0.208861 
0.619443 0.456073 0.258481 
0.637288 0.47547 0.29319 
0.622064 0.457856 0.290019 
0.567115 0.396157 0.241847 
0.479232 0.302699 0.164246 
0.376621 0.204272 0.0874636 
0.279831 0.127916 0.039048 
0.202187 0.087214 0.0290901 
0.146045 0.0778246 0.0474441 
0.106179 0.0838546 0.0731945 
0.0763399 0.0891801 0.0883865 
0.0535768 0.0856589 0.0866041 
0.0379119 0.0740844 0.0724059 
0.0293093 0.059712 0.0547112 
0.025659 0.0472848 0.0403554 
0.0236561 0.0389899 0.031769 
0.0212025 0.0350946 0.028255 
0.0185565 0.0349009 0.0279184 
0.0170266 0.0366216 0.0284039 
0.0167283 0.0370842 0.0271027 
0.0159579 0.0329702 0.0223605 
0.0130756 0.0236543 0.0156341 
0.00912475 0.013416 0.0125224 
0.00841422 0.0104577 0.0206709 
0.0159932 0.0224684 0.0450416 
0.0337739 0.0514726 0.0836816 
0.058393 0.0916428 0.127309 
0.0825537 0.131713 0.163367 
0.098828 0.160332 0.181928 
0.103164 0.170864 0.179709 
0.0959727 0.163084 0.160215 
0.0807972 0.14172 0.13092 
0.0621635 0.113654 0.0999376 
0.0441067 0.085562 0.0738889 
0.0295908 0.0624824 0.0569894 
0.0201738 0.0469301 0.0505009 
0.0155873 0.0384244 0.0523485 
0.0137556 0.033949 0.05767 
0.0119079 0.0297407 0.0609186 
0.0084553 0.0236851 0.0587572 
0.00420172 0.0166217 0.0517719 
0.00159999 0.0113157 0.0434934 
0.00235847 0.00971481 0.0372935 
0.00541216 0.0108094 0.0336577 
0.00735907 0.0112485 0.0302671 
0.00552212 0.00865005 0.0250511 
0.0013228 0.00501414 0.0197162 
0.00084748 0.00703353 0.0204878 
0.011319 0.0221804 0.0347374 
0.0354178 0.0527613 0.0653632 
0.0674974 0.0921084 0.106792 
0.094927 0.126079 0.145713 
0.104478 0.139675 0.166685 
0.0901705 0.12519 0.159696 
0.0577811 0.0871827 0.12555 
0.0230468 0.0413382 0.076246 
0.00430187 0.00768178 0.0302044 
0.0134023 0.00156064 0.00464812 
0.0496457 0.0267219 0.0085462 
0.099702 0.073589 0.0390145 
0.14352 0.12335 0.0825436 
0.163395 0.155988 0.12053 
0.152095 0.158818 0.136939 
0.116428 0.131949 0.124987 
0.074642 0.0882661 0.0899622 
0.0486184 0.0477725 0.0467828 
0.0540895 0.0286246 0.0132565 
0.0931566 0.0388492 0.00216631 
0.152594 0.0726971 0.0160483 
0.209021 0.113564 0.0472681 
0.238901 0.142226 0.0832232 
0.228927 0.146371 0.113691 
0.181952 0.126572 0.136123 
0.115571 0.0955667 0.155863 
0.0539569 0.0711778 0.181201 
0.0168696 0.0666234 0.216276 
0.011217 0.0834084 0.25622 
0.0292269 0.110634 0.287725 
0.053856 0.131041 0.295081 
0.0682764 0.130392 0.268475 
0.0642885 0.105071 0.209924 
0.0454463 0.0639984 0.133651 
0.0239743 0.0244259 0.0609578 
0.0140826 0.00453458 0.0126997 
0.0257974 0.0169404 0.00316316 
0.0620942 0.0655966 0.0373431 
0.119265 0.14577 0.110883 
0.188503 0.245189 0.210777 
0.257175 0.345339 0.316243 
0.310418 0.424062 0.40146 
