0.0523107 0.003673 0.0195339 
0.152 0.0213667 0.0362352 
0.220317 0.0190141 0.0389252 
0.211711 0.0026431 0.0499041 
0.149174 0.0237484 0.126214 
0.0964747 0.126854 0.294855 
0.0978112 0.296883 0.51203 
0.141149 0.455174 0.680283 
0.180596 0.518098 0.717929 
0.196999 0.477128 0.633574 
0.235682 0.42933 0.542874 
0.378069 0.518529 0.598591 
0.666694 0.822953 0.874851 
1.05029 1.27869 1.29505 
1.40042 1.70569 1.66815 
1.58888 1.92092 1.81329 
1.56543 1.85441 1.68143 
1.38081 1.58735 1.38752 
1.1464 1.29407 1.13734 
0.965546 1.1353 1.1044 
0.882075 1.17135 1.33357 
0.872414 1.34107 1.72046 
0.877913 1.51002 2.07031 
0.850974 1.55373 2.20141 
0.783302 1.42492 2.03661 
0.701013 1.16685 1.63247 
0.63809 0.873141 1.13355 
0.613868 0.630304 0.688425 
0.629255 0.483557 0.38596 
0.67498 0.438665 0.24556 
0.738201 0.482168 0.248218 
0.804784 0.596449 0.3689 
0.862853 0.760947 0.583207 
0.906697 0.945776 0.85254 
0.933958 1.10892 1.11272 
0.939318 1.20678 1.28799 
0.920464 1.22005 1.33011 
0.899719 1.17869 1.25451 
0.934834 1.15581 1.13609 
1.08897 1.21654 1.05357 
1.37218 1.35525 1.02267 
1.70936 1.48259 0.981736 
1.97333 1.48683 0.851896 
2.05685 1.31927 0.617628 
1.9205 1.02465 0.347717 
1.58952 0.695464 0.137696 
1.13262 0.409108 0.0384023 
0.657883 0.212151 0.0428063 
0.308407 0.143988 0.126954 
0.214024 0.238345 0.277467 
0.406391 0.478457 0.467469 
0.771722 0.760347 0.623797 
1.10414 0.930739 0.651483 
1.23095 0.887542 0.512155 
1.10979 0.6547 0.277324 
0.82603 0.361727 0.0919337 
0.512591 0.150006 0.0736921 
0.269869 0.0895008 0.236146 
0.137709 0.163043 0.493629 
0.110667 0.305182 0.727288 
0.161275 0.447027 0.849684 
0.252899 0.538134 0.829542 
0.346201 0.550407 0.68382 
0.405962 0.478767 0.461742 
0.408006 0.342521 0.232003 
0.34499 0.18273 0.0685431 
0.231846 0.0525221 0.0300364 
0.107881 0.00156165 0.13761 
0.0275943 0.0581523 0.362041 
0.0376962 0.215179 0.630322 
0.151361 0.428331 0.852678 
0.337086 0.631022 0.958804 
0.530315 0.760031 0.924639 
0.660503 0.778476 0.775854 
0.679041 0.685744 0.56936 
0.577397 0.513826 0.367017 
0.391537 0.316055 0.216308 
0.191659 0.15322 0.143329 
0.0575965 0.0779903 0.154215 
0.0456417 0.118129 0.238483 
0.161026 0.263269 0.371023 
0.353251 0.464027 0.514342 
0.541363 0.649494 0.625483 
0.65663 0.758248 0.669655 
0.676061 0.766303 0.635529 
0.625378 0.694127 0.541441 
0.552316 0.588105 0.425247 
0.492256 0.490267 0.322913 
0.450811 0.417922 0.251125 
0.41175 0.365337 0.206519 
0.359366 0.321953 0.180155 
0.297155 0.290775 0.173664 
0.251324 0.293348 0.203396 
0.25886 0.358603 0.289434 
0.347271 0.502528 0.437207 
0.515271 0.709828 0.623662 
0.723511 0.928337 0.797333 
0.902714 1.08303 0.895487 
0.980598 1.10785 0.873122 
0.917591 0.98104 0.729477 
0.730715 0.741668 0.513839 
0.486789 0.471805 0.301646 
0.265367 0.25183 0.152918 
0.116067 0.119082 0.081859 
0.041088 0.0596247 0.060425 
0.0123226 0.0354315 0.0503639 
0.00240143 0.0191061 0.0335323 
0.000667212 0.00589441 0.0152353 
0.00613157 0.000303921 0.00562273 
0.0147582 0.000919116 0.00609989 
0.0193737 0.00284417 0.0163425 
0.019508 0.0103848 0.0476588 
0.0242984 0.0380173 0.118163 
0.0418338 0.0935753 0.228626 
0.0676611 0.16268 0.346153 
0.0873151 0.214866 0.419301 
0.0903732 0.227275 0.414743 
0.0799527 0.201755 0.341106 
0.0685234 0.159564 0.238741 
0.0674705 0.122794 0.148934 
0.0821743 0.102577 0.0926387 
0.113386 0.101027 0.0720801 
0.156998 0.116684 0.0824905 
0.200177 0.143564 0.116274 
0.222254 0.167697 0.158736 
0.20651 0.171354 0.188014 
0.154782 0.145187 0.185572 
0.0894259 0.0965607 0.148418 
0.0385726 0.0451295 0.0908666 
0.0185768 0.0108169 0.0354644 
0.0302224 0.00652467 0.00316115 
0.0686864 0.0392075 0.00926752 
0.131483 0.110796 0.0610944 
0.213122 0.211812 0.15158 
0.29451 0.314262 0.253321 
0.344838 0.377789 0.324591 
0.340526 0.371872 0.330622 
0.284675 0.297976 0.26661 
0.206742 0.191304 0.16315 
0.141296 0.0989047 0.0683076 
0.10536 0.0519314 0.0202802 
0.0934529 0.0532525 0.0308318 
0.0904083 0.0857557 0.0879863 
0.0863579 0.129506 0.170446 
0.0812198 0.17322 0.260541 
0.0798849 0.215229 0.348505 
0.0868744 0.25829 0.429468 
0.104923 0.304035 0.498482 
0.135035 0.349811 0.548119 
0.175175 0.388563 0.570277 
0.219018 0.411614 0.560516 
0.257776 0.412989 0.521128 
0.284927 0.392763 0.460389 
0.300164 0.35753 0.389114 
0.309021 0.317814 0.317566 
0.317927 0.283409 0.253852 
0.328174 0.258486 0.202461 
0.333734 0.239439 0.16275 
0.325482 0.218003 0.12971 
0.298898 0.18818 0.0980866 
0.258583 0.151273 0.0666872 
0.215758 0.11487 0.0391558 
0.1819 0.0882894 0.0223371 
0.16445 0.0798375 0.0256693 
0.165637 0.0957858 0.0598048 
0.180588 0.135716 0.12836 
0.194686 0.184653 0.214711 
0.187423 0.213428 0.279561 
0.147118 0.196727 0.282924 
0.0862422 0.138341 0.219355 
0.038926 0.0774008 0.132897 
0.036098 0.0618237 0.0895294 
0.078327 0.108347 0.125284 
0.133041 0.186115 0.215748 
0.160406 0.240483 0.295236 
0.143855 0.235387 0.307982 
0.0980166 0.176731 0.246433 
0.0508001 0.100286 0.148149 
0.0203283 0.0407344 0.0616001 
0.00737469 0.0105293 0.0134377 
0.00468124 0.00181497 0.000296563 
0.00884255 0.0022508 0.00339706 
0.0221032 0.00708735 0.00798508 
0.0444913 0.018244 0.011518 
0.066862 0.035197 0.0179129 
0.0742587 0.0496332 0.0276207 
0.0584537 0.0508282 0.0350697 
0.027977 0.0365461 0.0354555 
0.00390072 0.0171199 0.0319427 
0.0025397 0.0068833 0.0341661 
0.0206733 0.011337 0.0496821 
0.038614 0.0239687 0.0783743 
0.0390801 0.0357793 0.115117 
0.0230595 0.0455897 0.154806 
0.00681586 0.05859 0.191682 
0.00430552 0.0755291 0.214854 
0.0140917 0.0869671 0.209901 
0.0233244 0.0810432 0.170061 
0.0222644 0.0565809 0.106667 
0.0131029 0.0264006 0.045442 
0.00555175 0.00663368 0.00889894 
0.00653635 0.00332021 0.000635316 
0.0153724 0.00974527 0.00648685 
0.0270618 0.0154097 0.0104659 
0.0374269 0.0157572 0.00887083 
0.0448759 0.0138781 0.00989987 
0.0505395 0.0167232 0.0231601 
0.0600708 0.033278 0.0530522 
0.0842798 0.0747334 0.10116 
0.132478 0.149107 0.168379 
0.200293 0.248893 0.248328 
0.264586 0.344395 0.319601 
0.295469 0.396436 0.352438 
0.277827 0.382837 0.330106 
0.222344 0.314828 0.264281 
0.155915 0.227279 0.186699 
0.102669 0.153612 0.125931 
0.0733772 0.109633 0.0940153 
0.0665792 0.0949199 0.0915135 
0.0720191 0.0996617 0.114785 
0.0733514 0.107276 0.151972 
0.0576413 0.0998361 0.178985 
0.0305901 0.0725119 0.172921 
0.0182885 0.0426661 0.133967 
0.0424008 0.0345612 0.0868254 
0.0898773 0.0499203 0.0549842 
0.116492 0.0613785 0.0395106 
0.0908706 0.0450597 0.0315667 
0.0341794 0.0174233 0.0412163 
0.00707909 0.0274702 0.0975691 
0.0525086 0.105161 0.210521 
0.154124 0.22232 0.339536 
0.252754 0.31187 0.414454 
0.298758 0.32539 0.392842 
0.28471 0.268321 0.293844 
0.234449 0.182952 0.175757 
0.174283 0.107923 0.0870154 
0.119927 0.0582072 0.0411673 
0.0812553 0.0337561 0.0287667 
0.0652894 0.0321265 0.0380971 
0.070009 0.0479689 0.0599126 
0.0815723 0.0684209 0.0818802 
0.0844772 0.0787259 0.0904194 
0.0754765 0.0744971 0.0810114 
0.0657624 0.0653745 0.0625459 
0.0695034 0.064821 0.0483491 
0.0910551 0.0768601 0.0434311 
0.122041 0.0926848 0.0413877 
0.148328 0.0988716 0.0330069 
0.159438 0.0886998 0.0171193 
0.153661 0.067191 0.00342663 
