1.36189 1.5323 1.90368 
0.866944 1.01272 1.36925 
0.350046 0.481199 0.808172 
0.0574871 0.169034 0.441839 
0.00665867 0.0843797 0.285413 
0.0327179 0.0701991 0.198349 
0.00912132 0.0209123 0.0815056 
0.042665 0.0603308 0.0421568 
0.444331 0.497296 0.359579 
1.45889 1.55684 1.24657 
2.96181 3.09475 2.59101 
4.40301 4.55753 3.91151 
5.10185 5.27479 4.60811 
4.6999 4.89298 4.34453 
3.41759 3.61786 3.27085 
1.90249 2.07109 1.91182 
0.790869 0.877157 0.814772 
0.332078 0.305752 0.23648 
0.34388 0.219144 0.0872657 
0.469108 0.299436 0.115244 
0.472111 0.318131 0.129847 
0.341231 0.236385 0.0871112 
0.183037 0.123598 0.0296241 
0.074144 0.0397254 0.00173649 
0.0204062 0.00483578 0.0315952 
0.0171919 0.0402929 0.153978 
0.0943562 0.182859 0.396127 
0.276203 0.431732 0.718619 
0.513675 0.699032 0.992026 
0.69015 0.848146 1.07038 
0.711401 0.800159 0.90804 
0.583235 0.598484 0.600986 
0.393216 0.362732 0.306035 
0.226535 0.186178 0.120863 
0.115107 0.085976 0.0406389 
0.0625551 0.0415835 0.0133724 
0.0881206 0.053996 0.0145244 
0.218098 0.149267 0.0630827 
0.433226 0.329449 0.180351 
0.645095 0.53639 0.34651 
0.74515 0.673731 0.495483 
0.688174 0.669747 0.548621 
0.533871 0.529501 0.465663 
0.408806 0.338205 0.283294 
0.418144 0.211787 0.108236 
0.571932 0.222577 0.0526138 
0.776503 0.348179 0.149968 
0.897067 0.484842 0.323591 
0.850798 0.52322 0.44342 
0.667264 0.431233 0.426537 
0.473065 0.277823 0.29464 
0.411603 0.181071 0.146163 
0.557039 0.228887 0.0814485 
0.882567 0.437103 0.150937 
1.29642 0.766785 0.356451 
1.70697 1.16844 0.679477 
2.06376 1.60647 1.09598 
2.34916 2.04588 1.56504 
2.53703 2.42062 2.00947 
2.56106 2.62121 2.31546 
2.33374 2.53125 2.3692 
1.82256 2.11011 2.12587 
1.13302 1.46978 1.67097 
0.510124 0.863864 1.20884 
0.208973 0.548912 0.945227 
0.304318 0.594292 0.928933 
0.604822 0.806835 0.996854 
0.784293 0.875877 0.911061 
0.647136 0.644529 0.595051 
0.294805 0.263202 0.243496 
0.0329368 0.0651927 0.169477 
0.10486 0.268447 0.510796 
0.501301 0.78236 1.07661 
1.00246 1.29093 1.48889 
1.36967 1.50916 1.4832 
1.48634 1.36531 1.08936 
1.35652 0.98097 0.557895 
1.03945 0.537046 0.150932 
0.625099 0.179964 0.00216609 
0.245219 0.00963788 0.118274 
0.0420452 0.0788307 0.438052 
0.0806849 0.358516 0.859043 
0.291166 0.718081 1.24171 
0.517885 0.983896 1.4497 
0.640948 1.05076 1.42539 
0.654444 0.946756 1.22975 
0.634164 0.789884 0.995028 
0.643237 0.681391 0.825891 
0.679582 0.638272 0.736971 
0.713105 0.62018 0.677818 
0.761575 0.611603 0.614209 
0.914071 0.671417 0.587658 
1.26386 0.896736 0.697843 
1.80362 1.32753 1.01801 
2.38019 1.87358 1.50844 
2.76287 2.33277 1.99962 
2.78223 2.49908 2.27011 
2.43165 2.28496 2.17357 
1.8519 1.7679 1.72753 
1.22385 1.13242 1.10107 
0.674016 0.564205 0.515392 
0.26912 0.180301 0.134014 
0.0653838 0.0241985 0.0113662 
0.113983 0.0837741 0.10579 
0.390638 0.289519 0.317964 
0.738884 0.512809 0.528174 
0.933954 0.614434 0.637728 
0.844786 0.53615 0.614967 
0.542433 0.352076 0.514054 
0.23787 0.211903 0.434548 
0.102578 0.213383 0.440047 
0.140507 0.319107 0.500887 
0.219719 0.395007 0.515365 
0.217092 0.340115 0.406615 
0.141412 0.203794 0.233892 
0.136348 0.193943 0.22715 
0.36285 0.5467 0.674855 
0.847051 1.32532 1.69236 
1.41605 2.29965 3.03498 
1.7961 3.04118 4.15637 
1.81475 3.20508 4.53877 
1.53276 2.77758 4.05318 
1.17563 2.06343 3.03242 
0.930721 1.4251 1.99065 
0.815849 1.02668 1.25727 
0.735683 0.80676 0.847079 
0.625644 0.643379 0.612364 
0.505458 0.493116 0.447793 
0.410674 0.379798 0.343041 
0.331123 0.316526 0.309676 
0.248075 0.291496 0.331671 
0.199011 0.311277 0.389175 
0.252169 0.400728 0.477002 
0.406653 0.538938 0.569285 
0.552674 0.628839 0.593909 
0.560122 0.569419 0.484763 
0.402565 0.361422 0.265942 
0.181718 0.124604 0.0610889 
0.0378045 0.00656412 0.00468837 
0.0492906 0.080109 0.145248 
0.20664 0.316768 0.427465 
0.44645 0.627472 0.744012 
0.689352 0.911201 0.991676 
0.862669 1.08593 1.10077 
0.923424 1.11388 1.05269 
0.880647 1.0202 0.891533 
0.792217 0.881481 0.707891 
0.728586 0.779566 0.588362 
0.730953 0.754355 0.565398 
0.795273 0.791283 0.608004 
0.885175 0.84343 0.653657 
0.955484 0.862295 0.648731 
0.971545 0.818703 0.572082 
0.920242 0.711855 0.439553 
0.811344 0.566804 0.293399 
0.669496 0.419101 0.177679 
0.523565 0.294875 0.110341 
0.401664 0.203413 0.0754875 
0.330872 0.148507 0.047697 
0.331988 0.142555 0.0270156 
0.405021 0.201621 0.0463566 
0.515864 0.320907 0.137879 
0.601783 0.456517 0.289167 
0.602673 0.540549 0.436134 
0.501464 0.526145 0.506519 
0.340312 0.424742 0.476399 
0.191787 0.297708 0.386007 
0.104881 0.206704 0.300766 
0.0752157 0.16958 0.257806 
0.0667524 0.161525 0.247708 
0.0563509 0.150702 0.238199 
0.0504473 0.125274 0.205909 
0.0638087 0.0913855 0.148637 
0.097307 0.0603014 0.0813399 
0.141211 0.0430987 0.0272471 
0.186884 0.0459073 0.00342834 
0.224976 0.0599486 0.00491877 
0.243507 0.0648556 0.00845812 
0.244078 0.0550752 0.00206594 
0.252798 0.0561507 0.00518709 
0.292085 0.0956242 0.0445848 
0.338768 0.157917 0.112555 
0.33458 0.190784 0.168938 
0.25296 0.166284 0.189555 
0.137565 0.1144 0.190095 
0.0546073 0.078705 0.187443 
0.0214532 0.0591053 0.162008 
0.0109291 0.0309793 0.0928571 
0.0189857 0.0125326 0.0211643 
0.0857955 0.0668347 0.0317538 
0.228821 0.214087 0.149352 
0.383615 0.372075 0.283897 
0.447512 0.422103 0.315372 
0.38028 0.331367 0.225938 
0.239284 0.185113 0.119293 
0.118917 0.100142 0.110948 
0.0822539 0.13351 0.227949 
0.154573 0.277693 0.419752 
0.34545 0.505282 0.629707 
0.639867 0.782882 0.825382 
0.971148 1.05157 0.976214 
1.23268 1.23077 1.0419 
1.33605 1.26164 0.99818 
1.26107 1.14363 0.860794 
1.05476 0.927137 0.674653 
0.792938 0.678372 0.485357 
0.54263 0.450882 0.323194 
0.344179 0.2751 0.20232 
0.209838 0.158747 0.123609 
0.131882 0.0937427 0.0798091 
0.0942946 0.0669447 0.0642507 
0.0812332 0.0667414 0.074348 
0.0792928 0.0812117 0.104156 
0.0772901 0.0954676 0.137595 
0.0681215 0.0972423 0.15675 
0.0527989 0.0874291 0.159494 
0.0426537 0.0827315 0.16455 
0.0534383 0.102292 0.192597 
0.0893009 0.145683 0.238852 
0.129672 0.184117 0.267859 
0.140694 0.182268 0.244724 
0.109596 0.136226 0.176296 
0.0634659 0.0838167 0.113074 
0.0411119 0.0653298 0.0984423 
0.0466778 0.0760529 0.118989 
0.0471881 0.073702 0.120376 
0.0225209 0.0376262 0.0753862 
0.000567203 0.00249424 0.0185033 
0.0247056 0.0168026 0.000736703 
0.0939138 0.0783034 0.0253672 
0.156659 0.132821 0.0509563 
0.167785 0.138069 0.0531972 
0.134979 0.108841 0.0570614 
0.101437 0.091162 0.0979863 
0.0965416 0.108073 0.171102 
0.115688 0.144585 0.236222 
0.139073 0.175292 0.263089 
0.153727 0.188983 0.254477 
0.157576 0.188134 0.229809 
0.155232 0.180479 0.204952 
0.154164 0.175549 0.19019 
0.157001 0.178232 0.190238 
0.153988 0.179252 0.195557 
0.130054 0.159603 0.183242 
0.0840237 0.111792 0.138759 
0.0355207 0.0529836 0.0753566 
0.00751484 0.011308 0.024921 
0.00513312 0.00100797 0.00977955 
0.0155103 0.0140668 0.0261445 
0.0239459 0.0315298 0.0509576 
0.0240169 0.0373425 0.0595721 
