2.72305 2.58501 1.75288 
2.42687 2.22115 1.42535 
2.09142 1.84938 1.12186 
1.72006 1.4801 0.858069 
1.31855 1.11688 0.634752 
0.905852 0.766499 0.445149 
0.520356 0.447493 0.284499 
0.216554 0.19168 0.156467 
0.0504009 0.0356482 0.0722864 
0.0574983 0.00446026 0.0424606 
0.233321 0.0951839 0.0658945 
0.52606 0.269819 0.123896 
0.848238 0.463661 0.18429 
1.10441 0.607229 0.214736 
1.22358 0.652015 0.198064 
1.18168 0.587541 0.140591 
1.00438 0.441727 0.0684464 
0.750568 0.265813 0.0144498 
0.486911 0.113105 0.00369281 
0.266861 0.0226367 0.0457561 
0.12255 0.0135784 0.135916 
0.0685863 0.0883211 0.261227 
0.109669 0.237399 0.405085 
0.243744 0.441029 0.547305 
0.458528 0.667913 0.66258 
0.726291 0.876686 0.723172 
1.00424 1.02466 0.708704 
1.2439 1.08259 0.619201 
1.4057 1.04798 0.482496 
1.47085 0.947965 0.348542 
1.44372 0.828422 0.270749 
1.34459 0.734357 0.283189 
1.19881 0.692164 0.385972 
1.02958 0.703097 0.54666 
0.85766 0.749853 0.716158 
0.705037 0.810121 0.849433 
0.595931 0.867533 0.91987 
0.550901 0.913774 0.921552 
0.575544 0.94275 0.861893 
0.651001 0.943533 0.752389 
0.734411 0.899408 0.604534 
0.772665 0.795587 0.432531 
0.724997 0.631452 0.258505 
0.583659 0.429062 0.113636 
0.381263 0.23081 0.0313206 
0.179147 0.0850216 0.0342279 
0.0407137 0.0255234 0.122064 
0.00216758 0.0556719 0.267935 
0.0555144 0.146115 0.427348 
0.153312 0.248894 0.557131 
0.233518 0.321582 0.635414 
0.251743 0.348887 0.67198 
0.203569 0.349443 0.70222 
0.124541 0.362969 0.766242 
0.0678235 0.423981 0.883114 
0.072384 0.536654 1.03412 
0.140244 0.6659 1.16535 
0.23609 0.751385 1.21047 
0.309291 0.738321 1.12335 
0.324974 0.608792 0.904526 
0.285577 0.396297 0.607491 
0.230208 0.174878 0.320667 
0.212544 0.0278164 0.133094 
0.270516 0.0116339 0.0996197 
0.405124 0.133039 0.221104 
0.579554 0.348909 0.447262 
0.73757 0.587213 0.698837 
0.829755 0.776947 0.897729 
0.833345 0.872671 0.992012 
0.75693 0.86436 0.967276 
0.630724 0.771927 0.843121 
0.490339 0.630798 0.659696 
0.363321 0.476882 0.461524 
0.263583 0.33672 0.284594 
0.193149 0.22419 0.149683 
0.147203 0.142105 0.0621324 
0.118709 0.0862449 0.0165546 
0.101256 0.050081 0.00396794 
0.0906352 0.0288991 0.0181717 
0.0856204 0.0218964 0.0581961 
0.0873947 0.0309055 0.125161 
0.0969787 0.0559039 0.21503 
0.111677 0.0900422 0.312089 
0.123538 0.11857 0.388965 
0.122689 0.124566 0.415927 
0.105087 0.0997124 0.376087 
0.0797668 0.0534359 0.277772 
0.0688896 0.0126749 0.155036 
0.0974425 0.00939632 0.0534047 
0.176864 0.061434 0.00733176 
0.292975 0.158439 0.0222859 
0.408102 0.263546 0.0729398 
0.479143 0.332312 0.119694 
0.482377 0.339022 0.134242 
0.42972 0.294287 0.118644 
0.364949 0.241913 0.10569 
0.340376 0.235245 0.139469 
0.387 0.305905 0.246967 
0.495811 0.44303 0.417059 
0.621427 0.595293 0.599256 
0.705852 0.695034 0.723818 
0.708463 0.691697 0.733685 
0.625564 0.577317 0.612976 
0.490011 0.39188 0.398808 
0.353221 0.207152 0.171023 
0.260983 0.0976763 0.0240213 
0.235908 0.112417 0.032047 
0.273712 0.258476 0.221658 
0.352126 0.501903 0.561993 
0.445271 0.78317 0.976285 
0.535269 1.03956 1.36951 
0.61618 1.22517 1.66061 
0.690202 1.32135 1.80636 
0.759884 1.33518 1.80832 
0.821345 1.28889 1.70239 
0.862309 1.20658 1.53833 
0.866031 1.10491 1.35992 
0.819355 0.991337 1.19394 
0.721143 0.869191 1.05034 
0.587139 0.745115 0.929923 
0.448739 0.634023 0.833127 
0.34576 0.558595 0.76519 
0.31568 0.543793 0.736406 
0.383148 0.609306 0.759246 
0.553205 0.763318 0.844867 
0.810003 0.999604 1.00032 
1.12081 1.29815 1.22625 
1.44351 1.62824 1.51445 
1.73525 1.95281 1.84555 
1.96024 2.23356 2.18814 
2.09536 2.43647 2.50116 
2.13317 2.53768 2.74046 
2.08242 2.52867 2.86852 
1.96593 2.41943 2.86476 
1.81635 2.23787 2.73268 
1.66937 2.02439 2.50071 
1.55548 1.82169 2.21507 
1.4913 1.6621 1.9259 
1.47354 1.55668 1.67122 
1.47888 1.49127 1.46545 
1.47202 1.43346 1.29869 
1.42146 1.35006 1.14895 
1.31789 1.22902 1.00249 
1.18675 1.09507 0.871768 
1.0864 1.00853 0.799205 
1.08859 1.04344 0.840748 
1.24632 1.25137 1.0345 
1.56284 1.62735 1.36964 
1.97755 2.09626 1.77396 
2.37914 2.53023 2.13062 
2.64326 2.79281 2.31984 
2.67938 2.79112 2.26699 
2.46541 2.51176 1.97356 
2.05417 2.02384 1.51545 
1.54932 1.44846 1.00971 
1.06363 0.910865 0.567063 
0.680122 0.498334 0.253664 
0.432824 0.241779 0.0787752 
0.311628 0.124331 0.00980411 
0.28283 0.106069 0.00154636 
0.310511 0.147919 0.0211422 
0.367375 0.222431 0.0561113 
0.433252 0.310261 0.105311 
0.488273 0.390977 0.163485 
0.510116 0.439204 0.212781 
0.479827 0.431352 0.228321 
0.392711 0.359044 0.194353 
0.265746 0.239239 0.119633 
0.134292 0.112187 0.0404981 
0.0377276 0.0257655 0.00735494 
0.00117617 0.0135423 0.060513 
0.0236056 0.0784437 0.208216 
0.0792826 0.191261 0.419184 
0.131833 0.305037 0.634353 
0.152926 0.377535 0.792085 
0.135241 0.389729 0.853919 
0.0931307 0.350921 0.817942 
0.0518955 0.28909 0.71404 
0.0330304 0.233438 0.585412 
0.0444746 0.200019 0.467786 
0.0808282 0.188355 0.377818 
0.13156 0.189297 0.315277 
0.190004 0.196962 0.274616 
0.256015 0.215398 0.25614 
0.330471 0.255086 0.268684 
0.406706 0.322361 0.322767 
0.467109 0.410395 0.42033 
0.489868 0.499399 0.549225 
0.462816 0.566616 0.686308 
0.394637 0.598877 0.80629 
0.313737 0.598214 0.889629 
0.253087 0.576272 0.924842 
0.229946 0.54232 0.906257 
0.234598 0.495037 0.832216 
0.237194 0.425417 0.707393 
0.209213 0.328846 0.547396 
0.144926 0.216116 0.379582 
0.0672619 0.113012 0.23557 
0.0131549 0.0467696 0.137723 
0.00836977 0.0286203 0.0882933 
0.0497114 0.0457311 0.0698187 
0.107365 0.0694884 0.0578442 
0.145499 0.0748141 0.0376248 
0.14623 0.0567455 0.0129615 
0.120212 0.0325524 0.00100238 
0.0974892 0.0285517 0.0174968 
0.106413 0.0618327 0.0640995 
0.155826 0.129838 0.127152 
0.231564 0.213665 0.187846 
0.307086 0.290453 0.234752 
0.358976 0.344784 0.268684 
0.377227 0.372215 0.297131 
0.366535 0.375853 0.324579 
0.341664 0.362073 0.348072 
0.321891 0.339947 0.362079 
0.326588 0.323145 0.367981 
0.370665 0.329281 0.379019 
0.458907 0.373607 0.415074 
0.581476 0.459892 0.490088 
0.714956 0.575308 0.601044 
0.830827 0.694218 0.726424 
0.907681 0.789258 0.835129 
0.939714 0.842667 0.899812 
0.936083 0.851018 0.906757 
0.912497 0.822037 0.858196 
0.882192 0.767971 0.768475 
0.853231 0.701217 0.658187 
0.832801 0.634075 0.549199 
0.83239 0.579671 0.460843 
0.86652 0.549974 0.406408 
0.943491 0.550336 0.390285 
1.05451 0.574591 0.407482 
1.17068 0.605782 0.446621 
1.25266 0.62373 0.494967 
1.2685 0.615114 0.542119 
1.20896 0.579386 0.579954 
1.09101 0.526982 0.600053 
0.948378 0.472212 0.592775 
0.816342 0.427016 0.551379 
0.720557 0.400132 0.480004 
0.674666 0.400739 0.399505 
0.684235 0.441178 0.34464 
0.750428 0.533915 0.351142 
0.869074 0.683147 0.438651 
1.02656 0.876924 0.599478 
1.19794 1.08651 0.800411 
1.35128 1.27488 0.996607 
1.45696 1.40964 1.14913 
1.49619 1.47243 1.23621 
1.46338 1.45993 1.25372 
1.36206 1.3781 1.20842 
