0.0226053 0.0743547 0.396662 
0.0131803 0.196217 0.66155 
0.0670853 0.370782 0.947629 
0.140405 0.494294 1.09028 
0.1533 0.457637 0.952005 
0.0854683 0.26599 0.569285 
0.0125651 0.0653558 0.171317 
0.0336752 0.0261745 0.0168201 
0.17555 0.198435 0.192181 
0.382684 0.486114 0.562674 
0.590909 0.752207 0.907667 
0.788808 0.93182 1.09185 
1.00493 1.04956 1.12204 
1.25327 1.15647 1.0811 
1.50153 1.26885 1.03676 
1.68261 1.35627 1.0021 
1.72861 1.36708 0.949336 
1.60636 1.26439 0.844143 
1.34175 1.05451 0.677562 
1.01527 0.791592 0.479526 
0.722216 0.548573 0.30145 
0.526883 0.375529 0.178889 
0.451744 0.286354 0.112793 
0.498326 0.283123 0.0927769 
0.651398 0.375236 0.132307 
0.84592 0.553067 0.261657 
0.951082 0.742943 0.472565 
0.838123 0.81686 0.677777 
0.506076 0.683321 0.750321 
0.143255 0.387223 0.626307 
0.0308833 0.111823 0.376027 
0.340124 0.0558882 0.162911 
0.987223 0.279279 0.11382 
1.6724 0.649052 0.215467 
2.07265 0.934546 0.334005 
2.03556 0.972021 0.339557 
1.637 0.765553 0.218364 
1.08895 0.455501 0.0726842 
0.594267 0.200969 0.0212962 
0.25567 0.0801613 0.101723 
0.0744846 0.0733434 0.255749 
0.00532311 0.11517 0.391678 
0.0154048 0.161655 0.458716 
0.113464 0.224773 0.478667 
0.329084 0.351925 0.518291 
0.647674 0.557772 0.618328 
0.954399 0.761499 0.728924 
1.06726 0.809422 0.7229 
0.875866 0.605899 0.513103 
0.476685 0.250619 0.186478 
0.151417 0.0243046 0.00272402 
0.163713 0.184158 0.205334 
0.539348 0.731041 0.790387 
1.0331 1.36945 1.45634 
1.31515 1.71256 1.80477 
1.21005 1.55868 1.62725 
0.796278 1.01497 1.04167 
0.321394 0.399343 0.391968 
0.0357455 0.0331962 0.0241092 
0.0696216 0.0824478 0.112779 
0.403719 0.519391 0.623591 
0.908238 1.17654 1.37717 
1.4031 1.82706 2.1363 
1.71252 2.25368 2.67211 
1.71719 2.30927 2.81896 
1.4085 1.9768 2.53576 
0.913629 1.39683 1.94535 
0.441768 0.809225 1.29081 
0.160846 0.416876 0.80187 
0.104435 0.275922 0.568346 
0.201223 0.315541 0.534464 
0.384978 0.453684 0.603493 
0.642919 0.662136 0.71898 
0.94586 0.908458 0.836657 
1.17657 1.08163 0.866991 
1.18929 1.04348 0.718351 
0.952227 0.772166 0.418201 
0.593429 0.414096 0.143397 
0.283629 0.157171 0.0749917 
0.0988155 0.064126 0.217892 
0.0206327 0.0561404 0.392214 
0.0378614 0.0454203 0.412214 
0.184445 0.0396833 0.258319 
0.459342 0.1018 0.071084 
0.751916 0.239636 0.000293402 
0.894337 0.370073 0.0745255 
0.798357 0.391129 0.19834 
0.535517 0.276699 0.250221 
0.291308 0.108139 0.188117 
0.24223 0.0257672 0.0854425 
0.440397 0.131263 0.0702175 
0.766613 0.397729 0.207667 
0.991473 0.663687 0.428258 
0.936155 0.748964 0.583927 
0.625304 0.61283 0.590699 
0.279607 0.396128 0.50805 
0.122376 0.283723 0.461978 
0.178368 0.321601 0.497609 
0.275979 0.387148 0.533146 
0.249228 0.341543 0.464832 
0.112303 0.185087 0.292091 
0.018698 0.0439149 0.118753 
0.0719327 0.0244007 0.0468237 
0.215359 0.11716 0.101014 
0.313956 0.248589 0.259773 
0.312309 0.391961 0.523921 
0.286681 0.597213 0.920069 
0.355571 0.920045 1.43992 
0.571378 1.35244 2.00559 
0.90751 1.83346 2.51089 
1.32341 2.30494 2.88438 
1.80578 2.72612 3.0928 
2.33294 3.0297 3.08735 
2.81594 3.09541 2.78304 
3.10907 2.81704 2.14004 
3.10872 2.23124 1.292 
2.84906 1.57143 0.566733 
2.47968 1.13842 0.300217 
2.12281 1.0545 0.550198 
1.75697 1.13482 0.986578 
1.28146 1.05936 1.14868 
0.726362 0.739923 0.913214 
0.37002 0.517315 0.726364 
0.566095 0.915057 1.28137 
1.38306 2.10693 2.84261 
2.41256 3.60394 4.83481 
2.997 4.52339 6.14915 
2.72515 4.25683 5.96285 
1.75904 2.95032 4.36696 
0.698734 1.37564 2.26601 
0.119404 0.335168 0.682076 
0.192112 0.134905 0.0901549 
0.670872 0.522153 0.284322 
1.17175 1.02259 0.737449 
1.4538 1.30956 1.03919 
1.49975 1.32988 1.07536 
1.42409 1.20246 0.941546 
1.35752 1.07243 0.785437 
1.39727 1.04144 0.717667 
1.60239 1.15893 0.78635 
1.98672 1.41993 0.967256 
2.5142 1.76905 1.17466 
3.12674 2.14015 1.32108 
3.78734 2.51188 1.39522 
4.47295 2.90779 1.47343 
5.0959 3.31322 1.62772 
5.44198 3.59182 1.81168 
5.24773 3.52627 1.85772 
4.41277 2.99565 1.62041 
3.16418 2.13328 1.13649 
1.97256 1.27946 0.624706 
1.23578 0.729892 0.299435 
0.99817 0.508403 0.182071 
0.973739 0.401492 0.124593 
0.85221 0.229827 0.038098 
0.577081 0.0640843 0.066622 
0.322601 0.134041 0.467758 
0.23324 0.519981 1.28204 
0.246666 0.981016 2.15194 
0.199751 1.14189 2.54101 
0.0650061 0.856569 2.18195 
0.0111387 0.356919 1.31364 
0.208838 0.0288897 0.470747 
0.618991 0.0638016 0.0464698 
1.01205 0.338527 0.0491142 
1.18036 0.593689 0.222684 
1.09584 0.671658 0.328256 
0.873641 0.586747 0.299316 
0.641696 0.438434 0.201076 
0.47162 0.314913 0.1216 
0.384298 0.257127 0.106926 
0.354046 0.250456 0.144773 
0.308229 0.231386 0.176335 
0.186369 0.144817 0.147322 
0.0396434 0.0329811 0.0831101 
0.0442728 0.0538831 0.113225 
0.367064 0.373547 0.395864 
1.0007 1.02017 0.997618 
1.73608 1.83649 1.8287 
2.28888 2.55706 2.66684 
2.45112 2.92719 3.23385 
2.16701 2.79878 3.29985 
1.5431 2.20057 2.80581 
0.818206 1.35862 1.9371 
0.264828 0.600199 1.04401 
0.0288791 0.154218 0.420643 
0.0335599 0.0116126 0.129121 
0.0739475 0.00061673 0.0456375 
0.0361823 0.00721431 0.0640898 
0.00907693 0.0903919 0.207628 
0.157761 0.35919 0.521208 
0.504438 0.771176 0.907005 
0.872381 1.11164 1.14333 
1.05351 1.18834 1.08824 
1.0009 1.01264 0.823421 
0.83785 0.762237 0.561148 
0.702877 0.586938 0.426247 
0.622367 0.486394 0.364849 
0.532446 0.37318 0.262715 
0.385339 0.211702 0.109477 
0.206811 0.0668789 0.0203877 
0.0644882 0.0343021 0.116454 
0.0101606 0.153655 0.412011 
0.0557296 0.38889 0.811529 
0.179291 0.662055 1.18141 
0.334837 0.889336 1.41328 
0.464713 1.00423 1.45071 
0.525133 0.98011 1.29965 
0.511546 0.845618 1.0281 
0.458117 0.670507 0.738016 
0.411376 0.525799 0.515554 
0.406148 0.453892 0.400187 
0.46131 0.471204 0.397605 
0.581881 0.583445 0.509 
0.749583 0.780765 0.730029 
0.911575 1.01438 1.01514 
0.993706 1.19148 1.25594 
0.942464 1.21432 1.32008 
0.764501 1.04333 1.13765 
0.527925 0.733159 0.765982 
0.322234 0.407839 0.369549 
0.208904 0.189325 0.118966 
0.198547 0.130967 0.0835091 
0.263382 0.201432 0.200709 
0.364077 0.322191 0.341608 
0.464336 0.420294 0.409209 
0.527725 0.455172 0.386768 
0.516309 0.413732 0.310709 
0.410832 0.301453 0.217276 
0.242816 0.150251 0.124494 
0.100658 0.0271029 0.0547486 
0.0836638 0.0112357 0.0499737 
0.228706 0.1401 0.145004 
0.472556 0.370078 0.324721 
0.690187 0.597492 0.520009 
0.781212 0.73102 0.658757 
0.733496 0.756413 0.727739 
0.619488 0.742753 0.788405 
0.542766 0.792141 0.932784 
0.581178 0.972926 1.21358 
0.751724 1.27317 1.59416 
0.99715 1.59232 1.94777 
1.19988 1.78027 2.11313 
1.23728 1.71876 1.98623 
1.06169 1.40337 1.59456 
0.742998 0.959067 1.09195 
0.42228 0.560038 0.66396 
0.207571 0.313342 0.414125 
0.111233 0.210637 0.327005 
0.0906971 0.189362 0.332327 
0.140063 0.230064 0.393773 
