0.246352 0.134401 0.178185 
0.468717 0.241098 0.23281 
0.595609 0.268942 0.214045 
0.566876 0.204394 0.132408 
0.423225 0.102794 0.0411149 
0.277783 0.0497342 0.000742425 
0.244127 0.105964 0.0423079 
0.365569 0.270121 0.150607 
0.589874 0.480104 0.275019 
0.804041 0.649348 0.358599 
0.90357 0.713814 0.367803 
0.849096 0.661686 0.307806 
0.676404 0.531723 0.218118 
0.462087 0.386887 0.153036 
0.276167 0.282477 0.156852 
0.153801 0.245707 0.244082 
0.0958482 0.272291 0.392527 
0.0855887 0.335556 0.552632 
0.103689 0.400773 0.670254 
0.133653 0.439113 0.712748 
0.16147 0.437413 0.684526 
0.175745 0.400703 0.62247 
0.169982 0.346396 0.573061 
0.144442 0.293177 0.564802 
0.105335 0.251082 0.592747 
0.0621732 0.218728 0.624087 
0.0257845 0.188974 0.620426 
0.00823286 0.158858 0.562843 
0.0231993 0.137192 0.465605 
0.0838846 0.144817 0.372328 
0.197512 0.207471 0.338766 
0.360637 0.346669 0.413378 
0.562608 0.575925 0.626368 
0.798426 0.903682 0.989125 
1.07776 1.33289 1.49402 
1.40969 1.84303 2.10106 
1.76141 2.35702 2.71289 
2.02643 2.72569 3.16584 
2.05434 2.77232 3.2735 
1.75199 2.39963 2.92568 
1.18743 1.69111 2.1852 
0.592228 0.908903 1.29596 
0.225561 0.354549 0.566105 
0.192411 0.179773 0.193173 
0.370855 0.297482 0.160502 
0.520502 0.470483 0.284662 
0.480871 0.50258 0.368429 
0.285433 0.369287 0.330365 
0.100202 0.190332 0.218761 
0.0608517 0.0951413 0.129953 
0.163816 0.115951 0.123206 
0.294588 0.19024 0.196896 
0.340408 0.238736 0.315052 
0.274066 0.229967 0.437173 
0.150204 0.183946 0.529094 
0.0455254 0.137418 0.566776 
0.00745245 0.114938 0.543961 
0.0422545 0.122043 0.474415 
0.129538 0.149179 0.379449 
0.239067 0.176655 0.272632 
0.341151 0.18332 0.161206 
0.414193 0.160006 0.0618986 
0.45108 0.117336 0.00607372 
0.460231 0.0775659 0.0188029 
0.458487 0.0557795 0.089789 
0.460583 0.0488671 0.170379 
0.47408 0.0441633 0.207551 
0.502487 0.0384292 0.185852 
0.548111 0.0444274 0.135356 
0.605213 0.0744124 0.0956238 
0.650363 0.119285 0.0735353 
0.651669 0.155648 0.0453746 
0.603445 0.184772 0.00766853 
0.553361 0.2592 0.017503 
0.575806 0.445711 0.156743 
0.695019 0.737848 0.433138 
0.83218 1.0081 0.720849 
0.850537 1.07828 0.831103 
0.676578 0.870314 0.674842 
0.380473 0.495185 0.362529 
0.12474 0.17699 0.125284 
0.0247028 0.0706059 0.117024 
0.060428 0.145392 0.285529 
0.124298 0.242093 0.435233 
0.142539 0.234485 0.412572 
0.138999 0.133045 0.233132 
0.187159 0.0478727 0.0484064 
0.320627 0.076662 0.0143122 
0.500927 0.235621 0.192846 
0.659838 0.474391 0.545515 
0.753258 0.723898 0.976463 
0.772141 0.920747 1.36795 
0.721 1.01003 1.60452 
0.606149 0.958751 1.61097 
0.446247 0.782124 1.39679 
0.279775 0.549478 1.06367 
0.149464 0.349474 0.752492 
0.0787653 0.240431 0.56435 
0.0701881 0.23136 0.518867 
0.130003 0.308187 0.578273 
0.289004 0.472037 0.705097 
0.586087 0.743731 0.894658 
1.01761 1.12452 1.15451 
1.49761 1.55277 1.4592 
1.87796 1.90945 1.73497 
2.03003 2.0827 1.89827 
1.9275 2.04009 1.91288 
1.6557 1.84022 1.80647 
1.33424 1.57051 1.62906 
1.02522 1.27629 1.4033 
0.720885 0.960627 1.13067 
0.425828 0.65807 0.851796 
0.241299 0.492267 0.68349 
0.338381 0.624828 0.761435 
0.809861 1.10938 1.1147 
1.52534 1.77889 1.58764 
2.14257 2.29338 1.90367 
2.30681 2.34463 1.84319 
1.90005 1.87006 1.39866 
1.13959 1.10427 0.780641 
0.435312 0.420703 0.26914 
0.108825 0.0830124 0.0289039 
0.191171 0.0953785 0.0291223 
0.451137 0.257534 0.117867 
0.618134 0.365817 0.17832 
0.61019 0.390662 0.236056 
0.584374 0.489786 0.433447 
0.780993 0.854868 0.895545 
1.2996 1.52157 1.59542 
1.9887 2.29484 2.32432 
2.52864 2.84542 2.79159 
2.6354 2.90485 2.78682 
2.23463 2.42393 2.29957 
1.49547 1.59793 1.52725 
0.722225 0.756577 0.77388 
0.188573 0.194919 0.301444 
0.0144068 0.0407007 0.212445 
0.139985 0.219612 0.419343 
0.390162 0.522593 0.710407 
0.579906 0.72976 0.8731 
0.603541 0.72272 0.806531 
0.46851 0.52862 0.561357 
0.266818 0.279583 0.288915 
0.108941 0.119498 0.137044 
0.0612406 0.118143 0.161132 
0.120573 0.242756 0.303862 
0.233374 0.396134 0.447556 
0.338173 0.486917 0.495409 
0.399381 0.481561 0.425126 
0.413095 0.40782 0.285587 
0.390589 0.318189 0.150125 
0.341085 0.248258 0.0664318 
0.269908 0.201132 0.0369558 
0.188811 0.162235 0.035003 
0.121955 0.12397 0.0355122 
0.0964695 0.0964611 0.0343083 
0.123899 0.0976401 0.0447386 
0.189671 0.135009 0.08006 
0.261123 0.196196 0.138361 
0.307885 0.255201 0.201014 
0.318228 0.287783 0.243698 
0.300064 0.284104 0.250802 
0.269054 0.251039 0.223506 
0.235672 0.204848 0.177389 
0.201222 0.16072 0.13247 
0.163487 0.126235 0.102905 
0.124485 0.101608 0.0925012 
0.091981 0.083939 0.0967914 
0.0731811 0.0704167 0.107557 
0.0676429 0.0585952 0.116046 
0.0682435 0.04654 0.115308 
0.0703713 0.0351643 0.103616 
0.078092 0.029421 0.0871295 
0.0965575 0.0331523 0.0769785 
0.116558 0.0408081 0.0811406 
0.112801 0.0392003 0.100641 
0.0690378 0.026931 0.138588 
0.0118332 0.0368028 0.214632 
0.0139443 0.131842 0.363807 
0.149192 0.363524 0.609125 
0.430056 0.721002 0.927491 
0.784981 1.11935 1.24468 
1.10069 1.44472 1.47272 
1.29408 1.62102 1.56112 
1.35203 1.64255 1.5181 
1.31252 1.55241 1.38853 
1.21689 1.39723 1.21661 
1.08103 1.20239 1.02811 
0.903895 0.979682 0.837786 
0.694327 0.747294 0.661637 
0.489499 0.540293 0.520179 
0.352106 0.40703 0.437467 
0.344975 0.393536 0.439691 
0.489039 0.515162 0.54303 
0.727383 0.72586 0.726171 
0.932982 0.916552 0.912423 
0.977329 0.967226 0.996871 
0.81987 0.827796 0.914534 
0.54111 0.558676 0.692402 
0.281325 0.285797 0.43058 
0.135894 0.106211 0.225956 
0.102298 0.0319213 0.111936 
0.11872 0.0178502 0.0674661 
0.139256 0.0294066 0.0699858 
0.163748 0.0705417 0.12349 
0.206449 0.151521 0.233816 
0.260357 0.250675 0.372766 
0.305064 0.323665 0.483063 
0.337143 0.345343 0.519706 
0.370755 0.326822 0.477737 
0.403696 0.288135 0.379754 
0.400696 0.229557 0.251525 
0.328018 0.144428 0.122772 
0.201064 0.0533745 0.0420543 
0.0803782 0.0034071 0.0620209 
0.0152487 0.0214645 0.188796 
0.00777615 0.082243 0.352226 
0.0501958 0.144392 0.451357 
0.188765 0.222159 0.447458 
0.515311 0.399007 0.40899 
1.06261 0.743152 0.449827 
1.70465 1.20167 0.613797 
2.18595 1.59242 0.820996 
2.28395 1.72212 0.931009 
1.96909 1.52944 0.860007 
1.4212 1.12423 0.640593 
0.89389 0.695965 0.38017 
0.551239 0.383864 0.174286 
0.405906 0.21893 0.0594898 
0.378923 0.162487 0.0312766 
0.399664 0.177961 0.0839913 
0.456981 0.263498 0.221856 
0.579007 0.429794 0.435584 
0.780242 0.659815 0.678195 
1.02434 0.891748 0.870296 
1.2255 1.03833 0.935096 
1.28546 1.02968 0.840954 
1.14891 0.856625 0.627081 
0.849825 0.590813 0.396844 
0.515832 0.362937 0.275241 
0.312494 0.299268 0.344714 
0.348818 0.447221 0.593228 
0.604176 0.740223 0.912573 
0.934759 1.03412 1.1576 
1.16303 1.19528 1.23088 
1.18626 1.17598 1.13148 
1.0225 1.02073 0.932187 
0.766746 0.807348 0.710243 
0.508363 0.584336 0.497364 
0.287343 0.363173 0.292728 
0.116677 0.16249 0.116471 
