0.952462 0.650114 0.64674 
0.983226 0.782231 0.889257 
0.938559 0.887254 1.13701 
0.818865 0.945806 1.35215 
0.643411 0.940388 1.4912 
0.444962 0.861605 1.51802 
0.260006 0.714346 1.41785 
0.118347 0.520693 1.20616 
0.0358286 0.31708 0.927869 
0.0123162 0.145357 0.645499 
0.0346504 0.0402014 0.41988 
0.0825583 0.0175002 0.290587 
0.13509 0.068712 0.264036 
0.175874 0.164254 0.314413 
0.196367 0.265074 0.397036 
0.196668 0.337533 0.468026 
0.183652 0.364865 0.501324 
0.16684 0.350242 0.495847 
0.153784 0.3112 0.471173 
0.147733 0.269961 0.456105 
0.149483 0.245798 0.477171 
0.162427 0.252839 0.552011 
0.196664 0.30182 0.687882 
0.267611 0.401257 0.88215 
0.388245 0.555098 1.12232 
0.559782 0.758597 1.38662 
0.768618 0.99757 1.64819 
0.994121 1.2543 1.88362 
1.22363 1.51711 2.0809 
1.46406 1.78556 2.23941 
1.74042 2.06542 2.35951 
2.08116 2.35664 2.42951 
2.5013 2.64631 2.42509 
2.99757 2.91752 2.33063 
3.55909 3.17142 2.1736 
4.1817 3.44388 2.0449 
4.86606 3.79375 2.07722 
5.59035 4.25698 2.37736 
6.27263 4.79006 2.94462 
6.75679 5.24571 3.62953 
6.85052 5.41356 4.17359 
6.41154 5.1188 4.32289 
5.43841 4.32713 3.95727 
4.10641 3.18869 3.1576 
2.71334 1.98371 2.16673 
1.55448 0.993514 1.26491 
0.794802 0.371462 0.63617 
0.413899 0.0929873 0.307469 
0.256879 0.0148933 0.193543 
0.157774 0.00292091 0.208309 
0.0557269 0.0411037 0.359344 
0.0296117 0.248074 0.754894 
0.230687 0.78724 1.51459 
0.759561 1.7287 2.64335 
1.5693 2.9542 3.95677 
2.4587 4.17114 5.11716 
3.16183 5.03437 5.77102 
3.47965 5.30849 5.71509 
3.37536 4.97881 4.99832 
2.97939 4.2498 3.90209 
2.50581 3.435 2.80915 
2.13363 2.80253 2.03175 
1.92294 2.46085 1.68874 
1.80949 2.34064 1.68866 
1.6712 2.27022 1.81537 
1.41788 2.09054 1.85792 
1.04711 1.74062 1.71039 
0.637274 1.27119 1.39488 
0.291781 0.793411 1.01212 
0.0783919 0.406845 0.664636 
0.0041359 0.15536 0.404143 
0.0359962 0.031242 0.228006 
0.143428 0.0109736 0.111819 
0.325868 0.087031 0.0438434 
0.604211 0.27005 0.0341271 
0.985474 0.563357 0.0965586 
1.43063 0.934239 0.223973 
1.85199 1.30725 0.378884 
2.14381 1.58657 0.507047 
2.22629 1.69334 0.562926 
2.07731 1.59608 0.529581 
1.73747 1.32051 0.422984 
1.29284 0.939087 0.282793 
0.848578 0.549431 0.157624 
0.504123 0.249112 0.0904841 
0.332253 0.11049 0.105564 
0.361522 0.158929 0.197674 
0.565886 0.362031 0.329772 
0.869637 0.638946 0.445096 
1.17185 0.891142 0.493237 
1.38259 1.04233 0.457724 
1.45304 1.06628 0.366826 
1.38332 0.98663 0.277232 
1.20667 0.850767 0.238532 
0.9645 0.69734 0.261442 
0.692262 0.540484 0.31197 
0.424162 0.379647 0.336111 
0.207349 0.223397 0.297977 
0.105995 0.104474 0.204638 
0.182631 0.0703785 0.100668 
0.462631 0.153259 0.0369918 
0.903707 0.339808 0.0362764 
1.39337 0.563914 0.0787372 
1.78245 0.730934 0.117748 
1.94179 0.76261 0.114945 
1.81593 0.638844 0.0724452 
1.44808 0.41366 0.0417375 
0.964786 0.195855 0.102161 
0.52672 0.102072 0.318375 
0.266529 0.203217 0.69779 
0.239772 0.488898 1.17064 
0.409345 0.867628 1.60653 
0.669614 1.20506 1.86461 
0.898681 1.38424 1.85684 
1.01362 1.35933 1.59338 
1.00159 1.17485 1.18425 
0.912037 0.93915 0.791488 
0.816808 0.765163 0.553045 
0.762965 0.710825 0.517646 
0.746968 0.752714 0.62624 
0.724736 0.807366 0.75094 
0.648993 0.786495 0.769551 
0.508173 0.652422 0.633426 
0.341144 0.441055 0.39102 
0.218632 0.240644 0.156419 
0.203829 0.141464 0.0440422 
0.316859 0.187234 0.108137 
0.523448 0.354978 0.319165 
0.751905 0.570796 0.585131 
0.926088 0.74831 0.800577 
0.995587 0.826868 0.894283 
0.949763 0.791355 0.852855 
0.813536 0.668741 0.714187 
0.631749 0.508623 0.540667 
0.451396 0.360056 0.388832 
0.308276 0.25476 0.289248 
0.220708 0.201365 0.242368 
0.190265 0.190153 0.228247 
0.207837 0.204299 0.223047 
0.261689 0.23161 0.213852 
0.342984 0.270711 0.204899 
0.445286 0.328328 0.212683 
0.558594 0.40939 0.253141 
0.663278 0.506677 0.328612 
0.730733 0.597783 0.422599 
0.733395 0.652769 0.505689 
0.659342 0.648521 0.549037 
0.521769 0.580846 0.53728 
0.355746 0.466645 0.473772 
0.202926 0.33525 0.376537 
0.0931987 0.215051 0.269108 
0.034287 0.123656 0.172235 
0.0143991 0.0659289 0.0998624 
0.0140644 0.038146 0.0586567 
0.0180725 0.0331559 0.0486094 
0.020448 0.0430298 0.0635456 
0.0220311 0.059659 0.0927092 
0.0255905 0.0760294 0.124895 
0.0334984 0.0894619 0.154336 
0.0488792 0.104847 0.184963 
0.0772756 0.134473 0.22969 
0.125755 0.193149 0.304451 
0.199502 0.291159 0.420529 
0.298799 0.429583 0.579928 
0.419049 0.600826 0.776215 
0.553572 0.793332 0.999326 
0.696511 0.996766 1.2405 
0.84354 1.20449 1.49423 
0.990744 1.41287 1.75685 
1.13392 1.61917 2.02309 
1.26962 1.8195 2.28264 
1.39642 2.00658 2.51723 
1.51329 2.16678 2.69907 
1.61406 2.27712 2.79231 
1.68122 2.30565 2.75957 
1.68536 2.21878 2.5744 
1.59438 1.99554 2.23629 
1.39037 1.64338 1.78125 
1.08559 1.20647 1.28078 
0.727297 0.75967 0.826412 
0.386246 0.38809 0.504105 
0.132735 0.159839 0.368473 
0.0109749 0.10386 0.427333 
0.0237954 0.202175 0.642249 
0.134271 0.399045 0.943489 
0.282426 0.621859 1.2521 
0.40855 0.804386 1.50026 
0.472849 0.903631 1.64382 
0.464343 0.90586 1.66525 
0.397666 0.822528 1.56959 
0.301633 0.6804 1.37741 
0.205982 0.51108 1.11833 
0.13201 0.343683 0.826728 
0.0898183 0.201757 0.539193 
0.0811951 0.103149 0.291852 
0.104552 0.0603004 0.116129 
0.157896 0.0789583 0.0325526 
0.237786 0.155163 0.0443623 
0.335486 0.272603 0.134078 
0.434163 0.403562 0.2662 
0.511175 0.515634 0.39712 
0.546629 0.583271 0.48982 
0.534787 0.599454 0.527604 
0.491473 0.580936 0.520192 
0.451104 0.562323 0.498044 
0.452035 0.57971 0.49635 
0.516193 0.650982 0.535922 
0.633932 0.76327 0.610826 
0.763953 0.875602 0.689873 
0.85045 0.936918 0.731864 
0.849516 0.910672 0.706625 
0.75055 0.792645 0.610217 
0.580473 0.611965 0.465867 
0.388511 0.41515 0.310735 
0.221146 0.243352 0.17726 
0.102862 0.117117 0.0810539 
0.034187 0.037719 0.0226133 
0.00673639 0.00271594 0.000471319 
0.0231142 0.0231971 0.0251848 
0.105972 0.128454 0.122404 
0.287783 0.35199 0.320366 
0.586381 0.705776 0.62794 
0.981901 1.1588 1.01679 
1.41117 1.63498 1.4201 
1.78545 2.0347 1.75141 
2.0233 2.27048 1.93544 
2.08134 2.2991 1.93607 
1.96753 2.1345 1.76808 
1.73166 1.83673 1.48798 
1.44071 1.48448 1.16969 
1.15295 1.14589 0.877464 
0.902929 0.860744 0.647712 
0.701025 0.638951 0.485809 
0.542874 0.471419 0.375759 
0.42012 0.344195 0.295391 
0.326176 0.247762 0.228825 
0.256012 0.178445 0.171294 
0.203628 0.134526 0.126556 
0.161695 0.112421 0.101062 
0.125052 0.106882 0.0997872 
0.0956139 0.115117 0.126053 
0.0840059 0.140884 0.183835 
0.104712 0.193863 0.278714 
0.165924 0.282712 0.414639 
0.25981 0.405149 0.587303 
0.36011 0.541698 0.778583 
0.430458 0.658582 0.957068 
0.440369 0.720026 1.08648 
0.380564 0.704186 1.13887 
0.269003 0.614258 1.1061 
0.144205 0.478932 1.00416 
