0.0498687 0.146358 0.252227 
0.160125 0.161997 0.179887 
0.477469 0.373692 0.253354 
1.00365 0.799406 0.540439 
1.55432 1.29989 0.974261 
1.87927 1.66468 1.39245 
1.87603 1.78909 1.67825 
1.65111 1.72773 1.81724 
1.37824 1.57994 1.82265 
1.1322 1.36507 1.65777 
0.872606 1.03467 1.27207 
0.560864 0.592867 0.715205 
0.261361 0.178981 0.196406 
0.120218 0.0126724 0.00189554 
0.242359 0.22906 0.299653 
0.574243 0.729898 0.962937 
0.903172 1.19276 1.57774 
1.00442 1.28422 1.70315 
0.831872 0.937002 1.22803 
0.567011 0.431562 0.500647 
0.446041 0.156968 0.0497047 
0.523117 0.253141 0.118019 
0.630965 0.502399 0.470476 
0.595287 0.593779 0.680295 
0.451971 0.463488 0.578169 
0.394013 0.322235 0.371234 
0.504312 0.356476 0.335248 
0.61639 0.488739 0.484052 
0.508412 0.503018 0.615653 
0.217364 0.373656 0.641134 
0.0760382 0.36372 0.745141 
0.37702 0.730093 1.14777 
1.01443 1.36268 1.75203 
1.51578 1.7976 2.12788 
1.46788 1.63693 1.90118 
0.917051 0.951454 1.14413 
0.347439 0.251179 0.350005 
0.268027 0.05446 0.0154902 
0.804869 0.474027 0.244215 
1.64535 1.18009 0.725555 
2.32307 1.71449 1.05131 
2.55382 1.83764 1.04504 
2.36707 1.63939 0.842032 
2.00685 1.40151 0.725663 
1.74277 1.37948 0.903629 
1.72736 1.65827 1.383 
1.94765 2.13128 1.9846 
2.25952 2.57694 2.4548 
2.47411 2.78111 2.60407 
2.45204 2.64157 2.39675 
2.15851 2.20008 1.94252 
1.66337 1.59892 1.41009 
1.11135 1.01282 0.942326 
0.69013 0.604929 0.631302 
0.592069 0.504163 0.533377 
0.954278 0.77559 0.669722 
1.78882 1.38526 1.00324 
2.93821 2.18948 1.43221 
4.0834 2.96299 1.82203 
4.81998 3.45577 2.05018 
4.81283 3.4749 2.0406 
3.99158 2.98524 1.79403 
2.65529 2.16842 1.40631 
1.34218 1.34671 1.02841 
0.495192 0.776977 0.760155 
0.186025 0.485323 0.575887 
0.156062 0.319432 0.390936 
0.125301 0.167697 0.214735 
0.0373227 0.0864469 0.189941 
0.00193392 0.179959 0.424608 
0.0679248 0.397295 0.801026 
0.143288 0.53304 1.02603 
0.150781 0.45953 0.91558 
0.17819 0.301295 0.598405 
0.393733 0.313546 0.389293 
0.820852 0.593962 0.467435 
1.26097 0.967823 0.722732 
1.4664 1.17276 0.921012 
1.35987 1.11485 0.96457 
1.06493 0.914818 0.949473 
0.757154 0.740165 0.999903 
0.52955 0.649422 1.11324 
0.38727 0.600682 1.18631 
0.308999 0.553558 1.15036 
0.27566 0.517658 1.03962 
0.26237 0.514695 0.935974 
0.241406 0.530946 0.878269 
0.198826 0.519266 0.834223 
0.135241 0.440046 0.749883 
0.0593165 0.307512 0.62813 
0.0039388 0.213404 0.571485 
0.0391695 0.290805 0.732947 
0.21912 0.600991 1.17317 
0.48345 1.01874 1.7292 
0.646171 1.26073 2.05365 
0.553775 1.10367 1.86181 
0.285298 0.620468 1.19674 
0.153865 0.177326 0.443294 
0.442351 0.138628 0.0331689 
1.10641 0.536645 0.0959023 
1.75462 1.03032 0.38302 
1.95232 1.20325 0.529502 
1.57123 0.920195 0.392764 
0.871016 0.420957 0.158465 
0.271298 0.0986669 0.148813 
0.0457844 0.187654 0.534766 
0.181986 0.613465 1.19267 
0.455423 1.07424 1.78401 
0.606387 1.25048 1.97031 
0.501504 1.00518 1.62326 
0.223994 0.482642 0.921441 
0.0566983 0.0556027 0.276386 
0.329004 0.119636 0.105343 
1.17634 0.828811 0.570332 
2.37393 1.95037 1.46019 
3.40865 2.97182 2.31584 
3.78217 3.41031 2.71832 
3.33195 3.10388 2.52966 
2.32205 2.27398 1.92316 
1.24021 1.3353 1.2155 
0.474312 0.622064 0.656565 
0.118893 0.235598 0.328198 
0.0275727 0.0889709 0.186285 
0.0169599 0.0611042 0.166675 
0.0245978 0.108775 0.250304 
0.0999983 0.253289 0.442391 
0.277135 0.484902 0.704168 
0.482437 0.70222 0.918627 
0.584104 0.765664 0.943704 
0.537658 0.62851 0.726833 
0.474039 0.419809 0.385578 
0.6178 0.378021 0.164931 
1.08318 0.663368 0.274516 
1.7271 1.2002 0.721037 
2.20875 1.69707 1.27813 
2.22833 1.8472 1.6334 
1.75202 1.55004 1.60048 
1.03614 0.972176 1.22641 
0.439979 0.409592 0.722618 
0.1942 0.0839752 0.302879 
0.303976 0.0381318 0.0689423 
0.622154 0.178663 0.00672174 
0.986491 0.384858 0.0489912 
1.30225 0.582004 0.132724 
1.54005 0.74638 0.221107 
1.69613 0.87271 0.297793 
1.76784 0.946107 0.348782 
1.75707 0.941356 0.351052 
1.67979 0.84679 0.286677 
1.55611 0.685226 0.172544 
1.38474 0.502312 0.063081 
1.14172 0.332038 0.00667097 
0.833511 0.188725 0.00340683 
0.562928 0.105834 0.0244891 
0.511206 0.163622 0.0724695 
0.800537 0.434581 0.193078 
1.34639 0.877167 0.405561 
1.86403 1.30388 0.637089 
2.05787 1.49344 0.759436 
1.82893 1.35428 0.700705 
1.31373 0.979303 0.506129 
0.746686 0.551124 0.284469 
0.306219 0.213712 0.114925 
0.0736915 0.0310056 0.0199114 
0.075437 0.0221074 0.00431323 
0.30317 0.18091 0.0769667 
0.688642 0.449484 0.216628 
1.10514 0.711146 0.343929 
1.44085 0.857119 0.367001 
1.68108 0.877306 0.271612 
1.90206 0.874326 0.156881 
2.17078 0.973344 0.167161 
2.45279 1.21114 0.379332 
2.6228 1.50608 0.745857 
2.56312 1.72309 1.13052 
2.25048 1.76064 1.38909 
1.76004 1.5912 1.43115 
1.20821 1.25306 1.24424 
0.700764 0.829588 0.894105 
0.315801 0.429007 0.503097 
0.0987263 0.149038 0.196974 
0.0478275 0.0292226 0.0385718 
0.10684 0.0298187 0.00050178 
0.189972 0.0665667 0.00690512 
0.229933 0.075301 0.00593432 
0.210126 0.0481289 0.00189439 
0.15759 0.0157575 0.0235591 
0.111176 0.0065703 0.0760594 
0.0944186 0.0258916 0.132824 
0.107306 0.0642284 0.168465 
0.133291 0.112753 0.188266 
0.153401 0.169257 0.224446 
0.159724 0.237421 0.312668 
0.159949 0.327463 0.478535 
0.171517 0.45955 0.744342 
0.216365 0.667313 1.14196 
0.32408 0.994191 1.70807 
0.527497 1.46651 2.44396 
0.826921 2.03673 3.24863 
1.14101 2.53655 3.88196 
1.31526 2.71891 4.03703 
1.23347 2.41908 3.5331 
0.957153 1.72946 2.50254 
0.730787 1.00187 1.37868 
0.784836 0.608094 0.626582 
1.09458 0.639183 0.412603 
1.35856 0.837618 0.514775 
1.26998 0.857244 0.571801 
0.832246 0.606554 0.431983 
0.384634 0.326797 0.25915 
0.29187 0.330428 0.312437 
0.610344 0.684493 0.658241 
1.06527 1.16362 1.11506 
1.33143 1.48361 1.44609 
1.3012 1.53436 1.55131 
1.08737 1.38507 1.4661 
0.832029 1.1295 1.23859 
0.577695 0.798672 0.885214 
0.317545 0.426375 0.474699 
0.0972277 0.129229 0.188443 
0.004075 0.0536754 0.225026 
0.0636513 0.239918 0.628023 
0.202528 0.582063 1.23815 
0.346461 0.950093 1.83778 
0.530667 1.32874 2.32894 
0.862762 1.79422 2.74598 
1.35702 2.34556 3.10413 
1.83453 2.79736 3.28391 
2.0337 2.88877 3.10894 
1.84321 2.51884 2.54086 
1.4187 1.86241 1.76761 
1.05232 1.23571 1.07432 
0.916727 0.841339 0.626997 
0.931169 0.642651 0.391637 
0.87077 0.476147 0.257786 
0.604693 0.271689 0.218734 
0.24229 0.160785 0.414728 
0.0687003 0.379169 0.998879 
0.335955 1.05905 1.95718 
1.07283 2.08235 3.04016 
2.03724 3.09795 3.85659 
2.82985 3.68748 4.06439 
3.09955 3.58305 3.55023 
2.72954 2.81805 2.50439 
1.89909 1.7193 1.33961 
0.976916 0.729179 0.476913 
0.306282 0.157923 0.116083 
0.0252068 0.0332379 0.150955 
0.0453404 0.154847 0.302887 
0.184486 0.297054 0.366748 
0.319537 0.375886 0.355125 
