1.57533 2.61172 3.26336 
1.61556 2.54645 3.15184 
1.32975 2.03639 2.56705 
0.905904 1.33748 1.81443 
0.536586 0.721976 1.20305 
0.307281 0.337876 0.881742 
0.194783 0.174946 0.793787 
0.145168 0.134118 0.764261 
0.144172 0.130315 0.648622 
0.222973 0.154047 0.439144 
0.413358 0.261663 0.262946 
0.704954 0.514942 0.281455 
1.03968 0.916522 0.565446 
1.3384 1.38339 1.03206 
1.53331 1.77504 1.48458 
1.58597 1.95918 1.72434 
1.48851 1.8752 1.65818 
1.25866 1.55886 1.33511 
0.938646 1.11927 0.900179 
0.595402 0.686431 0.506291 
0.307043 0.357555 0.241506 
0.128903 0.165384 0.110152 
0.0607466 0.0822944 0.0695822 
0.0506558 0.0573293 0.0883715 
0.0412695 0.0583732 0.173063 
0.0161407 0.0813977 0.332625 
5.12064e-05 0.120576 0.514115 
0.022086 0.145208 0.594696 
0.096393 0.133076 0.478402 
0.245321 0.137219 0.226221 
0.517719 0.292706 0.0693954 
0.946757 0.709657 0.239979 
1.47647 1.3346 0.748467 
1.95674 1.9373 1.33384 
2.24909 2.27469 1.66623 
2.34731 2.28854 1.62286 
2.37148 2.13359 1.36708 
2.42222 2.00084 1.15678 
2.4487 1.92095 1.08786 
2.28582 1.75591 1.03626 
1.83442 1.38055 0.83837 
1.19565 0.851236 0.498599 
0.614175 0.382269 0.205126 
0.285314 0.163231 0.15597 
0.216284 0.209641 0.389074 
0.262218 0.382602 0.776158 
0.276294 0.527802 1.15145 
0.21877 0.581189 1.42435 
0.142264 0.558249 1.58097 
0.107234 0.480797 1.61757 
0.134137 0.344949 1.50759 
0.233101 0.162976 1.24021 
0.457707 0.0172542 0.874719 
0.905108 0.0487232 0.536567 
1.64227 0.370216 0.345681 
2.61304 0.971002 0.338775 
3.6059 1.69306 0.455944 
4.32292 2.30593 0.605871 
4.51906 2.63302 0.755983 
4.12943 2.64388 0.969703 
3.30318 2.44911 1.35087 
2.32012 2.20373 1.92938 
1.44463 1.99308 2.57878 
0.814215 1.7905 3.04763 
0.429506 1.51871 3.10538 
0.228121 1.15538 2.70401 
0.159913 0.77974 2.02479 
0.199065 0.510537 1.36061 
0.309316 0.395372 0.922449 
0.431466 0.366715 0.728187 
0.523807 0.313802 0.656784 
0.603965 0.19497 0.595295 
0.724217 0.069994 0.527963 
0.893845 0.0224009 0.496129 
1.04125 0.0654954 0.503414 
1.07337 0.137154 0.487992 
0.97178 0.177519 0.388724 
0.81401 0.19112 0.219466 
0.698313 0.231162 0.0691339 
0.668067 0.346634 0.0400329 
0.719092 0.558563 0.190026 
0.847627 0.8589 0.503154 
1.03876 1.1834 0.87032 
1.1995 1.37984 1.09732 
1.16436 1.26803 1.00092 
0.845489 0.814084 0.582961 
0.398953 0.266679 0.130009 
0.191407 0.0594916 0.0727284 
0.529756 0.490527 0.650331 
1.38183 1.44639 1.66278 
2.35804 2.4428 2.56758 
2.98033 2.96544 2.86842 
2.99977 2.81649 2.46268 
2.51143 2.19013 1.66171 
1.82799 1.46991 0.910781 
1.26425 0.962717 0.482324 
0.990275 0.766409 0.37429 
0.999776 0.800041 0.418887 
1.16037 0.907896 0.449373 
1.30288 0.954201 0.393761 
1.31222 0.877358 0.272155 
1.17782 0.698746 0.143719 
0.978023 0.490931 0.0540214 
0.818642 0.328482 0.0123029 
0.773483 0.253766 0.00314185 
0.855205 0.269506 0.0114942 
1.01294 0.344946 0.0327498 
1.15145 0.426942 0.0638276 
1.17737 0.464511 0.098826 
1.05999 0.444998 0.142485 
0.860154 0.410095 0.219059 
0.690442 0.423582 0.349898 
0.632222 0.51257 0.516043 
0.681409 0.639976 0.653941 
0.764598 0.73472 0.699798 
0.796558 0.742992 0.637382 
0.724009 0.649871 0.498033 
0.539909 0.470098 0.323417 
0.290193 0.245916 0.148526 
0.0760248 0.0607459 0.0262134 
0.0176152 0.0240944 0.0407144 
0.166769 0.195389 0.25273 
0.431792 0.499196 0.607778 
0.611426 0.737019 0.917871 
0.550524 0.730288 0.980155 
0.293612 0.48568 0.75077 
0.0769849 0.216204 0.405063 
0.135107 0.169423 0.202888 
0.484946 0.406947 0.268945 
0.89379 0.74402 0.493432 
1.06994 0.911212 0.645924 
0.901288 0.784237 0.585511 
0.525007 0.467262 0.363622 
0.183183 0.170522 0.139797 
0.0211197 0.0238475 0.0224324 
0.0124383 0.00541328 7.04673e-05 
0.0441069 0.0217685 0.00628332 
0.0428306 0.0243316 0.0182177 
0.0195364 0.0418188 0.0779518 
0.0199846 0.120752 0.230222 
0.0588681 0.256485 0.455805 
0.104919 0.384625 0.667138 
0.117134 0.430916 0.763764 
0.0862508 0.368722 0.698777 
0.041467 0.236987 0.508464 
0.0196587 0.107604 0.28599 
0.0293313 0.0311596 0.118181 
0.0464861 0.00826112 0.0349703 
0.0457295 0.00929706 0.0128834 
0.0282952 0.0138783 0.0199794 
0.0127645 0.0212536 0.0450971 
0.00999516 0.0292696 0.0823654 
0.0374329 0.0353284 0.114447 
0.173516 0.0877508 0.149619 
0.56447 0.32189 0.281583 
1.30815 0.884006 0.667308 
2.28421 1.76006 1.38384 
3.1192 2.67549 2.28271 
3.39194 3.21692 3.01543 
2.94424 3.11825 3.25442 
2.02074 2.46544 2.92726 
1.09691 1.62797 2.25217 
0.541913 0.97946 1.55289 
0.405804 0.65895 1.03503 
0.481142 0.559296 0.713471 
0.531298 0.500003 0.507719 
0.463406 0.394542 0.369645 
0.330318 0.278563 0.319576 
0.22226 0.224347 0.389608 
0.177171 0.254724 0.560106 
0.173756 0.329935 0.755271 
0.177678 0.392624 0.89008 
0.180516 0.413966 0.918758 
0.202189 0.404808 0.849305 
0.267316 0.395726 0.725045 
0.380004 0.409661 0.594904 
0.513764 0.446125 0.491379 
0.620341 0.482313 0.422524 
0.651982 0.48666 0.375437 
0.586806 0.437199 0.327179 
0.445404 0.337268 0.260108 
0.288312 0.22094 0.176471 
0.189758 0.141125 0.102721 
0.195562 0.140374 0.0756556 
0.289022 0.219269 0.115217 
0.394342 0.328558 0.204723 
0.427697 0.401616 0.30068 
0.366094 0.411301 0.372164 
0.276755 0.404518 0.438529 
0.270115 0.473757 0.56455 
0.404001 0.675358 0.802628 
0.62027 0.960206 1.1239 
0.778284 1.18612 1.40478 
0.764435 1.21503 1.49752 
0.581435 1.01696 1.33683 
0.336517 0.689113 0.99126 
0.146091 0.375293 0.611182 
0.0552013 0.165001 0.319923 
0.0451704 0.0647192 0.147339 
0.0999904 0.0511124 0.0578435 
0.23927 0.129133 0.0276011 
0.475786 0.324153 0.0827293 
0.757112 0.625055 0.264543 
0.978468 0.957895 0.571714 
1.07047 1.23258 0.947118 
1.06951 1.4147 1.31711 
1.08678 1.54107 1.63166 
1.19902 1.66051 1.86375 
1.36873 1.76489 1.9833 
1.47048 1.78359 1.95061 
1.39322 1.64429 1.74362 
1.1227 1.33739 1.38847 
0.743159 0.929014 0.959377 
0.377713 0.524172 0.549176 
0.125889 0.219447 0.237991 
0.0324263 0.0728797 0.0767576 
0.0834802 0.0906655 0.0787485 
0.217862 0.224718 0.210848 
0.352604 0.387464 0.394708 
0.421039 0.489415 0.533552 
0.404269 0.483358 0.558552 
0.331516 0.383844 0.463506 
0.247809 0.246347 0.30027 
0.177936 0.125062 0.140023 
0.119171 0.0456477 0.0337107 
0.0655294 0.0107783 0.000145072 
0.0331555 0.0218358 0.0390052 
0.0548148 0.0858293 0.14258 
0.144705 0.197658 0.289159 
0.269808 0.321081 0.431196 
0.362907 0.399208 0.506085 
0.372136 0.394781 0.475163 
0.301956 0.322974 0.358706 
0.205037 0.239407 0.226936 
0.13313 0.19031 0.146746 
0.0970128 0.174301 0.132259 
0.0736272 0.155662 0.148036 
0.0452011 0.113054 0.159241 
0.0216938 0.0677913 0.1718 
0.0226924 0.0593588 0.217308 
0.0460792 0.0970725 0.301375 
0.065152 0.14407 0.377293 
0.0576452 0.15197 0.379522 
0.0297314 0.107536 0.285149 
0.00641766 0.0427476 0.141194 
0.00324626 0.00344526 0.0316816 
0.0152247 0.0134013 0.0165069 
0.0324104 0.0652542 0.0935152 
0.0558906 0.134073 0.206339 
0.0908212 0.191576 0.283031 
0.128191 0.213449 0.277738 
