0.689483 0.263028 
1.11047 0.600683 
1.50882 0.990197 
1.83561 1.36056 
2.1291 1.72171 
2.45158 2.13258 
2.77816 2.59369 
2.94737 2.9655 
2.74535 3.00891 
2.08687 2.55301 
1.15561 1.67489 
0.361942 0.727859 
0.100166 0.147089 
0.465369 0.152618 
1.16242 0.590288 
1.70666 1.05924 
1.76765 1.22489 
1.37516 1.04584 
0.831251 0.731681 
0.437121 0.508606 
0.286967 0.433427 
0.277376 0.408093 
0.263417 0.327997 
0.188292 0.18882 
0.0920476 0.0642424 
0.0402071 0.0160425 
0.0617154 0.0429863 
0.137451 0.101451 
0.223036 0.151574 
0.278413 0.179452 
0.291343 0.192182 
0.287226 0.208949 
0.315146 0.256686 
0.410302 0.357712 
0.555045 0.503196 
0.672012 0.633491 
0.666845 0.658359 
0.501344 0.522609 
0.246187 0.273285 
0.0641593 0.0634099 
0.119159 0.0677969 
0.46515 0.361917 
0.993277 0.855256 
1.47922 1.33376 
1.704 1.58344 
1.57348 1.51076 
1.16576 1.18464 
0.681416 0.78202 
0.330257 0.479111 
0.227596 0.361367 
0.365782 0.408812 
0.667152 0.555084 
1.05708 0.757881 
1.48697 1.01316 
1.90147 1.30855 
2.21053 1.57889 
2.31572 1.72177 
2.16744 1.66024 
1.79201 1.39053 
1.27095 0.98033 
0.713446 0.54043 
0.250791 0.199636 
0.022303 0.0749629 
0.114883 0.219242 
0.489972 0.574319 
0.983308 0.988516 
1.40542 1.30736 
1.65958 1.464 
1.76825 1.48815 
1.79834 1.43911 
1.7815 1.34736 
1.71383 1.22401 
1.61314 1.10584 
1.54543 1.06072 
1.57899 1.13334 
1.71517 1.28852 
1.87151 1.41816 
1.93526 1.41386 
1.83958 1.24819 
1.60587 1.00528 
1.33222 0.8427 
1.14227 0.905632 
1.11975 1.23606 
1.25731 1.72751 
1.45082 2.16431 
1.5556 2.33904 
1.47837 2.17966 
1.23944 1.79177 
0.950058 1.37366 
0.717498 1.06475 
0.56061 0.853541 
0.417499 0.628952 
0.24296 0.33311 
0.0996769 0.0730084 
0.140818 0.0733704 
0.48132 0.49348 
1.06977 1.26261 
1.68524 2.08463 
2.07359 2.61847 
2.11097 2.68968 
1.86289 2.36979 
1.50828 1.88494 
1.21318 1.45574 
1.05975 1.19966 
1.06247 1.1396 
1.22212 1.26343 
1.55277 1.55822 
2.0595 1.99497 
2.69125 2.49453 
3.30905 2.91668 
3.7002 3.09019 
3.64832 2.87636 
3.04414 2.24493 
1.9912 1.33453 
0.839007 0.461095 
0.0861365 0.0392713 
0.15814 0.412187 
1.16063 1.64986 
2.76882 3.43802 
4.36142 5.16656 
5.33989 6.208 
5.42132 6.2254 
4.709 5.30734 
3.53527 3.85632 
2.25275 2.34567 
1.13555 1.12715 
0.379897 0.36908 
0.0849757 0.07308 
0.181332 0.103983 
0.421227 0.245183 
0.52848 0.313278 
0.415843 0.280659 
0.253957 0.287899 
0.299032 0.504298 
0.636572 0.952174 
1.09034 1.4621 
1.37446 1.7994 
1.32754 1.83522 
1.01506 1.61037 
0.642948 1.26592 
0.396511 0.936152 
0.339204 0.693722 
0.410485 0.54982 
0.485411 0.468108 
0.454833 0.3843 
0.297417 0.251476 
0.102545 0.0940898 
0.0102973 0.0086526 
0.101205 0.085394 
0.333222 0.318939 
0.589596 0.604361 
0.785529 0.82573 
0.919509 0.942067 
1.02759 0.987904 
1.11359 1.01015 
1.1399 1.02142 
1.07092 1.00283 
0.901866 0.924345 
0.652681 0.760287 
0.370363 0.517957 
0.155171 0.279053 
0.151939 0.195673 
0.459229 0.396096 
1.01798 0.860547 
1.60377 1.3947 
1.95941 1.74955 
1.95739 1.78552 
1.64997 1.53367 
1.18568 1.12227 
0.701184 0.674378 
0.290747 0.283313 
0.0394377 0.0507389 
0.0287994 0.0864215 
0.275092 0.425172 
0.66755 0.942438 
1.00008 1.38527 
1.09739 1.52684 
0.930562 1.31846 
0.619269 0.905247 
0.325364 0.499554 
0.139489 0.232743 
0.052722 0.105923 
0.0142079 0.0525085 
0.00167308 0.0294071 
0.0370314 0.050927 
0.142654 0.149139 
0.291152 0.312314 
0.405972 0.467126 
0.420628 0.527558 
0.343944 0.470118 
0.264667 0.364556 
0.281495 0.323795 
0.416698 0.41017 
0.590371 0.578272 
0.67823 0.704873 
0.604857 0.683156 
0.402531 0.509664 
0.200559 0.30277 
0.157002 0.24016 
0.369631 0.450343 
0.808609 0.919246 
1.31112 1.47241 
1.65769 1.85933 
1.69965 1.90161 
1.45452 1.60762 
1.09114 1.16367 
0.808664 0.802497 
0.707823 0.653938 
0.757659 0.694634 
0.86385 0.81396 
0.950418 0.90837 
0.97996 0.919594 
0.929983 0.823616 
0.789703 0.629943 
0.589233 0.402525 
0.406837 0.249208 
0.319006 0.250925 
0.335776 0.387238 
0.391416 0.540448 
0.401576 0.584265 
0.329921 0.477176 
0.208174 0.283653 
0.107324 0.121525 
0.0951609 0.0901968 
0.207151 0.226095 
0.432243 0.492656 
0.707363 0.79236 
0.926832 0.996742 
0.981664 0.999193 
0.824724 0.779155 
0.519019 0.434464 
0.214447 0.136103 
0.0501951 0.0166106 
0.0582063 0.0775987 
0.156282 0.20321 
0.235231 0.269966 
0.250252 0.245979 
0.23147 0.188362 
0.223307 0.160588 
0.231791 0.16866 
0.230417 0.174155 
0.200877 0.148748 
0.156926 0.102779 
0.13322 0.0686941 
0.159588 0.0717238 
0.244496 0.118582 
0.373618 0.202897 
0.518082 0.311423 
0.646255 0.425444 
0.734046 0.522794 
0.769956 0.584117 
