0.32483 0.192991 
0.179519 0.121145 
0.035763 0.0677316 
0.116944 0.189322 
0.495458 0.50986 
0.991529 0.852005 
1.30033 0.97088 
1.23916 0.77403 
0.885193 0.40892 
0.484162 0.127531 
0.234831 0.0650459 
0.158333 0.15046 
0.149308 0.218203 
0.11652 0.182004 
0.0574272 0.0905585 
0.0170443 0.0356979 
0.012879 0.0417949 
0.0196182 0.0588508 
0.0129271 0.0432629 
0.0011861 0.0142636 
0.00515269 0.0216925 
0.0221145 0.075602 
0.0304045 0.128262 
0.0330972 0.128437 
0.0836603 0.0818261 
0.251585 0.0493851 
0.553119 0.0879427 
0.913449 0.196156 
1.19901 0.315125 
1.29551 0.37498 
1.17218 0.342107 
0.89162 0.234126 
0.56973 0.104506 
0.319895 0.0179059 
0.213025 0.0311416 
0.264513 0.179955 
0.441575 0.466122 
0.679737 0.845537 
0.901554 1.22705 
1.0357 1.49351 
1.03571 1.54582 
0.894972 1.3527 
0.651863 0.976132 
0.378898 0.550318 
0.155737 0.218911 
0.0360054 0.0660751 
0.0266696 0.085582 
0.0957055 0.208004 
0.205013 0.363387 
0.342647 0.528911 
0.524384 0.723759 
0.760072 0.959859 
1.01569 1.19786 
1.21158 1.35377 
1.26636 1.35431 
1.15281 1.19218 
0.91914 0.932679 
0.660019 0.668454 
0.464125 0.464778 
0.378259 0.339062 
0.404955 0.280532 
0.520316 0.28046 
0.690153 0.342516 
0.875972 0.46942 
1.03748 0.64514 
1.13988 0.83204 
1.16519 0.985959 
1.11983 1.07736 
1.03188 1.1043 
0.939716 1.09108 
0.878297 1.07546 
0.867245 1.09027 
0.900389 1.14378 
0.939358 1.20549 
0.923338 1.21142 
0.805106 1.10019 
0.597905 0.86677 
0.389236 0.58955 
0.288627 0.390727 
0.336542 0.345259 
0.455967 0.414274 
0.506516 0.47263 
0.406078 0.416559 
0.209937 0.255439 
0.0690413 0.102041 
0.103244 0.0726848 
0.304754 0.191688 
0.550894 0.379772 
0.699454 0.520173 
0.677679 0.535396 
0.507273 0.422541 
0.275863 0.244952 
0.0921185 0.099952 
0.0419615 0.0731309 
0.149292 0.189776 
0.359389 0.393582 
0.569691 0.581733 
0.697734 0.679483 
0.731272 0.689635 
0.713095 0.667698 
0.678392 0.64895 
0.614914 0.607581 
0.490763 0.49402 
0.315568 0.307824 
0.158663 0.12057 
0.0941962 0.0171982 
0.127852 0.0161819 
0.18656 0.0552952 
0.188343 0.0602019 
0.122958 0.023909 
0.059844 0.0135581 
0.0746519 0.0985819 
0.170165 0.276396 
0.27285 0.471883 
0.308402 0.608535 
0.280616 0.677584 
0.276913 0.738826 
0.396128 0.858024 
0.663678 1.04279 
1.00274 1.22989 
1.27683 1.32474 
1.36677 1.25701 
1.23245 1.01924 
0.929532 0.675438 
0.576982 0.336564 
0.293347 0.10756 
0.137515 0.030233 
0.0924508 0.0634514 
0.102381 0.12347 
0.129478 0.154813 
0.177906 0.168226 
0.266539 0.211468 
0.385368 0.306493 
0.486129 0.419253 
0.517465 0.489647 
0.465932 0.484436 
0.361564 0.418139 
0.248721 0.329414 
0.156851 0.247217 
0.0954273 0.180475 
0.06398 0.129286 
0.056533 0.095096 
0.0586668 0.0811758 
0.0522853 0.0934725 
0.0325167 0.146194 
0.0193093 0.259135 
0.0460705 0.437347 
0.13238 0.649306 
0.266808 0.832123 
0.415795 0.929007 
0.548327 0.928991 
0.653666 0.873456 
0.739985 0.824756 
0.818459 0.823871 
0.884578 0.866021 
0.908704 0.903594 
0.846895 0.871455 
0.674064 0.726071 
0.419653 0.482251 
0.170086 0.219728 
0.0212343 0.041374 
0.0125558 0.00510255 
0.102712 0.085858 
0.212955 0.20485 
0.296179 0.298526 
0.361506 0.358521 
0.433422 0.406975 
0.498144 0.444572 
0.503198 0.436764 
0.412911 0.354235 
0.256497 0.217084 
0.112753 0.0880323 
0.0454552 0.0202798 
0.0549974 0.0162919 
0.0902226 0.0374285 
0.100512 0.0465851 
0.0741154 0.0363816 
0.0336111 0.021339 
0.00584181 0.0142686 
0.000809292 0.0157499 
0.013773 0.0211559 
0.0392646 0.0302005 
0.0811049 0.0502188 
0.152919 0.0974484 
0.269896 0.196566 
0.432253 0.366747 
0.606935 0.591094 
0.726908 0.795988 
0.725198 0.878019 
0.589583 0.777511 
0.38959 0.539467 
0.236843 0.29489 
0.200393 0.164347 
0.252154 0.167155 
0.298091 0.221603 
0.267563 0.232925 
0.173468 0.179032 
0.0875979 0.113394 
0.0647597 0.0961018 
0.0964945 0.133412 
0.133021 0.182289 
0.136819 0.199566 
0.108942 0.17703 
0.0726529 0.134989 
0.0456747 0.0958092 
0.0311187 0.0685073 
0.0252639 0.050891 
0.0248469 0.0379343 
0.028524 0.0292265 
0.0387816 0.034372 
0.0642606 0.070716 
0.114092 0.14756 
0.184049 0.246623 
0.24934 0.32189 
0.277243 0.328811 
0.252161 0.261093 
0.189618 0.159276 
0.124239 0.0791194 
0.0827307 0.0477157 
0.0700133 0.0501932 
0.0853333 0.0623842 
0.152365 0.0983963 
0.324007 0.220253 
0.638915 0.485772 
1.05747 0.871739 
1.44185 1.24647 
1.62025 1.4345 
1.49944 1.3342 
1.13476 0.992865 
0.694876 0.573614 
0.348927 0.242431 
0.169119 0.0703542 
0.118983 0.0226499 
0.116427 0.0226274 
0.103613 0.0196124 
0.0703319 0.0075966 
0.0334181 0.000598361 
0.00946355 0.00582125 
0.00587535 0.0197941 
0.024118 0.0376746 
0.0583763 0.0552667 
0.0896172 0.0628438 
0.0914167 0.0482674 
0.0544094 0.017117 
0.00905308 0.00976048 
0.0159287 0.0857604 
0.119316 0.274348 
0.300931 0.531188 
0.480589 0.748952 
0.571238 0.825345 
0.543066 0.735933 
