1.03711 0.89938 
1.44415 1.22339 
1.87673 1.53955 
2.22551 1.75703 
2.41118 1.8185 
2.41252 1.72478 
2.26603 1.53086 
2.04042 1.31622 
1.80329 1.14778 
1.59875 1.05665 
1.44457 1.03827 
1.34242 1.0693 
1.28743 1.12449 
1.2681 1.18124 
1.26 1.21357 
1.225 1.1882 
1.12441 1.07415 
0.941434 0.863465 
0.697021 0.587645 
0.444522 0.312715 
0.242734 0.110311 
0.123966 0.0208355 
0.0790168 0.0332122 
0.0694876 0.0957016 
0.0577177 0.150501 
0.0315796 0.167906 
0.00614566 0.15694 
0.00315007 0.147725 
0.0269918 0.162023 
0.0581238 0.195755 
0.0692815 0.2256 
0.0499839 0.23125 
0.017113 0.212616 
0.00101155 0.187155 
0.018054 0.171023 
0.0537871 0.16267 
0.073621 0.145819 
0.0554801 0.111489 
0.0189629 0.0805135 
0.0252888 0.104679 
0.143121 0.239973 
0.401623 0.507759 
0.763351 0.871086 
1.13671 1.24438 
1.42052 1.53212 
1.55199 1.67265 
1.52975 1.66165 
1.40291 1.54494 
1.24025 1.39102 
1.10235 1.26284 
1.03027 1.20281 
1.04686 1.23058 
1.15749 1.34406 
1.34241 1.51646 
1.54731 1.69246 
1.68717 1.79436 
1.67326 1.74558 
1.45568 1.50656 
1.05908 1.10555 
0.588159 0.644597 
0.194367 0.271954 
0.0172822 0.12916 
0.128414 0.295521 
0.503981 0.754941 
1.03783 1.4 
1.58573 2.07097 
2.01877 2.61201 
2.26218 2.9199 
2.30595 2.96637 
2.18844 2.78855 
1.96632 2.45785 
1.68805 2.04633 
1.38272 1.60722 
1.06551 1.1747 
0.750938 0.775567 
0.462065 0.438864 
0.228604 0.194304 
0.0755257 0.060473 
0.0106375 0.0326972 
0.019813 0.0809689 
0.0729827 0.161213 
0.137156 0.234117 
0.189471 0.281471 
0.224809 0.312538 
0.256317 0.359058 
0.309777 0.462239 
0.413167 0.656171 
0.582838 0.951372 
0.809753 1.32242 
1.0523 1.7052 
1.2429 2.00902 
1.3107 2.14403 
1.21304 2.05561 
0.96063 1.75027 
0.621105 1.29888 
0.295787 0.812839 
0.0789751 0.403293 
0.0194479 0.142144 
0.103102 0.0424862 
0.264298 0.0648767 
0.418654 0.142849 
0.500243 0.213369 
0.486048 0.238803 
0.398627 0.213805 
0.288846 0.158171 
0.208668 0.101565 
0.186884 0.0674059 
0.2181 0.0622994 
0.269146 0.0750357 
0.299207 0.0853766 
0.283443 0.0780901 
0.227531 0.0541779 
0.164717 0.0318401 
0.13637 0.0354201 
0.166922 0.078554 
0.24822 0.152569 
0.343152 0.228741 
0.406657 0.274211 
0.411231 0.271942 
0.361354 0.231983 
0.288892 0.186865 
0.234126 0.174473 
0.225784 0.219611 
0.272321 0.325227 
0.367147 0.476577 
0.500096 0.652489 
0.664022 0.834236 
0.851225 1.00645 
1.04418 1.15233 
1.21084 1.25034 
1.31165 1.27827 
1.31627 1.22355 
1.21948 1.09286 
1.04573 0.91361 
0.838943 0.725189 
0.644313 0.565221 
0.493342 0.45897 
0.399442 0.416924 
0.362972 0.438959 
0.378081 0.518878 
0.434476 0.644205 
0.513899 0.791922 
0.587703 0.926377 
0.622498 1.00589 
0.594571 0.998732 
0.505411 0.901152 
0.387145 0.745841 
0.291365 0.592867 
0.265073 0.504706 
0.326337 0.517036 
0.453477 0.620654 
0.594264 0.764694 
0.690219 0.879911 
0.702862 0.910036 
0.628441 0.835233 
0.494907 0.676676 
0.344943 0.481967 
0.215647 0.301066 
0.125643 0.166092 
0.074637 0.084288 
0.0528102 0.0447764 
0.0524047 0.0321373 
0.0739844 0.0374591 
0.124295 0.0610754 
0.208325 0.107501 
0.321569 0.177826 
0.447818 0.265332 
0.563976 0.356853 
0.648994 0.438291 
0.691869 0.500455 
0.694766 0.542118 
0.670545 0.569493 
0.637025 0.593297 
0.611264 0.624962 
0.605895 0.672915 
0.627492 0.739249 
0.6758 0.817374 
0.743103 0.891892 
0.814301 0.941776 
0.869016 0.946644 
0.886361 0.894008 
0.851315 0.784347 
0.760254 0.631625 
0.623083 0.459142 
0.460863 0.292773 
0.299814 0.154517 
0.164014 0.0583704 
0.0693329 0.008901 
0.020341 0.00175947 
0.010678 0.0253308 
0.0263515 0.0633738 
0.0507321 0.0987989 
0.0696908 0.118203 
0.0753326 0.115786 
0.0672061 0.094807 
0.0507576 0.0654689 
0.033887 0.0398717 
0.0232551 0.0263446 
0.0219965 0.0259599 
0.0296573 0.0329297 
0.0439275 0.0384968 
0.0628229 0.0360903 
0.0859048 0.0249756 
0.113925 0.0106327 
0.147389 0.00198581 
0.185239 0.00724222 
0.224688 0.0305907 
0.262374 0.0711828 
0.296007 0.124312 
0.325224 0.183497 
0.350903 0.241983 
0.373215 0.293038 
0.38973 0.329619 
0.395093 0.344671 
0.382941 0.332906 
0.349351 0.293674 
0.295983 0.233316 
0.230943 0.165047 
0.16651 0.105467 
0.114529 0.0686112 
0.0816757 0.060141 
0.0670004 0.0746749 
0.0630641 0.0979883 
0.060115 0.113428 
0.0511344 0.109596 
0.0351139 0.0854831 
0.0168833 0.0503843 
0.00369802 0.0185907 
0.0005759 0.00166487 
0.00706277 0.00246014 
0.0173026 0.0141446 
0.0234385 0.0247599 
0.0205138 0.0248089 
0.0102213 0.0137298 
0.00148836 0.0017748 
0.00757937 0.00633188 
0.04115 0.0446201 
0.109559 0.126363 
0.212373 0.249722 
0.341746 0.401874 
0.485007 0.563362 
0.628038 0.713916 
0.758087 0.837397 
0.865297 0.924502 
0.943058 0.973185 
0.987779 0.987653 
0.998824 0.977078 
0.979045 0.954802 
0.935769 0.938051 
0.881387 0.947385 
0.832289 1.00445 
