0.251407 0.529277 0.909681 
0.208105 0.530049 0.906256 
0.22131 0.497169 0.822163 
0.271051 0.424145 0.68297 
0.322687 0.314681 0.528559 
0.348022 0.187601 0.398876 
0.341185 0.0746548 0.318953 
0.322625 0.0132028 0.293111 
0.333238 0.0399272 0.314819 
0.424595 0.189037 0.387513 
0.648289 0.491098 0.540195 
1.04226 0.964018 0.820014 
1.61118 1.59209 1.25704 
2.30453 2.30123 1.81781 
3.00487 2.94986 2.37964 
3.54223 3.35436 2.75365 
3.74184 3.35217 2.75951 
3.49398 2.88152 2.32222 
2.81767 2.03931 1.54031 
1.8842 1.08047 0.681725 
0.980235 0.34639 0.0968197 
0.416533 0.144345 0.0805748 
0.415821 0.626903 0.745247 
1.02642 1.72463 1.96309 
2.09949 3.1634 3.40709 
3.34063 4.56023 4.67217 
4.41411 5.55683 5.42294 
5.05589 5.93564 5.50502 
5.15036 5.67382 4.97743 
4.74481 4.92131 4.06182 
4.00483 3.92191 3.03995 
3.1376 2.91741 2.14861 
2.31887 2.07468 1.51358 
1.65043 1.45812 1.14035 
1.15612 1.04616 0.95144 
0.806429 0.772643 0.84322 
0.553358 0.569389 0.733603 
0.359358 0.393659 0.584598 
0.212993 0.236954 0.400165 
0.132571 0.121426 0.211551 
0.162419 0.0922717 0.0636075 
0.364619 0.209695 0.00786903 
0.805023 0.537456 0.0981275 
1.53081 1.12271 0.379391 
2.54059 1.96683 0.865844 
3.75579 2.99691 1.51497 
5.00909 4.05563 2.21506 
6.06529 4.92553 2.80294 
6.67932 5.3898 3.11478 
6.67705 5.31095 3.052 
6.02769 4.69269 2.62961 
4.87191 3.69131 1.97783 
3.48476 2.56384 1.28996 
2.18205 1.57206 0.740017 
1.20874 0.886392 0.412376 
0.66038 0.536726 0.281424 
0.474804 0.433368 0.251041 
0.495919 0.443661 0.229239 
0.573573 0.479423 0.192565 
0.64451 0.545179 0.201395 
0.751055 0.720928 0.357217 
0.990477 1.09208 0.728309 
1.42809 1.67034 1.28927 
2.02782 2.35452 1.91154 
2.64287 2.95644 2.41173 
3.07377 3.27942 2.63148 
3.16162 3.20719 2.50574 
2.86543 2.75646 2.08574 
2.28275 2.06841 1.5099 
1.60531 1.34739 0.943351 
1.03585 0.780377 0.518664 
0.708578 0.474714 0.301761 
0.648446 0.435989 0.288291 
0.780287 0.585613 0.420262 
0.974933 0.802131 0.60988 
1.1068 0.967083 0.764123 
1.09916 1.00163 0.809786 
0.943525 0.886502 0.71718 
0.690898 0.661569 0.513749 
0.421871 0.404803 0.275966 
0.20877 0.196725 0.0962906 
0.0859308 0.0846996 0.0382005 
0.0415355 0.0647867 0.104033 
0.0345778 0.0916312 0.236072 
0.0267032 0.110668 0.351415 
0.00899495 0.0923106 0.389171 
0.00613023 0.0461172 0.340738 
0.0550298 0.00691609 0.246551 
0.172898 0.00482341 0.165966 
0.337498 0.0420327 0.143406 
0.494154 0.0927949 0.191968 
0.585026 0.124473 0.299056 
0.580654 0.12175 0.441839 
0.493111 0.0951839 0.596827 
0.3641 0.0691522 0.738282 
0.238911 0.0608297 0.833603 
0.144951 0.067845 0.847653 
0.0870736 0.0736422 0.759157 
0.0577007 0.0645051 0.579182 
0.0496345 0.0432414 0.356427 
0.0605597 0.0283244 0.161547 
0.0878375 0.0396539 0.0572413 
0.121338 0.0825285 0.0708891 
0.143283 0.14203 0.184883 
0.137292 0.191441 0.348323 
0.100374 0.208041 0.501405 
0.0484074 0.185364 0.598729 
0.00986713 0.134777 0.621598 
0.0106145 0.0771522 0.577637 
0.0586039 0.0313086 0.492417 
0.13761 0.00650894 0.399185 
0.213915 0.00231799 0.330348 
0.252716 0.0140981 0.311284 
0.235847 0.039386 0.355665 
0.171703 0.0806515 0.461979 
0.0922192 0.142763 0.61221 
0.0384013 0.227078 0.774312 
0.041796 0.326458 0.909509 
0.111337 0.425185 0.983501 
0.231797 0.504732 0.978095 
0.373437 0.552344 0.898156 
0.506383 0.567111 0.769788 
0.611618 0.559708 0.62975 
0.683963 0.546359 0.511282 
0.72827 0.541672 0.434265 
0.75372 0.555348 0.405081 
0.770279 0.593818 0.424613 
0.787432 0.662849 0.496333 
0.812292 0.765709 0.625829 
0.845241 0.895656 0.810057 
0.875299 1.02836 1.02446 
0.880525 1.12323 1.22084 
0.836903 1.13833 1.34342 
0.732727 1.05317 1.35698 
0.579407 0.885054 1.26945 
0.409632 0.685499 1.13144 
0.261658 0.515072 1.00882 
0.159036 0.410532 0.943606 
0.100154 0.365696 0.928556 
0.0660782 0.339949 0.913552 
0.0415203 0.289598 0.840577 
0.0322811 0.200409 0.684049 
0.0632109 0.0978093 0.468964 
0.154944 0.0269941 0.255031 
0.295758 0.0176637 0.0992497 
0.432536 0.0604279 0.0242912 
0.494077 0.113873 0.0143534 
0.43661 0.138107 0.0383587 
0.282152 0.129605 0.0795903 
0.120571 0.129776 0.147189 
0.068121 0.19853 0.260875 
0.20444 0.370263 0.422707 
0.525969 0.623492 0.600458 
0.944511 0.886118 0.737936 
1.33127 1.07316 0.785919 
1.57899 1.1316 0.731124 
1.64624 1.06387 0.602372 
1.56311 0.918513 0.450983 
1.40335 0.759466 0.32147 
1.24604 0.637045 0.233843 
1.14892 0.576746 0.186985 
1.14023 0.584679 0.174627 
1.22111 0.655877 0.19634 
1.36698 0.773807 0.252846 
1.52606 0.902613 0.331107 
1.62348 0.985291 0.395959 
1.58118 0.960019 0.401765 
1.35284 0.793189 0.321894 
0.95855 0.511967 0.178183 
0.497693 0.214068 0.0490293 
0.126501 0.0428292 0.0463986 
0.00525411 0.135042 0.270691 
0.236944 0.56479 0.765554 
0.824506 1.30913 1.49445 
1.66475 2.25014 2.34862 
2.57992 3.21051 3.18044 
3.37226 4.00604 3.84623 
3.88011 4.4948 4.24212 
4.01718 4.60783 4.32314 
3.78583 4.35609 4.10428 
3.26539 3.81676 3.64806 
2.58302 3.10699 3.04474 
1.87789 2.35361 2.39112 
1.26844 1.66645 1.772 
0.830275 1.12035 1.24767 
0.588345 0.748444 0.848997 
0.523023 0.546398 0.580386 
0.586054 0.484353 0.428187 
0.719869 0.521568 0.370675 
0.873758 0.618506 0.385441 
1.01261 0.74304 0.451842 
1.11753 0.870567 0.548992 
1.18097 0.980652 0.652406 
1.20068 1.05403 0.733153 
1.17584 1.07287 0.762023 
1.10672 1.02463 0.718143 
0.996605 0.907543 0.598564 
0.853733 0.734274 0.423905 
0.691315 0.531228 0.236246 
0.525375 0.332856 0.0885174 
0.371386 0.172726 0.0283688 
0.241204 0.0744705 0.0821821 
0.141338 0.0457708 0.245283 
0.0727352 0.0772969 0.482281 
0.0316672 0.146711 0.737674 
0.0113022 0.226178 0.952907 
0.00373949 0.290798 1.08368 
0.00235671 0.325299 1.11141 
0.00403033 0.327047 1.04523 
0.0104227 0.304845 0.91506 
0.027538 0.274463 0.759399 
0.0633814 0.252911 0.613277 
0.124559 0.253658 0.500595 
0.213375 0.28421 0.432369 
0.326834 0.346145 0.409431 
0.457878 0.43653 0.426561 
0.597764 0.549191 0.47539 
0.737736 0.674915 0.545263 
0.868689 0.800813 0.623087 
0.979259 0.910186 0.694012 
1.05457 0.984499 0.744139 
1.07838 1.00818 0.764808 
1.03982 0.975186 0.756569 
0.94253 0.894603 0.730446 
0.811215 0.791712 0.70497 
0.689996 0.70237 0.699317 
0.630134 0.661256 0.724922 
0.670308 0.688072 0.779142 
0.817845 0.777713 0.844172 
1.04056 0.899631 0.892406 
1.27486 1.00776 0.896499 
1.44793 1.05741 0.840009 
1.5045 1.02175 0.723955 
1.42604 0.900892 0.56648 
1.2339 0.71963 0.396013 
0.976206 0.516029 0.24126 
0.706388 0.326725 0.122484 
0.464452 0.176006 0.0473847 
0.269658 0.0729354 0.0124197 
0.125893 0.0162635 0.00804004 
0.0337997 0.00282141 0.0249263 
0.00029454 0.0336193 0.0583182 
0.038334 0.113493 0.108534 
0.156373 0.244118 0.177475 
0.344118 0.414552 0.262893 
0.564706 0.595886 0.353734 
0.760904 0.745297 0.429999 
0.875154 0.819976 0.468614 
0.874501 0.795261 0.453317 
0.76697 0.677518 0.383553 
0.599216 0.503799 0.276969 
