0.805199 1.01664 1.85437 
0.909242 0.673799 0.908418 
0.974096 0.485644 0.242855 
1.07413 0.61811 0.183486 
1.15939 0.986907 0.694063 
1.06676 1.27605 1.3609 
0.713781 1.20164 1.69719 
0.261061 0.772048 1.50359 
0.0406928 0.285701 0.969267 
0.292872 0.0707208 0.456317 
0.951847 0.216761 0.198625 
1.67066 0.53107 0.178259 
2.05392 0.723536 0.233595 
1.91028 0.637586 0.246277 
1.35498 0.346851 0.231001 
0.717405 0.0729917 0.278824 
0.326926 0.00945823 0.434451 
0.31586 0.185529 0.626966 
0.573008 0.470214 0.720463 
0.883282 0.712315 0.648542 
1.13422 0.893759 0.510877 
1.39448 1.14277 0.520051 
1.78207 1.57543 0.815767 
2.25896 2.11589 1.30824 
2.58215 2.49281 1.7141 
2.48808 2.44493 1.77445 
1.94015 1.95226 1.46275 
1.19647 1.27493 0.996821 
0.633366 0.768684 0.661238 
0.490669 0.650554 0.615633 
0.750367 0.903543 0.841362 
1.20671 1.35013 1.21679 
1.62091 1.78318 1.60561 
1.83217 2.04837 1.88767 
1.78786 2.06832 1.96427 
1.52958 1.85091 1.79195 
1.16814 1.4952 1.43193 
0.84854 1.16828 1.05136 
0.701964 1.03942 0.847057 
0.800433 1.20064 0.936549 
1.13348 1.61871 1.29004 
1.61021 2.14079 1.7403 
2.08188 2.54815 2.05727 
2.3872 2.64346 2.05266 
2.42086 2.34908 1.67781 
2.19946 1.77347 1.07399 
1.87434 1.19267 0.535645 
1.65845 0.927679 0.380625 
1.69624 1.17003 0.782913 
1.96229 1.86094 1.66456 
2.269 2.7104 2.72039 
2.39008 3.35411 3.56794 
2.21865 3.55221 3.93416 
1.84823 3.30573 3.77009 
1.51797 2.82494 3.23674 
1.46017 2.3833 2.58875 
1.75319 2.15828 2.03752 
2.27299 2.15439 1.67158 
2.76611 2.239 1.46232 
2.99142 2.24888 1.32705 
2.84334 2.09177 1.19623 
2.39078 1.78674 1.04658 
1.82326 1.43816 0.900035 
1.35017 1.17943 0.811871 
1.11373 1.1219 0.857983 
1.14538 1.31247 1.1008 
1.35842 1.68889 1.51819 
1.5691 2.05536 1.93988 
1.56527 2.14129 2.0867 
1.23104 1.76828 1.75307 
0.664605 1.02925 1.01948 
0.170384 0.303 0.283446 
0.0718056 0.022006 0.00916824 
0.459199 0.34124 0.361345 
1.08863 0.99214 1.04472 
1.54354 1.47437 1.5206 
1.53654 1.43721 1.43253 
1.09926 0.930433 0.88108 
0.518473 0.334482 0.336013 
0.108078 0.0688191 0.297888 
0.0214648 0.333587 0.996174 
0.221618 1.04586 2.30581 
0.565753 1.93753 3.85053 
0.897228 2.69305 5.1663 
1.09226 3.05597 5.8521 
1.07974 2.90388 5.69975 
0.860753 2.29402 4.78001 
0.519921 1.45091 3.42584 
0.201553 0.674344 2.08693 
0.041766 0.199297 1.12115 
0.0853243 0.0841539 0.645211 
0.245271 0.198214 0.53232 
0.354794 0.324462 0.547583 
0.297793 0.317192 0.523784 
0.122224 0.203614 0.456422 
0.0240566 0.14541 0.456781 
0.18848 0.284828 0.613138 
0.61532 0.607573 0.888415 
1.09213 0.949776 1.14891 
1.35441 1.14535 1.2918 
1.29994 1.17604 1.34148 
1.07281 1.18541 1.41936 
0.948565 1.34831 1.62093 
1.11958 1.71467 1.91921 
1.55119 2.1557 2.17506 
2.01118 2.44544 2.23136 
2.24047 2.40972 2.01069 
2.1341 2.03929 1.55788 
1.80064 1.49562 1.01674 
1.46295 1.00718 0.557763 
1.28818 0.726491 0.289783 
1.29202 0.65304 0.20617 
1.39425 0.682464 0.210399 
1.55999 0.737979 0.210764 
1.87663 0.861128 0.20613 
2.4767 1.16994 0.279834 
3.36947 1.71562 0.499929 
4.34025 2.37031 0.818221 
5.02399 2.85892 1.07063 
5.10968 2.92389 1.09087 
4.52436 2.49679 0.843287 
3.46771 1.74569 0.459684 
2.28844 0.968619 0.147855 
1.30217 0.419378 0.0479438 
0.667416 0.187911 0.149954 
0.370917 0.19835 0.325721 
0.293599 0.296548 0.433498 
0.295922 0.350487 0.407747 
0.279136 0.305188 0.278597 
0.212206 0.183151 0.130693 
0.130513 0.0543591 0.0482303 
0.111572 0.000544912 0.0821816 
0.232625 0.08402 0.243933 
0.523892 0.323127 0.510516 
0.940338 0.678486 0.829402 
1.37051 1.05778 1.12336 
1.68127 1.34335 1.30375 
1.77502 1.43607 1.29776 
1.62816 1.2977 1.08338 
1.294 0.972132 0.714888 
0.876803 0.574924 0.319823 
0.495432 0.253648 0.0590587 
0.247202 0.130084 0.0591081 
0.174097 0.242825 0.343715 
0.241581 0.518816 0.804274 
0.352597 0.802529 1.24119 
0.404371 0.94134 1.46838 
0.353767 0.875809 1.41824 
0.236147 0.664899 1.16786 
0.120992 0.425333 0.864131 
0.0513812 0.242799 0.614698 
0.0276805 0.134877 0.439819 
0.0384194 0.0825025 0.310732 
0.0844404 0.07216 0.209833 
0.1603 0.0951293 0.141278 
0.225427 0.122016 0.0993841 
0.221573 0.110174 0.059278 
0.134247 0.052741 0.0143093 
0.028755 0.00752953 0.00582745 
0.00800077 0.0532623 0.0871362 
0.126085 0.207482 0.248726 
0.344894 0.396757 0.396141 
0.576699 0.520664 0.424604 
0.767009 0.55064 0.325448 
0.937497 0.567778 0.217461 
1.15661 0.70626 0.269521 
1.47361 1.05601 0.584162 
1.87238 1.6014 1.13588 
2.27148 2.22722 1.7941 
2.55933 2.7702 2.39079 
2.64051 3.08034 2.78155 
2.47387 3.07082 2.8822 
2.09094 2.74681 2.68661 
1.58736 2.204 2.26677 
1.0882 1.59158 1.74633 
0.699734 1.05175 1.25026 
0.470065 0.665725 0.855458 
0.378981 0.435778 0.573035 
0.362009 0.310443 0.370871 
0.352616 0.230979 0.214759 
0.315346 0.165841 0.0949893 
0.251376 0.113894 0.0222197 
0.180176 0.0839159 0.00408719 
0.117441 0.0741505 0.0275326 
0.0669942 0.0696542 0.0621638 
0.0279246 0.0556948 0.0794556 
0.00436686 0.0313182 0.0699934 
0.00541773 0.00920301 0.0448729 
0.0344487 0.00211432 0.0221169 
0.0791411 0.00949055 0.0118027 
0.114724 0.0180167 0.0135797 
0.12066 0.0159956 0.0263848 
0.0961379 0.00586765 0.0554442 
0.0587942 0.000232902 0.104114 
0.0282159 0.00624084 0.159055 
0.0126302 0.0190083 0.191986 
0.012282 0.0340153 0.185261 
0.030953 0.061265 0.155049 
0.0772453 0.117694 0.139895 
0.154659 0.204091 0.16277 
0.25971 0.301864 0.216049 
0.397416 0.40651 0.299141 
0.59225 0.560872 0.466574 
0.866357 0.832204 0.808435 
1.19508 1.23276 1.34862 
1.4892 1.65957 1.95298 
1.6372 1.93038 2.36188 
1.57842 1.90276 2.35295 
1.34125 1.57621 1.9049 
1.01527 1.08885 1.21869 
0.691124 0.619715 0.578464 
0.423166 0.28541 0.17326 
0.230197 0.105228 0.0174052 
0.109703 0.0345952 0.00476581 
0.0459512 0.0189512 0.0230803 
0.0196629 0.028978 0.0323225 
0.0259198 0.0670869 0.0650412 
0.0804442 0.148842 0.169771 
0.193709 0.269978 0.348379 
0.333896 0.384826 0.534404 
0.428998 0.425313 0.630973 
0.422519 0.355733 0.582124 
0.329061 0.212376 0.417927 
0.223786 0.0794274 0.230179 
0.170475 0.0169565 0.0992582 
0.166478 0.0145279 0.0424542 
0.166343 0.0207914 0.0306451 
0.153701 0.014164 0.044317 
0.172642 0.0312237 0.0980909 
0.276925 0.118058 0.205313 
0.453097 0.26061 0.330661 
0.607356 0.376836 0.396845 
0.637827 0.385464 0.34902 
0.522712 0.282065 0.211325 
0.339898 0.145975 0.0741988 
0.204103 0.0735406 0.0219978 
0.183159 0.102711 0.0683852 
0.262475 0.193 0.154034 
0.372617 0.266706 0.200065 
0.442565 0.267431 0.167273 
0.435716 0.192037 0.0797969 
0.356105 0.0860335 0.00926045 
0.238235 0.0190076 0.0401848 
0.133856 0.056984 0.235237 
0.0956534 0.236522 0.606757 
0.154409 0.542347 1.09857 
0.297828 0.899005 1.5891 
0.469062 1.19129 1.92737 
0.594091 1.31418 1.99668 
0.623565 1.22747 1.77491 
0.559357 0.977789 1.35031 
