0.493663 0.728507 1.01386 
0.773832 1.00256 1.26359 
0.847028 1.02491 1.29077 
0.604257 0.740686 1.08193 
0.233623 0.325929 0.75136 
0.0572003 0.0598382 0.478637 
0.245576 0.106295 0.390336 
0.683928 0.400096 0.48008 
1.11559 0.746711 0.650865 
1.40785 1.03316 0.843554 
1.66674 1.33123 1.1097 
2.09928 1.79182 1.53947 
2.78773 2.45634 2.12469 
3.60502 3.18872 2.71864 
4.31723 3.77891 3.14011 
4.72601 4.08032 3.29967 
4.71765 4.04248 3.21353 
4.24429 3.65812 2.91955 
3.33769 2.94327 2.42426 
2.16594 1.99285 1.75002 
1.0345 1.02326 1.00927 
0.264514 0.305878 0.392854 
0.0175793 0.0175618 0.0612714 
0.208192 0.133236 0.0390134 
0.573617 0.451842 0.208235 
0.839282 0.728451 0.398894 
0.858139 0.80764 0.49216 
0.648515 0.675136 0.462418 
0.340261 0.422047 0.350688 
0.0877237 0.172124 0.214843 
0.00133687 0.0233733 0.0999868 
0.116464 0.0219011 0.0352374 
0.393532 0.158768 0.0364679 
0.739295 0.379347 0.101613 
1.04305 0.605107 0.207178 
1.21801 0.766059 0.318696 
1.22955 0.828053 0.409422 
1.09529 0.796088 0.468733 
0.862913 0.695029 0.494811 
0.588338 0.551001 0.487506 
0.3292 0.391602 0.455551 
0.144988 0.255824 0.427966 
0.0864546 0.190187 0.44661 
0.174534 0.225556 0.536424 
0.389065 0.356598 0.680173 
0.682077 0.547572 0.827049 
1.00472 0.76031 0.932073 
1.32235 0.97542 0.989723 
1.60679 1.1852 1.02813 
1.82198 1.3692 1.06973 
1.92629 1.48465 1.10011 
1.89485 1.48856 1.07903 
1.73957 1.37177 0.981625 
1.50627 1.17029 0.825092 
1.25416 0.94446 0.655306 
1.04005 0.750655 0.514464 
0.912495 0.628012 0.423873 
0.896051 0.590745 0.383295 
0.958405 0.610103 0.366349 
0.998433 0.607122 0.319687 
0.900665 0.497732 0.201619 
0.634078 0.278251 0.0531612 
0.300082 0.0635349 0.0183784 
0.0626877 0.00776709 0.24421 
0.0148565 0.161775 0.721515 
0.110002 0.409999 1.23159 
0.21926 0.560972 1.48492 
0.243695 0.506324 1.34408 
0.173251 0.300145 0.931012 
0.0675309 0.105809 0.534177 
0.0104774 0.0801806 0.410245 
0.0723981 0.281413 0.630539 
0.266048 0.629276 1.04559 
0.507462 0.926072 1.36481 
0.646127 0.960987 1.32477 
0.591301 0.676458 0.881816 
0.436088 0.274164 0.298714 
0.430984 0.125609 0.0128986 
0.786426 0.508611 0.339343 
1.46752 1.37474 1.23241 
2.17242 2.34914 2.30217 
2.52178 2.96186 3.06013 
2.30672 2.92378 3.19092 
1.61737 2.26496 2.68095 
0.787311 1.29376 1.79084 
0.209705 0.440056 0.937575 
0.130472 0.0572847 0.521614 
0.522093 0.251536 0.726354 
1.10875 0.824136 1.39046 
1.53749 1.38986 2.08312 
1.59013 1.61848 2.38067 
1.29083 1.43146 2.14845 
0.842043 1.007 1.5974 
0.458736 0.606987 1.07854 
0.238764 0.384179 0.808266 
0.150543 0.317923 0.752913 
0.109607 0.292068 0.728031 
0.0606081 0.216469 0.583642 
0.0101047 0.0950238 0.319134 
0.0112834 0.0169952 0.0755516 
0.125987 0.100784 0.0473358 
0.381268 0.41992 0.367897 
0.73265 0.933509 1.00559 
1.05781 1.46082 1.72168 
1.20581 1.74809 2.15647 
1.09106 1.6225 2.04373 
0.767703 1.13468 1.42265 
0.41108 0.557784 0.65785 
0.20066 0.210037 0.204322 
0.19355 0.229111 0.2825 
0.29979 0.489499 0.73406 
0.381441 0.733498 1.18014 
0.378477 0.790227 1.33106 
0.340459 0.682696 1.17093 
0.343548 0.54577 0.882838 
0.391215 0.465728 0.635167 
0.406905 0.410759 0.454079 
0.321618 0.304407 0.279157 
0.158284 0.141198 0.0985777 
0.0254816 0.0160751 0.000645753 
0.0328223 0.0457087 0.0948702 
0.212287 0.268174 0.397413 
0.504283 0.609108 0.795064 
0.794852 0.923908 1.10855 
0.962949 1.06982 1.19162 
0.925869 0.971094 1.00168 
0.687273 0.663562 0.621421 
0.360372 0.296542 0.230157 
0.117809 0.0629778 0.0230975 
0.0748664 0.0770492 0.102038 
0.199324 0.288633 0.406031 
0.343436 0.519858 0.746711 
0.380614 0.604813 0.933379 
0.31842 0.512059 0.891312 
0.279954 0.346091 0.684403 
0.378379 0.241564 0.442075 
0.609159 0.255478 0.264459 
0.853997 0.343332 0.175187 
0.979892 0.418984 0.138582 
0.94316 0.438298 0.117891 
0.821828 0.446572 0.13554 
0.760721 0.558323 0.288313 
0.868066 0.872828 0.683123 
1.13056 1.37312 1.31933 
1.40895 1.89007 2.0171 
1.52765 2.18554 2.48616 
1.39784 2.11032 2.51154 
1.0772 1.71058 2.10642 
0.720503 1.18968 1.49448 
0.475042 0.765997 0.94365 
0.416855 0.560513 0.61328 
0.56105 0.594661 0.538159 
0.888902 0.845309 0.704684 
1.33156 1.2555 1.08273 
1.73795 1.69286 1.57079 
1.91067 1.9527 1.96171 
1.72815 1.8688 2.03692 
1.25391 1.45206 1.73428 
0.713806 0.908482 1.21557 
0.341712 0.493394 0.743475 
0.22473 0.32704 0.477679 
0.2774 0.336515 0.383162 
0.346728 0.359633 0.320717 
0.336596 0.294771 0.205679 
0.249083 0.161337 0.0749518 
0.139148 0.0448379 0.0208445 
0.0535575 0.00771938 0.0856221 
0.0106851 0.0514909 0.225945 
0.0145085 0.140657 0.362867 
0.0636611 0.239603 0.447754 
0.141642 0.323384 0.47911 
0.211407 0.369762 0.472435 
0.234598 0.359758 0.43097 
0.200273 0.29179 0.348616 
0.131602 0.189502 0.231968 
0.0640249 0.0899523 0.110851 
0.0197154 0.0229802 0.0259318 
0.00146046 4.97625e-05 0.00626246 
0.00340809 0.0166451 0.0538872 
0.0227953 0.0597654 0.142754 
0.0641449 0.114025 0.230492 
0.135642 0.166025 0.277846 
0.239065 0.20799 0.268602 
0.360081 0.241241 0.221911 
0.470954 0.278456 0.188587 
0.546581 0.338319 0.225121 
0.576633 0.427483 0.352353 
0.562035 0.523067 0.528841 
0.509631 0.583211 0.673153 
0.441595 0.588944 0.728448 
0.405015 0.574786 0.709538 
0.454053 0.605233 0.680295 
0.615152 0.718829 0.687612 
0.880788 0.90933 0.733262 
1.24276 1.16674 0.814677 
1.7108 1.51297 0.967953 
2.27008 1.96504 1.23677 
2.82012 2.45937 1.59223 
3.18721 2.84085 1.90689 
3.22902 2.95474 2.03182 
2.93724 2.75807 1.90583 
2.43728 2.34241 1.59286 
1.89302 1.85923 1.22733 
1.41549 1.43211 0.934231 
1.04758 1.12582 0.785896 
0.802801 0.962487 0.796925 
0.692093 0.936749 0.930911 
0.710222 1.01208 1.11204 
0.810507 1.11978 1.25118 
0.907789 1.18048 1.28213 
0.917149 1.13902 1.18652 
0.801806 0.987984 0.991894 
0.595619 0.764873 0.749283 
0.381774 0.527502 0.508053 
0.236591 0.323415 0.30158 
0.174371 0.170841 0.146946 
0.140733 0.0641262 0.0545985 
0.0771992 0.00484757 0.0406528 
0.0174446 0.0377805 0.132309 
0.121549 0.25138 0.356024 
0.579193 0.715575 0.705721 
1.42751 1.38636 1.10883 
2.43734 2.06206 1.42637 
3.19661 2.45962 1.51089 
3.35638 2.38114 1.2978 
2.8537 1.84913 0.863077 
1.93948 1.10101 0.394402 
1.00524 0.446624 0.0886504 
0.356089 0.097022 0.0460874 
0.0872173 0.0791144 0.228975 
0.111922 0.27021 0.500533 
0.277539 0.502746 0.709014 
0.471447 0.660728 0.763839 
0.656367 0.71558 0.665279 
0.837376 0.699166 0.480922 
1.00977 0.652387 0.293856 
1.13882 0.593738 0.15952 
1.18119 0.521876 0.0921551 
1.11589 0.432372 0.0756546 
0.953104 0.326835 0.0837009 
0.724339 0.214871 0.100402 
0.474014 0.117356 0.133681 
0.253592 0.0640148 0.207873 
0.105063 0.0744178 0.333337 
0.0397688 0.136615 0.480733 
0.0374123 0.212699 0.594258 
0.0685104 0.271011 0.637235 
0.111497 0.307428 0.621278 
0.149876 0.333551 0.588376 
0.174872 0.358567 0.573221 
0.208435 0.39394 0.587824 
