0.507419 0.422166 0.34579 
0.411754 0.38689 0.374608 
0.279049 0.325226 0.367822 
0.125595 0.239104 0.315164 
0.0729702 0.224865 0.27789 
0.300043 0.441357 0.38449 
0.875712 0.964073 0.724056 
1.60027 1.62756 1.20031 
2.05723 2.0512 1.5219 
1.91371 1.90982 1.41356 
1.23045 1.24045 0.886974 
0.468388 0.476537 0.291563 
0.142051 0.13344 0.054928 
0.422837 0.418637 0.345658 
1.05507 1.1251 0.984173 
1.63618 1.87855 1.66789 
1.95911 2.4579 2.24705 
2.09189 2.87139 2.75729 
2.17674 3.17113 3.21315 
2.21753 3.27411 3.44559 
2.09069 3.01805 3.20913 
1.73507 2.38292 2.4614 
1.27991 1.60632 1.50059 
0.96073 1.03571 0.779542 
0.92182 0.853951 0.553817 
1.12174 0.956196 0.699855 
1.42635 1.09583 0.871306 
1.75644 1.13448 0.827909 
2.10672 1.13285 0.616094 
2.42294 1.20481 0.451976 
2.51636 1.32123 0.46482 
2.17623 1.30383 0.581689 
1.41353 1.03215 0.656376 
0.578399 0.634818 0.670503 
0.171075 0.429723 0.76185 
0.461564 0.637172 1.03915 
1.25003 1.1437 1.39493 
2.00071 1.56663 1.54687 
2.24966 1.57978 1.29783 
1.94207 1.20288 0.762271 
1.42741 0.788858 0.320974 
1.14512 0.723816 0.323877 
1.27941 1.10659 0.800565 
1.65 1.67461 1.43141 
1.88996 2.02012 1.8014 
1.74506 1.9093 1.72439 
1.26556 1.45578 1.38136 
0.762565 1.02783 1.17359 
0.573999 0.968591 1.40937 
0.816938 1.3402 2.06053 
1.30797 1.87954 2.76768 
1.70414 2.19299 3.0869 
1.74665 2.03616 2.79201 
1.41735 1.46639 2.01067 
0.905617 0.768806 1.1102 
0.445701 0.241255 0.443077 
0.171042 0.0158664 0.150548 
0.0787789 0.0306086 0.14355 
0.0857243 0.126766 0.227114 
0.102365 0.171264 0.247349 
0.0796309 0.126898 0.168496 
0.0270137 0.0556261 0.0650684 
0.00571362 0.0720582 0.060265 
0.0888486 0.267816 0.245781 
0.298108 0.638472 0.616306 
0.563332 1.06136 1.05586 
0.752087 1.35517 1.39566 
0.759167 1.39142 1.51405 
0.584637 1.1766 1.40867 
0.332885 0.841043 1.18741 
0.13537 0.547689 0.990959 
0.0651148 0.396871 0.911758 
0.10831 0.393608 0.96421 
0.198843 0.480046 1.10673 
0.271047 0.586192 1.27722 
0.288771 0.65848 1.41304 
0.246439 0.664708 1.45956 
0.161974 0.595663 1.38398 
0.0724554 0.47094 1.1933 
0.0242487 0.335742 0.936729 
0.0494808 0.237579 0.680429 
0.139872 0.194609 0.469766 
0.242067 0.182891 0.310067 
0.28735 0.158219 0.182604 
0.240253 0.0981377 0.0805947 
0.129469 0.0279044 0.0291116 
0.0314832 0.00252805 0.0639302 
0.0128235 0.0541243 0.18301 
0.0754931 0.151115 0.319131 
0.15505 0.214762 0.374858 
0.177656 0.188269 0.304371 
0.125286 0.0956502 0.168131 
0.0463639 0.0260026 0.0940726 
0.00249323 0.0492212 0.164443 
0.00838147 0.144578 0.331661 
0.0277235 0.218095 0.452365 
0.0243516 0.194891 0.415782 
0.00761947 0.0934237 0.244949 
0.0224187 0.0082771 0.0747713 
0.100041 0.0242905 0.0343888 
0.22667 0.149772 0.149597 
0.359045 0.324622 0.345501 
0.462984 0.478223 0.522685 
0.534494 0.57505 0.623124 
0.592455 0.619137 0.640518 
0.660062 0.63535 0.597043 
0.74984 0.652452 0.525212 
0.853653 0.691936 0.461825 
0.941475 0.759333 0.439559 
0.979931 0.846164 0.475971 
0.966895 0.94925 0.575429 
0.950367 1.08973 0.744302 
0.999622 1.30074 0.994364 
1.14024 1.58045 1.31625 
1.30997 1.85221 1.64414 
1.3845 1.98163 1.8568 
1.26187 1.85367 1.83407 
0.940319 1.45572 1.53483 
0.529657 0.902707 1.0372 
0.191989 0.385439 0.509175 
0.0579233 0.0793346 0.130034 
0.170977 0.0702968 0.0123187 
0.482556 0.332393 0.164727 
0.886958 0.756079 0.504756 
1.27152 1.20311 0.904399 
1.55881 1.56053 1.24356 
1.72577 1.77308 1.44956 
1.7951 1.84512 1.51019 
1.80648 1.81634 1.4595 
1.78479 1.72757 1.34726 
1.72297 1.59605 1.2096 
1.58869 1.41252 1.05577 
1.35136 1.15929 0.875314 
1.01602 0.837079 0.658127 
0.645144 0.484663 0.414371 
0.352775 0.180822 0.184769 
0.267958 0.0278942 0.0403364 
0.479438 0.122222 0.0731166 
0.983306 0.515222 0.372156 
1.65624 1.16922 0.975025 
2.27445 1.92661 1.80452 
2.58972 2.53002 2.63717 
2.4475 2.72056 3.16155 
1.88958 2.38352 3.13101 
1.16335 1.64584 2.52405 
0.602634 0.832769 1.58584 
0.440355 0.288404 0.697982 
0.680024 0.180098 0.160843 
1.11754 0.42717 0.0457977 
1.48791 0.793011 0.211161 
1.61925 1.05078 0.439054 
1.49091 1.09547 0.57125 
1.18787 0.94798 0.55921 
0.820289 0.692161 0.435424 
0.474291 0.415364 0.263663 
0.2053 0.184234 0.107318 
0.0458066 0.0417804 0.0147564 
0.00398727 0.00344284 0.00713936 
0.0556498 0.0499072 0.0681938 
0.146156 0.1303 0.148546 
0.211565 0.185083 0.192317 
0.210673 0.180895 0.176362 
0.14774 0.135609 0.137753 
0.0693028 0.113226 0.165557 
0.0357624 0.186763 0.352791 
0.0858183 0.390306 0.733084 
0.215322 0.690376 1.24191 
0.381425 0.994655 1.72993 
0.528379 1.19363 2.02465 
0.619258 1.21249 2.00817 
0.650766 1.04445 1.67109 
0.63658 0.747063 1.11733 
0.576174 0.411355 0.525541 
0.454874 0.138299 0.0990503 
0.297659 0.0441779 0.0300985 
0.223051 0.26306 0.465387 
0.401401 0.886138 1.43735 
0.900954 1.84044 2.77201 
1.55415 2.82137 4.06775 
2.01806 3.41055 4.84385 
2.03773 3.35529 4.82011 
1.69236 2.78987 4.12209 
1.37241 2.17256 3.2104 
1.47436 1.95252 2.55747 
2.07678 2.24099 2.33285 
2.88277 2.76482 2.35525 
3.45815 3.11519 2.31649 
3.53405 3.04791 2.04364 
3.13051 2.59363 1.57932 
2.46277 1.95493 1.07577 
1.77315 1.34543 0.662312 
1.22762 0.904858 0.402849 
0.895238 0.689155 0.315655 
0.755523 0.670268 0.374605 
0.711076 0.735168 0.489749 
0.633992 0.733764 0.537449 
0.454437 0.586667 0.460704 
0.228812 0.368184 0.347426 
0.104544 0.259932 0.374193 
0.182316 0.381771 0.630307 
0.394253 0.648389 0.985908 
0.534894 0.810748 1.16214 
0.44852 0.677587 0.974171 
0.204738 0.318642 0.525035 
0.0719252 0.036722 0.14271 
0.284178 0.108517 0.0933639 
0.820134 0.536345 0.34212 
1.42431 1.06265 0.609319 
1.86011 1.43867 0.67961 
2.13275 1.66954 0.651721 
2.44173 1.97493 0.861083 
2.9098 2.50423 1.53724 
3.38101 3.10982 2.53391 
3.51301 3.42607 3.40224 
3.08141 3.18602 3.74075 
2.19843 2.47052 3.5003 
1.24301 1.66255 2.99069 
0.583627 1.16551 2.62377 
0.346968 1.13863 2.63293 
0.402193 1.44224 2.96798 
0.520055 1.78185 3.38055 
0.546635 1.9044 3.5874 
0.475144 1.71763 3.40356 
0.410899 1.29898 2.80362 
0.49071 0.831751 1.91682 
0.816718 0.525589 0.980592 
1.435 0.566261 0.286402 
2.35582 1.10578 0.139383 
3.57897 2.25751 0.812108 
5.07502 4.0415 2.44533 
6.71211 6.27583 4.89606 
8.19139 8.50191 7.63528 
9.08887 10.0666 9.84066 
9.03514 10.3896 10.7232 
7.93798 9.27913 9.93108 
6.0816 7.07633 7.76329 
4.0061 4.50078 5.02398 
2.23479 2.28514 2.59778 
1.03802 0.840678 1.02528 
0.389606 0.164286 0.345957 
0.113476 0.00528734 0.264933 
0.0700859 0.119308 0.46342 
0.222928 0.400735 0.796032 
0.556576 0.823198 1.25277 
0.964074 1.29952 1.78432 
1.24459 1.6347 2.20206 
1.23214 1.63649 2.27183 
0.933315 1.27732 1.91361 
0.531994 0.739206 1.30085 
0.244595 0.282692 0.74247 
0.156484 0.0541486 0.44422 
