0.167482 0.0967847 0.19285 
0.148995 0.195435 0.495058 
0.288865 0.481034 1.00643 
0.566897 0.843968 1.51355 
0.860427 1.09296 1.74171 
1.06286 1.12278 1.57734 
1.15107 0.980448 1.14295 
1.1659 0.791527 0.673811 
1.16546 0.654292 0.3429 
1.19757 0.60157 0.191634 
1.28063 0.623238 0.178763 
1.38172 0.68966 0.252089 
1.41985 0.75701 0.374777 
1.3181 0.779918 0.519033 
1.07031 0.740097 0.664034 
0.756527 0.661247 0.800736 
0.484947 0.585506 0.923928 
0.312004 0.53035 1.01155 
0.213876 0.470876 1.01768 
0.132506 0.369314 0.899242 
0.0477097 0.225177 0.660973 
0.00254105 0.0943206 0.376037 
0.0555869 0.0509194 0.152831 
0.208365 0.122757 0.0666207 
0.383469 0.261045 0.111964 
0.478302 0.37488 0.215786 
0.44372 0.397788 0.294911 
0.3181 0.327699 0.305633 
0.197863 0.216092 0.252168 
0.180061 0.13015 0.165391 
0.317653 0.122062 0.0820771 
0.601115 0.216863 0.038746 
0.963866 0.411593 0.072008 
1.30712 0.676691 0.209851 
1.53305 0.954374 0.446109 
1.57017 1.15778 0.711923 
1.38986 1.19054 0.882314 
1.02719 1.0037 0.847264 
0.599323 0.661917 0.61327 
0.27983 0.344143 0.337317 
0.204694 0.235297 0.225161 
0.365622 0.376367 0.356872 
0.596019 0.61451 0.602809 
0.68945 0.72225 0.728996 
0.559164 0.589237 0.605078 
0.296291 0.30955 0.317615 
0.0803586 0.0889292 0.0846665 
0.0366829 0.0725471 0.0661627 
0.168729 0.254865 0.253764 
0.396738 0.526858 0.519779 
0.630403 0.777765 0.740813 
0.804419 0.948618 0.868325 
0.880556 1.02398 0.913034 
0.855379 1.01496 0.904382 
0.771898 0.958752 0.875588 
0.696706 0.90573 0.859087 
0.661906 0.87861 0.86452 
0.633143 0.845564 0.859756 
0.550576 0.752335 0.794168 
0.401466 0.586194 0.651413 
0.238207 0.39627 0.471351 
0.122554 0.246059 0.314354 
0.070012 0.159679 0.213772 
0.0615587 0.125383 0.170872 
0.0936517 0.136401 0.180891 
0.186738 0.200247 0.237867 
0.336562 0.301486 0.309697 
0.479237 0.379275 0.334153 
0.528683 0.367511 0.266624 
0.451408 0.259537 0.133596 
0.295066 0.120042 0.0224736 
0.14286 0.0272036 0.00741983 
0.0477127 0.00757619 0.085411 
0.00964787 0.0273605 0.184133 
0.00254222 0.0371088 0.22581 
0.0119208 0.0192872 0.183733 
0.0525539 0.00187074 0.0922719 
0.160272 0.0381604 0.0186542 
0.362082 0.168331 0.0213212 
0.634194 0.378237 0.111338 
0.877668 0.580435 0.233819 
0.952514 0.649241 0.293619 
0.774758 0.511612 0.229665 
0.411507 0.235022 0.0913409 
0.08018 0.0252781 0.0404871 
0.0221679 0.10412 0.247412 
0.334674 0.545236 0.747614 
0.896439 1.20297 1.3825 
1.45099 1.80143 1.88954 
1.77745 2.11533 2.0768 
1.81241 2.0989 1.94084 
1.64458 1.87553 1.64221 
1.4166 1.6225 1.37747 
1.22464 1.45194 1.25502 
1.07725 1.35998 1.24828 
0.918729 1.25382 1.23165 
0.692253 1.03091 1.0698 
0.406386 0.670443 0.721853 
0.160565 0.281776 0.302964 
0.100266 0.0629231 0.0455574 
0.326129 0.183739 0.164332 
0.827631 0.678842 0.718392 
1.49057 1.43058 1.57626 
2.15604 2.23794 2.49677 
2.67275 2.89975 3.24225 
2.92179 3.26211 3.64527 
2.8402 3.24312 3.6282 
2.45534 2.85898 3.21358 
1.89372 2.23237 2.52689 
1.32813 1.54742 1.75958 
0.888648 0.964087 1.09082 
0.60681 0.554272 0.619731 
0.432695 0.304752 0.357 
0.301529 0.171711 0.270043 
0.200484 0.139524 0.336505 
0.201889 0.249919 0.569713 
0.441609 0.585339 1.00298 
1.02814 1.19785 1.63281 
1.91126 2.00709 2.34515 
2.81098 2.74968 2.89125 
3.31473 3.07139 2.98192 
3.12852 2.74929 2.48044 
2.30271 1.88403 1.55167 
1.22855 0.878212 0.611357 
0.381871 0.182436 0.0724019 
0.0191652 0.00479335 0.0771381 
0.0716065 0.220532 0.435004 
0.289486 0.532691 0.804982 
0.464616 0.711556 0.947894 
0.532875 0.7072 0.840281 
0.529396 0.595436 0.605453 
0.515372 0.476082 0.383912 
0.558149 0.425888 0.264112 
0.718073 0.485705 0.273771 
0.981662 0.624889 0.37289 
1.20532 0.718459 0.45421 
1.19436 0.625832 0.410484 
0.897267 0.345564 0.248993 
0.505212 0.0708666 0.119691 
0.297384 0.0292995 0.175957 
0.368005 0.251012 0.40156 
0.557134 0.553095 0.641191 
0.701114 0.811074 0.864687 
0.918928 1.2174 1.37072 
1.55215 2.16452 2.60841 
2.75228 3.78135 4.67996 
4.14907 5.58571 6.99285 
5.0087 6.67672 8.47936 
4.79663 6.37853 8.29532 
3.63435 4.79201 6.45086 
2.23574 2.77941 3.86471 
1.39846 1.40606 1.80917 
1.49314 1.29054 1.16855 
2.31836 2.31456 2.00606 
3.33271 3.80552 3.64903 
4.00914 4.9745 5.14582 
4.06608 5.30348 5.76982 
3.50611 4.70461 5.30245 
2.53484 3.45492 4.01412 
1.45397 2.01254 2.43716 
0.569718 0.823055 1.09378 
0.110374 0.174489 0.303259 
0.144884 0.117835 0.110676 
0.529722 0.462176 0.323226 
0.945371 0.861292 0.624974 
1.06051 0.989222 0.736683 
0.75995 0.735836 0.562714 
0.265076 0.290371 0.240418 
0.00170449 0.0152996 0.0366802 
0.27109 0.170055 0.142133 
0.988665 0.698763 0.517207 
1.73237 1.27105 0.924087 
2.06894 1.54629 1.12124 
1.87106 1.42872 1.04942 
1.36602 1.10302 0.8541 
0.917943 0.852462 0.745961 
0.757184 0.83523 0.829669 
0.857197 0.987413 1.0279 
1.00742 1.0975 1.14136 
1.00072 0.984887 1.00311 
0.79823 0.655342 0.625742 
0.547513 0.308034 0.218939 
0.433113 0.168753 0.0325327 
0.494626 0.287912 0.145429 
0.596892 0.50186 0.403499 
0.581261 0.59875 0.572835 
0.423633 0.508946 0.545345 
0.228236 0.324996 0.388668 
0.0945618 0.168107 0.227526 
0.0337511 0.0809363 0.12366 
0.0112628 0.0459903 0.0710946 
0.0188652 0.0503011 0.0528478 
0.071247 0.09114 0.0592327 
0.156691 0.14116 0.0691753 
0.233131 0.154819 0.0571192 
0.27876 0.120313 0.0266058 
0.325161 0.0849971 0.0142895 
0.433682 0.122949 0.0560148 
0.650922 0.291818 0.17208 
0.98596 0.621062 0.39534 
1.40676 1.11114 0.784048 
1.83911 1.7119 1.3659 
2.17705 2.30125 2.05671 
2.32095 2.71354 2.6544 
2.23005 2.82262 2.94499 
1.95083 2.62022 2.84168 
1.59346 2.22095 2.43751 
1.26729 1.7835 1.9264 
1.0205 1.41038 1.46524 
0.83046 1.10885 1.09747 
0.648231 0.835896 0.789084 
0.45131 0.568937 0.513822 
0.260526 0.331273 0.290154 
0.12735 0.16887 0.151769 
0.121639 0.127359 0.114687 
0.312236 0.245197 0.182046 
0.709766 0.528133 0.352022 
1.20068 0.901362 0.592759 
1.56693 1.2087 0.82261 
1.62634 1.3077 0.953609 
1.38056 1.18805 0.969639 
1.01475 0.982213 0.943189 
0.739828 0.845982 0.959841 
0.636512 0.833797 1.03643 
0.643564 0.89087 1.12429 
0.663831 0.941843 1.17884 
0.654965 0.962783 1.20528 
0.633116 0.977918 1.24131 
0.631881 1.02136 1.3187 
0.679362 1.1164 1.44653 
0.794662 1.2687 1.60634 
0.972548 1.44912 1.74026 
1.16015 1.58023 1.75359 
1.26515 1.56427 1.56322 
1.21067 1.35143 1.17137 
0.995908 0.992375 0.696236 
0.703707 0.619155 0.315391 
0.442397 0.360738 0.155586 
0.27214 0.260172 0.2137 
0.18081 0.261123 0.369812 
0.124557 0.270664 0.479166 
0.0854238 0.239876 0.469992 
0.087683 0.194186 0.376321 
0.164302 0.197612 0.293059 
0.317625 0.294948 0.301661 
0.516891 0.484595 0.425866 
0.726005 0.730484 0.634753 
0.918704 0.979438 0.864631 
1.05987 1.16021 1.0318 
1.08716 1.18664 1.04732 
0.943187 1.0023 0.862034 
