1.05279 1.46588 1.3887 
0.932507 1.40548 1.40555 
0.849419 1.36835 1.44704 
0.793093 1.34392 1.503 
0.726385 1.29187 1.53343 
0.605192 1.15938 1.47944 
0.415448 0.917027 1.2937 
0.209036 0.596892 0.97861 
0.112101 0.306703 0.608109 
0.287524 0.200384 0.311662 
0.858394 0.408967 0.218834 
1.82759 0.963875 0.390212 
3.04021 1.75711 0.774831 
4.21859 2.56773 1.22328 
5.06101 3.14755 1.55373 
5.35848 3.32414 1.6358 
5.07213 3.06829 1.44656 
4.33639 2.49448 1.07049 
3.39344 1.80079 0.649542 
2.49826 1.18588 0.315834 
1.84083 0.785137 0.143968 
1.51232 0.648963 0.141144 
1.51298 0.757695 0.268322 
1.78072 1.05132 0.470773 
2.21956 1.45377 0.698918 
2.72041 1.88564 0.913961 
3.17852 2.27186 1.08526 
3.51427 2.55262 1.18939 
3.69556 2.69872 1.21491 
3.75207 2.7235 1.16894 
3.76931 2.68102 1.07848 
3.85832 2.64622 0.982202 
4.10809 2.68206 0.914909 
4.5379 2.80712 0.891556 
5.06994 2.97827 0.898866 
5.53781 3.09901 0.899571 
5.73493 3.05412 0.849062 
5.4906 2.7598 0.7185 
4.74698 2.20974 0.514282 
3.60307 1.49473 0.283456 
2.30016 0.782058 0.0994858 
1.14608 0.257577 0.0318837 
0.40442 0.0524116 0.112535 
0.195502 0.187116 0.315633 
0.454147 0.560862 0.563477 
0.964527 0.99311 0.758158 
1.45565 1.29961 0.825527 
1.71218 1.36747 0.750388 
1.64995 1.19464 0.585139 
1.32595 0.877775 0.426742 
0.886738 0.557793 0.372314 
0.48806 0.352151 0.473845 
0.227412 0.306257 0.712742 
0.118113 0.383993 1.00538 
0.108366 0.496723 1.23684 
0.126271 0.552588 1.30805 
0.123082 0.501179 1.17678 
0.0937895 0.354287 0.876275 
0.0698549 0.176687 0.505005 
0.093787 0.0545343 0.19199 
0.192037 0.0571565 0.05102 
0.359957 0.20836 0.140229 
0.563778 0.477398 0.441043 
0.755419 0.790911 0.863518 
0.890828 1.05936 1.27611 
0.943071 1.20712 1.54973 
0.906078 1.19572 1.60117 
0.790632 1.03322 1.42075 
0.617872 0.768696 1.07479 
0.415347 0.475612 0.681784 
0.217079 0.230903 0.371455 
0.0644527 0.0962525 0.241645 
0.00233385 0.105522 0.328637 
0.0668364 0.259156 0.600315 
0.267137 0.524644 0.972178 
0.57037 0.842393 1.33781 
0.901136 1.13751 1.60176 
1.16233 1.33798 1.70476 
1.27305 1.39689 1.63614 
1.20761 1.31218 1.43299 
1.01524 1.13405 1.16834 
0.806402 0.952802 0.930709 
0.708017 0.867346 0.798789 
0.806952 0.945568 0.817037 
1.10944 1.19416 0.980382 
1.53724 1.5535 1.23541 
1.96292 1.9216 1.49992 
2.26586 2.19633 1.694 
2.38068 2.31521 1.76915 
2.31475 2.27366 1.72194 
2.12962 2.11485 1.58646 
1.90066 1.89969 1.41149 
1.67904 1.67556 1.23616 
1.47562 1.46062 1.07731 
1.27135 1.2491 0.933291 
1.04324 1.02987 0.797526 
0.787436 0.803404 0.669922 
0.526025 0.585714 0.557172 
0.295561 0.398324 0.463201 
0.12723 0.2538 0.379879 
0.0321732 0.149079 0.28929 
0.000549254 0.0725658 0.180216 
0.0128457 0.0198669 0.068909 
0.0538826 0.00514134 0.00682302 
0.118957 0.0565826 0.0627911 
0.208046 0.195189 0.282989 
0.313311 0.409119 0.649555 
0.410802 0.642252 1.06558 
0.465081 0.809496 1.38345 
0.446512 0.835454 1.46925 
0.351239 0.696737 1.27234 
0.21016 0.442681 0.861324 
0.0788345 0.179235 0.402499 
0.0119577 0.0213954 0.0876941 
0.0363592 0.0384061 0.0467003 
0.138179 0.221123 0.289151 
0.271622 0.488812 0.704909 
0.383583 0.730522 1.12038 
0.43915 0.857432 1.37919 
0.433473 0.838333 1.4055 
0.385162 0.702311 1.22163 
0.318512 0.512495 0.918658 
0.248303 0.330065 0.602779 
0.177722 0.189895 0.348649 
0.109674 0.0986207 0.181072 
0.0616118 0.0504195 0.0865907 
0.0708603 0.045553 0.039989 
0.183275 0.0972774 0.026014 
0.429108 0.22256 0.0444677 
0.799142 0.423889 0.100195 
1.23565 0.675681 0.189226 
1.64555 0.925782 0.29294 
1.93141 1.11289 0.384637 
2.02623 1.19078 0.443321 
1.91627 1.14615 0.464484 
1.64213 1.00114 0.460257 
1.27967 0.800409 0.449026 
0.911296 0.591352 0.441933 
0.600765 0.408109 0.43555 
0.380565 0.266164 0.415467 
0.252827 0.166847 0.367963 
0.198749 0.105649 0.291665 
0.190001 0.0779071 0.201439 
0.198294 0.079479 0.122183 
0.202795 0.104785 0.0766819 
0.196348 0.146484 0.0751158 
0.18989 0.198956 0.112172 
0.212227 0.263791 0.172777 
0.302343 0.352838 0.242425 
0.494426 0.485083 0.315925 
0.800286 0.677197 0.399838 
1.19665 0.931489 0.507601 
1.62384 1.22708 0.650133 
1.99812 1.51924 0.826891 
2.23428 1.74859 1.0221 
2.27115 1.8582 1.2085 
2.09146 1.81288 1.35737 
1.72915 1.61373 1.45042 
1.26122 1.30174 1.48787 
0.785989 0.947732 1.48836 
0.394655 0.631484 1.48061 
0.145737 0.417354 1.49048 
0.051684 0.335948 1.52982 
0.0823389 0.378742 1.59223 
0.182938 0.506751 1.65689 
0.298005 0.668069 1.69784 
0.390369 0.815782 1.69344 
0.447732 0.918978 1.63202 
0.476138 0.964264 1.51235 
0.486333 0.950366 1.3407 
0.481988 0.881307 1.12737 
0.45677 0.763122 0.885447 
0.401794 0.606006 0.632351 
0.319051 0.429948 0.392793 
0.232641 0.269094 0.200187 
0.189664 0.169541 0.0931302 
0.246589 0.177498 0.104951 
0.443788 0.319573 0.247904 
0.7782 0.582756 0.498156 
1.18835 0.90531 0.790857 
1.56357 1.1881 1.03302 
1.7795 1.32751 1.13468 
1.74822 1.25929 1.04816 
1.46066 0.993407 0.797579 
0.999266 0.620686 0.481328 
0.510975 0.283534 0.241511 
0.15062 0.121065 0.210517 
0.0203529 0.213076 0.457873 
0.133398 0.549049 0.961751 
0.417648 1.03601 1.61795 
0.754116 1.5396 2.28093 
1.02874 1.93707 2.81681 
1.17259 2.15768 3.14456 
1.17533 2.19541 3.25052 
1.07255 2.09438 3.17545 
0.919406 1.91947 2.98575 
0.765565 1.72807 2.74437 
0.640844 1.55357 2.49282 
0.553186 1.40324 2.24744 
0.495291 1.26643 2.00653 
0.455018 1.1271 1.76163 
0.42555 0.975177 1.50714 
0.412043 0.813353 1.24523 
0.431871 0.657426 0.985641 
0.507049 0.530371 0.742108 
0.65071 0.452374 0.527956 
0.853472 0.431047 0.353246 
1.07721 0.456296 0.224251 
1.26135 0.502352 0.144279 
1.34116 0.536175 0.113814 
1.27166 0.52882 0.128791 
1.04829 0.465722 0.177969 
0.716077 0.35291 0.242258 
0.363397 0.217473 0.298366 
0.099756 0.101339 0.326283 
0.0219339 0.048196 0.316684 
0.17702 0.085719 0.273537 
0.535498 0.209242 0.210061 
0.988749 0.375964 0.141073 
1.37951 0.516994 0.0776337 
1.55992 0.566285 0.0279668 
1.45529 0.494343 0.00287576 
1.10232 0.327958 0.0190011 
0.638161 0.141594 0.0939071 
0.239722 0.0214484 0.233803 
0.0410609 0.0208052 0.42273 
0.0718564 0.133242 0.624219 
0.251089 0.301271 0.799352 
0.439613 0.456311 0.932627 
0.521253 0.565185 1.04831 
0.465652 0.65299 1.20283 
0.338045 0.786747 1.45302 
0.253936 1.02957 1.81688 
0.309068 1.3943 2.25073 
0.52696 1.8257 2.65841 
0.851463 2.22177 2.92967 
1.18228 2.48043 2.98684 
1.42707 2.5439 2.81546 
1.53946 2.4175 2.46448 
1.52659 2.15759 2.02015 
1.43129 1.84089 1.5706 
1.30584 1.53466 1.17908 
1.19283 1.28053 0.875039 
1.11777 1.09345 0.66046 
1.08877 0.969028 0.523193 
1.0978 0.892444 0.450003 
1.12245 0.846516 0.436252 
1.13215 0.820071 0.491779 
1.10103 0.816461 0.641984 
1.02405 0.858568 0.921988 
0.927496 0.985157 1.36302 
