0.209024 0.417722 
0.0671561 0.245427 
0.00805229 0.1243 
0.00396549 0.042002 
0.0373913 0.00882455 
0.114899 0.0599699 
0.227407 0.198302 
0.327093 0.363868 
0.361342 0.477625 
0.327037 0.512686 
0.282888 0.515369 
0.303607 0.556031 
0.415753 0.659044 
0.567385 0.772729 
0.657101 0.801411 
0.61046 0.67822 
0.456252 0.431049 
0.336182 0.188326 
0.411457 0.0999282 
0.715974 0.216256 
1.08275 0.427183 
1.2412 0.536805 
1.03766 0.432126 
0.594545 0.197642 
0.246087 0.0551932 
0.278047 0.166527 
0.687359 0.476278 
1.17546 0.747376 
1.38556 0.762985 
1.17689 0.510958 
0.704494 0.185003 
0.258659 0.0116844 
0.0310196 0.0699174 
0.0136999 0.260696 
0.0867157 0.431891 
0.171422 0.524816 
0.29394 0.61193 
0.519348 0.812816 
0.846979 1.17959 
1.17558 1.64498 
1.36285 2.05478 
1.3195 2.24651 
1.06566 2.12819 
0.721627 1.72728 
0.447412 1.18854 
0.362673 0.709661 
0.48334 0.438045 
0.710748 0.39236 
0.888803 0.469556 
0.900427 0.534857 
0.73855 0.521752 
0.499509 0.461235 
0.305896 0.425173 
0.221003 0.444309 
0.218805 0.476482 
0.223676 0.447721 
0.179671 0.323661 
0.0943873 0.148743 
0.0304429 0.0238358 
0.058267 0.0424212 
0.206345 0.231289 
0.440236 0.532382 
0.680001 0.832933 
0.842697 1.02302 
0.883627 1.04692 
0.812393 0.920955 
0.676387 0.711561 
0.526005 0.491857 
0.388158 0.307517 
0.266666 0.173319 
0.164082 0.095086 
0.0990982 0.0892468 
0.0975145 0.1753 
0.162439 0.345472 
0.255564 0.544611 
0.316695 0.690725 
0.312286 0.729288 
0.269769 0.676642 
0.260663 0.609877 
0.341419 0.606458 
0.502778 0.683788 
0.672728 0.789685 
0.768889 0.847551 
0.753076 0.812416 
0.645673 0.692296 
0.499851 0.529147 
0.367743 0.368597 
0.283242 0.244104 
0.258669 0.174069 
0.282694 0.158198 
0.321445 0.173616 
0.334701 0.184597 
0.303787 0.167603 
0.245952 0.129635 
0.195991 0.0977861 
0.170351 0.0884107 
0.15247 0.0902391 
0.11833 0.0825473 
0.0761851 0.0688899 
0.0748636 0.0859491 
0.165103 0.171931 
0.347397 0.323108 
0.556274 0.48214 
0.698815 0.57227 
0.717352 0.54932 
0.626973 0.429695 
0.500637 0.275637 
0.415254 0.152921 
0.398968 0.0926823 
0.416786 0.0811835 
0.403655 0.0802061 
0.319776 0.0609427 
0.185593 0.0261858 
0.0684089 0.00473052 
0.0312942 0.0241317 
0.0869288 0.0865798 
0.194181 0.169483 
0.295929 0.248027 
0.360385 0.315495 
0.390826 0.38185 
0.404923 0.45648 
0.413258 0.536998 
0.417476 0.61392 
0.418579 0.678322 
0.415599 0.717712 
0.395845 0.707584 
0.337758 0.62023 
0.234358 0.453688 
0.11379 0.252049 
0.0274082 0.087075 
0.00958074 0.00940281 
0.048355 0.0134215 
0.0979861 0.0492835 
0.120366 0.0683519 
0.113436 0.0575296 
0.102239 0.0352839 
0.108513 0.0233221 
0.131593 0.0263155 
0.154339 0.0345183 
0.160887 0.0380599 
0.14718 0.0353902 
0.118916 0.030733 
0.0844112 0.0273982 
0.050442 0.0247761 
0.0223744 0.0208046 
0.00488681 0.0160266 
7.30111e-05 0.0139132 
0.00426903 0.0162136 
0.00883108 0.0188699 
0.00751807 0.0153698 
0.00456447 0.00589187 
0.0131928 0.00129685 
0.0428921 0.0147367 
0.0876086 0.0484623 
0.128183 0.0905156 
0.14704 0.124715 
0.139654 0.141828 
0.112733 0.140501 
0.0755851 0.121441 
0.036753 0.0862287 
0.00730652 0.0431868 
0.00176984 0.0107926 
0.0311643 0.0105239 
0.09302 0.0523737 
0.166957 0.123587 
0.220514 0.189803 
0.224956 0.211981 
0.175016 0.173085 
0.0986055 0.0962682 
0.0425003 0.0341211 
0.0384844 0.0297251 
0.0780613 0.0810564 
0.121904 0.144034 
0.136435 0.173022 
0.12059 0.158281 
0.0977646 0.124887 
0.0879883 0.101831 
0.0940893 0.0994141 
0.112195 0.11444 
0.145246 0.145497 
0.199255 0.193776 
0.269524 0.251582 
0.33805 0.299757 
0.387353 0.321767 
0.414665 0.318569 
0.431122 0.306977 
0.448194 0.303754 
0.464925 0.311247 
0.466047 0.315487 
0.431944 0.295983 
0.354372 0.240547 
0.246989 0.156759 
0.140541 0.0714379 
0.0638612 0.0153787 
0.0262292 0.00330978 
0.0167001 0.0255256 
0.0184409 0.0576242 
0.0213057 0.077989 
0.022094 0.0783536 
0.019451 0.0637644 
0.0148001 0.0482804 
0.0175747 0.0506792 
0.0431876 0.0881173 
0.100627 0.166955 
0.181326 0.276278 
0.261473 0.390139 
0.315939 0.477611 
0.331496 0.51448 
0.310691 0.491645 
0.267393 0.418343 
0.219182 0.318726 
0.17997 0.221421 
0.154819 0.146557 
0.139316 0.0987259 
0.124445 0.0706982 
0.103996 0.0535627 
0.079123 0.0437891 
0.0565303 0.0419808 
0.0419615 0.0470265 
0.0351105 0.0538547 
0.0316854 0.0585601 
0.0314004 0.0653502 
0.0425601 0.0852676 
0.0747829 0.123813 
0.124185 0.168341 
0.16728 0.190942 
0.174695 0.169242 
0.135649 0.107795 
0.0707659 0.03911 
0.0203304 0.00204331 
0.0173489 0.0162748 
0.0663244 0.0723522 
0.14092 0.140062 
0.199269 0.184972 
0.207583 0.184361 
0.160387 0.138632 
0.0851473 0.0726473 
0.0248105 0.0212446 
0.00775768 0.00502954 
0.0287594 0.0164662 
0.0580827 0.0309426 
0.0699959 0.0324725 
0.0628507 0.0269365 
0.0528796 0.0295427 
0.0524743 0.0430494 
0.0587458 0.0536958 
0.0634191 0.0499796 
0.0690934 0.0414492 
0.0900087 0.053565 
0.134657 0.101478 
0.189803 0.169647 
