0.157508 0.309772 
0.228369 0.480819 
0.312968 0.671596 
0.399165 0.844749 
0.465737 0.95494 
0.489247 0.965747 
0.456696 0.868057 
0.374633 0.68775 
0.267637 0.476268 
0.166411 0.288144 
0.0929838 0.157886 
0.0524132 0.089151 
0.0359389 0.0617243 
0.0327837 0.0510856 
0.0421691 0.0480186 
0.0770262 0.0659908 
0.156212 0.131513 
0.289314 0.262857 
0.463104 0.449734 
0.638707 0.646926 
0.763511 0.788146 
0.794222 0.815738 
0.72067 0.712486 
0.577748 0.518736 
0.436971 0.323669 
0.378701 0.231888 
0.456644 0.319479 
0.671943 0.600238 
0.970742 1.0184 
1.2673 1.47091 
1.48093 1.84736 
1.56752 2.06786 
1.53017 2.10253 
1.40612 1.96812 
1.24105 1.70979 
1.06709 1.38098 
0.896223 1.03083 
0.728811 0.700246 
0.56751 0.42159 
0.425342 0.217139 
0.323243 0.0957809 
0.280822 0.0516327 
0.308156 0.0680286 
0.403756 0.126093 
0.557763 0.212781 
0.755272 0.322744 
0.975824 0.452512 
1.19009 0.591272 
1.35911 0.715665 
1.44141 0.794076 
1.40788 0.799808 
1.25792 0.726281 
1.02671 0.594884 
0.776734 0.449308 
0.574733 0.337641 
0.464442 0.291104 
0.449306 0.311419 
0.495397 0.374877 
0.553855 0.451674 
0.590652 0.529212 
0.606212 0.624175 
0.632509 0.77368 
0.708458 1.00835 
0.848069 1.32245 
1.02138 1.66002 
1.16146 1.92842 
1.19553 2.035 
1.08324 1.92876 
0.840619 1.62544 
0.535612 1.2027 
0.25779 0.768466 
0.0786202 0.418917 
0.0232296 0.206435 
0.0667153 0.1304 
0.153788 0.150835 
0.228528 0.213923 
0.257884 0.275249 
0.238759 0.311269 
0.189222 0.317863 
0.132597 0.301486 
0.0848773 0.270325 
0.0515372 0.230386 
0.0331546 0.187232 
0.0345612 0.150774 
0.0712334 0.139235 
0.168628 0.178794 
0.353386 0.29691 
0.638634 0.509817 
1.0087 0.808079 
1.41074 1.14728 
1.76042 1.45152 
1.96446 1.63342 
1.95424 1.62591 
1.71705 1.41308 
1.30879 1.04424 
0.838873 0.621433 
0.431313 0.263643 
0.179081 0.0629973 
0.112812 0.0530623 
0.197612 0.202838 
0.356855 0.43669 
0.508693 0.668053 
0.596865 0.830222 
0.603569 0.892291 
0.543475 0.857946 
0.447089 0.753064 
0.344126 0.610872 
0.253854 0.461008 
0.183512 0.324398 
0.131798 0.212557 
0.0936336 0.129127 
0.0638778 0.0722076 
0.0394541 0.0370271 
0.0203103 0.0187185 
0.00952557 0.0145976 
0.0124264 0.0249636 
0.034413 0.0517061 
0.0777077 0.095041 
0.138224 0.150068 
0.204502 0.205582 
0.260246 0.246807 
0.290191 0.261428 
0.286633 0.24576 
0.252872 0.207011 
0.201185 0.159624 
0.146373 0.117522 
0.0989431 0.0871751 
0.0622274 0.0660907 
0.0347066 0.0475544 
0.0148991 0.0278625 
0.00444289 0.0104836 
0.00693398 0.00403985 
0.023936 0.0158189 
0.0519921 0.0458736 
0.0834164 0.0860529 
0.110193 0.124314 
0.127665 0.150775 
0.135208 0.16125 
0.134125 0.156701 
0.125554 0.140454 
0.110816 0.116236 
0.0936703 0.0883586 
0.0813848 0.0626201 
0.0820467 0.0455777 
0.0990151 0.0415649 
0.126792 0.0495843 
0.152559 0.0632072 
0.163652 0.0746174 
0.156292 0.0804009 
0.13904 0.0846172 
0.127655 0.0961364 
0.134133 0.121436 
0.157369 0.157881 
0.182301 0.192871 
0.188888 0.21045 
0.165464 0.201608 
0.117765 0.171377 
0.0674307 0.137466 
0.0405242 0.12063 
0.0529174 0.132527 
0.101262 0.168661 
0.16462 0.21076 
0.215305 0.236938 
0.232329 0.233314 
0.210184 0.200391 
0.1592 0.151295 
0.0988189 0.104051 
0.0484231 0.0730241 
0.0204564 0.0640702 
0.0181819 0.0749219 
0.0376402 0.099232 
0.0716648 0.13126 
0.113569 0.168596 
0.158837 0.211766 
0.204337 0.261171 
0.245928 0.313191 
0.276493 0.358032 
0.286598 0.381446 
0.268532 0.370567 
0.221929 0.321263 
0.157221 0.242663 
0.0936109 0.155294 
0.0514366 0.082867 
0.0426854 0.0418416 
0.0651534 0.0346069 
0.103796 0.0500165 
0.138406 0.0704865 
0.15303 0.0811047 
0.142016 0.0756915 
0.110314 0.0574361 
0.0693256 0.0353037 
0.0316443 0.0193715 
0.00754221 0.0177624 
0.00410457 0.0359471 
0.0261578 0.0775142 
0.0774708 0.144922 
0.160941 0.239106 
0.277131 0.357653 
0.421469 0.492309 
0.581599 0.627532 
0.737217 0.742132 
0.864176 0.814829 
0.942347 0.832154 
0.963846 0.794827 
0.937012 0.718728 
0.883402 0.629332 
0.829041 0.552437 
0.79448 0.506044 
0.788282 0.496811 
0.805769 0.520867 
0.83171 0.566162 
0.844729 0.61424 
0.822623 0.642279 
0.749072 0.627992 
0.621231 0.55811 
0.454938 0.436858 
0.282904 0.288184 
0.143907 0.147889 
0.0668717 0.0483871 
0.05831 0.00451422 
0.100761 0.00893994 
0.163283 0.0395217 
0.217335 0.0730598 
0.248293 0.0962493 
0.256633 0.107757 
0.250443 0.1124 
0.236363 0.113673 
0.215608 0.110622 
0.186468 0.10032 
0.149369 0.0823634 
0.109344 0.0607894 
0.0739072 0.0417983 
0.0486051 0.0295934 
0.0342391 0.0241033 
0.0279446 0.0224504 
0.0269207 0.0227453 
0.0316014 0.0269373 
0.0457625 0.0403099 
0.0734981 0.0677942 
0.115151 0.109527 
0.164792 0.158538 
0.210807 0.202152 
0.239533 0.22663 
0.240472 0.222919 
0.210914 0.190843 
0.157826 0.139682 
0.0958304 0.0847228 
0.0418305 0.0412951 
0.00860728 0.0190784 
0.000466017 0.0193507 
0.0129805 0.0361964 
