0.0691303 0.192614 
0.130214 0.0919736 
0.297543 0.136825 
0.482596 0.286671 
0.663221 0.535328 
0.863525 0.886234 
1.09977 1.30427 
1.33593 1.6903 
1.4885 1.9124 
1.47917 1.87881 
1.29075 1.59602 
0.980795 1.16615 
0.647168 0.730129 
0.376972 0.401991 
0.212778 0.233029 
0.148622 0.211545 
0.148155 0.282562 
0.171648 0.374341 
0.200594 0.428192 
0.247717 0.42472 
0.339931 0.387713 
0.478421 0.353695 
0.611706 0.330635 
0.663175 0.293148 
0.601464 0.225926 
0.478171 0.16005 
0.378072 0.143507 
0.333504 0.174635 
0.310688 0.192539 
0.283575 0.151326 
0.282479 0.0814587 
0.334505 0.0462302 
0.381261 0.050626 
0.320031 0.0411369 
0.147221 0.00849428 
0.00950117 0.0400832 
0.0599948 0.220534 
0.278489 0.49766 
0.482785 0.702289 
0.520319 0.713984 
0.405283 0.570777 
0.258937 0.40408 
0.17098 0.311205 
0.159045 0.32175 
0.216789 0.436181 
0.324353 0.618449 
0.413127 0.756888 
0.396656 0.721122 
0.272671 0.506012 
0.142174 0.265754 
0.0831392 0.145202 
0.0580994 0.116181 
0.0227429 0.0617301 
0.0841335 0.00114743 
0.409284 0.104837 
0.921725 0.426019 
1.22298 0.731044 
0.991761 0.749764 
0.461498 0.580472 
0.324309 0.670467 
1.02264 1.27959 
2.18298 2.05162 
2.88588 2.28749 
2.54026 1.6846 
1.43286 0.70138 
0.395024 0.111523 
0.00337391 0.243488 
0.163405 0.731031 
0.399066 0.978452 
0.403643 0.767863 
0.259375 0.384753 
0.218794 0.244662 
0.395003 0.492832 
0.680588 0.94562 
0.890752 1.31751 
0.927009 1.44849 
0.820514 1.35804 
0.667844 1.16203 
0.544997 0.970125 
0.466206 0.835432 
0.404251 0.761794 
0.342749 0.738618 
0.306671 0.763658 
0.338845 0.831473 
0.448309 0.905965 
0.591531 0.921264 
0.713329 0.829127 
0.803926 0.65392 
0.903754 0.493731 
1.0427 0.451593 
1.17768 0.551511 
1.20411 0.715644 
1.04344 0.824905 
0.724819 0.807603 
0.376933 0.677678 
0.133575 0.498337 
0.0443188 0.320629 
0.0749428 0.162873 
0.187914 0.043035 
0.410148 0.0139719 
0.80855 0.146951 
1.38787 0.464415 
2.00933 0.883304 
2.42694 1.23895 
2.44852 1.40176 
2.11382 1.40993 
1.73231 1.49301 
1.70249 1.91959 
2.21189 2.75375 
3.05233 3.72389 
3.7287 4.353 
3.8015 4.28052 
3.19163 3.51872 
2.20314 2.43033 
1.27121 1.45968 
0.670696 0.856409 
0.411669 0.599899 
0.344285 0.524562 
0.323163 0.486831 
0.288907 0.437049 
0.247791 0.387945 
0.217777 0.354416 
0.200454 0.325959 
0.187461 0.280025 
0.178104 0.210214 
0.182696 0.137314 
0.203731 0.088559 
0.215761 0.0656145 
0.178812 0.0432215 
0.0887136 0.0104644 
0.0140524 0.0087792 
0.066903 0.114151 
0.325108 0.378835 
0.783849 0.802113 
1.3773 1.35589 
2.02165 2.00559 
2.61517 2.67221 
3.01517 3.18562 
3.07025 3.3322 
2.72083 3.00071 
2.07197 2.29181 
1.34525 1.46757 
0.742071 0.779957 
0.343885 0.337751 
0.123624 0.111163 
0.0222528 0.0229288 
0.00200075 0.016642 
0.0486086 0.0641548 
0.15693 0.152299 
0.324815 0.281385 
0.542222 0.458866 
0.766786 0.669667 
0.91454 0.849849 
0.89862 0.907471 
0.698621 0.78894 
0.396866 0.532915 
0.136974 0.256216 
0.0314601 0.0779187 
0.0935929 0.0441602 
0.244212 0.111501 
0.376002 0.191977 
0.417357 0.215983 
0.35683 0.168566 
0.231538 0.085919 
0.100946 0.0250118 
0.0189706 0.0269831 
0.0111309 0.094028 
0.0675451 0.193498 
0.157894 0.285455 
0.256584 0.350467 
0.357639 0.395985 
0.471274 0.442757 
0.609069 0.508086 
0.765851 0.594209 
0.905459 0.6796 
0.965048 0.719405 
0.889925 0.668689 
0.681507 0.521329 
0.413577 0.328012 
0.190743 0.166247 
0.0788735 0.084095 
0.0675992 0.0700873 
0.0935333 0.0750626 
0.096592 0.0598128 
0.0606634 0.0242841 
0.0147479 0.000393732 
0.00453522 0.0229568 
0.0573357 0.101736 
0.15919 0.208958 
0.25629 0.288502 
0.284587 0.286847 
0.215766 0.194146 
0.09024 0.0696666 
0.00625106 0.0248719 
0.0607654 0.160894 
0.278185 0.494342 
0.581014 0.925183 
0.829129 1.27806 
0.901753 1.39612 
0.766058 1.22743 
0.491514 0.850908 
0.20806 0.429775 
0.0361217 0.124445 
0.0270908 0.0160189 
0.146313 0.0818505 
0.305629 0.229593 
0.418816 0.357908 
0.440822 0.402201 
0.374788 0.349373 
0.259528 0.232256 
0.149912 0.11169 
0.0889124 0.0428303 
0.0798148 0.0380151 
0.0870448 0.0616759 
0.0751276 0.0706728 
0.0452918 0.0569424 
0.023406 0.0406428 
0.0172597 0.0294099 
0.00942503 0.0115443 
0.00305946 0.00113863 
0.0515924 0.0633206 
0.20969 0.256251 
0.449586 0.540864 
0.65045 0.775194 
0.691882 0.823135 
0.55741 0.669646 
0.339985 0.422529 
0.153473 0.209427 
0.0499343 0.0856591 
0.014992 0.0332238 
0.0165061 0.0184394 
0.0384554 0.0285879 
0.0756806 0.062389 
0.120054 0.112511 
0.165313 0.170882 
0.216856 0.23899 
0.280548 0.314757 
0.338604 0.369251 
0.349474 0.355161 
0.285302 0.254736 
0.169331 0.116305 
0.0652555 0.0267119 
0.0225496 0.0364512 
0.0353405 0.114429 
0.058468 0.181703 
0.058037 0.18659 
0.0378485 0.141236 
0.0198073 0.0908791 
0.0130553 0.0632923 
0.0103268 0.0547375 
0.00576411 0.0519675 
