0.0223711 0.252226 
0.109671 0.126496 
0.36908 0.173211 
0.791285 0.406132 
1.30364 0.770829 
1.78792 1.16069 
2.12022 1.45638 
2.21569 1.57088 
2.05774 1.47923 
1.69927 1.22084 
1.23777 0.87653 
0.778266 0.534062 
0.401481 0.259296 
0.148599 0.0833789 
0.0240053 0.00659824 
0.00894707 0.0117086 
0.0767284 0.0777429 
0.202771 0.188323 
0.367461 0.332971 
0.553351 0.503186 
0.740105 0.686494 
0.901159 0.862091 
1.00564 1.00141 
1.02716 1.0754 
0.957126 1.06695 
0.816183 0.982992 
0.655441 0.85882 
0.542773 0.749579 
0.537233 0.710306 
0.662637 0.772896 
0.893955 0.931335 
1.16483 1.14303 
1.39366 1.34589 
1.51576 1.48283 
1.50627 1.52205 
1.38381 1.46463 
1.19605 1.33839 
0.996672 1.18326 
0.826385 1.03633 
0.70546 0.922575 
0.637849 0.852991 
0.620602 0.827817 
0.65122 0.841312 
0.728905 0.885373 
0.850628 0.9513 
1.0062 1.03038 
1.17647 1.11418 
1.33628 1.19473 
1.46054 1.26452 
1.5304 1.31597 
1.53677 1.34098 
1.48048 1.33136 
1.3701 1.28092 
1.21924 1.18852 
1.04442 1.06082 
0.863677 0.912581 
0.695108 0.763684 
0.554767 0.633641 
0.454057 0.535758 
0.397442 0.473556 
0.381469 0.440865 
0.395636 0.425228 
0.42491 0.412811 
0.453184 0.392734 
0.46679 0.359419 
0.457285 0.312761 
0.422962 0.256739 
0.368758 0.197397 
0.30456 0.140943 
0.242268 0.0923661 
0.192348 0.054685 
0.160774 0.0287482 
0.147263 0.013459 
0.145437 0.00633351 
0.145151 0.00439094 
0.136531 0.00532083 
0.114451 0.00859744 
0.081518 0.0158905 
0.0478219 0.0301659 
0.0269202 0.053559 
0.0295979 0.0851515 
0.058495 0.120335 
0.106603 0.152744 
0.16057 0.177928 
0.206891 0.196268 
0.237407 0.212696 
0.251348 0.232997 
0.253821 0.259411 
0.253112 0.289513 
0.259266 0.320313 
0.28413 0.355132 
0.340452 0.407377 
0.437364 0.496022 
0.572612 0.632865 
0.726025 0.808361 
0.860411 0.985954 
0.93296 1.11141 
0.913628 1.13496 
0.801251 1.0356 
0.627736 0.834159 
0.446569 0.587333 
0.310817 0.365118 
0.251857 0.223066 
0.269486 0.182917 
0.337188 0.229706 
0.417867 0.324219 
0.480508 0.422418 
0.509578 0.491868 
0.504699 0.51907 
0.474 0.507565 
0.426876 0.470796 
0.370203 0.42447 
0.308391 0.381221 
0.245089 0.348103 
0.184217 0.326169 
0.129603 0.311448 
0.0840153 0.296989 
0.0486724 0.275575 
0.0235183 0.242341 
0.00781874 0.196422 
0.000679206 0.141229 
0.00166109 0.0837968 
0.0119181 0.0339665 
0.0356781 0.00376715 
0.0809255 0.00647865 
0.157856 0.0544923 
0.274713 0.155709 
0.432487 0.309533 
0.621311 0.50449 
0.820997 0.719235 
1.0061 0.927154 
1.1534 1.10293 
1.2483 1.22837 
1.28755 1.29536 
1.27745 1.30516 
1.22931 1.26519 
1.1544 1.18505 
1.06057 1.0736 
0.951317 0.937963 
0.82717 0.784526 
0.688481 0.62108 
0.538762 0.458902 
0.387271 0.313402 
0.249469 0.202323 
0.144329 0.141438 
0.0886299 0.13897 
0.090036 0.19098 
0.142044 0.280091 
0.223719 0.378809 
0.305378 0.456835 
0.358627 0.490001 
0.366893 0.467639 
0.331925 0.395778 
0.27322 0.295031 
0.220214 0.193958 
0.200146 0.120084 
0.226418 0.0914236 
0.29224 0.111115 
0.37237 0.166796 
0.432581 0.234988 
0.443324 0.289216 
0.392177 0.309344 
0.289892 0.288991 
0.167258 0.238255 
0.0637314 0.180416 
0.0123378 0.143456 
0.0270861 0.149416 
0.0981703 0.205708 
0.19683 0.301993 
0.287428 0.413914 
0.341184 0.512044 
0.345586 0.57212 
0.306039 0.58233 
0.240234 0.545091 
0.168998 0.47351 
0.108297 0.384973 
0.0654754 0.295024 
0.0400475 0.21377 
0.0271522 0.145448 
0.0212457 0.0903361 
0.0184796 0.0475468 
0.0174912 0.0172959 
0.0190551 0.00162423 
0.0250633 0.00318997 
0.0371048 0.0225909 
0.0549952 0.0555962 
0.0759072 0.0921736 
0.09481 0.118713 
0.106371 0.123268 
0.107555 0.101682 
0.0995504 0.0614162 
0.0878707 0.0205561 
0.0805052 0.00187748 
0.085088 0.0245112 
0.10656 0.0971953 
0.146402 0.216276 
0.203528 0.368953 
0.275916 0.539311 
0.361606 0.713213 
0.458028 0.879187 
0.559731 1.0254 
0.655944 1.13587 
0.730213 1.19017 
0.763803 1.16894 
0.742515 1.06332 
0.663969 0.883197 
0.541125 0.658347 
0.399136 0.430263 
0.26626 0.237878 
0.163369 0.104311 
0.0977039 0.0314683 
0.0639974 0.00460595 
0.0513789 0.00317182 
0.0509408 0.0110285 
0.0590229 0.0206857 
0.0749459 0.0308983 
0.0961953 0.0413755 
0.115704 0.0493886 
0.123818 0.050534 
0.113627 0.0422328 
0.0857094 0.0266236 
0.0489003 0.0104525 
0.016634 0.00211926 
0.00133884 0.00797119 
0.0101622 0.0299913 
0.0438539 0.0656698 
0.0984485 0.109508 
0.168084 0.155188 
0.247385 0.197734 
0.332646 0.235275 
0.421738 0.269897 
0.51301 0.30705 
0.603788 0.353495 
0.689427 0.414697 
0.763999 0.493105 
0.822878 0.588225 
0.866056 0.697996 
0.89985 0.819948 
0.934975 0.950751 
0.980825 1.0841 
1.03838 1.20833 
1.09557 1.30561 
1.1283 1.35398 
1.10794 1.33213 
1.01291 1.22614 
0.839967 1.03637 
0.610184 0.782258 
0.366449 0.502643 
0.162096 0.249244 
0.0441967 0.0736993 
0.037738 0.0117018 
