1.00514 1.69018 
0.484417 0.979893 
0.120252 0.406388 
0.000775977 0.112781 
0.0459729 0.0599815 
0.132066 0.129199 
0.229924 0.258655 
0.395372 0.456914 
0.636907 0.700623 
0.842142 0.875138 
0.868084 0.856925 
0.68964 0.644402 
0.426264 0.371405 
0.219081 0.179921 
0.109429 0.100375 
0.0517191 0.0705221 
0.0178031 0.0488256 
0.0478962 0.0722883 
0.191481 0.195994 
0.429104 0.406063 
0.682793 0.622965 
0.9022 0.790244 
1.11829 0.937777 
1.39965 1.14408 
1.76152 1.44127 
2.1229 1.76246 
2.34513 1.97445 
2.30766 1.95546 
1.96835 1.66035 
1.3927 1.15197 
0.748573 0.593945 
0.245933 0.188678 
0.0226231 0.063902 
0.0496618 0.179301 
0.157053 0.352152 
0.183603 0.407291 
0.112981 0.317447 
0.0526347 0.190518 
0.0823243 0.125173 
0.153615 0.109867 
0.160043 0.0823915 
0.0831137 0.0567142 
0.0222056 0.131257 
0.0666976 0.349357 
0.174881 0.591465 
0.218216 0.660519 
0.139474 0.486639 
0.0303461 0.219279 
0.0345028 0.0938054 
0.189451 0.209839 
0.38168 0.44665 
0.4536 0.585386 
0.345922 0.504197 
0.145418 0.268552 
0.0112261 0.0589469 
0.0504881 0.0177363 
0.237933 0.143986 
0.435015 0.311498 
0.494394 0.384158 
0.371909 0.326741 
0.159625 0.219054 
0.0176661 0.173014 
0.0645075 0.238917 
0.307199 0.381361 
0.645884 0.523851 
0.932542 0.602846 
1.04617 0.590771 
0.950799 0.494983 
0.707406 0.35086 
0.429573 0.208119 
0.212272 0.106879 
0.0875311 0.0584538 
0.0340284 0.0490512 
0.0165895 0.0611344 
0.0139376 0.0893518 
0.0203836 0.138588 
0.0362582 0.213303 
0.0621865 0.312974 
0.0991253 0.437178 
0.151176 0.591239 
0.227237 0.780109 
0.333816 0.987716 
0.457098 1.15879 
0.551593 1.21124 
0.558695 1.0866 
0.450875 0.803785 
0.263725 0.465471 
0.0837096 0.204743 
0.00161221 0.115676 
0.0695061 0.22136 
0.284052 0.488565 
0.589769 0.855425 
0.891878 1.24399 
1.0833 1.56501 
1.08976 1.73764 
0.914006 1.72525 
0.645978 1.5619 
0.425099 1.34419 
0.376381 1.18954 
0.558801 1.18599 
0.949829 1.36116 
1.46299 1.67987 
1.97953 2.06005 
2.37688 2.39094 
2.54811 2.54887 
2.42016 2.42276 
1.98318 1.96393 
1.32838 1.24997 
0.660115 0.512108 
0.237077 0.0651358 
0.242156 0.138127 
0.659804 0.70669 
1.26785 1.47098 
1.77165 2.0311 
1.98314 2.14189 
1.90549 1.84869 
1.67516 1.40813 
1.43829 1.08483 
1.27154 0.999508 
1.18657 1.12035 
1.17954 1.35106 
1.27046 1.61398 
1.49898 1.87071 
1.8699 2.08832 
2.27954 2.19579 
2.5024 2.08361 
2.30657 1.67552 
1.65261 1.03423 
0.806821 0.399302 
0.226646 0.0821782 
0.271102 0.269675 
0.960339 0.889986 
1.96985 1.65238 
2.8392 2.22191 
3.22047 2.39172 
3.01508 2.15207 
2.36839 1.65321 
1.56634 1.10938 
0.888624 0.689194 
0.480429 0.440599 
0.315262 0.301002 
0.272807 0.190425 
0.257128 0.0994955 
0.244557 0.0772056 
0.239103 0.137707 
0.222722 0.211656 
0.174213 0.215972 
0.115495 0.156369 
0.0962834 0.121318 
0.122779 0.164052 
0.13531 0.225514 
0.0858001 0.207996 
0.0199025 0.110967 
0.0412384 0.0501895 
0.184691 0.126903 
0.356286 0.307218 
0.423236 0.458489 
0.350432 0.492321 
0.228001 0.444936 
0.179978 0.424754 
0.279456 0.517495 
0.545392 0.749218 
0.960531 1.09405 
1.44129 1.46799 
1.8126 1.72788 
1.88699 1.7417 
1.61927 1.50693 
1.17525 1.18781 
0.815966 0.99649 
0.698097 1.01619 
0.782026 1.14165 
0.916047 1.19086 
0.985759 1.0673 
0.982173 0.820219 
0.956455 0.573739 
0.941693 0.419083 
0.925849 0.36977 
0.885463 0.395553 
0.827385 0.47704 
0.78751 0.620014 
0.788302 0.822489 
0.805562 1.04012 
0.78624 1.19497 
0.698685 1.2216 
0.557294 1.10403 
0.398634 0.874752 
0.248886 0.592956 
0.123186 0.326773 
0.0392454 0.134796 
0.00852044 0.0403862 
0.0231093 0.0297659 
0.0858679 0.100796 
0.257451 0.308643 
0.619466 0.710613 
1.13339 1.22274 
1.55284 1.5657 
1.5655 1.4502 
1.09685 0.883317 
0.463169 0.266033 
0.155639 0.106362 
0.421509 0.579336 
1.05085 1.36403 
1.57752 1.92273 
1.67885 1.94152 
1.38606 1.51876 
0.959078 0.985183 
0.622979 0.600778 
0.4343 0.417345 
0.337651 0.354273 
0.277096 0.329837 
0.2377 0.313339 
0.222014 0.303531 
0.229277 0.303694 
0.260814 0.320435 
0.321491 0.362324 
0.39814 0.421531 
0.442486 0.457665 
0.400217 0.415965 
0.284671 0.285606 
0.229775 0.156121 
0.441013 0.202219 
1.03808 0.567446 
1.90313 1.21864 
2.68941 1.909 
3.02683 2.31771 
2.77355 2.26818 
2.10036 1.83795 
1.34292 1.27189 
0.767216 0.796092 
0.449521 0.502283 
0.327849 0.36794 
0.314896 0.334732 
0.347999 0.3475 
0.371128 0.348785 
0.330327 0.289907 
0.219309 0.177451 
0.11397 0.0952652 
0.12306 0.144798 
0.279623 0.340037 
0.484581 0.56469 
0.576727 0.652895 
0.473514 0.529656 
0.246513 0.277939 
0.0557777 0.0655305 
0.00748263 0.00131417 
0.0730185 0.0571617 
0.141224 0.121565 
0.140884 0.119934 
0.106787 0.0791179 
0.130522 0.0835177 
0.260159 0.18631 
