0.479913 0.0972738 
0.366721 0.031178 
0.440516 0.16794 
0.544638 0.284706 
0.552797 0.227042 
0.542441 0.0919024 
0.773473 0.176124 
1.47136 0.715465 
2.59764 1.63921 
3.8095 2.563 
4.64909 3.03682 
4.81351 2.84688 
4.30549 2.13429 
3.38031 1.26124 
2.36672 0.560203 
1.50693 0.166647 
0.901425 0.0267571 
0.540602 0.0155564 
0.358021 0.0399339 
0.267768 0.0624941 
0.193217 0.0752992 
0.0998133 0.0815066 
0.0168253 0.101131 
0.0200518 0.172385 
0.174212 0.325383 
0.473156 0.544761 
0.824209 0.759177 
1.09006 0.874483 
1.15939 0.82923 
1.00205 0.634639 
0.681716 0.375884 
0.326857 0.177393 
0.0771474 0.150292 
0.0258374 0.342213 
0.177723 0.707467 
0.442663 1.11368 
0.67767 1.3931 
0.766894 1.42568 
0.695771 1.21184 
0.562283 0.881099 
0.501939 0.612379 
0.573221 0.509296 
0.698908 0.526277 
0.726721 0.517702 
0.568438 0.379672 
0.291523 0.157755 
0.0671598 0.0097099 
0.0144596 0.0479162 
0.0931917 0.216495 
0.15927 0.337958 
0.130239 0.293477 
0.0834211 0.151083 
0.172285 0.0984844 
0.443704 0.242877 
0.756817 0.490444 
0.902673 0.639383 
0.805239 0.589812 
0.591713 0.44615 
0.460932 0.406893 
0.495369 0.56724 
0.611703 0.842493 
0.680306 1.07233 
0.663085 1.171 
0.623704 1.16593 
0.627217 1.11823 
0.663385 1.04519 
0.674394 0.929375 
0.632649 0.773846 
0.567557 0.616511 
0.520203 0.489751 
0.494746 0.390177 
0.466798 0.303499 
0.429007 0.248489 
0.409294 0.274238 
0.435874 0.403041 
0.490516 0.581514 
0.508401 0.700628 
0.433595 0.675248 
0.277421 0.511699 
0.116859 0.299913 
0.0268266 0.136738 
0.0123943 0.0538372 
0.0169236 0.0209462 
0.00437685 0.0169712 
0.0225002 0.0817297 
0.159003 0.27336 
0.421088 0.565321 
0.674529 0.807006 
0.735684 0.824452 
0.544625 0.5831 
0.242167 0.244393 
0.0590934 0.0405385 
0.118171 0.0788016 
0.33844 0.262718 
0.523111 0.397717 
0.532296 0.366893 
0.379176 0.21173 
0.186317 0.0669587 
0.0723859 0.0378723 
0.0770595 0.134729 
0.167449 0.297816 
0.291483 0.463654 
0.420968 0.609124 
0.555656 0.749233 
0.698623 0.9043 
0.83268 1.06769 
0.920467 1.19841 
0.926819 1.24286 
0.842042 1.16854 
0.687122 0.984808 
0.502135 0.73913 
0.332257 0.496368 
0.218255 0.314719 
0.186014 0.225905 
0.233696 0.223974 
0.328593 0.269679 
0.423596 0.312763 
0.482485 0.319603 
0.491733 0.286242 
0.45279 0.230527 
0.372416 0.176999 
0.266789 0.149158 
0.170295 0.16675 
0.127752 0.23727 
0.168372 0.344294 
0.285607 0.44953 
0.443976 0.515708 
0.604709 0.532246 
0.743148 0.517937 
0.8443 0.497495 
0.890087 0.476179 
0.859742 0.437754 
0.747 0.366103 
0.576765 0.268315 
0.40195 0.177781 
0.278114 0.134746 
0.23291 0.16005 
0.25372 0.242841 
0.304622 0.352864 
0.359881 0.468119 
0.424042 0.592814 
0.517483 0.745277 
0.639029 0.923231 
0.744271 1.08081 
0.768004 1.14687 
0.675929 1.07559 
0.497787 0.88594 
0.308578 0.653319 
0.174249 0.461022 
0.111279 0.353624 
0.0920875 0.326123 
0.0815409 0.345055 
0.0648855 0.374226 
0.0462078 0.387684 
0.0313632 0.374231 
0.0200049 0.341561 
0.0120955 0.315231 
0.0142973 0.323493 
0.0347952 0.374233 
0.0726685 0.444686 
0.115211 0.495744 
0.146241 0.498154 
0.156252 0.44703 
0.14585 0.356266 
0.122932 0.245636 
0.0985004 0.135465 
0.0832106 0.0484522 
0.0845566 0.00823939 
0.105801 0.0307678 
0.147139 0.114965 
0.205673 0.239411 
0.271499 0.365789 
0.325737 0.449632 
0.350839 0.460866 
0.351215 0.408118 
0.363093 0.345589 
0.433083 0.343552 
0.573987 0.434063 
0.736263 0.575283 
0.828327 0.671669 
0.777975 0.641335 
0.589206 0.479447 
0.349817 0.269084 
0.182099 0.133017 
0.168859 0.160725 
0.302095 0.355287 
0.48724 0.628616 
0.602327 0.847719 
0.575073 0.908211 
0.424602 0.791882 
0.237109 0.569354 
0.0967613 0.345504 
0.0309967 0.190897 
0.0140539 0.11341 
0.0152321 0.0853189 
0.0368031 0.0894049 
0.103569 0.135793 
0.221429 0.238924 
0.354761 0.387388 
0.448804 0.542118 
0.473472 0.662866 
0.444708 0.732617 
0.406923 0.75696 
0.400426 0.74696 
0.44615 0.710205 
0.552064 0.658287 
0.718336 0.613365 
0.92481 0.595723 
1.1155 0.600759 
1.21027 0.593839 
1.14994 0.536583 
0.941204 0.422299 
0.658696 0.284311 
0.398068 0.168486 
0.220023 0.0998568 
0.131423 0.0771229 
0.110062 0.0935538 
0.138215 0.151792 
0.209823 0.251211 
0.311862 0.364828 
0.409416 0.439783 
0.45669 0.429847 
0.426124 0.331255 
0.329397 0.18802 
0.212969 0.0635476 
0.132727 0.00548214 
0.125698 0.0298905 
0.194527 0.126826 
0.310064 0.271955 
0.427815 0.433185 
0.508929 0.574978 
0.535866 0.667351 
0.516615 0.698544 
0.477281 0.681868 
0.448088 0.649147 
0.449883 0.633533 
0.48688 0.652889 
0.547618 0.703947 
0.611738 0.768541 
0.657689 0.824856 
0.66796 0.855428 
0.632508 0.849322 
0.553132 0.801968 
0.448424 0.716586 
0.353669 0.606512 
0.309917 0.493906 
0.344584 0.40238 
0.455769 0.347267 
0.612799 0.33068 
0.773375 0.344548 
0.903736 0.377515 
