1.12423 1.63041 1.74114 
1.70763 2.35584 2.4044 
2.18634 2.9437 2.93124 
2.42941 3.2598 3.21104 
2.38283 3.24552 3.19649 
2.07458 2.92413 2.90915 
1.59153 2.38049 2.42187 
1.04519 1.7302 1.83232 
0.543868 1.09492 1.243 
0.179536 0.590686 0.754028 
0.024722 0.323103 0.461807 
0.128156 0.376467 0.450446 
0.501559 0.789935 0.768026 
1.10132 1.52761 1.39467 
1.81916 2.46188 2.22247 
2.49656 3.38946 3.06773 
2.96613 4.08447 3.72079 
3.10618 4.37098 4.01601 
2.88367 4.18315 3.88977 
2.3643 3.58412 3.3981 
1.68531 2.73623 2.68689 
1.00639 1.83969 1.93312 
0.463668 1.07092 1.28798 
0.144564 0.54549 0.845649 
0.0847923 0.311053 0.641342 
0.274544 0.3576 0.664265 
0.661052 0.628541 0.86889 
1.14709 1.02712 1.1797 
1.5981 1.42673 1.49849 
1.8714 1.69686 1.72558 
1.86551 1.74431 1.79378 
1.56814 1.55206 1.69803 
1.07279 1.1908 1.49856 
0.547153 0.78986 1.28931 
0.164146 0.479112 1.14656 
0.0303162 0.332702 1.08865 
0.149201 0.345817 1.07232 
0.436682 0.454942 1.02749 
0.77489 0.585216 0.9072 
1.0712 0.693841 0.720313 
1.29102 0.785092 0.527658 
1.45339 0.893696 0.407313 
1.60121 1.05309 0.413069 
1.7687 1.27056 0.550602 
1.96321 1.52187 0.780842 
2.1655 1.76334 1.04275 
2.34166 1.95083 1.28011 
2.45808 2.0562 1.46107 
2.49408 2.07719 1.58737 
2.4499 2.03985 1.69395 
2.34764 1.99157 1.83742 
2.22245 1.98232 2.071 
2.1051 2.03725 2.4096 
2.00451 2.13361 2.80089 
1.90398 2.20057 3.12538 
1.77966 2.15283 3.23913 
1.63497 1.94782 3.04799 
1.52826 1.63477 2.57584 
1.5679 1.35929 1.98217 
1.8649 1.30753 1.50685 
2.46192 1.61112 1.36218 
3.27944 2.26382 1.62764 
4.11807 3.10109 2.20655 
4.72683 3.8611 2.87039 
4.90761 4.29769 3.3657 
4.60083 4.28478 3.52352 
3.90595 3.8569 3.31425 
3.02714 3.17031 2.82823 
2.17771 2.41547 2.2079 
1.49748 1.73559 1.57999 
1.02317 1.19237 1.02373 
0.715151 0.78347 0.577888 
0.510509 0.483196 0.261835 
0.364045 0.272058 0.0850522 
0.258349 0.140521 0.0398926 
0.191669 0.0788295 0.0944828 
0.166368 0.0745435 0.204807 
0.191781 0.126318 0.345708 
0.29433 0.260325 0.537555 
0.515378 0.526278 0.840852 
0.885583 0.963645 1.31196 
1.38709 1.55512 1.94454 
1.9318 2.20137 2.63794 
2.37908 2.74236 3.22041 
2.59111 3.02084 3.5199 
2.49664 2.95352 3.44293 
2.12529 2.56844 3.01586 
1.59195 1.98763 2.3669 
1.0419 1.36782 1.66373 
0.589704 0.835572 1.04507 
0.285123 0.45106 0.581919 
0.117982 0.212214 0.27971 
0.0490374 0.084861 0.107021 
0.0416615 0.0334053 0.0256101 
0.0758183 0.0342751 0.00493989 
0.142869 0.0718162 0.0211577 
0.233302 0.128919 0.0517892 
0.330783 0.184526 0.0761953 
0.416953 0.22046 0.0823074 
0.481283 0.230491 0.0721922 
0.527102 0.223096 0.0594507 
0.569457 0.21556 0.0589947 
0.627368 0.224594 0.0770201 
0.715985 0.260611 0.109354 
0.841664 0.328131 0.149402 
0.998779 0.428407 0.198523 
1.16625 0.558327 0.268965 
1.3053 0.704179 0.374932 
1.36414 0.835851 0.517006 
1.29439 0.909934 0.671374 
1.07663 0.885514 0.793348 
0.742965 0.746749 0.835479 
0.380668 0.519093 0.770835 
0.108143 0.267218 0.60834 
0.0296779 0.0725945 0.391799 
0.189551 0.000806606 0.183612 
0.549073 0.0749571 0.041828 
0.999138 0.267746 0.000744795 
1.40219 0.514072 0.0613393 
1.64269 0.735713 0.192408 
1.66319 0.866093 0.340324 
1.47353 0.867145 0.445158 
1.13632 0.736949 0.461076 
0.741562 0.51059 0.37689 
0.382863 0.255423 0.22906 
0.140424 0.0586419 0.0980216 
0.0683812 0.0049144 0.0831716 
0.183407 0.146961 0.2621 
0.456227 0.479548 0.650479 
0.812887 0.931006 1.1831 
1.15188 1.38141 1.72931 
1.37551 1.70389 2.13979 
1.42399 1.81214 2.30458 
1.29599 1.6918 2.19496 
1.0447 1.40024 1.86906 
0.751272 1.03584 1.43969 
0.490315 0.694074 1.02284 
0.306005 0.433816 0.694116 
0.210091 0.269738 0.473578 
0.198104 0.189358 0.341126 
0.268296 0.178401 0.266725 
0.427064 0.234768 0.233332 
0.675772 0.361877 0.239165 
0.98941 0.548885 0.282785 
1.30593 0.756114 0.347153 
1.53971 0.920902 0.398428 
1.61618 0.984105 0.402536 
1.5086 0.921287 0.347536 
1.25377 0.757453 0.254006 
0.935329 0.554115 0.163805 
0.643231 0.375957 0.113585 
0.433146 0.258152 0.111283 
0.308973 0.194727 0.132448 
0.23622 0.1537 0.139299 
0.17436 0.106549 0.109187 
0.105589 0.0507898 0.0522868 
0.0424094 0.0106843 0.00608702 
0.0123896 0.0173534 0.0106156 
0.0337662 0.0838308 0.0816792 
0.0998476 0.193026 0.200224 
0.181866 0.306322 0.324201 
0.246174 0.385784 0.413867 
0.272663 0.414386 0.453221 
0.26255 0.401701 0.454493 
0.232876 0.373778 0.445288 
0.204513 0.356655 0.449531 
0.193457 0.365681 0.475966 
0.210709 0.406604 0.520688 
0.268344 0.484791 0.579377 
0.384534 0.613112 0.658343 
0.581207 0.810556 0.775266 
0.873251 1.09064 0.94833 
1.25399 1.44587 1.18038 
1.68464 1.83758 1.44788 
2.0946 2.19818 1.70159 
2.39579 2.44725 1.87981 
2.50834 2.51659 1.92894 
2.38946 2.37495 1.82316 
2.05361 2.04226 1.57506 
1.5733 1.5862 1.23274 
1.0572 1.10101 0.864078 
0.612924 0.67651 0.534649 
0.310925 0.370591 0.288418 
0.165864 0.196724 0.13904 
0.143072 0.130538 0.0739387 
0.183939 0.129405 0.0669538 
0.234895 0.15341 0.091956 
0.265386 0.177843 0.131208 
0.269469 0.194343 0.176622 
0.255995 0.20461 0.225975 
0.236715 0.212713 0.2774 
0.218753 0.219771 0.324828 
0.202337 0.221853 0.356456 
0.181912 0.2112 0.358294 
0.149725 0.181332 0.323481 
0.102199 0.135318 0.263761 
0.0473507 0.092461 0.214492 
0.00763346 0.0857747 0.224221 
0.0120799 0.145984 0.328147 
0.0781734 0.277958 0.518404 
0.193837 0.445374 0.73267 
0.314436 0.57918 0.876189 
0.382212 0.611462 0.871423 
0.359452 0.516791 0.707285 
0.254056 0.333399 0.454323 
0.118509 0.146525 0.230794 
0.0208497 0.0413595 0.136971 
0.00638916 0.0551315 0.198279 
0.0757901 0.159786 0.353918 
0.192788 0.285671 0.497747 
0.312709 0.367979 0.543316 
0.408612 0.382859 0.47017 
0.476444 0.350053 0.32395 
0.519622 0.305283 0.176226 
0.530849 0.267631 0.0764407 
0.490446 0.228437 0.0296113 
0.38529 0.169066 0.0109265 
0.233528 0.091251 0.000694311 
0.0932394 0.0340716 0.0105445 
0.0437984 0.0621707 0.0815089 
0.148383 0.231456 0.256825 
0.419964 0.554526 0.549758 
0.811265 0.987658 0.928079 
1.23398 1.44643 1.32373 
1.59529 1.83953 1.65983 
1.83179 2.10162 1.87865 
1.92553 2.21016 1.95706 
1.89905 2.1823 1.9057 
1.79713 2.05872 1.75702 
1.66662 1.88511 1.55081 
1.54304 1.69931 1.32368 
1.44633 1.52684 1.10428 
1.38356 1.38261 0.913117 
1.3546 1.27526 0.764103 
1.3574 1.21092 0.666215 
1.39104 1.19465 0.624175 
1.45568 1.22937 0.638166 
1.5496 1.31275 0.702764 
1.66452 1.43365 0.80558 
1.78137 1.5698 0.926525 
1.86976 1.68907 1.03901 
1.8936 1.75567 1.11421 
1.82314 1.74068 1.12846 
1.64961 1.6337 1.07162 
1.39577 1.45052 0.952942 
1.11557 1.23183 0.800542 
0.879886 1.03168 0.653277 
0.752488 0.899096 0.547318 
0.766035 0.860609 0.503132 
0.90965 0.911841 0.519056 
1.13483 1.02256 0.57481 
