0.624007 1.48887 2.26654 
1.33325 2.37517 3.21011 
2.14559 3.30662 4.14879 
2.68828 3.89966 4.7529 
2.67312 3.85026 4.75627 
2.08558 3.12773 4.12173 
1.20229 2.00473 3.07279 
0.434262 0.911238 1.97547 
0.105086 0.214449 1.15383 
0.296737 0.0572324 0.752524 
0.836737 0.332521 0.714054 
1.41293 0.782528 0.86078 
1.73904 1.14713 1.01348 
1.68247 1.27668 1.07266 
1.30014 1.1641 1.03019 
0.782123 0.90488 0.930853 
0.345952 0.626728 0.826699 
0.139084 0.430883 0.753397 
0.192483 0.366346 0.729633 
0.435059 0.434922 0.765373 
0.745567 0.609867 0.866525 
1.00558 0.849517 1.03167 
1.13209 1.10027 1.2436 
1.09368 1.30062 1.4644 
0.92212 1.40073 1.64443 
0.713206 1.39275 1.74674 
0.595577 1.32422 1.77153 
0.662782 1.2708 1.75742 
0.904757 1.27841 1.75015 
1.19444 1.31811 1.75665 
1.35404 1.29533 1.72083 
1.26571 1.11623 1.54968 
0.95511 0.770723 1.1857 
0.592232 0.373976 0.681859 
0.405073 0.127618 0.216149 
0.55199 0.208076 0.00932515 
1.02378 0.642616 0.179677 
1.63659 1.25969 0.636304 
2.12987 1.76685 1.10852 
2.31646 1.92167 1.31296 
2.18677 1.68033 1.14101 
1.8925 1.21203 0.719334 
1.62219 0.767443 0.296185 
1.46505 0.50589 0.0536457 
1.36736 0.415128 0.00261311 
1.20705 0.372223 0.0328667 
0.915879 0.275189 0.0486876 
0.547042 0.128317 0.0566754 
0.239844 0.0214815 0.136325 
0.118994 0.0407372 0.340467 
0.211403 0.195423 0.627906 
0.438225 0.415574 0.884916 
0.675779 0.606256 1.00519 
0.831877 0.705922 0.954824 
0.885414 0.708061 0.777263 
0.87381 0.643893 0.550479 
0.849439 0.550511 0.339593 
0.839032 0.449403 0.176504 
0.830762 0.346174 0.0690934 
0.794233 0.247276 0.0228485 
0.716722 0.177113 0.0530235 
0.62398 0.173597 0.171873 
0.562077 0.254212 0.354802 
0.553478 0.378877 0.517584 
0.575808 0.458749 0.547258 
0.599144 0.431359 0.391988 
0.653803 0.35056 0.146516 
0.849995 0.39698 0.0402155 
1.3029 0.766364 0.299295 
2.01444 1.50843 0.972355 
2.82311 2.45288 1.86351 
3.48052 3.29452 2.63941 
3.79488 3.77177 3.03031 
3.72288 3.79847 2.97171 
3.35067 3.46651 2.59795 
2.81207 2.95547 2.12909 
2.23155 2.44418 1.75852 
1.7244 2.07667 1.60809 
1.41317 1.96136 1.73559 
1.40777 2.15802 2.14393 
1.74653 2.64219 2.76758 
2.34381 3.2783 3.45608 
2.99277 3.83962 3.99059 
3.4357 4.08439 4.15076 
3.4723 3.85987 3.81164 
3.05209 3.1813 3.01927 
2.30115 2.2377 1.99186 
1.46469 1.31277 1.03266 
0.792073 0.659271 0.397867 
0.425882 0.395241 0.194686 
0.356307 0.477311 0.363521 
0.464271 0.758134 0.742385 
0.618235 1.08276 1.16242 
0.749253 1.35511 1.5112 
0.846221 1.53204 1.73039 
0.89095 1.5701 1.77156 
0.824577 1.40562 1.57802 
0.611953 1.02141 1.1404 
0.346163 0.543207 0.582666 
0.244915 0.228675 0.16064 
0.475114 0.288353 0.107174 
0.951285 0.672629 0.425942 
1.34688 1.05715 0.841919 
1.37351 1.09983 1.00296 
1.08031 0.753756 0.773342 
0.852278 0.324092 0.342236 
1.07144 0.197387 0.0449944 
1.76055 0.508126 0.0857699 
2.55748 1.06478 0.431655 
3.02851 1.57145 0.934648 
2.99691 1.88021 1.49018 
2.59361 2.025 2.04695 
2.05632 2.06736 2.50608 
1.53203 1.97942 2.69172 
1.05425 1.69425 2.46921 
0.6337 1.22897 1.88434 
0.310122 0.714788 1.15993 
0.12069 0.304996 0.546653 
0.0597939 0.0740709 0.175508 
0.0897574 0.00539172 0.0329085 
0.176248 0.0489771 0.0400873 
0.299908 0.172227 0.137926 
0.445204 0.366221 0.313757 
0.594191 0.622755 0.575082 
0.725 0.905229 0.903381 
0.800139 1.13206 1.22359 
0.764726 1.20177 1.42589 
0.592197 1.07283 1.44789 
0.3553 0.842423 1.35472 
0.230161 0.722903 1.31722 
0.379415 0.887009 1.46755 
0.796136 1.29984 1.75279 
1.26531 1.70707 1.94436 
1.50392 1.81674 1.82034 
1.36594 1.52179 1.35721 
0.937039 0.970432 0.75212 
0.455852 0.442085 0.267148 
0.152797 0.159297 0.0532914 
0.135746 0.186682 0.100002 
0.372221 0.450946 0.307098 
0.734604 0.813707 0.571348 
1.0633 1.13192 0.814967 
1.22874 1.29698 0.976652 
1.17914 1.2642 1.01489 
0.951773 1.06346 0.927816 
0.640155 0.776316 0.757258 
0.342876 0.49185 0.563891 
0.128721 0.272253 0.395913 
0.025841 0.141977 0.274372 
0.0201389 0.0897429 0.194545 
0.059858 0.0764865 0.134831 
0.0814348 0.0581875 0.0744651 
0.0550069 0.0221194 0.0178807 
0.0120409 0.00529412 0.00343833 
0.0191141 0.064875 0.0748501 
0.114907 0.218496 0.232074 
0.272326 0.414061 0.412158 
0.424993 0.565496 0.528805 
0.528857 0.622103 0.538143 
0.594266 0.603601 0.468235 
0.660217 0.57124 0.388158 
0.744346 0.570997 0.353594 
0.820882 0.60428 0.380124 
0.843019 0.642748 0.454599 
0.783402 0.659671 0.555072 
0.657698 0.646268 0.654987 
0.516676 0.60779 0.719333 
0.415099 0.55302 0.713043 
0.377745 0.488184 0.622805 
0.385007 0.416896 0.472478 
0.390297 0.344117 0.315417 
0.35782 0.280571 0.207083 
0.289418 0.241489 0.175802 
0.217448 0.237344 0.209826 
0.174655 0.266042 0.270041 
0.175051 0.31997 0.323111 
0.223213 0.404848 0.372449 
0.331828 0.546548 0.458312 
0.515851 0.767548 0.619334 
0.762501 1.04891 0.845849 
1.01218 1.31871 1.07164 
1.18044 1.48863 1.21926 
1.20837 1.51155 1.26023 
1.0973 1.40834 1.23209 
0.899017 1.24057 1.19505 
0.67565 1.05835 1.1707 
0.467579 0.872536 1.12246 
0.290371 0.670721 0.993956 
0.149798 0.451685 0.765826 
0.0525743 0.241883 0.479825 
0.00514568 0.0829373 0.215437 
0.00883717 0.0074862 0.0452533 
0.0577132 0.022503 0.00123603 
0.135114 0.103181 0.0626649 
0.207001 0.19444 0.162346 
0.225481 0.227621 0.213559 
0.159614 0.162919 0.162598 
0.0449936 0.0431695 0.0477377 
0.00760711 0.0110605 0.0139143 
0.215647 0.245808 0.240853 
0.765521 0.835471 0.808291 
1.57765 1.67267 1.5946 
2.3943 2.46972 2.30575 
2.90456 2.90723 2.63808 
2.91932 2.82018 2.46396 
2.47331 2.28727 1.9016 
1.78572 1.56325 1.22104 
1.11926 0.915774 0.66862 
0.643922 0.48999 0.344805 
0.387716 0.281256 0.206123 
0.278485 0.200638 0.153367 
0.222258 0.159731 0.115693 
0.162116 0.115867 0.0748674 
0.0945586 0.0695617 0.0411257 
0.0504815 0.039714 0.0246198 
0.0615606 0.0428052 0.0303007 
0.136271 0.0882422 0.0724611 
0.262762 0.188249 0.188394 
0.433143 0.368148 0.431603 
0.6588 0.656251 0.836773 
0.949333 1.04649 1.37019 
1.26734 1.46013 1.90299 
1.50968 1.75298 2.24608 
1.55402 1.78713 2.24594 
1.34712 1.5258 1.88416 
0.960422 1.07433 1.3038 
0.556656 0.624917 0.733572 
0.287676 0.341475 0.360214 
0.2043 0.270507 0.238049 
0.245547 0.338264 0.290235 
0.30354 0.421741 0.383178 
0.30216 0.430263 0.411253 
0.231368 0.344064 0.341323 
0.128766 0.202802 0.208729 
0.0413819 0.0708811 0.0848322 
0.00117098 0.00567193 0.0374054 
0.0219062 0.0373899 0.0971607 
0.106059 0.161004 0.24253 
0.250984 0.342552 0.413387 
0.451142 0.538832 0.54882 
0.694363 0.71683 0.621583 
0.950526 0.85511 0.639479 
1.16033 0.927589 0.614237 
1.24316 0.895025 0.535025 
1.13595 0.728672 0.38377 
0.845431 0.45518 0.184068 
0.470294 0.176439 0.0290238 
0.160862 0.0269626 0.0408187 
0.0324582 0.0863413 0.278735 
0.0932161 0.314701 0.671973 
0.244017 0.570988 1.04475 
