0.0693987 0.062174 0.0542589 
0.0377579 0.0349898 0.0397937 
0.0190887 0.00722597 0.0105666 
0.0416099 0.0241923 0.0118319 
0.187896 0.185943 0.147907 
0.556541 0.592821 0.524547 
1.15713 1.23996 1.14463 
1.81923 1.94248 1.83822 
2.23276 2.38885 2.31353 
2.14668 2.33363 2.33451 
1.58093 1.79395 1.90183 
0.839974 1.06007 1.26719 
0.280643 0.478364 0.739935 
0.0436526 0.197073 0.455013 
0.011853 0.120018 0.328226 
0.0180366 0.0976627 0.23334 
0.0527158 0.127736 0.193635 
0.238642 0.33934 0.369155 
0.623691 0.794034 0.857448 
1.05244 1.3444 1.53184 
1.26894 1.70997 2.08688 
1.13244 1.68448 2.23734 
0.72461 1.27466 1.8929 
0.276065 0.681501 1.20202 
0.0184304 0.183484 0.477454 
0.0751789 0.00226072 0.0461898 
0.409826 0.184957 0.0656911 
0.825831 0.552277 0.405053 
1.05458 0.793728 0.723486 
0.93156 0.700625 0.744823 
0.537121 0.3553 0.504636 
0.150128 0.075131 0.316554 
0.0292633 0.137193 0.471722 
0.220582 0.545015 0.96998 
0.558141 1.05131 1.53891 
0.816194 1.37329 1.87661 
0.849914 1.37074 1.84894 
0.644772 1.07215 1.50162 
0.312198 0.622558 0.983042 
0.0505209 0.230366 0.493855 
0.0305924 0.0790008 0.226936 
0.243468 0.191163 0.240646 
0.482997 0.385252 0.379899 
0.564581 0.458802 0.418801 
0.59142 0.466372 0.3519 
0.936645 0.756349 0.495963 
1.88161 1.63829 1.19968 
3.26716 2.99334 2.41678 
4.54879 4.26529 3.61865 
5.21262 4.87478 4.18302 
5.12012 4.63884 3.87477 
4.47294 3.80317 2.95421 
3.54022 2.74784 1.88148 
2.49894 1.73516 0.985396 
1.49302 0.90213 0.388049 
0.708085 0.355305 0.112841 
0.294061 0.164281 0.14701 
0.237873 0.279009 0.406664 
0.377819 0.535125 0.734089 
0.549241 0.772517 0.986355 
0.676868 0.919198 1.10862 
0.734537 0.955506 1.10258 
0.699767 0.862587 0.96506 
0.615015 0.669978 0.71249 
0.653176 0.526884 0.451734 
1.01301 0.631776 0.351995 
1.6895 1.03524 0.500254 
2.38567 1.54324 0.810641 
2.72068 1.86996 1.11716 
2.54555 1.88951 1.3406 
2.0372 1.70513 1.51499 
1.49282 1.47838 1.64956 
1.07838 1.25017 1.63446 
0.791485 0.967829 1.34648 
0.60434 0.644863 0.835014 
0.552441 0.413866 0.341445 
0.66119 0.393494 0.102788 
0.845076 0.543919 0.153554 
0.941904 0.694052 0.332621 
0.851034 0.701347 0.45549 
0.612004 0.558349 0.451179 
0.348936 0.355805 0.35692 
0.16571 0.184669 0.239944 
0.0984201 0.0860564 0.147402 
0.132542 0.0587308 0.095413 
0.23617 0.0803931 0.0678942 
0.392468 0.135421 0.0377407 
0.631093 0.254655 0.0235448 
1.01887 0.520121 0.119535 
1.57419 0.982684 0.420647 
2.1698 1.54898 0.88771 
2.55597 1.9808 1.31217 
2.53313 2.05733 1.46011 
2.12047 1.75756 1.26721 
1.54263 1.27336 0.882334 
1.04688 0.843468 0.523503 
0.743018 0.588749 0.312035 
0.608247 0.499602 0.244208 
0.598009 0.53562 0.279839 
0.711998 0.696279 0.416564 
0.969144 1.00719 0.687011 
1.36586 1.4791 1.12174 
1.86638 2.08308 1.71581 
2.38847 2.71949 2.38393 
2.77371 3.19032 2.92499 
2.83003 3.26715 3.09275 
2.49851 2.88824 2.80302 
1.9994 2.31332 2.30115 
1.72543 1.99444 2.04409 
1.88505 2.18213 2.30976 
2.23927 2.63837 2.89702 
2.27439 2.81327 3.27206 
1.71408 2.3792 3.07127 
0.862119 1.59368 2.45925 
0.388111 1.09405 1.96174 
0.73453 1.30978 1.94575 
1.71785 2.07387 2.28472 
2.68952 2.7915 2.52407 
3.06269 2.95442 2.3283 
2.70503 2.49772 1.74692 
1.91116 1.73499 1.09618 
1.09216 1.03911 0.65659 
0.50433 0.597479 0.494245 
0.189674 0.391112 0.501891 
0.0688304 0.310959 0.536089 
0.0473343 0.265215 0.510377 
0.0628443 0.216121 0.412706 
0.0834452 0.16488 0.281208 
0.0939856 0.121483 0.16569 
0.0936769 0.0865011 0.0922363 
0.101964 0.0560365 0.0534965 
0.149844 0.0354676 0.0301307 
0.244289 0.0344985 0.0146482 
0.335663 0.0440293 0.0106074 
0.341273 0.0350655 0.0225135 
0.231838 0.00566063 0.0688745 
0.10415 0.0320576 0.207116 
0.142422 0.242269 0.514854 
0.463038 0.695359 1.00628 
0.96927 1.26911 1.55614 
1.37694 1.69875 1.94347 
1.44206 1.79111 2.03263 
1.21403 1.64275 1.94276 
1.05274 1.61852 2.0002 
1.32371 2.03149 2.43982 
2.01355 2.78504 3.10545 
2.6574 3.35657 3.48539 
2.71239 3.2159 3.13245 
2.05145 2.31292 2.09656 
1.0875 1.14582 0.921536 
0.397916 0.326957 0.180142 
0.235542 0.0844082 0.0113216 
0.405549 0.184775 0.115505 
0.567341 0.287538 0.157521 
0.587841 0.303872 0.11142 
0.599586 0.410006 0.215711 
0.792986 0.792225 0.670957 
1.21762 1.44318 1.43573 
1.75995 2.17423 2.27271 
2.2358 2.74581 2.90873 
2.47543 2.96893 3.14345 
2.37311 2.75475 2.89471 
1.92976 2.151 2.23215 
1.27542 1.34885 1.37702 
0.626445 0.612108 0.613734 
0.179297 0.147406 0.145249 
0.00754937 0.00394303 0.00057734 
0.0352394 0.0724453 0.0587463 
0.107258 0.176338 0.152649 
0.10938 0.190742 0.172876 
0.04623 0.111289 0.113972 
0.00773388 0.0238482 0.0434816 
0.0544434 0.00168759 0.0194077 
0.144656 0.0320852 0.0306615 
0.189443 0.0534973 0.0266763 
0.170048 0.0570258 0.0052953 
0.16768 0.11799 0.0445176 
0.262429 0.305534 0.221631 
0.429879 0.581269 0.511758 
0.571329 0.823626 0.799069 
0.639114 0.95584 0.995873 
0.693105 1.019 1.1236 
0.815327 1.10088 1.25688 
0.99307 1.21405 1.40647 
1.11599 1.2732 1.48845 
1.08567 1.18981 1.411 
0.906681 0.964812 1.16915 
0.669155 0.682209 0.846156 
0.465146 0.432878 0.540602 
0.333268 0.258562 0.306521 
0.263279 0.153065 0.149129 
0.224796 0.0909056 0.0521362 
0.188605 0.0517253 0.00481125 
0.141918 0.0360934 0.0194337 
0.097438 0.0669577 0.128048 
0.0794081 0.161439 0.342705 
0.0907408 0.288185 0.601911 
0.105383 0.367725 0.772693 
0.116061 0.347123 0.745229 
0.19091 0.285446 0.54754 
0.449415 0.337933 0.349651 
0.940244 0.614815 0.320392 
1.53084 1.04039 0.46513 
1.9463 1.3718 0.61617 
1.96085 1.38818 0.5969 
1.57785 1.07708 0.392408 
1.02495 0.635946 0.149938 
0.567194 0.293225 0.0198204 
0.319707 0.135237 0.0182781 
0.226603 0.098871 0.0523359 
0.186533 0.0963526 0.0506193 
0.16242 0.106813 0.0321399 
0.168532 0.145031 0.0453604 
0.19395 0.186722 0.0818471 
0.18651 0.173158 0.0898187 
0.118738 0.0925406 0.0653098 
0.0377692 0.0200914 0.0865119 
0.0232375 0.0489145 0.230383 
0.100885 0.187527 0.468502 
0.215729 0.344882 0.67129 
0.290921 0.416915 0.719026 
0.298904 0.374952 0.597858 
0.272846 0.271629 0.391557 
0.265691 0.182198 0.201844 
0.312042 0.153776 0.086493 
0.422648 0.199125 0.0555156 
0.596432 0.315638 0.100003 
0.822636 0.495807 0.213307 
1.06324 0.713922 0.383632 
1.23392 0.901717 0.563914 
1.22365 0.953169 0.65878 
0.974011 0.793297 0.578812 
0.565722 0.4752 0.347052 
0.204286 0.193323 0.143704 
0.0690013 0.14603 0.188328 
0.153082 0.350574 0.531575 
0.27584 0.610992 0.972476 
0.275146 0.699292 1.21744 
0.171272 0.566193 1.1319 
0.115925 0.355724 0.826531 
0.197588 0.227938 0.512141 
0.342259 0.208403 0.310537 
0.412158 0.215939 0.212022 
0.35569 0.185409 0.159841 
0.230366 0.120174 0.117501 
0.117601 0.0533683 0.0680275 
0.0750436 0.0231296 0.0144416 
0.165922 0.0971034 0.0108687 
0.458683 0.358883 0.149691 
0.938741 0.81058 0.462854 
1.43956 1.29751 0.836371 
