0.438816 0.0962504 0.0134401 
0.756313 0.319397 0.0701911 
0.978326 0.545767 0.233654 
0.947029 0.62554 0.378489 
0.649598 0.499784 0.406195 
0.252973 0.25071 0.308438 
0.0111759 0.0541339 0.169702 
0.109455 0.0695246 0.111472 
0.547876 0.338136 0.210522 
1.13536 0.751431 0.442003 
1.594 1.10929 0.688056 
1.70867 1.23232 0.809131 
1.43575 1.06005 0.729642 
0.916461 0.680303 0.483317 
0.396476 0.280375 0.19666 
0.098713 0.0504792 0.0245528 
0.113345 0.0870111 0.0684564 
0.362672 0.344416 0.316029 
0.664552 0.668295 0.642953 
0.856194 0.895892 0.888436 
0.887464 0.952855 0.955269 
0.811289 0.869172 0.853318 
0.693772 0.711478 0.655744 
0.547218 0.514782 0.427317 
0.357717 0.290416 0.206599 
0.161364 0.0863809 0.0448721 
0.0585481 0.00279457 0.0237259 
0.129025 0.117155 0.19933 
0.337469 0.393289 0.526116 
0.543054 0.684341 0.858792 
0.613916 0.842218 1.05232 
0.53143 0.828169 1.06736 
0.38446 0.719541 0.979216 
0.274529 0.620172 0.891135 
0.235609 0.573189 0.845991 
0.234884 0.552102 0.815986 
0.227121 0.514927 0.760442 
0.197047 0.455 0.682486 
0.163485 0.408621 0.635016 
0.16395 0.428063 0.679999 
0.23452 0.542292 0.83344 
0.378144 0.719175 1.02744 
0.531063 0.851589 1.11914 
0.575599 0.804995 0.970195 
0.431534 0.531143 0.575536 
0.167006 0.167827 0.145166 
0.00244415 0.00173206 0.0242391 
0.152099 0.264783 0.448321 
0.620342 0.911434 1.30807 
1.15481 1.59472 2.15249 
1.42811 1.90353 2.48253 
1.29113 1.67095 2.1144 
0.866555 1.08299 1.30474 
0.419308 0.508036 0.540159 
0.155642 0.226306 0.193168 
0.128374 0.291282 0.329959 
0.271523 0.579276 0.766084 
0.471026 0.912266 1.24282 
0.615857 1.14494 1.56312 
0.648457 1.20789 1.64214 
0.607532 1.1263 1.50514 
0.595048 0.988385 1.2469 
0.655315 0.85476 0.955843 
0.692296 0.693501 0.658394 
0.559239 0.440675 0.35364 
0.259891 0.14279 0.107951 
0.0277878 0.000749967 0.0750583 
0.147651 0.212724 0.366943 
0.671268 0.75026 0.889231 
1.3217 1.31366 1.33958 
1.69696 1.5443 1.4174 
1.58159 1.30446 1.06479 
1.08353 0.768322 0.512897 
0.507357 0.261886 0.0965648 
0.118666 0.0207177 0.0132407 
0.00627606 0.071206 0.225616 
0.107481 0.287701 0.548105 
0.3089 0.520815 0.799172 
0.512416 0.674134 0.887126 
0.64014 0.702346 0.801259 
0.629947 0.589999 0.574541 
0.466882 0.364667 0.280242 
0.225832 0.124947 0.0469734 
0.0521963 0.0133794 0.022206 
0.0510183 0.107452 0.258023 
0.170888 0.314678 0.608445 
0.23237 0.417304 0.788599 
0.140963 0.302635 0.634259 
0.0956458 0.187196 0.363944 
0.510952 0.543727 0.530163 
1.61178 1.67315 1.569 
3.06185 3.27774 3.29221 
4.07848 4.52237 4.85226 
4.04104 4.65092 5.33276 
3.03328 3.62032 4.47622 
1.75077 2.11936 2.85992 
0.859221 0.951065 1.36592 
0.488226 0.423495 0.50652 
0.363088 0.337121 0.251177 
0.316137 0.44353 0.374898 
0.505549 0.747848 0.787054 
1.09958 1.32466 1.45758 
1.88606 1.98456 2.15905 
2.34887 2.30053 2.4798 
2.14695 2.00132 2.16476 
1.4348 1.2545 1.37906 
0.679214 0.50644 0.572221 
0.22713 0.0873405 0.103371 
0.109318 0.0250761 0.0369587 
0.211629 0.201664 0.260934 
0.512715 0.577361 0.695823 
1.08224 1.19276 1.32296 
1.87993 1.98469 2.04496 
2.63724 2.68327 2.60849 
2.99146 2.94817 2.72879 
2.75541 2.62615 2.30979 
2.06636 1.88251 1.54206 
1.28155 1.08616 0.780874 
0.721867 0.554375 0.310527 
0.484365 0.371959 0.188812 
0.455557 0.409049 0.275927 
0.467069 0.479523 0.387071 
0.431397 0.482115 0.423389 
0.359877 0.424796 0.392657 
0.300355 0.362265 0.348726 
0.28535 0.335624 0.332711 
0.322821 0.356336 0.357096 
0.397126 0.411578 0.41304 
0.462323 0.467129 0.475402 
0.458197 0.481484 0.512316 
0.366785 0.444358 0.512052 
0.257884 0.406603 0.506694 
0.250385 0.450737 0.554585 
0.399351 0.608577 0.681428 
0.621226 0.807553 0.836762 
0.756924 0.920501 0.92443 
0.732359 0.89034 0.8942 
0.654448 0.806033 0.806526 
0.725509 0.835253 0.792279 
1.04264 1.06102 0.929879 
1.48006 1.38044 1.15553 
1.78106 1.57587 1.30257 
1.7761 1.4992 1.24108 
1.51539 1.19279 0.985496 
1.19413 0.834423 0.668818 
0.96076 0.571342 0.418012 
0.805365 0.413148 0.260339 
0.624661 0.27817 0.14699 
0.371374 0.12349 0.0512681 
0.122742 0.0118952 0.0257134 
0.00582861 0.0496974 0.156018 
0.0695226 0.267947 0.461776 
0.235178 0.570219 0.845959 
0.365265 0.79528 1.14347 
0.374224 0.832466 1.22652 
0.280344 0.689233 1.08027 
0.1671 0.465036 0.795786 
0.104379 0.268215 0.498016 
0.100979 0.148721 0.270764 
0.11734 0.0909253 0.130398 
0.11278 0.0548863 0.0527544 
0.0814606 0.0211442 0.0168413 
0.0522199 0.00361663 0.0254163 
0.0612753 0.029239 0.0917043 
0.123501 0.108298 0.212287 
0.22074 0.219046 0.352537 
0.309862 0.314199 0.455424 
0.344454 0.343983 0.467649 
0.301761 0.285741 0.370647 
0.202894 0.16661 0.202383 
0.111305 0.0625408 0.0541922 
0.102627 0.0640086 0.0325116 
0.218334 0.220127 0.195999 
0.430821 0.494232 0.503531 
0.644886 0.76578 0.815123 
0.74306 0.890333 0.962535 
0.658311 0.791929 0.858455 
0.432547 0.528821 0.571257 
0.208086 0.271044 0.294289 
0.132215 0.181277 0.207078 
0.234 0.280622 0.32758 
0.388045 0.425212 0.493854 
0.42365 0.43902 0.515415 
0.289875 0.287889 0.361103 
0.104235 0.111051 0.185888 
0.0207898 0.062235 0.152966 
0.0600426 0.132059 0.241679 
0.104191 0.167163 0.272432 
0.0756018 0.0834673 0.142602 
0.0856875 0.0258958 0.00519539 
0.351667 0.257992 0.1552 
0.941922 0.865521 0.709903 
1.62605 1.58991 1.42051 
2.01414 1.99305 1.83625 
1.86761 1.81277 1.67869 
1.28705 1.17384 1.07129 
0.614036 0.472148 0.424056 
0.161946 0.0642538 0.106745 
0.0232084 0.0437059 0.207734 
0.0852273 0.256413 0.54516 
0.182907 0.477365 0.854898 
0.226752 0.569127 0.968075 
0.218691 0.519034 0.864677 
0.191391 0.383899 0.623484 
0.158392 0.22779 0.349522 
0.118951 0.100421 0.130221 
0.0898302 0.0411608 0.018468 
0.110888 0.0739801 0.0234972 
0.209016 0.187754 0.108462 
0.35914 0.329429 0.20856 
0.490983 0.432507 0.270412 
0.542837 0.463783 0.285793 
0.510072 0.443591 0.287301 
0.439588 0.417211 0.306651 
0.381068 0.408176 0.33794 
0.350947 0.404816 0.347253 
0.340094 0.389144 0.317181 
0.337287 0.36287 0.269298 
0.330359 0.333697 0.232907 
0.296782 0.288717 0.201862 
0.223022 0.208436 0.145036 
0.143814 0.115038 0.065487 
0.137742 0.0818063 0.025942 
0.253247 0.165145 0.0890002 
0.438068 0.327441 0.233964 
0.565435 0.451389 0.357159 
0.543754 0.444021 0.366843 
0.393579 0.317803 0.266592 
0.213505 0.16356 0.136823 
0.0857507 0.058539 0.0489007 
0.0261925 0.0150636 0.0145439 
0.00927884 0.00561158 0.00910986 
0.012167 0.0094747 0.0155204 
0.0290422 0.0271995 0.0345261 
0.064065 0.0687649 0.0697409 
0.126107 0.142937 0.120176 
0.220726 0.249109 0.181894 
0.331514 0.364068 0.242759 
0.41192 0.439644 0.276942 
0.411453 0.430154 0.258719 
0.319016 0.331715 0.188426 
0.1784 0.191835 0.0996749 
0.0583957 0.0763928 0.0362018 
0.00676504 0.0256411 0.0217614 
0.026845 0.0360195 0.0493873 
0.0870117 0.0735657 0.0913249 
0.146953 0.100514 0.116009 
0.181611 0.0975412 0.104002 
0.192354 0.0735411 0.0599504 
0.202627 0.0600245 0.0140648 
0.241455 0.0925234 0.00798625 
