0.980943 0.532825 0.128634 
1.0974 0.532401 0.142979 
1.0587 0.452034 0.153397 
0.893567 0.32384 0.168664 
0.699219 0.210746 0.196126 
0.556636 0.150227 0.220741 
0.492402 0.149076 0.233074 
0.497461 0.214157 0.26846 
0.554153 0.360689 0.393184 
0.639743 0.581416 0.636607 
0.721904 0.821336 0.940974 
0.76998 1.00018 1.18939 
0.775689 1.06607 1.28916 
0.760524 1.02758 1.23142 
0.76579 0.939671 1.07961 
0.840914 0.867841 0.913655 
1.0361 0.865005 0.787583 
1.38566 0.964643 0.724827 
1.87565 1.17251 0.730224 
2.41942 1.45343 0.793238 
2.8758 1.73274 0.884822 
3.11244 1.92686 0.966023 
3.07328 1.98646 1.01039 
2.80047 1.91795 1.01925 
2.39889 1.76645 1.01122 
1.97686 1.5794 0.995099 
1.60791 1.38582 0.956988 
1.33006 1.20707 0.881065 
1.16327 1.07976 0.787621 
1.11584 1.05743 0.747352 
1.1715 1.17829 0.846607 
1.27551 1.42276 1.12297 
1.34372 1.70041 1.52219 
1.29867 1.88538 1.91467 
1.11218 1.88115 2.16321 
0.826155 1.6726 2.19515 
0.537549 1.33313 2.03173 
0.356086 0.985759 1.76196 
0.35941 0.746073 1.48652 
0.570113 0.682282 1.27329 
0.962935 0.810843 1.15085 
1.48837 1.11706 1.13201 
2.08861 1.57203 1.23468 
2.69441 2.1275 1.47281 
3.21663 2.70015 1.82509 
3.55639 3.17558 2.21757 
3.64055 3.44685 2.54837 
3.46101 3.46655 2.74192 
3.08571 3.27135 2.78828 
2.6272 2.9552 2.73262 
2.18428 2.60654 2.62263 
1.79431 2.25546 2.45933 
1.4343 1.87491 2.19807 
1.08092 1.44388 1.80797 
0.788636 1.02572 1.34483 
0.708164 0.783439 0.965423 
0.996187 0.887571 0.844741 
1.66317 1.36624 1.0415 
2.48871 2.02344 1.42227 
3.10476 2.51989 1.72585 
3.20943 2.57793 1.73338 
2.75162 2.15523 1.41106 
1.94476 1.45264 0.912276 
1.11152 0.761942 0.450088 
0.492295 0.285968 0.156724 
0.153463 0.0612458 0.0360578 
0.0256879 0.00563211 0.0154384 
0.00217642 0.0156158 0.0236601 
0.0106913 0.0296555 0.0283913 
0.0266944 0.0327428 0.0264052 
0.0505746 0.0308927 0.0211567 
0.0861191 0.0315269 0.0149568 
0.136126 0.0408178 0.0138894 
0.205966 0.0668007 0.029282 
0.300784 0.116102 0.068679 
0.416013 0.185876 0.125256 
0.533651 0.262051 0.178753 
0.631647 0.328794 0.209597 
0.697736 0.380419 0.213814 
0.733839 0.423564 0.205487 
0.749086 0.468461 0.206004 
0.750747 0.517942 0.229399 
0.738429 0.560203 0.27096 
0.699862 0.566639 0.302408 
0.612269 0.501235 0.282062 
0.460147 0.34975 0.188397 
0.264374 0.155038 0.0607484 
0.0906387 0.0171932 0.00108043 
0.0113711 0.0319319 0.106652 
0.0456178 0.20538 0.374414 
0.139474 0.429632 0.671518 
0.217292 0.560747 0.822885 
0.257069 0.5383 0.751686 
0.312312 0.435592 0.544621 
0.458377 0.394471 0.380241 
0.719687 0.509938 0.388861 
1.04671 0.767793 0.568683 
1.35343 1.07388 0.814658 
1.57111 1.32834 1.0103 
1.67516 1.47766 1.09665 
1.678 1.51901 1.07995 
1.60514 1.47518 1.00011 
1.47364 1.36919 0.899228 
1.28646 1.21549 0.80861 
1.04655 1.02738 0.748594 
0.776777 0.827304 0.727165 
0.521555 0.644205 0.732399 
0.32355 0.497984 0.729681 
0.198736 0.38953 0.678798 
0.135328 0.309051 0.565631 
0.111099 0.249604 0.417512 
0.103938 0.205408 0.279868 
0.0908762 0.161491 0.176431 
0.056265 0.10198 0.100656 
0.0139693 0.038373 0.0482121 
0.0126201 0.0180794 0.0418791 
0.100791 0.0860851 0.105604 
0.283276 0.236772 0.218111 
0.522085 0.419285 0.317868 
0.780027 0.595505 0.369068 
1.04145 0.772367 0.406225 
1.27321 0.955769 0.486607 
1.38469 1.08467 0.598728 
1.27229 1.05122 0.647702 
0.930399 0.812032 0.553054 
0.500754 0.464128 0.347744 
0.175214 0.177478 0.152643 
0.0368812 0.0439034 0.0516679 
0.0147742 0.0146448 0.0217513 
0.00784007 0.00205537 0.00629131 
0.0330978 0.0203033 0.0343312 
0.213819 0.182989 0.217361 
0.606751 0.54349 0.601399 
1.06452 0.962276 1.04269 
1.30765 1.17468 1.27432 
1.15759 1.01616 1.12679 
0.704084 0.582929 0.688323 
0.240587 0.163224 0.241469 
0.0295237 0.003228 0.0349054 
0.113969 0.125992 0.103743 
0.328816 0.353588 0.286935 
0.468954 0.48226 0.394034 
0.446177 0.436522 0.352288 
0.312715 0.28281 0.219652 
0.17104 0.131299 0.0934287 
0.0793983 0.041072 0.0247252 
0.0333471 0.00596704 0.00802708 
0.0118368 0.00260043 0.0236824 
0.0206102 0.0311075 0.0691731 
0.0870299 0.107768 0.148582 
0.219978 0.228897 0.244732 
0.382214 0.352259 0.31426 
0.504946 0.418181 0.315498 
0.531849 0.391174 0.242726 
0.455142 0.285788 0.135136 
0.317571 0.157853 0.0539511 
0.18424 0.0718332 0.0479237 
0.108485 0.0696974 0.132267 
0.113123 0.158773 0.290189 
0.191469 0.31816 0.487825 
0.31875 0.511915 0.687582 
0.462656 0.698597 0.85256 
0.588724 0.835744 0.946193 
0.663954 0.885218 0.936687 
0.664227 0.824991 0.811148 
0.586002 0.664556 0.592546 
0.454138 0.451399 0.343336 
0.314703 0.255792 0.143343 
0.21112 0.135831 0.0486517 
0.158654 0.104644 0.0588122 
0.138706 0.126453 0.12013 
0.119514 0.147352 0.166172 
0.0851026 0.136186 0.163944 
0.0458388 0.101277 0.128068 
0.0227321 0.0718152 0.0947043 
0.0244538 0.0659613 0.083822 
0.0417092 0.0770362 0.0854503 
0.0628909 0.0869406 0.0775612 
0.09204 0.088399 0.0519827 
0.149166 0.0929708 0.0221533 
0.251611 0.119705 0.00971476 
0.392214 0.177082 0.0267908 
0.53188 0.252971 0.0689026 
0.614145 0.318567 0.119379 
0.595917 0.343542 0.158257 
0.476481 0.313835 0.17057 
0.302946 0.240387 0.151843 
0.143758 0.151541 0.108991 
0.0483008 0.0752464 0.0568899 
0.0251657 0.0272845 0.0142697 
0.0542537 0.0139186 0.000686884 
0.113571 0.0386897 0.0302538 
0.189933 0.0985532 0.0994061 
0.26843 0.173301 0.178822 
0.325377 0.229101 0.225943 
0.343285 0.243882 0.217163 
0.331783 0.230841 0.171635 
0.323176 0.229063 0.137783 
0.339848 0.263975 0.149459 
0.368059 0.317769 0.194091 
0.369427 0.343143 0.226123 
0.318967 0.307302 0.211979 
0.228794 0.221036 0.160659 
0.134788 0.126489 0.112637 
0.0651992 0.0620541 0.104648 
0.0252523 0.0410942 0.147115 
0.00753445 0.0577067 0.228432 
0.00855136 0.101877 0.329701 
0.0309619 0.16369 0.43038 
0.0728577 0.227173 0.505317 
0.120402 0.268599 0.526709 
0.153898 0.267059 0.47655 
0.162129 0.219955 0.3608 
0.152653 0.150562 0.213383 
0.14964 0.100624 0.0857897 
0.179239 0.109823 0.025742 
0.250423 0.191414 0.0530118 
0.344167 0.318739 0.145132 
0.42108 0.435505 0.246391 
0.444903 0.488153 0.301051 
0.40507 0.459019 0.289909 
0.320483 0.373875 0.239916 
0.222921 0.277496 0.196459 
0.136949 0.19978 0.182907 
0.0740503 0.142826 0.185536 
0.0407016 0.0962344 0.176165 
0.0442629 0.0584724 0.145432 
0.0859911 0.0391761 0.110435 
0.150212 0.0430714 0.0918191 
0.207007 0.05861 0.0900276 
0.23068 0.0666024 0.0878969 
0.216383 0.0578848 0.0728385 
0.178598 0.0389058 0.0501148 
0.136075 0.0214535 0.0340806 
0.100785 0.0119783 0.0325246 
0.0779805 0.0116117 0.0430048 
0.0683207 0.0200923 0.0594641 
0.0654271 0.0337432 0.0753607 
0.0567319 0.042344 0.0813259 
0.0351116 0.0358864 0.0681839 
0.0100773 0.0170107 0.0376884 
0.000207914 0.00199865 0.00773562 
0.0110695 0.00656162 0.00352189 
0.0269479 0.0353485 0.0455344 
0.0315827 0.0897284 0.147435 
0.0335805 0.178809 0.316084 
0.0601525 0.308272 0.537244 
0.120995 0.45289 0.755817 
0.185906 0.55146 0.884971 
0.207803 0.545733 0.85774 
0.168487 0.431164 0.681608 
