0.874733 0.432839 0.127253 
0.78997 0.336085 0.064773 
0.617211 0.221212 0.0388089 
0.419255 0.121859 0.0458467 
0.247516 0.0558286 0.0732635 
0.127105 0.0237151 0.110828 
0.0583042 0.0176464 0.160517 
0.026972 0.0299883 0.234535 
0.0155103 0.0556302 0.341363 
0.0106991 0.0894218 0.470402 
0.00892543 0.124889 0.58833 
0.0196055 0.158061 0.652556 
0.0652441 0.19401 0.634812 
0.175484 0.249515 0.540049 
0.374949 0.346968 0.407907 
0.669238 0.501027 0.294569 
1.03628 0.705544 0.244723 
1.42869 0.929494 0.26919 
1.78723 1.1259 0.340377 
2.05951 1.25024 0.407711 
2.21526 1.27941 0.424546 
2.25159 1.2216 0.372589 
2.18728 1.11259 0.27189 
2.0505 1.00062 0.172295 
1.86744 0.927625 0.131506 
1.65775 0.915827 0.190803 
1.43787 0.965014 0.359503 
1.22835 1.05985 0.613808 
1.05802 1.18116 0.908144 
0.959417 1.31358 1.1915 
0.955355 1.4453 1.42055 
1.04288 1.56154 1.56528 
1.1849 1.63847 1.60851 
1.3172 1.64469 1.54405 
1.37102 1.55253 1.37764 
1.30168 1.35407 1.13023 
1.10883 1.07179 0.839098 
0.836698 0.755527 0.552056 
0.553367 0.464724 0.313962 
0.319867 0.244717 0.151316 
0.165985 0.110337 0.0640411 
0.0855991 0.0466597 0.0308851 
0.0521978 0.026191 0.0268047 
0.042682 0.0310955 0.0421936 
0.0528554 0.0653999 0.0911121 
0.0945196 0.148619 0.201633 
0.177608 0.295086 0.39302 
0.29193 0.493806 0.654156 
0.403732 0.704167 0.938347 
0.471521 0.872294 1.17984 
0.470882 0.958193 1.32315 
0.410254 0.955496 1.34738 
0.325206 0.890251 1.27066 
0.254332 0.799928 1.13314 
0.214114 0.708238 0.971716 
0.19181 0.614332 0.803877 
0.162259 0.503801 0.630548 
0.115667 0.371529 0.452001 
0.0734929 0.236493 0.281201 
0.0772047 0.134444 0.141904 
0.155544 0.0924101 0.0528805 
0.294471 0.105245 0.0129698 
0.435137 0.135298 0.00263203 
0.506294 0.13954 0.00429098 
0.471435 0.106049 0.0262445 
0.35737 0.0713635 0.108148 
0.241472 0.101518 0.297414 
0.203175 0.2457 0.608307 
0.271388 0.493382 0.992013 
0.40385 0.766382 1.34264 
0.51314 0.954852 1.54146 
0.522151 0.97623 1.51517 
0.412192 0.820297 1.27325 
0.233113 0.55287 0.901959 
0.0716737 0.278276 0.52032 
0.00188395 0.0864372 0.225929 
0.0500434 0.0169092 0.0613974 
0.193385 0.0568749 0.0150554 
0.386665 0.166246 0.0466899 
0.594166 0.308074 0.116806 
0.805709 0.46494 0.202413 
1.03037 0.636486 0.296683 
1.27742 0.826659 0.401008 
1.53949 1.03235 0.518513 
1.78734 1.23893 0.65083 
1.97612 1.42083 0.794253 
2.05816 1.54416 0.9332 
1.99775 1.57193 1.03575 
1.78609 1.47532 1.0596 
1.45317 1.2507 0.971591 
1.06984 0.934373 0.772334 
0.733131 0.602537 0.509774 
0.534183 0.34931 0.268535 
0.520024 0.24901 0.136067 
0.668487 0.321083 0.161959 
0.892548 0.517843 0.332755 
1.07576 0.743684 0.576564 
1.12283 0.896941 0.795119 
1.00011 0.913118 0.906313 
0.746178 0.788386 0.876128 
0.449047 0.574165 0.726461 
0.204092 0.348959 0.518688 
0.0748401 0.183663 0.324062 
0.0742622 0.116662 0.195777 
0.171181 0.147125 0.153752 
0.313306 0.24473 0.185246 
0.452098 0.367159 0.256994 
0.557309 0.475788 0.330954 
0.617615 0.544082 0.376773 
0.632454 0.558963 0.378045 
0.604056 0.519092 0.333401 
0.535865 0.433646 0.254889 
0.436664 0.321732 0.164678 
0.324088 0.209428 0.0891819 
0.221259 0.121993 0.0499048 
0.146419 0.0731613 0.0535274 
0.102774 0.0581679 0.087057 
0.0777028 0.0571344 0.123298 
0.0541938 0.0490253 0.13592 
0.0269151 0.0275317 0.115615 
0.00948815 0.0065517 0.075882 
0.0246368 0.00909629 0.0428586 
0.082542 0.0463343 0.0353747 
0.164451 0.103196 0.0501003 
0.227602 0.144413 0.0644001 
0.232406 0.140012 0.056438 
0.174087 0.0926714 0.0276703 
0.0939821 0.0446295 0.00893197 
0.057862 0.0546458 0.0423272 
0.112618 0.157655 0.149668 
0.25058 0.334674 0.310071 
0.407964 0.515887 0.464642 
0.501124 0.61777 0.547609 
0.477567 0.591305 0.524324 
0.347859 0.450202 0.411333 
0.177689 0.261535 0.265969 
0.0467485 0.106315 0.153344 
0.00268763 0.0362072 0.112499 
0.0393766 0.0524531 0.14162 
0.109874 0.11594 0.207747 
0.160851 0.176877 0.270601 
0.163635 0.202858 0.303935 
0.123693 0.189781 0.303344 
0.0678987 0.154355 0.280547 
0.0231824 0.11832 0.251981 
0.00217892 0.0961942 0.229909 
0.00243889 0.091863 0.219316 
0.0147602 0.10174 0.218959 
0.0314915 0.119142 0.223586 
0.0490112 0.136686 0.225933 
0.0652344 0.147188 0.218918 
0.0769149 0.145049 0.198382 
0.0803199 0.128716 0.16547 
0.0748117 0.102756 0.127001 
0.0659435 0.0774468 0.0931123 
0.064995 0.0653265 0.0731683 
0.0845693 0.0760661 0.0719946 
0.132541 0.112081 0.0880566 
0.207542 0.166785 0.11398 
0.29824 0.22618 0.138873 
0.386815 0.2733 0.151696 
0.455272 0.294106 0.145 
0.491999 0.282784 0.118031 
0.495692 0.24414 0.0777991 
0.474717 0.191608 0.0369641 
0.442112 0.141326 0.00875796 
0.408808 0.104986 0.00107577 
0.378827 0.0852112 0.0128144 
0.349173 0.0759855 0.0346068 
0.31426 0.0677573 0.0536699 
0.271876 0.05406 0.0601343 
0.226739 0.0357075 0.0515037 
0.189373 0.0203073 0.0331447 
0.17108 0.0177506 0.0149959 
0.178132 0.0345707 0.00653399 
0.208555 0.0703311 0.0125517 
0.253064 0.11768 0.0315064 
0.299227 0.165573 0.0567844 
0.336426 0.203695 0.0799313 
0.359224 0.22595 0.0942037 
0.368071 0.231717 0.0968687 
0.367762 0.224863 0.0894307 
0.364947 0.211445 0.0760438 
0.365895 0.197343 0.0612219 
0.375105 0.186701 0.0481 
0.394601 0.181333 0.0378898 
0.4235 0.180723 0.0303105 
0.45765 0.182217 0.0243334 
0.489615 0.181398 0.0188166 
0.509538 0.173024 0.0131363 
0.50714 0.152794 0.00808486 
0.474584 0.119608 0.00684772 
0.409351 0.0773363 0.0152699 
0.316259 0.0351007 0.0406076 
0.208046 0.0057237 0.0888155 
0.104256 0.00283698 0.161544 
0.0282469 0.0375437 0.254449 
0.00215014 0.11528 0.357703 
0.0402061 0.233182 0.458261 
0.142163 0.378415 0.542625 
0.289752 0.528534 0.599067 
0.449208 0.655153 0.61925 
0.580612 0.73115 0.599735 
0.651193 0.739442 0.543423 
0.646829 0.679518 0.460047 
0.576169 0.568064 0.364461 
0.465354 0.432756 0.272524 
0.346373 0.302015 0.196122 
0.245236 0.195859 0.139936 
0.17544 0.122028 0.101786 
0.138242 0.0781042 0.0760704 
0.127107 0.0567424 0.0578227 
0.1322 0.050035 0.0446523 
0.142698 0.0509329 0.0357916 
0.147777 0.0527293 0.02989 
0.138586 0.0492268 0.0241937 
0.11198 0.0370523 0.0164164 
0.0738522 0.0188026 0.00802284 
0.0384288 0.00389924 0.00599608 
0.0218931 0.00503717 0.0209078 
0.0329579 0.0314054 0.0618352 
0.0663706 0.0828731 0.131259 
0.104652 0.149457 0.223445 
0.128477 0.217123 0.327481 
0.130027 0.276484 0.432809 
0.120747 0.328478 0.533175 
0.127515 0.382736 0.626079 
0.178171 0.449104 0.708205 
0.284163 0.527612 0.770596 
0.430406 0.603675 0.798013 
0.578699 0.652342 0.774303 
0.683359 0.649811 0.691378 
0.710965 0.585859 0.556496 
0.654043 0.470127 0.392979 
0.532339 0.328804 0.233144 
0.382258 0.193769 0.106746 
0.240957 0.0901714 0.0307812 
0.133294 0.0286516 0.00543042 
0.0668887 0.0050981 0.0173178 
0.0354715 0.00646655 0.0473144 
0.0266024 0.0184429 0.0783795 
0.0288459 0.030927 0.100005 
0.0354325 0.0396839 0.108553 
0.0443653 0.0451055 0.105151 
0.0568384 0.05017 0.0934004 
0.075827 0.0590787 0.0781466 
0.105418 0.0766401 0.0650397 
0.150224 0.107563 0.0599024 
0.214033 0.155018 0.067339 
0.297653 0.218766 0.0889895 
0.396926 0.293888 0.122446 
