0.470319 0.349111 0.346031 
0.22783 0.128281 0.143659 
0.0858823 0.0644273 0.143763 
0.106384 0.189146 0.351167 
0.254121 0.426894 0.65696 
0.397415 0.615607 0.879019 
0.402921 0.610885 0.866782 
0.255495 0.407997 0.61586 
0.085667 0.16653 0.292954 
0.0619267 0.0911764 0.122797 
0.241142 0.262732 0.217082 
0.519649 0.574632 0.495892 
0.727386 0.831216 0.770068 
0.765835 0.905907 0.897076 
0.661578 0.812623 0.864116 
0.509349 0.650025 0.746946 
0.384244 0.502871 0.619479 
0.304517 0.396345 0.508851 
0.25266 0.316791 0.411431 
0.211495 0.249465 0.322464 
0.181794 0.195155 0.245995 
0.177737 0.16623 0.192325 
0.209612 0.175146 0.175926 
0.266477 0.221195 0.208487 
0.315388 0.282608 0.283095 
0.324326 0.325474 0.365997 
0.290311 0.328493 0.414518 
0.242885 0.30288 0.412874 
0.217825 0.287282 0.393385 
0.22857 0.31988 0.418128 
0.261732 0.408422 0.529032 
0.293124 0.518874 0.704438 
0.303572 0.591704 0.861925 
0.285173 0.578987 0.913288 
0.242318 0.47826 0.829787 
0.189037 0.334696 0.660461 
0.140055 0.207368 0.488301 
0.101677 0.131051 0.370368 
0.0745507 0.109806 0.319195 
0.0669673 0.141472 0.330541 
0.101055 0.23724 0.411016 
0.199876 0.410149 0.568537 
0.364568 0.644833 0.779147 
0.560799 0.881476 0.971784 
0.726945 1.03468 1.05553 
0.805522 1.04373 0.980141 
0.785918 0.928114 0.794448 
0.727042 0.803137 0.652465 
0.725993 0.819536 0.733134 
0.84049 1.04923 1.10571 
1.02956 1.40797 1.64544 
1.17554 1.69645 2.09019 
1.17381 1.73776 2.20964 
1.00729 1.4952 1.95074 
0.744311 1.07885 1.44973 
0.48097 0.661772 0.933268 
0.295008 0.399015 0.617467 
0.247958 0.409388 0.674827 
0.418183 0.800076 1.2431 
0.916919 1.66916 2.40425 
1.83553 3.03232 4.09252 
3.10875 4.68334 5.96883 
4.38066 6.10336 7.38874 
5.05574 6.59691 7.61553 
4.63823 5.70896 6.28016 
3.17339 3.67333 3.80028 
1.3766 1.4537 1.32833 
0.210917 0.182367 0.0883193 
0.188497 0.36499 0.534358 
1.00557 1.5321 2.04188 
1.85231 2.66739 3.43407 
2.09806 3.02258 3.88488 
1.7148 2.5867 3.40822 
1.11959 1.87151 2.59289 
0.710041 1.35448 1.97695 
0.586921 1.15659 1.69761 
0.641282 1.15399 1.62659 
0.77022 1.23977 1.66753 
0.940214 1.39805 1.83267 
1.09692 1.58273 2.08768 
1.12377 1.6446 2.2462 
0.948393 1.4456 2.09138 
0.665847 1.02711 1.59252 
0.497674 0.615153 0.963799 
0.593041 0.431525 0.492665 
0.871053 0.500498 0.312974 
1.0773 0.645767 0.339286 
1.00935 0.670679 0.397555 
0.690751 0.531595 0.394204 
0.326975 0.338497 0.356038 
0.102875 0.209685 0.334922 
0.0367411 0.15506 0.316627 
0.0266171 0.108534 0.246638 
0.00533383 0.0465787 0.129627 
0.0138284 0.0345401 0.0639439 
0.122244 0.143216 0.152666 
0.317487 0.344227 0.387559 
0.502993 0.517239 0.639587 
0.6037 0.562318 0.766594 
0.64162 0.488829 0.722271 
0.698786 0.394087 0.569329 
0.828816 0.378835 0.418756 
1.02494 0.497405 0.376407 
1.2609 0.765541 0.523597 
1.53008 1.17172 0.894511 
1.82966 1.65881 1.43523 
2.11984 2.11063 1.99052 
2.31667 2.38564 2.36114 
2.33078 2.38322 2.40299 
2.11817 2.09108 2.0949 
1.71018 1.58812 1.53702 
1.21218 1.01651 0.901803 
0.769604 0.539672 0.374527 
0.507424 0.289727 0.098937 
0.471718 0.317185 0.135805 
0.614249 0.574197 0.452401 
0.83381 0.948134 0.950904 
1.04067 1.31992 1.51103 
1.19406 1.60298 2.01262 
1.29287 1.74703 2.33845 
1.34024 1.72733 2.39008 
1.31761 1.54303 2.13161 
1.19011 1.2243 1.62847 
0.941488 0.834611 1.03528 
0.611536 0.459914 0.52791 
0.297367 0.184155 0.222726 
0.101275 0.0556301 0.132513 
0.0597517 0.0604751 0.179346 
0.11896 0.129345 0.251894 
0.184964 0.18422 0.272929 
0.201082 0.190599 0.234816 
0.177719 0.168129 0.18062 
0.159689 0.159189 0.15796 
0.189334 0.206824 0.2046 
0.313424 0.372714 0.383219 
0.599475 0.747108 0.797275 
1.09092 1.37962 1.50686 
1.70947 2.15667 2.38148 
2.21812 2.76675 3.05864 
2.33892 2.86082 3.13416 
1.96237 2.31989 2.47978 
1.25947 1.38935 1.40068 
0.573226 0.526794 0.447484 
0.174535 0.0774925 0.0193901 
0.0974043 0.0602654 0.105602 
0.180763 0.233374 0.377688 
0.242074 0.339396 0.507691 
0.208552 0.288588 0.403633 
0.11697 0.152097 0.191038 
0.0354371 0.039137 0.0360672 
0.00297827 0.00367621 0.0115246 
0.0193378 0.0375368 0.0928132 
0.0589205 0.106212 0.222085 
0.088841 0.177783 0.355669 
0.093202 0.239504 0.476971 
0.0929794 0.306533 0.59437 
0.133858 0.408948 0.726663 
0.24178 0.555013 0.873272 
0.390546 0.705863 0.993996 
0.518997 0.796011 1.02887 
0.578082 0.782694 0.945662 
0.55706 0.673286 0.766853 
0.472992 0.510311 0.551846 
0.352982 0.342179 0.35995 
0.231361 0.208703 0.228235 
0.146752 0.135818 0.166985 
0.121922 0.124804 0.159548 
0.144239 0.146646 0.169029 
0.175941 0.160409 0.160388 
0.188107 0.14486 0.124452 
0.18114 0.110391 0.0784914 
0.172206 0.0805566 0.0436939 
0.169664 0.0676573 0.0275628 
0.163849 0.066975 0.0273653 
0.13944 0.0667224 0.0394875 
0.0933792 0.0579223 0.057668 
0.0419485 0.0388775 0.0683725 
0.0105652 0.016413 0.0589719 
0.0128961 0.00239392 0.0325852 
0.0390047 0.00599036 0.00995875 
0.0683735 0.0296722 0.0141959 
0.0939227 0.0709382 0.0521628 
0.122411 0.119046 0.104753 
0.146187 0.146456 0.132326 
0.132077 0.120156 0.102728 
0.0647472 0.0465541 0.0349372 
0.00319042 0.00709828 0.0167528 
0.0631058 0.118465 0.151909 
0.309408 0.422588 0.458579 
0.661799 0.81028 0.815705 
0.928324 1.07552 1.03086 
0.953248 1.06917 0.983962 
0.740225 0.811712 0.716156 
0.435167 0.463 0.384883 
0.196604 0.188951 0.137728 
0.0853279 0.0552693 0.0243594 
0.0691029 0.0325694 0.00994262 
0.113812 0.0799157 0.0502419 
0.247285 0.20427 0.14151 
0.515017 0.429075 0.297075 
0.869973 0.709368 0.483882 
1.13446 0.905164 0.603725 
1.12127 0.87934 0.566554 
0.819358 0.639343 0.392374 
0.4325 0.354381 0.214144 
0.191857 0.196461 0.148715 
0.138536 0.176274 0.176917 
0.139594 0.180491 0.192071 
0.114995 0.16464 0.163997 
0.158793 0.227701 0.189038 
0.368479 0.441963 0.337225 
0.623415 0.676808 0.509441 
0.668471 0.705419 0.533227 
0.436102 0.486348 0.383688 
0.158785 0.225183 0.211578 
0.0836009 0.11441 0.141019 
0.175215 0.127579 0.159201 
0.225378 0.16381 0.265111 
0.186583 0.27955 0.579517 
0.212156 0.585973 1.13142 
0.353596 0.945867 1.60965 
0.423867 1.01091 1.579 
0.28011 0.661366 1.00839 
0.0833701 0.218236 0.367178 
0.0852649 0.0462499 0.0671293 
0.242052 0.0936019 0.026115 
0.274047 0.0715956 0.0205411 
0.106862 0.00316319 0.263224 
0.00326513 0.241463 1.17331 
0.158785 0.855852 2.52266 
0.388699 1.33889 3.29704 
0.398953 1.18826 2.75553 
0.204726 0.57222 1.36452 
0.0473287 0.0945318 0.27378 
0.0104613 0.0122152 0.00402635 
0.0123769 0.0598563 0.1103 
0.12376 0.0261148 0.0987035 
0.501485 0.0464087 0.0694644 
0.912977 0.174452 0.213194 
0.796851 0.17743 0.286351 
0.200878 0.218368 0.217028 
0.34829 1.36941 0.88295 
2.58008 4.62412 3.35288 
6.5453 9.19772 7.10897 
9.92703 12.4551 9.76938 
10.4056 12.1287 9.24522 
7.80303 8.50664 5.95069 
4.06521 4.08104 2.34717 
1.30062 1.14893 0.407691 
0.161977 0.117388 0.0655532 
0.0075171 0.0209563 0.138174 
