1.1563 0.61019 0.133275 
1.52743 0.914284 0.322807 
1.66171 1.14756 0.601671 
1.57094 1.3111 0.957106 
1.36156 1.42354 1.32736 
1.13358 1.46634 1.5908 
0.921078 1.38673 1.62094 
0.716153 1.16212 1.38126 
0.523648 0.85309 0.97607 
0.372093 0.57624 0.595571 
0.275016 0.413986 0.387616 
0.204774 0.351768 0.363101 
0.123518 0.308002 0.414856 
0.0385805 0.224825 0.425192 
0.0121562 0.125801 0.359856 
0.104496 0.0854437 0.270616 
0.305883 0.147378 0.221919 
0.526648 0.274348 0.222294 
0.655387 0.374502 0.222623 
0.632949 0.37524 0.173539 
0.484911 0.280678 0.0845227 
0.297932 0.17119 0.0337464 
0.164876 0.14981 0.121166 
0.133139 0.272832 0.398395 
0.181961 0.508388 0.823139 
0.241424 0.750131 1.26983 
0.245029 0.879527 1.59154 
0.181867 0.835972 1.69303 
0.108355 0.646924 1.56756 
0.111731 0.403321 1.28068 
0.262363 0.211242 0.926764 
0.598023 0.161774 0.59779 
1.13755 0.324669 0.375171 
1.87649 0.732318 0.320027 
2.73598 1.33259 0.439957 
3.50914 1.94704 0.653317 
3.89265 2.30604 0.803765 
3.63854 2.187 0.750218 
2.74411 1.58234 0.484245 
1.531 0.765975 0.179162 
0.523415 0.179768 0.109922 
0.182219 0.193027 0.481397 
0.662347 0.889178 1.2818 
1.74426 2.01848 2.26698 
2.96678 3.13851 3.08742 
3.86181 3.84131 3.46957 
4.15059 3.92788 3.33559 
3.8149 3.44905 2.80149 
3.04398 2.62653 2.08146 
2.11641 1.72702 1.37541 
1.28354 0.960715 0.803985 
0.69638 0.435589 0.404795 
0.387189 0.161304 0.163434 
0.295253 0.0801165 0.0451317 
0.315408 0.104748 0.0109574 
0.346877 0.151568 0.0224551 
0.326786 0.164033 0.0456161 
0.242695 0.124795 0.059559 
0.126354 0.0560596 0.0660204 
0.0342696 0.0078018 0.0903875 
0.0212989 0.034037 0.166947 
0.113932 0.161576 0.310538 
0.291627 0.363928 0.490259 
0.486421 0.559488 0.62874 
0.608306 0.64702 0.640715 
0.591436 0.567667 0.495428 
0.437217 0.354551 0.258079 
0.221537 0.126415 0.0672161 
0.0520502 0.0171957 0.0496188 
0.000833092 0.0874097 0.230868 
0.0632705 0.286189 0.514112 
0.175284 0.495071 0.748196 
0.270463 0.615601 0.8308 
0.325271 0.627764 0.764109 
0.35792 0.579041 0.627349 
0.393962 0.528726 0.504201 
0.438176 0.503448 0.431406 
0.475226 0.494064 0.39889 
0.48832 0.479361 0.379677 
0.473938 0.446813 0.353569 
0.444662 0.398695 0.312657 
0.425103 0.35007 0.259409 
0.443106 0.323264 0.205248 
0.513596 0.335582 0.165278 
0.620512 0.382588 0.146682 
0.71359 0.431496 0.140643 
0.731165 0.436812 0.128719 
0.637951 0.370647 0.0997569 
0.451409 0.244679 0.0611874 
0.238077 0.106858 0.0342418 
0.0826483 0.0156493 0.0381044 
0.0475087 0.00848249 0.0758346 
0.142123 0.0814554 0.130656 
0.316719 0.190529 0.173888 
0.486114 0.275143 0.181 
0.574341 0.292802 0.14765 
0.554223 0.242742 0.0940121 
0.455178 0.160971 0.0509967 
0.335605 0.0909486 0.0373614 
0.245099 0.0557823 0.0479649 
0.207074 0.0554005 0.0649948 
0.227682 0.0856378 0.0808955 
0.309121 0.153045 0.10812 
0.445652 0.265376 0.16338 
0.607484 0.407212 0.241418 
0.738541 0.530691 0.306911 
0.782813 0.579159 0.317638 
0.721766 0.528082 0.261629 
0.588519 0.407277 0.175124 
0.443659 0.282934 0.1227 
0.333463 0.213333 0.153045 
0.266479 0.214211 0.264685 
0.224202 0.258487 0.407293 
0.188787 0.303949 0.514956 
0.15926 0.322155 0.544458 
0.145323 0.308195 0.492742 
0.151738 0.272204 0.388077 
0.171449 0.226798 0.268389 
0.191618 0.181011 0.163434 
0.203233 0.140689 0.0882148 
0.205196 0.110421 0.0453716 
0.202491 0.0943941 0.0310779 
0.20259 0.0961916 0.0401821 
0.211785 0.117385 0.0682005 
0.230951 0.154711 0.109911 
0.25248 0.197906 0.157004 
0.262184 0.231628 0.198341 
0.246917 0.241964 0.223777 
0.202958 0.223259 0.228421 
0.138977 0.180196 0.213498 
0.0722119 0.124427 0.18363 
0.0215087 0.0694443 0.144068 
0.00117025 0.0270924 0.100521 
0.0165512 0.00552802 0.0601865 
0.0612602 0.00694334 0.0306203 
0.1176 0.0256395 0.0159598 
0.162514 0.0493847 0.0140379 
0.177859 0.0652724 0.0179588 
0.15921 0.0667794 0.0213002 
0.117109 0.0566478 0.0222856 
0.0700551 0.0434484 0.0234004 
0.0345907 0.0350766 0.0276282 
0.0190243 0.0345054 0.0354451 
0.0231412 0.0401943 0.0450687 
0.0416055 0.0492464 0.0547263 
0.0676379 0.0599939 0.0641996 
0.0954103 0.0724793 0.07451 
0.121197 0.0874058 0.0866147 
0.143348 0.104628 0.100232 
0.161044 0.121952 0.113206 
0.172708 0.135044 0.121729 
0.175675 0.139118 0.121853 
0.167789 0.131759 0.111887 
0.149701 0.114889 0.0939229 
0.125828 0.0941456 0.0729829 
0.102925 0.0759636 0.0543042 
0.0868232 0.0643393 0.0409098 
0.0790349 0.0590935 0.0330222 
0.075423 0.0563788 0.0291164 
0.0685475 0.05124 0.0275203 
0.05314 0.041227 0.027751 
0.0313046 0.0290566 0.0310699 
0.0132799 0.022165 0.0397641 
0.0123209 0.0286656 0.0551714 
0.0363711 0.0517178 0.0754353 
0.0813906 0.0855912 0.0944613 
0.130624 0.116216 0.103256 
0.161646 0.127341 0.0941302 
0.15886 0.110333 0.066619 
0.124015 0.0715685 0.0311185 
0.0758017 0.0301653 0.00519462 
0.0367457 0.00523997 0.00240227 
0.0174859 0.00239601 0.0220058 
0.0124466 0.0120573 0.0500546 
0.00996258 0.0211399 0.071966 
0.00497185 0.0252792 0.0838522 
0.00116063 0.0288896 0.0907703 
0.00338178 0.0356915 0.0958094 
0.0121805 0.0436201 0.095184 
0.0265578 0.0503977 0.0858674 
0.0480471 0.0601468 0.0744848 
0.0777575 0.0795174 0.0733775 
0.109678 0.106774 0.0866042 
0.13067 0.128312 0.102903 
0.12961 0.128752 0.105114 
0.106339 0.104256 0.0860659 
0.0713669 0.065421 0.054288 
0.0380984 0.0285647 0.0256423 
0.0160997 0.0055522 0.0114648 
0.0100998 0.000383404 0.0138588 
0.0222703 0.0116827 0.0286219 
0.052741 0.0355212 0.0497745 
0.0961091 0.065416 0.0715085 
0.137492 0.0913432 0.0881346 
0.156235 0.102349 0.0948662 
0.14064 0.0941677 0.0906659 
0.101696 0.0749171 0.0802842 
0.066243 0.059097 0.07116 
0.0501418 0.0528583 0.0669023 
0.0429439 0.0495534 0.0662475 
0.0299814 0.0459671 0.0703986 
0.0271025 0.0574066 0.0855534 
0.072615 0.10046 0.108731 
0.170038 0.155665 0.114418 
0.254212 0.167438 0.0760909 
0.2449 0.10556 0.0158716 
0.140557 0.021207 0.015641 
0.0326884 0.00881776 0.142148 
0.0072629 0.0955093 0.349629 
0.0498634 0.193439 0.488173 
0.0779467 0.194158 0.442711 
0.0580798 0.100237 0.255263 
0.0478981 0.0228619 0.0773584 
0.104507 0.0404996 0.00473288 
0.189704 0.103505 0.00302414 
0.209791 0.112446 0.0102174 
0.137088 0.0576452 0.0503929 
0.0433726 0.0214524 0.176358 
0.00267067 0.0460081 0.325686 
0.00638035 0.0712173 0.341521 
0.00563594 0.0453954 0.192052 
0.00145354 0.0424456 0.0956455 
0.0382329 0.18717 0.317429 
0.115475 0.465831 0.834285 
0.164749 0.688587 1.2917 
0.136362 0.680836 1.34401 
0.0652496 0.467196 0.988831 
0.0173108 0.221799 0.518468 
0.00523352 0.07353 0.19573 
0.00154256 0.0194221 0.0595666 
0.00344782 0.00370818 0.0170119 
0.019601 0.000509532 0.00150938 
0.0220115 0.0272711 0.00830225 
0.0429867 0.203461 0.102337 
0.379356 0.856891 0.491027 
1.54767 2.40616 1.46193 
3.78321 4.86868 3.0029 
6.4902 7.4146 4.44126 
8.35563 8.64686 4.73123 
8.26368 7.6472 3.41271 
6.22826 4.86961 1.31199 
3.41058 1.90273 0.0478983 
1.18437 0.220324 0.625223 
0.162524 0.105378 2.50038 
0.0386578 0.7247 4.1007 
0.177199 1.10256 4.24927 
0.211475 0.919317 3.0497 
0.140102 0.476436 1.4963 
0.0739974 0.151435 0.449601 
0.0488185 0.0420517 0.07104 
0.0418078 0.0399864 0.0487614 
