0.681413 0.800777 0.940404 
0.979836 1.20888 1.39009 
1.24569 1.55773 1.73562 
1.39312 1.73785 1.87474 
1.3659 1.6895 1.77179 
1.16345 1.42758 1.47062 
0.843169 1.03431 1.07296 
0.49748 0.623483 0.693011 
0.216566 0.293822 0.410515 
0.054571 0.0940186 0.245225 
0.015245 0.0154785 0.164206 
0.0624407 0.0137217 0.115635 
0.147554 0.0440681 0.0686298 
0.237346 0.090284 0.0359488 
0.326696 0.170236 0.0668528 
0.430768 0.31689 0.214943 
0.56368 0.547582 0.500011 
0.718356 0.840823 0.885906 
0.860643 1.13485 1.28689 
0.941606 1.3492 1.59912 
0.921113 1.41803 1.74106 
0.789688 1.31805 1.68314 
0.577133 1.07802 1.45432 
0.34377 0.766562 1.12523 
0.158836 0.465545 0.778408 
0.0760034 0.241611 0.480039 
0.116075 0.127435 0.264144 
0.262628 0.11814 0.132556 
0.47038 0.181068 0.0663248 
0.681382 0.272194 0.0404062 
0.842405 0.351565 0.0343137 
0.918118 0.392823 0.035655 
0.897448 0.385913 0.0381249 
0.793151 0.335066 0.0380568 
0.636067 0.25481 0.032943 
0.465752 0.165448 0.0224747 
0.319322 0.0879738 0.00997586 
0.220881 0.0382296 0.00163338 
0.174756 0.0215236 0.00294608 
0.165647 0.0303669 0.0146284 
0.166679 0.0477335 0.0314377 
0.152717 0.0556713 0.0458358 
0.11307 0.0456486 0.0550006 
0.0572897 0.0251752 0.0669235 
0.0109485 0.0166296 0.101266 
0.00347753 0.0482699 0.183472 
0.0542597 0.141638 0.334486 
0.163743 0.30135 0.560839 
0.313184 0.511703 0.849455 
0.471979 0.740838 1.16896 
0.608229 0.949822 1.47626 
0.69778 1.10266 1.72566 
0.729017 1.17414 1.87783 
0.703274 1.15421 1.90728 
0.632339 1.04924 1.80772 
0.53468 0.880506 1.59478 
0.431378 0.680332 1.30463 
0.342183 0.485625 0.987397 
0.282003 0.329545 0.695327 
0.258408 0.233123 0.468641 
0.270784 0.199833 0.3244 
0.311518 0.215841 0.253802 
0.368807 0.256604 0.230056 
0.429982 0.297293 0.223525 
0.483973 0.322228 0.216412 
0.522091 0.328698 0.209043 
0.537551 0.323691 0.214623 
0.525196 0.316337 0.246369 
0.482789 0.311306 0.305597 
0.413862 0.307358 0.378404 
0.330205 0.301205 0.442505 
0.251359 0.292963 0.479113 
0.199842 0.288532 0.481881 
0.193605 0.296953 0.457805 
0.23938 0.324774 0.420897 
0.330349 0.371583 0.383857 
0.448978 0.429653 0.353106 
0.572904 0.487372 0.32897 
0.680571 0.533686 0.308998 
0.754714 0.560898 0.291069 
0.783984 0.565226 0.274472 
0.764113 0.546325 0.259409 
0.699057 0.507041 0.246346 
0.600987 0.453384 0.235983 
0.487706 0.393803 0.229535 
0.377628 0.337257 0.228676 
0.284549 0.290807 0.235025 
0.214856 0.258002 0.249432 
0.16816 0.238698 0.271229 
0.140089 0.229838 0.297476 
0.125135 0.226594 0.322631 
0.11855 0.223915 0.339692 
0.117702 0.218962 0.343538 
0.123203 0.213769 0.335258 
0.138717 0.215807 0.324137 
0.167747 0.234058 0.324005 
0.207772 0.271185 0.344281 
0.245754 0.316731 0.380923 
0.260514 0.347909 0.414651 
0.233902 0.340617 0.420036 
0.165402 0.285551 0.381262 
0.0796074 0.198555 0.304254 
0.0183443 0.116209 0.215984 
0.0191711 0.0771387 0.150134 
0.0926448 0.100013 0.128104 
0.213592 0.172575 0.147871 
0.333199 0.258939 0.187546 
0.404671 0.319911 0.219939 
0.405968 0.332624 0.227344 
0.345938 0.297711 0.207327 
0.25282 0.232563 0.168555 
0.156435 0.159185 0.123333 
0.0779199 0.0969275 0.0840338 
0.0320572 0.0632053 0.0645118 
0.0350815 0.076311 0.0809809 
0.105907 0.152019 0.146465 
0.255163 0.292131 0.259512 
0.468761 0.472783 0.395496 
0.700281 0.644211 0.510141 
0.882405 0.747442 0.557458 
0.954492 0.741205 0.513366 
0.891168 0.623525 0.390418 
0.714748 0.434249 0.233386 
0.484064 0.236243 0.0974152 
0.266732 0.0860979 0.0214804 
0.111056 0.0110203 0.0124031 
0.0321284 0.00352462 0.0473404 
0.0164561 0.0339903 0.0909935 
0.0383684 0.0710645 0.115821 
0.0764084 0.0973604 0.113772 
0.120852 0.11313 0.0950238 
0.170886 0.128923 0.0773994 
0.226421 0.154119 0.0743462 
0.281448 0.188818 0.0881295 
0.32329 0.222983 0.110386 
0.337687 0.241961 0.127909 
0.316123 0.234436 0.129707 
0.260977 0.198412 0.111964 
0.185562 0.142493 0.0792874 
0.109051 0.0822255 0.0423442 
0.0488866 0.0335673 0.013197 
0.0145057 0.00669117 0.00039405 
0.00537932 0.00301556 0.00593954 
0.013904 0.0165701 0.0254697 
0.0309447 0.0384334 0.0513489 
0.0504361 0.0613317 0.0767494 
0.0703511 0.0816545 0.0982125 
0.0900383 0.0981207 0.115291 
0.106621 0.108846 0.128026 
0.113909 0.109809 0.134683 
0.105438 0.0966564 0.132032 
0.0799952 0.069087 0.118441 
0.0456558 0.0346037 0.0975682 
0.018712 0.00817589 0.079493 
0.016971 0.0067184 0.0774666 
0.0506537 0.0407635 0.101414 
0.116047 0.107925 0.15176 
0.195739 0.192131 0.217394 
0.265561 0.26945 0.279368 
0.304607 0.317693 0.318668 
0.303234 0.324979 0.324115 
0.265438 0.293273 0.29643 
0.205242 0.235746 0.246665 
0.139723 0.169944 0.190224 
0.0824506 0.110583 0.139924 
0.0402359 0.0654383 0.101833 
0.0138878 0.035731 0.0757291 
0.00151728 0.0197537 0.059114 
0.00174789 0.0166547 0.051395 
0.014582 0.027458 0.0548415 
0.0394615 0.0525723 0.0714414 
0.0722779 0.0879501 0.0982441 
0.104236 0.123564 0.12551 
0.124436 0.146517 0.140257 
0.125222 0.147516 0.133536 
0.106717 0.126334 0.106279 
0.0769889 0.0920329 0.0690248 
0.047302 0.0574652 0.0353277 
0.0258299 0.0320727 0.0136945 
0.0145712 0.0183596 0.00412762 
0.0114692 0.0141568 0.00143895 
0.0150862 0.0176598 0.00171999 
0.0268311 0.0298672 0.00584041 
0.0481903 0.0518481 0.0169542 
0.0756607 0.0797513 0.034873 
0.0991058 0.10333 0.053274 
0.10668 0.110889 0.0630169 
0.0932177 0.0973441 0.0588786 
0.0649018 0.0684755 0.0435695 
0.0355288 0.0372391 0.0253814 
0.0169379 0.01497 0.0118253 
0.0115989 0.00486284 0.00520709 
0.0134812 0.00281862 0.003716 
0.0156516 0.00372733 0.00580106 
0.0168358 0.00640171 0.0124449 
0.0206336 0.0124951 0.024725 
0.0288836 0.0215438 0.0397589 
0.0369652 0.0285706 0.050461 
0.0369135 0.0277872 0.0506647 
0.0257145 0.0188385 0.0410654 
0.00988881 0.00857684 0.0298996 
0.000616798 0.0058651 0.0274625 
0.00379772 0.0149705 0.0401413 
0.0160777 0.0356051 0.07009 
0.0329094 0.0705657 0.119759 
0.0615921 0.131794 0.193591 
0.124032 0.234026 0.290947 
0.240813 0.376367 0.394811 
0.406053 0.526936 0.469492 
0.575183 0.628765 0.476411 
0.681417 0.630075 0.400845 
0.674161 0.519925 0.268588 
0.552527 0.341191 0.135133 
0.36811 0.16757 0.051381 
0.193846 0.0593305 0.0312144 
0.0817091 0.030088 0.047183 
0.0393148 0.0480827 0.0577435 
0.0386743 0.0674772 0.0423696 
0.0448024 0.0623016 0.0142732 
0.0395142 0.0372534 0.00139245 
0.0250548 0.0124102 0.0156967 
0.0119196 0.000967023 0.040955 
0.00650607 0.000812306 0.0500966 
0.00890413 0.00329148 0.0335676 
0.0179856 0.00524587 0.00908198 
0.0347658 0.0105446 0.00228527 
0.060736 0.0225292 0.0183987 
0.0964489 0.0406264 0.0357092 
0.145455 0.0686814 0.0304371 
0.219447 0.125363 0.00912899 
0.334085 0.238725 0.0132704 
0.491926 0.420252 0.0852517 
0.664592 0.637745 0.223481 
0.794069 0.815884 0.369468 
0.820882 0.874331 0.44404 
0.722698 0.779664 0.405464 
0.533233 0.570636 0.280584 
0.323797 0.334562 0.142566 
0.160049 0.152204 0.0553226 
0.0676801 0.0541975 0.0323394 
0.0324934 0.0202451 0.0414755 
0.0293871 0.0140394 0.0442413 
0.0498408 0.0177971 0.0295067 
0.101966 0.0364941 0.0130816 
0.186399 0.0751304 0.0114502 
0.276376 0.118718 0.021705 
0.326404 0.138683 0.0278559 
0.304919 0.119013 0.0218943 
0.221098 0.0733917 0.0123107 
0.119952 0.0338426 0.0102324 
0.0492686 0.0218476 0.0130269 
