2.13608 2.53402 2.98792 
1.90251 2.34088 2.67893 
1.63143 2.06094 2.23967 
1.48752 1.85995 1.87073 
1.55748 1.84001 1.69464 
1.8264 2.01903 1.74599 
2.17097 2.32068 1.98683 
2.36306 2.55526 2.28886 
2.15075 2.46117 2.42738 
1.45363 1.87413 2.18263 
0.551825 0.94223 1.53339 
0.0466194 0.168449 0.770298 
0.509181 0.146733 0.36378 
2.03674 1.13667 0.637288 
4.08975 2.81921 1.50664 
5.78637 4.45865 2.51516 
6.44218 5.35534 3.13858 
5.94004 5.23804 3.10918 
4.68648 4.3297 2.52375 
3.26684 3.11063 1.70718 
2.10663 2.00967 0.981983 
1.34719 1.22813 0.509048 
0.919204 0.743355 0.266152 
0.680929 0.425065 0.140127 
0.528693 0.180406 0.06725 
0.459891 0.0570735 0.13431 
0.577929 0.237828 0.551057 
1.01398 0.898064 1.47172 
1.7841 2.00145 2.77623 
2.68441 3.20089 4.0081 
3.34252 3.97291 4.58444 
3.43075 3.93219 4.17051 
2.89204 3.09773 2.93753 
1.98818 1.88919 1.47825 
1.11627 0.840378 0.419956 
0.54019 0.253709 0.027391 
0.262868 0.0696217 0.101279 
0.136292 0.0365015 0.232626 
0.0829795 0.00359829 0.178869 
0.198322 0.0604842 0.0404931 
0.625586 0.402567 0.10826 
1.33084 1.06704 0.545419 
2.01974 1.80691 1.20195 
2.3109 2.23658 1.71866 
2.03162 2.12343 1.80983 
1.37537 1.56595 1.46726 
0.77826 0.909833 0.926544 
0.616491 0.490136 0.461311 
0.96721 0.421248 0.201994 
1.60003 0.582925 0.111489 
2.16902 0.767982 0.0869684 
2.43751 0.843775 0.0644924 
2.38363 0.81191 0.0446089 
2.15125 0.760394 0.0549829 
1.91851 0.777933 0.112329 
1.78578 0.897451 0.216606 
1.74445 1.09045 0.36317 
1.72235 1.29627 0.547552 
1.65528 1.45873 0.758771 
1.52906 1.54836 0.973742 
1.37039 1.56155 1.16011 
1.20781 1.50313 1.28278 
1.04308 1.37048 1.30872 
0.85653 1.15449 1.21302 
0.636648 0.857894 0.991756 
0.405636 0.516254 0.678542 
0.220659 0.203963 0.353121 
0.152083 0.0186129 0.13087 
0.254273 0.0501004 0.132275 
0.543661 0.347014 0.440869 
0.989855 0.891475 1.06289 
1.51882 1.59059 1.90373 
2.026 2.29065 2.77659 
2.39833 2.8161 3.45138 
2.54341 3.02531 3.73408 
2.41996 2.86352 3.54432 
2.05862 2.38828 2.95166 
1.55991 1.75101 2.14777 
1.06306 1.13904 1.36566 
0.694469 0.703011 0.786433 
0.520347 0.505036 0.47961 
0.530188 0.512151 0.40252 
0.659934 0.634198 0.450019 
0.83786 0.779559 0.519587 
1.02211 0.895272 0.554634 
1.20767 0.973898 0.550396 
1.40411 1.0344 0.534096 
1.6061 1.09898 0.543216 
1.7829 1.18346 0.615937 
1.89754 1.30184 0.78804 
1.93835 1.46866 1.07926 
1.92644 1.68038 1.46114 
1.87951 1.87965 1.8252 
1.7628 1.9415 1.99472 
1.49419 1.72907 1.81258 
1.0324 1.21434 1.27572 
0.48 0.571952 0.612049 
0.0773737 0.128534 0.194025 
0.0432911 0.151818 0.299001 
0.378993 0.627944 0.883489 
0.827113 1.23204 1.57491 
1.05436 1.55154 1.92349 
0.910243 1.38918 1.72339 
0.528393 0.886304 1.13541 
0.184036 0.369205 0.518173 
0.0538121 0.0758142 0.136965 
0.102892 0.0124194 0.0116486 
0.178098 0.0378239 0.00463445 
0.18161 0.0480179 0.0144003 
0.147201 0.0660712 0.0675849 
0.168889 0.172976 0.241432 
0.283395 0.383501 0.529723 
0.430343 0.605218 0.804249 
0.512984 0.711808 0.906897 
0.482852 0.646043 0.7756 
0.368229 0.45566 0.488378 
0.237046 0.244186 0.198608 
0.143554 0.0944871 0.0287818 
0.104965 0.0290162 0.00748185 
0.112085 0.0224264 0.0809036 
0.148519 0.0374894 0.168995 
0.198415 0.0499919 0.216478 
0.244758 0.052103 0.210715 
0.270723 0.0452202 0.170212 
0.268209 0.0350379 0.123133 
0.244733 0.030457 0.0909747 
0.219055 0.0408971 0.0816961 
0.208385 0.0714899 0.0915876 
0.221572 0.124363 0.116749 
0.267656 0.211574 0.172756 
0.368717 0.367552 0.308145 
0.55208 0.634952 0.585907 
0.812888 1.01418 1.02282 
1.07744 1.41207 1.52342 
1.2179 1.65377 1.88148 
1.1332 1.58496 1.88972 
0.840799 1.20163 1.49884 
0.491311 0.690539 0.891096 
0.274304 0.319235 0.378219 
0.283446 0.248157 0.184776 
0.453951 0.419817 0.294296 
0.623139 0.619638 0.490316 
0.656622 0.651912 0.550152 
0.534402 0.479214 0.416066 
0.340785 0.220835 0.204748 
0.187935 0.0367197 0.0745971 
0.142814 0.00873244 0.0886881 
0.202394 0.106553 0.187144 
0.315025 0.238672 0.264805 
0.4195 0.32675 0.263273 
0.474622 0.344572 0.198658 
0.467483 0.30795 0.121673 
0.406096 0.243227 0.0650202 
0.311472 0.170196 0.0295413 
0.217839 0.110923 0.0127403 
0.173281 0.105186 0.0412672 
0.227271 0.206275 0.169744 
0.406813 0.454257 0.445763 
0.701401 0.850901 0.87498 
1.07366 1.36061 1.41758 
1.48848 1.93537 2.01475 
1.93538 2.53909 2.61717 
2.42473 3.14917 3.19032 
2.95838 3.73395 3.69462 
3.49265 4.22385 4.05942 
3.92016 4.5029 4.17832 
4.09408 4.44202 3.94588 
3.8968 3.97075 3.32916 
3.31792 3.14592 2.42858 
2.48372 2.15779 1.46775 
1.60591 1.2497 0.693634 
0.878273 0.597163 0.245637 
0.393351 0.233659 0.0918849 
0.133056 0.0751467 0.0833364 
0.0256045 0.0142163 0.0791911 
0.0119091 0.00179405 0.0411602 
0.0674711 0.0546524 0.0288532 
0.172749 0.196117 0.116051 
0.275667 0.394917 0.309862 
0.301299 0.567989 0.545481 
0.218564 0.654944 0.760826 
0.104147 0.697721 0.980529 
0.121274 0.836212 1.31934 
0.399732 1.19749 1.87994 
0.911135 1.76509 2.62568 
1.46205 2.35449 3.35267 
1.82595 2.73251 3.80695 
1.8996 2.78024 3.85461 
1.74878 2.55916 3.5596 
1.52517 2.24067 3.11582 
1.35451 1.98539 2.71407 
1.28804 1.87197 2.45607 
1.31129 1.88897 2.34316 
1.35866 1.94682 2.29342 
1.3329 1.90436 2.16675 
1.16962 1.64611 1.83197 
0.924827 1.19118 1.27622 
0.775423 0.721696 0.659404 
0.869452 0.448488 0.212851 
1.14668 0.411822 0.0392603 
1.35405 0.444514 0.0255748 
1.31951 0.396464 0.007274 
1.23717 0.412748 0.0394376 
1.60946 0.914836 0.445148 
2.78285 2.18707 1.49156 
4.46647 3.9187 2.96271 
5.75087 5.21286 4.10788 
5.73664 5.19689 4.14938 
4.28194 3.76495 2.96702 
2.19002 1.7672 1.31645 
0.62292 0.40869 0.307868 
0.232084 0.343805 0.556229 
0.754204 1.24378 1.73966 
1.37577 2.17714 2.93215 
1.46645 2.4059 3.3705 
1.0075 1.88158 2.9674 
0.420183 1.09341 2.1993 
0.0890645 0.548824 1.60557 
0.0784917 0.418329 1.41406 
0.228824 0.581579 1.54993 
0.405927 0.871457 1.85465 
0.601095 1.20092 2.2116 
0.836325 1.50421 2.50258 
1.06159 1.66857 2.56297 
1.18469 1.59484 2.27086 
1.17009 1.31097 1.68539 
1.06227 0.972727 1.04818 
0.911537 0.726162 0.607652 
0.717945 0.583355 0.433157 
0.477457 0.450784 0.402539 
0.263963 0.268186 0.358109 
0.214975 0.0888475 0.253414 
0.401754 0.00888652 0.145943 
0.725155 0.0407972 0.0803387 
0.988817 0.105988 0.0352884 
1.12525 0.19261 0.0290167 
1.35924 0.515168 0.269976 
2.09505 1.44837 1.12608 
3.54622 3.19198 2.82096 
5.39973 5.41611 5.0627 
6.85583 7.25304 6.98356 
7.11001 7.7712 7.58821 
5.9434 6.63349 6.45748 
3.92687 4.39917 4.13621 
2.02731 2.16258 1.81075 
0.924528 0.788478 0.477686 
0.623251 0.385306 0.287217 
0.678059 0.454428 0.616351 
0.766892 0.522527 0.764176 
1.0222 0.617731 0.594874 
1.79707 1.13942 0.546317 
