1.75451 2.39963 2.67837 
2.12212 2.91381 3.27466 
2.26466 3.12837 3.55115 
2.14057 2.98207 3.43774 
1.79081 2.52062 2.97624 
1.31461 1.87185 2.29632 
0.827499 1.19372 1.56237 
0.424849 0.62157 0.917029 
0.164112 0.234777 0.44373 
0.0651096 0.0501271 0.158514 
0.11969 0.0371602 0.0279578 
0.302668 0.144562 0.00112534 
0.580945 0.326233 0.0403728 
0.921199 0.558235 0.13864 
1.2962 0.841947 0.317616 
1.688 1.19369 0.609459 
2.08605 1.6262 1.03149 
2.48103 2.13061 1.5658 
2.8577 2.66725 2.15282 
3.19092 3.16908 2.70135 
3.44647 3.55591 3.11062 
3.58537 3.75273 3.29563 
3.56953 3.70613 3.2079 
3.36799 3.39558 2.84753 
2.96562 2.84087 2.2667 
2.37591 2.1081 1.56734 
1.65604 1.31388 0.894092 
0.916741 0.622489 0.420531 
0.316534 0.227934 0.324538 
0.0327007 0.315739 0.750844 
0.211241 1.00872 1.7659 
0.910422 2.31287 3.31908 
2.06112 4.08678 5.22886 
3.46541 6.0546 7.20791 
4.8415 7.867 8.92683 
5.90286 9.19363 10.0983 
6.44297 9.81407 10.5514 
6.39237 9.67284 10.2688 
5.82655 8.87844 9.37374 
4.92477 7.65129 8.07758 
3.90089 6.24596 6.61294 
2.93678 4.88085 5.17974 
2.14278 3.69904 3.91966 
1.55331 2.76532 2.91714 
1.1486 2.08757 2.21312 
0.884774 1.64353 1.81679 
0.71702 1.39914 1.70902 
0.609601 1.31501 1.84106 
0.536111 1.34644 2.13669 
0.477101 1.44459 2.50331 
0.420398 1.56257 2.8503 
0.364538 1.66499 3.10773 
0.321912 1.73605 3.2382 
0.31744 1.78177 3.23859 
0.380641 1.82465 3.13302 
0.532404 1.8918 2.9609 
0.770986 2.00033 2.76384 
1.06368 2.14522 2.57383 
1.34997 2.29508 2.4054 
1.55813 2.3997 2.25416 
1.63052 2.40787 2.10256 
1.5468 2.28851 1.93069 
1.33264 2.04419 1.72603 
1.04795 1.70948 1.48698 
0.760089 1.33546 1.21919 
0.518092 0.970993 0.930608 
0.344357 0.654294 0.633066 
0.249159 0.420332 0.35275 
0.256128 0.315895 0.142063 
0.416098 0.404739 0.0787397 
0.791677 0.749103 0.242532 
1.4146 1.37048 0.674541 
2.23985 2.21133 1.33996 
3.129 3.12566 2.11927 
3.88168 3.91374 2.84008 
4.30639 4.39015 3.33836 
4.29647 4.45292 3.5189 
3.87188 4.11802 3.38368 
3.16564 3.5025 3.01541 
2.36435 2.76807 2.52896 
1.63534 2.05692 2.02069 
1.07597 1.45186 1.54266 
0.703508 0.974073 1.10984 
0.47951 0.608639 0.726946 
0.347155 0.335186 0.411483 
0.259834 0.14424 0.19651 
0.191544 0.0346957 0.113185 
0.133017 0.00156363 0.167628 
0.0834498 0.0272729 0.32919 
0.0448517 0.0835336 0.53804 
0.0196994 0.141009 0.726781 
0.00916925 0.178739 0.843067 
0.0107481 0.187501 0.862126 
0.0174484 0.167633 0.786668 
0.0214851 0.12616 0.639525 
0.0215595 0.0766564 0.456016 
0.0280361 0.0401224 0.278569 
0.0594637 0.0416031 0.150685 
0.129427 0.099579 0.106472 
0.2313 0.212118 0.156913 
0.333119 0.349631 0.280338 
0.390218 0.462786 0.425968 
0.371153 0.504898 0.533041 
0.280837 0.457015 0.557536 
0.163417 0.339538 0.491759 
0.0791741 0.201392 0.365008 
0.0679168 0.0926306 0.225255 
0.123145 0.0384276 0.114157 
0.196769 0.0324344 0.0517341 
0.234626 0.0540881 0.039335 
0.220872 0.0967961 0.0755725 
0.200394 0.184749 0.170161 
0.260236 0.362914 0.342386 
0.477168 0.663549 0.603179 
0.861952 1.07044 0.933322 
1.3356 1.50627 1.27515 
1.75514 1.85538 1.54728 
1.97701 2.01235 1.67693 
1.92384 1.93011 1.63208 
1.61839 1.64089 1.43529 
1.16804 1.23903 1.15113 
0.710937 0.836196 0.855138 
0.354764 0.514341 0.602033 
0.140161 0.301064 0.410488 
0.0438854 0.177569 0.271352 
0.013722 0.110656 0.172217 
0.0108682 0.0874374 0.122177 
0.034475 0.131559 0.16081 
0.116002 0.291379 0.34446 
0.289527 0.606787 0.71544 
0.5576 1.07327 1.26938 
0.873847 1.62363 1.93771 
1.15347 2.13882 2.59582 
1.30713 2.48518 3.09588 
1.28115 2.56231 3.31258 
1.0836 2.34092 3.1843 
0.783098 1.87469 2.73438 
0.480836 1.2816 2.06488 
0.269369 0.703824 1.32633 
0.198117 0.263651 0.675684 
0.262091 0.0341064 0.238393 
0.419145 0.0350186 0.0877859 
0.627092 0.253118 0.246252 
0.881769 0.6731 0.702678 
1.2355 1.30123 1.43337 
1.78358 2.16689 2.41321 
2.6212 3.2989 3.61064 
3.78772 4.68737 4.97034 
5.22329 6.25066 6.3961 
6.75884 7.82669 7.74744 
8.14758 9.19712 8.85739 
9.12864 10.1385 9.56757 
9.50014 10.482 9.76822 
9.17604 10.1596 9.42802 
8.20813 9.22289 8.60345 
6.76916 7.82817 7.42609 
5.10631 6.19883 6.07395 
3.48258 4.57661 4.73645 
2.12331 3.17599 3.58094 
1.17924 2.14981 2.72587 
0.709347 1.56891 2.22273 
0.681537 1.41589 2.04883 
0.987387 1.59306 2.11355 
1.46779 1.94498 2.28017 
1.94719 2.29462 2.40155 
2.27232 2.48738 2.36168 
2.34767 2.43162 2.11009 
2.15733 2.1218 1.67526 
1.76412 1.63392 1.14995 
1.28399 1.09297 0.652853 
0.843875 0.624722 0.281947 
0.539166 0.311286 0.0797235 
0.407813 0.169163 0.0248117 
0.430512 0.157205 0.0519859 
0.55384 0.20779 0.0888117 
0.722585 0.264004 0.0901709 
0.904518 0.304613 0.0548216 
1.0968 0.346936 0.0188066 
1.31407 0.42988 0.0324574 
1.56788 0.58866 0.134482 
1.84985 0.834531 0.335409 
2.1274 1.14776 0.615527 
2.35271 1.48411 0.934388 
2.47902 1.78918 1.24438 
2.47629 2.01319 1.5015 
2.33964 2.12141 1.67073 
2.08906 2.09886 1.7278 
1.7622 1.95075 1.66115 
1.40402 1.70037 1.47633 
1.05698 1.38543 1.2014 
0.75386 1.05241 0.888324 
0.513969 0.748342 0.605284 
0.342734 0.510888 0.418441 
0.234011 0.359187 0.368226 
0.17456 0.289441 0.450694 
0.149819 0.27844 0.615047 
0.149848 0.295222 0.782187 
0.173809 0.316794 0.878465 
0.231283 0.340743 0.869347 
0.339368 0.387917 0.775776 
0.516093 0.492876 0.66391 
0.772527 0.686438 0.61301 
1.10704 0.979485 0.678554 
1.50433 1.35686 0.870298 
1.93909 1.78424 1.15592 
2.38135 2.22269 1.48542 
2.79932 2.64075 1.81908 
3.15749 3.01572 2.14083 
3.41248 3.32387 2.44963 
3.51259 3.52857 2.737 
3.40734 3.57856 2.96881 
3.06765 3.42338 3.08712 
2.50948 3.04112 3.03407 
1.80745 2.46324 2.78462 
1.08626 1.77907 2.36769 
0.486815 1.11205 1.86121 
0.117511 0.575828 1.3629 
0.0119649 0.231518 0.953561 
0.11457 0.0694486 0.674342 
0.304348 0.0267622 0.530536 
0.449299 0.0328429 0.517008 
0.467768 0.0584234 0.646042 
0.368697 0.141036 0.956273 
0.251889 0.371471 1.49307 
0.267937 0.846564 2.26914 
0.555714 1.61157 3.22819 
1.18422 2.6208 4.23484 
2.12166 3.73595 5.10163 
3.24112 4.76297 5.64418 
4.35713 5.51099 5.74167 
5.27688 5.84891 5.37668 
5.84859 5.73883 4.63909 
5.99367 5.23779 3.69465 
5.71693 4.4719 2.73309 
5.09595 3.5958 1.91626 
4.25513 2.75234 1.34349 
3.3329 2.04368 1.04162 
2.45101 1.51906 0.977109 
1.69364 1.17859 1.08073 
1.10019 0.98761 1.27367 
0.670852 0.894995 1.48659 
0.380599 0.849407 1.66883 
0.195318 0.810454 1.7897 
0.0851706 0.75434 1.83604 
0.0320316 0.67478 1.80941 
0.0297734 0.57953 1.72256 
0.0778489 0.482527 1.59325 
0.171238 0.393286 1.43469 
0.293164 0.308848 1.24676 
0.418713 0.216226 1.01606 
0.534083 0.110772 0.731938 
