0.321764 0.348454 0.309672 
0.643569 0.621397 0.609787 
1.05633 0.903455 0.866763 
1.48969 1.19924 1.10547 
1.7867 1.44708 1.32466 
1.80122 1.53036 1.43688 
1.5463 1.40544 1.36635 
1.21933 1.18304 1.16584 
1.05889 1.05574 1.00093 
1.17154 1.14666 1.01886 
1.48572 1.4305 1.24162 
1.84337 1.77918 1.56972 
2.11701 2.05823 1.85978 
2.25852 2.18648 1.99679 
2.27977 2.14208 1.92739 
2.21203 1.94445 1.66436 
2.07557 1.63454 1.27382 
1.86668 1.25824 0.849021 
1.56726 0.858663 0.481488 
1.17606 0.481636 0.242497 
0.740624 0.183841 0.174503 
0.356415 0.0232613 0.281168 
0.121415 0.0279677 0.515331 
0.074551 0.166712 0.78164 
0.16717 0.352286 0.968364 
0.293854 0.484342 0.998241 
0.360128 0.503644 0.865961 
0.334563 0.417906 0.634513 
0.249521 0.283014 0.393112 
0.160417 0.159924 0.208577 
0.102988 0.0820011 0.102841 
0.0790538 0.0503285 0.0629354 
0.0714706 0.0487519 0.064343 
0.0679634 0.0609084 0.0868159 
0.0719309 0.078202 0.117442 
0.0914405 0.0971881 0.147699 
0.118795 0.112169 0.171337 
0.127893 0.114294 0.185845 
0.103494 0.104251 0.197017 
0.0766597 0.107174 0.221272 
0.117188 0.164449 0.277001 
0.268869 0.294241 0.364051 
0.482965 0.452856 0.447789 
0.628626 0.545352 0.47055 
0.592615 0.494512 0.393138 
0.38456 0.314221 0.236342 
0.144536 0.115735 0.0820565 
0.0376319 0.0309111 0.0229603 
0.128305 0.11439 0.0961768 
0.343938 0.308006 0.255203 
0.548139 0.493062 0.40404 
0.645862 0.578368 0.464287 
0.630757 0.549854 0.420485 
0.556308 0.454579 0.313775 
0.480403 0.351627 0.200841 
0.435107 0.277262 0.117734 
0.429793 0.241787 0.0717921 
0.465136 0.24366 0.0552463 
0.540665 0.281656 0.0616332 
0.656308 0.359535 0.0946087 
0.813836 0.487298 0.170431 
1.01786 0.680067 0.315451 
1.2691 0.947176 0.551452 
1.54343 1.26492 0.862656 
1.76647 1.54703 1.16205 
1.8173 1.65385 1.30297 
1.59382 1.4718 1.16707 
1.11534 1.02636 0.783087 
0.568412 0.521208 0.36032 
0.214584 0.224527 0.161005 
0.202837 0.265887 0.289854 
0.447876 0.524231 0.593853 
0.698655 0.727696 0.787166 
0.742203 0.682932 0.696909 
0.555197 0.420813 0.399168 
0.278352 0.136211 0.128794 
0.0719296 0.00938143 0.0755581 
0.00769868 0.0915469 0.269203 
0.0744399 0.331469 0.626273 
0.238477 0.661024 1.05578 
0.46768 1.02794 1.49682 
0.708172 1.36575 1.88106 
0.875639 1.57747 2.10913 
0.899428 1.58165 2.09572 
0.780318 1.37935 1.84051 
0.594516 1.0659 1.44483 
0.432611 0.768397 1.0523 
0.335419 0.56814 0.768298 
0.291277 0.477185 0.624253 
0.286156 0.473055 0.597604 
0.335593 0.534193 0.644472 
0.454159 0.633072 0.709544 
0.603536 0.712379 0.726812 
0.695021 0.699902 0.645053 
0.657606 0.565827 0.471867 
0.500447 0.360313 0.285379 
0.305675 0.182574 0.184295 
0.170505 0.111576 0.217123 
0.162937 0.168101 0.358391 
0.312363 0.329025 0.545051 
0.603963 0.552356 0.722095 
0.964059 0.780916 0.854062 
1.27153 0.944506 0.91465 
1.41625 0.986432 0.886127 
1.36027 0.894412 0.768405 
1.14204 0.699355 0.579262 
0.831381 0.449686 0.350665 
0.497956 0.201712 0.138238 
0.220433 0.0308284 0.0273592 
0.0923551 0.0201625 0.0969488 
0.181742 0.206302 0.349113 
0.473386 0.531553 0.677251 
0.86205 0.865841 0.926083 
1.21633 1.09075 0.999671 
1.46031 1.17202 0.917854 
1.60733 1.16356 0.778302 
1.72668 1.15359 0.676132 
1.87294 1.20132 0.654615 
2.02738 1.30113 0.705955 
2.09434 1.38773 0.794153 
1.96525 1.37947 0.875346 
1.60938 1.23496 0.910589 
1.11534 0.979784 0.870362 
0.639236 0.680912 0.734126 
0.300396 0.398388 0.501429 
0.117723 0.16774 0.223617 
0.037764 0.0238982 0.0249057 
0.0127231 0.0191165 0.0597111 
0.0430488 0.190323 0.402737 
0.147502 0.497747 0.95313 
0.305346 0.80645 1.45335 
0.442666 0.952479 1.63647 
0.48439 0.854053 1.40076 
0.422888 0.579332 0.881045 
0.336082 0.31367 0.367489 
0.337198 0.249386 0.136937 
0.500244 0.476966 0.311538 
0.817235 0.944259 0.819692 
1.20315 1.49102 1.45403 
1.52859 1.92067 1.97049 
1.66562 2.07313 2.17835 
1.54939 1.88602 2.00232 
1.23669 1.43073 1.51007 
0.90457 0.89157 0.888054 
0.750826 0.47195 0.35658 
0.850664 0.275707 0.0601305 
1.09175 0.256318 0.00592841 
1.25647 0.280081 0.0950664 
1.18486 0.244983 0.211837 
0.879813 0.14833 0.291714 
0.481658 0.0571558 0.32501 
0.158767 0.0316789 0.322901 
0.00998932 0.0793854 0.295899 
0.0329203 0.166192 0.26051 
0.152415 0.255749 0.252227 
0.2778 0.338296 0.32084 
0.353993 0.430817 0.504627 
0.377273 0.552115 0.798863 
0.371556 0.695104 1.14414 
0.356686 0.826462 1.45419 
0.34444 0.921268 1.67181 
0.358595 0.999013 1.80733 
0.442482 1.11818 1.92188 
0.635701 1.33053 2.07266 
0.943079 1.6407 2.27445 
1.32562 2.0045 2.50341 
1.71263 2.35042 2.71506 
2.01576 2.59286 2.84464 
2.14173 2.63779 2.80319 
2.01859 2.40829 2.5064 
1.63818 1.89589 1.93712 
1.08758 1.20307 1.19555 
0.532726 0.530302 0.489767 
0.144469 0.0942482 0.0582577 
0.0059291 0.0155625 0.0575326 
0.0690942 0.248619 0.47217 
0.200054 0.609321 1.10606 
0.278223 0.88879 1.67612 
0.266133 0.971235 1.95954 
0.200304 0.872476 1.89812 
0.133626 0.687132 1.59228 
0.0929365 0.504356 1.20329 
0.0758552 0.358901 0.848537 
0.0659131 0.239155 0.565355 
0.0476059 0.129406 0.350784 
0.0208551 0.0445618 0.216471 
0.00627507 0.0226942 0.190453 
0.0261046 0.0787171 0.263843 
0.0754064 0.170882 0.357638 
0.122756 0.229592 0.374514 
0.145337 0.22471 0.293936 
0.153282 0.190279 0.19549 
0.175798 0.175977 0.17008 
0.242405 0.194812 0.222231 
0.389216 0.237807 0.28325 
0.650878 0.317244 0.3089 
0.994889 0.448155 0.325088 
1.26256 0.57993 0.368636 
1.24124 0.599376 0.426994 
0.863809 0.455521 0.479353 
0.340486 0.273754 0.580155 
0.0399524 0.290001 0.841226 
0.187347 0.628776 1.2939 
0.659277 1.14598 1.78477 
1.07856 1.51213 2.04631 
1.12415 1.47049 1.89619 
0.778476 1.03625 1.38119 
0.313148 0.47185 0.741052 
0.0581748 0.0844316 0.240014 
0.16763 0.0281955 0.0155882 
0.556365 0.252632 0.0461336 
1.00808 0.589507 0.218126 
1.32402 0.870098 0.406763 
1.40078 0.988271 0.516996 
1.23432 0.913221 0.500373 
0.903328 0.690983 0.373987 
0.54473 0.431739 0.22064 
0.294198 0.252508 0.134871 
0.205508 0.196085 0.143178 
0.221007 0.205152 0.184186 
0.234023 0.190383 0.183791 
0.184881 0.124813 0.146169 
0.0958507 0.0629819 0.153612 
0.0247934 0.0713057 0.272726 
0.00222268 0.15334 0.472342 
0.0139549 0.245831 0.63975 
0.02981 0.278244 0.673117 
0.0412203 0.234768 0.561344 
0.0744955 0.168592 0.388912 
0.162609 0.155454 0.267177 
0.288211 0.215332 0.242388 
0.358359 0.27334 0.255546 
0.277336 0.226973 0.208708 
0.0899232 0.09119 0.102393 
0.0480138 0.0759945 0.109392 
0.472401 0.467403 0.470302 
1.47356 1.36741 1.26377 
2.77194 2.52246 2.25917 
3.80933 3.42619 3.01537 
4.09295 3.64094 3.1679 
3.50827 3.08378 2.67081 
2.3683 2.05776 1.80333 
1.18832 1.02877 0.958559 
0.374127 0.33783 0.397739 
0.0376616 0.0512473 0.145922 
0.0267147 0.015245 0.0677573 
0.100625 0.0319265 0.0286529 
0.108566 0.0134598 0.0095927 
0.057196 0.015735 0.10176 
0.0486489 0.150536 0.401458 
0.159643 0.458442 0.893704 
