2.1224 4.02811 5.17806 
2.52775 4.48157 5.70594 
2.84945 4.72906 5.96649 
3.05765 4.79253 6.01667 
3.06573 4.624 5.82516 
2.76879 4.12949 5.28731 
2.14817 3.28183 4.35099 
1.34781 2.2235 3.14692 
0.624499 1.23793 1.9789 
0.192021 0.587852 1.15353 
0.097196 0.361951 0.796682 
0.235692 0.462919 0.816373 
0.470102 0.721355 1.01627 
0.724796 1.00971 1.22989 
0.986945 1.27028 1.37213 
1.24966 1.47959 1.41915 
1.4703 1.6158 1.38117 
1.57922 1.65985 1.29655 
1.52779 1.61859 1.23215 
1.34008 1.5441 1.27104 
1.12174 1.52272 1.47976 
0.99876 1.61939 1.85752 
1.02054 1.808 2.29501 
1.11411 1.95813 2.59545 
1.1427 1.91677 2.57899 
1.01819 1.62726 2.20647 
0.761734 1.17623 1.61415 
0.468755 0.726327 1.02118 
0.235899 0.406799 0.591721 
0.124222 0.261552 0.36951 
0.161167 0.27328 0.316031 
0.33482 0.402052 0.380866 
0.572472 0.591229 0.527243 
0.752154 0.76222 0.711948 
0.773934 0.839873 0.872818 
0.637183 0.799755 0.952699 
0.442309 0.685382 0.933772 
0.308907 0.570874 0.84342 
0.291186 0.50619 0.728438 
0.366922 0.497236 0.626075 
0.487071 0.52605 0.553046 
0.612637 0.571774 0.507803 
0.703722 0.606846 0.473742 
0.703524 0.589387 0.424465 
0.570279 0.484504 0.339299 
0.337182 0.30532 0.223607 
0.119864 0.123497 0.112537 
0.0313049 0.0186123 0.0450521 
0.0733185 0.00538338 0.0270031 
0.127479 0.020691 0.0256589 
0.0859577 0.00680944 0.0190764 
0.00910659 0.0211424 0.0644551 
0.134266 0.244765 0.304526 
0.68261 0.83699 0.864905 
1.61955 1.74325 1.70367 
2.60252 2.64593 2.55495 
3.19173 3.14025 3.05415 
3.15028 3.00564 2.9696 
2.57724 2.34438 2.35408 
1.78579 1.48217 1.49498 
1.07069 0.73995 0.719815 
0.567266 0.272027 0.222242 
0.267393 0.061426 0.0191756 
0.108428 0.0124114 0.0182323 
0.0347744 0.0340984 0.105603 
0.00949183 0.0694182 0.194396 
0.00786953 0.0899531 0.234761 
0.0184682 0.0904243 0.214818 
0.0528486 0.094609 0.168326 
0.151752 0.159128 0.175528 
0.367585 0.348792 0.327358 
0.711802 0.675033 0.647859 
1.09887 1.03982 1.02912 
1.35728 1.25922 1.26171 
1.33977 1.18774 1.17729 
1.05714 0.853652 0.799095 
0.702379 0.47076 0.355693 
0.51643 0.290893 0.124163 
0.602701 0.415897 0.230029 
0.855211 0.731514 0.572353 
1.0574 1.0099 0.921278 
1.05161 1.07742 1.08479 
0.833428 0.90929 1.00836 
0.517701 0.603805 0.760401 
0.239529 0.294285 0.455892 
0.0822922 0.0799483 0.19301 
0.0680768 0.00823096 0.033794 
0.183483 0.0887496 0.0126961 
0.400452 0.305981 0.142208 
0.677069 0.61643 0.400427 
0.951612 0.94226 0.71453 
1.15316 1.18709 0.973659 
1.23701 1.2843 1.08761 
1.21919 1.24585 1.05374 
1.16465 1.15407 0.959449 
1.11952 1.08128 0.895183 
1.05092 1.01015 0.856508 
0.877252 0.853649 0.750922 
0.580805 0.574075 0.51989 
0.280518 0.271388 0.242372 
0.158599 0.121596 0.0866985 
0.294522 0.212075 0.148134 
0.580718 0.451073 0.350876 
0.816076 0.653077 0.523893 
0.878256 0.704138 0.56023 
0.797974 0.632737 0.486746 
0.684332 0.538822 0.397154 
0.613384 0.492903 0.359017 
0.598764 0.515003 0.39874 
0.635215 0.613367 0.536812 
0.723233 0.792291 0.782801 
0.837085 1.00707 1.07944 
0.896026 1.14013 1.28141 
0.807705 1.0645 1.23351 
0.564821 0.760314 0.902224 
0.295598 0.373827 0.441871 
0.189319 0.139093 0.115707 
0.333795 0.199269 0.108693 
0.60964 0.472214 0.372802 
0.767321 0.698443 0.64885 
0.649943 0.661036 0.677318 
0.360165 0.39097 0.430287 
0.19159 0.153931 0.145528 
0.367955 0.212393 0.113197 
0.83584 0.584811 0.410579 
1.30945 1.03183 0.838036 
1.51073 1.26792 1.10411 
1.36579 1.17983 1.0626 
0.999224 0.862664 0.785015 
0.5916 0.495639 0.450896 
0.267169 0.215518 0.206429 
0.079615 0.0796115 0.108386 
0.0326049 0.0791095 0.136073 
0.0769549 0.146105 0.210507 
0.118268 0.176361 0.226445 
0.0847654 0.108382 0.132001 
0.0116672 0.00971644 0.0121377 
0.03631 0.058686 0.0659202 
0.275939 0.394131 0.445625 
0.696666 0.959182 1.0861 
1.1087 1.49934 1.69903 
1.30069 1.73411 1.96198 
1.19138 1.55504 1.74546 
0.871296 1.08655 1.19041 
0.519966 0.580771 0.593029 
0.286346 0.253978 0.213329 
0.223757 0.188276 0.152831 
0.301359 0.338442 0.355804 
0.454388 0.600752 0.689434 
0.627096 0.880687 1.02873 
0.788645 1.1255 1.30191 
0.92808 1.32202 1.49247 
1.04303 1.47615 1.61572 
1.13141 1.58982 1.6892 
1.18729 1.64535 1.70943 
1.2003 1.60405 1.64294 
1.16229 1.42578 1.44033 
1.08503 1.1092 1.0782 
1.01967 0.73199 0.611864 
1.05248 0.450798 0.194192 
1.25709 0.43206 0.0182927 
1.62307 0.739568 0.197756 
2.0223 1.26184 0.669019 
2.26508 1.7563 1.20895 
2.22468 1.99906 1.5746 
1.93443 1.92974 1.65993 
1.56894 1.67314 1.54103 
1.31943 1.42441 1.38003 
1.26821 1.30287 1.28493 
1.3621 1.29546 1.24872 
1.48759 1.31411 1.19953 
1.56587 1.29039 1.08853 
1.59189 1.22085 0.928834 
1.60881 1.14497 0.768525 
1.6584 1.0979 0.643896 
1.74451 1.08127 0.558174 
1.82259 1.06347 0.491118 
1.81603 0.998594 0.419731 
1.65448 0.852345 0.334876 
1.31789 0.625871 0.251841 
0.862039 0.369993 0.217251 
0.413098 0.18579 0.310865 
0.139581 0.211588 0.635616 
0.217141 0.595584 1.28889 
0.791518 1.45304 2.31843 
1.93661 2.81551 3.68351 
3.61004 4.59086 5.24619 
5.6204 6.55261 6.79762 
7.62821 8.36682 8.09853 
9.20208 9.65694 8.91498 
9.937 10.1041 9.05735 
9.60558 9.56271 8.43986 
8.27149 8.1413 7.14488 
6.28841 6.18727 5.43644 
4.16377 4.16029 3.68156 
2.35376 2.45364 2.20789 
1.10436 1.26522 1.18551 
0.419693 0.584181 0.605667 
0.151336 0.277451 0.353653 
0.128973 0.200606 0.308187 
0.241864 0.260182 0.397987 
0.4321 0.405032 0.593662 
0.634641 0.579712 0.863123 
0.744012 0.698602 1.13848 
0.662883 0.678755 1.32745 
0.400549 0.510364 1.36342 
0.112766 0.29033 1.249 
0.00188818 0.158672 1.04492 
0.134972 0.172514 0.808666 
0.357777 0.24285 0.550972 
0.427761 0.226237 0.272636 
0.269788 0.103331 0.0479834 
0.0962019 0.0524785 0.038702 
0.238741 0.308553 0.376437 
0.839681 0.931466 1.01515 
1.71635 1.73143 1.7288 
2.53395 2.43691 2.28704 
3.08458 2.91347 2.62448 
3.37137 3.1876 2.80779 
3.45505 3.28189 2.85165 
3.30878 3.11199 2.6405 
2.88004 2.606 2.08914 
2.25071 1.88826 1.34865 
1.63935 1.25135 0.7619 
1.20685 0.90104 0.564035 
0.910049 0.769206 0.658465 
0.602564 0.627801 0.735752 
0.258747 0.36801 0.600831 
0.0294053 0.107339 0.334877 
0.0530266 0.0129371 0.138177 
0.260631 0.0826743 0.0858303 
0.419639 0.156292 0.0944148 
0.366903 0.123267 0.0966286 
0.164028 0.0587748 0.165436 
0.0168042 0.131137 0.426514 
0.0678548 0.405146 0.880265 
0.279913 0.765273 1.35459 
0.497438 1.02197 1.63755 
0.592704 1.06896 1.63793 
0.552086 0.937946 1.41749 
0.445874 0.727709 1.09398 
0.340884 0.507144 0.74028 
0.257805 0.29837 0.386157 
0.212838 0.146037 0.105999 
0.274773 0.171316 0.0694126 
0.535513 0.508569 0.452804 
0.994879 1.1545 1.26 
1.49128 1.89194 2.23511 
1.79088 2.40886 2.99868 
1.7709 2.5279 3.31492 
1.50974 2.32433 3.24238 
