0.303137 0.331962 0.287935 
0.644329 0.701847 0.538859 
1.09047 1.16506 0.847413 
1.60357 1.66473 1.16089 
2.13533 2.14086 1.43053 
2.63877 2.5463 1.627 
3.07988 2.85964 1.7504 
3.44497 3.09042 1.83173 
3.74094 3.2751 1.92602 
3.98817 3.46463 2.09828 
4.20811 3.70585 2.40401 
4.40936 4.02118 2.86728 
4.57744 4.39309 3.46317 
4.6736 4.76086 4.113 
4.64556 5.03409 4.69907 
4.44783 5.12104 5.09723 
4.06414 4.96144 5.21607 
3.52175 4.55023 5.02643 
2.89086 3.94162 4.56827 
2.26829 3.23225 3.93281 
1.75221 2.53173 3.2299 
1.41749 1.93368 2.5562 
1.29985 1.49773 1.97681 
1.39185 1.24547 1.52357 
1.64922 1.16692 1.20438 
2.00375 1.23064 1.01419 
2.37871 1.3929 0.940889 
2.70374 1.60442 0.965316 
2.92642 1.81562 1.0589 
3.01828 1.98154 1.18354 
2.9741 2.06654 1.2958 
2.80628 2.04809 1.35466 
2.5383 1.91964 1.33022 
2.2011 1.69287 1.2113 
1.83334 1.39888 1.00979 
1.48202 1.08635 0.760622 
1.1978 0.813831 0.515475 
1.02241 0.635073 0.329714 
0.971731 0.580727 0.244863 
1.02408 0.644262 0.272545 
1.12285 0.780595 0.387679 
1.19617 0.921046 0.536224 
1.18548 0.999642 0.655971 
1.06888 0.978674 0.701398 
0.866807 0.860847 0.660332 
0.627913 0.682465 0.554053 
0.404574 0.492851 0.421869 
0.232733 0.332611 0.300216 
0.126197 0.22255 0.208965 
0.0845061 0.166617 0.151698 
0.104132 0.162288 0.126417 
0.181974 0.207462 0.135677 
0.308182 0.297345 0.186254 
0.455955 0.414563 0.277531 
0.58058 0.523227 0.388226 
0.63443 0.576745 0.474847 
0.59234 0.539631 0.488636 
0.471712 0.411951 0.404594 
0.331747 0.23981 0.245458 
0.247553 0.10123 0.0831471 
0.270845 0.0709105 0.0117847 
0.39908 0.181197 0.103189 
0.572065 0.400941 0.367554 
0.700441 0.645522 0.741112 
0.712212 0.814625 1.10896 
0.592701 0.838985 1.35272 
0.396105 0.712166 1.39951 
0.221761 0.491387 1.24866 
0.166792 0.26775 0.964728 
0.278902 0.121982 0.642842 
0.532546 0.0883774 0.36603 
0.839429 0.144293 0.175967 
1.0873 0.228631 0.0696959 
1.18801 0.27812 0.0201151 
1.11297 0.262251 0.00594484 
0.901439 0.199801 0.0333418 
0.640612 0.149806 0.137142 
0.427939 0.182099 0.360926 
0.332396 0.341179 0.725809 
0.36937 0.619238 1.20335 
0.4973 0.949994 1.70682 
0.636065 1.22718 2.10816 
0.700488 1.34277 2.27822 
0.637799 1.23262 2.13762 
0.455905 0.912399 1.69888 
0.230408 0.487287 1.07975 
0.083924 0.126387 0.476305 
0.14148 0.00611188 0.10018 
0.477388 0.242058 0.101726 
1.07599 0.837475 0.510703 
1.82563 1.67244 1.2213 
2.55139 2.54103 2.02952 
3.0741 3.22176 2.70694 
3.2703 3.55151 3.07881 
3.1083 3.47271 3.07454 
2.64827 3.03827 2.73435 
2.01163 2.37907 2.17714 
1.33755 1.65341 1.55001 
0.745153 1.00049 0.981891 
0.312373 0.512177 0.555817 
0.0722204 0.225918 0.302471 
0.0205426 0.133216 0.209431 
0.128417 0.195724 0.23784 
0.354234 0.362002 0.339479 
0.652709 0.580499 0.469678 
0.979649 0.806674 0.593914 
1.29292 1.00472 0.688595 
1.55219 1.14674 0.738859 
1.72098 1.21302 0.737106 
1.77307 1.19523 0.684155 
1.70094 1.10051 0.59151 
1.52097 0.952064 0.480925 
1.27036 0.782906 0.378652 
0.995633 0.624493 0.305903 
0.73827 0.496089 0.270752 
0.525026 0.401254 0.266663 
0.366966 0.333165 0.278715 
0.265156 0.284446 0.293413 
0.217024 0.254352 0.305851 
0.21841 0.248612 0.320189 
0.261118 0.272854 0.344136 
0.329906 0.324974 0.381704 
0.403238 0.391923 0.428774 
0.458861 0.45295 0.473505 
0.481448 0.487121 0.500646 
0.468118 0.480992 0.497212 
0.429267 0.433198 0.457133 
0.385029 0.355013 0.383657 
0.359613 0.267847 0.289484 
0.375821 0.199275 0.195309 
0.450764 0.178532 0.127434 
0.592444 0.231396 0.114291 
0.796466 0.373866 0.180954 
1.04307 0.604811 0.341028 
1.29645 0.899963 0.58752 
1.50946 1.21165 0.887378 
1.63601 1.4784 1.18527 
1.64894 1.64412 1.4188 
1.5561 1.68 1.54024 
1.40423 1.59752 1.53424 
1.26417 1.44363 1.42122 
1.20097 1.2784 1.24438 
1.24311 1.14688 1.04827 
1.36794 1.06123 0.862002 
1.5129 1.00284 0.695857 
1.60649 0.941241 0.549541 
1.60133 0.855865 0.42277 
1.49104 0.746747 0.31928 
1.30456 0.629835 0.243166 
1.0856 0.523999 0.193826 
0.87225 0.44088 0.166098 
0.68757 0.38342 0.155671 
0.541161 0.350154 0.163475 
0.434494 0.338354 0.193116 
0.363542 0.342732 0.242613 
0.318578 0.353052 0.298694 
0.285573 0.356249 0.341291 
0.251925 0.344161 0.357218 
0.213682 0.321069 0.352666 
0.178261 0.30342 0.353036 
0.159649 0.309882 0.387734 
0.169515 0.34854 0.469859 
0.211225 0.411432 0.585882 
0.2807 0.481152 0.703635 
0.371266 0.544159 0.793379 
0.475853 0.59955 0.847005 
0.583152 0.655784 0.882093 
0.671954 0.718245 0.928909 
0.71237 0.778811 1.01048 
0.678794 0.817665 1.12972 
0.569387 0.817865 1.27119 
0.418711 0.782477 1.41405 
0.291507 0.740913 1.54579 
0.256736 0.737975 1.66712 
0.354557 0.811047 1.78596 
0.575166 0.969204 1.90636 
0.862658 1.18724 2.02101 
1.14305 1.41876 2.11312 
1.36212 1.62141 2.16713 
1.51373 1.7811 2.18219 
1.64538 1.92319 2.18087 
1.83941 2.10566 2.20794 
2.17994 2.39817 2.31901 
2.72029 2.85639 2.5634 
3.46292 3.50141 2.96805 
4.35656 4.31046 3.5281 
5.30757 5.21936 4.20598 
6.19822 6.13259 4.93691 
6.90524 6.93594 5.63647 
7.31582 7.50928 6.20713 
7.34249 7.7403 6.54519 
6.93936 7.54296 6.55281 
6.11937 6.88146 6.15995 
4.96688 5.79486 5.35455 
3.6357 4.41036 4.2098 
2.32462 2.93194 2.89087 
1.23094 1.59811 1.62711 
0.495331 0.617461 0.650553 
0.160065 0.105476 0.121781 
0.161153 0.0510207 0.0760328 
0.36056 0.329956 0.417284 
0.604758 0.760587 0.964623 
0.781482 1.1739 1.52748 
0.847967 1.46469 1.97134 
0.821223 1.60305 2.24387 
0.743388 1.61018 2.35768 
0.647845 1.52246 2.35131 
0.546283 1.3685 2.25806 
0.438183 1.16834 2.09895 
0.327284 0.944564 1.89398 
0.227523 0.728249 1.6741 
0.154237 0.552354 1.48129 
0.112286 0.440552 1.35969 
0.0961109 0.404936 1.34904 
0.104012 0.455753 1.48526 
0.151767 0.610206 1.79918 
0.266767 0.882961 2.29943 
0.459771 1.2563 2.93964 
0.695476 1.65198 3.59265 
0.892876 1.93718 4.06393 
0.968883 1.9786 4.15812 
0.903297 1.72167 3.77357 
0.777811 1.24327 2.97011 
0.750267 0.733745 1.961 
0.967203 0.407033 1.02384 
1.46448 0.388198 0.377754 
2.12176 0.647714 0.0978587 
2.70658 1.02409 0.113157 
2.98657 1.31886 0.278331 
2.84398 1.40177 0.463747 
2.3263 1.26178 0.604533 
1.61018 0.981875 0.6887 
0.91054 0.668715 0.71337 
0.394328 0.393649 0.658518 
0.142784 0.182283 0.504975 
0.163713 0.0451532 0.278677 
0.421436 0.00900361 0.0745963 
0.851086 0.112601 0.025956 
1.35219 0.367141 0.228439 
1.7866 0.717939 0.6699 
2.00973 1.04977 1.2201 
1.93719 1.24665 1.69657 
1.61128 1.27173 1.96907 
1.21646 1.20981 2.03509 
1.01488 1.23345 2.01548 
1.22209 1.50359 2.07148 
1.88619 2.06236 2.29689 
2.84122 2.78761 2.65619 
3.76962 3.4446 3.01028 
4.34841 3.81256 3.21555 
4.40661 3.81671 3.23511 
