1.0147 1.10324 1.13377 
2.05657 1.82606 1.43283 
3.37957 2.7306 1.87927 
4.45845 3.42652 2.25257 
4.77274 3.54278 2.32656 
4.11223 2.95065 2.00341 
2.74387 1.87745 1.39017 
1.28281 0.795776 0.743479 
0.319887 0.134146 0.303905 
0.0635044 0.0133146 0.143774 
0.265591 0.215241 0.157157 
0.483415 0.410963 0.204362 
0.458049 0.455843 0.280887 
0.300767 0.501149 0.547945 
0.347708 0.828615 1.17976 
0.821248 1.55258 2.15053 
1.58773 2.44625 3.14979 
2.21185 3.04518 3.7191 
2.26735 2.95892 3.52855 
1.66917 2.1634 2.60402 
0.782515 1.06617 1.35267 
0.229813 0.301224 0.374328 
0.527178 0.390289 0.179096 
1.78854 1.4797 0.970069 
3.67447 3.29318 2.58715 
5.58921 5.29371 4.60371 
6.97689 6.93116 6.4972 
7.53869 7.83793 7.81196 
7.28443 7.90507 8.27266 
6.44743 7.25304 7.8394 
5.34512 6.14351 6.6982 
4.25214 4.87057 5.18078 
3.32133 3.66261 3.63532 
2.57117 2.63129 2.31074 
1.93959 1.79061 1.31701 
1.36755 1.12274 0.664832 
0.852128 0.628684 0.323857 
0.437477 0.323498 0.241715 
0.174075 0.202023 0.332367 
0.101657 0.233733 0.488334 
0.264708 0.399898 0.635475 
0.709172 0.716995 0.776098 
1.41981 1.19171 0.956636 
2.24047 1.73705 1.17673 
2.87765 2.1495 1.33665 
3.0367 2.20905 1.29648 
2.6153 1.84275 1.00674 
1.80332 1.21312 0.586847 
0.995058 0.64196 0.267311 
0.563424 0.415998 0.235826 
0.65044 0.616261 0.511598 
1.11088 1.08811 0.942021 
1.63011 1.5569 1.31059 
1.92099 1.79489 1.46553 
1.8701 1.72914 1.38319 
1.55859 1.44126 1.14501 
1.17343 1.08635 0.866908 
0.883306 0.796795 0.635535 
0.753786 0.624958 0.481578 
0.736336 0.542283 0.389891 
0.72151 0.48112 0.329778 
0.618942 0.390481 0.28632 
0.41789 0.273559 0.274923 
0.192315 0.183189 0.326884 
0.0461337 0.175956 0.45143 
0.0362451 0.258607 0.604346 
0.131711 0.373771 0.699707 
0.241937 0.44379 0.670407 
0.290017 0.438882 0.534023 
0.269445 0.408383 0.402113 
0.239149 0.443069 0.411469 
0.266794 0.59818 0.624362 
0.371369 0.842025 0.976595 
0.509299 1.0714 1.3146 
0.60737 1.17794 1.49054 
0.611443 1.1126 1.44299 
0.516781 0.905687 1.21244 
0.366536 0.639715 0.896916 
0.226533 0.402474 0.592076 
0.153481 0.250988 0.356338 
0.171653 0.200262 0.210885 
0.266851 0.233748 0.158781 
0.399003 0.323953 0.202234 
0.525799 0.450226 0.346263 
0.622223 0.603132 0.588096 
0.682072 0.772122 0.899373 
0.701435 0.92585 1.21384 
0.662489 1.00532 1.4349 
0.540721 0.946637 1.46955 
0.339028 0.728092 1.27751 
0.120867 0.409402 0.906583 
0.00258425 0.124519 0.48505 
0.0917304 0.0167733 0.165064 
0.406975 0.150713 0.0448566 
0.842034 0.461641 0.117473 
1.21062 0.784565 0.281106 
1.34844 0.949239 0.40655 
1.20378 0.879588 0.418347 
0.857746 0.632686 0.336716 
0.468473 0.355545 0.254458 
0.181912 0.191869 0.266274 
0.0627936 0.197806 0.397285 
0.0771913 0.315062 0.5771 
0.129607 0.416239 0.679665 
0.13462 0.398057 0.610903 
0.0831672 0.265865 0.391118 
0.0548006 0.14548 0.168293 
0.153088 0.196924 0.132893 
0.40298 0.480493 0.378416 
0.697491 0.881448 0.811674 
0.856112 1.17056 1.1974 
0.762168 1.16786 1.31818 
0.465477 0.879452 1.12685 
0.155564 0.490511 0.76713 
0.0205483 0.21956 0.449706 
0.106563 0.157935 0.294847 
0.291349 0.22466 0.271387 
0.390298 0.261876 0.266082 
0.310882 0.181214 0.204404 
0.140177 0.0430794 0.115837 
0.100977 0.0152413 0.101489 
0.40141 0.24872 0.245666 
1.07566 0.76056 0.545487 
1.9267 1.40176 0.904545 
2.62067 1.93081 1.18587 
2.87841 2.1455 1.28444 
2.63556 1.989 1.17546 
2.0638 1.56652 0.915692 
1.44952 1.07242 0.606304 
1.02793 0.686034 0.345587 
0.885316 0.502754 0.198585 
0.97111 0.527592 0.192096 
1.17636 0.711183 0.325542 
1.40684 0.991228 0.583013 
1.61154 1.31642 0.938371 
1.77368 1.65157 1.35493 
1.89133 1.97307 1.7865 
1.96521 2.26227 2.18444 
1.9953 2.49946 2.50789 
1.9802 2.65956 2.72806 
1.91541 2.71125 2.82257 
1.79167 2.62321 2.76852 
1.59677 2.37829 2.54942 
1.32407 1.99031 2.17745 
0.986389 1.51171 1.71104 
0.626885 1.02286 1.24312 
0.313829 0.604225 0.859967 
0.11163 0.305083 0.600124 
0.0410386 0.127801 0.448452 
0.0625656 0.0424732 0.373314 
0.112684 0.0307426 0.379989 
0.179194 0.132672 0.537297 
0.34957 0.451009 0.946653 
0.76329 1.08077 1.6573 
1.47422 1.99093 2.5751 
2.32951 2.95186 3.44016 
2.99527 3.60519 3.92741 
3.15668 3.67693 3.84255 
2.7634 3.20065 3.29193 
2.1234 2.56883 2.68424 
1.74582 2.33374 2.52033 
2.02515 2.86804 3.08606 
2.98435 4.11341 4.25277 
4.25103 5.59156 5.52797 
5.27185 6.6676 6.32618 
5.61256 6.88763 6.28157 
5.15621 6.18186 5.40955 
4.10422 4.83616 4.04146 
2.82008 3.29169 2.60882 
1.63958 1.92346 1.43242 
0.75954 0.925259 0.635721 
0.235861 0.328032 0.194606 
0.0412151 0.0841631 0.0417739 
0.113465 0.130558 0.130733 
0.369459 0.397688 0.427922 
0.709067 0.796021 0.874821 
1.03576 1.22107 1.37617 
1.28109 1.57668 1.82362 
1.40268 1.78635 2.12081 
1.36106 1.78656 2.18923 
1.12339 1.53721 1.97847 
0.718621 1.07138 1.50719 
0.288202 0.537075 0.903964 
0.0408117 0.150188 0.375999 
0.102291 0.051211 0.0873987 
0.385296 0.181965 0.0394097 
0.628222 0.322016 0.0808133 
0.606895 0.28568 0.0641714 
0.338683 0.10598 0.00458981 
0.0798126 0.0180883 0.0731675 
0.105329 0.241778 0.417334 
0.473716 0.766831 0.985002 
0.994077 1.34943 1.53561 
1.41451 1.72057 1.83335 
1.6406 1.80285 1.83387 
1.78062 1.73705 1.68951 
1.99607 1.71617 1.58638 
2.31847 1.80344 1.586 
2.60461 1.90094 1.61605 
2.65692 1.87362 1.59246 
2.39092 1.69678 1.53708 
1.91263 1.49935 1.58544 
1.46086 1.48426 1.89323 
1.27104 1.79763 2.52285 
1.45108 2.43063 3.37669 
1.9311 3.19852 4.19999 
2.50089 3.80457 4.65723 
2.91095 3.96984 4.47601 
2.98834 3.57706 3.61056 
2.71001 2.74825 2.32267 
2.19584 1.79357 1.08864 
1.62933 1.04663 0.351537 
1.15925 0.688038 0.271896 
0.844129 0.675835 0.657189 
0.664537 0.822514 1.1242 
0.577317 0.948596 1.36801 
0.563607 0.99501 1.3352 
0.642723 1.02809 1.19242 
0.859334 1.16535 1.1548 
1.2643 1.4988 1.33367 
1.89267 2.06178 1.70828 
2.72657 2.82385 2.19501 
3.64665 3.67985 2.71411 
4.41416 4.43891 3.1958 
4.73483 4.85868 3.55738 
4.40411 4.74754 3.71358 
3.45127 4.08335 3.62709 
2.16843 3.05225 3.34113 
0.979292 1.95799 2.94534 
0.225341 1.06003 2.50247 
0.0174109 0.462705 2.01511 
0.24846 0.132435 1.47226 
0.733251 0.00588556 0.926247 
1.35017 0.0816212 0.512521 
2.08484 0.423947 0.385492 
2.97601 1.1007 0.634069 
4.03687 2.12518 1.2568 
5.21146 3.43713 2.20022 
6.36876 4.89968 3.388 
7.31347 6.28878 4.68812 
7.81915 7.30409 5.86147 
7.70618 7.652 6.59013 
6.94665 7.18987 6.61729 
5.71929 6.03197 5.90577 
4.34446 4.51423 4.67808 
3.12314 3.02401 3.2965 
2.19598 1.82064 2.08105 
1.52754 0.974964 1.20134 
1.00896 0.438614 0.685252 
0.573929 0.142762 0.477944 
0.235067 0.0343343 0.476384 
