0.169338 0.168879 0.197135 
0.263264 0.172476 0.125383 
0.415469 0.213006 0.0769863 
0.547412 0.284136 0.0976766 
0.616264 0.379157 0.201075 
0.683177 0.5351 0.398416 
0.840278 0.784192 0.676178 
1.08792 1.07261 0.950625 
1.3212 1.27049 1.09128 
1.43836 1.28014 1.01897 
1.43207 1.11897 0.774509 
1.36538 0.888247 0.481128 
1.28717 0.679134 0.247325 
1.1965 0.522889 0.11044 
1.07637 0.412746 0.0524156 
0.934101 0.342441 0.0409469 
0.805322 0.317599 0.0531232 
0.733626 0.346044 0.0805914 
0.741976 0.420889 0.122424 
0.799805 0.499927 0.164355 
0.818009 0.507433 0.167685 
0.718578 0.395585 0.107299 
0.546355 0.233136 0.0389149 
0.490264 0.205088 0.0975328 
0.730392 0.459892 0.371459 
1.22799 0.925075 0.758983 
1.69076 1.30541 0.994247 
1.79166 1.3154 0.873491 
1.4428 0.933918 0.469763 
0.855136 0.421006 0.0965417 
0.342105 0.084131 0.0366247 
0.083205 0.039258 0.307426 
0.0608527 0.187556 0.688911 
0.163292 0.373204 0.953053 
0.293281 0.517269 1.04036 
0.388819 0.610685 1.03098 
0.4065 0.641566 0.999798 
0.338853 0.581715 0.939661 
0.241076 0.438255 0.810862 
0.19738 0.275756 0.619015 
0.236366 0.162121 0.419325 
0.292267 0.104882 0.26217 
0.271431 0.0624644 0.16421 
0.157926 0.0160205 0.134242 
0.0379556 0.00651716 0.197211 
0.0132878 0.0858522 0.364894 
0.100512 0.241522 0.58609 
0.222939 0.388648 0.75179 
0.289862 0.440026 0.768787 
0.267501 0.374648 0.629406 
0.180595 0.239475 0.408515 
0.0770094 0.104529 0.202745 
0.00777533 0.0270276 0.0774002 
0.0148275 0.0350528 0.0499532 
0.0957816 0.108227 0.0898707 
0.177529 0.171167 0.128392 
0.167528 0.14618 0.103249 
0.0657653 0.0469691 0.0277924 
0.00862176 0.00622062 0.00787933 
0.157313 0.168197 0.154639 
0.525113 0.534971 0.463335 
0.932663 0.934063 0.791885 
1.15026 1.15341 0.972482 
1.0815 1.10602 0.940664 
0.810496 0.865702 0.756154 
0.496729 0.569397 0.522726 
0.24855 0.311824 0.314506 
0.089202 0.128355 0.175666 
0.010084 0.046326 0.16064 
0.0286689 0.122548 0.345574 
0.182286 0.412054 0.779696 
0.459487 0.883665 1.40241 
0.747511 1.3664 2.00031 
0.888934 1.6217 2.28803 
0.835438 1.53187 2.10825 
0.737822 1.23574 1.59197 
0.821564 1.0301 1.08562 
1.13204 1.08732 0.86233 
1.4373 1.28177 0.896253 
1.4445 1.33811 0.94829 
1.11664 1.148 0.865942 
0.725107 0.889409 0.746555 
0.567968 0.812916 0.783443 
0.675521 0.956826 1.00178 
0.822966 1.11786 1.20596 
0.792629 1.07725 1.17913 
0.566359 0.800964 0.885125 
0.279471 0.426627 0.47263 
0.0710915 0.127176 0.139861 
0.0195972 0.0230379 0.0249328 
0.160259 0.164545 0.169052 
0.473157 0.50777 0.500064 
0.839031 0.892015 0.839325 
1.0709 1.10641 0.990984 
1.04432 1.0376 0.882483 
0.796575 0.75382 0.614989 
0.482817 0.428054 0.354008 
0.24699 0.190694 0.181287 
0.150144 0.0744039 0.0765743 
0.195216 0.0744293 0.023678 
0.362173 0.199313 0.073596 
0.593372 0.431263 0.269224 
0.780881 0.671761 0.539505 
0.821383 0.784248 0.726042 
0.699402 0.712548 0.737951 
0.49991 0.541761 0.662346 
0.335023 0.431175 0.700851 
0.280957 0.4967 0.993194 
0.397723 0.759193 1.49591 
0.771214 1.17131 2.00688 
1.4627 1.64406 2.28623 
2.36936 2.03407 2.17644 
3.15471 2.15266 1.67297 
3.39373 1.86332 0.94291 
2.87396 1.22189 0.282741 
1.80794 0.519459 0.00160553 
0.748967 0.14153 0.261989 
0.24479 0.320215 0.969776 
0.486675 0.967298 1.80171 
1.21393 1.7224 2.37128 
1.92372 2.18161 2.43384 
2.208 2.13929 2.0041 
1.97754 1.68454 1.32482 
1.45628 1.11612 0.724605 
1.00449 0.761726 0.459573 
0.916073 0.821763 0.619099 
1.30093 1.30757 1.12076 
2.07459 2.07112 1.77157 
3.01528 2.88153 2.35367 
3.84183 3.50322 2.69639 
4.29312 3.75466 2.71349 
4.20863 3.55027 2.40762 
3.5958 2.92969 1.85824 
2.64085 2.05765 1.20211 
1.62719 1.16929 0.598731 
0.79604 0.473263 0.18042 
0.255517 0.080387 0.0175707 
0.0169324 0.0190876 0.132798 
0.103611 0.306364 0.542883 
0.581411 0.964303 1.25613 
1.44128 1.92907 2.19582 
2.45974 2.95442 3.13561 
3.23799 3.67171 3.77057 
3.449 3.81859 3.91569 
3.0764 3.43554 3.65033 
2.40312 2.81818 3.23633 
1.75608 2.25322 2.86541 
1.26458 1.80045 2.49318 
0.85869 1.33542 1.94371 
0.462308 0.782299 1.17629 
0.136781 0.265358 0.420729 
0.0199434 0.0135526 0.0232983 
0.154888 0.133074 0.154401 
0.417753 0.49714 0.668529 
0.620891 0.856456 1.23677 
0.666811 1.03732 1.59881 
0.59377 1.03331 1.70154 
0.497902 0.944353 1.65072 
0.443707 0.869393 1.58269 
0.443541 0.851978 1.57503 
0.476355 0.874444 1.61461 
0.491653 0.862889 1.59893 
0.420664 0.722063 1.39088 
0.245661 0.4301 0.943366 
0.0839321 0.12581 0.404919 
0.157204 0.0564671 0.0614507 
0.605007 0.370213 0.108321 
1.29863 0.93773 0.459512 
1.87044 1.41096 0.807879 
1.97718 1.49549 0.893993 
1.56668 1.17838 0.709229 
0.901758 0.696559 0.438003 
0.335623 0.306424 0.240932 
0.0605783 0.100936 0.134294 
0.0372074 0.0241243 0.0651183 
0.109623 0.00341102 0.0391246 
0.158342 0.0311001 0.129711 
0.163824 0.136225 0.376616 
0.173056 0.322077 0.717204 
0.238305 0.552141 1.03072 
0.384835 0.784503 1.23384 
0.613435 1.00401 1.32728 
0.912591 1.22265 1.37059 
1.25939 1.4576 1.43161 
1.61122 1.70809 1.54929 
1.90659 1.94428 1.71485 
2.08649 2.11529 1.87132 
2.12458 2.17481 1.9408 
2.04108 2.10904 1.87214 
1.88857 1.94612 1.67532 
1.72202 1.73923 1.41269 
1.57414 1.53654 1.1557 
1.44622 1.35777 0.943435 
1.31294 1.18916 0.771149 
1.13886 0.997782 0.608008 
0.903334 0.758648 0.4274 
0.62196 0.481233 0.232994 
0.347471 0.217713 0.068136 
0.145373 0.0440094 0.00170788 
0.062828 0.0255164 0.0966259 
0.115976 0.192584 0.381305 
0.300557 0.539105 0.841602 
0.604219 1.03177 1.42927 
0.997825 1.60865 2.06806 
1.4119 2.16762 2.65161 
1.73213 2.57186 3.05222 
1.83959 2.69471 3.15953 
1.67859 2.48573 2.93529 
1.29923 2.00749 2.44175 
0.834791 1.40793 1.81585 
0.427458 0.846561 1.20726 
0.160126 0.429122 0.725501 
0.0404757 0.189134 0.421824 
0.0321781 0.10761 0.294454 
0.0912666 0.137404 0.296453 
0.17861 0.216703 0.347943 
0.257661 0.284247 0.368764 
0.3011 0.306648 0.326287 
0.307976 0.300654 0.260956 
0.309322 0.321938 0.256351 
0.347728 0.418848 0.368072 
0.444169 0.586494 0.569014 
0.578845 0.760717 0.759241 
0.699605 0.857407 0.833372 
0.750848 0.826028 0.750854 
0.705641 0.679394 0.557006 
0.583587 0.483804 0.346752 
0.443368 0.3223 0.20712 
0.355032 0.260419 0.185011 
0.37419 0.338125 0.299055 
0.534659 0.583503 0.570991 
0.846979 1.01552 1.03037 
1.27926 1.61233 1.67343 
1.73295 2.27194 2.41417 
2.06333 2.82544 3.09025 
2.16055 3.11892 3.53648 
2.02235 3.0956 3.66201 
1.73208 2.7953 3.46127 
1.36136 2.28489 2.97257 
0.923092 1.62403 2.26557 
0.447191 0.919709 1.48592 
0.0789218 0.37852 0.871569 
0.0346398 0.227465 0.646744 
0.409766 0.526971 0.845316 
1.03721 1.06728 1.24317 
1.57425 1.49136 1.50452 
1.75472 1.55326 1.42777 
1.56577 1.2729 1.06617 
1.19864 0.860656 0.630306 
0.858723 0.518402 0.29733 
0.628034 0.312943 0.111641 
