2.62628 2.64391 2.09599 
1.78037 1.90489 1.54359 
1.11902 1.31724 1.10865 
0.718197 0.957698 0.858366 
0.544914 0.81292 0.794909 
0.507328 0.81816 0.880585 
0.518333 0.906469 1.06958 
0.539893 1.04284 1.32931 
0.589932 1.2294 1.64283 
0.714815 1.48432 1.99542 
0.947135 1.81018 2.35661 
1.2732 2.17112 2.67084 
1.62673 2.49186 2.86483 
1.91061 2.68009 2.87058 
2.03478 2.66156 2.65405 
1.95216 2.41182 2.23598 
1.67686 1.96965 1.69302 
1.27785 1.426 1.13648 
0.852319 0.892674 0.67566 
0.490484 0.464157 0.380776 
0.246548 0.188325 0.261387 
0.126652 0.0578347 0.269543 
0.0969871 0.0242593 0.32593 
0.106627 0.0271449 0.356994 
0.113908 0.0241897 0.326783 
0.104733 0.00958572 0.250737 
0.0959715 0.0141498 0.187593 
0.124471 0.0894221 0.214929 
0.228271 0.284001 0.399113 
0.428667 0.621616 0.770094 
0.719398 1.08753 1.30734 
1.06494 1.62571 1.93884 
1.4064 2.14641 2.55259 
1.67278 2.54313 3.01918 
1.79633 2.71727 3.22312 
1.73096 2.60723 3.09696 
1.47099 2.21428 2.64854 
1.06371 1.6148 1.9692 
0.60752 0.948921 1.2145 
0.230089 0.383288 0.558827 
0.0491704 0.0572121 0.13791 
0.12891 0.0321459 0.00184251 
0.450395 0.266974 0.100136 
0.912194 0.632896 0.307669 
1.36437 0.964362 0.481625 
1.66336 1.12496 0.523862 
1.72431 1.05905 0.419705 
1.54764 0.806268 0.235487 
1.20956 0.47437 0.0780634 
0.823544 0.186064 0.0385591 
0.493076 0.0269274 0.149399 
0.277622 0.0181378 0.374661 
0.184115 0.12239 0.634642 
0.181604 0.273739 0.84769 
0.226314 0.412065 0.965799 
0.282797 0.504997 0.987674 
0.333312 0.550894 0.947889 
0.376078 0.567907 0.893506 
0.418088 0.579362 0.86289 
0.46788 0.603314 0.87557 
0.530509 0.648237 0.932799 
0.604595 0.712619 1.02287 
0.681463 0.786198 1.12601 
0.747413 0.852852 1.21808 
0.789652 0.896105 1.2752 
0.803702 0.906322 1.28051 
0.797458 0.885715 1.23038 
0.787703 0.846888 1.13547 
0.789582 0.804347 1.01442 
0.805294 0.763977 0.883446 
0.820359 0.718257 0.748719 
0.811506 0.651828 0.607587 
0.761944 0.554587 0.457889 
0.67355 0.433091 0.30835 
0.566648 0.311156 0.181318 
0.466635 0.217747 0.104294 
0.386761 0.169778 0.0950635 
0.320217 0.161963 0.150556 
0.248539 0.171502 0.247403 
0.161058 0.174706 0.353931 
0.0705944 0.163493 0.445009 
0.0116274 0.149127 0.509267 
0.0190988 0.149808 0.544437 
0.100978 0.171369 0.54646 
0.224716 0.196984 0.503762 
0.330617 0.196697 0.404777 
0.367652 0.153462 0.256105 
0.33077 0.0888234 0.0982618 
0.27499 0.0684448 0.00414155 
0.293973 0.178432 0.0545313 
0.472043 0.481632 0.299954 
0.835269 0.976935 0.728798 
1.32874 1.58495 1.26056 
1.8326 2.16973 1.77015 
2.20849 2.58687 2.13256 
2.35258 2.73523 2.26663 
2.23103 2.58905 2.1586 
1.88474 2.19932 1.85773 
1.40689 1.66843 1.45042 
0.907479 1.11293 1.0276 
0.480565 0.630252 0.659371 
0.184458 0.279599 0.383971 
0.0367295 0.0785519 0.209753 
0.0207366 0.0113014 0.12461 
0.0984067 0.0423245 0.106734 
0.224575 0.130258 0.133029 
0.35933 0.238657 0.184084 
0.475902 0.342156 0.246104 
0.562867 0.427989 0.310778 
0.621044 0.493825 0.373975 
0.656944 0.543326 0.433931 
0.675597 0.580922 0.4892 
0.675577 0.607175 0.536612 
0.64842 0.616309 0.569835 
0.583256 0.597498 0.57971 
0.475298 0.540519 0.557398 
0.334221 0.443982 0.499875 
0.186797 0.321507 0.414952 
0.069554 0.200552 0.321698 
0.0124519 0.111737 0.243748 
0.0213837 0.0728599 0.197472 
0.071068 0.077168 0.181724 
0.116323 0.0953311 0.176944 
0.119131 0.0932869 0.156933 
0.0771463 0.0573568 0.108361 
0.0347925 0.0109616 0.0464248 
0.0656815 0.00973774 0.0151089 
0.231875 0.113821 0.0684124 
0.541407 0.350716 0.240552 
0.929712 0.690006 0.521206 
1.27905 1.0464 0.850803 
1.46869 1.31224 1.14052 
1.43038 1.4038 1.30803 
1.1798 1.2974 1.311 
0.807812 1.03712 1.16174 
0.437666 0.7116 0.916974 
0.171852 0.41388 0.649841 
0.0558681 0.20576 0.420043 
0.0739921 0.102984 0.256438 
0.173147 0.0841107 0.157595 
0.296805 0.112873 0.105179 
0.409134 0.158849 0.0793714 
0.499502 0.206079 0.067459 
0.571182 0.249219 0.0635705 
0.62652 0.284695 0.0638676 
0.659728 0.305439 0.063209 
0.66034 0.302716 0.0561677 
0.622034 0.27212 0.0406992 
0.548702 0.217913 0.0205773 
0.45334 0.15207 0.00425213 
0.351557 0.0890608 0.00110627 
0.255231 0.040494 0.0180442 
0.1706 0.0129497 0.0583825 
0.100685 0.00901597 0.122377 
0.0484297 0.0288333 0.20717 
0.0170734 0.0697711 0.305053 
0.00752155 0.124605 0.401717 
0.0156362 0.180946 0.477701 
0.0326411 0.224284 0.514697 
0.0490747 0.243973 0.5044 
0.0595278 0.238506 0.454495 
0.0647223 0.216311 0.387044 
0.0699977 0.191523 0.329212 
0.0827146 0.178233 0.301663 
0.112129 0.187932 0.311938 
0.172514 0.231906 0.356708 
0.285709 0.325111 0.430224 
0.477087 0.485117 0.531389 
0.762036 0.722286 0.662725 
1.12763 1.02448 0.820924 
1.52079 1.34646 0.986167 
1.85457 1.61466 1.12009 
2.03535 1.75061 1.1775 
2.00116 1.70399 1.12734 
1.75166 1.47836 0.971013 
1.35251 1.13391 0.745738 
0.909604 0.763702 0.509679 
0.526174 0.455346 0.316428 
0.265438 0.258342 0.193483 
0.138177 0.174008 0.13655 
0.118539 0.170589 0.121249 
0.174158 0.211135 0.12298 
0.288957 0.2753 0.131485 
0.464041 0.36235 0.151576 
0.698545 0.476509 0.191586 
0.966759 0.607785 0.249319 
1.21049 0.723672 0.306274 
1.35517 0.778924 0.334621 
1.34221 0.738095 0.312638 
1.15921 0.597128 0.23884 
0.850496 0.390918 0.136179 
0.501992 0.182231 0.0438301 
0.208125 0.0377061 0.00129295 
0.0372072 0.00290652 0.0331481 
0.0105443 0.08751 0.141457 
0.102216 0.265502 0.30774 
0.256148 0.487687 0.501288 
0.410368 0.699183 0.688345 
0.517572 0.854514 0.838426 
0.555379 0.926517 0.927953 
0.525811 0.909485 0.944151 
0.448182 0.819115 0.891261 
0.350721 0.6907 0.796947 
0.264077 0.574362 0.712746 
0.216578 0.524781 0.702618 
0.229288 0.584974 0.819692 
0.30992 0.768508 1.07993 
0.447526 1.04847 1.44667 
0.611914 1.36096 1.83689 
0.760662 1.62446 2.1493 
0.852604 1.76817 2.302 
0.862304 1.75648 2.26183 
0.788605 1.59864 2.05175 
0.653163 1.34022 1.73513 
0.490217 1.04237 1.38708 
0.333232 0.75973 1.06785 
0.204841 0.526459 0.809042 
0.113609 0.353688 0.614557 
0.0569341 0.235558 0.470996 
0.0266392 0.158282 0.35994 
0.013752 0.10764 0.266911 
0.0109097 0.0731558 0.185335 
0.0129262 0.0493652 0.116199 
0.0169701 0.035316 0.0649149 
0.0232739 0.033177 0.0370635 
0.0360398 0.0464983 0.0349283 
0.0632486 0.0784484 0.0563716 
0.114136 0.130144 0.0962141 
0.194329 0.198991 0.148415 
0.300468 0.277142 0.206695 
0.417426 0.350916 0.262833 
0.520839 0.4026 0.304709 
0.585152 0.415517 0.31759 
0.594009 0.381189 0.290334 
0.547691 0.305057 0.223826 
0.463252 0.206642 0.13555 
0.36705 0.112475 0.0550978 
0.283956 0.0445852 0.0108392 
0.229716 0.0108855 0.0146331 
0.210877 0.0036016 0.0541904 
0.231645 0.00747405 0.0990693 
0.302185 0.0133058 0.118028 
0.441635 0.0285464 0.0979619 
0.672113 0.0776892 0.0530289 
1.00564 0.190936 0.0180999 
1.43058 0.386553 0.0300379 
1.90526 0.65641 0.107509 
2.3635 0.962989 0.240679 
2.7312 1.25018 0.396013 
2.94783 1.46303 0.532545 
2.98435 1.56697 0.619943 
