0.659115 0.350258 0.0478505 
0.479605 0.193121 0.00777688 
0.276787 0.0710288 0.0352626 
0.128013 0.0123269 0.0929867 
0.0583219 0.0014956 0.126062 
0.049264 0.00765238 0.107237 
0.0707786 0.0161564 0.0570182 
0.100175 0.0299341 0.0163733 
0.12097 0.049283 0.00342752 
0.119967 0.0633514 0.00317538 
0.0978241 0.0690231 0.00229587 
0.0863661 0.0976484 0.0310995 
0.151848 0.216667 0.164232 
0.37067 0.493852 0.469846 
0.784095 0.944408 0.944494 
1.35535 1.49679 1.48503 
1.95673 2.00302 1.92196 
2.40409 2.29431 2.09702 
2.53269 2.25773 1.94148 
2.28015 1.89494 1.51215 
1.72736 1.32787 0.964575 
1.06498 0.742104 0.476397 
0.499885 0.297694 0.163111 
0.159289 0.0618891 0.0357744 
0.052709 0.00455017 0.0246333 
0.105994 0.04967 0.0467312 
0.226998 0.134506 0.0641899 
0.347966 0.229917 0.0914852 
0.425906 0.319261 0.156128 
0.428557 0.374331 0.25587 
0.341351 0.363816 0.35209 
0.194972 0.288231 0.400651 
0.07617 0.200845 0.387942 
0.0898786 0.183258 0.340372 
0.286358 0.287116 0.302317 
0.608692 0.487518 0.301994 
0.910777 0.688019 0.329878 
1.04358 0.778392 0.3443 
0.950638 0.706785 0.303189 
0.702495 0.517191 0.204274 
0.447735 0.328204 0.105464 
0.325886 0.270882 0.104678 
0.41265 0.429304 0.285812 
0.725039 0.815777 0.664458 
1.24819 1.37736 1.16835 
1.93131 2.01044 1.66313 
2.65642 2.57619 2.00793 
3.24127 2.93453 2.11497 
3.51677 3.00343 1.98777 
3.43131 2.80781 1.71581 
3.08542 2.46719 1.42026 
2.66078 2.12201 1.1832 
2.31594 1.86669 1.0199 
2.14662 1.7537 0.924606 
2.21616 1.84477 0.942668 
2.56785 2.21566 1.17594 
3.16053 2.86774 1.68514 
3.79243 3.62528 2.36969 
4.13779 4.15303 2.95663 
3.92534 4.13172 3.14331 
3.13293 3.47077 2.79371 
2.03195 2.38505 2.03128 
1.03572 1.27137 1.15834 
0.463583 0.479533 0.471419 
0.382493 0.137573 0.107679 
0.610983 0.130535 0.0135296 
0.858334 0.221345 0.0342183 
0.903625 0.223392 0.0511759 
0.710514 0.114324 0.0711832 
0.413461 0.0195441 0.20294 
0.191916 0.0821707 0.53707 
0.132253 0.326482 1.02994 
0.188195 0.632477 1.50059 
0.258796 0.839424 1.7524 
0.290077 0.872885 1.71049 
0.295128 0.773824 1.45033 
0.292727 0.621097 1.10629 
0.26083 0.451598 0.767469 
0.171541 0.266217 0.460485 
0.0589041 0.092141 0.204372 
0.0192198 0.00209398 0.0441231 
0.123522 0.0522681 0.014409 
0.333854 0.209963 0.0852018 
0.519805 0.361592 0.167195 
0.563839 0.401168 0.181091 
0.451683 0.311366 0.119026 
0.267961 0.162989 0.0381922 
0.117612 0.0466816 0.0020763 
0.0549428 0.00895463 0.0317593 
0.0728048 0.0414228 0.105071 
0.137067 0.111726 0.188017 
0.220568 0.194852 0.260966 
0.310435 0.280138 0.320958 
0.395548 0.359376 0.368326 
0.455129 0.415505 0.395278 
0.463275 0.426224 0.387578 
0.408424 0.381888 0.33862 
0.310791 0.302186 0.264391 
0.217617 0.233505 0.205394 
0.175612 0.226431 0.21309 
0.208027 0.315995 0.334218 
0.324519 0.525515 0.605043 
0.552059 0.881107 1.04595 
0.935547 1.39713 1.63484 
1.47597 2.01868 2.26431 
2.05053 2.57246 2.73226 
2.41269 2.80666 2.81738 
2.32317 2.53768 2.42146 
1.73807 1.80988 1.67637 
0.898252 0.927258 0.908949 
0.219823 0.300368 0.460758 
0.0450925 0.203738 0.48619 
0.433828 0.620453 0.879557 
1.14509 1.28194 1.37745 
1.80823 1.85593 1.74158 
2.14374 2.13279 1.87803 
2.08244 2.08986 1.82579 
1.73454 1.82985 1.66572 
1.27407 1.47791 1.44872 
0.838389 1.11984 1.19195 
0.493863 0.798592 0.913572 
0.25324 0.535167 0.651098 
0.104652 0.340228 0.445425 
0.0286029 0.212936 0.316879 
0.00415426 0.140501 0.261847 
0.0130053 0.104585 0.267151 
0.0440125 0.0884613 0.319107 
0.0953952 0.0797637 0.397789 
0.17247 0.0719366 0.471637 
0.280656 0.067612 0.509199 
0.415171 0.0791646 0.50154 
0.552981 0.119884 0.471107 
0.656228 0.189722 0.453887 
0.690682 0.26921 0.469029 
0.647961 0.329258 0.502763 
0.552083 0.348419 0.518801 
0.443572 0.322848 0.483932 
0.356987 0.264778 0.389124 
0.31314 0.197651 0.255751 
0.326425 0.153293 0.127901 
0.406537 0.164984 0.0550827 
0.542478 0.250403 0.0703593 
0.687223 0.394276 0.173469 
0.772375 0.550606 0.330941 
0.752536 0.670139 0.496372 
0.640864 0.733014 0.638254 
0.499878 0.760276 0.756717 
0.398015 0.800269 0.881526 
0.379277 0.909863 1.05914 
0.474899 1.14694 1.33914 
0.732044 1.56593 1.76041 
1.20931 2.19659 2.33152 
1.92424 3.00609 3.00827 
2.79526 3.87296 3.68384 
3.63685 4.60525 4.2071 
4.22482 5.00503 4.42912 
4.3933 4.94777 4.2599 
4.1046 4.43443 3.70973 
3.45754 3.59158 2.8945 
2.63768 2.62085 1.99759 
1.83873 1.72155 1.2008 
1.19254 1.02205 0.617085 
0.739336 0.553822 0.263949 
0.44917 0.279633 0.0943195 
0.274552 0.1517 0.0601971 
0.192562 0.152913 0.156038 
0.205588 0.288937 0.404175 
0.308484 0.544114 0.79635 
0.461651 0.849698 1.24915 
0.601972 1.10332 1.62417 
0.682944 1.22945 1.80724 
0.703088 1.22793 1.78418 
0.692191 1.16365 1.64596 
0.669054 1.10368 1.51399 
0.617369 1.05908 1.44652 
0.511574 0.987502 1.40667 
0.371959 0.855703 1.31806 
0.288693 0.698983 1.15254 
0.372866 0.610905 0.963424 
0.661164 0.661847 0.831018 
1.05765 0.821196 0.776623 
1.37937 0.9667 0.737123 
1.48462 0.987046 0.634031 
1.37983 0.888931 0.472442 
1.20712 0.803204 0.366625 
1.11594 0.871619 0.453435 
1.13009 1.10929 0.762812 
1.13214 1.36876 1.16196 
0.982135 1.44564 1.43002 
0.661675 1.23962 1.40829 
0.306814 0.834446 1.10773 
0.0953788 0.431531 0.692921 
0.0933687 0.200025 0.363377 
0.208939 0.174946 0.231117 
0.303123 0.283806 0.284967 
0.352124 0.458933 0.449894 
0.49503 0.713078 0.667827 
0.901897 1.09745 0.91923 
1.57418 1.58674 1.17702 
2.27111 2.02087 1.36244 
2.6512 2.18497 1.37201 
2.51752 1.9694 1.16214 
1.95432 1.46201 0.804082 
1.2446 0.885183 0.444347 
0.661196 0.440996 0.205282 
0.322511 0.208029 0.122625 
0.207044 0.159993 0.167309 
0.249323 0.240389 0.297981 
0.38693 0.389685 0.467035 
0.534404 0.517893 0.588072 
0.57564 0.51201 0.551668 
0.43995 0.328524 0.328732 
0.194539 0.086848 0.0674503 
0.0262285 0.028047 0.0425579 
0.0917707 0.326588 0.446232 
0.372374 0.916382 1.19414 
0.683675 1.50972 1.94348 
0.836756 1.80888 2.3311 
0.790624 1.72073 2.22725 
0.65375 1.38764 1.78876 
0.555388 1.03354 1.29225 
0.531053 0.790438 0.924034 
0.526259 0.653805 0.705965 
0.484731 0.563058 0.574293 
0.411484 0.491128 0.489059 
0.353045 0.45629 0.464235 
0.335733 0.474214 0.521434 
0.336757 0.523573 0.644651 
0.313701 0.56336 0.787726 
0.255868 0.576479 0.916915 
0.208118 0.59364 1.04071 
0.250202 0.679242 1.20372 
0.449722 0.89396 1.45633 
0.818102 1.25703 1.82068 
1.29063 1.72185 2.2626 
1.73861 2.17223 2.67625 
2.01137 2.44827 2.89845 
1.99737 2.40843 2.7716 
1.68408 2.01366 2.24548 
1.18562 1.38698 1.45971 
0.706938 0.78957 0.726362 
0.441368 0.492514 0.380263 
0.451467 0.606486 0.569831 
0.620437 0.991931 1.13834 
0.730677 1.33851 1.70669 
0.628205 1.37551 1.91874 
0.345807 1.0574 1.67045 
0.075931 0.577463 1.14831 
0.00952866 0.203991 0.659881 
0.179914 0.0836313 0.408674 
0.449724 0.172724 0.393616 
