1.96054 1.81605 1.37594 
1.71648 1.63084 1.26949 
1.38473 1.3176 1.03069 
1.02817 0.958264 0.740575 
0.704536 0.632514 0.475758 
0.449633 0.392219 0.28375 
0.274342 0.253033 0.176583 
0.170787 0.199982 0.138413 
0.120865 0.199979 0.139232 
0.103186 0.215708 0.148942 
0.0979756 0.217931 0.149084 
0.0907944 0.19432 0.140411 
0.0749959 0.152673 0.143979 
0.0519709 0.11697 0.194029 
0.0286816 0.117239 0.324066 
0.0135308 0.177297 0.55151 
0.0126489 0.305694 0.867925 
0.0282689 0.493446 1.23952 
0.0593964 0.718372 1.61733 
0.103662 0.952598 1.95168 
0.158889 1.16901 2.20399 
0.223407 1.34417 2.3515 
0.294959 1.45811 2.38497 
0.368782 1.49333 2.30347 
0.436083 1.43606 2.11136 
0.484495 1.28089 1.82033 
0.501608 1.03767 1.45555 
0.480995 0.737029 1.06098 
0.427768 0.429601 0.697595 
0.359467 0.175815 0.431013 
0.299708 0.02746 0.310488 
0.266409 0.0075532 0.347683 
0.261022 0.0984385 0.50636 
0.266357 0.246105 0.711046 
0.256274 0.381361 0.873892 
0.212754 0.449033 0.928857 
0.139725 0.430615 0.856912 
0.0635141 0.348104 0.689379 
0.0177423 0.246926 0.487811 
0.0212337 0.168143 0.311741 
0.0636493 0.126729 0.192365 
0.109995 0.108912 0.1261 
0.123225 0.0891421 0.0892888 
0.0914011 0.0542253 0.0619889 
0.0411541 0.0171983 0.0436584 
0.0267267 0.0105474 0.0501436 
0.099368 0.0629053 0.0953128 
0.275369 0.175508 0.172226 
0.523023 0.315692 0.249467 
0.77731 0.433294 0.287232 
0.973323 0.489606 0.262678 
1.07738 0.479171 0.186035 
1.09683 0.429311 0.0947133 
1.06455 0.378149 0.0285752 
1.01139 0.347722 0.00419436 
0.947323 0.332523 0.00771584 
0.86411 0.312138 0.0124716 
0.755029 0.277609 0.00805941 
0.633571 0.249309 0.0170736 
0.533843 0.269288 0.0832866 
0.49008 0.370444 0.236572 
0.510182 0.544277 0.459572 
0.564541 0.733057 0.683297 
0.601031 0.856378 0.820013 
0.577218 0.85707 0.814543 
0.487006 0.735739 0.67957 
0.362203 0.549522 0.48935 
0.248081 0.375262 0.334293 
0.171834 0.262597 0.26637 
0.128281 0.209534 0.27205 
0.0936549 0.176489 0.290189 
0.0559214 0.126586 0.260883 
0.0363743 0.0612773 0.170412 
0.0831872 0.0247245 0.0617979 
0.239028 0.0741192 0.00600513 
0.505397 0.238224 0.05619 
0.830246 0.494305 0.21708 
1.1296 0.779434 0.448159 
1.33019 1.02733 0.694415 
1.40601 1.20497 0.920719 
1.38652 1.32552 1.12682 
1.33387 1.43162 1.3362 
1.30562 1.56284 1.57007 
1.3257 1.72841 1.8248 
1.37766 1.89985 2.06563 
1.41945 2.02444 2.23765 
1.40829 2.05013 2.28659 
1.32314 1.95029 2.18081 
1.17762 1.73959 1.92787 
1.02064 1.47646 1.58083 
0.924124 1.24938 1.22983 
0.95816 1.14766 0.976429 
1.15877 1.22368 0.895794 
1.50035 1.4618 1.0012 
1.88926 1.77169 1.22985 
2.18899 2.01604 1.46229 
2.27239 2.06572 1.57107 
2.0788 1.85788 1.47696 
1.64701 1.4278 1.18448 
1.10405 0.8962 0.778503 
0.612353 0.417057 0.384104 
0.300193 0.111542 0.110813 
0.20991 0.0208577 0.00957494 
0.288924 0.0995691 0.0614894 
0.425771 0.249078 0.199392 
0.510024 0.370562 0.346655 
0.483899 0.40888 0.451242 
0.360107 0.366857 0.499165 
0.200636 0.287414 0.505129 
0.0729747 0.21869 0.491095 
0.0114436 0.184775 0.468452 
0.00565265 0.178326 0.434379 
0.019448 0.175701 0.38172 
0.0238641 0.160469 0.311941 
0.0194649 0.136888 0.239343 
0.0324354 0.123881 0.182495 
0.0886573 0.135708 0.150048 
0.18658 0.166144 0.133635 
0.290677 0.1902 0.115377 
0.351633 0.183084 0.0850733 
0.338782 0.141286 0.052548 
0.260568 0.0877737 0.0427555 
0.157781 0.0554749 0.0748944 
0.0752066 0.0612674 0.141439 
0.0336256 0.0916785 0.205943 
0.0228961 0.113175 0.225372 
0.0192053 0.100073 0.182709 
0.0100366 0.0577421 0.104704 
0.00506039 0.0211792 0.0482815 
0.0242201 0.0282852 0.0621682 
0.0745229 0.0881807 0.150483 
0.137164 0.170284 0.265807 
0.177914 0.22445 0.338805 
0.173497 0.217995 0.324573 
0.132217 0.16146 0.23307 
0.0908862 0.102954 0.122222 
0.0892626 0.0948177 0.0591588 
0.141829 0.157407 0.0773239 
0.22924 0.266522 0.158632 
0.315933 0.372584 0.250454 
0.379228 0.435793 0.302428 
0.426108 0.450683 0.296231 
0.483985 0.443259 0.249776 
0.572847 0.445457 0.197463 
0.681186 0.467998 0.164208 
0.765363 0.491986 0.152036 
0.774222 0.483966 0.145698 
0.681941 0.421607 0.129115 
0.506423 0.310841 0.0985329 
0.301351 0.183306 0.0635994 
0.128198 0.0777692 0.038205 
0.0267072 0.0193835 0.0299601 
0.000968134 0.00986587 0.0363435 
0.0261608 0.0324933 0.0491064 
0.0680353 0.0659348 0.0623118 
0.101746 0.0970134 0.0777235 
0.12045 0.125553 0.104192 
0.132389 0.160759 0.152123 
0.151689 0.213351 0.226868 
0.189465 0.288632 0.324827 
0.249201 0.383665 0.434025 
0.326701 0.488808 0.538555 
0.412822 0.591882 0.624555 
0.496898 0.682502 0.684831 
0.569428 0.754532 0.719955 
0.623401 0.805795 0.735464 
0.65429 0.835733 0.736913 
0.659343 0.842892 0.725898 
0.637152 0.824247 0.699573 
0.588188 0.777116 0.654005 
0.516116 0.702546 0.589106 
0.428835 0.607802 0.511748 
0.337958 0.505977 0.434819 
0.25631 0.412472 0.372572 
0.194318 0.34008 0.334952 
0.157005 0.295182 0.324036 
0.143107 0.276832 0.334274 
0.146704 0.278774 0.355928 
0.160468 0.293026 0.379566 
0.178906 0.31319 0.399406 
0.200178 0.336242 0.414414 
0.225833 0.362554 0.427411 
0.258821 0.394615 0.443211 
0.300811 0.435209 0.466744 
0.350074 0.485682 0.501613 
0.400954 0.544747 0.549064 
0.445263 0.608122 0.607215 
0.47513 0.669088 0.670633 
0.486104 0.719815 0.730515 
0.47899 0.752933 0.775721 
0.459315 0.762691 0.794611 
0.434355 0.745284 0.777307 
0.40902 0.698523 0.717956 
0.382782 0.621721 0.616733 
0.349708 0.516704 0.481466 
0.302158 0.390037 0.328503 
0.236558 0.255183 0.18183 
0.158045 0.132329 0.0692383 
0.080867 0.0442356 0.0151845 
0.0235795 0.00864173 0.0320159 
0.00108229 0.0304028 0.1133 
0.0176084 0.0977231 0.233355 
0.0644389 0.185304 0.354763 
0.12351 0.263587 0.441492 
0.174896 0.309756 0.471793 
0.204435 0.315219 0.444733 
0.208354 0.286509 0.377616 
0.193852 0.240402 0.296548 
0.176391 0.196776 0.225697 
0.174902 0.172625 0.180368 
0.205659 0.178458 0.165496 
0.275659 0.216288 0.17761 
0.377494 0.278428 0.207279 
0.488973 0.348019 0.240885 
0.58002 0.403323 0.263068 
0.625782 0.426325 0.261461 
0.619979 0.412448 0.232944 
0.58018 0.375263 0.187518 
0.539606 0.341128 0.145476 
0.527912 0.334395 0.127099 
0.55139 0.360847 0.139792 
0.585531 0.400249 0.170983 
0.586921 0.414972 0.193096 
0.519905 0.372166 0.179779 
0.38328 0.267558 0.124739 
0.220375 0.136183 0.0514502 
0.10431 0.0415662 0.00617418 
0.104213 0.0469965 0.0362749 
0.249593 0.183213 0.164754 
0.511831 0.429627 0.374858 
0.812843 0.719303 0.613488 
1.05666 0.965425 0.812056 
1.1681 1.09599 0.914265 
1.12014 1.08017 0.897245 
0.938716 0.935161 0.776803 
0.68552 0.713008 0.596282 
0.429889 0.476204 0.406465 
0.223699 0.274746 0.246963 
0.0893391 0.133932 0.136731 
0.022435 0.0551102 0.0753043 
0.00382141 0.024998 0.0508747 
0.0124336 0.0264221 0.0492637 
0.0329393 0.0451098 0.0594919 
0.0566622 0.0712099 0.0750745 
0.0784915 0.0977481 0.0928906 
0.0938474 0.119225 0.11203 
0.0983 0.132116 0.133715 
0.0896916 0.136699 0.16167 
0.0705987 0.138208 0.201566 
0.0488184 0.145656 0.258848 
0.035034 0.168307 0.335573 
