0.186754 0.647866 1.04058 
0.442666 0.995668 1.31941 
0.661797 1.21085 1.41869 
0.827706 1.27848 1.34438 
1.00074 1.28067 1.19675 
1.22107 1.29395 1.07032 
1.44863 1.32265 0.993858 
1.58701 1.31261 0.941984 
1.55636 1.20983 0.878525 
1.34997 1.00712 0.786157 
1.03537 0.749943 0.672028 
0.708099 0.507747 0.560521 
0.440239 0.337114 0.481817 
0.268716 0.267005 0.462809 
0.231308 0.319422 0.529907 
0.406371 0.542812 0.722765 
0.894996 1.01058 1.0958 
1.7331 1.76062 1.68337 
2.79922 2.71446 2.44162 
3.81062 3.65388 3.21968 
4.43823 4.2982 3.80369 
4.47105 4.44143 4.01792 
3.91818 4.05529 3.81394 
2.98623 3.29046 3.28608 
1.96218 2.38696 2.61006 
1.08584 1.5625 1.95588 
0.479619 0.943723 1.43126 
0.148896 0.558701 1.07417 
0.0248566 0.367648 0.874289 
0.0147363 0.300343 0.794398 
0.039385 0.284225 0.780785 
0.0529403 0.263136 0.771367 
0.0457294 0.209709 0.712074 
0.0340122 0.129988 0.57909 
0.0433515 0.0573875 0.393491 
0.0938756 0.0371438 0.216557 
0.192187 0.106789 0.125469 
0.32925 0.279541 0.180673 
0.482274 0.537022 0.401254 
0.620951 0.835691 0.761059 
0.718054 1.12504 1.20608 
0.759496 1.36674 1.67883 
0.746979 1.54181 2.13086 
0.692301 1.64318 2.51757 
0.609669 1.66496 2.78881 
0.511642 1.60073 2.8941 
0.408353 1.45252 2.80522 
0.308677 1.24111 2.53979 
0.225027 1.00887 2.16508 
0.179228 0.810434 1.77433 
0.197027 0.689807 1.44416 
0.283544 0.651272 1.19681 
0.398805 0.64888 0.998127 
0.47013 0.620709 0.807884 
0.450407 0.557382 0.654344 
0.374842 0.543863 0.661619 
0.350886 0.713685 0.975179 
0.47295 1.13043 1.62031 
0.73326 1.69563 2.41346 
1.01336 2.17798 3.0267 
1.16726 2.3547 3.17824 
1.12304 2.15271 2.80477 
0.920155 1.6794 2.08332 
0.664825 1.13305 1.29948 
0.453633 0.678437 0.677839 
0.325909 0.379586 0.295708 
0.266822 0.21482 0.10997 
0.241 0.133073 0.0386718 
0.223241 0.097607 0.0230317 
0.207345 0.0942598 0.0398378 
0.197145 0.117453 0.0828474 
0.195955 0.158908 0.14603 
0.203934 0.209652 0.222982 
0.218617 0.265735 0.312639 
0.231533 0.325024 0.416419 
0.226185 0.378144 0.527447 
0.188305 0.40852 0.626544 
0.123612 0.405627 0.692782 
0.060816 0.375916 0.717751 
0.0288375 0.336527 0.708165 
0.0297475 0.299673 0.677088 
0.0394336 0.268113 0.636533 
0.0366787 0.244852 0.595904 
0.0259255 0.238026 0.558224 
0.0268204 0.249154 0.512704 
0.0454756 0.260428 0.437758 
0.064069 0.243229 0.322195 
0.0613453 0.183884 0.185355 
0.0408049 0.100193 0.0693833 
0.0381278 0.0339724 0.00815065 
0.10187 0.0312167 0.00869425 
0.260781 0.125501 0.0661822 
0.495886 0.324515 0.188399 
0.735658 0.596954 0.392136 
0.886547 0.872633 0.671981 
0.88717 1.07009 0.980465 
0.746592 1.13875 1.24628 
0.53296 1.08116 1.41322 
0.323887 0.938618 1.46402 
0.165628 0.760259 1.41633 
0.070906 0.583873 1.30406 
0.0396167 0.43246 1.15839 
0.0719531 0.314568 0.994305 
0.169135 0.227322 0.809614 
0.334181 0.169151 0.601904 
0.568471 0.152082 0.389991 
0.848852 0.190873 0.213056 
1.10039 0.272145 0.10192 
1.21139 0.342956 0.0532559 
1.10599 0.345835 0.0374979 
0.81512 0.269569 0.0291639 
0.467075 0.158195 0.0215147 
0.19651 0.0677502 0.0145491 
0.0586443 0.022711 0.00526413 
0.0249351 0.0179988 0.000610866 
0.042289 0.0491483 0.030224 
0.0797981 0.122672 0.128663 
0.127565 0.23896 0.302623 
0.180012 0.383781 0.527063 
0.237129 0.543551 0.773904 
0.307593 0.711199 1.02375 
0.387393 0.85889 1.23368 
0.436418 0.916948 1.31276 
0.40068 0.814664 1.1728 
0.273259 0.561482 0.82754 
0.120622 0.271303 0.423257 
0.0269541 0.0774919 0.136049 
0.0126957 0.0186232 0.0276736 
0.0312673 0.029111 0.0206952 
0.061958 0.056565 0.028586 
0.190086 0.169644 0.0909559 
0.557673 0.511536 0.343562 
1.20571 1.12293 0.837269 
1.96306 1.81896 1.40392 
2.51229 2.2703 1.73564 
2.59693 2.23784 1.6245 
2.19819 1.75432 1.13934 
1.53647 1.09434 0.573957 
0.908878 0.568857 0.219577 
0.50426 0.325414 0.167136 
0.331661 0.304348 0.293916 
0.284132 0.348202 0.409109 
0.253756 0.342193 0.407435 
0.199838 0.271962 0.309678 
0.13863 0.183888 0.19402 
0.0944247 0.116257 0.111048 
0.0686126 0.0706856 0.0600052 
0.0470372 0.0340759 0.0250771 
0.0234196 0.0105216 0.0148778 
0.00776249 0.0237689 0.0601477 
0.0129031 0.090251 0.176784 
0.0378165 0.194418 0.336431 
0.0667398 0.292852 0.475534 
0.0832135 0.342977 0.534971 
0.0827043 0.329814 0.496193 
0.0721147 0.269932 0.387295 
0.0601962 0.194693 0.260354 
0.0505532 0.130405 0.161676 
0.0424706 0.0893682 0.114897 
0.0351781 0.0724848 0.121276 
0.0297575 0.0758847 0.168944 
0.028237 0.0953266 0.241226 
0.0326328 0.1269 0.319925 
0.0448082 0.16548 0.385718 
0.0657328 0.203381 0.420359 
0.093523 0.231333 0.413061 
0.121447 0.241615 0.367329 
0.137645 0.230297 0.300519 
0.128762 0.196622 0.232901 
0.0895274 0.142564 0.174264 
0.0354205 0.0768725 0.121344 
0.00644809 0.0203528 0.0693734 
0.0488048 0.00125364 0.0245879 
0.178215 0.0358269 0.00161094 
0.352938 0.107925 0.0068693 
0.487412 0.171234 0.0275606 
0.506795 0.181364 0.0422199 
0.403544 0.135139 0.0454514 
0.249895 0.0825749 0.0619957 
0.154246 0.0975014 0.13331 
0.192676 0.226042 0.28423 
0.361455 0.448345 0.494091 
0.577647 0.679062 0.694126 
0.725052 0.808837 0.797113 
0.72036 0.766284 0.746137 
0.562837 0.564661 0.553867 
0.33476 0.299441 0.302513 
0.147571 0.0916981 0.0976754 
0.0701284 0.0148249 0.0065164 
0.0940425 0.0600907 0.0275992 
0.16034 0.164338 0.112793 
0.216156 0.267312 0.21353 
0.2471 0.344439 0.305836 
0.264326 0.39565 0.380244 
0.274589 0.419549 0.424309 
0.270829 0.408673 0.426548 
0.246702 0.365085 0.39415 
0.209125 0.30766 0.354144 
0.172536 0.257478 0.329365 
0.146521 0.220251 0.316245 
0.134463 0.188697 0.292007 
0.14072 0.159798 0.243027 
0.170326 0.142039 0.180644 
0.217898 0.142556 0.127501 
0.261652 0.152003 0.0932602 
0.275698 0.148621 0.0685139 
0.251771 0.119009 0.0410835 
0.208698 0.0730528 0.0131409 
0.179639 0.037412 1.26022e-05 
0.188547 0.0346668 0.014172 
0.235141 0.0673018 0.0523256 
0.297487 0.11797 0.0971849 
0.346765 0.162492 0.130409 
0.36254 0.184313 0.145223 
0.340025 0.181293 0.149692 
0.287922 0.162604 0.159038 
0.22119 0.139999 0.182665 
0.15458 0.120547 0.215552 
0.0995284 0.105336 0.241025 
0.0630149 0.092762 0.242809 
0.0471139 0.0818443 0.216183 
0.0515715 0.073983 0.169658 
0.08173 0.0757727 0.118817 
0.156719 0.103618 0.0810709 
0.305624 0.183673 0.0754189 
0.54479 0.33869 0.120813 
0.848423 0.564465 0.225553 
1.13968 0.814428 0.372679 
1.32028 1.01231 0.517969 
1.32491 1.09157 0.610205 
1.16027 1.03371 0.621084 
0.897349 0.874964 0.559622 
0.624573 0.677682 0.459725 
0.401174 0.493404 0.35551 
0.243278 0.345832 0.266714 
0.139756 0.236465 0.199474 
0.0727484 0.15608 0.150901 
0.0285051 0.0922536 0.110894 
0.00434959 0.0385115 0.0684505 
0.0156154 0.00631964 0.0255745 
0.089631 0.023812 0.00305897 
0.237206 0.108978 0.0219833 
0.422405 0.237179 0.0742857 
0.568624 0.34274 0.118621 
0.609158 0.365608 0.115429 
0.540012 0.302149 0.0672678 
0.42295 0.207724 0.0179628 
0.334998 0.147463 0.00881355 
0.313807 0.145748 0.0398327 
0.346931 0.181649 0.0771489 
0.403289 0.224295 0.0933129 
