1.75408 1.48641 0.974199 
1.85561 1.67407 1.26619 
1.94454 1.75911 1.42056 
1.7989 1.55949 1.27454 
1.34317 1.06486 0.838702 
0.731876 0.484722 0.32813 
0.263684 0.133746 0.0447274 
0.187618 0.233148 0.19096 
0.538158 0.764804 0.740169 
1.10724 1.47166 1.44418 
1.5655 1.9989 1.96818 
1.65297 2.08658 2.06858 
1.32466 1.70288 1.71328 
0.768843 1.04944 1.08538 
0.2903 0.442816 0.477917 
0.126847 0.139464 0.139162 
0.309544 0.201564 0.149705 
0.657865 0.483409 0.398945 
0.916707 0.748743 0.677058 
0.936489 0.837176 0.821253 
0.757151 0.753386 0.806936 
0.535968 0.61428 0.715386 
0.39977 0.518244 0.622853 
0.36579 0.470644 0.531296 
0.389602 0.429029 0.408032 
0.455974 0.393269 0.271657 
0.592338 0.419792 0.206147 
0.794528 0.540237 0.274521 
0.972534 0.689584 0.431814 
1.00281 0.742695 0.546374 
0.840421 0.628612 0.515405 
0.566157 0.398298 0.353464 
0.316217 0.175364 0.166491 
0.173602 0.0497431 0.050793 
0.131446 0.0248213 0.0249886 
0.142675 0.0515577 0.0464801 
0.175192 0.0863051 0.0680625 
0.210775 0.107292 0.0689079 
0.218289 0.0996775 0.0505783 
0.166348 0.0585603 0.0312196 
0.0718702 0.013276 0.0468921 
0.00889648 0.0208591 0.130966 
0.0381225 0.105384 0.265208 
0.128283 0.206709 0.358929 
0.177084 0.222583 0.315149 
0.131141 0.126684 0.146567 
0.071069 0.0326619 0.0134276 
0.14575 0.106201 0.105028 
0.410135 0.394443 0.454954 
0.744351 0.752758 0.878225 
0.950158 0.956642 1.11023 
0.925758 0.888459 1.01816 
0.743887 0.617287 0.684905 
0.578112 0.319885 0.311591 
0.572564 0.14928 0.0647103 
0.759873 0.162303 0.00310833 
1.04426 0.312294 0.0910694 
1.23441 0.470382 0.23239 
1.14414 0.48833 0.313011 
0.747373 0.316433 0.278682 
0.2604 0.0869554 0.202055 
0.0109214 0.0300539 0.232506 
0.152762 0.2457 0.427266 
0.500578 0.561939 0.641113 
0.690084 0.674411 0.64302 
0.532459 0.46152 0.37804 
0.202746 0.143628 0.0876386 
0.0655707 0.0960846 0.120628 
0.322416 0.493752 0.601647 
0.834646 1.14153 1.29001 
1.26753 1.64211 1.76749 
1.37547 1.71507 1.76522 
1.15552 1.37223 1.33256 
0.779255 0.841352 0.740739 
0.428789 0.368908 0.262252 
0.199462 0.0887661 0.0266536 
0.111236 0.0196928 0.0233464 
0.156376 0.122852 0.177379 
0.307694 0.33289 0.400257 
0.490526 0.551138 0.594276 
0.584504 0.65535 0.659524 
0.499015 0.565643 0.54372 
0.273759 0.326096 0.303132 
0.0876663 0.103504 0.0917233 
0.115558 0.0563006 0.0422801 
0.338239 0.171791 0.130216 
0.51872 0.258517 0.184194 
0.43268 0.161752 0.0946504 
0.151302 0.00655498 0.0297855 
0.0420628 0.160734 0.370676 
0.409943 0.86385 1.32531 
1.12926 1.87948 2.58229 
1.70026 2.59892 3.43734 
1.71926 2.56876 3.36907 
1.25583 1.90337 2.50577 
0.714191 1.12307 1.47453 
0.37214 0.609223 0.78989 
0.183585 0.320992 0.463499 
0.0735123 0.0833741 0.23949 
0.282313 0.0235455 0.0942527 
1.21341 0.533832 0.332394 
2.87797 1.75007 1.14929 
4.60818 3.18599 2.2271 
5.4686 4.02353 2.9041 
5.00419 3.79512 2.75864 
3.57764 2.74606 1.96303 
2.00079 1.54388 1.05857 
0.889306 0.705343 0.461023 
0.354543 0.322003 0.229571 
0.191275 0.238473 0.241238 
0.220872 0.353203 0.453371 
0.414969 0.689154 0.927028 
0.76523 1.23063 1.63619 
1.1401 1.78723 2.33989 
1.32481 2.07288 2.69607 
1.19989 1.92585 2.51624 
0.856731 1.44453 1.91446 
0.521437 0.905216 1.21455 
0.36152 0.544361 0.70848 
0.366935 0.408136 0.480715 
0.407845 0.386045 0.426574 
0.382458 0.356845 0.402025 
0.293334 0.286893 0.343289 
0.202162 0.211853 0.269945 
0.156502 0.171823 0.222759 
0.17851 0.188136 0.225855 
0.286221 0.274033 0.287332 
0.469513 0.41788 0.39232 
0.638456 0.54479 0.481206 
0.651402 0.5386 0.467571 
0.454072 0.352802 0.319633 
0.192018 0.103226 0.128357 
0.129858 0.00604727 0.0590175 
0.404975 0.179421 0.199107 
0.855641 0.503525 0.453141 
1.1294 0.709438 0.617232 
1.00026 0.637196 0.583476 
0.594225 0.410299 0.469052 
0.29866 0.340826 0.522047 
0.440089 0.648876 0.882513 
1.03389 1.26826 1.4347 
1.81716 1.91745 1.89966 
2.48917 2.34518 2.07386 
2.90848 2.50146 1.97738 
3.09185 2.49169 1.78109 
3.08512 2.40647 1.61306 
2.88099 2.22565 1.45158 
2.459 1.88077 1.19681 
1.86817 1.37812 0.818428 
1.23903 0.835767 0.413679 
0.710092 0.401492 0.125449 
0.349893 0.146818 0.0184662 
0.145756 0.0404618 0.0387509 
0.0497413 0.00763885 0.0807067 
0.0221136 0.000262469 0.0813555 
0.0375311 0.0138468 0.0536501 
0.0705254 0.0556116 0.045688 
0.092649 0.112724 0.080995 
0.0881134 0.154457 0.137127 
0.0681328 0.159358 0.171884 
0.0657779 0.136109 0.163608 
0.114203 0.118883 0.128727 
0.225972 0.143792 0.107078 
0.38746 0.22648 0.132501 
0.567716 0.354532 0.21144 
0.731113 0.494007 0.319596 
0.845702 0.602465 0.413484 
0.888834 0.644087 0.45035 
0.855243 0.605609 0.410609 
0.76533 0.507494 0.313637 
0.663496 0.400308 0.214776 
0.600937 0.342692 0.179271 
0.610163 0.370984 0.245036 
0.684254 0.476404 0.395405 
0.769884 0.600472 0.558023 
0.782338 0.654997 0.635473 
0.651961 0.570525 0.562085 
0.391287 0.358073 0.361209 
0.129395 0.134339 0.154226 
0.049947 0.0587428 0.0858544 
0.244324 0.202485 0.202729 
0.601109 0.462716 0.395146 
0.862367 0.6281 0.481913 
0.829509 0.560311 0.377125 
0.533821 0.318157 0.1707 
0.199699 0.0919896 0.0290072 
0.0359201 0.0167964 0.0218035 
0.0688895 0.0676049 0.0747806 
0.176098 0.142797 0.103309 
0.253307 0.219587 0.160417 
0.316834 0.386624 0.403605 
0.443458 0.714852 0.897976 
0.645633 1.12595 1.47738 
0.837074 1.42077 1.83511 
0.918621 1.44431 1.76823 
0.874764 1.21427 1.33734 
0.774291 0.88878 0.798856 
0.686784 0.621839 0.394661 
0.61378 0.454895 0.199869 
0.504622 0.333052 0.13867 
0.331793 0.201959 0.107976 
0.142226 0.0760409 0.0727913 
0.0288769 0.0165014 0.0605275 
0.0463777 0.0538485 0.092729 
0.15168 0.140955 0.141752 
0.232706 0.188108 0.156956 
0.206361 0.147985 0.125629 
0.0953813 0.0653442 0.097282 
0.00683742 0.0373573 0.13922 
0.0305072 0.119904 0.265744 
0.157435 0.272654 0.415115 
0.296597 0.396817 0.500652 
0.362769 0.423058 0.484182 
0.340492 0.359997 0.398794 
0.271319 0.266513 0.307309 
0.201837 0.194424 0.250297 
0.155063 0.161957 0.233065 
0.134469 0.162198 0.241956 
0.130063 0.173984 0.254059 
0.121044 0.169424 0.240421 
0.09772 0.138904 0.189953 
0.0927601 0.121591 0.142731 
0.169558 0.189424 0.176573 
0.353039 0.372407 0.33056 
0.574465 0.600071 0.540912 
0.708461 0.740049 0.675595 
0.676047 0.707369 0.645802 
0.504676 0.530466 0.477699 
0.289153 0.310938 0.273781 
0.113701 0.136308 0.120003 
0.0203327 0.0394185 0.0392861 
0.0253665 0.0173535 0.0140635 
0.126224 0.0538421 0.0220541 
0.281845 0.116832 0.0452324 
0.412101 0.160508 0.0683639 
0.444268 0.153577 0.0878629 
0.366896 0.105024 0.115444 
0.234425 0.0519482 0.158834 
0.120626 0.0223103 0.200031 
0.0691377 0.0155716 0.204296 
0.0795155 0.0170535 0.155035 
0.125476 0.0216545 0.0754211 
0.180367 0.0402198 0.0135302 
0.231756 0.0878641 0.00808239 
0.280476 0.169305 0.0657409 
0.328452 0.271721 0.16234 
0.366243 0.36738 0.259984 
0.372798 0.425177 0.327262 
0.330915 0.427188 0.353627 
0.246965 0.381254 0.352557 
0.155782 0.319166 0.351742 
