4.69092 4.26437 3.36881 
4.0864 3.8015 3.10011 
2.97096 2.87895 2.47443 
1.73116 1.81245 1.71727 
0.750865 0.943141 1.09898 
0.279685 0.513887 0.827688 
0.378352 0.598725 0.969595 
0.916941 1.08455 1.41833 
1.615 1.70939 1.93335 
2.14741 2.17393 2.25694 
2.30102 2.29556 2.26151 
2.08127 2.10052 2.01898 
1.67035 1.768 1.72208 
1.27103 1.47304 1.52248 
0.984673 1.27717 1.43664 
0.816337 1.15063 1.39148 
0.741566 1.05373 1.32376 
0.722267 0.959874 1.20951 
0.677648 0.821735 1.02325 
0.515132 0.583635 0.732902 
0.242342 0.270165 0.370788 
0.0254173 0.0339537 0.0786969 
0.0722152 0.0513045 0.0199162 
0.423854 0.339091 0.216566 
0.879641 0.696369 0.493507 
1.15704 0.861481 0.615421 
1.13012 0.737149 0.490341 
0.904387 0.455943 0.235005 
0.672924 0.232574 0.0466169 
0.530905 0.171495 0.0254141 
0.439276 0.219275 0.121105 
0.334028 0.271339 0.22369 
0.222813 0.285555 0.274234 
0.161971 0.286713 0.284845 
0.169388 0.294755 0.281984 
0.194018 0.286003 0.263929 
0.17327 0.229609 0.218746 
0.0998191 0.140139 0.163507 
0.0234645 0.0785915 0.14847 
0.00238202 0.107728 0.224732 
0.0665071 0.255402 0.415178 
0.217031 0.510461 0.708353 
0.433747 0.829149 1.05842 
0.669121 1.13431 1.3805 
0.849169 1.32657 1.56403 
0.90558 1.32883 1.5256 
0.821973 1.14124 1.27413 
0.649185 0.853111 0.92562 
0.47037 0.588452 0.636583 
0.346349 0.424996 0.499382 
0.289081 0.354358 0.484435 
0.281453 0.31571 0.479215 
0.317736 0.270368 0.392979 
0.420865 0.248494 0.239565 
0.614215 0.322486 0.127487 
0.869864 0.526804 0.164592 
1.08589 0.796747 0.359265 
1.13049 0.989723 0.605159 
0.934682 0.983174 0.764024 
0.56456 0.772795 0.775032 
0.207959 0.488489 0.697701 
0.0721889 0.311161 0.656059 
0.258101 0.352248 0.73535 
0.695241 0.583346 0.915319 
1.18023 0.860693 1.0864 
1.49147 1.0201 1.12849 
1.5069 0.974742 0.9911 
1.25484 0.754786 0.72151 
0.874409 0.471234 0.427684 
0.520754 0.236782 0.20698 
0.283818 0.102566 0.0924031 
0.173917 0.0543617 0.0539638 
0.169278 0.0614723 0.0486177 
0.264925 0.123153 0.0689859 
0.463222 0.258334 0.13941 
0.714763 0.445838 0.260942 
0.890032 0.589051 0.369461 
0.849129 0.570606 0.370853 
0.571197 0.367476 0.236573 
0.214898 0.110274 0.0614067 
0.0230025 0.00283731 0.00425024 
0.135318 0.155887 0.150528 
0.476034 0.487071 0.426746 
0.816577 0.783272 0.654216 
0.950164 0.865497 0.691579 
0.824273 0.70848 0.53434 
0.54037 0.428276 0.294746 
0.254951 0.176563 0.101787 
0.0747498 0.0396835 0.014684 
0.0114227 0.00723066 0.0065308 
0.00931267 0.0147192 0.0141439 
0.0193727 0.0231475 0.0141138 
0.0582478 0.0719071 0.0668832 
0.187621 0.244549 0.274666 
0.417205 0.555903 0.660771 
0.635071 0.870263 1.07682 
0.674412 0.970941 1.26553 
0.485409 0.759016 1.07331 
0.234735 0.393424 0.627438 
0.195462 0.201703 0.280746 
0.505917 0.411664 0.337685 
1.03134 0.949602 0.802298 
1.46903 1.49638 1.37891 
1.59206 1.74081 1.71383 
1.40003 1.59249 1.64922 
1.06288 1.18825 1.28348 
0.754568 0.739995 0.838472 
0.545453 0.389606 0.488764 
0.416402 0.171698 0.284809 
0.328757 0.0583385 0.181727 
0.268555 0.0142421 0.113126 
0.249369 0.0277917 0.0556942 
0.29623 0.114847 0.0524307 
0.418211 0.290686 0.173424 
0.574078 0.519672 0.429484 
0.667047 0.694136 0.714252 
0.60502 0.693489 0.853985 
0.391567 0.492414 0.745623 
0.150358 0.208935 0.455993 
0.0353605 0.0246285 0.176523 
0.104903 0.0438822 0.0729274 
0.285622 0.227523 0.173409 
0.453704 0.451578 0.38323 
0.535617 0.610255 0.577425 
0.530725 0.661758 0.671422 
0.466671 0.608929 0.635826 
0.364612 0.475324 0.490142 
0.245034 0.304524 0.296858 
0.136838 0.152966 0.136418 
0.062399 0.0584193 0.0584555 
0.0243451 0.0173769 0.0510575 
0.0201297 0.00312288 0.0638957 
0.0591843 0.000441419 0.0602277 
0.145898 0.0117636 0.0428812 
0.248626 0.0378937 0.041298 
0.313071 0.0779838 0.0943711 
0.326265 0.158902 0.247945 
0.356326 0.342212 0.539802 
0.500141 0.666888 0.951158 
0.773992 1.07033 1.36482 
1.06041 1.38213 1.59808 
1.17986 1.42721 1.51701 
1.03283 1.16228 1.1465 
0.686184 0.723911 0.673093 
0.327835 0.338549 0.323264 
0.129498 0.164548 0.209606 
0.131816 0.193441 0.268508 
0.239413 0.285211 0.337331 
0.317131 0.298573 0.301193 
0.297777 0.200984 0.181335 
0.213653 0.0702314 0.0928712 
0.141754 0.0038998 0.122708 
0.128511 0.0335409 0.25096 
0.162221 0.118381 0.385601 
0.199802 0.200573 0.457288 
0.205631 0.249332 0.466801 
0.170543 0.259316 0.449393 
0.11329 0.233975 0.421716 
0.0715873 0.186775 0.37959 
0.0762404 0.144033 0.328704 
0.116831 0.122067 0.285743 
0.140907 0.102255 0.246285 
0.113858 0.0547313 0.181892 
0.0923325 0.00289864 0.0925759 
0.220692 0.0480843 0.0484616 
0.624292 0.29967 0.146574 
1.28665 0.765822 0.412109 
2.0263 1.31716 0.753796 
2.59689 1.76495 1.02981 
2.82596 1.98164 1.15927 
2.69181 1.96315 1.17234 
2.30618 1.80164 1.16605 
1.83803 1.61359 1.22369 
1.43359 1.48115 1.3678 
1.17212 1.43257 1.56541 
1.06779 1.45349 1.75693 
1.09764 1.50668 1.87702 
1.2228 1.54328 1.86115 
1.38868 1.50776 1.65674 
1.51879 1.3517 1.25565 
1.52375 1.06017 0.733303 
1.33184 0.673961 0.252276 
0.935501 0.291253 0.00695341 
0.438176 0.0505076 0.137483 
0.0610207 0.0972706 0.667113 
0.0585375 0.522367 1.48707 
0.551274 1.27638 2.37652 
1.39019 2.12343 3.05202 
2.19483 2.71576 3.26069 
2.57788 2.78285 2.90265 
2.39034 2.30446 2.10713 
1.79001 1.52405 1.18707 
1.09867 0.793128 0.487527 
0.594866 0.378633 0.232002 
0.404476 0.367339 0.456629 
0.5146 0.684324 1.03265 
0.824176 1.15449 1.72381 
1.16902 1.55755 2.25348 
1.35073 1.69121 2.39513 
1.22117 1.46055 2.07737 
0.796682 0.952782 1.44017 
0.300058 0.42287 0.77884 
0.0584448 0.166826 0.389763 
0.306463 0.353797 0.414327 
1.0393 0.933514 0.78312 
2.03141 1.68593 1.28842 
3.00361 2.37594 1.72662 
3.80259 2.90189 2.01807 
4.45572 3.33708 2.23943 
5.07308 3.84208 2.55884 
5.68843 4.51204 3.11157 
6.16696 5.26 3.87961 
6.2486 5.8133 4.64375 
5.70123 5.83771 5.05516 
4.49248 5.13299 4.81587 
2.87559 3.79198 3.8784 
1.32294 2.21273 2.528 
0.31935 0.924562 1.25969 
0.118163 0.311447 0.502087 
0.607693 0.405993 0.370786 
1.38081 0.897232 0.632144 
1.96777 1.34681 0.901696 
2.08187 1.45711 0.917344 
1.73064 1.20896 0.678853 
1.1514 0.801458 0.372166 
0.642742 0.474227 0.177552 
0.402981 0.353081 0.134657 
0.452327 0.408767 0.157873 
0.65749 0.520799 0.152845 
0.828584 0.57404 0.108937 
0.830483 0.51844 0.0877692 
0.650799 0.37203 0.13915 
0.394507 0.193413 0.242724 
0.212605 0.0525386 0.332996 
0.200902 0.000577076 0.366515 
0.325292 0.0342908 0.349143 
0.435068 0.0846469 0.306038 
0.383285 0.0729702 0.258828 
0.178008 0.014477 0.257335 
0.0238592 0.065182 0.41641 
0.182852 0.428478 0.872444 
0.755746 1.17765 1.66591 
1.58145 2.15815 2.66296 
2.349 3.06961 3.60625 
2.81651 3.65644 4.2573 
2.94947 3.84882 4.51683 
2.89347 3.76789 4.45491 
2.84212 3.62555 4.25918 
2.9056 3.59054 4.12811 
3.04436 3.6789 4.13866 
3.09432 3.72807 4.16357 
