0.368492 0.639226 1.095 
0.653589 1.12217 1.82193 
0.949946 1.65078 2.61991 
1.1728 2.08731 3.29605 
1.2465 2.28937 3.64179 
1.14248 2.17114 3.51654 
0.903468 1.75197 2.91927 
0.63702 1.16404 2.00877 
0.475169 0.608373 1.05489 
0.516222 0.27541 0.337508 
0.777506 0.267144 0.0393474 
1.18486 0.559616 0.183699 
1.60557 1.02325 0.644356 
1.90729 1.4874 1.21685 
2.01134 1.81321 1.70985 
1.91442 1.93871 2.01105 
1.67302 1.88036 2.10289 
1.36664 1.70148 2.03423 
1.06394 1.4724 1.87455 
0.808084 1.2443 1.67828 
0.620749 1.04361 1.47201 
0.512936 0.879794 1.26124 
0.490984 0.755303 1.0446 
0.554811 0.670914 0.825333 
0.693773 0.626607 0.615415 
0.886797 0.621057 0.432978 
1.10875 0.651853 0.295613 
1.33979 0.716784 0.213555 
1.57309 0.81613 0.187149 
1.81785 0.95595 0.211441 
2.0963 1.15072 0.285999 
2.43406 1.42136 0.422733 
2.84426 1.78515 0.643578 
3.31048 2.23951 0.966134 
3.77787 2.74866 1.38509 
4.16217 3.24449 1.86255 
4.37731 3.64591 2.33575 
4.3701 3.88829 2.73891 
4.14296 3.94689 3.02655 
3.75159 3.8415 3.18588 
3.28042 3.62339 3.23598 
2.81283 3.357 3.22035 
2.41374 3.10914 3.20064 
2.12895 2.94647 3.25038 
1.99005 2.93049 3.44059 
2.01025 3.09924 3.81173 
2.1688 3.43921 4.34077 
2.39844 3.86728 4.92457 
2.59561 4.24411 5.39985 
2.65895 4.42359 5.60019 
2.53856 4.31699 5.42598 
2.26553 3.93627 4.89052 
1.94019 3.3906 4.11668 
1.68433 2.83774 3.28614 
1.58603 2.41837 2.56955 
1.66901 2.20829 2.07274 
1.89906 2.20769 1.81979 
2.2141 2.36171 1.76974 
2.55198 2.5909 1.84765 
2.85871 2.81317 1.97105 
3.08121 2.95356 2.06499 
3.16268 2.95064 2.0702 
3.05498 2.76817 1.95151 
2.7445 2.41001 1.70658 
2.27211 1.92663 1.36843 
1.72791 1.40287 0.995429 
1.21844 0.928382 0.650185 
0.82379 0.56538 0.377426 
0.570061 0.331261 0.192477 
0.432009 0.204439 0.0852626 
0.360269 0.146663 0.0346727 
0.312869 0.125947 0.0226461 
0.27153 0.126928 0.0398946 
0.237354 0.146597 0.0828359 
0.215823 0.18372 0.14744 
0.206038 0.232191 0.225933 
0.201739 0.282283 0.307799 
0.199809 0.325946 0.382253 
0.205912 0.359689 0.439179 
0.230968 0.382578 0.468757 
0.281334 0.39251 0.462515 
0.35136 0.385542 0.417221 
0.424695 0.359469 0.339201 
0.483188 0.318088 0.244568 
0.516616 0.27168 0.153522 
0.527014 0.233058 0.0822586 
0.526501 0.212772 0.0387595 
0.531561 0.217221 0.0253752 
0.556673 0.249224 0.0443193 
0.607769 0.307038 0.0986719 
0.675806 0.379661 0.185772 
0.733778 0.442539 0.288871 
0.743052 0.461899 0.377838 
0.671477 0.411499 0.424118 
0.516346 0.294229 0.422012 
0.317082 0.152141 0.399061 
0.144552 0.0521066 0.402896 
0.0677939 0.0505455 0.469262 
0.116006 0.158127 0.592822 
0.260053 0.329118 0.723872 
0.426758 0.484987 0.796682 
0.537669 0.558013 0.771346 
0.547823 0.526274 0.65958 
0.461532 0.418108 0.515998 
0.319878 0.286883 0.402002 
0.174023 0.177809 0.349551 
0.0647041 0.111364 0.351041 
0.0180424 0.0915085 0.380343 
0.0515033 0.125525 0.425813 
0.176129 0.233659 0.507698 
0.387935 0.43709 0.6655 
0.655355 0.732632 0.924444 
0.917392 1.07524 1.26582 
1.10108 1.38487 1.62278 
1.15192 1.57686 1.905 
1.05953 1.59844 2.03717 
0.862337 1.4502 1.98894 
0.628426 1.18212 1.78237 
0.424326 0.868981 1.47662 
0.289332 0.580262 1.14169 
0.227177 0.359284 0.834943 
0.215331 0.218148 0.589359 
0.223316 0.146205 0.414633 
0.229584 0.124561 0.306291 
0.230415 0.138725 0.255805 
0.239571 0.184295 0.256035 
0.281029 0.264595 0.300331 
0.378658 0.383206 0.378109 
0.547029 0.536847 0.472405 
0.786972 0.713699 0.563477 
1.08737 0.898601 0.637668 
1.43138 1.08146 0.69553 
1.80237 1.26235 0.752097 
2.18523 1.44859 0.826892 
2.56183 1.6447 0.928767 
2.90446 1.84185 1.0455 
3.17336 2.01425 1.14592 
3.32244 2.12588 1.19426 
3.31235 2.14422 1.16825 
3.1255 2.05346 1.06985 
2.77564 1.86056 0.92268 
2.30767 1.59225 0.758957 
1.78707 1.28601 0.604792 
1.28314 0.979929 0.472552 
0.85166 0.705011 0.362783 
0.522852 0.481 0.271672 
0.298456 0.315156 0.197358 
0.158818 0.203685 0.141063 
0.0770921 0.135962 0.104099 
0.0345235 0.101138 0.0851291 
0.0295982 0.0948782 0.0811905 
0.0760725 0.122481 0.0919733 
0.190154 0.195295 0.123134 
0.373092 0.320687 0.184199 
0.598846 0.490209 0.280355 
0.814934 0.673152 0.40261 
0.958257 0.821196 0.523551 
0.979669 0.884419 0.603829 
0.865742 0.832394 0.608367 
0.646724 0.670286 0.52486 
0.386382 0.441469 0.374595 
0.158743 0.21473 0.208995 
0.0237439 0.0621769 0.0927827 
0.0143231 0.0387677 0.081847 
0.140918 0.172986 0.206372 
0.409155 0.471365 0.466278 
0.838292 0.931178 0.838727 
1.46659 1.55081 1.29098 
2.33627 2.32896 1.79004 
3.46192 3.25101 2.30413 
4.79662 4.2699 2.79729 
6.2137 5.29354 3.22371 
7.51739 6.19006 3.52881 
8.4841 6.81379 3.66039 
8.92258 7.04514 3.58637 
8.73236 6.82973 3.31133 
7.9383 6.2007 2.88288 
6.68754 5.2741 2.38341 
5.20872 4.21806 1.90919 
3.74781 3.20659 1.5446 
2.50341 2.37507 1.34122 
1.58383 1.79247 1.30903 
0.998311 1.45764 1.42092 
0.680587 1.31693 1.62687 
0.530385 1.29258 1.87072 
0.453898 1.30988 2.10408 
0.388742 1.31518 2.29493 
0.309682 1.2835 2.43212 
0.222004 1.22013 2.52784 
0.153788 1.16049 2.61845 
0.154283 1.16925 2.76117 
0.296114 1.33374 3.02259 
0.67092 1.74557 3.45689 
1.36761 2.46786 4.07722 
2.43183 3.49543 4.82992 
3.81981 4.72417 5.58533 
5.37104 5.94924 6.15628 
6.8229 6.9044 6.34658 
7.87515 7.33838 6.01857 
8.28772 7.10489 5.15709 
7.97447 6.23134 3.90328 
7.05036 4.93316 2.53788 
5.80501 3.55968 1.41097 
4.60652 2.48455 0.835859 
3.77122 1.97897 0.982306 
3.45267 2.11643 1.80878 
3.59648 2.748 3.06289 
3.97908 3.55964 4.35502 
4.31195 4.19014 5.28212 
4.36447 4.36322 5.5579 
4.05252 3.98213 5.10191 
3.45799 3.15159 4.05529 
2.77656 2.12289 2.71971 
2.22257 1.18883 1.44581 
1.93554 0.573693 0.515462 
1.92745 0.361035 0.0612172 
2.08861 0.482908 0.0479444 
2.24312 0.767189 0.315034 
2.22648 1.01768 0.654933 
1.95288 1.09276 0.893959 
1.44797 0.954093 0.946403 
0.839172 0.672079 0.828078 
0.310645 0.392009 0.63255 
0.0407788 0.277276 0.485338 
0.14319 0.450831 0.495147 
0.629458 0.953496 0.717835 
1.4044 1.73044 1.14163 
2.29471 2.64773 1.69457 
3.10148 3.53217 2.26918 
3.65931 4.22131 2.75609 
3.88253 4.60815 3.07688 
3.78345 4.66738 3.20703 
3.4577 4.45598 3.18274 
3.04365 4.0891 3.08903 
2.67168 3.69979 3.032 
2.42151 3.39573 3.10249 
2.30172 3.22664 3.34233 
2.25692 3.17276 3.72419 
2.19815 3.15791 4.15363 
2.0449 3.0829 4.4951 
1.76332 2.86808 4.61566 
1.38681 2.4897 4.43287 
1.01054 1.99582 3.94937 
0.760204 1.49397 3.25951 
0.744668 1.11274 2.52202 
1.00888 0.950477 1.90583 
1.50528 1.0311 1.52875 
2.09731 1.28753 1.41504 
2.59844 1.58461 1.49372 
2.83764 1.77819 1.64348 
2.73025 1.7898 1.76768 
