1.19641 1.12265 0.756366 
1.38556 1.55709 1.35302 
1.92928 2.3437 2.28353 
2.50375 3.0889 3.15145 
2.64459 3.29774 3.48303 
2.10531 2.73545 3.0523 
1.12147 1.66198 2.08242 
0.300726 0.687101 1.10762 
0.17087 0.313474 0.568115 
0.753625 0.547975 0.484267 
1.54439 0.935853 0.516355 
1.92486 0.993788 0.358778 
1.65069 0.646038 0.0858417 
1.00727 0.271851 0.105134 
0.541421 0.343984 0.756576 
0.634794 1.00577 1.93886 
1.26612 1.95471 3.11394 
2.09582 2.69488 3.68394 
2.73893 2.90751 3.41189 
2.99684 2.6386 2.55314 
2.91317 2.20155 1.63642 
2.67216 1.92203 1.10498 
2.44569 1.93038 1.08451 
2.29266 2.12272 1.39597 
2.15732 2.27476 1.74184 
1.94646 2.20433 1.90588 
1.61982 1.87581 1.84515 
1.22691 1.39668 1.65341 
0.867159 0.930326 1.45857 
0.611849 0.596744 1.33966 
0.457816 0.430252 1.31385 
0.355904 0.412712 1.38138 
0.286386 0.535902 1.56865 
0.300773 0.819327 1.91138 
0.472558 1.25276 2.3786 
0.791708 1.71924 2.8117 
1.11247 2.00001 2.96895 
1.2314 1.90245 2.68391 
1.04561 1.42285 2.02312 
0.646322 0.789782 1.28971 
0.251209 0.320504 0.833763 
0.0336426 0.196593 0.807442 
0.006923 0.350159 1.06885 
0.0605284 0.553214 1.31309 
0.091431 0.616362 1.30936 
0.0931168 0.51755 1.04407 
0.131805 0.371602 0.677687 
0.262312 0.306061 0.3934 
0.47868 0.369455 0.280522 
0.731724 0.529716 0.321857 
0.970417 0.724501 0.448189 
1.16008 0.901859 0.591334 
1.2794 1.0331 0.707737 
1.32435 1.11557 0.784386 
1.32161 1.17333 0.837074 
1.32217 1.24131 0.893922 
1.35894 1.32774 0.962928 
1.39988 1.38272 1.00658 
1.35117 1.31359 0.953928 
1.13086 1.05508 0.754052 
0.766021 0.649776 0.436748 
0.430301 0.270974 0.130673 
0.369483 0.149789 0.0112864 
0.744596 0.435386 0.197325 
1.49544 1.07512 0.656947 
2.33156 1.80576 1.19354 
2.87769 2.283 1.54047 
2.88694 2.27817 1.51897 
2.37645 1.81192 1.15603 
1.59362 1.13087 0.67371 
0.850022 0.547986 0.352481 
0.354048 0.2675 0.366992 
0.151501 0.311613 0.707929 
0.174049 0.567102 1.22301 
0.313808 0.876539 1.71488 
0.461434 1.09837 2.01583 
0.520381 1.131 2.0201 
0.4386 0.939581 1.7074 
0.249799 0.589288 1.17064 
0.0668244 0.235158 0.605876 
0.00146221 0.0359356 0.224895 
0.071024 0.0433984 0.128777 
0.184488 0.167446 0.245243 
0.227796 0.257731 0.393755 
0.165495 0.229619 0.427125 
0.0606769 0.119663 0.327882 
0.00350195 0.0302558 0.18688 
0.029265 0.0308198 0.104485 
0.103357 0.110255 0.112859 
0.169815 0.207448 0.174756 
0.20047 0.269932 0.233356 
0.20059 0.282922 0.255213 
0.184756 0.259375 0.238514 
0.160656 0.219287 0.1994 
0.133051 0.179795 0.157697 
0.110768 0.153611 0.12898 
0.102928 0.147476 0.121329 
0.111673 0.162101 0.137259 
0.133174 0.196895 0.179729 
0.164173 0.253625 0.254266 
0.20358 0.332126 0.361834 
0.248538 0.42354 0.490783 
0.293179 0.512403 0.620806 
0.331432 0.585886 0.735667 
0.357259 0.636215 0.826212 
0.364551 0.654198 0.878171 
0.360451 0.633364 0.86786 
0.390736 0.596664 0.78872 
0.542535 0.617995 0.689504 
0.889116 0.7917 0.670541 
1.3992 1.14784 0.813789 
1.89579 1.58331 1.09729 
2.1331 1.89102 1.38023 
1.95714 1.88805 1.48888 
1.42418 1.54499 1.33753 
0.77264 1.00755 0.983102 
0.267008 0.494674 0.574557 
0.0394027 0.161783 0.250578 
0.0451718 0.0337167 0.0698705 
0.14288 0.0372051 0.0116146 
0.211916 0.0801803 0.0196675 
0.21411 0.107655 0.0440586 
0.175411 0.107924 0.0580495 
0.13308 0.0911981 0.0576966 
0.104772 0.0722561 0.0556016 
0.0949904 0.0657489 0.0701664 
0.11298 0.082767 0.108964 
0.173867 0.121979 0.155176 
0.28474 0.166047 0.173026 
0.439515 0.196955 0.136115 
0.635187 0.224222 0.0590179 
0.892601 0.299717 0.00315619 
1.25265 0.497747 0.0471635 
1.73774 0.866561 0.241797 
2.30014 1.38027 0.578584 
2.79763 1.92104 0.984332 
3.03104 2.30835 1.33736 
2.8457 2.37454 1.50446 
2.24598 2.05991 1.40035 
1.43399 1.46876 1.04778 
0.712249 0.828183 0.587571 
0.297098 0.355966 0.20715 
0.187859 0.132285 0.0287468 
0.210215 0.0842705 0.0489428 
0.195498 0.0924448 0.178355 
0.122246 0.106839 0.330304 
0.0873988 0.156683 0.46509 
0.158574 0.262885 0.562806 
0.282054 0.37264 0.587733 
0.343814 0.399254 0.50684 
0.298198 0.3153 0.339514 
0.208358 0.182181 0.163501 
0.160009 0.082004 0.0552133 
0.163898 0.0392439 0.0302164 
0.166773 0.0270312 0.0539456 
0.150726 0.0418573 0.105535 
0.192169 0.143699 0.211304 
0.399932 0.401383 0.403476 
0.791537 0.798731 0.654273 
1.2366 1.20704 0.868891 
1.52907 1.46147 0.954904 
1.52824 1.47501 0.900283 
1.25362 1.29214 0.78238 
0.865513 1.04449 0.699792 
0.554677 0.852904 0.690453 
0.424149 0.753355 0.706103 
0.442532 0.694946 0.660129 
0.492642 0.600674 0.505947 
0.47087 0.438263 0.282436 
0.358013 0.245141 0.0904903 
0.211032 0.0910109 0.0179865 
0.0971776 0.0154649 0.0719881 
0.0416252 0.0004709 0.174101 
0.0362909 0.00288657 0.224545 
0.0843642 0.00997203 0.181174 
0.214183 0.0555454 0.0857681 
0.436326 0.176881 0.0184909 
0.693459 0.359056 0.0275128 
0.871749 0.52941 0.0984249 
0.877891 0.610547 0.181529 
0.710696 0.577467 0.237466 
0.458915 0.464197 0.254634 
0.233356 0.323766 0.234926 
0.102403 0.191243 0.180205 
0.0816682 0.0835671 0.100223 
0.164143 0.0211428 0.0268271 
0.344563 0.0362102 0.0089312 
0.615507 0.156917 0.0871118 
0.949529 0.384628 0.269718 
1.291 0.684401 0.528069 
1.5707 0.996724 0.811726 
1.74617 1.27178 1.07811 
1.85459 1.51594 1.32662 
2.03512 1.81421 1.61178 
2.46947 2.2833 2.00414 
3.24424 2.95887 2.50492 
4.22802 3.7005 2.9824 
5.08141 4.21724 3.20935 
5.42564 4.22725 3.00214 
5.06154 3.64209 2.36117 
4.08419 2.63495 1.49673 
2.82211 1.54554 0.716199 
1.65492 0.696094 0.255878 
0.828499 0.238741 0.167082 
0.370451 0.115478 0.314759 
0.148285 0.143039 0.480387 
0.0302361 0.169553 0.511759 
0.0245294 0.193771 0.425259 
0.258659 0.335974 0.369182 
0.786466 0.659981 0.451863 
1.40875 1.01558 0.588682 
1.74735 1.11396 0.563337 
1.58997 0.842727 0.312772 
1.1961 0.527569 0.165689 
1.19105 0.795025 0.709421 
2.02943 2.03428 2.27776 
3.47688 3.90399 4.48015 
4.64131 5.40056 6.26969 
4.62549 5.545 6.61544 
3.28157 4.15749 5.27409 
1.40582 2.05283 3.01013 
0.181222 0.467905 1.0623 
0.321285 0.187589 0.292073 
1.5991 1.06579 0.689416 
3.08514 2.26274 1.56205 
3.83354 2.91921 2.15269 
3.46587 2.70071 2.14138 
2.28591 1.85924 1.69327 
0.971756 0.904777 1.14928 
0.156703 0.240965 0.715368 
0.171719 0.0300293 0.406517 
1.00935 0.275376 0.204694 
2.40784 0.93079 0.196134 
3.94919 1.8951 0.517161 
5.15346 2.93269 1.16401 
5.6074 3.67242 1.87993 
5.12923 3.77052 2.27222 
3.88891 3.14596 2.09223 
2.3733 2.08696 1.44059 
1.16457 1.10426 0.707944 
0.640435 0.614549 0.290393 
0.78757 0.69118 0.319474 
1.25674 1.07058 0.626485 
1.61562 1.39101 0.943306 
1.61335 1.45621 1.13738 
1.27972 1.3232 1.27768 
0.826774 1.18653 1.51131 
0.468616 1.19822 1.90146 
0.304059 1.37802 2.37884 
0.317474 1.65225 2.82154 
0.449285 1.94568 3.1619 
