0.0766959 0.26778 
0.200402 0.486929 
0.353527 0.719429 
0.507379 0.906936 
0.618743 0.984768 
0.640106 0.909002 
0.568408 0.706264 
0.481669 0.496342 
0.501672 0.436429 
0.695972 0.609741 
1.00931 0.953167 
1.29671 1.29733 
1.43114 1.48962 
1.38759 1.49386 
1.23669 1.3887 
1.07257 1.28484 
0.94977 1.244 
0.8734 1.25825 
0.82504 1.28037 
0.784872 1.26052 
0.736049 1.16385 
0.666462 0.977856 
0.579649 0.72357 
0.502806 0.461833 
0.47232 0.273363 
0.500198 0.211346 
0.552991 0.260259 
0.572536 0.342174 
0.52983 0.374974 
0.465519 0.337309 
0.47441 0.2842 
0.639137 0.300204 
0.965269 0.433114 
1.3709 0.665178 
1.73757 0.939738 
1.98024 1.211 
2.08429 1.4703 
2.08927 1.72983 
2.0413 1.98366 
1.9565 2.18373 
1.82402 2.25613 
1.64215 2.15096 
1.45077 1.88913 
1.32445 1.56594 
1.32648 1.30237 
1.46302 1.17888 
1.67965 1.20252 
1.90325 1.327 
2.08951 1.49825 
2.23292 1.68073 
2.33457 1.84723 
2.36462 1.95601 
2.26339 1.95137 
1.99073 1.79808 
1.58608 1.52244 
1.18002 1.2173 
0.927504 0.992656 
0.900447 0.901759 
1.02619 0.902815 
1.13364 0.894101 
1.07781 0.795899 
0.839929 0.607782 
0.521767 0.394074 
0.25149 0.221717 
0.0935234 0.116555 
0.033486 0.0720677 
0.0255363 0.0812574 
0.0382457 0.143546 
0.0599472 0.240961 
0.0801625 0.32324 
0.0833554 0.333287 
0.0641138 0.25545 
0.0414443 0.138907 
0.0502501 0.0696327 
0.113798 0.111474 
0.221369 0.262435 
0.331093 0.456933 
0.395821 0.607502 
0.391302 0.653128 
0.327018 0.584129 
0.236708 0.436532 
0.158925 0.268332 
0.117426 0.132027 
0.107367 0.0524046 
0.0976621 0.0198126 
0.0600904 0.00967509 
0.0116316 0.0193415 
0.0249513 0.084163 
0.173129 0.240128 
0.44256 0.457663 
0.704474 0.623219 
0.798382 0.61521 
0.667548 0.419603 
0.418537 0.168585 
0.240834 0.0478821 
0.257973 0.148992 
0.443777 0.400329 
0.665209 0.633269 
0.793985 0.713322 
0.785816 0.623398 
0.681754 0.451779 
0.561311 0.324818 
0.498425 0.34785 
0.541505 0.57855 
0.706028 1.01567 
0.9645 1.58512 
1.2385 2.13497 
1.41486 2.47121 
1.39816 2.44449 
1.17356 2.04437 
0.82585 1.4229 
0.485767 0.809448 
0.244363 0.373756 
0.113695 0.149344 
0.0627347 0.0720781 
0.0716606 0.071984 
0.134026 0.114603 
0.216904 0.170337 
0.255795 0.188143 
0.215101 0.133159 
0.141791 0.0414342 
0.127165 0.00134851 
0.20411 0.0616652 
0.301865 0.172636 
0.320947 0.237654 
0.241752 0.215914 
0.135258 0.151371 
0.0693215 0.101279 
0.0397274 0.0707972 
0.0198841 0.0479266 
0.0572852 0.0866259 
0.266244 0.301527 
0.689154 0.73924 
1.17818 1.26117 
1.45803 1.59387 
1.34141 1.53223 
0.894221 1.10897 
0.386847 0.567524 
0.0787861 0.168594 
0.0379661 0.0132036 
0.142152 0.0258223 
0.225035 0.073397 
0.211719 0.0839804 
0.136422 0.0678425 
0.0679817 0.0615841 
0.0408853 0.0782871 
0.0495805 0.10871 
0.0820776 0.147846 
0.138174 0.20134 
0.214315 0.265158 
0.28408 0.311159 
0.306665 0.304234 
0.25999 0.237411 
0.165606 0.14823 
0.0800772 0.0975013 
0.0598222 0.128186 
0.128664 0.239104 
0.270842 0.391739 
0.448138 0.538846 
0.622262 0.649042 
0.765385 0.711119 
0.856477 0.722087 
0.874363 0.675548 
0.800267 0.564024 
0.632857 0.394802 
0.404777 0.204571 
0.182323 0.0545109 
0.0383542 9.18238e-05 
0.0104984 0.0526211 
0.0752003 0.163955 
0.162529 0.253831 
0.205101 0.26451 
0.182988 0.19949 
0.127519 0.112598 
0.0837554 0.0576015 
0.0692797 0.045574 
0.0671864 0.0486646 
0.053981 0.0415189 
0.0287901 0.0344093 
0.0140551 0.0638254 
0.0314036 0.152433 
0.0804579 0.280526 
0.139783 0.395858 
0.183822 0.449404 
0.19749 0.424016 
0.179123 0.336774 
0.136139 0.222113 
0.0809693 0.114051 
0.0297 0.0380723 
0.00133321 0.0108718 
0.014129 0.0406222 
0.0762667 0.122617 
0.17357 0.232386 
0.26611 0.326214 
0.305982 0.358444 
0.270737 0.310176 
0.184783 0.206364 
0.103648 0.100991 
0.0699921 0.0382592 
0.0817789 0.0242009 
0.103479 0.0350395 
0.107178 0.0510199 
0.10064 0.0787848 
0.116824 0.14091 
0.181547 0.248376 
0.293874 0.386829 
0.432273 0.526792 
0.570415 0.641173 
0.683919 0.712109 
0.748672 0.728243 
0.743146 0.684369 
0.658627 0.58649 
0.508372 0.453895 
0.326739 0.312819 
0.158499 0.187035 
0.0434578 0.0925671 
0.000593115 0.0358741 
0.0176971 0.0119659 
0.0566658 0.00603883 
0.0785031 0.00504557 
0.0729922 0.0132801 
0.0655905 0.0526439 
0.0900567 0.13788 
0.150366 0.247282 
0.211409 0.324684 
0.23105 0.32184 
0.201348 0.244096 
0.154951 0.150488 
0.130263 0.103046 
0.134246 0.114368 
0.142178 0.145111 
0.129934 0.14938 
0.0997191 0.117622 
0.0736916 0.0767862 
0.0695883 0.0581836 
0.0876588 0.072096 
0.116465 0.108263 
0.142198 0.148565 
0.151168 0.174469 
0.13235 0.170546 
0.0863092 0.132077 
0.031934 0.0723699 
0.000719552 0.0197629 
0.024064 0.00656546 
0.125168 0.0602285 
0.312494 0.195651 
0.563783 0.398926 
0.810416 0.610781 
0.953495 0.739729 
0.921406 0.716492 
0.726471 0.550026 
