0.0517607 0.25458 
0.119407 0.536788 
0.238234 0.851266 
0.35548 1.07786 
0.430954 1.14277 
0.460435 1.05532 
0.479891 0.903761 
0.543574 0.808 
0.686258 0.852589 
0.892365 1.03629 
1.09287 1.26745 
1.19517 1.40962 
1.13101 1.35409 
0.896315 1.08118 
0.560064 0.677936 
0.236739 0.302977 
0.0357754 0.11581 
0.0133506 0.204907 
0.149638 0.547879 
0.361157 1.02055 
0.540686 1.44873 
0.604958 1.67808 
0.528496 1.63184 
0.350043 1.33383 
0.151545 0.891067 
0.0215812 0.447274 
0.0204116 0.12919 
0.160656 0.00697494 
0.408666 0.0810912 
0.701934 0.295176 
0.972195 0.56441 
1.16432 0.805578 
1.24604 0.958408 
1.20949 0.99461 
1.06822 0.916838 
0.85286 0.751991 
0.605579 0.542009 
0.371661 0.333168 
0.188254 0.164409 
0.0735874 0.0569332 
0.0226103 0.00928245 
0.0133802 0.00165377 
0.0227231 0.00910936 
0.0429614 0.0175831 
0.0889446 0.0332939 
0.189142 0.0786617 
0.36439 0.175704 
0.606858 0.326535 
0.873431 0.503873 
1.09974 0.659242 
1.22814 0.745486 
1.23342 0.740571 
1.13132 0.658292 
0.965641 0.539774 
0.783743 0.43188 
0.616633 0.366314 
0.47454 0.350914 
0.356496 0.374865 
0.262452 0.420195 
0.196906 0.470083 
0.162906 0.510858 
0.155625 0.532336 
0.165921 0.532694 
0.194463 0.527438 
0.264377 0.553432 
0.416824 0.657647 
0.684702 0.869984 
1.058 1.17409 
1.46568 1.49732 
1.79239 1.73279 
1.92663 1.78645 
1.81451 1.62376 
1.48727 1.2881 
1.046 0.879734 
0.613535 0.508202 
0.282427 0.246421 
0.0869865 0.110826 
0.00894155 0.0726772 
0.00470125 0.0862192 
0.0329281 0.112991 
0.0679726 0.13061 
0.0992338 0.129125 
0.125864 0.105959 
0.154296 0.0664315 
0.19751 0.0268314 
0.269812 0.0114307 
0.374772 0.0395339 
0.49319 0.109269 
0.582866 0.191334 
0.596384 0.241368 
0.509851 0.226474 
0.345001 0.149718 
0.168163 0.0555049 
0.0628974 0.010038 
0.0897276 0.0668037 
0.255 0.236571 
0.505935 0.478694 
0.754031 0.718039 
0.913825 0.877881 
0.937397 0.911746 
0.829291 0.819516 
0.637863 0.642358 
0.430374 0.441555 
0.26507 0.272707 
0.172273 0.166992 
0.150257 0.125924 
0.174095 0.128869 
0.21061 0.147019 
0.231871 0.156267 
0.22286 0.144301 
0.183132 0.11165 
0.124737 0.069182 
0.0681117 0.0341852 
0.0358867 0.0251785 
0.0443365 0.054834 
0.0946133 0.122414 
0.168845 0.210054 
0.235825 0.28745 
0.265784 0.325126 
0.246584 0.309831 
0.190612 0.252227 
0.126546 0.18074 
0.0806738 0.124641 
0.0607539 0.0973859 
0.0543403 0.0914716 
0.0428605 0.0877731 
0.0203083 0.071665 
0.00124912 0.0435891 
0.0108379 0.0167348 
0.0638592 0.00498498 
0.149107 0.0116872 
0.232075 0.028303 
0.275268 0.0432402 
0.26209 0.0527262 
0.207489 0.0643489 
0.148261 0.0904495 
0.120357 0.137027 
0.138781 0.197169 
0.19232 0.25395 
0.254056 0.29018 
0.298439 0.297624 
0.313508 0.279784 
0.302641 0.247819 
0.278141 0.213879 
0.253012 0.18654 
0.235825 0.169877 
0.229493 0.164516 
0.232108 0.168411 
0.2382 0.176887 
0.240345 0.183203 
0.231689 0.180708 
0.208959 0.165859 
0.174338 0.140065 
0.134755 0.108873 
0.0987943 0.0790195 
0.0730436 0.0553964 
0.0599155 0.0397643 
0.057659 0.0314301 
0.0618083 0.0286654 
0.0668949 0.0295859 
0.0679081 0.0322605 
0.061698 0.0347573 
0.0483935 0.0357484 
0.0321538 0.035415 
0.0202194 0.0357552 
0.0199709 0.0396773 
0.0351394 0.0492187 
0.0632506 0.0639707 
0.0959425 0.0807023 
0.122201 0.0944171 
0.132917 0.100291 
0.124541 0.0956006 
0.100244 0.0808717 
0.068271 0.0597957 
0.0384247 0.0378632 
0.0182305 0.0201721 
0.0103565 0.00939123 
0.012299 0.00499461 
0.0183483 0.00428236 
0.0227609 0.0045447 
0.0224366 0.00483929 
0.0177279 0.00606336 
0.0112054 0.00933196 
0.00551059 0.0141214 
0.00188494 0.0179506 
0.000246846 0.0181679 
0.000398982 0.0146184 
0.00317101 0.0110778 
0.0106104 0.0141467 
0.0253176 0.0301516 
0.0496875 0.0619769 
0.0855677 0.107611 
0.13404 0.160793 
0.194636 0.212803 
0.263875 0.254222 
0.334086 0.276351 
0.39399 0.272837 
0.431665 0.241903 
0.438926 0.188575 
0.414879 0.125333 
0.366696 0.0698686 
0.307205 0.0400836 
0.250612 0.0481449 
0.208358 0.0961318 
0.186514 0.175077 
0.185 0.267622 
0.198243 0.353105 
0.216944 0.413256 
0.230792 0.436871 
0.23175 0.422231 
0.216803 0.376662 
0.188744 0.313303 
0.154278 0.246163 
0.120321 0.185442 
0.0907499 0.135228 
0.0657741 0.0946594 
0.0443712 0.061722 
0.0279817 0.0372507 
0.0225885 0.026519 
0.037327 0.0373278 
0.0802471 0.0758337 
0.153957 0.142885 
0.254029 0.233248 
0.371054 0.338038 
0.494565 0.448314 
0.615723 0.557008 
0.726775 0.657669 
0.818068 0.741211 
0.875785 0.793878 
0.883628 0.79939 
0.829115 0.745579 
0.711585 0.632415 
0.547008 0.476517 
0.365808 0.308551 
0.203672 0.163672 
0.0893845 0.0692135 
0.0355248 0.0354651 
0.036222 0.0537633 
0.0722748 0.10216 
0.120241 0.155214 
0.160765 0.193002 
0.182864 0.205829 
0.183784 0.193944 
0.166317 0.164053 
0.135952 0.125181 
0.0991691 0.0856711 
0.0626758 0.0517158 
0.0327513 0.0269583 
0.0141754 0.012561 
0.00902435 0.00751385 
0.0160602 0.00921866 
