0.0877318 0.161592 
0.000588195 0.0185347 
0.080163 0.0418745 
0.242672 0.196524 
0.376977 0.389588 
0.406933 0.514238 
0.333494 0.51047 
0.231319 0.403278 
0.194488 0.281258 
0.265192 0.22753 
0.400669 0.260639 
0.504565 0.330852 
0.494982 0.36368 
0.358728 0.311276 
0.162954 0.184512 
0.0240435 0.056015 
0.0454931 0.0249251 
0.249363 0.147275 
0.546907 0.377114 
0.785764 0.581289 
0.850173 0.633996 
0.731837 0.511775 
0.511703 0.301259 
0.284965 0.122543 
0.114355 0.0542737 
0.0441435 0.122574 
0.120643 0.325753 
0.362452 0.634527 
0.70822 0.969072 
1.02269 1.21179 
1.1835 1.2785 
1.17112 1.18579 
1.0699 1.03691 
0.9811 0.93129 
0.938334 0.886371 
0.903937 0.846289 
0.834944 0.760193 
0.744153 0.648106 
0.700247 0.593765 
0.772121 0.674301 
0.961705 0.883666 
1.17059 1.1052 
1.23154 1.16097 
1.01254 0.929353 
0.550562 0.474073 
0.111649 0.0835527 
0.0756741 0.136935 
0.666054 0.832632 
1.71406 1.96769 
2.68737 2.98314 
3.02338 3.3054 
2.52834 2.74608 
1.51333 1.63592 
0.556466 0.580558 
0.105561 0.0498443 
0.243307 0.13051 
0.743883 0.584728 
1.28961 1.08386 
1.64751 1.3995 
1.72775 1.4574 
1.56354 1.30085 
1.25851 1.03107 
0.918602 0.749349 
0.603274 0.518369 
0.342665 0.37107 
0.200007 0.354979 
0.280501 0.539289 
0.630795 0.938177 
1.12063 1.41912 
1.46514 1.72561 
1.41931 1.64488 
0.982688 1.18732 
0.417954 0.605655 
0.059004 0.223633 
0.0777171 0.217625 
0.398403 0.524911 
0.796633 0.925503 
1.06439 1.19984 
1.10583 1.2341 
0.930405 1.02963 
0.608552 0.667676 
0.256431 0.291435 
0.0381024 0.0973288 
0.115991 0.270715 
0.524264 0.842776 
1.06013 1.56865 
1.35359 1.99863 
1.16212 1.8018 
0.68654 1.13808 
0.565018 0.708806 
1.40909 1.29945 
3.20339 3.09992 
5.14198 5.40281 
6.15397 7.03046 
5.7066 7.17416 
4.16012 5.91413 
2.38097 4.00353 
1.05664 2.22602 
0.377869 0.976407 
0.245529 0.331561 
0.571583 0.294555 
1.27371 0.817119 
2.08108 1.63818 
2.54816 2.28457 
2.36926 2.3628 
1.65131 1.85972 
0.823338 1.12591 
0.28617 0.574384 
0.173819 0.413839 
0.407897 0.625759 
0.876505 1.09302 
1.49407 1.68002 
2.12362 2.21741 
2.53552 2.50104 
2.51404 2.3806 
2.02483 1.87185 
1.27047 1.17099 
0.567923 0.539245 
0.148531 0.148436 
0.0416022 0.00811146 
0.115635 0.0143982 
0.213323 0.0564062 
0.256263 0.0845039 
0.253217 0.10356 
0.245639 0.131275 
0.262333 0.176977 
0.312229 0.24885 
0.391747 0.35732 
0.483423 0.497309 
0.556028 0.632341 
0.584385 0.709991 
0.576643 0.701771 
0.574267 0.628176 
0.61332 0.541303 
0.68235 0.480539 
0.726191 0.44521 
0.702224 0.411488 
0.635888 0.374466 
0.611557 0.366981 
0.695054 0.428872 
0.859341 0.555646 
0.992376 0.684068 
0.987614 0.736958 
0.831756 0.685311 
0.605661 0.565549 
0.404414 0.438105 
0.263487 0.335497 
0.162747 0.253771 
0.0908056 0.188488 
0.0895658 0.167797 
0.226071 0.241584 
0.518568 0.433751 
0.890374 0.702121 
1.19809 0.944728 
1.31431 1.05329 
1.20152 0.977413 
0.925203 0.753763 
0.603335 0.479425 
0.335363 0.251155 
0.162374 0.117888 
0.077786 0.0789574 
0.064771 0.117029 
0.119996 0.225228 
0.245037 0.401295 
0.421377 0.620784 
0.598047 0.823218 
0.705623 0.930188 
0.688018 0.884259 
0.534639 0.683463 
0.297865 0.393058 
0.083969 0.128041 
0.0110151 0.00770664 
0.143936 0.0944753 
0.440843 0.346303 
0.753939 0.620489 
0.90459 0.746926 
0.800332 0.640836 
0.514492 0.378704 
0.251795 0.162636 
0.199233 0.172448 
0.369959 0.411682 
0.586277 0.692041 
0.641704 0.796952 
0.500574 0.6849 
0.327577 0.523711 
0.299824 0.501833 
0.398993 0.609401 
0.428666 0.641113 
0.260451 0.441023 
0.0351639 0.124309 
0.065497 0.00900232 
0.510826 0.301042 
1.16416 0.858002 
1.59177 1.28693 
1.50145 1.28498 
0.986101 0.890567 
0.428485 0.423791 
0.185665 0.206979 
0.345498 0.334447 
0.728021 0.660398 
1.06596 0.953735 
1.18302 1.05726 
1.05517 0.945925 
0.767711 0.69281 
0.441309 0.404935 
0.177606 0.172521 
0.031415 0.0407357 
0.00154626 0.0022425 
0.0408367 0.0124565 
0.0879619 0.0238868 
0.107553 0.0198378 
0.109416 0.0209256 
0.127535 0.0559038 
0.175509 0.121512 
0.223678 0.173042 
0.226878 0.162931 
0.176315 0.0930217 
0.114221 0.0211843 
0.0871219 0.00510448 
0.0906181 0.0407471 
0.0785043 0.0701005 
0.0319375 0.0555654 
5.93555e-06 0.0317675 
0.049269 0.0654626 
0.176506 0.168332 
0.294948 0.271597 
0.317458 0.296072 
0.2397 0.23208 
0.130509 0.137371 
0.0547223 0.0699655 
0.0254954 0.045194 
0.0248647 0.0537814 
0.0411857 0.091234 
0.0718667 0.151184 
0.106003 0.205219 
0.125694 0.2146 
0.124062 0.166969 
0.109419 0.0905754 
0.0903981 0.0281305 
0.0667511 0.00220077 
0.0376228 0.00622233 
0.0111135 0.0202284 
0.000716174 0.0306467 
0.0154998 0.0406054 
0.0550757 0.0662658 
0.108285 0.119299 
0.152969 0.18727 
0.163203 0.233272 
0.12711 0.222234 
0.0622251 0.152752 
0.0114156 0.0648327 
