0.394769 0.264618 0.184737 
0.273486 0.183446 0.148183 
0.169428 0.107995 0.0934871 
0.0815715 0.0429712 0.0364864 
0.0211424 0.0045515 0.00362776 
0.00213073 0.0084952 0.0168526 
0.0284509 0.0572766 0.080725 
0.0870676 0.134609 0.178651 
0.151815 0.21054 0.279341 
0.195702 0.254093 0.349505 
0.204671 0.246841 0.366706 
0.185469 0.191123 0.327396 
0.163894 0.109789 0.247892 
0.174577 0.0381611 0.158717 
0.24702 0.011657 0.0945572 
0.393523 0.0535553 0.0830467 
0.603176 0.166785 0.135721 
0.843408 0.332044 0.243807 
1.06797 0.512505 0.380086 
1.22862 0.663587 0.506353 
1.28728 0.74519 0.584515 
1.22608 0.733429 0.588524 
1.05323 0.628948 0.513776 
0.803169 0.458966 0.380525 
0.529718 0.270905 0.228561 
0.29218 0.117547 0.103077 
0.137179 0.0375629 0.0360755 
0.0823765 0.0392622 0.0318164 
0.109847 0.0964712 0.0651699 
0.174277 0.161066 0.0962055 
0.224078 0.1878 0.0946703 
0.225757 0.15863 0.0601523 
0.178599 0.0920661 0.0240278 
0.111356 0.0307879 0.0294798 
0.0631889 0.01423 0.100466 
0.0609802 0.0532552 0.219701 
0.10725 0.123694 0.33208 
0.185404 0.183656 0.374569 
0.2768 0.203597 0.315911 
0.375943 0.189035 0.181651 
0.491936 0.180151 0.0476283 
0.634987 0.227611 0.00393626 
0.798383 0.359615 0.109091 
0.950401 0.560915 0.359782 
1.04415 0.776831 0.69191 
1.04084 0.939593 1.01052 
0.93235 1.00125 1.23119 
0.748957 0.954754 1.31181 
0.547156 0.833349 1.26167 
0.384538 0.691416 1.12857 
0.295887 0.579347 0.974455 
0.282724 0.525678 0.852624 
0.319826 0.533052 0.794642 
0.37258 0.585879 0.80784 
0.414333 0.662236 0.879715 
0.434993 0.742908 0.984936 
0.438755 0.814683 1.0928 
0.435312 0.869538 1.17494 
0.431534 0.903166 1.21294 
0.428544 0.914897 1.20384 
0.424413 0.908357 1.16046 
0.418752 0.890608 1.10455 
0.414677 0.868404 1.05478 
0.41621 0.842985 1.01524 
0.423169 0.807057 0.971688 
0.427994 0.747358 0.899011 
0.417995 0.652885 0.777239 
0.382587 0.52445 0.607103 
0.320946 0.379038 0.415104 
0.24435 0.244541 0.243314 
0.170618 0.146465 0.128505 
0.113808 0.094373 0.0828129 
0.0765235 0.0775778 0.0886485 
0.0512689 0.074736 0.112554 
0.0310141 0.0726973 0.130495 
0.0215572 0.0822371 0.148482 
0.0451667 0.138121 0.203655 
0.129673 0.279773 0.342364 
0.287392 0.521812 0.586693 
0.497101 0.832365 0.909682 
0.702843 1.13481 1.23606 
0.834109 1.33582 1.47111 
0.838433 1.367 1.54392 
0.708733 1.21858 1.44281 
0.489881 0.947716 1.22496 
0.260802 0.657257 0.995766 
0.10187 0.456005 0.868108 
0.064122 0.418674 0.919468 
0.15356 0.561374 1.16327 
0.334188 0.839309 1.54337 
0.544594 1.16423 1.95176 
0.719382 1.43385 2.26321 
0.808409 1.56387 2.37586 
0.789801 1.51356 2.24483 
0.674457 1.297 1.89662 
0.500527 0.975394 1.41774 
0.318521 0.632494 0.921177 
0.171822 0.342802 0.504891 
0.0810538 0.146807 0.220983 
0.0402103 0.0444224 0.0686821 
0.0264882 0.00799397 0.011439 
0.0177307 0.00543888 0.0055803 
0.00674391 0.0191904 0.0233826 
0.00409185 0.0508718 0.0593981 
0.0286917 0.111668 0.120656 
0.0932207 0.207172 0.210833 
0.193845 0.327494 0.319984 
0.310013 0.448305 0.42549 
0.413301 0.540835 0.501695 
0.479328 0.583845 0.531004 
0.496249 0.570944 0.510029 
0.466563 0.510569 0.44866 
0.403106 0.420387 0.364223 
0.322564 0.31997 0.274619 
0.239881 0.225157 0.193489 
0.165375 0.145576 0.128441 
0.104524 0.0849628 0.0816994 
0.059277 0.0429617 0.0518277 
0.029575 0.0170963 0.0354281 
0.0143568 0.00418689 0.0283716 
0.0120056 0.00115621 0.0266895 
0.020564 0.00545321 0.0273481 
0.0379301 0.0152433 0.0288287 
0.0620369 0.0293746 0.031194 
0.0911036 0.0472911 0.0355951 
0.124329 0.0693689 0.0437748 
0.163214 0.0979565 0.0582672 
0.212682 0.138349 0.0831089 
0.279987 0.197775 0.123543 
0.369814 0.280806 0.183014 
0.476702 0.382262 0.257797 
0.579691 0.482216 0.332783 
0.645303 0.548888 0.383324 
0.641152 0.551457 0.385218 
0.554753 0.477639 0.328792 
0.406096 0.34529 0.228214 
0.2438 0.198662 0.118204 
0.124148 0.0889337 0.0380023 
0.0840391 0.0494924 0.0115864 
0.124203 0.0810244 0.036724 
0.213019 0.155605 0.0899591 
0.307809 0.236344 0.143641 
0.379164 0.298975 0.182851 
0.423024 0.341558 0.210834 
0.455002 0.377917 0.240652 
0.493964 0.422067 0.280862 
0.547688 0.475866 0.326572 
0.609248 0.52765 0.361845 
0.663313 0.560366 0.370339 
0.695037 0.561479 0.345468 
0.695067 0.527869 0.293188 
0.659909 0.464677 0.22711 
0.591222 0.381838 0.16113 
0.496785 0.291881 0.104988 
0.391655 0.209016 0.0641421 
0.295623 0.146903 0.041356 
0.225623 0.113839 0.0370262 
0.187072 0.107953 0.0480399 
0.170892 0.117027 0.0675956 
0.159837 0.125047 0.0879745 
0.1406 0.122143 0.105155 
0.113104 0.110943 0.121522 
0.0898577 0.104143 0.143613 
0.0856086 0.114394 0.175665 
0.104992 0.143611 0.213598 
0.137476 0.179634 0.244486 
0.163393 0.202952 0.252881 
0.166538 0.198908 0.230222 
0.144127 0.166865 0.180965 
0.107246 0.120144 0.121064 
0.0721957 0.0772411 0.0696677 
0.0496195 0.0507557 0.0394153 
0.0392193 0.0414971 0.0313687 
0.0330396 0.040883 0.0370464 
0.0237192 0.0387234 0.0451344 
0.010907 0.0302357 0.0478399 
0.00123186 0.0177303 0.0431638 
0.00264029 0.0070571 0.0330998 
0.0181051 0.00270561 0.0207117 
0.0435957 0.00561864 0.00897842 
0.0713297 0.0146937 0.00172374 
0.0951245 0.029573 0.00446998 
0.113468 0.051522 0.0229758 
0.128341 0.0813819 0.0595498 
0.141478 0.116558 0.109759 
0.151604 0.150083 0.162497 
0.154899 0.173113 0.204132 
0.148041 0.179373 0.224456 
0.131156 0.168494 0.220912 
0.10839 0.146108 0.198836 
0.0859023 0.120908 0.168149 
0.0689082 0.100726 0.138813 
0.0596638 0.089772 0.117371 
0.0572147 0.0879501 0.10564 
0.0585097 0.0918795 0.101337 
0.0600106 0.0967885 0.0999058 
0.059126 0.0985491 0.0968261 
0.055087 0.0952671 0.0896252 
0.0490319 0.0878929 0.0787597 
0.0433167 0.0796292 0.0669864 
0.0405496 0.0746282 0.0578279 
0.0431298 0.0769969 0.0544996 
0.0535854 0.0907125 0.0601985 
0.0749447 0.119811 0.0790796 
0.109817 0.167396 0.116006 
0.157783 0.232811 0.173797 
0.21267 0.308463 0.249106 
0.262408 0.37931 0.33016 
0.29291 0.426997 0.399221 
0.294309 0.437422 0.439483 
0.26556 0.407527 0.442764 
0.214314 0.347221 0.413556 
0.152692 0.275645 0.367502 
0.0928131 0.214692 0.325972 
0.0455518 0.183573 0.309882 
0.0219806 0.195691 0.334551 
0.0333191 0.256099 0.405221 
0.0859322 0.357799 0.512799 
0.173206 0.478486 0.631848 
0.271283 0.582507 0.724701 
0.345165 0.631502 0.753725 
0.364561 0.601024 0.697973 
0.320433 0.494078 0.56523 
0.230746 0.341988 0.390914 
0.130615 0.1902 0.222593 
0.0530616 0.0768042 0.0983653 
0.0133549 0.0168476 0.0317677 
0.0067434 0.00139427 0.0115178 
0.018924 0.00987496 0.0143487 
0.0393742 0.0254711 0.0209373 
0.0669415 0.0427564 0.0244398 
0.104832 0.0642311 0.0280255 
0.151303 0.0912261 0.0361297 
0.195297 0.117933 0.0475693 
0.221056 0.133247 0.0554701 
0.21771 0.128046 0.0527706 
0.185908 0.101598 0.0381715 
0.136741 0.0625443 0.0182032 
0.0849112 0.0248485 0.00476214 
0.0421832 0.00244323 0.0103936 
0.0154999 0.0056898 0.0438338 
0.00901403 0.0398232 0.106847 
0.0258029 0.103735 0.192429 
0.0662547 0.188465 0.284896 
0.124406 0.277068 0.362982 
0.186482 0.348127 0.406258 
0.234626 0.382939 0.40284 
0.254491 0.373089 0.354501 
0.241854 0.323896 0.275964 
0.203879 0.251456 0.188435 
0.154494 0.175113 0.110953 
