0.154678 0.359625 0.480081 
0.410817 0.718307 0.923143 
0.761415 1.07907 1.29021 
1.18967 1.39493 1.49444 
1.61893 1.60233 1.49107 
1.91679 1.62536 1.27643 
1.95685 1.42556 0.905497 
1.69023 1.04401 0.489977 
1.18618 0.59951 0.160712 
0.621839 0.244647 0.0144103 
0.220825 0.106039 0.0777849 
0.161588 0.237659 0.307817 
0.492745 0.602391 0.620343 
1.09749 1.08303 0.923208 
1.73562 1.51979 1.13798 
2.15412 1.76815 1.21318 
2.20824 1.757 1.13705 
1.91783 1.51513 0.946088 
1.42798 1.14858 0.717458 
0.913911 0.784551 0.540754 
0.500218 0.515874 0.477669 
0.232785 0.371466 0.528912 
0.0969343 0.322293 0.633774 
0.0561279 0.318824 0.714715 
0.0848563 0.335313 0.738775 
0.175084 0.383151 0.738527 
0.318013 0.482796 0.770587 
0.490285 0.632251 0.862029 
0.66271 0.808448 1.0035 
0.805552 0.978517 1.16974 
0.865864 1.08039 1.30511 
0.76417 1.00995 1.2936 
0.482183 0.702719 1.01878 
0.190963 0.284253 0.527043 
0.231207 0.0948749 0.110423 
0.848745 0.449091 0.123579 
1.88914 1.29853 0.643177 
2.80175 2.16725 1.32923 
3.03507 2.5 1.68725 
2.4758 2.11423 1.49074 
1.50691 1.31213 0.935352 
0.653708 0.571765 0.399902 
0.194371 0.165563 0.110436 
0.0763951 0.0591359 0.0409516 
0.107045 0.0824688 0.0578823 
0.149398 0.115681 0.0751881 
0.169024 0.131354 0.07964 
0.188549 0.147865 0.086057 
0.23974 0.185102 0.106889 
0.31971 0.231067 0.131681 
0.362919 0.229651 0.11943 
0.299838 0.151932 0.0679058 
0.195719 0.125948 0.134322 
0.291847 0.432523 0.607221 
0.800972 1.23836 1.60549 
1.61627 2.28728 2.7608 
2.30408 2.97164 3.34446 
2.49777 2.86851 2.9069 
2.3119 2.24059 1.84242 
2.27878 1.9025 1.19873 
2.80133 2.47809 1.77903 
3.68104 3.76385 3.37617 
4.23864 4.85412 4.90648 
3.92049 4.91152 5.31374 
2.78382 3.83429 4.37511 
1.41545 2.24091 2.72511 
0.429291 0.900486 1.22678 
0.0477799 0.197435 0.355996 
0.0891957 0.0405257 0.0709963 
0.253758 0.136278 0.0877003 
0.385429 0.280568 0.185495 
0.512534 0.439695 0.300657 
0.717164 0.650994 0.442172 
1.00521 0.905168 0.591315 
1.29376 1.12646 0.688006 
1.50036 1.24654 0.692633 
1.62838 1.28241 0.644728 
1.75707 1.33136 0.648636 
1.94556 1.47883 0.786011 
2.15296 1.70651 1.03151 
2.26474 1.89485 1.25622 
2.20119 1.92037 1.32283 
1.98915 1.75006 1.18612 
1.71672 1.44511 0.912068 
1.42943 1.09304 0.619518 
1.10309 0.764086 0.421312 
0.740405 0.538543 0.412845 
0.473018 0.536356 0.669249 
0.509595 0.852539 1.18998 
0.929872 1.41886 1.81611 
1.52607 1.94695 2.2372 
1.89511 2.07892 2.16266 
1.74733 1.66787 1.56202 
1.15717 0.938405 0.756742 
0.508595 0.348226 0.236639 
0.177302 0.24578 0.321708 
0.244739 0.62175 0.950744 
0.493249 1.16567 1.77272 
0.646128 1.54959 2.44166 
0.599213 1.66636 2.84513 
0.448406 1.63338 3.09012 
0.346701 1.61633 3.3111 
0.366304 1.67172 3.50831 
0.48132 1.73881 3.55637 
0.640138 1.74552 3.34842 
0.829715 1.70427 2.93086 
1.07709 1.71267 2.50872 
1.40203 1.86592 2.31137 
1.76454 2.15346 2.41601 
2.04877 2.42411 2.66595 
2.10865 2.46255 2.76243 
1.86103 2.1373 2.47619 
1.36133 1.5098 1.8172 
0.789762 0.808273 1.02446 
0.34475 0.279631 0.389034 
0.127012 0.0396591 0.064043 
0.106169 0.0367935 0.00870438 
0.181038 0.134268 0.0767421 
0.264019 0.218277 0.141124 
0.320192 0.246588 0.153223 
0.352327 0.229664 0.124721 
0.367825 0.190728 0.0844909 
0.360697 0.144507 0.0551323 
0.318517 0.101802 0.0551922 
0.246034 0.0851839 0.109074 
0.182187 0.132873 0.243063 
0.183662 0.273951 0.458159 
0.277458 0.488229 0.699512 
0.430099 0.697281 0.865413 
0.57953 0.817593 0.873617 
0.70648 0.837059 0.735332 
0.862635 0.831466 0.556601 
1.11187 0.890855 0.450978 
1.44529 1.0285 0.445727 
1.77085 1.17144 0.475904 
1.99481 1.24083 0.46457 
2.10516 1.23089 0.397633 
2.16727 1.20526 0.322608 
2.24439 1.22774 0.29353 
2.33344 1.30724 0.330293 
2.37501 1.40183 0.419841 
2.31155 1.45691 0.53266 
2.12938 1.43342 0.629621 
1.85482 1.31435 0.66787 
1.52441 1.10405 0.619972 
1.16345 0.828642 0.49484 
0.789053 0.533282 0.337811 
0.430765 0.27371 0.208169 
0.146212 0.104757 0.152798 
0.00754998 0.0642991 0.188737 
0.0551559 0.150922 0.293533 
0.25169 0.309405 0.406661 
0.485608 0.449642 0.455691 
0.637348 0.50181 0.405592 
0.658144 0.466607 0.294496 
0.589758 0.408772 0.212822 
0.507706 0.392612 0.231233 
0.447976 0.421814 0.341357 
0.390609 0.445664 0.469124 
0.306556 0.422154 0.547181 
0.205777 0.366067 0.57027 
0.132462 0.330641 0.579663 
0.119959 0.348694 0.603567 
0.159304 0.400001 0.623851 
0.210066 0.434136 0.599893 
0.234215 0.416648 0.514173 
0.220186 0.352594 0.389863 
0.18507 0.275851 0.271208 
0.161131 0.223706 0.194074 
0.175419 0.21683 0.171463 
0.232316 0.252378 0.196812 
0.310879 0.310298 0.255182 
0.379077 0.366504 0.331187 
0.410632 0.400801 0.406319 
0.390498 0.394732 0.450384 
0.314081 0.33173 0.425514 
0.193894 0.213029 0.314329 
0.0701883 0.0783666 0.15278 
0.00483639 0.00186491 0.0288477 
0.0497651 0.0517002 0.0330823 
0.210675 0.240807 0.194973 
0.436303 0.509312 0.456613 
0.642119 0.752811 0.703392 
0.750769 0.874881 0.826502 
0.725138 0.831059 0.776091 
0.580909 0.644869 0.579842 
0.377185 0.393629 0.324639 
0.189125 0.17149 0.112573 
0.0718603 0.0440575 0.0101632 
0.0334611 0.0169324 0.0158136 
0.0372547 0.0403304 0.0676946 
0.0374897 0.0522462 0.0923598 
0.0225625 0.0303603 0.0617157 
0.0262522 0.00872388 0.0124318 
0.0929902 0.0424626 0.00982037 
0.228372 0.152094 0.0877662 
0.381738 0.297989 0.217308 
0.475624 0.404456 0.326632 
0.455535 0.409335 0.349987 
0.325626 0.303842 0.269312 
0.154112 0.144462 0.129189 
0.0448184 0.0311642 0.0198938 
0.0790761 0.0528807 0.0289918 
0.25622 0.224704 0.181585 
0.483085 0.467073 0.414517 
0.635645 0.656744 0.615839 
0.646693 0.712435 0.701534 
0.541251 0.639405 0.662086 
0.394523 0.500639 0.545121 
0.265701 0.357353 0.406565 
0.1716 0.238247 0.28066 
0.105152 0.147614 0.179914 
0.0587405 0.0819848 0.104209 
0.0284405 0.0366839 0.0481038 
0.0107375 0.00928734 0.0106003 
0.00520068 0.00370987 0.00109418 
0.0160466 0.0248062 0.0271577 
0.0437553 0.0638674 0.0732466 
0.0761538 0.0954882 0.102405 
0.0937225 0.0973872 0.0901473 
0.0861262 0.0731589 0.05363 
0.0616822 0.0492464 0.036548 
0.0389259 0.0470378 0.0620225 
0.0291005 0.0609939 0.106478 
0.0276357 0.0667272 0.124401 
0.0228555 0.0492689 0.0962247 
0.011471 0.0204443 0.0479333 
0.00214958 0.00649317 0.0238083 
0.002262 0.0187832 0.0425098 
0.00584456 0.0397536 0.0807858 
0.00278128 0.0418417 0.0987589 
0.00138138 0.0206992 0.0789268 
0.0326925 0.00482957 0.0394471 
0.121911 0.0278503 0.011651 
0.25458 0.0926073 0.009616 
0.377991 0.166752 0.0239529 
0.440684 0.213242 0.040226 
0.43034 0.2209 0.0552862 
0.374344 0.205087 0.0738414 
0.309419 0.185477 0.0957014 
0.254589 0.169149 0.112945 
0.20897 0.152999 0.119054 
0.166584 0.135309 0.116602 
0.128267 0.120833 0.114751 
0.100231 0.115212 0.120408 
0.0838659 0.115855 0.131029 
0.0698377 0.109798 0.134353 
0.0462975 0.0844629 0.117563 
0.0158962 0.0445552 0.0817696 
0.00129569 0.0161935 0.0475822 
0.0256123 0.0264911 0.0400947 
