1.01393 0.978514 0.789519 
1.24649 1.14112 0.881259 
1.50903 1.39468 1.09303 
1.65749 1.59782 1.30099 
1.61954 1.65758 1.41087 
1.43281 1.5786 1.40906 
1.20836 1.43431 1.33822 
1.0573 1.29929 1.23907 
1.02893 1.19802 1.11431 
1.09035 1.10016 0.938253 
1.15288 0.957785 0.696979 
1.12894 0.754153 0.422506 
0.984661 0.524289 0.186811 
0.752427 0.32719 0.0515748 
0.497009 0.193289 0.0149586 
0.269866 0.10316 0.0158493 
0.0977833 0.0309866 0.011425 
0.0132354 0.0155555 0.0604184 
0.0787581 0.171533 0.308895 
0.350263 0.592833 0.849921 
0.78935 1.21212 1.56456 
1.21436 1.75925 2.11317 
1.37817 1.90614 2.1425 
1.14926 1.51763 1.57277 
0.647195 0.798165 0.717875 
0.186363 0.178982 0.101229 
0.0432721 0.0089463 0.08777 
0.239666 0.300318 0.626945 
0.539099 0.746401 1.31715 
0.661973 0.98835 1.72568 
0.51817 0.888734 1.68538 
0.247208 0.582289 1.33738 
0.052154 0.298512 0.936927 
0.0101362 0.155526 0.638724 
0.0416114 0.114061 0.4464 
0.040372 0.0918205 0.314881 
0.00673693 0.0831587 0.25152 
0.0453671 0.156161 0.303915 
0.244359 0.35142 0.471932 
0.569922 0.60854 0.663938 
0.880382 0.802109 0.756865 
1.03719 0.846701 0.701193 
1.00478 0.764971 0.565947 
0.857634 0.658956 0.481789 
0.705844 0.619818 0.535937 
0.614044 0.659507 0.708072 
0.575762 0.715478 0.891447 
0.54586 0.711157 0.971295 
0.48882 0.614882 0.896264 
0.402148 0.454149 0.696936 
0.307017 0.285946 0.451931 
0.226234 0.156206 0.236537 
0.171629 0.0799789 0.0903852 
0.146137 0.0489754 0.0169026 
0.150813 0.0506448 0.00199976 
0.186463 0.0798545 0.0314197 
0.249052 0.137215 0.0960579 
0.325888 0.221445 0.188684 
0.398948 0.325833 0.300967 
0.455068 0.442042 0.425075 
0.496312 0.56677 0.557234 
0.542348 0.704573 0.698608 
0.621272 0.86393 0.852163 
0.753385 1.04921 1.0181 
0.937903 1.25401 1.19095 
1.15023 1.4592 1.35862 
1.34887 1.63486 1.50153 
1.48554 1.74372 1.59171 
1.51491 1.74756 1.59622 
1.40747 1.62025 1.48963 
1.16646 1.36567 1.27244 
0.839003 1.0283 0.981912 
0.50511 0.68195 0.681892 
0.242278 0.397366 0.433854 
0.0872312 0.209856 0.27024 
0.0250093 0.112315 0.19116 
0.0138039 0.0767339 0.183235 
0.0216311 0.0807704 0.236774 
0.0423663 0.113972 0.3412 
0.0832719 0.164075 0.466828 
0.14553 0.207473 0.561428 
0.220342 0.220859 0.576172 
0.298051 0.2017 0.500674 
0.370659 0.170574 0.371602 
0.421408 0.148621 0.244025 
0.41999 0.134849 0.15304 
0.342268 0.111113 0.101503 
0.203323 0.0707547 0.0788625 
0.0675632 0.0371212 0.0826632 
0.0140158 0.047039 0.116692 
0.0787884 0.11341 0.17244 
0.223893 0.206117 0.222411 
0.3616 0.272812 0.238801 
0.415146 0.280497 0.218721 
0.366876 0.238849 0.187007 
0.259501 0.186002 0.171596 
0.156911 0.153632 0.176283 
0.0997403 0.144079 0.178311 
0.0872522 0.136473 0.152315 
0.0914939 0.111201 0.0964332 
0.0865235 0.0689426 0.0360806 
0.0696632 0.0295123 0.00325393 
0.0616494 0.0144929 0.0110279 
0.0879105 0.0294322 0.0453104 
0.154992 0.0592582 0.0796047 
0.239463 0.079272 0.098935 
0.299481 0.0729294 0.111963 
0.303602 0.043589 0.140561 
0.256335 0.0120986 0.195447 
0.198708 0.00222171 0.259555 
0.180189 0.0248985 0.296038 
0.223063 0.0732996 0.277256 
0.308486 0.131544 0.211051 
0.394383 0.187675 0.13972 
0.446568 0.237879 0.109128 
0.455023 0.278967 0.132649 
0.426198 0.300008 0.181249 
0.36751 0.285989 0.208685 
0.284222 0.232975 0.189439 
0.190043 0.160143 0.137081 
0.11477 0.105216 0.0909537 
0.0947681 0.104527 0.0870428 
0.149738 0.171136 0.136691 
0.263026 0.283926 0.222548 
0.381711 0.393099 0.306714 
0.440636 0.441515 0.34602 
0.399437 0.395391 0.313583 
0.270518 0.268723 0.219175 
0.116799 0.121519 0.110749 
0.0158985 0.025875 0.0470794 
0.012931 0.0208167 0.0580803 
0.0953942 0.0905294 0.12639 
0.207255 0.182709 0.20706 
0.288497 0.249192 0.266035 
0.309162 0.274322 0.301577 
0.27692 0.272578 0.332905 
0.220941 0.26599 0.373074 
0.169628 0.264599 0.413722 
0.136985 0.262859 0.432016 
0.121183 0.24819 0.408471 
0.11107 0.21141 0.339443 
0.0953957 0.153115 0.238358 
0.071459 0.0857193 0.129926 
0.0502644 0.0317804 0.0427475 
0.0539983 0.0171869 0.00144879 
0.103182 0.0584118 0.0173741 
0.19858 0.148786 0.0803393 
0.31188 0.254872 0.158771 
0.39736 0.331133 0.213673 
0.420037 0.346642 0.220771 
0.378327 0.303921 0.184622 
0.301706 0.233815 0.132208 
0.226654 0.171377 0.091508 
0.173523 0.134368 0.0742587 
0.141966 0.120128 0.0756905 
0.121519 0.116499 0.0854813 
0.102392 0.112201 0.0957947 
0.079183 0.100284 0.101674 
0.0514175 0.0790109 0.100149 
0.0242009 0.0531987 0.0921304 
0.00589522 0.0320619 0.0825015 
0.00129431 0.0217096 0.0748008 
0.00667295 0.0194052 0.0663415 
0.0133776 0.0172353 0.0514804 
0.0165646 0.011592 0.0301052 
0.0190733 0.0071592 0.0103792 
0.0267392 0.0111267 0.00167896 
0.0417728 0.0254591 0.00615289 
0.061545 0.0461321 0.0184047 
0.0821595 0.0685209 0.0322847 
0.101312 0.0915277 0.0465197 
0.117907 0.116423 0.0643742 
0.130355 0.142726 0.0890756 
0.135894 0.165294 0.118664 
0.131594 0.175125 0.143472 
0.116626 0.164393 0.14959 
0.0942616 0.133037 0.128578 
0.0712243 0.091004 0.0862307 
0.0541513 0.0525267 0.0406893 
0.0466524 0.027056 0.00986703 
0.0496789 0.0157442 0.000256464 
0.0625829 0.0157912 0.00775934 
0.081425 0.0258541 0.0273186 
0.0980198 0.0467383 0.0596547 
0.106121 0.0796749 0.109426 
0.110727 0.125835 0.178789 
0.126148 0.184448 0.26187 
0.15885 0.247354 0.343108 
0.194448 0.298086 0.403007 
0.210328 0.324761 0.432519 
0.204429 0.337258 0.445325 
0.204054 0.363913 0.469614 
0.237168 0.420772 0.517841 
0.295836 0.483657 0.563115 
0.336528 0.500173 0.554295 
0.320795 0.436924 0.462838 
0.251823 0.313532 0.314532 
0.16798 0.186264 0.170548 
0.10544 0.099811 0.0768688 
0.0736586 0.0589588 0.0349584 
0.0645591 0.044152 0.0194269 
0.0743236 0.044174 0.0152068 
0.108537 0.0666755 0.0308966 
0.169186 0.120661 0.079261 
0.244189 0.197334 0.153373 
0.312024 0.271143 0.225516 
0.353891 0.316221 0.26634 
0.3607 0.319967 0.2628 
0.332338 0.284716 0.221225 
0.274752 0.222202 0.1592 
0.198768 0.148407 0.096432 
0.120065 0.0810191 0.0495083 
0.0579032 0.037054 0.0290665 
0.0300985 0.0279609 0.0369114 
0.043853 0.0529878 0.0639818 
0.0878476 0.0963662 0.0931287 
0.135039 0.134303 0.108641 
0.15867 0.149601 0.106884 
0.149703 0.141741 0.0974252 
0.119493 0.122192 0.0911746 
0.0858574 0.100226 0.0871204 
0.058296 0.0758451 0.073815 
0.0372256 0.0476511 0.0460712 
0.0237192 0.023912 0.0175607 
0.0238673 0.019853 0.0117107 
0.0408519 0.041362 0.0376839 
0.0655082 0.0738686 0.0773104 
0.079591 0.0916089 0.0990964 
0.0713568 0.0806033 0.0872529 
0.0487272 0.0538241 0.0583733 
0.0373342 0.044659 0.0508553 
0.0649298 0.0843954 0.0966601 
0.143939 0.180712 0.197284 
0.262447 0.310134 0.319268 
0.386587 0.426875 0.410297 
0.472507 0.483 0.426346 
0.484459 0.451364 0.355805 
0.412687 0.340775 0.227399 
0.281409 0.19406 0.0961162 
0.139435 0.0678016 0.0143546 
0.0365656 0.00451589 0.00594079 
7.97724e-05 0.0142842 0.0590054 
0.0260123 0.0761519 0.139657 
0.0880897 0.154918 0.213679 
0.154405 0.219364 0.260636 
0.199873 0.251202 0.274714 
0.210597 0.244702 0.258242 
0.184058 0.20359 0.216689 
0.129138 0.139793 0.158283 
0.0653195 0.0728527 0.0954717 
0.0176315 0.0262355 0.0443868 
