0.561419 0.145037 
0.569561 0.271482 
0.762803 0.59199 
1.25145 1.14223 
1.84744 1.72522 
2.22075 2.05299 
2.19642 2.00005 
1.87814 1.68913 
1.5099 1.34214 
1.26318 1.08457 
1.15757 0.898298 
1.13182 0.722101 
1.14045 0.558241 
1.18292 0.48044 
1.27211 0.556231 
1.39422 0.765189 
1.49816 0.988792 
1.52601 1.09303 
1.46249 1.04172 
1.35028 0.92642 
1.24186 0.863716 
1.13944 0.862922 
1.00982 0.827437 
0.869926 0.70328 
0.820396 0.586629 
0.940169 0.623588 
1.14131 0.797509 
1.18582 0.881389 
0.910669 0.669311 
0.44438 0.253179 
0.152373 0.00585842 
0.315345 0.233215 
0.84532 0.839555 
1.33504 1.37069 
1.41123 1.41767 
1.06195 0.993215 
0.640485 0.523944 
0.563936 0.483401 
0.99189 1.01598 
1.74476 1.86401 
2.47417 2.60093 
2.8976 2.92711 
2.92017 2.80565 
2.61384 2.40558 
2.13241 1.96132 
1.63655 1.65506 
1.24868 1.55926 
1.02981 1.634 
0.973787 1.76625 
1.018 1.82958 
1.06761 1.73629 
1.03516 1.46811 
0.895387 1.09262 
0.733079 0.766984 
0.74068 0.708578 
1.1401 1.11642 
2.05147 2.06301 
3.36841 3.40478 
4.7105 4.76168 
5.52012 5.61019 
5.3277 5.50866 
4.08128 4.37898 
2.29327 2.64439 
0.797083 1.03764 
0.21083 0.143969 
0.523837 0.0314588 
1.17514 0.297983 
1.55011 0.479543 
1.42876 0.413014 
1.01151 0.234403 
0.609303 0.115368 
0.379999 0.0892794 
0.327299 0.123449 
0.429859 0.253697 
0.679394 0.556893 
1.01415 1.00376 
1.29813 1.41325 
1.40844 1.58932 
1.32595 1.48154 
1.12568 1.19638 
0.900012 0.881333 
0.707016 0.62725 
0.563759 0.457461 
0.447796 0.353685 
0.310942 0.273397 
0.137934 0.177627 
0.00915918 0.0745904 
0.0633482 0.0227272 
0.349637 0.0626923 
0.723344 0.153875 
0.936032 0.210572 
0.853549 0.203958 
0.567468 0.190775 
0.279492 0.218704 
0.107906 0.240184 
0.0472316 0.180189 
0.0994229 0.0976547 
0.365281 0.217377 
0.939465 0.729937 
1.7219 1.54321 
2.39308 2.26877 
2.62422 2.49703 
2.32273 2.1108 
1.67534 1.35121 
0.976836 0.607435 
0.439003 0.150995 
0.137502 0.0262613 
0.0658038 0.113057 
0.177898 0.245321 
0.391752 0.305964 
0.623286 0.296472 
0.869736 0.36796 
1.24045 0.749673 
1.84124 1.55936 
2.58783 2.62273 
3.1548 3.49123 
3.17112 3.70644 
2.5236 3.12512 
1.49131 2.03404 
0.568234 0.950226 
0.114439 0.27082 
0.130572 0.0545114 
0.331163 0.0848852 
0.422444 0.118055 
0.326035 0.079484 
0.171569 0.0564732 
0.112173 0.138998 
0.170229 0.294944 
0.261266 0.409772 
0.346746 0.440732 
0.532781 0.511299 
0.989762 0.824512 
1.7551 1.45477 
2.6124 2.21223 
3.18524 2.72685 
3.19038 2.70543 
2.64417 2.15221 
1.85137 1.3697 
1.19515 0.747589 
0.909343 0.522545 
1.00157 0.689353 
1.33942 1.08725 
1.77842 1.54309 
2.21967 1.9499 
2.59471 2.26062 
2.84992 2.45658 
2.9719 2.54122 
3.01413 2.54985 
3.05943 2.53371 
3.12248 2.50672 
3.09023 2.40466 
2.79879 2.1266 
2.2163 1.65823 
1.55775 1.16595 
1.177 0.930814 
1.28944 1.13105 
1.77499 1.66043 
2.26101 2.17356 
2.41351 2.33761 
2.16195 2.06203 
1.67291 1.50913 
1.15641 0.921558 
0.727755 0.464398 
0.425277 0.205538 
0.287133 0.174473 
0.358429 0.380615 
0.634788 0.777886 
1.04617 1.26077 
1.52167 1.73346 
2.05245 2.17985 
2.65874 2.64087 
3.28575 3.11216 
3.75379 3.47701 
3.84287 3.56006 
3.45013 3.25888 
2.67759 2.62926 
1.7736 1.85138 
0.985869 1.12094 
0.447947 0.563223 
0.165723 0.218997 
0.0749794 0.0737158 
0.101674 0.0826383 
0.18832 0.180861 
0.294781 0.296457 
0.39425 0.374219 
0.471565 0.394462 
0.519927 0.37097 
0.534234 0.331052 
0.506046 0.293683 
0.42689 0.259428 
0.300719 0.216532 
0.155964 0.157487 
0.0415463 0.0914673 
0.000159127 0.0388383 
0.0349578 0.0116315 
0.101571 0.00375788 
0.142057 0.00773877 
0.135962 0.0388292 
0.11861 0.126758 
0.146747 0.271348 
0.253802 0.419801 
0.452936 0.521096 
0.777337 0.616353 
1.27259 0.839504 
1.89668 1.26968 
2.42722 1.76543 
2.53939 1.9979 
2.06483 1.72405 
1.20253 1.05505 
0.429104 0.419448 
0.136487 0.213436 
0.326875 0.469682 
0.658857 0.869196 
0.783205 1.0614 
0.623271 0.950846 
0.351848 0.689443 
0.156909 0.455159 
0.0766974 0.294362 
0.0424654 0.164051 
0.0109285 0.0527512 
0.00511768 0.00264768 
0.0429618 0.0279624 
0.082376 0.0720262 
0.0687028 0.0806265 
0.0167508 0.0953163 
0.0064171 0.225971 
0.084427 0.510822 
0.194948 0.828042 
0.239091 0.984752 
0.20888 0.909778 
0.239524 0.745154 
0.499842 0.724674 
1.0142 0.948142 
1.58995 1.27035 
1.92822 1.4126 
1.82845 1.19554 
1.32398 0.693468 
0.659321 0.195257 
0.146906 0.0188775 
0.00688146 0.317866 
0.272649 0.994002 
0.789662 1.74914 
1.29585 2.23818 
1.54914 2.24467 
1.44527 1.78801 
1.0606 1.09848 
0.589766 0.471892 
0.220809 0.101506 
0.0396438 0.00407963 
0.0256596 0.077298 
0.113724 0.212051 
