0.0831688 0.621751 
0.156948 0.7398 
0.231372 0.702591 
0.42014 0.640258 
0.770862 0.655654 
1.16564 0.730827 
1.39743 0.767295 
1.34266 0.701685 
1.06037 0.574218 
0.7314 0.489307 
0.508975 0.519022 
0.42264 0.646115 
0.405645 0.79099 
0.392896 0.883747 
0.384218 0.910235 
0.419918 0.897634 
0.50747 0.864999 
0.583266 0.79349 
0.556637 0.648622 
0.399694 0.433098 
0.192659 0.212055 
0.0679521 0.0735336 
0.0957225 0.0543463 
0.220887 0.106481 
0.3169 0.143675 
0.302172 0.122151 
0.201211 0.0718879 
0.0986422 0.0537963 
0.0527977 0.102979 
0.0660413 0.222581 
0.123473 0.415125 
0.227957 0.687964 
0.384065 1.01787 
0.570778 1.33622 
0.762147 1.58215 
0.976007 1.77172 
1.26899 1.98265 
1.65303 2.24397 
2.02247 2.44971 
2.19785 2.41627 
2.07045 2.05088 
1.70737 1.46352 
1.30297 0.89898 
1.01781 0.54832 
0.860622 0.41868 
0.720265 0.373908 
0.503336 0.28674 
0.239853 0.15038 
0.0670242 0.062035 
0.122411 0.123999 
0.449188 0.370347 
0.985541 0.776683 
1.62698 1.31881 
2.29498 2.00556 
2.95433 2.84634 
3.57394 3.78027 
4.07457 4.63319 
4.31963 5.15387 
4.17304 5.12557 
3.59285 4.49068 
2.69071 3.40517 
1.70123 2.17703 
0.870004 1.12007 
0.336877 0.416894 
0.0982041 0.0771974 
0.0661318 0.00127362 
0.162551 0.078823 
0.368888 0.244542 
0.710074 0.474575 
1.21138 0.765526 
1.865 1.12622 
2.60319 1.56245 
3.27218 2.03208 
3.64669 2.40866 
3.53259 2.52504 
2.91703 2.29672 
2.02747 1.81325 
1.20332 1.28715 
0.667637 0.895222 
0.411826 0.673766 
0.30134 0.568843 
0.269346 0.554777 
0.371374 0.655476 
0.650461 0.844278 
1.00108 0.980849 
1.22555 0.918172 
1.23777 0.691012 
1.17787 0.557445 
1.29177 0.80078 
1.68987 1.46444 
2.22524 2.27764 
2.59813 2.8406 
2.57373 2.89522 
2.12808 2.46242 
1.43932 1.78275 
0.771066 1.15408 
0.337986 0.786138 
0.218573 0.730008 
0.346818 0.889512 
0.579576 1.0989 
0.794192 1.22564 
0.951345 1.23717 
1.09183 1.1951 
1.29099 1.19734 
1.60957 1.31675 
2.05284 1.563 
2.53865 1.8676 
2.9007 2.09905 
2.95989 2.12338 
2.64041 1.89095 
2.04048 1.48366 
1.38421 1.06991 
0.884408 0.795067 
0.626374 0.697214 
0.554956 0.708951 
0.547743 0.722733 
0.499641 0.656051 
0.370227 0.48438 
0.19528 0.251723 
0.0707826 0.0624013 
0.0987932 0.0320826 
0.301844 0.198132 
0.567572 0.455278 
0.700072 0.602934 
0.57299 0.503645 
0.262832 0.225212 
0.0223051 0.0166883 
0.0850175 0.107451 
0.461326 0.49766 
0.913779 0.938224 
1.14242 1.12894 
1.01555 0.956776 
0.6462 0.562856 
0.268965 0.197743 
0.0520531 0.0191207 
0.00874654 0.0109482 
0.0493428 0.0591716 
0.0860374 0.0749079 
0.0896984 0.0482425 
0.0764759 0.0152576 
0.0696955 0.00250698 
0.081257 0.00761843 
0.11594 0.0184441 
0.17629 0.0354646 
0.254462 0.069568 
0.321973 0.120004 
0.339446 0.161739 
0.289933 0.163666 
0.205515 0.12246 
0.150162 0.0711807 
0.167146 0.0480324 
0.253302 0.0686162 
0.405111 0.153539 
0.686449 0.385853 
1.20692 0.89696 
1.98002 1.73007 
2.79216 2.68906 
3.26001 3.36219 
3.08792 3.37474 
2.31374 2.68186 
1.30642 1.63118 
0.50362 0.720663 
0.122 0.25943 
0.0811524 0.216051 
0.160609 0.342934 
0.204243 0.416372 
0.193644 0.373865 
0.179579 0.278068 
0.188322 0.202935 
0.198108 0.16632 
0.179213 0.144456 
0.134326 0.11966 
0.100592 0.105456 
0.1236 0.13557 
0.230363 0.236157 
0.414609 0.403371 
0.634508 0.5972 
0.822949 0.753643 
0.911726 0.811411 
0.8639 0.742926 
0.698389 0.574372 
0.488824 0.380688 
0.329599 0.25111 
0.282385 0.238151 
0.335252 0.320209 
0.407699 0.409887 
0.407489 0.41405 
0.301905 0.307904 
0.144446 0.16144 
0.0286395 0.0859346 
0.00656883 0.138104 
0.0482754 0.266895 
0.0818559 0.356721 
0.0714288 0.330112 
0.0485938 0.211387 
0.0642532 0.0912078 
0.119295 0.0352277 
0.158364 0.036563 
0.135706 0.0561707 
0.0728109 0.0905632 
0.0350368 0.176882 
0.0546337 0.328109 
0.0984996 0.485696 
0.127182 0.563603 
0.174245 0.546286 
0.337195 0.526791 
0.668277 0.627044 
1.07714 0.871946 
1.36082 1.14495 
1.34945 1.27215 
1.03744 1.15558 
0.585623 0.838073 
0.204245 0.459446 
0.0251419 0.161169 
0.0549555 0.0191594 
0.213152 0.0332957 
0.398052 0.151188 
0.533751 0.298637 
0.589813 0.409203 
0.582253 0.450755 
0.556846 0.435628 
0.555231 0.401684 
0.581313 0.375224 
0.596407 0.348322 
0.553654 0.293742 
0.446314 0.204322 
0.325857 0.116439 
0.267109 0.08858 
0.304642 0.148916 
0.395674 0.260032 
0.447828 0.338906 
0.39443 0.320588 
0.254638 0.210746 
0.125707 0.0800564 
0.113906 0.00757176 
0.262449 0.026258 
0.529856 0.114786 
0.821385 0.228632 
1.03659 0.329609 
1.10285 0.390389 
0.994344 0.389565 
0.743822 0.320401 
0.437658 0.206424 
0.1794 0.0959151 
0.0349678 0.0289822 
0.000973681 0.00851833 
0.024072 0.00747665 
0.0511505 0.00374431 
0.0622104 0.00156604 
0.0626391 0.0166432 
0.0577352 0.04758 
