1.58208 1.38448 
1.34828 1.29832 
1.0316 1.10619 
0.674894 0.828237 
0.351286 0.517897 
0.136337 0.243997 
0.0728603 0.0642542 
0.147524 0.00261004 
0.29354 0.0412465 
0.420234 0.130924 
0.455488 0.214159 
0.379463 0.249737 
0.232351 0.227289 
0.0926922 0.166506 
0.0380412 0.10344 
0.108108 0.0718501 
0.287896 0.0883929 
0.517299 0.14741 
0.720688 0.226303 
0.8417 0.298352 
0.867589 0.347254 
0.833203 0.376832 
0.803484 0.410729 
0.842162 0.480841 
0.980191 0.609121 
1.19846 0.792491 
1.43413 1.00098 
1.60946 1.19284 
1.67003 1.33979 
1.61318 1.44754 
1.49128 1.55824 
1.38877 1.73251 
1.38727 2.02304 
1.54023 2.45713 
1.8697 3.03766 
2.37975 3.75504 
3.06691 4.59154 
3.90987 5.50498 
4.8405 6.39972 
5.72045 7.11293 
6.35382 7.44429 
6.54721 7.23149 
6.19441 6.43762 
5.33812 5.19639 
4.16711 3.77748 
2.94276 2.48013 
1.89282 1.51003 
1.13108 0.909233 
0.644996 0.57749 
0.349261 0.367104 
0.163043 0.187851 
0.0584993 0.0555426 
0.054103 0.058165 
0.167619 0.26921 
0.370785 0.671128 
0.582749 1.14183 
0.70811 1.51274 
0.691808 1.65927 
0.551131 1.56488 
0.362054 1.31964 
0.209611 1.05767 
0.136779 0.876202 
0.1263 0.787659 
0.125819 0.731331 
0.0959593 0.63097 
0.0451839 0.455778 
0.025444 0.243386 
0.0917427 0.0723315 
0.255876 0.00732953 
0.469997 0.058322 
0.654525 0.181907 
0.752004 0.321203 
0.767941 0.451755 
0.767488 0.597725 
0.828228 0.806188 
0.981705 1.09955 
1.18531 1.44233 
1.34476 1.74732 
1.37152 1.91708 
1.23546 1.89241 
0.978506 1.67779 
0.684289 1.3326 
0.428798 0.940852 
0.246464 0.581398 
0.129959 0.312847 
0.0557109 0.171163 
0.0112868 0.169905 
0.0050946 0.2973 
0.0560534 0.514221 
0.175237 0.760988 
0.353069 0.974389 
0.557216 1.10644 
0.738374 1.13364 
0.840584 1.05354 
0.816835 0.876841 
0.651358 0.626968 
0.383137 0.350141 
0.116104 0.125111 
0.00061501 0.0555429 
0.18329 0.236975 
0.742208 0.709081 
1.63812 1.41872 
2.70894 2.21836 
3.71496 2.9072 
4.41731 3.30001 
4.65697 3.29364 
4.40264 2.90299 
3.75172 2.25231 
2.88829 1.52738 
2.0179 0.90905 
1.30464 0.514737 
0.831864 0.369318 
0.59713 0.41437 
0.537252 0.548196 
0.568125 0.675915 
0.619474 0.7454 
0.650597 0.753733 
0.645869 0.726157 
0.600798 0.685178 
0.513024 0.631701 
0.385544 0.549885 
0.237241 0.429751 
0.10803 0.28871 
0.0489651 0.174148 
0.0992563 0.142981 
0.263468 0.230525 
0.504089 0.428455 
0.75542 0.685297 
0.951048 0.928229 
1.04909 1.09264 
1.04225 1.14367 
0.950672 1.08155 
0.805926 0.933207 
0.637312 0.738248 
0.466691 0.536844 
0.310375 0.362224 
0.182748 0.237112 
0.0976704 0.172873 
0.067281 0.170983 
0.0995484 0.226057 
0.195055 0.328254 
0.342609 0.462655 
0.515015 0.605993 
0.669564 0.725128 
0.758328 0.782855 
0.748122 0.752187 
0.641335 0.632611 
0.483803 0.457111 
0.350369 0.282199 
0.311831 0.163654 
0.400153 0.130911 
0.591946 0.175096 
0.820138 0.257399 
1.00679 0.331638 
1.09783 0.366726 
1.08129 0.356743 
0.982581 0.315966 
0.84453 0.265849 
0.706347 0.223755 
0.592152 0.1989 
0.510634 0.194283 
0.460817 0.21008 
0.438195 0.245413 
0.43875 0.298712 
0.461189 0.368272 
0.507702 0.453245 
0.582325 0.553521 
0.686358 0.667455 
0.812984 0.788977 
0.945482 0.907374 
1.06216 1.01153 
1.14622 1.09616 
1.19394 1.16461 
1.21445 1.22417 
1.21996 1.27566 
1.2127 1.30482 
1.17872 1.28347 
1.09432 1.18269 
0.942737 0.99173 
0.730414 0.731243 
0.491861 0.451492 
0.278401 0.214718 
0.136165 0.0700663 
0.0852593 0.0338008 
0.111407 0.0845183 
0.174236 0.174967 
0.227358 0.253734 
0.239553 0.286024 
0.206689 0.264421 
0.149451 0.206359 
0.0994505 0.141494 
0.0816744 0.0963125 
0.102399 0.0834534 
0.148205 0.099963 
0.195721 0.133731 
0.226107 0.173257 
0.235885 0.214538 
0.237831 0.260976 
0.251314 0.316732 
0.287781 0.378385 
0.340451 0.431424 
0.385402 0.455531 
0.394699 0.436968 
0.354525 0.380825 
0.277188 0.314368 
0.198414 0.276891 
0.159716 0.299591 
0.18504 0.386192 
0.265395 0.506356 
0.361374 0.607562 
0.423091 0.64035 
0.416395 0.583169 
0.340088 0.452563 
0.224343 0.292861 
0.112144 0.15207 
0.0359897 0.0591053 
0.00433724 0.016102 
0.00505029 0.0091745 
0.0214184 0.028429 
0.0482382 0.0819679 
0.0963365 0.193142 
0.182791 0.382312 
0.314445 0.645505 
0.476853 0.945 
0.63668 1.21926 
0.756205 1.40726 
0.810702 1.47344 
0.798315 1.4197 
0.737699 1.27941 
0.656507 1.09916 
0.578456 0.919265 
0.515678 0.762821 
0.468284 0.635671 
0.428637 0.533294 
0.386475 0.448086 
0.332861 0.373078 
0.263245 0.302411 
0.180567 0.231558 
0.0978282 0.159535 
0.0377548 0.0923065 
0.0271418 0.0440469 
0.0860816 0.0330818 
0.216089 0.0725508 
0.393558 0.160067 
0.573816 0.272903 
0.706182 0.373396 
0.754142 0.423772 
0.710869 0.40354 
0.601575 0.320004 
0.470853 0.205612 
0.361535 0.103275 
