0.614547 1.2076 1.44931 
0.295416 0.67044 0.809792 
0.158971 0.337315 0.387064 
0.1485 0.182005 0.168578 
0.179321 0.123501 0.0762163 
0.196584 0.0928597 0.0408975 
0.190458 0.0602151 0.0317572 
0.180346 0.0263671 0.0439805 
0.192457 0.00466627 0.0787693 
0.236655 0.0051647 0.134404 
0.287436 0.024636 0.207788 
0.294174 0.0556671 0.305953 
0.236596 0.120761 0.465513 
0.184233 0.298083 0.757005 
0.280623 0.684669 1.24146 
0.628158 1.29446 1.88775 
1.16172 1.97617 2.52308 
1.64126 2.45309 2.89201 
1.79796 2.48778 2.81021 
1.52421 2.05023 2.29869 
0.953755 1.35188 1.58549 
0.378595 0.721508 0.972363 
0.0831367 0.426951 0.674116 
0.218018 0.567475 0.7428 
0.770241 1.07832 1.09879 
1.60236 1.7989 1.6076 
2.50776 2.5385 2.13478 
3.25759 3.11407 2.5613 
3.64628 3.37555 2.78509 
3.5458 3.2376 2.73521 
2.96076 2.71638 2.40039 
2.0577 1.9491 1.85127 
1.13768 1.17134 1.23335 
0.537585 0.642345 0.722739 
0.483464 0.537546 0.458135 
0.961873 0.855722 0.478855 
1.69336 1.39776 0.701215 
2.2549 1.84974 0.954059 
2.30948 1.94612 1.06774 
1.81176 1.62629 0.974999 
1.04644 1.07914 0.758629 
0.455292 0.630308 0.60173 
0.362196 0.538383 0.664075 
0.78627 0.841326 0.972978 
1.46429 1.35744 1.41118 
2.0406 1.82228 1.80356 
2.27004 2.04447 2.02401 
2.10533 1.97494 2.04123 
1.65596 1.67666 1.89126 
1.09256 1.25663 1.62714 
0.570432 0.820039 1.29616 
0.195756 0.458044 0.95059 
0.0194532 0.245327 0.66286 
0.0372542 0.224573 0.514953 
0.187611 0.377072 0.55571 
0.35874 0.604111 0.751416 
0.427678 0.754921 0.976525 
0.3339 0.711677 1.07595 
0.140069 0.482582 0.970361 
0.00874345 0.21646 0.719342 
0.0816261 0.0997306 0.476091 
0.351397 0.207362 0.363716 
0.649608 0.440158 0.383696 
0.776576 0.610253 0.437788 
0.659626 0.596188 0.431784 
0.39588 0.425959 0.354858 
0.151452 0.225786 0.267663 
0.0250885 0.102732 0.230828 
0.000302232 0.0745217 0.252844 
0.00573338 0.0912443 0.296907 
0.00176108 0.101915 0.321818 
0.00891406 0.0954114 0.311614 
0.0683683 0.0907998 0.275217 
0.187745 0.103452 0.228712 
0.324521 0.124897 0.181013 
0.414842 0.13115 0.133352 
0.417195 0.106705 0.0895647 
0.336594 0.0618769 0.0663206 
0.218327 0.0314974 0.0935665 
0.123754 0.059165 0.203429 
0.10429 0.176811 0.412274 
0.178955 0.384229 0.701539 
0.317855 0.633074 1.0053 
0.444767 0.830459 1.21977 
0.473948 0.878151 1.24672 
0.369639 0.735396 1.05492 
0.183898 0.458663 0.712747 
0.0341686 0.177175 0.355321 
0.0323051 0.0170493 0.105398 
0.219851 0.0339267 0.0122207 
0.5524 0.200177 0.0512907 
0.927112 0.436488 0.164149 
1.22128 0.647564 0.28805 
1.32754 0.745662 0.361315 
1.1929 0.677861 0.334526 
0.857088 0.462837 0.206403 
0.458712 0.207165 0.0532081 
0.183133 0.0671313 0.0052202 
0.168717 0.165044 0.170396 
0.426373 0.512607 0.559544 
0.824365 0.992469 1.06801 
1.15281 1.4104 1.52271 
1.23804 1.59141 1.7629 
1.04488 1.47172 1.71398 
0.699717 1.1341 1.42115 
0.405769 0.755418 1.02145 
0.299895 0.490268 0.661783 
0.358835 0.373148 0.413924 
0.435962 0.320529 0.253698 
0.400803 0.233874 0.123741 
0.259411 0.110723 0.0209119 
0.149722 0.0595856 0.0201563 
0.22091 0.203372 0.205218 
0.507351 0.559437 0.568437 
0.901453 1.00221 0.975069 
1.23297 1.33646 1.23105 
1.37614 1.41685 1.20404 
1.30348 1.22414 0.907129 
1.06841 0.857159 0.488981 
0.755759 0.465203 0.144764 
0.444578 0.174039 0.0102685 
0.195535 0.0431555 0.101242 
0.0483114 0.0612104 0.323358 
0.0154964 0.167408 0.535832 
0.0763729 0.283855 0.627371 
0.182982 0.347973 0.564882 
0.282381 0.336197 0.396205 
0.343318 0.270749 0.213783 
0.368996 0.205003 0.103006 
0.386599 0.192217 0.101493 
0.421191 0.252855 0.186288 
0.472853 0.359553 0.291667 
0.51332 0.45069 0.346777 
0.50445 0.466365 0.313894 
0.425628 0.385269 0.207774 
0.291093 0.23891 0.0863396 
0.145105 0.0942903 0.0193736 
0.038731 0.0179608 0.0555632 
0.00541012 0.0467004 0.207996 
0.0519419 0.181637 0.4618 
0.165751 0.399812 0.787422 
0.322811 0.661816 1.13915 
0.483126 0.90468 1.43943 
0.583851 1.03804 1.57803 
0.557637 0.974828 1.4566 
0.385435 0.699088 1.06907 
0.14646 0.320738 0.555309 
0.00405269 0.0492338 0.159 
0.107705 0.0723699 0.0882366 
0.473611 0.417645 0.369801 
0.946574 0.911481 0.81634 
1.2902 1.28398 1.14604 
1.3423 1.34527 1.16887 
1.11297 1.09725 0.897045 
0.753827 0.701887 0.503967 
0.436878 0.348894 0.182749 
0.247686 0.137375 0.0252933 
0.166084 0.052566 0.00350145 
0.124469 0.0271488 0.0372638 
0.0785089 0.01573 0.0726818 
0.0348303 0.02241 0.109401 
0.028178 0.0756179 0.17433 
0.0799326 0.1873 0.281971 
0.176323 0.336608 0.420603 
0.282132 0.489145 0.570867 
0.373682 0.628634 0.730499 
0.457512 0.766073 0.913134 
0.55443 0.913516 1.11632 
0.663923 1.04809 1.29102 
0.747222 1.10822 1.35303 
0.751322 1.03566 1.23965 
0.65404 0.828437 0.96512 
0.486594 0.553223 0.620893 
0.312262 0.303448 0.317697 
0.183248 0.14264 0.123498 
0.115225 0.0827354 0.0514887 
0.0946484 0.10506 0.0936057 
0.100388 0.188241 0.246417 
0.116358 0.311799 0.494892 
0.132991 0.444513 0.781187 
0.149102 0.547679 1.01176 
0.175413 0.598826 1.1118 
0.227906 0.607263 1.07488 
0.308125 0.597583 0.954687 
0.389144 0.577192 0.8087 
0.427611 0.526515 0.655218 
0.39566 0.424727 0.48447 
0.302658 0.281215 0.299964 
0.186524 0.136961 0.136272 
0.0863348 0.0363092 0.0354896 
0.0236115 0.00129139 0.0156462 
0.00407327 0.0313814 0.0682019 
0.0297083 0.119521 0.181389 
0.108248 0.262256 0.356961 
0.255637 0.456094 0.601013 
0.486721 0.686487 0.899703 
0.787497 0.915355 1.2016 
1.08219 1.07404 1.42041 
1.23819 1.07994 1.46478 
1.14019 0.890034 1.29327 
0.7943 0.56277 0.966484 
0.362484 0.260123 0.642689 
0.0668963 0.152426 0.488263 
0.0293074 0.286375 0.554442 
0.190192 0.53862 0.729343 
0.382534 0.712697 0.824678 
0.480689 0.695552 0.728518 
0.476882 0.526765 0.484002 
0.43261 0.327554 0.227666 
0.391126 0.183067 0.0641077 
0.354399 0.101173 0.00506977 
0.319587 0.059263 0.00864982 
0.294521 0.0477932 0.0396102 
0.271717 0.0554089 0.0753332 
0.237251 0.0520245 0.0831852 
0.258116 0.041756 0.0431107 
0.543936 0.137788 0.0099406 
1.32816 0.522785 0.114886 
2.59303 1.25997 0.44812 
3.90277 2.12588 0.920546 
4.59606 2.68484 1.27604 
4.2571 2.60531 1.29098 
3.06101 1.94404 0.984648 
1.65474 1.11579 0.623274 
0.666528 0.566115 0.500694 
0.292364 0.456308 0.706498 
0.305926 0.636322 1.09402 
0.396238 0.868132 1.44123 
0.442079 1.02719 1.61333 
0.482552 1.09948 1.584 
0.523015 1.06386 1.36472 
0.470976 0.863876 0.979904 
0.27663 0.511746 0.517413 
0.0631496 0.160337 0.144494 
0.0385537 0.00220713 0.00628346 
0.264716 0.0800736 0.0892339 
0.557903 0.231072 0.215261 
0.658708 0.252984 0.207923 
0.499011 0.125316 0.0736387 
0.276709 0.044073 0.00526316 
0.25801 0.226545 0.194877 
0.517873 0.688112 0.641673 
0.880972 1.21681 1.14312 
1.10248 1.56059 1.4688 
1.08967 1.63411 1.54276 
0.953704 1.5555 1.4723 
0.872381 1.50552 1.4219 
0.918981 1.56053 1.46552 
1.01272 1.6449 1.54323 
1.01273 1.62079 1.5365 
0.857195 1.42014 1.37991 
