2.72038 4.43198 6.43479 
3.20104 4.51786 5.92786 
3.22409 4.06362 4.87661 
2.83893 3.25833 3.60919 
2.21007 2.35475 2.43884 
1.52118 1.5522 1.5453 
0.912484 0.947872 0.961385 
0.46079 0.55126 0.630777 
0.184705 0.324326 0.474841 
0.0584238 0.217053 0.431337 
0.0308231 0.188233 0.462416 
0.0507033 0.212734 0.544566 
0.0890904 0.276595 0.652255 
0.141186 0.361278 0.744366 
0.20392 0.42777 0.76435 
0.253782 0.422047 0.664238 
0.257966 0.313726 0.447507 
0.2166 0.143133 0.199066 
0.185801 0.0217774 0.0587817 
0.233914 0.0552843 0.12833 
0.355558 0.237368 0.371029 
0.440664 0.424635 0.607289 
0.369558 0.457149 0.65522 
0.171974 0.344919 0.527779 
0.0774934 0.330557 0.496653 
0.349333 0.711549 0.905067 
1.01675 1.54149 1.84383 
1.77818 2.50025 2.98568 
2.22356 3.10747 3.77857 
2.19725 3.11618 3.86458 
1.93817 2.70923 3.34486 
1.83571 2.2965 2.63968 
2.04217 2.11928 2.0947 
2.34132 2.06784 1.73297 
2.39608 1.87751 1.37268 
2.09312 1.45836 0.928264 
1.62326 0.994358 0.541008 
1.25165 0.733191 0.415217 
1.06043 0.728787 0.576092 
0.931014 0.815595 0.828899 
0.737583 0.81038 0.950564 
0.50759 0.699111 0.893546 
0.381448 0.617056 0.793381 
0.440739 0.669428 0.793757 
0.603218 0.796669 0.88215 
0.696858 0.824734 0.900186 
0.63866 0.649077 0.712904 
0.538544 0.369815 0.369487 
0.612785 0.236708 0.0963548 
0.968817 0.437073 0.118722 
1.45932 0.913966 0.468746 
1.76334 1.38915 0.955379 
1.65021 1.58277 1.32081 
1.19918 1.4364 1.43466 
0.770493 1.14196 1.35289 
0.742676 0.963364 1.21274 
1.23644 1.02351 1.0905 
2.04332 1.23834 0.960011 
2.78691 1.42318 0.765571 
3.16197 1.44834 0.511134 
3.07687 1.31285 0.275085 
2.64165 1.10861 0.151067 
2.06279 0.938947 0.181675 
1.53426 0.862203 0.338964 
1.1736 0.881162 0.551289 
1.00584 0.959446 0.742647 
0.980086 1.04233 0.857871 
1.00495 1.07453 0.870496 
0.990616 1.01697 0.782984 
0.885296 0.86253 0.625694 
0.694533 0.644384 0.451869 
0.474853 0.427391 0.321895 
0.300417 0.278136 0.276188 
0.21637 0.225236 0.309027 
0.208356 0.237346 0.364751 
0.215143 0.243269 0.369687 
0.180647 0.188291 0.28671 
0.103988 0.0844641 0.153309 
0.0411488 0.00811312 0.0662938 
0.0532541 0.0395097 0.115067 
0.147826 0.193413 0.311763 
0.267486 0.400993 0.57552 
0.334831 0.55803 0.785023 
0.310163 0.595545 0.855918 
0.213159 0.515308 0.782859 
0.100054 0.372469 0.623569 
0.0260307 0.233653 0.452377 
0.0223837 0.146695 0.324507 
0.0929531 0.132946 0.267533 
0.219518 0.192237 0.289468 
0.370351 0.311114 0.388667 
0.511549 0.471279 0.558686 
0.616927 0.653546 0.78459 
0.671364 0.833357 1.03123 
0.671524 0.976317 1.23728 
0.631262 1.04926 1.33503 
0.585439 1.04454 1.29299 
0.57521 0.99059 1.14403 
0.616022 0.929858 0.964562 
0.680074 0.884825 0.820843 
0.720846 0.852742 0.738189 
0.720388 0.834434 0.72083 
0.707105 0.854913 0.784564 
0.722185 0.940445 0.947684 
0.773066 1.07455 1.18421 
0.824681 1.18766 1.40097 
0.829852 1.19802 1.47966 
0.759205 1.06495 1.35281 
0.609467 0.811012 1.04803 
0.405484 0.508914 0.670791 
0.203563 0.251037 0.346966 
0.0723363 0.109 0.160939 
0.0424727 0.0917195 0.116915 
0.0727993 0.135465 0.145695 
0.0864759 0.153932 0.161964 
0.0511157 0.114237 0.133025 
0.00988961 0.0587756 0.0941416 
0.0210605 0.0436083 0.0921184 
0.0794458 0.0655515 0.121229 
0.121146 0.0698464 0.129959 
0.10792 0.0306429 0.0921407 
0.0840307 0.000726314 0.0528853 
0.131075 0.0606398 0.0858317 
0.271949 0.220725 0.20483 
0.434717 0.389495 0.330732 
0.514379 0.448295 0.356089 
0.462699 0.356874 0.246952 
0.31752 0.186579 0.0835191 
0.158371 0.0563174 0.000429888 
0.0479804 0.0391871 0.0789969 
0.0158867 0.12492 0.284895 
0.0806123 0.260233 0.503937 
0.263033 0.413334 0.641075 
0.56003 0.591305 0.689719 
0.902495 0.793894 0.706803 
1.1547 0.960361 0.723759 
1.18415 0.983171 0.693596 
0.96448 0.800876 0.543492 
0.630725 0.497163 0.293161 
0.429371 0.305898 0.117826 
0.578797 0.485865 0.26718 
1.12491 1.13702 0.878373 
1.89042 2.09377 1.83007 
2.56097 2.98987 2.7713 
2.85885 3.46447 3.32333 
2.69085 3.36782 3.30914 
2.17507 2.82396 2.84196 
1.5435 2.12216 2.2226 
1.00448 1.53645 1.7439 
0.660151 1.20362 1.54788 
0.509662 1.11427 1.60607 
0.500291 1.17735 1.78906 
0.572918 1.2888 1.95202 
0.679275 1.36999 1.99368 
0.782378 1.38269 1.88586 
0.859108 1.335 1.67907 
0.909457 1.27758 1.48044 
0.960157 1.27996 1.40193 
1.04737 1.38667 1.49643 
1.17921 1.57355 1.71571 
1.30385 1.7363 1.92018 
1.31914 1.73317 1.94492 
1.13559 1.46989 1.69221 
0.757987 0.978137 1.19864 
0.322533 0.429982 0.633614 
0.0483983 0.0668254 0.225406 
0.122208 0.0774879 0.154304 
0.579696 0.491135 0.465767 
1.25014 1.13781 1.03637 
1.80317 1.70052 1.60604 
1.90641 1.86174 1.88841 
1.44652 1.5065 1.74558 
0.674473 0.86073 1.33018 
0.102009 0.40025 1.03398 
0.130469 0.501497 1.18892 
0.682639 1.08327 1.73107 
1.21982 1.61312 2.18196 
1.21775 1.56754 2.05911 
0.677304 0.943438 1.35927 
0.130262 0.280674 0.597498 
0.0986113 0.129535 0.312856 
0.57243 0.512048 0.547251 
1.06457 0.953064 0.860495 
1.14886 1.01925 0.846633 
0.855263 0.739973 0.552444 
0.515963 0.465201 0.343188 
0.33396 0.402751 0.427651 
0.230212 0.41922 0.62729 
0.0993351 0.30012 0.629156 
0.0599499 0.0801623 0.369958 
0.326522 0.00893472 0.0870175 
0.864809 0.216456 0.018637 
1.30376 0.519823 0.144611 
1.2675 0.613344 0.254103 
0.769051 0.405461 0.210853 
0.221726 0.108765 0.0870006 
0.0561871 0.00365378 0.0441191 
0.349041 0.161645 0.141169 
0.81313 0.414237 0.289004 
1.09502 0.549803 0.364465 
1.05065 0.498524 0.328141 
0.775227 0.339641 0.230476 
0.449121 0.184508 0.13894 
0.196101 0.0864369 0.0844742 
0.052856 0.0413866 0.0649892 
0.00353531 0.0271926 0.0675388 
0.00982575 0.0216903 0.0730644 
0.0339482 0.00841134 0.0589153 
0.0770707 0.00295548 0.0272417 
0.206438 0.0821663 0.0414965 
0.516378 0.359007 0.217019 
1.02976 0.891692 0.64501 
1.63023 1.59905 1.30152 
2.10563 2.26836 2.0208 
2.27559 2.66194 2.56308 
2.09391 2.64323 2.73443 
1.65145 2.23966 2.48706 
1.10707 1.62184 1.94885 
0.619764 1.02697 1.36536 
0.312806 0.65894 0.972922 
0.249647 0.597533 0.865699 
0.411947 0.76372 0.947184 
0.705529 0.976999 1.01443 
1.01054 1.07597 0.91641 
1.24333 1.01143 0.655553 
1.38056 0.84264 0.3534 
1.43722 0.659949 0.131374 
1.43435 0.517049 0.0264253 
1.38562 0.422305 0.000946759 
1.29844 0.365768 0.0027655 
1.17529 0.337354 0.00383148 
1.01872 0.328059 0.000738931 
0.844615 0.332023 0.00479561 
0.687601 0.350365 0.0346193 
0.578786 0.380538 0.0984301 
0.510821 0.39643 0.170093 
0.434998 0.353207 0.194441 
0.309025 0.231933 0.13941 
0.151908 0.0824437 0.0494846 
0.0397755 0.00257144 0.027937 
0.0335015 0.0511708 0.138823 
0.111573 0.177847 0.319683 
0.192554 0.260799 0.415052 
0.239301 0.240035 0.329542 
0.329276 0.210598 0.153882 
0.583868 0.346599 0.105946 
0.999534 0.696266 0.306407 
1.367 1.06093 0.612738 
1.41575 1.13215 0.722321 
1.08538 0.799849 0.485993 
0.648098 0.323894 0.116501 
