1.08765 0.964471 0.477514 
2.21691 1.70533 0.811604 
3.5162 2.5465 1.2104 
4.65225 3.24086 1.51839 
5.31763 3.56548 1.59659 
5.34803 3.41641 1.39457 
4.78091 2.85387 0.98308 
3.82448 2.07011 0.522811 
2.7554 1.29635 0.183352 
1.80332 0.701048 0.0586091 
1.0836 0.335301 0.127787 
0.60444 0.149225 0.282239 
0.326271 0.058242 0.397614 
0.222209 0.0107809 0.405486 
0.297673 0.0154668 0.324077 
0.563275 0.118375 0.237049 
0.99061 0.354536 0.240838 
1.49022 0.710261 0.394682 
1.93147 1.11951 0.69859 
2.19262 1.49193 1.10332 
2.20988 1.75152 1.53874 
1.99746 1.86302 1.94182 
1.63163 1.83581 2.27224 
1.21261 1.70935 2.51339 
0.826984 1.53212 2.66434 
0.526491 1.34466 2.72949 
0.326534 1.17131 2.71151 
0.217432 1.02024 2.60983 
0.178958 0.889066 2.42464 
0.191659 0.772752 2.16357 
0.242549 0.670568 1.84708 
0.325256 0.589001 1.50863 
0.435744 0.538911 1.18806 
0.56581 0.528077 0.920512 
0.697979 0.553485 0.725822 
0.806209 0.599103 0.60421 
0.865203 0.643027 0.541317 
0.86694 0.67302 0.521395 
0.837734 0.70377 0.542706 
0.845715 0.785715 0.626752 
0.989768 0.99652 0.814175 
1.36759 1.41294 1.14564 
2.03063 2.07059 1.63385 
2.94294 2.92791 2.23929 
3.96438 3.85295 2.86382 
4.87251 4.64556 3.37 
5.42357 5.09368 3.62304 
5.43537 5.04702 3.54119 
4.86204 4.48084 3.13437 
3.82879 3.52282 2.51408 
2.60719 2.42764 1.86789 
1.53336 1.50327 1.40504 
0.895748 1.01221 1.29091 
0.834308 1.08306 1.5927 
1.29134 1.66564 2.25514 
2.03525 2.54805 3.11548 
2.74889 3.43038 3.95286 
3.14741 4.02742 4.55543 
3.07849 4.16183 4.7818 
2.56702 3.81395 4.59646 
1.79096 3.11274 4.06862 
1.0037 2.2763 3.33816 
0.437496 1.5283 2.56398 
0.225231 1.02282 1.87452 
0.365913 0.80326 1.33766 
0.739988 0.805703 0.957447 
1.16321 0.900263 0.694802 
1.45674 0.951507 0.500181 
1.50868 0.873794 0.342959 
1.30669 0.661003 0.225001 
0.932331 0.380879 0.173859 
0.521251 0.138742 0.220768 
0.206624 0.0278487 0.375802 
0.0692604 0.088759 0.613524 
0.114336 0.294831 0.876664 
0.281681 0.567954 1.09578 
0.480884 0.814305 1.21486 
0.632066 0.96179 1.2104 
0.693337 0.982461 1.09587 
0.665589 0.892899 0.911356 
0.578107 0.737019 0.705136 
0.466985 0.562987 0.516476 
0.358731 0.405793 0.366382 
0.265146 0.281291 0.257976 
0.187651 0.190332 0.18337 
0.124695 0.127184 0.131929 
0.0764106 0.0863588 0.0958302 
0.0446302 0.0649835 0.0715385 
0.0302357 0.0614777 0.0583761 
0.0310272 0.0731329 0.0563655 
0.0418028 0.0947898 0.0648955 
0.0560151 0.119196 0.0823863 
0.067375 0.13839 0.106278 
0.0706968 0.14541 0.132898 
0.0628196 0.136207 0.15758 
0.0446894 0.111802 0.175746 
0.0239967 0.0798529 0.184916 
0.0156064 0.0538225 0.186372 
0.036873 0.0483103 0.184757 
0.0979947 0.0714616 0.185175 
0.192183 0.118443 0.189598 
0.292917 0.171126 0.195738 
0.363 0.206507 0.200375 
0.373097 0.210914 0.205804 
0.32027 0.192058 0.224789 
0.234926 0.180488 0.279053 
0.169959 0.217149 0.389751 
0.175896 0.331884 0.563705 
0.274523 0.523914 0.782986 
0.445158 0.755384 1.00481 
0.631265 0.962653 1.17376 
0.764349 1.08076 1.24171 
0.793214 1.06964 1.18653 
0.704655 0.929948 1.02101 
0.526838 0.701965 0.7882 
0.315715 0.449175 0.545888 
0.132446 0.234986 0.347373 
0.0224729 0.102678 0.226393 
0.00398909 0.0655054 0.190783 
0.0677428 0.108207 0.224905 
0.18499 0.196433 0.297638 
0.318447 0.289039 0.372263 
0.432326 0.349527 0.416114 
0.499961 0.35501 0.409186 
0.508955 0.301962 0.350636 
0.463418 0.207398 0.260546 
0.382046 0.103643 0.173962 
0.291263 0.026497 0.126851 
0.21505 0.000315589 0.138758 
0.165802 0.0269139 0.201081 
0.141081 0.0849099 0.279041 
0.128159 0.141059 0.328556 
0.11347 0.167868 0.319853 
0.0908358 0.157275 0.254097 
0.0633699 0.122165 0.162266 
0.0386718 0.0851924 0.086052 
0.0218485 0.0628271 0.0522856 
0.0122029 0.0557135 0.0573298 
0.00611997 0.0519581 0.0721923 
0.00341463 0.0408389 0.0659725 
0.0114003 0.0269448 0.0330254 
0.0425379 0.0341022 0.00588733 
0.106436 0.0949969 0.0439402 
0.201357 0.231705 0.202193 
0.311007 0.43835 0.496702 
0.408989 0.676219 0.885859 
0.468597 0.884865 1.27871 
0.472834 1.00429 1.56755 
0.420159 0.998098 1.66988 
0.32437 0.8676 1.56097 
0.209946 0.651764 1.28326 
0.10542 0.413997 0.929793 
0.0369752 0.221694 0.609883 
0.0233709 0.126039 0.411216 
0.0725842 0.148211 0.372232 
0.180274 0.275192 0.473397 
0.330221 0.465237 0.648641 
0.49686 0.660794 0.811624 
0.649944 0.805278 0.887345 
0.760996 0.859325 0.838199 
0.810529 0.811848 0.675357 
0.793954 0.681981 0.45108 
0.72351 0.510426 0.234596 
0.624539 0.342983 0.081521 
0.527265 0.213441 0.0108437 
0.458558 0.134764 0.00143398 
0.439136 0.104183 0.0110268 
0.488316 0.119818 0.00835361 
0.631889 0.197868 9.07971e-05 
0.903535 0.376258 0.0348338 
1.33162 0.696754 0.177931 
1.91262 1.17122 0.468382 
2.58487 1.75095 0.882098 
3.22281 2.32163 1.32567 
3.66569 2.73543 1.66969 
3.77603 2.87097 1.8083 
3.50345 2.69333 1.7148 
2.92027 2.28146 1.46302 
2.20603 1.8052 1.20091 
1.58299 1.45928 1.08801 
1.23081 1.38491 1.22719 
1.21979 1.61521 1.62267 
1.49208 2.06789 2.18161 
1.89549 2.5842 2.75387 
2.24932 2.99176 3.18786 
2.4102 3.16214 3.37714 
2.31214 3.04229 3.28234 
1.97229 2.65549 2.92769 
1.47078 2.08152 2.38268 
0.919913 1.42998 1.74107 
0.435363 0.816659 1.10441 
0.113909 0.345038 0.569491 
0.0168168 0.090375 0.215499 
0.157734 0.0847917 0.0879603 
0.497261 0.30608 0.182661 
0.948718 0.676807 0.438026 
1.39782 1.07963 0.745215 
1.73332 1.38892 0.979151 
1.87961 1.51035 1.0428 
1.8192 1.41356 0.906899 
1.59581 1.14282 0.62474 
1.29601 0.798262 0.310314 
1.01622 0.493678 0.0859701 
0.828799 0.309245 0.0235016 
0.761267 0.261948 0.109543 
0.79708 0.308942 0.255899 
0.895754 0.381874 0.351556 
1.02011 0.432617 0.328614 
1.15469 0.463266 0.204278 
1.3046 0.521605 0.0730892 
1.47627 0.663831 0.0520506 
1.65402 0.907236 0.209622 
1.79033 1.20346 0.520222 
1.82056 1.45185 0.871565 
1.6971 1.5483 1.12114 
1.42338 1.44215 1.16933 
1.06553 1.16756 1.00775 
0.73045 0.829804 0.71726 
0.519245 0.553802 0.420477 
0.480451 0.423964 0.218855 
0.588971 0.448712 0.150012 
0.762013 0.566796 0.184825 
0.902044 0.68752 0.25848 
0.942139 0.738881 0.311629 
0.870032 0.697018 0.317115 
0.721961 0.585383 0.281821 
0.55539 0.451232 0.230372 
0.419282 0.337696 0.185998 
0.337166 0.267119 0.16061 
0.306726 0.240339 0.15648 
0.309536 0.246646 0.174602 
0.322328 0.276242 0.223856 
0.325574 0.330021 0.327937 
0.309858 0.424717 0.528261 
0.280567 0.591417 0.878906 
0.257914 0.864136 1.42831 
0.268031 1.25771 2.18755 
0.325825 1.74254 3.09697 
0.418832 2.23227 4.01299 
0.505308 2.59988 4.73482 
0.533019 2.72395 5.07095 
0.470438 2.54557 4.91908 
0.330111 2.10378 4.31713 
0.166083 1.52458 3.43315 
0.0441424 0.965224 2.49473 
0.00379551 0.543968 1.69459 
0.0382308 0.295951 1.12342 
0.106089 0.179056 0.763092 
0.165146 0.120598 0.535148 
0.201567 0.0699673 0.36645 
0.23274 0.0222969 0.22937 
