0.302587 0.206725 0.222539 
0.277572 0.0789743 0.00735437 
0.384724 0.137785 0.0783619 
0.536938 0.279747 0.310196 
0.643581 0.398972 0.563368 
0.648013 0.431895 0.740794 
0.544812 0.375602 0.814865 
0.373129 0.276889 0.820306 
0.193492 0.20218 0.822833 
0.0608234 0.204618 0.881376 
0.00536045 0.302817 1.02096 
0.0273513 0.478092 1.22574 
0.104432 0.687805 1.45148 
0.2057 0.885866 1.64826 
0.305159 1.03995 1.78111 
0.389127 1.13848 1.83948 
0.455985 1.18677 1.83362 
0.510345 1.19717 1.78322 
0.55599 1.18014 1.70657 
0.591863 1.14108 1.61593 
0.613245 1.08312 1.51915 
0.617226 1.01186 1.42265 
0.609266 0.937953 1.33118 
0.607299 0.875899 1.24427 
0.64127 0.841409 1.1547 
0.748071 0.85105 1.05457 
0.96294 0.924954 0.949145 
1.30838 1.08852 0.869951 
1.78167 1.36656 0.874283 
2.34329 1.76665 1.0233 
2.91143 2.25705 1.34413 
3.36932 2.75262 1.79513 
3.58985 3.12335 2.25757 
3.47507 3.23122 2.56708 
2.99851 2.98554 2.57788 
2.23241 2.39369 2.23312 
1.34422 1.58139 1.6074 
0.556742 0.76708 0.89704 
0.0817206 0.194252 0.35606 
0.04838 0.0447565 0.200459 
0.452906 0.366094 0.518603 
1.14927 1.04284 1.2254 
1.88891 1.82744 2.08213 
2.40061 2.42395 2.7787 
2.48664 2.59743 3.04952 
2.10231 2.2688 2.77883 
1.38658 1.55614 2.05218 
0.625478 0.741031 1.1303 
0.153787 0.167177 0.352648 
0.227631 0.107927 0.00792602 
0.917606 0.655845 0.224394 
2.0692 1.68137 0.924992 
3.35217 2.87984 1.86462 
4.38258 3.88828 2.73137 
4.8678 4.4224 3.26688 
4.71288 4.37626 3.35503 
4.04308 3.8444 3.04527 
3.13584 3.06227 2.50747 
2.29667 2.29725 1.9454 
1.73784 1.74217 1.51117 
1.5135 1.45772 1.258 
1.53408 1.38226 1.14602 
1.64178 1.39348 1.08881 
1.70106 1.38256 1.00984 
1.65642 1.30138 0.878146 
1.53376 1.16387 0.708826 
1.39653 1.01179 0.536982 
1.29133 0.873882 0.387835 
1.21798 0.746588 0.264217 
1.13795 0.605548 0.156996 
1.00872 0.434784 0.0664882 
0.816788 0.249552 0.0155187 
0.587668 0.0955159 0.0420847 
0.36982 0.0249158 0.175334 
0.207184 0.0663079 0.411087 
0.119755 0.207548 0.703789 
0.102244 0.401435 0.980879 
0.136452 0.588328 1.17142 
0.20464 0.720834 1.23303 
0.293915 0.777387 1.16393 
0.391392 0.760952 0.996725 
0.478017 0.688532 0.780617 
0.529276 0.5804 0.562465 
0.524298 0.454606 0.37472 
0.457261 0.326563 0.232371 
0.342631 0.210112 0.136526 
0.210218 0.117326 0.0808085 
0.0934381 0.0572815 0.0577003 
0.0187385 0.0358378 0.0631361 
0.00239634 0.0573537 0.0980815 
0.0544103 0.126421 0.166005 
0.183067 0.246211 0.26639 
0.392959 0.411951 0.387031 
0.674856 0.602682 0.500271 
0.99402 0.778243 0.56818 
1.288 0.88761 0.557484 
1.48132 0.888472 0.458447 
1.51405 0.769427 0.296894 
1.37036 0.561524 0.129602 
1.09015 0.32944 0.0213211 
0.754641 0.143684 0.0130966 
0.451531 0.0474754 0.0990156 
0.238396 0.0371233 0.226356 
0.124342 0.0683932 0.322034 
0.0794518 0.0864601 0.332868 
0.0645964 0.0625458 0.257875 
0.0621009 0.0155296 0.153905 
0.0879944 0.0050604 0.110119 
0.178775 0.099126 0.203897 
0.361737 0.333752 0.460738 
0.627843 0.686866 0.838207 
0.924112 1.08034 1.24096 
1.17064 1.409 1.55827 
1.29316 1.58189 1.70573 
1.25415 1.55621 1.6529 
1.06708 1.34965 1.42748 
0.788547 1.02821 1.09803 
0.493749 0.677923 0.745683 
0.248195 0.374168 0.437736 
0.0878485 0.160962 0.212349 
0.0141654 0.0459269 0.0770003 
0.00290277 0.00914807 0.0174255 
0.0202318 0.019043 0.0104783 
0.038394 0.0473518 0.0346752 
0.0451261 0.0776616 0.0749198 
0.0445578 0.105793 0.121455 
0.050632 0.134012 0.165849 
0.0765499 0.163272 0.197813 
0.125048 0.188036 0.205743 
0.184137 0.196719 0.181489 
0.230888 0.177909 0.127166 
0.242206 0.129284 0.0600287 
0.207699 0.0641653 0.0116797 
0.137942 0.0112118 0.0203171 
0.0631557 0.00594674 0.118243 
0.0220204 0.0771856 0.319623 
0.0455837 0.234432 0.613769 
0.143856 0.462155 0.966756 
0.30124 0.723539 1.33035 
0.482361 0.971773 1.65422 
0.644952 1.16375 1.89665 
0.753779 1.27075 2.03075 
0.790194 1.28298 2.04584 
0.754746 1.20791 1.9456 
0.663442 1.06491 1.7453 
0.54036 0.878868 1.46929 
0.409756 0.675163 1.14894 
0.290151 0.476438 0.819885 
0.191706 0.301017 0.517976 
0.116942 0.162123 0.273655 
0.0637951 0.0674016 0.106134 
0.0292859 0.0186589 0.0194199 
0.0119513 0.0119689 0.00218603 
0.0118474 0.0383208 0.0320209 
0.0282584 0.0847675 0.0825775 
0.0567082 0.136008 0.130748 
0.0876396 0.176504 0.161209 
0.108537 0.193363 0.167442 
0.109314 0.179839 0.150303 
0.0884203 0.138451 0.116081 
0.0558703 0.0818448 0.0750946 
0.0304061 0.0297728 0.0403401 
0.0311084 0.00221432 0.0250064 
0.0673555 0.0111737 0.0386068 
0.132747 0.055296 0.0832766 
0.207084 0.120723 0.152721 
0.266205 0.188419 0.235158 
0.294801 0.244235 0.318865 
0.295026 0.285753 0.396655 
0.28552 0.32135 0.465808 
0.29069 0.361561 0.523145 
0.326082 0.4082 0.559185 
0.388921 0.449291 0.557412 
0.460754 0.465246 0.502301 
0.522069 0.444469 0.393454 
0.570117 0.398807 0.256799 
0.626853 0.366407 0.142417 
0.727929 0.39526 0.104845 
0.895583 0.513028 0.173261 
1.11128 0.700514 0.328468 
1.30875 0.888346 0.503497 
1.39877 0.985238 0.612643 
1.31765 0.92667 0.595991 
1.07289 0.71718 0.454466 
0.756741 0.43943 0.253471 
0.513838 0.220813 0.0908627 
0.476553 0.173525 0.046674 
0.70168 0.340575 0.143274 
1.14274 0.676941 0.337891 
1.67159 1.07404 0.549194 
2.13516 1.41096 0.699709 
2.41555 1.6031 0.748996 
2.46467 1.62501 0.701887 
2.303 1.50265 0.593324 
1.99305 1.28763 0.464167 
1.60788 1.03191 0.343379 
1.21013 0.774502 0.243371 
0.845457 0.540753 0.165251 
0.544414 0.34719 0.106451 
0.325171 0.205199 0.0654804 
0.193717 0.1213 0.0431979 
0.143014 0.0956341 0.0423138 
0.153966 0.120874 0.066048 
0.199424 0.18243 0.115534 
0.250408 0.26012 0.186293 
0.283207 0.332047 0.266468 
0.286412 0.381779 0.340461 
0.266778 0.408074 0.398988 
0.251614 0.433053 0.451209 
0.284627 0.502563 0.530766 
0.413678 0.674402 0.688779 
0.672776 0.995962 0.973478 
1.06471 1.47945 1.40423 
1.55214 2.08597 1.95228 
2.06211 2.72696 2.53837 
2.50345 3.28414 3.05021 
2.79096 3.6414 3.37373 
2.8678 3.71719 3.42704 
2.71892 3.48693 3.18541 
2.37235 2.98903 2.68984 
1.88994 2.31437 2.03744 
1.35169 1.58361 1.35702 
0.83868 0.919047 0.776753 
0.418757 0.418557 0.392763 
0.137222 0.137466 0.247427 
0.0131429 0.0822643 0.323587 
0.0403102 0.216134 0.555738 
0.19068 0.472631 0.85292 
0.418233 0.771771 1.12398 
0.662963 1.03403 1.2968 
0.857497 1.19171 1.32859 
0.940046 1.20054 1.21046 
0.874525 1.0532 0.970543 
0.671682 0.790856 0.674716 
0.398477 0.502 0.417749 
0.163313 0.299251 0.297237 
0.0754811 0.275292 0.373056 
0.19407 0.455833 0.630066 
0.493363 0.776805 0.969183 
0.86774 1.10528 1.24187 
1.1784 1.29963 1.31781 
1.31844 1.27841 1.15114 
1.26 1.05852 0.80556 
1.05699 0.739685 0.420652 
0.805238 0.44547 0.13751 
0.587775 0.258147 0.0280224 
0.439946 0.186756 0.0691336 
0.351517 0.183242 0.173276 
0.295506 0.188585 0.249882 
0.256694 0.173318 0.255846 
0.23825 0.146156 0.205739 
