0.182963 0.573329 2.07508 
0.0823985 0.377223 1.68891 
0.102718 0.236849 1.21405 
0.26254 0.23031 0.825714 
0.566053 0.386673 0.627925 
0.981983 0.656163 0.606552 
1.4375 0.935147 0.672124 
1.83664 1.11951 0.730681 
2.10527 1.15294 0.720194 
2.24325 1.05552 0.612945 
2.33955 0.925352 0.421338 
2.51544 0.900513 0.214301 
2.81877 1.08084 0.106029 
3.15252 1.4485 0.190148 
3.31452 1.85207 0.45738 
3.13885 2.08712 0.775708 
2.6332 2.02782 0.969185 
1.99416 1.70944 0.938888 
1.47774 1.29284 0.723425 
1.22676 0.941662 0.450733 
1.19702 0.71964 0.235365 
1.23746 0.592851 0.119815 
1.24129 0.516215 0.0996423 
1.22494 0.5018 0.177931 
1.26766 0.593197 0.370795 
1.38486 0.778991 0.656441 
1.47214 0.951412 0.939664 
1.38235 0.971705 1.0948 
1.06153 0.78764 1.06034 
0.611709 0.487048 0.891458 
0.222894 0.231891 0.712906 
0.0406752 0.134314 0.615227 
0.0838706 0.1865 0.592413 
0.263943 0.294535 0.571802 
0.463636 0.367075 0.494831 
0.600293 0.374022 0.368151 
0.641094 0.339069 0.247819 
0.590673 0.296755 0.186158 
0.483543 0.263741 0.193192 
0.390832 0.24476 0.236782 
0.428876 0.25986 0.27117 
0.752102 0.368141 0.272587 
1.51619 0.667227 0.264451 
2.80685 1.25605 0.316886 
4.55316 2.16625 0.511129 
6.47607 3.29651 0.881138 
8.12929 4.4021 1.37052 
9.04611 5.16993 1.84301 
8.93348 5.35293 2.14855 
7.80994 4.88999 2.20372 
6.00657 3.93909 2.03268 
4.02629 2.80293 1.74387 
2.33491 1.78952 1.46161 
1.19265 1.08626 1.2594 
0.609055 0.714856 1.13702 
0.428726 0.582246 1.05125 
0.471993 0.577899 0.96965 
0.623812 0.638095 0.897776 
0.820188 0.734132 0.854818 
0.983671 0.819776 0.82711 
1.00803 0.816329 0.758407 
0.828471 0.668074 0.599984 
0.501017 0.409857 0.371702 
0.184575 0.158876 0.160646 
0.0200469 0.0211432 0.0469654 
0.0229413 0.00533561 0.032553 
0.101035 0.0372421 0.0522048 
0.170953 0.0554575 0.0544542 
0.236248 0.0742706 0.0568497 
0.340877 0.141335 0.111457 
0.467394 0.249417 0.227311 
0.518825 0.320765 0.350466 
0.418904 0.292198 0.429249 
0.213751 0.199055 0.482676 
0.0470334 0.150364 0.583525 
0.0261195 0.216777 0.774392 
0.123656 0.358636 1.0199 
0.217295 0.474394 1.25254 
0.21522 0.50882 1.45118 
0.130769 0.49694 1.65039 
0.0425677 0.503294 1.86661 
0.00542615 0.537763 2.03258 
0.0120754 0.545228 2.02595 
0.0274461 0.471621 1.77044 
0.0362932 0.325974 1.30927 
0.0505932 0.177041 0.785855 
0.0858829 0.103378 0.362643 
0.148699 0.156276 0.155463 
0.249707 0.360492 0.219615 
0.415469 0.724006 0.559265 
0.668665 1.22049 1.11751 
0.983049 1.75078 1.74816 
1.25669 2.13397 2.2189 
1.34773 2.17547 2.29469 
1.17079 1.7983 1.88563 
0.786785 1.14522 1.15889 
0.395438 0.540424 0.492311 
0.205141 0.291821 0.247016 
0.27258 0.466337 0.505155 
0.458116 0.833961 0.996942 
0.550585 1.05186 1.30879 
0.449964 0.937814 1.20904 
0.234086 0.587472 0.802155 
0.0567427 0.241276 0.381085 
0.000679829 0.0558122 0.144696 
0.0405438 0.0131776 0.0687523 
0.12666 0.0271604 0.0310092 
0.259728 0.0836431 0.00755649 
0.457665 0.238268 0.098329 
0.669316 0.488898 0.361262 
0.76646 0.70097 0.669527 
0.650787 0.701534 0.783127 
0.367795 0.455989 0.580478 
0.100859 0.138891 0.210983 
0.0414292 0.0153325 0.00395436 
0.25016 0.235463 0.208939 
0.61957 0.718557 0.796254 
0.951625 1.2133 1.48035 
1.08173 1.47466 1.932 
0.968645 1.42081 2.00193 
0.703929 1.16373 1.7901 
0.441256 0.904211 1.52808 
0.292739 0.777978 1.3844 
0.266386 0.77264 1.35204 
0.290536 0.774842 1.29846 
0.295173 0.693834 1.11629 
0.267914 0.542194 0.83022 
0.236335 0.404328 0.568161 
0.21381 0.340382 0.440347 
0.182988 0.333203 0.451135 
0.136074 0.327316 0.518737 
0.114444 0.303681 0.56167 
0.18764 0.301888 0.555924 
0.38501 0.369983 0.519984 
0.651762 0.503633 0.469437 
0.877404 0.640348 0.40183 
0.970653 0.708671 0.319342 
0.914841 0.678638 0.247374 
0.765914 0.570758 0.218067 
0.609269 0.429647 0.236142 
0.515101 0.296153 0.267788 
0.51501 0.197825 0.26739 
0.59765 0.150318 0.21593 
0.714827 0.155103 0.134474 
0.797392 0.193342 0.0630476 
0.783058 0.228459 0.0277835 
0.648565 0.224421 0.0256797 
0.427423 0.169451 0.0355505 
0.19741 0.086095 0.0401504 
0.0412967 0.018342 0.0394298 
0.00495638 0.00547357 0.0476101 
0.0798293 0.0615281 0.0805509 
0.21754 0.171305 0.143109 
0.360539 0.299521 0.222329 
0.46575 0.40434 0.289677 
0.511881 0.451332 0.314109 
0.497465 0.427382 0.281655 
0.43858 0.349469 0.208467 
0.365089 0.258878 0.134387 
0.309087 0.198709 0.0984255 
0.28732 0.187725 0.114143 
0.290237 0.210202 0.163774 
0.289007 0.229863 0.213392 
0.257324 0.216547 0.234691 
0.191572 0.165286 0.218171 
0.113737 0.095879 0.174056 
0.0552115 0.0367527 0.125758 
0.0341518 0.00611756 0.0992926 
0.0435191 0.00224678 0.109306 
0.0594466 0.00797427 0.146895 
0.0650846 0.00686579 0.180799 
0.0718186 0.00101659 0.178259 
0.117044 0.0157095 0.133603 
0.232085 0.0811969 0.0788454 
0.400514 0.199776 0.0608304 
0.545424 0.325664 0.100137 
0.570716 0.38427 0.16914 
0.43671 0.327217 0.213752 
0.210191 0.181765 0.202546 
0.0374742 0.0472386 0.157923 
0.0500274 0.0317679 0.13894 
0.273823 0.176942 0.191949 
0.614264 0.431793 0.315693 
0.923881 0.69442 0.470748 
1.09257 0.881945 0.619501 
1.09404 0.973902 0.758982 
0.973427 1.00816 0.923399 
0.807176 1.04693 1.15975 
0.664646 1.13587 1.48885 
0.576308 1.2665 1.86314 
0.514137 1.35831 2.14706 
0.412462 1.29472 2.16313 
0.246063 1.02673 1.81924 
0.115237 0.681258 1.2459 
0.234656 0.553934 0.804865 
0.777052 0.924506 0.888243 
1.67052 1.79893 1.60885 
2.54417 2.80282 2.63166 
2.92797 3.37192 3.33629 
2.58491 3.13622 3.23627 
1.70232 2.19667 2.33739 
0.764015 1.05592 1.13645 
0.200266 0.253135 0.254769 
0.109185 0.00599911 0.00759519 
0.268628 0.141014 0.25065 
0.38675 0.323487 0.586003 
0.339623 0.345568 0.704758 
0.200368 0.226941 0.570601 
0.0937278 0.0999109 0.342956 
0.0650525 0.0494222 0.181817 
0.0886864 0.0704289 0.136256 
0.158595 0.138034 0.178296 
0.318775 0.264764 0.28537 
0.587429 0.467633 0.461045 
0.877748 0.702626 0.693131 
1.03661 0.872764 0.929727 
0.986397 0.921688 1.11608 
0.822725 0.907036 1.24286 
0.748221 0.953804 1.33489 
0.888052 1.11814 1.38637 
1.1607 1.30091 1.32674 
1.33212 1.31264 1.07821 
1.20922 1.04217 0.661481 
0.802044 0.576141 0.239412 
0.321086 0.160134 0.0373758 
0.0275188 0.0371345 0.197543 
0.0706142 0.300189 0.688512 
0.432276 0.867066 1.34053 
0.990519 1.57055 1.96621 
1.6231 2.27263 2.46504 
2.2682 2.91861 2.84364 
2.91748 3.51627 3.16355 
3.57052 4.07993 3.47415 
4.18991 4.58388 3.77422 
4.67996 4.94473 4.00584 
4.89792 5.03506 4.06805 
4.70152 4.72888 3.84846 
4.0252 3.97349 3.2787 
2.95258 2.86036 2.40197 
1.73561 1.64735 1.41129 
0.726179 0.694799 0.612899 
0.236108 0.324713 0.308102 
0.393523 0.669208 0.646693 
1.07861 1.59591 1.53874 
1.98153 2.76169 2.68549 
2.75235 3.76931 3.71613 
3.15598 4.33652 4.34806 
3.14541 4.38356 4.47832 
2.82623 4.00558 4.17009 
2.35822 3.37548 3.57334 
1.86987 2.65493 2.84939 
