0.15812 0.176939 0.287909 
0.132071 0.321863 0.624486 
0.304151 0.667236 1.09489 
0.621805 1.09782 1.53154 
0.990088 1.46857 1.78492 
1.30964 1.65836 1.77286 
1.48707 1.60525 1.50633 
1.45954 1.3279 1.08234 
1.24246 0.926374 0.640699 
0.946444 0.543214 0.298169 
0.723549 0.294852 0.0998198 
0.678782 0.22214 0.0253265 
0.821163 0.297446 0.0411911 
1.08678 0.472115 0.145024 
1.40124 0.716847 0.360554 
1.72919 1.02932 0.69877 
2.08636 1.42176 1.13409 
2.52176 1.90987 1.61931 
3.08498 2.5039 2.11472 
3.78297 3.18574 2.59097 
4.52917 3.86804 2.99547 
5.11088 4.36543 3.21846 
5.23022 4.43268 3.11355 
4.65423 3.89588 2.59412 
3.41313 2.81512 1.74975 
1.88444 1.53785 0.869982 
0.629602 0.541034 0.304265 
0.0473958 0.132615 0.228355 
0.1102 0.244842 0.507127 
0.42254 0.51244 0.795759 
0.56326 0.583136 0.81461 
0.405144 0.387092 0.562174 
0.135504 0.132942 0.282154 
0.00529842 0.0690314 0.234828 
0.0882756 0.264353 0.498182 
0.272733 0.603175 0.962559 
0.431231 0.940252 1.46824 
0.544037 1.21614 1.91221 
0.658707 1.42964 2.23695 
0.784596 1.55679 2.37917 
0.876538 1.5523 2.29093 
0.914827 1.43114 2.02002 
0.950811 1.30112 1.72566 
1.03802 1.26984 1.56255 
1.13235 1.31673 1.5325 
1.10281 1.28849 1.47153 
0.867796 1.04985 1.21246 
0.514402 0.643181 0.770854 
0.261558 0.286117 0.362002 
0.289283 0.197877 0.221676 
0.593099 0.416453 0.399522 
0.991123 0.771602 0.717397 
1.26168 1.02373 0.919891 
1.28462 1.0346 0.869252 
1.08746 0.834728 0.620023 
0.796025 0.564738 0.339894 
0.550563 0.366152 0.173456 
0.438757 0.304844 0.160927 
0.464315 0.356816 0.246311 
0.554918 0.440694 0.336287 
0.607707 0.469885 0.358153 
0.552461 0.400693 0.291551 
0.393693 0.254839 0.17129 
0.201781 0.103406 0.0654286 
0.0608991 0.0209504 0.0375614 
0.0143267 0.0397889 0.111108 
0.0458681 0.134855 0.256476 
0.103944 0.24634 0.409618 
0.142164 0.319029 0.508603 
0.143425 0.327716 0.521863 
0.116834 0.27602 0.451887 
0.0840504 0.183495 0.323287 
0.0730884 0.0815064 0.175572 
0.112259 0.0134506 0.062179 
0.205405 0.0157028 0.0342204 
0.302739 0.0808354 0.102274 
0.319789 0.149799 0.214304 
0.224115 0.169836 0.295069 
0.112774 0.173041 0.326609 
0.166898 0.274868 0.381633 
0.483991 0.562333 0.555223 
0.950156 0.980548 0.857928 
1.31232 1.35568 1.19062 
1.40346 1.54717 1.43178 
1.29028 1.56648 1.53597 
1.18587 1.53399 1.53792 
1.22887 1.53547 1.48139 
1.36883 1.54813 1.37728 
1.45764 1.50392 1.23334 
1.41425 1.389 1.0904 
1.28036 1.25664 1.00018 
1.14228 1.15876 0.973186 
1.03699 1.09278 0.968017 
0.937202 1.01524 0.930152 
0.79886 0.8846 0.826229 
0.607536 0.686394 0.646818 
0.39422 0.441648 0.407882 
0.222641 0.209599 0.167617 
0.149975 0.0661586 0.0183324 
0.176343 0.0484552 0.0219996 
0.23026 0.112098 0.141365 
0.223774 0.160838 0.254434 
0.135814 0.133107 0.257026 
0.0340062 0.055341 0.152307 
0.00292202 0.00353514 0.0360676 
0.0539795 0.0201913 0.00234084 
0.117061 0.0812681 0.0725778 
0.121666 0.140938 0.206751 
0.0760369 0.190336 0.357695 
0.0604067 0.260626 0.499794 
0.146788 0.374617 0.61608 
0.328492 0.507402 0.680946 
0.52077 0.597037 0.668391 
0.621422 0.589608 0.575176 
0.576324 0.476672 0.431884 
0.406747 0.30176 0.293734 
0.192826 0.142161 0.224099 
0.0352296 0.0839669 0.283181 
0.0230557 0.203 0.52122 
0.221355 0.552227 0.967313 
0.664744 1.14413 1.60624 
1.32942 1.91626 2.34608 
2.08302 2.69386 2.99947 
2.66769 3.20109 3.31812 
2.78862 3.16968 3.10348 
2.30308 2.5177 2.35105 
1.38062 1.47138 1.31985 
0.469015 0.493593 0.43285 
0.0334865 0.0175141 0.035181 
0.244364 0.164749 0.174351 
0.864556 0.673503 0.579536 
1.43395 1.10279 0.86749 
1.59638 1.14816 0.814869 
1.30697 0.819773 0.486172 
0.787605 0.369821 0.138371 
0.321759 0.0710858 0.00784832 
0.0802048 0.0415393 0.155977 
0.0846431 0.224144 0.467259 
0.270714 0.482213 0.760196 
0.553299 0.701111 0.905545 
0.847847 0.828289 0.877808 
1.07292 0.860946 0.736199 
1.16959 0.823088 0.573728 
1.12821 0.74969 0.467692 
0.983564 0.666232 0.442162 
0.772937 0.564058 0.451174 
0.510861 0.406995 0.406627 
0.22759 0.193519 0.259594 
0.0266742 0.0213952 0.0787265 
0.0527658 0.0515705 0.0271942 
0.346423 0.352906 0.214545 
0.732787 0.773169 0.552625 
0.917562 1.01411 0.790129 
0.749953 0.888442 0.731767 
0.384653 0.505836 0.427888 
0.141937 0.174072 0.12504 
0.194905 0.106329 0.0252238 
0.418011 0.244349 0.113818 
0.548395 0.368306 0.224311 
0.458402 0.338517 0.2319 
0.241889 0.197877 0.150252 
0.0668427 0.0683337 0.0628253 
0.00432089 0.0102866 0.0171773 
0.0110175 0.000670478 0.00566935 
0.0241124 0.00116012 0.00953711 
0.0250375 0.000429778 0.0197229 
0.0261118 2.98422e-05 0.0237754 
0.0455681 0.0047705 0.0134476 
0.117277 0.0477708 0.0226358 
0.302095 0.203393 0.136291 
0.657267 0.543568 0.432174 
1.1777 1.06409 0.899408 
1.76083 1.64766 1.41069 
2.23155 2.1022 1.77804 
2.42536 2.25887 1.85756 
2.28763 2.07361 1.63776 
1.91626 1.66072 1.25173 
1.49647 1.21939 0.893776 
1.16735 0.898584 0.692186 
0.939616 0.712431 0.637117 
0.74273 0.578758 0.622242 
0.541277 0.430753 0.553426 
0.386767 0.283344 0.420696 
0.354796 0.2003 0.283008 
0.452877 0.219538 0.206044 
0.60446 0.318815 0.21614 
0.711959 0.436348 0.289565 
0.719938 0.507333 0.366109 
0.62781 0.491926 0.384213 
0.471471 0.396582 0.329591 
0.30639 0.278226 0.255609 
0.191039 0.209687 0.237119 
0.162284 0.22294 0.292014 
0.220241 0.288599 0.360298 
0.340614 0.358571 0.374118 
0.495661 0.418912 0.337154 
0.652077 0.483387 0.311745 
0.755239 0.539571 0.328138 
0.742791 0.530561 0.335465 
0.594962 0.411886 0.264208 
0.367765 0.218266 0.124847 
0.16192 0.0530248 0.0174677 
0.0563655 0.00758195 0.0381545 
0.076917 0.10282 0.193888 
0.217047 0.306408 0.41756 
0.455978 0.578658 0.645079 
0.737585 0.877398 0.852132 
0.958514 1.13462 1.0238 
1.03113 1.27639 1.12882 
0.985324 1.29584 1.15309 
0.98037 1.28826 1.14444 
1.16473 1.3711 1.18532 
1.50171 1.5495 1.30151 
1.75581 1.67937 1.41342 
1.6851 1.5906 1.40233 
1.2605 1.2532 1.22976 
0.692469 0.813609 0.98194 
0.246502 0.469109 0.796968 
0.0416934 0.318949 0.761466 
0.0169175 0.333214 0.877864 
0.0501337 0.4315 1.10227 
0.0736761 0.555646 1.37812 
0.0844957 0.66983 1.6307 
0.0921131 0.732345 1.76525 
0.0924158 0.704164 1.70881 
0.0827702 0.58521 1.46427 
0.073312 0.422243 1.11339 
0.0743156 0.273031 0.760717 
0.0848317 0.168119 0.473701 
0.0993304 0.105258 0.26698 
0.116131 0.0676512 0.125937 
0.135266 0.0428397 0.0380077 
0.157867 0.0344358 0.0106141 
0.191116 0.0611731 0.0652982 
0.239053 0.132678 0.204955 
0.279189 0.217292 0.378832 
0.267275 0.249444 0.493395 
0.190362 0.191489 0.479648 
0.105602 0.0839153 0.352026 
0.0902399 0.00959332 0.188523 
0.146303 0.00775683 0.0596374 
0.199579 0.0593637 0.00620939 
0.231634 0.17757 0.0906277 
0.378707 0.467076 0.412635 
0.815038 1.01596 1.00005 
1.49714 1.70554 1.67312 
2.07577 2.19081 2.08691 
2.15068 2.15463 1.98748 
1.65177 1.60976 1.44548 
0.943109 0.919916 0.807413 
0.515604 0.493632 0.398733 
