0.0269444 0.19437 0.516855 
0.0493168 0.182465 0.49658 
0.0774279 0.190847 0.494944 
0.0774661 0.186832 0.479416 
0.044967 0.161721 0.436751 
0.0197777 0.14852 0.391978 
0.0738406 0.21186 0.4011 
0.273953 0.412025 0.519122 
0.640256 0.764166 0.763017 
1.12691 1.21934 1.09397 
1.63825 1.68074 1.43086 
2.07057 2.04561 1.68655 
2.35355 2.2475 1.8048 
2.46801 2.27557 1.77783 
2.43517 2.16488 1.63866 
2.29157 1.96942 1.43807 
2.06967 1.73688 1.22129 
1.79389 1.49683 1.01526 
1.48696 1.26181 0.827655 
1.17434 1.03398 0.653608 
0.880194 0.811123 0.485169 
0.619459 0.591702 0.320558 
0.395649 0.380594 0.170633 
0.20912 0.19466 0.0593181 
0.0697028 0.063379 0.0157508 
0.0022215 0.02064 0.0603536 
0.0380308 0.0898633 0.192221 
0.196899 0.270876 0.386305 
0.471664 0.537506 0.603595 
0.826613 0.848357 0.809043 
1.2109 1.16459 0.986715 
1.57826 1.4642 1.14379 
1.90108 1.7454 1.30262 
2.17178 2.01868 1.48724 
2.39316 2.29373 1.71194 
2.56516 2.5678 1.9758 
2.67612 2.82019 2.26154 
2.70275 3.01357 2.53606 
2.61828 3.10119 2.75233 
2.40481 3.03904 2.85564 
2.06499 2.80063 2.79676 
1.62848 2.39066 2.54992 
1.15007 1.85194 2.12839 
0.69939 1.26087 1.58897 
0.344761 0.71107 1.02084 
0.136458 0.289753 0.521926 
0.095058 0.0555014 0.171824 
0.208392 0.0251983 0.0119245 
0.43721 0.17388 0.0392082 
0.726378 0.445608 0.213557 
1.01711 0.769619 0.473071 
1.2567 1.07564 0.75033 
1.40467 1.30492 0.984962 
1.43645 1.41698 1.1318 
1.34624 1.39415 1.16646 
1.14927 1.24477 1.08953 
0.881361 1.00344 0.92781 
0.592905 0.724896 0.729086 
0.336331 0.470087 0.548712 
0.150553 0.287673 0.431156 
0.0495052 0.198943 0.394702 
0.0215429 0.194405 0.427785 
0.041027 0.244559 0.499622 
0.0857064 0.318793 0.579001 
0.149014 0.400716 0.649529 
0.238982 0.490349 0.711867 
0.364318 0.59256 0.772566 
0.517446 0.701001 0.828719 
0.667333 0.79037 0.860749 
0.768972 0.824201 0.839807 
0.785246 0.774391 0.745602 
0.708084 0.640032 0.582703 
0.565545 0.45288 0.383898 
0.409819 0.265059 0.197522 
0.292651 0.125599 0.0657974 
0.241804 0.0589389 0.00647468 
0.251004 0.0568001 0.00753809 
0.287533 0.0867079 0.0367743 
0.312018 0.111303 0.0599491 
0.29929 0.107664 0.0576565 
0.250025 0.0771379 0.0327891 
0.188625 0.0419573 0.00607004 
0.149839 0.0316278 0.00295709 
0.161451 0.0665297 0.0388595 
0.231212 0.14674 0.109871 
0.343437 0.251096 0.193362 
0.465946 0.346532 0.258114 
0.563524 0.402991 0.279128 
0.611657 0.40676 0.249898 
0.604784 0.366027 0.186064 
0.556156 0.306303 0.11849 
0.490235 0.258162 0.0790816 
0.431524 0.243249 0.0861948 
0.39473 0.264959 0.136525 
0.380052 0.307707 0.207033 
0.375018 0.344645 0.265597 
0.361616 0.350073 0.285189 
0.325546 0.311064 0.255229 
0.263637 0.23345 0.185468 
0.186252 0.139889 0.101291 
0.11356 0.0610183 0.0329778 
0.0672948 0.0235643 0.00376507 
0.0617726 0.0404924 0.0217387 
0.0983765 0.107251 0.0786109 
0.165929 0.205288 0.155227 
0.246292 0.310559 0.230605 
0.32183 0.402546 0.289902 
0.380756 0.469516 0.327724 
0.41812 0.508314 0.346 
0.433153 0.52027 0.348771 
0.425856 0.506856 0.337747 
0.395687 0.468229 0.311491 
0.343219 0.405318 0.268383 
0.273099 0.323302 0.210767 
0.195503 0.233236 0.146887 
0.124197 0.14983 0.088757 
0.0717009 0.0861238 0.0469477 
0.0441038 0.0480662 0.0255123 
0.0385547 0.0323224 0.020282 
0.0449348 0.0287335 0.0217029 
0.0508865 0.0261169 0.0205812 
0.047602 0.0182247 0.0134137 
0.0335814 0.00676481 0.00439041 
0.0148449 0.000197738 0.0032154 
0.00190961 0.00929822 0.0201958 
0.00519355 0.0418957 0.0612448 
0.0308505 0.099196 0.125072 
0.0785006 0.174968 0.203435 
0.14138 0.257478 0.28386 
0.208544 0.333041 0.353419 
0.268147 0.389754 0.402085 
0.310634 0.420193 0.424676 
0.330851 0.422471 0.42107 
0.328661 0.399735 0.395062 
0.308278 0.358718 0.352675 
0.276903 0.308104 0.300786 
0.243165 0.257131 0.246446 
0.215447 0.21434 0.196599 
0.200007 0.186138 0.157531 
0.199061 0.175172 0.133642 
0.20963 0.179193 0.125919 
0.224118 0.191382 0.131168 
0.233025 0.202602 0.142872 
0.228818 0.20487 0.1536 
0.209036 0.194338 0.157825 
0.176891 0.172238 0.153712 
0.139105 0.143472 0.143157 
0.102499 0.114035 0.130478 
0.0715201 0.0890292 0.120809 
0.0480101 0.072216 0.118926 
0.032763 0.0666489 0.128457 
0.027182 0.0750826 0.151031 
0.0335424 0.0992579 0.185242 
0.0536918 0.138396 0.226064 
0.0873064 0.188161 0.265559 
0.131073 0.241155 0.295124 
0.179337 0.28893 0.308405 
0.225658 0.324412 0.3034 
0.264262 0.343487 0.282686 
0.290735 0.345163 0.251793 
0.302047 0.330742 0.216844 
0.296495 0.302857 0.182742 
0.274037 0.265031 0.152573 
0.237053 0.221775 0.128083 
0.191076 0.178796 0.110507 
0.144832 0.142788 0.101155 
0.109035 0.120532 0.101476 
0.0939037 0.117409 0.112679 
0.106043 0.135776 0.135131 
0.145909 0.173824 0.167709 
0.207042 0.225417 0.207278 
0.277568 0.281086 0.248504 
0.343395 0.329937 0.284271 
0.391839 0.36199 0.306948 
0.414465 0.37043 0.31043 
0.408569 0.353288 0.292346 
0.37729 0.314055 0.255371 
0.328508 0.26076 0.206662 
0.272576 0.203447 0.155297 
0.219218 0.150822 0.108887 
0.174555 0.1076 0.0712639 
0.139636 0.0739942 0.0425698 
0.11142 0.0476046 0.0214531 
0.0856881 0.0263539 0.00751053 
0.0601303 0.0104011 0.00203312 
0.0357184 0.0018072 0.00658626 
0.0157747 0.0025079 0.0208071 
0.00376617 0.0123929 0.0414222 
0.00149913 0.0290015 0.0633912 
0.00870871 0.0488891 0.0823186 
0.0237857 0.0694306 0.096394 
0.0446684 0.0896995 0.1067 
0.0691278 0.109927 0.115972 
0.0943618 0.130005 0.126646 
0.116384 0.147965 0.139062 
0.129952 0.159376 0.150473 
0.129734 0.15846 0.155566 
0.112827 0.141026 0.148893 
0.0816326 0.108044 0.1284 
0.0448596 0.0672942 0.0977575 
0.0147636 0.030873 0.0651801 
0.00109355 0.0090493 0.0388602 
0.00542606 0.00437161 0.0222615 
0.0204236 0.010731 0.0131741 
0.0353301 0.018571 0.00724069 
0.043775 0.0221717 0.00243352 
0.0475428 0.0229324 0.000200899 
0.0532849 0.0262481 0.00282287 
0.0655201 0.0355259 0.0106628 
0.0824263 0.0490084 0.0223027 
0.0975827 0.0613247 0.0357382 
0.104796 0.0669926 0.0469161 
0.101411 0.0635262 0.0476046 
0.0896873 0.0561228 0.0315284 
0.0792042 0.06542 0.0126614 
0.0890538 0.130146 0.0398345 
0.141055 0.288413 0.177319 
0.238242 0.533713 0.440297 
0.342244 0.776098 0.728416 
0.380777 0.863563 0.842655 
0.301856 0.689139 0.634986 
0.139504 0.322418 0.216388 
0.013737 0.0312579 0.0284395 
0.0235491 0.101843 0.61093 
0.114526 0.546401 2.12901 
0.107843 0.975631 4.0144 
0.0071674 0.886924 5.1402 
0.411901 0.280939 4.60354 
2.56414 0.0751671 2.60156 
7.60753 1.68155 0.560821 
15.2338 5.67634 0.0856249 
22.7285 10.4852 1.35532 
25.7288 12.6113 2.53874 
21.1011 9.28053 1.58445 
10.4418 2.42173 0.0313774 
1.14556 0.863416 6.19898 
2.55497 17.4355 34.1393 
18.0683 60.4376 96.5441 
38.6541 123.649 194.023 
45.4916 182.537 307.237 
26.235 203.143 398.963 
0.662704 163.334 428.627 
41.6352 76.8532 374.084 
273.359 4.88547 249.037 
836.063 42.8366 104.483 
1823.21 282.079 9.99892 
3216.03 761.612 22.1334 
4849.01 1433.85 155.645 
6431.36 2165.22 373.273 
7625.54 2776.31 600.401 
8155.43 3106.18 757.592 
