0.0526461 0.0269097 0.084855 
0.101037 0.0132879 0.084258 
0.224883 0.106547 0.186932 
0.35874 0.229169 0.310537 
0.439814 0.310197 0.38555 
0.429477 0.317122 0.387656 
0.329459 0.270579 0.349002 
0.18762 0.237743 0.347701 
0.0797299 0.298415 0.471974 
0.0654352 0.490989 0.764789 
0.144111 0.770034 1.17787 
0.248625 1.01409 1.57402 
0.290618 1.09189 1.79102 
0.227384 0.947542 1.73299 
0.0991264 0.643899 1.42837 
0.00787813 0.331956 1.01505 
0.0547987 0.168068 0.665204 
0.280562 0.234241 0.500468 
0.644471 0.506098 0.544793 
1.0468 0.875526 0.729628 
1.37404 1.2047 0.936272 
1.54198 1.3818 1.05056 
1.52033 1.35838 1.00916 
1.33388 1.15894 0.822066 
1.04447 0.862101 0.561607 
0.724722 0.562319 0.321561 
0.437119 0.33106 0.167938 
0.225626 0.196599 0.110741 
0.115968 0.149076 0.112748 
0.114627 0.160287 0.124789 
0.202363 0.200759 0.119211 
0.330154 0.244975 0.0986482 
0.430111 0.269513 0.0797576 
0.444278 0.254815 0.0709951 
0.357539 0.194783 0.0646938 
0.212465 0.107182 0.0483329 
0.092092 0.0329715 0.0224758 
0.0762861 0.0188176 0.00745299 
0.195027 0.0896695 0.030794 
0.406269 0.228219 0.104127 
0.613822 0.377203 0.208241 
0.71771 0.467349 0.299811 
0.668506 0.455751 0.336508 
0.492455 0.35001 0.302506 
0.271904 0.201786 0.216229 
0.0951967 0.074801 0.116558 
0.00995278 0.00995749 0.0397064 
0.00819532 0.0098907 0.00326881 
0.0464582 0.0484898 0.00514893 
0.080512 0.0932349 0.0329868 
0.0897375 0.123108 0.0744047 
0.0794393 0.132863 0.121244 
0.0664421 0.126145 0.167248 
0.0621302 0.106717 0.203799 
0.0651107 0.0761053 0.219928 
0.0666688 0.039001 0.209133 
0.0619758 0.00916755 0.177789 
0.0555578 0.00595569 0.145028 
0.0555205 0.0397631 0.129699 
0.0632375 0.0983904 0.133906 
0.071029 0.15024 0.139861 
0.0717304 0.166339 0.126041 
0.0693725 0.143035 0.0882755 
0.0772036 0.103525 0.0440662 
0.103576 0.0763781 0.0150572 
0.141957 0.0730513 0.00676978 
0.178535 0.0871819 0.0088764 
0.210441 0.113736 0.0165086 
0.252646 0.162734 0.0472837 
0.32137 0.247404 0.129599 
0.408359 0.35643 0.267477 
0.474912 0.442488 0.41613 
0.478968 0.448195 0.498821 
0.415826 0.354123 0.459474 
0.335334 0.20731 0.309846 
0.314754 0.100061 0.129783 
0.403683 0.10964 0.0163616 
0.582332 0.243269 0.019864 
0.765596 0.429932 0.114454 
0.851131 0.564386 0.222338 
0.779081 0.571145 0.269215 
0.566356 0.446141 0.229959 
0.298113 0.253919 0.136982 
0.0846474 0.0877459 0.0524533 
0.00701464 0.0179908 0.0261316 
0.0765501 0.0553066 0.0641492 
0.227875 0.146654 0.125964 
0.353684 0.208929 0.15302 
0.369519 0.18586 0.11476 
0.271996 0.0933117 0.0405867 
0.145093 0.0140286 0.00614057 
0.0974926 0.0329953 0.071992 
0.171317 0.157432 0.219002 
0.300294 0.294504 0.344041 
0.365028 0.322741 0.338678 
0.305958 0.207192 0.194461 
0.190319 0.0528078 0.0363801 
0.161851 0.0330203 0.037092 
0.311849 0.244669 0.274062 
0.590105 0.616688 0.654288 
0.838976 0.956095 0.976555 
0.916542 1.08962 1.07717 
0.795814 0.977296 0.93424 
0.561794 0.712392 0.65421 
0.329805 0.431293 0.374993 
0.168916 0.223737 0.179148 
0.0858492 0.107191 0.0754911 
0.0573728 0.0578642 0.03465 
0.0657495 0.0516424 0.0301023 
0.108493 0.0810805 0.0543694 
0.185092 0.145958 0.110403 
0.279171 0.233687 0.192151 
0.354183 0.309829 0.271016 
0.37127 0.332466 0.303822 
0.319799 0.28483 0.263996 
0.233436 0.19755 0.171521 
0.169923 0.13227 0.0874713 
0.166324 0.133453 0.0684484 
0.210653 0.191865 0.120179 
0.257826 0.256225 0.195823 
0.272335 0.280799 0.240321 
0.253847 0.260808 0.235762 
0.225473 0.225089 0.206348 
0.206945 0.203046 0.186962 
0.204348 0.203487 0.19205 
0.218467 0.218721 0.210205 
0.249064 0.236292 0.218471 
0.284724 0.241589 0.198087 
0.296418 0.217594 0.144452 
0.254887 0.155571 0.0731223 
0.162225 0.0718534 0.0184641 
0.0645461 0.00912446 0.0177178 
0.0265999 0.0118559 0.084966 
0.0861429 0.0931499 0.195085 
0.225564 0.221664 0.294806 
0.382057 0.339758 0.335311 
0.485226 0.39737 0.301559 
0.493589 0.376534 0.21721 
0.409318 0.293722 0.125311 
0.269902 0.185265 0.0622421 
0.128094 0.0892253 0.0425441 
0.0319421 0.0331409 0.0598551 
0.0106922 0.0291829 0.0974015 
0.0676134 0.0738472 0.13839 
0.179772 0.149887 0.170961 
0.305326 0.230665 0.188335 
0.397917 0.287928 0.187643 
0.424326 0.301884 0.169804 
0.377961 0.269321 0.139906 
0.280638 0.204641 0.106109 
0.170551 0.132109 0.0764374 
0.0827655 0.0734414 0.0552928 
0.0338845 0.0384667 0.0424331 
0.0196377 0.0243485 0.0351581 
0.0245806 0.0222534 0.0315145 
0.0347902 0.0250794 0.0315366 
0.0444368 0.0306096 0.035909 
0.0543251 0.0397265 0.0442763 
0.0670975 0.053287 0.0552888 
0.0840529 0.0705261 0.0676704 
0.104501 0.0889373 0.0801383 
0.125981 0.104633 0.0901408 
0.144472 0.113319 0.0940046 
0.155204 0.112243 0.0898314 
0.154596 0.102082 0.0805108 
0.142847 0.0873145 0.0731491 
0.125764 0.0749173 0.0749173 
0.113352 0.0718543 0.0887564 
0.113309 0.0810962 0.111251 
0.122655 0.097263 0.132516 
0.126926 0.107184 0.13909 
0.113618 0.100422 0.122351 
0.091164 0.0842102 0.0895818 
0.0916584 0.0858619 0.0658896 
0.145674 0.131863 0.0775787 
0.24779 0.217966 0.126647 
0.348987 0.301642 0.182084 
0.390345 0.331312 0.20233 
0.34946 0.288191 0.170615 
0.255219 0.199966 0.107892 
0.158974 0.11389 0.0506109 
0.0949292 0.0594888 0.0188883 
0.0681951 0.038121 0.0088977 
0.0718608 0.0412398 0.0115147 
0.102439 0.0665591 0.0278882 
0.153944 0.111215 0.0611215 
0.205414 0.156899 0.0987534 
0.227106 0.17465 0.115068 
0.204233 0.149957 0.095908 
0.150952 0.0989579 0.0565442 
0.0967937 0.0541783 0.0283821 
0.0603772 0.0342706 0.0274875 
0.0392003 0.0310778 0.0404139 
0.0232221 0.026076 0.0426013 
0.0119975 0.014287 0.0269229 
0.0143203 0.00796847 0.0100497 
0.0334799 0.018827 0.0117954 
0.058461 0.0420264 0.0328355 
0.072145 0.0600898 0.0548632 
0.0663691 0.0600732 0.059925 
0.0471674 0.0440646 0.0462101 
0.0268085 0.0239327 0.0256578 
0.0134935 0.00939639 0.0102547 
0.00859187 0.0024856 0.00307977 
0.010284 0.000863198 0.00071227 
0.0168777 0.00313008 0.000716628 
0.0271006 0.0104007 0.00545801 
0.0394709 0.0243452 0.0196443 
0.0522808 0.044425 0.0447099 
0.0638291 0.0665032 0.0749893 
0.073377 0.0845117 0.0996248 
0.083474 0.0950311 0.109946 
0.101163 0.100778 0.106181 
0.134523 0.108715 0.0969956 
0.18603 0.124687 0.0933978 
0.24848 0.150631 0.104553 
0.305876 0.184866 0.136648 
0.337384 0.220117 0.187597 
0.324992 0.240365 0.237958 
0.266167 0.226683 0.253666 
0.18281 0.174095 0.210336 
0.115062 0.105553 0.122029 
0.11015 0.0740904 0.0481882 
0.229017 0.160186 0.0746099 
0.551182 0.454441 0.275976 
1.11192 0.985569 0.652614 
1.77532 1.60645 1.05839 
2.20375 1.98102 1.22202 
2.07852 1.81009 0.956696 
1.42809 1.15452 0.417474 
0.668257 0.458122 0.0446586 
0.216258 0.122779 0.0881888 
0.110282 0.106817 0.256479 
0.113161 0.117898 0.153276 
0.0833065 0.139965 0.160153 
0.0347045 0.378209 1.37556 
0.117474 0.587931 4.02765 
1.34528 0.244119 6.19297 
6.1736 0.226717 5.35981 
15.7278 3.33986 1.98647 
23.6314 10.2061 0.10606 
16.8414 13.8959 2.10124 
0.285051 5.89393 3.71524 
46.6111 2.55127 0.548051 
334.954 77.5423 7.08877 
1116.58 360.304 68.9856 
2574.84 967.918 242.673 
4635.05 1891.6 541.636 
6861.97 2920.89 889.697 
8568.16 3692.86 1135.14 
9123.85 3871.86 1138.09 
