0.00953641 0.0886772 0.390833 
0.00700277 0.135182 0.43583 
0.0302883 0.234686 0.518054 
0.117548 0.383269 0.611856 
0.27632 0.551079 0.683246 
0.462518 0.682161 0.696498 
0.59665 0.715166 0.623703 
0.609415 0.618877 0.463215 
0.488511 0.423743 0.263157 
0.291714 0.217655 0.116501 
0.115823 0.094011 0.101589 
0.0534732 0.0937463 0.209703 
0.17403 0.200809 0.34472 
0.51463 0.387036 0.412421 
1.04022 0.633626 0.404009 
1.5936 0.892634 0.376771 
1.92961 1.05708 0.364369 
1.87072 1.0216 0.338225 
1.46092 0.790596 0.263949 
0.94476 0.498236 0.163601 
0.571641 0.29745 0.0969232 
0.427425 0.243796 0.0998799 
0.456443 0.30465 0.172061 
0.595934 0.449012 0.310848 
0.822766 0.66884 0.509442 
1.07083 0.904282 0.706165 
1.18466 1.01288 0.782256 
1.03032 0.878656 0.661935 
0.649773 0.550142 0.411422 
0.254513 0.224262 0.197936 
0.0426249 0.0721836 0.133864 
0.0387299 0.0987023 0.181689 
0.119782 0.180815 0.223333 
0.165716 0.214706 0.197472 
0.154134 0.195694 0.142197 
0.124503 0.170554 0.117584 
0.100223 0.158882 0.127112 
0.0771302 0.147335 0.132543 
0.076368 0.145281 0.125876 
0.173869 0.214418 0.160315 
0.447879 0.423604 0.303386 
0.881878 0.767408 0.562695 
1.32119 1.1291 0.855618 
1.54823 1.33544 1.05064 
1.43481 1.27213 1.05067 
1.04365 0.968161 0.856519 
0.582026 0.574359 0.561995 
0.24561 0.253806 0.287224 
0.0952866 0.0812866 0.10741 
0.0661331 0.0302205 0.0297318 
0.0683049 0.0327311 0.0187273 
0.0665279 0.0417951 0.0344734 
0.0858104 0.0555139 0.0603095 
0.183877 0.117304 0.119335 
0.436711 0.306582 0.272387 
0.923289 0.704558 0.58015 
1.67665 1.32945 1.04009 
2.621 2.08403 1.55124 
3.55846 2.7723 1.95139 
4.23693 3.18774 2.10606 
4.45919 3.21101 1.97857 
4.16236 2.85227 1.63292 
3.43056 2.22743 1.1852 
2.45617 1.50661 0.754971 
1.48507 0.8739 0.44892 
0.762073 0.503146 0.366735 
0.467766 0.525668 0.596394 
0.644902 0.975177 1.17793 
1.15191 1.73665 2.05147 
1.70173 2.55453 3.03433 
1.99619 3.12541 3.86068 
1.87879 3.22843 4.26995 
1.40017 2.81229 4.09836 
0.767567 2.00454 3.34419 
0.246296 1.0742 2.20477 
0.0799551 0.372686 1.06358 
0.415742 0.221741 0.370769 
1.2043 0.734964 0.409551 
2.14239 1.68064 1.08386 
2.79006 2.56003 1.93575 
2.86078 2.92507 2.44762 
2.45276 2.69538 2.40281 
1.96246 2.16983 1.97951 
1.7164 1.70837 1.50171 
1.68349 1.41482 1.13002 
1.58503 1.16195 0.830565 
1.29401 0.909662 0.620285 
1.07141 0.908249 0.734285 
1.34239 1.49068 1.43507 
2.22673 2.64403 2.62895 
3.33046 3.85117 3.75005 
4.03613 4.43514 4.13078 
3.99985 4.09424 3.54115 
3.36637 3.10403 2.36253 
2.54586 2.02025 1.2322 
1.84777 1.22615 0.536994 
1.33789 0.761537 0.242687 
0.965082 0.499643 0.1321 
0.719824 0.376798 0.102086 
0.640478 0.420218 0.201187 
0.723888 0.625105 0.458132 
0.892345 0.890203 0.771936 
1.05006 1.08678 0.987676 
1.14275 1.15156 1.02903 
1.1643 1.09875 0.927465 
1.13937 0.974952 0.754348 
1.11037 0.827113 0.563377 
1.10745 0.689739 0.385241 
1.09971 0.564553 0.233939 
0.992688 0.415961 0.108732 
0.719193 0.226168 0.0246164 
0.353385 0.0746353 0.0626765 
0.116706 0.13661 0.359314 
0.239418 0.558839 0.989693 
0.7872 1.30872 1.83264 
1.59167 2.13808 2.56518 
2.32774 2.70509 2.8345 
2.68122 2.77116 2.4943 
2.51485 2.34339 1.72778 
1.94264 1.67102 0.954107 
1.25353 1.08676 0.564216 
0.719278 0.789426 0.662113 
0.431676 0.730805 1.00923 
0.304395 0.705699 1.2299 
0.214545 0.560947 1.11368 
0.121028 0.320489 0.752757 
0.0519576 0.119393 0.408515 
0.0245302 0.0493813 0.264945 
0.0193048 0.090585 0.311045 
0.0194503 0.167946 0.419191 
0.0289985 0.224737 0.480442 
0.0418069 0.232914 0.455918 
0.0320159 0.179413 0.352484 
0.00367604 0.0842421 0.204219 
0.021967 0.01476 0.0714618 
0.149614 0.0353383 0.0103494 
0.353314 0.132426 0.0217997 
0.515204 0.220724 0.0527154 
0.555492 0.239937 0.06448 
0.513663 0.218898 0.0787873 
0.480913 0.218229 0.130197 
0.475688 0.232054 0.19064 
0.431362 0.193487 0.185983 
0.309865 0.0860297 0.102277 
0.18172 0.0071735 0.0417343 
0.158441 0.0815914 0.13465 
0.260413 0.31625 0.394189 
0.385613 0.570418 0.680819 
0.413652 0.678263 0.819533 
0.318773 0.588859 0.744214 
0.172987 0.38527 0.529342 
0.0603195 0.189751 0.303272 
0.00951385 0.0694129 0.148574 
0.00270482 0.0226192 0.0755751 
0.0223851 0.0251509 0.0615608 
0.0721842 0.0671442 0.0923208 
0.154706 0.145468 0.163236 
0.242094 0.234608 0.252126 
0.281146 0.282299 0.30839 
0.23673 0.247283 0.284602 
0.131857 0.144302 0.184254 
0.03617 0.0414649 0.0690016 
0.00470682 0.000807252 0.00583375 
0.0288848 0.021616 0.0064623 
0.0556893 0.0511656 0.0274351 
0.05298 0.0498387 0.0282507 
0.0415689 0.0306598 0.0131972 
0.0568183 0.0279073 0.0082935 
0.0934795 0.0432217 0.0149437 
0.107437 0.0444726 0.0113061 
0.0719459 0.0176666 1.8555e-05 
0.0177733 0.00057554 0.0308956 
0.0116842 0.0532718 0.158625 
0.100672 0.20051 0.3816 
0.274487 0.405909 0.630088 
0.466042 0.591699 0.809858 
0.581441 0.677556 0.853558 
0.550887 0.618645 0.74635 
0.381174 0.434915 0.528963 
0.165667 0.211171 0.283498 
0.0236374 0.0494135 0.0962263 
0.0107888 0.000218079 0.0104252 
0.0856655 0.0356158 0.00820697 
0.163414 0.0898632 0.0403791 
0.195438 0.121871 0.0722049 
0.195214 0.136499 0.0997531 
0.202321 0.158487 0.133254 
0.23965 0.202109 0.178962 
0.303314 0.264774 0.236193 
0.374674 0.333284 0.297499 
0.431072 0.387332 0.344813 
0.45334 0.405682 0.354589 
0.435192 0.380064 0.316771 
0.386446 0.322539 0.246623 
0.322835 0.254154 0.171873 
0.253878 0.188121 0.110223 
0.18365 0.127942 0.0639425 
0.119288 0.0775291 0.0315656 
0.0720252 0.0449444 0.0150953 
0.050927 0.0370415 0.0163504 
0.0615805 0.058603 0.0371348 
0.10917 0.117224 0.0869272 
0.192945 0.218181 0.179756 
0.293619 0.347031 0.312629 
0.374473 0.463723 0.450319 
0.404598 0.52519 0.542635 
0.382167 0.517059 0.561375 
0.332838 0.461151 0.518394 
0.288138 0.39419 0.449373 
0.267538 0.343197 0.385772 
0.274119 0.316928 0.341242 
0.296821 0.309691 0.314481 
0.316421 0.308482 0.297133 
0.317893 0.301918 0.281186 
0.3013 0.287899 0.264471 
0.279348 0.273365 0.251108 
0.266879 0.268201 0.247939 
0.274932 0.280462 0.261125 
0.30343 0.30876 0.289366 
0.326348 0.329781 0.31268 
0.298372 0.306018 0.298591 
0.205463 0.229438 0.240084 
0.100267 0.146711 0.177836 
0.044435 0.1015 0.147128 
0.0238461 0.0643797 0.111432 
0.0030002 0.00635564 0.0303761 
0.0865225 0.0679173 0.0256762 
0.491431 0.512429 0.349221 
1.22326 1.35525 1.03203 
1.87207 2.12271 1.64328 
1.94849 2.22535 1.64907 
1.42858 1.6084 1.0488 
0.762761 0.807454 0.392428 
0.33945 0.311126 0.0857005 
0.181487 0.151532 0.0415099 
0.136674 0.163431 0.18097 
0.065468 0.188999 0.654407 
0.274185 0.0879127 1.0819 
2.7959 0.742016 0.625417 
10.9597 5.15759 0.242868 
22.7186 14.8871 3.3 
23.5647 21.7746 9.68596 
4.27918 11.5134 10.2447 
26.1655 1.8509 0.888455 
303.829 105.688 22.1697 
1204.95 551.318 187.736 
3071.11 1579.32 641.123 
5900.65 3225.94 1428.68 
9116.95 5144.95 2377.2 
11679.8 6664.32 3112.18 
12578.3 7122.9 3261.64 
