0.268634 0.359643 
0.146653 0.20842 
0.0366647 0.0619906 
0.0125575 0.00128211 
0.0932895 0.0391608 
0.269006 0.151757 
0.503102 0.300541 
0.711553 0.423994 
0.786784 0.450558 
0.676494 0.35381 
0.436154 0.191262 
0.189796 0.069933 
0.038205 0.0668539 
0.00402117 0.180855 
0.0458946 0.346822 
0.102707 0.480687 
0.128052 0.519744 
0.108926 0.450201 
0.0666295 0.314637 
0.031562 0.184418 
0.0122051 0.112314 
0.00403347 0.115146 
0.0366369 0.202241 
0.180376 0.390312 
0.458443 0.650706 
0.748299 0.848413 
0.82829 0.800617 
0.586806 0.466674 
0.192684 0.0857975 
0.00975203 0.0633316 
0.293036 0.647044 
0.954521 1.68211 
1.63333 2.6919 
1.99662 3.22334 
1.97633 3.14789 
1.74374 2.67577 
1.50253 2.12726 
1.3291 1.7011 
1.18224 1.41736 
1.00935 1.21017 
0.813002 1.03256 
0.635704 0.888568 
0.521801 0.813355 
0.507815 0.850345 
0.621391 1.02893 
0.852063 1.32495 
1.11591 1.62845 
1.27586 1.77567 
1.22743 1.65079 
0.976071 1.2755 
0.629465 0.797111 
0.316946 0.384033 
0.11596 0.126554 
0.0353467 0.0182473 
0.0358489 0.000675739 
0.055924 0.0115161 
0.0455271 0.0118783 
0.00860922 0.00211772 
0.0125394 0.0200891 
0.128869 0.105326 
0.350527 0.251048 
0.578531 0.397348 
0.700867 0.478308 
0.678662 0.469855 
0.553567 0.390179 
0.392359 0.272511 
0.248454 0.157913 
0.17316 0.10865 
0.236525 0.203098 
0.512836 0.499533 
1.02813 0.994445 
1.69736 1.59451 
2.29931 2.11071 
2.55139 2.30925 
2.29114 2.04642 
1.63672 1.41 
0.940982 0.705822 
0.524045 0.24079 
0.428756 0.0917035 
0.457522 0.106098 
0.442086 0.12893 
0.425836 0.179531 
0.554746 0.371678 
0.837535 0.698901 
1.08261 0.970736 
1.07918 0.982399 
0.79775 0.713879 
0.401473 0.345021 
0.10407 0.103862 
0.0396877 0.115466 
0.217957 0.350074 
0.529333 0.652775 
0.788298 0.82604 
0.839187 0.754286 
0.674417 0.500681 
0.438109 0.263305 
0.281353 0.192137 
0.219899 0.246331 
0.162191 0.26137 
0.0681624 0.158697 
0.0285382 0.0490585 
0.154581 0.100453 
0.417152 0.328647 
0.648906 0.566724 
0.726452 0.657627 
0.727714 0.650286 
0.880327 0.77408 
1.34298 1.20912 
2.02939 1.8799 
2.63131 2.46885 
2.8142 2.6399 
2.43493 2.29169 
1.64313 1.65339 
0.816977 1.15914 
0.373314 1.18531 
0.550245 1.81801 
1.27785 2.79513 
2.21176 3.65342 
2.91288 3.98074 
3.06886 3.61825 
2.63293 2.70929 
1.81561 1.5971 
0.956275 0.651393 
0.359704 0.116474 
0.180805 0.0396959 
0.395304 0.292626 
0.845113 0.658454 
1.32138 0.936995 
1.64687 1.01938 
1.72924 0.906606 
1.571 0.676787 
1.24269 0.429743 
0.843071 0.24232 
0.469023 0.152476 
0.198728 0.166592 
0.0812311 0.274504 
0.136577 0.466321 
0.375862 0.75208 
0.823333 1.17041 
1.49668 1.75946 
2.33803 2.49466 
3.16985 3.25604 
3.76547 3.88902 
4.00925 4.32395 
3.98778 4.62178 
3.88448 4.86055 
3.75924 4.96232 
3.45447 4.67592 
2.76573 3.80221 
1.72636 2.47406 
0.701216 1.19035 
0.157888 0.512526 
0.312941 0.668069 
0.979593 1.41003 
1.73872 2.23841 
2.24865 2.76006 
2.42263 2.88488 
2.38327 2.76748 
2.31056 2.63214 
2.32219 2.63701 
2.41772 2.80666 
2.46921 3.00665 
2.28391 2.99281 
1.7564 2.57363 
1.00891 1.79251 
0.353019 0.939554 
0.0536777 0.335516 
0.110171 0.0851714 
0.285654 0.0509729 
0.35277 0.0508748 
0.283009 0.0336128 
0.192492 0.0473292 
0.157239 0.100163 
0.144268 0.133262 
0.118989 0.13854 
0.150646 0.23244 
0.357059 0.550562 
0.755725 1.07416 
1.20938 1.59953 
1.52997 1.89135 
1.62143 1.85574 
1.52516 1.57695 
1.36124 1.22972 
1.24851 0.976912 
1.25569 0.910289 
1.37807 1.02054 
1.53512 1.19465 
1.60814 1.27152 
1.51403 1.14715 
1.2616 0.848167 
0.939343 0.502154 
0.647166 0.233375 
0.435572 0.0841979 
0.296814 0.0227991 
0.197069 0.00333608 
0.111826 0.00849047 
0.0432776 0.0485024 
0.0209819 0.141784 
0.0902837 0.302904 
0.290614 0.537215 
0.633443 0.834656 
1.0949 1.16818 
1.62517 1.50279 
2.15924 1.8056 
2.61824 2.04417 
2.91305 2.17975 
2.96832 2.17455 
2.76088 2.01526 
2.34061 1.73055 
1.81234 1.38367 
1.29268 1.04833 
0.874347 0.788805 
0.610773 0.647858 
0.508298 0.630597 
0.518763 0.686956 
0.55012 0.721111 
0.513278 0.646118 
0.385046 0.453231 
0.23294 0.232242 
0.167316 0.110731 
0.25103 0.154614 
0.441927 0.314417 
0.619017 0.464622 
0.670542 0.50125 
0.570593 0.414171 
0.38626 0.27877 
0.219793 0.18521 
0.141526 0.173824 
0.168371 0.230585 
0.295791 0.335916 
0.540613 0.510025 
0.942507 0.803829 
1.5149 1.24102 
2.19343 1.76948 
2.8406 2.27374 
3.31012 2.63731 
3.51033 2.79327 
3.4136 2.7237 
3.03218 2.43765 
2.42386 1.98208 
1.73353 1.47828 
1.18836 1.1083 
0.98255 1.00923 
1.12206 1.15253 
1.39046 1.34142 
1.50278 1.35798 
1.31971 1.13105 
0.925167 0.76723 
0.513619 0.432534 
0.223285 0.221645 
0.0747261 0.137492 
