1.47054 1.13683 
1.09368 0.884339 
0.788156 0.649875 
0.611724 0.482173 
0.583044 0.41284 
0.693263 0.458352 
0.920472 0.621899 
1.23813 0.891795 
1.61431 1.23689 
2.00513 1.60294 
2.35025 1.91554 
2.57745 2.09335 
2.61931 2.07101 
2.43743 1.82519 
2.04429 1.3926 
1.51084 0.869607 
0.952687 0.388486 
0.496254 0.0757321 
0.236662 0.00746672 
0.204248 0.180599 
0.354757 0.513437 
0.588441 0.876984 
0.790578 1.14436 
0.876419 1.23769 
0.822176 1.15358 
0.670771 0.958888 
0.51259 0.761532 
0.451208 0.670434 
0.567791 0.759946 
0.895158 1.04885 
1.40667 1.4966 
2.02007 2.01411 
2.61407 2.48499 
3.05523 2.79322 
3.23125 2.85307 
3.08392 2.6348 
2.63176 2.1775 
1.97139 1.58169 
1.25241 0.979866 
0.63075 0.49328 
0.216635 0.191028 
0.0388394 0.0697745 
0.0421756 0.0647009 
0.120906 0.0880966 
0.173296 0.077645 
0.151143 0.0301044 
0.07967 0.00225079 
0.0380128 0.0775277 
0.111188 0.315438 
0.339607 0.710898 
0.693176 1.18622 
1.08304 1.62099 
1.40313 1.90451 
1.57824 1.98352 
1.59345 1.88147 
1.49259 1.68194 
1.35108 1.48831 
1.24092 1.38218 
1.20601 1.39991 
1.25605 1.53325 
1.37484 1.74579 
1.53287 1.99154 
1.69617 2.22561 
1.8303 2.40685 
1.90353 2.49858 
1.89274 2.47345 
1.79073 2.32197 
1.60982 2.05899 
1.3776 1.72154 
1.12582 1.35726 
0.878984 1.00891 
0.649722 0.703835 
0.443305 0.453255 
0.266814 0.259925 
0.134931 0.126924 
0.0670407 0.0608524 
0.0771416 0.0677581 
0.163809 0.14596 
0.307616 0.281983 
0.477833 0.452717 
0.643351 0.631619 
0.780055 0.793855 
0.870566 0.917171 
0.899466 0.980256 
0.851745 0.963844 
0.720017 0.858125 
0.518088 0.67398 
0.290729 0.449803 
0.108632 0.245577 
0.0454633 0.122882 
0.145957 0.119269 
0.401854 0.230958 
0.750091 0.414486 
1.09588 0.607161 
1.34949 0.75507 
1.45828 0.83329 
1.4195 0.848585 
1.27073 0.826036 
1.06674 0.790095 
0.856375 0.751945 
0.66976 0.708777 
0.517801 0.652032 
0.399386 0.576859 
0.309539 0.486409 
0.24433 0.38993 
0.202082 0.298198 
0.182633 0.220589 
0.18635 0.165286 
0.213401 0.140809 
0.26296 0.155888 
0.332106 0.21636 
0.414692 0.320526 
0.500805 0.45601 
0.577435 0.600586 
0.63071 0.727341 
0.649544 0.812262 
0.629774 0.841192 
0.576919 0.813368 
0.50536 0.740125 
0.43295 0.639366 
0.372711 0.528224 
0.326011 0.417457 
0.282183 0.310527 
0.226648 0.208117 
0.154291 0.115631 
0.0803066 0.0489163 
0.040453 0.0335279 
0.0777594 0.0959945 
0.220676 0.250226 
0.463801 0.485811 
0.7624 0.765093 
1.04531 1.03202 
1.24101 1.22976 
1.30451 1.31941 
1.232 1.29145 
1.05734 1.16527 
0.833898 0.978541 
0.612195 0.772353 
0.424489 0.579264 
0.281492 0.418202 
0.179027 0.295758 
0.107744 0.210575 
0.0596475 0.157518 
0.0294841 0.130344 
0.0132189 0.123369 
0.00703138 0.132857 
0.00825465 0.157791 
0.0169815 0.199063 
0.0362035 0.256914 
0.0698794 0.32821 
0.120475 0.405945 
0.188021 0.481981 
0.271023 0.551243 
0.367366 0.613681 
0.473022 0.671479 
0.578681 0.722835 
0.667506 0.757368 
0.718013 0.758386 
0.713119 0.712974 
0.65135 0.6246 
0.552862 0.519393 
0.45462 0.439657 
0.395337 0.425672 
0.397725 0.494825 
0.458218 0.630013 
0.550335 0.784727 
0.639574 0.902823 
0.700614 0.942572 
0.726573 0.892457 
0.725781 0.771526 
0.710006 0.616172 
0.683361 0.462269 
0.639755 0.332429 
0.569904 0.233266 
0.471789 0.160766 
0.356215 0.107923 
0.243129 0.0695356 
0.15141 0.0429283 
0.0895925 0.0267998 
0.0539644 0.0208716 
0.034769 0.0268122 
0.0252196 0.0485072 
0.0262616 0.0895554 
0.0435747 0.148255 
0.0793849 0.213326 
0.125704 0.264543 
0.16475 0.280084 
0.177265 0.247928 
0.153842 0.175039 
0.10204 0.0880048 
0.0444791 0.0229435 
0.00866808 0.00881285 
0.0144071 0.0529504 
0.0659694 0.137496 
0.153094 0.229595 
0.259067 0.29993 
0.369678 0.338363 
0.476715 0.356639 
0.574354 0.37629 
0.652999 0.410177 
0.698162 0.451294 
0.698775 0.478058 
0.661363 0.473596 
0.619537 0.445433 
0.628308 0.430021 
0.741203 0.476042 
0.980397 0.615219 
1.31713 0.83909 
1.67596 1.09736 
1.96312 1.31993 
2.10487 1.44969 
2.07594 1.46717 
1.90424 1.39422 
1.65223 1.27765 
1.38726 1.16448 
1.15679 1.08267 
0.978248 1.03493 
0.843658 1.00449 
0.732388 0.966742 
0.624176 0.900733 
0.507746 0.797045 
0.383718 0.660775 
0.262443 0.509172 
0.158304 0.364628 
0.0829321 0.245885 
0.0405953 0.162228 
0.0283322 0.114299 
0.0404169 0.100672 
0.0733047 0.124247 
0.12629 0.191624 
0.196391 0.303762 
0.27144 0.444181 
0.328453 0.575296 
0.341697 0.649622 
0.297567 0.632262 
0.206749 0.52162 
0.103836 0.354192 
0.0318582 0.188372 
0.0194769 0.0756526 
0.0646049 0.0361482 
0.135158 0.0527587 
0.1872 0.0864034 
0.189771 0.101611 
0.14153 0.0862389 
0.0697941 0.0543398 
0.013619 0.0329305 
0.00206085 0.0432673 
0.0405193 0.0889613 
0.111749 0.156749 
0.1885 0.22653 
0.248367 0.282077 
