0.1053 0.518072 
0.276381 0.932713 
0.482044 1.29397 
0.62376 1.45834 
0.630721 1.36625 
0.509848 1.08368 
0.340171 0.761567 
0.208446 0.533055 
0.143033 0.428515 
0.108448 0.378832 
0.0647414 0.301482 
0.0320249 0.190564 
0.0945973 0.13056 
0.335396 0.223462 
0.75458 0.493676 
1.2397 0.849781 
1.613 1.13167 
1.72464 1.20549 
1.5323 1.03986 
1.12124 0.717609 
0.656465 0.38285 
0.296269 0.159924 
0.116317 0.0918382 
0.0867064 0.130701 
0.112854 0.181819 
0.110277 0.171648 
0.0610519 0.0959874 
0.0148241 0.0187208 
0.0397197 0.0247399 
0.164136 0.159529 
0.351334 0.393123 
0.519647 0.628829 
0.590035 0.752398 
0.530837 0.697165 
0.375478 0.48869 
0.2025 0.235645 
0.0862974 0.0621779 
0.0489469 0.0234128 
0.0517166 0.0717593 
0.0398858 0.109422 
0.00666255 0.0860997 
0.0162376 0.0513796 
0.156657 0.107416 
0.457988 0.302964 
0.847055 0.570068 
1.18019 0.766035 
1.32981 0.784205 
1.26037 0.636314 
1.04296 0.440267 
0.803227 0.330211 
0.639167 0.362189 
0.563624 0.481434 
0.514407 0.568286 
0.430036 0.528242 
0.331109 0.363859 
0.327705 0.17575 
0.529027 0.0884633 
0.926159 0.156931 
1.3585 0.329231 
1.60714 0.494989 
1.54354 0.574327 
1.21244 0.571165 
0.789614 0.554089 
0.459937 0.592756 
0.31202 0.706213 
0.315714 0.858294 
0.38268 0.996868 
0.458661 1.10625 
0.577925 1.23142 
0.832014 1.44442 
1.26816 1.76645 
1.80219 2.11071 
2.23631 2.31312 
2.38436 2.24419 
2.19982 1.90894 
1.79216 1.44119 
1.32581 0.999052 
0.9079 0.663288 
0.563958 0.425512 
0.291836 0.24966 
0.10614 0.122577 
0.0220518 0.0473833 
0.0169949 0.0142451 
0.0342236 0.00199876 
0.0313444 0.00836173 
0.0164817 0.0607232 
0.0307337 0.184604 
0.0997555 0.364192 
0.207641 0.541761 
0.313914 0.657616 
0.38759 0.689244 
0.423747 0.6557 
0.43486 0.592793 
0.432893 0.527104 
0.418671 0.466347 
0.383763 0.403977 
0.32167 0.329859 
0.241178 0.242828 
0.173378 0.162323 
0.167954 0.133547 
0.281629 0.219662 
0.562236 0.47713 
1.02457 0.916653 
1.6162 1.46553 
2.19406 1.96323 
2.5527 2.21884 
2.52269 2.11813 
2.09104 1.71235 
1.44639 1.20774 
0.887738 0.840602 
0.644218 0.723188 
0.740028 0.784543 
1.01003 0.8566 
1.24531 0.827523 
1.34001 0.72421 
1.32285 0.655917 
1.27269 0.684917 
1.21959 0.755973 
1.12643 0.750714 
0.95034 0.605539 
0.704899 0.372467 
0.457423 0.167205 
0.274085 0.0649398 
0.177509 0.0511441 
0.156592 0.0693461 
0.204285 0.10495 
0.331306 0.211557 
0.539 0.452067 
0.786912 0.817072 
0.999183 1.20483 
1.11122 1.48407 
1.11361 1.58186 
1.05179 1.52059 
0.983196 1.38066 
0.931465 1.23066 
0.87527 1.08583 
0.774894 0.920273 
0.610083 0.710502 
0.400311 0.468792 
0.197218 0.242378 
0.0581084 0.0847403 
0.0176088 0.0234722 
0.0726847 0.0467191 
0.188272 0.114427 
0.319387 0.18413 
0.435831 0.233416 
0.534885 0.26596 
0.637406 0.300922 
0.774556 0.356825 
0.975386 0.442598 
1.25879 0.560043 
1.62632 0.711182 
2.05308 0.899388 
2.48031 1.11858 
2.81805 1.33663 
2.96495 1.48939 
2.84441 1.50021 
2.44476 1.32288 
1.8411 0.982274 
1.17757 0.578301 
0.608991 0.239304 
0.231864 0.0510736 
0.0510633 0.0136514 
0.00848403 0.0618203 
0.0516977 0.134079 
0.184329 0.231463 
0.451793 0.412657 
0.872033 0.725796 
1.37403 1.13569 
1.80735 1.51562 
2.02796 1.72171 
1.99634 1.69534 
1.80524 1.50826 
1.60861 1.30774 
1.50683 1.20378 
1.48325 1.19253 
1.44299 1.17975 
1.31291 1.07807 
1.10767 0.885763 
0.903107 0.677175 
0.751641 0.522956 
0.631271 0.425453 
0.482832 0.333055 
0.296338 0.213102 
0.153351 0.103821 
0.173152 0.0895078 
0.404642 0.220611 
0.760691 0.45274 
1.05712 0.660523 
1.13026 0.717931 
0.944067 0.58472 
0.608538 0.335645 
0.300587 0.110824 
0.149962 0.0215034 
0.17327 0.0789659 
0.295624 0.199086 
0.427162 0.276046 
0.522057 0.261528 
0.576183 0.184439 
0.587371 0.105783 
0.537255 0.0636525 
0.418084 0.0608439 
0.2655 0.0904003 
0.147374 0.154549 
0.114826 0.255641 
0.171765 0.384256 
0.2943 0.529924 
0.461618 0.694074 
0.643859 0.867415 
0.76332 0.986808 
0.710644 0.943778 
0.450503 0.68085 
0.124014 0.297334 
0.0065025 0.0310527 
0.303173 0.085054 
0.949937 0.441521 
1.62023 0.851499 
1.95718 1.03159 
1.83144 0.891047 
1.40046 0.578939 
0.939819 0.321665 
0.625195 0.2234 
0.457263 0.217098 
0.353167 0.183151 
0.272659 0.0906967 
0.251964 0.0228922 
0.34272 0.0862355 
0.545617 0.312778 
0.807386 0.644575 
1.06911 0.993128 
1.31003 1.30508 
1.55292 1.58348 
1.83874 1.86552 
2.19223 2.18283 
2.58989 2.52332 
2.93785 2.80577 
3.07987 2.8868 
2.85982 2.62282 
2.23082 1.97707 
1.3466 1.107 
0.544734 0.343691 
0.185663 0.0310413 
0.427094 0.307395 
1.0967 0.989052 
1.78139 1.66613 
2.08982 1.96142 
1.89752 1.76404 
1.39049 1.2634 
0.889233 0.77321 
0.61219 0.503284 
0.566243 0.458318 
