0.656962 0.791232 
0.916576 1.14743 
1.31205 1.62533 
1.77849 2.12792 
2.17058 2.49741 
2.31191 2.57035 
2.08454 2.25968 
1.5183 1.62515 
0.814298 0.877595 
0.261794 0.291533 
0.0862792 0.0694536 
0.332084 0.249139 
0.862999 0.716521 
1.46599 1.29778 
1.9625 1.84347 
2.24906 2.24669 
2.27666 2.41998 
2.03347 2.29625 
1.56364 1.87455 
0.987198 1.26131 
0.471343 0.646697 
0.155618 0.216621 
0.0863074 0.0627998 
0.208739 0.153194 
0.414598 0.37231 
0.603065 0.592918 
0.718812 0.733387 
0.756614 0.776865 
0.74237 0.754245 
0.70789 0.710694 
0.6773 0.682545 
0.673763 0.700479 
0.734604 0.807369 
0.90777 1.05801 
1.21524 1.48053 
1.60559 2.02106 
1.94275 2.52458 
2.05989 2.78834 
1.85652 2.66889 
1.37473 2.1744 
0.794853 1.47377 
0.34189 0.807972 
0.15709 0.358198 
0.219828 0.159648 
0.375472 0.118003 
0.450387 0.108075 
0.369562 0.0712146 
0.191282 0.0358022 
0.0419612 0.0583286 
0.0141631 0.152523 
0.111238 0.274009 
0.269696 0.363783 
0.421681 0.397311 
0.538951 0.394132 
0.633466 0.394509 
0.730967 0.437624 
0.843301 0.552656 
0.951233 0.743403 
1.00263 0.960441 
0.935116 1.09614 
0.722941 1.04042 
0.41821 0.773807 
0.140889 0.412621 
0.00600097 0.143879 
0.0392586 0.089387 
0.156956 0.216238 
0.234606 0.374687 
0.206307 0.425407 
0.108421 0.339069 
0.0370345 0.190356 
0.0685674 0.0756097 
0.214672 0.0428158 
0.433517 0.0847801 
0.663537 0.171402 
0.842508 0.271752 
0.913235 0.353474 
0.839458 0.384671 
0.634247 0.353709 
0.371547 0.286843 
0.155993 0.235573 
0.0655655 0.237858 
0.110916 0.288803 
0.241283 0.34828 
0.38611 0.37581 
0.495956 0.359345 
0.555974 0.316157 
0.572893 0.272197 
0.554496 0.240951 
0.499408 0.216541 
0.403134 0.182408 
0.273709 0.128274 
0.142022 0.0639282 
0.0528438 0.017877 
0.0368017 0.0171404 
0.0836745 0.0615293 
0.143478 0.116556 
0.161324 0.137048 
0.119623 0.104406 
0.0501381 0.0437251 
0.00456032 0.00408237 
0.0120399 0.0212031 
0.0635664 0.0976816 
0.132869 0.213649 
0.204488 0.34627 
0.275765 0.471191 
0.334899 0.549701 
0.349707 0.532826 
0.291017 0.398836 
0.170934 0.195053 
0.0508212 0.0325359 
0.000180956 0.0182443 
0.0402739 0.17368 
0.127256 0.413488 
0.192956 0.609325 
0.203928 0.686022 
0.181707 0.666084 
0.168155 0.627196 
0.176289 0.618771 
0.179614 0.618317 
0.149251 0.564531 
0.0951762 0.427753 
0.0627568 0.24562 
0.0849681 0.091895 
0.141773 0.014753 
0.174598 0.00681774 
0.146089 0.0300751 
0.0837751 0.0604199 
0.0585066 0.102084 
0.115519 0.163037 
0.227555 0.228358 
0.318471 0.266684 
0.332603 0.260789 
0.278475 0.222792 
0.206374 0.175453 
0.152148 0.126096 
0.111786 0.0697043 
0.067939 0.0169214 
0.0254275 0.00325705 
0.00699526 0.0546847 
0.0187407 0.145945 
0.0398371 0.212536 
0.0599492 0.221024 
0.116289 0.222635 
0.267201 0.3145 
0.513185 0.530826 
0.754408 0.777796 
0.851261 0.896209 
0.742706 0.80249 
0.50333 0.567378 
0.277174 0.350445 
0.155442 0.257662 
0.120273 0.264467 
0.0984878 0.269381 
0.0523391 0.206535 
0.00962818 0.099645 
0.0168071 0.0196663 
0.0811142 0.00942755 
0.163448 0.0535203 
0.21693 0.106669 
0.222915 0.136336 
0.194352 0.139564 
0.156902 0.133031 
0.131932 0.136704 
0.130415 0.163317 
0.15229 0.212937 
0.186949 0.271229 
0.21692 0.31453 
0.226834 0.322776 
0.214157 0.293737 
0.193505 0.247382 
0.187532 0.213283 
0.206908 0.206811 
0.235479 0.213419 
0.238851 0.19942 
0.194843 0.144799 
0.117968 0.0674018 
0.050167 0.010582 
0.0239411 0.00348626 
0.0356297 0.0354156 
0.0559927 0.072132 
0.0629573 0.0945026 
0.0585679 0.114694 
0.0557104 0.153261 
0.0577375 0.20712 
0.0579817 0.246816 
0.0556065 0.244613 
0.0625571 0.200411 
0.0904884 0.13961 
0.134148 0.0905502 
0.172008 0.0667533 
0.183407 0.0661663 
0.163664 0.0795137 
0.124069 0.0963548 
0.0809666 0.107156 
0.0458786 0.105375 
0.022744 0.0901211 
0.0102359 0.0663059 
0.00504743 0.0412838 
0.00400824 0.0208614 
0.00469911 0.00762947 
0.0052509 0.00175466 
0.0045014 0.0024407 
0.00275882 0.00849905 
0.00182536 0.0177416 
0.0033683 0.0263318 
0.00728165 0.0298635 
0.0124373 0.0264452 
0.0190939 0.019121 
0.0292654 0.0142521 
0.0435047 0.0162634 
0.0577769 0.0237939 
0.0650616 0.0315456 
0.0607984 0.0357253 
0.0462859 0.0365149 
0.0268805 0.0349067 
0.00893834 0.0293077 
0.000457655 0.0184862 
0.0126877 0.00835593 
0.0547353 0.0119239 
0.121057 0.0374893 
0.185288 0.0758791 
0.213427 0.103258 
0.189575 0.100841 
0.129822 0.072348 
0.0686896 0.0402103 
0.0310856 0.0244509 
0.0176051 0.0267482 
0.0143366 0.0342882 
0.0117563 0.0354003 
0.0130299 0.0301267 
0.0296104 0.0297627 
0.0732375 0.0496725 
0.14698 0.097818 
0.234265 0.161408 
0.297058 0.205262 
0.299358 0.197269 
0.246006 0.148511 
0.194847 0.124147 
0.214353 0.196667 
0.318788 0.375515 
0.44853 0.585276 
0.520912 0.721805 
0.499967 0.733103 
0.415008 0.646819 
0.319717 0.528559 
0.246319 0.42637 
0.19887 0.35395 
0.172052 0.306483 
0.159028 0.272511 
0.145014 0.233184 
0.112063 0.170454 
