0.452703 1.04156 
0.138014 0.434991 
0.0785108 0.123492 
0.196997 0.084939 
0.326214 0.165103 
0.339443 0.214868 
0.234418 0.194561 
0.125354 0.184225 
0.162383 0.309605 
0.443477 0.651984 
0.978578 1.21118 
1.70965 1.92933 
2.53933 2.72216 
3.33284 3.47481 
3.91567 4.02703 
4.11529 4.20577 
3.84885 3.9147 
3.19223 3.21356 
2.36007 2.30959 
1.59578 1.45394 
1.04903 0.817592 
0.728093 0.434254 
0.548513 0.236179 
0.420988 0.13413 
0.303843 0.072513 
0.196399 0.0328287 
0.108007 0.0110281 
0.0435955 0.00405847 
0.00890983 0.0114244 
0.012754 0.0354404 
0.0562445 0.0733715 
0.122241 0.112246 
0.179096 0.134854 
0.197597 0.131516 
0.170117 0.108443 
0.11914 0.0880657 
0.0838209 0.0970341 
0.087425 0.142288 
0.114121 0.19462 
0.125906 0.207074 
0.107487 0.16176 
0.085003 0.0939793 
0.0902605 0.0567813 
0.115127 0.0624819 
0.119576 0.0741147 
0.0848093 0.057675 
0.0379559 0.0240487 
0.0148198 0.00594294 
0.0162653 0.00933317 
0.0185505 0.0119424 
0.0129546 0.00458426 
0.0117234 0.00622519 
0.0259534 0.0337914 
0.0751699 0.0891573 
0.221649 0.196144 
0.539998 0.417941 
1.00236 0.78702 
1.41763 1.21462 
1.5569 1.51665 
1.37087 1.56155 
1.04571 1.37565 
0.806908 1.08258 
0.692334 0.767374 
0.563699 0.447292 
0.328492 0.166694 
0.0832631 0.0465297 
0.00238516 0.180067 
0.124334 0.493196 
0.301715 0.761769 
0.35996 0.793868 
0.26363 0.585914 
0.115135 0.297459 
0.0260336 0.0939867 
0.0197581 0.0248805 
0.0453345 0.0299844 
0.0525479 0.0307466 
0.0445672 0.00793982 
0.0696805 0.00640502 
0.165041 0.0727492 
0.30206 0.186993 
0.40013 0.269412 
0.431564 0.289304 
0.534738 0.386156 
0.992039 0.851798 
2.02414 1.92149 
3.54399 3.51903 
5.10042 5.19124 
6.1035 6.33004 
6.1782 6.53196 
5.37739 5.82359 
4.10562 4.59775 
2.84222 3.34134 
1.88805 2.3762 
1.29673 1.77601 
0.9737 1.4512 
0.807892 1.27565 
0.726016 1.15027 
0.672702 1.00208 
0.590837 0.781235 
0.446609 0.488056 
0.268139 0.195487 
0.140158 0.0181914 
0.145013 0.0355878 
0.300213 0.232225 
0.546761 0.508173 
0.792395 0.746863 
0.967402 0.879916 
1.05033 0.903425 
1.05435 0.851067 
0.99446 0.758695 
0.86351 0.644199 
0.640584 0.506296 
0.33922 0.342926 
0.0670531 0.186745 
0.026831 0.128434 
0.401119 0.277524 
1.16731 0.654763 
2.01065 1.10735 
2.48206 1.36981 
2.33061 1.26818 
1.71761 0.88356 
1.0726 0.483421 
0.703143 0.266456 
0.559848 0.200928 
0.413153 0.15266 
0.224149 0.142525 
0.238664 0.376012 
0.654751 0.950502 
1.2655 1.59282 
1.57045 1.82681 
1.30455 1.4764 
0.786748 0.941534 
0.639393 0.863896 
1.14486 1.48172 
1.9395 2.36117 
2.3709 2.79835 
2.11156 2.45995 
1.38963 1.61201 
0.680366 0.784202 
0.271436 0.300855 
0.134655 0.135946 
0.107381 0.104965 
0.0884246 0.0848907 
0.0661397 0.057028 
0.0507205 0.0359095 
0.0405077 0.0241116 
0.036324 0.0207707 
0.0545812 0.0380915 
0.131738 0.112624 
0.329376 0.313326 
0.704232 0.706795 
1.22008 1.25834 
1.68431 1.76112 
1.8333 1.92819 
1.54736 1.62747 
0.993155 1.03892 
0.518225 0.540666 
0.370728 0.401365 
0.509897 0.570832 
0.683341 0.76503 
0.6768 0.743093 
0.48968 0.503931 
0.297251 0.247785 
0.277255 0.186672 
0.473322 0.390103 
0.78573 0.763545 
1.05362 1.12564 
1.14767 1.3077 
1.02528 1.22968 
0.739113 0.931769 
0.404171 0.547031 
0.139166 0.223793 
0.011982 0.0459889 
0.017133 0.00476167 
0.0907482 0.0309661 
0.150081 0.0534693 
0.140942 0.0439973 
0.0721665 0.0295508 
0.0101208 0.0678908 
0.0258512 0.196506 
0.134058 0.391362 
0.282193 0.577376 
0.400275 0.687623 
0.456931 0.713663 
0.467786 0.69831 
0.465397 0.689877 
0.47706 0.714057 
0.523955 0.779886 
0.615006 0.885581 
0.727223 1.00472 
0.805537 1.08252 
0.802524 1.06969 
0.721733 0.96541 
0.61327 0.81714 
0.525793 0.675673 
0.470422 0.558389 
0.431021 0.457991 
0.395928 0.373624 
0.368865 0.319962 
0.353878 0.307351 
0.341687 0.323236 
0.314242 0.336586 
0.258086 0.316835 
0.173442 0.250092 
0.0787151 0.147846 
0.010664 0.0480138 
0.0100409 0.000440271 
0.0892179 0.0336349 
0.206222 0.124258 
0.281218 0.204256 
0.256536 0.212359 
0.149093 0.147777 
0.0393048 0.0719438 
0.00125326 0.0525472 
0.0416344 0.103961 
0.105761 0.181163 
0.136724 0.226549 
0.122669 0.217605 
0.0913844 0.172927 
0.0723862 0.123667 
0.0711741 0.0864657 
0.0733508 0.0595104 
0.0633975 0.035232 
0.0386217 0.0128042 
0.011336 0.000383468 
3.69086e-05 0.00674887 
0.0143455 0.0299483 
0.0450679 0.0546861 
0.0703323 0.063529 
0.0737942 0.0518294 
0.0569333 0.030378 
0.03394 0.0132872 
0.0173259 0.00553779 
0.0102694 0.00326967 
0.0102808 0.00323697 
0.0155161 0.00814238 
0.0255734 0.0220985 
0.0380718 0.0429651 
0.047303 0.0609239 
0.0477085 0.0652204 
0.0389929 0.053107 
0.0277099 0.0334163 
0.0232948 0.0218164 
0.0314599 0.0311865 
0.0500883 0.0635481 
0.0704973 0.108072 
0.0827793 0.145869 
0.0814973 0.159409 
0.0682683 0.142044 
0.0498738 0.101676 
0.0335438 0.0554727 
