0.348788 0.422167 
0.3514 0.41004 
0.346604 0.390671 
0.344818 0.378908 
0.354073 0.387097 
0.379065 0.422163 
0.421309 0.483585 
0.479508 0.562927 
0.549465 0.645365 
0.623424 0.712921 
0.689489 0.748397 
0.732341 0.739009 
0.736359 0.679235 
0.691106 0.572848 
0.597211 0.433811 
0.469299 0.284985 
0.333096 0.153533 
0.21656 0.0631868 
0.138638 0.0259184 
0.101463 0.037188 
0.0907533 0.0782571 
0.0848747 0.125736 
0.0680311 0.164337 
0.0405002 0.196392 
0.0203419 0.242761 
0.0357027 0.333947 
0.11177 0.495163 
0.258791 0.732076 
0.466384 1.02359 
0.705858 1.32479 
0.938619 1.57885 
1.1268 1.73337 
1.24232 1.75522 
1.2721 1.63935 
1.2189 1.409 
1.09864 1.10843 
0.935563 0.790721 
0.756633 0.504581 
0.586053 0.283416 
0.440771 0.139176 
0.328115 0.0625368 
0.24679 0.0298653 
0.191659 0.015433 
0.160518 0.00460512 
0.158886 0.0017495 
0.198508 0.0275747 
0.288506 0.105537 
0.423511 0.243803 
0.576931 0.423485 
0.706109 0.601553 
0.769006 0.728285 
0.74375 0.76962 
0.639125 0.721183 
0.489108 0.606173 
0.334938 0.460154 
0.206363 0.314036 
0.113496 0.186101 
0.0522073 0.0855007 
0.0160864 0.0203863 
0.00434798 0.00118913 
0.0202541 0.0353849 
0.0636153 0.11879 
0.125926 0.232312 
0.1936 0.348768 
0.256811 0.445837 
0.31597 0.515916 
0.379713 0.566074 
0.455619 0.609062 
0.541068 0.652627 
0.621318 0.694348 
0.675852 0.723721 
0.687802 0.727859 
0.650232 0.696328 
0.567135 0.623977 
0.451598 0.513573 
0.324169 0.379148 
0.211101 0.247283 
0.139235 0.151768 
0.126027 0.120558 
0.168733 0.160727 
0.240882 0.251315 
0.301823 0.350804 
0.316704 0.416731 
0.275928 0.4263 
0.201704 0.385658 
0.136776 0.322837 
0.121628 0.269931 
0.173559 0.246191 
0.279139 0.251509 
0.402714 0.271828 
0.504262 0.290508 
0.55601 0.297607 
0.550171 0.292485 
0.496623 0.280507 
0.414621 0.267817 
0.324054 0.257852 
0.23987 0.250759 
0.170365 0.244727 
0.118102 0.237598 
0.0817957 0.227784 
0.0580974 0.214436 
0.0430008 0.197349 
0.0329507 0.176996 
0.0256583 0.154773 
0.0203315 0.133126 
0.01706 0.115211 
0.0157136 0.104094 
0.015537 0.102111 
0.0166782 0.111188 
0.0234587 0.134143 
0.0469269 0.175625 
0.103132 0.240766 
0.205464 0.330907 
0.353927 0.438597 
0.528218 0.546079 
0.691085 0.630304 
0.802645 0.673087 
0.838581 0.670345 
0.801246 0.633655 
0.716493 0.582161 
0.618334 0.530001 
0.531679 0.478382 
0.464148 0.418304 
0.410645 0.341848 
0.364911 0.253063 
0.327936 0.169568 
0.307046 0.113245 
0.307843 0.0969014 
0.326792 0.116714 
0.35082 0.155346 
0.363763 0.192281 
0.354021 0.213148 
0.317963 0.212285 
0.258567 0.189627 
0.183111 0.147697 
0.103313 0.0928452 
0.036709 0.038798 
0.00451952 0.00634719 
0.0230194 0.015112 
0.0918552 0.0706018 
0.18805 0.155842 
0.273056 0.235814 
0.311881 0.274742 
0.29395 0.256818 
0.242351 0.197496 
0.20439 0.137817 
0.227885 0.124597 
0.33635 0.187504 
0.516582 0.325135 
0.724397 0.506213 
0.904059 0.683671 
1.01066 0.813646 
1.02505 0.870597 
0.956287 0.853062 
0.833077 0.779373 
0.689866 0.676751 
0.554224 0.56948 
0.440411 0.471571 
0.350596 0.386724 
0.281576 0.314339 
0.232285 0.256862 
0.207308 0.223063 
0.214266 0.224646 
0.256927 0.268202 
0.328834 0.34786 
0.411996 0.443753 
0.481994 0.527788 
0.516881 0.573796 
0.505166 0.56691 
0.449124 0.507954 
0.36258 0.411684 
0.265063 0.300604 
0.175273 0.197344 
0.106194 0.11831 
0.0629086 0.0702899 
0.0431311 0.0505999 
0.0398076 0.0503106 
0.0446361 0.0589946 
0.0510588 0.0688381 
0.0555612 0.0763436 
0.0571002 0.0813259 
0.0556618 0.0845715 
0.051391 0.0861679 
0.0450061 0.085632 
0.038877 0.0833143 
0.0373644 0.081514 
0.0455134 0.0841053 
0.0665613 0.0947928 
0.0997868 0.115177 
0.140105 0.143771 
0.17966 0.176238 
0.210466 0.206329 
0.226812 0.227023 
0.226683 0.231935 
0.212319 0.217363 
0.190264 0.184844 
0.171 0.143086 
0.167642 0.107535 
0.193048 0.0963981 
0.255238 0.123615 
0.352217 0.191316 
0.468513 0.285517 
0.576204 0.378251 
0.642075 0.436799 
0.63966 0.437032 
0.561524 0.374858 
0.425321 0.269512 
0.269016 0.155925 
0.136029 0.0692111 
0.0571757 0.0292254 
0.0388833 0.0335843 
0.063996 0.0626834 
0.103998 0.0929244 
0.134671 0.109497 
0.14579 0.111103 
0.140425 0.105179 
0.126815 0.098822 
0.110251 0.0928493 
0.090767 0.0828925 
0.0667729 0.065329 
0.0399104 0.0422451 
0.0162314 0.0211314 
0.00275687 0.00988446 
0.00273572 0.0115369 
0.0137276 0.0228398 
0.0297111 0.0371091 
0.0448484 0.0482756 
0.0557171 0.0529171 
0.0612285 0.0499649 
0.0623714 0.0405672 
0.0641029 0.0302597 
0.0786568 0.0322438 
0.126134 0.0674508 
0.228235 0.157673 
0.395462 0.31282 
0.614155 0.518995 
0.842444 0.735908 
1.0207 0.908041 
1.09387 0.985963 
1.03541 0.947546 
0.860201 0.807903 
0.619457 0.612574 
0.379505 0.417445 
0.195199 0.265724 
0.0907177 0.17334 
0.0561474 0.128978 
0.0596235 0.106905 
0.0670936 0.0843117 
0.0588932 0.0535118 
0.0354016 0.0231934 
0.0108315 0.00962602 
