2.33331 1.96667 1.40624 
2.13969 1.8461 1.31775 
1.68556 1.43934 0.983305 
1.09434 0.885976 0.545551 
0.549862 0.388596 0.190357 
0.215265 0.112218 0.0465342 
0.159878 0.10752 0.124213 
0.332292 0.296103 0.321228 
0.591868 0.519747 0.486545 
0.775576 0.621942 0.502064 
0.767407 0.524876 0.347165 
0.55364 0.27986 0.12877 
0.248016 0.0680625 0.0585136 
0.0510548 0.118161 0.350112 
0.12801 0.548271 1.05541 
0.475362 1.23602 1.95485 
0.901204 1.85604 2.64109 
1.16317 2.09776 2.78524 
1.1482 1.88738 2.3729 
0.930338 1.41319 1.69129 
0.675341 0.949179 1.08849 
0.512152 0.666659 0.747736 
0.484092 0.589995 0.66161 
0.569436 0.662239 0.743988 
0.705663 0.797118 0.901949 
0.810267 0.889657 1.02369 
0.828721 0.852317 0.990141 
0.780461 0.684682 0.763062 
0.729834 0.483856 0.443852 
0.691913 0.347982 0.19476 
0.59442 0.274604 0.089864 
0.375284 0.18698 0.0679134 
0.120186 0.0660736 0.038404 
0.0613078 0.0221842 0.00390375 
0.395149 0.202162 0.050208 
1.08297 0.622819 0.225212 
1.8335 1.11277 0.4589 
2.29707 1.4339 0.622198 
2.30749 1.47169 0.662292 
1.97264 1.31762 0.666723 
1.55092 1.16783 0.778066 
1.23107 1.13248 1.03257 
1.01012 1.1376 1.28603 
0.769432 1.01904 1.32212 
0.45579 0.716931 1.05706 
0.168472 0.364988 0.637445 
0.0579123 0.171461 0.31948 
0.154193 0.21482 0.244226 
0.322538 0.374102 0.336712 
0.393085 0.462481 0.419754 
0.31542 0.409333 0.402468 
0.178637 0.302232 0.34562 
0.106974 0.277663 0.370468 
0.167209 0.407946 0.54805 
0.369801 0.695212 0.887962 
0.71486 1.13308 1.39753 
1.19982 1.73097 2.10377 
1.78353 2.47014 2.99856 
2.36622 3.25428 3.97242 
2.82051 3.91932 4.8171 
3.04597 4.29834 5.30477 
3.00108 4.28869 5.28509 
2.69929 3.8808 4.74028 
2.19158 3.15024 3.78318 
1.5607 2.23694 2.61982 
0.924775 1.32241 1.49697 
0.422482 0.590476 0.635221 
0.160901 0.162519 0.150901 
0.15449 0.040052 0.00597653 
0.317448 0.114942 0.0427843 
0.534942 0.261817 0.105312 
0.753677 0.438387 0.156803 
1.00037 0.694936 0.286095 
1.31142 1.08401 0.597917 
1.65558 1.56866 1.09842 
1.93122 2.02043 1.67741 
2.02586 2.28989 2.17109 
1.86927 2.26944 2.42248 
1.45781 1.92455 2.32036 
0.884303 1.33575 1.86838 
0.365533 0.744581 1.27355 
0.183671 0.49961 0.92163 
0.50324 0.841416 1.14396 
1.19296 1.66484 1.9148 
1.85789 2.51353 2.78445 
2.11776 2.88913 3.18978 
1.90238 2.63348 2.90466 
1.48582 2.0324 2.21375 
1.23323 1.54983 1.64724 
1.31444 1.45947 1.54329 
1.63935 1.70765 1.84609 
2.01274 2.06784 2.2667 
2.30297 2.36318 2.57024 
2.47372 2.53914 2.69818 
2.51993 2.59165 2.68405 
2.42745 2.49973 2.53963 
2.19042 2.24181 2.24886 
1.83313 1.84124 1.83001 
1.40497 1.371 1.35982 
0.973309 0.924277 0.937212 
0.622527 0.588214 0.640341 
0.424612 0.419141 0.506955 
0.381514 0.410564 0.52469 
0.41639 0.49458 0.638101 
0.463185 0.61521 0.799931 
0.564017 0.810633 1.03519 
0.827242 1.17936 1.42221 
1.25377 1.72047 1.9626 
1.63495 2.22113 2.46974 
1.686 2.36237 2.63855 
1.31159 1.98152 2.27849 
0.726951 1.23678 1.4959 
0.299953 0.506914 0.646094 
0.268784 0.124629 0.100781 
0.589054 0.177312 0.0300663 
1.0021 0.499897 0.33905 
1.22232 0.810061 0.753038 
1.10486 0.878551 0.97824 
0.719413 0.65708 0.86673 
0.300431 0.302084 0.503074 
0.0856234 0.0598526 0.138111 
0.145366 0.0813903 0.000730125 
0.354435 0.326583 0.144829 
0.538234 0.642986 0.461386 
0.632659 0.913288 0.80531 
0.68148 1.10029 1.07816 
0.706158 1.17635 1.21099 
0.647288 1.08606 1.14597 
0.463273 0.822234 0.890579 
0.235608 0.497991 0.563158 
0.109821 0.274908 0.320104 
0.132378 0.208451 0.220146 
0.199144 0.207801 0.195079 
0.186361 0.166899 0.169141 
0.0921419 0.0952727 0.166519 
0.0123834 0.0828425 0.262217 
0.00534256 0.164079 0.452905 
0.0380548 0.277873 0.638472 
0.0759367 0.374078 0.748489 
0.176098 0.510116 0.841714 
0.449334 0.798053 1.03914 
0.935726 1.26529 1.37141 
1.53986 1.79725 1.72673 
2.08393 2.2168 1.94893 
2.40911 2.39953 1.95874 
2.44396 2.32142 1.77814 
2.22384 2.04033 1.47778 
1.87024 1.66144 1.13441 
1.5253 1.29749 0.820869 
1.26181 1.01484 0.589355 
1.04315 0.79903 0.441718 
0.786023 0.588634 0.332655 
0.47214 0.35827 0.222894 
0.189585 0.162919 0.128135 
0.0576012 0.0907898 0.104536 
0.116348 0.17441 0.184795 
0.293017 0.35243 0.333798 
0.464107 0.513537 0.466606 
0.541635 0.57286 0.507542 
0.512501 0.516738 0.439149 
0.421699 0.394199 0.307201 
0.330952 0.274505 0.182917 
0.283355 0.204069 0.113028 
0.289756 0.190386 0.0981726 
0.337668 0.218461 0.115306 
0.407134 0.275295 0.15395 
0.474586 0.351527 0.220502 
0.507073 0.422291 0.306854 
0.469177 0.442544 0.369706 
0.349921 0.376843 0.356835 
0.184512 0.237012 0.257202 
0.0444178 0.087293 0.121995 
0.00223769 0.0114602 0.0372202 
0.0967707 0.0681612 0.072858 
0.309476 0.255442 0.238783 
0.554935 0.494678 0.464514 
0.704925 0.654325 0.622106 
0.661702 0.627195 0.602881 
0.439842 0.418996 0.406831 
0.172889 0.161144 0.159486 
0.0154506 0.0132607 0.0187259 
0.0238144 0.037074 0.0483245 
0.130162 0.163355 0.180441 
0.225945 0.275857 0.297117 
0.257098 0.314659 0.336625 
0.240873 0.299367 0.320969 
0.216065 0.276563 0.302842 
0.200143 0.268253 0.30871 
0.19 0.267327 0.329686 
0.181347 0.259804 0.344356 
0.175122 0.238635 0.337299 
0.171994 0.203751 0.303832 
0.17006 0.160283 0.249893 
0.167397 0.117491 0.189216 
0.162513 0.0842587 0.135566 
0.152715 0.0638616 0.0955224 
0.134615 0.0533823 0.068358 
0.106443 0.0465623 0.04999 
0.0700693 0.0368992 0.0353969 
0.0328837 0.0219589 0.0212737 
0.00711165 0.00744481 0.0105578 
0.00219834 0.00376858 0.0117318 
0.0152183 0.014838 0.0286495 
0.0325438 0.0322663 0.0521573 
0.0432973 0.0435907 0.066471 
0.0463874 0.0432593 0.0636019 
0.0422329 0.0329033 0.0485966 
0.0277211 0.0178585 0.0343258 
0.009118 0.0117705 0.037904 
0.010156 0.0369932 0.0772029 
0.047425 0.102125 0.154919 
0.0984216 0.176893 0.241046 
0.117742 0.209142 0.286232 
0.0949654 0.179001 0.265753 
0.0737894 0.121792 0.203003 
0.0940642 0.0830244 0.139924 
0.133875 0.0663345 0.0959821 
0.138238 0.047244 0.0703239 
0.0937821 0.022405 0.0661308 
0.0399872 0.0105359 0.0815008 
0.010621 0.0112975 0.0863416 
0.00437521 0.00642911 0.0521155 
0.0169704 0.00649634 0.00840947 
0.0567609 0.0483904 0.0205181 
0.114999 0.130235 0.0952116 
0.164306 0.198562 0.164143 
0.197438 0.221432 0.186231 
0.217922 0.218014 0.197902 
0.198063 0.196343 0.22091 
0.124888 0.139826 0.207309 
0.0559009 0.0704524 0.138029 
0.0162522 0.0263315 0.0764282 
0.0768589 0.0867681 0.101716 
1.1138 0.819666 0.441731 
5.28292 3.58035 1.68292 
13.9609 9.09901 4.08181 
23.7452 14.8266 6.12829 
26.507 15.4334 5.1904 
17.7991 9.06427 1.60287 
5.08897 1.87431 0.0998126 
0.0235904 0.0190312 1.71064 
0.300233 0.184144 0.106913 
4.68378 21.801 23.3086 
101.433 210.824 243.368 
586.235 954.349 1086.17 
1961.83 2846.37 3180.44 
4687.65 6379.01 7026.64 
8747.95 11455.9 12493.6 
13348.7 17077.7 18503.1 
17077.1 21557.3 23267.1 
18554.2 23282.4 25088 
