1.93949 2.24455 1.83566 
1.60034 2.12083 1.97672 
1.20943 1.84213 1.95765 
0.843071 1.49122 1.82548 
0.542111 1.16138 1.6552 
0.322506 0.923641 1.50629 
0.192375 0.806024 1.39673 
0.161293 0.795081 1.31091 
0.234354 0.853181 1.22743 
0.395064 0.935917 1.13914 
0.592256 1.00088 1.05112 
0.748068 1.012 0.965953 
0.791712 0.947681 0.875228 
0.703591 0.813312 0.766038 
0.540737 0.647785 0.634733 
0.419853 0.512825 0.494085 
0.458822 0.464499 0.367139 
0.707196 0.521467 0.273074 
1.10953 0.65159 0.217038 
1.52896 0.789324 0.192275 
1.81926 0.874826 0.191903 
1.89952 0.887437 0.217862 
1.7834 0.848162 0.275428 
1.54923 0.789999 0.355285 
1.28057 0.72295 0.421056 
1.02451 0.626707 0.421729 
0.792895 0.479801 0.328933 
0.591686 0.298899 0.172527 
0.441365 0.148381 0.0398268 
0.365828 0.103338 0.0271016 
0.362086 0.190681 0.171429 
0.384978 0.356615 0.41329 
0.369265 0.492057 0.623371 
0.277403 0.50311 0.681405 
0.135943 0.37766 0.555647 
0.0288484 0.200075 0.329081 
0.0470486 0.101717 0.153608 
0.225496 0.178207 0.160025 
0.509341 0.425595 0.378578 
0.774196 0.73578 0.717676 
0.892789 0.955574 1.01359 
0.809995 0.974842 1.12191 
0.57862 0.789579 0.996121 
0.329183 0.499785 0.705858 
0.189985 0.244323 0.38662 
0.210385 0.117907 0.157477 
0.339732 0.126071 0.0621601 
0.473073 0.202601 0.0665279 
0.524809 0.266566 0.101942 
0.475042 0.272442 0.115623 
0.362336 0.223 0.095085 
0.241733 0.149756 0.0611429 
0.14773 0.0864226 0.045278 
0.0862082 0.0543504 0.0690655 
0.0492263 0.0609646 0.133909 
0.0314471 0.102921 0.221821 
0.0345247 0.169243 0.305337 
0.0614508 0.245382 0.362186 
0.110287 0.318859 0.386996 
0.1731 0.383509 0.392651 
0.239216 0.439008 0.400419 
0.299132 0.486287 0.425537 
0.346769 0.522987 0.467419 
0.379973 0.542694 0.509699 
0.399959 0.538271 0.529313 
0.410175 0.50664 0.50947 
0.414752 0.451723 0.449776 
0.416752 0.383874 0.367996 
0.416654 0.316424 0.292131 
0.411712 0.261506 0.247286 
0.396716 0.227211 0.245277 
0.366304 0.216627 0.282716 
0.318114 0.227878 0.34681 
0.255347 0.254286 0.422789 
0.187272 0.285022 0.497363 
0.127036 0.307419 0.55769 
0.0874338 0.311081 0.589848 
0.0763668 0.291916 0.580568 
0.0941247 0.253501 0.522246 
0.133977 0.204996 0.418118 
0.185681 0.157483 0.28468 
0.239579 0.121534 0.150523 
0.288991 0.107201 0.0520398 
0.330856 0.125056 0.0258497 
0.366162 0.185274 0.0971862 
0.400091 0.292511 0.265763 
0.439494 0.43818 0.496285 
0.487222 0.597077 0.724937 
0.538051 0.735968 0.887509 
0.581445 0.832468 0.956944 
0.608839 0.889055 0.961626 
0.616762 0.926011 0.962397 
0.602746 0.956489 1.00067 
0.562507 0.968997 1.06244 
0.496097 0.938384 1.09401 
0.414956 0.854246 1.05512 
0.334405 0.732576 0.954176 
0.255315 0.595888 0.829474 
0.162981 0.449595 0.702387 
0.059711 0.291651 0.561091 
0.000509779 0.148537 0.39484 
0.0763532 0.0858223 0.233409 
0.334416 0.160372 0.136021 
0.702889 0.352077 0.13461 
1.00656 0.551456 0.194407 
1.08054 0.63074 0.238929 
0.889411 0.539017 0.215441 
0.547569 0.334818 0.135153 
0.228603 0.132278 0.0541862 
0.0496831 0.0175601 0.0227572 
0.0229333 0.00653508 0.0516151 
0.0891509 0.06149 0.115075 
0.180098 0.132547 0.174819 
0.255507 0.186871 0.203123 
0.305659 0.217309 0.196937 
0.340296 0.239164 0.180018 
0.379012 0.27978 0.18951 
0.44222 0.361527 0.251143 
0.539775 0.485367 0.360141 
0.661703 0.626407 0.483466 
0.777717 0.74455 0.580034 
0.847278 0.80217 0.621044 
0.837047 0.779569 0.598845 
0.738996 0.684087 0.527255 
0.578698 0.549522 0.438002 
0.404542 0.421479 0.369458 
0.261082 0.332241 0.345388 
0.165406 0.282537 0.357112 
0.105968 0.248087 0.369445 
0.0633634 0.207676 0.351919 
0.0315809 0.166594 0.30884 
0.0194877 0.151905 0.278223 
0.034468 0.184042 0.29855 
0.0683079 0.253152 0.373674 
0.100533 0.322908 0.467131 
0.114392 0.356757 0.528262 
0.108634 0.341676 0.525129 
0.0950648 0.29069 0.458483 
0.0868148 0.227125 0.352335 
0.0888042 0.167647 0.235676 
0.0964399 0.116905 0.130991 
0.100378 0.0731855 0.0531296 
0.0926122 0.0362731 0.0119547 
0.0711191 0.0103537 0.0120313 
0.0417089 0.0011111 0.048938 
0.0156494 0.0104762 0.106877 
0.00329008 0.0332834 0.162045 
0.00755772 0.0585249 0.191935 
0.0224765 0.0748501 0.185806 
0.0379277 0.0766113 0.149506 
0.0463918 0.0658864 0.100771 
0.0464306 0.0492553 0.0578988 
0.0416549 0.0328384 0.0300253 
0.0375611 0.019996 0.0156625 
0.03839 0.0121544 0.00861695 
0.0445528 0.00967686 0.00439661 
0.051602 0.0110828 0.00179225 
0.0526074 0.0127209 0.000793345 
0.043519 0.0111907 0.0012986 
0.0271418 0.00673486 0.0040526 
0.011441 0.00344751 0.0111085 
0.00336758 0.00536684 0.0237129 
0.00402607 0.0123846 0.0395194 
0.00924019 0.0202818 0.0527774 
0.0141808 0.0250925 0.0585879 
0.0182246 0.0284056 0.0585759 
0.0274444 0.039562 0.0633384 
0.0529248 0.0716168 0.0875009 
0.103271 0.130648 0.137268 
0.173783 0.204359 0.198374 
0.24169 0.261731 0.237911 
0.276324 0.270569 0.22594 
0.259954 0.222626 0.162843 
0.201406 0.143288 0.0857427 
0.12881 0.0733166 0.0420486 
0.0683074 0.0376457 0.0510286 
0.029489 0.0306988 0.0898683 
0.0088268 0.0304831 0.117665 
0.00161713 0.0232897 0.112071 
0.0065773 0.0125272 0.0824446 
0.020838 0.00706139 0.0519306 
0.0363503 0.0077964 0.0337885 
0.0445615 0.00846954 0.0269384 
0.043126 0.00557542 0.0277734 
0.0358873 0.00231328 0.0376486 
0.0274509 0.00287804 0.0573012 
0.0202402 0.00704363 0.0798013 
0.0160193 0.0120735 0.0941273 
0.0162594 0.0168087 0.0947108 
0.018913 0.0207378 0.0841025 
0.0177187 0.0209178 0.0669515 
0.00917217 0.0148016 0.0460616 
0.000891481 0.00798415 0.0267624 
0.00933012 0.0154773 0.0213517 
0.0451097 0.0499597 0.042644 
0.0996024 0.106599 0.0898818 
0.147556 0.161128 0.142798 
0.164898 0.185692 0.173236 
0.145887 0.169042 0.165309 
0.105693 0.123969 0.126263 
0.0692936 0.0781501 0.0803153 
0.0578911 0.0584383 0.0534284 
0.0808003 0.0792714 0.0611539 
0.13244 0.137641 0.103799 
0.192662 0.213032 0.166654 
0.232975 0.273669 0.224587 
0.230237 0.290589 0.252493 
0.180929 0.253507 0.238228 
0.104779 0.176935 0.188963 
0.0346817 0.0915486 0.125711 
0.00112388 0.0282322 0.0715319 
0.020255 0.00575825 0.0429274 
0.0876031 0.0258895 0.0472665 
0.177609 0.0740989 0.0824711 
0.252886 0.125605 0.136775 
0.283442 0.156529 0.190233 
0.2642 0.154929 0.219527 
0.216426 0.125466 0.206859 
0.17165 0.087296 0.152934 
0.14903 0.0656727 0.0853828 
0.13942 0.0744118 0.0452843 
0.112358 0.0986314 0.0524553 
0.0583713 0.107391 0.0887009 
0.0377881 0.103249 0.133451 
0.156794 0.147555 0.21064 
0.440806 0.293408 0.36029 
0.736112 0.483218 0.544365 
0.819782 0.570367 0.631243 
0.649172 0.486801 0.534134 
0.420356 0.336258 0.334139 
0.352178 0.284112 0.19443 
0.692301 0.533792 0.220432 
2.28594 1.65678 0.578597 
6.78075 4.6868 1.64951 
14.9527 9.95777 3.52586 
23.8685 15.2804 5.09474 
26.9675 16.3867 4.5012 
19.9629 11.2627 1.76845 
7.59615 3.9283 0.0482557 
0.497923 0.357286 0.994007 
1.02739 0.0770506 0.385055 
0.0955546 7.02796 7.0474 
16.7322 85.8103 106.587 
179.382 449.526 549.808 
783.353 1499.95 1782.64 
2225.1 3716.47 4315.53 
4774.37 7368.35 8413.85 
8285.53 12181.9 13751.4 
12058.8 17206.8 19280 
15019.6 21063.4 23502.7 
16181.3 22517.3 25088 
