0.235708 0.0445019 0.0380266 
0.123906 0.0275741 0.102043 
0.0665476 0.0467753 0.167372 
0.053116 0.0760102 0.198488 
0.0734173 0.0989338 0.182131 
0.123477 0.116908 0.13586 
0.201143 0.143886 0.0995704 
0.293911 0.190028 0.111901 
0.370821 0.246542 0.185858 
0.390892 0.286214 0.301175 
0.32881 0.283061 0.41991 
0.201983 0.237598 0.513573 
0.0759471 0.185828 0.579816 
0.0366078 0.179903 0.634401 
0.142303 0.25102 0.685226 
0.387766 0.382813 0.712349 
0.708528 0.519808 0.675588 
1.02715 0.610195 0.549132 
1.3107 0.653637 0.357887 
1.59663 0.716092 0.183813 
1.96405 0.89427 0.129792 
2.46601 1.24869 0.260207 
3.0686 1.74955 0.557193 
3.64126 2.27425 0.923535 
4.00954 2.66176 1.23242 
4.04006 2.79178 1.39304 
3.70656 2.64068 1.39163 
3.0993 2.28338 1.28544 
2.3767 1.84525 1.1589 
1.6924 1.43806 1.07315 
1.14056 1.11816 1.03991 
0.74418 0.885158 1.03033 
0.481283 0.711575 1.00585 
0.322578 0.57674 0.946778 
0.253871 0.481917 0.860893 
0.273075 0.440913 0.770806 
0.371239 0.458327 0.69301 
0.516399 0.514086 0.624795 
0.654311 0.566141 0.547359 
0.726878 0.569735 0.441713 
0.697261 0.501043 0.306038 
0.567148 0.371107 0.163269 
0.37704 0.222552 0.0543398 
0.190085 0.111443 0.0209781 
0.0679464 0.083912 0.0871946 
0.0496214 0.158491 0.248395 
0.141006 0.320786 0.472286 
0.316978 0.530534 0.709733 
0.532476 0.735939 0.909717 
0.736682 0.888663 1.03225 
0.885299 0.954753 1.05573 
0.948619 0.920139 0.978657 
0.915538 0.791746 0.817809 
0.794644 0.59575 0.604682 
0.612817 0.373356 0.380805 
0.410596 0.173333 0.190925 
0.233251 0.040739 0.0733537 
0.118083 0.00333496 0.0486237 
0.0813481 0.0600494 0.110242 
0.110639 0.177509 0.222862 
0.168263 0.299152 0.331791 
0.207022 0.36635 0.383099 
0.193173 0.344213 0.34737 
0.125826 0.240188 0.235967 
0.041658 0.104709 0.0999875 
0.000118054 0.010896 0.00957457 
0.0545562 0.0211706 0.0216951 
0.223258 0.156623 0.151931 
0.475624 0.384772 0.365112 
0.741385 0.632401 0.590337 
0.938741 0.817188 0.753004 
1.00758 0.882304 0.807474 
0.931965 0.817454 0.754209 
0.742634 0.657892 0.634269 
0.500708 0.4646 0.506221 
0.272365 0.297298 0.418707 
0.106449 0.193233 0.392095 
0.0231339 0.159382 0.415974 
0.015132 0.178009 0.460441 
0.0574691 0.219802 0.493284 
0.119795 0.257428 0.494376 
0.176342 0.274439 0.462067 
0.211304 0.267942 0.410964 
0.219771 0.2461 0.363955 
0.205615 0.222656 0.342435 
0.177795 0.210595 0.358089 
0.146235 0.2166 0.408293 
0.118151 0.237722 0.476018 
0.0957916 0.26149 0.534349 
0.0766062 0.270158 0.554832 
0.0562413 0.248441 0.517736 
0.0334379 0.192145 0.42099 
0.0142801 0.113678 0.283975 
0.0127161 0.0407174 0.143414 
0.0457149 0.00702899 0.0415621 
0.12453 0.0385114 0.0106956 
0.246486 0.140787 0.0604097 
0.392327 0.294736 0.173686 
0.531526 0.46274 0.313787 
0.633496 0.602931 0.438776 
0.679137 0.684589 0.5168 
0.666946 0.697576 0.535386 
0.611173 0.652283 0.501606 
0.533886 0.571679 0.434828 
0.455634 0.480502 0.356881 
0.38906 0.396811 0.28444 
0.337298 0.328597 0.225935 
0.296268 0.275105 0.182444 
0.258727 0.230699 0.15051 
0.218257 0.189051 0.125021 
0.17217 0.146283 0.101387 
0.122768 0.102472 0.0769547 
0.0765007 0.0613192 0.051728 
0.0409984 0.0281977 0.0282406 
0.0211022 0.00742281 0.0105399 
0.016041 0.000205305 0.00267747 
0.0197989 0.00457288 0.00744109 
0.0249234 0.0173738 0.0258493 
0.0275905 0.0369392 0.0572747 
0.030476 0.0642838 0.0995569 
0.0411251 0.101616 0.148646 
0.0665201 0.148943 0.198085 
0.107341 0.201229 0.239286 
0.155882 0.248526 0.263379 
0.199267 0.27959 0.264309 
0.226022 0.287067 0.241704 
0.231862 0.271063 0.201672 
0.221108 0.238889 0.15472 
0.203203 0.201191 0.111683 
0.186918 0.166953 0.0797893 
0.176035 0.140294 0.0608734 
0.168838 0.120525 0.0523083 
0.160953 0.104664 0.0496345 
0.149048 0.0903079 0.0490981 
0.132887 0.0770388 0.0488789 
0.114923 0.0660706 0.0489838 
0.0984442 0.059093 0.0505971 
0.0859495 0.0574711 0.0555612 
0.0786723 0.0621355 0.065965 
0.0769568 0.0736408 0.0833901 
0.080628 0.0917858 0.107695 
0.0888807 0.114866 0.135971 
0.0999801 0.139288 0.162654 
0.111373 0.160202 0.181191 
0.120399 0.173031 0.186572 
0.125144 0.175001 0.177264 
0.124781 0.165747 0.155464 
0.119213 0.14681 0.125709 
0.108453 0.12066 0.0929465 
0.0924684 0.0901116 0.0613043 
0.0717403 0.0584286 0.0339672 
0.0481738 0.0296988 0.013636 
0.0255853 0.00872391 0.00269784 
0.00917976 6.05679e-05 0.00271778 
0.00399786 0.00650186 0.0136028 
0.0129081 0.0277533 0.0331557 
0.0350613 0.0600505 0.0574958 
0.0656906 0.0970701 0.0822588 
0.097649 0.131914 0.104012 
0.124192 0.159374 0.12117 
0.141608 0.177373 0.13389 
0.15008 0.186691 0.142889 
0.152094 0.189055 0.147819 
0.149459 0.184843 0.14633 
0.141301 0.172266 0.134874 
0.124895 0.149017 0.111281 
0.0989857 0.115441 0.077658 
0.0669145 0.0766983 0.0414191 
0.0365365 0.0416759 0.0130779 
0.0162498 0.0187534 0.00159684 
0.00976708 0.0111502 0.0100507 
0.0136829 0.0152737 0.0344003 
0.0199693 0.0233841 0.066078 
0.0216535 0.0286035 0.0964327 
0.017329 0.0285573 0.120021 
0.011116 0.0252427 0.135088 
0.00843736 0.0219203 0.142035 
0.0112993 0.0201043 0.142056 
0.0168798 0.0191798 0.137223 
0.0201961 0.0184697 0.131327 
0.0182408 0.0193041 0.129639 
0.0121048 0.0248211 0.136739 
0.00570568 0.037517 0.153596 
0.00264809 0.0567107 0.176204 
0.00392046 0.0781674 0.197166 
0.00790919 0.0962404 0.209368 
0.012099 0.106881 0.209412 
0.0147731 0.10942 0.198751 
0.0156015 0.10624 0.182245 
0.0152171 0.100986 0.165394 
0.0144995 0.0966638 0.151971 
0.0140663 0.094543 0.143047 
0.0140529 0.0941204 0.137445 
0.0141801 0.0939029 0.133066 
0.0141928 0.0925933 0.128287 
0.0145783 0.0901147 0.122763 
0.0170731 0.0879027 0.117303 
0.02438 0.088253 0.113077 
0.0390338 0.0931453 0.110856 
0.0620579 0.103328 0.110805 
0.0922405 0.118194 0.112799 
0.126389 0.136379 0.116829 
0.160328 0.156683 0.123348 
0.190189 0.178924 0.133767 
0.213498 0.204288 0.150917 
0.229484 0.234384 0.178259 
0.238047 0.268496 0.216686 
0.237777 0.300221 0.260035 
0.224942 0.316807 0.293497 
0.195583 0.304244 0.299062 
0.150329 0.256876 0.2669 
0.0977586 0.184637 0.204728 
0.0515293 0.110287 0.136001 
0.021866 0.0562793 0.0858492 
0.00932218 0.031133 0.065106 
0.00926941 0.0276237 0.0659786 
0.0251597 0.0347042 0.0727317 
0.0756282 0.0504793 0.0762987 
0.180907 0.0811565 0.0787695 
0.333953 0.126698 0.0867578 
0.484858 0.172476 0.106505 
0.565419 0.203445 0.148586 
0.544888 0.229255 0.22896 
0.467297 0.285023 0.346201 
0.423059 0.389849 0.446438 
0.466695 0.499359 0.433391 
0.557548 0.520134 0.272004 
0.59354 0.40336 0.132441 
0.51379 0.228035 0.40059 
0.357891 0.144944 1.40547 
0.214459 0.187202 2.97211 
0.167605 0.181975 4.23389 
0.45003 0.0358855 4.14172 
1.78607 0.277779 2.52455 
5.40763 2.12439 0.698186 
11.9957 6.23249 0.438576 
19.5766 10.515 1.57661 
22.3294 9.83497 1.35794 
14.2039 2.41555 1.07702 
1.02536 6.77753 24.3146 
20.5985 87.2011 144.52 
162.871 376.501 509.426 
575.421 1077.51 1341.79 
1439.18 2425.86 2897.66 
2909.21 4610.39 5378.74 
5033.89 7670.31 8820.46 
7683.8 11409.5 13000.1 
10528.8 15374.5 17414.9 
13088.9 18925.2 21361.2 
14854.4 21390.9 24104.4 
15439 22262.8 25088 
