0.68975 0.585362 0.57988 
0.407752 0.339826 0.365895 
0.22551 0.193205 0.246805 
0.116683 0.14119 0.227843 
0.0909214 0.186016 0.304988 
0.185455 0.321456 0.444362 
0.392281 0.482665 0.549199 
0.611788 0.547973 0.500731 
0.700666 0.431071 0.283434 
0.579681 0.185512 0.0756936 
0.30669 0.0075945 0.178124 
0.0575339 0.117079 0.800665 
0.0336336 0.610667 1.87914 
0.353953 1.39875 3.07829 
0.982701 2.25438 3.97856 
1.72646 2.92265 4.30173 
2.31277 3.22358 4.02683 
2.52088 3.10934 3.35148 
2.29104 2.66322 2.55603 
1.74107 2.04568 1.86301 
1.08465 1.41712 1.36242 
0.519843 0.884998 1.02767 
0.165516 0.50428 0.795532 
0.0647882 0.312369 0.646082 
0.213784 0.348417 0.622227 
0.572293 0.62992 0.77929 
1.05867 1.11312 1.11601 
1.56368 1.68952 1.55389 
1.99943 2.23904 1.98626 
2.35351 2.70291 2.35383 
2.69941 3.11522 2.68084 
3.14509 3.56537 3.04313 
3.75297 4.12131 3.49914 
4.48659 4.77142 4.03997 
5.21424 5.41973 4.58857 
5.75662 5.92403 5.034 
5.94526 6.14417 5.26845 
5.67086 5.98051 5.21147 
4.91987 5.40417 4.82942 
3.80044 4.4836 4.15832 
2.54427 3.39576 3.31953 
1.46167 2.39665 2.50351 
0.839634 1.73627 1.90553 
0.809554 1.5391 1.62956 
1.25393 1.71547 1.61446 
1.83257 1.9821 1.64959 
2.15138 2.01586 1.50205 
1.98792 1.6591 1.08552 
1.41681 1.02484 0.537339 
0.733099 0.406275 0.120688 
0.232166 0.0554501 0.0172055 
0.0250777 0.0144887 0.186301 
0.025859 0.132267 0.4141 
0.0823465 0.22423 0.49796 
0.105873 0.212817 0.392188 
0.0954269 0.137186 0.198795 
0.080017 0.0674869 0.0481461 
0.0691386 0.0341686 0.000200545 
0.0548864 0.0275664 0.0374487 
0.0354773 0.0323651 0.113734 
0.0195959 0.0436106 0.192117 
0.0127868 0.0588204 0.252655 
0.0110867 0.073478 0.292087 
0.0096575 0.0908263 0.328223 
0.0133016 0.131458 0.399178 
0.038959 0.229587 0.549888 
0.109835 0.415684 0.810134 
0.238588 0.687382 1.16609 
0.40002 0.976655 1.52906 
0.516838 1.14575 1.7321 
0.495154 1.05295 1.60137 
0.309803 0.677724 1.0985 
0.0746814 0.212064 0.433884 
0.0165902 0.00843604 0.0201035 
0.341337 0.375725 0.241476 
1.07994 1.35457 1.18341 
2.03269 2.64516 2.53025 
2.85865 3.75346 3.72464 
3.2518 4.25853 4.28221 
3.09155 4.02302 4.04474 
2.48377 3.22492 3.21692 
1.68406 2.21953 2.19648 
0.960875 1.34092 1.33807 
0.478882 0.763737 0.802358 
0.258604 0.483205 0.553204 
0.217195 0.38985 0.459513 
0.248918 0.368942 0.408104 
0.290159 0.361707 0.357133 
0.336474 0.368179 0.320928 
0.416717 0.413486 0.325024 
0.553681 0.51382 0.37644 
0.739761 0.664256 0.466537 
0.938251 0.846449 0.591212 
1.10264 1.04036 0.760992 
1.19892 1.22795 0.987644 
1.21932 1.39045 1.25961 
1.18372 1.50886 1.53215 
1.13041 1.57266 1.74608 
1.10019 1.58917 1.8621 
1.11956 1.58233 1.88224 
1.19057 1.57848 1.84136 
1.29312 1.59041 1.77883 
1.39839 1.61223 1.71441 
1.4838 1.62677 1.64362 
1.53883 1.6162 1.54862 
1.55944 1.5673 1.41212 
1.53908 1.4717 1.22698 
1.46662 1.32648 1.00101 
1.33415 1.1376 0.756522 
1.14755 0.922289 0.523409 
0.929918 0.706149 0.327629 
0.714002 0.516005 0.182994 
0.529333 0.373272 0.0929222 
0.392968 0.291574 0.0600942 
0.308552 0.277373 0.093729 
0.270949 0.329585 0.205509 
0.270737 0.436267 0.395352 
0.295412 0.571138 0.638105 
0.328235 0.695149 0.88337 
0.347785 0.766229 1.07231 
0.331601 0.755368 1.16379 
0.266232 0.662783 1.15553 
0.161747 0.526008 1.08775 
0.0617055 0.413357 1.02653 
0.0364719 0.401814 1.0351 
0.155605 0.546781 1.14779 
0.450633 0.857049 1.35857 
0.88968 1.28671 1.62616 
1.38032 1.74712 1.88914 
1.8006 2.13304 2.08314 
2.04331 2.35339 2.1563 
2.054 2.35719 2.0821 
1.84843 2.14756 1.86639 
1.50469 1.77922 1.54507 
1.13401 1.34016 1.17261 
0.84011 0.923616 0.807112 
0.680359 0.599044 0.497046 
0.644519 0.391575 0.270959 
0.665044 0.279649 0.131453 
0.659322 0.215304 0.05875 
0.580525 0.157682 0.026423 
0.44046 0.0966387 0.0200412 
0.287231 0.0486459 0.042725 
0.162216 0.0330902 0.102987 
0.0808282 0.0562753 0.19858 
0.0510013 0.116925 0.31173 
0.0941339 0.215523 0.414344 
0.228152 0.343998 0.472422 
0.424746 0.465381 0.451794 
0.598889 0.520905 0.339088 
0.662536 0.477203 0.172844 
0.598104 0.369756 0.0470327 
0.473432 0.284958 0.0560948 
0.377761 0.284713 0.21197 
0.345615 0.350003 0.416155 
0.349387 0.411785 0.537486 
0.363058 0.44502 0.54181 
0.418304 0.524147 0.549389 
0.582504 0.767245 0.746474 
0.875108 1.20805 1.21188 
1.20829 1.71501 1.80791 
1.41849 2.04303 2.23924 
1.37156 1.9895 2.24449 
1.05971 1.53804 1.77812 
0.616451 0.883837 1.05106 
0.240888 0.324884 0.407146 
0.0852432 0.0956835 0.125708 
0.178275 0.250425 0.279679 
0.426841 0.660283 0.72838 
0.685826 1.11251 1.23143 
0.84643 1.43866 1.5976 
0.887389 1.59078 1.77257 
0.864113 1.6285 1.82224 
0.854703 1.64412 1.84413 
0.906869 1.68957 1.88385 
1.01877 1.75481 1.91614 
1.15335 1.79682 1.88863 
1.26254 1.77961 1.77654 
1.3035 1.69032 1.59858 
1.24933 1.53157 1.39106 
1.10243 1.31416 1.17723 
0.904145 1.06287 0.963782 
0.722542 0.821407 0.759264 
0.61611 0.638437 0.585193 
0.599542 0.54059 0.46495 
0.644557 0.520361 0.406555 
0.718133 0.555359 0.403754 
0.822499 0.641324 0.456 
0.996578 0.802789 0.581145 
1.274 1.06494 0.797943 
1.63443 1.41063 1.08906 
1.99532 1.76869 1.38623 
2.26198 2.06058 1.61213 
2.40737 2.28161 1.76459 
2.51956 2.54885 1.97334 
2.76304 3.05174 2.45435 
3.25502 3.90756 3.35648 
3.93353 5.01338 4.59718 
4.52738 6.02081 5.82612 
4.68343 6.4891 6.57833 
4.18667 6.13487 6.52994 
3.11977 5.00734 5.67779 
1.8372 3.46316 4.31961 
0.76472 1.96449 2.86749 
0.167085 0.849957 1.64353 
0.0436476 0.225703 0.787607 
0.20243 0.0107188 0.291329 
0.42725 0.0571422 0.0816713 
0.603463 0.244854 0.0814118 
0.733145 0.511364 0.233452 
0.875009 0.842836 0.510881 
1.08976 1.26101 0.919307 
1.42954 1.80773 1.47632 
1.94075 2.50859 2.16607 
2.63299 3.31758 2.89906 
3.41901 4.08102 3.51347 
4.08967 4.5654 3.82494 
4.38109 4.55652 3.70032 
4.11574 3.98136 3.12405 
3.32394 2.97512 2.23096 
2.25372 1.83908 1.27865 
1.25832 0.902893 0.543444 
0.64115 0.375706 0.177341 
0.558044 0.28697 0.128256 
1.01373 0.552436 0.214516 
1.9073 1.093 0.317987 
3.05987 1.882 0.521336 
4.21295 2.86659 1.02985 
5.05146 3.85015 1.91857 
5.29942 4.49091 2.94546 
4.85488 4.47513 3.64393 
3.85959 3.74145 3.64771 
2.62964 2.55484 2.96599 
1.49003 1.35217 1.966 
0.643156 0.488638 1.09848 
0.161546 0.0938874 0.627139 
0.0673889 0.119504 0.572339 
0.380219 0.469917 0.836036 
1.06698 1.05778 1.31532 
1.95416 1.74958 1.88931 
2.72214 2.31255 2.35404 
3.03323 2.47889 2.45329 
2.72091 2.11455 2.0403 
1.90951 1.36268 1.24792 
0.983813 0.639098 0.511814 
0.425736 0.462522 0.398435 
0.600095 1.20435 1.32277 
1.582 2.87891 3.30113 
3.09966 5.07728 5.86673 
4.63246 7.09961 8.2149 
5.64317 8.25867 9.54836 
