0.126845 0.11095 0.0509597 
0.328124 0.277816 0.149384 
0.45105 0.352424 0.185414 
0.41529 0.285315 0.142357 
0.264969 0.150282 0.0979199 
0.10803 0.0607167 0.13322 
0.0211833 0.0655794 0.242225 
0.0145311 0.127345 0.336816 
0.0754293 0.192713 0.342195 
0.216898 0.263532 0.277203 
0.453018 0.378303 0.228455 
0.723819 0.526903 0.247503 
0.879848 0.614857 0.292731 
0.791413 0.547417 0.289199 
0.496177 0.354344 0.235817 
0.213928 0.199063 0.220252 
0.169424 0.227672 0.307265 
0.379757 0.408573 0.434615 
0.633115 0.55469 0.466836 
0.696477 0.524482 0.369157 
0.535367 0.377512 0.287464 
0.311663 0.295082 0.399842 
0.18157 0.353534 0.684387 
0.142496 0.426953 0.888835 
0.0982732 0.347753 0.779815 
0.0314056 0.134515 0.411854 
0.0456968 0.00276675 0.102254 
0.223636 0.131511 0.118685 
0.486681 0.452503 0.412662 
0.642367 0.703048 0.679548 
0.56983 0.679517 0.664898 
0.335025 0.417755 0.391122 
0.121048 0.13432 0.101986 
0.0661058 0.0252195 0.0290833 
0.17455 0.131133 0.22423 
0.357251 0.361342 0.575885 
0.526147 0.602564 0.934075 
0.650195 0.797826 1.21029 
0.750713 0.954205 1.39594 
0.87037 1.11062 1.5282 
1.0476 1.30537 1.65022 
1.29972 1.55503 1.78542 
1.60646 1.83906 1.92416 
1.89815 2.0915 2.0204 
2.06779 2.21469 2.00606 
2.01907 2.12485 1.82853 
1.72886 1.80962 1.49488 
1.27499 1.35117 1.08429 
0.797212 0.885031 0.706685 
0.417401 0.523318 0.438206 
0.184866 0.308963 0.296748 
0.0862659 0.235199 0.28037 
0.0937031 0.292243 0.414307 
0.194265 0.477912 0.734445 
0.379946 0.762966 1.21148 
0.627713 1.06691 1.70492 
0.902342 1.2918 2.02087 
1.17469 1.38895 2.03909 
1.42476 1.388 1.79448 
1.62333 1.35556 1.43843 
1.72092 1.32736 1.12127 
1.66916 1.28228 0.903172 
1.45938 1.17648 0.7563 
1.13905 0.99394 0.628499 
0.787904 0.762952 0.496088 
0.476862 0.532638 0.368748 
0.244795 0.342168 0.265387 
0.103072 0.210027 0.196666 
0.0494988 0.141163 0.166375 
0.0734169 0.134894 0.179331 
0.153764 0.185813 0.242788 
0.262186 0.283058 0.361373 
0.374098 0.413631 0.533019 
0.478886 0.568376 0.750674 
0.581308 0.74591 1.00801 
0.694162 0.950469 1.30175 
0.825768 1.18093 1.62245 
0.966073 1.41345 1.93489 
1.0791 1.59119 2.16616 
1.11235 1.63863 2.22457 
1.02435 1.50193 2.05017 
0.814348 1.18953 1.66317 
0.531683 0.780152 1.16855 
0.257439 0.389494 0.708368 
0.0706808 0.119725 0.396839 
0.0185439 0.0240912 0.282632 
0.10242 0.10018 0.352594 
0.283683 0.304495 0.55811 
0.504413 0.574298 0.838751 
0.709179 0.844877 1.13177 
0.852466 1.05531 1.37024 
0.893867 1.14766 1.48175 
0.804409 1.07783 1.4045 
0.59747 0.84855 1.12673 
0.355392 0.539252 0.724016 
0.20174 0.285284 0.345732 
0.215262 0.194618 0.132441 
0.357435 0.263184 0.117693 
0.496347 0.375003 0.204684 
0.522213 0.402638 0.251026 
0.451212 0.321744 0.19063 
0.41842 0.234651 0.0836114 
0.568434 0.287045 0.058459 
0.945939 0.560456 0.212643 
1.47263 1.02805 0.558055 
2.00655 1.5853 1.03173 
2.4217 2.10897 1.53404 
2.66094 2.50703 1.96536 
2.75159 2.75238 2.26359 
2.78105 2.89026 2.4357 
2.83258 2.99902 2.54831 
2.91403 3.11559 2.66298 
2.94122 3.18815 2.76787 
2.80247 3.11011 2.77825 
2.45063 2.81035 2.61135 
1.93879 2.31473 2.26049 
1.37814 1.72816 1.79964 
0.873383 1.16956 1.32896 
0.490588 0.721854 0.922547 
0.25481 0.418221 0.613205 
0.151025 0.247941 0.401998 
0.13208 0.171852 0.272114 
0.149692 0.148921 0.20174 
0.185497 0.156309 0.170296 
0.238576 0.177728 0.15099 
0.281168 0.178363 0.108221 
0.256579 0.123974 0.0352567 
0.154061 0.0547033 0.0201199 
0.0815783 0.126802 0.25359 
0.222391 0.52685 0.908588 
0.677881 1.29336 1.95392 
1.34113 2.21171 3.07787 
1.93747 2.91043 3.83384 
2.20799 3.09899 3.91753 
2.07558 2.74919 3.35269 
1.66259 2.07914 2.4426 
1.17572 1.38188 1.55181 
0.776845 0.857446 0.908265 
0.532344 0.562076 0.554726 
0.437213 0.459035 0.425289 
0.453675 0.483917 0.436275 
0.525934 0.569217 0.519581 
0.583117 0.642872 0.613306 
0.558476 0.639507 0.659634 
0.426104 0.530962 0.626425 
0.226615 0.347075 0.526232 
0.0549515 0.161483 0.406136 
0.0119825 0.0499163 0.314635 
0.147932 0.0508114 0.274146 
0.43053 0.151418 0.277875 
0.756781 0.30128 0.305342 
1.00582 0.441086 0.338698 
1.10795 0.532834 0.369119 
1.08765 0.577806 0.395049 
1.04208 0.609078 0.417628 
1.05597 0.655604 0.43421 
1.11476 0.701012 0.430841 
1.10296 0.68035 0.382963 
0.913983 0.536978 0.275061 
0.584145 0.300031 0.130488 
0.312443 0.101868 0.0193431 
0.320019 0.0967333 0.0216229 
0.664759 0.340789 0.168111 
1.18391 0.743092 0.413183 
1.61728 1.13334 0.668534 
1.79275 1.38215 0.869111 
1.71645 1.47233 1.016 
1.5236 1.48094 1.16631 
1.36701 1.50781 1.38039 
1.33302 1.60553 1.65994 
1.41469 1.74589 1.91952 
1.53142 1.83898 2.02621 
1.5802 1.79735 1.89479 
1.49425 1.5999 1.56112 
1.27299 1.29953 1.15694 
0.96735 0.972082 0.804843 
0.645028 0.667187 0.542638 
0.366699 0.408421 0.347712 
0.173017 0.216941 0.207171 
0.070878 0.107621 0.133766 
0.0325165 0.0646272 0.121207 
0.0252123 0.0472473 0.1236 
0.0454786 0.0304413 0.0989886 
0.108422 0.0220123 0.0523868 
0.198424 0.0291144 0.0164922 
0.253058 0.0310809 0.0124546 
0.219338 0.0136612 0.0648954 
0.118328 0.0182515 0.241766 
0.0283891 0.113891 0.615366 
0.000273762 0.301175 1.14105 
0.011369 0.473158 1.60386 
0.0152286 0.508805 1.75187 
0.0132144 0.404 1.5163 
0.049474 0.282041 1.08498 
0.144198 0.26699 0.739353 
0.268878 0.370415 0.624094 
0.401789 0.516705 0.679671 
0.574938 0.651354 0.767539 
0.82223 0.780376 0.811439 
1.07868 0.898552 0.806664 
1.17534 0.926094 0.742836 
0.981268 0.768679 0.583258 
0.559735 0.447551 0.335916 
0.157696 0.133104 0.101857 
0.0100348 0.0105436 0.00262329 
0.140582 0.10491 0.0511264 
0.35625 0.257666 0.126773 
0.43883 0.292776 0.110308 
0.343837 0.203642 0.0407139 
0.217992 0.162658 0.106384 
0.2345 0.337929 0.450332 
0.419426 0.70283 0.979539 
0.633722 1.03286 1.38787 
0.710498 1.09567 1.3972 
0.602186 0.851342 1.00018 
0.402883 0.47798 0.477734 
0.245279 0.21189 0.174973 
0.184885 0.15974 0.238041 
0.17583 0.245777 0.533539 
0.142485 0.316073 0.792359 
0.0661203 0.283802 0.827834 
0.00552373 0.185777 0.645096 
0.0377377 0.11964 0.383932 
0.174173 0.137573 0.182681 
0.327795 0.197704 0.0909121 
0.36966 0.213349 0.0859316 
0.243527 0.153351 0.147699 
0.0516997 0.102507 0.305059 
0.0288202 0.220146 0.605349 
0.394702 0.615627 1.03597 
1.17689 1.23227 1.47493 
2.13833 1.838 1.72923 
2.88475 2.14844 1.64954 
3.09317 2.00523 1.24132 
2.70279 1.48029 0.682452 
1.93287 0.826215 0.221648 
1.12826 0.312171 0.0246494 
0.563027 0.0732047 0.0824754 
0.338715 0.0776883 0.247852 
0.405618 0.205834 0.359919 
0.63497 0.345722 0.34989 
0.875421 0.433031 0.254389 
0.995228 0.443161 0.155238 
0.932098 0.382066 0.114282 
0.725193 0.284634 0.143408 
0.482816 0.195418 0.204851 
0.301524 0.136102 0.234766 
0.216868 0.103484 0.194937 
0.228342 0.109446 0.127871 
0.342655 0.204124 0.15065 
0.56129 0.429495 0.360071 
