0.426379 0.133955 0.0047253 
0.818941 0.451928 0.165663 
1.58719 1.08813 0.576062 
2.62894 1.95366 1.16937 
3.70232 2.84045 1.78518 
4.52133 3.50727 2.24357 
4.87919 3.78794 2.43295 
4.73308 3.6607 2.35812 
4.20591 3.24073 2.11976 
3.50973 2.7048 1.84167 
2.83994 2.19799 1.59642 
2.3008 1.77825 1.37771 
1.89533 1.42427 1.13284 
1.5691 1.08825 0.825602 
1.26792 0.749747 0.481154 
0.97142 0.434521 0.181664 
0.691096 0.193408 0.0186893 
0.448267 0.0646771 0.0378014 
0.256013 0.0496099 0.212167 
0.116968 0.114794 0.457985 
0.0311456 0.212732 0.676464 
0.000463148 0.302407 0.794592 
0.0236742 0.357992 0.78526 
0.0875522 0.367283 0.665082 
0.165113 0.328612 0.480184 
0.225289 0.251358 0.289995 
0.247748 0.156921 0.152049 
0.231744 0.0738677 0.106644 
0.193019 0.0260428 0.162987 
0.152527 0.0204709 0.293458 
0.126283 0.0443768 0.442605 
0.122798 0.0747463 0.550031 
0.146998 0.0943916 0.576794 
0.204374 0.103535 0.521325 
0.300418 0.119379 0.416547 
0.435773 0.164733 0.310986 
0.601481 0.253566 0.245211 
0.778081 0.381794 0.235671 
0.938674 0.526842 0.271835 
1.05362 0.654315 0.324782 
1.09542 0.728092 0.361085 
1.04456 0.72113 0.355993 
0.897562 0.625349 0.302281 
0.675206 0.458258 0.213085 
0.425166 0.26257 0.117962 
0.213139 0.0958197 0.0526337 
0.102 0.011286 0.0453315 
0.126598 0.0373177 0.10521 
0.276805 0.165013 0.218548 
0.49885 0.351175 0.354993 
0.715698 0.535596 0.480491 
0.856884 0.663928 0.569527 
0.883425 0.704925 0.61014 
0.797161 0.655299 0.600663 
0.633348 0.533611 0.543349 
0.444172 0.370589 0.442079 
0.28347 0.203023 0.307199 
0.198756 0.0727128 0.16334 
0.229456 0.0259313 0.0516124 
0.405886 0.107533 0.0201933 
0.744705 0.348515 0.105759 
1.24155 0.752462 0.316149 
1.86576 1.28928 0.625536 
2.56198 1.90104 0.985757 
3.25919 2.51725 1.34659 
3.88335 3.07119 1.6719 
4.36844 3.50933 1.94211 
4.66301 3.79218 2.14407 
4.73327 3.89097 2.25859 
4.5651 3.78687 2.25717 
4.16661 3.47593 2.1125 
3.57047 2.97727 1.81685 
2.8341 2.33901 1.39734 
2.03646 1.6373 0.918844 
1.27045 0.966991 0.472252 
0.630626 0.425495 0.152187 
0.195972 0.0923196 0.0313913 
0.0098253 0.00832294 0.138759 
0.0630469 0.160401 0.447092 
0.289692 0.478982 0.875568 
0.582242 0.85367 1.30924 
0.825 1.16545 1.63217 
0.933437 1.32462 1.76369 
0.881578 1.29848 1.68333 
0.704004 1.11576 1.43302 
0.472179 0.846536 1.09526 
0.258649 0.56866 0.758093 
0.108259 0.338174 0.483531 
0.0296202 0.176976 0.293374 
0.0068932 0.079787 0.17579 
0.0203632 0.0315085 0.104839 
0.0612546 0.0220225 0.059796 
0.132534 0.0499412 0.0339422 
0.237981 0.115754 0.0308294 
0.369482 0.212044 0.05398 
0.502879 0.319552 0.098841 
0.606233 0.412742 0.152433 
0.655594 0.471187 0.19959 
0.647952 0.488603 0.229921 
0.60247 0.472997 0.24002 
0.548587 0.437992 0.230423 
0.508438 0.392215 0.202005 
0.48507 0.335312 0.157193 
0.464169 0.263926 0.106358 
0.427555 0.182438 0.0729848 
0.368384 0.108361 0.0891254 
0.297138 0.0656431 0.178736 
0.234937 0.069099 0.3372 
0.20062 0.111907 0.52226 
0.202313 0.167717 0.667346 
0.23921 0.208377 0.713976 
0.309337 0.225174 0.644967 
0.413196 0.236733 0.496566 
0.547212 0.275361 0.33956 
0.69193 0.360263 0.239837 
0.808154 0.477743 0.22327 
0.851116 0.585406 0.26747 
0.799005 0.640528 0.324917 
0.67793 0.634154 0.360886 
0.562833 0.606239 0.380037 
0.546874 0.62843 0.423895 
0.692555 0.762462 0.541322 
0.991764 1.01876 0.751542 
1.35905 1.34053 1.02323 
1.66415 1.62357 1.28222 
1.78777 1.76132 1.44301 
1.67277 1.69154 1.44636 
1.34676 1.42201 1.28414 
0.908029 1.02528 1.00087 
0.484548 0.60778 0.673914 
0.185605 0.269187 0.383133 
0.0655477 0.0689146 0.183255 
0.111127 0.0112633 0.0889642 
0.253925 0.052191 0.0766734 
0.401027 0.123048 0.100767 
0.472207 0.161577 0.117348 
0.430564 0.138563 0.106074 
0.295756 0.0700491 0.0810228 
0.13476 0.00998286 0.0853034 
0.0333808 0.0256824 0.170611 
0.0597893 0.166014 0.370047 
0.235417 0.436215 0.676708 
0.525891 0.791132 1.03902 
0.855753 1.15045 1.37622 
1.13955 1.42897 1.60751 
1.31431 1.56768 1.68116 
1.35858 1.55153 1.59041 
1.2913 1.40746 1.37031 
1.15446 1.18671 1.07972 
0.991169 0.942541 0.779081 
0.830759 0.7143 0.514248 
0.685884 0.522715 0.310229 
0.558637 0.373815 0.172821 
0.448469 0.265569 0.09364 
0.356245 0.192792 0.0559786 
0.283588 0.1496 0.0414478 
0.230361 0.130658 0.0370874 
0.193312 0.131688 0.040018 
0.166695 0.148204 0.0555064 
0.14402 0.172308 0.0877629 
0.12055 0.190476 0.129412 
0.0971846 0.187027 0.159379 
0.0853951 0.154824 0.154641 
0.10949 0.107331 0.11002 
0.200232 0.0806186 0.0505303 
0.377029 0.117144 0.022217 
0.625082 0.235869 0.0620181 
0.883015 0.407454 0.165537 
1.05669 0.556589 0.278743 
1.06171 0.599452 0.326842 
0.876427 0.499552 0.267052 
0.573322 0.306809 0.130573 
0.302365 0.148628 0.0204896 
0.225919 0.169386 0.0593841 
0.436479 0.449713 0.315908 
0.904262 0.954743 0.75792 
1.48814 1.54615 1.26548 
2.00643 2.05342 1.69763 
2.32673 2.36078 1.96945 
2.42162 2.45573 2.08787 
2.35894 2.41039 2.12309 
2.23792 2.31324 2.13903 
2.11738 2.20223 2.13626 
1.98475 2.04785 2.05281 
1.78463 1.79769 1.82548 
1.48252 1.44731 1.4676 
1.11435 1.08105 1.10173 
0.783034 0.845263 0.913344 
0.600922 0.864145 1.04561 
0.616679 1.15155 1.49977 
0.777164 1.57972 2.1084 
0.952337 1.93232 2.60675 
1.00887 2.0151 2.76667 
0.885775 1.76014 2.51734 
0.624351 1.26195 1.98377 
0.335677 0.725102 1.42183 
0.129243 0.355632 1.08774 
0.0500263 0.259428 1.11447 
0.0628489 0.402258 1.45817 
0.0900654 0.646684 1.93489 
0.0742624 0.836805 2.31855 
0.0239307 0.879493 2.44432 
0.0140383 0.780442 2.26841 
0.143545 0.624476 1.86531 
0.477594 0.520679 1.37714 
1.00809 0.546468 0.947575 
1.65182 0.717187 0.670999 
2.28234 0.988732 0.572502 
2.77571 1.28378 0.617975 
3.04872 1.5255 0.743325 
3.07765 1.66554 0.888692 
2.89777 1.69886 1.0247 
2.58922 1.66298 1.16102 
2.25414 1.62124 1.33318 
1.98814 1.63373 1.57213 
1.84995 1.72503 1.87044 
1.83824 1.86322 2.16423 
1.88757 1.96391 2.3452 
1.89131 1.92366 2.30329 
1.74803 1.67203 1.98325 
1.4139 1.21913 1.42767 
0.937165 0.673834 0.782386 
0.455712 0.219295 0.25627 
0.154906 0.0521076 0.0494923 
0.200661 0.308797 0.279434 
0.674489 1.00988 0.935265 
1.53639 2.04428 1.87943 
2.62975 3.19993 2.89399 
3.72555 4.22764 3.75166 
4.58903 4.91391 4.28305 
5.04516 5.13669 4.416 
5.02176 4.88742 4.17658 
4.55855 4.25646 3.65839 
3.7829 3.39265 2.97851 
2.86403 2.45561 2.24148 
1.9634 1.57884 1.52499 
1.19831 0.853877 0.887902 
0.628348 0.334912 0.388897 
0.264779 0.0540988 0.099091 
0.0936757 0.0345977 0.096732 
0.0993931 0.292201 0.443135 
0.276832 0.824347 1.15065 
0.627433 1.59333 2.15901 
1.14205 2.51448 3.33352 
1.78018 3.45817 4.48873 
2.45716 4.26873 5.43047 
3.04833 4.79582 6.00121 
3.41319 4.9292 6.11381 
3.435 4.62669 5.76438 
3.0647 3.9282 5.02417 
2.35401 2.95281 4.01786 
