0.902454 0.50218 0.25577 
0.533093 0.226464 0.0894256 
0.289297 0.0714092 0.080058 
0.140322 0.0466075 0.225146 
0.0977293 0.168675 0.496456 
0.24704 0.4711 0.85688 
0.610087 0.911248 1.22218 
1.04288 1.32885 1.46351 
1.32109 1.54745 1.49296 
1.33472 1.52672 1.35081 
1.19373 1.40808 1.19399 
1.14681 1.40903 1.18839 
1.39379 1.66562 1.40145 
1.94753 2.15133 1.77899 
2.63542 2.71584 2.20604 
3.21419 3.19139 2.59026 
3.50561 3.48519 2.9104 
3.47641 3.6124 3.21383 
3.23984 3.67175 3.57888 
2.99161 3.78366 4.05895 
2.89869 4.00483 4.61742 
2.97712 4.24663 5.07766 
3.04134 4.26588 5.14755 
2.8133 3.79611 4.56817 
2.16633 2.78063 3.33426 
1.31032 1.52147 1.80949 
0.701963 0.55357 0.573926 
0.691237 0.276164 0.0542485 
1.20364 0.638505 0.224382 
1.77759 1.18186 0.652608 
1.94818 1.42106 0.868709 
1.61748 1.21575 0.719056 
1.06701 0.797485 0.398332 
0.641932 0.475811 0.179698 
0.455071 0.353761 0.150735 
0.382531 0.317597 0.202418 
0.277423 0.237304 0.213744 
0.127458 0.114964 0.186635 
0.0187163 0.0428069 0.200954 
0.0175361 0.0789694 0.294131 
0.131441 0.208478 0.430689 
0.350345 0.400443 0.573866 
0.657487 0.642117 0.732413 
0.981658 0.894344 0.909186 
1.1905 1.05563 1.03324 
1.19139 1.02856 0.994851 
1.04655 0.838197 0.770249 
0.951013 0.656371 0.493905 
1.06632 0.676219 0.378151 
1.37594 0.951721 0.545346 
1.71019 1.35818 0.930801 
1.89944 1.69757 1.3369 
1.88656 1.83159 1.57202 
1.70629 1.73053 1.55281 
1.40453 1.44149 1.31621 
1.01526 1.04994 0.974344 
0.6044 0.667195 0.660653 
0.287609 0.409661 0.48072 
0.166077 0.343822 0.467789 
0.239115 0.435736 0.564 
0.392551 0.565157 0.653906 
0.482132 0.606658 0.638943 
0.434316 0.511756 0.499391 
0.280241 0.326528 0.296636 
0.111836 0.141911 0.119798 
0.0128334 0.0278843 0.0244457 
0.0183555 0.0016238 0.00862557 
0.116846 0.039934 0.0337225 
0.274724 0.111539 0.0628221 
0.45938 0.200141 0.0841252 
0.651663 0.308767 0.109549 
0.852161 0.454687 0.162808 
1.07895 0.660286 0.269858 
1.3404 0.9284 0.442801 
1.58383 1.20008 0.647125 
1.67449 1.3391 0.78185 
1.47634 1.20632 0.729793 
1.01293 0.807364 0.477395 
0.549217 0.372144 0.192639 
0.441177 0.225582 0.133854 
0.82232 0.506254 0.421412 
1.42288 0.99812 0.889677 
1.75108 1.28516 1.20433 
1.51015 1.11824 1.16198 
0.855297 0.638436 0.87424 
0.237948 0.231758 0.645269 
0.00326343 0.171253 0.676833 
0.139124 0.407622 0.906922 
0.379979 0.681805 1.11863 
0.49699 0.791927 1.16341 
0.468585 0.734762 1.06189 
0.415126 0.630887 0.923817 
0.429542 0.569426 0.818886 
0.486377 0.537149 0.732406 
0.485286 0.46567 0.61409 
0.360194 0.321045 0.44589 
0.156498 0.153259 0.270549 
0.0152702 0.0699169 0.167449 
0.0656613 0.148955 0.190328 
0.301469 0.353927 0.30829 
0.556585 0.53529 0.40929 
0.628229 0.542389 0.38598 
0.453905 0.358257 0.235832 
0.173847 0.123477 0.0706389 
0.00894526 0.0126919 0.0124891 
0.0676442 0.0789538 0.0769131 
0.266646 0.21841 0.164245 
0.431102 0.284385 0.166872 
0.462487 0.230992 0.0798022 
0.412409 0.148758 0.00577712 
0.411667 0.172181 0.0585647 
0.542199 0.357401 0.261623 
0.770453 0.636554 0.527775 
0.982107 0.871387 0.722995 
1.0684 0.947883 0.753392 
0.990583 0.838954 0.613684 
0.785936 0.602735 0.37684 
0.528578 0.33476 0.146947 
0.284913 0.119187 0.0157307 
0.0983269 0.0140369 0.0492516 
0.00476123 0.0648345 0.293408 
0.0436174 0.304117 0.758902 
0.227795 0.706585 1.36866 
0.489528 1.13548 1.91723 
0.675229 1.36618 2.12799 
0.640855 1.22634 1.8273 
0.391567 0.763281 1.12041 
0.126308 0.273523 0.393634 
0.107774 0.12016 0.084742 
0.448425 0.462667 0.376124 
1.00507 1.12852 1.06246 
1.4823 1.74004 1.7064 
1.64696 1.9809 1.94645 
1.46327 1.77724 1.70515 
1.06033 1.27801 1.16512 
0.610942 0.710549 0.593722 
0.250261 0.261327 0.189645 
0.0709078 0.0453047 0.0412104 
0.133076 0.115517 0.155826 
0.435886 0.451447 0.482708 
0.878366 0.936691 0.912005 
1.28091 1.38417 1.2926 
1.48465 1.62721 1.49421 
1.45393 1.61326 1.47431 
1.28242 1.41292 1.28359 
1.08988 1.13354 1.00148 
0.913577 0.830021 0.676076 
0.710253 0.510085 0.341827 
0.456794 0.211897 0.0814694 
0.214864 0.028126 0.0154309 
0.0713387 0.0146079 0.180112 
0.0383962 0.0953048 0.429307 
0.0614518 0.119701 0.523887 
0.130449 0.0428618 0.366706 
0.322085 0.0059807 0.126106 
0.675128 0.180715 0.0748467 
1.04728 0.537231 0.297948 
1.17602 0.823132 0.596184 
0.92689 0.804346 0.695098 
0.455586 0.501578 0.518513 
0.0842645 0.159899 0.230633 
0.0187373 0.0039944 0.0392935 
0.202918 0.0574725 0.00843726 
0.427521 0.187286 0.0606315 
0.534214 0.267402 0.103389 
0.5108 0.272635 0.111274 
0.445416 0.253196 0.110338 
0.441597 0.273763 0.136998 
0.568372 0.384968 0.229991 
0.842569 0.617887 0.435265 
1.22789 0.974741 0.786821 
1.65375 1.41834 1.26946 
2.04505 1.87248 1.79643 
2.34161 2.23727 2.22645 
2.50901 2.42561 2.4254 
2.55747 2.41646 2.34827 
2.54832 2.28037 2.0783 
2.54614 2.12655 1.7684 
2.53947 2.00053 1.5194 
2.4308 1.84544 1.31473 
2.14532 1.59015 1.08586 
1.75323 1.27245 0.833232 
1.44676 1.04142 0.655409 
1.36767 1.01688 0.647903 
1.46728 1.16032 0.791416 
1.55765 1.30499 0.95839 
1.49587 1.30861 1.0228 
1.29878 1.16035 0.948593 
1.08125 0.945618 0.780495 
0.91489 0.739218 0.580286 
0.771028 0.553839 0.389634 
0.590114 0.378192 0.238296 
0.377796 0.234312 0.159198 
0.220129 0.182115 0.182321 
0.210959 0.270679 0.31564 
0.367681 0.486449 0.530111 
0.609023 0.743288 0.756727 
0.808832 0.924828 0.904496 
0.880654 0.953231 0.904206 
0.826945 0.835024 0.754488 
0.718074 0.646332 0.526091 
0.629897 0.472492 0.31301 
0.604517 0.362298 0.177933 
0.66053 0.333947 0.143768 
0.807103 0.397418 0.217227 
1.01046 0.53535 0.385698 
1.14828 0.658887 0.580022 
1.05437 0.631139 0.67854 
0.678592 0.398351 0.606971 
0.220027 0.114583 0.455678 
0.0449969 0.0843901 0.457557 
0.391637 0.507093 0.786374 
1.11743 1.24505 1.34989 
1.76291 1.87217 1.80802 
1.91347 2.00116 1.83838 
1.53169 1.59541 1.40757 
0.950485 0.972149 0.786723 
0.556009 0.511047 0.308193 
0.483181 0.362908 0.112614 
0.589617 0.412624 0.11105 
0.663335 0.465573 0.141061 
0.615745 0.429989 0.120996 
0.499719 0.341736 0.0704366 
0.406908 0.275727 0.0381715 
0.38175 0.269274 0.0462044 
0.407502 0.308934 0.0869566 
0.431879 0.351186 0.138785 
0.401032 0.349158 0.175805 
0.296379 0.283858 0.181684 
0.154536 0.184582 0.165594 
0.0425954 0.1107 0.156856 
0.00840498 0.106282 0.178309 
0.0647587 0.178566 0.232165 
0.219218 0.317554 0.311757 
0.487851 0.511802 0.408151 
0.855529 0.729935 0.494611 
1.24417 0.911893 0.527884 
1.56002 1.01531 0.495502 
1.76884 1.06311 0.45136 
1.8784 1.09849 0.460507 
1.83682 1.08066 0.497634 
1.52023 0.88757 0.45376 
0.907514 0.493194 0.299343 
0.258004 0.124827 0.215896 
0.00460248 0.140545 0.471778 
0.367665 0.667184 1.10558 
1.07536 1.37966 1.77006 
1.54318 1.72554 1.9801 
1.38761 1.42497 1.56519 
0.762553 0.740296 0.858952 
0.178158 0.227253 0.408237 
