0.878742 0.66831 0.462264 
0.843871 0.720231 0.51851 
0.908324 0.90763 0.70644 
1.02986 1.16498 0.947705 
1.13751 1.39825 1.14764 
1.166 1.52313 1.23234 
1.08599 1.49596 1.17271 
0.918166 1.32652 0.988211 
0.726466 1.07032 0.732906 
0.594053 0.805681 0.47232 
0.590629 0.605162 0.26107 
0.742735 0.511046 0.128581 
1.01853 0.523078 0.075857 
1.33493 0.602496 0.0822688 
1.58705 0.690931 0.118427 
1.68943 0.736551 0.159617 
1.61088 0.715806 0.194353 
1.38518 0.640234 0.224752 
1.09117 0.545041 0.259389 
0.81248 0.466345 0.30344 
0.599743 0.421142 0.352828 
0.457531 0.402935 0.397048 
0.363394 0.396379 0.430068 
0.305836 0.401689 0.463163 
0.31489 0.452048 0.53121 
0.462338 0.610009 0.686469 
0.826913 0.94071 0.979972 
1.44185 1.47348 1.4368 
2.25417 2.17104 2.03505 
3.12016 2.92305 2.69748 
3.8427 3.56964 3.30127 
4.23549 3.94768 3.70551 
4.1867 3.94311 3.79059 
3.6968 3.53083 3.49854 
2.87781 2.78838 2.86106 
1.91762 1.87905 2.00368 
1.02485 1.00933 1.12055 
0.373819 0.374037 0.424544 
0.065459 0.104678 0.086273 
0.111655 0.235423 0.180928 
0.442048 0.694704 0.66025 
0.926793 1.32366 1.36007 
1.40799 1.91686 2.04395 
1.73487 2.27707 2.47344 
1.79975 2.27321 2.4867 
1.5707 1.88727 2.06146 
1.11167 1.23405 1.338 
0.577709 0.539604 0.586346 
0.175668 0.0751059 0.119676 
0.0942327 0.0611532 0.179055 
0.425012 0.575874 0.832559 
1.1095 1.50766 1.9334 
1.94321 2.58104 3.16205 
2.64567 3.45431 4.14187 
2.97231 3.85222 4.58297 
2.81889 3.67623 4.39239 
2.26734 3.04057 3.70141 
1.54783 2.21586 2.7984 
0.933841 1.50668 1.99985 
0.621424 1.12218 1.52102 
0.652326 1.10082 1.40544 
0.915919 1.32133 1.54023 
1.22226 1.58597 1.74002 
1.40203 1.72666 1.84919 
1.37966 1.6781 1.80879 
1.18743 1.48613 1.65997 
0.925556 1.25909 1.49398 
0.701491 1.09923 1.38673 
0.585814 1.05493 1.35742 
0.601724 1.1134 1.36964 
0.739053 1.22523 1.36422 
0.970296 1.33566 1.29648 
1.25348 1.4019 1.15467 
1.52576 1.39351 0.954623 
1.70486 1.28829 0.722946 
1.71144 1.07698 0.485343 
1.50714 0.777446 0.266876 
1.12553 0.445483 0.0977384 
0.671644 0.166614 0.0124803 
0.283236 0.0252181 0.0370183 
0.0710017 0.0647636 0.169966 
0.0701558 0.262382 0.372377 
0.229916 0.534807 0.576441 
0.445376 0.774482 0.711434 
0.611994 0.896594 0.733349 
0.67181 0.871839 0.641693 
0.628331 0.729294 0.474968 
0.527532 0.532072 0.289553 
0.422045 0.343594 0.136111 
0.342713 0.205136 0.0471724 
0.293385 0.134976 0.0400411 
0.267547 0.143605 0.127601 
0.270753 0.24857 0.324072 
0.329829 0.473841 0.637297 
0.479912 0.830874 1.05069 
0.736615 1.29354 1.50834 
1.07215 1.78632 1.91822 
1.41341 2.19902 2.1786 
1.66679 2.42526 2.21763 
1.75775 2.40618 2.02567 
1.66347 2.15555 1.66145 
1.42048 1.75253 1.22739 
1.10463 1.30627 0.826829 
0.796088 0.912199 0.526228 
0.549575 0.622578 0.341079 
0.383768 0.443395 0.249404 
0.29048 0.3528 0.220097 
0.2523 0.325014 0.236321 
0.255027 0.343832 0.30003 
0.288372 0.40024 0.417811 
0.338816 0.480898 0.580741 
0.384395 0.559977 0.754048 
0.398694 0.602914 0.884874 
0.36323 0.580964 0.924205 
0.279977 0.487092 0.850072 
0.174575 0.342465 0.678746 
0.0863486 0.188698 0.45805 
0.0496904 0.0697389 0.246995 
0.0768429 0.0130772 0.0925305 
0.1514 0.0196322 0.0142064 
0.235751 0.0662484 0.00216257 
0.288327 0.118133 0.0269331 
0.282172 0.144568 0.0549491 
0.216764 0.131265 0.06282 
0.119023 0.0854596 0.0455381 
0.0341406 0.033047 0.0167071 
0.0100511 0.00919416 0.00141065 
0.0806232 0.0451205 0.0242774 
0.252521 0.154815 0.0969128 
0.499922 0.326359 0.209808 
0.769587 0.522176 0.333027 
0.995784 0.68985 0.42673 
1.12074 0.780545 0.457834 
1.11337 0.767773 0.415355 
0.979084 0.65817 0.316777 
0.75679 0.489178 0.201863 
0.504874 0.314613 0.116568 
0.282044 0.184654 0.0945738 
0.130347 0.12876 0.144738 
0.0655286 0.147861 0.249353 
0.076408 0.217528 0.372714 
0.132005 0.299465 0.47528 
0.193683 0.356309 0.527332 
0.228955 0.364599 0.517419 
0.223132 0.321988 0.453615 
0.184787 0.24668 0.358263 
0.14213 0.169337 0.25873 
0.130507 0.120285 0.177609 
0.175581 0.116905 0.125817 
0.279735 0.156571 0.100942 
0.418697 0.218415 0.0911836 
0.550685 0.273222 0.0828185 
0.633926 0.296619 0.0674209 
0.643843 0.279068 0.0452259 
0.58154 0.227908 0.0231163 
0.470166 0.161284 0.00882881 
0.342523 0.0982336 0.00527749 
0.227596 0.0510553 0.00885514 
0.143105 0.0239632 0.0130075 
0.0964105 0.0175158 0.0147418 
0.0904382 0.03434 0.019382 
0.128529 0.080922 0.0395481 
0.213754 0.16322 0.0878699 
0.34291 0.278536 0.16725 
0.499768 0.409334 0.264761 
0.65331 0.524269 0.353864 
0.764118 0.587846 0.405125 
0.797392 0.575046 0.400582 
0.737063 0.483917 0.344217 
0.594245 0.339427 0.262401 
0.405409 0.185747 0.193157 
0.220292 0.0698838 0.169244 
0.0845922 0.0243445 0.204081 
0.0254608 0.0576139 0.288768 
0.0466336 0.157354 0.402463 
0.134653 0.303737 0.529817 
0.27079 0.483429 0.673254 
0.439552 0.693451 0.849468 
0.627556 0.930873 1.06945 
0.815032 1.17569 1.31436 
0.970195 1.3824 1.52645 
1.05709 1.49305 1.62832 
1.05776 1.47037 1.56564 
0.995932 1.33258 1.3503 
0.942441 1.16436 1.07468 
0.990255 1.08897 0.881598 
1.20653 1.21047 0.900514 
1.58729 1.55583 1.18292 
2.04358 2.05101 1.67273 
2.43183 2.54679 2.22811 
2.61466 2.88166 2.68214 
2.52032 2.94828 2.90917 
2.16966 2.73031 2.86443 
1.65969 2.29562 2.58346 
1.11726 1.75695 2.151 
0.649637 1.22522 1.66184 
0.315168 0.777694 1.1931 
0.120933 0.449321 0.794431 
0.0392464 0.240954 0.490662 
0.028834 0.133151 0.288019 
0.0505945 0.0973979 0.178457 
0.0755117 0.103135 0.14236 
0.0871692 0.122626 0.152211 
0.0814796 0.135182 0.178403 
0.0642543 0.130103 0.195947 
0.0464191 0.106866 0.189884 
0.0378666 0.0723989 0.158173 
0.0424578 0.0369495 0.111975 
0.0565709 0.0104588 0.0734312 
0.0716796 0.000358651 0.0706241 
0.0792082 0.0104691 0.129666 
0.0749422 0.0403852 0.265357 
0.0609388 0.0852977 0.473609 
0.0443577 0.136726 0.72924 
0.0339778 0.184453 0.990917 
0.0359481 0.219239 1.21195 
0.0505767 0.235307 1.35293 
0.0716867 0.231698 1.39159 
0.0891654 0.212168 1.32676 
0.093935 0.183986 1.1761 
0.0832954 0.156294 0.969553 
0.0642327 0.138684 0.741659 
0.0531603 0.140365 0.525271 
0.0722072 0.169958 0.347958 
0.143602 0.235644 0.230785 
0.284141 0.344978 0.188183 
0.501063 0.503499 0.227293 
0.789453 0.711357 0.345459 
1.13059 0.958048 0.525868 
1.49098 1.21706 0.733456 
1.82339 1.44421 0.915438 
2.07235 1.58418 1.0112 
2.18648 1.5872 0.97279 
2.13607 1.43224 0.79012 
1.92983 1.14606 0.507992 
1.62086 0.805545 0.221066 
1.29449 0.515786 0.0417825 
1.03927 0.369807 0.0519615 
0.912758 0.408126 0.261971 
0.919558 0.600148 0.601512 
1.01367 0.859093 0.950221 
1.12407 1.08321 1.193 
1.18874 1.20041 1.26949 
1.17818 1.19236 1.19107 
1.09779 1.08803 1.01957 
0.972895 0.936581 0.826068 
0.83019 0.780058 0.657485 
0.688155 0.641789 0.528754 
0.558705 0.53119 0.436862 
0.452763 0.453347 0.378367 
0.381162 0.411576 0.353972 
