3.42744 2.9154 1.32207 
3.00934 2.58363 1.15131 
2.40898 2.17589 1.04191 
1.71139 1.74353 1.01006 
1.06791 1.39288 1.09619 
0.664981 1.25772 1.34307 
0.624264 1.41813 1.75022 
0.911549 1.83078 2.24622 
1.34875 2.34503 2.71954 
1.73111 2.80158 3.09434 
1.94591 3.12233 3.37932 
1.98983 3.30572 3.62905 
1.89188 3.34346 3.84401 
1.64594 3.16472 3.91218 
1.23461 2.68829 3.67204 
0.712982 1.9432 3.06227 
0.242948 1.1301 2.22619 
0.0123691 0.535364 1.46109 
0.0932274 0.34662 1.03329 
0.367415 0.520639 1.00394 
0.600775 0.822457 1.20982 
0.617371 1.01075 1.41355 
0.433786 1.01724 1.49165 
0.242113 0.9724 1.49959 
0.25618 1.06348 1.56877 
0.548485 1.35503 1.7435 
1.0079 1.72719 1.91488 
1.44316 1.97678 1.90944 
1.74066 1.98553 1.64456 
1.95341 1.81492 1.20893 
2.26341 1.66324 0.805737 
2.85254 1.73249 0.618418 
3.76616 2.10401 0.70829 
4.84448 2.69016 1.00199 
5.7578 3.27107 1.34783 
6.13718 3.58885 1.5882 
5.74757 3.46113 1.61624 
4.61886 2.8714 1.41189 
3.06253 1.99728 1.05789 
1.5632 1.16254 0.731051 
0.605961 0.736637 0.667498 
0.522573 1.02405 1.10743 
1.40145 2.17093 2.22317 
3.05997 4.09595 4.03439 
5.07066 6.45898 6.33376 
6.85427 8.7041 8.67487 
7.84921 10.2067 10.471 
7.71591 10.4949 11.1965 
6.4828 9.44939 10.6054 
4.54754 7.36873 8.85046 
2.51872 4.85667 6.42993 
0.969236 2.57872 3.9841 
0.216547 1.00712 2.04312 
0.230933 0.275969 0.851625 
0.711613 0.2102 0.35114 
1.28289 0.495104 0.308924 
1.68913 0.867557 0.491485 
1.86595 1.20164 0.75936 
1.86162 1.45461 1.03747 
1.71003 1.56665 1.23483 
1.39233 1.44529 1.23244 
0.918108 1.06192 0.971795 
0.413035 0.544852 0.544955 
0.082845 0.136242 0.162556 
0.0641866 0.0233242 0.00202432 
0.315467 0.204134 0.0790365 
0.67109 0.524554 0.271703 
1.00311 0.841374 0.462915 
1.31193 1.13099 0.638342 
1.65108 1.43468 0.838276 
1.98699 1.72679 1.04043 
2.17123 1.88014 1.1329 
2.06976 1.78125 1.02281 
1.7079 1.46394 0.75496 
1.26901 1.1039 0.495214 
0.946634 0.873452 0.386529 
0.802609 0.807991 0.429117 
0.760754 0.811437 0.503745 
0.713617 0.772291 0.498202 
0.618773 0.659705 0.399248 
0.505136 0.519073 0.273055 
0.418717 0.404854 0.183806 
0.382155 0.335146 0.145178 
0.397975 0.299752 0.13575 
0.468811 0.287774 0.13493 
0.601847 0.295981 0.133892 
0.794648 0.317814 0.124581 
1.01966 0.336207 0.0968602 
1.22203 0.33192 0.0539126 
1.33571 0.298854 0.0256503 
1.31313 0.251567 0.0569127 
1.15173 0.216419 0.171093 
0.89607 0.209502 0.336306 
0.611563 0.218497 0.468745 
0.352838 0.209472 0.485178 
0.153011 0.159099 0.371309 
0.0325761 0.0816975 0.203264 
0.00466842 0.0189254 0.0894537 
0.0664311 0.000507205 0.0781088 
0.192623 0.0208779 0.121392 
0.346051 0.0577632 0.135212 
0.493185 0.104317 0.0902642 
0.606393 0.170121 0.0348453 
0.659928 0.253517 0.0317892 
0.641778 0.332112 0.0929385 
0.575403 0.392013 0.188214 
0.513839 0.45294 0.302489 
0.492877 0.541358 0.450778 
0.49038 0.635769 0.625129 
0.448103 0.660468 0.750004 
0.340304 0.553988 0.724682 
0.207893 0.341842 0.523199 
0.11361 0.128013 0.242907 
0.0751558 0.0123874 0.0434021 
0.0647674 0.0248974 0.0339637 
0.0751477 0.136452 0.210652 
0.1566 0.308563 0.478568 
0.360214 0.509202 0.715476 
0.646167 0.688432 0.825394 
0.874488 0.772913 0.770247 
0.907706 0.711586 0.583385 
0.72603 0.527132 0.353977 
0.44062 0.309167 0.176408 
0.199967 0.150169 0.0954341 
0.0852439 0.0866962 0.0929546 
0.0798954 0.093443 0.122435 
0.114655 0.118074 0.148185 
0.133569 0.118605 0.153056 
0.134547 0.0864001 0.12816 
0.167315 0.0560072 0.0791809 
0.289748 0.0927693 0.0465824 
0.504003 0.2466 0.098589 
0.721798 0.494544 0.278679 
0.805441 0.728122 0.550545 
0.67161 0.816618 0.802614 
0.375497 0.705071 0.920298 
0.094748 0.464198 0.866462 
0.0175929 0.248996 0.703949 
0.224757 0.202839 0.549885 
0.654044 0.382187 0.506151 
1.1573 0.7444 0.614151 
1.58699 1.18362 0.847736 
1.84759 1.57548 1.13006 
1.89837 1.80917 1.35943 
1.73731 1.81068 1.44076 
1.39572 1.56542 1.32123 
0.944885 1.13357 1.01871 
0.49382 0.64089 0.623617 
0.160221 0.235369 0.264125 
0.020647 0.0238105 0.0475404 
0.0700334 0.0235928 0.0110852 
0.223403 0.162266 0.113212 
0.36614 0.327666 0.269212 
0.421406 0.434473 0.403196 
0.387415 0.461704 0.480077 
0.320686 0.441261 0.502936 
0.285034 0.417484 0.490827 
0.310104 0.415431 0.461802 
0.387489 0.43811 0.430716 
0.495098 0.481792 0.412016 
0.61833 0.545156 0.415387 
0.747423 0.621801 0.435728 
0.859231 0.688002 0.450139 
0.909324 0.704887 0.430185 
0.851218 0.640444 0.362786 
0.6729 0.496299 0.263163 
0.420178 0.315886 0.167842 
0.181011 0.162659 0.111019 
0.0345908 0.0810857 0.101607 
0.00156359 0.0703696 0.120028 
0.0370481 0.094194 0.139908 
0.0750203 0.119907 0.158016 
0.0859479 0.151071 0.203393 
0.0944934 0.2188 0.309366 
0.141293 0.336063 0.466737 
0.229621 0.461576 0.603799 
0.314767 0.519088 0.62608 
0.348974 0.465086 0.495759 
0.333625 0.342357 0.283524 
0.320995 0.260519 0.136831 
0.362641 0.312138 0.178962 
0.459101 0.497717 0.418943 
0.56076 0.7254 0.74603 
0.611039 0.87896 1.0074 
0.582189 0.888534 1.09915 
0.476752 0.752327 1.00484 
0.317315 0.517514 0.776537 
0.153624 0.258818 0.49752 
0.0715066 0.0652703 0.252841 
0.160573 0.0120463 0.101253 
0.440549 0.113189 0.0463678 
0.815644 0.300833 0.0382207 
1.1257 0.47707 0.0330484 
1.26784 0.608609 0.0730832 
1.27178 0.763539 0.291025 
1.24311 1.02678 0.789864 
1.22779 1.36314 1.48372 
1.14993 1.58246 2.06892 
0.908606 1.48224 2.20605 
0.543146 1.05663 1.78943 
0.279619 0.562007 1.06326 
0.374392 0.343298 0.456811 
0.880232 0.556516 0.265019 
1.55793 1.03687 0.449073 
2.03121 1.43418 0.720428 
2.05581 1.48946 0.808677 
1.67199 1.20597 0.659873 
1.13008 0.787764 0.410572 
0.687664 0.444982 0.21518 
0.46634 0.264401 0.124945 
0.456894 0.235 0.118491 
0.60321 0.341123 0.198445 
0.847733 0.586912 0.40862 
1.11013 0.930197 0.74553 
1.27104 1.23301 1.08473 
1.22455 1.3256 1.24032 
0.965459 1.14571 1.12517 
0.615618 0.812884 0.851854 
0.343717 0.547884 0.656631 
0.242357 0.498793 0.701834 
0.27302 0.629475 0.935801 
0.324227 0.766697 1.13753 
0.320155 0.75433 1.10203 
0.276249 0.573685 0.801432 
0.259532 0.335759 0.393758 
0.305699 0.174436 0.0945568 
0.3788 0.147335 0.0339634 
0.407957 0.221957 0.20746 
0.358676 0.335966 0.529792 
0.269964 0.462696 0.921228 
0.229309 0.628635 1.35428 
0.315763 0.884111 1.84266 
0.559502 1.26191 2.39966 
0.936933 1.75018 2.99903 
1.38487 2.28255 3.55515 
1.81315 2.74266 3.92929 
2.11698 2.98922 3.96891 
2.20306 2.90762 3.57695 
2.02929 2.47202 2.78339 
1.63378 1.77958 1.77211 
1.12669 1.02437 0.829659 
0.643274 0.415747 0.228203 
0.285548 0.0851776 0.102421 
0.0873004 0.0363859 0.391755 
0.0191731 0.165804 0.883293 
0.0236857 0.335594 1.329 
0.0536855 0.450009 1.56552 
0.0903885 0.488975 1.56746 
0.135151 0.487239 1.41497 
0.189149 0.486757 1.21478 
0.241914 0.503503 1.03707 
