0.43068 0.150389 0.0139906 
0.253354 0.0932315 0.0455415 
0.114556 0.0787896 0.133855 
0.0338012 0.0877744 0.221264 
0.0095783 0.0913795 0.248334 
0.0281606 0.0754987 0.197436 
0.0691994 0.0467006 0.101356 
0.111871 0.0239643 0.0200959 
0.141638 0.0246012 0.00433226 
0.152368 0.0511814 0.0665941 
0.143669 0.0881283 0.177565 
0.119692 0.113351 0.289925 
0.0908521 0.116322 0.370243 
0.070457 0.104061 0.412058 
0.0625383 0.088115 0.423338 
0.0543684 0.0702548 0.410182 
0.0312628 0.0499267 0.381427 
0.00603357 0.0482368 0.367895 
0.027785 0.112986 0.421644 
0.147216 0.28227 0.57656 
0.364424 0.535128 0.801958 
0.613033 0.78516 1.00404 
0.802191 0.935132 1.08783 
0.880013 0.946042 1.02657 
0.863881 0.858268 0.874231 
0.818598 0.751593 0.714324 
0.807415 0.686139 0.598143 
0.853517 0.672061 0.524462 
0.934335 0.680947 0.464056 
1.00795 0.679291 0.395305 
1.05037 0.656353 0.320506 
1.07547 0.629998 0.258242 
1.12561 0.633472 0.227672 
1.24588 0.698486 0.242031 
1.45612 0.84126 0.310798 
1.72081 1.04223 0.431741 
1.92797 1.22287 0.566517 
1.92076 1.25906 0.633182 
1.60415 1.0623 0.555659 
1.05288 0.676823 0.344757 
0.49255 0.279301 0.117536 
0.133123 0.0448477 0.00460691 
0.0109255 0.0026148 0.0290215 
0.00781632 0.0395061 0.0950087 
0.0132999 0.0442184 0.10295 
0.0277858 0.0165623 0.0519945 
0.101807 0.0247526 0.0138278 
0.232564 0.0980472 0.0333865 
0.372132 0.205607 0.0928906 
0.503957 0.316416 0.159096 
0.633073 0.413705 0.21239 
0.697456 0.44557 0.222036 
0.584493 0.345494 0.161873 
0.304692 0.164999 0.104644 
0.0877606 0.12657 0.244911 
0.186799 0.424902 0.712761 
0.566516 0.949471 1.33641 
0.88407 1.30639 1.69382 
0.850558 1.20809 1.50999 
0.556933 0.807466 0.989361 
0.354109 0.551756 0.657057 
0.433505 0.695497 0.830516 
0.634142 1.03911 1.30091 
0.6925 1.1842 1.57423 
0.572717 0.968696 1.37513 
0.447604 0.571539 0.854801 
0.408983 0.241933 0.352845 
0.348862 0.0606117 0.0763271 
0.183517 0.00953849 0.0490241 
0.0915279 0.162224 0.264302 
0.401814 0.666648 0.748458 
1.23143 1.52366 1.45229 
2.30289 2.46772 2.16905 
3.1528 3.12927 2.63611 
3.49318 3.30726 2.72095 
3.36299 3.07183 2.4904 
2.99155 2.64061 2.11783 
2.58453 2.2012 1.7521 
2.23136 1.83518 1.45805 
1.93615 1.54015 1.22543 
1.67032 1.27287 1.0012 
1.39797 0.984521 0.736065 
1.09431 0.659562 0.441995 
0.768087 0.342608 0.214664 
0.463978 0.116404 0.174856 
0.232977 0.0365224 0.361226 
0.0985863 0.0831349 0.674413 
0.0513692 0.178348 0.934926 
0.0685333 0.249049 1.00752 
0.128867 0.271589 0.88246 
0.208381 0.262662 0.652176 
0.273381 0.241284 0.422631 
0.29229 0.210008 0.247225 
0.259854 0.169749 0.129038 
0.204429 0.138162 0.0613095 
0.164155 0.140625 0.0488119 
0.156112 0.183588 0.0931525 
0.175562 0.248308 0.175488 
0.227762 0.319306 0.268717 
0.350698 0.413889 0.365292 
0.58943 0.568896 0.479625 
0.935447 0.787115 0.613107 
1.2899 0.997152 0.719741 
1.49629 1.07709 0.719397 
1.42962 0.936026 0.561154 
1.0822 0.595379 0.288643 
0.589554 0.209326 0.0514577 
0.178702 0.00429436 0.0431733 
0.063538 0.165223 0.393817 
0.337775 0.726524 1.0755 
0.92084 1.53185 1.88497 
1.59385 2.30316 2.53953 
2.118 2.80058 2.8563 
2.37039 2.97904 2.90297 
2.40145 3.01496 2.97968 
2.35709 3.14628 3.38593 
2.31708 3.42765 4.11764 
2.19681 3.62042 4.76544 
1.83087 3.36443 4.77414 
1.18403 2.52148 3.90054 
0.47458 1.37057 2.46456 
0.0444423 0.429266 1.12417 
0.0711297 0.0409895 0.356632 
0.415759 0.132883 0.144216 
0.780961 0.386189 0.161129 
1.00926 0.611062 0.21587 
1.18429 0.891116 0.427895 
1.43019 1.34776 0.949884 
1.67388 1.84469 1.6094 
1.68073 2.03084 1.95262 
1.32786 1.69802 1.68113 
0.775647 1.02895 0.978953 
0.324481 0.435534 0.343258 
0.132653 0.175331 0.111019 
0.122645 0.174898 0.203835 
0.143534 0.207702 0.317719 
0.149697 0.160881 0.272224 
0.190316 0.0894074 0.126464 
0.285361 0.0747694 0.0207416 
0.38904 0.122153 0.00903393 
0.472681 0.202324 0.0621618 
0.575626 0.318739 0.15363 
0.736303 0.480619 0.274929 
0.9065 0.638985 0.388964 
0.980341 0.705334 0.431584 
0.90479 0.640868 0.376077 
0.72782 0.494159 0.263979 
0.53312 0.339981 0.155532 
0.359813 0.209472 0.0745604 
0.205775 0.100625 0.0232595 
0.0857782 0.0343095 0.0289841 
0.0487199 0.0610264 0.136079 
0.128492 0.20313 0.34244 
0.295425 0.410931 0.569565 
0.468483 0.591258 0.716285 
0.57094 0.67462 0.737986 
0.571795 0.649725 0.664081 
0.486367 0.545597 0.547323 
0.354115 0.399687 0.41509 
0.218028 0.24608 0.273076 
0.110846 0.116862 0.137281 
0.0456766 0.0353804 0.0413437 
0.0158912 0.00334483 0.00892188 
0.00894153 0.00210068 0.0292668 
0.0241097 0.0132897 0.067709 
0.0756422 0.0379102 0.0979323 
0.176562 0.0925381 0.119728 
0.320174 0.187759 0.147922 
0.478371 0.312638 0.191313 
0.615937 0.439159 0.245381 
0.704955 0.538857 0.301659 
0.730406 0.596583 0.359538 
0.691604 0.61415 0.427267 
0.602767 0.603782 0.509659 
0.48745 0.574816 0.591781 
0.366406 0.523892 0.636265 
0.250786 0.441047 0.60578 
0.148048 0.328427 0.496484 
0.0690354 0.208886 0.347693 
0.0227641 0.110192 0.211834 
0.00783755 0.0435783 0.114544 
0.0197745 0.00656459 0.0492209 
0.0693783 0.00686429 0.00809546 
0.182838 0.070934 0.00598501 
0.372079 0.217972 0.0656582 
0.604904 0.427257 0.186141 
0.811099 0.63811 0.334175 
0.921733 0.783025 0.46397 
0.905377 0.82035 0.537775 
0.775425 0.744164 0.53239 
0.574372 0.578592 0.443454 
0.353795 0.369379 0.294804 
0.160806 0.17252 0.138165 
0.0340689 0.0390002 0.032116 
0.00797126 0.00446435 0.0158625 
0.1134 0.0877848 0.099495 
0.359597 0.286503 0.268193 
0.702442 0.561161 0.483084 
1.03408 0.827218 0.679798 
1.22414 0.982266 0.785099 
1.19482 0.963108 0.755511 
0.970417 0.787385 0.607892 
0.657846 0.540611 0.410226 
0.376801 0.320468 0.239527 
0.199414 0.187945 0.145532 
0.138227 0.157635 0.144313 
0.168242 0.213218 0.227358 
0.246893 0.317758 0.36193 
0.322271 0.416296 0.488099 
0.347702 0.452858 0.538885 
0.307343 0.404544 0.483767 
0.226938 0.299403 0.354253 
0.150967 0.192019 0.217453 
0.109783 0.120753 0.121737 
0.114018 0.0941091 0.0728061 
0.171601 0.112211 0.0586242 
0.287281 0.180794 0.0797331 
0.436683 0.29312 0.143106 
0.562001 0.413952 0.237515 
0.620319 0.505161 0.335638 
0.63527 0.567823 0.42256 
0.675984 0.637599 0.504199 
0.771967 0.727126 0.577425 
0.864238 0.788518 0.606363 
0.860029 0.753868 0.549419 
0.732739 0.612783 0.411992 
0.551944 0.434383 0.257883 
0.412978 0.306521 0.159309 
0.350775 0.261356 0.139108 
0.327725 0.26379 0.164245 
0.290164 0.260331 0.187126 
0.21997 0.226287 0.184291 
0.135979 0.170624 0.160046 
0.0658126 0.113597 0.127985 
0.0272784 0.0704447 0.0979082 
0.0268804 0.0494886 0.0753397 
0.0594631 0.0521418 0.0631571 
0.104897 0.0696804 0.0595849 
0.13454 0.0854763 0.0580028 
0.130554 0.0865891 0.0524859 
0.0996486 0.0738011 0.0434827 
0.064622 0.0589091 0.0369459 
0.0439837 0.0545175 0.039594 
0.0452697 0.0707884 0.058085 
0.0772436 0.120412 0.101646 
0.155853 0.215559 0.1778 
0.283465 0.347749 0.277122 
0.421171 0.470418 0.36231 
0.496946 0.5155 0.38299 
0.458381 0.443913 0.314246 
0.321631 0.285192 0.185027 
