0.466048 0.729527 0.787346 
0.32707 0.613399 0.691118 
0.228637 0.527455 0.60621 
0.192011 0.499686 0.557135 
0.227327 0.547102 0.560602 
0.33834 0.675653 0.624053 
0.525549 0.880531 0.745057 
0.784649 1.14548 0.910831 
1.10091 1.4416 1.09804 
1.44338 1.72764 1.27392 
1.76403 1.95412 1.4003 
2.00496 2.07257 1.44119 
2.11317 2.04817 1.37313 
2.05763 1.87204 1.19493 
1.84127 1.56727 0.932311 
1.50204 1.18501 0.633433 
1.10168 0.790585 0.355497 
0.707364 0.445112 0.147048 
0.374931 0.190735 0.0340091 
0.141132 0.0462186 0.016288 
0.0264449 0.0134822 0.0762438 
0.0429227 0.0890334 0.193445 
0.198377 0.271218 0.356381 
0.491482 0.557486 0.56399 
0.900283 0.933569 0.816868 
1.37345 1.36326 1.10511 
1.83406 1.78829 1.40193 
2.19845 2.14165 1.6682 
2.4028 2.36854 1.86528 
2.42388 2.44383 1.96854 
2.28333 2.37697 1.97402 
2.03425 2.20314 1.89595 
1.73884 1.96735 1.75885 
1.449 1.71093 1.58973 
1.19761 1.46539 1.41385 
0.999544 1.25243 1.25312 
0.856543 1.08528 1.12441 
0.760301 0.967644 1.03644 
0.69358 0.891584 0.986853 
0.632886 0.83814 0.962546 
0.555667 0.783402 0.944569 
0.450499 0.708353 0.915729 
0.324657 0.607365 0.866921 
0.203731 0.490528 0.79902 
0.122414 0.3788 0.720061 
0.110983 0.295112 0.640078 
0.184193 0.256275 0.566747 
0.337278 0.269125 0.503869 
0.549355 0.331392 0.452986 
0.790972 0.435411 0.416918 
1.03157 0.571955 0.403033 
1.24404 0.731956 0.423666 
1.40582 0.905227 0.491906 
1.49821 1.07728 0.613448 
1.50667 1.22732 0.778576 
1.42452 1.3309 0.960098 
1.26028 1.36868 1.12081 
1.04474 1.33774 1.22813 
0.831138 1.25807 1.26762 
0.683149 1.16728 1.24663 
0.651572 1.10317 1.18517 
0.749432 1.08276 1.10049 
0.939604 1.09097 0.997044 
1.14494 1.08789 0.869682 
1.27896 1.03236 0.717975 
1.28268 0.907912 0.560036 
1.14839 0.735061 0.433688 
0.918558 0.562078 0.381545 
0.661989 0.440083 0.428442 
0.441904 0.397723 0.565585 
0.292885 0.42967 0.751514 
0.216002 0.503323 0.929012 
0.189694 0.576945 1.04762 
0.186331 0.617489 1.07971 
0.184552 0.609584 1.02416 
0.173355 0.554545 0.899474 
0.150067 0.464011 0.733152 
0.116779 0.353674 0.552934 
0.0782352 0.239751 0.381962 
0.0412911 0.137715 0.23717 
0.0144027 0.061617 0.129624 
0.00598635 0.0229755 0.0660683 
0.0217772 0.0291702 0.0509232 
0.0622723 0.0816525 0.0872113 
0.121478 0.17435 0.174934 
0.187742 0.292976 0.307149 
0.246737 0.41637 0.466447 
0.285795 0.52068 0.625446 
0.297981 0.585691 0.752925 
0.284061 0.600875 0.823492 
0.251358 0.568217 0.825991 
0.210154 0.500311 0.766286 
0.169659 0.414837 0.663346 
0.135624 0.328319 0.541221 
0.110299 0.251955 0.421143 
0.0937519 0.190614 0.316944 
0.0849538 0.144189 0.234531 
0.0818544 0.109857 0.174174 
0.081048 0.0841793 0.133704 
0.0782222 0.0647735 0.111199 
0.0698801 0.0515154 0.106464 
0.0555282 0.0469976 0.121115 
0.0388079 0.0557754 0.157296 
0.0265106 0.0822103 0.215344 
0.025637 0.127394 0.290969 
0.0397677 0.186315 0.373037 
0.0664523 0.24679 0.443402 
0.0970608 0.291534 0.480275 
0.119749 0.30381 0.465584 
0.124883 0.275296 0.394489 
0.110681 0.212677 0.282511 
0.0858168 0.138474 0.164706 
0.0664563 0.0834483 0.0840539 
0.0682324 0.0726384 0.0724259 
0.097474 0.112203 0.133733 
0.147785 0.18576 0.240166 
0.20553 0.26437 0.346207 
0.261686 0.325515 0.414066 
0.321919 0.369148 0.435579 
0.40628 0.419098 0.436213 
0.536123 0.506858 0.457523 
0.715058 0.646968 0.528607 
0.916489 0.820047 0.644816 
1.08773 0.975821 0.767632 
1.17086 1.05599 0.845724 
1.12973 1.02398 0.843655 
0.968247 0.884202 0.760548 
0.72983 0.680316 0.628682 
0.479046 0.474732 0.495239 
0.275816 0.322127 0.399887 
0.15537 0.251043 0.360962 
0.12226 0.260842 0.375276 
0.158295 0.331721 0.427659 
0.237682 0.439398 0.502176 
0.340716 0.566069 0.588626 
0.459782 0.703247 0.682553 
0.595929 0.84698 0.780578 
0.748794 0.98923 0.874289 
0.905816 1.1107 0.945992 
1.03769 1.18018 0.969495 
1.10477 1.16324 0.918 
1.07364 1.03858 0.777987 
0.936438 0.814571 0.563136 
0.721573 0.535847 0.319222 
0.487351 0.272642 0.11317 
0.298894 0.094574 0.00778584 
0.199257 0.0406941 0.0333638 
0.190497 0.101826 0.171603 
0.235731 0.225737 0.362006 
0.281147 0.34304 0.528515 
0.285252 0.399845 0.612521 
0.238901 0.379768 0.595056 
0.166113 0.305049 0.49809 
0.10768 0.219119 0.367189 
0.0990162 0.162731 0.247436 
0.155011 0.157103 0.165864 
0.268204 0.200844 0.127316 
0.41771 0.278279 0.121817 
0.580938 0.37119 0.135955 
0.740789 0.466375 0.160791 
0.885841 0.556182 0.193049 
1.00609 0.634294 0.231144 
1.08903 0.691483 0.270303 
1.11983 0.715159 0.30072 
1.08607 0.69357 0.310267 
0.984598 0.622342 0.290286 
0.826476 0.509374 0.240981 
0.63654 0.374653 0.172899 
0.446766 0.244158 0.103112 
0.285921 0.140383 0.0478465 
0.170332 0.07424 0.0156047 
0.100352 0.0426166 0.00466207 
0.0640183 0.032636 0.00607394 
0.0453609 0.0297659 0.00987386 
0.0323355 0.0248397 0.010351 
0.020256 0.0162936 0.00742079 
0.00999831 0.00744924 0.00414627 
0.00369106 0.00184862 0.00305052 
0.00157181 0.000250414 0.00413077 
0.00184784 0.000838548 0.00556164 
0.00258015 0.00142202 0.00576861 
0.00321645 0.00118745 0.00474608 
0.00436107 0.000624598 0.00360891 
0.00652646 0.000355039 0.00320884 
0.00987472 0.000789514 0.00357452 
0.0161471 0.00379275 0.00522326 
0.0317469 0.0154914 0.0116846 
0.0691458 0.0477 0.03122 
0.143998 0.11555 0.0757352 
0.267713 0.23093 0.156328 
0.43842 0.39418 0.277001 
0.63527 0.588372 0.429606 
0.820418 0.780224 0.593109 
0.949683 0.928838 0.738512 
0.98829 0.999439 0.837898 
0.924681 0.976114 0.873716 
0.77557 0.867455 0.844006 
0.579386 0.702359 0.761343 
0.381305 0.518331 0.646627 
0.217373 0.348364 0.521295 
0.105189 0.212494 0.401633 
0.0442202 0.116673 0.296796 
0.0231962 0.0572238 0.209805 
0.0289343 0.0268802 0.139863 
0.0519918 0.0192455 0.0849387 
0.0880768 0.0308287 0.0443713 
0.136874 0.0612851 0.0209212 
0.199984 0.112149 0.020698 
0.278117 0.183611 0.0494511 
0.367113 0.269662 0.106005 
0.454083 0.354247 0.176898 
0.51717 0.412623 0.237459 
0.532059 0.420164 0.261399 
0.484119 0.365656 0.234852 
0.379697 0.261247 0.166207 
0.24828 0.1412 0.0841885 
0.131754 0.0478115 0.023807 
0.0653802 0.0114464 0.00808494 
0.0613838 0.0363359 0.036765 
0.105058 0.100661 0.0887715 
0.165353 0.170368 0.136091 
0.212636 0.217596 0.159614 
0.232371 0.232524 0.157233 
0.227394 0.222955 0.140742 
0.209849 0.204423 0.125674 
0.190301 0.188931 0.121709 
0.171775 0.179387 0.129062 
0.151343 0.171386 0.141013 
0.125966 0.158811 0.149062 
0.0970226 0.138462 0.147063 
0.0702347 0.111252 0.133109 
0.0518605 0.0807664 0.10992 
0.0446106 0.0513211 0.0844685 
0.0462242 0.0268057 0.0664099 
0.0511774 0.0100481 0.0645569 
0.0538869 0.00206053 0.082093 
0.0513684 0.00134756 0.113196 
0.0442936 0.00426746 0.144086 
0.0364954 0.00702269 0.159198 
0.0333975 0.00836298 0.149603 
0.0397432 0.010919 0.118557 
0.0570382 0.0195517 0.080279 
0.0815846 0.0371781 0.0520575 
0.104423 0.0607658 0.0441878 
0.114199 0.080788 0.0539099 
0.10266 0.0856649 0.0673596 
0.0706677 0.0694878 0.0687135 
0.0315083 0.0386472 0.051184 
0.00871752 0.0127122 0.0230849 
0.0279369 0.0175506 0.0048047 
0.10546 0.0730094 0.0177885 
