0.16797 0.162116 0.138384 
0.172309 0.172174 0.126847 
0.271875 0.232789 0.144439 
0.45198 0.364595 0.231533 
0.767493 0.638683 0.445544 
1.28036 1.108 0.803931 
1.93616 1.70585 1.22408 
2.52887 2.23476 1.54375 
2.81453 2.48121 1.62661 
2.67605 2.35786 1.45911 
2.19244 1.94718 1.14748 
1.56721 1.42363 0.826006 
0.998509 0.941538 0.570424 
0.595435 0.578899 0.38589 
0.370672 0.347386 0.250335 
0.274061 0.222498 0.150247 
0.231797 0.163379 0.0820327 
0.184205 0.12984 0.0428212 
0.117685 0.105082 0.0348327 
0.071613 0.107872 0.0731735 
0.10876 0.176432 0.176283 
0.269808 0.335666 0.344459 
0.548548 0.578753 0.552536 
0.903027 0.87723 0.767487 
1.28535 1.20382 0.972598 
1.66353 1.54472 1.17458 
2.0224 1.89352 1.38957 
2.34583 2.23337 1.62063 
2.59142 2.51826 1.83989 
2.67866 2.66779 1.98512 
2.51553 2.59187 1.97992 
2.06459 2.24607 1.77729 
1.40513 1.68414 1.40249 
0.728275 1.05759 0.957273 
0.245255 0.545702 0.57084 
0.0685903 0.261253 0.330462 
0.161478 0.20623 0.247491 
0.396551 0.309728 0.284079 
0.667226 0.505705 0.409667 
0.949458 0.775523 0.631153 
1.26526 1.12151 0.970182 
1.5978 1.509 1.41285 
1.85256 1.84331 1.88086 
1.90867 2.01027 2.25166 
1.71262 1.94609 2.4137 
1.32663 1.67696 2.31935 
0.889687 1.29964 2.00484 
0.529829 0.925049 1.57087 
0.302659 0.630191 1.1384 
0.195068 0.444189 0.80176 
0.170633 0.361103 0.59856 
0.205997 0.357538 0.507171 
0.292499 0.403458 0.471257 
0.417795 0.469645 0.437891 
0.55587 0.536773 0.38829 
0.675556 0.602137 0.344208 
0.755201 0.676181 0.348377 
0.788219 0.7687 0.433743 
0.777722 0.874794 0.601294 
0.729306 0.971355 0.817087 
0.649099 1.02583 1.02485 
0.545806 1.01017 1.16372 
0.431468 0.91202 1.18436 
0.318736 0.73977 1.06349 
0.217031 0.522055 0.816654 
0.131133 0.301913 0.50302 
0.0635992 0.125902 0.212942 
0.0196734 0.0311294 0.0373728 
0.0115931 0.0361229 0.0327959 
0.0584536 0.139937 0.20188 
0.178866 0.327316 0.499777 
0.377396 0.572686 0.857069 
0.631191 0.838479 1.20077 
0.8865 1.07212 1.46337 
1.07207 1.21181 1.58635 
1.12737 1.20646 1.53056 
1.03326 1.04209 1.295 
0.827338 0.757943 0.930237 
0.591781 0.43812 0.530874 
0.415807 0.179134 0.20481 
0.351418 0.0495994 0.0345699 
0.388508 0.0641069 0.0513215 
0.465897 0.185486 0.233129 
0.51217 0.352248 0.523547 
0.489336 0.512189 0.855962 
0.409977 0.640039 1.16902 
0.318211 0.73009 1.40846 
0.251708 0.775245 1.52367 
0.214947 0.755496 1.47371 
0.183169 0.65053 1.24884 
0.131542 0.468365 0.895506 
0.0647358 0.263574 0.518998 
0.0221338 0.12201 0.246748 
0.052443 0.114097 0.164414 
0.175008 0.246652 0.264566 
0.35684 0.45006 0.447752 
0.524603 0.614842 0.581527 
0.605221 0.655022 0.5794 
0.566749 0.554818 0.445256 
0.43164 0.368258 0.255415 
0.257473 0.177988 0.0985694 
0.104764 0.0480672 0.0223568 
0.0154658 0.00249878 0.0215834 
0.00857303 0.0332867 0.0636367 
0.0819782 0.117976 0.119296 
0.21061 0.227821 0.173405 
0.345498 0.326906 0.216475 
0.42628 0.375829 0.235796 
0.409447 0.347517 0.219019 
0.296707 0.246655 0.166321 
0.141759 0.116248 0.0982873 
0.0265715 0.0223713 0.051339 
0.0189267 0.022931 0.0621123 
0.135339 0.136712 0.148235 
0.330431 0.330058 0.295159 
0.519674 0.53144 0.459105 
0.625549 0.671211 0.591599 
0.624504 0.72828 0.67749 
0.5686 0.754922 0.761434 
0.564649 0.855808 0.933909 
0.714355 1.12172 1.26953 
1.0438 1.55198 1.74963 
1.46513 2.01927 2.22823 
1.8036 2.31487 2.48513 
1.88673 2.26203 2.35119 
1.64775 1.83063 1.82693 
1.17491 1.17151 1.10369 
0.666577 0.536734 0.4586 
0.316789 0.135198 0.0912699 
0.209655 0.025064 0.0211949 
0.295118 0.116822 0.118441 
0.452953 0.270782 0.230765 
0.582753 0.399227 0.294064 
0.647726 0.493079 0.340378 
0.654877 0.573144 0.419881 
0.614433 0.634589 0.528505 
0.526756 0.643692 0.610101 
0.399475 0.57809 0.615165 
0.260455 0.45581 0.544719 
0.144713 0.321157 0.438878 
0.0714363 0.209991 0.336803 
0.0385089 0.134381 0.256424 
0.0356288 0.0932539 0.203418 
0.0539791 0.0831366 0.180336 
0.0820488 0.0935965 0.178595 
0.102462 0.103132 0.172679 
0.103413 0.0931112 0.138335 
0.0921549 0.0669771 0.0794183 
0.0882541 0.0468124 0.0272479 
0.0995978 0.0464321 0.00733049 
0.110332 0.0536701 0.0121802 
0.0979161 0.0457938 0.0143711 
0.0599275 0.0198774 0.00389468 
0.0188095 0.000425049 0.00344254 
0.000393073 0.0152471 0.0435997 
0.012205 0.0686868 0.128726 
0.0429306 0.140615 0.231783 
0.0769147 0.206465 0.318692 
0.105324 0.253562 0.3719 
0.127938 0.281958 0.39271 
0.151508 0.297995 0.390011 
0.186594 0.309496 0.371732 
0.239411 0.321451 0.342939 
0.302846 0.331327 0.305934 
0.358817 0.330622 0.261796 
0.394193 0.315548 0.215034 
0.414493 0.29632 0.176879 
0.439696 0.292795 0.160934 
0.487153 0.320141 0.174517 
0.560383 0.380299 0.216147 
0.652184 0.466042 0.281283 
0.752318 0.567927 0.366202 
0.84862 0.673698 0.462797 
0.92348 0.763521 0.551636 
0.954612 0.811507 0.605161 
0.922996 0.79594 0.601013 
0.823719 0.711299 0.53442 
0.67429 0.574968 0.421736 
0.514004 0.424586 0.295412 
0.387508 0.302801 0.191787 
0.316401 0.23282 0.133234 
0.281942 0.202602 0.114891 
0.242668 0.178121 0.112001 
0.178042 0.140353 0.107765 
0.114224 0.108916 0.114392 
0.0986525 0.121122 0.158865 
0.145109 0.183311 0.242676 
0.208882 0.248722 0.320908 
0.223325 0.25329 0.332203 
0.162712 0.177664 0.256216 
0.0671107 0.0718728 0.140719 
0.0052825 0.0155489 0.067822 
0.0143284 0.0511108 0.088722 
0.0728847 0.151085 0.18523 
0.126316 0.244465 0.288363 
0.134155 0.273506 0.333003 
0.0977684 0.232473 0.302235 
0.0512816 0.16278 0.230796 
0.0304638 0.116081 0.172248 
0.0468662 0.117363 0.159131 
0.0847121 0.153856 0.185131 
0.118222 0.192569 0.217866 
0.132399 0.20792 0.2272 
0.130523 0.196689 0.204854 
0.125176 0.172002 0.162753 
0.12403 0.14703 0.117661 
0.124153 0.125239 0.0789977 
0.11848 0.103698 0.0485087 
0.106598 0.0821517 0.0265452 
0.099377 0.0670262 0.01524 
0.113223 0.0669275 0.0157883 
0.157832 0.0845297 0.0246303 
0.225751 0.111818 0.0335434 
0.291729 0.13249 0.0340164 
0.324688 0.130975 0.0231259 
0.306404 0.103244 0.00758648 
0.24381 0.0614661 0.00231132 
0.164424 0.0266701 0.0211064 
0.0980294 0.0134269 0.0636702 
0.0606301 0.020364 0.110963 
0.0538983 0.0370043 0.138237 
0.0753797 0.0597013 0.137639 
0.122223 0.0963877 0.12723 
0.181793 0.151052 0.132708 
0.225028 0.205696 0.158178 
0.221517 0.226376 0.178773 
0.168383 0.193622 0.166018 
0.0998765 0.124592 0.118455 
0.0591062 0.0588641 0.0628407 
0.0577341 0.0219431 0.0267915 
0.0690363 0.00870151 0.0176273 
0.0636096 0.00414845 0.0299377 
0.0454687 0.010858 0.0633544 
0.0448955 0.0445968 0.119824 
0.0777864 0.104044 0.183803 
0.122466 0.157665 0.219553 
0.141638 0.169558 0.199819 
0.120842 0.134518 0.134811 
0.0781598 0.0802647 0.0642066 
0.0399042 0.0371513 0.0199914 
0.0167583 0.0140583 0.0038062 
0.00500183 0.00423002 0.000723493 
0.000405617 0.00305785 0.003793 
0.00205678 0.0106403 0.0158956 
0.00686906 0.0219562 0.0335612 
0.0106223 0.026859 0.0429972 
0.0158476 0.0228529 0.0362106 
0.0304712 0.0196214 0.0221057 
0.0543557 0.025522 0.014688 
0.0739784 0.0356686 0.0157471 
0.078458 0.0412187 0.0177436 
