0.416105 0.380809 0.207285 
0.276982 0.304989 0.205454 
0.121817 0.229727 0.245731 
0.0237657 0.203451 0.354576 
0.0276575 0.252682 0.538403 
0.125208 0.366349 0.774569 
0.258307 0.501027 1.01785 
0.350785 0.606372 1.22155 
0.352747 0.657461 1.3627 
0.273242 0.675118 1.45662 
0.182077 0.720673 1.55049 
0.17771 0.86542 1.69735 
0.336608 1.14965 1.92329 
0.669988 1.55298 2.20586 
1.11042 1.9926 2.47643 
1.53547 2.35163 2.6465 
1.81685 2.5243 2.64499 
1.87134 2.45638 2.44796 
1.69052 2.16297 2.08662 
1.33805 1.71764 1.63193 
0.919366 1.22132 1.16558 
0.540246 0.766998 0.752923 
0.272831 0.415099 0.429346 
0.14084 0.186552 0.202633 
0.125258 0.0708129 0.0649438 
0.183022 0.0407859 0.00508704 
0.268069 0.0664757 0.0144706 
0.34632 0.123048 0.086022 
0.401186 0.19326 0.209844 
0.431015 0.266579 0.370214 
0.442575 0.337294 0.546213 
0.44467 0.402749 0.715214 
0.444281 0.46176 0.856841 
0.44543 0.513088 0.955495 
0.449553 0.554151 1.00111 
0.456015 0.580564 0.989132 
0.462286 0.586903 0.920675 
0.464194 0.568575 0.803103 
0.456884 0.523931 0.650087 
0.436434 0.455497 0.480205 
0.401276 0.369619 0.31391 
0.352515 0.274834 0.170093 
0.293068 0.180243 0.0641554 
0.226601 0.0952141 0.00881563 
0.157421 0.0306687 0.0169575 
0.0914852 0.00054716 0.103831 
0.0373189 0.0211593 0.285437 
0.0052071 0.106918 0.571754 
0.00405047 0.263284 0.956842 
0.037166 0.480175 1.41081 
0.0994691 0.729836 1.87912 
0.177949 0.971519 2.29194 
0.25546 1.16205 2.58156 
0.316012 1.26839 2.70186 
0.349182 1.27723 2.64214 
0.352183 1.19808 2.42995 
0.329568 1.05918 2.1219 
0.2914 0.898234 1.78634 
0.250675 0.751493 1.48438 
0.220323 0.644923 1.25591 
0.209979 0.589575 1.11432 
0.223094 0.581744 1.04992 
0.255377 0.606846 1.03903 
0.295491 0.645007 1.05402 
0.32814 0.676371 1.07073 
0.338672 0.684845 1.07174 
0.31769 0.659998 1.04593 
0.264252 0.597702 0.986742 
0.18691 0.500311 0.890915 
0.102542 0.376874 0.75919 
0.0334322 0.243141 0.598471 
0.00307371 0.120508 0.423748 
0.0310973 0.0328683 0.257505 
0.127893 0.00103886 0.125128 
0.290014 0.0358423 0.0470023 
0.498087 0.132459 0.030403 
0.719044 0.2692 0.0654593 
0.913313 0.41256 0.128082 
1.04547 0.527488 0.189196 
1.09461 0.58879 0.225924 
1.05996 0.588499 0.229088 
0.959246 0.535948 0.203636 
0.820441 0.451185 0.162934 
0.671166 0.355837 0.121231 
0.530687 0.266259 0.0887808 
0.407583 0.191509 0.0712038 
0.302661 0.135288 0.0713349 
0.214048 0.0989637 0.090628 
0.141089 0.0832368 0.128738 
0.0853849 0.0880358 0.182345 
0.0494291 0.111741 0.245163 
0.0343596 0.150762 0.309698 
0.0381069 0.199451 0.369235 
0.0545714 0.249813 0.418113 
0.0741865 0.291242 0.450132 
0.0862088 0.311619 0.457388 
0.0826296 0.30101 0.432251 
0.0624268 0.257236 0.372779 
0.0337618 0.190202 0.288331 
0.0119523 0.121238 0.200554 
0.0131158 0.0760443 0.137172 
0.0461949 0.0738656 0.120663 
0.107619 0.1184 0.157713 
0.18175 0.195481 0.235407 
0.247056 0.27883 0.326302 
0.284731 0.340764 0.399533 
0.285474 0.362466 0.432298 
0.251674 0.339525 0.416774 
0.195152 0.281593 0.360781 
0.132551 0.207817 0.283575 
0.0806005 0.140598 0.209357 
0.0522278 0.0994381 0.160445 
0.0534783 0.0956428 0.151132 
0.0814153 0.128669 0.183222 
0.124059 0.185523 0.244854 
0.163654 0.244576 0.314106 
0.183157 0.283504 0.367154 
0.1735 0.288395 0.387966 
0.137735 0.25951 0.374842 
0.0892858 0.210331 0.340166 
0.0448575 0.160205 0.30343 
0.0160577 0.124806 0.281514 
0.00472406 0.10986 0.281593 
0.00450313 0.111215 0.299931 
0.0069924 0.12002 0.325836 
0.00783422 0.128734 0.347259 
0.00866711 0.134018 0.354711 
0.0142658 0.135711 0.342683 
0.0277735 0.134204 0.309933 
0.047911 0.129171 0.260014 
0.0699349 0.120505 0.20157 
0.0889292 0.109821 0.146679 
0.102463 0.100321 0.106496 
0.110777 0.0946572 0.0860764 
0.115128 0.0927397 0.0819572 
0.116353 0.0917527 0.0847336 
0.114958 0.0886655 0.0851904 
0.112115 0.0830168 0.0796328 
0.109901 0.0772843 0.0705886 
0.109999 0.0742804 0.062822 
0.111921 0.0738535 0.0584265 
0.112691 0.0720419 0.0553004 
0.108805 0.0638077 0.0501078 
0.0991427 0.0473265 0.0427495 
0.0863981 0.0263192 0.0380376 
0.0756109 0.00842365 0.0427975 
0.0707449 0.000761575 0.0606675 
0.0718871 0.0059647 0.0888516 
0.0751765 0.0213288 0.119398 
0.0754649 0.0412265 0.143892 
0.0697548 0.0606739 0.158031 
0.0591244 0.0776636 0.163131 
0.0481381 0.0932916 0.164374 
0.0424053 0.110283 0.167695 
0.0457845 0.131034 0.17734 
0.0584928 0.155897 0.194624 
0.0767051 0.182036 0.217347 
0.0937081 0.203336 0.239644 
0.102354 0.211995 0.252988 
0.0981061 0.201805 0.249046 
0.0813932 0.171773 0.223699 
0.0578417 0.127791 0.179918 
0.0357656 0.0807116 0.127205 
0.0219169 0.0414569 0.077467 
0.0178838 0.0160592 0.0398386 
0.019509 0.00389491 0.0179018 
0.0200003 0.000323978 0.0109445 
0.0149746 0.00177305 0.0176876 
0.00617136 0.00940477 0.0389157 
0.0011527 0.0284127 0.0763666 
0.00879613 0.0631502 0.128452 
0.0332372 0.111511 0.18637 
0.0702166 0.162873 0.234518 
0.108474 0.201721 0.256312 
0.135588 0.215189 0.242536 
0.144579 0.199874 0.197034 
0.136943 0.163482 0.135741 
0.120177 0.120152 0.0791138 
0.101806 0.0825391 0.0422304 
0.0844986 0.0558487 0.0283764 
0.0659898 0.0375481 0.0296376 
0.0437191 0.0223629 0.0335752 
0.020259 0.00848173 0.0313956 
0.00477778 0.00026794 0.022602 
0.00875955 0.00560865 0.0139098 
0.0386736 0.0300435 0.014021 
0.0907231 0.0719766 0.0280279 
0.151369 0.122172 0.0546215 
0.203269 0.167551 0.0869319 
0.232816 0.196641 0.115702 
0.235001 0.203593 0.132853 
0.213674 0.18929 0.134111 
0.178246 0.15992 0.12015 
0.139295 0.124277 0.096118 
0.105093 0.0908694 0.0696221 
0.0798658 0.0655373 0.0477728 
0.0638028 0.0502077 0.0345688 
0.0544645 0.0432651 0.029986 
0.0489313 0.0413876 0.0312004 
0.045577 0.0417612 0.0349767 
0.0444046 0.0432613 0.0395458 
0.0458317 0.0459847 0.0448749 
0.0490792 0.0498223 0.0515154 
0.0516906 0.0534105 0.0590691 
0.0506803 0.054253 0.0652602 
0.0443253 0.0497926 0.06614 
0.0331783 0.03881 0.0577263 
0.0198643 0.0228146 0.0390919 
0.00835524 0.00711779 0.0157964 
0.00325778 0.000451435 0.000810458 
0.00850492 0.0114585 0.00973407 
0.0246875 0.0420433 0.0502582 
0.0463174 0.081474 0.111661 
0.0627999 0.107938 0.16394 
0.0660749 0.101524 0.17265 
0.0622086 0.063728 0.124315 
0.0775421 0.0295195 0.0458517 
0.149523 0.0577705 0.000159355 
0.301879 0.19846 0.053565 
0.518167 0.453683 0.231715 
0.73497 0.759669 0.493057 
0.867031 1.00792 0.741434 
0.854616 1.09851 0.874267 
0.704071 0.994728 0.837741 
0.492307 0.744227 0.654227 
0.3279 0.452458 0.405497 
0.29119 0.225474 0.184825 
0.391051 0.118409 0.0501841 
0.565014 0.119528 0.00615272 
0.720027 0.173697 0.0193105 
0.785173 0.223576 0.0493949 
0.743395 0.239914 0.0725614 
0.62755 0.225903 0.085072 
0.491095 0.201334 0.0929547 
0.376799 0.183568 0.101214 
0.301454 0.178392 0.11096 
0.258922 0.181804 0.12232 
0.232154 0.185685 0.13602 
0.204112 0.181503 0.150594 
0.164115 0.162159 0.159273 
0.111122 0.124995 0.152323 
0.0548666 0.0759153 0.124975 
0.0127368 0.0301965 0.0842027 
0.000875513 0.00603771 0.0469495 
0.0230648 0.0131384 0.0295006 
0.0654009 0.0446482 0.0360163 
0.102605 0.0800161 0.0558293 
0.11329 0.0981169 0.0720942 
0.0936024 0.0913081 0.0748427 
0.0588467 0.0696715 0.0678789 
0.0316545 0.0522946 0.0643553 
