0.84738 0.454322 0.181333 
0.584095 0.30302 0.0682456 
0.245877 0.111677 0.0168489 
0.0897304 0.0937804 0.16227 
0.194297 0.317507 0.521854 
0.383861 0.602359 0.894404 
0.427669 0.69556 1.01509 
0.282421 0.529863 0.808832 
0.103282 0.269928 0.455624 
0.0400978 0.116195 0.202221 
0.0870974 0.11789 0.14742 
0.151845 0.197271 0.226002 
0.210943 0.298818 0.349326 
0.327897 0.441878 0.492172 
0.522267 0.626599 0.63998 
0.687645 0.756662 0.719577 
0.683646 0.709643 0.642674 
0.492388 0.475813 0.41604 
0.248934 0.191449 0.170976 
0.113837 0.0222724 0.0611919 
0.134659 0.0233368 0.130687 
0.234843 0.113023 0.279485 
0.317996 0.169932 0.352307 
0.370877 0.152683 0.2703 
0.476176 0.143327 0.103027 
0.738359 0.287102 0.0268406 
1.18784 0.674714 0.194672 
1.73397 1.25255 0.610868 
2.2029 1.83332 1.11314 
2.43928 2.20918 1.48439 
2.39928 2.28282 1.60394 
2.16175 2.11104 1.51064 
1.8518 1.83203 1.3347 
1.54922 1.55305 1.17779 
1.26245 1.29997 1.05411 
0.974572 1.05333 0.925025 
0.696482 0.80914 0.766157 
0.471476 0.598607 0.596165 
0.343954 0.465234 0.459239 
0.339228 0.439758 0.397529 
0.465189 0.530468 0.434095 
0.704811 0.712393 0.558018 
0.989807 0.912566 0.712411 
1.19787 1.02297 0.809615 
1.21098 0.959368 0.781757 
0.999739 0.725056 0.628353 
0.652466 0.415273 0.413787 
0.315948 0.153066 0.218889 
0.103749 0.0169936 0.0977429 
0.0499227 0.0187061 0.071735 
0.12496 0.125502 0.140204 
0.272021 0.285874 0.278251 
0.42896 0.441643 0.43282 
0.541304 0.543262 0.546044 
0.579133 0.572489 0.595449 
0.548087 0.548141 0.604291 
0.480231 0.502252 0.60525 
0.414332 0.453684 0.601481 
0.385373 0.410198 0.572699 
0.420089 0.385899 0.511533 
0.518824 0.394493 0.434551 
0.63024 0.416835 0.353054 
0.660608 0.393764 0.253177 
0.540064 0.279181 0.127231 
0.298821 0.109313 0.0217462 
0.0711426 0.00279351 0.0273075 
0.00366183 0.069347 0.196908 
0.144574 0.309817 0.474979 
0.417952 0.612286 0.726497 
0.704186 0.853456 0.852976 
0.941645 1.00418 0.882405 
1.15179 1.13609 0.940093 
1.38005 1.33384 1.13005 
1.63268 1.6138 1.44878 
1.87952 1.93074 1.81463 
2.10442 2.24801 2.16959 
2.32726 2.57587 2.53427 
2.56011 2.92636 2.95185 
2.74677 3.23733 3.38258 
2.76618 3.36346 3.67037 
2.51659 3.1666 3.6329 
2.00861 2.63034 3.20008 
1.37884 1.89265 2.47552 
0.810016 1.16687 1.67155 
0.430928 0.625537 0.987606 
0.278107 0.34413 0.540237 
0.329887 0.327156 0.378327 
0.552055 0.554589 0.521922 
0.900336 0.984895 0.955273 
1.29372 1.52531 1.58584 
1.61801 2.03476 2.2451 
1.78302 2.38876 2.76803 
1.78162 2.55061 3.08706 
1.68014 2.5675 3.23986 
1.54209 2.4881 3.276 
1.36962 2.29455 3.16591 
1.13504 1.93585 2.82325 
0.868631 1.43414 2.22771 
0.691069 0.939792 1.51499 
0.731058 0.654831 0.925853 
1.00076 0.685578 0.652398 
1.36046 0.965488 0.723065 
1.61487 1.31557 1.01729 
1.64769 1.57147 1.36725 
1.47319 1.65961 1.64224 
1.18365 1.58503 1.7695 
0.871873 1.38699 1.72589 
0.598557 1.11825 1.53775 
0.397724 0.842569 1.27773 
0.28041 0.620164 1.0344 
0.232546 0.485215 0.869479 
0.229072 0.441763 0.798195 
0.257966 0.476477 0.798013 
0.320231 0.561441 0.821065 
0.402297 0.64605 0.805124 
0.463685 0.670972 0.704101 
0.467116 0.612233 0.532521 
0.416829 0.508624 0.372987 
0.356767 0.431943 0.318006 
0.336932 0.432114 0.399316 
0.395009 0.522277 0.583198 
0.560507 0.705801 0.82655 
0.839768 0.980503 1.10663 
1.17372 1.29518 1.3816 
1.43181 1.528 1.55335 
1.49014 1.55471 1.51784 
1.33412 1.3568 1.2669 
1.0732 1.04732 0.917372 
0.847149 0.778364 0.622329 
0.72632 0.632468 0.463129 
0.699846 0.604214 0.433673 
0.724974 0.652234 0.497631 
0.7519 0.72692 0.615354 
0.713409 0.753383 0.71386 
0.548147 0.645864 0.686633 
0.277653 0.392003 0.481793 
0.0468327 0.11965 0.196457 
0.0378341 0.0328785 0.041977 
0.306262 0.239596 0.172835 
0.699525 0.632635 0.535666 
0.955452 0.954531 0.894708 
0.905965 0.999565 1.0192 
0.609896 0.773833 0.861561 
0.304373 0.475563 0.570579 
0.218805 0.320658 0.342667 
0.4005 0.367668 0.256724 
0.684892 0.487812 0.239262 
0.830375 0.497761 0.177593 
0.709868 0.333392 0.0605442 
0.403368 0.107646 0.00308977 
0.11632 0.000870248 0.126993 
0.0013534 0.0891739 0.416984 
0.0466534 0.275908 0.703273 
0.12337 0.388044 0.796817 
0.12628 0.335285 0.648034 
0.0617606 0.175878 0.377111 
0.0120815 0.040396 0.157273 
0.0387899 0.00837826 0.0745831 
0.132188 0.0596084 0.0912735 
0.240333 0.123592 0.118939 
0.323883 0.153029 0.106686 
0.376674 0.148578 0.0640677 
0.408383 0.133267 0.0243548 
0.42464 0.121972 0.00499749 
0.426724 0.116015 0.000995775 
0.421494 0.114967 0.00159379 
0.423632 0.124695 0.00466234 
0.446955 0.154451 0.0180163 
0.49471 0.209923 0.0530859 
0.557089 0.289077 0.1178 
0.615227 0.380708 0.20999 
0.646861 0.463985 0.31214 
0.632462 0.511908 0.393053 
0.563776 0.502977 0.42188 
0.452156 0.436704 0.388699 
0.32746 0.33866 0.31379 
0.223217 0.24623 0.233749 
0.159425 0.186677 0.176422 
0.139771 0.169206 0.150408 
0.16264 0.194915 0.156739 
0.225964 0.264045 0.200698 
0.31489 0.364805 0.282122 
0.390526 0.459301 0.375725 
0.405341 0.495232 0.433596 
0.339407 0.44307 0.418087 
0.22051 0.322866 0.334072 
0.103892 0.190969 0.226594 
0.0308357 0.0988499 0.146542 
0.00566368 0.0623607 0.117056 
0.00633037 0.0628504 0.125545 
0.00949845 0.0692385 0.139216 
0.00621862 0.0598858 0.128551 
0.00342034 0.0342697 0.0863979 
0.0179781 0.012954 0.0341565 
0.065642 0.0239965 0.00846845 
0.145484 0.0792461 0.0326962 
0.23045 0.157433 0.0940626 
0.2785 0.213136 0.148841 
0.261851 0.2097 0.155326 
0.189666 0.148712 0.107598 
0.101385 0.0686307 0.0405472 
0.0365757 0.0140263 0.00218741 
0.0111391 0.00486145 0.0179701 
0.0200557 0.0322597 0.0766408 
0.0544659 0.0772646 0.14528 
0.105807 0.12619 0.195002 
0.152883 0.166582 0.213687 
0.160294 0.178473 0.201212 
0.110735 0.146299 0.163102 
0.0455782 0.088318 0.115338 
0.0561393 0.0647672 0.0898278 
0.207458 0.135405 0.119314 
0.458702 0.294873 0.203881 
0.670973 0.455553 0.294399 
0.713363 0.510644 0.323068 
0.569808 0.423833 0.261254 
0.341616 0.256252 0.146752 
0.1509 0.106117 0.0497756 
0.0505435 0.0286185 0.0133459 
0.0205474 0.0141864 0.0289922 
0.0228006 0.0268893 0.062725 
0.0363854 0.0434888 0.0907316 
0.0503528 0.0567055 0.107455 
0.0542806 0.0635685 0.114141 
0.0509607 0.0670321 0.114544 
0.0626914 0.0805909 0.118441 
0.105343 0.113619 0.134339 
0.158552 0.150249 0.15355 
0.177651 0.156513 0.151703 
0.14098 0.117256 0.115912 
0.0770655 0.0601821 0.0671962 
0.0379949 0.0336821 0.0458384 
0.0483535 0.059089 0.0705498 
0.084679 0.108962 0.116337 
0.103974 0.134599 0.137305 
0.0882848 0.113308 0.111035 
0.0593482 0.0669752 0.0580216 
0.0510265 0.0356011 0.0178288 
0.0715332 0.0367771 0.0104131 
0.0966958 0.0541797 0.0239315 
0.0989832 0.0625746 0.0364892 
0.0763956 0.0557852 0.0406881 
0.0497275 0.0465083 0.0431768 
0.0377062 0.045641 0.0478682 
0.0411712 0.0503112 0.0494748 
0.0474543 0.0504614 0.0427502 
0.0428219 0.0397293 0.0297352 
0.0236658 0.0201853 0.01595 
0.00339007 0.00292777 0.00555421 
0.00453929 0.00281036 0.00199144 
0.0337518 0.0244515 0.00781359 
