0.0896719 0.0697712 0.0202718 
0.0314317 0.0330656 0.0165134 
0.0340941 0.0215021 0.0387377 
0.074545 0.032447 0.0750135 
0.0990299 0.0390831 0.107124 
0.0771952 0.0331138 0.146751 
0.0302243 0.0416299 0.232667 
0.00261994 0.0936324 0.381502 
0.0126864 0.17644 0.546842 
0.0374501 0.236744 0.640568 
0.0436117 0.228473 0.602718 
0.0249282 0.155937 0.451262 
0.00661326 0.068878 0.265018 
0.0196999 0.0205136 0.122856 
0.0779173 0.0340022 0.0598481 
0.177426 0.103821 0.071592 
0.309869 0.217822 0.145175 
0.468995 0.371056 0.278185 
0.645892 0.561482 0.473139 
0.823529 0.780327 0.724386 
0.979948 1.01129 1.01656 
1.09729 1.23833 1.33462 
1.16743 1.45121 1.67091 
1.19005 1.64173 2.01806 
1.16722 1.79448 2.3515 
1.10122 1.88294 2.6183 
0.997575 1.87846 2.74862 
0.869449 1.76903 2.69089 
0.738207 1.57482 2.45039 
0.627997 1.34712 2.10191 
0.556849 1.14794 1.76094 
0.528789 1.02124 1.52709 
0.530945 0.972876 1.43481 
0.537497 0.970507 1.44193 
0.519582 0.962125 1.46115 
0.457513 0.902527 1.4131 
0.350265 0.774931 1.2703 
0.218125 0.599135 1.07011 
0.0966644 0.423169 0.892976 
0.022269 0.300794 0.818442 
0.0128533 0.263596 0.881682 
0.053503 0.302726 1.05431 
0.100726 0.374867 1.26182 
0.110776 0.433201 1.42796 
0.0765533 0.462952 1.51632 
0.0420143 0.491828 1.53924 
0.074749 0.563429 1.52992 
0.213588 0.695344 1.50566 
0.435244 0.860623 1.45709 
0.670818 1.01067 1.37135 
0.858084 1.11728 1.26116 
0.982783 1.19309 1.16642 
1.07482 1.27252 1.12572 
1.16896 1.37526 1.14807 
1.26972 1.48788 1.21241 
1.34917 1.57625 1.28934 
1.37256 1.60994 1.35583 
1.32486 1.57507 1.38807 
1.21875 1.47213 1.35076 
1.08576 1.31314 1.21035 
0.96389 1.12689 0.970877 
0.890518 0.96366 0.698078 
0.898884 0.885168 0.499644 
1.01097 0.938026 0.467912 
1.22356 1.12539 0.625644 
1.49365 1.39516 0.912988 
1.73809 1.65435 1.22082 
1.86022 1.80662 1.44555 
1.79848 1.79767 1.53402 
1.56772 1.64384 1.49829 
1.25672 1.42095 1.39501 
0.973201 1.21267 1.28005 
0.773499 1.05262 1.1671 
0.6358 0.909429 1.0241 
0.50245 0.733242 0.817843 
0.353012 0.524633 0.571677 
0.236794 0.357492 0.377869 
0.23016 0.325124 0.338864 
0.358031 0.453397 0.47976 
0.555892 0.662248 0.710917 
0.709751 0.81506 0.880999 
0.736929 0.814149 0.879679 
0.636437 0.661095 0.705466 
0.473306 0.438826 0.449522 
0.322857 0.243521 0.221415 
0.226066 0.127381 0.0829763 
0.18217 0.0870541 0.0324763 
0.167657 0.0873274 0.0309166 
0.158534 0.0911831 0.0371703 
0.143653 0.0791377 0.0297696 
0.128366 0.056164 0.0129937 
0.130274 0.047836 0.0114185 
0.169475 0.0862708 0.054859 
0.258037 0.190374 0.157767 
0.392139 0.349794 0.303355 
0.546398 0.521108 0.44358 
0.672547 0.640236 0.518588 
0.712292 0.650293 0.488382 
0.629478 0.535457 0.360008 
0.44339 0.33927 0.190328 
0.229015 0.145831 0.0551506 
0.0715771 0.028174 0.00111303 
0.00899857 0.00203692 0.0174253 
0.0143695 0.0257693 0.0535963 
0.0328662 0.0456629 0.0680075 
0.0323589 0.0413742 0.0611767 
0.017911 0.0294308 0.0637383 
0.00672247 0.0313697 0.0977023 
0.00395735 0.0496498 0.15569 
0.00933017 0.0771525 0.217095 
0.037725 0.119896 0.275205 
0.116498 0.196393 0.339487 
0.252971 0.309245 0.411486 
0.407473 0.42283 0.466567 
0.507683 0.478156 0.466925 
0.498132 0.436278 0.394913 
0.38202 0.310958 0.273183 
0.219014 0.161055 0.152027 
0.0827607 0.0501727 0.0757764 
0.0150503 0.00798022 0.0570892 
0.0117686 0.022543 0.0781059 
0.0449102 0.0640773 0.113286 
0.0940994 0.113994 0.150896 
0.156785 0.171344 0.19283 
0.231175 0.233637 0.234817 
0.295866 0.277697 0.25217 
0.314363 0.26855 0.214697 
0.265155 0.193939 0.123237 
0.167332 0.0891329 0.0292017 
0.072771 0.0200721 0.00628409 
0.029632 0.0340887 0.0905742 
0.0512008 0.123159 0.243963 
0.116081 0.233725 0.379281 
0.191216 0.31013 0.426051 
0.249832 0.328172 0.376136 
0.272704 0.293894 0.272564 
0.247403 0.224217 0.164325 
0.179149 0.138898 0.0775083 
0.100717 0.0659059 0.0218162 
0.0576346 0.0364939 0.00559266 
0.0715507 0.0605342 0.0300152 
0.118608 0.108639 0.072433 
0.152429 0.132246 0.0927807 
0.152679 0.110985 0.0695418 
0.146497 0.077461 0.027429 
0.176461 0.0868338 0.0189304 
0.248831 0.158759 0.0724663 
0.31931 0.252519 0.160931 
0.332069 0.301701 0.224452 
0.270002 0.27179 0.222941 
0.166009 0.184022 0.165385 
0.0707579 0.0895743 0.0930083 
0.0151583 0.0279162 0.0419558 
0.000805134 0.00844129 0.0231896 
0.0152363 0.0206241 0.0290119 
0.0475287 0.0508077 0.0479053 
0.0907661 0.0886176 0.0708594 
0.137703 0.125277 0.0901931 
0.179645 0.152939 0.0995119 
0.209178 0.166717 0.0964135 
0.221989 0.165325 0.0831767 
0.216475 0.1493 0.0637663 
0.193692 0.120196 0.0411603 
0.158717 0.0827741 0.018657 
0.121257 0.0475501 0.00348218 
0.0928091 0.0289806 0.00717953 
0.0802523 0.0373241 0.0389422 
0.0797993 0.0685999 0.0948307 
0.0779329 0.102279 0.152855 
0.0622469 0.113235 0.18283 
0.034647 0.0914042 0.167239 
0.0127838 0.0514627 0.115751 
0.0148033 0.0211741 0.0585325 
0.0412382 0.0182599 0.023496 
0.0735171 0.038189 0.0186445 
0.0910893 0.0631324 0.0338942 
0.0884768 0.0797169 0.0557321 
0.075537 0.0872893 0.0781459 
0.0651036 0.0930899 0.102615 
0.0636993 0.103796 0.131883 
0.0708279 0.119947 0.163041 
0.080108 0.132923 0.182872 
0.0800742 0.127265 0.171913 
0.0615656 0.0939977 0.122815 
0.0305481 0.0475216 0.0609924 
0.0092339 0.0233627 0.0390365 
0.0154141 0.0472992 0.0940553 
0.0404699 0.104038 0.203064 
0.057858 0.146687 0.290157 
0.0590569 0.146352 0.292241 
0.0719514 0.127331 0.220776 
0.129422 0.140527 0.150626 
0.219062 0.199449 0.143146 
0.279147 0.254725 0.185548 
0.257277 0.243452 0.211639 
0.168853 0.159816 0.176668 
0.0842106 0.063637 0.100282 
0.0548348 0.0155368 0.034844 
0.0636779 0.0157234 0.00613961 
0.0577782 0.0190004 0.000231222 
0.0227422 0.00553735 0.00590073 
0.00841505 0.0188811 0.0507513 
0.0740282 0.121875 0.178417 
0.216269 0.318706 0.389262 
0.361422 0.530731 0.613972 
0.427745 0.653015 0.754159 
0.390056 0.633334 0.751956 
0.286632 0.500427 0.624331 
0.176082 0.328085 0.439136 
0.0953125 0.180633 0.264982 
0.0510103 0.0860797 0.1391 
0.0349368 0.042993 0.0673378 
0.0382287 0.0384753 0.0400453 
0.0547845 0.0585586 0.0440194 
0.0788788 0.0895876 0.0651306 
0.103052 0.117592 0.0877757 
0.118602 0.130744 0.0978831 
0.119717 0.124969 0.0899419 
0.10877 0.107732 0.0716695 
0.0955472 0.0933503 0.0587943 
0.0875779 0.0903842 0.0610969 
0.0814756 0.0930861 0.0726519 
0.0677292 0.088469 0.0784287 
0.0450946 0.0730723 0.071869 
0.0258131 0.0592266 0.0632191 
0.0227 0.0612821 0.0675515 
0.0333267 0.0775287 0.0861341 
0.0418017 0.0902889 0.103649 
0.0363404 0.08438 0.104163 
0.0208618 0.0616759 0.08614 
0.00785327 0.0360727 0.0603909 
0.00384289 0.0182478 0.037791 
0.00532291 0.0092652 0.0236937 
0.00654584 0.00670116 0.0222108 
0.00657136 0.0109576 0.0386549 
0.00811691 0.0233334 0.0735621 
0.013062 0.0410961 0.116616 
0.0212369 0.0576646 0.150544 
0.0322349 0.0673517 0.162264 
0.046608 0.0687274 0.150236 
0.0649732 0.0640496 0.122635 
0.0853998 0.0564806 0.0903915 
0.100664 0.047254 0.0611828 
0.0997602 0.0349828 0.0373289 
0.0768102 0.0190775 0.0181139 
0.0407435 0.00464827 0.0044044 
0.0123935 0.00136323 0.00027766 
0.00712197 0.0141066 0.00859394 
0.0208764 0.0359195 0.0258743 
0.0372883 0.0546635 0.0448511 
0.048121 0.0677223 0.0631048 
