1.61654 1.34302 0.924344 
1.38035 1.44583 1.31332 
0.8698 1.24804 1.46691 
0.408691 0.920223 1.38303 
0.245107 0.6494 1.14297 
0.412214 0.508633 0.813302 
0.825488 0.508724 0.466912 
1.45027 0.72114 0.265408 
2.29761 1.25605 0.419819 
3.2476 2.07494 0.99249 
3.95921 2.87334 1.74809 
4.05761 3.23881 2.26971 
3.45302 2.97494 2.27437 
2.44862 2.26109 1.82076 
1.50035 1.47695 1.2067 
0.869015 0.884103 0.690578 
0.510566 0.494188 0.339078 
0.266292 0.2121 0.115439 
0.0898486 0.0288645 0.0310451 
0.0571034 0.0257767 0.146565 
0.200973 0.221465 0.442966 
0.413869 0.48831 0.763574 
0.539282 0.653297 0.927732 
0.522283 0.654379 0.886609 
0.436503 0.570119 0.742904 
0.390955 0.52378 0.639916 
0.467605 0.612717 0.67883 
0.750725 0.928183 0.939309 
1.33101 1.55356 1.49325 
2.18375 2.44366 2.30185 
3.03726 3.30253 3.09568 
3.45868 3.6837 3.45663 
3.17875 3.32596 3.12857 
2.36475 2.42293 2.2771 
1.53084 1.51408 1.39606 
1.12733 1.05338 0.906872 
1.19539 1.06219 0.834485 
1.4124 1.19701 0.873559 
1.45011 1.13468 0.74882 
1.27111 0.872854 0.484622 
1.10492 0.67754 0.334637 
1.1999 0.795426 0.497588 
1.63354 1.2507 0.935433 
2.3213 1.88621 1.44626 
3.11654 2.5234 1.85635 
3.84416 3.03548 2.10781 
4.27532 3.30128 2.18867 
4.18194 3.18625 2.05121 
3.51631 2.65325 1.65941 
2.55152 1.89842 1.11596 
1.77207 1.30668 0.682343 
1.53001 1.18406 0.602388 
1.75564 1.4891 0.875698 
2.01303 1.84151 1.22402 
1.8798 1.8354 1.31571 
1.31601 1.3805 1.04432 
0.693978 0.762612 0.597948 
0.47367 0.383297 0.269092 
0.813162 0.424961 0.201526 
1.43582 0.724912 0.300993 
1.84948 0.93949 0.360794 
1.73643 0.843832 0.269093 
1.20164 0.518201 0.116942 
0.66826 0.262996 0.112976 
0.495435 0.305202 0.365482 
0.657201 0.560849 0.725731 
0.798998 0.704564 0.875764 
0.633037 0.514535 0.632348 
0.272451 0.153789 0.1879 
0.143396 0.0691512 0.0097666 
0.552794 0.572124 0.441183 
1.35695 1.51289 1.37293 
2.06307 2.37424 2.30825 
2.24068 2.685 2.75594 
1.83569 2.35683 2.58085 
1.13816 1.67632 2.02889 
0.515219 1.03842 1.47948 
0.181924 0.691756 1.18324 
0.151581 0.660007 1.1645 
0.311523 0.809976 1.28128 
0.517247 0.965497 1.34961 
0.65963 1.00614 1.26055 
0.705185 0.924003 1.04434 
0.69933 0.811818 0.841954 
0.719766 0.779261 0.788771 
0.805068 0.855228 0.895074 
0.917068 0.960411 1.03171 
0.972858 0.9781 1.04196 
0.919729 0.860521 0.880639 
0.787107 0.676388 0.655249 
0.670673 0.561402 0.538173 
0.662011 0.616782 0.633325 
0.779247 0.835266 0.905975 
0.949282 1.10196 1.21427 
1.05178 1.26046 1.39853 
0.994068 1.19946 1.36109 
0.770668 0.91375 1.10168 
0.473207 0.511695 0.709751 
0.243193 0.16402 0.325696 
0.189187 0.0140779 0.0805446 
0.313944 0.0950422 0.0325259 
0.503278 0.308342 0.136274 
0.598933 0.488919 0.275363 
0.515037 0.520351 0.346046 
0.307794 0.413392 0.330548 
0.131112 0.281188 0.297363 
0.107539 0.232045 0.327942 
0.22738 0.277144 0.43755 
0.366756 0.334647 0.561074 
0.401898 0.316324 0.609553 
0.309634 0.208511 0.541001 
0.170544 0.0786128 0.388851 
0.0914025 0.0168095 0.236919 
0.127036 0.0721001 0.166987 
0.259046 0.227633 0.212181 
0.427276 0.41947 0.341383 
0.575345 0.57773 0.484709 
0.679203 0.664722 0.583777 
0.752274 0.691924 0.62962 
0.836224 0.712006 0.662641 
0.982613 0.793467 0.742682 
1.21906 0.983128 0.911683 
1.50261 1.2608 1.1592 
1.69983 1.51326 1.40091 
1.64691 1.5749 1.50032 
1.27953 1.34174 1.35158 
0.723728 0.875287 0.973272 
0.234874 0.383908 0.518558 
0.0108178 0.0737739 0.171034 
0.0479242 0.00193224 0.0167734 
0.178981 0.0696177 0.0129674 
0.246003 0.146149 0.0672471 
0.229132 0.18437 0.128577 
0.219631 0.222827 0.203071 
0.296518 0.306454 0.309823 
0.444474 0.426827 0.444854 
0.576588 0.529317 0.579787 
0.615701 0.555831 0.671269 
0.558521 0.481389 0.668386 
0.488648 0.337305 0.538703 
0.543714 0.222541 0.31847 
0.849483 0.282269 0.140754 
1.43766 0.632233 0.183527 
2.18487 1.25505 0.542841 
2.82642 1.94803 1.1208 
3.07329 2.39619 1.63739 
2.78789 2.35841 1.79354 
2.10197 1.8468 1.48335 
1.36781 1.15081 0.889067 
0.95021 0.664102 0.37039 
1.00817 0.63837 0.229722 
1.43639 1.05646 0.540205 
1.9965 1.70639 1.156 
2.49745 2.35572 1.85241 
2.86201 2.85886 2.44653 
3.05916 3.13717 2.81568 
3.02528 3.11846 2.86342 
2.68737 2.74611 2.52835 
2.06733 2.06213 1.85389 
1.34545 1.26557 1.04293 
0.794657 0.656021 0.41161 
0.616857 0.472287 0.234626 
0.802685 0.732427 0.56944 
1.1269 1.19911 1.18747 
1.29671 1.51837 1.68993 
1.15409 1.45222 1.75705 
0.780932 1.03681 1.35735 
0.422779 0.53872 0.749884 
0.295106 0.24455 0.275873 
0.435508 0.262312 0.118876 
0.714106 0.491323 0.228315 
0.963143 0.750112 0.431507 
1.09346 0.918896 0.591382 
1.11451 0.982726 0.671393 
1.08347 0.986229 0.701096 
1.05012 0.974595 0.719102 
1.02552 0.959149 0.737797 
0.972531 0.905021 0.725756 
0.829331 0.751507 0.619495 
0.572794 0.478944 0.390427 
0.273524 0.17492 0.126502 
0.0664965 0.00638634 0.0170349 
0.0370619 0.0807971 0.197486 
0.133453 0.323673 0.587463 
0.21319 0.523154 0.917603 
0.18751 0.524423 0.962221 
0.107893 0.377217 0.753115 
0.0961698 0.272744 0.541079 
0.196967 0.333717 0.53522 
0.320316 0.485019 0.69491 
0.337626 0.541784 0.792106 
0.220185 0.411006 0.665677 
0.0671382 0.186213 0.389 
0.000407651 0.0446481 0.183298 
0.0487846 0.0724091 0.190136 
0.140166 0.202166 0.349303 
0.189672 0.304607 0.486611 
0.175222 0.312098 0.487252 
0.13241 0.249997 0.371323 
0.104414 0.178615 0.230061 
0.114901 0.135866 0.128988 
0.172599 0.130718 0.077857 
0.268853 0.157356 0.0595971 
0.361078 0.193799 0.0561472 
0.382967 0.201449 0.0515903 
0.298643 0.154126 0.0386955 
0.148852 0.0740102 0.0343359 
0.0277416 0.0222995 0.0723894 
0.00454557 0.0409669 0.163295 
0.0695915 0.107455 0.263466 
0.154962 0.15532 0.30107 
0.198453 0.139419 0.241675 
0.185555 0.076859 0.125992 
0.142834 0.0257662 0.037486 
0.104786 0.0285257 0.0303411 
0.0858698 0.0751798 0.0882528 
0.0742473 0.119147 0.154058 
0.050701 0.131765 0.203019 
0.021983 0.148883 0.290204 
0.0387018 0.263131 0.521009 
0.168298 0.554356 0.958654 
0.431065 1.00426 1.53901 
0.751316 1.46482 2.06344 
0.977317 1.71898 2.2873 
0.973121 1.60871 2.05997 
0.72302 1.15253 1.43732 
0.364946 0.564749 0.686775 
0.109026 0.137381 0.149397 
0.0876208 0.0460703 0.0221832 
0.257665 0.228141 0.221883 
0.450557 0.45185 0.468743 
0.531482 0.530638 0.542618 
0.511934 0.480703 0.474978 
0.500447 0.462589 0.478584 
0.554777 0.57551 0.686985 
0.612849 0.73833 0.989534 
0.583014 0.78912 1.1433 
0.475862 0.677115 1.02811 
0.408453 0.518282 0.756101 
0.477372 0.462872 0.533918 
0.668373 0.553178 0.465204 
0.92064 0.741976 0.519686 
1.25088 1.01594 0.657483 
1.7455 1.42548 0.903485 
2.3905 1.95375 1.25998 
2.93983 2.39524 1.58862 
3.02753 2.44535 1.65902 
2.47207 1.96585 1.35845 
1.48532 1.16125 0.837455 
0.5596 0.458357 0.40769 
0.112842 0.177497 0.273364 
