0.91147 0.773387 0.396655 
1.05529 1.02265 0.669099 
1.31942 1.46947 1.17633 
1.71863 2.11384 1.92795 
2.19387 2.85606 2.81666 
2.6228 3.51283 3.63166 
2.87129 3.88566 4.13411 
2.85746 3.84787 4.15895 
2.59132 3.40355 3.69052 
2.16747 2.6865 2.87161 
1.71635 1.90019 1.94147 
1.34294 1.23145 1.13566 
1.08673 0.782168 0.598276 
0.921454 0.549566 0.346559 
0.788693 0.457052 0.297008 
0.640996 0.410859 0.329372 
0.468779 0.348752 0.34964 
0.29888 0.257895 0.320918 
0.171612 0.160869 0.254949 
0.114855 0.0872277 0.180803 
0.132132 0.0525295 0.116944 
0.209611 0.0569396 0.0648165 
0.333664 0.0996374 0.023821 
0.504758 0.19441 0.0119777 
0.737583 0.372194 0.0733974 
1.04753 0.666272 0.263469 
1.43235 1.08783 0.617959 
1.85997 1.60593 1.12302 
2.26909 2.14371 1.70346 
2.58219 2.59429 2.23741 
2.72571 2.85089 2.59286 
2.65109 2.84039 2.67184 
2.35132 2.54877 2.44513 
1.86863 2.0299 1.96451 
1.29 1.39408 1.34803 
0.72876 0.77859 0.743344 
0.294867 0.308448 0.281906 
0.0624876 0.0600604 0.0398782 
0.0467812 0.040511 0.0193239 
0.200391 0.190496 0.155625 
0.432471 0.409999 0.347285 
0.64314 0.596617 0.496001 
0.759011 0.681253 0.541325 
0.754886 0.647137 0.476806 
0.653349 0.525573 0.342244 
0.504699 0.372358 0.197008 
0.359428 0.238006 0.0882755 
0.249182 0.148122 0.0311603 
0.187136 0.104889 0.0121313 
0.186455 0.107933 0.0137636 
0.281994 0.179045 0.0442079 
0.53461 0.369394 0.14845 
1.00537 0.736229 0.387204 
1.7068 1.29633 0.790554 
2.55881 1.98371 1.31439 
3.38276 2.64424 1.83258 
3.95073 3.08239 2.17961 
4.07523 3.14388 2.22676 
3.69594 2.79188 1.94996 
2.91612 2.13285 1.44839 
1.9659 1.37498 0.900667 
1.10974 0.740031 0.48281 
0.545423 0.375611 0.293839 
0.343258 0.311073 0.327289 
0.447945 0.471746 0.496408 
0.729793 0.73291 0.689603 
1.05013 0.978127 0.820886 
1.308 1.1339 0.852041 
1.45491 1.17409 0.786233 
1.48494 1.10578 0.648991 
1.41613 0.952925 0.472895 
1.27504 0.746308 0.291744 
1.08776 0.519216 0.140021 
0.875973 0.304802 0.0516026 
0.656536 0.133347 0.0560812 
0.444309 0.0302545 0.174635 
0.256277 0.0145403 0.416381 
0.112499 0.0951639 0.773255 
0.0302524 0.263419 1.21225 
0.0132693 0.485039 1.66949 
0.0442036 0.700753 2.05543 
0.0886986 0.842155 2.27775 
0.111775 0.859734 2.27659 
0.0970617 0.748638 2.05482 
0.0555852 0.555311 1.68371 
0.0177942 0.35847 1.27692 
0.0153622 0.2348 0.945215 
0.0675511 0.230458 0.757317 
0.183053 0.355323 0.728103 
0.3747 0.600357 0.837104 
0.672124 0.961676 1.06025 
1.11685 1.45067 1.39068 
1.73699 2.08078 1.83443 
2.51525 2.83981 2.38628 
3.37219 3.6686 3.00563 
4.17905 4.46324 3.61184 
4.79705 5.10309 4.10505 
5.12348 5.48984 4.40085 
5.12176 5.57667 4.45886 
4.82251 5.37398 4.29006 
4.30018 4.93283 3.94178 
3.64165 4.3199 3.47253 
2.92371 3.59923 2.93268 
2.20673 2.82815 2.36026 
1.53976 2.0631 1.78911 
0.966171 1.36418 1.2583 
0.521876 0.789977 0.812094 
0.226283 0.382691 0.488074 
0.0734228 0.152463 0.300807 
0.0314029 0.0719424 0.23274 
0.0528528 0.0863242 0.239867 
0.0915525 0.134614 0.270139 
0.116632 0.17108 0.284376 
0.117951 0.176382 0.268184 
0.102437 0.154864 0.229693 
0.086334 0.122894 0.187133 
0.0887624 0.097087 0.155927 
0.128057 0.0887464 0.14348 
0.21808 0.10459 0.152951 
0.361528 0.149232 0.190539 
0.541876 0.225337 0.269056 
0.721076 0.331871 0.404623 
0.850519 0.464561 0.609273 
0.895535 0.621586 0.885095 
0.862341 0.811725 1.22311 
0.809447 1.05678 1.60505 
0.830024 1.38089 2.0034 
1.00762 1.78787 2.37796 
1.36594 2.23874 2.67292 
1.84146 2.64658 2.82243 
2.29863 2.89903 2.76914 
2.58406 2.90248 2.49087 
2.59323 2.62648 2.02106 
2.31504 2.12344 1.44806 
1.83156 1.51073 0.888304 
1.27653 0.923737 0.443828 
0.778276 0.465137 0.165959 
0.418711 0.17688 0.0444069 
0.225755 0.0463213 0.0266994 
0.193589 0.0365922 0.0548261 
0.308863 0.118047 0.096536 
0.561622 0.280422 0.15378 
0.935151 0.521262 0.246588 
1.38687 0.823435 0.386325 
1.84004 1.14144 0.557627 
2.19855 1.40892 0.720721 
2.38034 1.56441 0.831453 
2.35171 1.57968 0.865144 
2.14247 1.47347 0.82926 
1.83326 1.30273 0.758283 
1.5216 1.13689 0.695614 
1.28431 1.02954 0.674164 
1.15406 1.00148 0.705981 
1.11816 1.0409 0.783923 
1.13573 1.11644 0.890616 
1.16107 1.1933 1.00678 
1.16093 1.24376 1.11379 
1.11993 1.24932 1.19133 
1.03649 1.1982 1.21564 
0.916297 1.08407 1.16357 
0.769316 0.909435 1.02306 
0.61131 0.691182 0.804305 
0.465353 0.462448 0.543527 
0.357981 0.265503 0.294069 
0.30865 0.136459 0.107249 
0.317615 0.0892587 0.0124817 
0.361153 0.109118 0.00788712 
0.40049 0.161352 0.0670095 
0.402588 0.212298 0.157593 
0.362089 0.250585 0.260724 
0.310575 0.295301 0.378332 
0.304935 0.384587 0.524565 
0.398585 0.550005 0.707038 
0.610174 0.791299 0.910663 
0.907312 1.06683 1.09519 
1.21531 1.30625 1.20894 
1.44725 1.43941 1.21139 
1.5401 1.42645 1.09209 
1.47886 1.27392 0.876322 
1.29805 1.03022 0.615605 
1.06232 0.764404 0.36892 
0.837995 0.539871 0.183863 
0.669699 0.39483 0.0848465 
0.570979 0.335774 0.0707464 
0.529261 0.343338 0.120425 
0.518986 0.385266 0.202843 
0.515185 0.430329 0.288518 
0.50226 0.458641 0.359363 
0.476456 0.466039 0.413891 
0.443193 0.461989 0.465393 
0.411441 0.462198 0.533002 
0.387469 0.47882 0.629024 
0.370408 0.512513 0.748647 
0.351688 0.550251 0.867708 
0.319221 0.570445 0.950406 
0.264971 0.553281 0.963725 
0.192522 0.491548 0.891972 
0.120704 0.39693 0.74513 
0.0807702 0.298931 0.557904 
0.107326 0.236668 0.380206 
0.225686 0.246203 0.262445 
0.43977 0.347224 0.239893 
0.7248 0.533176 0.320574 
1.02833 0.768706 0.480813 
1.2813 0.997019 0.671252 
1.41779 1.15674 0.832882 
1.39784 1.20342 0.91803 
1.22487 1.12733 0.907698 
0.948985 0.958782 0.817223 
0.652636 0.75757 0.687434 
0.422771 0.590182 0.565905 
0.320661 0.505166 0.487829 
0.362192 0.517519 0.465391 
0.516515 0.608039 0.488848 
0.72215 0.735769 0.5359 
0.911917 0.855977 0.582715 
1.03557 0.935482 0.611531 
1.07222 0.960715 0.61404 
1.03089 0.938608 0.592806 
0.942295 0.892867 0.562573 
0.847171 0.857797 0.550527 
0.784734 0.870201 0.592396 
0.783109 0.959323 0.722249 
0.852449 1.13618 0.95778 
0.981657 1.38568 1.28702 
1.14002 1.66573 1.66355 
1.28433 1.91537 2.0144 
1.37011 2.07053 2.25889 
1.36388 2.08217 2.33199 
1.25243 1.93063 2.20369 
1.0465 1.63172 1.88808 
0.778428 1.23324 1.4403 
0.4951 0.804217 0.943476 
0.248436 0.419994 0.489942 
0.0851016 0.146657 0.161148 
0.0367989 0.0273677 0.0100441 
0.112674 0.073026 0.0493763 
0.296096 0.259836 0.24909 
0.547995 0.535652 0.544837 
0.817202 0.834669 0.856555 
1.05502 1.09647 1.11197 
1.22862 1.2827 1.26692 
1.32775 1.385 1.31507 
1.36238 1.42131 1.28373 
1.35373 1.42361 1.21894 
1.3243 1.42329 1.16688 
1.29195 1.44084 1.15915 
1.26951 1.4827 1.2059 
1.26694 1.54357 1.29653 
1.29178 1.6107 1.40519 
1.34559 1.66711 1.49847 
