1.25721 0.705432 0.300669 
1.20217 0.734928 0.388378 
0.919503 0.592548 0.354821 
0.546398 0.357173 0.227274 
0.265794 0.168853 0.108736 
0.154571 0.0903781 0.054519 
0.158406 0.0784849 0.0360516 
0.195307 0.0808134 0.0253016 
0.250805 0.125214 0.0782518 
0.356851 0.283411 0.292291 
0.499456 0.55158 0.670277 
0.586996 0.799799 1.05298 
0.529587 0.866139 1.21946 
0.337769 0.701272 1.06817 
0.124067 0.410229 0.698411 
0.00767959 0.154841 0.31774 
0.0289515 0.0275364 0.0790421 
0.150547 0.0162497 0.00191134 
0.312442 0.0628179 0.0212824 
0.465034 0.127742 0.0791167 
0.565768 0.202373 0.164666 
0.582447 0.286825 0.289824 
0.517584 0.373067 0.446356 
0.412768 0.440145 0.586373 
0.311252 0.456378 0.640074 
0.227268 0.40276 0.567894 
0.172032 0.318377 0.417897 
0.194914 0.312477 0.325883 
0.349256 0.48379 0.418429 
0.590278 0.793987 0.682648 
0.746245 1.04565 0.945132 
0.663494 1.04514 1.0223 
0.40651 0.813296 0.908361 
0.262309 0.597964 0.784411 
0.472219 0.625499 0.807759 
0.941737 0.837412 0.907659 
1.26777 0.923892 0.846665 
1.11343 0.661909 0.520421 
0.567069 0.208128 0.168847 
0.0983455 0.00576774 0.222974 
0.127698 0.363218 0.89422 
0.63064 1.12339 1.913 
1.1653 1.76581 2.6984 
1.28226 1.84808 2.81383 
0.910241 1.36419 2.28735 
0.372894 0.704491 1.52698 
0.0729357 0.299974 0.956619 
0.168302 0.300204 0.723526 
0.505776 0.537309 0.694425 
0.800924 0.730609 0.6589 
0.8654 0.70908 0.511683 
0.72046 0.497242 0.287731 
0.577356 0.276021 0.101476 
0.73653 0.297377 0.0919519 
1.43825 0.780919 0.390323 
2.69342 1.78384 1.0577 
4.18196 3.09118 1.99107 
5.33645 4.23902 2.89092 
5.62728 4.72837 3.37966 
4.8853 4.32101 3.22542 
3.42044 3.19784 2.5005 
1.83241 1.84474 1.53598 
0.654485 0.751498 0.70706 
0.0957858 0.155712 0.22444 
0.0390033 5.42903e-05 0.0788267 
0.228629 0.0762643 0.133745 
0.462039 0.198926 0.250537 
0.655463 0.284605 0.350282 
0.797594 0.330337 0.408794 
0.88034 0.357193 0.430159 
0.872291 0.371547 0.42572 
0.741686 0.357456 0.399285 
0.501702 0.296553 0.344188 
0.241731 0.203381 0.262555 
0.109453 0.144479 0.190436 
0.232689 0.206011 0.188246 
0.623059 0.418637 0.28567 
1.14145 0.706044 0.432651 
1.57151 0.920221 0.520976 
1.75521 0.947096 0.471616 
1.68343 0.791101 0.305818 
1.4723 0.562886 0.127461 
1.25745 0.386631 0.0342837 
1.10168 0.313682 0.0447243 
0.982371 0.309968 0.10234 
0.846072 0.309048 0.138655 
0.669338 0.272407 0.128809 
0.478607 0.2105 0.0985237 
0.326393 0.161536 0.0920416 
0.252655 0.155097 0.135016 
0.261897 0.189425 0.216836 
0.327175 0.235218 0.297942 
0.40947 0.258182 0.334177 
0.472231 0.239867 0.302266 
0.48409 0.182318 0.211615 
0.423048 0.102484 0.100912 
0.29504 0.0323727 0.0302662 
0.152991 0.0241358 0.0725722 
0.0827867 0.136592 0.290095 
0.145986 0.389915 0.687048 
0.32086 0.719174 1.16564 
0.503341 0.983283 1.53978 
0.582394 1.04868 1.62906 
0.530716 0.892221 1.37991 
0.428979 0.633801 0.917681 
0.398206 0.459798 0.476808 
0.496409 0.491125 0.25489 
0.665485 0.697704 0.2987 
0.770329 0.923487 0.501253 
0.699432 0.999994 0.699199 
0.454646 0.86439 0.788444 
0.170773 0.602343 0.775471 
0.0539766 0.393552 0.741467 
0.276446 0.402581 0.762501 
0.885833 0.686497 0.852233 
1.77447 1.17012 0.963337 
2.71856 1.69106 1.03173 
3.46449 2.07812 1.0195 
3.82381 2.22023 0.927307 
3.73895 2.1006 0.781361 
3.29269 1.78992 0.616851 
2.65641 1.40463 0.467961 
2.00425 1.04942 0.359514 
1.44332 0.774463 0.29769 
0.999927 0.572995 0.268382 
0.657109 0.414772 0.248909 
0.398802 0.28141 0.222903 
0.22131 0.173164 0.183577 
0.115507 0.0921162 0.127824 
0.0556855 0.0334182 0.0592647 
0.0170031 0.00157428 0.00649116 
0.00311114 0.0307855 0.0343576 
0.0483273 0.175223 0.220273 
0.185033 0.465734 0.599829 
0.40564 0.869815 1.12428 
0.655973 1.29499 1.67142 
0.866506 1.63692 2.10746 
0.993002 1.83326 2.35367 
1.03323 1.88261 2.41028 
1.01213 1.82218 2.32952 
0.955747 1.6926 2.1697 
0.877886 1.52027 1.96763 
0.784648 1.32282 1.74076 
0.682824 1.1195 1.50202 
0.579465 0.929579 1.26701 
0.475761 0.76224 1.04983 
0.367402 0.613117 0.85814 
0.254064 0.473823 0.694656 
0.146605 0.343487 0.560655 
0.0626306 0.230059 0.45532 
0.0173381 0.144226 0.374851 
0.0233889 0.0978243 0.318618 
0.0985118 0.107375 0.297199 
0.262649 0.188774 0.326243 
0.514907 0.336677 0.402557 
0.808998 0.506844 0.485598 
1.05823 0.627684 0.51261 
1.17691 0.641255 0.443761 
1.12857 0.540937 0.297551 
0.943423 0.373004 0.140988 
0.695044 0.203502 0.0425062 
0.458661 0.0810225 0.0298817 
0.279783 0.0211143 0.0844681 
0.166591 0.0126476 0.165204 
0.102285 0.0323224 0.235375 
0.0654634 0.0580676 0.275911 
0.0451008 0.0787448 0.286799 
0.042084 0.0973999 0.282112 
0.0621241 0.127171 0.28137 
0.113645 0.186151 0.302625 
0.214145 0.296912 0.363315 
0.388627 0.483119 0.483244 
0.644707 0.750273 0.674011 
0.940293 1.05802 0.913446 
1.1843 1.31664 1.13199 
1.28724 1.42965 1.24005 
1.22325 1.35695 1.18595 
1.04417 1.1421 0.994451 
0.831638 0.876856 0.748115 
0.637006 0.63718 0.52875 
0.465849 0.448921 0.372747 
0.308758 0.302837 0.27214 
0.172004 0.187364 0.204438 
0.074371 0.101859 0.155221 
0.0242841 0.0476824 0.119715 
0.0105362 0.0191257 0.0952002 
0.0146638 0.0062106 0.0769391 
0.0261723 0.00220695 0.0587064 
0.0466842 0.00796161 0.0364625 
0.0868343 0.0332793 0.0154439 
0.159208 0.0924042 0.0133204 
0.261237 0.185922 0.0464311 
0.354248 0.278187 0.104114 
0.369994 0.303787 0.14391 
0.266023 0.22289 0.132286 
0.0935608 0.0862573 0.100923 
2.21179e-05 0.0326497 0.148719 
0.133096 0.191047 0.361192 
0.517831 0.565244 0.715591 
1.02675 1.02019 1.07981 
1.48347 1.39962 1.3286 
1.80417 1.66448 1.46772 
2.03696 1.90691 1.62761 
2.26328 2.2179 1.91342 
2.47032 2.54388 2.25615 
2.53259 2.6881 2.42562 
2.32379 2.46911 2.21287 
1.84533 1.88897 1.61986 
1.24552 1.15372 0.881956 
0.717697 0.531026 0.303625 
0.378414 0.176446 0.0531633 
0.22829 0.0705408 0.0828069 
0.204514 0.0923082 0.214792 
0.252574 0.138059 0.295143 
0.349218 0.180756 0.2858 
0.474015 0.2417 0.244199 
0.577974 0.326347 0.237174 
0.592252 0.392936 0.272729 
0.476305 0.380549 0.299289 
0.265959 0.26833 0.260837 
0.0756063 0.111353 0.155051 
0.0381467 0.0155835 0.0435205 
0.214223 0.0627632 0.00382103 
0.535908 0.241656 0.0631564 
0.836111 0.445474 0.171926 
0.952875 0.545169 0.242794 
0.834184 0.48284 0.222208 
0.563357 0.309137 0.131223 
0.288718 0.135969 0.0411077 
0.118888 0.0487175 0.00939583 
0.0669896 0.0529565 0.0357449 
0.0775257 0.0940242 0.0742954 
0.0985692 0.122195 0.0858076 
0.131451 0.141572 0.079455 
0.218926 0.20192 0.107184 
0.388897 0.344768 0.216587 
0.60764 0.553375 0.403429 
0.788256 0.752244 0.605228 
0.853846 0.860297 0.743332 
0.804753 0.854472 0.779397 
0.72714 0.786985 0.737719 
0.724404 0.736425 0.673548 
0.823183 0.733334 0.617299 
0.938232 0.729556 0.548947 
0.936254 0.644513 0.428709 
0.750323 0.449374 0.253842 
0.445902 0.21067 0.083224 
0.178188 0.0491055 0.00109583 
0.0752952 0.0461003 0.0495945 
0.145138 0.177583 0.189179 
0.280042 0.33031 0.321123 
