0.04856 0.0356081 0.447 
0.0953185 0.205014 0.763522 
0.157582 0.324012 0.923003 
0.11446 0.266441 0.805324 
0.027983 0.0948432 0.473273 
0.0710953 0.00467996 0.130611 
0.376915 0.182643 0.00167917 
0.942265 0.696789 0.226427 
1.63766 1.47386 0.817424 
2.27525 2.33302 1.65741 
2.67233 3.03326 2.51249 
2.70289 3.33995 3.08507 
2.35342 3.12731 3.13773 
1.757 2.47194 2.64046 
1.1472 1.64165 1.81647 
0.728804 0.94581 1.0115 
0.56127 0.550962 0.473229 
0.564687 0.423157 0.232957 
0.642838 0.444113 0.189489 
0.791124 0.569807 0.286331 
1.07186 0.858896 0.577815 
1.4916 1.35066 1.11524 
1.9319 1.94745 1.79956 
2.22561 2.45055 2.39093 
2.30039 2.71737 2.68395 
2.23085 2.76602 2.66304 
2.14591 2.71646 2.47406 
2.10314 2.6465 2.25578 
2.07144 2.53063 2.02378 
2.02622 2.31912 1.72115 
2.02512 2.04529 1.3496 
2.15937 1.82083 1.01053 
2.42963 1.72042 0.806514 
2.6943 1.69394 0.727143 
2.76639 1.61834 0.665427 
2.57401 1.44371 0.560551 
2.2258 1.27666 0.512311 
1.91316 1.29989 0.727144 
1.74066 1.59103 1.32136 
1.64419 2.01043 2.15638 
1.47199 2.27244 2.8673 
1.1504 2.15178 3.08237 
0.780346 1.65656 2.66787 
0.578971 1.03072 1.81394 
0.722708 0.594688 0.911038 
1.22916 0.558616 0.326003 
1.96548 0.940325 0.237217 
2.75289 1.61422 0.610544 
3.46925 2.41911 1.28522 
4.08142 3.23921 2.08535 
4.60862 4.01896 2.88734 
5.05394 4.71819 3.61399 
5.3432 5.24194 4.17163 
5.31467 5.40726 4.3976 
4.79862 5.01213 4.10476 
3.76586 4.00017 3.23815 
2.43077 2.59619 2.02217 
1.18463 1.25452 0.921443 
0.370191 0.404062 0.37509 
0.0751031 0.179303 0.495498 
0.124352 0.369996 0.998923 
0.26311 0.626652 1.43964 
0.341872 0.721411 1.53667 
0.346076 0.638969 1.31041 
0.3036 0.473597 0.955801 
0.220442 0.296105 0.630647 
0.113566 0.130933 0.370504 
0.0611221 0.0166223 0.160027 
0.17172 0.0316222 0.0269295 
0.493051 0.239871 0.0429862 
0.965044 0.624152 0.249531 
1.46622 1.08431 0.601194 
1.89129 1.4942 0.97993 
2.17864 1.75548 1.25383 
2.28696 1.8145 1.33133 
2.18264 1.66041 1.18875 
1.86793 1.32862 0.874703 
1.41276 0.902494 0.495083 
0.940674 0.492876 0.177475 
0.571468 0.196199 0.0207519 
0.366763 0.0554034 0.0497357 
0.316837 0.0484535 0.201485 
0.368542 0.111647 0.360179 
0.468909 0.1856 0.429761 
0.597495 0.257118 0.400237 
0.769501 0.366353 0.354808 
1.00571 0.566794 0.402645 
1.2871 0.862409 0.584339 
1.53107 1.17289 0.826979 
1.62021 1.36419 0.989144 
1.47606 1.33123 0.961821 
1.12571 1.07329 0.745505 
0.701548 0.701036 0.444874 
0.361812 0.365054 0.189912 
0.190217 0.160528 0.0496653 
0.158973 0.0847766 0.00636656 
0.185414 0.0771597 0.00189155 
0.221329 0.0928645 0.00317233 
0.281788 0.132498 0.0203364 
0.389578 0.204614 0.0675401 
0.510066 0.279105 0.123006 
0.562945 0.298928 0.14318 
0.50243 0.24016 0.113919 
0.369027 0.142561 0.0689839 
0.247079 0.0672524 0.0478167 
0.180313 0.0379981 0.0543613 
0.156074 0.0563743 0.0939547 
0.187773 0.190467 0.266144 
0.396174 0.624218 0.790683 
0.970443 1.56654 1.88073 
2.0118 3.06291 3.53663 
3.39479 4.87454 5.44596 
4.7809 6.55265 7.10594 
5.78921 7.66956 8.09297 
6.19989 8.03814 8.27899 
6.05139 7.77232 7.84995 
5.58224 7.17316 7.14753 
5.07292 6.54094 6.47051 
4.69034 6.03187 5.9573 
4.41879 5.62081 5.57929 
4.10586 5.1636 5.20568 
3.58906 4.51228 4.69141 
2.82232 3.62084 3.95691 
1.91987 2.58561 3.03507 
1.0879 1.59643 2.06179 
0.494805 0.82923 1.20816 
0.177535 0.353258 0.592565 
0.0517125 0.118027 0.232454 
0.00783992 0.0231873 0.0680519 
0.00567622 0.00733204 0.0300338 
0.0863556 0.0786297 0.0869406 
0.299725 0.266215 0.232523 
0.621396 0.546073 0.436518 
0.939544 0.818141 0.620333 
1.12329 0.960409 0.691769 
1.11041 0.912018 0.609297 
0.942147 0.713766 0.415209 
0.728237 0.479951 0.210582 
0.582356 0.335852 0.101906 
0.572979 0.367496 0.163741 
0.700504 0.595874 0.424812 
0.894061 0.963514 0.854028 
1.03713 1.33945 1.34389 
1.03574 1.56933 1.72853 
0.90044 1.56644 1.86143 
0.765367 1.3772 1.70847 
0.796157 1.14782 1.37004 
1.0445 1.00407 1.00089 
1.38296 0.952336 0.699959 
1.59508 0.897739 0.473059 
1.54597 0.755509 0.287442 
1.27732 0.535667 0.137592 
0.950756 0.320947 0.0456007 
0.715166 0.18205 0.014398 
0.628552 0.132953 0.0112528 
0.676506 0.159803 0.00832417 
0.819693 0.25959 0.0211952 
1.0015 0.42547 0.0848191 
1.13298 0.603877 0.192107 
1.11704 0.699008 0.277019 
0.917171 0.642811 0.272846 
0.600404 0.459078 0.181339 
0.295965 0.247067 0.0714469 
0.102614 0.0998389 0.00949553 
0.0355187 0.044801 0.00255091 
0.0580288 0.0628043 0.0173877 
0.149467 0.148946 0.0460602 
0.326653 0.334216 0.135428 
0.597577 0.639108 0.341311 
0.906824 1.01335 0.654427 
1.14331 1.33577 0.978231 
1.21306 1.48613 1.18642 
1.10877 1.42605 1.20929 
0.908994 1.21705 1.07376 
0.710387 0.966273 0.870841 
0.562817 0.758309 0.692161 
0.469418 0.63467 0.594926 
0.440194 0.622062 0.610253 
0.526283 0.753821 0.757227 
0.780873 1.0404 1.02491 
1.17588 1.41288 1.33634 
1.56357 1.71166 1.54941 
1.74199 1.76157 1.52576 
1.58731 1.49011 1.22874 
1.14901 0.993659 0.769135 
0.6295 0.491535 0.351947 
0.262553 0.198349 0.157843 
0.180053 0.206313 0.244368 
0.353766 0.452661 0.530528 
0.635381 0.777596 0.861237 
0.853245 1.02015 1.09674 
0.902654 1.0918 1.17141 
0.786381 0.998975 1.10147 
0.596006 0.819635 0.955477 
0.451961 0.655453 0.812956 
0.435805 0.582333 0.729981 
0.550271 0.618704 0.721222 
0.726698 0.723837 0.761231 
0.869887 0.824443 0.801982 
0.907602 0.852872 0.797483 
0.816217 0.776985 0.724767 
0.619976 0.612549 0.595701 
0.379498 0.419995 0.458787 
0.176742 0.28605 0.387545 
0.0870008 0.286255 0.449128 
0.136827 0.436473 0.65856 
0.278223 0.666746 0.948119 
0.418938 0.854457 1.18877 
0.503725 0.910585 1.26635 
0.577807 0.853683 1.16032 
0.758949 0.798553 0.95566 
1.12454 0.857073 0.771526 
1.61221 1.03589 0.668251 
2.03434 1.22638 0.616724 
2.20435 1.29654 0.550869 
2.06687 1.19768 0.441929 
1.72321 0.991969 0.320637 
1.34647 0.792611 0.239772 
1.07559 0.689153 0.233432 
0.97202 0.722398 0.316795 
1.03865 0.899107 0.504249 
1.24179 1.19342 0.79477 
1.50289 1.52015 1.12378 
1.69263 1.72966 1.34788 
1.67551 1.67403 1.31839 
1.39578 1.31636 1.00525 
0.932292 0.785767 0.554758 
0.460044 0.307982 0.202628 
0.137789 0.0525478 0.0972547 
0.012998 0.0239083 0.187394 
0.0215149 0.0928843 0.284878 
0.0719144 0.139023 0.255561 
0.129227 0.171408 0.166547 
0.222152 0.315106 0.247548 
0.379056 0.67572 0.688376 
0.567672 1.208 1.44466 
0.703556 1.71086 2.22275 
0.717791 1.95645 2.66302 
0.614223 1.84386 2.57539 
0.460533 1.45378 2.04541 
0.326759 0.973838 1.34674 
0.235573 0.572425 0.752138 
0.171092 0.325473 0.396788 
0.129525 0.234715 0.275502 
0.151974 0.288908 0.331242 
0.298144 0.492124 0.528871 
0.579486 0.83122 0.84891 
0.914422 1.22519 1.22893 
1.15663 1.52468 1.5349 
1.18811 1.58665 1.61439 
1.00971 1.37522 1.40016 
