2.25364 1.03862 0.337687 
1.96868 0.819767 0.241184 
1.67494 0.632111 0.206985 
1.40938 0.494723 0.222273 
1.1856 0.401432 0.251441 
0.999849 0.333167 0.256581 
0.841833 0.273963 0.219394 
0.702684 0.219427 0.149522 
0.577349 0.174169 0.0748992 
0.464114 0.143408 0.0221978 
0.365415 0.127372 0.00122071 
0.291266 0.123554 0.00319674 
0.262349 0.134761 0.0127331 
0.307722 0.175457 0.02393 
0.454294 0.269262 0.0487461 
0.710524 0.436149 0.111282 
1.05195 0.67544 0.231255 
1.41753 0.954885 0.407282 
1.72196 1.21419 0.610949 
1.88156 1.38383 0.795954 
1.8441 1.41142 0.917145 
1.60954 1.28287 0.948298 
1.2323 1.02806 0.888928 
0.803711 0.70892 0.758291 
0.422551 0.397147 0.583509 
0.166457 0.153698 0.391991 
0.0753863 0.019165 0.213436 
0.150932 0.0157461 0.0870872 
0.366908 0.153364 0.06315 
0.682217 0.430639 0.189513 
1.04885 0.827398 0.485933 
1.4142 1.29478 0.920095 
1.72267 1.75441 1.40376 
1.92236 2.11437 1.81784 
1.97782 2.29886 2.05769 
1.88347 2.27735 2.0756 
1.66905 2.07711 1.89755 
1.39189 1.7713 1.60598 
1.11878 1.44968 1.30091 
0.906472 1.18855 1.06333 
0.790526 1.03547 0.940326 
0.785899 1.01255 0.953878 
0.894905 1.12953 1.1189 
1.11411 1.39263 1.45179 
1.43463 1.80155 1.9614 
1.83704 2.33827 2.63071 
2.28717 2.95885 3.40565 
2.73803 3.59687 4.20213 
3.13745 4.17707 4.92718 
3.43579 4.62912 5.49905 
3.5888 4.89253 5.85271 
3.55693 4.91336 5.93166 
3.30978 4.64449 5.68197 
2.84322 4.06239 5.06636 
2.2073 3.20085 4.10167 
1.52792 2.18324 2.89961 
0.998386 1.22385 1.67725 
0.82584 0.5777 0.712259 
1.14317 0.446115 0.247891 
1.92482 0.877578 0.38691 
2.95688 1.71838 1.03026 
3.89417 2.65146 1.90072 
4.39462 3.31898 2.65029 
4.27471 3.47676 3.00434 
3.60858 3.10543 2.87349 
2.71349 2.41972 2.37853 
2.01922 1.7684 1.77896 
1.88039 1.47362 1.34489 
2.42194 1.68923 1.23808 
3.49169 2.34503 1.45749 
4.7379 3.1962 1.86613 
5.76633 3.9433 2.27306 
6.29658 4.35761 2.52178 
6.24744 4.35445 2.54302 
5.72586 3.99238 2.35691 
4.94445 3.41645 2.03848 
4.12008 2.78493 1.67386 
3.40066 2.21495 1.32968 
2.8409 1.76199 1.04273 
2.41908 1.42758 0.824044 
2.074 1.18078 0.667725 
1.74294 0.981395 0.55909 
1.39084 0.799601 0.482248 
1.02615 0.629319 0.428065 
0.70001 0.492072 0.400486 
0.485774 0.427332 0.416467 
0.443063 0.47029 0.496753 
0.580948 0.626652 0.651028 
0.841698 0.859783 0.866558 
1.12012 1.10174 1.10911 
1.31442 1.28614 1.33757 
1.38324 1.38551 1.52394 
1.37463 1.4295 1.66546 
1.40527 1.4895 1.77973 
1.59621 1.63498 1.88489 
1.99825 1.88546 1.97779 
2.5492 2.18703 2.0255 
3.089 2.42946 1.97836 
3.42701 2.49673 1.79858 
3.42735 2.32449 1.48819 
3.06894 1.93411 1.09926 
2.45265 1.42624 0.718994 
1.75649 0.939348 0.436867 
1.16577 0.596138 0.310704 
0.812396 0.464038 0.348427 
0.746599 0.544361 0.512166 
0.942557 0.787142 0.738622 
1.32286 1.11641 0.962045 
1.78354 1.45059 1.12838 
2.2111 1.71288 1.19878 
2.49607 1.83797 1.15006 
2.55237 1.78482 0.981545 
2.34514 1.55744 0.729685 
1.91595 1.22276 0.479814 
1.38619 0.907417 0.35844 
0.924848 0.76201 0.496448 
0.686246 0.900317 0.971568 
0.743776 1.34033 1.75657 
1.05384 1.98007 2.70419 
1.47171 2.62682 3.58505 
1.81418 3.07073 4.16748 
1.93805 3.16872 4.30404 
1.79572 2.89831 3.98452 
1.44275 2.3574 3.33192 
0.999698 1.71474 2.54716 
0.593074 1.13946 1.83205 
0.306867 0.743887 1.32582 
0.163947 0.560951 1.07754 
0.137404 0.556332 1.05605 
0.177424 0.660138 1.18223 
0.236749 0.799233 1.36475 
0.284842 0.918249 1.52599 
0.310074 0.986844 1.61453 
0.314622 0.997065 1.60681 
0.307241 0.956103 1.50286 
0.297144 0.878479 1.31982 
0.290661 0.780156 1.08535 
0.291272 0.675719 0.831994 
0.302403 0.578317 0.592124 
0.330653 0.500452 0.392967 
0.386499 0.453404 0.251472 
0.481075 0.444647 0.170534 
0.62081 0.475157 0.139218 
0.803816 0.539592 0.13875 
1.02089 0.630519 0.152841 
1.26027 0.744323 0.177461 
1.5119 0.884253 0.224409 
1.76743 1.05743 0.316164 
2.01537 1.26688 0.47443 
2.23565 1.50339 0.708093 
2.39865 1.74221 1.00567 
2.47097 1.94661 1.33405 
2.42568 2.07599 1.64232 
2.25192 2.09516 1.86947 
1.95978 1.98227 1.9562 
1.57958 1.73548 1.86133 
1.15743 1.37844 1.58037 
0.748776 0.962165 1.15864 
0.409974 0.559325 0.688871 
0.186989 0.247647 0.288058 
0.102255 0.0852468 0.0580398 
0.144316 0.0872233 0.0455985 
0.266916 0.215908 0.221418 
0.401842 0.392644 0.490382 
0.483109 0.52854 0.730556 
0.472771 0.560898 0.843335 
0.375795 0.477816 0.791171 
0.235764 0.318927 0.605906 
0.112915 0.15264 0.366165 
0.0556311 0.0424901 0.157672 
0.079905 0.0199913 0.0372276 
0.166457 0.0763962 0.0162932 
0.27499 0.174388 0.0677459 
0.36599 0.270299 0.147252 
0.417893 0.333844 0.215597 
0.432117 0.356621 0.251654 
0.426501 0.3487 0.253505 
0.423567 0.328842 0.23188 
0.440484 0.314944 0.201958 
0.48408 0.318305 0.177305 
0.550218 0.341609 0.166548 
0.62547 0.379149 0.171881 
0.690162 0.418566 0.189005 
0.723185 0.44444 0.20888 
0.708474 0.443544 0.221284 
0.641185 0.410022 0.218887 
0.530424 0.347866 0.199861 
0.396653 0.269287 0.167847 
0.26482 0.18999 0.129878 
0.156639 0.124092 0.0939583 
0.0852728 0.0808937 0.0674532 
0.053578 0.0638731 0.0561464 
0.0551264 0.0708412 0.0631113 
0.0770341 0.0946217 0.0873664 
0.104624 0.12489 0.123529 
0.127992 0.152034 0.163726 
0.14859 0.172117 0.201292 
0.181519 0.189708 0.233695 
0.249474 0.215224 0.262026 
0.368727 0.256743 0.286882 
0.533963 0.311013 0.303997 
0.712093 0.360603 0.304099 
0.851564 0.381031 0.278714 
0.904419 0.354785 0.228524 
0.849332 0.28332 0.167571 
0.702105 0.188404 0.118381 
0.507627 0.101139 0.0994834 
0.319374 0.0460606 0.11334 
0.180614 0.0319375 0.144144 
0.119267 0.0565425 0.169232 
0.157154 0.122096 0.178274 
0.322176 0.248797 0.187454 
0.648083 0.473044 0.2371 
1.15494 0.826411 0.37076 
1.81897 1.30549 0.606091 
2.55252 1.85201 0.915079 
3.21369 2.35993 1.22762 
3.6501 2.7117 1.45971 
3.75957 2.8279 1.5525 
3.53714 2.70416 1.50064 
3.08104 2.41362 1.35318 
2.55086 2.07176 1.1855 
2.09751 1.78134 1.05797 
1.80112 1.58783 0.985536 
1.64973 1.46984 0.936392 
1.56855 1.36882 0.860536 
1.48091 1.2392 0.730217 
1.36384 1.08719 0.566343 
1.26516 0.973713 0.432973 
1.27241 0.978802 0.401724 
1.45309 1.14864 0.507157 
1.8025 1.45763 0.720574 
2.23037 1.80897 0.958928 
2.59428 2.07436 1.12437 
2.76076 2.15069 1.15168 
2.66091 2.003 1.03689 
2.31318 1.67265 0.832703 
1.80637 1.25056 0.616275 
1.25718 0.834059 0.450052 
0.766929 0.491348 0.35748 
0.39658 0.248709 0.323781 
0.164981 0.0999575 0.316067 
0.0620496 0.02576 0.307193 
0.0640938 0.00864344 0.28888 
0.142825 0.0366625 0.26911 
0.267596 0.0982267 0.259346 
0.405717 0.176001 0.262204 
0.52556 0.246594 0.267814 
0.603133 0.287188 0.260214 
0.628699 0.284856 0.228617 
0.608913 0.242392 0.17596 
