0.395471 0.22651 0.20719 
0.395085 0.333131 0.4559 
0.470552 0.536183 0.781623 
0.596765 0.754145 1.04224 
0.708803 0.88791 1.12711 
0.74249 0.881528 1.02453 
0.668484 0.748673 0.820133 
0.508089 0.564991 0.653378 
0.327442 0.435824 0.660014 
0.210189 0.446667 0.908557 
0.216779 0.614153 1.34855 
0.347981 0.867025 1.81012 
0.532332 1.07437 2.07635 
0.651446 1.10861 1.99422 
0.604098 0.912918 1.5575 
0.384311 0.544736 0.917545 
0.118257 0.171503 0.324096 
0.00675348 0.000463242 0.020908 
0.185069 0.157571 0.130032 
0.601499 0.588218 0.577971 
1.03212 1.07116 1.12456 
1.24162 1.36067 1.50163 
1.1562 1.35024 1.57202 
0.891173 1.11649 1.38355 
0.616703 0.813429 1.08216 
0.409097 0.537489 0.784894 
0.238474 0.302345 0.542315 
0.0817949 0.125734 0.403432 
0.00926027 0.0972929 0.469329 
0.13345 0.324668 0.838147 
0.478178 0.807645 1.48346 
0.917509 1.38296 2.20236 
1.2537 1.80995 2.70748 
1.35382 1.92134 2.794 
1.21865 1.70891 2.44666 
0.94436 1.2929 1.81963 
0.640227 0.829873 1.13204 
0.378356 0.439928 0.564892 
0.19187 0.183248 0.209401 
0.0907898 0.0673172 0.0652349 
0.069041 0.0609252 0.0678098 
0.103242 0.109771 0.127835 
0.156322 0.156881 0.170785 
0.191273 0.164469 0.163499 
0.187703 0.126976 0.118387 
0.148691 0.0674194 0.0756261 
0.0925468 0.019684 0.07511 
0.0387774 0.0102921 0.135505 
0.00433502 0.0531654 0.251805 
0.0126054 0.156259 0.406858 
0.0963666 0.32398 0.580601 
0.276421 0.544259 0.747382 
0.526524 0.771763 0.870189 
0.761014 0.931556 0.907221 
0.870488 0.951971 0.831814 
0.789598 0.807893 0.650737 
0.549277 0.545158 0.408793 
0.271578 0.269305 0.180527 
0.10286 0.100605 0.0512516 
0.124141 0.112586 0.083276 
0.299182 0.285823 0.273844 
0.501637 0.513026 0.537126 
0.605129 0.664369 0.742992 
0.565811 0.670443 0.797882 
0.431955 0.555895 0.702276 
0.284807 0.398951 0.53241 
0.179241 0.264193 0.368363 
0.137705 0.175362 0.242724 
0.175283 0.137095 0.150773 
0.296057 0.15395 0.0876157 
0.454195 0.211903 0.0565388 
0.545811 0.257201 0.0477786 
0.480182 0.227401 0.0357222 
0.276027 0.120409 0.0132324 
0.0699945 0.0178644 0.0159789 
0.00325608 0.0144597 0.0880807 
0.0919332 0.118348 0.21868 
0.220916 0.239196 0.334295 
0.274589 0.290881 0.37624 
0.267604 0.299861 0.381541 
0.335488 0.391424 0.461569 
0.594951 0.657268 0.682098 
1.02038 1.04314 0.970599 
1.45833 1.37811 1.16071 
1.752 1.51511 1.1371 
1.84225 1.4375 0.932045 
1.75898 1.23418 0.678055 
1.54642 0.993236 0.478287 
1.22546 0.740016 0.337004 
0.827259 0.472441 0.209517 
0.432571 0.223901 0.0908674 
0.145023 0.0612277 0.0305524 
0.0164044 0.0189783 0.0639143 
0.0094843 0.0564685 0.154372 
0.0428379 0.0946041 0.220339 
0.0654457 0.0893372 0.212618 
0.079401 0.0578892 0.152176 
0.100897 0.0398588 0.0969984 
0.125899 0.0554199 0.0935184 
0.148278 0.112023 0.16979 
0.194471 0.231435 0.353646 
0.307945 0.436026 0.660478 
0.485337 0.695875 1.04783 
0.643688 0.909885 1.4013 
0.676346 0.969461 1.59616 
0.552753 0.853627 1.58705 
0.358908 0.654712 1.43292 
0.232847 0.501059 1.22911 
0.25559 0.451192 1.02054 
0.395543 0.460169 0.787758 
0.544802 0.441473 0.515225 
0.604542 0.358143 0.263614 
0.54996 0.261372 0.166519 
0.43579 0.249632 0.344231 
0.348193 0.384363 0.798577 
0.339433 0.625715 1.36906 
0.392722 0.839495 1.79297 
0.448433 0.883086 1.8473 
0.475168 0.718323 1.48996 
0.518978 0.461077 0.899897 
0.667335 0.307569 0.370422 
0.941792 0.376599 0.11783 
1.22201 0.597359 0.146125 
1.30208 0.755946 0.277664 
1.0605 0.678517 0.324326 
0.593679 0.391527 0.248173 
0.169091 0.104875 0.16875 
0.0192877 0.027094 0.220335 
0.160947 0.186126 0.406487 
0.404908 0.42135 0.593381 
0.534744 0.538787 0.635848 
0.475747 0.469166 0.501739 
0.312912 0.292516 0.282583 
0.18142 0.142034 0.105962 
0.154911 0.0986933 0.0458852 
0.213934 0.154757 0.0943097 
0.28348 0.240946 0.185059 
0.293146 0.279464 0.238816 
0.227649 0.236533 0.211999 
0.140689 0.147991 0.127916 
0.110891 0.0896964 0.057938 
0.166936 0.107372 0.0563609 
0.260955 0.177898 0.113415 
0.333381 0.253852 0.184592 
0.399349 0.340626 0.262122 
0.539356 0.498796 0.390153 
0.783183 0.748967 0.589852 
1.02089 0.991114 0.785418 
1.06738 1.0569 0.840848 
0.836947 0.8652 0.690625 
0.451483 0.52309 0.427122 
0.169413 0.262934 0.244028 
0.20279 0.27204 0.284922 
0.5818 0.564743 0.53512 
1.15434 0.986095 0.838679 
1.68782 1.31861 1.00787 
1.99317 1.40878 0.938992 
2.00995 1.24488 0.668912 
1.81345 0.947384 0.346039 
1.53383 0.671966 0.1281 
1.24334 0.490287 0.0711882 
0.918964 0.355024 0.103311 
0.529938 0.193547 0.117797 
0.158973 0.0386865 0.102996 
0.00482624 0.0473625 0.173608 
0.229986 0.366544 0.462112 
0.793115 0.971818 0.973523 
1.43873 1.64098 1.54484 
1.86694 2.09555 1.94826 
1.937 2.18904 2.04898 
1.73617 1.98752 1.88903 
1.47049 1.68476 1.63161 
1.28252 1.42953 1.41115 
1.15459 1.21651 1.22097 
0.975098 0.941538 0.955308 
0.69146 0.565214 0.576549 
0.382249 0.201788 0.221571 
0.167584 0.0142935 0.0935149 
0.0715794 0.0256526 0.230872 
0.0259116 0.087718 0.432581 
0.0319016 0.0828616 0.473734 
0.264907 0.126996 0.39004 
0.922966 0.486709 0.475876 
1.92468 1.24067 0.944527 
2.80307 2.05567 1.61277 
2.99695 2.38229 1.99214 
2.32393 1.93511 1.73857 
1.18572 0.991108 1.0097 
0.282246 0.194372 0.35804 
0.076955 0.0377174 0.25894 
0.484525 0.495996 0.725241 
1.02591 1.11609 1.34607 
1.25963 1.42885 1.66355 
1.08645 1.2874 1.51473 
0.709497 0.874747 1.06664 
0.37902 0.465048 0.597488 
0.202412 0.208758 0.277001 
0.150947 0.102523 0.117598 
0.167117 0.0840384 0.0584596 
0.222932 0.108233 0.0471599 
0.30148 0.151501 0.0548553 
0.375749 0.19354 0.0620481 
0.42599 0.221269 0.0596919 
0.45798 0.237986 0.0561952 
0.485405 0.250718 0.0639841 
0.503247 0.252208 0.0767725 
0.49724 0.230651 0.0721041 
0.479903 0.200801 0.0437443 
0.500168 0.213723 0.0264881 
0.60307 0.321159 0.0772462 
0.776238 0.520415 0.219989 
0.936914 0.730469 0.403038 
0.976793 0.829412 0.516861 
0.83632 0.737476 0.474212 
0.55859 0.489259 0.293831 
0.281034 0.2332 0.109626 
0.159642 0.143878 0.0828002 
0.271824 0.306711 0.284625 
0.569404 0.666183 0.650487 
0.918207 1.0765 1.03981 
1.18967 1.40462 1.33928 
1.33129 1.59961 1.52034 
1.3705 1.68751 1.62151 
1.36451 1.7177 1.69283 
1.34148 1.71084 1.75035 
1.27414 1.64002 1.761 
1.10451 1.4534 1.66104 
0.806992 1.12765 1.40467 
0.441863 0.716937 1.01825 
0.140738 0.34797 0.612228 
0.0151237 0.14408 0.322278 
0.0616618 0.132231 0.216546 
0.162414 0.220789 0.249562 
0.195809 0.279873 0.307819 
0.15642 0.255338 0.306832 
0.161198 0.209518 0.252722 
0.331379 0.252311 0.219219 
0.667854 0.432969 0.270815 
1.04323 0.69547 0.405396 
1.31033 0.929517 0.560819 
1.41015 1.05438 0.665707 
1.37629 1.05268 0.68047 
1.25515 0.940329 0.600673 
1.05026 0.732655 0.445302 
0.755754 0.45805 0.261485 
0.424053 0.190474 0.131438 
0.164398 0.0294085 0.136027 
0.0560906 0.0191801 0.277582 
0.0755124 0.0959963 0.444357 
0.127638 0.142453 0.487438 
0.144999 0.103819 0.356284 
