1.55172 0.732991 0.559193 
1.59766 0.828151 0.69231 
1.6182 0.923373 0.795344 
1.63609 1.02627 0.873675 
1.6799 1.14735 0.939363 
1.77416 1.29558 1.00661 
1.9328 1.47622 1.08829 
2.15732 1.6902 1.19271 
2.43871 1.93366 1.32068 
2.76007 2.19673 1.46364 
3.09718 2.46186 1.60444 
3.41695 2.70341 1.72162 
3.67694 2.89048 1.79619 
3.82972 2.99366 1.81845 
3.83344 2.99357 1.79148 
3.66544 2.88785 1.7297 
3.33266 2.69296 1.65331 
2.87327 2.44035 1.58189 
2.34812 2.16859 1.53006 
1.82543 1.91518 1.50674 
1.36509 1.71063 1.51679 
1.00838 1.57593 1.56301 
0.775253 1.52229 1.64662 
0.667184 1.55096 1.76544 
0.671233 1.65127 1.90999 
0.761561 1.79677 2.05845 
0.89837 1.9423 2.17319 
1.02847 2.0269 2.20338 
1.09312 1.98733 2.09763 
1.04534 1.78133 1.82605 
0.871552 1.41249 1.4035 
0.606001 0.942775 0.900225 
0.326299 0.48098 0.428243 
0.126946 0.146481 0.103751 
0.0805913 0.0224665 0.000673614 
0.205816 0.121283 0.118961 
0.458453 0.380204 0.385285 
0.751183 0.689955 0.686211 
0.990897 0.94072 0.915732 
1.11515 1.06258 1.01249 
1.1125 1.04376 0.971168 
1.0225 0.924913 0.829897 
0.921055 0.779309 0.647764 
0.898111 0.689776 0.485984 
1.03099 0.726193 0.395654 
1.35361 0.921445 0.406182 
1.82703 1.24747 0.510551 
2.32675 1.60373 0.655042 
2.66598 1.83687 0.749966 
2.66306 1.80068 0.712134 
2.23457 1.44087 0.528292 
1.47088 0.863244 0.305387 
0.64478 0.337785 0.267535 
0.129568 0.215915 0.681241 
0.249201 0.783697 1.73096 
1.1256 2.1155 3.40247 
2.59945 4.00278 5.43785 
4.27043 6.00167 7.39522 
5.64529 7.58575 8.79465 
6.32766 8.33762 9.2875 
6.16359 8.09441 8.77455 
5.28016 6.98704 7.42559 
4.00906 5.36618 5.60098 
2.74051 3.65907 3.71904 
1.77919 2.22524 2.12886 
1.26131 1.26686 1.03331 
1.15396 0.814006 0.475534 
1.31632 0.768584 0.373136 
1.58072 0.971914 0.57284 
1.81479 1.26438 0.903006 
1.94734 1.52205 1.21392 
1.96306 1.6712 1.40465 
1.88283 1.68877 1.43671 
1.74476 1.59491 1.33283 
1.592 1.43945 1.15926 
1.46563 1.28324 0.995778 
1.39857 1.17796 0.903931 
1.40903 1.15036 0.906579 
1.49478 1.19667 0.986131 
1.63106 1.28768 1.09936 
1.77403 1.381 1.19888 
1.87001 1.43459 1.25039 
1.86952 1.41772 1.23991 
1.74298 1.31787 1.17195 
1.49284 1.14315 1.06276 
1.15623 0.919512 0.932654 
0.794657 0.682522 0.799053 
0.473284 0.46558 0.671514 
0.239037 0.289863 0.550549 
0.108215 0.161415 0.431713 
0.0693469 0.0768868 0.313692 
0.0975165 0.033198 0.205319 
0.169454 0.0330203 0.125486 
0.269488 0.0809568 0.0939191 
0.384577 0.172996 0.117665 
0.495783 0.288328 0.182731 
0.576354 0.392218 0.258114 
0.600893 0.450961 0.311415 
0.560377 0.450489 0.326837 
0.471876 0.406256 0.314005 
0.374495 0.356892 0.301607 
0.312206 0.344318 0.319499 
0.31304 0.391552 0.380011 
0.376385 0.490479 0.469142 
0.474764 0.605521 0.55201 
0.56782 0.690042 0.588831 
0.620169 0.706397 0.552963 
0.614383 0.640438 0.443005 
0.554692 0.505684 0.285036 
0.46222 0.337686 0.125622 
0.365734 0.182362 0.0188523 
0.292112 0.0825528 0.0110571 
0.259172 0.0660026 0.126279 
0.271989 0.137008 0.355471 
0.323204 0.273912 0.653059 
0.397717 0.434653 0.944704 
0.481567 0.571201 1.14793 
0.572831 0.650018 1.20181 
0.689629 0.670765 1.09493 
0.868949 0.672729 0.877321 
1.15241 0.72149 0.645911 
1.56192 0.877789 0.505367 
2.07626 1.16219 0.520783 
2.62326 1.53503 0.68635 
3.09704 1.90588 0.927895 
3.39634 2.17068 1.13912 
3.46649 2.25854 1.23212 
3.32265 2.16274 1.175 
3.04104 1.9398 0.998206 
2.72243 1.67868 0.770914 
2.44781 1.4589 0.564865 
2.24901 1.32013 0.426601 
2.10676 1.25555 0.368717 
1.97232 1.22663 0.37696 
1.79787 1.18657 0.42282 
1.56015 1.10048 0.473858 
1.26919 0.956319 0.501007 
0.962805 0.767073 0.485514 
0.691475 0.565714 0.425472 
0.499628 0.393863 0.337513 
0.408947 0.286004 0.249386 
0.410085 0.254912 0.185419 
0.467731 0.286396 0.153678 
0.538383 0.348061 0.144139 
0.592102 0.407958 0.139421 
0.624917 0.451093 0.129671 
0.652976 0.482154 0.119523 
0.691753 0.512612 0.121342 
0.735341 0.542639 0.1405 
0.752398 0.553215 0.165642 
0.704204 0.516661 0.173613 
0.573821 0.419618 0.147221 
0.385882 0.281886 0.093274 
0.201567 0.155966 0.0467547 
0.0897597 0.104808 0.0561185 
0.0914731 0.170221 0.1578 
0.19925 0.351037 0.355768 
0.363367 0.604065 0.618917 
0.519718 0.86661 0.897531 
0.621683 1.08649 1.148 
0.657722 1.24214 1.35041 
0.647111 1.34291 1.50923 
0.620156 1.41242 1.63882 
0.597497 1.46748 1.74516 
0.581301 1.50624 1.81645 
0.561559 1.51124 1.8282 
0.530239 1.46289 1.75788 
0.491537 1.35275 1.59857 
0.460365 1.18794 1.36332 
0.450427 0.985649 1.07987 
0.461193 0.764465 0.782565 
0.474166 0.540469 0.508213 
0.462275 0.330593 0.296692 
0.40672 0.158197 0.190269 
0.309886 0.0525354 0.224579 
0.195356 0.0379799 0.410869 
0.0948157 0.117634 0.718395 
0.0307452 0.262562 1.07036 
0.00668273 0.416845 1.36201 
0.0115576 0.519846 1.49759 
0.0345128 0.535799 1.43089 
0.0786672 0.474276 1.18921 
0.161936 0.387879 0.86646 
0.301325 0.345057 0.584887 
0.489498 0.390653 0.441186 
0.681147 0.516468 0.462754 
0.804788 0.662013 0.597973 
0.80168 0.750305 0.748574 
0.67404 0.741672 0.828786 
0.511959 0.673 0.817867 
0.473605 0.652963 0.772936 
0.717637 0.80768 0.791236 
1.31785 1.20353 0.943473 
2.20721 1.79304 1.22085 
3.18734 2.42 1.53124 
4.00343 2.88481 1.74723 
4.44649 3.03323 1.77316 
4.42996 2.81857 1.58748 
4.00724 2.3081 1.23849 
3.3351 1.64406 0.809631 
2.6166 0.995229 0.391467 
2.05542 0.528638 0.083762 
1.82752 0.39942 0.0133516 
2.0518 0.731019 0.327096 
2.74464 1.56516 1.13212 
3.77252 2.7982 2.40317 
4.84556 4.1555 3.92161 
5.58956 5.25238 5.31018 
5.68962 5.73961 6.17301 
5.04186 5.46763 6.27583 
3.82618 4.57363 5.66236 
2.4471 3.43028 4.63244 
1.36385 2.47475 3.59003 
0.896867 2.0099 2.84856 
1.11052 2.08502 2.50361 
1.82347 2.51258 2.4355 
2.7234 2.9953 2.42188 
3.51078 3.28029 2.27991 
3.99745 3.25645 1.95462 
4.12832 2.96 1.5175 
3.9445 2.51156 1.09886 
3.52998 2.03798 0.808634 
2.97413 1.62311 0.691354 
2.35731 1.29993 0.727589 
1.74904 1.06912 0.864402 
1.20671 0.921593 1.04831 
0.772047 0.850849 1.24354 
0.468107 0.853426 1.43314 
0.298587 0.922008 1.60971 
0.247787 1.03705 1.76432 
0.280863 1.16271 1.88034 
0.34944 1.25269 1.93645 
0.408937 1.26835 1.91863 
0.445596 1.20288 1.83538 
0.497587 1.09654 1.72498 
0.648898 1.02724 1.6456 
0.986741 1.07372 1.64914 
1.53867 1.26815 1.7525 
2.22661 1.56766 1.92616 
2.87368 1.86763 2.11117 
3.27175 2.05555 2.25776 
3.28078 2.07766 2.36255 
2.90719 1.97968 2.48049 
2.31707 1.89637 2.70185 
1.77361 1.99324 3.10648 
1.52859 2.3898 3.72001 
1.71929 3.10173 4.49401 
2.31627 4.02657 5.31673 
3.13959 4.97443 6.0446 
3.92962 5.72663 6.53812 
4.43904 6.09811 6.6898 
