0.486291 0.293135 0.283719 
0.70363 0.282995 0.123358 
0.994042 0.346477 0.0461453 
1.35993 0.497869 0.0404411 
1.72827 0.709409 0.0949165 
1.94842 0.892882 0.177259 
1.88116 0.947474 0.241389 
1.52678 0.857726 0.285561 
1.05537 0.728357 0.378651 
0.678489 0.687718 0.585299 
0.483941 0.756146 0.863932 
0.408226 0.834955 1.07476 
0.357197 0.825509 1.10376 
0.314618 0.727375 0.957399 
0.320077 0.607117 0.726399 
0.378902 0.505716 0.489527 
0.437221 0.414695 0.285783 
0.442662 0.330659 0.15787 
0.395394 0.28581 0.161392 
0.327994 0.30358 0.300095 
0.260034 0.349926 0.479056 
0.194331 0.360336 0.564952 
0.146979 0.31557 0.506104 
0.156185 0.273001 0.383043 
0.255342 0.31894 0.337549 
0.44937 0.500139 0.458454 
0.722289 0.802011 0.730782 
1.05497 1.17454 1.07129 
1.41978 1.55948 1.39183 
1.7567 1.89184 1.6319 
1.96865 2.09398 1.75471 
1.96037 2.09233 1.73741 
1.70087 1.85829 1.57697 
1.26009 1.44119 1.30399 
0.783479 0.958163 0.982225 
0.414727 0.538537 0.685047 
0.219257 0.259621 0.46413 
0.16374 0.121645 0.335754 
0.164041 0.0777561 0.29339 
0.159582 0.0881086 0.3288 
0.154308 0.148902 0.435872 
0.199234 0.276798 0.594014 
0.344055 0.476205 0.758725 
0.602693 0.729317 0.885857 
0.946675 1.01106 0.972531 
1.30568 1.29154 1.05911 
1.56569 1.50763 1.16626 
1.59439 1.54839 1.2274 
1.31984 1.31541 1.11517 
0.818297 0.836549 0.77307 
0.312813 0.314766 0.325847 
0.042047 0.0211389 0.0281042 
0.093041 0.0973762 0.0688263 
0.349963 0.447579 0.413877 
0.606532 0.824448 0.840041 
0.729125 1.02283 1.11726 
0.719659 0.998449 1.15602 
0.64722 0.829533 1.00389 
0.550052 0.604705 0.748895 
0.413962 0.367005 0.459876 
0.230349 0.148443 0.209732 
0.0555744 0.0243071 0.114527 
0.00656821 0.110334 0.311195 
0.194473 0.495902 0.874591 
0.644134 1.16489 1.7393 
1.24938 1.96071 2.68724 
1.79443 2.6239 3.41613 
2.04569 2.8969 3.66186 
1.88042 2.65466 3.32196 
1.37814 1.98853 2.51613 
0.795615 1.17474 1.53713 
0.413864 0.523642 0.703642 
0.352703 0.201096 0.201045 
0.49894 0.153576 0.0175197 
0.614898 0.194987 0.0153699 
0.538402 0.177082 0.0672654 
0.302266 0.0953063 0.138898 
0.079954 0.0510912 0.262281 
0.0262774 0.129082 0.451682 
0.163797 0.313878 0.656529 
0.39833 0.511453 0.790813 
0.618975 0.634381 0.798815 
0.779019 0.664987 0.693365 
0.897672 0.64957 0.540197 
1.00279 0.642455 0.408668 
1.07818 0.65328 0.328008 
1.06489 0.640724 0.278831 
0.915316 0.55588 0.223219 
0.64993 0.395439 0.146049 
0.358947 0.213352 0.0688779 
0.140439 0.0778125 0.0240532 
0.0319559 0.0170665 0.019761 
0.0032296 0.0103035 0.0366753 
0.0113822 0.0274441 0.0568079 
0.048045 0.0632204 0.0832641 
0.120789 0.121908 0.123229 
0.201805 0.181097 0.162262 
0.229874 0.200457 0.178423 
0.184661 0.181726 0.189471 
0.139506 0.197594 0.261247 
0.198068 0.3203 0.432628 
0.362164 0.509123 0.626232 
0.492428 0.604024 0.674034 
0.44051 0.478294 0.482827 
0.22399 0.206504 0.185282 
0.0387503 0.0463902 0.0879901 
0.0746858 0.21649 0.418903 
0.326152 0.681395 1.10081 
0.597296 1.16308 1.7761 
0.686696 1.36661 2.06924 
0.554154 1.2018 1.85216 
0.31947 0.812808 1.29709 
0.131069 0.429078 0.710182 
0.0513173 0.196064 0.313376 
0.0523486 0.120408 0.144047 
0.0972238 0.140766 0.117286 
0.211573 0.232998 0.163797 
0.464924 0.438501 0.303466 
0.863017 0.777859 0.57835 
1.25567 1.13836 0.917441 
1.39159 1.28789 1.10701 
1.12622 1.06161 0.954916 
0.599966 0.560345 0.511231 
0.17536 0.12825 0.0925525 
0.144623 0.0785345 0.0320338 
0.47762 0.418002 0.380789 
0.864303 0.850544 0.865289 
1.00446 1.05415 1.14308 
0.846586 0.943494 1.08792 
0.561281 0.673673 0.831398 
0.33693 0.441782 0.578016 
0.244181 0.336286 0.438052 
0.274802 0.36725 0.440787 
0.43544 0.568636 0.64182 
0.747969 1.00335 1.14158 
1.1708 1.66275 1.97657 
1.57038 2.40118 3.01891 
1.80047 3.00095 4.0109 
1.80605 3.30715 4.70726 
1.6441 3.30255 4.99364 
1.41434 3.07084 4.89347 
1.18137 2.70675 4.48964 
0.954239 2.25906 3.8498 
0.718606 1.74118 3.01962 
0.477413 1.18165 2.07704 
0.2644 0.657278 1.17686 
0.12301 0.267294 0.511221 
0.0711357 0.0629019 0.190564 
0.0887297 0.00391818 0.152462 
0.145505 0.000441886 0.209978 
0.233734 0.00297283 0.215304 
0.352205 0.0346231 0.17613 
0.452327 0.123176 0.202958 
0.438184 0.230371 0.362385 
0.277379 0.300531 0.623588 
0.12531 0.390814 0.953309 
0.278613 0.691098 1.39771 
0.9154 1.3281 1.98782 
1.84121 2.12418 2.55593 
2.53315 2.61436 2.73576 
2.51852 2.39907 2.2559 
1.77498 1.53275 1.27052 
0.778272 0.549892 0.34565 
0.141157 0.0609843 0.0353384 
0.165083 0.277071 0.421888 
0.68261 0.891261 1.06444 
1.27132 1.39075 1.40371 
1.59388 1.47511 1.22728 
1.57243 1.21115 0.770815 
1.32296 0.857761 0.417455 
0.993076 0.598274 0.335092 
0.668938 0.436375 0.391398 
0.386671 0.292033 0.366258 
0.173852 0.13919 0.200488 
0.0532326 0.0340572 0.0366565 
0.016408 0.033607 0.0503033 
0.0206365 0.11952 0.26888 
0.0347978 0.218485 0.554457 
0.098123 0.293613 0.743273 
0.326078 0.40207 0.787533 
0.835737 0.648623 0.765755 
1.63618 1.0723 0.773159 
2.56833 1.5721 0.8161 
3.3463 1.94199 0.810707 
3.68225 1.99048 0.672467 
3.43059 1.66116 0.40689 
2.68288 1.08414 0.13091 
1.75811 0.530954 0.0170388 
1.05998 0.279281 0.188964 
0.844224 0.436639 0.613665 
1.03872 0.833783 1.06338 
1.28231 1.10821 1.22403 
1.20434 0.975256 0.932847 
0.741066 0.491661 0.373432 
0.204858 0.0583207 0.015139 
0.0187016 0.108352 0.273366 
0.340653 0.72907 1.14869 
0.918076 1.5601 2.17653 
1.2991 2.06871 2.76068 
1.20179 1.95809 2.61006 
0.725821 1.36351 1.9113 
0.27197 0.718061 1.13509 
0.28867 0.460303 0.699784 
1.04067 0.819502 0.772068 
2.4891 1.75371 1.27287 
4.27284 2.97422 1.96473 
5.79431 4.01682 2.52425 
6.4413 4.40244 2.6372 
5.89639 3.88608 2.16225 
4.35217 2.6479 1.27211 
2.44696 1.23988 0.406717 
0.922387 0.271594 0.00798508 
0.222812 0.0464175 0.220839 
0.301286 0.41193 0.800266 
0.738081 0.91651 1.29513 
1.0634 1.1385 1.36099 
1.05885 0.954012 0.976811 
0.842801 0.573581 0.430496 
0.694941 0.337304 0.0963685 
0.768978 0.425012 0.16073 
0.94567 0.71231 0.495065 
0.966506 0.899482 0.781383 
0.71678 0.798617 0.789319 
0.359757 0.501584 0.55721 
0.171643 0.26409 0.313433 
0.256143 0.23988 0.236684 
0.453057 0.354848 0.314207 
0.529119 0.437283 0.426003 
0.418894 0.424219 0.516525 
0.251326 0.400923 0.636337 
0.171177 0.45825 0.826493 
0.190235 0.568631 1.01977 
0.22194 0.626565 1.0934 
0.211062 0.578342 1.00239 
0.184047 0.472534 0.827145 
0.184737 0.387657 0.686417 
0.206421 0.344095 0.624991 
0.20745 0.301051 0.592268 
0.175773 0.222386 0.511987 
0.156777 0.128451 0.360768 
0.215433 0.0870665 0.1926 
0.374713 0.16086 0.104678 
0.587656 0.355624 0.173329 
0.77049 0.608811 0.399549 
0.877316 0.832425 0.702455 
0.953981 0.98089 0.969977 
1.10962 1.08228 1.12762 
1.41498 1.19905 1.16987 
1.82019 1.35744 1.13844 
2.17844 1.51852 1.07986 
2.35822 1.6155 1.01903 
