2.06321 1.3438 0.684821 
1.68608 1.19457 0.653251 
1.13348 0.878794 0.510222 
0.589753 0.501672 0.292515 
0.230717 0.202879 0.0973484 
0.121723 0.0667845 0.00633581 
0.18441 0.0719811 0.0227284 
0.273006 0.13124 0.0818629 
0.308346 0.193779 0.130074 
0.352485 0.312224 0.194619 
0.545429 0.596515 0.365717 
0.949807 1.08381 0.696372 
1.4451 1.64709 1.11572 
1.78007 2.04446 1.45044 
1.7526 2.08639 1.55018 
1.37086 1.78718 1.4142 
0.865179 1.37704 1.21376 
0.547912 1.16827 1.19566 
0.634868 1.38039 1.54333 
1.15244 2.04144 2.28714 
1.96854 3.00601 3.30135 
2.89339 4.04686 4.36565 
3.76845 4.94987 5.24777 
4.49788 5.56894 5.77363 
5.02945 5.83651 5.86696 
5.3195 5.74715 5.55215 
5.31458 5.33429 4.92553 
4.96433 4.65389 4.11281 
4.26001 3.78094 3.23329 
3.27604 2.81441 2.38295 
2.18176 1.87721 1.63392 
1.19965 1.09694 1.0385 
0.51908 0.567425 0.628262 
0.214689 0.314107 0.410593 
0.228735 0.294377 0.374001 
0.432594 0.440134 0.505862 
0.715802 0.707294 0.805228 
1.02752 1.08367 1.26697 
1.34758 1.54819 1.8423 
1.64003 2.03254 2.42016 
1.85438 2.44013 2.86906 
1.97205 2.71064 3.11659 
2.0311 2.85767 3.18971 
2.08633 2.9329 3.16911 
2.14804 2.96054 3.10719 
2.18018 2.92898 3.00789 
2.16977 2.85736 2.89595 
2.18405 2.85071 2.88503 
2.33204 3.05033 3.13387 
2.65133 3.49876 3.69772 
3.03189 4.04625 4.41173 
3.25976 4.40232 4.93515 
3.14911 4.30423 4.94145 
2.65551 3.6733 4.3109 
1.89537 2.65452 3.19223 
1.08187 1.53873 1.91768 
0.434466 0.638489 0.854638 
0.104192 0.182946 0.281573 
0.127861 0.256094 0.322409 
0.418859 0.781048 0.931849 
0.805507 1.55187 1.91803 
1.10955 2.30571 2.99415 
1.22549 2.80852 3.84987 
1.15329 2.92062 4.23072 
0.968417 2.62408 4.01297 
0.758376 2.01438 3.25381 
0.57372 1.26637 2.18682 
0.423101 0.581964 1.14312 
0.304752 0.130836 0.420119 
0.24084 0.0030301 0.163269 
0.282256 0.191236 0.326837 
0.47667 0.605537 0.728143 
0.823227 1.10839 1.15015 
1.24999 1.55504 1.4292 
1.6344 1.8307 1.49352 
1.85556 1.87892 1.35774 
1.84597 1.71321 1.09501 
1.61539 1.40555 0.802373 
1.24059 1.05487 0.566331 
0.832422 0.749373 0.436038 
0.495649 0.539185 0.413453 
0.295064 0.428592 0.464635 
0.239488 0.387988 0.544818 
0.290761 0.377223 0.621415 
0.392616 0.367394 0.681067 
0.501772 0.349886 0.719237 
0.603592 0.33126 0.725512 
0.708165 0.323583 0.682149 
0.835556 0.340215 0.580545 
0.999847 0.39585 0.440085 
1.19608 0.50157 0.30768 
1.39377 0.652735 0.233676 
1.54347 0.820908 0.242958 
1.59716 0.960789 0.322702 
1.53017 1.0277 0.429416 
1.34861 0.991714 0.504305 
1.08065 0.844568 0.49374 
0.766503 0.608034 0.380639 
0.456419 0.343329 0.216085 
0.206259 0.140599 0.113998 
0.056989 0.0728331 0.183357 
0.00798028 0.139352 0.434094 
0.0143929 0.254609 0.742338 
0.0217312 0.308737 0.926331 
0.00943878 0.255062 0.881743 
0.000312324 0.144366 0.658636 
0.0266652 0.0729145 0.410858 
0.0901037 0.0950981 0.267907 
0.156284 0.182425 0.246574 
0.18588 0.258746 0.269968 
0.16659 0.267733 0.255788 
0.116733 0.209091 0.184051 
0.0645717 0.122927 0.0950223 
0.0277543 0.0512631 0.0413252 
0.00837807 0.0141546 0.0480662 
0.000809722 0.0117655 0.108458 
0.00286993 0.0394478 0.203235 
0.0247383 0.099849 0.319066 
0.0919133 0.205491 0.45363 
0.237891 0.372807 0.610379 
0.486619 0.611405 0.790765 
0.833747 0.913541 0.988465 
1.23889 1.24863 1.18625 
1.63375 1.56513 1.35496 
1.941 1.79952 1.45567 
2.0963 1.89205 1.44807 
2.06808 1.80787 1.30729 
1.87034 1.55677 1.04373 
1.56042 1.19821 0.712238 
1.21819 0.821678 0.396991 
0.916404 0.510075 0.174234 
0.704287 0.31215 0.0774714 
0.616085 0.246565 0.0951055 
0.687706 0.32941 0.20539 
0.946283 0.586292 0.414242 
1.36196 1.01895 0.749917 
1.80485 1.54899 1.2085 
2.07351 2.00609 1.70356 
2.00832 2.20418 2.08535 
1.61027 2.063 2.23327 
1.05327 1.67077 2.14589 
0.563219 1.22523 1.94654 
0.268307 0.905807 1.80182 
0.1593 0.793967 1.83087 
0.183745 0.896136 2.07302 
0.350362 1.20105 2.49882 
0.708048 1.67022 3.00509 
1.21372 2.16379 3.39058 
1.65156 2.42258 3.38983 
1.73743 2.20276 2.82183 
1.3512 1.49347 1.77787 
0.686022 0.616756 0.671561 
0.15636 0.0743531 0.0445552 
0.119646 0.223823 0.228942 
0.632526 1.02985 1.11562 
1.42699 2.08372 2.21356 
2.10349 2.86749 2.95725 
2.377 3.05737 3.0328 
2.2058 2.66168 2.50314 
1.75268 1.94139 1.68797 
1.25174 1.21723 0.930619 
0.888713 0.710455 0.426355 
0.754837 0.495792 0.197191 
0.867103 0.549293 0.176994 
1.21294 0.823913 0.311859 
1.78168 1.29562 0.602788 
2.56568 1.96018 1.07763 
3.53211 2.79281 1.72663 
4.5807 3.69924 2.45036 
5.51757 4.49346 3.05751 
6.08256 4.9336 3.32645 
6.04714 4.82346 3.11433 
5.34727 4.1393 2.46336 
4.1643 3.09826 1.63358 
2.87365 2.09391 1.0124 
1.86586 1.50567 0.92312 
1.34983 1.49271 1.43802 
1.27619 1.91634 2.32476 
1.42945 2.45052 3.17575 
1.60298 2.79615 3.63867 
1.71293 2.83801 3.58937 
1.7786 2.64247 3.13821 
1.82227 2.33326 2.49588 
1.80154 1.97391 1.82606 
1.63643 1.5546 1.1986 
1.2977 1.07459 0.653503 
0.872064 0.628588 0.290105 
0.543184 0.406658 0.279802 
0.488063 0.585252 0.764107 
0.745377 1.17098 1.69508 
1.14611 1.91405 2.74532 
1.38586 2.39615 3.40745 
1.23726 2.29381 3.28973 
0.774238 1.66251 2.43981 
0.413838 1.00452 1.43123 
0.679543 0.994683 1.06301 
1.81723 2.00713 1.8208 
3.55698 3.79302 3.49096 
5.23266 5.58558 5.25392 
6.18745 6.57763 6.21492 
6.15778 6.41158 5.96866 
5.35972 5.32456 4.77587 
4.26288 3.89471 3.27404 
3.27353 2.64669 2.02275 
2.55893 1.81923 1.25199 
2.07076 1.38681 0.922799 
1.67024 1.20829 0.922844 
1.24695 1.14718 1.17854 
0.79503 1.12352 1.64029 
0.43981 1.1358 2.24369 
0.383172 1.25742 2.91671 
0.754801 1.56948 3.59194 
1.45735 2.04678 4.17286 
2.16378 2.50975 4.50398 
2.53036 2.73551 4.43878 
2.47353 2.65572 3.98474 
2.24669 2.43491 3.36184 
2.20861 2.31147 2.85069 
2.47858 2.33902 2.5378 
2.81329 2.31002 2.22963 
2.84068 1.97997 1.67408 
2.42877 1.38144 0.89597 
1.82217 0.883097 0.284864 
1.41017 0.886675 0.292661 
1.36327 1.43683 1.00428 
1.49988 2.13408 2.00391 
1.49578 2.4517 2.68266 
1.19964 2.15891 2.70233 
0.737448 1.46197 2.19447 
0.340743 0.77297 1.56049 
0.121625 0.371547 1.12108 
0.0315935 0.27276 0.945242 
0.000247097 0.347722 0.934717 
0.0502856 0.491117 0.978162 
0.247099 0.653722 0.998687 
0.563791 0.775333 0.9226 
0.848966 0.773929 0.702569 
0.956119 0.638358 0.411203 
0.894636 0.499625 0.265215 
0.829968 0.552751 0.478708 
0.925189 0.875303 1.04917 
1.18433 1.3249 1.69659 
1.44764 1.63006 2.04521 
1.52879 1.5944 1.89539 
1.35548 1.23018 1.34764 
0.999002 0.723003 0.696141 
0.599237 0.291816 0.22279 
0.272868 0.0754491 0.0730913 
0.0727407 0.11054 0.268685 
0.000837132 0.369939 0.776314 
0.0424488 0.805111 1.54508 
