0.335503 0.386627 0.541875 
0.571384 0.618051 0.688664 
0.804154 0.846925 0.835674 
1.00191 1.04944 0.976525 
1.15382 1.22056 1.11633 
1.26802 1.36933 1.26315 
1.36544 1.51362 1.4245 
1.47237 1.67544 1.6081 
1.60985 1.87146 1.81841 
1.77716 2.09534 2.04279 
1.93564 2.29972 2.23483 
2.00774 2.39592 2.31337 
1.90477 2.28616 2.19246 
1.57912 1.92171 1.83558 
1.07366 1.35514 1.30276 
0.531221 0.746535 0.752217 
0.144198 0.304808 0.380192 
0.0616469 0.186375 0.323554 
0.304501 0.407447 0.580322 
0.742696 0.825771 1.00003 
1.15451 1.20917 1.35624 
1.33814 1.35479 1.46237 
1.21205 1.19065 1.26416 
0.847466 0.801993 0.856396 
0.418353 0.371998 0.419112 
0.103947 0.0775067 0.116192 
0.00244565 0.00270707 0.0173735 
0.100522 0.115291 0.0831922 
0.304311 0.306966 0.210076 
0.502086 0.463339 0.298616 
0.618306 0.519064 0.302212 
0.634267 0.473049 0.23418 
0.576389 0.367607 0.140672 
0.49016 0.254258 0.0644499 
0.418083 0.1688 0.0228169 
0.389214 0.124925 0.00816866 
0.417439 0.121779 0.00435531 
0.502556 0.155032 0.00528491 
0.631345 0.223429 0.0246112 
0.779371 0.328314 0.0921536 
0.914697 0.46773 0.239137 
1.00306 0.62854 0.478645 
1.01349 0.781165 0.789996 
0.924832 0.881992 1.1157 
0.734929 0.886762 1.37592 
0.47179 0.772753 1.49763 
0.201221 0.560389 1.44709 
0.0217946 0.321018 1.25005 
0.0410488 0.161478 0.987672 
0.336606 0.18725 0.768041 
0.917103 0.458558 0.685054 
1.70245 0.959688 0.78327 
2.53667 1.59694 1.04379 
3.23193 2.22726 1.39541 
3.62736 2.70544 1.74373 
3.63931 2.93016 2.00402 
3.28401 2.87141 2.12499 
2.66567 2.57107 2.0964 
1.93727 2.11994 1.9414 
1.25042 1.62279 1.7 
0.712665 1.16555 1.41234 
0.366184 0.796447 1.10911 
0.19248 0.525837 0.812158 
0.137735 0.34124 0.542058 
0.145456 0.227255 0.32511 
0.180953 0.1784 0.191803 
0.237354 0.198107 0.164864 
0.323415 0.286622 0.243669 
0.443675 0.428534 0.397118 
0.58511 0.591123 0.573627 
0.718808 0.736615 0.72544 
0.814122 0.840293 0.832645 
0.854124 0.900982 0.909937 
0.841425 0.935609 0.989834 
0.79196 0.962109 1.09337 
0.724 0.984725 1.20999 
0.65229 0.994311 1.30296 
0.590737 0.983587 1.33764 
0.557388 0.963469 1.31127 
0.571841 0.963549 1.25937 
0.641851 1.01161 1.23073 
0.747746 1.10528 1.2473 
0.839679 1.19889 1.27948 
0.856498 1.22063 1.25844 
0.759201 1.11359 1.12077 
0.558439 0.875123 0.856044 
0.316 0.566949 0.523529 
0.115913 0.286782 0.224409 
0.0213584 0.118002 0.0465269 
0.0438844 0.0888532 0.0174495 
0.143599 0.165805 0.0954971 
0.258535 0.282421 0.202115 
0.34274 0.382191 0.271772 
0.388776 0.447014 0.286249 
0.422885 0.495776 0.27383 
0.480073 0.55913 0.27908 
0.578232 0.651306 0.327371 
0.707912 0.758378 0.408203 
0.841292 0.848115 0.485263 
0.950788 0.891109 0.522138 
1.02351 0.877123 0.504082 
1.06355 0.816882 0.44229 
1.08395 0.731255 0.36131 
1.0962 0.637866 0.28146 
1.10451 0.544686 0.209296 
1.10667 0.453198 0.141293 
1.09857 0.366518 0.0758559 
1.07822 0.295295 0.0236154 
1.04724 0.256974 0.00814489 
1.01025 0.269027 0.0561234 
0.973481 0.340282 0.182607 
0.942904 0.464967 0.379708 
0.922157 0.622228 0.61491 
0.91051 0.78134 0.840266 
0.902308 0.910713 1.0085 
0.889042 0.987483 1.08897 
0.863647 1.00414 1.07676 
0.824724 0.969587 0.991471 
0.777958 0.904304 0.867162 
0.733714 0.831993 0.738975 
0.702332 0.771704 0.632517 
0.690095 0.733741 0.559786 
0.698029 0.720118 0.521198 
0.723395 0.727627 0.510291 
0.761932 0.750649 0.517568 
0.808834 0.782097 0.532222 
0.858018 0.812989 0.542889 
0.900871 0.832444 0.539204 
0.926149 0.829296 0.51449 
0.921818 0.795013 0.468098 
0.878333 0.726401 0.40548 
0.792012 0.626743 0.335537 
0.667193 0.505066 0.26672 
0.516389 0.374161 0.204217 
0.358214 0.248184 0.149608 
0.213487 0.140304 0.102544 
0.100506 0.0605604 0.0628279 
0.0309819 0.0142414 0.0314726 
0.00803281 0.00130542 0.010427 
0.0268277 0.0171782 0.00168304 
0.077222 0.0546623 0.00663963 
0.146922 0.106084 0.0260742 
0.223822 0.16471 0.060394 
0.297054 0.224954 0.109513 
0.357257 0.28157 0.171861 
0.396903 0.32858 0.242642 
0.411215 0.358841 0.312277 
0.399524 0.365042 0.366611 
0.366393 0.342307 0.390168 
0.32151 0.291534 0.372191 
0.277474 0.22149 0.312918 
0.245304 0.147484 0.226166 
0.229064 0.0860181 0.135448 
0.222624 0.0477021 0.0645548 
0.212016 0.0330542 0.0276024 
0.184655 0.035184 0.0248918 
0.14222 0.0492929 0.0477959 
0.109829 0.0835487 0.08991 
0.133645 0.163188 0.156892 
0.264075 0.322389 0.267456 
0.530088 0.585649 0.443281 
0.917004 0.947735 0.692842 
1.36045 1.36371 0.99851 
1.76204 1.75616 1.31489 
2.0214 2.03803 1.58029 
2.07098 2.1413 1.73629 
1.89859 2.0395 1.74661 
1.5494 1.75524 1.60788 
1.1083 1.35151 1.34916 
0.671539 0.911775 1.02226 
0.319279 0.517243 0.687751 
0.097453 0.228312 0.401282 
0.0125932 0.074164 0.203134 
0.0379909 0.0509457 0.11163 
0.126962 0.126972 0.120493 
0.228414 0.252867 0.200519 
0.300688 0.374621 0.306556 
0.320831 0.447346 0.389904 
0.287572 0.446795 0.413814 
0.217684 0.375214 0.366891 
0.137162 0.259006 0.268307 
0.0704777 0.138284 0.161271 
0.032035 0.0519295 0.0965277 
0.023079 0.0240523 0.112847 
0.0345664 0.0573361 0.223285 
0.0535376 0.13558 0.413242 
0.0692709 0.233745 0.650577 
0.0769691 0.331201 0.902706 
0.0796465 0.42355 1.15308 
0.0904573 0.529393 1.41019 
0.13596 0.689341 1.70508 
0.256832 0.955264 2.07654 
0.500245 1.36981 2.54775 
0.901131 1.94078 3.10222 
1.45757 2.62065 3.6706 
2.11335 3.30401 4.13879 
2.76142 3.85085 4.38018 
3.27283 4.13134 4.30251 
3.54094 4.07436 3.88906 
3.52017 3.69657 3.21299 
3.23974 3.0963 2.41495 
2.78644 2.41449 1.65267 
2.26742 1.78235 1.0468 
1.77408 1.28167 0.648526 
1.36368 0.934431 0.441603 
1.06194 0.720326 0.371631 
0.875936 0.605412 0.381689 
0.80307 0.562434 0.433954 
0.829258 0.573499 0.50983 
0.92152 0.620293 0.596634 
1.02673 0.675391 0.67612 
1.08431 0.705145 0.725313 
1.04959 0.6837 0.728222 
0.914674 0.607835 0.687664 
0.713313 0.500978 0.626432 
0.505351 0.402287 0.575639 
0.348796 0.347132 0.557971 
0.274854 0.350819 0.577242 
0.278548 0.404383 0.620511 
0.327544 0.482869 0.669574 
0.38166 0.559063 0.712451 
0.411719 0.614485 0.74698 
0.410075 0.64406 0.776331 
0.391993 0.656588 0.803305 
0.391285 0.674556 0.830741 
0.4527 0.733237 0.868565 
0.620128 0.874389 0.93964 
0.918989 1.13004 1.07443 
1.33578 1.49894 1.29175 
1.80489 1.92777 1.57516 
2.21555 2.31307 1.86267 
2.44441 2.53197 2.0628 
2.40464 2.49299 2.09437 
2.08814 2.18226 1.93001 
1.57627 1.67794 1.61674 
1.00886 1.12077 1.25838 
0.525011 0.653585 0.967003 
0.20705 0.36181 0.810379 
0.05761 0.247139 0.785484 
0.0199508 0.246183 0.831589 
0.024764 0.278661 0.871891 
0.0319038 0.293267 0.856179 
0.0422378 0.284691 0.779606 
0.0778064 0.27738 0.671238 
0.150576 0.29417 0.566361 
0.245386 0.335005 0.484336 
0.328604 0.379185 0.425212 
0.372688 0.404827 0.381851 
0.375439 0.407211 0.353573 
0.359319 0.401692 0.349523 
0.353972 0.411576 0.381162 
