0.156091 0.129444 0.13576 
0.739321 0.705535 0.635503 
1.41659 1.42672 1.2866 
1.93113 1.99925 1.79294 
2.22133 2.33448 2.06275 
2.33518 2.48189 2.15441 
2.3287 2.5166 2.15931 
2.25221 2.50573 2.15487 
2.17912 2.53221 2.2265 
2.17826 2.67452 2.45959 
2.22651 2.91558 2.85343 
2.17183 3.08107 3.23987 
1.83579 2.92114 3.3342 
1.19694 2.31277 2.93233 
0.481724 1.41286 2.10424 
0.0471074 0.602571 1.19935 
0.127855 0.24097 0.629741 
0.660547 0.424926 0.598259 
1.34189 0.955723 0.994702 
1.87412 1.53092 1.53537 
2.18194 1.981 2.00526 
2.41117 2.33987 2.38079 
2.72021 2.7042 2.739 
3.06972 3.0425 3.07247 
3.21953 3.16062 3.21873 
2.94142 2.86821 2.98809 
2.24229 2.17873 2.35993 
1.38008 1.33537 1.53974 
0.664686 0.633538 0.813403 
0.247728 0.21882 0.345627 
0.0932274 0.0496395 0.115415 
0.111294 0.0244416 0.0200899 
0.275681 0.107297 0.00592292 
0.607702 0.325871 0.0901703 
1.08989 0.68658 0.290666 
1.64085 1.13448 0.576631 
2.17651 1.59984 0.897356 
2.66746 2.05791 1.23747 
3.12801 2.53178 1.62974 
3.57842 3.05651 2.12236 
4.04571 3.65679 2.73838 
4.58408 4.3378 3.44207 
5.23986 5.05241 4.11048 
5.95456 5.65781 4.54038 
6.50772 5.93454 4.53516 
6.59827 5.70385 4.04796 
6.03281 4.96608 3.26461 
4.87376 3.93202 2.52174 
3.4247 2.90434 2.09436 
2.06732 2.10283 2.01946 
1.07567 1.57247 2.10091 
0.526211 1.22636 2.08152 
0.328415 0.956588 1.82892 
0.318145 0.709685 1.3925 
0.344425 0.486184 0.920364 
0.317758 0.301502 0.538297 
0.223162 0.162587 0.290921 
0.109544 0.0752862 0.16146 
0.0620364 0.0593531 0.120456 
0.161274 0.146014 0.155098 
0.435509 0.352525 0.266591 
0.819754 0.646118 0.445838 
1.15298 0.925099 0.64649 
1.24829 1.05279 0.785117 
1.02521 0.951471 0.791733 
0.610611 0.693097 0.683478 
0.289446 0.482662 0.579961 
0.297062 0.503593 0.608793 
0.616825 0.746029 0.77101 
0.984676 0.997502 0.914832 
1.11696 1.03208 0.875295 
0.944633 0.817384 0.64788 
0.626118 0.52431 0.402465 
0.354696 0.338089 0.312221 
0.196347 0.292277 0.387976 
0.128215 0.308686 0.50683 
0.183778 0.370031 0.595026 
0.482704 0.593861 0.743891 
1.08807 1.10897 1.12302 
1.87079 1.8841 1.79438 
2.56327 2.71168 2.63114 
2.95539 3.35602 3.40456 
3.02277 3.69472 3.92059 
2.87687 3.7284 4.08134 
2.63819 3.51216 3.877 
2.38518 3.12447 3.37975 
2.18506 2.67986 2.74153 
2.09386 2.29774 2.13556 
2.08354 2.00843 1.64641 
2.00113 1.70748 1.22045 
1.66785 1.25711 0.761429 
1.06255 0.665383 0.294311 
0.405501 0.154183 0.0155089 
0.0315617 0.0152052 0.146073 
0.142845 0.364894 0.709546 
0.647766 1.01626 1.44617 
1.21571 1.58339 1.9558 
1.49672 1.73515 1.96047 
1.33871 1.40419 1.48419 
0.85856 0.80983 0.825543 
0.340653 0.298221 0.356983 
0.0481927 0.121129 0.295662 
0.0723187 0.296843 0.590946 
0.303017 0.628422 0.985168 
0.523806 0.850621 1.19235 
0.561021 0.802684 1.07351 
0.393196 0.51873 0.701715 
0.153506 0.186402 0.289409 
0.0245475 0.00898556 0.0392072 
0.0987336 0.0674534 0.0220666 
0.310549 0.278931 0.160159 
0.49981 0.480164 0.315286 
0.557682 0.568838 0.408268 
0.527872 0.585622 0.473869 
0.567401 0.665951 0.608849 
0.798265 0.903178 0.860423 
1.18609 1.24651 1.15606 
1.55802 1.52842 1.34317 
1.73864 1.59716 1.3094 
1.67243 1.43096 1.07561 
1.42767 1.13214 0.773207 
1.10824 0.822989 0.528527 
0.78694 0.561223 0.371407 
0.517528 0.352982 0.256214 
0.360619 0.212744 0.153714 
0.341262 0.1666 0.0925197 
0.380777 0.192535 0.103439 
0.335173 0.206864 0.156917 
0.162042 0.160145 0.195162 
0.0334845 0.134894 0.219874 
0.204826 0.283539 0.298838 
0.719326 0.629471 0.45641 
1.2737 0.96403 0.59094 
1.44636 1.00736 0.558155 
1.09015 0.693976 0.347856 
0.481135 0.267724 0.136641 
0.0650276 0.0672574 0.132725 
0.0719678 0.229093 0.382645 
0.381591 0.612727 0.754746 
0.714501 0.983127 1.09458 
0.89242 1.2152 1.35279 
0.914047 1.3219 1.55659 
0.854432 1.3497 1.70857 
0.760811 1.3063 1.76095 
0.639876 1.17901 1.67529 
0.49071 0.971462 1.46141 
0.325189 0.705912 1.15217 
0.183591 0.426079 0.785303 
0.149815 0.221194 0.43799 
0.314932 0.20795 0.239329 
0.671394 0.426501 0.281004 
1.04498 0.74717 0.50022 
1.19658 0.937847 0.699111 
1.04807 0.875634 0.723797 
0.797311 0.68173 0.612176 
0.757067 0.603 0.528756 
1.05064 0.747206 0.556982 
1.47864 0.963275 0.600092 
1.70091 1.0016 0.509896 
1.54177 0.771367 0.280172 
1.11194 0.413857 0.0658095 
0.662691 0.137862 0.00964133 
0.365666 0.0255719 0.0900434 
0.237499 0.0123649 0.162656 
0.222576 0.016039 0.130217 
0.284597 0.035304 0.0380121 
0.404354 0.114766 0.00223307 
0.529349 0.24969 0.0734041 
0.573808 0.360047 0.188107 
0.485626 0.362528 0.243292 
0.304955 0.255173 0.19941 
0.146114 0.126196 0.111405 
0.115742 0.084106 0.0742902 
0.239517 0.177581 0.145234 
0.456428 0.371687 0.308434 
0.679706 0.59268 0.502994 
0.869416 0.796973 0.682971 
1.04959 0.998608 0.853181 
1.24725 1.22304 1.04251 
1.41128 1.43021 1.23686 
1.41265 1.50081 1.34859 
1.16077 1.33127 1.27736 
0.730942 0.95641 1.01606 
0.345459 0.556874 0.685724 
0.19164 0.317931 0.448861 
0.258092 0.282174 0.39153 
0.373353 0.3562 0.49791 
0.39965 0.443895 0.713049 
0.350621 0.525463 0.976416 
0.314107 0.598313 1.18406 
0.323088 0.610582 1.19107 
0.362733 0.527285 0.937915 
0.466824 0.439268 0.570285 
0.701193 0.505863 0.346133 
1.01497 0.743024 0.37127 
1.20152 0.943929 0.480459 
1.11657 0.9077 0.456832 
0.916322 0.729283 0.344804 
0.952947 0.745506 0.435589 
1.36267 1.12996 0.888803 
1.8263 1.61237 1.44518 
1.8482 1.70795 1.6261 
1.28478 1.23492 1.23199 
0.52048 0.526298 0.568133 
0.082141 0.0891566 0.13412 
0.132071 0.106487 0.135355 
0.393515 0.330728 0.350883 
0.529512 0.428077 0.445095 
0.492701 0.330423 0.319959 
0.473036 0.219116 0.135998 
0.587747 0.243052 0.0644674 
0.724699 0.346694 0.105749 
0.696536 0.375804 0.147323 
0.471502 0.274182 0.122651 
0.198669 0.124731 0.063323 
0.0343443 0.0283014 0.0257971 
0.000994871 0.00256028 0.0256139 
0.0200173 0.00675479 0.0514537 
0.0280133 0.0140908 0.096569 
0.022023 0.0216686 0.142222 
0.0224468 0.0182181 0.138991 
0.0576052 0.00413088 0.0641727 
0.199562 0.0573862 0.0123674 
0.548386 0.316537 0.170386 
1.10015 0.820974 0.626569 
1.62791 1.36345 1.19386 
1.78031 1.58107 1.49078 
1.38914 1.27784 1.27675 
0.68903 0.665824 0.72012 
0.168723 0.226076 0.283637 
0.148504 0.277616 0.299685 
0.503523 0.686005 0.663282 
0.822848 1.01985 0.965219 
0.826972 0.983857 0.91381 
0.597042 0.666965 0.589759 
0.407359 0.376028 0.292531 
0.402115 0.29204 0.201185 
0.487445 0.337847 0.238614 
0.506258 0.345613 0.23683 
0.434283 0.265657 0.147794 
0.369434 0.17521 0.0513503 
0.38328 0.141952 0.0114831 
0.457236 0.160466 0.00748088 
0.565531 0.22553 0.0149294 
0.744462 0.386507 0.078745 
1.01389 0.658744 0.238681 
1.25227 0.904747 0.405962 
1.2412 0.899476 0.404777 
0.905129 0.58316 0.194064 
0.488455 0.222468 0.00791805 
0.408237 0.227253 0.178158 
