0.0664266 0.0312491 0.0547293 
0.240688 0.106923 0.098913 
0.361883 0.172848 0.111428 
0.382637 0.182525 0.0776789 
0.371694 0.191076 0.0662144 
0.389019 0.234227 0.104309 
0.416604 0.271806 0.135082 
0.396237 0.243972 0.0977613 
0.306517 0.15641 0.0266348 
0.189588 0.0916392 0.048581 
0.11097 0.136972 0.275432 
0.105356 0.306815 0.69649 
0.15996 0.531385 1.16942 
0.238271 0.712295 1.51186 
0.31204 0.790547 1.61576 
0.373806 0.775528 1.50278 
0.426959 0.722785 1.29234 
0.468533 0.684162 1.11175 
0.482458 0.667741 1.00997 
0.451263 0.636398 0.933237 
0.378858 0.547547 0.782534 
0.30564 0.405248 0.514784 
0.299757 0.281827 0.209927 
0.42537 0.285511 0.0436087 
0.707334 0.49279 0.176598 
1.11602 0.895019 0.642023 
1.58228 1.40014 1.31773 
2.03145 1.88754 2.00378 
2.41305 2.27293 2.54129 
2.70831 2.53567 2.88107 
2.91601 2.69598 3.06067 
3.03332 2.77096 3.12708 
3.04906 2.75101 3.07978 
2.95364 2.61371 2.87826 
2.75502 2.3579 2.49684 
2.48666 2.0262 1.97364 
2.20009 1.69722 1.41367 
1.94503 1.45242 0.945976 
1.74729 1.33794 0.665628 
1.59601 1.34191 0.59394 
1.44838 1.3974 0.67371 
1.25183 1.41008 0.797214 
0.975651 1.30042 0.853627 
0.637735 1.04449 0.777767 
0.309976 0.692989 0.57903 
0.0911641 0.352479 0.332999 
0.0548761 0.133293 0.13756 
0.204265 0.0958342 0.0628574 
0.468949 0.232043 0.130254 
0.74546 0.485201 0.322864 
0.941704 0.772761 0.593179 
0.990776 0.987766 0.847848 
0.851791 1.00988 0.949931 
0.54195 0.774312 0.796073 
0.188566 0.369964 0.43885 
0.0138654 0.0467957 0.117753 
0.194893 0.0530773 0.0995057 
0.687219 0.407262 0.429779 
1.19854 0.836415 0.850387 
1.38943 0.990859 1.01634 
1.14302 0.757733 0.831417 
0.647897 0.36193 0.556556 
0.216298 0.144376 0.555581 
0.0283798 0.243974 0.926623 
0.052657 0.506165 1.39887 
0.180851 0.6891 1.59793 
0.385893 0.725445 1.40275 
0.719839 0.76592 1.04313 
1.17755 0.986483 0.871755 
1.60582 1.38166 1.05745 
1.77724 1.74937 1.47578 
1.56902 1.86163 1.84723 
1.0868 1.6512 1.95975 
0.626068 1.25962 1.79128 
0.492056 0.925398 1.47339 
0.795799 0.808445 1.16218 
1.36392 0.881004 0.926179 
1.83681 0.963845 0.728553 
1.90637 0.881546 0.503861 
1.53031 0.613672 0.252491 
0.956255 0.31211 0.0584712 
0.528775 0.1652 0.00871311 
0.430965 0.22938 0.0951149 
0.569054 0.383178 0.207083 
0.685866 0.445329 0.232769 
0.595363 0.345072 0.171097 
0.336203 0.185954 0.137668 
0.122141 0.14597 0.250046 
0.143934 0.30768 0.499819 
0.399385 0.57421 0.738591 
0.695629 0.748068 0.801499 
0.812935 0.702336 0.660749 
0.67965 0.490362 0.466355 
0.408774 0.297383 0.429396 
0.182956 0.283581 0.647949 
0.110315 0.463929 1.03017 
0.17722 0.723505 1.37693 
0.307875 0.930129 1.53705 
0.439551 1.02354 1.49134 
0.538686 1.01054 1.30992 
0.574613 0.907759 1.05838 
0.514565 0.717308 0.760927 
0.358583 0.458192 0.44092 
0.16753 0.19789 0.164661 
0.0384752 0.0296987 0.0199582 
0.0429784 0.0114002 0.0480286 
0.185798 0.128351 0.205057 
0.416686 0.315721 0.395995 
0.672261 0.511043 0.545468 
0.903103 0.683483 0.63769 
1.06975 0.820124 0.696355 
1.13033 0.897532 0.736016 
1.04995 0.878764 0.737822 
0.834506 0.746136 0.672568 
0.559136 0.540706 0.547036 
0.355187 0.365824 0.426237 
0.346463 0.336202 0.401722 
0.568769 0.499447 0.521988 
0.931271 0.788747 0.740041 
1.25791 1.05192 0.92923 
1.38929 1.14541 0.966164 
1.2749 1.02543 0.818827 
0.989056 0.765789 0.566431 
0.664898 0.491469 0.3334 
0.406209 0.28871 0.195815 
0.247593 0.167713 0.141633 
0.179775 0.0980028 0.111704 
0.193909 0.0654273 0.0704826 
0.289783 0.0856846 0.0327827 
0.443712 0.164839 0.0272527 
0.584683 0.260521 0.0481972 
0.622555 0.298518 0.0570161 
0.514183 0.236737 0.033418 
0.306046 0.111534 0.0144562 
0.108106 0.0140314 0.0681085 
0.0174953 0.0142448 0.220263 
0.0561331 0.103794 0.410213 
0.169424 0.208776 0.526541 
0.276223 0.255696 0.495464 
0.322288 0.227537 0.341311 
0.301021 0.166053 0.166985 
0.2426 0.131929 0.0782032 
0.193433 0.166302 0.120398 
0.19987 0.280972 0.272546 
0.295475 0.469644 0.484365 
0.490408 0.719124 0.713992 
0.768343 1.01208 0.940955 
1.09336 1.32594 1.15969 
1.41789 1.63024 1.36695 
1.68221 1.87975 1.54719 
1.81322 2.01 1.66024 
1.74267 1.95238 1.64678 
1.44917 1.67576 1.46413 
0.995263 1.22933 1.13474 
0.51923 0.744152 0.762356 
0.173509 0.376666 0.486825 
0.0487942 0.22739 0.400923 
0.137343 0.29281 0.492407 
0.355539 0.481828 0.65746 
0.599396 0.677639 0.773851 
0.790735 0.798347 0.777333 
0.892772 0.822445 0.68905 
0.90268 0.776453 0.583076 
0.83856 0.703075 0.524266 
0.729483 0.631322 0.521338 
0.607004 0.563296 0.525609 
0.495693 0.482082 0.473605 
0.406318 0.373642 0.340939 
0.339571 0.247946 0.166762 
0.303403 0.146267 0.0314521 
0.332346 0.130107 0.00692717 
0.484453 0.254245 0.11665 
0.799823 0.53078 0.32707 
1.23995 0.899255 0.564411 
1.66196 1.22784 0.740229 
1.87341 1.36451 0.779555 
1.75078 1.22387 0.653212 
1.33812 0.855368 0.404806 
0.839002 0.434609 0.148061 
0.493884 0.168484 0.0185653 
0.429413 0.172591 0.0981726 
0.591334 0.405693 0.359929 
0.803612 0.704864 0.675353 
0.897297 0.891429 0.884861 
0.80965 0.872524 0.888096 
0.594063 0.67652 0.696819 
0.356611 0.412539 0.417797 
0.179789 0.192318 0.179487 
0.0853786 0.0692378 0.0551697 
0.0499985 0.0321448 0.0394561 
0.0511215 0.0520715 0.0953601 
0.103238 0.138231 0.227241 
0.249306 0.345378 0.502061 
0.505858 0.711229 0.979478 
0.80727 1.17307 1.60217 
1.01313 1.55279 2.15849 
0.996764 1.65351 2.38483 
0.749951 1.40428 2.14695 
0.403391 0.925352 1.54868 
0.129851 0.445314 0.865254 
0.0127369 0.137989 0.35366 
0.00453987 0.0241745 0.102891 
0.0115481 0.0159788 0.0401123 
0.0104274 0.0384471 0.0546056 
0.071327 0.0964531 0.101429 
0.266824 0.230546 0.196092 
0.570682 0.431487 0.340352 
0.858348 0.619019 0.481565 
1.00917 0.70723 0.549372 
1.00662 0.682039 0.519253 
0.945163 0.613042 0.432611 
0.952681 0.600155 0.363956 
1.10807 0.715006 0.380193 
1.41144 0.978125 0.523663 
1.79776 1.35905 0.804202 
2.15885 1.77352 1.17782 
2.36682 2.08777 1.5302 
2.31754 2.1626 1.70883 
1.99057 1.93448 1.61013 
1.48093 1.47518 1.26124 
0.95978 0.966084 0.819653 
0.577293 0.590584 0.477504 
0.377914 0.422865 0.341928 
0.29469 0.400374 0.385493 
0.224394 0.397168 0.498031 
0.119068 0.332281 0.584868 
0.0202433 0.224501 0.625642 
0.013694 0.157497 0.65477 
0.147193 0.195391 0.698561 
0.378747 0.323119 0.735927 
0.593937 0.456062 0.716459 
0.677104 0.502941 0.610575 
0.584809 0.428091 0.439557 
0.373515 0.269429 0.25953 
0.167046 0.108468 0.120199 
0.0864654 0.0209076 0.0384266 
0.184037 0.0400792 0.00456471 
0.418032 0.148722 0.0051059 
0.681352 0.296386 0.0351991 
0.865535 0.429412 0.0929905 
0.919488 0.516832 0.168757 
0.866003 0.55842 0.243375 
0.770494 0.572619 0.29719 
0.691956 0.576936 0.320351 
0.654827 0.577785 0.317023 
0.655101 0.574699 0.30186 
0.682093 0.568213 0.290661 
0.731187 0.560031 0.28964 
0.80312 0.548152 0.290631 
0.90206 0.528354 0.277801 
1.03707 0.503503 0.241914 
