0.586578 0.190124 0.535328 
0.538637 0.228873 0.716024 
0.395289 0.288661 0.934519 
0.237004 0.423325 1.2189 
0.176025 0.676719 1.58028 
0.282595 1.04043 1.9871 
0.525108 1.43202 2.3584 
0.776432 1.71927 2.58816 
0.89242 1.78694 2.59521 
0.807044 1.60527 2.37076 
0.570324 1.25011 1.98955 
0.303285 0.858316 1.57313 
0.114251 0.552555 1.2292 
0.0452577 0.389617 1.00797 
0.0781284 0.359293 0.89895 
0.174494 0.418149 0.858741 
0.308209 0.525814 0.844772 
0.474851 0.667209 0.840827 
0.689269 0.863058 0.875227 
0.979603 1.16899 1.02913 
1.37043 1.65115 1.41642 
1.8495 2.33075 2.11745 
2.33434 3.11921 3.08305 
2.6705 3.79334 4.07149 
2.68271 4.05663 4.69367 
2.26932 3.68653 4.58987 
1.49736 2.7013 3.66324 
0.634959 1.43549 2.21869 
0.069248 0.435311 0.875684 
0.116377 0.18855 0.257937 
0.820528 0.835584 0.634912 
1.88723 2.06209 1.7593 
2.83022 3.27304 3.02763 
3.25191 3.94298 3.85609 
3.05872 3.8964 4.00181 
2.45946 3.33104 3.61724 
1.77648 2.61026 3.05077 
1.2435 2.02075 2.59225 
0.934487 1.66851 2.34908 
0.816634 1.52161 2.27668 
0.820737 1.49088 2.26226 
0.864558 1.47162 2.182 
0.8605 1.36594 1.94014 
0.753375 1.12664 1.51898 
0.563045 0.796698 1.0085 
0.370529 0.484106 0.559337 
0.250519 0.279125 0.277467 
0.230573 0.203189 0.163633 
0.327896 0.249587 0.166147 
0.603658 0.455921 0.282027 
1.13321 0.893919 0.574197 
1.892 1.56019 1.0693 
2.68344 2.28961 1.65297 
3.21839 2.81293 2.09785 
3.29844 2.92826 2.21494 
2.93917 2.62958 1.9822 
2.32951 2.08133 1.53427 
1.68551 1.4852 1.04657 
1.13649 0.970516 0.635153 
0.712527 0.577348 0.339323 
0.394325 0.29707 0.153862 
0.161685 0.11163 0.0574772 
0.0219036 0.0192417 0.0332431 
0.0212404 0.0538774 0.0952352 
0.221867 0.275891 0.296037 
0.631952 0.707676 0.674834 
1.13712 1.25305 1.17039 
1.51895 1.69407 1.59408 
1.58149 1.80801 1.72538 
1.29106 1.52401 1.46974 
0.802389 0.981437 0.941348 
0.345483 0.435514 0.394313 
0.0745849 0.0919689 0.0598689 
0.000163264 0.00116894 0.016433 
0.0323463 0.0716624 0.1733 
0.0710369 0.163559 0.355344 
0.0679434 0.183831 0.420303 
0.0347498 0.129614 0.338408 
0.0123383 0.0658753 0.191869 
0.0278259 0.0591034 0.0980151 
0.0687523 0.117803 0.115029 
0.0975626 0.191776 0.209979 
0.096884 0.232015 0.314982 
0.09611 0.246485 0.406345 
0.138406 0.283819 0.514944 
0.216382 0.359406 0.657755 
0.2583 0.417325 0.781883 
0.203295 0.390999 0.805623 
0.0944454 0.304385 0.721894 
0.0722065 0.286131 0.638094 
0.243276 0.450181 0.683299 
0.545167 0.751785 0.865201 
0.759706 0.980652 1.03206 
0.694683 0.929056 0.997587 
0.380135 0.59274 0.718567 
0.0925035 0.214283 0.354819 
0.165855 0.115245 0.150921 
0.736632 0.451699 0.243862 
1.62498 1.09152 0.560759 
2.44013 1.70346 0.882036 
2.82172 1.97747 1.00509 
2.64063 1.80893 0.876472 
2.03587 1.32987 0.605685 
1.29365 0.793905 0.371926 
0.673855 0.415344 0.304013 
0.297134 0.269239 0.413919 
0.139329 0.295942 0.61399 
0.102619 0.378486 0.789853 
0.0964704 0.425264 0.871635 
0.0785024 0.406817 0.85821 
0.0485354 0.340796 0.789551 
0.0216125 0.255967 0.700536 
0.00833524 0.170013 0.597215 
0.0114385 0.0915362 0.469737 
0.0295232 0.0309641 0.32068 
0.0580412 0.00164119 0.176527 
0.0886857 0.0100962 0.0718387 
0.113823 0.0499165 0.0250827 
0.134986 0.108755 0.0308726 
0.16568 0.180595 0.072199 
0.22374 0.268863 0.135184 
0.32228 0.3785 0.211399 
0.470274 0.508797 0.291449 
0.677509 0.654424 0.362505 
0.946529 0.807289 0.412886 
1.24985 0.950848 0.435914 
1.51946 1.05511 0.429132 
1.67586 1.08876 0.394544 
1.6837 1.04618 0.343248 
1.58519 0.964113 0.297928 
1.48103 0.910623 0.288856 
1.48301 0.961205 0.352614 
1.68085 1.18583 0.539807 
2.12407 1.63663 0.910363 
2.78131 2.30232 1.48403 
3.48111 3.03883 2.16121 
3.91673 3.56 2.69857 
3.78989 3.565 2.81624 
3.03122 2.95059 2.39397 
1.90648 1.92976 1.59263 
0.87309 0.9188 0.767448 
0.276921 0.26155 0.226307 
0.144113 0.0243822 0.0433606 
0.238412 0.0318229 0.0873007 
0.301505 0.0785628 0.208593 
0.242359 0.100361 0.382931 
0.137358 0.1669 0.682877 
0.108102 0.358758 1.14554 
0.221838 0.677523 1.69451 
0.465589 1.04761 2.17923 
0.748041 1.35449 2.45913 
0.914158 1.47442 2.45044 
0.830431 1.33154 2.14701 
0.549548 1.00838 1.66448 
0.411112 0.816661 1.27472 
0.895602 1.17956 1.32471 
2.25124 2.32351 2.01397 
4.1852 4.00881 3.18379 
5.93518 5.57311 4.33243 
6.72875 6.3169 4.90189 
6.27934 5.94591 4.62958 
4.9238 4.72084 3.68617 
3.32629 3.22323 2.50921 
2.03755 1.96796 1.50149 
1.26274 1.17445 0.842311 
0.937519 0.806586 0.509779 
0.931324 0.744938 0.413806 
1.15483 0.897016 0.486175 
1.52562 1.18831 0.677275 
1.91208 1.5202 0.92319 
2.16472 1.78586 1.15412 
2.21105 1.93516 1.33933 
2.1063 2.01015 1.51112 
1.98133 2.10589 1.73555 
1.93708 2.29173 2.05669 
1.98047 2.56184 2.46287 
2.04343 2.84498 2.89242 
2.04605 3.04619 3.25713 
1.93899 3.07862 3.45878 
1.70237 2.87569 3.4009 
1.33249 2.40601 3.01751 
0.856071 1.70869 2.3237 
0.36888 0.928719 1.45701 
0.0480278 0.304011 0.659748 
0.0887727 0.0740201 0.18165 
0.577456 0.342004 0.144632 
1.38527 0.980489 0.4591 
2.18187 1.66494 0.864198 
2.594 2.03993 1.08135 
2.42031 1.91975 0.980802 
1.75557 1.38725 0.642725 
0.933382 0.723133 0.272853 
0.327913 0.222463 0.0465324 
0.154489 0.0334094 0.00524683 
0.396472 0.120917 0.0726613 
0.880143 0.350636 0.149468 
1.41629 0.604852 0.19094 
1.90492 0.846368 0.21305 
2.3533 1.11191 0.255376 
2.823 1.46742 0.358556 
3.34947 1.95573 0.567117 
3.87547 2.54577 0.915605 
4.23424 3.09881 1.37419 
4.21036 3.3921 1.80304 
3.66822 3.22633 1.99497 
2.67546 2.57028 1.81287 
1.51911 1.62989 1.31659 
0.571485 0.758765 0.753062 
0.0827476 0.25304 0.395946 
0.0510847 0.182886 0.363634 
0.266111 0.389108 0.566391 
0.47907 0.632059 0.811777 
0.556513 0.757251 0.958185 
0.511244 0.753387 0.987451 
0.426626 0.695806 0.968502 
0.370201 0.661378 0.981676 
0.364131 0.687305 1.07322 
0.400139 0.772192 1.24479 
0.453204 0.882637 1.45049 
0.482937 0.959227 1.60349 
0.448359 0.946949 1.62103 
0.344495 0.849614 1.50122 
0.224645 0.75772 1.36578 
0.169943 0.801474 1.40477 
0.222804 1.05088 1.74393 
0.349079 1.4483 2.33741 
0.47147 1.83831 2.9777 
0.542293 2.07029 3.41501 
0.579562 2.08362 3.49043 
0.628227 1.9098 3.19065 
0.68901 1.61049 2.6116 
0.695168 1.22559 1.88863 
0.572444 0.78274 1.15386 
0.334047 0.347793 0.531644 
0.120918 0.0503491 0.139849 
0.135729 0.0377406 0.0644632 
0.503615 0.375313 0.310208 
1.15523 0.964299 0.764732 
1.82211 1.54941 1.21855 
2.16583 1.83442 1.4511 
1.97592 1.64973 1.34426 
1.32023 1.07065 0.953159 
0.547794 0.401922 0.479849 
0.123308 0.0214215 0.156068 
0.373058 0.167493 0.108035 
1.28539 0.799003 0.294819 
2.4897 1.61771 0.561022 
3.43883 2.24008 0.759244 
3.69641 2.40958 0.846646 
3.16296 2.11865 0.886461 
2.11047 1.57704 0.966829 
