0.325471 0.190693 0.144421 
0.226619 0.0870836 0.0639635 
0.130268 0.0238236 0.0925098 
0.0558527 0.0256114 0.243644 
0.0192531 0.0940307 0.481529 
0.0325552 0.213049 0.740037 
0.106464 0.363366 0.955636 
0.249263 0.533429 1.09389 
0.458713 0.718132 1.1549 
0.710944 0.907067 1.15814 
0.95654 1.07391 1.12094 
1.13211 1.17879 1.04707 
1.1855 1.1855 0.931876 
1.10161 1.0828 0.776283 
0.913054 0.894839 0.595829 
0.688696 0.673166 0.416729 
0.508098 0.477061 0.263893 
0.438692 0.357254 0.153722 
0.528367 0.353752 0.100021 
0.811253 0.503919 0.127586 
1.31148 0.844843 0.276987 
2.03011 1.39599 0.586924 
2.91619 2.12506 1.05771 
3.84218 2.91997 1.61901 
4.61162 3.59585 2.13041 
5.01213 3.95009 2.42783 
4.89862 3.84756 2.39891 
4.26617 3.29309 2.04697 
3.27002 2.44725 1.50338 
2.17449 1.56853 0.973942 
1.25076 0.905773 0.643598 
0.672466 0.593887 0.58945 
0.45965 0.605813 0.749329 
0.495489 0.783433 0.962614 
0.601485 0.927839 1.05976 
0.628696 0.899665 0.95118 
0.519489 0.679052 0.669177 
0.315412 0.360542 0.344679 
0.117415 0.0941057 0.136698 
0.0268366 0.00871023 0.154847 
0.0988534 0.157433 0.413824 
0.326513 0.505251 0.836975 
0.653965 0.955637 1.29874 
1.00412 1.39461 1.67862 
1.30433 1.72863 1.89969 
1.50147 1.90336 1.93906 
1.56757 1.90442 1.81535 
1.50205 1.75013 1.56856 
1.33492 1.48572 1.24666 
1.12914 1.18091 0.903434 
0.975757 0.925696 0.601452 
0.975661 0.816386 0.409575 
1.20822 0.929517 0.38805 
1.69565 1.29004 0.564101 
2.37861 1.84805 0.909955 
3.11769 2.47885 1.33802 
3.72706 3.01345 1.7217 
4.03228 3.29221 1.93761 
3.93169 3.22213 1.91264 
3.4356 2.81261 1.6538 
2.66476 2.17242 1.24523 
1.8066 1.4673 0.812108 
1.04695 0.856484 0.467928 
0.507219 0.437035 0.271115 
0.214157 0.221189 0.211813 
0.11316 0.15433 0.233538 
0.114021 0.16019 0.275028 
0.142434 0.186246 0.306961 
0.17003 0.224438 0.342611 
0.210266 0.298674 0.418331 
0.288418 0.431254 0.558718 
0.408539 0.612592 0.750438 
0.540044 0.795179 0.942471 
0.632283 0.916168 1.07309 
0.646597 0.934127 1.10662 
0.58413 0.856472 1.05705 
0.490821 0.740122 0.983835 
0.43585 0.664546 0.962404 
0.47622 0.692468 1.0459 
0.627527 0.839294 1.23808 
0.855713 1.06543 1.48903 
1.09141 1.29223 1.71269 
1.257 1.43161 1.81662 
1.29315 1.41663 1.73306 
1.17685 1.22467 1.44431 
0.929263 0.889835 0.997846 
0.614833 0.502061 0.506049 
0.330754 0.189733 0.124211 
0.183791 0.0835811 0.00497587 
0.255217 0.267938 0.239153 
0.563842 0.736844 0.806279 
1.04526 1.37846 1.56256 
1.56373 2.00369 2.28139 
1.95866 2.41385 2.73595 
2.10767 2.47961 2.78836 
1.97586 2.19284 2.4426 
1.62574 1.66513 1.83474 
1.18317 1.07405 1.16694 
0.778778 0.585982 0.620391 
0.496174 0.294819 0.291091 
0.351698 0.203527 0.175291 
0.309437 0.24948 0.202113 
0.315721 0.351487 0.286658 
0.330088 0.449885 0.372006 
0.337742 0.521959 0.442246 
0.343451 0.573413 0.509294 
0.357745 0.619577 0.590072 
0.38698 0.671087 0.690773 
0.431739 0.730442 0.805105 
0.490297 0.796298 0.922331 
0.561268 0.868315 1.03614 
0.642484 0.947758 1.14776 
0.727725 1.03417 1.26281 
0.804991 1.1217 1.38534 
0.858505 1.19822 1.51349 
0.873569 1.24801 1.63818 
0.841521 1.25591 1.74401 
0.762406 1.21099 1.81065 
0.644751 1.10838 1.81436 
0.503474 0.950035 1.73128 
0.357428 0.74575 1.5445 
0.227449 0.515123 1.2551 
0.134636 0.289031 0.892742 
0.0977577 0.107433 0.518054 
0.128886 0.0106541 0.210197 
0.227967 0.024987 0.0400374 
0.379243 0.148853 0.0398258 
0.553395 0.348762 0.18656 
0.716996 0.571095 0.412106 
0.84584 0.766299 0.638283 
0.93416 0.912101 0.817921 
0.992221 1.01996 0.955926 
1.03201 1.11827 1.09485 
1.05049 1.22214 1.27275 
1.02446 1.31146 1.48166 
0.924778 1.3357 1.65714 
0.742947 1.24583 1.70974 
0.510676 1.03277 1.57973 
0.293817 0.743988 1.27895 
0.158747 0.463014 0.890322 
0.130959 0.263019 0.524402 
0.175766 0.165827 0.261519 
0.219346 0.135874 0.117635 
0.200656 0.114518 0.0545865 
0.120304 0.0705137 0.0235595 
0.0505122 0.0294904 0.00795519 
0.0946029 0.0594514 0.034252 
0.319523 0.221053 0.144793 
0.705717 0.517836 0.355341 
1.14937 0.883051 0.631438 
1.51789 1.21467 0.903275 
1.72378 1.43642 1.10992 
1.76973 1.5439 1.24161 
1.73693 1.60473 1.34927 
1.72634 1.7121 1.51251 
1.79209 1.92163 1.78551 
1.90901 2.21131 2.15449 
1.99172 2.48805 2.53327 
1.9492 2.63479 2.79924 
1.73876 2.56912 2.84903 
1.388 2.28063 2.64379 
0.976803 1.83085 2.22283 
0.595738 1.32147 1.6831 
0.307292 0.851853 1.13879 
0.129134 0.486878 0.681532 
0.0418616 0.24615 0.357109 
0.0102991 0.112763 0.164096 
0.00409922 0.0524727 0.0697716 
0.00877706 0.032927 0.0330539 
0.0259307 0.0357234 0.0235116 
0.0660767 0.0582312 0.0291221 
0.138504 0.106244 0.0515574 
0.242067 0.182197 0.0941188 
0.360514 0.275908 0.151008 
0.465174 0.36384 0.205171 
0.525035 0.418091 0.235906 
0.520057 0.420036 0.230591 
0.45074 0.370076 0.191977 
0.338403 0.287188 0.135942 
0.216086 0.198733 0.0816889 
0.115483 0.127245 0.0417024 
0.0568678 0.0821204 0.0182029 
0.0455472 0.0596794 0.00715599 
0.0735554 0.0491695 0.00518836 
0.123313 0.0397098 0.0136947 
0.172046 0.0252541 0.0382858 
0.198586 0.00808581 0.086243 
0.193517 0.00189849 0.16526 
0.168934 0.0325018 0.283168 
0.159814 0.131546 0.444931 
0.210808 0.321045 0.644571 
0.351352 0.594037 0.855863 
0.572263 0.903628 1.0308 
0.819935 1.17176 1.11295 
1.01552 1.31836 1.06288 
1.09098 1.29752 0.88218 
1.02219 1.12044 0.619604 
0.840414 0.851086 0.352507 
0.616412 0.576868 0.152351 
0.427584 0.371138 0.0540666 
0.326523 0.267812 0.0467425 
0.325419 0.258628 0.0890473 
0.39922 0.308772 0.137142 
0.500725 0.377401 0.166576 
0.57846 0.431298 0.17641 
0.591949 0.448817 0.177439 
0.523249 0.419127 0.176574 
0.383971 0.342644 0.169603 
0.214859 0.23349 0.146224 
0.07461 0.119821 0.101817 
0.0190511 0.0378605 0.0465741 
0.0785103 0.0202193 0.0056166 
0.244564 0.083859 0.00990133 
0.473333 0.223488 0.0822418 
0.703137 0.412291 0.224 
0.87629 0.607674 0.407335 
0.954251 0.759146 0.577247 
0.922252 0.818392 0.666601 
0.787983 0.753819 0.623732 
0.581611 0.569368 0.445154 
0.358975 0.320467 0.198481 
0.201219 0.11443 0.0188755 
0.200624 0.0850562 0.0707748 
0.428963 0.343352 0.483545 
0.898139 0.922286 1.28656 
1.53383 1.74278 2.37515 
2.18209 2.62283 3.52836 
2.65448 3.33238 4.47593 
2.79661 3.67379 4.98842 
2.55049 3.55343 4.95281 
1.98176 3.01367 4.40347 
1.25859 2.21334 3.49967 
0.591848 1.36807 2.46449 
0.162749 0.678022 1.51343 
0.0673183 0.271758 0.799612 
0.296402 0.18319 0.389829 
0.75293 0.362205 0.270474 
1.29377 0.707122 0.372302 
1.77775 1.10326 0.601206 
2.1042 1.45534 0.865894 
2.23401 1.70792 1.09826 
2.19205 1.85291 1.26524 
2.05424 1.92555 1.37177 
1.92351 1.99058 1.45434 
1.89992 2.12102 1.5663 
2.05107 2.37405 1.75802 
2.39087 2.77096 2.05832 
2.87463 3.28872 2.46381 
3.41436 3.86771 2.94068 
3.91027 4.43326 3.43812 
4.28619 4.92149 3.90625 
