0.13987 0.166809 0.18257 
0.000196124 0.00604984 0.0277 
0.0949854 0.101944 0.141187 
0.287141 0.295748 0.337865 
0.459838 0.457547 0.475709 
0.565323 0.557494 0.549555 
0.569549 0.594211 0.603572 
0.442004 0.543323 0.637641 
0.22556 0.409616 0.637218 
0.0492966 0.274052 0.645408 
0.010107 0.23095 0.745089 
0.0641044 0.295611 0.976968 
0.0937588 0.423892 1.3176 
0.0775762 0.6113 1.72821 
0.124894 0.898828 2.15935 
0.31166 1.24613 2.48067 
0.54075 1.46232 2.47728 
0.638524 1.35292 2.01544 
0.580981 0.949095 1.23403 
0.550637 0.53035 0.508194 
0.732163 0.375352 0.162206 
1.0901 0.507079 0.212952 
1.39366 0.707694 0.40741 
1.44686 0.759303 0.489027 
1.25488 0.629509 0.397262 
0.97371 0.436354 0.23294 
0.752655 0.298895 0.104495 
0.649219 0.258209 0.0500759 
0.647695 0.301855 0.068718 
0.695043 0.398044 0.155588 
0.714545 0.494127 0.286762 
0.638233 0.528973 0.409886 
0.468737 0.487499 0.48768 
0.302343 0.43635 0.544491 
0.262849 0.47794 0.644717 
0.400776 0.659071 0.82021 
0.658487 0.929761 1.03082 
0.925483 1.18761 1.19763 
1.11403 1.3505 1.26364 
1.1891 1.39261 1.2247 
1.16172 1.34313 1.12882 
1.08822 1.28027 1.06894 
1.07169 1.31647 1.16068 
1.21857 1.53942 1.47328 
1.54321 1.91791 1.93577 
1.90138 2.26043 2.31456 
2.05047 2.31039 2.33761 
1.82456 1.93809 1.90139 
1.27922 1.26554 1.17904 
0.662782 0.592101 0.50712 
0.231243 0.173909 0.136106 
0.0781491 0.0578417 0.0705714 
0.124685 0.110674 0.133389 
0.241707 0.18131 0.160131 
0.356668 0.217563 0.119718 
0.455407 0.245923 0.0734984 
0.524893 0.284651 0.0667419 
0.529477 0.305788 0.0837906 
0.443522 0.271719 0.0872482 
0.289979 0.184639 0.0679021 
0.13805 0.0935654 0.0507614 
0.0615276 0.0594933 0.0677798 
0.0917186 0.111597 0.130551 
0.201112 0.227131 0.221113 
0.334181 0.353126 0.307044 
0.462285 0.456654 0.374469 
0.607887 0.555613 0.448492 
0.806457 0.691553 0.569717 
1.04316 0.86817 0.741276 
1.23411 1.02175 0.901424 
1.27368 1.05574 0.953705 
1.10407 0.907562 0.830525 
0.758212 0.599815 0.54735 
0.360277 0.250908 0.220168 
0.07587 0.0270817 0.0209015 
0.0104917 0.0308607 0.0591097 
0.11547 0.194282 0.260929 
0.214032 0.308436 0.393164 
0.17446 0.225604 0.284799 
0.0709926 0.0523982 0.0536727 
0.128711 0.0872618 0.0524937 
0.470619 0.507146 0.513306 
0.93962 1.12593 1.24387 
1.21915 1.52108 1.73999 
1.14453 1.43197 1.64561 
0.87344 1.02045 1.09798 
0.738869 0.726719 0.607056 
0.949741 0.880869 0.606985 
1.43683 1.45328 1.12469 
1.95185 2.13589 1.83315 
2.27426 2.60952 2.35685 
2.33083 2.73591 2.51816 
2.17271 2.56281 2.36396 
1.88917 2.21864 2.04391 
1.54944 1.8188 1.689 
1.19965 1.43571 1.36549 
0.887202 1.11314 1.09223 
0.671909 0.885932 0.878065 
0.602913 0.779217 0.742294 
0.674955 0.785391 0.699528 
0.80565 0.842813 0.7232 
0.868263 0.849934 0.732707 
0.770188 0.724606 0.63926 
0.521783 0.472045 0.426669 
0.237193 0.199862 0.190198 
0.0564281 0.0494472 0.0764014 
0.041978 0.0851326 0.158265 
0.1322 0.233941 0.358074 
0.196852 0.341152 0.505269 
0.156196 0.30779 0.493371 
0.0614526 0.190096 0.392042 
0.0567802 0.159369 0.394536 
0.245658 0.343534 0.631499 
0.578497 0.690025 1.01973 
0.869556 0.983678 1.29833 
0.940024 1.01888 1.23956 
0.772129 0.785795 0.860561 
0.549639 0.515908 0.456986 
0.556386 0.55096 0.42907 
1.01296 1.13706 1.03417 
1.9613 2.2853 2.23748 
3.25103 3.76896 3.73672 
4.60678 5.22828 5.1115 
5.72416 6.30767 5.99468 
6.35833 6.76795 6.19058 
6.39368 6.55096 5.71706 
5.88417 5.78855 4.77658 
5.0391 4.74742 3.66838 
4.13516 3.71628 2.6675 
3.38178 2.8808 1.92262 
2.82204 2.26193 1.43238 
2.34913 1.7653 1.11693 
1.83275 1.30351 0.923939 
1.24846 0.882834 0.868767 
0.69531 0.575699 0.967963 
0.296202 0.417365 1.14343 
0.0908569 0.348495 1.22384 
0.0251927 0.272268 1.0737 
0.0255591 0.160007 0.729206 
0.063076 0.0828653 0.390721 
0.152604 0.138489 0.266526 
0.320911 0.364022 0.420587 
0.59347 0.726028 0.763178 
0.986751 1.16558 1.15685 
1.46799 1.61269 1.49794 
1.9094 1.95451 1.70427 
2.12011 2.03935 1.68354 
1.97745 1.77235 1.3783 
1.55107 1.2291 0.858608 
1.08314 0.651757 0.336015 
0.815968 0.294673 0.0391822 
0.813747 0.245486 0.0481146 
0.935216 0.381624 0.243568 
0.970887 0.4943 0.420328 
0.813908 0.460512 0.456801 
0.524797 0.317349 0.390606 
0.262199 0.199019 0.351769 
0.162892 0.217952 0.437942 
0.271183 0.397862 0.650802 
0.549898 0.693722 0.930204 
0.930199 1.04626 1.21935 
1.3409 1.40168 1.47865 
1.7017 1.68791 1.64699 
1.91513 1.80255 1.62747 
1.89477 1.65968 1.35156 
1.62084 1.26829 0.872364 
1.17172 0.760365 0.376131 
0.692341 0.322427 0.0684073 
0.316719 0.0782576 0.0237315 
0.104022 0.0226411 0.139042 
0.0315203 0.0570937 0.23548 
0.0356223 0.0826217 0.209652 
0.0599667 0.0636698 0.0965182 
0.082062 0.025768 0.00740166 
0.117663 0.0195704 0.0293892 
0.208385 0.0954888 0.185042 
0.389723 0.290004 0.458536 
0.646681 0.600267 0.820173 
0.892646 0.955387 1.21077 
1.00918 1.22955 1.52662 
0.933754 1.31652 1.66036 
0.723423 1.21328 1.58064 
0.527358 1.03093 1.36949 
0.477357 0.909398 1.16612 
0.580925 0.902867 1.05857 
0.705018 0.932592 1.01696 
0.673867 0.851359 0.925549 
0.424887 0.579413 0.6907 
0.115586 0.214823 0.344931 
0.077597 0.020294 0.063005 
0.597836 0.257643 0.0564858 
1.65437 0.964234 0.404604 
2.8309 1.85472 0.955169 
3.53979 2.47118 1.40252 
3.42196 2.4973 1.5039 
2.60004 1.98115 1.25499 
1.56285 1.2713 0.867957 
0.78818 0.731055 0.57994 
0.439251 0.493774 0.477752 
0.36754 0.454443 0.487417 
0.346379 0.44665 0.497306 
0.276849 0.40031 0.466138 
0.205496 0.351422 0.423424 
0.21172 0.352576 0.403101 
0.315533 0.406541 0.401871 
0.475104 0.474193 0.393517 
0.632534 0.515874 0.360727 
0.746329 0.514079 0.305262 
0.795975 0.470063 0.237946 
0.775723 0.393879 0.168997 
0.690133 0.299335 0.106876 
0.553959 0.203828 0.0619283 
0.39638 0.131607 0.0513087 
0.263603 0.116302 0.101383 
0.21047 0.195901 0.24196 
0.284451 0.401705 0.493784 
0.516295 0.750124 0.858231 
0.91402 1.2332 1.30913 
1.43625 1.79175 1.77631 
1.95058 2.28381 2.13122 
2.24233 2.50716 2.21742 
2.12742 2.31248 1.94654 
1.60726 1.73698 1.39392 
0.91133 1.01982 0.784318 
0.351421 0.449415 0.346194 
0.104027 0.168771 0.158731 
0.119981 0.118195 0.137441 
0.226782 0.1498 0.157809 
0.298105 0.175863 0.174239 
0.334475 0.213648 0.224366 
0.426684 0.33122 0.357187 
0.674851 0.584439 0.588019 
1.11772 0.985381 0.904759 
1.68229 1.47836 1.27153 
2.18026 1.92635 1.61092 
2.39071 2.15518 1.8138 
2.19787 2.05577 1.79996 
1.67149 1.65907 1.57165 
1.0162 1.11066 1.20064 
0.446628 0.580012 0.776823 
0.0990272 0.193437 0.3845 
0.0131673 0.0159848 0.106534 
0.138434 0.0414753 0.00151138 
0.345646 0.181906 0.0527281 
0.480673 0.302903 0.162295 
0.458484 0.312448 0.225272 
0.315431 0.222606 0.21027 
0.157154 0.11418 0.15719 
0.0574804 0.0479266 0.109483 
0.0185284 0.0258923 0.0743543 
0.0151307 0.0285722 0.0468248 
