0.187977 0.0862402 0.122329 
0.0845495 0.00152951 0.0833575 
0.0669156 0.0425361 0.173044 
0.058165 0.134243 0.339916 
0.0642761 0.283913 0.61081 
0.162751 0.556699 1.04663 
0.385506 0.951249 1.61383 
0.645977 1.33401 2.13161 
0.799068 1.51887 2.37236 
0.767165 1.41366 2.22505 
0.600692 1.08879 1.7697 
0.424183 0.714436 1.20892 
0.334815 0.439818 0.73513 
0.34497 0.317291 0.441933 
0.396617 0.306006 0.317239 
0.413936 0.322035 0.285855 
0.353363 0.293145 0.261702 
0.230291 0.197909 0.193012 
0.112655 0.0776453 0.0895803 
0.0800265 0.0112966 0.0153271 
0.169479 0.0628501 0.0444832 
0.348141 0.237323 0.210901 
0.535533 0.478966 0.488779 
0.655894 0.709768 0.814981 
0.678018 0.875248 1.12923 
0.620579 0.967518 1.40168 
0.534049 1.01874 1.63398 
0.476804 1.07254 1.83578 
0.488186 1.1449 1.98983 
0.560471 1.19557 2.03103 
0.631061 1.1409 1.87003 
0.61918 0.918396 1.46492 
0.493015 0.562529 0.892427 
0.308865 0.218013 0.345623 
0.174581 0.0561453 0.0332163 
0.161714 0.150981 0.0473221 
0.251847 0.425413 0.310473 
0.376954 0.724558 0.652159 
0.515488 0.954066 0.948157 
0.737354 1.15247 1.19673 
1.13427 1.42583 1.46713 
1.69262 1.80766 1.77998 
2.23897 2.18345 2.04314 
2.53012 2.35851 2.10852 
2.42146 2.20946 1.89538 
1.96873 1.78176 1.46367 
1.37822 1.25095 0.973451 
0.858468 0.793768 0.574565 
0.504495 0.487198 0.325845 
0.296266 0.308775 0.200936 
0.178388 0.208311 0.151568 
0.126539 0.166642 0.157278 
0.145165 0.192362 0.222659 
0.222849 0.280113 0.342889 
0.308355 0.38625 0.482755 
0.336377 0.448256 0.58977 
0.276018 0.426119 0.624583 
0.155379 0.327043 0.580269 
0.0424089 0.196338 0.479025 
0.000252285 0.0872855 0.355532 
0.0501635 0.0333997 0.241315 
0.162538 0.036914 0.156363 
0.275622 0.0735789 0.106419 
0.328431 0.107488 0.0837165 
0.291911 0.109535 0.0716463 
0.185337 0.0735048 0.0539895 
0.0707399 0.0233032 0.0260634 
0.0269897 0.00662321 0.0021026 
0.115336 0.0761466 0.0136549 
0.35344 0.266315 0.0978278 
0.709982 0.576434 0.279435 
1.11884 0.966982 0.554568 
1.50065 1.36875 0.883291 
1.78003 1.69989 1.19626 
1.89707 1.88687 1.41545 
1.82028 1.88698 1.48365 
1.56292 1.70797 1.39154 
1.19103 1.41335 1.18782 
0.80618 1.10225 0.961682 
0.502366 0.865636 0.800638 
0.32151 0.741489 0.744648 
0.240748 0.699473 0.765585 
0.201942 0.668278 0.788089 
0.158888 0.58702 0.739833 
0.104043 0.443316 0.597247 
0.058312 0.273033 0.396112 
0.0416102 0.128493 0.203119 
0.0542723 0.0436227 0.0721871 
0.0810735 0.0194293 0.0163139 
0.105322 0.0320451 0.010024 
0.116552 0.0509786 0.015134 
0.11013 0.0557715 0.00988848 
0.0875142 0.0455827 0.00292966 
0.0595833 0.0386177 0.0242953 
0.0452439 0.0597462 0.0997208 
0.0605024 0.121587 0.225877 
0.106151 0.21228 0.365056 
0.166367 0.300356 0.464404 
0.218972 0.352737 0.485701 
0.246021 0.350862 0.423951 
0.236781 0.294994 0.304672 
0.188142 0.200828 0.168507 
0.110406 0.0972113 0.05785 
0.0339251 0.0239506 0.00937923 
0.00206654 0.0200219 0.0449946 
0.045967 0.100445 0.157682 
0.158231 0.237755 0.303245 
0.29049 0.368815 0.413491 
0.381404 0.429458 0.431312 
0.394673 0.394224 0.346646 
0.338092 0.291774 0.206694 
0.252052 0.185168 0.0908695 
0.180424 0.132476 0.0658313 
0.146376 0.154656 0.148463 
0.146135 0.228348 0.297618 
0.158357 0.303102 0.437416 
0.159203 0.330295 0.498721 
0.135348 0.289289 0.458202 
0.0921067 0.200888 0.356138 
0.0556872 0.123014 0.282407 
0.0671626 0.127828 0.332924 
0.165498 0.265691 0.553897 
0.362255 0.530381 0.902733 
0.620775 0.846808 1.25351 
0.858949 1.09761 1.45483 
0.98552 1.18338 1.41417 
0.95422 1.08298 1.15697 
0.797433 0.870124 0.816093 
0.607651 0.667266 0.552129 
0.474603 0.56569 0.457801 
0.426043 0.571054 0.51414 
0.41994 0.614375 0.624979 
0.390962 0.613826 0.693376 
0.307169 0.533074 0.67644 
0.189541 0.393729 0.586149 
0.0865255 0.245761 0.456597 
0.0344516 0.131207 0.318018 
0.0368806 0.0676502 0.193065 
0.0703115 0.0505469 0.100154 
0.103005 0.0617012 0.0489025 
0.112665 0.0788261 0.0339816 
0.0957352 0.0864889 0.040317 
0.0649789 0.0828533 0.0557274 
0.0368277 0.0748859 0.0751218 
0.0190222 0.0670062 0.0932781 
0.0107927 0.0581157 0.101433 
0.0139086 0.0510717 0.0969169 
0.037937 0.0591011 0.0921183 
0.0891377 0.0947285 0.10473 
0.155123 0.150969 0.13593 
0.206614 0.199212 0.163335 
0.218544 0.210675 0.160531 
0.189048 0.179772 0.122507 
0.137409 0.125516 0.0691866 
0.0864083 0.0729232 0.0259469 
0.048731 0.0360264 0.00457625 
0.0262813 0.0156942 0.00151494 
0.0152416 0.00636767 0.00758979 
0.00948726 0.00195787 0.0160671 
0.00403572 0.000150047 0.0261871 
0.000346543 0.00655501 0.0451858 
0.00779757 0.0336138 0.0859107 
0.0366718 0.0904463 0.156158 
0.0888883 0.17217 0.247606 
0.156516 0.261693 0.338659 
0.227857 0.343109 0.411646 
0.292152 0.411446 0.466608 
0.339707 0.469288 0.517104 
0.363603 0.518293 0.57498 
0.365517 0.557831 0.641984 
0.35759 0.589715 0.71371 
0.354099 0.618928 0.785453 
0.360446 0.647758 0.851223 
0.371539 0.671067 0.89957 
0.378916 0.677839 0.913858 
0.375676 0.656026 0.878327 
0.356227 0.598141 0.787084 
0.319229 0.509103 0.653139 
0.275143 0.411986 0.510784 
0.244507 0.339038 0.401168 
0.238843 0.305954 0.343289 
0.242627 0.29292 0.315531 
0.223618 0.260142 0.274123 
0.168544 0.190573 0.198997 
0.105577 0.115301 0.120392 
0.083455 0.0884619 0.0920716 
0.125031 0.133221 0.134247 
0.203221 0.214955 0.20656 
0.263106 0.26965 0.241619 
0.265563 0.257217 0.204898 
0.211151 0.187702 0.120869 
0.130327 0.102534 0.0442251 
0.0588314 0.0380388 0.01076 
0.020861 0.00622923 0.0150637 
0.0248446 0.00080486 0.0275866 
0.0648288 0.0118463 0.0260989 
0.123693 0.0331664 0.0116657 
0.179699 0.0607049 0.00100384 
0.215555 0.0889283 0.00807969 
0.224783 0.110344 0.0320223 
0.211723 0.118396 0.0592223 
0.186968 0.11139 0.0754295 
0.162363 0.0944306 0.0768396 
0.147398 0.0770954 0.0712337 
0.146126 0.0673693 0.0692376 
0.154212 0.0656843 0.0742125 
0.158451 0.06398 0.079881 
0.142486 0.0520881 0.077678 
0.0991157 0.0287616 0.0677636 
0.0422327 0.00983393 0.0647143 
0.00653853 0.0248811 0.0920668 
0.0289889 0.099825 0.166921 
0.121464 0.23469 0.283557 
0.255886 0.393882 0.408689 
0.376724 0.520553 0.495517 
0.433868 0.568096 0.50991 
0.41103 0.526222 0.450488 
0.328989 0.422398 0.347201 
0.225488 0.300259 0.240544 
0.132123 0.195019 0.159754 
0.0653947 0.123721 0.116152 
0.0302531 0.0893093 0.109389 
0.0230484 0.0848001 0.131599 
0.0295952 0.0922327 0.163679 
0.0292294 0.0873104 0.176585 
0.0127495 0.058521 0.150198 
9.44632e-05 0.026324 0.0970889 
0.0320386 0.034828 0.0606028 
0.132734 0.111876 0.077641 
0.276825 0.233524 0.139643 
0.3994 0.334593 0.196408 
0.445163 0.361606 0.203937 
0.409586 0.316145 0.166207 
0.332389 0.244895 0.12548 
0.255619 0.190841 0.114429 
0.193401 0.159835 0.125427 
0.138985 0.132396 0.127574 
0.088675 0.0963824 0.10446 
0.0495886 0.0594293 0.0673838 
0.0276507 0.0339484 0.0361853 
0.0184427 0.0213488 0.0182271 
0.0135206 0.0145802 0.00879735 
0.00998114 0.00909725 0.00319075 
0.00916124 0.0053479 0.000867451 
0.00997203 0.0043243 0.00166087 
0.0101965 0.00771124 0.00624136 
0.0135174 0.0212717 0.0200828 
0.0276805 0.0497591 0.048551 
0.0517626 0.0848986 0.0843796 
0.0700512 0.105051 0.107198 
0.0654106 0.0951158 0.103967 
