0.982958 0.957142 0.747723 
0.573116 0.577213 0.451403 
0.246689 0.256689 0.198987 
0.0899602 0.073446 0.044341 
0.151288 0.06732 0.00963992 
0.418322 0.22572 0.0815726 
0.808187 0.482144 0.215073 
1.18757 0.737127 0.3497 
1.42346 0.897848 0.434422 
1.43904 0.915366 0.44634 
1.24113 0.798165 0.393343 
0.906316 0.598673 0.304136 
0.541324 0.385926 0.214431 
0.24234 0.21838 0.152448 
0.0674063 0.124247 0.125055 
0.0252608 0.0956537 0.114183 
0.081392 0.102437 0.0948039 
0.179383 0.119407 0.0658036 
0.268542 0.145985 0.0630652 
0.324993 0.201294 0.134184 
0.356963 0.301224 0.294076 
0.391974 0.439875 0.504365 
0.453283 0.590113 0.696996 
0.543915 0.721006 0.820598 
0.654434 0.820443 0.872224 
0.784758 0.907323 0.894473 
0.947377 1.01824 0.942947 
1.13918 1.17156 1.0456 
1.31705 1.34109 1.18284 
1.42004 1.47286 1.30665 
1.42484 1.53521 1.38505 
1.37502 1.55263 1.43232 
1.35482 1.59262 1.50103 
1.44157 1.72442 1.64824 
1.67254 1.97927 1.89827 
2.01693 2.31465 2.2069 
2.34848 2.59219 2.44116 
2.47241 2.61856 2.42118 
2.2467 2.27332 2.04306 
1.71438 1.63292 1.39479 
1.0954 0.945546 0.727511 
0.619516 0.448068 0.271982 
0.374135 0.207038 0.0765152 
0.322174 0.14707 0.0359074 
0.417546 0.196278 0.0542816 
0.631034 0.341881 0.128964 
0.871241 0.547823 0.274835 
0.982405 0.707945 0.441272 
0.896363 0.749831 0.564202 
0.741345 0.741386 0.660049 
0.7047 0.801109 0.780664 
0.784225 0.898906 0.872064 
0.769702 0.84528 0.778443 
0.519207 0.539692 0.455465 
0.176069 0.159968 0.115342 
0.0181207 0.000417572 0.0461509 
0.122186 0.130806 0.27815 
0.287657 0.317996 0.527198 
0.309577 0.318603 0.519971 
0.21338 0.154586 0.300323 
0.143431 0.0217187 0.132058 
0.118045 0.00364947 0.151676 
0.0560836 0.0228056 0.246803 
0.0449415 0.0791352 0.294575 
0.3921 0.365665 0.37701 
1.25203 1.00252 0.635101 
2.25469 1.71426 0.967464 
2.68837 1.95477 1.0439 
2.1578 1.45073 0.695831 
1.02545 0.56493 0.211548 
0.138338 0.0326336 0.133662 
0.116809 0.325621 0.749203 
0.913266 1.29255 1.8224 
1.9908 2.37806 2.82421 
2.82469 3.11137 3.37054 
3.22043 3.37739 3.4332 
3.26893 3.32507 3.21459 
3.13771 3.1382 2.91567 
2.94101 2.9155 2.62855 
2.7364 2.68965 2.36759 
2.55708 2.47541 2.12473 
2.41684 2.27865 1.88586 
2.30074 2.08685 1.63137 
2.17078 1.87561 1.34961 
1.98633 1.6282 1.0518 
1.72405 1.34765 0.768347 
1.39065 1.05644 0.532391 
1.02725 0.790338 0.368421 
0.699488 0.587981 0.288943 
0.469805 0.473099 0.289209 
0.363976 0.436597 0.339314 
0.35603 0.435371 0.38803 
0.386163 0.415991 0.387254 
0.399423 0.348033 0.321829 
0.375645 0.239955 0.216883 
0.332137 0.12703 0.114649 
0.307656 0.0495124 0.0462849 
0.34832 0.0457069 0.0302502 
0.501462 0.159507 0.0950377 
0.804922 0.43688 0.288781 
1.26372 0.895133 0.647255 
1.82813 1.48446 1.13968 
2.39746 2.08086 1.64509 
2.85759 2.52865 1.99239 
3.13359 2.71102 2.04519 
3.22434 2.60537 1.77775 
3.19368 2.29069 1.29631 
3.11885 1.90441 0.795203 
3.03036 1.57508 0.470911 
2.89302 1.37065 0.436216 
2.64961 1.28859 0.674843 
2.29017 1.28236 1.05811 
1.87862 1.29566 1.41506 
1.50775 1.28231 1.61924 
1.22713 1.21229 1.64139 
1.01474 1.07256 1.53246 
0.813869 0.865105 1.35001 
0.593759 0.604722 1.09808 
0.382552 0.328092 0.75153 
0.255341 0.112043 0.350892 
0.287104 0.0642516 0.0526876 
0.489677 0.253168 0.0377303 
0.77054 0.618478 0.337371 
0.964515 0.96839 0.767259 
0.943921 1.11046 1.07355 
0.722118 1.00863 1.15635 
0.441428 0.798632 1.12492 
0.245048 0.636565 1.12383 
0.164097 0.549428 1.14314 
0.134159 0.453028 1.04376 
0.0985189 0.293549 0.755787 
0.0605061 0.122221 0.390955 
0.0402707 0.0204589 0.130639 
0.0335207 0.00110464 0.0435314 
0.0509615 0.0288369 0.0614055 
0.166724 0.11324 0.113278 
0.459279 0.313814 0.213826 
0.881177 0.629467 0.394887 
1.23279 0.932625 0.605823 
1.31791 1.06863 0.745821 
1.12845 1.0164 0.788136 
0.84848 0.9091 0.81602 
0.672831 0.88477 0.912148 
0.644608 0.946854 1.04667 
0.671182 0.989586 1.10804 
0.65863 0.931824 1.02893 
0.593824 0.789694 0.846835 
0.509974 0.626163 0.642658 
0.421641 0.47275 0.457007 
0.32083 0.323938 0.28715 
0.218511 0.18707 0.142514 
0.157615 0.103659 0.0671877 
0.174434 0.112278 0.0989047 
0.256527 0.202902 0.221073 
0.345955 0.316416 0.365557 
0.382478 0.386167 0.458985 
0.344142 0.379415 0.465058 
0.253999 0.308152 0.393568 
0.155731 0.210927 0.282679 
0.0827308 0.125342 0.174117 
0.0436525 0.0699505 0.0945265 
0.0310399 0.0444369 0.0494864 
0.0410294 0.0441308 0.032221 
0.0834973 0.0737542 0.0399339 
0.17053 0.145037 0.0820454 
0.292763 0.258444 0.1703 
0.409583 0.38869 0.300256 
0.470327 0.494141 0.445372 
0.451921 0.545339 0.571645 
0.376272 0.543845 0.656558 
0.288326 0.511122 0.692456 
0.217824 0.461942 0.676688 
0.16441 0.394214 0.607578 
0.115308 0.303807 0.492716 
0.067271 0.200768 0.354483 
0.02791 0.106016 0.220928 
0.0046807 0.0371255 0.112298 
0.00199583 0.0029843 0.0386097 
0.0254548 0.0074544 0.00475857 
0.0775112 0.0482047 0.00990679 
0.146074 0.111347 0.0439029 
0.205914 0.177158 0.0952631 
0.238228 0.237367 0.167425 
0.24625 0.301803 0.278931 
0.247195 0.381063 0.43773 
0.251064 0.463997 0.615541 
0.251869 0.518258 0.754273 
0.237978 0.514666 0.801661 
0.204955 0.449101 0.742525 
0.156489 0.341892 0.601074 
0.0982038 0.220982 0.420501 
0.0385174 0.109075 0.241699 
0.00130793 0.0270568 0.0961202 
0.0385558 0.00871012 0.0138052 
0.222119 0.107527 0.0345902 
0.6028 0.375208 0.20198 
1.15313 0.812548 0.528656 
1.73856 1.32784 0.954459 
2.15733 1.75061 1.34257 
2.24107 1.91251 1.5391 
1.95305 1.74628 1.46329 
1.41187 1.32766 1.15801 
0.821722 0.826629 0.758521 
0.361156 0.407914 0.407793 
0.108383 0.155956 0.186858 
0.0405582 0.0666216 0.1029 
0.0820293 0.0855932 0.118782 
0.152423 0.147637 0.182666 
0.192524 0.196999 0.242218 
0.177284 0.20056 0.257955 
0.121391 0.159787 0.221607 
0.0654228 0.10619 0.159681 
0.0433676 0.0746807 0.110168 
0.06213 0.0813938 0.0965775 
0.114792 0.130252 0.12865 
0.20069 0.227778 0.21641 
0.31185 0.368367 0.359651 
0.402884 0.50382 0.518225 
0.408383 0.558599 0.619303 
0.318092 0.505123 0.62338 
0.221904 0.416588 0.579749 
0.242804 0.41211 0.587856 
0.40873 0.533493 0.689091 
0.608146 0.691648 0.811799 
0.690996 0.75192 0.840873 
0.608168 0.665768 0.73602 
0.439861 0.504398 0.565914 
0.297203 0.370256 0.428884 
0.21992 0.298593 0.359389 
0.173189 0.251461 0.318484 
0.117398 0.185141 0.256789 
0.0553862 0.100028 0.166473 
0.0171041 0.029159 0.0762103 
0.0234029 0.00124873 0.0173134 
0.0750175 0.0247104 0.00502148 
0.160203 0.0921083 0.0394182 
0.25328 0.18048 0.105653 
0.309424 0.24837 0.171193 
0.284987 0.252661 0.197608 
0.18075 0.184414 0.168281 
0.0593544 0.0853116 0.104161 
0.000996348 0.0156592 0.044977 
0.0316066 0.000653201 0.0137778 
0.100101 0.0140972 0.00593042 
0.134003 0.0193272 0.0140241 
0.114418 0.0182732 0.0519595 
0.0883657 0.0480348 0.139703 
0.10954 0.128894 0.263001 
0.179276 0.228872 0.362735 
0.25078 0.289256 0.378526 
0.279333 0.279425 0.303195 
