0.731382 0.430175 0.303967 
0.79 0.364409 0.171142 
0.85872 0.322488 0.0751486 
0.899506 0.286677 0.0202356 
0.870147 0.233344 0.0019308 
0.75038 0.153137 0.0192984 
0.559582 0.0639877 0.0826373 
0.354774 0.00829455 0.210944 
0.208019 0.034249 0.419606 
0.173673 0.170201 0.704786 
0.261965 0.405315 1.03357 
0.432634 0.687211 1.3467 
0.612325 0.938997 1.57472 
0.727358 1.08843 1.66131 
0.735701 1.09568 1.58362 
0.642531 0.966806 1.36028 
0.492469 0.747344 1.04349 
0.343756 0.50049 0.699968 
0.238986 0.282021 0.390478 
0.188222 0.124753 0.157812 
0.172743 0.0386836 0.0267429 
0.165459 0.0229374 0.0114427 
0.154299 0.0785398 0.12118 
0.153615 0.211587 0.357373 
0.196575 0.424205 0.702906 
0.313758 0.700488 1.11247 
0.511776 0.999305 1.51436 
0.765254 1.26197 1.82792 
1.0265 1.43269 1.99018 
1.246 1.48071 1.9783 
1.39112 1.41146 1.81565 
1.45311 1.26074 1.55891 
1.44166 1.07672 1.27414 
1.37344 0.900474 1.01464 
1.26328 0.754845 0.809951 
1.12189 0.64407 0.666827 
0.958011 0.559983 0.576174 
0.780742 0.488771 0.519766 
0.599563 0.415628 0.474763 
0.423486 0.328765 0.418454 
0.262037 0.224912 0.33573 
0.128421 0.115353 0.227776 
0.0417442 0.0280373 0.116669 
0.0243634 0.00153549 0.0409188 
0.0935352 0.0711639 0.0419741 
0.251262 0.253188 0.147499 
0.47852 0.535164 0.359568 
0.737918 0.877385 0.65305 
0.983783 1.22428 0.983754 
1.17451 1.51977 1.30129 
1.28145 1.71978 1.56063 
1.29175 1.79824 1.72875 
1.20612 1.74697 1.7861 
1.03538 1.57281 1.7253 
0.799022 1.29553 1.55048 
0.527188 0.948577 1.27924 
0.264678 0.581851 0.947102 
0.0732078 0.262881 0.610706 
0.0267874 0.0711795 0.343876 
0.196569 0.0819878 0.222214 
0.626182 0.340973 0.297722 
1.3054 0.838661 0.572917 
2.15499 1.49802 0.988473 
3.03445 2.18601 1.43491 
3.77545 2.74973 1.78746 
4.23097 3.06439 1.95008 
4.32053 3.07297 1.88829 
4.05225 2.79985 1.63573 
3.51289 2.33381 1.27308 
2.83246 1.79045 0.892133 
2.14027 1.27266 0.563471 
1.53114 0.845476 0.320944 
1.05187 0.531331 0.164882 
0.70703 0.321128 0.0763434 
0.475372 0.190812 0.0319192 
0.326718 0.1147 0.0124794 
0.233224 0.0721591 0.00531476 
0.174045 0.0489673 0.00288847 
0.135601 0.0363886 0.00141676 
0.110079 0.0299651 0.00031079 
0.0936448 0.028373 0.00168234 
0.0848471 0.0319736 0.00893863 
0.0834268 0.0411283 0.0245288 
0.0898909 0.0550192 0.0479183 
0.106005 0.0717469 0.0750178 
0.135592 0.0896851 0.0995561 
0.184241 0.109024 0.11579 
0.256633 0.13198 0.121108 
0.351608 0.160818 0.117001 
0.457261 0.194419 0.107719 
0.549789 0.225705 0.097395 
0.598977 0.242465 0.0875544 
0.579855 0.232501 0.0768839 
0.48585 0.191075 0.0635706 
0.336399 0.126382 0.0485105 
0.173664 0.0590336 0.036726 
0.0482825 0.0146128 0.0354081 
0.000172645 0.0125602 0.0494688 
0.0433353 0.0571442 0.0775109 
0.161609 0.135284 0.111094 
0.316543 0.222157 0.138062 
0.46266 0.291349 0.148091 
0.562761 0.324437 0.137325 
0.59744 0.316044 0.109787 
0.566917 0.273331 0.0752197 
0.486818 0.211476 0.0447614 
0.380948 0.147654 0.0265274 
0.273776 0.0956864 0.0228274 
0.184324 0.0627384 0.0300113 
0.122585 0.0487535 0.041017 
0.0891194 0.0485775 0.0495819 
0.0777104 0.0557304 0.054005 
0.079758 0.0658979 0.0581488 
0.0882786 0.0782984 0.0687594 
0.0997123 0.0944875 0.0907638 
0.11323 0.116063 0.124162 
0.128855 0.143572 0.165515 
0.146238 0.177786 0.213605 
0.165044 0.2221 0.274875 
0.186258 0.283177 0.363104 
0.212802 0.367701 0.491062 
0.248183 0.476037 0.657925 
0.293409 0.596602 0.840624 
0.343907 0.705382 0.996401 
0.388658 0.772522 1.0776 
0.41289 0.773709 1.05206 
0.403791 0.700954 0.91834 
0.356822 0.567258 0.707832 
0.279356 0.40265 0.472492 
0.189159 0.243277 0.264876 
0.10763 0.118458 0.120182 
0.0507094 0.0414098 0.0480117 
0.0222296 0.00759025 0.0360591 
0.0137965 0.00116191 0.062232 
0.0118439 0.00632053 0.108474 
0.00799869 0.0176409 0.169499 
0.00622437 0.0436129 0.252367 
0.021554 0.100716 0.367228 
0.0703308 0.200693 0.514217 
0.157714 0.338342 0.674317 
0.270726 0.487992 0.810995 
0.38213 0.612369 0.883992 
0.463463 0.679957 0.869112 
0.499277 0.680853 0.772791 
0.493469 0.631098 0.631662 
0.463779 0.562242 0.49555 
0.428519 0.502357 0.402698 
0.39483 0.460514 0.361523 
0.356439 0.424503 0.349796 
0.301959 0.372843 0.331475 
0.227274 0.292648 0.28053 
0.142902 0.191437 0.197278 
0.0710611 0.0955385 0.108196 
0.0345042 0.0368446 0.050978 
0.0446369 0.0368704 0.0550998 
0.0963148 0.0977328 0.12935 
0.171795 0.204154 0.261731 
0.25044 0.333399 0.428949 
0.317998 0.466043 0.607861 
0.370746 0.591564 0.782058 
0.413623 0.707089 0.941457 
0.454708 0.811855 1.07754 
0.499409 0.901654 1.17893 
0.546827 0.966592 1.23084 
0.589321 0.993222 1.21919 
0.615117 0.9699 1.1373 
0.61292 0.892727 0.991422 
0.576691 0.769112 0.801954 
0.508503 0.616868 0.598656 
0.418072 0.458901 0.411627 
0.319302 0.315889 0.262002 
0.225806 0.200597 0.156883 
0.147651 0.116407 0.0906877 
0.0902917 0.0599824 0.0514429 
0.0549667 0.0255123 0.027876 
0.0391963 0.00755595 0.0133209 
0.0370087 0.00139146 0.00527414 
0.0398382 0.002152 0.00258618 
0.0391711 0.00487223 0.00339515 
0.0304775 0.00619951 0.00539352 
0.0161256 0.00636977 0.00747603 
0.00474768 0.00923357 0.0105701 
0.00657933 0.0195318 0.0164872 
0.027225 0.0390804 0.0258437 
0.0637708 0.0648367 0.0373581 
0.105864 0.0907219 0.0499018 
0.141165 0.112299 0.0662363 
0.161772 0.131078 0.0953913 
0.167733 0.155085 0.15079 
0.165764 0.194599 0.243645 
0.164274 0.25504 0.374378 
0.167886 0.331128 0.52687 
0.174687 0.406088 0.669753 
0.177718 0.457226 0.765779 
0.169648 0.465618 0.785921 
0.147725 0.425062 0.721719 
0.115831 0.345376 0.589493 
0.0822792 0.247984 0.423876 
0.0548412 0.156173 0.263789 
0.0365137 0.0855633 0.138109 
0.0251544 0.0400852 0.0580955 
0.0171362 0.0148912 0.0191883 
0.0118106 0.00296546 0.00912266 
0.0126322 0.000154007 0.0163186 
0.0234988 0.00550721 0.0340438 
0.0432582 0.0182761 0.0600511 
0.0636344 0.0357151 0.0945318 
0.0735434 0.054505 0.13889 
0.0673186 0.0743909 0.195086 
0.0502876 0.0996182 0.263516 
0.0363498 0.135163 0.338828 
0.0383146 0.179736 0.406583 
0.0579694 0.221639 0.445309 
0.0837678 0.242527 0.43566 
0.098452 0.228139 0.372506 
0.091132 0.178828 0.27177 
0.0647235 0.111701 0.165772 
0.0332621 0.0518967 0.088285 
0.0115532 0.0185441 0.058018 
0.00537859 0.0150438 0.0708761 
0.00949312 0.0299834 0.105499 
0.013993 0.0470296 0.137551 
0.0130274 0.0558475 0.152805 
0.008607 0.0562805 0.151049 
0.00703476 0.0540789 0.14026 
0.0118722 0.0531718 0.127338 
0.019973 0.0515082 0.112984 
0.0240757 0.0437067 0.0937777 
0.0196587 0.0277192 0.0683746 
0.0101462 0.0094403 0.041889 
0.00592368 0.00102527 0.0246008 
0.0175656 0.0137478 0.0259461 
0.0481333 0.0503857 0.0482718 
0.0900354 0.102384 0.0847022 
0.128617 0.153636 0.12235 
0.15009 0.188418 0.148631 
0.148834 0.198761 0.156961 
0.12993 0.18741 0.149027 
0.105965 0.165378 0.133091 
0.0903952 0.146002 0.11963 
0.0912336 0.138709 0.116472 
0.108055 0.145269 0.125321 
0.133173 0.159725 0.140867 
0.155712 0.17152 0.152796 
0.166251 0.170218 0.150146 
0.159984 0.149961 0.126654 
0.137556 0.112172 0.0851009 
0.103981 0.0657443 0.038663 
0.0666607 0.0246626 0.00800353 
0.033352 0.00365366 0.0143794 
0.0103991 0.0130495 0.0709119 
