0.0108483 0.00897833 0.00625142 
0.0152063 0.0299521 0.0653011 
0.019074 0.0481526 0.132229 
0.0512578 0.0518486 0.134559 
0.163749 0.0935173 0.107273 
0.380055 0.244685 0.164157 
0.656671 0.517651 0.381409 
0.902479 0.837996 0.717132 
1.03901 1.09247 1.03815 
1.05062 1.20724 1.21979 
0.991747 1.19569 1.23236 
0.948791 1.14187 1.14941 
0.97394 1.12608 1.07298 
1.03236 1.14668 1.03706 
1.01751 1.11333 0.979433 
0.844393 0.935738 0.817307 
0.54231 0.627867 0.551677 
0.243267 0.31149 0.281648 
0.0643147 0.105511 0.107728 
0.00904321 0.0248124 0.040281 
0.00115443 0.00705077 0.0264834 
0.00789866 0.028312 0.0547346 
0.100981 0.154553 0.18783 
0.379181 0.457367 0.467638 
0.844869 0.898159 0.812406 
1.37527 1.3268 1.05336 
1.80829 1.59757 1.08597 
2.03689 1.66635 0.962338 
2.02735 1.5721 0.818192 
1.79002 1.35683 0.725712 
1.37475 1.03895 0.641936 
0.891503 0.660044 0.495254 
0.491445 0.316655 0.289872 
0.284661 0.111076 0.106061 
0.263323 0.0680088 0.0124845 
0.314915 0.115348 0.00381076 
0.321925 0.15517 0.0281618 
0.256038 0.150863 0.0568761 
0.184407 0.145025 0.111454 
0.193636 0.200741 0.225224 
0.306347 0.331067 0.39067 
0.457378 0.479485 0.548615 
0.539051 0.559039 0.6252 
0.477458 0.512797 0.580469 
0.290214 0.353392 0.432389 
0.0894017 0.159676 0.245449 
0.0189272 0.0315369 0.0941814 
0.15406 0.0255087 0.0216197 
0.430315 0.112613 0.0169124 
0.669634 0.197474 0.0313367 
0.705451 0.19617 0.0271429 
0.514415 0.112123 0.0195444 
0.236729 0.0361027 0.0666348 
0.058781 0.0614269 0.207567 
0.0638059 0.193867 0.408538 
0.187739 0.347655 0.578263 
0.306639 0.429251 0.643278 
0.350085 0.416387 0.604685 
0.32896 0.352615 0.517543 
0.280104 0.281117 0.424434 
0.217333 0.206413 0.325728 
0.141302 0.122119 0.216041 
0.0701249 0.0511089 0.127889 
0.0362833 0.0351331 0.115177 
0.0619028 0.0907924 0.192437 
0.164619 0.203329 0.3124 
0.396608 0.380865 0.425609 
0.851404 0.701159 0.56382 
1.59028 1.26977 0.844385 
2.53463 2.0992 1.36342 
3.43333 3.01704 2.06389 
3.96609 3.70899 2.7099 
3.92588 3.89238 3.01662 
3.34701 3.49547 2.84244 
2.48084 2.70059 2.2827 
1.64016 1.8186 1.58699 
1.03206 1.10205 0.982753 
0.692033 0.642257 0.564413 
0.534154 0.399321 0.319705 
0.442865 0.290657 0.216548 
0.334789 0.243221 0.234111 
0.185057 0.198086 0.324116 
0.0440033 0.12091 0.391064 
0.031359 0.0354763 0.350449 
0.263049 0.0245782 0.208004 
0.723867 0.155328 0.0601176 
1.2051 0.391117 0.00861388 
1.43265 0.613394 0.0943754 
1.3449 0.779581 0.33306 
1.27332 1.06334 0.794219 
1.77917 1.77467 1.57908 
3.18991 3.05387 2.65726 
5.2177 4.60929 3.72663 
7.05207 5.8068 4.31208 
7.90756 6.10685 4.10034 
7.55725 5.47218 3.22188 
6.3828 4.35633 2.1785 
4.95409 3.28988 1.44756 
3.60001 2.48306 1.13193 
2.36221 1.8129 0.982362 
1.2519 1.12875 0.730039 
0.423031 0.492075 0.3627 
0.0561112 0.104348 0.0836491 
0.13376 0.0584335 0.0539679 
0.402817 0.218047 0.217562 
0.572057 0.341706 0.367726 
0.532635 0.2956 0.347578 
0.399915 0.145755 0.178379 
0.381216 0.0776824 0.0247412 
0.613575 0.245926 0.061431 
1.08541 0.673448 0.357591 
1.65666 1.24643 0.844548 
2.13564 1.78035 1.3616 
2.36527 2.10607 1.73459 
2.28156 2.13211 1.84351 
1.92396 1.86455 1.65967 
1.40395 1.3923 1.25129 
0.857588 0.852775 0.757485 
0.405336 0.388066 0.331893 
0.127581 0.100443 0.0770561 
0.0518898 0.0217566 0.00756784 
0.146381 0.107922 0.0626883 
0.321774 0.258275 0.150249 
0.456784 0.355743 0.190081 
0.457204 0.324234 0.146253 
0.325465 0.183857 0.0504986 
0.182991 0.0604956 0.00137667 
0.204165 0.117906 0.114628 
0.493087 0.442174 0.438036 
0.99484 0.963632 0.894375 
1.51394 1.48301 1.30937 
1.82815 1.78622 1.51215 
1.8152 1.76482 1.43416 
1.50947 1.46319 1.1384 
1.06228 1.03367 0.769008 
0.643298 0.64003 0.464327 
0.351547 0.374548 0.290232 
0.189772 0.235313 0.228506 
0.105098 0.165439 0.21594 
0.0502402 0.1126 0.197737 
0.0133006 0.0608343 0.156035 
0.00370809 0.0206506 0.102655 
0.0239129 0.00220608 0.0561123 
0.059456 0.0017926 0.0269436 
0.0906884 0.00758368 0.0165147 
0.1069 0.0104934 0.0207486 
0.108385 0.00836377 0.0334561 
0.0990138 0.00369975 0.0502527 
0.0800211 0.000250611 0.0721788 
0.0517219 0.00192499 0.105493 
0.020807 0.0143045 0.157553 
0.00288817 0.0443175 0.230902 
0.0108688 0.091498 0.314609 
0.0359685 0.134814 0.37535 
0.0468108 0.136298 0.364206 
0.0233303 0.077763 0.254607 
0.000828715 0.00739162 0.0925862 
0.0694891 0.03919 0.00353168 
0.305714 0.276078 0.118854 
0.686352 0.707616 0.464815 
1.07258 1.18024 0.913614 
1.29394 1.48462 1.25572 
1.26517 1.4948 1.34111 
1.03475 1.24244 1.17096 
0.730647 0.872553 0.871676 
0.464088 0.535186 0.59235 
0.276644 0.309498 0.421381 
0.157709 0.203516 0.374343 
0.0915495 0.196535 0.428979 
0.0818492 0.269527 0.555711 
0.1404 0.404329 0.722622 
0.262572 0.570529 0.890357 
0.414703 0.722865 1.01581 
0.540725 0.812854 1.06469 
0.582719 0.805332 1.02191 
0.508356 0.692422 0.894286 
0.336847 0.502721 0.708954 
0.147735 0.301543 0.510776 
0.05363 0.172929 0.354899 
0.135407 0.179483 0.287904 
0.376338 0.318109 0.321326 
0.656802 0.51105 0.418665 
0.83887 0.658501 0.51845 
0.884256 0.722734 0.585451 
0.89092 0.76373 0.64267 
0.990109 0.873604 0.740433 
1.18971 1.05999 0.882173 
1.33036 1.20183 0.98701 
1.22302 1.14366 0.945382 
0.842498 0.847211 0.723998 
0.376282 0.444884 0.411497 
0.0709333 0.134635 0.151478 
0.0290034 0.0214238 0.0292958 
0.1528 0.0593791 0.0247915 
0.267133 0.131632 0.0640181 
0.275461 0.163981 0.0978554 
0.202321 0.159605 0.125028 
0.12021 0.150941 0.157435 
0.0686076 0.148869 0.188293 
0.0424869 0.143556 0.201066 
0.0294032 0.134245 0.196118 
0.0331507 0.138618 0.194362 
0.062516 0.172179 0.214195 
0.112535 0.228585 0.252248 
0.164751 0.284374 0.288923 
0.201061 0.317882 0.307254 
0.211705 0.31953 0.302079 
0.193158 0.288473 0.274625 
0.14745 0.228901 0.226769 
0.0889388 0.154901 0.165832 
0.0488411 0.0961007 0.113406 
0.0646816 0.0907885 0.10395 
0.155832 0.164787 0.168051 
0.302055 0.30894 0.309142 
0.444708 0.472794 0.489319 
0.517216 0.584987 0.638331 
0.488849 0.594039 0.688743 
0.388292 0.50318 0.618898 
0.282091 0.368257 0.46912 
0.222244 0.255427 0.312039 
0.212192 0.196138 0.201472 
0.224296 0.181885 0.14801 
0.242813 0.19517 0.137651 
0.276087 0.2308 0.158918 
0.325401 0.281738 0.202123 
0.360341 0.319737 0.243228 
0.342631 0.310517 0.250067 
0.270175 0.249753 0.211546 
0.181947 0.170262 0.149571 
0.119417 0.109793 0.0954692 
0.0991818 0.0843665 0.0645169 
0.126048 0.0978494 0.0608736 
0.208289 0.157452 0.0925016 
0.335939 0.256514 0.158887 
0.452545 0.347558 0.22537 
0.479693 0.3617 0.235241 
0.387171 0.273023 0.165634 
0.230241 0.13513 0.0637598 
0.10392 0.0382189 0.0107984 
0.0595831 0.0277733 0.0461126 
0.0703092 0.0710726 0.1336 
0.0735863 0.101738 0.203147 
0.0404077 0.0896963 0.21842 
0.00370026 0.0670807 0.202861 
0.0261405 0.0928246 0.207402 
0.140649 0.194939 0.259036 
0.314422 0.341487 0.337678 
0.46508 0.461275 0.395823 
0.515256 0.493768 0.397912 
0.442297 0.427143 0.344096 
0.287853 0.298785 0.262659 
