1.25205 0.952567 0.612301 
2.00493 1.45115 0.830502 
2.69078 1.89858 1.0373 
3.01883 2.07429 1.09358 
2.83622 1.87152 0.938822 
2.19293 1.34949 0.629512 
1.31844 0.71068 0.320061 
0.521853 0.21445 0.195881 
0.0629424 0.0681925 0.391502 
0.0522904 0.345117 0.931672 
0.421368 0.961808 1.71957 
0.968344 1.71912 2.57298 
1.45168 2.38259 3.28886 
1.68674 2.76565 3.70846 
1.60601 2.78403 3.7596 
1.26509 2.4665 3.4657 
0.801581 1.92651 2.92468 
0.371604 1.31269 2.2702 
0.0924215 0.759305 1.63061 
0.0114928 0.3533 1.09833 
0.107967 0.124957 0.717357 
0.31894 0.0596228 0.489236 
0.574895 0.121189 0.392245 
0.828217 0.275501 0.40388 
1.06452 0.503974 0.516357 
1.29534 0.803137 0.738237 
1.53904 1.17267 1.08201 
1.80095 1.59983 1.5446 
2.06299 2.04968 2.09184 
2.28725 2.46738 2.65624 
2.43088 2.79231 3.15118 
2.46426 2.9777 3.49584 
2.38343 3.0063 3.64 
2.21141 2.89499 3.57786 
1.98919 2.68697 3.34587 
1.76184 2.43625 3.00749 
1.56635 2.19197 2.63289 
1.4252 1.98838 2.28231 
1.34536 1.84209 1.99708 
1.32031 1.75428 1.79802 
1.33294 1.71476 1.68786 
1.35942 1.7063 1.65487 
1.37549 1.70937 1.67715 
1.36454 1.70748 1.72744 
1.32418 1.69127 1.77789 
1.26623 1.65827 1.80295 
1.20795 1.60727 1.77933 
1.15846 1.53063 1.68523 
1.10953 1.41158 1.50317 
1.03892 1.23214 1.22965 
0.92712 0.990423 0.888637 
0.778134 0.717126 0.53979 
0.630028 0.477978 0.270678 
0.545501 0.355106 0.169777 
0.584852 0.41304 0.289491 
0.775414 0.666471 0.61788 
1.09458 1.06804 1.0763 
1.47561 1.52386 1.54698 
1.83204 1.92856 1.91761 
2.08676 2.20128 2.12015 
2.19215 2.30562 2.1457 
2.13557 2.24812 2.03235 
1.93419 2.06265 1.83795 
1.62627 1.7933 1.61542 
1.26288 1.48379 1.4012 
0.899058 1.17297 1.21547 
0.582436 0.891395 1.06561 
0.341387 0.656244 0.946647 
0.179132 0.467877 0.840214 
0.079578 0.313653 0.718851 
0.0235082 0.18051 0.559717 
0.00556517 0.0700864 0.362959 
0.0404409 0.00609306 0.163226 
0.153531 0.0274179 0.0243925 
0.362355 0.169873 0.0171341 
0.661666 0.447183 0.189614 
1.02202 0.841824 0.545557 
1.40117 1.30897 1.03908 
1.75841 1.78839 1.58624 
2.06158 2.21618 2.08631 
2.28405 2.53252 2.44482 
2.39896 2.68749 2.59348 
2.38022 2.64962 2.50527 
2.21355 2.41724 2.20214 
1.91092 2.02655 1.7519 
1.51653 1.54827 1.25153 
1.09715 1.06959 0.799705 
0.720175 0.667702 0.468083 
0.431575 0.387569 0.283417 
0.245783 0.234778 0.228541 
0.15165 0.185646 0.260447 
0.128111 0.206783 0.334903 
0.158261 0.272015 0.424521 
0.233513 0.368055 0.522299 
0.347544 0.488589 0.631802 
0.486745 0.623603 0.752411 
0.625522 0.752675 0.86967 
0.730802 0.847323 0.956519 
0.77379 0.881256 0.984365 
0.742462 0.842554 0.937436 
0.647746 0.740705 0.822294 
0.519796 0.604252 0.667144 
0.395874 0.469789 0.510969 
0.305654 0.367564 0.387814 
0.260921 0.310673 0.314019 
0.254138 0.292822 0.284495 
0.265601 0.294983 0.279135 
0.274492 0.296592 0.275067 
0.267828 0.285121 0.25789 
0.243566 0.259776 0.226667 
0.208249 0.229184 0.19185 
0.172468 0.206125 0.169116 
0.147215 0.20268 0.172962 
0.141785 0.227003 0.211976 
0.161871 0.280909 0.285486 
0.206911 0.357546 0.381153 
0.268022 0.440464 0.474917 
0.329462 0.506775 0.536101 
0.375064 0.535653 0.538862 
0.397253 0.519421 0.47668 
0.40304 0.470989 0.372294 
0.412009 0.421702 0.275401 
0.446024 0.408527 0.245742 
0.516038 0.456025 0.327456 
0.613807 0.562414 0.526528 
0.713669 0.697451 0.802937 
0.78366 0.81376 1.08243 
0.800005 0.866319 1.28336 
0.75763 0.830924 1.3468 
0.671984 0.713378 1.25701 
0.571983 0.545856 1.04392 
0.487715 0.37275 0.768155 
0.438291 0.232734 0.496176 
0.424779 0.145047 0.277263 
0.43113 0.105702 0.131551 
0.432762 0.0944524 0.0522661 
0.408975 0.0880641 0.0180994 
0.353121 0.0724802 0.0074443 
0.275163 0.0476006 0.00708311 
0.195269 0.0231648 0.01274 
0.132299 0.00971456 0.0243888 
0.0942391 0.0112146 0.0416446 
0.0762087 0.0239508 0.0627881 
0.0665584 0.0413376 0.0868978 
0.0562254 0.0600271 0.115691 
0.0447755 0.082284 0.152232 
0.0395073 0.113025 0.196892 
0.0491874 0.154291 0.243898 
0.0774756 0.201781 0.281878 
0.120567 0.246208 0.298871 
0.169924 0.278402 0.288836 
0.217305 0.294374 0.255394 
0.258247 0.296925 0.210399 
0.292011 0.293059 0.168362 
0.318872 0.28931 0.140125 
0.337283 0.288021 0.12914 
0.343073 0.286574 0.131648 
0.331254 0.279595 0.139854 
0.299393 0.262725 0.146074 
0.250806 0.236137 0.146106 
0.195897 0.206237 0.140825 
0.150589 0.184653 0.135688 
0.131809 0.184462 0.138334 
0.151353 0.214803 0.154989 
0.210549 0.276046 0.187044 
0.298339 0.357906 0.22936 
0.394075 0.441762 0.271322 
0.474109 0.506491 0.300386 
0.519345 0.53534 0.306654 
0.520604 0.521009 0.286567 
0.479963 0.467082 0.244209 
0.408268 0.38574 0.189734 
0.320509 0.293032 0.135505 
0.231119 0.203692 0.091386 
0.150775 0.127414 0.0611879 
0.0855892 0.0680254 0.0421871 
0.0388254 0.0259864 0.0285458 
0.0142312 0.00307338 0.0173672 
0.0189706 0.00642669 0.0139799 
0.0635816 0.0486277 0.0324293 
0.157469 0.142058 0.0891854 
0.30116 0.289281 0.192161 
0.479482 0.474624 0.330914 
0.660742 0.662942 0.474644 
0.804518 0.808535 0.581108 
0.875842 0.871571 0.613542 
0.859247 0.834519 0.557571 
0.765318 0.710169 0.429231 
0.625977 0.53673 0.269394 
0.480663 0.362086 0.126851 
0.360373 0.224864 0.0381921 
0.27738 0.141293 0.0141259 
0.225038 0.103505 0.038396 
0.186596 0.0888702 0.0789019 
0.147535 0.0746132 0.104708 
0.104779 0.0499944 0.100268 
0.0684104 0.020415 0.0704314 
0.0557434 0.00246307 0.0350517 
0.0813723 0.0135321 0.0173282 
0.148432 0.061866 0.0324568 
0.245235 0.141853 0.0818452 
0.34852 0.23607 0.154279 
0.431414 0.322068 0.231674 
0.472381 0.380126 0.295607 
0.461622 0.398761 0.331985 
0.403085 0.376818 0.33353 
0.312303 0.322724 0.301033 
0.21151 0.252049 0.243916 
0.123701 0.183939 0.179214 
0.0669256 0.1365 0.127635 
0.049802 0.121577 0.10677 
0.0692965 0.140491 0.12386 
0.111749 0.1829 0.171979 
0.157395 0.230145 0.232306 
0.187251 0.262322 0.281933 
0.189851 0.266055 0.303434 
0.165011 0.239362 0.291347 
0.122916 0.191364 0.252651 
0.0790053 0.137307 0.201766 
0.0471086 0.0916435 0.153345 
0.0340475 0.0626097 0.116676 
0.0380616 0.0505176 0.0939103 
0.0514353 0.0499352 0.0819356 
0.0656333 0.0540423 0.0760286 
0.0760798 0.0586681 0.0730729 
0.0839941 0.0639562 0.0728442 
0.0943251 0.0729583 0.0770515 
0.11105 0.0881277 0.0869335 
0.132781 0.107933 0.100938 
0.1517 0.125943 0.114084 
0.157095 0.133495 0.119842 
0.141899 0.124855 0.11388 
0.108463 0.101935 0.0976062 
0.0696854 0.0753006 0.0790184 
0.0439892 0.0600558 0.0695996 
0.0463003 0.0682208 0.0784089 
0.0797837 0.101704 0.106604 
0.133094 0.150102 0.145908 
0.185009 0.195085 0.18249 
0.214246 0.219329 0.204418 
0.209366 0.215183 0.20838 
0.173649 0.188213 0.20145 
0.122619 0.153639 0.196496 
0.0758916 0.127744 0.203754 
0.0479213 0.119229 0.223692 
0.0424871 0.125484 0.245795 
0.0534083 0.135767 0.254492 
0.0703967 0.139221 0.239028 
0.0862201 0.132766 0.20146 
0.100913 0.12403 0.157742 
0.120758 0.127395 0.13072 
