0.0355194 0.12017 0.180367 
0.0891135 0.17731 0.252273 
0.164597 0.297778 0.408397 
0.263947 0.500909 0.677468 
0.395325 0.789339 1.05605 
0.544943 1.11019 1.46764 
0.670216 1.35226 1.76532 
0.729839 1.4015 1.80076 
0.724319 1.2213 1.52237 
0.705133 0.891545 1.02551 
0.740377 0.568769 0.506276 
0.866478 0.394272 0.146887 
1.06587 0.418324 0.0181679 
1.28393 0.591618 0.068523 
1.46604 0.819746 0.196356 
1.58635 1.03193 0.338258 
1.65299 1.21404 0.502774 
1.6923 1.39088 0.734219 
1.72438 1.58175 1.04959 
1.74299 1.76627 1.40432 
1.71061 1.88276 1.70744 
1.57459 1.85666 1.86505 
1.30124 1.64178 1.81988 
0.911547 1.25488 1.57297 
0.493148 0.786343 1.18874 
0.170925 0.374877 0.782122 
0.0451319 0.149492 0.481083 
0.133865 0.164791 0.37024 
0.358764 0.36755 0.4437 
0.583692 0.617843 0.600625 
0.681722 0.75651 0.695128 
0.595108 0.68698 0.619575 
0.365402 0.433937 0.378439 
0.123671 0.147019 0.106613 
0.0365627 0.0333155 0.00553634 
0.220058 0.238441 0.217184 
0.66395 0.742992 0.711989 
1.22332 1.35398 1.28091 
1.69507 1.8131 1.65637 
1.9295 1.94992 1.68037 
1.89697 1.76687 1.39091 
1.67162 1.40249 0.965802 
1.36524 1.02208 0.586116 
1.07113 0.730674 0.337422 
0.844642 0.556648 0.209754 
0.704583 0.481117 0.158416 
0.635668 0.465766 0.151049 
0.594635 0.463731 0.169947 
0.531071 0.429567 0.195109 
0.417083 0.338926 0.202194 
0.264864 0.205933 0.179079 
0.119594 0.0811203 0.141071 
0.0349465 0.0283132 0.128997 
0.0467164 0.0929726 0.190048 
0.154242 0.275815 0.35043 
0.31423 0.522127 0.592172 
0.453006 0.735848 0.848974 
0.500216 0.820852 1.03148 
0.431437 0.733552 1.07404 
0.29046 0.513303 0.973633 
0.166337 0.2624 0.78944 
0.132766 0.0820805 0.599693 
0.194645 0.010142 0.449047 
0.290382 0.0110617 0.331163 
0.353568 0.0267514 0.219893 
0.378843 0.0390952 0.114565 
0.424913 0.0815159 0.0492559 
0.545646 0.187455 0.0540378 
0.715802 0.331573 0.111122 
0.830549 0.431278 0.15906 
0.787588 0.414254 0.147278 
0.577649 0.286591 0.0857755 
0.299755 0.13317 0.0366539 
0.0896145 0.0497939 0.0549002 
0.0268283 0.0714068 0.13776 
0.0961818 0.15784 0.229716 
0.222465 0.239886 0.272308 
0.338172 0.278496 0.249415 
0.42861 0.290424 0.193208 
0.528228 0.330171 0.157318 
0.681728 0.45081 0.186851 
0.904246 0.673309 0.305942 
1.16836 0.980696 0.522517 
1.4224 1.33454 0.838203 
1.62283 1.69819 1.25209 
1.75702 2.04903 1.753 
1.84099 2.37021 2.30168 
1.89221 2.62719 2.81231 
1.89556 2.74942 3.15189 
1.79367 2.64399 3.17682 
1.52565 2.252 2.80647 
1.09838 1.61902 2.0967 
0.628385 0.916797 1.25096 
0.295103 0.371591 0.533886 
0.220108 0.130423 0.128418 
0.368739 0.166604 0.0387656 
0.568697 0.30934 0.117473 
0.639214 0.378411 0.193388 
0.521818 0.311453 0.192708 
0.305183 0.182782 0.160579 
0.137815 0.11485 0.185842 
0.116966 0.171643 0.308822 
0.243084 0.319778 0.486386 
0.453671 0.469973 0.62618 
0.682351 0.547431 0.650649 
0.884728 0.532097 0.543385 
1.02103 0.448019 0.352594 
1.03569 0.327114 0.157761 
0.879647 0.191679 0.0302596 
0.57226 0.0742609 0.0178052 
0.238406 0.0419621 0.149935 
0.0544687 0.171628 0.431206 
0.120329 0.472924 0.807584 
0.367803 0.83407 1.14727 
0.605171 1.07017 1.29182 
0.669908 1.05526 1.16338 
0.548671 0.818894 0.831893 
0.357717 0.512276 0.465161 
0.223719 0.282729 0.203124 
0.194888 0.183736 0.0790145 
0.249327 0.18939 0.0512788 
0.346688 0.257464 0.0821989 
0.445182 0.352314 0.161573 
0.488987 0.42399 0.265793 
0.426448 0.411639 0.334131 
0.265097 0.296224 0.313081 
0.0910762 0.137818 0.21581 
0.00485523 0.0330018 0.114223 
0.0321742 0.0273867 0.0669014 
0.11313 0.082543 0.0691985 
0.183034 0.133762 0.0807517 
0.24554 0.164208 0.085697 
0.348848 0.206201 0.106312 
0.498849 0.278287 0.161427 
0.622702 0.347286 0.234991 
0.633081 0.365738 0.298989 
0.51897 0.333246 0.354106 
0.357569 0.299431 0.425212 
0.236656 0.302754 0.512441 
0.177673 0.321656 0.564805 
0.139539 0.299007 0.521396 
0.0849016 0.2109 0.380669 
0.0257259 0.0988182 0.217553 
0.00174755 0.0294059 0.12298 
0.0276072 0.0291745 0.126101 
0.0737484 0.0648292 0.177139 
0.0982459 0.0838553 0.202287 
0.0875026 0.0654465 0.169676 
0.0609168 0.0297001 0.103956 
0.0418972 0.00574095 0.0480586 
0.0338868 0.00130961 0.0214335 
0.0266342 0.00453204 0.0145121 
0.0183029 0.00633254 0.0119623 
0.0225865 0.0117631 0.0103811 
0.052302 0.0287784 0.0134132 
0.100823 0.0529451 0.0189924 
0.144425 0.0693723 0.0194719 
0.163239 0.0693777 0.013737 
0.157885 0.0610218 0.0128871 
0.145387 0.0610773 0.0299056 
0.140976 0.0782381 0.0651958 
0.144937 0.105865 0.105374 
0.145179 0.129648 0.136159 
0.12995 0.139439 0.153614 
0.0985725 0.133663 0.161792 
0.0631574 0.116071 0.162409 
0.041415 0.0918434 0.150844 
0.0443326 0.0661444 0.122982 
0.0655072 0.0427653 0.0835496 
0.0817413 0.0225477 0.046107 
0.0701645 0.00598704 0.026225 
0.0322021 0.00085988 0.0362471 
0.00152581 0.025517 0.0840173 
0.0207652 0.0970021 0.169691 
0.100914 0.208611 0.278031 
0.200896 0.319227 0.375188 
0.253107 0.372844 0.421337 
0.218254 0.338508 0.39559 
0.120608 0.236195 0.31254 
0.0291505 0.122585 0.212904 
0.000588605 0.0477914 0.134677 
0.03622 0.0221549 0.090822 
0.0895723 0.0210724 0.0720983 
0.112203 0.0174585 0.0668304 
0.0924451 0.00696304 0.0735213 
0.0557719 0.00421829 0.0943934 
0.0352354 0.020756 0.122006 
0.0437306 0.0506375 0.138159 
0.0693339 0.0760513 0.127837 
0.0899578 0.0829132 0.0927023 
0.0905448 0.0702764 0.0499823 
0.0707488 0.0481094 0.0191771 
0.0417166 0.0292265 0.0100182 
0.0172036 0.0225464 0.020355 
0.00594904 0.0306068 0.0417402 
0.0101619 0.0512049 0.0661793 
0.0293664 0.0813742 0.0902712 
0.0637143 0.120251 0.115909 
0.112683 0.168366 0.147858 
0.172584 0.225489 0.190408 
0.238835 0.291327 0.246514 
0.311019 0.367983 0.319158 
0.391073 0.456939 0.409325 
0.471521 0.548095 0.507405 
0.526344 0.611894 0.585969 
0.520564 0.609498 0.607304 
0.436391 0.519826 0.547029 
0.293114 0.361453 0.415703 
0.14081 0.187724 0.25734 
0.0328167 0.0576524 0.124268 
0.000437082 0.00675493 0.0497984 
0.0457498 0.0375868 0.038931 
0.1477 0.127658 0.0763256 
0.26958 0.2406 0.136821 
0.366932 0.335325 0.191507 
0.402727 0.378965 0.215982 
0.366997 0.363574 0.20449 
0.284619 0.312625 0.177891 
0.200328 0.265206 0.170411 
0.151726 0.247395 0.200499 
0.152517 0.255946 0.252092 
0.194414 0.267506 0.285851 
0.255754 0.260062 0.270166 
0.305369 0.224793 0.203355 
0.308497 0.164363 0.111611 
0.246425 0.0908988 0.0325421 
0.139673 0.028946 2.56485e-05 
0.0450585 0.00997551 0.032207 
0.0153959 0.0490822 0.118383 
0.0542543 0.122492 0.213938 
0.112996 0.176922 0.260457 
0.136793 0.172239 0.226966 
0.113141 0.117704 0.137823 
0.0743239 0.0629574 0.0563321 
0.0575674 0.0524103 0.0357907 
0.070158 0.0900939 0.0833525 
0.0925643 0.146081 0.166006 
0.105618 0.188715 0.243174 
0.108075 0.207211 0.291581 
0.113137 0.211706 0.309763 
0.136721 0.22276 0.313019 
0.187172 0.259187 0.324845 
0.254951 0.322072 0.359127 
0.307732 0.382162 0.39959 
0.305879 0.3915 0.402619 
0.235867 0.322426 0.334669 
0.129387 0.199249 0.211764 
0.0410048 0.0841576 0.0948255 
0.00335027 0.0269383 0.0400654 
0.00824064 0.0308721 0.0560741 
0.0307954 0.0667188 0.109956 
