0.804888 0.960975 1.38088 
0.368436 0.387127 0.597272 
0.031815 0.0160588 0.0759982 
0.158394 0.196119 0.147204 
0.823464 0.956502 0.822374 
1.69253 1.9216 1.73563 
2.23723 2.54399 2.36886 
2.12234 2.48041 2.39168 
1.44137 1.80815 1.84901 
0.620641 0.930782 1.07746 
0.100465 0.287319 0.461565 
0.0651906 0.108408 0.23287 
0.414481 0.373915 0.424248 
0.944942 0.937053 0.942549 
1.54404 1.66136 1.652 
2.21942 2.45074 2.40087 
2.96829 3.19009 3.0152 
3.66142 3.71843 3.33319 
4.09974 3.91659 3.30354 
4.20202 3.83653 3.06343 
4.11101 3.70484 2.87542 
4.06899 3.73678 2.92005 
4.16502 3.91392 3.11535 
4.21702 3.96054 3.15736 
3.92667 3.57513 2.77773 
3.16247 2.70909 1.98744 
2.09612 1.62815 1.07662 
1.07583 0.709443 0.381641 
0.378293 0.178768 0.0507972 
0.0641131 0.0154411 0.00771781 
0.0192316 0.0559443 0.090457 
0.0883615 0.151098 0.194016 
0.170511 0.239998 0.300904 
0.234104 0.329058 0.430599 
0.288728 0.441847 0.59298 
0.357767 0.585921 0.774221 
0.467961 0.742181 0.934098 
0.651314 0.875144 1.01174 
0.942141 0.960873 0.958723 
1.34887 1.00736 0.785033 
1.80797 1.0375 0.564736 
2.17214 1.04813 0.380805 
2.28015 1.00061 0.263947 
2.07524 0.868231 0.194088 
1.66408 0.689534 0.156933 
1.24561 0.555031 0.178073 
0.966842 0.528568 0.286244 
0.838633 0.585284 0.449827 
0.777978 0.634704 0.5704 
0.712638 0.60479 0.55565 
0.636936 0.500247 0.403574 
0.582398 0.382434 0.211853 
0.562161 0.302062 0.0985579 
0.559136 0.257552 0.107333 
0.561213 0.215528 0.184078 
0.589379 0.161423 0.239539 
0.67741 0.119615 0.228339 
0.823528 0.122335 0.168679 
0.974251 0.169927 0.10197 
1.07058 0.236722 0.0560077 
1.11405 0.317638 0.0517504 
1.17742 0.452434 0.121963 
1.33959 0.687771 0.294573 
1.61065 1.01809 0.55474 
1.92306 1.3756 0.840805 
2.1833 1.67311 1.08223 
2.31092 1.83571 1.22419 
2.23389 1.79261 1.21157 
1.89789 1.48733 0.990515 
1.33842 0.956508 0.58257 
0.746265 0.402897 0.163505 
0.397139 0.122912 0.00409191 
0.443726 0.281833 0.255107 
0.758425 0.737411 0.770095 
1.01622 1.12221 1.18136 
0.968598 1.14276 1.19775 
0.642522 0.810642 0.840942 
0.2713 0.382858 0.387253 
0.0553289 0.0994336 0.0937948 
0.0176501 0.00570376 0.00423047 
0.0733204 0.0116682 0.00641438 
0.172251 0.0566752 0.0185654 
0.326326 0.163045 0.0688703 
0.5233 0.347932 0.208406 
0.682973 0.548713 0.40697 
0.728927 0.670328 0.569301 
0.672718 0.681753 0.632188 
0.592395 0.632523 0.612428 
0.540472 0.583695 0.565218 
0.507688 0.555576 0.527204 
0.475326 0.544456 0.506828 
0.461034 0.552665 0.500193 
0.486657 0.575476 0.491722 
0.522976 0.576375 0.451453 
0.502838 0.509127 0.358142 
0.394125 0.371032 0.229427 
0.240253 0.218521 0.116388 
0.123569 0.126827 0.0690612 
0.105302 0.148943 0.123252 
0.206253 0.314706 0.320033 
0.420036 0.639172 0.704575 
0.713459 1.09695 1.26907 
1.01222 1.58604 1.89349 
1.21379 1.94643 2.37137 
1.24154 2.04592 2.52641 
1.0952 1.86345 2.3233 
0.847862 1.49536 1.87801 
0.593851 1.0854 1.37048 
0.395979 0.743348 0.941704 
0.267372 0.506802 0.644409 
0.184878 0.351956 0.454173 
0.116888 0.23267 0.314529 
0.0575623 0.131698 0.195583 
0.0545167 0.102093 0.143818 
0.195949 0.255451 0.277236 
0.534507 0.668591 0.690005 
0.993077 1.26096 1.31438 
1.35633 1.76954 1.87633 
1.40422 1.9006 2.04522 
1.09928 1.567 1.69734 
0.648735 0.993999 1.05787 
0.354151 0.563281 0.554244 
0.369814 0.512484 0.481575 
0.592875 0.761185 0.778012 
0.781638 1.01658 1.11195 
0.773651 1.04031 1.18196 
0.594006 0.819888 0.94131 
0.380218 0.515325 0.567979 
0.236891 0.28311 0.264999 
0.173032 0.167045 0.108902 
0.15593 0.131308 0.0608666 
0.191795 0.154701 0.0716943 
0.338194 0.269997 0.146943 
0.642167 0.519007 0.320428 
1.07379 0.885453 0.589565 
1.52294 1.27863 0.888853 
1.866 1.5843 1.12499 
2.04791 1.73888 1.2384 
2.11174 1.76591 1.23898 
2.15248 1.7466 1.18947 
2.23682 1.75087 1.15166 
2.35638 1.78507 1.13848 
2.44184 1.79195 1.10717 
2.40686 1.69119 0.994139 
2.18169 1.42682 0.765165 
1.73756 1.00467 0.454399 
1.12385 0.518811 0.176737 
0.498733 0.147777 0.0986812 
0.0907838 0.0863176 0.357144 
0.0711343 0.420617 0.953025 
0.422053 1.03398 1.69745 
0.929644 1.64453 2.28261 
1.32783 1.97428 2.45559 
1.47083 1.91855 2.16936 
1.38246 1.57449 1.58939 
1.16356 1.1233 0.960712 
0.884255 0.699138 0.463605 
0.578078 0.364696 0.173068 
0.308956 0.16993 0.107319 
0.185291 0.173368 0.259527 
0.270563 0.37437 0.56173 
0.492124 0.648967 0.854801 
0.677838 0.808186 0.961549 
0.704825 0.754812 0.832834 
0.602389 0.574366 0.612112 
0.496844 0.447305 0.517918 
0.470388 0.469105 0.641216 
0.49996 0.574183 0.865944 
0.530139 0.639022 0.998626 
0.565961 0.633316 0.966812 
0.66232 0.6449 0.87812 
0.833944 0.765619 0.894882 
1.00993 0.981569 1.07375 
1.08759 1.182 1.32771 
1.01448 1.25354 1.51435 
0.813872 1.15425 1.53927 
0.556933 0.921812 1.39493 
0.331407 0.644525 1.14336 
0.213084 0.42067 0.878345 
0.218213 0.306075 0.679053 
0.269237 0.275141 0.569669 
0.246786 0.250566 0.522548 
0.119071 0.200819 0.514787 
0.0136307 0.202949 0.57507 
0.114382 0.371125 0.746214 
0.45625 0.699685 0.988424 
0.83633 0.998433 1.14762 
0.965762 1.02852 1.06732 
0.732465 0.729998 0.757041 
0.314889 0.310632 0.435464 
0.0312245 0.0894759 0.372568 
0.0704485 0.232832 0.660346 
0.355255 0.625837 1.12633 
0.642718 0.987322 1.47323 
0.744446 1.10795 1.51632 
0.663458 0.996416 1.30855 
0.55071 0.826188 1.05886 
0.550711 0.759678 0.938347 
0.681362 0.816412 0.952793 
0.837259 0.88595 0.977477 
0.890906 0.847389 0.894972 
0.793426 0.673715 0.695426 
0.59498 0.434776 0.457263 
0.387025 0.220462 0.255389 
0.235712 0.0770741 0.110168 
0.16678 0.0161821 0.0265122 
0.191809 0.0584367 0.0517598 
0.316572 0.229713 0.248012 
0.506629 0.495077 0.583139 
0.663166 0.720424 0.875894 
0.675519 0.75113 0.909748 
0.526226 0.562224 0.642823 
0.331882 0.315497 0.291062 
0.24421 0.224424 0.154233 
0.294337 0.340421 0.329163 
0.355441 0.492167 0.607808 
0.286845 0.465441 0.684559 
0.11107 0.241242 0.464145 
0.0159864 0.0279885 0.145314 
0.159938 0.0438553 0.000313508 
0.485943 0.284678 0.100307 
0.752662 0.528099 0.276671 
0.755565 0.559887 0.327904 
0.508104 0.37214 0.220291 
0.205591 0.136147 0.0763681 
0.031023 0.011169 0.00851762 
0.0137111 0.0112708 0.01241 
0.0671832 0.0547751 0.0275204 
0.128582 0.104079 0.0597924 
0.22585 0.215669 0.197208 
0.4019 0.441892 0.488435 
0.600678 0.708324 0.826584 
0.671479 0.829979 0.991982 
0.514502 0.679732 0.843129 
0.216659 0.341269 0.473107 
0.0137965 0.0707856 0.158499 
0.0949658 0.0838575 0.129397 
0.441331 0.374564 0.37944 
0.859574 0.744459 0.700049 
1.16146 0.996004 0.889446 
1.30127 1.0844 0.914531 
1.36283 1.10058 0.88409 
1.46238 1.15664 0.911745 
1.68033 1.31339 1.03504 
2.0349 1.57673 1.23465 
2.44734 1.89131 1.4632 
2.71873 2.11531 1.62889 
2.60887 2.05971 1.60047 
2.02217 1.63068 1.29942 
1.14492 0.959208 0.808451 
0.367669 0.357497 0.354965 
