0.903177 0.756256 0.774807 
0.604478 0.432749 0.482282 
0.352388 0.18524 0.26618 
0.163201 0.0447304 0.152085 
0.0613724 0.0280342 0.144069 
0.0628731 0.124662 0.218614 
0.153579 0.28921 0.326889 
0.28331 0.451625 0.410829 
0.385346 0.545678 0.428521 
0.412233 0.541606 0.37556 
0.365336 0.462886 0.288497 
0.297482 0.374746 0.225819 
0.284554 0.348873 0.23546 
0.382221 0.424167 0.327029 
0.594593 0.587042 0.465445 
0.875079 0.783707 0.590868 
1.15956 0.95742 0.654428 
1.41068 1.0877 0.64941 
1.64363 1.20609 0.619208 
1.91386 1.37642 0.635905 
2.2714 1.64902 0.759866 
2.70903 2.01565 1.00183 
3.13847 2.39349 1.30845 
3.41465 2.65141 1.58021 
3.4 2.66795 1.71351 
3.03553 2.39128 1.64637 
2.37921 1.86926 1.38537 
1.58898 1.23322 1.0018 
0.858231 0.643731 0.600341 
0.337207 0.226088 0.276611 
0.0804271 0.0270671 0.0833693 
0.043581 0.0111886 0.0191412 
0.125503 0.093341 0.0409814 
0.227989 0.187259 0.0923073 
0.300944 0.244832 0.131601 
0.35328 0.269829 0.149679 
0.431069 0.30467 0.169914 
0.580793 0.401476 0.23362 
0.819147 0.593298 0.378492 
1.12271 0.877771 0.619691 
1.43805 1.21739 0.940794 
1.70313 1.55287 1.29679 
1.86835 1.82178 1.62626 
1.90917 1.97506 1.86704 
1.82813 1.98707 1.97066 
1.64926 1.8589 1.91306 
1.40929 1.61685 1.70153 
1.14927 1.30755 1.37704 
0.90759 0.989703 1.00889 
0.714046 0.721276 0.678978 
0.584636 0.543649 0.456504 
0.518738 0.467817 0.371946 
0.501242 0.470434 0.403549 
0.510723 0.504595 0.486662 
0.530738 0.522325 0.5445 
0.55775 0.497455 0.52531 
0.599645 0.435439 0.425111 
0.664433 0.363875 0.282801 
0.746333 0.310098 0.151617 
0.820099 0.28148 0.0662759 
0.850284 0.262663 0.0276024 
0.811807 0.231873 0.0137187 
0.708823 0.184122 0.00774342 
0.577901 0.143029 0.0199861 
0.470731 0.15026 0.086507 
0.425302 0.237431 0.242933 
0.443127 0.398648 0.490598 
0.48732 0.583007 0.778738 
0.503578 0.714423 1.01722 
0.451915 0.729046 1.11538 
0.330604 0.6095 1.02658 
0.178975 0.396998 0.774404 
0.0584984 0.175153 0.446843 
0.0235917 0.0345741 0.161825 
0.0977966 0.036242 0.0211879 
0.266127 0.190145 0.073903 
0.484671 0.456269 0.302688 
0.700132 0.763967 0.63619 
0.869049 1.03878 0.978239 
0.969033 1.22521 1.2407 
0.999842 1.29842 1.36793 
0.97688 1.26369 1.34655 
0.921917 1.14743 1.20078 
0.855312 0.985085 0.978342 
0.791893 0.810649 0.733606 
0.740445 0.650365 0.513459 
0.705297 0.520749 0.349129 
0.688228 0.429852 0.254515 
0.689516 0.380184 0.229799 
0.707885 0.371858 0.267979 
0.739796 0.404709 0.361169 
0.778635 0.478136 0.503398 
0.814191 0.587984 0.6877 
0.832787 0.721321 0.898329 
0.818833 0.852295 1.10296 
0.758811 0.943737 1.25227 
0.647988 0.957753 1.29242 
0.497951 0.873583 1.18885 
0.340539 0.704642 0.9507 
0.22308 0.503494 0.640631 
0.192941 0.347155 0.358935 
0.275709 0.305397 0.204481 
0.457356 0.406107 0.229599 
0.681703 0.616536 0.412778 
0.868287 0.852948 0.66565 
0.944646 1.01616 0.872562 
0.87777 1.03558 0.942774 
0.688358 0.899151 0.848415 
0.440196 0.654426 0.630054 
0.210533 0.382404 0.370326 
0.0575595 0.160107 0.152814 
0.00156129 0.0318602 0.0285068 
0.0272495 0.00154433 0.00427061 
0.102109 0.0445859 0.0533223 
0.197433 0.128089 0.136356 
0.299435 0.225897 0.219589 
0.406033 0.321911 0.282005 
0.514769 0.40425 0.312963 
0.61257 0.45862 0.307133 
0.675905 0.468384 0.263353 
0.682217 0.4227 0.188911 
0.62526 0.327034 0.104785 
0.523592 0.207314 0.044892 
0.415163 0.102139 0.0453903 
0.3397 0.0452478 0.126966 
0.318954 0.0478214 0.279501 
0.347034 0.0919715 0.459618 
0.397064 0.140756 0.605547 
0.439719 0.159706 0.663559 
0.461235 0.136942 0.61239 
0.468983 0.089402 0.472353 
0.481706 0.0515845 0.294465 
0.512432 0.0545758 0.136514 
0.556906 0.108907 0.0397465 
0.595552 0.201219 0.0177564 
0.60664 0.304889 0.0604295 
0.580572 0.396199 0.147031 
0.525789 0.465997 0.259233 
0.464234 0.521878 0.387712 
0.421877 0.582621 0.531267 
0.42143 0.669734 0.691182 
0.479852 0.799779 0.864522 
0.607937 0.978728 1.03955 
0.808371 1.19901 1.19601 
1.07258 1.44104 1.31183 
1.38061 1.68074 1.37491 
1.70742 1.90132 1.39441 
2.03353 2.1029 1.40332 
2.35265 2.30283 1.44762 
2.66983 2.52423 1.56495 
2.99015 2.77861 1.76398 
3.30592 3.05367 2.01694 
3.59194 3.31467 2.27073 
3.81288 3.51928 2.47075 
3.93875 3.6371 2.58409 
3.95853 3.66268 2.61028 
3.88452 3.61589 2.57624 
3.74593 3.53134 2.52119 
3.5761 3.44357 2.48063 
3.40009 3.3748 2.47573 
3.22703 3.32845 2.50942 
3.04914 3.28902 2.56744 
2.84702 3.22785 2.62308 
2.59982 3.11353 2.64528 
2.29681 2.92443 2.60899 
1.9457 2.65881 2.50453 
1.57322 2.3376 2.34189 
1.21687 1.99803 2.14765 
0.911788 1.68133 1.95653 
0.679598 1.42069 1.80176 
0.524712 1.23451 1.70759 
0.438366 1.12565 1.6845 
0.405801 1.08371 1.72571 
0.411261 1.08746 1.8052 
0.438912 1.10744 1.8804 
0.472098 1.11116 1.90252 
0.494605 1.07228 1.83357 
0.494986 0.98056 1.66288 
0.471217 0.84689 1.41345 
0.431895 0.698782 1.13285 
0.39296 0.568252 0.872662 
0.372916 0.479447 0.66828 
0.390786 0.443991 0.530784 
0.467897 0.466154 0.454339 
0.629516 0.551891 0.431701 
0.900025 0.711873 0.464732 
1.28885 0.952598 0.560765 
1.77206 1.25913 0.716605 
2.28098 1.58156 0.902229 
2.70939 1.83803 1.05854 
2.9422 1.93918 1.11582 
2.89682 1.82549 1.02647 
2.55911 1.49983 0.795039 
1.99587 1.03702 0.487888 
1.33591 0.562479 0.213968 
0.726364 0.207435 0.0832122 
0.282813 0.0599681 0.160996 
0.0545834 0.13381 0.439934 
0.0186117 0.368217 0.842191 
0.101534 0.657468 1.25081 
0.216937 0.89501 1.55502 
0.299546 1.0119 1.68878 
0.32235 0.994013 1.64685 
0.293121 0.87424 1.4748 
0.237382 0.708279 1.24196 
0.180089 0.548521 1.01298 
0.13616 0.42855 0.830605 
0.112737 0.362394 0.713726 
0.118548 0.35394 0.665581 
0.172029 0.407443 0.683088 
0.301299 0.531486 0.760874 
0.533934 0.733842 0.889146 
0.879718 1.00989 1.04883 
1.31327 1.33029 1.20799 
1.76496 1.6345 1.32207 
2.128 1.83682 1.33982 
2.28599 1.84902 1.21729 
2.15762 1.61841 0.941105 
1.74389 1.16964 0.556032 
1.15465 0.628739 0.182246 
0.592027 0.206192 0.00225171 
0.284591 0.130217 0.205594 
0.392737 0.548282 0.902526 
0.928443 1.44102 2.04432 
1.73432 2.59824 3.39859 
2.54098 3.68225 4.60892 
3.0797 4.35795 5.32513 
3.19446 4.42918 5.34631 
2.89575 3.91267 4.70493 
2.33197 3.01342 3.64694 
1.70192 2.01957 2.51912 
1.16311 1.17741 1.62375 
0.785317 0.611281 1.11457 
0.562815 0.318549 0.977013 
0.45906 0.222015 1.08462 
0.442723 0.233484 1.28402 
0.491262 0.288799 1.45766 
0.57161 0.346377 1.54104 
0.628621 0.371185 1.50721 
0.604329 0.332129 1.34823 
0.482007 0.221908 1.07434 
0.322898 0.0827885 0.728085 
0.261988 0.0113999 0.393816 
0.454594 0.128651 0.185031 
0.999201 0.526326 0.209827 
1.8796 1.21992 0.531845 
2.95889 2.13478 1.14802 
4.02767 3.13209 1.99316 
4.87906 4.05828 2.9644 
5.37288 4.79053 3.94894 
5.46279 5.25804 4.84082 
