0.088133 0.493793 1.07099 
0.055739 0.451803 1.07747 
0.0282151 0.372472 1.01422 
0.00506371 0.25797 0.870293 
0.00411912 0.144691 0.673383 
0.0533093 0.0865992 0.480291 
0.167315 0.115369 0.340296 
0.327972 0.211558 0.263452 
0.487691 0.316438 0.224919 
0.595412 0.377501 0.201704 
0.623329 0.386571 0.203335 
0.573643 0.375507 0.262409 
0.466874 0.377326 0.394039 
0.32996 0.394649 0.568747 
0.193971 0.405321 0.729617 
0.0924907 0.392398 0.835778 
0.0514884 0.3632 0.886778 
0.0803634 0.342545 0.907274 
0.17987 0.356515 0.915896 
0.358242 0.423637 0.912097 
0.62367 0.547063 0.884585 
0.942766 0.697402 0.820828 
1.20835 0.803631 0.710204 
1.27617 0.784556 0.555621 
1.06858 0.616251 0.396395 
0.659421 0.375092 0.31076 
0.249457 0.19817 0.367955 
0.0374434 0.180611 0.556424 
0.0937998 0.302272 0.762709 
0.340391 0.454879 0.842606 
0.635888 0.540383 0.73239 
0.874691 0.542236 0.497355 
1.01917 0.508906 0.272279 
1.06962 0.485379 0.154718 
1.03143 0.472936 0.151021 
0.915088 0.449524 0.20934 
0.750381 0.410527 0.2848 
0.581604 0.377312 0.366394 
0.442927 0.370123 0.45491 
0.340968 0.383927 0.535601 
0.261805 0.394711 0.580866 
0.192694 0.385386 0.573633 
0.141357 0.366086 0.523117 
0.149484 0.382285 0.46659 
0.303367 0.519667 0.472743 
0.729672 0.901802 0.649281 
1.55187 1.65616 1.12768 
2.80306 2.83492 1.99859 
4.33884 4.32428 3.2173 
5.82405 5.81558 4.5496 
6.83852 6.89379 5.62582 
7.06536 7.22037 6.10059 
6.4523 6.70589 5.82864 
5.23783 5.55722 4.93971 
3.82129 4.16413 3.76044 
2.56472 2.90296 2.6407 
1.65596 1.98761 1.80388 
1.10303 1.44697 1.30544 
0.822849 1.20258 1.08839 
0.728426 1.15514 1.0587 
0.751321 1.21479 1.11995 
0.816947 1.28684 1.17304 
0.834866 1.27011 1.12637 
0.735731 1.09749 0.937431 
0.522381 0.786735 0.653241 
0.277505 0.444808 0.39929 
0.110301 0.207234 0.307256 
0.084627 0.154811 0.428875 
0.187012 0.269988 0.699621 
0.351307 0.45831 0.976047 
0.506744 0.607912 1.11504 
0.61019 0.64329 1.04203 
0.657226 0.553432 0.777848 
0.689384 0.399195 0.426663 
0.796619 0.30099 0.138109 
1.08709 0.393538 0.0498901 
1.61231 0.748399 0.222115 
2.29233 1.3068 0.59585 
2.91609 1.88458 1.01463 
3.24464 2.26715 1.31104 
3.15281 2.33474 1.40403 
2.70113 2.12378 1.33407 
2.08504 1.78128 1.21186 
1.51012 1.45862 1.12895 
1.09471 1.23416 1.10706 
0.861524 1.11577 1.12044 
0.797292 1.0988 1.15868 
0.911079 1.2146 1.26733 
1.2384 1.52334 1.52839 
1.79046 2.05466 1.99193 
2.49158 2.74046 2.60512 
3.16011 3.39483 3.19197 
3.56498 3.77453 3.5151 
3.54071 3.7037 3.40286 
3.09282 3.19097 2.86949 
2.41465 2.44994 2.13551 
1.78897 1.788 1.50951 
1.43257 1.427 1.19757 
1.38824 1.38058 1.17814 
1.53203 1.47513 1.24085 
1.6748 1.49006 1.15918 
1.67578 1.30522 0.858529 
1.49809 0.953155 0.451393 
1.19478 0.56177 0.127904 
0.859087 0.253524 0.00468987 
0.575811 0.0792394 0.0526322 
0.392162 0.0179047 0.144751 
0.312333 0.0214452 0.168736 
0.312612 0.0612208 0.110126 
0.364513 0.14299 0.047668 
0.449231 0.285838 0.0753211 
0.558635 0.491207 0.222032 
0.694166 0.737153 0.439389 
0.870018 1.00441 0.664006 
1.10464 1.29679 0.885288 
1.3842 1.61391 1.13726 
1.62264 1.89182 1.41348 
1.6788 1.98968 1.60314 
1.45586 1.7785 1.54702 
1.01369 1.27778 1.1894 
0.574633 0.701793 0.677252 
0.380135 0.334655 0.282196 
0.503274 0.318367 0.190871 
0.786209 0.54273 0.354709 
0.968305 0.745388 0.54559 
0.894441 0.734582 0.566092 
0.621559 0.534141 0.415039 
0.344314 0.332578 0.262079 
0.227351 0.305004 0.276153 
0.297109 0.478544 0.481765 
0.464081 0.743519 0.765187 
0.620212 0.965742 0.994939 
0.711021 1.08098 1.12492 
0.738398 1.10272 1.19382 
0.726376 1.07144 1.24956 
0.700075 1.01447 1.29004 
0.688821 0.948316 1.27399 
0.727023 0.898204 1.17684 
0.832329 0.895757 1.02727 
0.975582 0.949046 0.888419 
1.07739 1.01686 0.804501 
1.04843 1.02103 0.763377 
0.851303 0.897028 0.708271 
0.537763 0.646484 0.587741 
0.227777 0.347801 0.401211 
0.0388366 0.110904 0.202315 
0.0128315 0.00593722 0.0584608 
0.0936005 0.0195533 0.00251806 
0.173354 0.0740639 0.0190644 
0.174138 0.094991 0.0752923 
0.101543 0.0705779 0.162661 
0.0282697 0.0511386 0.302254 
0.0224458 0.0887435 0.502737 
0.0834644 0.174916 0.71431 
0.14306 0.240793 0.838344 
0.132286 0.227623 0.804279 
0.0552612 0.164675 0.652476 
0.00325738 0.176013 0.538815 
0.0952348 0.397866 0.637335 
0.393384 0.86982 1.01045 
0.856426 1.48735 1.55157 
1.35292 2.04838 2.04461 
1.71116 2.35069 2.28761 
1.7777 2.27397 2.18717 
1.48121 1.81946 1.77716 
0.899611 1.12011 1.18625 
0.288982 0.425587 0.596943 
0.00791522 0.0339829 0.201609 
0.326351 0.156903 0.136427 
1.22322 0.777894 0.406122 
2.3374 1.61841 0.859549 
3.14973 2.2736 1.26188 
3.29044 2.44446 1.4278 
2.75137 2.10047 1.3163 
1.85317 1.45841 1.01845 
1.01356 0.81495 0.668424 
0.506082 0.377599 0.368004 
0.369111 0.206098 0.175724 
0.476806 0.25709 0.128441 
0.666456 0.447991 0.236604 
0.819884 0.68314 0.449588 
0.877356 0.858068 0.647511 
0.822376 0.883726 0.700603 
0.671441 0.732677 0.561131 
0.469293 0.464766 0.305336 
0.275837 0.197565 0.0808411 
0.142593 0.0360677 7.4921e-05 
0.0901771 0.0122294 0.0663496 
0.0992641 0.0755053 0.186251 
0.12171 0.136396 0.248902 
0.111446 0.131233 0.20616 
0.0625218 0.0664631 0.0978188 
0.0270356 0.0135103 0.0119559 
0.0879476 0.0544035 0.0146958 
0.293983 0.212993 0.101026 
0.604558 0.424476 0.202585 
0.897709 0.574337 0.247747 
1.04569 0.582553 0.226978 
1.00059 0.464485 0.205504 
0.818951 0.313598 0.264038 
0.608971 0.219897 0.413494 
0.453968 0.199594 0.563693 
0.379912 0.201823 0.587572 
0.380104 0.180936 0.434901 
0.448284 0.1546 0.19272 
0.57244 0.182433 0.026735 
0.702167 0.286683 0.0455151 
0.748068 0.404535 0.207904 
0.641561 0.433405 0.361243 
0.406174 0.330302 0.376925 
0.158805 0.161037 0.256343 
0.0213226 0.0412435 0.109944 
0.0209295 0.0259742 0.0386821 
0.0814743 0.0645867 0.0429871 
0.119154 0.0716984 0.0500676 
0.142057 0.0380477 0.0214421 
0.240016 0.0547441 0.0154028 
0.464714 0.212491 0.127931 
0.726537 0.47655 0.37019 
0.835442 0.679055 0.61766 
0.674209 0.660751 0.700517 
0.349021 0.440645 0.562394 
0.164362 0.252133 0.341833 
0.424715 0.402643 0.30136 
1.22575 1.07373 0.667724 
2.40448 2.2215 1.51245 
3.66513 3.62775 2.7383 
4.74055 5.01163 4.1283 
5.44545 6.08955 5.38434 
5.62597 6.57891 6.15579 
5.14215 6.24474 6.12827 
3.98138 5.04819 5.19869 
2.41927 3.3001 3.63013 
1.0201 1.62873 2.01307 
0.367655 0.681908 0.975222 
0.678156 0.732257 0.809937 
1.61501 1.49747 1.31165 
2.50146 2.35126 1.96804 
2.79208 2.77473 2.35889 
2.42534 2.68288 2.42782 
1.77711 2.37196 2.41296 
1.28937 2.17898 2.54229 
1.12656 2.1942 2.8118 
1.15091 2.28419 3.06127 
1.18089 2.35512 3.24637 
1.23228 2.54612 3.59596 
1.49153 3.12529 4.45106 
2.06394 4.17434 5.90167 
2.76908 5.37336 7.55459 
3.20236 6.11582 8.66994 
3.02208 5.88822 8.59244 
