0.395842 0.630192 0.848734 
0.165785 0.304436 0.460678 
0.0884279 0.116374 0.18428 
0.172098 0.115309 0.0960328 
0.431072 0.334709 0.241915 
0.857071 0.76216 0.609185 
1.37964 1.30937 1.10657 
1.85807 1.81754 1.57899 
2.13046 2.1146 1.86469 
2.09588 2.09633 1.86682 
1.77015 1.77638 1.59388 
1.27422 1.27212 1.14576 
0.769282 0.743414 0.662354 
0.387777 0.328722 0.269984 
0.19638 0.108101 0.0473139 
0.192191 0.0928647 0.0116841 
0.315738 0.230234 0.120742 
0.472921 0.421014 0.289711 
0.569535 0.556159 0.42554 
0.553702 0.566552 0.469108 
0.440579 0.457977 0.423141 
0.293081 0.300119 0.343293 
0.169918 0.173157 0.294882 
0.0913017 0.119095 0.311341 
0.055194 0.140733 0.39117 
0.0710659 0.232453 0.52522 
0.152007 0.387629 0.708009 
0.269579 0.569169 0.913591 
0.345826 0.698654 1.078 
0.318881 0.707146 1.13391 
0.209681 0.600938 1.07177 
0.0992055 0.460059 0.956559 
0.0441521 0.371361 0.882315 
0.0472878 0.382839 0.921735 
0.114448 0.519462 1.1113 
0.290002 0.794154 1.43931 
0.588164 1.15898 1.80994 
0.908563 1.46704 2.04332 
1.08128 1.5483 1.97865 
1.01963 1.35553 1.61402 
0.800279 1.01336 1.12479 
0.579063 0.706806 0.722344 
0.46311 0.54675 0.510737 
0.484994 0.555864 0.488405 
0.643264 0.72425 0.630681 
0.887247 0.997142 0.891597 
1.07212 1.21976 1.13571 
1.0297 1.20264 1.17711 
0.745672 0.914261 0.963522 
0.414409 0.559448 0.674807 
0.243329 0.380458 0.545649 
0.225564 0.38928 0.590775 
0.189257 0.381473 0.594114 
0.0694065 0.230017 0.402165 
0.018887 0.066484 0.140554 
0.184342 0.0979716 0.0572123 
0.465371 0.318094 0.20361 
0.633391 0.525965 0.38935 
0.672519 0.621597 0.455026 
0.83593 0.731023 0.456824 
1.26804 0.955024 0.503448 
1.6846 1.11487 0.52441 
1.61446 0.933769 0.375602 
0.988202 0.484656 0.176591 
0.340329 0.279692 0.350114 
0.302332 0.761766 1.16343 
0.926777 1.73964 2.27295 
1.61313 2.463 2.89097 
1.71769 2.3199 2.49923 
1.17311 1.42341 1.36998 
0.492521 0.489826 0.34338 
0.242943 0.188721 0.110955 
0.57481 0.638808 0.721966 
1.20743 1.45549 1.70028 
1.74939 2.15895 2.51732 
1.98555 2.50194 2.93102 
1.93118 2.50691 2.98799 
1.72218 2.3233 2.84577 
1.49505 2.09572 2.63808 
1.33142 1.91525 2.44559 
1.25704 1.8206 2.30999 
1.26232 1.80871 2.23931 
1.3197 1.84418 2.20688 
1.38579 1.86853 2.16002 
1.39699 1.8116 2.03862 
1.28392 1.61258 1.79775 
1.01485 1.25429 1.43144 
0.63957 0.793071 0.989154 
0.285853 0.352542 0.568002 
0.0934874 0.0693413 0.272876 
0.12786 0.019618 0.163077 
0.340199 0.178228 0.22177 
0.60548 0.4408 0.371612 
0.804131 0.689603 0.524352 
0.881441 0.852526 0.627021 
0.847923 0.918727 0.676136 
0.741532 0.916828 0.702756 
0.599335 0.887943 0.751215 
0.460386 0.874669 0.865931 
0.378693 0.919526 1.08168 
0.413154 1.05599 1.40924 
0.589826 1.28983 1.82194 
0.869586 1.58826 2.25822 
1.16412 1.89757 2.64879 
1.40989 2.19014 2.95793 
1.65001 2.50744 3.21076 
2.03736 2.94664 3.47541 
2.71364 3.5686 3.79468 
3.63467 4.28418 4.11196 
4.50143 4.83239 4.26616 
4.90333 4.91416 4.08933 
4.59486 4.40337 3.543 
3.6816 3.45906 2.77233 
2.55145 2.43017 2.01853 
1.61035 1.62841 1.4608 
1.04796 1.15983 1.12409 
0.804357 0.935045 0.917537 
0.710383 0.80732 0.745716 
0.642455 0.69633 0.58674 
0.573503 0.609864 0.48733 
0.526957 0.585124 0.500998 
0.511869 0.622748 0.624062 
0.498462 0.666329 0.773363 
0.441736 0.637319 0.82718 
0.324698 0.498009 0.711529 
0.180135 0.289842 0.46459 
0.0658643 0.105404 0.211148 
0.0140083 0.0134028 0.060582 
0.00929648 0.0109648 0.0282036 
0.0225986 0.0502217 0.055598 
0.0570343 0.0979775 0.088501 
0.147564 0.154316 0.112684 
0.322253 0.226857 0.127931 
0.589211 0.325892 0.136391 
0.966034 0.499438 0.183363 
1.48252 0.831254 0.370865 
2.10646 1.34407 0.7638 
2.66725 1.8935 1.26292 
2.90703 2.20697 1.61628 
2.66269 2.08321 1.61021 
2.01253 1.56838 1.2596 
1.23164 0.924685 0.793876 
0.595489 0.423217 0.455196 
0.220454 0.169446 0.323055 
0.0647627 0.104833 0.32129 
0.0342952 0.12578 0.347053 
0.0627989 0.170423 0.35806 
0.117978 0.21612 0.355474 
0.182957 0.248905 0.3365 
0.257907 0.265524 0.294004 
0.363448 0.29001 0.246649 
0.513918 0.357771 0.23802 
0.678291 0.471263 0.293886 
0.779163 0.579006 0.387428 
0.745282 0.608648 0.454158 
0.572772 0.525407 0.442235 
0.336426 0.361098 0.35029 
0.139078 0.189425 0.222638 
0.043072 0.0726691 0.112519 
0.0388824 0.0252018 0.0472007 
0.0686569 0.0187538 0.0207598 
0.0776285 0.0178384 0.0143969 
0.052263 0.0130146 0.0225311 
0.0223596 0.0261482 0.0602161 
0.0317942 0.0854744 0.144222 
0.100992 0.191892 0.264511 
0.208439 0.306556 0.375466 
0.305825 0.374257 0.421898 
0.354543 0.364683 0.38076 
0.351479 0.293886 0.279155 
0.32327 0.206664 0.17011 
0.301008 0.140761 0.0913776 
0.302428 0.10868 0.0479938 
0.329707 0.105448 0.0274698 
0.370157 0.120295 0.019863 
0.3955 0.137426 0.0202082 
0.373468 0.137909 0.0229879 
0.294923 0.114545 0.0263973 
0.19035 0.0841723 0.0398122 
0.109792 0.0746306 0.0755403 
0.0804767 0.094717 0.129041 
0.0856919 0.121899 0.174285 
0.0863016 0.123958 0.184972 
0.0601095 0.0908024 0.158726 
0.0202041 0.0434162 0.117639 
0.000925839 0.015404 0.0878164 
0.029869 0.0285158 0.0814641 
0.10739 0.0803007 0.0945526 
0.202179 0.145404 0.113104 
0.263604 0.186235 0.118985 
0.249465 0.172614 0.0973276 
0.160711 0.108024 0.0513954 
0.0625695 0.0490671 0.0202685 
0.0684712 0.0972018 0.0820824 
0.280968 0.351514 0.325465 
0.717038 0.838623 0.790992 
1.26865 1.46355 1.41458 
1.73667 2.02616 2.02049 
1.92834 2.30973 2.38884 
1.76082 2.19485 2.36864 
1.306 1.72662 1.9646 
0.749557 1.0903 1.33662 
0.292003 0.511405 0.710835 
0.053079 0.145462 0.263972 
0.0335618 0.0237558 0.0557428 
0.145714 0.0749513 0.038952 
0.277678 0.188506 0.116899 
0.346049 0.270707 0.197711 
0.318445 0.272537 0.223249 
0.215026 0.197275 0.180592 
0.0943302 0.0922433 0.100758 
0.0181822 0.0175118 0.0352545 
0.00894127 0.00275938 0.0171577 
0.0381398 0.0309857 0.0420152 
0.0633119 0.0682473 0.0890923 
0.0708545 0.101026 0.149971 
0.0718487 0.130911 0.219199 
0.0652858 0.14174 0.26375 
0.0361254 0.105531 0.236582 
0.00427314 0.0399501 0.144387 
0.0483814 0.0355403 0.0827883 
0.239191 0.183159 0.163186 
0.5392 0.461286 0.389238 
0.795482 0.719816 0.626572 
0.858266 0.800435 0.71656 
0.707723 0.672817 0.617249 
0.457245 0.444664 0.422942 
0.241609 0.24866 0.256636 
0.116828 0.137871 0.165091 
0.060485 0.0857037 0.11758 
0.0363719 0.0546347 0.0761122 
0.0346725 0.0392061 0.0404978 
0.0596282 0.0514659 0.0323386 
0.107625 0.0939427 0.0627316 
0.170559 0.15936 0.126955 
0.245937 0.240598 0.213898 
0.324279 0.321114 0.30084 
0.369213 0.359997 0.343878 
0.333159 0.312076 0.299491 
0.210663 0.181325 0.173998 
0.0703148 0.0466029 0.0439911 
0.0124413 0.0106574 0.00478175 
0.0809512 0.108309 0.0847146 
0.219465 0.268332 0.214804 
0.32205 0.375426 0.292468 
0.327181 0.371495 0.275867 
0.259182 0.294096 0.211687 
0.185333 0.222833 0.175359 
0.148105 0.20229 0.196774 
0.143203 0.219412 0.246802 
0.146591 0.237486 0.279676 
