0.627426 0.644499 0.436542 
0.458737 0.50688 0.324593 
0.306888 0.37536 0.24696 
0.15873 0.217923 0.144966 
0.0435977 0.0656352 0.0372573 
0.0284096 0.00579473 0.0128536 
0.140456 0.0870539 0.123271 
0.322024 0.258038 0.310813 
0.476488 0.412582 0.456759 
0.554145 0.48723 0.490928 
0.585754 0.505991 0.444841 
0.636278 0.536744 0.40561 
0.732447 0.61557 0.431155 
0.830859 0.711359 0.50713 
0.847108 0.750842 0.567875 
0.7199 0.674881 0.549377 
0.466611 0.486185 0.435103 
0.190246 0.25941 0.272072 
0.0206203 0.10148 0.147674 
0.020318 0.0801082 0.134794 
0.130564 0.172537 0.239765 
0.216891 0.283842 0.396512 
0.187911 0.326106 0.515359 
0.0794542 0.286804 0.543784 
0.0164769 0.220758 0.486973 
0.0832438 0.1791 0.381865 
0.230783 0.156123 0.26529 
0.319427 0.112447 0.169415 
0.2581 0.0437063 0.131115 
0.101172 0.0098653 0.180624 
0.00459244 0.0837303 0.307964 
0.083455 0.269117 0.447834 
0.308481 0.476023 0.514612 
0.53605 0.58273 0.463842 
0.636721 0.528648 0.322109 
0.603415 0.358701 0.159597 
0.554629 0.195154 0.0429005 
0.647793 0.175947 0.0224708 
0.97913 0.403683 0.156091 
1.52859 0.91006 0.511826 
2.15957 1.62261 1.1094 
2.66218 2.35064 1.84108 
2.83373 2.83472 2.46711 
2.57813 2.86934 2.7305 
1.97211 2.42938 2.51923 
1.23905 1.69719 1.94247 
0.628266 0.954318 1.25301 
0.27927 0.416432 0.682309 
0.171777 0.138376 0.323973 
0.191248 0.0482018 0.142865 
0.240576 0.0533526 0.0673697 
0.298271 0.11283 0.0620228 
0.386834 0.224482 0.123698 
0.503157 0.368221 0.233131 
0.589541 0.480615 0.331272 
0.573415 0.491132 0.350706 
0.434724 0.382963 0.270002 
0.237685 0.219027 0.137578 
0.0989922 0.108316 0.043104 
0.117013 0.138183 0.0596286 
0.311785 0.320418 0.198106 
0.612313 0.583535 0.401037 
0.894458 0.81131 0.574095 
1.04418 0.902463 0.635059 
1.01056 0.819117 0.554718 
0.821996 0.600635 0.370984 
0.560554 0.338395 0.170493 
0.314025 0.127928 0.0476105 
0.137035 0.0270344 0.0626893 
0.0440486 0.0431373 0.221592 
0.0310284 0.15142 0.484336 
0.0990313 0.322336 0.790842 
0.253291 0.532404 1.0822 
0.477902 0.751939 1.30564 
0.715654 0.930211 1.41166 
0.884043 1.00514 1.36163 
0.925358 0.940457 1.15093 
0.850815 0.760345 0.82851 
0.73602 0.54492 0.486803 
0.665803 0.382144 0.217903 
0.673397 0.313059 0.0657195 
0.724608 0.315645 0.0122144 
0.755383 0.336978 0.00737698 
0.723628 0.339466 0.0134211 
0.630581 0.31952 0.0241232 
0.504162 0.290855 0.0492036 
0.372604 0.260302 0.0888217 
0.254724 0.223662 0.127311 
0.164317 0.178977 0.148071 
0.110263 0.134281 0.147671 
0.0880718 0.098913 0.133185 
0.0782061 0.0721022 0.110456 
0.0612764 0.0459796 0.0806721 
0.0363129 0.0192316 0.0480392 
0.0196689 0.00214581 0.0247621 
0.0239085 0.00519613 0.0237094 
0.0418592 0.0259751 0.0469284 
0.0564677 0.0521108 0.0843185 
0.065425 0.0764949 0.123063 
0.0894884 0.104147 0.154601 
0.15088 0.140526 0.171455 
0.243282 0.175976 0.162953 
0.326537 0.187965 0.122388 
0.35401 0.162073 0.0616595 
0.307668 0.109606 0.0144362 
0.210095 0.0620323 0.017021 
0.106359 0.0469428 0.0803058 
0.0342608 0.0683924 0.178482 
0.00580904 0.107713 0.265628 
0.00853953 0.140046 0.305667 
0.0201553 0.150135 0.291199 
0.0246284 0.136848 0.239974 
0.0203994 0.108234 0.177632 
0.017121 0.0743998 0.122655 
0.0248777 0.0431177 0.0818303 
0.0457486 0.0191794 0.0539016 
0.0756141 0.00653407 0.0352258 
0.113462 0.010819 0.0238561 
0.166711 0.0394147 0.0220762 
0.245577 0.0987716 0.0384972 
0.353009 0.192387 0.0890314 
0.481966 0.321389 0.192962 
0.620635 0.483184 0.360072 
0.753858 0.662342 0.572 
0.855084 0.819156 0.772738 
0.882582 0.893941 0.885841 
0.798292 0.838096 0.857927 
0.603203 0.654561 0.6996 
0.355169 0.409913 0.486183 
0.142004 0.197803 0.309565 
0.0252419 0.0786587 0.217219 
0.00303199 0.0466356 0.189405 
0.0244899 0.0505982 0.171301 
0.0381557 0.0448992 0.126497 
0.0278212 0.0217436 0.0630719 
0.00886556 0.0020802 0.015761 
0.000149043 0.00437151 0.00951998 
0.00421822 0.0252634 0.0394015 
0.0104574 0.0456275 0.0782235 
0.00986076 0.0492218 0.0983181 
0.00370979 0.035013 0.0886465 
0.000266774 0.0154154 0.0581174 
0.005773 0.00497615 0.0260102 
0.0187234 0.0092899 0.00719831 
0.0319374 0.0227831 0.00370439 
0.0400016 0.0368873 0.00974299 
0.044284 0.0499121 0.0237338 
0.0494607 0.0670022 0.0517106 
0.0552233 0.089639 0.0963243 
0.0541168 0.108049 0.145011 
0.0400866 0.107847 0.174401 
0.018146 0.084589 0.16881 
0.00246602 0.0492309 0.132923 
0.00404115 0.0185225 0.0858255 
0.0220768 0.00234182 0.0453268 
0.047732 0.00108404 0.0193965 
0.0728507 0.011125 0.00833214 
0.0921612 0.0276997 0.00859014 
0.0995261 0.0429174 0.0132694 
0.0882946 0.0467617 0.0140528 
0.0590915 0.0348246 0.0076863 
0.0260883 0.0152438 0.000762917 
0.012261 0.00599732 0.00609833 
0.0349599 0.0234415 0.0335809 
0.0916792 0.0703092 0.0834635 
0.156105 0.130431 0.145032 
0.190111 0.17434 0.199225 
0.169025 0.17651 0.226097 
0.104289 0.135857 0.217343 
0.041008 0.0813017 0.185106 
0.0246049 0.0512129 0.154951 
0.0628054 0.0616215 0.145553 
0.120317 0.0945464 0.155113 
0.152936 0.119022 0.168792 
0.145962 0.121205 0.176397 
0.118864 0.111214 0.178534 
0.0983982 0.104756 0.177967 
0.0954391 0.106921 0.173689 
0.107642 0.116039 0.167427 
0.133339 0.134135 0.168833 
0.172404 0.163406 0.184577 
0.215342 0.193552 0.202745 
0.242085 0.203014 0.197947 
0.238218 0.179655 0.158834 
0.210458 0.137559 0.107322 
0.182117 0.107719 0.0834192 
0.172828 0.110752 0.108597 
0.183076 0.139703 0.165541 
0.195645 0.167647 0.213114 
0.188967 0.168915 0.218517 
0.151526 0.135168 0.177108 
0.090533 0.0790173 0.109892 
0.0308686 0.0278984 0.0491786 
0.0021829 0.0111826 0.0239938 
0.0197612 0.0438578 0.048437 
0.0730978 0.11565 0.114752 
0.132487 0.195349 0.196133 
0.168655 0.249411 0.26072 
0.1698 0.261415 0.2886 
0.145376 0.238918 0.28013 
0.118505 0.205887 0.251557 
0.114884 0.189184 0.22399 
0.153251 0.207817 0.214129 
0.238656 0.267783 0.230018 
0.359394 0.360734 0.269704 
0.488647 0.464523 0.320274 
0.590963 0.546384 0.358549 
0.632827 0.571785 0.357827 
0.595712 0.519729 0.302369 
0.486707 0.397781 0.202482 
0.338665 0.244248 0.0965164 
0.19567 0.110514 0.0320035 
0.091051 0.0326209 0.0356084 
0.0333616 0.012853 0.0946589 
0.0101286 0.0254106 0.166227 
0.00379417 0.0397426 0.206902 
0.00468834 0.0408428 0.198993 
0.011492 0.0316294 0.154051 
0.0235808 0.0212568 0.0964361 
0.0369172 0.0149777 0.0457344 
0.0487217 0.0148682 0.0119959 
0.0637353 0.0252246 4.32724e-06 
0.0909909 0.0505718 0.00987763 
0.130722 0.0856003 0.0315378 
0.16552 0.111158 0.0454574 
0.169822 0.107951 0.0388989 
0.133205 0.0785386 0.025155 
0.0749318 0.052916 0.0406239 
0.0327132 0.0661212 0.113475 
0.034469 0.126993 0.23166 
0.0792439 0.209451 0.345299 
0.142241 0.27442 0.40448 
0.19384 0.29828 0.395235 
0.213654 0.280912 0.339779 
0.194259 0.233734 0.268042 
0.141939 0.168782 0.195647 
0.0768185 0.0995946 0.127214 
0.0251012 0.0430562 0.0693691 
0.0023991 0.0111975 0.0311201 
0.00285064 0.00135511 0.0135644 
0.00812099 0.000337256 0.0076852 
0.00826287 9.24856e-05 0.00514078 
0.0103423 0.00484044 0.00619783 
0.0244675 0.0197904 0.0133381 
0.0453154 0.0371251 0.0213475 
0.0540316 0.040265 0.0206791 
0.0405475 0.0237195 0.0110176 
0.0201386 0.00394072 0.0052737 
0.0227059 0.00554241 0.0156302 
0.0634739 0.0361543 0.0376583 
0.124739 0.0767247 0.0525964 
