0.584014 0.856265 0.929679 
0.842402 1.12925 1.12323 
1.11491 1.40756 1.31958 
1.34781 1.63284 1.46635 
1.48154 1.74242 1.50743 
1.47479 1.69742 1.41179 
1.32589 1.50487 1.19435 
1.07779 1.21983 0.915683 
0.801668 0.924233 0.658704 
0.566543 0.692056 0.49289 
0.410981 0.558775 0.444254 
0.331927 0.511042 0.48649 
0.29608 0.501522 0.557778 
0.26635 0.480151 0.594241 
0.227623 0.424237 0.562401 
0.19671 0.35073 0.47375 
0.210584 0.303944 0.37426 
0.299419 0.32565 0.315171 
0.459993 0.424488 0.321572 
0.645717 0.562708 0.376547 
0.781407 0.669452 0.430222 
0.797872 0.675566 0.429139 
0.669912 0.552625 0.349772 
0.43782 0.335372 0.217239 
0.199337 0.114477 0.0983089 
0.0734244 0.00166069 0.0720637 
0.151763 0.0835742 0.193792 
0.460477 0.386295 0.470626 
0.949396 0.866003 0.859797 
1.51203 1.42734 1.28737 
2.02455 1.95775 1.67527 
2.38485 2.36085 1.96302 
2.53633 2.5768 2.11688 
2.47167 2.58689 2.12835 
2.22251 2.40777 2.00818 
1.84427 2.08194 1.78126 
1.40278 1.66812 1.4829 
0.963705 1.23095 1.15411 
0.58277 0.829281 0.83458 
0.296388 0.504651 0.555078 
0.115571 0.274242 0.333274 
0.0269577 0.13178 0.17497 
0.00199941 0.0560538 0.0791579 
0.0104863 0.0224329 0.0426305 
0.0316761 0.0116422 0.0608835 
0.0577282 0.012519 0.125594 
0.0889968 0.0196477 0.222007 
0.125641 0.0294484 0.329574 
0.161745 0.0380302 0.426373 
0.185891 0.0417851 0.494838 
0.187572 0.0393652 0.525398 
0.164995 0.0328902 0.516356 
0.128751 0.0270833 0.471011 
0.0982963 0.0267121 0.39476 
0.0926716 0.0342429 0.29484 
0.12109 0.0502431 0.183868 
0.180117 0.0781531 0.0860953 
0.260862 0.132377 0.0429783 
0.362969 0.245071 0.112964 
0.506148 0.46487 0.360818 
0.728902 0.842657 0.835628 
1.0703 1.40609 1.54327 
1.54137 2.13294 2.42543 
2.10146 2.93806 3.3585 
2.65565 3.68533 4.17873 
3.07941 4.22452 4.72801 
3.26222 4.4399 4.90288 
3.15031 4.28958 4.68604 
2.76817 3.8183 4.14731 
2.20886 3.13878 3.41503 
1.59883 2.39148 2.63213 
1.0544 1.70129 1.91583 
0.649046 1.14809 1.33522 
0.402599 0.759058 0.909987 
0.291597 0.51949 0.624258 
0.270958 0.392489 0.445296 
0.295011 0.337173 0.338618 
0.329969 0.319722 0.276159 
0.35653 0.316764 0.238366 
0.366204 0.314004 0.213007 
0.356395 0.303568 0.193151 
0.327738 0.282327 0.175648 
0.284585 0.25191 0.160549 
0.237478 0.219918 0.151431 
0.205283 0.201048 0.156115 
0.214332 0.216247 0.186548 
0.292472 0.287983 0.256191 
0.457798 0.431069 0.373994 
0.70513 0.641286 0.536177 
0.996709 0.887192 0.719738 
1.2645 1.1116 0.882822 
1.42796 1.24625 0.975155 
1.42336 1.23675 0.956673 
1.23295 1.06771 0.816915 
0.899236 0.775583 0.585248 
0.515095 0.440836 0.325069 
0.191777 0.160858 0.112733 
0.0184526 0.0149668 0.00996855 
0.0314406 0.0370327 0.0421183 
0.206055 0.207148 0.191482 
0.472351 0.463997 0.407266 
0.744847 0.730008 0.6259 
0.951729 0.937189 0.792022 
1.05246 1.044 0.872335 
1.0406 1.03998 0.859582 
0.935765 0.940597 0.768468 
0.771381 0.777393 0.627346 
0.583587 0.587498 0.469 
0.403506 0.404905 0.322546 
0.25287 0.254243 0.207663 
0.142378 0.147606 0.132042 
0.0724686 0.0848214 0.0925142 
0.0362761 0.0569351 0.0792162 
0.024006 0.051563 0.080882 
0.0271727 0.0578716 0.0889037 
0.0409319 0.0691366 0.0986053 
0.0635041 0.0821563 0.107895 
0.0932498 0.0946029 0.114979 
0.125497 0.102631 0.117184 
0.151684 0.100883 0.111945 
0.162165 0.0853793 0.0992945 
0.151507 0.0574977 0.0838242 
0.122865 0.0258763 0.0740489 
0.0878805 0.00382281 0.0785442 
0.0610654 0.00263084 0.100523 
0.0515895 0.0244386 0.134155 
0.0577792 0.0594872 0.165621 
0.0684302 0.0904696 0.179363 
0.0705519 0.102106 0.166521 
0.0585025 0.0901898 0.13051 
0.0381927 0.0641316 0.085806 
0.0233437 0.0410638 0.0500881 
0.0263942 0.0352318 0.0343477 
0.0503874 0.0496719 0.0373227 
0.0872552 0.0755584 0.0480285 
0.123151 0.0992132 0.0547343 
0.146568 0.111492 0.0541713 
0.153573 0.112935 0.054408 
0.147315 0.111521 0.0691691 
0.13348 0.115367 0.107448 
0.11594 0.126186 0.16573 
0.0957638 0.138218 0.228422 
0.0733675 0.142935 0.276308 
0.0509237 0.135447 0.297216 
0.0323647 0.117631 0.291634 
0.0209213 0.0959522 0.269801 
0.0166616 0.0762403 0.243038 
0.0166534 0.0599307 0.216029 
0.0180273 0.0447728 0.185684 
0.0214255 0.0291428 0.146951 
0.0315906 0.0160522 0.100619 
0.0539851 0.0131729 0.0567605 
0.0897041 0.0284478 0.0308705 
0.13276 0.0644584 0.0352637 
0.172391 0.115769 0.0716252 
0.199277 0.171178 0.12957 
0.211337 0.21914 0.191741 
0.214728 0.252496 0.241828 
0.21906 0.269696 0.270797 
0.230137 0.272731 0.278693 
0.245454 0.264392 0.272519 
0.255741 0.247329 0.262412 
0.251423 0.225118 0.258007 
0.229412 0.20338 0.265645 
0.195597 0.188894 0.286446 
0.161609 0.186605 0.3156 
0.138408 0.196562 0.343571 
0.130974 0.21322 0.359369 
0.137141 0.227967 0.354796 
0.150597 0.233486 0.327714 
0.165653 0.227516 0.282831 
0.180858 0.214104 0.229921 
0.199618 0.201936 0.180589 
0.227639 0.200516 0.144858 
0.268388 0.215559 0.128254 
0.318703 0.245205 0.12978 
0.367004 0.278862 0.14148 
0.39595 0.300054 0.150634 
0.389365 0.293106 0.144847 
0.34056 0.251089 0.118316 
0.257499 0.180816 0.0759359 
0.161179 0.101454 0.0322004 
0.0772661 0.0366838 0.0046819 
0.0251485 0.00425582 0.00531434 
0.0103254 0.00855433 0.0343819 
0.024016 0.0399723 0.0805625 
0.0494755 0.0807996 0.126697 
0.070773 0.11375 0.157688 
0.0791472 0.128481 0.166208 
0.0744556 0.123522 0.153774 
0.0625425 0.104095 0.12773 
0.0512589 0.0782196 0.0966493 
0.0475646 0.0535071 0.0668585 
0.0565361 0.0357277 0.0414807 
0.0816134 0.0288024 0.0216469 
0.124859 0.035132 0.00829222 
0.186319 0.0552649 0.00282426 
0.262395 0.086699 0.00597638 
0.344157 0.122702 0.0158162 
0.417233 0.152741 0.0270192 
0.464725 0.165654 0.0330029 
0.47304 0.15482 0.0302662 
0.438193 0.122471 0.0218417 
0.368855 0.0797102 0.0164275 
0.283627 0.0411141 0.022552 
0.203561 0.0167598 0.0413642 
0.144323 0.00712845 0.0638007 
0.112645 0.00490235 0.0754712 
0.108354 0.00260847 0.0667806 
0.128788 0.000157908 0.0410301 
0.170766 0.0058657 0.0138234 
0.228145 0.0294823 0.00327459 
0.287978 0.0724465 0.0177159 
0.330753 0.123409 0.0499509 
0.337444 0.163352 0.0823701 
0.300011 0.177081 0.0990037 
0.227852 0.162599 0.0954287 
0.144458 0.131398 0.079501 
0.075426 0.0997115 0.0633518 
0.0354716 0.0777276 0.0537564 
0.0229847 0.0648018 0.0485254 
0.025034 0.0534604 0.0409319 
0.0281624 0.0378633 0.0274186 
0.0267439 0.0193702 0.0115842 
0.0235985 0.00502873 0.00124307 
0.0241238 0.00105398 0.0015504 
0.0298949 0.00731282 0.0104063 
0.0370395 0.0174232 0.0201097 
0.0399203 0.0239897 0.0237638 
0.0361628 0.0242621 0.0209927 
0.0284642 0.0215223 0.0182549 
0.0219114 0.0213737 0.0235285 
0.0195088 0.0263238 0.0395871 
0.0199196 0.033221 0.0610329 
0.0192879 0.035584 0.0772861 
0.0155182 0.0289591 0.0793802 
0.0114428 0.0152193 0.0659168 
0.0142262 0.00262176 0.044375 
0.0311619 0.001483 0.0271789 
0.064537 0.0182129 0.0251219 
0.108831 0.05135 0.0420044 
0.152074 0.0918613 0.0732248 
0.180783 0.127416 0.108596 
0.185995 0.148181 0.137401 
0.16734 0.151033 0.152821 
0.133167 0.140141 0.153681 
0.0967162 0.123968 0.14321 
0.070354 0.110636 0.126207 
0.0607759 0.104316 0.106574 
0.0674148 0.104361 0.0864568 
0.0843383 0.10709 0.0668586 
