0.433091 0.126126 0.301583 
0.310464 0.15022 0.471278 
0.281829 0.258637 0.636155 
0.367426 0.431221 0.750542 
0.552423 0.636827 0.797155 
0.765634 0.827739 0.789141 
0.904658 0.954708 0.767614 
0.902839 0.996118 0.786269 
0.790869 0.978531 0.882947 
0.70129 0.970914 1.05564 
0.804517 1.0557 1.26594 
1.21388 1.2934 1.47117 
1.91553 1.69439 1.65557 
2.76105 2.20488 1.82886 
3.526 2.71643 1.99668 
4.00589 3.10632 2.14166 
4.10204 3.29598 2.24152 
3.85216 3.29024 2.30352 
3.39087 3.16343 2.36885 
2.86815 2.99858 2.47088 
2.37909 2.82704 2.58477 
1.94463 2.61649 2.62176 
1.54328 2.3143 2.48396 
1.16092 1.9092 2.1418 
0.819874 1.46244 1.6762 
0.567681 1.08271 1.24947 
0.434863 0.858372 1.01552 
0.397312 0.794063 1.02355 
0.383649 0.805705 1.18624 
0.336369 0.790964 1.34825 
0.279699 0.724422 1.41127 
0.319103 0.686291 1.40866 
0.545092 0.778395 1.4516 
0.913581 0.992768 1.58895 
1.22751 1.16862 1.72218 
1.27168 1.10881 1.67831 
1.00138 0.767081 1.38404 
0.606083 0.322718 0.963997 
0.365654 0.0481031 0.647755 
0.414301 0.0770816 0.564439 
0.630102 0.292697 0.628818 
0.757073 0.445024 0.636136 
0.642645 0.383817 0.469252 
0.362588 0.178879 0.207075 
0.123166 0.0206215 0.0303121 
0.0540753 0.0174374 0.032302 
0.103923 0.100942 0.133017 
0.130918 0.125597 0.175956 
0.082281 0.04905 0.0987928 
0.0822651 0.0116723 0.00843126 
0.353219 0.246737 0.1021 
1.04596 0.9076 0.519811 
2.10919 1.94509 1.24685 
3.27263 3.10136 2.11166 
4.14423 4.00658 2.85316 
4.38182 4.33384 3.22224 
3.87024 3.95596 3.09287 
2.80439 3.02547 2.53709 
1.5992 1.90684 1.80093 
0.657999 0.977003 1.16821 
0.157241 0.4248 0.798226 
0.00883471 0.198344 0.662528 
0.0102074 0.125046 0.622425 
0.0284668 0.0781101 0.561887 
0.0572591 0.041546 0.454421 
0.134491 0.0497396 0.330655 
0.247332 0.10444 0.217253 
0.335306 0.168746 0.124193 
0.371946 0.228884 0.0780205 
0.417489 0.335895 0.139547 
0.576935 0.571099 0.369719 
0.904178 0.968089 0.773344 
1.34321 1.46624 1.2757 
1.75296 1.933 1.7518 
1.98615 2.22964 2.0809 
1.96055 2.27041 2.18762 
1.6854 2.04668 2.05445 
1.24584 1.61971 1.71539 
0.767502 1.0979 1.24502 
0.37792 0.608053 0.746034 
0.171894 0.262109 0.328422 
0.185929 0.123884 0.0776026 
0.390502 0.189111 0.0237771 
0.706344 0.393285 0.133862 
1.03986 0.647752 0.336821 
1.32179 0.885413 0.568327 
1.5313 1.09005 0.804518 
1.69359 1.29217 1.0618 
1.84696 1.53061 1.36183 
1.99013 1.79615 1.68172 
2.04509 1.99357 1.92362 
1.88427 1.96861 1.94201 
1.43544 1.61679 1.64209 
0.797062 1.01369 1.09924 
0.245894 0.44556 0.591645 
0.0813537 0.263205 0.467525 
0.402667 0.632714 0.901916 
1.00836 1.38113 1.72862 
1.52318 2.08618 2.50963 
1.65546 2.35488 2.81434 
1.37073 2.06908 2.49443 
0.85877 1.41602 1.7458 
0.368993 0.722836 0.941532 
0.0804577 0.263289 0.401025 
0.0789769 0.167817 0.262589 
0.374771 0.426547 0.486419 
0.882935 0.909235 0.910636 
1.39861 1.38753 1.30774 
1.6617 1.61196 1.46037 
1.51881 1.45157 1.26923 
1.05145 0.997432 0.82844 
0.531634 0.51454 0.378396 
0.221765 0.253523 0.140957 
0.192504 0.276741 0.165642 
0.315903 0.449428 0.322313 
0.417239 0.589273 0.441029 
0.423746 0.620666 0.4601 
0.377952 0.593847 0.445 
0.339545 0.579952 0.479251 
0.306361 0.574783 0.555624 
0.237002 0.51415 0.582704 
0.126896 0.368531 0.49131 
0.0319282 0.198833 0.32062 
0.00879527 0.107534 0.191951 
0.0510326 0.142236 0.200283 
0.108031 0.259635 0.335179 
0.168748 0.383109 0.501922 
0.300815 0.478729 0.60575 
0.57727 0.560601 0.609225 
0.958822 0.629991 0.523673 
1.27055 0.637344 0.376467 
1.3242 0.527515 0.207222 
1.07969 0.321219 0.0850499 
0.688187 0.132153 0.0957028 
0.374249 0.0869385 0.283874 
0.270662 0.224241 0.604426 
0.350953 0.471888 0.943015 
0.49317 0.71504 1.19564 
0.587625 0.878728 1.3325 
0.591897 0.951572 1.39065 
0.517593 0.952964 1.41593 
0.396299 0.896849 1.41718 
0.261694 0.785533 1.36643 
0.145778 0.62317 1.22719 
0.0786987 0.429594 0.982618 
0.096354 0.253315 0.658058 
0.254005 0.182088 0.338352 
0.617948 0.326431 0.158411 
1.21045 0.753842 0.241315 
1.93652 1.40303 0.604097 
2.56987 2.05771 1.10589 
2.84824 2.43598 1.50347 
2.63219 2.35512 1.59423 
2.00821 1.85186 1.34271 
1.24815 1.16119 0.89166 
0.6518 0.569145 0.453489 
0.391045 0.254287 0.17526 
0.460369 0.228775 0.0799869 
0.739819 0.394136 0.107035 
1.09119 0.635363 0.188197 
1.40917 0.870816 0.284368 
1.61761 1.04377 0.369289 
1.65704 1.10338 0.407064 
1.50013 1.01727 0.365775 
1.181 0.804163 0.254607 
0.795621 0.540619 0.135066 
0.456043 0.319641 0.0808637 
0.229417 0.191228 0.117373 
0.112291 0.1375 0.197588 
0.0602139 0.104882 0.240179 
0.0431023 0.0636337 0.198818 
0.0745907 0.0404569 0.103833 
0.1893 0.0943558 0.0405393 
0.391807 0.256721 0.0811369 
0.62795 0.488641 0.224929 
0.806822 0.693256 0.394179 
0.85322 0.772993 0.487282 
0.74629 0.686439 0.446673 
0.522937 0.468346 0.293643 
0.26096 0.211886 0.114437 
0.0601376 0.0319456 0.0149408 
0.0140126 0.0198184 0.0680878 
0.161119 0.194338 0.271454 
0.442053 0.474395 0.535257 
0.71586 0.711053 0.722379 
0.847971 0.779668 0.732139 
0.80239 0.665628 0.570038 
0.651653 0.464323 0.338626 
0.497977 0.293364 0.152199 
0.391482 0.205098 0.0570937 
0.324515 0.181695 0.0329961 
0.284363 0.196059 0.0565515 
0.282794 0.250342 0.138051 
0.326575 0.346966 0.28455 
0.380304 0.443971 0.445174 
0.383527 0.468793 0.523842 
0.308726 0.385543 0.461119 
0.190408 0.237219 0.296512 
0.091191 0.111133 0.139276 
0.045814 0.0645626 0.0767717 
0.0417125 0.0867156 0.111833 
0.0446176 0.125208 0.180526 
0.0339666 0.140844 0.220234 
0.021761 0.143722 0.225611 
0.0545602 0.193387 0.25687 
0.197602 0.36577 0.400118 
0.492026 0.695479 0.698466 
0.901324 1.12237 1.09226 
1.29962 1.49409 1.42251 
1.5366 1.64988 1.52172 
1.53704 1.53253 1.33668 
1.34465 1.22864 0.97575 
1.07081 0.894717 0.627266 
0.807952 0.64014 0.419025 
0.596146 0.479087 0.349038 
0.455361 0.381267 0.340913 
0.414847 0.341918 0.346838 
0.487587 0.383949 0.383346 
0.625156 0.500549 0.47563 
0.726298 0.622493 0.592239 
0.709076 0.660517 0.652913 
0.574924 0.579733 0.59978 
0.399477 0.427005 0.451473 
0.269515 0.289283 0.285788 
0.238159 0.232707 0.175563 
0.329752 0.276386 0.142352 
0.554498 0.40326 0.161887 
0.889096 0.576771 0.202036 
1.24456 0.748329 0.252814 
1.48211 0.867229 0.325174 
1.49139 0.899336 0.423638 
1.26731 0.83861 0.517609 
0.911089 0.698324 0.541838 
0.555976 0.497284 0.44098 
0.290499 0.266321 0.235025 
0.142045 0.0696473 0.0478812 
0.110459 0.00235751 0.053402 
0.195055 0.14068 0.359349 
0.385113 0.477121 0.915193 
0.638847 0.903139 1.52385 
0.888413 1.26494 1.95491 
1.07077 1.44948 2.07304 
1.15143 1.43216 1.89031 
1.12147 1.26035 1.52434 
0.984779 1.00594 1.1167 
0.759878 0.732499 0.77325 
0.491851 0.487104 0.542317 
0.246752 0.297153 0.414654 
0.0806457 0.16484 0.339434 
0.013136 0.0775743 0.267331 
0.0373688 0.0427712 0.209222 
