0.466629 0.239402 0.236757 
1.24171 0.817772 0.602861 
2.40891 1.77615 1.26446 
3.65317 2.90948 2.13443 
4.48149 3.80693 2.93555 
4.51264 4.0799 3.33964 
3.73875 3.62277 3.1858 
2.52881 2.67853 2.58396 
1.37205 1.65641 1.81653 
0.582102 0.867466 1.13853 
0.1859 0.390484 0.65011 
0.0351211 0.138564 0.325059 
0.000925671 0.0256364 0.134142 
0.0824769 0.0739264 0.132357 
0.360292 0.376414 0.423982 
0.858392 0.958746 1.03385 
1.45182 1.67568 1.80708 
1.91738 2.2548 2.44926 
2.096 2.47091 2.69852 
2.02146 2.3073 2.49499 
1.88808 1.96142 2.00934 
1.8776 1.69023 1.51608 
2.00159 1.62966 1.22367 
2.10189 1.73084 1.18343 
2.00118 1.83961 1.31117 
1.65885 1.82857 1.47151 
1.19431 1.67204 1.55853 
0.774946 1.42896 1.53713 
0.491532 1.18156 1.44347 
0.334922 0.99425 1.35728 
0.262866 0.904274 1.35509 
0.251479 0.908767 1.45159 
0.274607 0.938985 1.55826 
0.276283 0.875794 1.51393 
0.218385 0.646263 1.20725 
0.157028 0.326404 0.705029 
0.212446 0.109073 0.239869 
0.415287 0.120117 0.0233237 
0.611425 0.270804 0.0552238 
0.592899 0.342189 0.144147 
0.350115 0.237829 0.131901 
0.143162 0.1138 0.0683986 
0.263234 0.21282 0.130707 
0.724863 0.580859 0.38684 
1.23436 0.995471 0.692396 
1.4697 1.18614 0.838589 
1.35768 1.08658 0.763427 
1.06747 0.845927 0.580999 
0.786902 0.630817 0.426108 
0.56658 0.476041 0.324136 
0.372358 0.3309 0.225033 
0.214722 0.190241 0.117571 
0.170486 0.12742 0.0629571 
0.292462 0.208123 0.120633 
0.544061 0.413296 0.276671 
0.834849 0.65998 0.459048 
1.09453 0.874853 0.604761 
1.29763 1.03158 0.697129 
1.43984 1.1346 0.75092 
1.52431 1.19601 0.784546 
1.57529 1.23327 0.810544 
1.63889 1.26916 0.836632 
1.74533 1.31536 0.862409 
1.86899 1.3571 0.877508 
1.93931 1.36526 0.871761 
1.90232 1.32846 0.848517 
1.77277 1.2683 0.82184 
1.6216 1.21616 0.796046 
1.50684 1.17264 0.75004 
1.41267 1.09247 0.648431 
1.25753 0.91712 0.47569 
0.971213 0.632762 0.265234 
0.578793 0.305626 0.0957012 
0.217757 0.0602359 0.0511325 
0.0651537 0.00898017 0.169477 
0.221378 0.178694 0.412861 
0.631705 0.483658 0.678092 
1.10154 0.764437 0.841312 
1.39909 0.872102 0.815265 
1.38425 0.752376 0.596269 
1.08722 0.483223 0.281591 
0.68821 0.239202 0.0409209 
0.405673 0.190999 0.0373591 
0.356837 0.389854 0.323904 
0.48108 0.712603 0.778095 
0.588498 0.924196 1.14174 
0.513734 0.840674 1.17462 
0.266155 0.485949 0.834283 
0.0476312 0.10906 0.339395 
0.100193 0.0167973 0.0365966 
0.493084 0.332417 0.148092 
1.03182 0.878369 0.597839 
1.38324 1.29638 1.06832 
1.32282 1.31585 1.24567 
0.898309 0.947227 1.04506 
0.378994 0.446177 0.634561 
0.0494791 0.100882 0.266829 
0.0256505 0.0352384 0.0888313 
0.220348 0.172064 0.0819901 
0.444396 0.34 0.137342 
0.540079 0.405844 0.162211 
0.460979 0.340458 0.133139 
0.27393 0.207367 0.0882113 
0.099939 0.106328 0.0898683 
0.0293995 0.104203 0.17803 
0.0622227 0.186361 0.329412 
0.118737 0.265508 0.455577 
0.117989 0.254351 0.461369 
0.0562049 0.147553 0.327588 
0.00943509 0.0336526 0.138822 
0.0541733 0.015601 0.017332 
0.183125 0.11191 0.0200494 
0.302197 0.237801 0.101501 
0.315295 0.28863 0.179541 
0.214706 0.241946 0.229144 
0.0879631 0.173555 0.298478 
0.0358081 0.173449 0.431594 
0.0844224 0.253547 0.593007 
0.176258 0.344477 0.690158 
0.238885 0.378051 0.674992 
0.254631 0.360707 0.609593 
0.264644 0.361619 0.617905 
0.314975 0.436432 0.771175 
0.402508 0.56807 1.02165 
0.466358 0.6757 1.24078 
0.431406 0.677526 1.31729 
0.280345 0.560862 1.23488 
0.103787 0.412874 1.08249 
0.065376 0.375864 0.992569 
0.270777 0.532486 1.03693 
0.641247 0.80556 1.15146 
0.939944 0.989352 1.17143 
0.972875 0.924726 0.977125 
0.784189 0.662803 0.62228 
0.630914 0.435786 0.30363 
0.738985 0.443526 0.187261 
1.083 0.670518 0.270379 
1.41261 0.919753 0.420115 
1.48477 1.01088 0.526935 
1.25681 0.922274 0.587947 
0.870562 0.748573 0.640981 
0.495258 0.565538 0.661027 
0.216081 0.375817 0.567302 
0.0527413 0.179567 0.339832 
0.028286 0.0545159 0.103272 
0.176551 0.128364 0.0675491 
0.48258 0.462644 0.369084 
0.84359 0.970992 0.956429 
1.11201 1.45718 1.61601 
1.18528 1.73719 2.10557 
1.06 1.73941 2.28445 
0.813812 1.51582 2.15718 
0.547412 1.18214 1.82944 
0.334391 0.846634 1.43104 
0.196785 0.568228 1.05783 
0.108575 0.354409 0.754399 
0.0357082 0.196292 0.535367 
0.00155545 0.121375 0.424079 
0.116265 0.214039 0.469815 
0.503868 0.555875 0.709679 
1.15402 1.10979 1.09176 
1.83579 1.65824 1.43748 
2.19664 1.896 1.51748 
2.00629 1.64408 1.21826 
1.34758 1.0123 0.665689 
0.578618 0.350939 0.171146 
0.0928552 0.0132263 0.0139476 
0.0881456 0.132663 0.242854 
0.529542 0.605378 0.682301 
1.27747 1.25351 1.12713 
2.19026 1.95997 1.50617 
3.09016 2.63068 1.83831 
3.70656 3.08938 2.07015 
3.77782 3.1225 2.04843 
3.28214 2.69354 1.70817 
2.53523 2.07345 1.24492 
1.97609 1.667 1.00579 
1.81128 1.66431 1.16513 
1.88023 1.8852 1.54188 
1.87574 1.99018 1.77895 
1.6654 1.82391 1.69361 
1.376 1.52771 1.4237 
1.20044 1.34287 1.24533 
1.18419 1.35874 1.29438 
1.21268 1.46385 1.47651 
1.15905 1.49371 1.60149 
1.00111 1.3813 1.55821 
0.807446 1.17618 1.36859 
0.652538 0.964076 1.12049 
0.561293 0.791425 0.880132 
0.51352 0.65193 0.662612 
0.477045 0.521538 0.464017 
0.436269 0.399093 0.305241 
0.402534 0.31718 0.234556 
0.401378 0.313467 0.28051 
0.441739 0.386662 0.403459 
0.492463 0.480281 0.50514 
0.496149 0.517034 0.5004 
0.417174 0.458038 0.387432 
0.278018 0.332302 0.248064 
0.141726 0.207973 0.176552 
0.0563571 0.135264 0.204484 
0.0231004 0.118502 0.28916 
0.0204971 0.137838 0.365601 
0.0452829 0.182426 0.401082 
0.111516 0.250177 0.400672 
0.211618 0.322353 0.375918 
0.299129 0.359473 0.326379 
0.323354 0.333249 0.252689 
0.27445 0.254636 0.170945 
0.185895 0.161798 0.102443 
0.0996634 0.0864445 0.0564599 
0.0393179 0.0399483 0.0337403 
0.0102265 0.023549 0.0401203 
0.0081276 0.0346091 0.0805032 
0.0219496 0.0605814 0.138487 
0.0385232 0.0810726 0.177851 
0.0523722 0.0849078 0.174047 
0.0696751 0.0815688 0.139611 
0.104033 0.094961 0.11654 
0.173022 0.152248 0.151524 
0.290344 0.273526 0.276017 
0.440202 0.449585 0.485799 
0.554984 0.617277 0.719055 
0.545932 0.67764 0.867221 
0.386582 0.571317 0.841145 
0.164013 0.344118 0.644197 
0.0224726 0.122184 0.374671 
0.0447103 0.0140757 0.152632 
0.196968 0.0436603 0.0499976 
0.389015 0.172706 0.0819238 
0.565166 0.358792 0.229912 
0.722226 0.568882 0.444015 
0.858864 0.753586 0.635991 
0.942907 0.848582 0.713294 
0.940675 0.823453 0.648982 
0.864085 0.722429 0.517407 
0.776249 0.645286 0.450038 
0.754359 0.68613 0.549442 
0.851287 0.886223 0.834906 
1.0818 1.22774 1.2483 
1.42424 1.65059 1.69166 
1.81944 2.06662 2.05955 
2.16736 2.36844 2.25751 
2.34145 2.44986 2.22011 
2.23844 2.24923 1.93774 
1.84726 1.79758 1.4781 
1.28177 1.22674 0.972597 
0.729264 0.708216 0.556298 
0.338736 0.35741 0.299451 
0.142436 0.18529 0.193204 
