2.37395 2.47613 2.01358 
2.15591 2.39175 2.1119 
1.87462 2.18459 2.06516 
1.58237 1.89923 1.88045 
1.31929 1.58572 1.59427 
1.10738 1.28622 1.26227 
0.952668 1.02703 0.943757 
0.851557 0.816903 0.685148 
0.796431 0.650523 0.50804 
0.777114 0.514741 0.406832 
0.778779 0.395458 0.357015 
0.780207 0.283405 0.330266 
0.75714 0.177957 0.308943 
0.69233 0.0884701 0.292808 
0.587965 0.0321678 0.294626 
0.471094 0.0272036 0.326739 
0.383485 0.0808012 0.385443 
0.356334 0.176573 0.442454 
0.383389 0.270266 0.451839 
0.413881 0.304169 0.375387 
0.379794 0.242318 0.219291 
0.250027 0.112661 0.063551 
0.0793528 0.0281702 0.0602203 
0.0119689 0.160156 0.38548 
0.220079 0.660104 1.15459 
0.799742 1.56168 2.33696 
1.68291 2.71905 3.72167 
2.62745 3.82959 4.96673 
3.30723 4.54579 5.72241 
3.46269 4.62679 5.77318 
3.0303 4.04944 5.1257 
2.17568 3.01698 3.99639 
1.21097 1.86099 2.70837 
0.445371 0.89345 1.55726 
0.054125 0.290266 0.717456 
0.0328925 0.0609351 0.226868 
0.246963 0.101344 0.0355732 
0.528526 0.279523 0.068909 
0.757252 0.496766 0.260482 
0.885496 0.69833 0.546035 
0.914532 0.849852 0.844203 
0.857845 0.915855 1.05752 
0.724206 0.864167 1.10418 
0.526825 0.690483 0.959749 
0.300389 0.437377 0.675777 
0.104028 0.18677 0.357556 
0.00382085 0.0272921 0.113582 
0.0469828 0.0177282 0.00865652 
0.245648 0.169128 0.0475784 
0.578874 0.45262 0.192784 
1.00755 0.821953 0.396926 
1.49016 1.23339 0.626336 
1.99127 1.65307 0.864109 
2.48245 2.05422 1.09909 
2.9401 2.4125 1.3152 
3.34281 2.70523 1.49069 
3.66849 2.91367 1.60574 
3.89145 3.025 1.65074 
3.98289 3.03282 1.62906 
3.91886 2.93867 1.55416 
3.69504 2.75562 1.44471 
3.33996 2.51131 1.32007 
2.91523 2.24445 1.196 
2.49722 1.99234 1.07988 
2.14705 1.77466 0.967511 
1.88553 1.58406 0.845638 
1.68831 1.39194 0.70177 
1.50477 1.16801 0.537074 
1.28913 0.90204 0.373536 
1.02585 0.614303 0.248374 
0.735763 0.347855 0.196655 
0.462501 0.147889 0.231624 
0.249522 0.0407268 0.33486 
0.121277 0.0239663 0.462673 
0.0765842 0.0711515 0.565159 
0.0939541 0.145674 0.606934 
0.143032 0.214986 0.578626 
0.1958 0.258794 0.494876 
0.234076 0.270341 0.382776 
0.252799 0.253809 0.269007 
0.259729 0.221129 0.172366 
0.271822 0.189165 0.103225 
0.308289 0.176083 0.066678 
0.381284 0.195727 0.064852 
0.487084 0.250944 0.0961742 
0.602126 0.329226 0.152964 
0.687813 0.404583 0.220863 
0.704904 0.447285 0.282742 
0.633377 0.43876 0.326504 
0.489247 0.385019 0.352912 
0.328808 0.320994 0.378454 
0.234857 0.301493 0.430372 
0.28756 0.380789 0.535148 
0.530929 0.588935 0.705484 
0.949511 0.915282 0.931851 
1.46643 1.30678 1.18246 
1.96466 1.68209 1.41141 
2.3232 1.95571 1.57145 
2.4542 2.0631 1.62652 
2.32765 1.97841 1.56077 
1.97693 1.72039 1.38267 
1.48604 1.34662 1.1242 
0.964715 0.938601 0.835547 
0.520019 0.581871 0.575053 
0.23157 0.345348 0.395253 
0.135585 0.264154 0.327259 
0.220144 0.330261 0.368504 
0.43182 0.494377 0.479923 
0.691703 0.680216 0.596805 
0.917015 0.808498 0.652352 
1.04312 0.823719 0.605941 
1.04004 0.713872 0.463207 
0.918298 0.514115 0.276076 
0.721489 0.290999 0.119448 
0.507614 0.112829 0.0539841 
0.326428 0.0197263 0.0942501 
0.20269 0.00866373 0.200993 
0.132985 0.0415631 0.30364 
0.0966725 0.0714737 0.340798 
0.0733271 0.0707312 0.294306 
0.0553478 0.0437101 0.195564 
0.0482538 0.0171205 0.100746 
0.0602582 0.0161838 0.0524006 
0.0904742 0.0445398 0.0540746 
0.125622 0.0822328 0.0746773 
0.148011 0.102119 0.0773438 
0.148614 0.091271 0.0497509 
0.135527 0.0611094 0.012833 
0.132482 0.039971 0.00258911 
0.170172 0.0561927 0.0412038 
0.277559 0.126449 0.121926 
0.477449 0.257746 0.220502 
0.784028 0.457964 0.323831 
1.19691 0.741316 0.451757 
1.69071 1.11939 0.652438 
2.20739 1.58214 0.972031 
2.66227 2.08446 1.41939 
2.96786 2.55245 1.95091 
3.067 2.90988 2.48635 
2.95699 3.11032 2.94564 
2.69024 3.15576 3.28379 
2.3507 3.09181 3.50487 
2.02069 2.98459 3.65105 
1.75625 2.89358 3.77597 
1.58021 2.85249 3.91695 
1.4883 2.86188 4.07609 
1.45715 2.89037 4.21473 
1.44824 2.88246 4.26283 
1.41217 2.77421 4.14281 
1.30121 2.5175 3.80327 
1.09069 2.10609 3.24995 
0.797528 1.58918 2.55696 
0.479982 1.05943 1.84671 
0.212884 0.616266 1.24379 
0.0504855 0.322721 0.825278 
0.000198707 0.18118 0.59541 
0.0243646 0.142719 0.498586 
0.0675792 0.142675 0.461153 
0.0893875 0.137921 0.43437 
0.0803838 0.122307 0.412631 
0.0548261 0.114656 0.420169 
0.0316406 0.134201 0.481542 
0.0224019 0.185027 0.599708 
0.0347553 0.259863 0.755463 
0.0828655 0.354936 0.923065 
0.188641 0.477927 1.08497 
0.366127 0.638365 1.23237 
0.599016 0.827221 1.35317 
0.83171 1.00456 1.42133 
0.987367 1.11 1.40122 
1.00625 1.09333 1.2674 
0.880531 0.945881 1.02675 
0.661325 0.710643 0.725649 
0.431912 0.462743 0.43445 
0.263597 0.272048 0.217128 
0.182131 0.170896 0.103643 
0.164429 0.145734 0.0808513 
0.16468 0.155269 0.105976 
0.150576 0.161575 0.133582 
0.126067 0.154617 0.140675 
0.128 0.157008 0.137433 
0.20119 0.208772 0.159923 
0.368558 0.342681 0.250074 
0.613783 0.563996 0.432931 
0.884929 0.844098 0.700891 
1.11568 1.12953 1.01084 
1.25255 1.36106 1.29518 
1.27524 1.49413 1.48324 
1.20174 1.51291 1.52594 
1.07772 1.43333 1.41486 
0.955772 1.29482 1.18734 
0.874123 1.14404 0.913416 
0.84305 1.01653 0.66781 
0.843768 0.923231 0.498362 
0.839197 0.84807 0.406609 
0.791763 0.758783 0.352767 
0.681214 0.627861 0.28547 
0.515507 0.454085 0.18156 
0.330135 0.272557 0.0722174 
0.175215 0.144757 0.0361624 
0.0946223 0.130055 0.15845 
0.105693 0.251637 0.475161 
0.189208 0.475751 0.936185 
0.295816 0.71841 1.4112 
0.367439 0.879509 1.7405 
0.364066 0.888413 1.80604 
0.282682 0.737407 1.58552 
0.158458 0.485229 1.16127 
0.0475764 0.229139 0.680894 
0.000780711 0.0608437 0.292164 
0.0413052 0.0291427 0.0861984 
0.157622 0.126533 0.0743567 
0.312734 0.302581 0.203504 
0.462916 0.492803 0.394217 
0.574944 0.645994 0.578429 
0.63367 0.737396 0.719066 
0.638884 0.765575 0.808203 
0.596969 0.740382 0.85265 
0.514958 0.672435 0.860025 
0.401139 0.570509 0.833792 
0.270106 0.445719 0.777082 
0.145636 0.315769 0.698624 
0.0556582 0.20283 0.613591 
0.0197475 0.124308 0.537275 
0.0368584 0.082692 0.476076 
0.083566 0.0634187 0.423389 
0.127819 0.0453856 0.365195 
0.152558 0.0197225 0.293155 
0.174685 0.00492048 0.216815 
0.244938 0.0463673 0.165754 
0.42456 0.196879 0.178201 
0.749436 0.486867 0.281217 
1.20156 0.900326 0.473242 
1.70481 1.37059 0.718827 
2.1485 1.79907 0.958582 
2.4268 2.08812 1.12937 
2.47476 2.17271 1.18538 
2.2857 2.03847 1.11196 
1.90675 1.72182 0.928318 
1.41948 1.29586 0.680288 
0.916703 0.849294 0.426379 
0.482655 0.464928 0.221431 
0.178989 0.202005 0.102112 
0.0361377 0.085522 0.078481 
0.0505809 0.104898 0.13452 
0.189591 0.222585 0.237407 
0.403433 0.38959 0.351196 
0.641118 0.561461 0.448348 
0.863047 0.707975 0.514122 
1.04537 0.813736 0.543739 
1.17627 0.872599 0.536878 
