0.0457012 0.182561 0.489833 
0.2637 0.559533 0.908959 
0.724322 1.22625 1.60906 
1.3872 2.03593 2.35362 
2.08805 2.73833 2.84966 
2.59961 3.09487 2.90078 
2.74428 2.99471 2.50328 
2.48999 2.50538 1.83292 
1.96296 1.82785 1.13841 
1.36784 1.1853 0.611397 
0.87584 0.719318 0.312914 
0.55989 0.458069 0.194896 
0.408333 0.361874 0.186282 
0.380398 0.390237 0.266353 
0.44198 0.52552 0.462451 
0.556372 0.739715 0.778321 
0.661552 0.954605 1.1279 
0.68382 1.05848 1.35338 
0.594672 0.984404 1.33076 
0.456097 0.778852 1.07314 
0.391167 0.579775 0.728343 
0.486221 0.50653 0.46185 
0.711501 0.561224 0.332926 
0.942661 0.640249 0.281645 
1.06597 0.643003 0.227536 
1.06087 0.561415 0.162266 
0.980934 0.459953 0.135884 
0.871365 0.384226 0.16847 
0.728958 0.314714 0.20676 
0.547166 0.216507 0.18239 
0.373577 0.110132 0.0961136 
0.287813 0.0620146 0.0184156 
0.312953 0.100424 0.00416649 
0.371439 0.166697 0.0302026 
0.356285 0.175223 0.0364102 
0.24853 0.117702 0.016562 
0.14268 0.0803702 0.0359064 
0.139622 0.140495 0.142294 
0.225549 0.260354 0.279605 
0.282937 0.313979 0.324654 
0.228875 0.229121 0.222597 
0.119033 0.080841 0.0640907 
0.0872552 0.0180762 0.001027 
0.185726 0.100207 0.086906 
0.316273 0.233887 0.225869 
0.339099 0.285671 0.291783 
0.231854 0.236338 0.276458 
0.11218 0.1957 0.292662 
0.105124 0.27068 0.436905 
0.221113 0.455402 0.685637 
0.383158 0.672122 0.947932 
0.549822 0.896795 1.19942 
0.77117 1.2035 1.52774 
1.11131 1.67003 2.03294 
1.53308 2.25034 2.68967 
1.87305 2.74592 3.30286 
1.93257 2.90187 3.58785 
1.61218 2.55848 3.32158 
1.00204 1.77337 2.49377 
0.370805 0.843254 1.37778 
0.0359841 0.179022 0.436425 
0.170232 0.0687447 0.0619585 
0.676399 0.482906 0.312925 
1.2476 1.0926 0.874534 
1.58068 1.50701 1.30009 
1.56764 1.53416 1.33039 
1.31581 1.25472 1.0215 
1.01817 0.890532 0.615512 
0.817187 0.629144 0.327455 
0.761195 0.549446 0.243144 
0.833187 0.647879 0.35302 
0.987026 0.879913 0.613734 
1.16808 1.17216 0.958802 
1.32956 1.42779 1.2823 
1.44238 1.55196 1.45512 
1.48792 1.48913 1.38505 
1.44932 1.25152 1.07859 
1.32742 0.925408 0.654541 
1.16638 0.643249 0.288512 
1.04027 0.518323 0.11466 
0.997031 0.580867 0.156877 
1.03167 0.7864 0.360181 
1.1449 1.11056 0.705392 
1.41939 1.6258 1.27717 
1.97502 2.42735 2.16285 
2.78672 3.43283 3.24156 
3.55527 4.27724 4.10547 
3.83865 4.49558 4.28518 
3.39006 3.88893 3.63093 
2.38504 2.72165 2.47397 
1.29375 1.52662 1.37176 
0.521553 0.702118 0.676888 
0.175645 0.298935 0.35902 
0.137083 0.154895 0.207619 
0.262301 0.138389 0.113274 
0.455425 0.207336 0.102224 
0.609387 0.309154 0.183364 
0.617549 0.373584 0.317529 
0.517104 0.466216 0.588204 
0.559447 0.855823 1.27982 
1.0225 1.78615 2.61661 
1.89946 3.12898 4.37228 
2.80236 4.32259 5.82625 
3.22391 4.73791 6.22498 
2.92617 4.15505 5.35372 
2.0999 2.91009 3.68566 
1.17862 1.60702 1.99806 
0.511169 0.691111 0.838495 
0.1809 0.244873 0.288005 
0.0757986 0.101509 0.118417 
0.0773968 0.084106 0.0920635 
0.160963 0.128672 0.11388 
0.331249 0.225546 0.171413 
0.512419 0.314578 0.220236 
0.56079 0.295856 0.184631 
0.410947 0.152879 0.0667373 
0.178863 0.0206474 0.000958658 
0.0706026 0.0751344 0.142031 
0.17626 0.340733 0.485167 
0.383304 0.63901 0.829151 
0.510807 0.754944 0.947795 
0.501249 0.640215 0.792033 
0.44581 0.429124 0.506551 
0.437274 0.271099 0.264896 
0.453778 0.19328 0.128156 
0.412179 0.137488 0.0667964 
0.296774 0.0793128 0.0603584 
0.183306 0.0529051 0.11349 
0.137289 0.0674299 0.186139 
0.137479 0.0666929 0.187369 
0.130245 0.0186891 0.0986159 
0.13386 0.0200513 0.0807967 
0.24083 0.246037 0.381163 
0.501082 0.758416 1.07641 
0.827146 1.37664 1.91156 
1.04261 1.77541 2.43605 
1.02901 1.73492 2.34338 
0.819383 1.30964 1.70959 
0.554294 0.769081 0.92464 
0.36203 0.387694 0.40102 
0.281673 0.278793 0.321398 
0.27694 0.38499 0.601808 
0.294981 0.578876 1.03023 
0.306816 0.760118 1.4214 
0.312442 0.887721 1.68148 
0.328742 0.962828 1.79134 
0.372492 0.998986 1.76726 
0.439121 0.997744 1.63307 
0.489395 0.937707 1.40633 
0.466812 0.788834 1.09995 
0.345131 0.550061 0.740956 
0.166163 0.277823 0.388945 
0.0258424 0.068669 0.124681 
0.0150425 0.0015593 0.00606964 
0.168106 0.0913922 0.0308245 
0.460846 0.296672 0.146873 
0.844633 0.566357 0.302439 
1.27058 0.871296 0.483496 
1.68313 1.19028 0.700772 
2.00771 1.47721 0.944953 
2.16392 1.65613 1.16172 
2.10084 1.65642 1.27422 
1.82336 1.4571 1.23249 
1.39075 1.10497 1.0488 
0.897198 0.698467 0.795616 
0.449009 0.350936 0.571058 
0.13777 0.148665 0.452397 
0.00687339 0.117113 0.461323 
0.0291865 0.212356 0.559668 
0.122042 0.348248 0.678078 
0.198143 0.44535 0.757475 
0.214586 0.467893 0.774071 
0.182485 0.425495 0.734868 
0.137923 0.347666 0.655556 
0.107098 0.257679 0.542351 
0.0938056 0.164927 0.391795 
0.0910672 0.0773224 0.211403 
0.100481 0.0218931 0.0500976 
0.139803 0.0508274 0.00626641 
0.226446 0.210001 0.176806 
0.344635 0.477959 0.557835 
0.430469 0.732787 0.983078 
0.408547 0.809157 1.19505 
0.26511 0.629303 1.03353 
0.0888078 0.296341 0.587333 
0.024249 0.0450973 0.153827 
0.167728 0.0739998 0.0198646 
0.497386 0.401433 0.251847 
0.8953 0.866971 0.672772 
1.22805 1.25837 1.02272 
1.41105 1.44268 1.1427 
1.42343 1.40867 1.03824 
1.29359 1.22656 0.81641 
1.07924 0.985826 0.588594 
0.84279 0.754598 0.418241 
0.626349 0.568324 0.323545 
0.447568 0.439904 0.301873 
0.320589 0.376144 0.344 
0.268227 0.379241 0.428331 
0.296355 0.427787 0.509782 
0.359875 0.466509 0.530798 
0.379439 0.437965 0.463303 
0.310946 0.338331 0.346588 
0.192198 0.232398 0.269234 
0.105367 0.195808 0.293341 
0.0942379 0.239746 0.391734 
0.13125 0.302732 0.46946 
0.164614 0.317757 0.452147 
0.1779 0.274993 0.347844 
0.193046 0.214606 0.222887 
0.231685 0.175673 0.133515 
0.292995 0.168627 0.0930127 
0.36003 0.185105 0.0897176 
0.402618 0.206269 0.106767 
0.376556 0.198874 0.118942 
0.256847 0.135234 0.0993566 
0.0952763 0.0408681 0.0538795 
0.0193483 0.0029477 0.0352483 
0.128692 0.0938806 0.0920692 
0.381623 0.279901 0.200279 
0.610835 0.432197 0.271196 
0.669629 0.445205 0.241827 
0.552475 0.33067 0.140662 
0.366639 0.184803 0.0487021 
0.213251 0.0845991 0.0113796 
0.125662 0.0429098 0.013271 
0.106468 0.0506686 0.0300124 
0.168526 0.114928 0.0672668 
0.306014 0.230093 0.132487 
0.448087 0.338337 0.196893 
0.487542 0.361951 0.222177 
0.376846 0.288216 0.226435 
0.187077 0.204476 0.295388 
0.0590405 0.231003 0.506395 
0.0903998 0.413983 0.840439 
0.261877 0.680822 1.17452 
0.459004 0.892746 1.36249 
0.559941 0.942121 1.331 
0.51598 0.816774 1.11619 
0.370637 0.593007 0.825796 
0.215664 0.375429 0.566052 
0.126173 0.233624 0.387715 
0.123649 0.177853 0.281216 
0.184741 0.179776 0.211761 
0.275164 0.210061 0.158724 
0.375273 0.259737 0.128876 
0.481813 0.335128 0.141394 
0.595096 0.440981 0.206348 
0.708634 0.570828 0.317512 
0.808461 0.70945 0.460512 
0.877399 0.83826 0.620733 
