0.358708 0.0792051 0.0467594 
0.37469 0.123734 0.0138353 
0.367423 0.178972 0.0505024 
0.370054 0.281691 0.197494 
0.406554 0.458017 0.483354 
0.466796 0.683444 0.870717 
0.506297 0.879296 1.24745 
0.475454 0.954028 1.4773 
0.360159 0.861579 1.47489 
0.202203 0.633392 1.25053 
0.0788612 0.359337 0.89483 
0.053786 0.134114 0.521994 
0.137998 0.0145522 0.223047 
0.29131 0.0188479 0.0633351 
0.45649 0.152527 0.105544 
0.590651 0.417377 0.405935 
0.67011 0.783998 0.960982 
0.679146 1.16048 1.64871 
0.607759 1.40754 2.23859 
0.464369 1.40903 2.49411 
0.285171 1.14852 2.3068 
0.123874 0.730522 1.76458 
0.0281627 0.329415 1.106 
0.0221497 0.103903 0.596033 
0.104124 0.130796 0.405133 
0.253069 0.386753 0.553779 
0.435125 0.77265 0.932044 
0.609547 1.15872 1.3648 
0.737516 1.4297 1.6846 
0.79232 1.51651 1.78533 
0.765397 1.40844 1.64505 
0.665765 1.14658 1.31767 
0.515722 0.804766 0.902423 
0.346361 0.466328 0.505105 
0.193156 0.203204 0.205994 
0.089424 0.0612398 0.0438388 
0.0564133 0.0523595 0.0164608 
0.0925734 0.153083 0.0913259 
0.168991 0.309975 0.218651 
0.238789 0.453991 0.34388 
0.260819 0.523246 0.419965 
0.224836 0.4871 0.419503 
0.158918 0.359684 0.344097 
0.110291 0.193996 0.226331 
0.112134 0.0575631 0.119507 
0.1616 0.00060651 0.0737387 
0.225353 0.0323338 0.106669 
0.26594 0.118457 0.188193 
0.266517 0.202749 0.256626 
0.236055 0.240551 0.261279 
0.196172 0.222526 0.199823 
0.165293 0.173067 0.117845 
0.153059 0.127033 0.0699728 
0.16339 0.104395 0.0770558 
0.19586 0.10099 0.115982 
0.241767 0.0984435 0.146428 
0.282793 0.0821726 0.146246 
0.299301 0.0529337 0.124496 
0.282423 0.0239368 0.105378 
0.237767 0.00741329 0.10204 
0.179018 0.00444701 0.10588 
0.121593 0.00970529 0.101584 
0.0813846 0.0256439 0.092796 
0.0703421 0.065722 0.109481 
0.0840933 0.135907 0.182844 
0.0963841 0.213231 0.308424 
0.0784844 0.25237 0.43656 
0.0330228 0.223017 0.505459 
0.00514583 0.141734 0.487401 
0.0515862 0.0627155 0.40437 
0.19551 0.0357395 0.302644 
0.411871 0.0732678 0.216315 
0.65132 0.152651 0.151923 
0.869887 0.240565 0.0980079 
1.03962 0.316111 0.0458142 
1.15186 0.387578 0.0122759 
1.22867 0.503069 0.0563781 
1.32386 0.736519 0.265889 
1.48462 1.13229 0.697944 
1.69285 1.63842 1.30458 
1.85151 2.09825 1.91551 
1.85009 2.33401 2.31873 
1.65691 2.26481 2.38865 
1.34806 1.95711 2.15757 
1.04666 1.5674 1.77586 
0.83781 1.23747 1.40708 
0.739218 1.03407 1.14993 
0.735056 0.961655 1.03086 
0.813362 1.00165 1.03699 
0.958683 1.12422 1.13707 
1.11764 1.27103 1.27597 
1.19521 1.35142 1.37045 
1.11036 1.28292 1.33676 
0.871976 1.05515 1.14464 
0.597598 0.757063 0.853745 
0.43526 0.524272 0.587163 
0.441129 0.435191 0.446238 
0.526784 0.446777 0.434264 
0.540456 0.439364 0.463116 
0.413262 0.334689 0.441405 
0.221896 0.168137 0.356816 
0.0991429 0.0402038 0.271492 
0.0914619 0.00743766 0.249221 
0.125239 0.0410272 0.306528 
0.114634 0.0919982 0.432819 
0.0724127 0.163828 0.622557 
0.083805 0.287124 0.850407 
0.179111 0.430987 1.0217 
0.273187 0.486601 0.999652 
0.257684 0.375159 0.729384 
0.136305 0.161539 0.334453 
0.0329149 0.022217 0.0523754 
0.0555084 0.0790898 0.0422025 
0.174882 0.275739 0.250909 
0.258887 0.433741 0.474492 
0.218757 0.427111 0.545676 
0.0993687 0.288846 0.457089 
0.0209895 0.151758 0.31802 
0.0511225 0.108907 0.224323 
0.148841 0.144981 0.186599 
0.224778 0.18635 0.163881 
0.232254 0.187288 0.1301 
0.192525 0.15791 0.0934672 
0.150548 0.130192 0.0708354 
0.132703 0.125791 0.0702725 
0.154506 0.162618 0.102425 
0.249993 0.270542 0.187826 
0.463979 0.472021 0.331181 
0.797261 0.735455 0.486519 
1.16151 0.958163 0.564979 
1.40552 1.01795 0.498416 
1.40805 0.862426 0.307451 
1.16338 0.558016 0.104942 
0.785514 0.249194 0.0192816 
0.428237 0.0579182 0.0966691 
0.190518 0.00758215 0.265352 
0.081463 0.0317855 0.393262 
0.0570575 0.0501796 0.389997 
0.0777519 0.0371054 0.26802 
0.131063 0.025255 0.117683 
0.211213 0.0538767 0.0269147 
0.292494 0.120135 0.0184754 
0.331691 0.179588 0.0518331 
0.298327 0.188785 0.0746235 
0.202491 0.145755 0.070893 
0.0943315 0.0934908 0.0681117 
0.0355881 0.088788 0.107784 
0.0645218 0.165298 0.211777 
0.177113 0.317003 0.370132 
0.333927 0.507733 0.552233 
0.485228 0.694293 0.726436 
0.596285 0.84552 0.872541 
0.656481 0.946322 0.980719 
0.669863 0.988684 1.04136 
0.640583 0.962481 1.03741 
0.569461 0.858634 0.949712 
0.464036 0.684163 0.774894 
0.348496 0.474245 0.54172 
0.259048 0.285698 0.308841 
0.224852 0.171266 0.139909 
0.248207 0.150659 0.0704522 
0.298568 0.197873 0.088504 
0.326959 0.254784 0.142606 
0.297963 0.266704 0.17409 
0.224654 0.221836 0.155368 
0.178248 0.166508 0.108418 
0.247107 0.174021 0.0849457 
0.457177 0.277846 0.11655 
0.717208 0.422365 0.175793 
0.857316 0.489032 0.192723 
0.755998 0.395876 0.125955 
0.454517 0.188051 0.0257495 
0.14496 0.024823 0.0167833 
0.0253282 0.0567548 0.197825 
0.145149 0.297396 0.543273 
0.380232 0.608201 0.902085 
0.551836 0.809942 1.10195 
0.570634 0.815432 1.0676 
0.478204 0.669165 0.8545 
0.374529 0.480549 0.585315 
0.325607 0.3335 0.36105 
0.336018 0.251728 0.219363 
0.382258 0.222341 0.14884 
0.446556 0.227929 0.120738 
0.517747 0.255391 0.108841 
0.579852 0.293169 0.0990654 
0.617706 0.336735 0.0969144 
0.633823 0.396509 0.12587 
0.64882 0.489387 0.208152 
0.67817 0.615003 0.339258 
0.709731 0.740933 0.4806 
0.70762 0.815199 0.579329 
0.63974 0.797108 0.598462 
0.503614 0.681343 0.533746 
0.330059 0.499386 0.409714 
0.165616 0.301926 0.264297 
0.0497281 0.136519 0.133665 
0.00171336 0.0328648 0.042808 
0.0215003 0.000111166 0.00290164 
0.0973383 0.0322661 0.0139729 
0.210859 0.113399 0.068101 
0.336601 0.217958 0.148603 
0.442249 0.310832 0.227933 
0.496635 0.355683 0.273209 
0.483067 0.3317 0.262525 
0.40729 0.246891 0.201429 
0.293334 0.135752 0.124135 
0.172333 0.0422569 0.0758359 
0.0742846 0.000851657 0.0886558 
0.0253669 0.0263825 0.167314 
0.0448581 0.113623 0.290423 
0.137378 0.24126 0.422195 
0.285238 0.377622 0.526414 
0.449757 0.488805 0.577443 
0.584485 0.548705 0.566068 
0.65397 0.547427 0.49982 
0.647659 0.494122 0.399028 
0.581213 0.412365 0.290241 
0.484489 0.328899 0.197644 
0.383423 0.26026 0.133839 
0.288096 0.205528 0.0950231 
0.195921 0.15235 0.0669744 
0.10676 0.0937249 0.0408975 
0.0348939 0.0412628 0.0262869 
0.00354406 0.0198268 0.0453787 
0.0234454 0.0440127 0.108713 
0.0747806 0.0969188 0.192822 
0.113663 0.135177 0.246077 
0.104479 0.122799 0.226173 
0.0529543 0.0665844 0.139914 
0.00769079 0.017685 0.0463009 
0.0224447 0.0313451 0.0133318 
0.108967 0.11777 0.063397 
0.223619 0.230058 0.156629 
0.302035 0.302285 0.227244 
0.310272 0.302441 0.237448 
0.265199 0.251234 0.199314 
0.208952 0.19383 0.151232 
0.168101 0.158196 0.120735 
0.139127 0.141251 0.111141 
0.108794 0.128551 0.115341 
0.0801766 0.117849 0.130627 
0.0732156 0.119368 0.155809 
0.10081 0.137084 0.179981 
0.149505 0.156729 0.183255 
0.188266 0.156036 0.152746 
0.197803 0.126525 0.0967125 
0.18982 0.0833733 0.0407321 
0.194196 0.052121 0.00868829 
0.224527 0.0445069 0.00629132 
0.257053 0.0477573 0.0220674 
