0.313672 0.284682 0.140315 
0.249734 0.274661 0.236191 
0.274211 0.316511 0.352771 
0.399775 0.41241 0.474728 
0.616401 0.557481 0.588356 
0.885424 0.736316 0.685219 
1.14325 0.921767 0.76379 
1.31676 1.0782 0.828058 
1.34697 1.1702 0.884436 
1.2129 1.17527 0.939824 
0.945402 1.09652 1.003 
0.624271 0.969745 1.08888 
0.357961 0.860676 1.22234 
0.252856 0.851025 1.43746 
0.382731 1.01634 1.76929 
0.768322 1.40164 2.23897 
1.37219 2.00218 2.83673 
2.10841 2.75575 3.51016 
2.86267 3.55061 4.16515 
3.51736 4.24915 4.6832 
3.97613 4.72215 4.9529 
4.1834 4.88416 4.9054 
4.13431 4.71745 4.54019 
3.87205 4.27534 3.92883 
3.473 3.66276 3.19334 
3.0244 3.00188 2.46737 
2.60224 2.39677 1.85647 
2.25626 1.9104 1.41355 
2.00484 1.5598 1.13694 
1.83727 1.32556 0.98659 
1.71951 1.16683 0.906903 
1.60186 1.0349 0.845307 
1.43077 0.88478 0.763519 
1.16768 0.68839 0.64504 
0.812689 0.451173 0.503157 
0.423172 0.226025 0.38762 
0.112859 0.112403 0.38131 
0.0222469 0.230435 0.57809 
0.264983 0.672027 1.04243 
0.870684 1.44701 1.76557 
1.75208 2.45162 2.64176 
2.71696 3.48117 3.48398 
3.52565 4.28923 4.08026 
3.97215 4.67171 4.27002 
3.95465 4.53992 4.0062 
3.50543 3.9496 3.37331 
2.76893 3.0737 2.55217 
1.94088 2.13286 1.74804 
1.19718 1.31632 1.11633 
0.643052 0.727648 0.718792 
0.299489 0.3744 0.525792 
0.125274 0.197935 0.455918 
0.0570816 0.121766 0.427574 
0.0455649 0.0920843 0.395556 
0.0719756 0.0934111 0.358436 
0.142643 0.138378 0.340596 
0.270037 0.243949 0.365182 
0.453745 0.410425 0.43521 
0.671604 0.61407 0.531245 
0.883715 0.814329 0.622615 
1.0451 0.968672 0.682355 
1.11973 1.04612 0.696743 
1.09018 1.03376 0.666007 
0.960731 0.936043 0.598742 
0.755594 0.770099 0.505177 
0.514744 0.561459 0.39353 
0.289328 0.3423 0.271033 
0.136303 0.151695 0.148766 
0.110409 0.0348535 0.0474921 
0.251658 0.0374966 0.000260265 
0.569038 0.193075 0.0472278 
1.02537 0.504804 0.220629 
1.5321 0.93006 0.523685 
1.96275 1.37812 0.913951 
2.18793 1.72964 1.30396 
2.12317 1.87641 1.58581 
1.77022 1.76667 1.67298 
1.22884 1.43302 1.53943 
0.666423 0.984359 1.23359 
0.2529 0.560652 0.856606 
0.089188 0.270963 0.514928 
0.165151 0.147688 0.273991 
0.370571 0.142722 0.139394 
0.554999 0.167462 0.0744263 
0.604844 0.151798 0.0388267 
0.495862 0.0853598 0.0201222 
0.293486 0.0158487 0.0357315 
0.104194 0.00749232 0.106477 
0.00947527 0.0889517 0.224081 
0.0224263 0.226749 0.340407 
0.0906837 0.342815 0.390544 
0.139471 0.364869 0.336354 
0.12429 0.276193 0.200343 
0.0591482 0.131572 0.0639776 
0.00419973 0.0282758 0.0274397 
0.0233965 0.0498862 0.153654 
0.140958 0.217663 0.43069 
0.324268 0.478643 0.77579 
0.50257 0.736254 1.07861 
0.608088 0.903405 1.25757 
0.613364 0.945876 1.29637 
0.542674 0.891894 1.24118 
0.452706 0.805792 1.16389 
0.396641 0.745313 1.11643 
0.394785 0.730096 1.10488 
0.428926 0.739189 1.09692 
0.461192 0.735171 1.05376 
0.462288 0.695098 0.962165 
0.428969 0.625602 0.843552 
0.379653 0.552461 0.734746 
0.333844 0.494885 0.656429 
0.293496 0.446946 0.595298 
0.243143 0.383731 0.516599 
0.170674 0.290369 0.400564 
0.0927149 0.191956 0.275676 
0.0615628 0.157428 0.219781 
0.141573 0.266356 0.32033 
0.365439 0.554797 0.614733 
0.698861 0.975351 1.04976 
1.04111 1.40206 1.49071 
1.26751 1.6838 1.78029 
1.2918 1.71768 1.81473 
1.11127 1.49962 1.59228 
0.807254 1.12255 1.20705 
0.501423 0.72549 0.795182 
0.295464 0.426058 0.468786 
0.22961 0.275256 0.275416 
0.279977 0.254916 0.199759 
0.388226 0.309099 0.195373 
0.498863 0.382595 0.219129 
0.580698 0.442504 0.2472 
0.625539 0.476985 0.270478 
0.634542 0.482602 0.282632 
0.607968 0.455758 0.274904 
0.545945 0.394576 0.240943 
0.455573 0.305667 0.184116 
0.354248 0.206177 0.11827 
0.263906 0.117304 0.0605598 
0.200135 0.0542514 0.022882 
0.164874 0.0206178 0.00914144 
0.148064 0.0106067 0.0188736 
0.136 0.0153054 0.0511639 
0.119519 0.0268396 0.103138 
0.0970625 0.0381889 0.164258 
0.0731373 0.0421024 0.213989 
0.0559634 0.0335933 0.229119 
0.0562904 0.0156153 0.198253 
0.0853828 0.00184897 0.132612 
0.149238 0.0106465 0.0626306 
0.24029 0.0514369 0.0200215 
0.333372 0.113379 0.0172057 
0.393245 0.167494 0.039789 
0.393901 0.184877 0.0590219 
0.339548 0.160594 0.0560695 
0.272118 0.125795 0.0401405 
0.256019 0.136258 0.0460113 
0.344976 0.240906 0.111011 
0.548787 0.448432 0.246459 
0.820117 0.713165 0.423023 
1.07073 0.950475 0.580506 
1.20959 1.07428 0.656811 
1.18291 1.0365 0.619124 
0.996009 0.847856 0.479961 
0.707753 0.571222 0.290649 
0.403344 0.293251 0.11773 
0.160683 0.090209 0.0157098 
0.0257378 0.0035104 0.0089482 
0.00484587 0.0328743 0.0885019 
0.0725012 0.145479 0.22171 
0.18718 0.293377 0.367515 
0.307043 0.430644 0.490314 
0.400453 0.524776 0.568035 
0.450185 0.560858 0.593656 
0.452814 0.539949 0.571913 
0.415474 0.474248 0.513947 
0.35167 0.381431 0.432425 
0.27708 0.279796 0.338732 
0.205884 0.184992 0.242543 
0.148053 0.108375 0.152853 
0.107986 0.0565042 0.078858 
0.0846998 0.031166 0.0292623 
0.0733938 0.029588 0.00976 
0.0678491 0.0449753 0.0198657 
0.0629225 0.0678659 0.0512367 
0.0564056 0.0886407 0.0893126 
0.0497384 0.100831 0.11851 
0.0473697 0.104024 0.12911 
0.0548892 0.104766 0.1226 
0.0764256 0.114437 0.112477 
0.112158 0.144423 0.119496 
0.156974 0.200471 0.163042 
0.201098 0.278844 0.252277 
0.232845 0.36628 0.380953 
0.242655 0.444023 0.528102 
0.226801 0.494233 0.664253 
0.189095 0.506002 0.76057 
0.139686 0.478528 0.79742 
0.0913685 0.420424 0.769462 
0.0549622 0.345925 0.685954 
0.0357258 0.269855 0.56674 
0.0322469 0.203406 0.435711 
0.0381105 0.1521 0.314129 
0.0455144 0.116302 0.216 
0.0493287 0.093777 0.14688 
0.0500668 0.0831784 0.106227 
0.0547002 0.0871162 0.0921049 
0.0749434 0.113424 0.105971 
0.12335 0.173616 0.15495 
0.208219 0.278331 0.249699 
0.328839 0.430818 0.397801 
0.472862 0.620871 0.59499 
0.617324 0.822365 0.818572 
0.733793 0.996905 1.02763 
0.79653 1.10385 1.17237 
0.790903 1.11383 1.21057 
0.718638 1.02027 1.12466 
0.597433 0.843466 0.931149 
0.454862 0.624444 0.676554 
0.319195 0.410884 0.420638 
0.211229 0.241314 0.214388 
0.140428 0.134834 0.0835186 
0.106067 0.0904326 0.0254305 
0.101332 0.0945579 0.0199366 
0.117205 0.13128 0.0462182 
0.144208 0.188781 0.0952724 
0.172494 0.25937 0.170652 
0.192411 0.335152 0.278294 
0.197096 0.404433 0.413416 
0.186288 0.45294 0.554234 
0.168387 0.469788 0.667529 
0.157885 0.454071 0.72324 
0.168041 0.416951 0.709438 
0.202335 0.376934 0.638842 
0.250013 0.350654 0.543323 
0.289373 0.344611 0.45978 
0.297937 0.352768 0.415184 
0.264261 0.361139 0.417924 
0.194702 0.35617 0.458215 
0.111164 0.331661 0.515224 
0.0409347 0.290424 0.565973 
0.00425093 0.240607 0.591871 
0.00623269 0.189916 0.581542 
0.0371023 0.141895 0.531164 
0.0797853 0.0964815 0.444227 
0.120131 0.0538942 0.331539 
0.15412 0.0187074 0.210742 
0.188693 0.000962637 0.104025 
0.236597 0.013234 0.0335578 
0.30864 0.0651273 0.0156966 
0.407503 0.15819 0.0561842 
0.525788 0.283862 0.148392 
