0.267314 0.539562 0.94728 
0.1466 0.125241 0.25527 
0.464192 0.23374 0.0851062 
0.998558 0.700265 0.355147 
1.39766 1.15801 0.746135 
1.3864 1.27214 0.930372 
0.951794 0.969315 0.810428 
0.375195 0.495095 0.581747 
0.0545829 0.231707 0.553655 
0.213473 0.395137 0.867172 
0.71328 0.851457 1.35255 
1.14194 1.21783 1.65988 
1.13823 1.1798 1.55643 
0.694787 0.759933 1.13061 
0.173931 0.301794 0.721204 
0.00909689 0.179655 0.634414 
0.346807 0.488906 0.897742 
0.938837 0.983635 1.25792 
1.36232 1.29596 1.40433 
1.35365 1.22396 1.20768 
0.969633 0.845057 0.780064 
0.47989 0.400933 0.346732 
0.134072 0.0987964 0.0754986 
0.0119505 0.000831912 0.00255741 
0.0412874 0.050784 0.0719137 
0.114263 0.166039 0.21326 
0.181562 0.303262 0.387244 
0.258526 0.460368 0.582271 
0.365951 0.636825 0.786382 
0.479384 0.800296 0.965157 
0.542508 0.894633 1.06568 
0.527718 0.881539 1.04448 
0.469572 0.770479 0.894955 
0.424206 0.603281 0.651516 
0.399627 0.415773 0.374957 
0.3466 0.228451 0.140582 
0.229403 0.0752256 0.0298723 
0.090941 0.0179193 0.103096 
0.0258848 0.105583 0.352518 
0.0873141 0.315882 0.682462 
0.234517 0.554013 0.958484 
0.377396 0.723032 1.09762 
0.459694 0.795805 1.11933 
0.493582 0.8216 1.11518 
0.53094 0.877239 1.17785 
0.618436 1.01639 1.3523 
0.76613 1.23966 1.62046 
0.925404 1.47675 1.89679 
0.990353 1.59581 2.04373 
0.859356 1.47518 1.94132 
0.540009 1.11285 1.58753 
0.195751 0.668148 1.12994 
0.0508729 0.360631 0.764613 
0.213411 0.298117 0.580273 
0.582653 0.400614 0.505204 
0.935376 0.496511 0.412208 
1.10383 0.485203 0.26154 
1.07608 0.39987 0.125219 
0.949712 0.330001 0.0821213 
0.820767 0.314866 0.120314 
0.722949 0.323112 0.157404 
0.644145 0.312175 0.138984 
0.566056 0.277232 0.0909147 
0.480107 0.238947 0.0724046 
0.384126 0.205605 0.0984273 
0.28234 0.165718 0.124746 
0.189675 0.114484 0.105146 
0.12702 0.0730468 0.0498573 
0.107473 0.0744667 0.0225514 
0.128617 0.133481 0.0838694 
0.178966 0.232918 0.238672 
0.249572 0.337355 0.430862 
0.337924 0.417323 0.58219 
0.442491 0.462807 0.639285 
0.555573 0.479674 0.596603 
0.660393 0.477204 0.487702 
0.732827 0.458228 0.358893 
0.747232 0.418018 0.24509 
0.686754 0.350982 0.159888 
0.55473 0.259392 0.100061 
0.378894 0.157462 0.0569378 
0.202828 0.0678261 0.0261021 
0.0693393 0.0129363 0.0104884 
0.00562948 0.00601179 0.0162454 
0.0143164 0.0436208 0.0440142 
0.0689664 0.101373 0.0813743 
0.119238 0.139257 0.104713 
0.116895 0.124379 0.0954509 
0.0575013 0.0637715 0.062708 
0.00217683 0.0181256 0.0512032 
0.0429913 0.0699704 0.117962 
0.225693 0.259445 0.288714 
0.497146 0.541024 0.52977 
0.73247 0.804096 0.762383 
0.820471 0.941449 0.90781 
0.730497 0.906362 0.924201 
0.513137 0.720219 0.811698 
0.259649 0.448295 0.59938 
0.0693904 0.1814 0.340862 
0.0329577 0.0281971 0.121588 
0.20367 0.091017 0.0535561 
0.554843 0.413782 0.236026 
0.96446 0.932562 0.690438 
1.26258 1.47439 1.30837 
1.32139 1.82245 1.86152 
1.12765 1.82244 2.09817 
0.789348 1.47253 1.8892 
0.471925 0.934362 1.32442 
0.299691 0.440854 0.668517 
0.283679 0.153817 0.191726 
0.33031 0.0787184 0.0064571 
0.328941 0.103822 0.0403161 
0.243422 0.117236 0.145706 
0.124128 0.0873312 0.22531 
0.0392708 0.0473372 0.268394 
0.00922738 0.0329317 0.306001 
0.0113225 0.0517991 0.361066 
0.0287777 0.0978341 0.434672 
0.0707052 0.16517 0.51129 
0.143932 0.239662 0.563298 
0.226542 0.293796 0.5625 
0.282762 0.305654 0.502227 
0.296633 0.280151 0.40779 
0.280924 0.243445 0.318621 
0.256758 0.217892 0.260014 
0.233058 0.20635 0.232416 
0.204293 0.195612 0.219401 
0.162121 0.168421 0.198371 
0.11159 0.117861 0.151665 
0.0806361 0.0605109 0.0826633 
0.104613 0.0316195 0.0217652 
0.185183 0.0523174 0.00299067 
0.26596 0.099412 0.0301549 
0.271289 0.123373 0.0770039 
0.183179 0.103846 0.123092 
0.0669168 0.0713296 0.169758 
0.00471668 0.0603068 0.207115 
0.0170727 0.0614273 0.191493 
0.0770139 0.056943 0.102433 
0.196163 0.103221 0.0305453 
0.446443 0.325173 0.156714 
0.853139 0.775164 0.581544 
1.28093 1.30083 1.16536 
1.48362 1.60586 1.58092 
1.30833 1.48724 1.56938 
0.847275 1.01802 1.15678 
0.367774 0.484137 0.616049 
0.0890504 0.141942 0.22509 
0.0308945 0.0404159 0.0685384 
0.0630844 0.0573188 0.0503616 
0.0673251 0.0656188 0.0488877 
0.035755 0.0434741 0.0302997 
0.0359247 0.0466902 0.0327206 
0.116451 0.11678 0.086135 
0.256967 0.232855 0.17129 
0.391185 0.337136 0.244719 
0.461195 0.388198 0.284263 
0.453428 0.389939 0.307521 
0.397563 0.380917 0.354323 
0.338574 0.400488 0.453091 
0.306169 0.459708 0.597112 
0.303897 0.538466 0.747921 
0.321595 0.608197 0.862751 
0.352777 0.656127 0.921869 
0.396404 0.686753 0.93161 
0.44374 0.702663 0.904702 
0.47045 0.690708 0.843759 
0.449053 0.632981 0.7477 
0.37393 0.532849 0.63172 
0.275126 0.426924 0.533216 
0.203418 0.364632 0.489101 
0.193299 0.368055 0.501035 
0.233794 0.407851 0.523247 
0.276053 0.422304 0.492515 
0.27453 0.367716 0.380372 
0.223123 0.254473 0.220499 
0.151072 0.133782 0.082517 
0.088167 0.0505783 0.0155639 
0.0424852 0.0128442 0.0160186 
0.0122645 0.00389106 0.045903 
0.00525345 0.0114772 0.0731954 
0.0312664 0.0337906 0.0887814 
0.0777197 0.0622849 0.0929565 
0.108777 0.0758665 0.0823087 
0.098415 0.0609906 0.0564967 
0.0577416 0.0295605 0.0277166 
0.0204291 0.00618335 0.0111027 
0.00500187 9.60521e-05 0.00708567 
0.00258664 0.000476803 0.00397128 
0.00222469 0.00134957 0.00125628 
0.0148599 0.0196987 0.0209887 
0.0615008 0.0784569 0.0862282 
0.141463 0.173676 0.189094 
0.222738 0.267231 0.287229 
0.266733 0.315102 0.334906 
0.258193 0.300227 0.316363 
0.210311 0.238666 0.250889 
0.147583 0.160963 0.172553 
0.0891742 0.0921797 0.108496 
0.044833 0.0445721 0.0701659 
0.0175158 0.0190325 0.0544208 
0.00515237 0.00859378 0.0485814 
0.00234862 0.00396636 0.0392025 
0.00442405 0.00108014 0.0227037 
0.0111244 0.0050862 0.0097607 
0.0265469 0.0264469 0.0182476 
0.0559324 0.0723783 0.0602813 
0.100911 0.139426 0.13247 
0.153449 0.209314 0.212318 
0.193057 0.251171 0.262278 
0.196411 0.237061 0.247978 
0.15778 0.167146 0.168236 
0.0989454 0.0790695 0.068632 
0.0511969 0.0198005 0.00874366 
0.0269984 0.00258427 0.0042654 
0.0182647 0.00292433 0.0144277 
0.0225561 0.00484468 0.00533794 
0.0528608 0.0333981 0.0141822 
0.10843 0.116035 0.113512 
0.152548 0.218686 0.299048 
0.146007 0.257948 0.448956 
0.098055 0.194356 0.434773 
0.0542544 0.085737 0.264507 
0.0332401 0.0206701 0.0787827 
0.016551 0.0199199 0.00216931 
0.0154505 0.0391084 0.0328714 
0.0898791 0.0509879 0.086776 
0.244367 0.0699459 0.105563 
0.349176 0.0919978 0.0892544 
0.266987 0.0766191 0.0566171 
0.0689924 0.0234784 0.0238329 
0.0147126 0.00877967 0.0111804 
0.24238 0.081447 0.0236207 
0.555027 0.162514 0.0287675 
0.625658 0.136116 0.00574537 
0.38796 0.0340472 0.0181801 
0.102773 0.0281903 0.167784 
0.0221438 0.198816 0.436492 
0.110703 0.396493 0.635705 
0.164717 0.411967 0.58573 
0.102476 0.233403 0.325143 
0.0210284 0.0473728 0.0751835 
0.0135125 0.00600111 0.0010812 
0.0562546 0.0833455 0.0715315 
0.0854669 0.166612 0.155677 
0.0899212 0.200524 0.182073 
0.0968187 0.203719 0.166016 
0.122552 0.201756 0.138546 
0.149664 0.187421 0.10479 
0.119864 0.127935 0.0566173 
0.0183818 0.026869 0.006742 
