1.30005 1.00528 0.511028 
1.39779 1.12935 0.610239 
1.4657 1.2078 0.663211 
1.45498 1.20081 0.645315 
1.34346 1.09994 0.559422 
1.15973 0.948558 0.450347 
0.985327 0.837761 0.398251 
0.923575 0.870022 0.486101 
1.04457 1.10349 0.753893 
1.33539 1.50703 1.165 
1.68841 1.95591 1.6075 
1.94209 2.27792 1.93543 
1.95824 2.3306 2.03138 
1.69528 2.07022 1.85866 
1.23598 1.57521 1.47596 
0.752101 1.01116 1.00812 
0.423405 0.555914 0.590393 
0.353725 0.32381 0.315511 
0.527399 0.325954 0.208109 
0.825655 0.481469 0.23301 
1.08991 0.667335 0.32566 
1.19621 0.777206 0.424583 
1.10394 0.760558 0.490358 
0.859893 0.629018 0.507619 
0.563947 0.43555 0.477013 
0.319653 0.243536 0.406904 
0.195143 0.102328 0.310016 
0.208673 0.0371365 0.203517 
0.337765 0.0512556 0.107842 
0.540343 0.133716 0.0416739 
0.774685 0.266508 0.0154218 
1.01067 0.429593 0.0282942 
1.23202 0.604688 0.072021 
1.43343 0.778414 0.138715 
1.61586 0.943226 0.226058 
1.78101 1.09388 0.334161 
1.92468 1.22001 0.455231 
2.03082 1.29985 0.564663 
2.07058 1.3022 0.623875 
2.01055 1.20002 0.598083 
1.82939 0.990105 0.480217 
1.53496 0.70638 0.30426 
1.17045 0.414463 0.134921 
0.802497 0.185785 0.0353997 
0.494979 0.0638118 0.0314798 
0.282878 0.0428565 0.0958485 
0.161652 0.0743633 0.165472 
0.098574 0.0985033 0.183167 
0.0579577 0.0818234 0.137101 
0.0232309 0.0368764 0.0717926 
0.00191715 0.0114088 0.0623952 
0.0123747 0.0549584 0.168273 
0.0639847 0.185299 0.395341 
0.14583 0.375949 0.690031 
0.23099 0.570558 0.966482 
0.291375 0.71217 1.14791 
0.311271 0.767854 1.19713 
0.291016 0.735875 1.12192 
0.241501 0.636704 0.959101 
0.177036 0.499098 0.75275 
0.113118 0.351742 0.540409 
0.0686195 0.222199 0.350639 
0.0661143 0.136995 0.205316 
0.125045 0.116448 0.118774 
0.249482 0.164672 0.0923665 
0.418993 0.26231 0.11016 
0.591226 0.370052 0.142618 
0.717556 0.444101 0.159255 
0.763941 0.455844 0.14359 
0.725044 0.404235 0.100862 
0.623818 0.313682 0.0532495 
0.497884 0.219356 0.0256003 
0.381562 0.149207 0.0306736 
0.293585 0.112841 0.0626983 
0.23536 0.101964 0.102191 
0.197634 0.0996757 0.127902 
0.169342 0.0915664 0.128118 
0.143223 0.0722595 0.105141 
0.116726 0.0453876 0.0717718 
0.0902932 0.0193275 0.0434325 
0.0659804 0.00270761 0.0312887 
0.0476595 0.00232754 0.0398495 
0.0417211 0.0233768 0.0689444 
0.0562772 0.0699782 0.117205 
0.0980011 0.144288 0.183909 
0.167899 0.24421 0.268058 
0.258755 0.361607 0.366099 
0.356522 0.483202 0.470906 
0.445645 0.594733 0.573535 
0.515682 0.686463 0.666896 
0.565325 0.756638 0.748522 
0.6011 0.810213 0.819865 
0.63114 0.853028 0.881871 
0.65764 0.884804 0.929625 
0.672856 0.895676 0.950164 
0.66173 0.869314 0.926149 
0.610321 0.791795 0.844486 
0.515457 0.661521 0.705477 
0.38981 0.494301 0.52705 
0.258895 0.319985 0.340863 
0.151008 0.171698 0.181427 
0.0852523 0.0729211 0.0733149 
0.0640448 0.0290443 0.0226988 
0.074077 0.0276201 0.0172705 
0.0950192 0.0468864 0.034267 
0.110999 0.0677407 0.0522743 
0.118465 0.0826908 0.0607844 
0.126195 0.0971709 0.0629105 
0.147711 0.122911 0.0703532 
0.19062 0.167436 0.093734 
0.249172 0.225923 0.133788 
0.304575 0.280406 0.178442 
0.333324 0.307344 0.207712 
0.319284 0.28987 0.204126 
0.263027 0.228185 0.163168 
0.183198 0.142163 0.0978907 
0.108906 0.0641893 0.034687 
0.0669795 0.0254282 0.00194306 
0.0706757 0.0424072 0.0172671 
0.115581 0.110672 0.0798773 
0.184346 0.208461 0.171902 
0.257037 0.307876 0.267398 
0.320959 0.387167 0.343767 
0.374553 0.437648 0.389438 
0.423772 0.462399 0.404547 
0.473881 0.468982 0.395875 
0.522205 0.461655 0.370571 
0.556531 0.438261 0.333117 
0.56027 0.393374 0.286863 
0.521405 0.324994 0.237725 
0.44003 0.239736 0.1959 
0.330156 0.152625 0.173036 
0.214742 0.0812195 0.175913 
0.116601 0.0375145 0.200816 
0.0498608 0.0225043 0.232949 
0.0160677 0.02657 0.252321 
0.00626112 0.0352802 0.243311 
0.00727286 0.0370488 0.202546 
0.00863892 0.0283142 0.140519 
0.00678353 0.0137629 0.0760979 
0.00501866 0.00221717 0.027218 
0.0101578 0.00112678 0.00306874 
0.0279411 0.0128437 0.0017224 
0.0595201 0.0342193 0.0136031 
0.100289 0.058883 0.0278453 
0.141157 0.0802963 0.0375107 
0.1715 0.0938887 0.0411532 
0.182721 0.0977362 0.0409555 
0.171296 0.0922855 0.0396355 
0.140336 0.0798583 0.0384258 
0.0989526 0.0641849 0.037011 
0.0593425 0.0496941 0.0346972 
0.0324268 0.0402976 0.0314531 
0.0237209 0.0379428 0.0280106 
0.031339 0.0417167 0.0252175 
0.0472138 0.048202 0.023393 
0.0610589 0.05306 0.0222133 
0.0651128 0.0530005 0.0210782 
0.0572628 0.0470567 0.0195963 
0.0410855 0.0366255 0.0179966 
0.023134 0.0245955 0.0175441 
0.00928621 0.0143292 0.020909 
0.00223703 0.00897045 0.0319608 
0.00120503 0.0109203 0.0542844 
0.00346086 0.0210862 0.0884577 
0.00636987 0.0379894 0.129527 
0.00871102 0.0574854 0.166922 
0.0107587 0.0738656 0.188088 
0.0133792 0.0821892 0.184578 
0.0168619 0.0806082 0.157051 
0.0203895 0.071332 0.115785 
0.0229168 0.059988 0.0761935 
0.025492 0.0543737 0.0523731 
0.0336501 0.063492 0.0527814 
0.057289 0.0962447 0.0797063 
0.105967 0.158056 0.130469 
0.180651 0.245114 0.197178 
0.267053 0.33957 0.264828 
0.337164 0.411536 0.311854 
0.361613 0.431169 0.317659 
0.327306 0.386496 0.276033 
0.248533 0.295352 0.205611 
0.161533 0.200171 0.146299 
0.103441 0.144866 0.138551 
0.0890779 0.147183 0.19616 
0.102902 0.186271 0.29175 
0.113456 0.216633 0.368565 
0.100362 0.200639 0.374224 
0.0728476 0.13671 0.294872 
0.0642423 0.0619426 0.165779 
0.105514 0.0264161 0.0501541 
0.198203 0.0577789 0.000532065 
0.3083 0.142004 0.0290836 
0.386295 0.233476 0.105624 
0.398133 0.285302 0.181375 
0.344122 0.276836 0.219267 
0.253839 0.220232 0.210319 
0.164508 0.145697 0.169258 
0.101286 0.0803685 0.118214 
0.0721737 0.0366492 0.0728997 
0.0750811 0.0142543 0.0390553 
0.105025 0.00842889 0.016594 
0.153532 0.0147766 0.00423411 
0.204122 0.0283577 0.000569292 
0.233841 0.0419314 0.00303973 
0.224554 0.0480459 0.00801587 
0.17593 0.0437145 0.0126532 
0.107655 0.0324006 0.0165896 
0.0470243 0.0207455 0.0221553 
0.0114741 0.0134646 0.0339929 
0.000350281 0.0117745 0.0590763 
0.00135661 0.0160875 0.105537 
0.00359795 0.0280873 0.177491 
0.00463686 0.0479463 0.26678 
0.00742951 0.0694017 0.348683 
0.0144413 0.0803916 0.389601 
0.0276467 0.0724782 0.366219 
0.0530876 0.0513472 0.283473 
0.0996982 0.0355474 0.175146 
0.166911 0.0399734 0.0830285 
0.231392 0.0579607 0.029875 
0.252193 0.063156 0.0100014 
0.200978 0.0376276 0.00793267 
0.0969026 0.00535065 0.0291696 
0.0107282 0.0361354 0.111732 
0.0210628 0.203023 0.300066 
0.148135 0.516604 0.596606 
0.320501 0.888419 0.931714 
0.414365 1.16272 1.18458 
0.348399 1.20558 1.24866 
0.163959 0.991465 1.09701 
0.0202728 0.623015 0.798944 
0.0946572 0.266876 0.475499 
0.453949 0.0516286 0.227831 
0.992184 0.000966946 0.0909218 
1.48407 0.0449954 0.0405078 
1.71825 0.0906348 0.036396 
1.61669 0.0904457 0.0594629 
1.26163 0.0596542 0.112936 
0.823764 0.0401248 0.195682 
0.454671 0.0526537 0.280722 
0.219519 0.0804281 0.323869 
0.101608 0.0913465 0.295747 
0.0516525 0.0710536 0.206914 
0.0315254 0.0340077 0.102195 
0.024752 0.00617605 0.0290794 
0.0242704 0.00112041 0.00794325 
0.0240289 0.0140962 0.0278838 
0.0252685 0.0366172 0.066786 
0.0440497 0.0716812 0.112941 
0.102225 0.130484 0.167835 
