0.112058 0.471594 0.880685 
0.185753 0.519686 0.890116 
0.269593 0.527229 0.82096 
0.351325 0.488495 0.67909 
0.424351 0.41979 0.501396 
0.48419 0.345207 0.334641 
0.52024 0.275752 0.207344 
0.517525 0.204325 0.12147 
0.471552 0.123486 0.0718252 
0.399862 0.0467454 0.0709593 
0.332315 0.00765443 0.149523 
0.285258 0.033878 0.327334 
0.247171 0.121632 0.582944 
0.195417 0.237073 0.853913 
0.128667 0.342873 1.0712 
0.0768059 0.422668 1.20032 
0.0721104 0.483757 1.26113 
0.11359 0.549401 1.32373 
0.173467 0.66449 1.49469 
0.250322 0.910323 1.89527 
0.409864 1.38909 2.61445 
0.749169 2.15119 3.63336 
1.29501 3.10391 4.7658 
1.92901 3.99123 5.68522 
2.42735 4.49977 6.06288 
2.60169 4.439 5.74695 
2.4294 3.86478 4.85753 
2.06439 3.04767 3.72272 
1.72359 2.30919 2.69903 
1.54524 1.8475 2.00085 
1.52404 1.66686 1.64109 
1.55153 1.63206 1.49093 
1.50914 1.58232 1.38991 
1.34104 1.42187 1.23095 
1.07016 1.14687 0.988285 
0.766857 0.817951 0.698645 
0.502392 0.511539 0.422194 
0.315933 0.28034 0.207015 
0.208003 0.139066 0.071831 
0.155944 0.0748085 0.0103423 
0.136605 0.0692314 0.00891503 
0.142806 0.117887 0.0647233 
0.189698 0.239154 0.195893 
0.313169 0.4714 0.440405 
0.558896 0.856207 0.840007 
0.956762 1.40593 1.40672 
1.48472 2.06636 2.08366 
2.04545 2.70263 2.73061 
2.48493 3.13532 3.16277 
2.65792 3.22086 3.23553 
2.50473 2.92973 2.92463 
2.08563 2.3659 2.34297 
1.54585 1.71036 1.67883 
1.03665 1.12861 1.09974 
0.648863 0.705945 0.688366 
0.398138 0.444271 0.44234 
0.254249 0.301731 0.315546 
0.178023 0.231766 0.25653 
0.13917 0.197941 0.223196 
0.117186 0.174144 0.186485 
0.0999716 0.147341 0.139045 
0.0845107 0.12141 0.101281 
0.0740395 0.10887 0.105671 
0.0726947 0.112398 0.162615 
0.0873844 0.117891 0.240335 
0.137155 0.112256 0.285144 
0.252128 0.107073 0.266615 
0.44805 0.135816 0.202717 
0.69395 0.220737 0.140348 
0.911238 0.343967 0.114313 
1.01791 0.456264 0.126658 
0.982276 0.514584 0.158848 
0.836157 0.508195 0.192129 
0.639618 0.451142 0.212184 
0.439446 0.360855 0.204621 
0.261189 0.253211 0.161403 
0.126047 0.152852 0.0963553 
0.0545651 0.0913642 0.0451103 
0.0460743 0.0833387 0.0382629 
0.0659633 0.107085 0.0719232 
0.0696813 0.119447 0.10928 
0.0442194 0.0947666 0.114298 
0.0192658 0.0466798 0.0828371 
0.0322833 0.00965404 0.0405307 
0.0861162 0.00284333 0.0141325 
0.146327 0.0160702 0.00874757 
0.178269 0.028353 0.0111356 
0.179869 0.0326471 0.00908756 
0.176779 0.0395905 0.00417021 
0.193791 0.0630826 0.00862431 
0.240392 0.110858 0.0358263 
0.323098 0.190842 0.0964485 
0.458692 0.318351 0.200084 
0.659841 0.504149 0.351588 
0.901488 0.726922 0.536468 
1.1084 0.919752 0.707155 
1.19126 0.996948 0.792573 
1.10973 0.911747 0.738881 
0.90699 0.698989 0.555848 
0.679782 0.45977 0.324934 
0.5071 0.292923 0.150609 
0.400579 0.22901 0.0895517 
0.318799 0.223627 0.118942 
0.225516 0.212319 0.171001 
0.131861 0.172375 0.197664 
0.0843365 0.135181 0.203394 
0.117357 0.14582 0.221996 
0.220155 0.216247 0.270883 
0.345831 0.31578 0.331664 
0.446552 0.399307 0.370067 
0.500469 0.440198 0.367436 
0.513284 0.440713 0.3326 
0.503047 0.420501 0.290294 
0.485261 0.400487 0.264128 
0.467495 0.39478 0.268922 
0.45286 0.410744 0.311525 
0.446127 0.450851 0.391364 
0.454406 0.511118 0.496658 
0.478308 0.576115 0.600511 
0.500757 0.616911 0.664722 
0.489256 0.600613 0.655269 
0.419154 0.512253 0.563915 
0.302943 0.374944 0.421157 
0.197128 0.247937 0.286552 
0.172634 0.196118 0.217266 
0.266893 0.249336 0.234446 
0.454367 0.381813 0.311818 
0.658679 0.527678 0.394857 
0.796755 0.620599 0.435465 
0.822954 0.628872 0.417002 
0.74576 0.564513 0.355289 
0.612383 0.466378 0.280872 
0.477281 0.373919 0.21905 
0.375835 0.309377 0.180617 
0.315823 0.275854 0.165095 
0.286183 0.267044 0.169719 
0.27319 0.278545 0.19582 
0.272096 0.312003 0.247715 
0.287272 0.369659 0.324886 
0.322622 0.444518 0.41368 
0.371171 0.515439 0.48673 
0.413158 0.553379 0.513764 
0.425266 0.536319 0.478323 
0.394902 0.463017 0.388824 
0.329498 0.355784 0.275507 
0.253745 0.249711 0.174783 
0.195277 0.174231 0.110641 
0.167223 0.137673 0.0839176 
0.159994 0.124853 0.0756756 
0.150185 0.110914 0.06358 
0.121282 0.0827362 0.0412529 
0.0784639 0.05013 0.0248618 
0.0425171 0.0347105 0.0378185 
0.0278579 0.0452843 0.0843628 
0.0277712 0.0652952 0.13829 
0.0239142 0.0683642 0.162654 
0.0100749 0.0475123 0.14432 
0.00243754 0.025616 0.107676 
0.0227959 0.0329744 0.090795 
0.0723651 0.0744916 0.107496 
0.125413 0.121743 0.134741 
0.150099 0.138482 0.137445 
0.13465 0.112682 0.103165 
0.0935101 0.0637219 0.0516047 
0.0513348 0.0217984 0.0135075 
0.0238769 0.00344878 0.00402288 
0.0126877 0.00521578 0.0155542 
0.0128524 0.0151537 0.0311194 
0.021348 0.0260518 0.0406625 
0.0372077 0.0377816 0.0452605 
0.0556612 0.05005 0.0491773 
0.0653417 0.0562822 0.050981 
0.0552031 0.0475495 0.0444 
0.0275702 0.0245692 0.02887 
0.00388641 0.00474712 0.0175961 
0.0120332 0.0121967 0.0301637 
0.0616079 0.0553741 0.0724752 
0.130293 0.11416 0.124729 
0.178397 0.153378 0.154699 
0.180664 0.152505 0.146529 
0.144611 0.121491 0.114591 
0.0983273 0.0865754 0.0862938 
0.0639877 0.0640024 0.0737509 
0.0465322 0.0521336 0.0676871 
0.0445523 0.0472209 0.0588398 
0.0620202 0.0572572 0.0567854 
0.10183 0.0922049 0.0795027 
0.150542 0.142533 0.125753 
0.179026 0.176715 0.166641 
0.16476 0.166671 0.170642 
0.113035 0.115114 0.135386 
0.0532019 0.0545235 0.0905552 
0.0135955 0.0186456 0.0690503 
0.00103574 0.016009 0.0776109 
0.00296454 0.0294707 0.0952202 
0.00519725 0.037086 0.0963482 
0.00531541 0.0313881 0.0736984 
0.0110808 0.021605 0.0414505 
0.0295515 0.0219703 0.021165 
0.0585894 0.0389883 0.0253267 
0.086913 0.0669273 0.0506303 
0.101037 0.09234 0.0827012 
0.093682 0.102745 0.105926 
0.0683828 0.0935911 0.110962 
0.0373507 0.0699235 0.0970988 
0.0135375 0.0425099 0.0711824 
0.00237273 0.0209838 0.0444638 
0.000499336 0.00856648 0.0265577 
0.00377762 0.00321232 0.0187654 
0.01575 0.00500618 0.0144601 
0.0424215 0.0202841 0.00952784 
0.0736459 0.0519263 0.0109069 
0.0778493 0.0833487 0.0280933 
0.0383953 0.0839894 0.0547952 
0.011973 0.0498605 0.069455 
0.133542 0.0417637 0.0651279 
0.513953 0.157541 0.0735088 
1.09297 0.432518 0.139764 
1.60502 0.76153 0.263387 
1.74577 0.94987 0.377765 
1.42228 0.875986 0.409145 
0.847335 0.609712 0.356674 
0.367925 0.353187 0.295808 
0.185725 0.256804 0.293527 
0.237532 0.301333 0.335206 
0.325977 0.360496 0.352743 
0.330836 0.354845 0.317699 
0.282009 0.320571 0.282302 
0.264031 0.337382 0.319016 
0.301091 0.423801 0.434982 
0.346782 0.520859 0.561369 
0.353732 0.561432 0.621155 
0.325289 0.533407 0.594115 
0.30649 0.478664 0.519071 
0.341959 0.448288 0.449425 
0.435821 0.459833 0.411022 
0.533817 0.482179 0.389218 
0.549938 0.457577 0.346566 
0.438704 0.354528 0.260739 
0.252436 0.209375 0.15471 
0.106677 0.102965 0.0829227 
0.0707719 0.0815401 0.0758981 
0.104046 0.108944 0.10338 
0.116321 0.113456 0.107169 
0.076875 0.0746118 0.0690423 
0.0351507 0.0393889 0.0276702 
0.0392624 0.0508696 0.0233184 
0.0729642 0.090485 0.0471399 
0.0898812 0.10932 0.0619687 
0.0790151 0.0947156 0.0570365 
0.0662796 0.0771034 0.0553785 
