1.51591 1.53856 1.21847 
1.53172 1.66064 1.40704 
1.4136 1.60805 1.41689 
1.20851 1.40801 1.24831 
0.988169 1.12581 0.955541 
0.826171 0.839375 0.623858 
0.771568 0.610323 0.337107 
0.829359 0.463947 0.150086 
0.957868 0.386705 0.0762088 
1.08679 0.341344 0.0923517 
1.14932 0.290908 0.154726 
1.11337 0.218762 0.216703 
0.99584 0.134984 0.242475 
0.85262 0.0679986 0.215544 
0.749568 0.0483259 0.143429 
0.729615 0.0939324 0.0581894 
0.792126 0.203256 0.00940032 
0.893525 0.356424 0.0473136 
0.967722 0.521931 0.200206 
0.956593 0.666183 0.457039 
0.837362 0.764261 0.767173 
0.635189 0.809283 1.06007 
0.414691 0.815615 1.27479 
0.252633 0.811699 1.38193 
0.203436 0.823938 1.38601 
0.274807 0.860825 1.31099 
0.427564 0.909243 1.1835 
0.600653 0.947788 1.02784 
0.746185 0.968533 0.873778 
0.851588 0.989627 0.764121 
0.934254 1.0457 0.747255 
1.01441 1.16006 0.852948 
1.08949 1.31924 1.067 
1.13303 1.47215 1.32637 
1.12168 1.55904 1.54422 
1.06842 1.55144 1.65209 
1.0311 1.47321 1.63227 
1.08134 1.38444 1.519 
1.25018 1.33739 1.3689 
1.48942 1.3359 1.22281 
1.68183 1.32885 1.08544 
1.70079 1.2439 0.934441 
1.48466 1.03878 0.748348 
1.07769 0.73434 0.530556 
0.610593 0.407316 0.312532 
0.232794 0.148972 0.136727 
0.0386523 0.0179396 0.033935 
0.0308421 0.0164289 0.0109167 
0.13678 0.100123 0.0535567 
0.260146 0.209444 0.139024 
0.331962 0.299559 0.24654 
0.333446 0.353125 0.361381 
0.28615 0.375012 0.474043 
0.22528 0.379312 0.579146 
0.177037 0.379392 0.675655 
0.151189 0.384653 0.766101 
0.146594 0.401105 0.852628 
0.160221 0.431819 0.931765 
0.191987 0.476456 0.993053 
0.243804 0.531523 1.02467 
0.315622 0.592064 1.02288 
0.401878 0.652946 0.997307 
0.490361 0.707568 0.965673 
0.564533 0.744888 0.940191 
0.609838 0.749117 0.915379 
0.62286 0.706053 0.868135 
0.619064 0.614629 0.77259 
0.632663 0.496012 0.62094 
0.704229 0.391216 0.435715 
0.858704 0.344388 0.263575 
1.08443 0.379028 0.152737 
1.32666 0.48107 0.127154 
1.5032 0.600531 0.172929 
1.53766 0.673089 0.245002 
1.39504 0.651123 0.290146 
1.10149 0.528046 0.273621 
0.737814 0.343525 0.196 
0.409505 0.167531 0.0928612 
0.207416 0.0715236 0.0187583 
0.176166 0.100062 0.02333 
0.302267 0.254203 0.129617 
0.524012 0.491801 0.322957 
0.756539 0.742983 0.554651 
0.921312 0.934218 0.759205 
0.96991 1.01237 0.878525 
0.895658 0.96063 0.883059 
0.73119 0.801279 0.780622 
0.534274 0.584907 0.609266 
0.367424 0.371217 0.418747 
0.278267 0.209649 0.250994 
0.286595 0.12725 0.129581 
0.381015 0.126534 0.0612793 
0.52438 0.190569 0.0443352 
0.664962 0.29005 0.0743567 
0.750291 0.389238 0.142735 
0.741758 0.451944 0.230961 
0.628198 0.450768 0.309796 
0.43485 0.379687 0.349521 
0.221996 0.263884 0.337677 
0.0686796 0.157275 0.291727 
0.0431661 0.122477 0.254188 
0.170829 0.199119 0.26878 
0.415892 0.377159 0.350771 
0.689955 0.593182 0.47171 
0.887259 0.756366 0.571463 
0.931052 0.792744 0.592729 
0.807395 0.683615 0.517308 
0.56856 0.475804 0.380794 
0.305048 0.257685 0.255641 
0.10262 0.114986 0.212537 
0.0075217 0.0913456 0.283221 
0.0156466 0.17374 0.445724 
0.0859268 0.306751 0.638112 
0.165634 0.423604 0.790003 
0.212944 0.475814 0.853209 
0.208838 0.448583 0.817025 
0.158764 0.359607 0.704782 
0.0878496 0.246619 0.557939 
0.0315578 0.150706 0.417327 
0.0217195 0.100607 0.308989 
0.0703583 0.101906 0.238264 
0.159105 0.135222 0.192895 
0.243714 0.16613 0.153571 
0.276196 0.164359 0.10736 
0.23419 0.122653 0.0569139 
0.138505 0.0629637 0.0192239 
0.0443203 0.0239176 0.0136789 
0.00881407 0.0363699 0.0473579 
0.0559834 0.10391 0.109242 
0.16366 0.20327 0.17966 
0.282967 0.305205 0.249101 
0.376584 0.399793 0.330815 
0.447344 0.50495 0.453547 
0.535156 0.649038 0.635234 
0.683988 0.839545 0.855558 
0.903673 1.04333 1.05077 
1.15553 1.19766 1.14145 
1.37262 1.24829 1.07984 
1.49913 1.18832 0.886025 
1.5191 1.06752 0.645214 
1.45447 0.961681 0.46278 
1.337 0.920723 0.403074 
1.17971 0.932271 0.451291 
0.972824 0.928508 0.524624 
0.708686 0.834726 0.527243 
0.41505 0.628054 0.414708 
0.167122 0.366193 0.226774 
0.0627695 0.164716 0.0675467 
0.172196 0.134824 0.0448963 
0.493173 0.318857 0.205683 
0.941306 0.661984 0.504697 
1.38329 1.03606 0.824202 
1.69481 1.30098 1.03184 
1.81098 1.3691 1.04473 
1.74387 1.23957 0.866833 
1.56182 0.988229 0.582545 
1.3463 0.72266 0.312453 
1.1512 0.527925 0.15453 
0.984664 0.430224 0.139596 
0.819407 0.394664 0.222105 
0.62304 0.356178 0.310613 
0.391174 0.266972 0.323452 
0.165654 0.13579 0.241984 
0.0272413 0.0372462 0.132762 
0.0635739 0.0829096 0.123208 
0.325384 0.36496 0.338488 
0.791544 0.89915 0.829258 
1.36214 1.5976 1.52839 
1.88717 2.28947 2.26299 
2.22107 2.78386 2.82 
2.27878 2.94601 3.03473 
2.06657 2.74993 2.8581 
1.6728 2.28172 2.36943 
1.22454 1.69467 1.73175 
0.833536 1.14189 1.11701 
0.558757 0.721815 0.641965 
0.400796 0.460278 0.343952 
0.323701 0.328759 0.198566 
0.285293 0.278677 0.156938 
0.256747 0.267676 0.174864 
0.224588 0.266872 0.220105 
0.182876 0.255633 0.265008 
0.128662 0.218474 0.282019 
0.066435 0.151661 0.252418 
0.0147003 0.0726184 0.181479 
0.00226812 0.0176884 0.102662 
0.0496492 0.0214742 0.059971 
0.146534 0.0886752 0.0768351 
0.245596 0.181302 0.135179 
0.285192 0.237569 0.184751 
0.23177 0.215551 0.180575 
0.113284 0.13202 0.122222 
0.0148923 0.0642865 0.0629041 
0.0317044 0.106011 0.0763352 
0.20525 0.301899 0.201399 
0.486638 0.605609 0.40445 
0.755493 0.89356 0.589793 
0.887006 1.03068 0.655687 
0.825473 0.948101 0.560055 
0.61639 0.683315 0.351421 
0.376312 0.357769 0.143447 
0.22125 0.10775 0.0491426 
0.20103 0.0130736 0.116738 
0.28043 0.0656469 0.305969 
0.374111 0.190508 0.515448 
0.406532 0.298124 0.640032 
0.355087 0.331745 0.622928 
0.2515 0.284699 0.477019 
0.148218 0.187477 0.272615 
0.0792641 0.0835179 0.106961 
0.0441313 0.0134716 0.0738264 
0.0224852 0.0138461 0.242317 
0.0041531 0.121125 0.643669 
0.00975066 0.368715 1.26209 
0.0866903 0.7727 2.03055 
0.283972 1.31457 2.83744 
0.622986 1.93431 3.54874 
1.08216 2.54168 4.04205 
1.60265 3.04207 4.24039 
2.10945 3.36447 4.13163 
2.5351 3.47889 3.7657 
2.8353 3.39731 3.23277 
2.99235 3.16117 2.63329 
3.00923 2.82344 2.05204 
2.90037 2.4333 1.54375 
2.68432 2.0277 1.13106 
2.38086 1.63027 0.811305 
2.01206 1.25535 0.567579 
1.60527 0.913998 0.380249 
1.19476 0.618847 0.235825 
0.819641 0.385147 0.130705 
0.517226 0.227063 0.0685881 
0.31377 0.150894 0.0530187 
0.216568 0.149131 0.0793569 
0.211767 0.199675 0.131433 
0.269863 0.272044 0.185661 
0.357013 0.338272 0.220656 
0.447103 0.383072 0.22656 
0.529149 0.408017 0.208311 
0.607486 0.428192 0.181276 
0.69638 0.464475 0.163007 
0.813495 0.536924 0.167427 
0.976058 0.662958 0.20531 
1.20021 0.859528 0.289489 
1.50068 1.14465 0.438861 
1.88716 1.53369 0.675524 
2.35637 2.02972 1.01421 
2.88315 2.61232 1.44904 
3.41627 3.23162 1.94542 
3.88374 3.81289 2.44264 
4.20812 4.27169 2.86718 
