0.68215 0.97646 1.1526 
0.857885 1.13788 1.28013 
0.899129 1.11781 1.21313 
0.79353 0.936168 0.992051 
0.577611 0.662232 0.7013 
0.321514 0.379296 0.423637 
0.108108 0.156335 0.210343 
0.00538369 0.0327007 0.0775563 
0.0336441 0.0101315 0.0175375 
0.145288 0.0506729 0.00796703 
0.244625 0.0920637 0.0180121 
0.251626 0.0875385 0.0230221 
0.165864 0.0467259 0.0262854 
0.0683763 0.0340035 0.0625966 
0.0483 0.110656 0.165689 
0.118969 0.268605 0.323858 
0.20699 0.424432 0.473321 
0.225992 0.486076 0.544971 
0.158618 0.427902 0.520564 
0.0646073 0.301762 0.442964 
0.0143665 0.182617 0.378443 
0.0224449 0.113443 0.380446 
0.0460263 0.102639 0.490268 
0.0428935 0.161618 0.754085 
0.0311483 0.330695 1.213 
0.0982275 0.661507 1.85921 
0.345489 1.16659 2.59639 
0.795752 1.7695 3.24364 
1.3258 2.29249 3.58971 
1.69563 2.51268 3.4782 
1.69407 2.28483 2.89247 
1.31434 1.66377 1.99586 
0.807582 0.919965 1.08217 
0.535872 0.400481 0.438853 
0.721452 0.320859 0.204039 
1.296 0.648945 0.323327 
1.96797 1.16398 0.630569 
2.42793 1.61476 0.962543 
2.50791 1.83229 1.20303 
2.20011 1.74308 1.25965 
1.59889 1.35448 1.07125 
0.870786 0.783857 0.693559 
0.254196 0.286475 0.367983 
0.00154242 0.172436 0.431859 
0.23396 0.60332 1.07184 
0.816694 1.423 2.1154 
1.40052 2.20291 3.07405 
1.63889 2.50856 3.44504 
1.41627 2.18663 3.04268 
0.900066 1.44381 2.09974 
0.385249 0.670257 1.07934 
0.0789912 0.170562 0.370673 
0.000196619 0.0127096 0.0997823 
0.0399271 0.0711429 0.150691 
0.0879551 0.175709 0.317337 
0.107009 0.228687 0.444068 
0.12035 0.225792 0.47614 
0.162342 0.212243 0.435684 
0.249478 0.235315 0.377156 
0.382124 0.322614 0.355445 
0.551955 0.477452 0.407392 
0.737157 0.675717 0.537819 
0.893215 0.863768 0.710489 
0.958334 0.968554 0.853756 
0.88179 0.927388 0.888709 
0.663075 0.728445 0.773357 
0.373555 0.43522 0.537202 
0.133737 0.166207 0.274351 
0.0471212 0.0287656 0.087734 
0.13236 0.049537 0.0213504 
0.309595 0.159522 0.0379576 
0.457892 0.251138 0.0635939 
0.497954 0.25881 0.0557786 
0.432254 0.193127 0.0289209 
0.319031 0.108021 0.0187476 
0.218095 0.0462876 0.0339414 
0.159013 0.0179646 0.050412 
0.143056 0.0162852 0.0464708 
0.156311 0.0350271 0.0291889 
0.179274 0.0660755 0.0208434 
0.200221 0.0945968 0.0289189 
0.233525 0.111926 0.0403014 
0.32037 0.131977 0.0426177 
0.494302 0.181257 0.0394131 
0.735101 0.26429 0.0393162 
0.960277 0.343948 0.0388665 
1.07284 0.365604 0.0272197 
1.0263 0.304571 0.00852603 
0.849686 0.188853 0.0111036 
0.61628 0.0762842 0.0675378 
0.392272 0.0120959 0.185208 
0.210473 0.00646704 0.337341 
0.080281 0.0439691 0.480767 
0.00949565 0.104779 0.579909 
0.00867392 0.173257 0.615836 
0.0719064 0.230095 0.579966 
0.156568 0.245676 0.469283 
0.194426 0.194622 0.297247 
0.143045 0.0900942 0.114227 
0.040861 0.00654549 0.0109627 
0.00517242 0.0527738 0.0815218 
0.150057 0.294782 0.357231 
0.481238 0.685534 0.763749 
0.8659 1.07347 1.15176 
1.11884 1.30016 1.39168 
1.13672 1.31033 1.45647 
0.963671 1.17862 1.41899 
0.739224 1.03554 1.37126 
0.592143 0.971261 1.34993 
0.579566 1.00516 1.33933 
0.701753 1.12629 1.33327 
0.937995 1.33302 1.37167 
1.24617 1.61579 1.50169 
1.53742 1.90906 1.70446 
1.68447 2.08552 1.87291 
1.58765 2.02243 1.87396 
1.25089 1.68949 1.64283 
0.795943 1.18011 1.22815 
0.395541 0.659683 0.757681 
0.17722 0.275904 0.363542 
0.168364 0.097722 0.126426 
0.309387 0.111205 0.0638061 
0.505582 0.251271 0.145155 
0.671323 0.43376 0.307835 
0.747315 0.574574 0.468335 
0.704395 0.607289 0.542676 
0.550957 0.508551 0.482942 
0.338318 0.317415 0.311143 
0.143801 0.122441 0.117374 
0.0289956 0.0113471 0.00948435 
0.00293032 0.0159995 0.0439487 
0.0249813 0.098 0.191009 
0.0461184 0.186623 0.362113 
0.0473794 0.232656 0.474423 
0.0396235 0.231343 0.498902 
0.0352218 0.206274 0.462754 
0.0335022 0.186318 0.422291 
0.0372545 0.20144 0.436656 
0.0691368 0.283551 0.548661 
0.151237 0.44441 0.759798 
0.262 0.639179 1.00485 
0.328314 0.764285 1.16077 
0.283279 0.719756 1.11232 
0.143747 0.496734 0.83994 
0.0245482 0.207905 0.455259 
0.0594563 0.0199673 0.141412 
0.292617 0.0386754 0.0387837 
0.639786 0.245053 0.168611 
0.956536 0.534122 0.451631 
1.15098 0.810759 0.789227 
1.23898 1.0475 1.12043 
1.29735 1.25528 1.40507 
1.36751 1.41232 1.57298 
1.40541 1.44112 1.52388 
1.32279 1.26977 1.20748 
1.07475 0.91756 0.710753 
0.7091 0.509712 0.245191 
0.339947 0.195885 0.0135307 
0.0829197 0.0479486 0.0623191 
0.0112739 0.0329638 0.255352 
0.147604 0.0750622 0.393588 
0.462494 0.129488 0.37014 
0.864719 0.194001 0.226322 
1.21071 0.265624 0.0812244 
1.36329 0.310951 0.0218756 
1.2759 0.290214 0.0517022 
1.03295 0.204131 0.116779 
0.801446 0.106506 0.16103 
0.723974 0.066454 0.160752 
0.832345 0.115989 0.126191 
1.04107 0.227482 0.0830535 
1.21784 0.335935 0.0507285 
1.27794 0.38844 0.0324382 
1.23891 0.386841 0.0253567 
1.19937 0.391074 0.0391457 
1.25636 0.473564 0.0969148 
1.42205 0.654584 0.209312 
1.60609 0.872977 0.348092 
1.67871 1.02248 0.454046 
1.56266 1.02548 0.478271 
1.28147 0.882218 0.41724 
0.935245 0.660205 0.309162 
0.636152 0.44407 0.201276 
0.455308 0.291091 0.122482 
0.407058 0.217158 0.0793233 
0.463418 0.206647 0.0654782 
0.578231 0.229663 0.0698167 
0.704594 0.256665 0.0807712 
0.7997 0.266671 0.090937 
0.824741 0.24919 0.101115 
0.754421 0.204852 0.120535 
0.596925 0.147872 0.162319 
0.401115 0.102474 0.233047 
0.229413 0.084431 0.317014 
0.114221 0.0810003 0.368663 
0.0465541 0.0605295 0.335398 
0.015747 0.0177539 0.20919 
0.052831 0.00841615 0.0606676 
0.213716 0.118346 0.00398291 
0.506797 0.379227 0.105702 
0.84517 0.715369 0.323069 
1.08695 0.986346 0.540408 
1.13107 1.0889 0.66896 
0.976506 1.01687 0.70381 
0.700642 0.830817 0.684262 
0.40106 0.592718 0.620958 
0.163181 0.346227 0.488317 
0.0557246 0.144688 0.289973 
0.113643 0.0591521 0.105017 
0.304677 0.131664 0.0434144 
0.530084 0.326687 0.153507 
0.690178 0.551774 0.386313 
0.763502 0.736561 0.65295 
0.813053 0.881837 0.90126 
0.903386 1.021 1.12293 
1.01359 1.14096 1.29636 
1.04231 1.16101 1.35251 
0.904578 1.00315 1.22101 
0.623484 0.682697 0.912492 
0.326448 0.322247 0.542323 
0.153176 0.0705107 0.259191 
0.163517 0.00162187 0.141068 
0.323025 0.084352 0.154253 
0.565896 0.24038 0.209309 
0.870385 0.431341 0.257748 
1.28131 0.695859 0.340174 
1.86277 1.10514 0.543013 
2.61606 1.67243 0.900178 
3.42108 2.28821 1.32284 
4.0493 2.73899 1.62208 
4.25767 2.81283 1.62045 
3.92159 2.43186 1.27785 
3.12673 1.72183 0.736949 
2.14934 0.961035 0.245881 
1.32214 0.434097 0.00947697 
0.867672 0.29091 0.0813364 
0.813062 0.510143 0.378732 
1.03919 0.979705 0.795388 
1.40719 1.60424 1.29598 
1.84292 2.33047 1.89322 
2.31061 3.07285 2.53048 
2.72585 3.64032 3.00656 
2.92827 3.78527 3.06206 
2.77633 3.38049 2.59408 
2.29133 2.58125 1.81712 
1.70186 1.80112 1.19545 
1.31231 1.47046 1.15404 
1.28158 1.7412 1.7743 
1.49708 2.36994 2.71587 
1.66033 2.88087 3.43402 
1.52069 2.88842 3.53072 
