0.939087 1.48681 1.81702 
1.23089 1.66788 1.91235 
1.44023 1.72647 1.8291 
1.40449 1.51732 1.472 
1.13747 1.0914 0.949674 
0.776719 0.63625 0.494718 
0.458859 0.317516 0.276925 
0.243144 0.173637 0.285346 
0.119911 0.130782 0.364642 
0.0603779 0.0932403 0.351221 
0.0589419 0.0306132 0.199299 
0.155256 0.0181657 0.0272238 
0.436393 0.220695 0.0736309 
1.00115 0.815046 0.580234 
1.87097 1.85926 1.63421 
2.88998 3.17065 3.0427 
3.7182 4.32596 4.34559 
3.98733 4.85004 5.0206 
3.54144 4.5028 4.78487 
2.56637 3.44638 3.77455 
1.47725 2.14049 2.4475 
0.650822 1.0468 1.2844 
0.22982 0.388783 0.536314 
0.135149 0.132926 0.194496 
0.210278 0.130315 0.128031 
0.334487 0.243922 0.209275 
0.441828 0.379751 0.338958 
0.505168 0.477077 0.432501 
0.541167 0.521465 0.443188 
0.615808 0.561493 0.400546 
0.813168 0.683102 0.398632 
1.18044 0.950625 0.530775 
1.68741 1.36001 0.826176 
2.21437 1.82276 1.22378 
2.57182 2.17664 1.58026 
2.57225 2.23947 1.71718 
2.14905 1.91689 1.51993 
1.43998 1.30254 1.04347 
0.733117 0.660653 0.52047 
0.284936 0.263287 0.221053 
0.157474 0.20451 0.259467 
0.215609 0.354933 0.516197 
0.270895 0.490819 0.745694 
0.228949 0.472387 0.769518 
0.123214 0.321206 0.589736 
0.0423006 0.158895 0.347521 
0.0394879 0.0876522 0.189351 
0.096635 0.116953 0.161824 
0.152753 0.179725 0.207229 
0.160789 0.204153 0.238202 
0.123678 0.171323 0.212304 
0.0819312 0.113655 0.146419 
0.0689672 0.0695384 0.0786693 
0.0808454 0.0478203 0.0312615 
0.0887749 0.0340245 0.00815917 
0.0740626 0.0179714 0.010723 
0.0449989 0.00493903 0.0396934 
0.025017 0.00487946 0.0846358 
0.0356688 0.0243511 0.126697 
0.0918781 0.0722566 0.159088 
0.199776 0.161104 0.197041 
0.345886 0.290088 0.25805 
0.490508 0.428746 0.334176 
0.584568 0.529028 0.393112 
0.602198 0.561489 0.411425 
0.557456 0.539499 0.404216 
0.487442 0.505208 0.417352 
0.41921 0.489842 0.485758 
0.352707 0.485239 0.59384 
0.273418 0.452368 0.67485 
0.179493 0.360366 0.656685 
0.0953742 0.222198 0.521334 
0.055658 0.0913689 0.324714 
0.0717573 0.0168576 0.15189 
0.118971 0.000853077 0.0488186 
0.173623 0.0163721 0.00996649 
0.279744 0.0865583 0.0518218 
0.572656 0.344951 0.297062 
1.19816 0.979617 0.947711 
2.15647 2.05884 2.11305 
3.19658 3.36878 3.61411 
3.88564 4.4299 4.95575 
3.85334 4.73923 5.55135 
3.05448 4.09538 5.07829 
1.84329 2.76524 3.71082 
0.772938 1.34412 2.04107 
0.245242 0.388346 0.723858 
0.268028 0.0839632 0.0946411 
0.507031 0.197474 0.036751 
0.585772 0.333034 0.179644 
0.384303 0.27319 0.245624 
0.098178 0.123447 0.253651 
0.0356726 0.165892 0.431656 
0.352552 0.581489 0.950695 
0.948051 1.2904 1.73342 
1.5719 2.02011 2.49033 
2.00753 2.50073 2.91903 
2.17119 2.6083 2.88089 
2.08699 2.37277 2.43538 
1.81483 1.9039 1.75945 
1.41515 1.3289 1.05227 
0.961377 0.775032 0.483344 
0.554213 0.364146 0.169685 
0.300244 0.184399 0.151756 
0.261906 0.248831 0.373511 
0.417648 0.480199 0.697987 
0.66733 0.746233 0.968914 
0.884785 0.927299 1.0852 
0.981728 0.969331 1.03682 
0.937197 0.886263 0.879411 
0.779864 0.721416 0.67705 
0.556881 0.51417 0.467788 
0.327682 0.304241 0.276841 
0.172748 0.150522 0.143326 
0.168421 0.111969 0.106833 
0.316335 0.185225 0.154009 
0.500122 0.272589 0.1971 
0.557054 0.25527 0.146687 
0.440157 0.133573 0.0312141 
0.312855 0.0829681 0.0239541 
0.438826 0.319928 0.299123 
0.929119 0.86911 0.825893 
1.58616 1.46683 1.31948 
2.02205 1.73533 1.44422 
1.96203 1.49132 1.10383 
1.45357 0.899333 0.539553 
0.79812 0.325623 0.132225 
0.296928 0.0410276 0.0936168 
0.0574419 0.049072 0.328083 
0.00125826 0.161898 0.561687 
0.00414434 0.204815 0.586902 
0.0102217 0.149723 0.405115 
0.0400677 0.091178 0.182128 
0.127097 0.127464 0.0918947 
0.260212 0.262356 0.180549 
0.384754 0.402342 0.342532 
0.459063 0.444867 0.417984 
0.509109 0.378911 0.332147 
0.611824 0.299976 0.156587 
0.805749 0.317324 0.0364668 
1.02247 0.447165 0.0597264 
1.13159 0.607972 0.201009 
1.06948 0.720281 0.381981 
0.919161 0.796563 0.562297 
0.859545 0.931213 0.766573 
1.04087 1.21923 1.0458 
1.49231 1.68114 1.42181 
2.09461 2.21868 1.83233 
2.59614 2.60094 2.09315 
2.6925 2.53634 1.9572 
2.20536 1.88057 1.329 
1.27955 0.866029 0.499186 
0.396108 0.0940142 0.108838 
0.0972439 0.171599 0.726441 
0.603699 1.24009 2.3385 
1.65776 2.82403 4.24638 
2.73156 4.16281 5.52725 
3.39409 4.72733 5.66751 
3.51541 4.47577 4.81801 
3.20378 3.71 3.52553 
2.63627 2.7767 2.28972 
1.96433 1.9014 1.34746 
1.30694 1.19383 0.734173 
0.749965 0.688234 0.401315 
0.33508 0.355029 0.253687 
0.0801351 0.136721 0.173066 
0.01118 0.0153765 0.0919307 
0.132904 0.0185139 0.0338208 
0.356223 0.13296 0.0391764 
0.516073 0.256354 0.0729713 
0.528551 0.300133 0.0679145 
0.518881 0.334814 0.0611271 
0.723273 0.558794 0.213456 
1.23406 1.08227 0.642409 
1.88417 1.78424 1.27536 
2.41736 2.43163 1.92836 
2.73245 2.90918 2.50912 
2.90064 3.26115 3.06053 
2.96185 3.50471 3.57689 
2.79671 3.48879 3.85111 
2.26103 3.01624 3.59579 
1.41953 2.10162 2.73804 
0.585146 1.0577 1.56454 
0.102275 0.299983 0.555212 
0.0946013 0.0623922 0.068408 
0.407966 0.277967 0.152464 
0.760087 0.682497 0.590189 
0.931822 1.00288 1.07193 
0.853779 1.07772 1.34455 
0.580427 0.878047 1.28109 
0.239306 0.493331 0.909877 
0.0132641 0.128375 0.433045 
0.114105 0.0665707 0.18637 
0.673998 0.529193 0.474541 
1.58794 1.47462 1.33361 
2.47299 2.52192 2.41759 
2.86856 3.14362 3.17154 
2.56739 3.02579 3.20337 
1.7881 2.29201 2.54823 
1.01215 1.38619 1.59845 
0.621949 0.72724 0.785195 
0.656528 0.447111 0.308765 
0.865627 0.403348 0.114517 
0.959965 0.383469 0.0524062 
0.819098 0.283669 0.027642 
0.518274 0.137253 0.0326172 
0.217055 0.0323166 0.0939374 
0.0361565 0.0254436 0.219354 
0.00484484 0.112593 0.385614 
0.077795 0.248225 0.554405 
0.179718 0.376631 0.689701 
0.245906 0.454038 0.765442 
0.247468 0.460511 0.768654 
0.196239 0.404536 0.704377 
0.128094 0.318376 0.599696 
0.0785737 0.245107 0.499067 
0.0728002 0.224838 0.448437 
0.131347 0.283391 0.473053 
0.268576 0.418538 0.558103 
0.47262 0.58818 0.646268 
0.694124 0.721855 0.665866 
0.871817 0.763683 0.580842 
0.974461 0.712736 0.42144 
1.01058 0.61597 0.259409 
0.997971 0.519613 0.14781 
0.937668 0.435166 0.0888445 
0.823983 0.353113 0.0593531 
0.666877 0.272755 0.0515361 
0.491674 0.203808 0.0741718 
0.323699 0.147231 0.12186 
0.185387 0.0936159 0.164133 
0.100959 0.0425233 0.172015 
0.0831267 0.00839804 0.144779 
0.110299 0.000880132 0.104246 
0.133902 0.0101265 0.0708672 
0.122331 0.0203208 0.0520159 
0.0936148 0.0310308 0.0463575 
0.0960047 0.0560851 0.0496066 
0.157313 0.103652 0.0571031 
0.255946 0.163268 0.0667603 
0.335656 0.209951 0.0784631 
0.343804 0.217041 0.0869986 
0.265166 0.171897 0.0801566 
0.135456 0.0909838 0.0520225 
0.0264106 0.021069 0.018072 
0.00607394 0.0160279 0.0108969 
0.0990115 0.104026 0.0596429 
0.276881 0.274364 0.175997 
0.486272 0.494062 0.356678 
0.692382 0.737171 0.592145 
0.907529 1.00355 0.871916 
