0.0110592 0.239731 0.536389 
0.0767012 0.242503 0.555042 
0.313318 0.398763 0.656927 
0.710825 0.715613 0.865585 
1.17179 1.10956 1.13546 
1.52533 1.42148 1.35349 
1.60738 1.49227 1.39139 
1.36811 1.26332 1.18655 
0.922953 0.829438 0.796158 
0.491663 0.393028 0.377313 
0.259747 0.142932 0.0992377 
0.267502 0.145453 0.0488816 
0.411198 0.326424 0.196595 
0.543809 0.546323 0.437393 
0.582021 0.697314 0.664066 
0.535755 0.747399 0.814644 
0.457494 0.716996 0.873376 
0.377162 0.632412 0.848046 
0.28501 0.506291 0.755834 
0.167572 0.354366 0.62599 
0.0523786 0.218953 0.503352 
0.0154562 0.16701 0.436961 
0.141738 0.257827 0.456548 
0.46651 0.503279 0.554187 
0.939727 0.850452 0.68588 
1.43962 1.20131 0.793539 
1.82908 1.45926 0.834498 
2.01882 1.57399 0.801617 
1.99709 1.5564 0.723088 
1.81226 1.45685 0.643415 
1.53158 1.32634 0.598422 
1.21265 1.19101 0.60006 
0.902336 1.05491 0.638403 
0.644481 0.918901 0.695101 
0.471212 0.792523 0.755624 
0.380018 0.688849 0.812564 
0.328182 0.615009 0.863104 
0.268732 0.57634 0.90892 
0.208867 0.593455 0.96083 
0.236334 0.709598 1.0403 
0.474016 0.967246 1.16784 
0.98267 1.36144 1.33964 
1.68416 1.80715 1.50975 
2.37188 2.15742 1.59853 
2.81146 2.27319 1.53196 
2.86524 2.10176 1.2898 
2.5564 1.70859 0.927795 
2.03584 1.23859 0.553596 
1.48526 0.834075 0.269461 
1.02731 0.565998 0.120389 
0.694959 0.419927 0.0816559 
0.460727 0.335041 0.0896684 
0.287036 0.258908 0.0894298 
0.157654 0.178769 0.0649836 
0.0769127 0.116075 0.0375701 
0.0510711 0.099611 0.0413924 
0.0741659 0.142237 0.0986971 
0.129806 0.235651 0.209342 
0.20402 0.360231 0.355305 
0.295186 0.496872 0.51074 
0.40959 0.62967 0.648427 
0.542823 0.738393 0.740549 
0.661378 0.790786 0.759093 
0.705398 0.74883 0.683384 
0.622863 0.594233 0.516286 
0.418682 0.358844 0.298833 
0.178468 0.130673 0.105392 
0.0337417 0.015433 0.0100463 
0.0791261 0.0692476 0.0398319 
0.300414 0.252333 0.151045 
0.575758 0.448018 0.255213 
0.756502 0.540465 0.28101 
0.765304 0.491095 0.222764 
0.63403 0.352324 0.134383 
0.459296 0.213373 0.076976 
0.324786 0.13197 0.0704849 
0.257159 0.109309 0.0908553 
0.237267 0.11557 0.105557 
0.235596 0.126832 0.105269 
0.233118 0.136827 0.102658 
0.220151 0.144566 0.108894 
0.190846 0.143011 0.118273 
0.145019 0.123219 0.115175 
0.0912832 0.0854909 0.0918527 
0.0432062 0.0436129 0.0590477 
0.0119957 0.0196014 0.0427044 
0.00401742 0.0344854 0.070433 
0.0229424 0.098479 0.153973 
0.0693015 0.202146 0.276178 
0.135634 0.314558 0.393713 
0.204185 0.395121 0.459684 
0.252775 0.415195 0.452958 
0.265347 0.374225 0.390869 
0.239444 0.298041 0.314455 
0.187205 0.222193 0.259479 
0.130911 0.173579 0.23681 
0.0938834 0.160246 0.233358 
0.0882079 0.170877 0.226604 
0.106271 0.182392 0.200207 
0.125584 0.173971 0.153687 
0.126967 0.141395 0.10335 
0.111436 0.100539 0.0724369 
0.0986708 0.0740234 0.073606 
0.106306 0.0704171 0.0961608 
0.129334 0.0752805 0.111587 
0.14115 0.0647277 0.0968902 
0.118487 0.0316126 0.0578878 
0.0694816 0.00161632 0.0322584 
0.0387454 0.0233029 0.0678061 
0.0809447 0.13622 0.190162 
0.220263 0.338187 0.380885 
0.426087 0.57514 0.579696 
0.62437 0.763062 0.710839 
0.737755 0.830428 0.720422 
0.726819 0.755129 0.604352 
0.605933 0.573058 0.410076 
0.427724 0.354914 0.210655 
0.251625 0.168678 0.0675443 
0.118081 0.0516134 0.00505612 
0.0401081 0.0047454 0.00929457 
0.00997692 0.00604488 0.0467244 
0.0117764 0.0292349 0.086827 
0.0316034 0.0568925 0.115507 
0.0616139 0.0838365 0.135571 
0.0984635 0.113172 0.158905 
0.13957 0.150118 0.197595 
0.181073 0.197905 0.258776 
0.218736 0.25676 0.343475 
0.249526 0.323772 0.446436 
0.271107 0.391497 0.554693 
0.279722 0.446516 0.646682 
0.270019 0.471806 0.696361 
0.238757 0.454415 0.683759 
0.189582 0.394079 0.606441 
0.133584 0.305542 0.483002 
0.0839511 0.211635 0.34473 
0.04887 0.131998 0.221042 
0.028651 0.0757514 0.128862 
0.0187267 0.0420187 0.0713501 
0.0146498 0.0251219 0.0429741 
0.0143764 0.0188052 0.0345345 
0.0171381 0.0174619 0.035614 
0.0218596 0.0164847 0.0365353 
0.0274272 0.0136271 0.0314827 
0.0339319 0.0101733 0.020726 
0.0427427 0.00978519 0.00909232 
0.0550868 0.0154948 0.00158723 
0.0707213 0.0276108 0.000277082 
0.0877972 0.0440786 0.00473227 
0.10341 0.0619569 0.0139825 
0.114131 0.0781331 0.0268677 
0.116841 0.0894569 0.0409072 
0.110259 0.0936911 0.0524479 
0.0962077 0.0912014 0.0591942 
0.0791287 0.0855556 0.0627711 
0.0638798 0.0819299 0.0684566 
0.0536246 0.0845036 0.0820738 
0.049332 0.0948008 0.106486 
0.05059 0.111563 0.139779 
0.0564642 0.131397 0.175528 
0.0657872 0.149605 0.204698 
0.0771278 0.161271 0.218603 
0.0887084 0.162577 0.21196 
0.0982842 0.151874 0.184776 
0.103101 0.130125 0.142414 
0.100189 0.10063 0.0940308 
0.0871908 0.0681418 0.0499216 
0.0639942 0.0377823 0.0183444 
0.0349961 0.0145306 0.00305773 
0.0101528 0.00323484 0.00287317 
0.00171111 0.00760515 0.0131195 
0.0163954 0.02729 0.0276112 
0.0490338 0.055809 0.0407189 
0.0853135 0.0837867 0.0505663 
0.113073 0.106635 0.0622751 
0.130885 0.128315 0.0862698 
0.14408 0.154474 0.128611 
0.153175 0.180884 0.180028 
0.150036 0.191699 0.216549 
0.128112 0.172937 0.215709 
0.0942719 0.12794 0.174997 
0.0660441 0.0769923 0.114193 
0.0555281 0.0404339 0.0591588 
0.0582019 0.0233467 0.023762 
0.0592755 0.0170585 0.0065109 
0.0496498 0.0127853 0.000531759 
0.0338822 0.0108423 0.00274271 
0.023871 0.0174745 0.0138036 
0.0276812 0.0363566 0.0333555 
0.044716 0.0646908 0.0580167 
0.0685802 0.0953778 0.0827374 
0.0919405 0.120674 0.102026 
0.10924 0.134595 0.110581 
0.117342 0.134551 0.105333 
0.115607 0.122296 0.088092 
0.106075 0.103151 0.0654016 
0.0931954 0.0835705 0.0447827 
0.082122 0.0686439 0.0307751 
0.0762573 0.0609784 0.0240934 
0.0767515 0.0609436 0.0233481 
0.0838716 0.0665553 0.0260979 
0.0947846 0.0712868 0.0277791 
0.0971085 0.0634224 0.022501 
0.072965 0.0368364 0.0122753 
0.0268379 0.0141931 0.0216848 
0.0142104 0.0567664 0.0971233 
0.118127 0.226027 0.270654 
0.362786 0.508632 0.507888 
0.64627 0.783079 0.701097 
0.793746 0.894481 0.742857 
0.70925 0.787356 0.621895 
0.467417 0.55589 0.434939 
0.233569 0.350931 0.298172 
0.108277 0.261195 0.274609 
0.0902848 0.317586 0.411137 
0.179745 0.577019 0.795018 
0.426536 1.09118 1.46216 
0.802944 1.72613 2.20252 
1.08344 2.09702 2.56094 
0.995033 1.84944 2.19539 
0.554854 1.07203 1.2759 
0.168322 0.325182 0.409689 
0.261833 0.130046 0.0660852 
0.809277 0.440487 0.133972 
1.32045 0.728409 0.169082 
1.34211 0.604883 0.0395622 
0.898731 0.230918 0.119381 
0.384403 0.0371319 0.732112 
0.102993 0.157015 1.56862 
0.034767 0.314557 1.90847 
0.0207593 0.253244 1.43423 
0.00320566 0.0682686 0.60406 
0.00778352 0.00676959 0.0987456 
0.0283721 0.0946306 0.0768641 
0.0852709 0.156686 0.184928 
0.320368 0.139826 0.182814 
0.810077 0.16672 0.212342 
1.25266 0.227909 0.366508 
1.12009 0.127075 0.372474 
0.390895 0.011176 0.0925182 
0.0297895 0.778512 0.197615 
1.33722 3.43981 1.77259 
4.54751 7.76376 4.91177 
8.17219 11.773 7.97769 
10.014 13.0465 8.77513 
8.98511 10.7665 6.64322 
5.93482 6.43378 3.16883 
2.74855 2.51471 0.664458 
0.771682 0.457781 0.0771692 
0.0935295 0.00604187 0.538749 
0.0593816 0.119695 0.757043 
