0.549556 0.976722 1.53037 
0.304023 0.598894 0.963968 
0.294827 0.473789 0.639216 
0.523607 0.635206 0.652384 
0.862107 0.955461 0.897385 
1.11306 1.22661 1.1651 
1.1146 1.26882 1.25945 
0.845451 1.02845 1.09009 
0.454703 0.615653 0.716701 
0.169227 0.240035 0.3139 
0.134666 0.0735882 0.0623076 
0.321851 0.14554 0.0391874 
0.576822 0.352905 0.19269 
0.754768 0.561012 0.406488 
0.808512 0.691531 0.582449 
0.77221 0.734175 0.676067 
0.694613 0.709691 0.686113 
0.601772 0.642174 0.634704 
0.503965 0.554452 0.552077 
0.409407 0.464088 0.459385 
0.324263 0.375381 0.357808 
0.253866 0.287497 0.244157 
0.213763 0.219295 0.1446 
0.230657 0.2165 0.123277 
0.317688 0.316821 0.238804 
0.445958 0.500651 0.480609 
0.551064 0.683485 0.749942 
0.581462 0.771537 0.91599 
0.548537 0.738529 0.908837 
0.527974 0.654273 0.773484 
0.60148 0.632903 0.636898 
0.783304 0.739529 0.611605 
0.997221 0.935687 0.715215 
1.13032 1.11266 0.871883 
1.11879 1.17987 0.984965 
0.988123 1.12423 1.00549 
0.816021 0.99263 0.938622 
0.665305 0.833957 0.806419 
0.556299 0.67028 0.625909 
0.491436 0.515395 0.421717 
0.483379 0.396511 0.237036 
0.545267 0.340509 0.112772 
0.657457 0.341553 0.0560509 
0.755285 0.353164 0.0380079 
0.760283 0.31989 0.0255427 
0.639723 0.226645 0.0171432 
0.457222 0.132862 0.056528 
0.370029 0.162378 0.215273 
0.54588 0.433677 0.544174 
1.03291 0.958366 1.01307 
1.6837 1.58913 1.49189 
2.21989 2.0859 1.8156 
2.40544 2.2659 1.89584 
2.18968 2.11207 1.77535 
1.7124 1.7535 1.571 
1.2013 1.36514 1.37591 
0.876943 1.10259 1.23541 
0.927965 1.11353 1.21143 
1.51422 1.55543 1.43117 
2.72165 2.53588 2.0252 
4.44943 3.97946 2.97982 
6.29647 5.51718 4.02474 
7.57671 6.52453 4.674 
7.57838 6.385 4.46008 
6.02503 4.90823 3.27481 
3.44254 2.62956 1.58984 
1.03924 0.658487 0.301734 
0.00870946 0.0238177 0.177976 
0.709038 0.943652 1.2701 
2.41125 2.64572 2.81494 
3.88029 3.95412 3.78701 
4.29861 4.16055 3.66093 
3.73441 3.42744 2.71793 
2.83266 2.44012 1.66776 
2.15496 1.74507 1.01229 
1.82829 1.42361 0.760507 
1.70964 1.29169 0.661533 
1.71331 1.25614 0.586599 
1.88767 1.39811 0.631193 
2.22698 1.76252 0.902518 
2.52884 2.17558 1.3035 
2.50959 2.33117 1.56888 
2.05677 2.04988 1.49404 
1.3417 1.43279 1.10473 
0.680102 0.768063 0.613897 
0.290583 0.304816 0.239355 
0.177454 0.10984 0.065509 
0.210133 0.102821 0.0496314 
0.276382 0.182962 0.117715 
0.346776 0.29983 0.227522 
0.418164 0.421172 0.347765 
0.445743 0.482973 0.418995 
0.37026 0.420554 0.385027 
0.211741 0.261557 0.28148 
0.10144 0.158154 0.264696 
0.185747 0.284349 0.503595 
0.488599 0.679248 1.01451 
0.875892 1.19315 1.60808 
1.15683 1.59219 2.01518 
1.21685 1.71694 2.07414 
1.06784 1.55652 1.8095 
0.810933 1.21326 1.36523 
0.582863 0.836661 0.901098 
0.521352 0.584256 0.551206 
0.722112 0.586126 0.425529 
1.17557 0.881667 0.581634 
1.73506 1.36724 0.966749 
2.172 1.82568 1.40891 
2.29541 2.04161 1.7019 
2.04868 1.91901 1.72491 
1.52199 1.51607 1.49793 
0.893907 0.989902 1.13952 
0.354355 0.509295 0.779574 
0.0453076 0.192409 0.498167 
0.0311264 0.0909767 0.320928 
0.302606 0.213525 0.257211 
0.805486 0.560141 0.343273 
1.46225 1.12805 0.644955 
2.16223 1.86712 1.19664 
2.7425 2.62444 1.91496 
3.01549 3.15827 2.57784 
2.86069 3.25457 2.92559 
2.31758 2.87219 2.8268 
1.58994 2.18927 2.37077 
0.939697 1.49732 1.79975 
0.543965 1.02154 1.33746 
0.417041 0.805895 1.05775 
0.44107 0.737309 0.888561 
0.468564 0.6671 0.720223 
0.419138 0.524392 0.509678 
0.308337 0.341568 0.298058 
0.201733 0.192576 0.147202 
0.149865 0.11832 0.0731639 
0.177279 0.121569 0.054144 
0.335343 0.235526 0.108943 
0.731578 0.566363 0.344026 
1.44026 1.20443 0.865632 
2.33498 2.04399 1.59597 
3.0336 2.71332 2.19409 
3.10229 2.77779 2.24897 
2.40772 2.10774 1.64421 
1.29466 1.06865 0.750118 
0.373085 0.294214 0.192295 
0.0651104 0.197542 0.34933 
0.312445 0.658333 1.03501 
0.696564 1.17026 1.66953 
0.826601 1.28937 1.77251 
0.623088 0.958401 1.31523 
0.283624 0.454743 0.650146 
0.0462828 0.0947766 0.163762 
0.00938685 0.0069828 0.00991784 
0.128768 0.129259 0.108949 
0.314029 0.337555 0.307119 
0.500507 0.544443 0.499766 
0.662641 0.714881 0.647869 
0.80206 0.845113 0.746337 
0.930971 0.943923 0.802466 
1.04841 1.0149 0.82487 
1.12299 1.04141 0.81178 
1.10818 0.99453 0.75139 
0.983502 0.864304 0.641343 
0.779226 0.680405 0.504298 
0.558334 0.496649 0.377055 
0.377558 0.356296 0.285048 
0.263408 0.271902 0.22998 
0.211196 0.228869 0.196694 
0.194171 0.199445 0.165399 
0.178155 0.158947 0.122112 
0.142447 0.101998 0.0684907 
0.0931265 0.0467106 0.0227844 
0.0519115 0.0160542 0.00254265 
0.0313702 0.013296 0.00444861 
0.0271306 0.0229931 0.010417 
0.0338649 0.0374198 0.0173022 
0.0564848 0.0697131 0.0485214 
0.096505 0.130446 0.123359 
0.134648 0.197998 0.219033 
0.140931 0.227538 0.278394 
0.105678 0.194459 0.261768 
0.0542678 0.122383 0.185909 
0.0270664 0.0636699 0.108267 
0.0445881 0.0537085 0.0761558 
0.0888929 0.0828427 0.0911165 
0.115357 0.107501 0.115143 
0.0902247 0.0902637 0.107554 
0.0323376 0.0398043 0.062681 
0.0203792 0.0160111 0.0187423 
0.138295 0.0835506 0.0254724 
0.389634 0.244612 0.094045 
0.663832 0.417332 0.178981 
0.805413 0.493835 0.216709 
0.733955 0.429063 0.183674 
0.503188 0.27343 0.112284 
0.247211 0.121007 0.0518437 
0.0740121 0.032419 0.0235831 
0.00603794 0.0062897 0.016299 
0.00449195 0.00980855 0.0139555 
0.0316677 0.0219627 0.0155682 
0.0846445 0.0469169 0.0300824 
0.174407 0.0938164 0.0599634 
0.280418 0.148541 0.0907169 
0.339128 0.170529 0.0956787 
0.296699 0.12996 0.0604112 
0.179231 0.0543029 0.011308 
0.0878364 0.0202869 0.00777351 
0.0966303 0.074618 0.081981 
0.16508 0.167607 0.18581 
0.188284 0.19784 0.22534 
0.137243 0.132063 0.162326 
0.100491 0.0469826 0.0590026 
0.15708 0.0296511 0.00325165 
0.255867 0.0714285 0.0134817 
0.28193 0.10191 0.046397 
0.215385 0.0974327 0.0716749 
0.144304 0.0929156 0.0901642 
0.130954 0.108024 0.101111 
0.177923 0.158279 0.127601 
0.354184 0.343088 0.264654 
0.795972 0.773997 0.578785 
1.44085 1.32002 0.911762 
1.87561 1.56659 0.935968 
1.68968 1.23189 0.552829 
0.990373 0.56832 0.114493 
0.331015 0.106201 0.011507 
0.0590206 0.00382124 0.120772 
0.023807 0.0033109 0.0582943 
0.133396 0.184327 0.0762036 
0.859292 1.29839 1.16378 
2.64338 3.77013 3.70356 
4.82799 6.50287 6.30452 
5.8166 7.44804 6.81027 
4.70084 5.74049 4.70766 
2.37726 2.77701 1.84132 
0.577825 0.672269 0.255204 
0.0121858 0.0366552 0.000538254 
0.0356878 0.00698198 0.0149615 
0.031542 0.221159 0.726732 
0.268893 1.55859 4.13771 
1.01918 4.36336 10.5525 
1.59368 6.89896 16.447 
1.15845 6.81312 17.2386 
0.251227 4.02246 12.1891 
0.456753 1.02393 5.31038 
2.26983 0.000520981 1.0388 
4.09582 0.534691 0.10263 
4.03633 0.831315 0.332055 
2.21029 0.411247 0.363159 
0.513813 0.425454 0.890908 
0.225497 1.47885 2.44158 
0.709618 2.44442 3.72173 
0.717612 2.02845 3.18951 
