0.881116 0.509412 0.113423 
1.23177 0.675413 0.137517 
1.45552 0.748105 0.138486 
1.49202 0.720975 0.146859 
1.34892 0.637934 0.217516 
1.09657 0.572475 0.402068 
0.833853 0.589391 0.715518 
0.641771 0.707955 1.11472 
0.548018 0.886483 1.5027 
0.520729 1.03854 1.7613 
0.494557 1.07488 1.79971 
0.414723 0.950698 1.59642 
0.274579 0.693456 1.21312 
0.125468 0.395577 0.771776 
0.0529062 0.174438 0.404856 
0.131752 0.119467 0.202266 
0.384497 0.252807 0.180364 
0.764633 0.522298 0.286103 
1.17308 0.828197 0.430906 
1.49822 1.06805 0.534474 
1.65893 1.1768 0.556276 
1.63086 1.14472 0.502217 
1.44642 1.0089 0.408877 
1.17286 0.827962 0.318665 
0.882052 0.654889 0.260626 
0.626341 0.520609 0.244448 
0.42894 0.43204 0.265644 
0.288691 0.380452 0.314181 
0.192421 0.352327 0.379644 
0.126665 0.336498 0.451188 
0.0833123 0.325691 0.515456 
0.058653 0.314604 0.556855 
0.0492248 0.298046 0.562019 
0.0489146 0.271457 0.526316 
0.0498341 0.233581 0.458141 
0.0461651 0.189073 0.377636 
0.0377607 0.148504 0.309714 
0.0304007 0.124825 0.274541 
0.0320831 0.127707 0.280057 
0.0478004 0.158908 0.320055 
0.0766324 0.211641 0.378601 
0.113621 0.274883 0.43864 
0.155635 0.340691 0.49087 
0.207542 0.410707 0.539054 
0.284471 0.498236 0.599663 
0.408127 0.624553 0.696187 
0.598486 0.810955 0.850585 
0.864664 1.07005 1.0752 
1.19886 1.39963 1.36785 
1.5754 1.78087 1.71111 
1.95447 2.18042 2.07491 
2.28875 2.5549 2.42075 
2.53121 2.85666 2.70624 
2.64322 3.04068 2.89006 
2.60258 3.07277 2.9382 
2.41029 2.93859 2.83186 
2.09366 2.65058 2.5751 
1.70282 2.2489 2.19835 
1.29927 1.79345 1.75404 
0.939225 1.34809 1.30383 
0.658011 0.963081 0.901867 
0.462977 0.663891 0.581766 
0.338845 0.451828 0.353561 
0.262653 0.315257 0.211048 
0.219591 0.243567 0.143479 
0.210147 0.23435 0.143056 
0.244426 0.289158 0.203338 
0.327962 0.401618 0.311085 
0.449177 0.547652 0.439625 
0.577589 0.686534 0.551202 
0.674606 0.774113 0.609226 
0.710326 0.780961 0.593777 
0.676101 0.704662 0.510759 
0.585977 0.569247 0.388869 
0.467529 0.412889 0.266207 
0.348754 0.271565 0.174233 
0.248528 0.167305 0.127325 
0.1742 0.105315 0.121684 
0.124811 0.0784838 0.141696 
0.0958902 0.0745467 0.168767 
0.0826846 0.081785 0.188189 
0.0811873 0.0917411 0.192221 
0.088091 0.0996775 0.17995 
0.100817 0.104128 0.155445 
0.117892 0.106373 0.125589 
0.139325 0.110023 0.0984245 
0.166561 0.120465 0.0821889 
0.201748 0.143723 0.0844865 
0.246153 0.184242 0.110625 
0.297941 0.241735 0.160734 
0.350489 0.308553 0.226882 
0.393099 0.369996 0.292837 
0.415229 0.409136 0.33854 
0.412819 0.414821 0.348451 
0.392549 0.38831 0.319393 
0.369827 0.343529 0.262606 
0.360015 0.299533 0.197865 
0.36784 0.269395 0.142955 
0.382653 0.252973 0.10531 
0.384082 0.238781 0.0811498 
0.35533 0.213656 0.0618636 
0.295157 0.173038 0.0420992 
0.2199 0.124332 0.0233613 
0.153849 0.0813328 0.0112295 
0.114822 0.0546512 0.00974977 
0.105011 0.04571 0.0183619 
0.112708 0.0481829 0.0335735 
0.122072 0.0542701 0.0526961 
0.122694 0.059645 0.0750843 
0.112526 0.0632257 0.0992681 
0.0944537 0.0636001 0.119232 
0.0721781 0.0573717 0.124932 
0.0502762 0.0425158 0.108696 
0.0375423 0.0240417 0.0731795 
0.047819 0.015519 0.0336925 
0.0937272 0.0324475 0.0110774 
0.175475 0.0805449 0.0188481 
0.273302 0.147715 0.053644 
0.351816 0.207297 0.0964928 
0.376602 0.232327 0.124623 
0.333857 0.211881 0.125641 
0.240044 0.158177 0.104093 
0.134336 0.0992063 0.07625 
0.0578879 0.0617532 0.0576977 
0.0326935 0.0562291 0.0532229 
0.0526677 0.0729732 0.0559258 
0.0911383 0.0912481 0.0549624 
0.118438 0.0936166 0.0449492 
0.117997 0.0757777 0.0296467 
0.0920937 0.0464316 0.0178301 
0.0561646 0.0192341 0.0155733 
0.0274973 0.00367178 0.0214847 
0.0159135 0.000872212 0.0283466 
0.0208495 0.00561764 0.0291476 
0.0343618 0.0113653 0.0222463 
0.0465972 0.0140585 0.0117306 
0.0503783 0.012837 0.00338111 
0.0434572 0.00876732 0.000183798 
0.0286477 0.00379655 0.00123278 
0.0124829 0.000852385 0.00453402 
0.00279402 0.0040954 0.0106962 
0.00565686 0.0178204 0.0237677 
0.0227402 0.0438879 0.0480482 
0.0504854 0.0794366 0.0833154 
0.0819083 0.11708 0.122518 
0.11023 0.148194 0.154288 
0.132153 0.167472 0.168993 
0.148663 0.175716 0.164313 
0.162912 0.178894 0.146614 
0.176911 0.184112 0.127282 
0.189665 0.195312 0.116527 
0.198268 0.211531 0.118589 
0.201151 0.228585 0.130901 
0.200825 0.242571 0.146991 
0.203694 0.252434 0.160641 
0.216525 0.259846 0.168584 
0.241677 0.266757 0.170599 
0.274278 0.272768 0.16786 
0.303476 0.274536 0.161446 
0.317406 0.267893 0.152322 
0.309143 0.251279 0.142553 
0.280233 0.227949 0.13613 
0.239719 0.205018 0.137854 
0.199217 0.18949 0.150248 
0.166993 0.183742 0.170486 
0.144658 0.183724 0.190164 
0.128465 0.181625 0.199234 
0.114068 0.171595 0.192317 
0.101081 0.154479 0.173091 
0.0937073 0.137687 0.152924 
0.0966392 0.129701 0.143791 
0.109362 0.133047 0.150054 
0.12381 0.141368 0.165309 
0.128167 0.143509 0.177188 
0.114684 0.131997 0.176857 
0.0856504 0.109329 0.165929 
0.0524827 0.0867264 0.155131 
0.0281238 0.0758779 0.15556 
0.0184367 0.0800355 0.169424 
0.019265 0.0915756 0.187715 
0.02123 0.0979429 0.196595 
0.0179288 0.0910574 0.187268 
0.0105705 0.0726382 0.161537 
0.00553452 0.0516658 0.129299 
0.00768626 0.0368883 0.100916 
0.0157617 0.0309337 0.0810247 
0.0237069 0.0303061 0.0680045 
0.026104 0.0299352 0.0579333 
0.0223199 0.0274408 0.0485501 
0.0159243 0.0237542 0.0401237 
0.0109181 0.0210016 0.0339543 
0.00914351 0.020901 0.0312215 
0.0111573 0.0251964 0.0333212 
0.0184454 0.036339 0.042116 
0.0331851 0.055919 0.0582501 
0.0548503 0.0813193 0.0783766 
0.0773831 0.10431 0.0945966 
0.0912103 0.114636 0.0982674 
0.0898271 0.107007 0.0861504 
0.0755402 0.0858886 0.063867 
0.0589522 0.0635969 0.0432656 
0.052404 0.0528894 0.0353672 
0.0632153 0.0599137 0.0441563 
0.0921212 0.0824121 0.0652318 
0.136177 0.112712 0.0889269 
0.190511 0.141242 0.104687 
0.24565 0.158083 0.104624 
0.284584 0.154585 0.0865925 
0.287305 0.127938 0.056814 
0.244158 0.0865633 0.0293707 
0.167994 0.0492565 0.0197696 
0.0913488 0.0341941 0.0355763 
0.0459148 0.0449705 0.0738788 
0.0393027 0.06849 0.133066 
0.0507155 0.0920688 0.231729 
0.0526556 0.126969 0.412159 
0.040703 0.211717 0.709439 
0.0418767 0.379919 1.0963 
0.0888521 0.611025 1.44878 
0.18046 0.809908 1.58244 
0.267413 0.850858 1.36514 
0.284586 0.671505 0.84362 
0.208731 0.350057 0.284257 
0.0913128 0.0940423 0.0677274 
0.0305972 0.126557 0.476886 
0.097807 0.537527 1.50734 
0.275589 1.20591 2.83353 
0.46241 1.85597 3.96604 
0.543739 2.21468 4.50541 
0.474442 2.16311 4.33216 
0.306631 1.7818 3.62276 
0.143297 1.27228 2.70596 
0.0598663 0.825355 1.87465 
0.0590123 0.532077 1.27367 
0.0898373 0.382456 0.903514 
0.104536 0.322226 0.691913 
0.0972455 0.304399 0.559375 
0.0941712 0.300327 0.446033 
0.113854 0.285826 0.317983 
0.142363 0.238158 0.178765 
0.147579 0.154362 0.0786092 
0.114027 0.0655975 0.0911069 
0.0597174 0.0198042 0.251693 
0.0180557 0.040347 0.503095 
0.00595769 0.100887 0.708604 
0.0123744 0.146136 0.742178 
0.0165229 0.141081 0.586087 
0.0113856 0.0984877 0.344228 
0.00489304 0.0572116 0.150725 
0.00329582 0.0436777 0.061828 
0.0103257 0.0795978 0.0541543 
