0.288382 0.894175 1.60902 
0.393599 0.86887 1.42274 
0.499859 0.828379 1.1931 
0.586824 0.769534 0.949898 
0.635082 0.68469 0.7156 
0.6351 0.568537 0.501853 
0.594664 0.427785 0.314749 
0.53958 0.286118 0.161775 
0.506387 0.17997 0.0541494 
0.530679 0.146789 0.00321841 
0.637068 0.211956 0.0142515 
0.83524 0.380707 0.0821645 
1.12247 0.637932 0.191606 
1.48911 0.954306 0.32078 
1.92218 1.29449 0.446613 
2.40378 1.62325 0.548978 
2.90491 1.90764 0.612936 
3.37899 2.11638 0.629282 
3.76126 2.21976 0.594485 
3.97881 2.19348 0.51122 
3.97118 2.02725 0.389937 
3.71476 1.7353 0.2505 
3.23975 1.3622 0.121649 
2.62952 0.977947 0.0360715 
1.99903 0.660606 0.0210215 
1.45977 0.471904 0.0877397 
1.08574 0.436489 0.225161 
0.895384 0.53484 0.402226 
0.855734 0.713217 0.578604 
0.903738 0.905005 0.718475 
0.972311 1.05252 0.800089 
1.00952 1.11998 0.81687 
0.986968 1.09572 0.771982 
0.901229 0.988405 0.672807 
0.774373 0.823997 0.530945 
0.654575 0.645109 0.367399 
0.611228 0.507973 0.21628 
0.717321 0.470331 0.119156 
1.01879 0.569186 0.108298 
1.5022 0.797191 0.186679 
2.07956 1.09289 0.318502 
2.60552 1.35645 0.440567 
2.92627 1.48922 0.492714 
2.94118 1.43991 0.452159 
2.64747 1.23295 0.351198 
2.14398 0.961427 0.265364 
1.59038 0.745696 0.276049 
1.14082 0.67806 0.427529 
0.884699 0.78226 0.7027 
0.822023 1.00822 1.03129 
0.8817 1.26253 1.32498 
0.968196 1.4555 1.51829 
1.00927 1.53841 1.59182 
0.980971 1.51302 1.56738 
0.90214 1.41385 1.48265 
0.808823 1.27918 1.36521 
0.727624 1.13043 1.22273 
0.663352 0.9701 1.05262 
0.604056 0.794181 0.859334 
0.535282 0.606114 0.66325 
0.451939 0.421192 0.493367 
0.360904 0.25986 0.370154 
0.275346 0.13718 0.293094 
0.206562 0.0571251 0.24339 
0.158582 0.0145062 0.199511 
0.127247 0.000321413 0.152581 
0.102802 0.00472454 0.109043 
0.0749731 0.0164761 0.0794157 
0.0402156 0.0234941 0.0645618 
0.00959298 0.0194121 0.0537175 
0.0126735 0.0145026 0.0383751 
0.0912222 0.0415985 0.0310264 
0.280285 0.146875 0.0706523 
0.583118 0.364639 0.204859 
0.954473 0.688796 0.456652 
1.3064 1.06056 0.798049 
1.53941 1.38495 1.15124 
1.58552 1.57069 1.42056 
1.43947 1.57203 1.53767 
1.15962 1.40796 1.49282 
0.837504 1.14839 1.33435 
0.554712 0.877165 1.139 
0.352625 0.655207 0.972959 
0.230137 0.503502 0.865872 
0.164592 0.410198 0.808679 
0.136202 0.350252 0.770081 
0.137294 0.301754 0.718221 
0.162987 0.251263 0.636645 
0.196702 0.192416 0.531574 
0.208494 0.126892 0.4326 
0.172873 0.0708414 0.387706 
0.0946186 0.0597258 0.450254 
0.0209385 0.140608 0.656562 
0.0252111 0.348566 1.00013 
0.167276 0.677952 1.41663 
0.453609 1.06817 1.79417 
0.823919 1.41874 2.01191 
1.17559 1.63113 1.99249 
1.41359 1.65637 1.74174 
1.49694 1.52084 1.35187 
1.45453 1.31337 0.962703 
1.36155 1.13922 0.698715 
1.29222 1.06596 0.613937 
1.27788 1.09187 0.673284 
1.29527 1.15411 0.779114 
1.29022 1.1707 0.827153 
1.21901 1.09043 0.76047 
1.0794 0.92079 0.592541 
0.910746 0.717978 0.389189 
0.764176 0.547362 0.223366 
0.665112 0.441329 0.132051 
0.596243 0.38313 0.101658 
0.515326 0.327539 0.0889455 
0.3966 0.243489 0.0606786 
0.265441 0.147454 0.0228513 
0.197483 0.101437 0.0179447 
0.276691 0.173599 0.0916493 
0.536557 0.386677 0.252916 
0.923602 0.689994 0.456883 
1.31062 0.976507 0.624505 
1.55547 1.13627 0.68663 
1.571 1.11301 0.622815 
1.36444 0.928852 0.469284 
1.0247 0.664236 0.292815 
0.669808 0.409942 0.150939 
0.389575 0.223804 0.0661484 
0.216389 0.116701 0.0282703 
0.133812 0.0686997 0.0167196 
0.10688 0.0558313 0.0210223 
0.108399 0.0656142 0.0435056 
0.125909 0.0939231 0.0860069 
0.152854 0.133115 0.136731 
0.178754 0.166801 0.17196 
0.189447 0.177422 0.172425 
0.17588 0.158966 0.13971 
0.141251 0.121905 0.0972112 
0.0988512 0.0851133 0.0736111 
0.0628543 0.0622502 0.0825887 
0.0412592 0.0554976 0.116229 
0.0372874 0.0623484 0.157805 
0.0560756 0.0879719 0.202296 
0.107136 0.149031 0.265357 
0.196648 0.26157 0.370578 
0.31438 0.420478 0.523513 
0.427845 0.588069 0.693574 
0.492965 0.704892 0.820779 
0.477661 0.719581 0.846124 
0.382845 0.619057 0.746333 
0.244871 0.438321 0.549673 
0.115926 0.242459 0.322298 
0.0348897 0.0923948 0.134333 
0.00829288 0.016221 0.0271547 
0.0135669 0.00271672 0.000383132 
0.0205744 0.0176823 0.022594 
0.0148119 0.0291939 0.0550528 
0.0057845 0.0246516 0.0724684 
0.0160051 0.0111216 0.0704239 
0.0602968 0.00310211 0.0596627 
0.131183 0.00911311 0.0548358 
0.200596 0.0265036 0.0658 
0.23607 0.0459381 0.0949628 
0.220065 0.0599662 0.13919 
0.160165 0.0685648 0.19282 
0.0849157 0.0782911 0.249494 
0.0292168 0.0968151 0.302647 
0.0183627 0.127285 0.345673 
0.0588388 0.166093 0.372545 
0.13879 0.204745 0.378884 
0.235731 0.23408 0.363045 
0.326449 0.248324 0.326861 
0.394545 0.247192 0.275813 
0.433416 0.235486 0.218413 
0.444833 0.220612 0.164579 
0.434862 0.209101 0.123099 
0.409437 0.203521 0.0989314 
0.371593 0.20117 0.0915536 
0.321503 0.195365 0.0954057 
0.259047 0.179054 0.102567 
0.187331 0.149192 0.106592 
0.11484 0.109656 0.105685 
0.0544081 0.0708298 0.103554 
0.018797 0.0455363 0.107349 
0.0147013 0.0428948 0.123532 
0.0383107 0.0630526 0.153636 
0.0752816 0.095689 0.192083 
0.106024 0.123621 0.227433 
0.114486 0.130398 0.246848 
0.0965284 0.10867 0.242029 
0.0637602 0.0653897 0.213923 
0.0405165 0.0210728 0.173822 
0.0547767 0.00284203 0.139824 
0.126588 0.0337346 0.129706 
0.258752 0.122522 0.152982 
0.433609 0.258288 0.205698 
0.617248 0.412254 0.270615 
0.769587 0.546482 0.323278 
0.856611 0.626349 0.341699 
0.860461 0.632071 0.315517 
0.783992 0.564879 0.250437 
0.648555 0.445593 0.16585 
0.486183 0.306432 0.086773 
0.329294 0.179583 0.0339104 
0.201718 0.0871626 0.0163206 
0.114145 0.0362448 0.0296163 
0.0652566 0.0203693 0.0598525 
0.0475588 0.0262647 0.0908861 
0.0550509 0.042672 0.112034 
0.089038 0.0674623 0.123243 
0.158895 0.109794 0.135965 
0.276547 0.185722 0.169039 
0.446387 0.308269 0.240225 
0.655258 0.475949 0.355957 
0.868493 0.665722 0.503849 
1.03632 0.835761 0.652904 
1.11023 0.939311 0.763795 
1.06312 0.944698 0.806169 
0.903183 0.851577 0.774558 
0.673248 0.693589 0.693119 
0.434135 0.523906 0.604313 
0.239414 0.389961 0.54594 
0.114674 0.310991 0.529199 
0.0525004 0.271716 0.531606 
0.0256043 0.236675 0.510955 
0.00976468 0.177284 0.433752 
0.00221413 0.0952596 0.301733 
0.0238954 0.0274009 0.159655 
0.104079 0.0274902 0.0776593 
0.256949 0.134854 0.116235 
0.464944 0.347515 0.29242 
0.679682 0.615671 0.565834 
0.840847 0.859889 0.852509 
0.902978 1.00477 1.0596 
0.855892 1.01084 1.12351 
0.728532 0.889244 1.03312 
0.575317 0.693514 0.828886 
0.452876 0.49437 0.580771 
0.398644 0.35087 0.357842 
0.420124 0.290783 0.204017 
0.497158 0.306747 0.129065 
0.593479 0.366528 0.115156 
0.670987 0.43004 0.132216 
0.701116 0.464831 0.153064 
0.670687 0.454652 0.161944 
0.582525 0.400175 0.155041 
0.452563 0.314282 0.135822 
0.305116 0.215515 0.109595 
0.167402 0.122454 0.0804448 
0.0639862 0.0501613 0.0512014 
0.0119452 0.00850727 0.0249759 
0.0177087 0.00168571 0.00625033 
0.0764466 0.0284308 0.000370096 
