0.911896 1.35782 1.68831 
1.25644 1.57023 1.79768 
1.83966 1.95806 1.99696 
2.3709 2.22163 2.01654 
2.56111 2.11912 1.69359 
2.29077 1.62384 1.09732 
1.66826 0.934512 0.488269 
0.95054 0.340989 0.145759 
0.388089 0.0445294 0.187929 
0.0956429 0.051126 0.503189 
0.0250609 0.198657 0.830285 
0.0460927 0.290004 0.929093 
0.0690077 0.238436 0.732368 
0.115415 0.125695 0.384038 
0.282193 0.131128 0.139462 
0.626853 0.379713 0.189366 
1.07202 0.821548 0.523974 
1.42151 1.24268 0.936467 
1.49051 1.41038 1.17036 
1.24544 1.24133 1.10139 
0.828137 0.852589 0.809329 
0.440191 0.455581 0.487414 
0.196724 0.197547 0.283996 
0.0843684 0.0960443 0.224788 
0.0424393 0.103144 0.265866 
0.0554751 0.196638 0.384285 
0.148871 0.384464 0.588554 
0.309452 0.632922 0.84867 
0.448485 0.832266 1.05586 
0.4682 0.866244 1.08707 
0.357577 0.716215 0.914159 
0.20128 0.479026 0.634008 
0.0904124 0.276535 0.383887 
0.0423932 0.159752 0.235819 
0.0202058 0.107286 0.176669 
0.0118933 0.0956994 0.169475 
0.055712 0.136019 0.201076 
0.17253 0.229584 0.260599 
0.298241 0.316308 0.300737 
0.32278 0.308207 0.261266 
0.210176 0.187881 0.142805 
0.0574527 0.0497698 0.0315185 
0.00591775 0.0138656 0.0197979 
0.0940143 0.0981072 0.102195 
0.222745 0.201885 0.177315 
0.279247 0.230443 0.170314 
0.274108 0.216732 0.136896 
0.32855 0.291007 0.215531 
0.529373 0.528702 0.470231 
0.829569 0.856234 0.802716 
1.11282 1.1269 1.03849 
1.33983 1.27944 1.09435 
1.60313 1.40414 1.0528 
2.03143 1.65606 1.08413 
2.64541 2.1108 1.30854 
3.2921 2.68174 1.70784 
3.69428 3.13547 2.11618 
3.58255 3.19116 2.28249 
2.86302 2.68461 2.00979 
1.73991 1.72886 1.32737 
0.671773 0.726218 0.548517 
0.114866 0.140059 0.0878895 
0.2089 0.158443 0.136207 
0.677502 0.547872 0.491305 
1.05664 0.859391 0.740249 
1.05407 0.806788 0.635377 
0.720573 0.46348 0.2965 
0.319318 0.122537 0.0545879 
0.0744184 0.00541067 0.123672 
0.0442453 0.112956 0.433213 
0.175802 0.30942 0.74376 
0.408042 0.48593 0.876368 
0.698567 0.623452 0.823349 
0.983156 0.73505 0.683165 
1.15737 0.797459 0.540284 
1.12579 0.759524 0.418674 
0.877702 0.607355 0.320301 
0.514766 0.402741 0.268604 
0.194574 0.243354 0.292326 
0.0274113 0.177518 0.36911 
0.0153639 0.163584 0.408881 
0.101588 0.134693 0.328728 
0.291979 0.119589 0.166863 
0.707123 0.277243 0.102874 
1.45616 0.753053 0.308378 
2.41888 1.45962 0.73676 
3.18714 2.03097 1.08726 
3.31631 2.07983 1.05229 
2.70528 1.55829 0.643034 
1.72032 0.842346 0.232322 
0.895522 0.40333 0.208368 
0.494968 0.383802 0.57738 
0.383634 0.528339 0.959157 
0.299782 0.524666 0.994512 
0.166389 0.337834 0.699041 
0.089444 0.162986 0.367049 
0.140822 0.134091 0.197754 
0.300221 0.23288 0.160164 
0.653152 0.522883 0.264195 
1.50103 1.3166 0.809055 
3.08194 2.90243 2.15068 
5.12767 5.04629 4.15946 
6.80651 6.88272 6.02828 
7.24942 7.45769 6.77493 
6.21296 6.46193 6.00766 
4.255 4.45622 4.2108 
2.28542 2.40438 2.30937 
0.940265 0.992035 0.982115 
0.307114 0.320542 0.341981 
0.114139 0.109053 0.1349 
0.0814476 0.0726707 0.11345 
0.0973298 0.10543 0.201748 
0.151505 0.200406 0.394349 
0.205463 0.307986 0.609996 
0.184006 0.328211 0.700282 
0.0816456 0.227795 0.591425 
0.020599 0.113032 0.377755 
0.149262 0.142176 0.243882 
0.471368 0.356906 0.288931 
0.80432 0.622053 0.439128 
0.9331 0.748667 0.536558 
0.800315 0.666849 0.496382 
0.531297 0.46448 0.362885 
0.290688 0.275814 0.232503 
0.152878 0.172183 0.165157 
0.112954 0.16566 0.181456 
0.162678 0.26229 0.297517 
0.291303 0.447537 0.501129 
0.422481 0.625167 0.692934 
0.433107 0.64874 0.719454 
0.302762 0.483769 0.53129 
0.227556 0.328717 0.305194 
0.503962 0.498058 0.342304 
1.2315 1.11587 0.781877 
2.12634 1.91749 1.40808 
2.67495 2.39887 1.78099 
2.52663 2.21729 1.60682 
1.77696 1.48447 1.00797 
0.893635 0.687766 0.438508 
0.37057 0.324224 0.329467 
0.418181 0.575692 0.788692 
0.912939 1.26817 1.59161 
1.56967 2.07339 2.40623 
2.14033 2.72863 3.01023 
2.49777 3.1143 3.33659 
2.61244 3.20871 3.39053 
2.50466 3.03078 3.18067 
2.21941 2.6284 2.73119 
1.81533 2.08446 2.12123 
1.35309 1.50047 1.47685 
0.889631 0.964218 0.914847 
0.482081 0.532183 0.496408 
0.185599 0.232602 0.2272 
0.0314842 0.068916 0.0843709 
0.00357761 0.0146339 0.0341706 
0.0462662 0.0172926 0.0342529 
0.107644 0.0261362 0.0406436 
0.178931 0.0265395 0.0280679 
0.290048 0.0476004 0.00639518 
0.465749 0.132343 0.0131113 
0.686397 0.296556 0.0847467 
0.890145 0.511745 0.230334 
1.01229 0.723379 0.426467 
1.02746 0.885762 0.633613 
0.963865 0.985662 0.817422 
0.883132 1.03999 0.958822 
0.84186 1.07382 1.04983 
0.860315 1.09891 1.08581 
0.917991 1.11001 1.0662 
0.976103 1.09925 1.00364 
1.00664 1.07156 0.928415 
1.0047 1.04465 0.878409 
0.97818 1.03308 0.878011 
0.928089 1.02923 0.918551 
0.836508 0.994489 0.950446 
0.673891 0.871324 0.896909 
0.431172 0.624793 0.69977 
0.165067 0.302016 0.386875 
0.0131648 0.0575484 0.105765 
0.127845 0.0821929 0.0562406 
0.541319 0.446621 0.33149 
1.07284 0.9854 0.795604 
1.40258 1.36393 1.14178 
1.29994 1.31999 1.12265 
0.8217 0.88131 0.756441 
0.285543 0.349002 0.307675 
0.0240105 0.0494049 0.0549605 
0.135344 0.0822218 0.0703043 
0.445995 0.287381 0.211155 
0.689248 0.428261 0.298412 
0.713932 0.39236 0.27879 
0.550725 0.236219 0.225616 
0.328571 0.0839842 0.223516 
0.15845 0.0145401 0.283863 
0.0834063 0.0344471 0.363856 
0.0982204 0.118852 0.43326 
0.18384 0.247021 0.498771 
0.316409 0.396538 0.56803 
0.455402 0.521992 0.610296 
0.541515 0.561515 0.569331 
0.525621 0.480895 0.421972 
0.414444 0.318456 0.222925 
0.286494 0.178848 0.0821136 
0.243472 0.161424 0.0810875 
0.324349 0.275096 0.19848 
0.462623 0.421467 0.319336 
0.539242 0.474848 0.331476 
0.486769 0.390688 0.224034 
0.34148 0.237632 0.0925487 
0.19584 0.124517 0.045557 
0.112549 0.103197 0.108224 
0.0915892 0.144463 0.216185 
0.10333 0.191828 0.290092 
0.125058 0.215571 0.300839 
0.140926 0.214321 0.267397 
0.134415 0.191844 0.217672 
0.105551 0.154883 0.169263 
0.0849302 0.122793 0.134422 
0.103459 0.112985 0.117337 
0.145713 0.11426 0.104534 
0.157689 0.0975759 0.0811319 
0.112873 0.0640087 0.0674504 
0.0514971 0.0614731 0.118489 
0.0346947 0.131326 0.26242 
0.0710067 0.246193 0.444614 
0.111906 0.324579 0.556655 
0.116852 0.310386 0.529157 
0.0959256 0.220846 0.3857 
0.0804912 0.114251 0.206827 
0.0800653 0.036498 0.0640359 
0.0958491 0.018014 0.000825 
0.1658 0.101936 0.0513834 
0.358892 0.332466 0.234289 
0.702035 0.695133 0.512348 
1.11902 1.08313 0.780219 
1.45752 1.34697 0.920065 
1.58659 1.39163 0.882061 
1.47866 1.23445 0.714116 
1.21372 0.980219 0.518807 
0.915286 0.744764 0.382433 
0.674429 0.589363 0.331921 
0.512621 0.504783 0.339034 
0.397654 0.442373 0.355245 
0.289405 0.361138 0.347913 
0.176438 0.255828 0.314936 
0.0789923 0.150567 0.272784 
0.0250756 0.071283 0.232925 
0.0269548 0.0252457 0.189795 
0.0787199 0.00517084 0.131592 
0.171053 0.00938806 0.0625607 
0.301422 0.0526972 0.0121569 
