0.136096 0.108327 0.0257002 
0.0185203 0.0158632 0.0898402 
0.0171368 0.0405727 0.21452 
0.170793 0.207257 0.401345 
0.511971 0.553498 0.695829 
1.00093 1.0527 1.09986 
1.50794 1.58335 1.52555 
1.867 1.97792 1.83273 
1.96208 2.11215 1.91311 
1.78239 1.96601 1.75144 
1.4111 1.61603 1.42175 
0.96649 1.17585 1.03101 
0.551536 0.742288 0.663481 
0.251775 0.393108 0.374934 
0.16369 0.224491 0.234584 
0.393119 0.364185 0.355913 
0.989055 0.910192 0.854974 
1.85567 1.8238 1.74382 
2.73378 2.87354 2.84626 
3.30116 3.70571 3.82816 
3.34025 4.01592 4.34744 
2.85801 3.70785 4.22809 
2.0761 2.93254 3.5407 
1.30639 1.99242 2.54551 
0.799478 1.18564 1.55124 
0.651966 0.686515 0.784096 
0.802658 0.511762 0.329448 
1.09358 0.561109 0.149161 
1.35119 0.690218 0.139203 
1.45195 0.776959 0.189623 
1.35468 0.759736 0.224907 
1.09674 0.642557 0.218083 
0.76294 0.472939 0.181503 
0.443652 0.307489 0.144027 
0.201445 0.183568 0.128607 
0.058501 0.109663 0.141592 
0.00423199 0.0738357 0.175329 
0.0120041 0.0588448 0.216485 
0.0530779 0.0523104 0.252128 
0.102993 0.0484552 0.272016 
0.142775 0.0450747 0.269856 
0.159555 0.0405027 0.244611 
0.14949 0.0333566 0.200592 
0.122267 0.0256034 0.146369 
0.101493 0.0256532 0.09355 
0.113472 0.0445552 0.0537659 
0.165419 0.0830449 0.0318588 
0.230213 0.121104 0.0207817 
0.258936 0.127987 0.00908205 
0.220249 0.0926448 1.88085e-06 
0.133784 0.045596 0.0202998 
0.0612475 0.0411428 0.0979164 
0.0568301 0.107291 0.222052 
0.121197 0.211329 0.330653 
0.202652 0.28074 0.352303 
0.243138 0.264055 0.271012 
0.224449 0.173903 0.148992 
0.174286 0.0723666 0.0789981 
0.13319 0.0162014 0.108462 
0.11746 0.0144656 0.205234 
0.11115 0.0327606 0.291688 
0.091118 0.0332478 0.310187 
0.0602322 0.0124889 0.262649 
0.0565307 0.00671046 0.199281 
0.125922 0.0622983 0.175412 
0.279434 0.195911 0.21315 
0.474072 0.376478 0.292535 
0.637546 0.543819 0.37211 
0.716051 0.647797 0.419069 
0.703382 0.675497 0.426195 
0.631213 0.648237 0.407576 
0.537703 0.598253 0.383166 
0.443632 0.546503 0.365763 
0.348488 0.493089 0.354298 
0.243071 0.421686 0.332629 
0.133579 0.318926 0.278724 
0.0664896 0.202945 0.187159 
0.127328 0.136055 0.0885604 
0.39072 0.193617 0.0383264 
0.844716 0.399054 0.0719992 
1.35811 0.681947 0.166705 
1.73952 0.909957 0.252662 
1.85377 0.977256 0.269484 
1.70112 0.873383 0.212794 
1.39768 0.675328 0.127339 
1.08686 0.481211 0.0609897 
0.863387 0.351988 0.0306962 
0.758232 0.303116 0.0291392 
0.765366 0.330835 0.0538575 
0.863835 0.431695 0.122523 
1.01452 0.594568 0.258137 
1.14994 0.779151 0.456997 
1.18735 0.9113 0.667164 
1.07295 0.914102 0.801611 
0.828796 0.761586 0.787879 
0.555634 0.511579 0.622027 
0.372527 0.278996 0.379279 
0.334241 0.16118 0.165357 
0.400028 0.178268 0.0492379 
0.484327 0.281698 0.0368355 
0.537392 0.415205 0.0998002 
0.576643 0.563095 0.21793 
0.651994 0.747698 0.393465 
0.800533 0.999401 0.63967 
1.0352 1.33514 0.966838 
1.34424 1.74103 1.36575 
1.66368 2.14139 1.7773 
1.8539 2.3838 2.07308 
1.75541 2.2998 2.09901 
1.32253 1.83435 1.78311 
0.71184 1.13253 1.21865 
0.205505 0.474295 0.626192 
0.0093095 0.0892203 0.209603 
0.108404 0.0128562 0.0328545 
0.313727 0.108504 0.0217901 
0.438886 0.210719 0.0636862 
0.429192 0.241247 0.092591 
0.343383 0.210885 0.0968164 
0.252536 0.154807 0.0844283 
0.179327 0.0930376 0.0663251 
0.116034 0.0382721 0.0596825 
0.0625134 0.00617543 0.0780763 
0.0288058 0.00152696 0.108636 
0.0159958 0.00753281 0.115323 
0.0164947 0.00556388 0.0791287 
0.033619 0.00175686 0.0268876 
0.0826447 0.0179932 0.00337557 
0.160343 0.0531011 0.016094 
0.222139 0.0702088 0.0298337 
0.209968 0.042804 0.0338954 
0.116672 0.015918 0.106087 
0.0209585 0.104156 0.37959 
0.0441552 0.404736 0.916871 
0.253515 0.894596 1.60498 
0.592884 1.40835 2.18424 
0.904448 1.72767 2.40405 
1.02996 1.71688 2.18377 
0.914019 1.40219 1.6535 
0.631738 0.941264 1.05411 
0.326328 0.516259 0.585728 
0.11209 0.23382 0.316769 
0.0174576 0.0962705 0.198747 
2.3308e-05 0.0445469 0.146045 
0.00449732 0.0226272 0.105322 
0.00864895 0.0116519 0.0704553 
0.0264892 0.0204945 0.0544985 
0.080681 0.0575137 0.0594053 
0.176651 0.114468 0.0707815 
0.298397 0.17202 0.0726912 
0.42188 0.214466 0.0608069 
0.530128 0.238543 0.0417227 
0.618771 0.252067 0.0243713 
0.690519 0.266722 0.0147594 
0.743932 0.289503 0.0162036 
0.765205 0.315852 0.0293546 
0.731413 0.328982 0.049563 
0.626658 0.309118 0.0664399 
0.460722 0.248795 0.0697301 
0.273815 0.162157 0.0572629 
0.119581 0.0785876 0.036598 
0.0360294 0.0241917 0.0182991 
0.0246661 0.0057493 0.00780571 
0.0525358 0.00953608 0.00371391 
0.0758373 0.0147861 0.00281132 
0.0694793 0.0105052 0.00559824 
0.0421445 0.00251478 0.0163372 
0.0240876 0.00473096 0.0368809 
0.0346437 0.021131 0.0593715 
0.0579522 0.0360699 0.0666713 
0.0565546 0.028951 0.0468645 
0.0201254 0.00764463 0.0155329 
0.00358208 0.0280405 0.024039 
0.103864 0.166813 0.133452 
0.378051 0.454606 0.362142 
0.771393 0.82445 0.648771 
1.12903 1.13113 0.87228 
1.29306 1.23889 0.925645 
1.20644 1.11087 0.789646 
0.939595 0.829469 0.548326 
0.628775 0.537109 0.33532 
0.3877 0.349684 0.253315 
0.258956 0.303226 0.320875 
0.220287 0.355134 0.472252 
0.218565 0.422786 0.601176 
0.203801 0.432487 0.621805 
0.15354 0.357508 0.515699 
0.0828834 0.228129 0.337896 
0.0321787 0.105894 0.175667 
0.0353905 0.0377833 0.0879012 
0.0923113 0.0259883 0.0724123 
0.168885 0.0374485 0.085387 
0.223906 0.0397001 0.0887637 
0.235838 0.0260831 0.0781191 
0.208312 0.0101883 0.0706838 
0.157857 0.00432093 0.0770053 
0.101285 0.00840704 0.0902081 
0.0516905 0.0162397 0.0983038 
0.019014 0.0253923 0.098371 
0.0101204 0.039331 0.096933 
0.0288413 0.0643653 0.102711 
0.0762123 0.107432 0.123673 
0.147744 0.173022 0.167114 
0.22816 0.256224 0.234293 
0.291896 0.33812 0.311966 
0.316007 0.393686 0.374123 
0.29839 0.410476 0.399072 
0.264538 0.401841 0.388262 
0.254005 0.400525 0.36809 
0.295895 0.436362 0.371591 
0.391521 0.515825 0.415324 
0.514664 0.617899 0.48913 
0.625928 0.706478 0.563681 
0.690463 0.74877 0.607551 
0.690028 0.728546 0.601891 
0.62592 0.649092 0.545669 
0.5145 0.527688 0.451808 
0.379906 0.387445 0.339572 
0.247621 0.251274 0.228519 
0.138969 0.138182 0.135158 
0.065377 0.0596584 0.0703033 
0.0249955 0.0171974 0.0372603 
0.00754117 0.00616447 0.0350607 
0.00785104 0.0272802 0.0685113 
0.0368497 0.0957797 0.156764 
0.114685 0.233282 0.325976 
0.244951 0.440362 0.582027 
0.391464 0.670972 0.881739 
0.485599 0.838608 1.13302 
0.469087 0.862253 1.23694 
0.341418 0.722296 1.14763 
0.168507 0.479613 0.903468 
0.0389105 0.237534 0.602374 
0.00180507 0.0758877 0.340733 
0.0394577 0.0106686 0.16524 
0.0946294 0.00651859 0.0696213 
0.121991 0.0197744 0.0244045 
0.11555 0.0290637 0.00497417 
0.0962266 0.0354612 0.00030025 
0.0850606 0.0492813 0.0120868 
0.0921854 0.0840034 0.0552102 
0.122201 0.154171 0.151432 
0.175853 0.263289 0.306371 
0.24088 0.386945 0.48513 
0.288322 0.475499 0.618804 
0.288824 0.486195 0.649384 
0.237718 0.419238 0.57639 
0.162815 0.321506 0.459368 
0.105016 0.252198 0.372333 
0.0897019 0.24262 0.353427 
0.114716 0.28524 0.393194 
0.162707 0.355191 0.462115 
