1.75713 2.06965 
1.03112 1.25028 
0.465874 0.568722 
0.202124 0.194957 
0.276517 0.19241 
0.611039 0.500938 
1.04978 0.971255 
1.42499 1.43125 
1.6199 1.74981 
1.59997 1.86953 
1.40342 1.80078 
1.10509 1.59273 
0.779016 1.30509 
0.479055 0.996044 
0.240014 0.723619 
0.0864031 0.545915 
0.0343364 0.508572 
0.0828368 0.622448 
0.204046 0.847662 
0.345636 1.10021 
0.449781 1.28335 
0.479029 1.32846 
0.432311 1.22229 
0.34041 1.00607 
0.244686 0.749434 
0.174331 0.516628 
0.137036 0.344372 
0.126762 0.23969 
0.139503 0.192608 
0.183472 0.191281 
0.27617 0.2298 
0.431683 0.30707 
0.648343 0.421702 
0.905393 0.568757 
1.16995 0.740581 
1.4088 0.929864 
1.59769 1.13146 
1.72431 1.34092 
1.78567 1.55022 
1.78354 1.74348 
1.72162 1.89591 
1.60581 1.9784 
1.44681 1.96746 
1.26242 1.85641 
1.07683 1.66186 
0.915235 1.42057 
0.79538 1.17651 
0.720191 0.964301 
0.676453 0.797779 
0.641463 0.669756 
0.594703 0.562141 
0.527872 0.459302 
0.44741 0.356433 
0.368489 0.259123 
0.304995 0.176644 
0.262152 0.114905 
0.235769 0.073599 
0.21715 0.0479548 
0.199293 0.0323223 
0.180465 0.0228158 
0.164168 0.018285 
0.157112 0.0205091 
0.167036 0.0342674 
0.200798 0.0667091 
0.262179 0.125074 
0.349387 0.212989 
0.453592 0.327115 
0.559996 0.45616 
0.651549 0.582841 
0.713467 0.687615 
0.736312 0.752564 
0.716775 0.764776 
0.6572 0.71948 
0.565241 0.622766 
0.453683 0.492224 
0.338886 0.353336 
0.23673 0.23136 
0.157272 0.141984 
0.101612 0.0861973 
0.0639361 0.0532 
0.0382389 0.0300953 
0.0251513 0.0121255 
0.0333686 0.00633179 
0.07358 0.0258095 
0.148424 0.078353 
0.245524 0.157401 
0.339195 0.241756 
0.400766 0.304635 
0.411679 0.326429 
0.371678 0.303473 
0.297663 0.248137 
0.214652 0.181277 
0.144627 0.122322 
0.0992531 0.0826146 
0.0790079 0.0643839 
0.077076 0.0638377 
0.0842848 0.0749278 
0.0923066 0.0913003 
0.094847 0.106403 
0.088344 0.113529 
0.0734836 0.107418 
0.0571015 0.08726 
0.0524867 0.0591319 
0.0762146 0.0355294 
0.141569 0.0311482 
0.251108 0.0564221 
0.392254 0.112025 
0.538852 0.187385 
0.658889 0.264295 
0.725322 0.323966 
0.72526 0.354034 
0.663392 0.352106 
0.55838 0.324413 
0.434452 0.280957 
0.312629 0.23044 
0.205821 0.178139 
0.119454 0.127729 
0.0558667 0.0851219 
0.0184866 0.060689 
0.0122745 0.0669527 
0.0397603 0.111902 
0.0955388 0.19157 
0.163831 0.287071 
0.222273 0.369452 
0.251132 0.411293 
0.243203 0.399533 
0.208417 0.34251 
0.169868 0.266965 
0.15297 0.206307 
0.173638 0.186302 
0.231936 0.215648 
0.314205 0.285641 
0.4015 0.377676 
0.478719 0.473098 
0.539103 0.559488 
0.582457 0.630728 
0.609662 0.682662 
0.618133 0.708837 
0.60161 0.700119 
0.554333 0.648854 
0.476598 0.554896 
0.377899 0.429456 
0.27543 0.293961 
0.188466 0.173884 
0.131358 0.0902063 
0.108381 0.0522758 
0.112653 0.0551306 
0.12942 0.0822991 
0.142197 0.11278 
0.139252 0.129244 
0.117881 0.124093 
0.0848898 0.101028 
0.0532156 0.0717238 
0.0362223 0.0494304 
0.042136 0.0426377 
0.0709812 0.0518231 
0.115147 0.0705708 
0.162944 0.0899605 
0.20314 0.103389 
0.228257 0.108994 
0.235484 0.108652 
0.225704 0.104969 
0.202229 0.0990362 
0.17052 0.0910034 
0.138802 0.083055 
0.118016 0.0820317 
0.119456 0.0985652 
0.149953 0.141767 
0.206715 0.211928 
0.275202 0.295924 
0.33253 0.369296 
0.355981 0.405409 
0.33303 0.38771 
0.267783 0.31867 
0.180033 0.220172 
0.0968047 0.12439 
0.0403065 0.0594334 
0.0184272 0.0370957 
0.0227925 0.0491724 
0.0353667 0.0741074 
0.0397237 0.089915 
0.030369 0.0858172 
0.0147548 0.0661706 
0.00726862 0.0453334 
0.0194947 0.037714 
0.0530207 0.0495802 
0.0987558 0.0769784 
0.142114 0.109522 
0.170064 0.13653 
0.176085 0.151963 
0.161528 0.156613 
0.134075 0.157393 
0.104448 0.163698 
0.0822324 0.181217 
0.0723481 0.206074 
0.0747328 0.224614 
0.0885106 0.222287 
0.117249 0.197173 
0.167889 0.165862 
0.239172 0.151465 
0.307132 0.159076 
0.325991 0.161929 
0.258042 0.122045 
0.121501 0.0427801 
0.0176998 0.0133274 
0.0972579 0.192013 
0.463989 0.710561 
1.07347 1.54932 
1.71056 2.47978 
2.08942 3.14475 
2.02714 3.25092 
1.56897 2.75145 
0.96094 1.88253 
0.477525 1.01524 
0.235712 0.425464 
0.152041 0.154646 
0.086466 0.0644823 
0.0486569 0.0276096 
0.265886 0.077815 
1.01266 0.376216 
2.31475 1.01551 
3.78368 1.8418 
4.76828 2.47725 
4.75869 2.56001 
3.74762 2.01878 
2.25295 1.14833 
0.962246 0.406304 
0.272626 0.0875369 
0.0977447 0.141911 
0.0941621 0.280905 
0.0946459 0.266478 
0.341645 0.116476 
1.2767 0.0421375 
3.03991 0.187784 
5.12554 0.438781 
6.55345 0.512164 
6.49683 0.277533 
4.90005 0.0117503 
2.58183 0.304688 
0.705856 1.619 
0.00476611 3.82916 
0.34715 6.13565 
0.963124 7.48387 
1.11771 7.21828 
0.676342 5.49974 
0.123943 3.1815 
0.0675812 1.24652 
0.673335 0.227733 
1.51437 0.0138234 
1.93695 0.119396 
1.61251 0.145185 
