0.536823 0.585268 
0.70251 0.734256 
0.775515 0.796371 
0.730755 0.753163 
0.595318 0.632358 
0.428869 0.492908 
0.288115 0.396115 
0.205724 0.386633 
0.195742 0.49051 
0.267681 0.714022 
0.42258 1.02651 
0.628991 1.33875 
0.80956 1.51468 
0.870276 1.43946 
0.764882 1.11186 
0.543825 0.685033 
0.338667 0.401752 
0.284524 0.452447 
0.437121 0.854448 
0.745208 1.44089 
1.09129 1.96316 
1.36172 2.22821 
1.49605 2.1801 
1.49521 1.89284 
1.40242 1.5071 
1.2807 1.16518 
1.19866 0.974714 
1.22007 0.99741 
1.38745 1.24365 
1.69637 1.66196 
2.07153 2.13117 
2.36783 2.47664 
2.41721 2.5265 
2.11483 2.1964 
1.50009 1.5568 
0.771992 0.82805 
0.20888 0.284662 
0.027792 0.114251 
0.268228 0.317938 
0.775849 0.718423 
1.2953 1.06965 
1.60822 1.19332 
1.62859 1.05581 
1.40758 0.749992 
1.06718 0.414714 
0.722983 0.157133 
0.444983 0.022256 
0.26214 0.00759983 
0.182735 0.0908467 
0.20296 0.243535 
0.300933 0.429039 
0.43291 0.600522 
0.545133 0.710794 
0.596276 0.730293 
0.573405 0.659588 
0.490605 0.527187 
0.375376 0.375364 
0.255923 0.243789 
0.155561 0.157825 
0.0894358 0.121786 
0.0588226 0.117019 
0.0493842 0.110182 
0.0442302 0.0765461 
0.0470707 0.0276078 
0.089278 0.0147848 
0.199399 0.0898857 
0.354143 0.245768 
0.467072 0.398533 
0.45096 0.451018 
0.312497 0.39533 
0.180513 0.348906 
0.21127 0.460161 
0.437359 0.750462 
0.707206 1.04916 
0.797236 1.11333 
0.612606 0.845241 
0.290734 0.406631 
0.100103 0.108953 
0.217766 0.166959 
0.584107 0.532401 
0.959316 0.947787 
1.12037 1.15786 
1.02168 1.08839 
0.795115 0.856732 
0.615959 0.640325 
0.564233 0.536235 
0.58852 0.519364 
0.578211 0.502688 
0.467001 0.425873 
0.282855 0.298619 
0.114682 0.177621 
0.0330016 0.109151 
0.0340725 0.0896234 
0.0542869 0.077388 
0.0402383 0.0442486 
0.00800228 0.0166299 
0.0314971 0.0599777 
0.16655 0.212194 
0.384492 0.428608 
0.585209 0.600261 
0.680069 0.638029 
0.660426 0.543654 
0.582401 0.396438 
0.492452 0.271819 
0.385347 0.181567 
0.244075 0.0979508 
0.105569 0.0229849 
0.0557454 0.00807253 
0.1403 0.0906801 
0.290393 0.223529 
0.363953 0.293832 
0.278824 0.230008 
0.102837 0.0851053 
0.000660585 0.000360447 
0.0848555 0.0781498 
0.316381 0.28972 
0.544308 0.504258 
0.634187 0.601202 
0.560833 0.554967 
0.396914 0.426657 
0.234859 0.294595 
0.124158 0.198873 
0.0648964 0.137608 
0.0364863 0.0943761 
0.0219733 0.0593123 
0.0128679 0.0308901 
0.00580716 0.0104545 
0.00386874 0.00168095 
0.0206977 0.0127771 
0.0768129 0.0526946 
0.184035 0.120268 
0.327948 0.196031 
0.465055 0.247666 
0.542562 0.249387 
0.530018 0.202006 
0.439585 0.136692 
0.318399 0.0964962 
0.218156 0.107647 
0.164928 0.161921 
0.150548 0.223319 
0.148166 0.2534 
0.13595 0.235744 
0.109823 0.182335 
0.0788144 0.12023 
0.0524086 0.0722553 
0.03405 0.0478176 
0.0256392 0.0480149 
0.0345542 0.0748073 
0.0714922 0.131303 
0.138028 0.211856 
0.216057 0.294046 
0.272386 0.344812 
0.278295 0.339233 
0.229302 0.277226 
0.149157 0.184342 
0.0752221 0.0964032 
0.0367572 0.0400932 
0.0410391 0.0223157 
0.0739444 0.0322294 
0.110965 0.0510092 
0.130198 0.0621003 
0.121391 0.0577609 
0.0891733 0.0409509 
0.0500742 0.0224593 
0.023375 0.0136315 
0.0193106 0.0180854 
0.0331955 0.029518 
0.0527815 0.0404831 
0.0745551 0.0564119 
0.112502 0.0995061 
0.186254 0.19246 
0.296211 0.332287 
0.410495 0.479536 
0.480503 0.577837 
0.47369 0.589753 
0.394408 0.518073 
0.276386 0.396567 
0.158633 0.264185 
0.0679505 0.147964 
0.0163872 0.0627334 
0.00402606 0.0152286 
0.0190218 0.00190985 
0.0403847 0.00676988 
0.0504992 0.0103353 
0.049443 0.00555806 
0.0542813 0.00281498 
0.0803443 0.0160491 
0.123127 0.0446403 
0.160676 0.0717481 
0.17374 0.0808745 
0.161545 0.0715688 
0.137827 0.057511 
0.114831 0.0511587 
0.094207 0.0527303 
0.0719615 0.0534427 
0.0476045 0.0462795 
0.0257968 0.0320873 
0.0110415 0.0173202 
0.00418916 0.00877002 
0.00450351 0.0103454 
0.0122255 0.0218943 
0.026798 0.038873 
0.0435776 0.0540786 
0.0548917 0.061985 
0.0552792 0.0619214 
0.0449586 0.0560798 
0.0284895 0.0451589 
0.0119748 0.0288977 
0.00168756 0.0117216 
0.00164734 0.00348105 
0.00894903 0.0093658 
0.0135652 0.0203461 
0.00844201 0.0206798 
0.000829308 0.00807375 
0.00791984 0.000618011 
0.0373847 0.0174648 
0.0764145 0.0558832 
0.105207 0.0950821 
0.118714 0.121998 
0.132168 0.147469 
0.174959 0.203516 
0.289845 0.340635 
0.518206 0.617528 
0.836822 1.03949 
1.09116 1.46142 
1.05562 1.59357 
0.658444 1.22458 
0.162594 0.518669 
0.0188268 0.0281425 
0.429043 0.260227 
1.07132 1.15351 
1.36788 2.04413 
1.06902 2.24334 
0.492317 1.65577 
0.126172 0.790365 
0.0913698 0.202072 
0.128132 0.0241462 
0.058864 0.0450999 
0.030995 0.075322 
0.199775 0.0956742 
0.383064 0.135803 
0.299883 0.222893 
0.0834328 0.478967 
0.201097 1.03895 
0.722444 1.71163 
1.01274 1.91483 
0.578235 1.28648 
0.109408 0.374369 
1.0884 0.332461 
3.99118 1.62816 
7.20138 3.24058 
