0.550324 0.308533 
0.689324 0.462899 
1.34241 1.15489 
2.29935 2.16412 
3.25759 3.15994 
3.95844 3.85084 
4.2605 4.08362 
4.14743 3.86653 
3.72038 3.34583 
3.17898 2.74845 
2.74158 2.27964 
2.51321 2.01181 
2.41828 1.86422 
2.29553 1.72102 
2.07748 1.57937 
1.855 1.55265 
1.74379 1.70196 
1.70857 1.88652 
1.5667 1.83528 
1.18707 1.40254 
0.66343 0.745246 
0.257918 0.219159 
0.162245 0.0789409 
0.32034 0.269528 
0.48838 0.501319 
0.464441 0.522178 
0.259908 0.322195 
0.0557511 0.0930023 
0.00358671 0.0101353 
0.0814006 0.0713769 
0.153132 0.151212 
0.164162 0.195696 
0.248723 0.325687 
0.608052 0.714412 
1.2716 1.36374 
2.0012 2.03369 
2.45842 2.42077 
2.47346 2.40623 
2.15137 2.12369 
1.73699 1.80256 
1.40685 1.57574 
1.18687 1.43422 
1.01839 1.31519 
0.850534 1.18402 
0.669354 1.03652 
0.482364 0.87022 
0.308374 0.685524 
0.173993 0.502634 
0.0957083 0.352268 
0.0606475 0.249276 
0.038318 0.192454 
0.0177389 0.193475 
0.0243227 0.287641 
0.0914141 0.498612 
0.218504 0.79384 
0.367684 1.08868 
0.506939 1.30559 
0.652847 1.43164 
0.858195 1.51425 
1.14323 1.59538 
1.43476 1.6491 
1.58703 1.59119 
1.487 1.36045 
1.15512 0.993374 
0.74193 0.611668 
0.419949 0.333126 
0.279487 0.204136 
0.328156 0.228815 
0.56965 0.44949 
1.04302 0.957657 
1.75554 1.78708 
2.58215 2.78992 
3.26574 3.64792 
3.55708 4.05136 
3.38648 3.90856 
2.9183 3.40898 
2.44574 2.89333 
2.22149 2.64898 
2.35706 2.78976 
2.83933 3.27519 
3.60352 3.99742 
4.56998 4.8346 
5.61211 5.64065 
6.50787 6.22181 
6.95805 6.36271 
6.70645 5.91384 
5.70462 4.89209 
4.19839 3.51981 
2.6418 2.1526 
1.46969 1.11806 
0.888879 0.566606 
0.844839 0.444688 
1.15901 0.599984 
1.66783 0.90122 
2.22269 1.25175 
2.61148 1.52119 
2.58726 1.53982 
2.05399 1.22296 
1.21611 0.695955 
0.475969 0.239612 
0.132526 0.0709457 
0.176805 0.18284 
0.380417 0.408967 
0.546011 0.616655 
0.637337 0.796039 
0.699526 0.974321 
0.739664 1.11276 
0.732447 1.13825 
0.699268 1.05258 
0.706806 0.951996 
0.770551 0.919824 
0.805337 0.930584 
0.708912 0.885568 
0.481668 0.728977 
0.233495 0.504383 
0.0722981 0.30176 
0.0119766 0.175865 
0.00285427 0.127179 
0.0332288 0.142904 
0.168036 0.227969 
0.467109 0.383212 
0.868169 0.561665 
1.17461 0.668544 
1.19267 0.628314 
0.902615 0.461091 
0.48978 0.278723 
0.187689 0.184155 
0.0836792 0.173917 
0.0850732 0.159627 
0.0678894 0.092294 
0.0252101 0.0391879 
0.0458007 0.107841 
0.169734 0.300986 
0.314662 0.483575 
0.363341 0.512539 
0.294304 0.380352 
0.194349 0.209222 
0.153382 0.117985 
0.182788 0.126623 
0.243712 0.191235 
0.319385 0.290027 
0.425223 0.43685 
0.555107 0.618875 
0.651966 0.760796 
0.650359 0.775154 
0.540201 0.642305 
0.378118 0.42988 
0.240525 0.237761 
0.172725 0.131496 
0.176718 0.120789 
0.231363 0.181402 
0.314128 0.284046 
0.40614 0.405065 
0.485 0.520737 
0.521408 0.601509 
0.491027 0.619292 
0.395254 0.565558 
0.269241 0.462813 
0.163645 0.354614 
0.114496 0.2806 
0.128825 0.258143 
0.193689 0.281756 
0.290902 0.332393 
0.403788 0.388052 
0.521378 0.43702 
0.642701 0.488628 
0.766514 0.562275 
0.863796 0.651435 
0.868842 0.700736 
0.725072 0.63914 
0.456916 0.451713 
0.185997 0.214495 
0.0538071 0.04576 
0.116228 0.0179115 
0.310453 0.11521 
0.51609 0.264956 
0.63881 0.393272 
0.645236 0.453853 
0.549413 0.430668 
0.391507 0.338907 
0.224631 0.22263 
0.0972778 0.132163 
0.0315488 0.0913064 
0.0176051 0.0874233 
0.0306758 0.0936814 
0.0503492 0.0947074 
0.0652014 0.0897957 
0.0700488 0.0823709 
0.0674297 0.0766291 
0.0677425 0.0805436 
0.079569 0.101109 
0.0999341 0.134221 
0.119102 0.165551 
0.132906 0.183496 
0.142731 0.186016 
0.143609 0.173418 
0.123054 0.142393 
0.0785276 0.0939243 
0.029732 0.0425572 
0.00403416 0.00874021 
0.0102533 0.000916448 
0.0339952 0.0112391 
0.0590512 0.0303215 
0.0849755 0.0593263 
0.119078 0.102385 
0.157522 0.151345 
0.1828 0.185617 
0.179961 0.188622 
0.150056 0.160958 
0.106705 0.116833 
0.0637667 0.0712828 
0.0287992 0.0329644 
0.00618777 0.00737248 
0.00278347 0.00355954 
0.0260885 0.0331735 
0.0716567 0.0961746 
0.113219 0.165635 
0.118499 0.1984 
0.0865171 0.175446 
0.0578852 0.125733 
0.0652745 0.0895111 
0.0810678 0.0645101 
0.0545256 0.0312296 
0.0103871 0.0433831 
0.0523718 0.220946 
0.218878 0.573463 
0.384339 0.872937 
0.390214 0.838017 
0.249812 0.477945 
0.118868 0.118734 
0.0960814 0.00526733 
0.246147 0.0311573 
0.8272 0.0333271 
2.10473 0.183402 
3.60965 0.714547 
3.96676 1.27724 
2.33169 1.12052 
0.225896 0.282735 
0.985229 0.138946 
6.28518 1.97752 
13.3695 5.02634 
16.9057 6.73575 
14.1627 5.50904 
7.68788 2.57529 
2.30862 0.474123 
0.236697 0.112172 
0.0949007 0.301016 
0.0566096 0.0831935 
0.0443961 0.153787 
0.421019 1.29081 
0.522429 2.52575 
