0.320808 0.283444 0.257846 
0.184435 0.127489 0.151225 
0.10211 0.0538257 0.230793 
0.108811 0.0219597 0.343286 
0.259697 0.00301461 0.315351 
0.624484 0.0604388 0.149061 
1.19648 0.290942 0.0201594 
1.81116 0.684543 0.089175 
2.19696 1.0709 0.332898 
2.15281 1.23057 0.565772 
1.70162 1.06989 0.612424 
1.07692 0.691655 0.451257 
0.55626 0.305699 0.20721 
0.290708 0.0771743 0.0339289 
0.259322 0.045427 0.0110153 
0.346107 0.153208 0.130434 
0.444724 0.326973 0.34826 
0.516185 0.535766 0.637998 
0.591872 0.8019 1.00694 
0.740655 1.16961 1.47198 
1.00861 1.64528 2.00985 
1.35278 2.14085 2.51506 
1.62677 2.47677 2.8137 
1.66273 2.47754 2.75422 
1.40479 2.10523 2.32209 
0.972277 1.51175 1.67515 
0.577447 0.94317 1.04927 
0.365473 0.57079 0.606629 
0.326331 0.399894 0.360586 
0.350198 0.326658 0.2321 
0.34752 0.261466 0.156073 
0.30669 0.187944 0.119699 
0.259651 0.127093 0.11702 
0.233082 0.0892518 0.111022 
0.248009 0.0823578 0.0696099 
0.335906 0.13949 0.0228482 
0.511569 0.290199 0.0419578 
0.724333 0.48979 0.140754 
0.875274 0.613509 0.223373 
0.923665 0.572872 0.177301 
0.976415 0.456874 0.0435934 
1.23322 0.530688 0.0776702 
1.80193 1.04553 0.595431 
2.55277 2.00872 1.70904 
3.166 3.12122 3.1773 
3.34881 3.94594 4.50424 
3.03877 4.17049 5.21147 
2.42817 3.76323 5.08268 
1.80662 2.93366 4.22994 
1.3648 1.97066 2.98541 
1.11031 1.10084 1.73221 
0.934143 0.449328 0.780362 
0.745429 0.0773936 0.312869 
0.555729 0.0170499 0.367871 
0.455124 0.257433 0.833346 
0.518254 0.709578 1.47322 
0.728845 1.20835 2.00988 
0.981802 1.57324 2.24008 
1.15028 1.68951 2.11539 
1.16026 1.55393 1.73726 
1.02705 1.26609 1.2868 
0.845132 0.985905 0.951538 
0.742678 0.877684 0.881219 
0.814501 1.04319 1.1507 
1.05872 1.45662 1.7104 
1.36012 1.9477 2.36227 
1.54889 2.27529 2.82371 
1.506 2.26529 2.8755 
1.2375 1.91671 2.49483 
0.860456 1.39249 1.8642 
0.520503 0.907945 1.24842 
0.315476 0.611653 0.841369 
0.277012 0.541455 0.693477 
0.396308 0.656533 0.742996 
0.647286 0.888193 0.891179 
0.985808 1.1656 1.05573 
1.34262 1.41966 1.18549 
1.63247 1.58784 1.25543 
1.77796 1.6264 1.25855 
1.73157 1.51983 1.19781 
1.48843 1.28209 1.07973 
1.09308 0.955216 0.915681 
0.639053 0.607763 0.730106 
0.249714 0.32431 0.564108 
0.0348001 0.178089 0.463362 
0.0375011 0.194124 0.453273 
0.203168 0.324987 0.516871 
0.396367 0.461662 0.592741 
0.469843 0.487069 0.60328 
0.357487 0.354366 0.508619 
0.137745 0.145167 0.358151 
0.0141414 0.0548178 0.29388 
0.201424 0.286034 0.476371 
0.775071 0.901768 0.962876 
1.58684 1.7407 1.62553 
2.31985 2.47499 2.19061 
2.66085 2.79 2.39308 
2.47751 2.56686 2.14083 
1.88155 1.9395 1.56544 
1.14263 1.19205 0.923437 
0.524067 0.582071 0.431353 
0.156051 0.218562 0.161565 
0.0165062 0.063129 0.0607412 
0.00283198 0.0186352 0.0442313 
0.0208402 0.0141496 0.0684184 
0.0286223 0.0258239 0.127379 
0.0279678 0.0474631 0.205937 
0.0380849 0.066351 0.260036 
0.0817922 0.0749114 0.253035 
0.181196 0.0940101 0.204359 
0.34357 0.164392 0.185729 
0.538106 0.300956 0.254676 
0.691231 0.455288 0.38697 
0.721701 0.534239 0.480398 
0.59715 0.469655 0.437474 
0.365722 0.281702 0.25858 
0.134027 0.0802156 0.0638204 
0.0081387 0.000595221 0.0208736 
0.0404481 0.120873 0.230671 
0.212037 0.414847 0.652292 
0.451126 0.767585 1.11883 
0.672217 1.04229 1.43532 
0.818426 1.16 1.49712 
0.887759 1.14391 1.35161 
0.925279 1.09627 1.16041 
0.9806 1.11898 1.086 
1.05833 1.23164 1.17996 
1.10088 1.34737 1.348 
1.02348 1.3282 1.41323 
0.785618 1.08951 1.23911 
0.455993 0.690795 0.842893 
0.218969 0.348032 0.429505 
0.287158 0.33004 0.29974 
0.741726 0.768113 0.650168 
1.40527 1.49875 1.38177 
1.88478 2.09429 2.08835 
1.82208 2.12918 2.30152 
1.19459 1.51762 1.84754 
0.402143 0.63564 1.01929 
0.0116629 0.0755507 0.378443 
0.33147 0.20074 0.324751 
1.1683 0.871696 0.798153 
1.97846 1.57745 1.36729 
2.27878 1.84429 1.60129 
1.96815 1.5616 1.37877 
1.32662 0.981717 0.893548 
0.763254 0.471402 0.432483 
0.564607 0.2793 0.182812 
0.811896 0.48501 0.21859 
1.43473 1.07288 0.587694 
2.27926 1.98295 1.34006 
3.13817 3.08787 2.45622 
3.78265 4.16828 3.77453 
4.03353 4.96144 5.0133 
3.84025 5.2662 5.87669 
3.30811 5.0289 6.16456 
2.6539 4.36169 5.8341 
2.11683 3.49536 5.01021 
1.85831 2.68584 3.94366 
1.87904 2.09819 2.90758 
1.99938 1.72287 2.06606 
1.95253 1.40131 1.41132 
1.57151 0.977939 0.843398 
0.943112 0.472166 0.335892 
0.380468 0.106709 0.0243312 
0.199825 0.136405 0.108447 
0.472975 0.614427 0.646347 
0.97135 1.31212 1.44219 
1.3538 1.87511 2.14829 
1.42926 2.07757 2.49551 
1.26656 1.95119 2.44748 
1.07869 1.6959 2.16033 
1.01473 1.48257 1.81643 
1.05028 1.33277 1.49584 
1.04679 1.15695 1.17788 
0.893549 0.879344 0.829271 
0.600317 0.524331 0.474773 
0.284304 0.205718 0.194641 
0.0915172 0.0537207 0.0720632 
0.124412 0.147359 0.144471 
0.414197 0.489874 0.389082 
0.931056 1.02233 0.739267 
1.60682 1.65231 1.11398 
2.35189 2.2792 1.44417 
3.06389 2.80936 1.68614 
3.63621 3.16466 1.82014 
3.97565 3.29202 1.84202 
4.02826 3.1772 1.75859 
3.80052 2.8549 1.58905 
3.36021 2.40285 1.365 
2.81288 1.91652 1.12236 
2.2654 1.47684 0.889461 
1.7951 1.12928 0.681685 
1.4369 0.88349 0.506986 
1.18864 0.726962 0.374194 
1.02631 0.638848 0.292648 
0.919379 0.595851 0.261633 
0.842634 0.574539 0.262395 
0.78544 0.559407 0.267928 
0.756089 0.555394 0.268618 
0.771156 0.587082 0.288034 
0.825923 0.669499 0.361628 
0.868732 0.768115 0.48671 
0.820424 0.796987 0.595394 
0.647899 0.683145 0.596483 
0.429454 0.450491 0.461962 
0.322322 0.227627 0.268006 
0.426994 0.144023 0.131484 
0.676585 0.212254 0.10373 
0.898963 0.345596 0.158349 
1.0299 0.527955 0.319057 
1.25158 0.949309 0.78455 
1.84797 1.8921 1.84442 
2.85523 3.39657 3.57098 
3.86025 5.02062 5.55312 
4.22517 6.00279 6.98976 
3.60241 5.77581 7.16482 
2.2691 4.40687 5.94775 
0.938049 2.56381 3.8969 
0.202065 1.03241 1.88069 
0.124917 0.213507 0.54435 
0.328442 0.00409455 0.0367492 
0.421097 0.0655889 0.12089 
0.312058 0.145598 0.455934 
0.153147 0.172391 0.783552 
0.0826518 0.155803 0.956577 
0.111998 0.113102 0.925062 
0.246048 0.113176 0.757267 
0.604195 0.310994 0.633223 
1.31556 0.834421 0.731399 
2.27661 1.59839 1.06818 
3.08093 2.27042 1.45255 
3.27248 2.48341 1.62733 
2.71122 2.11997 1.47356 
1.69569 1.39756 1.08553 
0.727576 0.681424 0.663015 
0.153896 0.218586 0.350321 
0.00369919 0.0303425 0.173312 
0.098455 0.00387807 0.0881976 
0.25856 0.037176 0.0472538 
0.416025 0.108284 0.0269369 
0.611342 0.27734 0.0564873 
0.950207 0.675909 0.268551 
1.53771 1.45624 0.885191 
2.35752 2.6417 2.04417 
3.15708 3.95423 3.5521 
3.5088 4.83668 4.83182 
3.11178 4.78285 5.23537 
2.10978 3.75837 4.53337 
1.07054 2.30258 3.13714 
0.546317 1.13942 1.79707 
