0.806806 1.74677 2.64011 
0.806825 1.77123 2.64883 
0.703946 1.59312 2.37569 
0.538982 1.27237 1.90342 
0.366874 0.896894 1.34941 
0.23884 0.553917 0.826958 
0.191692 0.310732 0.419771 
0.247144 0.210665 0.177254 
0.418893 0.281697 0.126944 
0.721599 0.548647 0.291559 
1.17472 1.03807 0.69662 
1.7961 1.76896 1.36053 
2.58523 2.73065 2.26977 
3.50235 3.85791 3.35215 
4.45448 5.01853 4.46573 
5.2997 6.02625 5.41664 
5.87501 6.68202 6.00628 
6.04241 6.83272 6.09348 
5.73716 6.42506 5.64599 
4.99738 5.53047 4.75725 
3.95946 4.32724 3.61793 
2.81854 3.04547 2.45341 
1.76998 1.89871 1.45574 
0.957805 1.03244 0.740702 
0.451629 0.509497 0.345405 
0.2564 0.329867 0.257264 
0.340236 0.462715 0.446793 
0.656552 0.864033 0.87822 
1.14532 1.46877 1.49248 
1.71858 2.17051 2.18276 
2.25218 2.81667 2.79358 
2.60506 3.23937 3.16014 
2.66737 3.31577 3.17391 
2.41324 3.02487 2.83583 
1.92263 2.46212 2.25966 
1.35102 1.79651 1.61822 
0.858338 1.19156 1.06326 
0.536919 0.737412 0.668574 
0.381274 0.434276 0.429863 
0.316495 0.232961 0.3141 
0.26372 0.0989397 0.315732 
0.197673 0.0513574 0.473031 
0.158823 0.148419 0.829512 
0.215536 0.431071 1.36932 
0.405808 0.86809 1.97874 
0.699992 1.34507 2.47062 
1.00863 1.70864 2.66477 
1.22744 1.83865 2.47751 
1.28835 1.70335 1.96505 
1.18579 1.36572 1.2953 
0.968049 0.943024 0.667465 
0.706705 0.54931 0.228428 
0.466332 0.255313 0.0303073 
0.28925 0.0814817 0.0417185 
0.194675 0.0153097 0.191373 
0.182697 0.0319531 0.409271 
0.235923 0.103404 0.643354 
0.320254 0.197147 0.853913 
0.391201 0.275625 1.00422 
0.408513 0.305249 1.06347 
0.353636 0.272444 1.02247 
0.239896 0.195516 0.908749 
0.109009 0.1223 0.786005 
0.0161634 0.113047 0.733866 
0.0121185 0.217236 0.817011 
0.129558 0.455102 1.05893 
0.375044 0.809756 1.43168 
0.723973 1.22967 1.86411 
1.11831 1.63905 2.26377 
1.47252 1.95513 2.54456 
1.69444 2.11152 2.6523 
1.72008 2.08283 2.58066 
1.54849 1.89985 2.37092 
1.25541 1.64351 2.09352 
0.970937 1.41453 1.81762 
0.826193 1.29007 1.58284 
0.89409 1.28954 1.38843 
1.15588 1.36925 1.20671 
1.51196 1.44965 1.01231 
1.83038 1.45954 0.808293 
2.00591 1.37186 0.631692 
1.99903 1.2123 0.53476 
1.83911 1.03974 0.554832 
1.59747 0.913901 0.692786 
1.35023 0.869749 0.91297 
1.15008 0.909177 1.16171 
1.01552 1.00744 1.38954 
0.934428 1.12471 1.56255 
0.875065 1.21587 1.65993 
0.799877 1.23897 1.66642 
0.680893 1.16622 1.57186 
0.514358 0.997343 1.3809 
0.328355 0.768069 1.12495 
0.176162 0.544125 0.863215 
0.114058 0.398376 0.666948 
0.172708 0.380328 0.593121 
0.338047 0.49442 0.662167 
0.554146 0.699495 0.851568 
0.747725 0.929009 1.10664 
0.860596 1.11924 1.36004 
0.871908 1.22997 1.5499 
0.799667 1.24973 1.63158 
0.684458 1.18884 1.58456 
0.567686 1.06903 1.4164 
0.476217 0.915786 1.16201 
0.417742 0.753603 0.874358 
0.383956 0.601347 0.606499 
0.357074 0.468118 0.393355 
0.318012 0.35389 0.245137 
0.256137 0.257868 0.158039 
0.177895 0.190094 0.133876 
0.107841 0.175256 0.190595 
0.076973 0.240154 0.350321 
0.101903 0.389042 0.609807 
0.168372 0.584499 0.916165 
0.23386 0.752806 1.17243 
0.252196 0.817505 1.2783 
0.20529 0.742559 1.1841 
0.118076 0.555436 0.92211 
0.0424957 0.331604 0.591678 
0.0198609 0.149295 0.305749 
0.050072 0.0462293 0.13377 
0.0938706 0.00941874 0.0778469 
0.109476 0.00380089 0.0939089 
0.0958062 0.0145668 0.13663 
0.105154 0.0665093 0.191668 
0.208901 0.202051 0.272723 
0.436853 0.434186 0.391797 
0.735551 0.713653 0.533084 
0.982088 0.941571 0.656029 
1.05165 1.02432 0.72586 
0.896553 0.933221 0.743812 
0.583025 0.724935 0.74738 
0.258797 0.506097 0.775892 
0.0716111 0.366547 0.82827 
0.0911004 0.328747 0.850873 
0.281908 0.348052 0.772467 
0.538755 0.359906 0.565414 
0.752988 0.335316 0.287138 
0.86438 0.301821 0.0653309 
0.87023 0.315729 0.0292333 
0.798701 0.409741 0.229532 
0.676797 0.558254 0.600412 
0.519297 0.687564 0.990322 
0.340589 0.722924 1.24235 
0.169534 0.637101 1.27377 
0.046624 0.466194 1.10836 
0.00177911 0.284944 0.849381 
0.031736 0.16341 0.618663 
0.0991277 0.136517 0.502152 
0.15786 0.202755 0.528055 
0.186551 0.343239 0.676248 
0.203653 0.539118 0.899666 
0.251855 0.77298 1.14077 
0.363752 1.01887 1.34089 
0.53522 1.23731 1.45028 
0.725814 1.38609 1.443 
0.883803 1.44098 1.32925 
0.975821 1.40993 1.15325 
1.00135 1.32939 0.973715 
0.987497 1.24693 0.838857 
0.974387 1.20488 0.77376 
1.00251 1.23463 0.786763 
1.10336 1.35666 0.882927 
1.28642 1.57333 1.0649 
1.5215 1.85072 1.31428 
1.72973 2.10506 1.56995 
1.8033 2.21747 1.7314 
1.65845 2.08554 1.70013 
1.29761 1.68823 1.43962 
0.8373 1.11996 1.01137 
0.471654 0.561266 0.554508 
0.382912 0.194996 0.215067 
0.650477 0.117539 0.0698225 
1.21541 0.300755 0.0953384 
1.91986 0.624859 0.199917 
2.58832 0.952157 0.289679 
3.09177 1.18679 0.318385 
3.35822 1.28618 0.290846 
3.34445 1.23656 0.233127 
3.01834 1.03615 0.170168 
2.38797 0.716133 0.138063 
1.56077 0.383192 0.216093 
0.771922 0.230968 0.532618 
0.32786 0.478624 1.21141 
0.471138 1.25109 2.27584 
1.24182 2.47316 3.57609 
2.42999 3.85824 4.80547 
3.66253 5.01768 5.61771 
4.57899 5.63529 5.78542 
4.99073 5.60456 5.30512 
4.93043 5.04878 4.38515 
4.57541 4.22236 3.32832 
4.11019 3.3656 2.38598 
3.62453 2.60558 1.66995 
3.10402 1.95127 1.16026 
2.49865 1.36126 0.779937 
1.80463 0.81998 0.472825 
1.09904 0.36809 0.235007 
0.512112 0.0784581 0.0960626 
0.167585 0.00952621 0.0823149 
0.134155 0.17426 0.19611 
0.409512 0.538599 0.419464 
0.92971 1.03625 0.725519 
1.58593 1.58086 1.07929 
2.2419 2.07206 1.42795 
2.75949 2.40833 1.69862 
3.03839 2.51705 1.81912 
3.05737 2.392 1.75564 
2.88959 2.11092 1.5405 
2.67093 1.81014 1.26475 
2.52998 1.62133 1.03354 
2.51836 1.60499 0.911263 
2.58557 1.72286 0.892401 
2.61612 1.8676 0.916946 
2.5055 1.93069 0.917943 
2.22643 1.86513 0.867763 
1.84485 1.70521 0.793205 
1.47969 1.53641 0.753231 
1.23623 1.43971 0.798117 
1.15521 1.44725 0.937904 
1.20413 1.53272 1.13761 
1.3076 1.63495 1.33734 
1.39181 1.69441 1.48149 
1.41654 1.68008 1.54007 
1.38251 1.59572 1.51362 
1.31911 1.46919 1.42361 
1.26665 1.33601 1.29633 
1.26492 1.22835 1.14993 
1.35224 1.17538 0.992551 
1.57202 1.21435 0.835852 
1.97972 1.40597 0.720372 
2.64188 1.84256 0.739587 
3.62037 2.63602 1.0422 
4.93987 3.87809 1.79611 
6.54668 5.58006 3.11507 
8.27761 7.61616 4.97424 
9.86214 9.70452 7.15818 
10.9729 11.4508 9.27996 
11.3178 12.4532 10.8809 
10.7427 12.4346 11.5789 
9.30097 11.347 11.2043 
7.2544 9.3996 9.86175 
4.99896 6.99509 7.88967 
2.94314 4.59802 5.73558 
1.38844 2.59245 3.80467 
0.45918 1.18515 2.34536 
0.103615 0.386594 1.41257 
0.154945 0.0634787 0.908427 
0.416525 0.0266528 0.666555 
0.731938 0.110772 0.534083 
