0.0176822 0.127804 0.285933 
0.0463893 0.166193 0.309562 
0.119709 0.251097 0.379735 
0.241285 0.365548 0.469463 
0.35109 0.435466 0.495296 
0.352314 0.378601 0.381668 
0.251467 0.232639 0.179573 
0.263575 0.226867 0.119563 
0.668051 0.621157 0.451339 
1.46649 1.38354 1.1433 
2.2236 2.06817 1.77575 
2.37629 2.14205 1.85353 
1.76785 1.50052 1.28947 
0.828246 0.609171 0.528935 
0.166686 0.0690631 0.128336 
0.0108674 0.058289 0.225016 
0.101969 0.253975 0.475305 
0.106704 0.276425 0.493787 
0.014964 0.106099 0.259546 
0.0712336 0.0158231 0.0500436 
0.391531 0.174819 0.058847 
0.770378 0.436012 0.189373 
0.89434 0.527577 0.228286 
0.676879 0.369276 0.125167 
0.330074 0.139974 0.0340264 
0.134687 0.0659458 0.112814 
0.188861 0.202154 0.348864 
0.372406 0.419777 0.58854 
0.499881 0.554865 0.692419 
0.479014 0.541084 0.638643 
0.350993 0.427676 0.505453 
0.227888 0.315056 0.393138 
0.210294 0.286384 0.36573 
0.343812 0.378228 0.439201 
0.617402 0.584865 0.597735 
0.976568 0.870501 0.810546 
1.33522 1.17555 1.03718 
1.59472 1.42581 1.23002 
1.67792 1.55524 1.34654 
1.5608 1.53128 1.36481 
1.27802 1.36214 1.28506 
0.909035 1.09071 1.1213 
0.570863 0.798689 0.908821 
0.413665 0.616164 0.728718 
0.579981 0.692427 0.704154 
1.11748 1.10755 0.932582 
1.90822 1.78361 1.39365 
2.69445 2.48756 1.92313 
3.20385 2.94775 2.29503 
3.2874 3.00298 2.35474 
2.97665 2.67703 2.10211 
2.43769 2.13796 1.67077 
1.86831 1.586 1.23095 
1.40683 1.15089 0.890199 
1.10173 0.861123 0.65958 
0.94739 0.692033 0.501164 
0.940026 0.637009 0.405133 
1.0898 0.726013 0.415882 
1.37194 0.968105 0.574863 
1.674 1.28 0.837605 
1.81587 1.48969 1.05945 
1.65376 1.43691 1.08294 
1.19362 1.09625 0.860085 
0.618082 0.618202 0.503951 
0.190593 0.243301 0.218338 
0.0910375 0.141839 0.151648 
0.294234 0.293761 0.284616 
0.585924 0.505298 0.445533 
0.717521 0.562007 0.453752 
0.5889 0.404611 0.283048 
0.313636 0.180666 0.103014 
0.112352 0.119794 0.146823 
0.128283 0.334242 0.505535 
0.326928 0.719775 1.02769 
0.559693 1.047 1.4241 
0.716651 1.16082 1.49883 
0.816297 1.1058 1.30699 
0.954019 1.06568 1.09748 
1.17742 1.18272 1.0935 
1.42371 1.43252 1.31259 
1.57687 1.66298 1.5816 
1.57244 1.7374 1.70621 
1.44181 1.63374 1.61774 
1.26977 1.42676 1.3798 
1.12663 1.20765 1.09848 
1.03063 1.02703 0.849376 
0.943188 0.882716 0.663111 
0.79023 0.73177 0.533571 
0.523886 0.526896 0.428666 
0.204763 0.278792 0.322637 
0.0107537 0.0874078 0.236571 
0.102759 0.0699763 0.224586 
0.440372 0.224496 0.293763 
0.756947 0.387545 0.357151 
0.777777 0.381216 0.315635 
0.49148 0.220788 0.202835 
0.185495 0.141542 0.207111 
0.184155 0.376399 0.49601 
0.544869 0.900319 1.00828 
1.01609 1.41729 1.45242 
1.28673 1.61797 1.54607 
1.26703 1.45472 1.27039 
1.13611 1.1709 0.890993 
1.14432 1.075 0.731281 
1.38493 1.28737 0.917381 
1.73921 1.67907 1.31527 
2.00594 2.01714 1.67917 
2.06495 2.15242 1.84797 
1.9335 2.09133 1.82491 
1.7045 1.9335 1.71702 
1.45835 1.77212 1.63054 
1.22738 1.64489 1.61392 
1.01061 1.54001 1.65614 
0.794131 1.41612 1.70097 
0.564536 1.22622 1.67049 
0.339728 0.968616 1.52535 
0.209876 0.747716 1.34531 
0.320113 0.758718 1.33384 
0.74879 1.13925 1.67122 
1.36345 1.78103 2.29855 
1.82831 2.30769 2.85323 
1.83584 2.32129 2.89188 
1.39522 1.74784 2.25709 
0.891093 0.956242 1.25271 
0.805702 0.497252 0.433626 
1.32677 0.672983 0.182589 
2.19634 1.32412 0.45865 
2.93175 2.01133 0.923757 
3.1975 2.38649 1.2757 
2.99157 2.39905 1.44405 
2.53076 2.19788 1.50427 
2.01438 1.90707 1.4827 
1.50912 1.5329 1.30454 
1.01206 1.05724 0.924666 
0.555812 0.555179 0.452723 
0.219363 0.177355 0.101216 
0.0517859 0.0197601 0.0026178 
0.017137 0.0358793 0.0946453 
0.0283913 0.0902036 0.196262 
0.0312995 0.0939077 0.191933 
0.0508955 0.0823438 0.135551 
0.159847 0.162939 0.17809 
0.403566 0.393189 0.402012 
0.747591 0.707873 0.726949 
1.0848 0.957741 0.969112 
1.29133 1.01756 0.988475 
1.29061 0.868756 0.788375 
1.0881 0.597308 0.492667 
0.76293 0.324564 0.24045 
0.427577 0.133959 0.0963712 
0.177792 0.0417261 0.0388442 
0.0554269 0.0162194 0.0154276 
0.0420144 0.024245 0.0163676 
0.0912641 0.0810859 0.124564 
0.184605 0.27846 0.514045 
0.364587 0.755903 1.37367 
0.702002 1.5998 2.76178 
1.20719 2.71984 4.46858 
1.76485 3.81216 6.01367 
2.17377 4.48462 6.84601 
2.2806 4.48594 6.64956 
2.0939 3.86581 5.53602 
1.76882 2.92989 3.9686 
1.47595 2.02825 2.47548 
1.28282 1.35884 1.37912 
1.15665 0.934735 0.727291 
1.06356 0.696027 0.416421 
1.04391 0.625008 0.349129 
1.18627 0.760162 0.494412 
1.54184 1.13228 0.850928 
2.07552 1.71209 1.3941 
2.68935 2.41201 2.05769 
3.27113 3.11265 2.73854 
3.71579 3.6795 3.30564 
3.92733 3.9817 3.62543 
3.84033 3.93649 3.61477 
3.46204 3.56008 3.291 
2.88941 2.97299 2.76884 
2.26983 2.34082 2.19711 
1.73179 1.79416 1.68574 
1.33966 1.38754 1.2775 
1.09677 1.1135 0.968513 
0.976549 0.941182 0.742175 
0.949268 0.84436 0.588101 
0.988221 0.807562 0.503935 
1.05798 0.814838 0.486408 
1.1011 0.833336 0.516728 
1.04806 0.811717 0.553589 
0.860945 0.707862 0.550423 
0.578681 0.527622 0.489113 
0.307402 0.329853 0.394386 
0.145501 0.182097 0.309713 
0.115188 0.115164 0.266666 
0.182763 0.135531 0.291022 
0.347375 0.27721 0.429949 
0.677204 0.60397 0.734835 
1.21776 1.12205 1.18379 
1.86205 1.69493 1.63202 
2.35677 2.09406 1.88958 
2.49227 2.18597 1.8933 
2.31077 2.08502 1.80674 
2.11565 2.1005 1.92282 
2.24691 2.4998 2.4346 
2.81125 3.28738 3.27163 
3.58898 4.17906 4.13144 
4.17301 4.77162 4.65857 
4.21599 4.76734 4.62718 
3.6202 4.11682 4.03049 
2.58029 3.03052 3.06744 
1.47955 1.87526 2.05101 
0.69776 1.00317 1.2677 
0.426277 0.590613 0.846835 
0.592177 0.577949 0.721721 
0.936408 0.748447 0.715366 
1.18768 0.884943 0.681851 
1.20884 0.887393 0.588943 
1.02704 0.781791 0.492689 
0.758809 0.648958 0.457109 
0.511923 0.552034 0.502417 
0.335354 0.510554 0.608749 
0.227089 0.510751 0.740384 
0.165936 0.522566 0.856683 
0.141374 0.520345 0.922186 
0.183391 0.524006 0.946855 
0.387915 0.644858 1.03857 
0.89295 1.06438 1.38437 
1.76176 1.88958 2.09918 
2.82718 2.95895 3.02534 
3.66281 3.80358 3.69958 
3.80209 3.90265 3.62598 
3.09192 3.09271 2.69453 
1.86924 1.76408 1.35748 
0.750377 0.607692 0.330838 
0.183124 0.0982001 0.0429512 
0.158398 0.178234 0.334447 
0.326553 0.41817 0.681929 
0.364131 0.453769 0.697526 
0.221168 0.261464 0.41071 
0.0562187 0.0564329 0.115275 
0.00327801 0.00281631 0.0207526 
0.041636 0.0640321 0.0845208 
0.0705607 0.103113 0.135303 
0.0614507 0.0676178 0.0874343 
0.110874 0.0501468 0.0124686 
0.349207 0.1852 0.0363824 
0.802397 0.505211 0.20155 
1.33265 0.889883 0.424552 
1.70672 1.14202 0.56546 
1.74056 1.12255 0.535755 
1.41681 0.844041 0.361386 
0.893704 0.458442 0.159643 
