0.927736 0.458025 0.0932299 
0.980245 0.430603 0.0545434 
0.89708 0.362101 0.0351897 
0.72014 0.282805 0.0468576 
0.517599 0.229363 0.106571 
0.34442 0.220735 0.224195 
0.22007 0.243211 0.379159 
0.135319 0.260092 0.515067 
0.0761221 0.242424 0.570905 
0.038707 0.192905 0.525573 
0.024463 0.139043 0.411587 
0.0299228 0.105221 0.285054 
0.0502778 0.0953872 0.184941 
0.0898073 0.100426 0.119216 
0.157418 0.112627 0.0788777 
0.246363 0.127244 0.054199 
0.325652 0.136269 0.0384282 
0.361797 0.131345 0.0262404 
0.35071 0.115078 0.0150352 
0.325043 0.105121 0.00619532 
0.334863 0.129752 0.00650836 
0.433398 0.232321 0.0399627 
0.683984 0.486329 0.168128 
1.15971 0.987762 0.488331 
1.90074 1.79372 1.07841 
2.84495 2.83333 1.90682 
3.79531 3.86934 2.78108 
4.47176 4.56875 3.40036 
4.63 4.65905 3.50269 
4.18052 4.0765 3.01898 
3.24289 3.01299 2.13014 
2.1044 1.8284 1.17982 
1.09573 0.873346 0.486791 
0.442314 0.32399 0.173856 
0.180434 0.133717 0.133336 
0.195757 0.132793 0.158178 
0.345155 0.189607 0.131456 
0.544898 0.2876 0.104573 
0.748959 0.452804 0.191781 
0.876065 0.62995 0.395267 
0.818526 0.675235 0.559059 
0.570551 0.509692 0.520963 
0.340657 0.27648 0.310618 
0.473777 0.299271 0.171797 
1.18373 0.825913 0.359441 
2.31553 1.7761 0.898529 
3.37444 2.73787 1.53747 
3.83316 3.23623 1.93707 
3.47799 3.05095 1.9155 
2.5242 2.33169 1.54285 
1.43744 1.45361 1.04483 
0.632925 0.7685 0.640951 
0.279435 0.444452 0.452673 
0.301987 0.461932 0.506244 
0.511275 0.69979 0.767432 
0.732434 1.01664 1.15829 
0.864012 1.29169 1.56615 
0.877705 1.44289 1.87482 
0.79778 1.44158 2.01323 
0.680333 1.31781 1.98442 
0.590701 1.14308 1.85016 
0.576193 0.993493 1.68545 
0.641799 0.912214 1.53713 
0.742656 0.890547 1.40854 
0.803207 0.877101 1.27044 
0.759523 0.811994 1.08799 
0.602127 0.668332 0.850376 
0.386353 0.472328 0.585392 
0.195122 0.283406 0.345284 
0.0805312 0.149445 0.172258 
0.0360962 0.079542 0.0756489 
0.0249945 0.0606335 0.0448603 
0.0308706 0.0943721 0.0818109 
0.0723715 0.203807 0.208864 
0.165328 0.394127 0.433295 
0.280507 0.611902 0.704499 
0.35244 0.758658 0.918839 
0.33461 0.757608 0.980785 
0.240962 0.611416 0.867752 
0.129922 0.395944 0.640111 
0.0522487 0.200593 0.392671 
0.0183582 0.0738208 0.196079 
0.00930424 0.0146938 0.0736925 
0.00602259 0.000100171 0.0171928 
0.00364997 0.0134072 0.0147826 
0.00865281 0.0571807 0.0704418 
0.0363317 0.153742 0.208599 
0.112538 0.336899 0.463475 
0.265554 0.631345 0.853477 
0.503145 1.02512 1.35201 
0.79335 1.45605 1.87757 
1.07079 1.82908 2.31738 
1.26651 2.05604 2.57248 
1.33722 2.08971 2.59405 
1.27351 1.9314 2.39019 
1.08986 1.6165 2.00802 
0.814731 1.19829 1.51288 
0.494393 0.744919 0.98074 
0.203379 0.343958 0.500555 
0.0388675 0.0943813 0.168042 
0.082813 0.0720301 0.0564081 
0.347169 0.282869 0.174535 
0.747785 0.643702 0.447593 
1.14343 1.02036 0.749109 
1.42147 1.30467 0.971123 
1.56037 1.46818 1.07808 
1.61262 1.5452 1.09911 
1.6285 1.5662 1.07176 
1.60218 1.51427 0.998237 
1.49647 1.35143 0.857215 
1.31351 1.08248 0.649909 
1.12589 0.780625 0.421678 
1.02574 0.541069 0.232895 
1.04054 0.408302 0.113422 
1.10192 0.349941 0.0514054 
1.09842 0.298391 0.0238201 
0.961159 0.213616 0.0292702 
0.707671 0.108852 0.08763 
0.418434 0.0281823 0.214436 
0.181649 0.0106671 0.404556 
0.0544093 0.0746485 0.641356 
0.055457 0.222068 0.912933 
0.171653 0.440939 1.20914 
0.359417 0.694932 1.49822 
0.544753 0.913831 1.709 
0.640281 1.00792 1.74622 
0.586464 0.912777 1.5418 
0.396016 0.641179 1.11414 
0.163427 0.300967 0.591452 
0.0184187 0.0515366 0.168871 
0.0465549 0.0155472 0.0111952 
0.23404 0.204064 0.159553 
0.48053 0.512206 0.509083 
0.669623 0.791002 0.878431 
0.741408 0.94191 1.12281 
0.717437 0.967055 1.21078 
0.674144 0.949505 1.21821 
0.695476 0.989934 1.25685 
0.831498 1.14378 1.39331 
1.06974 1.3868 1.60546 
1.32474 1.61812 1.79157 
1.46361 1.70267 1.82291 
1.37552 1.54416 1.61659 
1.05189 1.15399 1.19331 
0.614277 0.666091 0.682624 
0.254345 0.273269 0.261814 
0.122444 0.120954 0.0611808 
0.249891 0.235014 0.100678 
0.561471 0.536246 0.304693 
0.952008 0.918931 0.578662 
1.34512 1.31438 0.876389 
1.68198 1.68176 1.19582 
1.87493 1.95214 1.51396 
1.81079 2.01257 1.74138 
1.43831 1.78137 1.76568 
0.865922 1.31816 1.55979 
0.350614 0.845876 1.24646 
0.145003 0.625293 1.03461 
0.314703 0.768098 1.06646 
0.688241 1.15225 1.3109 
0.991219 1.52094 1.60174 
1.04999 1.67995 1.78258 
0.895036 1.6255 1.82515 
0.697743 1.5102 1.82613 
0.620162 1.50022 1.90362 
0.706015 1.64802 2.08915 
0.875248 1.86343 2.29269 
0.995703 1.98093 2.35507 
0.970128 1.869 2.15228 
0.789913 1.51704 1.68998 
0.532101 1.04753 1.1218 
0.304342 0.64 0.662158 
0.175658 0.415455 0.445024 
0.144655 0.368674 0.439607 
0.165022 0.399499 0.495958 
0.194579 0.405824 0.47662 
0.218188 0.351213 0.353306 
0.233896 0.260219 0.193401 
0.234558 0.171892 0.0749571 
0.211606 0.108245 0.0243383 
0.169698 0.0752284 0.021491 
0.126491 0.0727343 0.0398899 
0.0963131 0.0947468 0.069897 
0.079708 0.127503 0.113696 
0.0705059 0.15739 0.172942 
0.0677154 0.181761 0.244574 
0.0767592 0.20881 0.321661 
0.102384 0.247335 0.393762 
0.145383 0.299703 0.449045 
0.206576 0.364918 0.48071 
0.291051 0.445766 0.494268 
0.405829 0.550739 0.509934 
0.548987 0.685768 0.555629 
0.693918 0.837234 0.648283 
0.782921 0.958655 0.770801 
0.750446 0.982686 0.866762 
0.575184 0.865605 0.870879 
0.318752 0.632203 0.758174 
0.0994936 0.370249 0.564403 
0.00755679 0.167147 0.354189 
0.0397543 0.0509434 0.175769 
0.124778 0.00288122 0.0607792 
0.211005 0.0239408 0.0632933 
0.312368 0.16103 0.261375 
0.456031 0.439108 0.675422 
0.60035 0.770833 1.17542 
0.637893 0.969581 1.50627 
0.499402 0.889202 1.45801 
0.246456 0.563024 1.04251 
0.0426462 0.196891 0.504673 
0.0267591 0.0169538 0.149256 
0.217323 0.118262 0.141735 
0.533208 0.443198 0.449462 
0.882104 0.871484 0.931837 
1.20868 1.30229 1.45111 
1.4673 1.6574 1.90085 
1.58688 1.85089 2.17769 
1.49929 1.80583 2.18649 
1.21196 1.52034 1.90288 
0.836602 1.10246 1.42023 
0.524844 0.713743 0.907947 
0.361814 0.460544 0.505066 
0.316859 0.334475 0.248769 
0.296847 0.257523 0.103307 
0.249235 0.183799 0.0487134 
0.217294 0.155238 0.12707 
0.296204 0.255361 0.390691 
0.529 0.504455 0.801569 
0.835743 0.798068 1.18983 
1.04465 0.957338 1.33439 
1.01149 0.863814 1.12121 
0.737694 0.572919 0.657291 
0.389099 0.304874 0.238555 
0.188867 0.301955 0.174707 
0.260335 0.650056 0.585562 
0.544546 1.20235 1.31307 
0.862776 1.67191 2.01466 
1.07138 1.82713 2.37235 
1.17037 1.63767 2.26965 
1.26486 1.2593 1.82082 
1.41728 0.884723 1.25688 
1.54221 0.601945 0.777451 
1.46613 0.384376 0.479941 
1.11608 0.202656 0.386203 
0.659989 0.125643 0.494707 
0.442175 0.290067 0.783462 
0.735575 0.755054 1.16748 
1.50733 1.38401 1.48373 
2.40026 1.88444 1.55782 
2.95834 1.99414 1.31775 
2.92353 1.66558 0.857102 
