0.819444 0.544714 0.433941 
1.00888 0.676831 0.472928 
1.05168 0.713661 0.47064 
0.925644 0.621536 0.394639 
0.671054 0.425825 0.25691 
0.373956 0.201237 0.109492 
0.132685 0.0420983 0.0228566 
0.0227966 0.0264031 0.0579317 
0.0735126 0.187385 0.242537 
0.261495 0.500571 0.558314 
0.520302 0.887999 0.940049 
0.760495 1.23796 1.28826 
0.895819 1.43741 1.49573 
0.871362 1.41114 1.48478 
0.687212 1.15627 1.24379 
0.407359 0.755116 0.844167 
0.144129 0.353422 0.422057 
0.0175034 0.105233 0.125033 
0.103574 0.106092 0.0462491 
0.39728 0.34831 0.181207 
0.811301 0.724638 0.433582 
1.21433 1.08082 0.668808 
1.48868 1.2885 0.784497 
1.5756 1.2977 0.756003 
1.48531 1.1419 0.632259 
1.273 0.899961 0.490123 
1.00286 0.645456 0.381721 
0.725729 0.417457 0.310297 
0.480182 0.226434 0.246479 
0.305363 0.0809869 0.167016 
0.244986 0.00744002 0.0840025 
0.331975 0.0436625 0.0429658 
0.563103 0.211744 0.0931024 
0.88528 0.492065 0.252672 
1.20894 0.82032 0.49355 
1.44427 1.11146 0.75312 
1.53875 1.29529 0.962941 
1.49319 1.34188 1.07554 
1.34911 1.26451 1.07644 
1.15925 1.10354 0.980679 
0.962026 0.904887 0.821093 
0.773435 0.705151 0.636177 
0.595397 0.526991 0.460536 
0.428844 0.381081 0.318097 
0.280766 0.269922 0.218519 
0.162768 0.191781 0.158584 
0.0860776 0.145067 0.129007 
0.05851 0.132361 0.123394 
0.0843111 0.16142 0.143675 
0.164141 0.241327 0.198628 
0.293422 0.376017 0.297735 
0.460946 0.560513 0.446372 
0.650986 0.78349 0.646168 
0.848949 1.03371 0.897876 
1.04592 1.30299 1.19964 
1.23677 1.58034 1.53666 
1.41196 1.84027 1.8678 
1.55021 2.03659 2.12227 
1.62115 2.11253 2.21761 
1.60048 2.02747 2.09652 
1.48903 1.78624 1.76462 
1.32124 1.45046 1.30448 
1.15338 1.11981 0.85187 
1.03541 0.888889 0.540924 
0.983076 0.802495 0.445041 
0.968606 0.834722 0.544417 
0.937204 0.904496 0.73783 
0.840246 0.91908 0.892602 
0.66517 0.82164 0.907136 
0.444378 0.617903 0.755404 
0.238608 0.369796 0.493672 
0.10527 0.161989 0.229075 
0.06983 0.0600213 0.0671285 
0.114939 0.0805701 0.063113 
0.191238 0.186429 0.198704 
0.242669 0.306486 0.393113 
0.23331 0.370193 0.542731 
0.163614 0.340574 0.570673 
0.0695921 0.230869 0.462798 
0.00578822 0.0970985 0.272547 
0.0194804 0.00972572 0.0918388 
0.127432 0.0180328 0.00297063 
0.306122 0.12545 0.0373463 
0.500855 0.289214 0.16379 
0.650013 0.444677 0.312452 
0.712327 0.540243 0.419129 
0.682771 0.562289 0.46242 
0.588911 0.535669 0.471044 
0.471288 0.501152 0.49829 
0.361186 0.486236 0.582079 
0.269966 0.489525 0.717971 
0.195058 0.488489 0.862604 
0.135161 0.463147 0.9635 
0.100475 0.416644 0.993314 
0.108435 0.376488 0.96478 
0.167861 0.37524 0.91756 
0.265025 0.425383 0.888485 
0.365 0.50771 0.887423 
0.43018 0.582419 0.89506 
0.443787 0.614898 0.881706 
0.420723 0.597236 0.83121 
0.396406 0.550062 0.752009 
0.400499 0.504354 0.668735 
0.434412 0.4778 0.602837 
0.469556 0.46358 0.557904 
0.468521 0.439216 0.520078 
0.414487 0.387608 0.471474 
0.327837 0.31359 0.40512 
0.257722 0.243519 0.330212 
0.253747 0.208592 0.265158 
0.336221 0.224341 0.225122 
0.483611 0.28063 0.213677 
0.643692 0.348006 0.223424 
0.759894 0.394741 0.242999 
0.796573 0.402767 0.263887 
0.750324 0.37338 0.282297 
0.644629 0.32163 0.296381 
0.514404 0.265263 0.302758 
0.390102 0.215647 0.295885 
0.288236 0.174852 0.270756 
0.210333 0.138562 0.226567 
0.148559 0.101754 0.168655 
0.0944323 0.0637871 0.107643 
0.0462657 0.0304042 0.056362 
0.0112526 0.0114462 0.0258112 
0.000398544 0.014923 0.021361 
0.0190587 0.0406169 0.0406415 
0.060128 0.0781216 0.0748674 
0.106895 0.112847 0.114509 
0.146264 0.138321 0.157523 
0.183827 0.16695 0.215187 
0.247551 0.22944 0.309927 
0.372239 0.358709 0.463311 
0.570833 0.565063 0.679208 
0.811323 0.818122 0.932168 
1.01879 1.05004 1.17003 
1.10777 1.18255 1.33198 
1.02889 1.16465 1.37368 
0.801119 0.999027 1.28605 
0.50688 0.741012 1.09781 
0.250125 0.470487 0.861654 
0.10183 0.253976 0.633114 
0.0664528 0.119623 0.453873 
0.0899176 0.0581458 0.346286 
0.102909 0.0453011 0.317457 
0.0707684 0.0679223 0.365773 
0.0177744 0.134998 0.48353 
0.0108553 0.266968 0.65453 
0.11375 0.471707 0.850662 
0.340536 0.724313 1.03259 
0.636843 0.965063 1.15682 
0.899897 1.11864 1.18709 
1.02639 1.12568 1.10592 
0.962729 0.97116 0.922246 
0.732232 0.696117 0.672558 
0.426207 0.386145 0.414199 
0.163342 0.140154 0.210538 
0.0361486 0.0307942 0.110155 
0.0690815 0.0727645 0.126365 
0.208419 0.214246 0.227115 
0.350587 0.358909 0.344307 
0.39786 0.41252 0.403705 
0.315507 0.334245 0.3643 
0.160377 0.166173 0.246741 
0.0619771 0.0216101 0.132008 
0.160332 0.0325488 0.125723 
0.529338 0.280047 0.303671 
1.1258 0.744123 0.667677 
1.79415 1.30248 1.13784 
2.32836 1.78179 1.58724 
2.56106 2.03548 1.90004 
2.43394 2.00625 2.01969 
2.01406 1.74059 1.96076 
1.45115 1.35139 1.78182 
0.904106 0.95533 1.54179 
0.478663 0.623741 1.27117 
0.206376 0.372806 0.975874 
0.0655702 0.189672 0.665793 
0.0195443 0.0674796 0.380546 
0.0421134 0.0200881 0.187559 
0.117227 0.0669587 0.149238 
0.223113 0.20423 0.281382 
0.32316 0.389387 0.533957 
0.377028 0.555612 0.810768 
0.364847 0.647374 1.01711 
0.302975 0.650986 1.10469 
0.234614 0.597053 1.08573 
0.199128 0.533484 1.0108 
0.203002 0.490298 0.929807 
0.216212 0.462952 0.864645 
0.198392 0.425121 0.809292 
0.134739 0.358064 0.750781 
0.0523624 0.271357 0.690211 
0.00238035 0.198506 0.646936 
0.0205352 0.172839 0.64585 
0.0975355 0.205427 0.701855 
0.18419 0.284092 0.815438 
0.229693 0.393315 0.980563 
0.224763 0.535821 1.19329 
0.215808 0.734032 1.44877 
0.276656 1.0061 1.72647 
0.455482 1.33349 1.97716 
0.733159 1.64687 2.12819 
1.02208 1.84615 2.11133 
1.20756 1.84712 1.90001 
1.20702 1.62831 1.53332 
1.01344 1.25133 1.11116 
0.702112 0.844129 0.761725 
0.402502 0.557482 0.598436 
0.253218 0.516208 0.685772 
0.36023 0.783435 1.02462 
0.769436 1.34515 1.55533 
1.45513 2.11306 2.17111 
2.32242 2.94171 2.73708 
3.22357 3.65794 3.11582 
3.98863 4.10069 3.20017 
4.46692 4.16394 2.94724 
4.56778 3.82909 2.3997 
4.28543 3.17232 1.68029 
3.69708 2.34069 0.955968 
2.93471 1.50521 0.384057 
2.14288 0.809774 0.0632066 
1.43993 0.336267 0.00985823 
0.895448 0.0961531 0.167119 
0.527275 0.0456525 0.436767 
0.313118 0.112438 0.716413 
0.208232 0.221259 0.926588 
0.162782 0.31168 1.02245 
0.13565 0.347404 0.993766 
0.103245 0.319141 0.8594 
0.0619601 0.241847 0.659144 
0.0232939 0.145919 0.442561 
0.00309405 0.0635382 0.25484 
0.0097669 0.0150472 0.123936 
0.0378539 0.00230204 0.055932 
0.0707979 0.0130974 0.0427033 
0.0909958 0.0339426 0.0779883 
0.0902514 0.0623668 0.170877 
0.0734272 0.109682 0.345816 
0.0530788 0.191668 0.6268 
0.0395949 0.313567 1.01493 
0.0347387 0.460429 1.47447 
0.0337684 0.600484 1.93815 
0.0345089 0.700146 2.33013 
0.0460314 0.741039 2.59377 
0.0893858 0.728069 2.70876 
0.188293 0.683822 2.68939 
0.354791 0.633666 2.56809 
0.578463 0.591466 2.37633 
0.825761 0.554383 2.13447 
1.04998 0.50858 1.85422 
