1.66545 1.1063 0.480679 
1.69481 1.06884 0.395723 
1.51679 0.854281 0.223599 
1.10231 0.498688 0.0457283 
0.612598 0.18582 0.021963 
0.294805 0.126733 0.273292 
0.283848 0.37765 0.746494 
0.496024 0.772502 1.20711 
0.70022 1.03586 1.38923 
0.693434 0.978444 1.18102 
0.444009 0.624422 0.700118 
0.120896 0.197639 0.218334 
0.0126105 0.000151662 0.00899999 
0.381982 0.259678 0.215395 
1.31011 1.00762 0.790683 
2.59644 2.03103 1.51312 
3.79465 2.93718 2.07123 
4.41576 3.33635 2.20679 
4.20525 3.06175 1.85968 
3.29893 2.27348 1.21268 
2.12245 1.34685 0.574027 
1.10915 0.621755 0.170074 
0.470422 0.221259 0.0217108 
0.182195 0.0753868 0.00813028 
0.126801 0.0747711 0.0308654 
0.206418 0.167595 0.0938329 
0.343475 0.323493 0.231028 
0.446885 0.465591 0.400078 
0.439641 0.491959 0.487137 
0.324849 0.368168 0.416392 
0.198864 0.173985 0.230713 
0.185198 0.04785 0.0575727 
0.350743 0.0884127 0.00871846 
0.663684 0.295377 0.110345 
0.999466 0.570967 0.299063 
1.18762 0.765257 0.460763 
1.10292 0.756347 0.492603 
0.768186 0.542033 0.375155 
0.378505 0.273728 0.210762 
0.186583 0.171729 0.173431 
0.316789 0.361802 0.381904 
0.666279 0.76709 0.794305 
0.985631 1.15663 1.22175 
1.06879 1.31284 1.45581 
0.890464 1.17729 1.40478 
0.59085 0.864306 1.13452 
0.345291 0.553104 0.798713 
0.239417 0.360972 0.53004 
0.24063 0.292919 0.376134 
0.261804 0.281778 0.308153 
0.241996 0.260095 0.268874 
0.176723 0.200744 0.213942 
0.0949913 0.114399 0.130515 
0.0280701 0.0333385 0.0432628 
0.000551164 0.00119288 0.00921003 
0.0306458 0.0570596 0.0876687 
0.11791 0.204653 0.289437 
0.229451 0.391229 0.546242 
0.31337 0.530081 0.740429 
0.337408 0.558503 0.780724 
0.313156 0.479506 0.660853 
0.277941 0.349007 0.453268 
0.25572 0.226613 0.252206 
0.241648 0.140558 0.119545 
0.224909 0.0936962 0.07033 
0.2203 0.0923393 0.093318 
0.270361 0.16089 0.177273 
0.409663 0.322354 0.316375 
0.619193 0.5578 0.489353 
0.813516 0.783828 0.636595 
0.884376 0.884348 0.674379 
0.777578 0.789496 0.556297 
0.539283 0.538755 0.332434 
0.282824 0.261871 0.136107 
0.103408 0.0868175 0.0929102 
0.0324697 0.0682666 0.23925 
0.0901041 0.217177 0.542077 
0.377735 0.595446 1.0011 
1.07934 1.3446 1.70673 
2.30986 2.56617 2.75555 
3.9134 4.13151 4.07573 
5.40688 5.60705 5.33284 
6.17748 6.41467 6.04105 
5.8364 6.15525 5.8346 
4.48335 4.8735 4.71132 
2.67651 3.06418 3.06736 
1.11037 1.39939 1.48838 
0.221712 0.358686 0.434252 
0.0010872 0.0149691 0.0280405 
0.128345 0.110849 0.0807645 
0.296157 0.33629 0.306977 
0.445269 0.56874 0.545267 
0.732239 0.889293 0.811368 
1.29623 1.39817 1.1711 
2.05927 2.0276 1.58208 
2.73698 2.53151 1.86655 
3.02907 2.65101 1.83764 
2.81095 2.29798 1.45371 
2.18327 1.60763 0.863274 
1.38367 0.846474 0.316873 
0.662385 0.27302 0.0325254 
0.201697 0.0439747 0.107833 
0.084351 0.185184 0.503672 
0.283868 0.601842 1.07345 
0.673156 1.11391 1.61599 
1.06932 1.52111 1.94732 
1.3119 1.68479 1.97429 
1.333 1.58346 1.72949 
1.17095 1.30218 1.33808 
0.920307 0.96391 0.937599 
0.662887 0.658087 0.612125 
0.437114 0.420154 0.387321 
0.259895 0.263095 0.273253 
0.157704 0.20954 0.296112 
0.154822 0.276362 0.475389 
0.225267 0.425874 0.768134 
0.278627 0.553395 1.05082 
0.231795 0.557093 1.1832 
0.115282 0.440243 1.11201 
0.0875464 0.331845 0.914232 
0.297669 0.373079 0.725016 
0.706268 0.563595 0.613177 
1.06005 0.732683 0.530897 
1.08789 0.691672 0.393147 
0.752986 0.431081 0.20317 
0.311692 0.16144 0.0878855 
0.107084 0.14514 0.202062 
0.285599 0.473827 0.593765 
0.692317 0.990607 1.1499 
1.01648 1.40679 1.65127 
1.03447 1.49555 1.88098 
0.74999 1.21809 1.7257 
0.356581 0.72585 1.23815 
0.0855603 0.263059 0.629302 
0.0523801 0.0258459 0.164713 
0.194734 0.0529025 0.0086699 
0.339865 0.223709 0.134398 
0.351369 0.372302 0.380093 
0.233628 0.417849 0.589096 
0.102971 0.393021 0.694921 
0.065712 0.36376 0.697589 
0.133691 0.348928 0.608753 
0.248897 0.323459 0.446997 
0.361343 0.271571 0.260984 
0.469774 0.211452 0.114618 
0.607047 0.176856 0.0397402 
0.80243 0.19245 0.0189841 
1.03288 0.253494 0.0153024 
1.1802 0.306528 0.00797585 
1.07453 0.281488 0.0271452 
0.683247 0.225065 0.215195 
0.31291 0.432147 0.860491 
0.541493 1.34202 2.25324 
1.78151 3.13361 4.34163 
3.80277 5.34378 6.47868 
5.7205 6.9738 7.64311 
6.57039 7.1436 7.12352 
5.99613 5.7622 5.11528 
4.43541 3.58829 2.63938 
2.68952 1.62936 0.806408 
1.34478 0.460763 0.0876025 
0.550492 0.0457454 0.209851 
0.189943 0.055869 0.626864 
0.110329 0.232462 0.9988 
0.182898 0.461992 1.27151 
0.27721 0.669455 1.47864 
0.299819 0.783724 1.61789 
0.25652 0.801557 1.70037 
0.212049 0.790552 1.79184 
0.183238 0.791983 1.93403 
0.128807 0.770642 2.06629 
0.0590316 0.692075 2.07596 
0.0885096 0.600526 1.90455 
0.324468 0.569429 1.56905 
0.739298 0.612039 1.12209 
1.22353 0.71932 0.677203 
1.75307 0.981823 0.474023 
2.41102 1.56865 0.799383 
3.18856 2.49753 1.72121 
3.81698 3.44889 2.88876 
3.89412 3.90101 3.67793 
3.22555 3.5187 3.6184 
2.03702 2.43384 2.72992 
0.846612 1.16223 1.48297 
0.127573 0.2577 0.46051 
0.0535113 0.00549242 0.0242888 
0.47909 0.345838 0.198592 
1.08781 0.991332 0.757586 
1.55861 1.59677 1.38304 
1.67588 1.8915 1.79648 
1.39671 1.76913 1.85085 
0.890931 1.34205 1.58883 
0.505674 0.918036 1.23597 
0.594006 0.844505 1.08081 
1.26065 1.266 1.2718 
2.22178 1.97537 1.67907 
2.94972 2.52509 1.97076 
3.03225 2.54784 1.8726 
2.45188 2.01882 1.38597 
1.54998 1.23486 0.76565 
0.738897 0.558175 0.297866 
0.239275 0.178038 0.102859 
0.0370485 0.0719169 0.119652 
0.0128563 0.123164 0.224728 
0.0725119 0.238268 0.336943 
0.181507 0.378202 0.436047 
0.332653 0.533004 0.530908 
0.513901 0.696967 0.633519 
0.702783 0.862483 0.75219 
0.874846 1.0211 0.890599 
1.0095 1.16228 1.04436 
1.0898 1.2703 1.19624 
1.1026 1.32442 1.31525 
1.04513 1.30793 1.36706 
0.935167 1.22347 1.33515 
0.812457 1.10067 1.23628 
0.722861 0.982885 1.11185 
0.691125 0.898617 0.998976 
0.700076 0.840024 0.906983 
0.694858 0.768638 0.819758 
0.618242 0.648349 0.720056 
0.45751 0.482201 0.613144 
0.262073 0.318953 0.527195 
0.106839 0.215386 0.486153 
0.0308966 0.185291 0.478937 
0.0148764 0.189432 0.461088 
0.0200685 0.182049 0.396642 
0.0386311 0.16309 0.299948 
0.0929462 0.17505 0.228822 
0.190665 0.248696 0.231543 
0.297767 0.361793 0.301978 
0.363031 0.454866 0.386249 
0.361099 0.481029 0.428632 
0.306868 0.438265 0.41207 
0.235902 0.362629 0.364783 
0.177729 0.297865 0.334968 
0.141551 0.265604 0.352368 
0.117153 0.253695 0.402246 
0.0887568 0.230981 0.43386 
0.0528447 0.178059 0.400646 
0.0222259 0.10555 0.298071 
0.0100326 0.0421058 0.165951 
0.0130768 0.00784388 0.0577887 
0.0160847 0.00157088 0.00673 
0.0101422 0.00796657 0.00997348 
0.00236725 0.0108144 0.0351009 
0.0112673 0.00463807 0.0451644 
0.0599454 0.00438924 0.0304156 
0.170472 0.0429008 0.0187323 
0.352848 0.146962 0.0474072 
0.59435 0.310811 0.123597 
