0.211616 0.458317 0.473382 
0.138579 0.326936 0.317413 
0.078488 0.226597 0.209434 
0.0396952 0.166215 0.152533 
0.0385233 0.156402 0.147791 
0.0946867 0.207858 0.196573 
0.216793 0.320484 0.293678 
0.385556 0.469255 0.415456 
0.548698 0.600254 0.515279 
0.638248 0.647904 0.537842 
0.607059 0.570792 0.45093 
0.464816 0.38646 0.276496 
0.287693 0.179159 0.096281 
0.188026 0.0673469 0.0197632 
0.256 0.144194 0.128223 
0.50727 0.426371 0.429525 
0.871346 0.845817 0.855949 
1.23153 1.29289 1.30998 
1.49298 1.68404 1.72851 
1.63504 2.0082 2.12001 
1.71335 2.3194 2.54615 
1.81079 2.67979 3.05823 
1.97136 3.09311 3.63242 
2.16206 3.47617 4.15126 
2.28843 3.69039 4.44841 
2.25215 3.61507 4.39146 
2.01219 3.21621 3.95235 
1.61072 2.56904 3.22383 
1.15058 1.82335 2.37548 
0.742147 1.13577 1.57912 
0.453883 0.609614 0.947025 
0.29305 0.271957 0.512257 
0.220859 0.0911985 0.250368 
0.185581 0.0148409 0.118703 
0.151283 0.00127763 0.0853591 
0.108533 0.0303789 0.134064 
0.0677175 0.0948574 0.250462 
0.0448212 0.185435 0.406396 
0.0497454 0.282567 0.556505 
0.0815239 0.359351 0.650352 
0.129328 0.39173 0.65228 
0.176386 0.368581 0.557013 
0.205135 0.296225 0.392643 
0.20315 0.19625 0.210212 
0.16885 0.098816 0.0656013 
0.114577 0.034509 0.00184337 
0.064548 0.0271285 0.038109 
0.0473143 0.0887043 0.16764 
0.0855947 0.217373 0.363075 
0.188122 0.398222 0.585573 
0.347026 0.606604 0.79416 
0.541091 0.812873 0.953142 
0.742285 0.987403 1.03718 
0.922254 1.10523 1.03465 
1.05693 1.15017 0.949621 
1.12939 1.11808 0.80192 
1.13173 1.01833 0.623628 
1.06604 0.871708 0.451055 
0.943513 0.704389 0.31346 
0.781296 0.539513 0.222831 
0.598432 0.390688 0.170412 
0.413511 0.261619 0.133617 
0.245743 0.152894 0.0915487 
0.118055 0.0718602 0.0413803 
0.0578713 0.0381688 0.00559858 
0.0914816 0.0790352 0.0238539 
0.23194 0.214445 0.131734 
0.466084 0.439802 0.337144 
0.749168 0.71683 0.607686 
1.01307 0.980145 0.877292 
1.18702 1.15848 1.07005 
1.22254 1.20121 1.12988 
1.11108 1.09753 1.04191 
0.886471 0.879738 0.836153 
0.611428 0.609758 0.573511 
0.354853 0.356309 0.322128 
0.170131 0.172976 0.135136 
0.0827548 0.0855523 0.03802 
0.0903005 0.0914364 0.0279931 
0.171934 0.168291 0.0823554 
0.300976 0.286034 0.170196 
0.454095 0.416487 0.262372 
0.613814 0.537755 0.337167 
0.765475 0.633959 0.381752 
0.893003 0.69326 0.391204 
0.978055 0.707237 0.366924 
1.0043 0.67268 0.31532 
0.964529 0.594334 0.246506 
0.865852 0.485891 0.172457 
0.72906 0.367424 0.104652 
0.581851 0.259887 0.0521204 
0.449361 0.179259 0.0208693 
0.346836 0.133085 0.0147309 
0.277494 0.120418 0.0363357 
0.235343 0.134087 0.0866221 
0.210274 0.163475 0.162526 
0.192607 0.196743 0.254486 
0.175725 0.222764 0.346389 
0.156897 0.23334 0.419455 
0.13683 0.225424 0.458818 
0.118186 0.20202 0.45934 
0.103337 0.170662 0.427249 
0.0922955 0.139861 0.376679 
0.0822854 0.115558 0.323252 
0.0697107 0.0996761 0.27832 
0.0534294 0.0912689 0.246403 
0.0367583 0.0887054 0.225978 
0.0261119 0.0908004 0.21197 
0.0267276 0.0961812 0.198285 
0.0385872 0.102205 0.179821 
0.0559989 0.105366 0.154216 
0.0716434 0.103638 0.123222 
0.082161 0.0988741 0.0927144 
0.0906964 0.0965934 0.0703352 
0.103914 0.102245 0.0612229 
0.125417 0.116195 0.0642269 
0.150734 0.131443 0.0715503 
0.168251 0.136654 0.0729234 
0.166091 0.123205 0.0621738 
0.140223 0.0915455 0.041876 
0.0978921 0.0521527 0.0225692 
0.0537188 0.0199362 0.0165731 
0.0211772 0.00562996 0.0302634 
0.00547135 0.00997481 0.059929 
0.00263867 0.0245651 0.0940018 
0.00499154 0.0385385 0.120127 
0.0084204 0.046271 0.132331 
0.0160028 0.0507702 0.133675 
0.0354097 0.0607292 0.13304 
0.07228 0.0836728 0.138651 
0.124522 0.12008 0.152803 
0.181535 0.162265 0.170954 
0.228668 0.19827 0.185098 
0.253745 0.217795 0.188647 
0.251615 0.216408 0.179582 
0.224695 0.196098 0.160446 
0.180383 0.162914 0.136065 
0.127862 0.123927 0.111031 
0.0762245 0.0853545 0.0884574 
0.0339312 0.0520787 0.0700551 
0.00833415 0.0276653 0.0566573 
0.00419147 0.0139993 0.0484083 
0.0215382 0.0106003 0.044611 
0.0544551 0.014423 0.0437613 
0.0921631 0.0207965 0.0441037 
0.122513 0.0252918 0.0444325 
0.136375 0.0255239 0.0445021 
0.130802 0.0218559 0.0446826 
0.109478 0.0166685 0.0451291 
0.0804277 0.0127238 0.0451552 
0.0522959 0.0116135 0.0433654 
0.0310383 0.0131216 0.0385435 
0.0184626 0.0157374 0.0307614 
0.0129355 0.0178875 0.0219767 
0.0114153 0.0190396 0.0156086 
0.0113909 0.0199192 0.0150965 
0.0116942 0.0217058 0.0220664 
0.0122506 0.0249252 0.0351693 
0.0137789 0.0291669 0.0505362 
0.0183419 0.034195 0.0639112 
0.030409 0.0416748 0.0732444 
0.0567911 0.0556781 0.0798211 
0.103919 0.0805744 0.0867279 
0.172924 0.116967 0.0954681 
0.255488 0.158532 0.103359 
0.334103 0.192866 0.104252 
0.388047 0.206949 0.0926993 
0.40229 0.194213 0.0687053 
0.374008 0.158408 0.039158 
0.312673 0.111411 0.0143082 
0.234225 0.0665548 0.00159737 
0.153944 0.0324098 0.00150203 
0.0829562 0.0113817 0.00863633 
0.0295548 0.00325857 0.0171047 
0.00203679 0.00965128 0.0255818 
0.00858234 0.0347 0.0378664 
0.0528623 0.0809986 0.0585296 
0.128668 0.14423 0.0874258 
0.218647 0.211491 0.117726 
0.299499 0.265475 0.139128 
0.351055 0.292031 0.14374 
0.363745 0.286173 0.13029 
0.340381 0.253064 0.104073 
0.292313 0.204274 0.0734511 
0.233445 0.152466 0.0458175 
0.175737 0.107566 0.0254257 
0.127503 0.0753907 0.0133985 
0.0935305 0.0579075 0.00876823 
0.0755969 0.0539806 0.0094483 
0.072934 0.0602952 0.0129121 
0.0829601 0.0725874 0.0168239 
0.102371 0.087003 0.0196215 
0.128042 0.100975 0.0207416 
0.157191 0.113257 0.0204029 
0.187021 0.123464 0.0193284 
0.214574 0.13181 0.0188211 
0.237224 0.139237 0.0210423 
0.253398 0.147427 0.0288555 
0.262814 0.158168 0.044848 
0.266045 0.172245 0.0699237 
0.263884 0.18859 0.102346 
0.256958 0.204273 0.137801 
0.245511 0.215201 0.170387 
0.229116 0.217079 0.194076 
0.20656 0.206495 0.204285 
0.176591 0.1822 0.199202 
0.139595 0.14628 0.180245 
0.0990828 0.104374 0.151274 
0.0615188 0.0643803 0.117029 
0.0342692 0.034195 0.0821706 
0.0229411 0.0195563 0.051498 
0.029422 0.0222865 0.0298948 
0.0506463 0.0384597 0.0199762 
0.0778887 0.0574283 0.0185949 
0.0982467 0.0653505 0.0178034 
0.100981 0.0560813 0.0149228 
0.0873264 0.0446147 0.0266691 
0.0748411 0.0688672 0.0912568 
0.0859 0.167213 0.244826 
0.122927 0.339004 0.480712 
0.153495 0.520692 0.726188 
0.133004 0.61272 0.871413 
0.0628852 0.554999 0.845544 
0.033648 0.394217 0.682677 
0.185366 0.26949 0.50982 
0.575795 0.30161 0.448777 
1.05376 0.471194 0.511269 
1.29269 0.614575 0.59144 
1.04891 0.578617 0.573666 
0.491933 0.404879 0.446019 
0.2874 0.328498 0.289173 
1.20689 0.520325 0.167511 
3.42276 0.804252 0.141511 
6.04734 0.74462 0.566558 
7.48128 0.232234 2.42377 
6.56291 0.0817508 6.97268 
3.70159 1.75199 14.2075 
0.867709 5.78432 20.8781 
0.0390275 9.99485 20.673 
1.18556 9.88893 9.93039 
1.94975 3.60598 0.164893 
0.579022 0.99817 33.5407 
1.19371 32.139 191.595 
17.5944 147.562 585.468 
70.9635 404.082 1321.33 
179.593 837.117 2447.34 
344.286 1430.09 3902.69 
537.926 2097.74 5496.11 
707.931 2697.64 6934.35 
794.429 3072.1 7900.29 
757.592 3106.18 8155.43 
