2.24802 2.40694 2.46673 
1.76739 2.00408 2.1688 
1.26892 1.50957 1.68681 
0.854559 1.02086 1.12682 
0.567501 0.625587 0.628619 
0.423033 0.394651 0.318739 
0.421947 0.362293 0.258659 
0.547179 0.509097 0.417918 
0.770135 0.770218 0.690686 
1.06084 1.05881 0.940324 
1.37494 1.28013 1.04467 
1.6291 1.34278 0.937045 
1.71529 1.19387 0.645282 
1.5675 0.866494 0.299653 
1.22119 0.482158 0.0692722 
0.798325 0.180717 0.0490746 
0.428343 0.0325244 0.193142 
0.179361 0.0130125 0.3636 
0.0514321 0.0522147 0.447763 
0.0165927 0.0992286 0.430331 
0.0580939 0.147859 0.371655 
0.177777 0.222559 0.344114 
0.371058 0.348182 0.390844 
0.596302 0.520858 0.513164 
0.781086 0.701052 0.671263 
0.880821 0.8483 0.809037 
0.934217 0.970605 0.9036 
1.02959 1.11577 0.984252 
1.18438 1.28278 1.07262 
1.27063 1.35294 1.10303 
1.11145 1.16573 0.949567 
0.688157 0.710806 0.581102 
0.24 0.237339 0.187152 
0.117073 0.122601 0.10066 
0.497638 0.580286 0.542613 
1.22668 1.46529 1.41215 
1.91855 2.35196 2.32009 
2.22758 2.81926 2.845 
2.06557 2.71295 2.80358 
1.61652 2.19843 2.33157 
1.16736 1.59415 1.73549 
0.899102 1.1349 1.25335 
0.794579 0.849209 0.921497 
0.716075 0.62663 0.640115 
0.56357 0.383124 0.344557 
0.363736 0.153774 0.0955712 
0.223634 0.0355921 0.00212542 
0.221829 0.0682496 0.0813068 
0.350259 0.191201 0.222883 
0.535106 0.305225 0.291812 
0.681924 0.347514 0.242936 
0.706868 0.306002 0.130234 
0.570635 0.198078 0.0340405 
0.319747 0.0690168 0.00941466 
0.085754 0.000191715 0.0936985 
0.00666486 0.0769357 0.319411 
0.124732 0.320691 0.688128 
0.358653 0.655612 1.13707 
0.574693 0.953525 1.55271 
0.679791 1.1155 1.82873 
0.654873 1.11569 1.91468 
0.528107 0.984786 1.81837 
0.343052 0.771095 1.57642 
0.152879 0.520919 1.23135 
0.0250185 0.284562 0.834971 
0.0314846 0.126397 0.464377 
0.219872 0.114411 0.217639 
0.57691 0.281803 0.170531 
1.00804 0.585436 0.320308 
1.36263 0.908179 0.575201 
1.51092 1.12547 0.81755 
1.4252 1.18939 0.990392 
1.19411 1.15198 1.12226 
0.952307 1.10517 1.26781 
0.788948 1.09989 1.43302 
0.710859 1.11815 1.56058 
0.668817 1.10216 1.57193 
0.60083 0.99359 1.41037 
0.464392 0.761823 1.06519 
0.265834 0.436389 0.60152 
0.0782007 0.130747 0.184554 
0.00607038 0.000152667 0.0281938 
0.0938867 0.122133 0.245429 
0.262363 0.401613 0.717158 
0.364734 0.625625 1.14149 
0.331147 0.649169 1.26655 
0.252392 0.533936 1.10064 
0.303633 0.491489 0.891377 
0.582851 0.687474 0.897269 
1.02942 1.10627 1.18261 
1.49009 1.59268 1.61541 
1.84344 1.99311 2.01935 
2.06516 2.24598 2.29855 
2.21288 2.37163 2.44199 
2.37915 2.42294 2.46721 
2.63421 2.4486 2.38978 
2.95457 2.46028 2.22251 
3.18375 2.40405 1.96991 
3.10751 2.1862 1.62804 
2.62978 1.77015 1.21893 
1.88846 1.25219 0.824801 
1.16672 0.806091 0.550588 
0.669436 0.533293 0.429383 
0.396684 0.390096 0.390268 
0.234823 0.282879 0.354873 
0.124644 0.204885 0.35139 
0.0923254 0.226818 0.479662 
0.136109 0.351884 0.743329 
0.164714 0.445969 0.964336 
0.103001 0.371286 0.926898 
0.0301021 0.17904 0.617432 
0.14484 0.113923 0.286471 
0.564308 0.39459 0.245714 
1.17331 0.993658 0.600418 
1.68557 1.63381 1.16672 
1.84558 1.98262 1.61546 
1.58588 1.86289 1.69098 
1.04701 1.34053 1.35218 
0.492416 0.675106 0.782341 
0.173045 0.17258 0.275418 
0.18629 0.00287294 0.0475991 
0.412701 0.0956401 0.094559 
0.613062 0.221061 0.226699 
0.633887 0.208444 0.266099 
0.526401 0.0905332 0.205425 
0.450277 0.0207345 0.158879 
0.475838 0.0699642 0.183395 
0.518241 0.15186 0.206027 
0.467051 0.154414 0.14325 
0.33118 0.0908803 0.0361575 
0.219485 0.073252 0.0090568 
0.20559 0.159258 0.1072 
0.263987 0.284356 0.234755 
0.341297 0.356583 0.272458 
0.436649 0.368722 0.212492 
0.572507 0.377353 0.139521 
0.708904 0.396143 0.105414 
0.737547 0.36371 0.078275 
0.583101 0.232867 0.0257949 
0.300072 0.063731 0.00707258 
0.0600141 0.00414218 0.145966 
0.0393887 0.177346 0.516272 
0.296242 0.583022 1.06326 
0.715283 1.08197 1.62461 
1.06075 1.46496 2.01511 
1.12709 1.57178 2.11804 
0.900358 1.40038 1.94683 
0.590133 1.11983 1.64107 
0.468156 0.944599 1.37329 
0.634537 0.955918 1.21865 
0.930894 1.03709 1.10545 
1.08861 0.995083 0.90707 
0.96373 0.749101 0.58801 
0.633421 0.398285 0.252183 
0.291046 0.117778 0.0484107 
0.0777812 0.00860661 0.0402384 
0.00983079 0.0450972 0.167791 
0.0235657 0.13473 0.315207 
0.0524996 0.201484 0.3983 
0.0666991 0.221727 0.400252 
0.0730519 0.214197 0.354563 
0.0990479 0.215251 0.310521 
0.169277 0.254858 0.304919 
0.282431 0.338316 0.34754 
0.405932 0.44246 0.422718 
0.494188 0.528683 0.501256 
0.513197 0.560712 0.550336 
0.453262 0.516782 0.53902 
0.330796 0.398914 0.449831 
0.1864 0.240437 0.297205 
0.0756878 0.100688 0.133515 
0.0493165 0.0413188 0.0287764 
0.133019 0.0992914 0.0378014 
0.319004 0.273206 0.176732 
0.563672 0.519408 0.411288 
0.787058 0.751814 0.653285 
0.891704 0.863098 0.783778 
0.815754 0.783515 0.719356 
0.587248 0.542576 0.483918 
0.317344 0.26408 0.208717 
0.12119 0.078069 0.0377733 
0.0379633 0.0270059 0.0200627 
0.0269031 0.0567044 0.0924511 
0.0300622 0.0893282 0.159542 
0.0241986 0.0914306 0.176694 
0.0159797 0.0753928 0.159198 
0.0114722 0.0605439 0.13704 
0.00872881 0.0531452 0.122824 
0.0137924 0.0577776 0.117912 
0.046501 0.0877924 0.12757 
0.124337 0.155468 0.158968 
0.245325 0.257214 0.210441 
0.387416 0.372288 0.269556 
0.518234 0.472136 0.319728 
0.603456 0.529147 0.345825 
0.614027 0.523047 0.336993 
0.536957 0.448224 0.290013 
0.386866 0.320043 0.212478 
0.20903 0.174521 0.122877 
0.0653642 0.0574643 0.0464136 
0.00264969 0.00303084 0.0051707 
0.0203042 0.0116125 0.00437383 
0.069672 0.0483645 0.0268405 
0.0972234 0.0731388 0.0474266 
0.0935271 0.0761879 0.0559553 
0.0913797 0.0775908 0.0600438 
0.113112 0.0896921 0.0636589 
0.135769 0.0946005 0.0555367 
0.122202 0.071038 0.0298081 
0.0734764 0.0308071 0.00661084 
0.0269179 0.00642466 0.0111891 
0.0070128 0.00720623 0.0357127 
0.00770697 0.0161041 0.0484305 
0.0287159 0.0356702 0.0480427 
0.0936069 0.102266 0.0787802 
0.205496 0.227828 0.167119 
0.309369 0.351296 0.265325 
0.336013 0.38684 0.293557 
0.277065 0.315819 0.231332 
0.186425 0.199427 0.133887 
0.113329 0.104066 0.0611474 
0.0645954 0.0478378 0.0272905 
0.0276689 0.0190837 0.0215165 
0.00271315 0.0116085 0.0368724 
0.0233024 0.0396841 0.0694976 
0.158106 0.14036 0.123666 
0.419835 0.32398 0.209175 
0.619437 0.476239 0.287458 
0.478066 0.408744 0.264188 
0.104507 0.151048 0.133435 
0.146226 0.0402505 0.0419537 
0.909907 0.191112 0.0293386 
1.44309 0.149406 0.00958956 
0.677964 0.0744075 0.796673 
0.0832024 2.38876 5.00134 
3.25319 10.0431 14.7672 
10.1384 20.6918 26.6076 
13.1697 24.5287 30.583 
5.99459 14.4122 20.1999 
0.413773 0.946721 4.37132 
26.6614 8.57153 0.848318 
99.946 42.9101 9.36809 
180.463 65.1797 5.81122 
187.326 32.0759 8.24115 
89.2497 3.68593 193.624 
0.186027 218.716 938.016 
159.249 1005.55 2645.63 
756.756 2521.14 5397.08 
1728.86 4503.32 8668.55 
2716 6283 11416.7 
3261.64 7122.9 12578.3 
