0.259516 0.556091 1.19735 
0.392226 0.465153 0.881235 
0.797973 0.600801 0.667428 
1.38762 0.916277 0.578557 
1.9128 1.22335 0.542752 
2.10435 1.31429 0.465273 
1.83963 1.09925 0.307035 
1.23161 0.670575 0.117929 
0.580186 0.253587 0.00466677 
0.210203 0.0733038 0.0551336 
0.289352 0.218289 0.269427 
0.733816 0.585345 0.545333 
1.25979 0.941376 0.733247 
1.5528 1.06782 0.730956 
1.45414 0.900181 0.559189 
1.0512 0.574456 0.36526 
0.617406 0.348259 0.344354 
0.442509 0.444071 0.622209 
0.66237 0.913289 1.17238 
1.19166 1.60556 1.8224 
1.79066 2.25754 2.34556 
2.21115 2.63856 2.57879 
2.32587 2.66149 2.49347 
2.17171 2.40088 2.18381 
1.89988 2.02563 1.79487 
1.67896 1.70133 1.44596 
1.61051 1.51959 1.19341 
1.69442 1.47995 1.03768 
1.84838 1.51475 0.94947 
1.96191 1.53253 0.889083 
1.95639 1.46009 0.814502 
1.8249 1.27283 0.690342 
1.63529 1.00675 0.505661 
1.4952 0.746598 0.29144 
1.49594 0.590395 0.118734 
1.66268 0.602595 0.0681111 
1.93572 0.777482 0.182691 
2.19092 1.03273 0.432581 
2.28953 1.23998 0.715984 
2.13734 1.28221 0.903116 
1.73127 1.11395 0.904074 
1.17402 0.793783 0.723616 
0.642081 0.464922 0.466246 
0.310119 0.283451 0.280029 
0.262136 0.328231 0.26782 
0.441216 0.548681 0.422972 
0.677578 0.791259 0.635868 
0.787168 0.893998 0.768564 
0.681441 0.787432 0.74388 
0.416704 0.532984 0.585646 
0.152231 0.27554 0.38736 
0.0491477 0.148682 0.241508 
0.178271 0.199555 0.18512 
0.49058 0.377139 0.194346 
0.856532 0.578195 0.2186 
1.1387 0.710264 0.220149 
1.25208 0.731733 0.191984 
1.18568 0.6546 0.150487 
0.987102 0.521514 0.117059 
0.729316 0.378377 0.104246 
0.480097 0.257509 0.112703 
0.285452 0.174518 0.136157 
0.167784 0.13381 0.168197 
0.133572 0.136196 0.20658 
0.183981 0.1845 0.254035 
0.322468 0.285542 0.316555 
0.554609 0.447442 0.400177 
0.877839 0.671506 0.5065 
1.26468 0.9405 0.627496 
1.65053 1.2099 0.741923 
1.94008 1.41162 0.817315 
2.03825 1.47542 0.820205 
1.8945 1.36146 0.732116 
1.5347 1.08622 0.563143 
1.05775 0.723395 0.353683 
0.594305 0.3755 0.160772 
0.250887 0.130425 0.0350742 
0.0723981 0.0282609 0.00107595 
0.0435611 0.0566529 0.0514718 
0.122167 0.173651 0.157629 
0.275347 0.338449 0.287444 
0.490206 0.526772 0.417693 
0.753433 0.72253 0.534033 
1.02322 0.899322 0.623654 
1.22574 1.01492 0.672049 
1.28709 1.02879 0.669374 
1.17764 0.928699 0.619546 
0.932238 0.742005 0.540776 
0.630191 0.521096 0.455286 
0.353082 0.316179 0.377529 
0.152996 0.156974 0.310589 
0.0482577 0.0530498 0.251041 
0.0392001 0.0061336 0.196307 
0.124894 0.0215956 0.150543 
0.305849 0.109054 0.126499 
0.5687 0.267945 0.13785 
0.864009 0.465764 0.180901 
1.10357 0.633078 0.222432 
1.20024 0.699251 0.219894 
1.13628 0.657136 0.173179 
1.00054 0.59797 0.159356 
0.938466 0.659708 0.293551 
1.03368 0.907267 0.623861 
1.22068 1.24661 1.05055 
1.32101 1.46751 1.36199 
1.1864 1.39746 1.37828 
0.825533 1.03832 1.08503 
0.401181 0.565967 0.641218 
0.104542 0.198249 0.259689 
0.0226692 0.0509398 0.0691188 
0.106161 0.0947965 0.0648763 
0.240981 0.221625 0.160755 
0.341758 0.337849 0.270714 
0.389534 0.408054 0.35186 
0.406043 0.438783 0.398676 
0.410205 0.444155 0.420908 
0.399833 0.43069 0.432004 
0.364775 0.404419 0.448289 
0.30903 0.380799 0.486535 
0.257357 0.381206 0.55455 
0.239166 0.416358 0.640504 
0.262751 0.470769 0.710911 
0.302722 0.504435 0.723478 
0.314673 0.476113 0.65121 
0.268585 0.373809 0.502875 
0.174625 0.228285 0.322674 
0.079414 0.0965289 0.165847 
0.0351512 0.0265533 0.067364 
0.065951 0.030136 0.0274214 
0.156191 0.0819832 0.0220978 
0.266295 0.14164 0.0257604 
0.360695 0.179184 0.0255324 
0.426503 0.187875 0.0206847 
0.471157 0.179584 0.0146888 
0.503906 0.169988 0.0099645 
0.518174 0.164821 0.00756473 
0.491607 0.156665 0.00834686 
0.406511 0.134696 0.0135497 
0.274456 0.0995981 0.0253813 
0.141194 0.0695705 0.0470951 
0.0619889 0.0689685 0.0802435 
0.0637638 0.106989 0.11959 
0.1251 0.165453 0.151243 
0.19202 0.208828 0.159092 
0.216934 0.209629 0.136532 
0.188769 0.167753 0.0932255 
0.132236 0.107919 0.0496529 
0.0823702 0.0595876 0.0234652 
0.0591296 0.0378555 0.0192394 
0.0606668 0.0393952 0.0292225 
0.0738175 0.0519478 0.0421545 
0.0875806 0.0658078 0.0515239 
0.0986142 0.0783863 0.0577373 
0.108276 0.0914198 0.0649001 
0.116956 0.105508 0.0757981 
0.120992 0.11665 0.0882504 
0.11432 0.117358 0.0951465 
0.0935989 0.102023 0.0889969 
0.0625152 0.0725422 0.0682816 
0.0308291 0.0387796 0.0400199 
0.00843147 0.0126125 0.0154886 
8.26572e-05 0.000771152 0.00265048 
0.00562149 0.00279027 0.00204719 
0.023499 0.0142679 0.0087232 
0.0517393 0.0303255 0.0168459 
0.0855037 0.0465835 0.0233174 
0.117087 0.0604642 0.0301283 
0.141686 0.0746941 0.0453848 
0.162821 0.0983075 0.079819 
0.188662 0.139537 0.137144 
0.220633 0.194403 0.204918 
0.246701 0.243239 0.256928 
0.248582 0.261858 0.269046 
0.217367 0.239004 0.235958 
0.162824 0.184688 0.173812 
0.108042 0.123161 0.107863 
0.0747418 0.0781602 0.0579653 
0.0711325 0.0619211 0.0329675 
0.0899683 0.0727755 0.0328251 
0.116371 0.0995021 0.0514118 
0.139166 0.129001 0.0782778 
0.15759 0.153567 0.102442 
0.178267 0.173167 0.117719 
0.205307 0.1908 0.124306 
0.233391 0.20583 0.12483 
0.251135 0.212947 0.120296 
0.250742 0.207687 0.110928 
0.232938 0.190846 0.0988678 
0.202644 0.16583 0.0866673 
0.162807 0.133389 0.0728621 
0.115389 0.0925886 0.0526277 
0.0675732 0.0482064 0.0259544 
0.0327807 0.0141582 0.00408005 
0.0219546 0.0053883 0.00373518 
0.0334405 0.0245378 0.0320352 
0.0529786 0.0574761 0.0770576 
0.0646519 0.0832789 0.114785 
0.0621016 0.0892838 0.126545 
0.0500952 0.0775349 0.111071 
0.0374158 0.0590272 0.0822046 
0.0297719 0.0439916 0.0576127 
0.0283071 0.0371809 0.0494771 
0.0313604 0.0385894 0.0613896 
0.0351491 0.0446097 0.0880857 
0.034204 0.048311 0.11595 
0.0251517 0.0424936 0.127521 
0.0119523 0.026122 0.111554 
0.00517327 0.00776723 0.0721182 
0.0134354 0.00100215 0.0282456 
0.0365803 0.016565 0.00449226 
0.0696754 0.0597679 0.0207242 
0.111813 0.132088 0.0856067 
0.165175 0.228123 0.191132 
0.223516 0.328076 0.309064 
0.267296 0.399454 0.398385 
0.277128 0.415589 0.42702 
0.253193 0.376491 0.392957 
0.218097 0.309479 0.324481 
0.196101 0.24547 0.256884 
0.184055 0.190655 0.203741 
0.145048 0.123127 0.147379 
0.0573775 0.0362863 0.0676777 
0.00483506 0.0105478 0.00286692 
0.193402 0.221448 0.0789768 
0.759122 0.782159 0.417801 
1.46349 1.49748 0.947755 
1.69815 1.85381 1.34111 
1.09427 1.46925 1.275 
0.242643 0.630534 0.807949 
0.439962 0.133769 0.352507 
2.2001 0.324467 0.180037 
4.11355 0.561508 0.275513 
4.03607 0.325571 1.18704 
1.93478 0.90209 4.74334 
0.630885 4.59975 12.4251 
2.15967 10.7794 21.7116 
3.8796 13.6461 25.2793 
2.02606 8.0934 17.5961 
3.10345 0.974857 4.42754 
29.922 13.228 1.6922 
106.602 60.7351 16.8488 
226.468 125.471 30.7584 
333.57 152.56 15.7438 
350.024 99.2416 3.68827 
243.233 11.3068 158.416 
78.9499 53.7852 763.319 
0.620206 435.098 2071.37 
131.733 1248.46 4078.88 
471.706 2344.51 6386.82 
874.705 3353.56 8295.43 
1138.09 3871.86 9123.85 
