2.29546 1.33145 0.658031 
2.22801 1.41344 0.803778 
1.92815 1.38311 0.93348 
1.52998 1.29678 1.0457 
1.22125 1.26304 1.18365 
1.15735 1.37884 1.39233 
1.38074 1.65612 1.65802 
1.78492 1.9878 1.88142 
2.15497 2.19138 1.92209 
2.28674 2.12349 1.69926 
2.12078 1.7919 1.27341 
1.78329 1.36579 0.826957 
1.48389 1.05731 0.543844 
1.35318 0.971657 0.49118 
1.36894 1.06134 0.61139 
1.42434 1.2112 0.815375 
1.43793 1.34139 1.05603 
1.38069 1.41618 1.29889 
1.22715 1.38564 1.45237 
0.942297 1.17973 1.38479 
0.54959 0.793043 1.04517 
0.182872 0.353424 0.555431 
0.0137634 0.0591743 0.149571 
0.0985023 0.0216382 0.00015697 
0.30915 0.172053 0.0965736 
0.438558 0.330162 0.281772 
0.379413 0.361251 0.392886 
0.198909 0.266973 0.369202 
0.0482947 0.141878 0.253782 
0.0169046 0.0665735 0.12525 
0.0758661 0.0491746 0.0374526 
0.140703 0.0505972 0.00473032 
0.161271 0.0405893 0.0174292 
0.146697 0.0206991 0.0581343 
0.125597 0.00576881 0.107744 
0.107774 0.000865355 0.148002 
0.0891096 0.00122389 0.166062 
0.0779043 0.00606284 0.157557 
0.102119 0.0243821 0.12503 
0.192623 0.0704049 0.0776485 
0.367152 0.161054 0.0377949 
0.625246 0.314657 0.0442589 
0.939523 0.535048 0.133091 
1.23993 0.782597 0.29894 
1.42002 0.967152 0.474419 
1.39078 0.994977 0.565059 
1.155 0.848015 0.526691 
0.832638 0.624303 0.418884 
0.595078 0.486544 0.375171 
0.546772 0.545059 0.50149 
0.648174 0.76695 0.782957 
0.747309 0.990231 1.07917 
0.699499 1.0382 1.21733 
0.481006 0.846826 1.11203 
0.205809 0.506325 0.81877 
0.0341401 0.188441 0.483567 
0.0511002 0.0239066 0.236326 
0.215974 0.0312338 0.118557 
0.417599 0.146077 0.0986965 
0.577752 0.309124 0.146195 
0.708322 0.524047 0.284727 
0.877939 0.834563 0.570805 
1.12702 1.24944 1.01836 
1.4099 1.68999 1.54138 
1.6116 2.01062 1.97139 
1.62224 2.07904 2.14327 
1.41086 1.85681 1.98898 
1.04704 1.42398 1.57437 
0.659078 0.933617 1.05761 
0.359721 0.528811 0.601068 
0.190146 0.27637 0.295565 
0.118789 0.157009 0.14081 
0.0906459 0.110699 0.0833628 
0.0815161 0.0950832 0.0732614 
0.10639 0.106834 0.0923419 
0.175564 0.152438 0.13795 
0.250418 0.207561 0.19038 
0.25932 0.218879 0.208324 
0.170666 0.155631 0.163792 
0.0461112 0.0549865 0.0779763 
0.0027178 0.00099687 0.0108287 
0.106703 0.0470418 0.00667627 
0.303191 0.160193 0.0518409 
0.45699 0.248592 0.0910647 
0.465808 0.244579 0.0842927 
0.336729 0.158946 0.0418904 
0.163312 0.059167 0.00586946 
0.0410074 0.00514884 0.00590196 
0.00166249 0.00633543 0.0365225 
0.0102137 0.0273383 0.0673344 
0.0128809 0.0270114 0.0687594 
0.00158945 0.00610782 0.0413233 
0.0491117 0.0357462 0.0403286 
0.268227 0.227997 0.165657 
0.69464 0.634657 0.486428 
1.18613 1.14268 0.93827 
1.46732 1.49041 1.30492 
1.33708 1.44867 1.35509 
0.871975 1.03384 1.04682 
0.413699 0.541047 0.602781 
0.3139 0.330189 0.353748 
0.653083 0.540936 0.473402 
1.1875 0.994 0.845994 
1.56108 1.35979 1.18339 
1.57729 1.4269 1.2717 
1.30174 1.23484 1.12401 
0.951477 0.989918 0.929529 
0.708967 0.875431 0.875621 
0.61415 0.919337 0.999354 
0.581845 0.996735 1.16646 
0.497813 0.940073 1.17515 
0.32246 0.678575 0.913933 
0.138805 0.316982 0.470691 
0.10138 0.0845669 0.101319 
0.303436 0.16499 0.0503761 
0.66563 0.53039 0.349268 
0.963458 0.934717 0.771619 
0.994981 1.09591 1.00533 
0.74427 0.914231 0.896542 
0.387843 0.532004 0.547585 
0.1449 0.195154 0.197565 
0.118927 0.0618734 0.0214579 
0.260334 0.123003 0.0306486 
0.441611 0.260759 0.122568 
0.548666 0.352828 0.187249 
0.527256 0.337646 0.173202 
0.39234 0.229539 0.0961301 
0.217126 0.102419 0.0191803 
0.0944229 0.0466964 0.0181214 
0.0771225 0.110439 0.135311 
0.143531 0.265637 0.348627 
0.22435 0.434076 0.586875 
0.266133 0.551969 0.78308 
0.270439 0.614472 0.918273 
0.283673 0.668338 1.02136 
0.365093 0.77309 1.13523 
0.561055 0.963968 1.28026 
0.880002 1.22655 1.43335 
1.26141 1.48431 1.52832 
1.56899 1.61684 1.48477 
1.64769 1.52323 1.26252 
1.42812 1.201 0.908805 
0.9964 0.773229 0.550817 
0.555762 0.42288 0.322147 
0.294208 0.273141 0.27428 
0.259799 0.309126 0.349553 
0.346341 0.410343 0.44695 
0.402268 0.47128 0.530674 
0.369163 0.506581 0.684388 
0.326935 0.641196 1.04846 
0.404117 0.983208 1.67686 
0.638958 1.49123 2.43635 
0.928475 1.96867 3.05531 
1.11646 2.20441 3.30258 
1.12814 2.13287 3.1461 
1.01443 1.86205 2.74778 
0.875083 1.55544 2.30968 
0.762885 1.30275 1.93314 
0.671475 1.10448 1.61908 
0.588886 0.944868 1.36227 
0.523067 0.832004 1.19206 
0.469747 0.759125 1.10977 
0.392647 0.670806 1.03319 
0.269765 0.513301 0.857559 
0.150275 0.316469 0.578747 
0.129347 0.187824 0.320721 
0.249046 0.202581 0.215434 
0.438959 0.313047 0.265106 
0.573915 0.38813 0.341309 
0.591388 0.343338 0.316224 
0.546808 0.222828 0.181013 
0.560125 0.158467 0.0413115 
0.718336 0.262322 0.0206432 
1.02229 0.555637 0.176506 
1.40136 0.973446 0.484747 
1.75607 1.40662 0.866143 
1.98586 1.73309 1.20998 
1.99947 1.83484 1.39092 
1.73716 1.63305 1.31088 
1.22142 1.15567 0.977944 
0.604744 0.5935 0.572561 
0.151505 0.267444 0.415433 
0.126693 0.477516 0.803766 
0.648677 1.31254 1.80244 
1.60863 2.56037 3.14973 
2.71113 3.79526 4.36913 
3.59903 4.58369 5.01716 
3.98599 4.67293 4.89522 
3.749 4.06732 4.10177 
2.96804 2.9887 2.93304 
1.90212 1.77089 1.72836 
0.896314 0.741748 0.752686 
0.253811 0.135796 0.157439 
0.139284 0.0618895 0.00727196 
0.551218 0.512903 0.320134 
1.34186 1.37452 1.06134 
2.25046 2.41606 2.08517 
2.95837 3.30863 3.09842 
3.19443 3.72719 3.7361 
2.86657 3.51263 3.74443 
2.12854 2.77772 3.14226 
1.30842 1.85398 2.21989 
0.729931 1.10196 1.36209 
0.547401 0.721316 0.829615 
0.700773 0.688495 0.656128 
0.999184 0.835923 0.704623 
1.25601 0.985331 0.801347 
1.38902 1.04128 0.837078 
1.44674 1.01428 0.792613 
1.56744 0.994536 0.71556 
1.89293 1.09888 0.684094 
2.46511 1.3971 0.762634 
3.152 1.83751 0.947917 
3.66483 2.22704 1.13759 
3.69594 2.31741 1.17248 
3.1192 1.97312 0.954284 
2.11378 1.30101 0.551551 
1.09109 0.612664 0.18054 
0.444702 0.215489 0.0436618 
0.299846 0.18988 0.154852 
0.461101 0.347251 0.3234 
0.600313 0.414511 0.334193 
0.522289 0.281885 0.166715 
0.284373 0.0873587 0.0382363 
0.0870697 0.0643806 0.214541 
0.0609683 0.305325 0.759769 
0.154893 0.671609 1.46761 
0.216938 0.936712 2.05014 
0.171736 1.02162 2.41249 
0.112135 1.09079 2.75032 
0.214386 1.40756 3.36544 
0.561044 2.07758 4.35925 
1.04558 2.91902 5.48432 
1.44953 3.58082 6.29344 
1.61187 3.79847 6.45523 
1.52961 3.5605 5.96551 
1.31853 3.06613 5.10186 
1.11236 2.55848 4.20751 
1.01373 2.20031 3.50655 
1.10884 2.06046 3.0611 
1.46944 2.15086 2.82868 
2.10319 2.44212 2.73103 
2.90841 2.86127 2.69935 
3.70003 3.30729 2.69926 
4.29405 3.68199 2.7269 
4.58546 3.91191 2.77525 
4.58543 3.96837 2.81559 
4.41902 3.89878 2.83481 
4.26853 3.82733 2.88251 
4.24767 3.86363 3.02989 
4.27584 3.96131 3.24238 
