0.361624 0.226224 0.321255 
0.973442 0.752257 0.739115 
1.86786 1.46538 1.2375 
2.70949 2.11933 1.64069 
3.10563 2.44384 1.7989 
2.86065 2.31066 1.67348 
2.13421 1.8343 1.37168 
1.33382 1.2928 1.07649 
0.799194 0.908836 0.904688 
0.557437 0.690024 0.821728 
0.390804 0.500148 0.719361 
0.15808 0.303872 0.60104 
0.0375003 0.320839 0.675759 
0.414803 0.88356 1.21534 
1.49197 2.09062 2.26598 
2.98773 3.58366 3.48631 
4.23474 4.69408 4.30215 
4.6154 4.87152 4.28228 
3.97758 4.04847 3.43052 
2.70655 2.65721 2.16266 
1.43461 1.31787 1.01103 
0.645647 0.466061 0.309325 
0.458219 0.18291 0.0801477 
0.680921 0.284671 0.146643 
1.02656 0.532466 0.320047 
1.30205 0.783676 0.506095 
1.46595 1.00781 0.687323 
1.56788 1.21327 0.849256 
1.65679 1.38101 0.941276 
1.73793 1.46476 0.907132 
1.799 1.44727 0.75105 
1.86474 1.39339 0.576462 
2.01552 1.44183 0.554975 
2.33339 1.72169 0.831482 
2.80424 2.24152 1.41878 
3.26249 2.8377 2.1558 
3.45635 3.24598 2.77612 
3.21914 3.27043 3.05952 
2.6212 2.92939 2.96524 
1.95834 2.45111 2.64264 
1.5563 2.10558 2.30664 
1.53723 2.00461 2.08011 
1.74269 2.0367 1.93267 
1.87461 1.984 1.75196 
1.72603 1.70701 1.46336 
1.30904 1.2381 1.08707 
0.801005 0.72821 0.702905 
0.392894 0.325289 0.383359 
0.177608 0.0950156 0.161481 
0.140017 0.0218112 0.039642 
0.209928 0.0500164 0.00326637 
0.313323 0.117384 0.0213959 
0.397309 0.17242 0.0509874 
0.439976 0.189119 0.0603541 
0.45285 0.178366 0.0554224 
0.468003 0.17988 0.0783617 
0.508024 0.230644 0.172278 
0.558624 0.330907 0.339216 
0.570009 0.435747 0.525717 
0.492618 0.481366 0.648197 
0.324224 0.4298 0.642939 
0.133068 0.302786 0.510516 
0.0336 0.179903 0.32551 
0.119922 0.154595 0.198636 
0.393351 0.269167 0.207638 
0.736458 0.472925 0.34158 
0.967648 0.644128 0.504741 
0.956623 0.675224 0.588052 
0.7254 0.565445 0.560246 
0.454113 0.445024 0.505749 
0.375811 0.5009 0.572785 
0.632693 0.854206 0.869069 
1.19713 1.48168 1.38765 
1.90198 2.2329 2.0161 
2.53421 2.91183 2.60543 
2.9139 3.34981 3.02962 
2.92961 3.43492 3.1981 
2.55885 3.12493 3.05039 
1.89524 2.4759 2.58014 
1.14878 1.66385 1.88137 
0.570833 0.941336 1.1527 
0.321571 0.518327 0.615911 
0.376305 0.44391 0.392122 
0.55621 0.588541 0.435609 
0.664425 0.747069 0.582827 
0.615029 0.777788 0.673381 
0.457032 0.669517 0.643715 
0.297452 0.50376 0.532386 
0.208534 0.368579 0.417935 
0.192958 0.300832 0.353989 
0.210421 0.285044 0.345175 
0.220486 0.284724 0.362048 
0.205114 0.271208 0.369583 
0.1678 0.235305 0.348539 
0.123155 0.184765 0.301786 
0.086583 0.134456 0.246335 
0.0677586 0.0959425 0.198282 
0.0707755 0.0734533 0.16236 
0.0997176 0.0681307 0.133471 
0.161256 0.0833485 0.10589 
0.258415 0.12329 0.0798894 
0.383059 0.188152 0.0625516 
0.519546 0.275827 0.0677895 
0.656487 0.388573 0.115884 
0.787569 0.528994 0.222988 
0.894444 0.679168 0.377558 
0.935885 0.78585 0.524002 
0.873037 0.783492 0.582777 
0.719885 0.650808 0.506635 
0.564067 0.449592 0.328703 
0.517486 0.296754 0.152425 
0.626883 0.28185 0.0827172 
0.825705 0.400163 0.153941 
0.977108 0.560043 0.313139 
0.972493 0.653563 0.464535 
0.800749 0.6261 0.531072 
0.538425 0.494326 0.48831 
0.285546 0.316751 0.361937 
0.107774 0.154174 0.206219 
0.0198231 0.0459535 0.0781688 
0.000836524 0.00242793 0.012421 
0.0167859 0.00692555 0.00517473 
0.0379586 0.0283857 0.0211769 
0.0517416 0.0441653 0.0254974 
0.0678111 0.0592549 0.0177192 
0.108303 0.103558 0.0385067 
0.184752 0.205775 0.140689 
0.279546 0.365442 0.348206 
0.35155 0.547866 0.634941 
0.365501 0.704812 0.934771 
0.320627 0.799561 1.16802 
0.252474 0.814917 1.2649 
0.207727 0.746657 1.18308 
0.21756 0.602923 0.927965 
0.290347 0.416763 0.570293 
0.415953 0.249112 0.233802 
0.561412 0.157036 0.0350097 
0.662455 0.143922 0.0071744 
0.642525 0.148498 0.0802913 
0.471038 0.106147 0.156266 
0.216211 0.0365886 0.224324 
0.0273055 0.0642379 0.402327 
0.0399301 0.330356 0.844669 
0.279923 0.864797 1.58585 
0.649359 1.53207 2.45912 
0.997893 2.09829 3.16545 
1.20637 2.35865 3.43683 
1.22113 2.23032 3.17181 
1.04719 1.77038 2.46778 
0.740882 1.14023 1.56176 
0.405945 0.546393 0.731587 
0.162157 0.167724 0.19721 
0.0832118 0.0851062 0.0486997 
0.154695 0.253689 0.229234 
0.29901 0.544841 0.586252 
0.444393 0.828032 0.959387 
0.565627 1.02537 1.24367 
0.660595 1.10525 1.39397 
0.705817 1.05024 1.39667 
0.657386 0.854887 1.25772 
0.503504 0.558054 1.01778 
0.305802 0.257962 0.756944 
0.171542 0.0675588 0.556902 
0.171359 0.0353238 0.442962 
0.276734 0.104413 0.365342 
0.377321 0.157307 0.252266 
0.368233 0.117931 0.0995018 
0.238081 0.0298176 0.0189377 
0.0876897 0.0434717 0.193318 
0.0622193 0.314267 0.755602 
0.243912 0.879947 1.67258 
0.583269 1.60521 2.7172 
0.921125 2.23725 3.55859 
1.0883 2.53992 3.92057 
1.01083 2.41893 3.71273 
0.745217 1.95789 3.05646 
0.425334 1.35108 2.20017 
0.171943 0.790991 1.38932 
0.0359072 0.389216 0.774543 
0.00317108 0.165906 0.395448 
0.0324826 0.0840227 0.216411 
0.0826533 0.0846995 0.167677 
0.118511 0.106841 0.170871 
0.115319 0.103659 0.160191 
0.0736482 0.0641554 0.10899 
0.0289576 0.0228184 0.0452451 
0.0357427 0.0377912 0.0320763 
0.132699 0.147143 0.11906 
0.317624 0.339165 0.303426 
0.551345 0.562056 0.535039 
0.7843 0.76265 0.758143 
0.98729 0.921955 0.950445 
1.17132 1.06346 1.12747 
1.38313 1.23063 1.31346 
1.66589 1.44537 1.50524 
1.99894 1.67073 1.6572 
2.26661 1.80966 1.70121 
2.30538 1.75756 1.59358 
2.01644 1.48412 1.36103 
1.45946 1.08243 1.11088 
0.844206 0.73754 0.990997 
0.41744 0.628101 1.11894 
0.324388 0.824431 1.51697 
0.532786 1.2418 2.08027 
0.856278 1.66984 2.59313 
1.06112 1.86895 2.80506 
1.00614 1.7016 2.55959 
0.735636 1.2292 1.91145 
0.441912 0.686027 1.1252 
0.295105 0.310366 0.509218 
0.27966 0.157996 0.196938 
0.227531 0.0939595 0.085614 
0.0744889 0.018992 0.0273405 
0.0981218 0.122951 0.102832 
0.822591 0.853598 0.668495 
2.5558 2.52303 2.04923 
4.93343 4.86379 4.11591 
6.9466 6.98663 6.16477 
7.5502 7.88278 7.28712 
6.40829 7.11506 6.97409 
4.16029 5.13565 5.46803 
1.97747 2.96764 3.57745 
0.774641 1.5182 2.12115 
0.699667 1.06727 1.44728 
1.23796 1.27526 1.36101 
1.73863 1.60029 1.43207 
1.87813 1.72336 1.37458 
1.73172 1.66333 1.20142 
1.51481 1.58293 1.0908 
1.31206 1.53785 1.13995 
1.04306 1.41216 1.23979 
0.64165 1.07123 1.17168 
0.221753 0.555977 0.827283 
0.0373389 0.114249 0.348686 
0.260669 0.0238554 0.0551901 
0.790116 0.359268 0.208783 
1.2833 0.912131 0.811172 
1.40664 1.34035 1.59712 
1.08893 1.41551 2.21695 
0.558104 1.15647 2.44712 
0.1388 0.75505 2.27163 
0.00430658 0.396101 1.81763 
0.101084 0.151675 1.24981 
0.281311 0.0201788 0.716209 
0.480248 0.0184014 0.33925 
0.758663 0.197034 0.193424 
1.1937 0.564711 0.261215 
1.75783 1.02537 0.425961 
2.31656 1.41946 0.542806 
2.73614 1.63884 0.54217 
2.98653 1.70594 0.476384 
