1.55468 1.80582 1.84578 
2.44104 2.65751 2.4809 
3.41803 3.62878 3.2831 
4.25852 4.49291 4.05632 
4.70893 4.98186 4.54165 
4.58938 4.89432 4.52635 
3.88245 4.19528 3.94979 
2.76298 3.05302 2.94806 
1.54535 1.7865 1.80735 
0.566612 0.742379 0.845088 
0.0590056 0.160127 0.278778 
0.0723104 0.0907299 0.149111 
0.479773 0.404764 0.331901 
1.05668 0.876734 0.623115 
1.58506 1.29463 0.843805 
1.93143 1.53811 0.908956 
2.06791 1.59511 0.833748 
2.04183 1.52491 0.690013 
1.92382 1.40147 0.549429 
1.76631 1.27142 0.447221 
1.58887 1.14296 0.37886 
1.38758 1.00061 0.320237 
1.15448 0.829002 0.252381 
0.893476 0.630323 0.176008 
0.625567 0.428021 0.111385 
0.382712 0.257372 0.0870127 
0.19467 0.148727 0.12399 
0.0756659 0.111774 0.223346 
0.0186023 0.129349 0.362601 
0.0015967 0.165734 0.504711 
0.00457333 0.186741 0.616405 
0.0260868 0.180809 0.686428 
0.0884804 0.167891 0.732275 
0.226126 0.18947 0.790021 
0.463137 0.285242 0.892752 
0.794896 0.470961 1.05114 
1.18546 0.730937 1.24837 
1.58198 1.02831 1.45176 
1.93642 1.32491 1.63231 
2.22245 1.59834 1.77968 
2.44177 1.84898 1.90528 
2.62232 2.09751 2.03466 
2.8127 2.37698 2.19557 
3.07251 2.72164 2.40631 
3.45395 3.15105 2.66575 
3.97378 3.65084 2.9451 
4.58602 4.15795 3.18537 
5.17411 4.56357 3.30702 
5.57741 4.7418 3.23465 
5.64827 4.59739 2.92996 
5.31484 4.1108 2.41688 
4.61678 3.35539 1.78248 
3.69362 2.47483 1.14894 
2.73153 1.63076 0.628398 
1.89674 0.947241 0.283364 
1.28796 0.478748 0.111996 
0.92514 0.212567 0.0631093 
0.769661 0.0966424 0.06921 
0.756246 0.072523 0.0780044 
0.818088 0.0960063 0.0674894 
0.898262 0.140556 0.0419092 
0.952241 0.190285 0.0168417 
0.949598 0.232877 0.00498723 
0.877987 0.258152 0.00982177 
0.74584 0.260843 0.0270996 
0.578709 0.242648 0.0496785 
0.408554 0.210538 0.0713255 
0.261207 0.17247 0.0881072 
0.149043 0.133999 0.0983684 
0.0720845 0.0979226 0.102464 
0.0247733 0.0660726 0.102244 
0.00245282 0.040682 0.0997762 
0.00337235 0.0239059 0.0956456 
0.0265838 0.0164255 0.088293 
0.0691441 0.0170504 0.0754921 
0.125331 0.023874 0.0571171 
0.187621 0.0354826 0.0366492 
0.247413 0.0504617 0.0195057 
0.294715 0.065553 0.00920453 
0.318508 0.075087 0.00496303 
0.309961 0.0738761 0.00366692 
0.267869 0.0622945 0.00513791 
0.202141 0.0489345 0.0157232 
0.13109 0.0469031 0.0455539 
0.0728489 0.0650181 0.100034 
0.0369196 0.100648 0.172073 
0.0228741 0.141161 0.242564 
0.027566 0.174426 0.290746 
0.0541511 0.200521 0.307801 
0.113463 0.234385 0.303495 
0.214537 0.295845 0.300683 
0.351714 0.394332 0.321998 
0.501013 0.520959 0.378909 
0.632084 0.654939 0.470165 
0.72825 0.778619 0.587382 
0.797831 0.887057 0.719144 
0.864801 0.982395 0.847884 
0.943674 1.05765 0.943729 
1.01869 1.0864 0.966467 
1.04695 1.03263 0.882692 
0.987398 0.878488 0.691533 
0.835859 0.650174 0.44062 
0.638652 0.419122 0.215663 
0.471537 0.271314 0.103419 
0.396497 0.261479 0.147511 
0.426365 0.381973 0.32421 
0.522357 0.567796 0.554037 
0.625825 0.735103 0.742559 
0.701066 0.828382 0.825941 
0.759052 0.847102 0.79588 
0.846817 0.837948 0.693542 
1.01163 0.861554 0.581397 
1.26521 0.956709 0.512293 
1.57061 1.12251 0.511838 
1.85771 1.32442 0.578515 
2.05518 1.51546 0.695198 
2.11948 1.65775 0.842065 
2.04709 1.73374 1.00396 
1.86781 1.74509 1.17079 
1.62725 1.70405 1.33362 
1.36898 1.62434 1.48048 
1.12423 1.51629 1.59525 
0.910585 1.38736 1.66085 
0.736644 1.24556 1.66513 
0.607148 1.10162 1.60581 
0.524295 0.966952 1.4906 
0.484775 0.847935 1.33217 
0.476188 0.741074 1.14174 
0.478188 0.634497 0.927022 
0.470723 0.517317 0.697025 
0.445775 0.391743 0.469895 
0.414301 0.278424 0.275319 
0.401315 0.208281 0.145621 
0.429543 0.20318 0.0982503 
0.50104 0.25732 0.121088 
0.589556 0.333286 0.173117 
0.650698 0.378511 0.20412 
0.645317 0.354174 0.183655 
0.562044 0.258935 0.121167 
0.42466 0.131788 0.0628407 
0.279425 0.0309935 0.0648537 
0.170289 0.00133973 0.158191 
0.117258 0.0494279 0.326365 
0.110356 0.14153 0.510075 
0.121006 0.224309 0.636559 
0.121809 0.254925 0.656592 
0.101655 0.222363 0.568011 
0.0678727 0.148615 0.413345 
0.0365743 0.0714382 0.254689 
0.0198183 0.0211979 0.141637 
0.0189528 0.00630359 0.0905006 
0.0277511 0.0146214 0.0846226 
0.0413134 0.0272968 0.0923311 
0.0626353 0.0339961 0.0893667 
0.100911 0.0390379 0.0719048 
0.162249 0.0552283 0.0540534 
0.239698 0.0910402 0.0541543 
0.310848 0.141111 0.0805462 
0.346644 0.187272 0.126178 
0.327541 0.209761 0.174369 
0.257717 0.201213 0.210432 
0.16843 0.174151 0.230756 
0.10764 0.156924 0.24373 
0.120775 0.180238 0.262882 
0.232284 0.261865 0.297491 
0.436668 0.397553 0.346755 
0.701961 0.562096 0.400605 
0.982124 0.718856 0.44601 
1.23122 0.832387 0.474883 
1.41325 0.878718 0.489624 
1.50563 0.850393 0.503993 
1.49843 0.756347 0.539075 
1.39313 0.618307 0.615487 
1.20304 0.465357 0.743928 
0.954696 0.327681 0.917072 
0.687487 0.230264 1.10635 
0.448912 0.187833 1.2666 
0.285529 0.202763 1.34917 
0.232346 0.267167 1.31989 
0.304876 0.368645 1.17502 
0.497029 0.497163 0.947483 
0.785235 0.649567 0.699053 
1.13635 0.829315 0.500438 
1.51579 1.04169 0.407411 
1.89324 1.28757 0.443398 
2.24561 1.55992 0.59614 
2.55874 1.84564 0.829197 
2.82948 2.13207 1.10178 
3.06803 2.41417 1.38667 
3.29838 2.69739 1.67754 
3.55354 2.99281 1.98261 
3.86356 3.3054 2.30867 
4.23804 3.62009 2.64379 
4.64897 3.89287 2.94775 
5.0222 4.05287 3.15553 
5.24535 4.01817 3.19418 
5.19503 3.72262 3.00829 
4.77892 3.14645 2.58593 
3.98082 2.34044 1.97593 
2.89197 1.43339 1.28889 
1.71294 0.616134 0.67806 
0.717858 0.101298 0.302139 
0.184958 0.0663931 0.278762 
0.311229 0.595257 0.642744 
1.1385 1.63726 1.32462 
2.51926 3.00166 2.16044 
4.14024 4.39515 2.93362 
5.60271 5.49625 3.43755 
6.53669 6.04517 3.53805 
6.71135 5.9194 3.21341 
6.10236 5.168 2.55698 
4.89179 3.99162 1.74211 
3.40118 2.67548 0.963502 
1.98384 1.50036 0.377627 
0.916995 0.663906 0.0635944 
0.331379 0.238531 0.0154258 
0.198705 0.175441 0.163244 
0.37279 0.34603 0.410141 
0.660974 0.599162 0.66816 
0.895173 0.811154 0.881028 
0.978202 0.913231 1.02959 
0.895466 0.893451 1.12375 
0.697017 0.780431 1.18851 
0.464002 0.620509 1.25104 
0.274667 0.458127 1.33182 
0.180444 0.324075 1.43976 
0.196013 0.231396 1.56913 
0.302177 0.176552 1.69781 
0.457887 0.144025 1.78834 
0.617362 0.114075 1.795 
0.748392 0.0740334 1.67959 
0.847743 0.0320871 1.43416 
0.949244 0.0295645 1.10422 
1.12046 0.145174 0.80122 
1.4459 0.484535 0.692824 
1.99867 1.15209 0.965278 
2.80738 2.20959 1.7626 
3.82905 3.63357 3.11987 
4.94025 5.28924 4.91636 
5.95456 6.93753 6.87355 
6.66679 8.28241 8.61068 
6.91335 9.05067 9.74901 
6.62939 9.07982 10.033 
5.8798 8.38106 9.42344 
4.84787 7.14783 8.12047 
3.77992 5.699 6.50065 
2.90374 4.37325 4.98525 
2.35313 3.41519 3.8916 
2.13251 2.90209 3.33007 
2.14072 2.74485 3.19238 
2.24464 2.76238 3.23511 
