0.873758 0.840771 0.527009 
1.45193 1.41179 0.938899 
1.8945 1.82306 1.21923 
2.03585 1.91747 1.25143 
1.84114 1.68621 1.05215 
1.43203 1.27616 0.759981 
1.01479 0.902583 0.550371 
0.751373 0.718289 0.528281 
0.665632 0.728311 0.669031 
0.655282 0.809676 0.846132 
0.595744 0.816631 0.922601 
0.447636 0.687364 0.837628 
0.281853 0.473767 0.630016 
0.21027 0.283499 0.39323 
0.287548 0.192077 0.207025 
0.464759 0.195595 0.0978492 
0.624679 0.23044 0.0463408 
0.662989 0.23098 0.0210764 
0.552737 0.175439 0.00540677 
0.352325 0.0911371 0.000811713 
0.161279 0.0257601 0.0136871 
0.0586436 0.0115944 0.0422581 
0.0618026 0.0464145 0.0739755 
0.125829 0.0986781 0.0924875 
0.179187 0.129878 0.0873685 
0.172446 0.119769 0.0607418 
0.110826 0.0807938 0.028499 
0.0517499 0.0542339 0.0162695 
0.0693035 0.0893704 0.0509388 
0.206099 0.214707 0.14888 
0.43937 0.414896 0.304367 
0.681701 0.627978 0.485995 
0.821734 0.77227 0.650126 
0.789172 0.796049 0.770404 
0.606489 0.719763 0.862847 
0.38464 0.630813 0.976046 
0.250811 0.618361 1.13839 
0.253785 0.691721 1.30156 
0.326748 0.758867 1.34509 
0.350333 0.702053 1.16546 
0.267586 0.494438 0.786165 
0.143254 0.245484 0.379343 
0.10398 0.116819 0.152339 
0.211665 0.176602 0.183041 
0.393673 0.331813 0.354073 
0.501591 0.410412 0.455944 
0.444608 0.319479 0.370024 
0.272412 0.130334 0.164075 
0.134672 0.0142004 0.018239 
0.159671 0.0946019 0.060472 
0.358227 0.350861 0.26482 
0.622609 0.64479 0.48987 
0.805936 0.828108 0.600421 
0.815012 0.834161 0.557708 
0.656741 0.69537 0.41837 
0.419722 0.498739 0.271949 
0.213181 0.328382 0.18272 
0.106573 0.232849 0.171983 
0.107317 0.224481 0.23179 
0.183558 0.296122 0.343814 
0.304475 0.436028 0.488409 
0.461967 0.631181 0.645758 
0.661283 0.862872 0.797049 
0.897937 1.10456 0.928621 
1.14526 1.32632 1.03511 
1.36229 1.50244 1.11765 
1.51625 1.61848 1.17955 
1.60601 1.67684 1.22479 
1.66802 1.69571 1.2573 
1.7486 1.69224 1.27307 
1.85237 1.65511 1.24822 
1.91204 1.53576 1.14371 
1.82398 1.2843 0.94013 
1.53553 0.910292 0.677205 
1.10628 0.506056 0.4472 
0.676768 0.193738 0.327869 
0.367832 0.0369366 0.31253 
0.205571 0.00293981 0.315095 
0.136307 0.0113578 0.254953 
0.0984548 0.0117803 0.135283 
0.0685515 0.00820544 0.0306634 
0.0485379 0.0198285 0.00170934 
0.0374062 0.0437367 0.0369499 
0.035458 0.0703531 0.0851608 
0.0682499 0.122476 0.130798 
0.180892 0.252266 0.216771 
0.392046 0.485196 0.387799 
0.656139 0.772715 0.624026 
0.881448 1.01197 0.84209 
0.991232 1.11699 0.959292 
0.970395 1.07246 0.950283 
0.86056 0.926915 0.84633 
0.720045 0.746157 0.695368 
0.589391 0.57581 0.53189 
0.482494 0.434568 0.376218 
0.394508 0.323899 0.243839 
0.312536 0.235871 0.144705 
0.226946 0.159795 0.0787797 
0.146023 0.0966897 0.0454179 
0.108308 0.0770251 0.0651017 
0.178471 0.161364 0.187759 
0.416754 0.408014 0.464448 
0.829716 0.818357 0.892019 
1.332 1.29922 1.3754 
1.7576 1.68464 1.75304 
1.93622 1.82237 1.88538 
1.79869 1.67246 1.74575 
1.43352 1.33798 1.43519 
1.0356 0.990173 1.09974 
0.771527 0.741173 0.819324 
0.666913 0.57455 0.572956 
0.614566 0.400418 0.317226 
0.498647 0.184804 0.097999 
0.319356 0.0224278 0.0673413 
0.196784 0.0665366 0.3601 
0.246571 0.368372 0.929286 
0.447759 0.78037 1.5044 
0.636921 1.03411 1.74555 
0.643087 0.945458 1.49036 
0.439503 0.571891 0.890977 
0.168167 0.17631 0.315169 
0.0132827 0.0197267 0.0802788 
0.0434274 0.158885 0.23231 
0.169322 0.421987 0.546392 
0.25033 0.577205 0.738714 
0.241686 0.540345 0.70611 
0.241496 0.441232 0.596216 
0.3973 0.500334 0.662647 
0.763428 0.831815 1.03805 
1.23883 1.34109 1.6126 
1.63429 1.79122 2.10447 
1.80327 1.96954 2.2521 
1.72682 1.81859 1.97767 
1.49695 1.4452 1.41545 
1.23176 1.02662 0.810264 
0.999749 0.699599 0.37417 
0.803983 0.506865 0.193333 
0.618162 0.414707 0.222093 
0.430596 0.365094 0.341751 
0.259514 0.317423 0.435281 
0.135986 0.259758 0.438229 
0.0765243 0.197522 0.35095 
0.0696906 0.138548 0.219021 
0.0849937 0.0868394 0.0997774 
0.0942476 0.0451027 0.0335375 
0.0881692 0.0188158 0.0312265 
0.0769728 0.015322 0.0791157 
0.076717 0.0371379 0.151963 
0.093495 0.0746253 0.223708 
0.118519 0.105653 0.271408 
0.138465 0.106643 0.277048 
0.152944 0.0708788 0.233821 
0.183215 0.0210295 0.155557 
0.260221 0.00195438 0.0785415 
0.395661 0.0521292 0.0463534 
0.557371 0.171192 0.0829187 
0.674033 0.310506 0.173559 
0.675501 0.40034 0.271997 
0.54429 0.397825 0.331128 
0.337389 0.318903 0.334302 
0.15498 0.226727 0.302202 
0.0747913 0.183747 0.270919 
0.102488 0.20593 0.261052 
0.179023 0.256641 0.264015 
0.239456 0.284318 0.255397 
0.273134 0.270739 0.221511 
0.332085 0.247627 0.174651 
0.478149 0.266713 0.143334 
0.713794 0.349301 0.146457 
0.959576 0.460924 0.17561 
1.1043 0.53652 0.203381 
1.09033 0.53626 0.21088 
0.961021 0.481201 0.206639 
0.825221 0.432593 0.214553 
0.766145 0.430902 0.240385 
0.774378 0.452776 0.253908 
0.765606 0.431429 0.213655 
0.665632 0.324733 0.116715 
0.481832 0.164993 0.0222165 
0.294763 0.0391449 0.0158257 
0.182779 0.0165499 0.141022 
0.156385 0.0936814 0.360466 
0.163771 0.206321 0.58434 
0.154165 0.291483 0.737815 
0.130609 0.335953 0.805079 
0.141327 0.369516 0.816563 
0.223167 0.419106 0.803144 
0.353992 0.473004 0.765583 
0.457444 0.486638 0.682774 
0.456169 0.421845 0.544298 
0.332559 0.287523 0.378071 
0.151688 0.150896 0.252345 
0.0254025 0.105228 0.245245 
0.0359743 0.2061 0.391395 
0.172281 0.418005 0.638211 
0.332312 0.620971 0.855714 
0.398361 0.688291 0.91319 
0.326882 0.581017 0.773336 
0.176535 0.377748 0.52247 
0.0529993 0.210553 0.303384 
0.0264953 0.165284 0.208567 
0.0963649 0.235036 0.22941 
0.219581 0.355555 0.296492 
0.356405 0.470116 0.354271 
0.487413 0.558997 0.392982 
0.606375 0.626647 0.425488 
0.718107 0.685691 0.459394 
0.840541 0.756399 0.500039 
0.982875 0.857316 0.561141 
1.10336 0.971521 0.646657 
1.10406 1.02626 0.719506 
0.90511 0.935702 0.710967 
0.546171 0.686974 0.582239 
0.198479 0.377646 0.374318 
0.0407579 0.144836 0.180113 
0.10266 0.0469719 0.062658 
0.238401 0.0276142 0.0165852 
0.271578 0.0088204 0.0237882 
0.169521 0.0103627 0.132749 
0.0666193 0.149036 0.445076 
0.113054 0.501301 0.993588 
0.309375 0.973037 1.63571 
0.498229 1.32769 2.09667 
0.516201 1.36388 2.15279 
0.348183 1.07892 1.79783 
0.138229 0.66898 1.24434 
0.063311 0.375624 0.765262 
0.199615 0.3224 0.518436 
0.492433 0.469798 0.48967 
0.827864 0.693835 0.56751 
1.1236 0.896102 0.657529 
1.3683 1.05797 0.741573 
1.60116 1.22131 0.858716 
1.86348 1.43216 1.04663 
2.15262 1.68911 1.29209 
2.39594 1.92042 1.51718 
2.46156 2.00218 1.60698 
2.2206 1.82105 1.47084 
1.64604 1.36057 1.11132 
0.887233 0.756551 0.655531 
0.242744 0.261884 0.31009 
0.0100764 0.11322 0.247213 
0.292743 0.374951 0.490363 
0.907776 0.877781 0.886906 
1.48407 1.31468 1.20007 
1.69693 1.43578 1.25866 
1.46751 1.19851 1.05284 
0.979322 0.763533 0.709149 
0.51464 0.355493 0.380905 
0.256533 0.11331 0.154187 
0.209222 0.0427712 0.0373688 
