0.404113 0.337097 0.168586 
0.240415 0.184315 0.064521 
0.0854487 0.0581504 0.0107443 
0.0102856 0.00509593 0.0149133 
0.0132545 0.0019804 0.0268561 
0.0623147 0.0130578 0.0132884 
0.131059 0.0330107 0.000680275 
0.191158 0.069374 0.0362981 
0.206979 0.113899 0.130513 
0.168211 0.15738 0.258612 
0.12163 0.224167 0.409491 
0.147944 0.367152 0.607804 
0.29761 0.618776 0.88063 
0.54928 0.951189 1.2125 
0.822531 1.28239 1.53696 
1.02063 1.51368 1.76437 
1.07201 1.57002 1.82019 
0.96184 1.43305 1.67912 
0.744526 1.15751 1.38531 
0.518003 0.850857 1.03938 
0.368403 0.618224 0.749371 
0.334176 0.516771 0.582652 
0.418401 0.555757 0.558546 
0.607465 0.71527 0.66688 
0.842951 0.931966 0.862157 
0.984249 1.07017 1.03291 
0.867759 0.967755 1.02037 
0.478733 0.586496 0.735503 
0.0766787 0.14197 0.295005 
0.0870781 0.0367496 0.0192309 
0.782699 0.583011 0.233788 
2.01996 1.72839 1.01267 
3.28659 3.03586 2.08357 
4.03935 3.95335 2.98607 
4.04777 4.15445 3.35664 
3.47541 3.6882 3.1201 
2.68541 2.86434 2.46981 
1.97937 2.01759 1.69815 
1.47377 1.34433 1.02956 
1.14463 0.887579 0.55682 
0.932777 0.611547 0.273638 
0.808632 0.475304 0.140213 
0.781519 0.4671 0.133202 
0.88348 0.604432 0.262382 
1.13745 0.903096 0.545246 
1.50685 1.31957 0.945179 
1.86017 1.70998 1.32335 
2.01037 1.87265 1.47923 
1.83288 1.6795 1.28957 
1.36935 1.1935 0.836847 
0.811299 0.647846 0.38596 
0.367413 0.283858 0.196639 
0.133369 0.18711 0.328002 
0.0699132 0.261906 0.609647 
0.0780702 0.343669 0.793854 
0.0816146 0.32901 0.741401 
0.0579915 0.222089 0.492731 
0.0274962 0.0970039 0.204615 
0.0288434 0.0351308 0.0367775 
0.0903795 0.080899 0.0725479 
0.20578 0.226546 0.299776 
0.3343 0.422234 0.634345 
0.427459 0.599774 0.957623 
0.453528 0.693534 1.15068 
0.400861 0.656557 1.12908 
0.278351 0.484975 0.885438 
0.13004 0.243098 0.516044 
0.0394858 0.0494611 0.184814 
0.0942233 0.00888963 0.0245138 
0.333098 0.146776 0.0583109 
0.726036 0.41328 0.222837 
1.18813 0.73865 0.457031 
1.58997 1.05614 0.736668 
1.77096 1.27448 1.01574 
1.61039 1.28423 1.18217 
1.14125 1.04613 1.12836 
0.577849 0.665303 0.867792 
0.171551 0.327457 0.540233 
0.0147053 0.142986 0.285116 
0.0108529 0.0842791 0.141512 
0.0451316 0.0913519 0.0922276 
0.136655 0.192421 0.162419 
0.377407 0.461554 0.407744 
0.744805 0.862625 0.794518 
1.04388 1.1976 1.14485 
1.06895 1.25439 1.25139 
0.802312 1.00171 1.05482 
0.436284 0.625729 0.702016 
0.217237 0.385737 0.438132 
0.274382 0.432664 0.43809 
0.553587 0.720508 0.696972 
0.859537 1.0385 1.02904 
0.97082 1.13862 1.17736 
0.788404 0.906606 0.992647 
0.426243 0.466306 0.563616 
0.13543 0.0998275 0.163243 
0.0866939 0.0111408 0.0196093 
0.214411 0.147763 0.118214 
0.300952 0.274616 0.243676 
0.222887 0.231886 0.22092 
0.0840498 0.0956576 0.0916537 
0.0830141 0.0663022 0.037278 
0.272696 0.222262 0.152167 
0.494531 0.424806 0.332662 
0.561412 0.473976 0.396147 
0.477154 0.329302 0.279309 
0.446705 0.152411 0.0964147 
0.66786 0.140577 0.0170242 
1.12266 0.34021 0.116424 
1.57407 0.627971 0.352107 
1.76789 0.861493 0.662099 
1.65904 1.04075 1.05678 
1.47359 1.32635 1.60203 
1.55744 1.89902 2.3155 
2.12438 2.78087 3.08726 
3.08526 3.76651 3.71031 
4.07623 4.51764 3.99747 
4.65992 4.74443 3.87765 
4.55875 4.3431 3.39398 
3.77961 3.41989 2.64001 
2.58452 2.23153 1.73529 
1.35768 1.10311 0.868922 
0.447256 0.338515 0.311668 
0.0392272 0.109641 0.291423 
0.100406 0.358351 0.789147 
0.415892 0.801642 1.4624 
0.711852 1.08683 1.83451 
0.800206 1.01114 1.63303 
0.658413 0.638935 0.989769 
0.401263 0.224498 0.324337 
0.18034 0.0135572 0.0206426 
0.0910444 0.089086 0.177093 
0.143467 0.364698 0.61067 
0.293145 0.690779 1.05269 
0.487968 0.96217 1.33749 
0.695943 1.15417 1.45339 
0.913032 1.29982 1.48118 
1.16685 1.46057 1.52119 
1.51426 1.71135 1.66252 
2.01271 2.11995 1.97249 
2.66825 2.70987 2.47625 
3.4096 3.44004 3.14349 
4.13434 4.23778 3.91425 
4.79238 5.05573 4.74222 
5.39961 5.86815 5.58537 
5.93018 6.57633 6.32321 
6.19447 6.92782 6.69727 
5.88631 6.60302 6.40662 
4.8394 5.47595 5.35093 
3.28223 3.83322 3.81598 
1.80919 2.29729 2.37733 
1.02138 1.44536 1.53599 
1.11819 1.42265 1.37913 
1.79166 1.88505 1.5702 
2.49876 2.30831 1.66998 
2.84877 2.36914 1.47694 
2.78748 2.0821 1.08877 
2.50695 1.66005 0.702509 
2.25395 1.31788 0.425541 
2.20559 1.19683 0.283307 
2.41732 1.36913 0.325128 
2.78421 1.80201 0.619901 
3.0495 2.30126 1.12464 
2.94104 2.57181 1.62145 
2.38196 2.41795 1.85258 
1.57427 1.90005 1.72566 
0.841342 1.27124 1.3638 
0.376432 0.760798 0.965411 
0.153442 0.437704 0.653158 
0.0556742 0.261506 0.454706 
0.0253671 0.190568 0.35946 
0.0587181 0.19379 0.332164 
0.115785 0.20371 0.296209 
0.127783 0.150667 0.185523 
0.113619 0.0746125 0.0510841 
0.22334 0.147497 0.0740802 
0.599787 0.520013 0.414881 
1.19607 1.139 1.03635 
1.76498 1.74401 1.69317 
2.04128 2.05316 2.09713 
1.9286 1.94962 2.09132 
1.53072 1.51813 1.70328 
1.05285 0.960741 1.09973 
0.691264 0.496779 0.514632 
0.563617 0.281918 0.157391 
0.663286 0.333868 0.0980757 
0.851055 0.507041 0.211842 
0.931177 0.585297 0.279107 
0.790999 0.455404 0.187389 
0.487075 0.202815 0.0355815 
0.187542 0.0227973 0.0197293 
0.0254715 0.0340486 0.219726 
0.00869555 0.186965 0.518788 
0.0587895 0.344945 0.73061 
0.110756 0.427151 0.776895 
0.162369 0.458811 0.725829 
0.245014 0.504981 0.682321 
0.37489 0.588448 0.676707 
0.539166 0.676992 0.662107 
0.712276 0.725966 0.587471 
0.870815 0.714189 0.449246 
0.99763 0.647682 0.284058 
1.08542 0.550048 0.137936 
1.13994 0.454731 0.0477638 
1.17204 0.392726 0.0323149 
1.18161 0.374363 0.0826645 
1.15309 0.382615 0.162603 
1.07115 0.389312 0.230187 
0.93989 0.379102 0.265285 
0.785663 0.358308 0.277488 
0.64591 0.347074 0.292099 
0.558416 0.369357 0.334216 
0.55181 0.444597 0.421408 
0.62673 0.571716 0.555038 
0.734738 0.709777 0.705574 
0.786223 0.782625 0.810967 
0.704564 0.724515 0.807712 
0.492839 0.53835 0.679546 
0.24907 0.310105 0.479629 
0.10228 0.154639 0.299333 
0.116216 0.133647 0.207027 
0.24362 0.216971 0.209508 
0.370857 0.319672 0.265964 
0.411361 0.377353 0.334069 
0.365507 0.390157 0.400798 
0.300569 0.400447 0.471264 
0.279253 0.434166 0.534595 
0.308158 0.468842 0.551263 
0.351868 0.461949 0.485103 
0.391778 0.410506 0.353644 
0.464795 0.377237 0.241466 
0.637606 0.44784 0.248422 
0.938217 0.653039 0.408547 
1.31253 0.929224 0.652477 
1.65058 1.15765 0.851915 
1.85631 1.24596 0.90877 
1.89337 1.17795 0.812828 
1.77433 0.998645 0.629992 
1.52995 0.771642 0.451188 
1.2102 0.560615 0.35246 
0.908236 0.433817 0.378006 
0.744162 0.447308 0.524097 
0.783307 0.59466 0.722044 
0.959754 0.77852 0.855382 
1.10301 0.862014 0.829436 
1.06737 0.772523 0.64481 
0.845121 0.557634 0.398415 
0.55357 0.334363 0.202013 
0.321567 0.189628 0.101429 
0.202777 0.140807 0.0818308 
0.193204 0.18529 0.142436 
