1.17866 1.57904 2.22431 
1.0036 1.42938 2.02726 
0.801589 1.22698 1.77375 
0.607461 0.988803 1.46801 
0.454505 0.738796 1.12239 
0.373911 0.51082 0.765385 
0.391466 0.346688 0.443946 
0.52037 0.287494 0.216431 
0.751931 0.359549 0.136027 
1.04865 0.5598 0.229607 
1.34525 0.848002 0.481009 
1.56144 1.15206 0.828064 
1.62574 1.38816 1.17798 
1.5031 1.48998 1.4371 
1.21491 1.43492 1.54297 
0.840051 1.25438 1.48417 
0.492193 1.02112 1.29861 
0.279587 0.817985 1.05184 
0.263218 0.702361 0.807574 
0.432238 0.683949 0.605719 
0.708922 0.726847 0.458108 
0.981884 0.774117 0.360476 
1.1527 0.781079 0.310017 
1.17497 0.739562 0.315722 
1.06932 0.68135 0.39508 
0.910011 0.660964 0.560526 
0.792114 0.72843 0.805534 
0.794751 0.905982 1.09953 
0.954692 1.17812 1.39423 
1.25695 1.49621 1.63697 
1.64121 1.79254 1.78361 
2.01871 1.99727 1.80636 
2.29427 2.05417 1.69668 
2.38956 1.93399 1.46623 
2.26434 1.64416 1.14783 
1.9307 1.23223 0.79439 
1.45427 0.778765 0.471762 
0.938217 0.377549 0.243142 
0.491971 0.106923 0.148152 
0.194423 0.00207884 0.185416 
0.0666981 0.0411396 0.3087 
0.0679603 0.153899 0.441996 
0.118554 0.252397 0.509779 
0.141612 0.271302 0.46996 
0.103762 0.199417 0.333752 
0.0340228 0.0859382 0.161419 
0.00956112 0.0163515 0.0340722 
0.113692 0.0682081 0.0140235 
0.386918 0.268363 0.113152 
0.796958 0.57403 0.285814 
1.24494 0.888654 0.450793 
1.60613 1.10559 0.531523 
1.78494 1.1576 0.49372 
1.7564 1.04692 0.360739 
1.57374 0.841359 0.199206 
1.34057 0.640351 0.0839398 
1.16442 0.530455 0.0622618 
1.11616 0.553625 0.136884 
1.21308 0.701682 0.274526 
1.42791 0.934207 0.431873 
1.71159 1.20452 0.581134 
2.01376 1.47704 0.719748 
2.29123 1.72849 0.860447 
2.50613 1.93809 1.01092 
2.62282 2.07869 1.15826 
2.61135 2.11868 1.26911 
2.45785 2.03472 1.30512 
2.17467 1.82668 1.24368 
1.80146 1.52387 1.09083 
1.39432 1.1774 0.879301 
1.00782 0.842369 0.65399 
0.679648 0.56008 0.454079 
0.425224 0.349004 0.301488 
0.24326 0.207435 0.19972 
0.126245 0.123339 0.140517 
0.0683402 0.084056 0.112244 
0.0666544 0.0807731 0.105143 
0.117501 0.107669 0.112531 
0.212418 0.159139 0.129952 
0.337512 0.228301 0.154449 
0.475811 0.307224 0.184127 
0.6096 0.387101 0.216922 
0.720567 0.457175 0.248314 
0.789063 0.503808 0.269959 
0.796243 0.512728 0.272048 
0.731294 0.475734 0.249879 
0.601063 0.398807 0.210922 
0.43503 0.305247 0.176126 
0.279235 0.2289 0.171659 
0.179177 0.198849 0.213865 
0.159828 0.223913 0.296598 
0.21456 0.287354 0.39069 
0.310433 0.356643 0.458456 
0.407224 0.403247 0.475837 
0.478664 0.419969 0.448333 
0.522953 0.424326 0.409554 
0.556987 0.445515 0.401988 
0.599601 0.503594 0.451362 
0.655918 0.594763 0.550518 
0.712978 0.692193 0.662746 
0.748225 0.761179 0.742086 
0.743554 0.777946 0.757601 
0.694864 0.739906 0.707057 
0.611644 0.662037 0.613224 
0.508913 0.563935 0.507389 
0.398953 0.457911 0.411941 
0.289118 0.346481 0.33276 
0.186333 0.229931 0.264392 
0.1033 0.117112 0.20236 
0.0600751 0.0304787 0.153119 
0.0781839 0.000536705 0.134727 
0.169962 0.0520838 0.167857 
0.329294 0.189912 0.262732 
0.529376 0.391985 0.409601 
0.729191 0.61386 0.577972 
0.885856 0.802315 0.725124 
0.967398 0.912073 0.810113 
0.960923 0.918975 0.807556 
0.87373 0.825347 0.716173 
0.728168 0.657009 0.559572 
0.553279 0.454344 0.379624 
0.376941 0.261238 0.225053 
0.221255 0.115363 0.138939 
0.101988 0.0419794 0.148641 
0.0308121 0.0518087 0.260544 
0.0177849 0.142223 0.460367 
0.0716072 0.300309 0.718215 
0.196656 0.506366 0.996363 
0.387997 0.736911 1.25747 
0.627305 0.967059 1.47123 
0.88283 1.17271 1.61846 
1.1149 1.33305 1.69246 
1.28563 1.43348 1.6983 
1.36927 1.4683 1.65062 
1.35892 1.44201 1.57048 
1.26699 1.36849 1.48127 
1.11976 1.26751 1.40383 
0.948703 1.15968 1.35119 
0.782086 1.06103 1.32447 
0.639565 0.979329 1.31195 
0.530464 0.913499 1.29311 
0.455255 0.85684 1.24794 
0.409085 0.803289 1.169 
0.386193 0.754162 1.07088 
0.383785 0.721763 0.991109 
0.403686 0.726669 0.978838 
0.450431 0.788183 1.07355 
0.526082 0.911488 1.28232 
0.624481 1.07826 1.56727 
0.728972 1.24735 1.85196 
0.816445 1.36761 2.04674 
0.866698 1.3982 2.08309 
0.872025 1.3263 1.94101 
0.840757 1.17265 1.65595 
0.791672 0.981271 1.30224 
0.742235 0.798994 0.961692 
0.698366 0.656166 0.693562 
0.653066 0.558967 0.519878 
0.595575 0.496377 0.430288 
0.525128 0.455498 0.39956 
0.459321 0.434104 0.404966 
0.429751 0.441823 0.433537 
0.465681 0.489632 0.477706 
0.574764 0.575557 0.526205 
0.732751 0.677214 0.55958 
0.889437 0.757305 0.555254 
0.988673 0.779624 0.499267 
0.992062 0.726292 0.396367 
0.894069 0.606166 0.270722 
0.721511 0.44992 0.155608 
0.519294 0.295259 0.0776787 
0.331115 0.170973 0.0449643 
0.18496 0.0881141 0.0453677 
0.0888137 0.041413 0.0559018 
0.0355883 0.017892 0.0566103 
0.0120452 0.00639254 0.0409108 
0.00634108 0.00280846 0.0170687 
0.011693 0.00971886 0.00135386 
0.0267402 0.0327289 0.00825311 
0.05433 0.0768686 0.0439846 
0.099595 0.144759 0.106294 
0.166937 0.235795 0.188656 
0.255583 0.344582 0.284066 
0.355024 0.45821 0.384675 
0.443435 0.554558 0.47784 
0.492232 0.605283 0.543445 
0.477156 0.58551 0.557859 
0.391936 0.487716 0.505565 
0.257171 0.33249 0.3926 
0.117545 0.16771 0.251902 
0.0255985 0.052313 0.133388 
0.0181165 0.0299219 0.0808322 
0.0970749 0.105671 0.107739 
0.226742 0.240626 0.187762 
0.350643 0.369763 0.26799 
0.420463 0.435444 0.299032 
0.420691 0.417594 0.263907 
0.374111 0.342253 0.187095 
0.324474 0.262889 0.117497 
0.307316 0.226217 0.0963827 
0.327994 0.244427 0.131623 
0.361457 0.291394 0.19503 
0.373522 0.324135 0.243517 
0.348493 0.313863 0.248555 
0.303514 0.265289 0.213695 
0.279466 0.212084 0.169492 
0.314718 0.193394 0.151404 
0.419794 0.228658 0.177078 
0.569803 0.307363 0.237743 
0.718752 0.398533 0.306997 
0.825279 0.471249 0.358532 
0.873197 0.511919 0.380513 
0.875633 0.52884 0.379413 
0.863243 0.54432 0.374376 
0.866012 0.581622 0.387845 
0.899262 0.654235 0.437292 
0.959109 0.760855 0.529516 
1.0263 0.885668 0.657388 
1.07453 1.00267 0.799986 
1.07988 1.0835 0.92804 
1.02928 1.10745 1.01456 
0.925763 1.07023 1.04628 
0.787891 0.986271 1.02905 
0.642602 0.882228 0.983324 
0.514625 0.785094 0.932633 
0.418894 0.712753 0.893464 
0.361069 0.6736 0.873833 
0.345143 0.674388 0.8803 
0.380601 0.727911 0.92536 
0.480572 0.850955 1.02594 
0.649127 1.05041 1.19087 
0.865734 1.30622 1.40545 
1.08007 1.56532 1.62581 
1.22547 1.75518 1.79087 
1.24702 1.81287 1.84732 
1.12872 1.71379 1.77383 
0.903025 1.48314 1.59015 
0.636057 1.18352 1.34658 
0.396763 0.8865 1.10118 
0.228148 0.645124 0.898857 
0.136167 0.481489 0.762413 
0.0997731 0.392306 0.696389 
0.092341 0.363934 0.696091 
0.099297 0.384592 0.753328 
0.121971 0.446739 0.855868 
0.168608 0.54167 0.984315 
0.241864 0.653945 1.11219 
0.332559 0.761734 1.21155 
0.422912 0.842982 1.26082 
0.494943 0.882172 1.24939 
0.536878 0.872599 1.17627 
