0.119954 0.0652561 0.12643 
0.187224 0.0325362 0.071437 
0.729371 0.349888 0.237342 
1.5595 0.87968 0.512548 
2.38578 1.40963 0.753968 
2.9444 1.7509 0.855346 
3.10058 1.81909 0.802263 
2.88145 1.66444 0.687416 
2.447 1.43928 0.66411 
2.0098 1.30671 0.841229 
1.72166 1.32973 1.17909 
1.5905 1.42522 1.48715 
1.51176 1.45093 1.57207 
1.41172 1.37488 1.43732 
1.36234 1.35601 1.33426 
1.51657 1.60961 1.56142 
1.89811 2.15038 2.15846 
2.27321 2.67679 2.79119 
2.28776 2.76219 2.97828 
1.77818 2.21337 2.48376 
0.954844 1.26398 1.52308 
0.25862 0.408464 0.595751 
0.0100269 0.0208727 0.100826 
0.172249 0.0979251 0.073859 
0.43206 0.333998 0.24638 
0.498673 0.423943 0.328511 
0.333758 0.302989 0.239949 
0.119936 0.127698 0.103175 
0.0379339 0.0636668 0.0555498 
0.0958233 0.118525 0.0985692 
0.176849 0.184623 0.136619 
0.229025 0.217954 0.138763 
0.364127 0.329188 0.217217 
0.737986 0.666212 0.512781 
1.34072 1.21586 1.00932 
1.94265 1.75977 1.49738 
2.27377 2.05056 1.74477 
2.2507 2.02256 1.69487 
2.01627 1.8162 1.48435 
1.77458 1.61359 1.28388 
1.61933 1.48395 1.15373 
1.52004 1.3886 1.05395 
1.42377 1.2875 0.948833 
1.32236 1.19495 0.858609 
1.22802 1.13897 0.817807 
1.13105 1.11054 0.824314 
1.00938 1.07529 0.847 
0.86396 1.0164 0.862229 
0.72211 0.946505 0.865769 
0.613174 0.892306 0.869524 
0.563883 0.896586 0.920175 
0.618339 1.03481 1.11962 
0.833765 1.39228 1.58411 
1.22796 1.98652 2.33836 
1.72714 2.70261 3.23648 
2.18126 3.32117 4.00255 
2.44857 3.63333 4.37538 
2.47834 3.55277 4.24531 
2.32113 3.14046 3.68624 
2.06543 2.53936 2.88263 
1.7652 1.88669 2.02656 
1.42504 1.2717 1.25645 
1.04631 0.749247 0.652005 
0.673026 0.364306 0.250806 
0.377868 0.143303 0.0503894 
0.203084 0.0646279 3.52716e-05 
0.135857 0.0662388 0.0206646 
0.165726 0.117606 0.0703814 
0.36423 0.294841 0.208172 
0.871378 0.757058 0.575296 
1.75767 1.60211 1.27396 
2.87933 2.71596 2.2332 
3.8884 3.77138 3.19302 
4.42943 4.41131 3.84649 
4.37398 4.4794 4.03408 
3.89934 4.10972 3.83142 
3.3556 3.61212 3.46717 
3.04467 3.26375 3.15488 
3.0837 3.1732 2.97869 
3.41886 3.28773 2.8975 
3.91907 3.48326 2.82074 
4.44581 3.63933 2.67318 
4.86521 3.66301 2.41653 
5.04301 3.49123 2.04921 
4.86639 3.10144 1.60482 
4.29134 2.52373 1.14222 
3.38218 1.83687 0.721182 
2.3125 1.14919 0.382824 
1.31378 0.573664 0.15226 
0.582829 0.194416 0.0464929 
0.194699 0.0273993 0.0599976 
0.087237 0.00768272 0.14119 
0.136935 0.034935 0.206119 
0.255671 0.0488903 0.197494 
0.409874 0.0574296 0.129144 
0.557195 0.0860584 0.0604492 
0.607724 0.117508 0.0306118 
0.490113 0.106616 0.0333564 
0.252162 0.0508953 0.0521769 
0.0520326 0.0115778 0.0898476 
0.0212492 0.0444331 0.143741 
0.152516 0.133538 0.176391 
0.345659 0.228793 0.154697 
0.544668 0.342566 0.128205 
0.783488 0.562755 0.231043 
1.08705 0.939248 0.563747 
1.37311 1.3751 1.06473 
1.49958 1.66664 1.51586 
1.40697 1.66469 1.69057 
1.18162 1.39132 1.50994 
0.968558 1.0061 1.08021 
0.842983 0.678435 0.606869 
0.776763 0.491079 0.26969 
0.706481 0.43152 0.139621 
0.606075 0.439707 0.171759 
0.497789 0.462512 0.267519 
0.420723 0.487747 0.360968 
0.403538 0.543912 0.461623 
0.4552 0.664396 0.618195 
0.562064 0.843274 0.843781 
0.686497 1.0241 1.08179 
0.774926 1.13401 1.24417 
0.781289 1.13225 1.2769 
0.69787 1.0332 1.18947 
0.568733 0.889683 1.03156 
0.460271 0.749897 0.847365 
0.400259 0.618786 0.647491 
0.347359 0.461688 0.422598 
0.243337 0.262522 0.191588 
0.106448 0.0850739 0.0356688 
0.0493622 0.0520889 0.059189 
0.170296 0.228743 0.284961 
0.423825 0.522487 0.587563 
0.630107 0.728748 0.763728 
0.634338 0.702289 0.698225 
0.448017 0.480486 0.458925 
0.21958 0.227554 0.216805 
0.0813914 0.0713604 0.0823351 
0.0534527 0.0189922 0.0408008 
0.0912944 0.0232532 0.0380667 
0.180773 0.0829715 0.0824015 
0.345196 0.237509 0.224491 
0.5688 0.473536 0.451118 
0.756439 0.681997 0.64483 
0.79659 0.735006 0.675187 
0.659535 0.59919 0.520165 
0.422778 0.361629 0.282759 
0.205242 0.150965 0.0945814 
0.0852719 0.0440376 0.0161754 
0.0728093 0.039549 0.0229458 
0.136032 0.0951285 0.060668 
0.238614 0.172781 0.0983334 
0.356112 0.256207 0.138096 
0.47172 0.34313 0.195538 
0.567308 0.431387 0.278686 
0.622958 0.511688 0.379272 
0.627033 0.570761 0.476583 
0.586824 0.600805 0.549541 
0.52718 0.605811 0.588762 
0.476178 0.598239 0.599491 
0.449819 0.588922 0.593506 
0.445926 0.577841 0.576798 
0.44723 0.551446 0.542386 
0.431866 0.490562 0.475069 
0.391698 0.389796 0.368674 
0.348143 0.275929 0.243915 
0.342241 0.20095 0.145659 
0.393502 0.202218 0.111871 
0.46485 0.262492 0.138968 
0.481017 0.315784 0.180993 
0.394344 0.30137 0.18788 
0.232689 0.213751 0.144941 
0.0784894 0.100641 0.0765785 
0.00339164 0.0197366 0.0199969 
0.0249867 0.00233798 0.00151214 
0.113948 0.0472546 0.0292771 
0.222568 0.129035 0.0910688 
0.303509 0.206398 0.154331 
0.323179 0.240287 0.183469 
0.280307 0.222982 0.172191 
0.212092 0.188834 0.155172 
0.166974 0.182961 0.17411 
0.163388 0.214785 0.229504 
0.179007 0.249383 0.275647 
0.181059 0.246923 0.267664 
0.159355 0.202499 0.20589 
0.126966 0.143312 0.129017 
0.09946 0.0969028 0.0728009 
0.0844381 0.0732394 0.0465389 
0.0867908 0.0725898 0.0446083 
0.110121 0.0943568 0.0631221 
0.148108 0.131132 0.0965898 
0.182354 0.163242 0.127923 
0.195501 0.170075 0.135405 
0.184168 0.147197 0.111802 
0.156034 0.107859 0.0708998 
0.118703 0.0687033 0.0336076 
0.076997 0.0382081 0.0111617 
0.0381491 0.0175379 0.00209532 
0.0114439 0.00573452 2.99114e-05 
0.000657756 0.0011563 0.000558056 
0.00220155 0.00217301 0.00319347 
0.0135233 0.0103379 0.0107199 
0.0385099 0.0302993 0.0260315 
0.0794164 0.0621544 0.0465265 
0.125615 0.0947234 0.0620419 
0.156456 0.111115 0.0620755 
0.15737 0.103004 0.0466419 
0.131009 0.0776614 0.0278483 
0.0921556 0.0501001 0.0190261 
0.0545951 0.0301303 0.0231566 
0.0244504 0.0178421 0.0323189 
0.00440984 0.00993735 0.0369202 
0.00200624 0.00947453 0.0357835 
0.0307842 0.0293087 0.0401948 
0.096995 0.0818054 0.0670582 
0.180696 0.158992 0.121044 
0.23812 0.226103 0.18141 
0.237524 0.247269 0.215364 
0.19138 0.21946 0.208665 
0.136025 0.167078 0.171404 
0.0862278 0.108723 0.114651 
0.0554265 0.0768871 0.0666592 
0.13745 0.197336 0.153974 
0.484336 0.665662 0.603455 
1.08736 1.49721 1.50301 
1.60085 2.279 2.48597 
1.56405 2.36567 2.81734 
0.920765 1.53634 2.06178 
0.204985 0.418693 0.725042 
0.0178916 0.0128716 0.00294785 
0.348065 0.670991 0.665244 
0.623592 1.69538 2.22611 
0.468313 2.0916 3.38871 
0.136099 1.59674 3.30506 
0.0352624 0.777017 2.2499 
0.109177 0.235431 1.09269 
0.058671 0.0537772 0.38843 
0.0205101 0.0383623 0.118851 
0.473747 0.119966 0.0560426 
1.3459 0.263056 0.0540216 
1.77646 0.279471 0.0542242 
1.20667 0.120634 0.113743 
0.30605 0.181877 0.44504 
0.164372 0.822552 1.13158 
0.734034 1.59938 1.74926 
0.902375 1.57501 1.64202 
0.288503 0.647443 0.792853 
0.0684969 0.00231347 0.0663283 
1.32284 0.67523 0.183433 
3.18951 2.02845 0.717612 
