1.60777 0.725334 0.130163 
0.933706 0.359088 0.0623678 
0.386098 0.11399 0.0984068 
0.11598 0.0822862 0.260652 
0.176487 0.27643 0.516406 
0.508569 0.625622 0.788072 
0.975594 1.01255 0.990406 
1.42572 1.32771 1.07163 
1.74827 1.51056 1.03333 
1.89862 1.55855 0.919628 
1.88861 1.50777 0.787572 
1.76001 1.4056 0.681731 
1.56335 1.29577 0.62942 
1.35267 1.22046 0.653861 
1.18864 1.22715 0.786849 
1.13408 1.36312 1.06258 
1.23359 1.65226 1.49064 
1.48549 2.06686 2.02596 
1.82667 2.51738 2.56134 
2.1465 2.87482 2.95627 
2.32862 3.02013 3.09234 
2.29994 2.89566 2.92644 
2.06027 2.53039 2.5118 
1.67721 2.02509 1.97467 
1.2513 1.5066 1.45934 
0.872515 1.07657 1.07086 
0.590918 0.780124 0.843102 
0.412107 0.605604 0.743733 
0.313073 0.508926 0.707205 
0.264432 0.444781 0.674322 
0.246158 0.388034 0.618147 
0.251779 0.338075 0.547295 
0.284098 0.309869 0.491485 
0.348972 0.321483 0.482426 
0.452024 0.386809 0.542222 
0.598956 0.516024 0.6833 
0.796572 0.719545 0.914403 
1.0507 1.00814 1.2427 
1.35944 1.38466 1.66566 
1.70402 1.8299 2.15583 
2.04337 2.29197 2.64976 
2.31842 2.68956 3.05359 
2.4681 2.93301 3.26864 
2.45164 2.95616 3.2277 
2.26649 2.74366 2.92378 
1.95154 2.3389 2.41585 
1.57282 1.82807 1.80781 
1.19877 1.30844 1.21189 
0.87762 0.857019 0.714188 
0.627738 0.513546 0.357004 
0.442885 0.281811 0.140967 
0.306022 0.143299 0.0402154 
0.201999 0.0728145 0.0198801 
0.123003 0.0485704 0.048392 
0.0669372 0.0552038 0.102753 
0.0330336 0.0824214 0.168634 
0.0187676 0.122483 0.237741 
0.0192725 0.168061 0.304079 
0.0281557 0.210797 0.360542 
0.0385847 0.241033 0.397625 
0.0446842 0.249524 0.40554 
0.0436643 0.231034 0.378933 
0.0380638 0.187969 0.321061 
0.0363448 0.131297 0.244047 
0.0504526 0.0773705 0.164367 
0.0909009 0.0419793 0.0962493 
0.161793 0.0348243 0.0471303 
0.258261 0.0569965 0.0174591 
0.36712 0.101718 0.00368662 
0.469775 0.156759 0.00125137 
0.546077 0.207126 0.00551186 
0.578712 0.238147 0.0114507 
0.558162 0.239716 0.0145578 
0.487277 0.211111 0.0138659 
0.382799 0.16355 0.0149998 
0.271161 0.117229 0.0295357 
0.178631 0.0923985 0.0690041 
0.120144 0.0986016 0.136283 
0.0933646 0.128718 0.220244 
0.0822781 0.162429 0.298363 
0.0686925 0.177815 0.346904 
0.0445578 0.164201 0.352944 
0.0170809 0.12816 0.320835 
0.00329977 0.0889865 0.269162 
0.0178484 0.0667365 0.22028 
0.062118 0.0705852 0.188987 
0.121823 0.0944942 0.176864 
0.174179 0.122049 0.17468 
0.199719 0.136509 0.170185 
0.191375 0.129503 0.155835 
0.156027 0.103672 0.132017 
0.108931 0.0689981 0.104889 
0.0655343 0.0364164 0.0814173 
0.0357223 0.0131045 0.065431 
0.0228118 0.0017777 0.0571876 
0.0260403 0.00314752 0.0561715 
0.0434453 0.0187279 0.0646358 
0.0727534 0.0514364 0.0889537 
0.110195 0.103414 0.137317 
0.149101 0.172649 0.214692 
0.180353 0.250941 0.317783 
0.195312 0.324964 0.433057 
0.189841 0.380368 0.539396 
0.167014 0.407011 0.614622 
0.136638 0.40276 0.64307 
0.111508 0.374039 0.62086 
0.102192 0.332966 0.556612 
0.11297 0.292616 0.4676 
0.140845 0.262647 0.37337 
0.177771 0.247021 0.28972 
0.214504 0.244214 0.225273 
0.243775 0.249028 0.18123 
0.261294 0.254638 0.153396 
0.264776 0.254087 0.134909 
0.25268 0.24142 0.118626 
0.224519 0.213217 0.0989845 
0.183253 0.170883 0.0737258 
0.138161 0.122777 0.0455031 
0.105315 0.0843015 0.0225905 
0.103483 0.074236 0.0174403 
0.145965 0.107497 0.0424814 
0.232017 0.187028 0.104191 
0.343029 0.299104 0.198091 
0.446935 0.415505 0.307617 
0.510142 0.502804 0.408267 
0.511748 0.535057 0.475686 
0.45293 0.503968 0.494139 
0.356567 0.421651 0.461536 
0.257348 0.314976 0.389093 
0.18764 0.21485 0.296568 
0.16634 0.146017 0.205971 
0.195514 0.121754 0.136557 
0.264762 0.144296 0.102158 
0.358961 0.20838 0.110025 
0.464063 0.304276 0.15975 
0.568166 0.418333 0.241901 
0.659028 0.532039 0.337644 
0.721797 0.622424 0.421297 
0.740301 0.666044 0.466709 
0.702427 0.646257 0.455993 
0.606881 0.560732 0.38714 
0.46721 0.425084 0.276667 
0.310094 0.269959 0.155311 
0.16782 0.131876 0.0578046 
0.0678296 0.0411803 0.0105804 
0.023668 0.0119547 0.0223374 
0.0311111 0.0379613 0.0813128 
0.0709687 0.0962051 0.160363 
0.117275 0.156538 0.22774 
0.147384 0.193278 0.259114 
0.149817 0.19407 0.245935 
0.126767 0.162514 0.196814 
0.0906137 0.113902 0.13172 
0.0565339 0.0665556 0.0720419 
0.0350377 0.0332413 0.0314271 
0.0281055 0.0168563 0.0117796 
0.0304828 0.0121008 0.00593211 
0.0347198 0.0113938 0.00478088 
0.0364434 0.0108943 0.00417759 
0.0364516 0.0126554 0.00719786 
0.0385619 0.021698 0.0205046 
0.0452295 0.0404082 0.0475178 
0.0546284 0.0646877 0.0833858 
0.0618674 0.0851942 0.115694 
0.0638381 0.0933894 0.131017 
0.0640894 0.0884061 0.12333 
0.0734499 0.0796277 0.0986897 
0.104646 0.0823342 0.0727314 
0.163372 0.108325 0.061978 
0.241323 0.157095 0.0740165 
0.316322 0.213392 0.10254 
0.360855 0.253506 0.130531 
0.355249 0.257417 0.140041 
0.298473 0.220163 0.122939 
0.210274 0.155759 0.0861986 
0.122828 0.0909728 0.048328 
0.0658561 0.0520426 0.0288677 
0.0530439 0.0516725 0.037286 
0.077024 0.0836459 0.0681566 
0.115414 0.127911 0.105517 
0.144006 0.162613 0.133182 
0.149222 0.175445 0.143808 
0.132934 0.167689 0.140742 
0.108031 0.149721 0.132372 
0.0889591 0.132507 0.124383 
0.0838003 0.121483 0.116324 
0.0920669 0.11606 0.104446 
0.107774 0.113183 0.0870578 
0.124439 0.111031 0.0669444 
0.139059 0.11069 0.0492621 
0.154112 0.116527 0.0383692 
0.177281 0.136194 0.0376754 
0.217774 0.17868 0.0517507 
0.278621 0.247719 0.0852972 
0.3482 0.332028 0.135818 
0.39887 0.400823 0.18556 
0.399215 0.414416 0.204436 
0.336146 0.349634 0.169569 
0.230602 0.223626 0.0904087 
0.129239 0.0929404 0.0159077 
0.0715967 0.0193564 0.00799204 
0.0574706 0.0233224 0.0932216 
0.0487346 0.0650658 0.230288 
0.0170169 0.0792599 0.328143 
0.00471782 0.0449056 0.312341 
0.13923 0.0322642 0.19237 
0.562714 0.173339 0.0708842 
1.30719 0.559083 0.0751317 
2.20639 1.13496 0.255383 
2.93241 1.68614 0.530832 
3.1629 1.94654 0.734174 
2.77869 1.76847 0.729144 
1.95014 1.23066 0.512668 
1.03887 0.59743 0.220156 
0.377251 0.151329 0.0276478 
0.0835079 0.0198806 0.0270926 
0.0439396 0.121888 0.171327 
0.0603372 0.263195 0.325952 
0.029457 0.294839 0.377815 
0.00382453 0.205644 0.309419 
0.0948033 0.0882816 0.187042 
0.321716 0.0300201 0.0887261 
0.557032 0.0362857 0.0440142 
0.624897 0.0499777 0.032842 
0.463033 0.0307457 0.0269523 
0.193174 0.00303542 0.0200927 
0.0260848 0.0217037 0.0182191 
0.0815018 0.096319 0.0164278 
0.286677 0.163721 0.0101714 
0.447613 0.149658 0.0453037 
0.425899 0.0605565 0.247387 
0.253535 0.000189479 0.761584 
0.078656 0.0717664 1.60992 
0.00479764 0.250352 2.5739 
0.00208325 0.369243 3.23465 
0.0079335 0.280635 3.20181 
0.139599 0.0815631 2.40084 
0.791872 0.193316 1.20345 
2.44884 1.1605 0.267614 
5.27899 3.25624 0.158856 
8.8105 6.16784 0.997432 
11.9865 9.02367 2.37484 
13.645 10.7959 3.59914 
13.1435 10.8394 4.09978 
10.7156 9.22127 3.72248 
7.32077 6.63729 2.74179 
4.10137 3.99911 1.62748 
1.81809 1.9791 0.756692 
0.609969 0.787208 0.260748 
0.158974 0.253829 0.0614015 
0.0541543 0.0795978 0.0103257 
