0.443419 0.322797 0.352849 
0.505297 0.262379 0.206821 
0.515155 0.20074 0.108598 
0.466995 0.143248 0.0697943 
0.38514 0.103302 0.0872808 
0.317047 0.106006 0.157436 
0.315419 0.184439 0.286353 
0.424994 0.374845 0.494722 
0.675146 0.706486 0.809248 
1.0639 1.17404 1.23002 
1.52776 1.69683 1.68381 
1.92356 2.10286 2.00664 
2.06639 2.18531 2.00429 
1.8353 1.83282 1.58602 
1.2881 1.15448 0.885175 
0.685526 0.484768 0.249636 
0.371346 0.220281 0.0623307 
0.567532 0.574708 0.492876 
1.22612 1.42497 1.36242 
2.04915 2.36974 2.23573 
2.66314 2.96415 2.68262 
2.82319 2.96538 2.52177 
2.51495 2.43026 1.88596 
1.91498 1.63092 1.09471 
1.26968 0.881129 0.454997 
0.78423 0.396893 0.128091 
0.572376 0.252697 0.115505 
0.659673 0.414023 0.32436 
1.00484 0.790944 0.641353 
1.51357 1.27311 0.972817 
2.04504 1.7411 1.24986 
2.43003 2.07297 1.4197 
2.51729 2.16614 1.44376 
2.2406 1.97649 1.30942 
1.66953 1.55158 1.04548 
0.99868 1.02539 0.722122 
0.462398 0.562077 0.424913 
0.216234 0.275801 0.215031 
0.259582 0.178885 0.103835 
0.451686 0.193857 0.0606101 
0.608436 0.217921 0.0449074 
0.611724 0.190867 0.0360429 
0.461218 0.121766 0.040458 
0.247816 0.0679715 0.0815075 
0.0840019 0.0944448 0.188694 
0.0448282 0.244038 0.392843 
0.148565 0.526695 0.717034 
0.368983 0.916957 1.15436 
0.654996 1.35237 1.64403 
0.94369 1.73988 2.0725 
1.16989 1.98032 2.31341 
1.27993 2.00631 2.28773 
1.24828 1.81209 2.0041 
1.08742 1.45559 1.55204 
0.842975 1.03148 1.05554 
0.57626 0.633175 0.620067 
0.34364 0.324578 0.302639 
0.181719 0.130665 0.111624 
0.101133 0.0427109 0.0236524 
0.0866549 0.0289739 0.00176809 
0.102416 0.0460725 0.00797912 
0.105777 0.0532329 0.0130197 
0.0720486 0.0320367 0.00820961 
0.0189408 0.00391481 0.0161593 
0.00546026 0.0254228 0.0855821 
0.0892193 0.147801 0.257378 
0.266007 0.361137 0.515433 
0.451441 0.577002 0.767534 
0.544372 0.688551 0.896162 
0.531517 0.674064 0.857747 
0.527529 0.64384 0.742263 
0.682354 0.757964 0.715626 
1.01862 1.06515 0.872503 
1.35831 1.41434 1.131 
1.43906 1.54751 1.2824 
1.13918 1.31224 1.16526 
0.60691 0.803085 0.805072 
0.162265 0.295402 0.388702 
0.0503374 0.0295446 0.104555 
0.263427 0.0415332 0.00526786 
0.578631 0.179838 0.0111507 
0.755766 0.264979 0.0217966 
0.710397 0.230049 0.00759291 
0.530182 0.130927 0.00197342 
0.360344 0.0559938 0.0330925 
0.283214 0.0434649 0.0841104 
0.28476 0.0722025 0.116294 
0.302722 0.103864 0.112204 
0.290572 0.118417 0.0861486 
0.244769 0.116581 0.0598638 
0.189716 0.104732 0.0404578 
0.146365 0.0852072 0.0238677 
0.113519 0.05777 0.0109738 
0.0764003 0.0266164 0.0135929 
0.034787 0.00804025 0.0475501 
0.0225346 0.0324595 0.125142 
0.0901381 0.130222 0.250671 
0.253859 0.300158 0.410982 
0.456542 0.485088 0.562775 
0.589284 0.589438 0.637992 
0.570292 0.543081 0.582599 
0.413618 0.363186 0.406374 
0.218563 0.151776 0.193924 
0.0852394 0.0204401 0.0527194 
0.0385447 0.00717491 0.0359482 
0.0339765 0.0622504 0.109298 
0.0285499 0.110377 0.190788 
0.029729 0.119466 0.221252 
0.0676625 0.108068 0.198534 
0.133123 0.0995019 0.155215 
0.167373 0.0889584 0.119397 
0.125649 0.0629009 0.102483 
0.0410916 0.0371649 0.111939 
0.00788704 0.0554408 0.155934 
0.0932789 0.14288 0.22819 
0.27023 0.270186 0.298766 
0.44026 0.374057 0.333969 
0.518748 0.413222 0.328355 
0.495359 0.398822 0.309839 
0.419843 0.370305 0.307896 
0.344167 0.349775 0.319523 
0.284604 0.325498 0.311829 
0.229786 0.275446 0.258478 
0.169209 0.197623 0.170044 
0.107042 0.114116 0.0872268 
0.054629 0.0504877 0.0463909 
0.0192726 0.0165953 0.0522895 
0.00295319 0.00614427 0.0801446 
0.00696577 0.00866031 0.0989043 
0.0317423 0.0177139 0.0923341 
0.070289 0.0292037 0.0638924 
0.104473 0.0369705 0.0287883 
0.112625 0.0346422 0.00410732 
0.085617 0.0232239 0.00303076 
0.0383263 0.0154875 0.0318274 
0.00451918 0.0298029 0.086887 
0.0157735 0.075968 0.15297 
0.0787939 0.144185 0.20663 
0.168384 0.207331 0.226105 
0.242177 0.236501 0.203007 
0.266813 0.219034 0.147843 
0.236894 0.165919 0.0845859 
0.174247 0.103567 0.0372138 
0.110544 0.0569858 0.0174607 
0.0683937 0.0376246 0.0224866 
0.0549272 0.0441409 0.0433136 
0.0688832 0.0721365 0.0754431 
0.109588 0.120762 0.12086 
0.176301 0.188504 0.179238 
0.259041 0.263552 0.238239 
0.333482 0.32182 0.275307 
0.369669 0.338619 0.272049 
0.34993 0.305219 0.228434 
0.280889 0.235289 0.163186 
0.189298 0.155526 0.100338 
0.105662 0.0892068 0.0548034 
0.0487789 0.0459772 0.0285992 
0.0208464 0.0230956 0.0171201 
0.0127386 0.0131228 0.0164369 
0.0127188 0.01041 0.0253506 
0.0127664 0.0132033 0.0435792 
0.0109165 0.0227427 0.0703192 
0.0105049 0.0413761 0.104379 
0.0170231 0.0701172 0.143968 
0.0330934 0.105646 0.184926 
0.0541414 0.13852 0.219122 
0.0697564 0.15603 0.236218 
0.0733301 0.151015 0.229838 
0.0738479 0.131271 0.20419 
0.09665 0.119256 0.173861 
0.165979 0.137086 0.153532 
0.280381 0.18665 0.145098 
0.40428 0.243989 0.135915 
0.487852 0.276587 0.11288 
0.50013 0.269005 0.0789138 
0.446075 0.231955 0.0525319 
0.354694 0.186965 0.0484888 
0.25457 0.145313 0.0604014 
0.161902 0.104538 0.0662193 
0.0861763 0.0627553 0.0515733 
0.0368727 0.0291715 0.0245762 
0.018309 0.0159529 0.00546681 
0.0209472 0.022301 0.00415613 
0.0254899 0.0324052 0.0118431 
0.0194365 0.0310821 0.014199 
0.00751756 0.0183384 0.00788171 
0.00316896 0.00601066 0.00109631 
0.0112113 0.00240887 0.00100782 
0.0223839 0.00452719 0.00601025 
0.02522 0.00566551 0.0113111 
0.019795 0.00631124 0.0175605 
0.0169741 0.0135506 0.029554 
0.025161 0.0303346 0.0469189 
0.0405295 0.0487481 0.0599991 
0.0509021 0.0558927 0.0576461 
0.0475847 0.0459398 0.0388766 
0.0326329 0.0257404 0.0157145 
0.0161654 0.00917039 0.00404675 
0.00831608 0.0062809 0.0109473 
0.0128943 0.016428 0.029182 
0.0260688 0.0299059 0.0429435 
0.0398633 0.0364657 0.0407003 
0.0484821 0.034906 0.0262862 
0.053162 0.0360323 0.0191495 
0.0601597 0.0539628 0.0403031 
0.0717799 0.0903408 0.0920576 
0.0798307 0.126473 0.149507 
0.0719778 0.135819 0.17662 
0.0471877 0.109022 0.156766 
0.0214146 0.0650461 0.107554 
0.0121007 0.0322581 0.061342 
0.0174355 0.0188805 0.0326864 
0.0186146 0.0106805 0.0158708 
0.00682708 0.00253331 0.020888 
0.000730663 0.0215135 0.0969134 
0.0269915 0.101038 0.290723 
0.0852322 0.22929 0.568155 
0.144004 0.340372 0.796916 
0.175364 0.371477 0.840423 
0.184762 0.323185 0.679584 
0.206017 0.252678 0.428278 
0.285812 0.219567 0.224009 
0.481866 0.262065 0.122594 
0.836195 0.414179 0.10837 
1.28537 0.685859 0.167996 
1.59344 0.98267 0.296524 
1.47149 1.0902 0.429779 
0.879155 0.842778 0.442891 
0.21054 0.357054 0.280996 
0.0579146 0.0311482 0.0710212 
0.671347 0.206244 0.0279186 
1.65228 0.802252 0.219064 
2.26206 1.34741 0.467766 
2.07469 1.41216 0.535601 
1.30693 0.991317 0.375704 
0.521988 0.440237 0.156052 
0.0947029 0.0911874 0.0469389 
0.00771634 0.000924582 0.0539929 
0.0641503 0.038509 0.0793374 
0.141791 0.095104 0.0755196 
0.227709 0.147217 0.0723607 
0.352548 0.197088 0.0859084 
0.584241 0.256156 0.0852176 
0.985852 0.366067 0.0603603 
1.44602 0.537256 0.0533723 
1.62002 0.6623 0.0886104 
1.24767 0.598236 0.127965 
0.570169 0.374609 0.136275 
0.206315 0.200325 0.132579 
0.433185 0.17158 0.119669 
0.757043 0.119695 0.0593816 
