0.347939 0.252171 0.197115 
0.557524 0.640073 0.714529 
0.610443 0.934094 1.23539 
0.543292 1.05497 1.5769 
0.45612 1.05157 1.72753 
0.387446 0.979122 1.7409 
0.302275 0.845597 1.65271 
0.176244 0.657467 1.49348 
0.0520009 0.466395 1.32527 
0.000901268 0.33592 1.21064 
0.0548438 0.271282 1.13441 
0.211654 0.220339 0.989613 
0.517745 0.173616 0.686049 
1.11562 0.257891 0.293849 
2.15413 0.690625 0.0627481 
3.59975 1.58974 0.256172 
5.1181 2.79455 0.922329 
6.17629 3.88241 1.80961 
6.3473 4.41632 2.52537 
5.61404 4.25399 2.82405 
4.43224 3.66909 2.78458 
3.4679 3.16415 2.7186 
3.17193 3.10077 2.88024 
3.49932 3.43489 3.22827 
3.98542 3.77311 3.45344 
4.11186 3.69952 3.24782 
3.66177 3.09242 2.57055 
2.7959 2.17341 1.67362 
1.84957 1.29093 0.88893 
1.08518 0.673995 0.400347 
0.608524 0.367216 0.202281 
0.433929 0.330103 0.22334 
0.541691 0.527342 0.433737 
0.854472 0.912789 0.827018 
1.21828 1.38311 1.34791 
1.47832 1.81024 1.89083 
1.59246 2.13047 2.37376 
1.64346 2.3723 2.78391 
1.72225 2.58383 3.14215 
1.81926 2.7613 3.45537 
1.8593 2.88338 3.7381 
1.83926 3.0081 4.06871 
1.89202 3.28495 4.56701 
2.17301 3.81711 5.26171 
2.66683 4.49111 5.96643 
3.1172 4.96142 6.31631 
3.17737 4.84853 5.98019 
2.67043 4.01005 4.89503 
1.74288 2.66903 3.33833 
0.784171 1.29752 1.7842 
0.179249 0.344993 0.652062 
0.084758 0.00574533 0.117696 
0.379828 0.166813 0.0856251 
0.793219 0.534121 0.30137 
1.08658 0.823166 0.508178 
1.16607 0.891712 0.558936 
1.0794 0.763108 0.447339 
0.943572 0.567447 0.272992 
0.873283 0.459019 0.176123 
0.941987 0.548651 0.270121 
1.16026 0.855375 0.583543 
1.45313 1.27629 1.02208 
1.65894 1.60074 1.38029 
1.597 1.60598 1.43662 
1.20032 1.21434 1.10969 
0.614787 0.59825 0.5639 
0.144952 0.107005 0.138568 
0.0474223 0.0258394 0.107714 
0.33604 0.35667 0.459612 
0.779472 0.824609 0.906825 
1.09284 1.10911 1.13005 
1.136 1.07803 1.02365 
0.947718 0.817479 0.716677 
0.642676 0.485545 0.394732 
0.331508 0.192631 0.152238 
0.13683 0.022966 0.0228474 
0.207993 0.0942946 0.0849618 
0.62883 0.501944 0.447619 
1.28497 1.17571 1.10273 
1.86959 1.84117 1.83672 
2.08256 2.18687 2.34792 
1.85247 2.09608 2.4705 
1.36706 1.71283 2.27563 
0.897127 1.29225 1.96538 
0.606651 1.01071 1.70344 
0.519542 0.915837 1.55738 
0.61226 1.00153 1.55128 
0.875125 1.25742 1.69421 
1.26673 1.62052 1.92388 
1.6466 1.92069 2.06304 
1.80781 1.94104 1.90438 
1.61322 1.5778 1.38691 
1.11602 0.953793 0.695585 
0.551255 0.36752 0.167205 
0.198906 0.10693 0.0641885 
0.220339 0.270207 0.395834 
0.576752 0.718111 0.919157 
1.06679 1.1739 1.3039 
1.4421 1.38839 1.3341 
1.52762 1.26485 1.01554 
1.29173 0.884215 0.540055 
0.847022 0.437533 0.150939 
0.387861 0.115001 0.00113467 
0.0883983 0.00915741 0.0826342 
0.00879715 0.0777569 0.256055 
0.072007 0.187499 0.355043 
0.138497 0.216862 0.300999 
0.124522 0.147241 0.152984 
0.0585344 0.0649516 0.0522342 
0.0239062 0.0664519 0.0978513 
0.0547982 0.156076 0.257289 
0.103974 0.243992 0.39863 
0.117409 0.252643 0.423354 
0.122756 0.219364 0.374342 
0.219571 0.278504 0.407644 
0.474782 0.533009 0.647831 
0.840018 0.946062 1.06489 
1.18227 1.36206 1.48989 
1.38787 1.62711 1.74651 
1.42303 1.68144 1.7657 
1.3057 1.54936 1.588 
1.06626 1.28367 1.29176 
0.779692 0.960726 0.95396 
0.617209 0.715046 0.670163 
0.776963 0.700342 0.547371 
1.27635 0.938612 0.609825 
1.81477 1.21169 0.714864 
1.93967 1.19217 0.640568 
1.4506 0.768491 0.329492 
0.654255 0.236604 0.0309457 
0.153983 0.0879806 0.115851 
0.321813 0.541642 0.688797 
0.964074 1.29117 1.40455 
1.516 1.75517 1.73107 
1.55679 1.5941 1.42485 
1.12777 0.97721 0.739088 
0.589239 0.364961 0.166751 
0.243217 0.0797509 0.00668486 
0.125627 0.100127 0.181925 
0.102331 0.206355 0.418712 
0.069207 0.236937 0.525815 
0.0258984 0.186228 0.4952 
0.0102234 0.122771 0.4093 
0.0295691 0.0879338 0.326473 
0.0655668 0.0786101 0.255791 
0.108916 0.0816095 0.189299 
0.170614 0.0994464 0.130632 
0.278371 0.162184 0.113824 
0.475338 0.329329 0.211123 
0.7936 0.649803 0.489497 
1.18855 1.07699 0.912044 
1.50581 1.43142 1.28953 
1.57198 1.51233 1.39694 
1.3707 1.3019 1.19578 
1.12334 1.05015 0.930444 
1.14521 1.10105 0.947101 
1.57772 1.5888 1.37591 
2.25019 2.29749 1.99159 
2.80901 2.82811 2.399 
2.98862 2.91057 2.35808 
2.77741 2.57309 1.93936 
2.36443 2.05445 1.40449 
1.96645 1.59593 0.981039 
1.70092 1.31115 0.748924 
1.56914 1.19217 0.680122 
1.5013 1.17142 0.716974 
1.40481 1.16169 0.795422 
1.20659 1.07756 0.835174 
0.894879 0.871986 0.762021 
0.537714 0.575851 0.56414 
0.248641 0.293185 0.319629 
0.113608 0.137628 0.152515 
0.135767 0.156187 0.147688 
0.24138 0.30148 0.295405 
0.336253 0.471521 0.508277 
0.367225 0.584039 0.693787 
0.350209 0.630409 0.822812 
0.348842 0.666612 0.934429 
0.410406 0.740268 1.06544 
0.501027 0.813574 1.16885 
0.51149 0.772506 1.1217 
0.363588 0.547289 0.849213 
0.130147 0.234831 0.450287 
0.0192278 0.0645916 0.162693 
0.189859 0.195124 0.159751 
0.571777 0.53931 0.379427 
0.898138 0.824052 0.584125 
0.939335 0.839826 0.595848 
0.695892 0.615107 0.44585 
0.36012 0.344271 0.2909 
0.1253 0.189714 0.237616 
0.0612059 0.189792 0.295255 
0.132944 0.311978 0.454301 
0.257109 0.499972 0.707379 
0.323628 0.649263 0.965834 
0.251557 0.636735 1.05774 
0.108658 0.47515 0.918535 
0.138753 0.405163 0.758095 
0.548733 0.701994 0.905902 
1.2137 1.32357 1.41737 
1.67328 1.8268 1.90514 
1.53336 1.7497 1.87514 
0.88841 1.09665 1.24725 
0.275578 0.375027 0.470799 
0.166628 0.110719 0.0862184 
0.537125 0.366036 0.219498 
0.970157 0.772287 0.553046 
1.14142 0.986459 0.743375 
1.12167 1.0217 0.765607 
1.19027 1.11066 0.82233 
1.43525 1.33546 1.00523 
1.62529 1.49419 1.15251 
1.47596 1.33836 1.04785 
0.974621 0.869104 0.683963 
0.401518 0.348786 0.275657 
0.0593439 0.0457236 0.0385919 
0.0265688 0.0144765 0.00698452 
0.164612 0.119641 0.0668608 
0.303968 0.214564 0.110417 
0.384815 0.259111 0.119751 
0.453641 0.300923 0.135109 
0.598351 0.416123 0.211907 
0.910889 0.688832 0.425959 
1.44937 1.18084 0.852166 
2.14894 1.83357 1.45306 
2.75522 2.3907 1.98374 
2.92522 2.504 2.09588 
2.48988 2.01353 1.63163 
1.64424 1.1449 0.829355 
0.83499 0.376995 0.178457 
0.41344 0.0620506 0.0147541 
0.387296 0.166149 0.253665 
0.507325 0.384244 0.532683 
0.560044 0.47852 0.593841 
0.534218 0.464317 0.490363 
0.519639 0.481778 0.43299 
0.528107 0.567136 0.508743 
0.487676 0.618469 0.609579 
0.400551 0.568594 0.611046 
0.424049 0.511481 0.540101 
0.726808 0.604979 0.526331 
1.26516 0.870069 0.628955 
1.74963 1.14089 0.776182 
1.87261 1.23277 0.881123 
1.57545 1.1297 0.958468 
1.08162 0.972476 1.07369 
0.671587 0.872981 1.19437 
0.448416 0.791277 1.16761 
0.337696 0.634882 0.904493 
0.287327 0.458483 0.570735 
0.398733 0.493632 0.515604 
