0.926978 0.621751 0.265074 
1.01673 0.851005 0.526685 
0.864492 0.847591 0.639123 
0.567874 0.667049 0.594775 
0.285011 0.458627 0.501598 
0.126159 0.336413 0.452054 
0.101948 0.311858 0.4489 
0.149303 0.322362 0.434396 
0.192646 0.303043 0.364276 
0.188969 0.233244 0.247102 
0.13776 0.135359 0.127426 
0.0669163 0.048186 0.0475129 
0.0126698 0.00343684 0.0257718 
0.00393026 0.0158621 0.0590454 
0.0533177 0.0824166 0.133313 
0.153411 0.183984 0.229167 
0.277246 0.288303 0.32139 
0.384912 0.357184 0.38024 
0.437822 0.360309 0.380847 
0.415895 0.291402 0.318894 
0.327021 0.176265 0.222112 
0.202834 0.0652111 0.146356 
0.0870253 0.0144019 0.155127 
0.0273421 0.0690696 0.294099 
0.0729636 0.256732 0.575448 
0.267926 0.586653 0.978138 
0.634386 1.04769 1.4594 
1.15386 1.60385 1.96843 
1.76187 2.19447 2.4562 
2.36213 2.74373 2.87976 
2.85149 3.1762 3.20272 
3.14207 3.4307 3.3951 
3.17512 3.4685 3.4355 
2.93137 3.27835 3.31629 
2.442 2.88156 3.04983 
1.79442 2.33542 2.67153 
1.11905 1.72698 2.23528 
0.550383 1.15128 1.79905 
0.177702 0.680824 1.40555 
0.0166951 0.344839 1.06883 
0.0229682 0.133537 0.777047 
0.136062 0.0238169 0.511403 
0.319326 0.00635609 0.270273 
0.569349 0.095313 0.0840221 
0.896387 0.315612 0.0093456 
1.29457 0.674484 0.0997615 
1.71885 1.13071 0.362812 
2.08031 1.58205 0.731911 
2.26907 1.89071 1.082 
2.20242 1.9438 1.28745 
1.87193 1.71134 1.28037 
1.35586 1.26013 1.0672 
0.791464 0.722452 0.70999 
0.335944 0.257968 0.315035 
0.138374 0.0313281 0.0387582 
0.307387 0.177896 0.0581923 
0.852975 0.72836 0.465381 
1.63157 1.53407 1.14958 
2.36554 2.28785 1.80231 
2.76573 2.67417 2.09504 
2.68663 2.55174 1.90075 
2.20118 2.02278 1.3643 
1.54859 1.3447 0.767494 
1.00937 0.779678 0.333689 
0.790688 0.500585 0.148396 
0.959953 0.573975 0.215223 
1.42541 0.961409 0.520216 
1.96828 1.5098 1.00893 
2.33399 1.9729 1.52544 
2.35064 2.10517 1.83027 
2.00595 1.79364 1.73013 
1.43958 1.14059 1.22774 
0.873938 0.439042 0.568331 
0.533148 0.0483489 0.133672 
0.565852 0.220351 0.233482 
0.966645 0.94626 0.907177 
1.5311 1.91136 1.85965 
1.91988 2.62572 2.60051 
1.85261 2.7004 2.73284 
1.32005 2.10567 2.2109 
0.633827 1.21156 1.37274 
0.231637 0.548358 0.705179 
0.359457 0.443864 0.507419 
0.877369 0.806793 0.706476 
1.35689 1.22279 0.958998 
1.40829 1.28749 0.94674 
0.984169 0.915979 0.62573 
0.415875 0.39011 0.237601 
0.154142 0.118258 0.0904443 
0.428041 0.312819 0.301453 
1.09617 0.846055 0.713041 
1.78677 1.37908 1.03527 
2.17554 1.62475 1.07329 
2.16253 1.51663 0.843942 
1.84525 1.17919 0.51082 
1.38257 0.784646 0.235155 
0.901078 0.44831 0.0862253 
0.49078 0.22088 0.0562017 
0.222565 0.119993 0.11274 
0.126397 0.133896 0.217115 
0.156424 0.205948 0.313058 
0.208107 0.251876 0.337385 
0.194401 0.218839 0.265239 
0.114329 0.132775 0.1434 
0.0503717 0.0832578 0.0674089 
0.10175 0.157918 0.117561 
0.314926 0.384585 0.310381 
0.659798 0.721749 0.600512 
1.05071 1.08772 0.91606 
1.38303 1.39403 1.18808 
1.56514 1.56481 1.35774 
1.54513 1.5504 1.37714 
1.33374 1.34708 1.2252 
1.01377 1.01708 0.936397 
0.720309 0.686388 0.615216 
0.587862 0.50332 0.408315 
0.684798 0.567604 0.434289 
0.971911 0.868722 0.708782 
1.31585 1.27823 1.11895 
1.55657 1.61141 1.47591 
1.59059 1.72526 1.61859 
1.41827 1.59001 1.50024 
1.12738 1.28866 1.19901 
0.83137 0.952355 0.85232 
0.610157 0.685425 0.572609 
0.490807 0.531705 0.407071 
0.46538 0.489411 0.354985 
0.513568 0.539235 0.402549 
0.604898 0.650594 0.530268 
0.688361 0.768753 0.691905 
0.698189 0.816125 0.805459 
0.588909 0.728876 0.787814 
0.377005 0.507658 0.614745 
0.149814 0.236085 0.352111 
0.0244564 0.0418057 0.123256 
0.0802557 0.0229671 0.0334121 
0.309325 0.190994 0.108245 
0.615747 0.465425 0.287677 
0.861324 0.71768 0.469299 
0.931945 0.833639 0.564419 
0.792996 0.763917 0.534953 
0.508352 0.543212 0.402314 
0.210512 0.272207 0.233598 
0.0317665 0.068091 0.111918 
0.0329723 0.00690905 0.100472 
0.176148 0.0917221 0.217262 
0.361303 0.267004 0.43552 
0.49903 0.464453 0.705906 
0.560866 0.639544 0.977366 
0.570677 0.770843 1.1988 
0.555621 0.835388 1.31139 
0.510811 0.799427 1.25876 
0.412339 0.64433 1.02368 
0.260271 0.403045 0.662383 
0.102412 0.163371 0.296401 
0.0114378 0.0239755 0.0547677 
0.0365467 0.0365686 0.0064616 
0.174738 0.182416 0.133587 
0.38422 0.398778 0.359662 
0.62006 0.625693 0.60191 
0.85365 0.830445 0.805024 
1.05948 0.995177 0.941151 
1.19125 1.09166 0.994049 
1.18526 1.0788 0.953351 
1.00358 0.933274 0.825788 
0.683807 0.685612 0.646998 
0.34171 0.420921 0.473438 
0.106869 0.231788 0.353519 
0.0364353 0.159569 0.302395 
0.0843238 0.179737 0.308551 
0.159727 0.249281 0.370931 
0.2222 0.368828 0.526706 
0.318571 0.588352 0.826381 
0.521832 0.938988 1.26223 
0.83463 1.35747 1.71664 
1.16166 1.6925 1.99989 
1.38563 1.80791 1.97214 
1.47068 1.69466 1.65594 
1.48535 1.48275 1.23596 
1.52108 1.33423 0.933859 
1.59283 1.31291 0.856522 
1.62512 1.34774 0.939604 
1.53384 1.31465 1.02262 
1.31414 1.15142 0.980325 
1.04537 0.901019 0.800984 
0.817674 0.659888 0.564993 
0.66432 0.496975 0.365989 
0.566782 0.420365 0.249087 
0.514583 0.406275 0.205213 
0.546286 0.444967 0.206584 
0.724842 0.554958 0.243953 
1.06926 0.756302 0.335681 
1.5029 1.0288 0.501823 
1.86243 1.28948 0.72109 
1.96993 1.41377 0.908958 
1.73469 1.30279 0.952084 
1.22717 0.962425 0.790971 
0.664383 0.52904 0.485058 
0.289013 0.196328 0.187293 
0.209305 0.0794868 0.0304546 
0.325944 0.129605 0.0229263 
0.42399 0.188619 0.0594591 
0.366336 0.148551 0.044213 
0.218855 0.0666926 0.00351121 
0.187086 0.117912 0.0679557 
0.418347 0.421747 0.336135 
0.852504 0.908993 0.757133 
1.25723 1.3564 1.15181 
1.40857 1.55595 1.35302 
1.25145 1.46394 1.332 
0.912812 1.20924 1.20406 
0.584463 0.978099 1.12824 
0.39328 0.889042 1.20048 
0.353535 0.947543 1.41583 
0.403278 1.08029 1.69516 
0.466166 1.19353 1.9297 
0.490579 1.21418 2.01713 
0.458754 1.10993 1.89485 
0.379929 0.897032 1.57185 
0.277494 0.632375 1.13588 
0.174838 0.385141 0.714339 
0.0876684 0.201754 0.40529 
0.0297378 0.0907815 0.229021 
0.0260939 0.0401194 0.138732 
0.116195 0.048572 0.0793456 
0.33536 0.139749 0.0427871 
0.68372 0.342693 0.0735159 
1.10633 0.654077 0.221749 
1.50204 1.01334 0.484308 
1.75868 1.31305 0.781178 
1.79621 1.44249 0.987921 
1.5978 1.34184 1.00448 
1.21787 1.03837 0.817279 
0.765697 0.644312 0.51611 
0.369861 0.313629 0.253669 
0.133769 0.173895 0.167592 
0.0984765 0.265343 0.306766 
0.2314 0.52119 0.604389 
0.449994 0.804951 0.916179 
0.668174 0.985834 1.10254 
0.835237 1.00533 1.10301 
0.94188 0.892718 0.955779 
0.996905 0.726608 0.755957 
1.00526 0.581015 0.591992 
0.973781 0.500027 0.509071 
0.937034 0.509752 0.515716 
0.968612 0.638994 0.609834 
1.15506 0.919158 0.793144 
1.54872 1.36492 1.06785 
2.13748 1.95937 1.43045 
2.84939 2.65493 1.86987 
