1.10126 0.584832 0.399627 
1.21494 0.728543 0.59132 
1.2694 0.842001 0.771428 
1.23151 0.897846 0.909597 
1.10418 0.89375 0.996819 
0.920071 0.847614 1.04311 
0.722654 0.785055 1.06931 
0.54682 0.728003 1.09868 
0.409053 0.688797 1.14884 
0.308681 0.667923 1.22163 
0.234803 0.652396 1.29271 
0.173327 0.616548 1.31017 
0.113137 0.531177 1.21276 
0.0532527 0.383409 0.967521 
0.00992599 0.198556 0.607819 
0.0171817 0.0462213 0.242976 
0.113783 0.0168809 0.0210343 
0.31795 0.173688 0.0554548 
0.603312 0.505404 0.355293 
0.894702 0.912901 0.804207 
1.09339 1.24504 1.20811 
1.12227 1.3689 1.38915 
0.966035 1.23547 1.27335 
0.68173 0.90278 0.922035 
0.372841 0.504168 0.491983 
0.142095 0.182344 0.151802 
0.0499261 0.0278057 0.00438659 
0.0988939 0.0523926 0.0550956 
0.246245 0.203781 0.232782 
0.431116 0.403332 0.44034 
0.599521 0.582557 0.601602 
0.718217 0.702917 0.683602 
0.778414 0.758484 0.693655 
0.793871 0.769114 0.663754 
0.794872 0.770259 0.634484 
0.816307 0.800302 0.642774 
0.88027 0.885089 0.712008 
0.980071 1.02339 0.843642 
1.0764 1.18125 1.01339 
1.11193 1.30144 1.17605 
1.03942 1.32594 1.27914 
0.848414 1.22091 1.28005 
0.575518 0.992048 1.15947 
0.29275 0.684251 0.927658 
0.0816695 0.369017 0.624601 
0.00748246 0.127789 0.317217 
0.103967 0.0371152 0.0932437 
0.37067 0.155536 0.0477642 
0.776661 0.509198 0.258932 
1.26524 1.07655 0.756491 
1.75948 1.77903 1.49551 
2.17303 2.48782 2.35112 
2.42903 3.0517 3.14342 
2.48318 3.34001 3.68785 
2.34075 3.28498 3.85295 
2.0574 2.90494 3.60241 
1.72079 2.29833 3.00482 
1.42002 1.61073 2.20844 
1.21595 0.988547 1.39198 
1.12424 0.536758 0.710463 
1.11645 0.294727 0.254954 
1.13644 0.23593 0.0379606 
1.12461 0.289085 0.00673594 
1.0412 0.371539 0.0766372 
0.881417 0.422226 0.169895 
0.677576 0.42179 0.243683 
0.486599 0.39226 0.296656 
0.366476 0.377287 0.353671 
0.350457 0.413242 0.439389 
0.430708 0.506318 0.556657 
0.560303 0.627653 0.681598 
0.673904 0.72835 0.776381 
0.717432 0.765024 0.809866 
0.671855 0.721167 0.772826 
0.559428 0.613484 0.680018 
0.430632 0.482151 0.561109 
0.340136 0.372763 0.448702 
0.324296 0.319879 0.370315 
0.389373 0.337853 0.344782 
0.512464 0.418768 0.378922 
0.651604 0.534974 0.462101 
0.760151 0.645513 0.562513 
0.801985 0.707767 0.632783 
0.764718 0.693867 0.628313 
0.666894 0.606011 0.531555 
0.55431 0.480931 0.367169 
0.483395 0.376714 0.195202 
0.496449 0.345192 0.0823393 
0.600156 0.403852 0.0666719 
0.75959 0.524081 0.137474 
0.912556 0.644174 0.243022 
0.997475 0.700527 0.321648 
0.979912 0.659207 0.336497 
0.863991 0.530243 0.293089 
0.684575 0.358433 0.231065 
0.487566 0.198865 0.198335 
0.311208 0.0930135 0.225464 
0.177981 0.0580659 0.315022 
0.0980068 0.0915954 0.448692 
0.0774385 0.18411 0.603507 
0.123837 0.329243 0.765098 
0.244606 0.525705 0.930879 
0.4402 0.771876 1.10423 
0.696914 1.05812 1.28584 
0.98357 1.36174 1.46795 
1.25398 1.64693 1.63362 
1.45507 1.86977 1.76002 
1.5394 1.9875 1.82391 
1.4796 1.97027 1.80814 
1.28056 1.81273 1.70812 
0.983725 1.54024 1.53599 
0.658901 1.20542 1.3198 
0.383897 0.873774 1.09619 
0.218552 0.602958 0.898812 
0.184123 0.42466 0.747687 
0.25763 0.337479 0.644992 
0.383901 0.313854 0.579124 
0.499434 0.316623 0.534155 
0.556737 0.31627 0.498861 
0.538648 0.300642 0.470623 
0.458214 0.274225 0.453297 
0.347042 0.249968 0.451989 
0.239531 0.239708 0.46872 
0.160297 0.248237 0.501282 
0.118698 0.272642 0.54478 
0.110267 0.30533 0.59373 
0.122305 0.337942 0.642962 
0.140373 0.364045 0.687072 
0.153283 0.379946 0.719473 
0.155488 0.384115 0.732294 
0.146889 0.376093 0.717669 
0.130862 0.355667 0.670094 
0.111691 0.322744 0.588929 
0.0925014 0.277893 0.479992 
0.0743406 0.223147 0.355394 
0.056515 0.16254 0.231389 
0.0379697 0.102107 0.124795 
0.0193341 0.0495251 0.0493239 
0.00502883 0.013702 0.0131928 
0.00443915 0.00429893 0.0186756 
0.030981 0.0306653 0.0631026 
0.0984782 0.0996789 0.140161 
0.21574 0.2128 0.240663 
0.381797 0.363771 0.352932 
0.584656 0.538791 0.463742 
0.804978 0.720053 0.560537 
1.02334 0.891562 0.634659 
1.22742 1.04451 0.684211 
1.4151 1.17925 0.714823 
1.59144 1.30223 0.737215 
1.7607 1.41893 0.761746 
1.91717 1.52562 0.791653 
2.03989 1.60427 0.817965 
2.09465 1.62415 0.819562 
2.04452 1.55173 0.770615 
1.86564 1.36645 0.654442 
1.56244 1.07631 0.47842 
1.17437 0.724781 0.281604 
0.769012 0.383 0.127924 
0.421692 0.127105 0.0841221 
0.189268 0.00916835 0.190314 
0.0897905 0.0350843 0.437059 
0.0984385 0.161187 0.761674 
0.162367 0.312631 1.06784 
0.2272 0.415415 1.26082 
0.261579 0.426721 1.28257 
0.267405 0.349317 1.13121 
0.271532 0.224448 0.857571 
0.3049 0.108608 0.542344 
0.381334 0.046764 0.265485 
0.487323 0.054552 0.0808461 
0.587139 0.115809 0.00434924 
0.639393 0.193848 0.0170628 
0.61594 0.249332 0.0788002 
0.51432 0.256497 0.145469 
0.359158 0.211981 0.184009 
0.1933 0.134385 0.180973 
0.0630964 0.0559343 0.143282 
0.00323644 0.00958431 0.0918646 
0.0256577 0.0158662 0.0508229 
0.115567 0.0740001 0.036227 
0.236042 0.161106 0.049175 
0.340665 0.240972 0.0763864 
0.390731 0.279789 0.0982466 
0.370547 0.262043 0.100103 
0.293293 0.198057 0.080218 
0.193081 0.117883 0.0493314 
0.106081 0.053798 0.0221632 
0.0512462 0.0216756 0.00733267 
0.0237929 0.0141195 0.00436647 
0.00847475 0.0123136 0.0120869 
0.00688454 0.011177 0.0436722 
0.0611567 0.0414131 0.136327 
0.254445 0.170627 0.344113 
0.679941 0.476643 0.712348 
1.3895 1.00369 1.24536 
2.34819 1.72497 1.88682 
3.42167 2.53421 2.52722 
4.4076 3.27385 3.03811 
5.09916 3.78746 3.31706 
5.3525 3.97183 3.32133 
5.12935 3.80628 3.07574 
4.50078 3.3509 2.65546 
3.61697 2.72105 2.15724 
2.6602 2.05292 1.67433 
1.79912 1.47244 1.28238 
1.15437 1.07163 1.03314 
0.778443 0.891813 0.948736 
0.650394 0.914505 1.01436 
0.687093 1.06477 1.17485 
0.77226 1.23251 1.34454 
0.798338 1.30989 1.43338 
0.707122 1.2323 1.38112 
0.510582 1.00358 1.18274 
0.279478 0.691266 0.890133 
0.103309 0.392202 0.587432 
0.0418514 0.185902 0.352361 
0.0948233 0.100131 0.223814 
0.206588 0.106294 0.191729 
0.302307 0.144514 0.211763 
0.333099 0.161492 0.233587 
0.302809 0.138504 0.226183 
0.261112 0.095356 0.188579 
0.269095 0.0722023 0.145113 
0.360101 0.103907 0.132555 
0.519957 0.203139 0.187314 
0.69669 0.359217 0.335819 
0.830502 0.547714 0.586106 
0.883325 0.740165 0.9188 
0.850657 0.907189 1.28096 
0.752777 1.0174 1.59092 
0.616574 1.04008 1.75998 
0.463035 0.956274 1.72676 
0.307274 0.773687 1.48819 
0.165747 0.533116 1.10797 
0.0593349 0.297103 0.692911 
0.00609055 0.123188 0.347092 
0.00856228 0.0369678 0.128277 
0.0476352 0.022847 0.031683 
0.0908889 0.0394231 0.00896902 
0.111456 0.0490836 0.00775174 
0.103575 0.0409012 0.00425045 
0.082558 0.031029 0.00849804 
0.0692988 0.0422402 0.0427375 
0.0725192 0.0804416 0.11321 
0.0840535 0.127775 0.198713 
0.0909403 0.15755 0.264178 
0.0924333 0.157461 0.28666 
0.104337 0.140217 0.271586 
0.143687 0.131586 0.246362 
0.205739 0.146156 0.23825 
