0.397779 0.306101 0.29918 
0.430491 0.282221 0.321053 
0.488436 0.293065 0.352697 
0.493496 0.291201 0.354762 
0.415773 0.262554 0.322992 
0.301062 0.245797 0.30071 
0.25596 0.318975 0.362637 
0.398778 0.561126 0.579043 
0.80172 1.00959 0.978911 
1.45236 1.63425 1.52958 
2.25085 2.33981 2.14091 
3.04142 2.99358 2.69073 
3.66274 3.46624 3.0613 
3.99652 3.67036 3.17456 
3.99809 3.58483 3.01678 
3.70192 3.25956 2.64659 
3.20395 2.80028 2.18364 
2.62905 2.33833 1.77922 
2.09457 1.99334 1.57438 
1.68097 1.83947 1.65663 
1.41777 1.88602 2.02968 
1.28847 2.07986 2.60867 
1.25139 2.33002 3.24574 
1.26748 2.54549 3.77855 
1.32247 2.6712 4.08421 
1.43318 2.70661 4.11724 
1.63452 2.69864 3.91639 
1.95356 2.71266 3.57881 
2.38378 2.79552 3.21447 
2.87326 2.94876 2.90193 
3.33379 3.12444 2.6644 
3.66777 3.24481 2.47379 
3.80057 3.23528 2.2764 
3.70438 3.05474 2.02526 
3.40416 2.7104 1.70339 
2.96568 2.25338 1.33017 
2.47345 1.76041 0.952445 
2.00859 1.31185 0.628321 
1.63373 0.974097 0.411634 
1.38636 0.789521 0.340809 
1.27812 0.772374 0.431721 
1.29703 0.908222 0.672949 
1.41133 1.156 1.02371 
1.57522 1.4537 1.41685 
1.7365 1.72855 1.76916 
1.8446 1.91037 1.99838 
1.85754 1.9455 2.0431 
1.74763 1.8082 1.8798 
1.50758 1.50824 1.53232 
1.15781 1.0937 1.07064 
0.752269 0.646753 0.59767 
0.37567 0.269493 0.224746 
0.125819 0.0582226 0.0398475 
0.0819543 0.0713459 0.0774588 
0.270615 0.303273 0.302799 
0.646989 0.679198 0.620986 
1.10527 1.07844 0.911829 
1.51693 1.37934 1.07701 
1.77958 1.50528 1.07721 
1.85208 1.44906 0.940161 
1.75965 1.26445 0.736309 
1.57028 1.03302 0.538396 
1.35935 0.827498 0.39024 
1.18289 0.691728 0.302311 
1.06934 0.642665 0.271503 
1.02519 0.683243 0.304645 
1.04213 0.809313 0.423183 
1.09775 1.00274 0.642244 
1.15251 1.21859 0.939386 
1.15377 1.38358 1.23977 
1.05352 1.41715 1.43589 
0.835147 1.26974 1.43651 
0.533734 0.956948 1.21776 
0.234567 0.566784 0.844821 
0.0456408 0.230886 0.448768 
0.0554056 0.0715553 0.169261 
0.295592 0.150311 0.0930992 
0.725997 0.442484 0.219477 
1.24644 0.848111 0.466819 
1.72879 1.23162 0.714022 
2.0555 1.47148 0.853794 
2.15203 1.50002 0.833817 
2.00506 1.3209 0.670745 
1.66301 1.00113 0.435453 
1.2195 0.64313 0.219146 
0.783974 0.347506 0.0953843 
0.448089 0.179556 0.0927833 
0.259667 0.151301 0.188056 
0.214224 0.225248 0.320977 
0.267254 0.33748 0.424043 
0.360726 0.429208 0.453496 
0.450487 0.472108 0.407806 
0.521469 0.476101 0.325536 
0.584859 0.477193 0.264168 
0.661238 0.512919 0.270345 
0.760624 0.598602 0.355833 
0.870786 0.716421 0.490535 
0.959777 0.822358 0.615856 
0.99071 0.867142 0.672211 
0.940577 0.820641 0.627812 
0.813176 0.687618 0.494943 
0.639421 0.507037 0.325505 
0.464771 0.335117 0.187463 
0.330044 0.22049 0.133489 
0.255211 0.183766 0.177357 
0.233965 0.211404 0.289781 
0.240911 0.265937 0.414897 
0.246464 0.30593 0.49758 
0.231098 0.304594 0.506717 
0.192192 0.258288 0.443481 
0.141986 0.183151 0.333583 
0.10003 0.104714 0.211451 
0.0849909 0.0473754 0.106567 
0.108563 0.0276062 0.0373553 
0.171424 0.0504588 0.010904 
0.260571 0.107381 0.0235853 
0.349324 0.175621 0.0603641 
0.403145 0.222661 0.0959977 
0.393024 0.218841 0.103453 
0.313119 0.156192 0.070584 
0.193863 0.0646228 0.0179617 
0.100686 0.0137282 0.00538788 
0.114024 0.0933506 0.117452 
0.296371 0.37715 0.429407 
0.660603 0.884399 0.967276 
1.1554 1.55899 1.68228 
1.6765 2.27809 2.45469 
2.10049 2.88917 3.12847 
2.3271 3.26028 3.5625 
2.312 3.32256 3.67659 
2.0772 3.08766 3.473 
1.69663 2.63527 3.02685 
1.26527 2.07919 2.45287 
0.866629 1.52822 1.86516 
0.551476 1.05788 1.3467 
0.333755 0.700865 0.937594 
0.200575 0.454378 0.640611 
0.127711 0.295823 0.436176 
0.0921152 0.197688 0.297472 
0.077442 0.136635 0.200505 
0.0739675 0.0968199 0.128629 
0.0767415 0.0701425 0.0736317 
0.0846292 0.0553985 0.0350298 
0.099937 0.0563097 0.0176071 
0.126678 0.0775953 0.0268279 
0.166665 0.119643 0.0631582 
0.215298 0.174461 0.118146 
0.260411 0.226059 0.17517 
0.286142 0.256162 0.215375 
0.280328 0.252562 0.225877 
0.241131 0.215257 0.20553 
0.178699 0.156575 0.164807 
0.110792 0.0951597 0.119941 
0.0549742 0.0473916 0.0849044 
0.0217853 0.0210325 0.0657653 
0.0121307 0.0140135 0.0600739 
0.0192538 0.0179843 0.0607137 
0.0332507 0.023788 0.0613407 
0.045472 0.0257664 0.0602946 
0.0511542 0.0232995 0.0613641 
0.0500096 0.0198151 0.0716873 
0.0453007 0.0204929 0.09822 
0.0420089 0.0298238 0.1443 
0.0445945 0.0496618 0.207339 
0.0549078 0.0780453 0.278152 
0.0709821 0.109038 0.342184 
0.0873447 0.133896 0.382684 
0.0969785 0.143648 0.385529 
0.0943353 0.132646 0.344649 
0.0782231 0.101894 0.266218 
0.0532247 0.060507 0.16937 
0.0286583 0.0238566 0.0818904 
0.0149719 0.00817076 0.0312023 
0.0187393 0.0232279 0.0335702 
0.038606 0.066507 0.0862478 
0.0648104 0.122379 0.16699 
0.0835778 0.167955 0.24233 
0.0849634 0.183623 0.281562 
0.0700294 0.163085 0.269866 
0.0525649 0.117136 0.213946 
0.0529804 0.0683648 0.13721 
0.0866171 0.0391238 0.0672006 
0.152761 0.0393632 0.0222776 
0.231294 0.0614684 0.0047884 
0.290212 0.0854316 0.00406291 
0.301068 0.0916278 0.00671174 
0.254402 0.0737965 0.00747495 
0.166551 0.0444146 0.0136945 
0.0735436 0.0288509 0.0404505 
0.014656 0.0511305 0.0991751 
0.0138722 0.11912 0.186768 
0.0686916 0.217578 0.282374 
0.151886 0.313376 0.354773 
0.225024 0.370491 0.37707 
0.256607 0.366928 0.340654 
0.23563 0.30464 0.260295 
0.174376 0.207462 0.167059 
0.100223 0.108863 0.0929031 
0.0419345 0.0367573 0.0557772 
0.0178896 0.00353712 0.0536181 
0.031367 0.00551181 0.0698929 
0.0731833 0.0298121 0.0860381 
0.128023 0.0628289 0.0922359 
0.180097 0.0947887 0.0900084 
0.216144 0.11927 0.0864404 
0.226754 0.13076 0.0857409 
0.208093 0.124388 0.085069 
0.164429 0.0991169 0.0775129 
0.109466 0.0617118 0.0592159 
0.063688 0.027079 0.0345319 
0.0470736 0.012924 0.0149577 
0.0701199 0.0310968 0.012637 
0.128202 0.0810045 0.0333073 
0.203 0.149505 0.0735926 
0.27062 0.217442 0.123884 
0.311988 0.268625 0.173904 
0.319902 0.295853 0.216665 
0.299543 0.30107 0.248651 
0.263286 0.290889 0.267474 
0.22367 0.271361 0.270091 
0.188502 0.245401 0.253624 
0.159902 0.213654 0.218123 
0.136464 0.177034 0.168746 
0.11629 0.138511 0.115201 
0.0990015 0.102917 0.0684681 
0.0859981 0.0752412 0.0367527 
0.079308 0.0587293 0.0229987 
0.0798971 0.0538084 0.0249459 
0.0863511 0.0580868 0.0370881 
0.0947174 0.0672116 0.0531164 
0.0999045 0.0763309 0.0678243 
0.0982804 0.0819005 0.0782305 
0.0901917 0.0832697 0.0840423 
0.0807029 0.0831479 0.0874008 
0.0775458 0.0862846 0.0917047 
0.086955 0.0967101 0.099707 
0.109751 0.115105 0.111845 
0.14037 0.13824 0.12608 
0.169976 0.161301 0.139775 
0.192088 0.181843 0.152541 
0.207124 0.202502 0.16781 
0.222459 0.229895 0.191222 
0.247263 0.269531 0.226027 
0.284927 0.31957 0.268193 
0.327992 0.36784 0.305002 
0.359549 0.395199 0.319326 
0.361342 0.384555 0.298266 
0.324495 0.331005 0.241513 
0.256631 0.247035 0.164108 
0.180713 0.159045 0.0910826 
0.125451 0.0962294 0.0461909 
