0.0060641 0.0287181 0.081984 
0.121466 0.191547 0.258606 
0.263164 0.402725 0.502366 
0.288516 0.455071 0.561273 
0.205714 0.333174 0.411638 
0.162588 0.210919 0.248568 
0.294759 0.266867 0.270708 
0.59536 0.516161 0.491498 
0.921767 0.80814 0.744962 
1.11317 0.962149 0.843479 
1.1083 0.905715 0.72486 
0.973081 0.708425 0.476047 
0.82676 0.503866 0.242488 
0.734174 0.376198 0.113186 
0.661597 0.309469 0.0741734 
0.537564 0.238598 0.0579512 
0.350679 0.139277 0.0273627 
0.170665 0.0527269 0.00177126 
0.0690524 0.0233863 0.00853585 
0.0447585 0.0431916 0.0431212 
0.055262 0.0872924 0.107243 
0.106802 0.187897 0.266242 
0.262813 0.415046 0.604046 
0.53395 0.749815 1.07981 
0.79091 1.011 1.463 
0.844852 0.978183 1.48962 
0.638091 0.622986 1.1296 
0.330191 0.194285 0.680095 
0.163977 0.0310879 0.545619 
0.243506 0.270909 0.894885 
0.454134 0.739704 1.52249 
0.592316 1.11702 2.03288 
0.551391 1.1946 2.14837 
0.379894 0.98949 1.86271 
0.193268 0.658585 1.36092 
0.0659702 0.352312 0.849218 
0.00934856 0.148214 0.459678 
0.0176612 0.0731556 0.254639 
0.09962 0.134181 0.251675 
0.258724 0.31072 0.417005 
0.459516 0.536145 0.654544 
0.629111 0.713642 0.836053 
0.697277 0.765654 0.86637 
0.638375 0.675822 0.732899 
0.482738 0.490912 0.501609 
0.295237 0.287158 0.269086 
0.139671 0.1287 0.109078 
0.0491332 0.0415483 0.0436485 
0.0162923 0.0116345 0.0454563 
0.0101116 0.00514529 0.0631183 
0.0110428 0.000869482 0.0569796 
0.0372205 0.013375 0.0274422 
0.132133 0.08442 0.0156682 
0.316577 0.243068 0.0716515 
0.550288 0.469258 0.214273 
0.749409 0.700844 0.420718 
0.850229 0.882099 0.654489 
0.854604 1.00297 0.89653 
0.808599 1.08437 1.13758 
0.742436 1.1277 1.33865 
0.64583 1.09404 1.41606 
0.507481 0.947121 1.29221 
0.363943 0.715405 0.978257 
0.286527 0.495519 0.603071 
0.310286 0.377945 0.339557 
0.386826 0.364141 0.278086 
0.426943 0.364364 0.359137 
0.40179 0.289053 0.432672 
0.397416 0.147953 0.393698 
0.550703 0.0525281 0.265584 
0.910552 0.107947 0.151901 
1.355 0.298327 0.114539 
1.65797 0.488093 0.11568 
1.65936 0.546644 0.0857844 
1.38375 0.467313 0.0270225 
0.997848 0.352963 0.0167263 
0.660281 0.292258 0.104623 
0.42322 0.279172 0.243741 
0.27155 0.271659 0.361449 
0.218115 0.304998 0.49096 
0.315578 0.496612 0.781922 
0.565083 0.909402 1.33836 
0.845702 1.42448 2.0477 
0.9742 1.7835 2.60125 
0.850703 1.7798 2.71129 
0.542834 1.41841 2.32605 
0.230315 0.903639 1.65399 
0.0825856 0.490292 1.00278 
0.192281 0.344434 0.593308 
0.589254 0.502581 0.482311 
1.24949 0.893827 0.592608 
2.04009 1.35615 0.773971 
2.6765 1.65709 0.858693 
2.82478 1.58654 0.735875 
2.34312 1.11523 0.441552 
1.45405 0.479762 0.181143 
0.632338 0.0549633 0.203345 
0.253312 0.0675932 0.58328 
0.312698 0.401874 1.10936 
0.487295 0.700363 1.4168 
0.469527 0.682871 1.28069 
0.239573 0.384242 0.808202 
0.0272558 0.0947775 0.351681 
0.0463067 0.0832424 0.225903 
0.287782 0.37354 0.481186 
0.551014 0.756484 0.90545 
0.637561 0.982256 1.21255 
0.510169 0.945266 1.24168 
0.299919 0.729474 1.0315 
0.194322 0.521033 0.757416 
0.312002 0.479788 0.607008 
0.642548 0.653418 0.67533 
1.06459 0.964379 0.922986 
1.41026 1.25598 1.20236 
1.53832 1.37004 1.33766 
1.39234 1.22786 1.22719 
1.02775 0.87854 0.911742 
0.588648 0.475537 0.550713 
0.232812 0.179974 0.305431 
0.0460633 0.0566332 0.220264 
0.00996038 0.052135 0.213833 
0.0449375 0.073091 0.190519 
0.0809304 0.0803173 0.151801 
0.0917666 0.103968 0.184707 
0.0845352 0.181344 0.34591 
0.0835541 0.304105 0.579001 
0.129491 0.432561 0.756632 
0.268915 0.541569 0.791869 
0.514635 0.631212 0.696073 
0.807923 0.695845 0.539625 
1.03281 0.704098 0.381101 
1.08538 0.623416 0.241884 
0.943344 0.461754 0.13012 
0.679513 0.278046 0.0652792 
0.413666 0.149228 0.0722744 
0.242742 0.123598 0.158281 
0.195787 0.196076 0.300203 
0.235157 0.31759 0.453288 
0.293911 0.426274 0.571297 
0.319378 0.478174 0.623737 
0.29508 0.461223 0.602979 
0.235266 0.391639 0.523501 
0.167149 0.302551 0.417782 
0.116579 0.231609 0.327607 
0.0997023 0.206886 0.287028 
0.117816 0.233532 0.303425 
0.158427 0.292478 0.354355 
0.205943 0.357314 0.408372 
0.25474 0.41622 0.452143 
0.312251 0.478209 0.497144 
0.390144 0.560231 0.562774 
0.492355 0.670816 0.658854 
0.605473 0.801613 0.783431 
0.691949 0.92292 0.924579 
0.695343 0.982774 1.05198 
0.573052 0.925046 1.11189 
0.347385 0.732988 1.05115 
0.126673 0.466008 0.862797 
0.0520742 0.240806 0.606751 
0.193388 0.153675 0.374092 
0.483026 0.208063 0.223405 
0.757181 0.31776 0.150429 
0.874633 0.383666 0.115011 
0.809603 0.369769 0.0881575 
0.64573 0.312553 0.0698225 
0.495695 0.271933 0.0718086 
0.428678 0.283247 0.0985396 
0.456135 0.349308 0.147946 
0.558492 0.458652 0.220638 
0.708889 0.597061 0.317333 
0.876823 0.744056 0.427204 
1.02628 0.870891 0.526013 
1.12315 0.951024 0.590397 
1.14768 0.973875 0.613824 
1.09968 0.947687 0.608604 
0.993341 0.890118 0.594697 
0.849336 0.81685 0.587249 
0.691633 0.737356 0.59123 
0.548291 0.658687 0.603625 
0.448577 0.591273 0.620014 
0.411359 0.548968 0.640615 
0.431732 0.540806 0.669772 
0.482314 0.562146 0.707808 
0.535719 0.59661 0.743607 
0.588345 0.628505 0.757541 
0.65474 0.650069 0.732456 
0.731265 0.652688 0.660977 
0.771085 0.615594 0.54468 
0.711438 0.515797 0.393641 
0.535988 0.357302 0.231553 
0.305388 0.185315 0.0955215 
0.115747 0.059857 0.0186688 
0.0238632 0.0099917 0.00600069 
0.0151818 0.0164191 0.029886 
0.0397151 0.0392291 0.0538542 
0.0661665 0.0564632 0.0609006 
0.0953496 0.0717447 0.0574491 
0.132696 0.0915003 0.0539567 
0.166211 0.107306 0.0492884 
0.17765 0.105043 0.0364222 
0.166225 0.084507 0.0175272 
0.151025 0.0617788 0.00597879 
0.150047 0.051884 0.0119948 
0.162915 0.0541008 0.0300792 
0.175836 0.0564586 0.0437419 
0.178368 0.0511774 0.0417708 
0.170619 0.0415562 0.0275852 
0.156034 0.0343212 0.0128462 
0.133849 0.0299052 0.00494881 
0.103387 0.0239935 0.00311523 
0.0754526 0.0186108 0.00579732 
0.0763347 0.0297159 0.0193797 
0.136493 0.0817562 0.0581351 
0.268731 0.190363 0.133695 
0.448825 0.342561 0.239453 
0.614347 0.489071 0.340951 
0.691935 0.562882 0.386597 
0.642989 0.521618 0.341981 
0.493243 0.382928 0.223661 
0.315326 0.215818 0.0949188 
0.176047 0.0892947 0.0176185 
0.0984133 0.0270729 0.00524311 
0.0705414 0.011481 0.0263333 
0.0774807 0.0212428 0.0495632 
0.111288 0.0515172 0.0734031 
0.155867 0.0983137 0.109719 
0.182761 0.141919 0.153831 
0.173033 0.159124 0.184618 
0.134858 0.145155 0.188041 
0.0906618 0.112284 0.166314 
0.0544445 0.0718762 0.125843 
0.0320765 0.0312997 0.0724554 
0.0347233 0.00585356 0.0230341 
0.0706831 0.0140843 0.00512107 
0.119903 0.0513484 0.0297893 
0.13684 0.081628 0.0712722 
0.0966882 0.0729629 0.0894711 
0.0334979 0.0393587 0.0749195 
0.0159767 0.0333672 0.0605007 
0.0806093 0.0920022 0.0838703 
0.19552 0.196983 0.145585 
0.292532 0.291952 0.209458 
0.328607 0.332781 0.238258 
0.313818 0.317028 0.222276 
0.287702 0.271463 0.17696 
0.277632 0.22179 0.123124 
0.28002 0.177075 0.0740033 
0.274558 0.137063 0.0368943 
0.25037 0.106573 0.0199252 
0.216837 0.0981249 0.0322835 
0.191236 0.119443 0.0757148 
