0.133112 0.0686701 0.112657 
0.200776 0.113005 0.14349 
0.346277 0.207466 0.187359 
0.59947 0.372706 0.246246 
0.957004 0.608291 0.320525 
1.34748 0.86988 0.399494 
1.63639 1.07276 0.460465 
1.69044 1.13669 0.488016 
1.46661 1.04635 0.499908 
1.05434 0.872789 0.5461 
0.625712 0.724662 0.665382 
0.325267 0.662488 0.832157 
0.186165 0.651763 0.951581 
0.138953 0.601449 0.925065 
0.09801 0.454959 0.736284 
0.0450279 0.248576 0.475087 
0.0384972 0.0822858 0.267441 
0.150804 0.0335293 0.172033 
0.398447 0.0994988 0.144026 
0.727116 0.221587 0.104787 
1.053 0.359218 0.0485317 
1.31096 0.530493 0.0735745 
1.46813 0.776347 0.297553 
1.50983 1.08972 0.733584 
1.43261 1.3891 1.24695 
1.25844 1.56757 1.63563 
1.04585 1.56964 1.76239 
0.869208 1.42365 1.62741 
0.771921 1.20635 1.33662 
0.732219 0.980892 1.01462 
0.675597 0.765543 0.741461 
0.532611 0.553645 0.548759 
0.305418 0.359076 0.451789 
0.0937621 0.241404 0.472173 
0.0484616 0.279712 0.624597 
0.266749 0.503915 0.877496 
0.698358 0.836486 1.12819 
1.14585 1.10864 1.23536 
1.38129 1.16407 1.11017 
1.29948 0.978404 0.802775 
0.98256 0.68706 0.497793 
0.621737 0.482742 0.3951 
0.368775 0.464189 0.5598 
0.247439 0.568305 0.86828 
0.186268 0.641359 1.10127 
0.117237 0.577284 1.10666 
0.0390618 0.399617 0.899107 
0.000302158 0.228943 0.628068 
0.039792 0.181356 0.457915 
0.147526 0.28659 0.459825 
0.272855 0.47777 0.583442 
0.362293 0.64312 0.707784 
0.395181 0.696441 0.724862 
0.396317 0.624983 0.603646 
0.420291 0.49236 0.402407 
0.516107 0.398384 0.228469 
0.693052 0.421051 0.173692 
0.911684 0.576431 0.266374 
1.10791 0.818896 0.465786 
1.23198 1.07447 0.694255 
1.27113 1.27828 0.878565 
1.23985 1.39141 0.974333 
1.15231 1.39634 0.967604 
1.00852 1.2896 0.866472 
0.809337 1.08585 0.696403 
0.580892 0.826173 0.498834 
0.374601 0.570264 0.321637 
0.233737 0.367197 0.197513 
0.158804 0.228036 0.125948 
0.11191 0.130119 0.0803602 
0.0602316 0.0523382 0.0397598 
0.0130852 0.00423873 0.014305 
0.0108186 0.0148006 0.0345381 
0.0762812 0.0913674 0.111796 
0.181437 0.195308 0.212205 
0.264778 0.264619 0.275895 
0.280423 0.262275 0.265298 
0.229806 0.201743 0.19502 
0.15089 0.12729 0.115542 
0.0845783 0.0738073 0.0699387 
0.0540504 0.0467201 0.0653632 
0.0708845 0.0360274 0.0800984 
0.153132 0.044283 0.0917667 
0.333495 0.100706 0.0994869 
0.64874 0.251361 0.126672 
1.11565 0.533771 0.208605 
1.70402 0.948639 0.372904 
2.31831 1.43853 0.617701 
2.80322 1.88523 0.895657 
2.98764 2.14019 1.1198 
2.76363 2.08986 1.20185 
2.16268 1.72676 1.10719 
1.36971 1.17342 0.884655 
0.642559 0.626014 0.638399 
0.17625 0.245811 0.457304 
0.00702479 0.0772474 0.360211 
0.0279204 0.0539887 0.30375 
0.095971 0.0784986 0.239411 
0.137165 0.100198 0.161472 
0.170231 0.131914 0.104976 
0.251679 0.210268 0.107953 
0.405972 0.348929 0.179737 
0.596526 0.5202 0.295629 
0.745868 0.665344 0.408017 
0.780981 0.720834 0.463218 
0.676057 0.65172 0.425688 
0.470747 0.478286 0.303523 
0.252446 0.273975 0.151506 
0.11347 0.128528 0.0390622 
0.113665 0.10281 0.00811587 
0.268229 0.208192 0.0588405 
0.548234 0.411716 0.166332 
0.875024 0.644802 0.296415 
1.12409 0.813562 0.405698 
1.17374 0.835087 0.451259 
0.988271 0.698083 0.427555 
0.659824 0.490364 0.392519 
0.347767 0.340108 0.428533 
0.158449 0.3075 0.555093 
0.0826973 0.336168 0.687379 
0.0497765 0.322574 0.703845 
0.0253032 0.230377 0.563707 
0.0372055 0.12342 0.348914 
0.111606 0.0863358 0.184939 
0.213016 0.130794 0.128719 
0.268821 0.191911 0.13972 
0.243969 0.204492 0.146023 
0.170841 0.162036 0.116744 
0.104262 0.101698 0.0695616 
0.0666133 0.0558147 0.0334912 
0.0483996 0.0359525 0.0272128 
0.0472941 0.0527723 0.0672226 
0.082458 0.12493 0.171189 
0.16714 0.258473 0.339407 
0.286007 0.431087 0.542665 
0.413008 0.609967 0.741518 
0.541236 0.778401 0.913531 
0.675236 0.928596 1.04808 
0.791579 1.02879 1.11605 
0.828181 1.02095 1.06883 
0.735781 0.876251 0.893365 
0.543902 0.655894 0.670611 
0.361511 0.49777 0.556353 
0.296249 0.518504 0.673567 
0.36548 0.71468 1.00456 
0.485255 0.957858 1.38573 
0.545281 1.09049 1.61631 
0.495601 1.03628 1.58884 
0.368876 0.833747 1.3374 
0.233321 0.58189 0.982735 
0.133993 0.362501 0.641114 
0.0747213 0.205229 0.372934 
0.0398141 0.103436 0.188993 
0.0184931 0.0429768 0.0785318 
0.00784263 0.0128708 0.0242615 
0.00390464 0.0019628 0.00450258 
0.00116626 0.000603424 5.24904e-06 
0.00147683 0.00933347 0.0066467 
0.0160261 0.0387748 0.0361754 
0.0527221 0.0937661 0.0965964 
0.102835 0.158024 0.170824 
0.144825 0.200211 0.220043 
0.163329 0.199289 0.213261 
0.162445 0.16363 0.154802 
0.158523 0.123391 0.0818885 
0.161134 0.103792 0.0347533 
0.163589 0.106009 0.0279275 
0.152246 0.112211 0.0467063 
0.122893 0.105811 0.0661202 
0.0868696 0.0856425 0.0711659 
0.063096 0.0636923 0.0624922 
0.0664203 0.0537195 0.0493505 
0.102128 0.0630462 0.0408302 
0.165873 0.0911329 0.0416953 
0.243596 0.130612 0.0514059 
0.312027 0.168263 0.0640851 
0.345806 0.18876 0.0707671 
0.331443 0.18269 0.065016 
0.277408 0.153328 0.0481031 
0.209189 0.114733 0.0280686 
0.152139 0.0819276 0.0128503 
0.11792 0.0628667 0.00483469 
0.105931 0.0594846 0.00276549 
0.113585 0.0732794 0.00743666 
0.139996 0.104996 0.0221393 
0.178371 0.146899 0.045753 
0.209495 0.178989 0.0676896 
0.209709 0.179251 0.0740522 
0.169317 0.141716 0.061089 
0.10295 0.08429 0.0414026 
0.0402359 0.0368543 0.0349553 
0.00523163 0.0202416 0.0537192 
0.00306454 0.0350034 0.0952136 
0.0225048 0.0669099 0.148591 
0.0476358 0.0995548 0.2029 
0.0674113 0.122007 0.248371 
0.0788395 0.129743 0.274253 
0.0859112 0.124233 0.272106 
0.0965565 0.113164 0.244035 
0.11873 0.108208 0.205413 
0.15764 0.119368 0.175916 
0.215498 0.149995 0.166131 
0.291124 0.195875 0.171993 
0.375843 0.246606 0.180287 
0.448809 0.286896 0.178049 
0.481196 0.299998 0.15869 
0.452594 0.276082 0.123938 
0.367854 0.220791 0.0829499 
0.257442 0.15427 0.0476887 
0.158855 0.0986983 0.0253395 
0.0956466 0.0655238 0.0141596 
0.0713222 0.0543502 0.00856305 
0.0771484 0.0609788 0.00850644 
0.0996283 0.0811717 0.0204506 
0.121111 0.105093 0.0459723 
0.12259 0.11427 0.0716006 
0.096622 0.0933653 0.0761899 
0.0600045 0.0488379 0.0522968 
0.0467619 0.0113577 0.0180915 
0.0798963 0.0122345 0.00314907 
0.146763 0.0538762 0.0202912 
0.204339 0.104651 0.052823 
0.211833 0.124862 0.0706331 
0.161248 0.0992323 0.0580559 
0.081361 0.0473562 0.026371 
0.0178468 0.00783958 0.0028373 
0.00869381 0.0135404 0.0104742 
0.0668951 0.0739653 0.0545723 
0.171534 0.168775 0.119684 
0.27138 0.253486 0.175086 
0.309153 0.280835 0.189432 
0.259664 0.231768 0.151459 
0.152492 0.133284 0.0818569 
0.0540674 0.0430013 0.0215886 
0.0207961 0.00990581 0.00333772 
0.0643455 0.0454701 0.032098 
0.155621 0.127173 0.0908781 
0.253463 0.221613 0.158861 
0.327247 0.300887 0.21986 
0.363249 0.346224 0.259573 
0.365587 0.351696 0.267788 
0.354845 0.330033 0.248722 
0.353483 0.304898 0.221027 
0.360762 0.286424 0.197981 
0.345691 0.25703 0.170408 
0.27735 0.192665 0.120028 
0.166178 0.101009 0.0523874 
0.0669971 0.02907 0.00639838 
0.0340951 0.0244925 0.0217836 
0.0756978 0.0919131 0.0995259 
0.155486 0.192824 0.201687 
