0.152193 0.182856 0.204289 
0.326842 0.429466 0.456001 
0.505566 0.682921 0.732743 
0.603089 0.829121 0.909883 
0.559424 0.789824 0.896976 
0.383344 0.571023 0.688231 
0.162621 0.272172 0.374094 
0.027764 0.0454003 0.1043 
0.084866 0.0229719 0.0197164 
0.354774 0.251185 0.187829 
0.7551 0.666621 0.574316 
1.13746 1.12696 1.06268 
1.35959 1.47807 1.50824 
1.35177 1.62059 1.79706 
1.14164 1.54279 1.88258 
0.827929 1.30893 1.78851 
0.523776 1.01757 1.58536 
0.305095 0.757062 1.35777 
0.191087 0.580649 1.17822 
0.160332 0.50657 1.09383 
0.183861 0.532902 1.12436 
0.250058 0.651708 1.26626 
0.366915 0.853073 1.49852 
0.545127 1.1199 1.78853 
0.777583 1.42096 2.09678 
1.03033 1.70951 2.37984 
1.24995 1.92999 2.59227 
1.38167 2.0309 2.6905 
1.38794 1.97992 2.64223 
1.26024 1.77691 2.44096 
1.02197 1.46028 2.11883 
0.723472 1.102 1.74671 
0.430719 0.788991 1.41423 
0.208882 0.59459 1.19455 
0.103967 0.550912 1.11083 
0.128744 0.636049 1.12491 
0.259773 0.784426 1.15753 
0.448277 0.916668 1.1306 
0.640438 0.97385 1.00723 
0.797242 0.938417 0.806303 
0.904549 0.832637 0.585178 
0.970319 0.699434 0.404633 
1.01339 0.579955 0.300275 
1.05159 0.500931 0.276836 
1.09484 0.474952 0.323168 
1.14381 0.50663 0.430813 
1.19156 0.595308 0.598975 
1.22585 0.731116 0.822518 
1.23194 0.88952 1.07519 
1.19672 1.03231 1.30494 
1.11343 1.11798 1.44873 
0.984406 1.11651 1.45891 
0.819816 1.02 1.32465 
0.633733 0.843959 1.07628 
0.441501 0.621164 0.772375 
0.261398 0.393595 0.479726 
0.118815 0.205889 0.256144 
0.0468894 0.0986203 0.139714 
0.0785608 0.0983177 0.14187 
0.231788 0.205625 0.242708 
0.496889 0.389368 0.392438 
0.835887 0.595015 0.525263 
1.19617 0.767824 0.585771 
1.53007 0.878976 0.556557 
1.80687 0.937359 0.469276 
2.00989 0.977057 0.38788 
2.12365 1.0274 0.370373 
2.12573 1.08651 0.431919 
1.9951 1.11898 0.534413 
1.73504 1.08211 0.611811 
1.39373 0.964139 0.616512 
1.06298 0.806847 0.556551 
0.847052 0.69361 0.497704 
0.814548 0.70613 0.526659 
0.960208 0.87481 0.696651 
1.20087 1.15349 0.988743 
1.41117 1.4354 1.31284 
1.48139 1.60271 1.54866 
1.36679 1.58231 1.60365 
1.10293 1.37758 1.45582 
0.780938 1.06071 1.15954 
0.498711 0.732649 0.814153 
0.315468 0.474631 0.515014 
0.232959 0.317501 0.314417 
0.209925 0.242561 0.211058 
0.197802 0.208722 0.169013 
0.175263 0.186729 0.150641 
0.161864 0.179312 0.142046 
0.204341 0.216447 0.156885 
0.344899 0.330571 0.219104 
0.590358 0.528285 0.33813 
0.899684 0.776245 0.493573 
1.19655 1.00982 0.63928 
1.39997 1.15957 0.723895 
1.45705 1.18097 0.715305 
1.36235 1.07214 0.615034 
1.15611 0.871983 0.455852 
0.905032 0.642177 0.286031 
0.676313 0.443544 0.150369 
0.516779 0.317959 0.0776961 
0.443931 0.281604 0.0786318 
0.448958 0.328402 0.150533 
0.506812 0.438231 0.283328 
0.587345 0.584494 0.461625 
0.663485 0.738655 0.663047 
0.715398 0.87262 0.856592 
0.731691 0.961232 1.00539 
0.709155 0.986214 1.07539 
0.651933 0.940826 1.04725 
0.570116 0.832865 0.925716 
0.477407 0.683637 0.740993 
0.387788 0.522118 0.539669 
0.311818 0.375905 0.368163 
0.253764 0.262536 0.255643 
0.210868 0.18511 0.204587 
0.175407 0.134476 0.193943 
0.139043 0.0970596 0.193549 
0.0976368 0.0642537 0.182179 
0.0541427 0.0380509 0.159067 
0.0178922 0.0294442 0.142094 
0.000423327 0.0503829 0.153718 
0.0101195 0.104322 0.20353 
0.0487864 0.18171 0.27889 
0.112096 0.263766 0.350126 
0.193126 0.332277 0.387173 
0.285909 0.378689 0.376605 
0.386018 0.406106 0.327665 
0.487886 0.423053 0.263737 
0.581999 0.434418 0.206207 
0.655985 0.437485 0.163106 
0.700764 0.427025 0.130751 
0.717888 0.405479 0.105939 
0.721417 0.388769 0.0972301 
0.730298 0.400345 0.124059 
0.754299 0.455035 0.202169 
0.783028 0.543602 0.32575 
0.787507 0.630662 0.461036 
0.736018 0.670445 0.558846 
0.615303 0.631988 0.579696 
0.442943 0.517619 0.515276 
0.261543 0.362241 0.392007 
0.1175 0.21386 0.254818 
0.0378258 0.108415 0.142704 
0.0196475 0.0549572 0.0720789 
0.0376873 0.0387456 0.0366527 
0.0625215 0.0368371 0.0200715 
0.0761579 0.0333564 0.00972712 
0.0757251 0.0246841 0.00227029 
0.0664662 0.0145425 0.000176226 
0.0529014 0.00664864 0.00594209 
0.0361241 0.00226287 0.0203481 
0.0176595 0.00318518 0.0450848 
0.00362183 0.0146485 0.0846197 
0.00315267 0.0429405 0.142866 
0.0215862 0.088703 0.216171 
0.0549102 0.14239 0.289274 
0.0917565 0.187579 0.339742 
0.12244 0.211053 0.349511 
0.147699 0.212011 0.315597 
0.179337 0.202697 0.251896 
0.231614 0.199567 0.180679 
0.310157 0.211983 0.120306 
0.407188 0.23722 0.0779428 
0.506171 0.264912 0.0511392 
0.590925 0.285909 0.0345994 
0.651081 0.297461 0.0251799 
0.68041 0.301064 0.0215837 
0.672306 0.296921 0.0215214 
0.61995 0.282282 0.0217968 
0.523831 0.256609 0.0230352 
0.400625 0.228523 0.034294 
0.283319 0.215792 0.0704722 
0.207816 0.234553 0.140703 
0.192599 0.284116 0.235011 
0.225734 0.340041 0.321189 
0.270263 0.364172 0.358604 
0.286252 0.327825 0.323124 
0.255103 0.232957 0.22703 
0.189323 0.115424 0.118536 
0.121272 0.0260269 0.058103 
0.0795969 0.000777002 0.084783 
0.0706362 0.0399632 0.193549 
0.0775599 0.109851 0.338151 
0.0763071 0.165402 0.45771 
0.0551434 0.178436 0.51035 
0.023074 0.152956 0.493663 
0.00190478 0.119239 0.441338 
0.00947599 0.112812 0.400622 
0.0476426 0.153414 0.405872 
0.103828 0.236804 0.463311 
0.163816 0.341884 0.552838 
0.224764 0.445269 0.6419 
0.297664 0.532214 0.701017 
0.396898 0.597778 0.712809 
0.524493 0.640396 0.672909 
0.660768 0.655252 0.586547 
0.768741 0.633714 0.46551 
0.810386 0.569375 0.327207 
0.765235 0.465799 0.194062 
0.640683 0.339681 0.0904282 
0.468791 0.216469 0.0362088 
0.292269 0.120576 0.0395277 
0.147634 0.0657416 0.0924849 
0.0537296 0.0506729 0.172947 
0.00960206 0.0617589 0.252223 
0.000497713 0.0807048 0.305356 
0.00735481 0.0928012 0.319524 
0.0149766 0.0920111 0.297118 
0.0161523 0.081333 0.252767 
0.0115939 0.0693631 0.206187 
0.00720786 0.0653732 0.174166 
0.0105187 0.075177 0.164792 
0.0274898 0.0990777 0.175638 
0.0603024 0.132053 0.195921 
0.106303 0.165597 0.211312 
0.158283 0.190422 0.209488 
0.206199 0.199309 0.18462 
0.24012 0.189452 0.139518 
0.253594 0.163707 0.0849053 
0.246172 0.130143 0.0360259 
0.223785 0.0996869 0.00755498 
0.196468 0.0823068 0.00833906 
0.174142 0.0830005 0.037774 
0.162294 0.0993359 0.08532 
0.159726 0.121947 0.133703 
0.159663 0.138213 0.164951 
0.153776 0.137774 0.167117 
0.137095 0.117433 0.139002 
0.111174 0.0830476 0.0908189 
0.0838038 0.0474008 0.0404301 
0.0654576 0.0249797 0.00668512 
0.0644446 0.0261592 0.0026934 
0.0833752 0.0534954 0.0317689 
0.118679 0.101656 0.0874421 
0.163147 0.160628 0.157026 
0.209887 0.22032 0.226759 
0.255511 0.274262 0.286183 
0.301087 0.320909 0.330201 
0.350657 0.362422 0.358549 
0.40834 0.401935 0.373601 
0.475444 0.440789 0.377847 
0.548727 0.476908 0.372202 
0.62034 0.504824 0.355689 
0.679325 0.517271 0.326453 
0.714247 0.507764 0.283573 
0.716305 0.473366 0.228907 
0.682111 0.416646 0.168087 
0.615242 0.345933 0.109972 
0.525816 0.273409 0.0643716 
0.427914 0.211416 0.0387157 
0.335573 0.168307 0.035034 
