0.306372 0.115629 0.0217833 
0.29053 0.057065 0.00499389 
0.339752 0.0793031 0.0825996 
0.481052 0.218865 0.260678 
0.681423 0.460767 0.513466 
0.872107 0.744161 0.787014 
0.980616 0.981268 1.00796 
0.951765 1.08228 1.1005 
0.766952 0.990195 1.01704 
0.468844 0.720406 0.773887 
0.169453 0.376389 0.463517 
0.00935947 0.110263 0.216884 
0.0735427 0.0360763 0.126908 
0.323262 0.154747 0.187865 
0.609459 0.355342 0.306065 
0.769395 0.497983 0.379524 
0.731525 0.510886 0.379282 
0.544737 0.422947 0.361782 
0.319286 0.316784 0.407926 
0.143337 0.257472 0.551108 
0.0442832 0.258916 0.756043 
0.00594921 0.299206 0.953677 
0.00389441 0.35313 1.09184 
0.0247301 0.411517 1.16376 
0.0655598 0.480276 1.20257 
0.124536 0.564365 1.24719 
0.191205 0.646743 1.29781 
0.244624 0.682064 1.29598 
0.265452 0.622832 1.16078 
0.253124 0.464535 0.865368 
0.226321 0.264458 0.485565 
0.201032 0.105719 0.163534 
0.172019 0.0360458 0.00977833 
0.124325 0.0410882 0.0303943 
0.0623863 0.0736812 0.140269 
0.0172732 0.100559 0.238266 
0.0185316 0.118803 0.272127 
0.0630622 0.13826 0.24947 
0.117267 0.161312 0.207895 
0.147515 0.180986 0.180575 
0.144583 0.190356 0.179016 
0.122929 0.189103 0.194452 
0.105586 0.184369 0.210802 
0.111687 0.189244 0.220225 
0.151345 0.219858 0.233005 
0.225522 0.290859 0.276886 
0.327419 0.408142 0.382818 
0.438887 0.555482 0.55599 
0.522008 0.680707 0.745659 
0.526559 0.707062 0.849441 
0.433446 0.589539 0.777842 
0.30529 0.381306 0.542358 
0.271233 0.228597 0.275774 
0.419506 0.260042 0.13611 
0.687852 0.458715 0.170383 
0.88329 0.656609 0.278295 
0.841988 0.67852 0.319588 
0.577753 0.496404 0.249386 
0.266046 0.238013 0.137466 
0.085991 0.0551605 0.0689204 
0.0877273 0.00254911 0.0569408 
0.199022 0.0374944 0.0599032 
0.320735 0.0972502 0.0519872 
0.396177 0.148185 0.0458621 
0.422385 0.183244 0.0590339 
0.448829 0.221831 0.0990187 
0.572318 0.324553 0.19265 
0.877937 0.562158 0.388901 
1.32799 0.919015 0.686299 
1.71291 1.23154 0.962684 
1.76924 1.27668 1.03012 
1.39851 0.969225 0.80538 
0.778877 0.474144 0.425839 
0.240391 0.0965442 0.165812 
0.00945775 0.0372086 0.213363 
0.0603626 0.246015 0.521937 
0.196224 0.50366 0.874859 
0.251615 0.630302 1.08154 
0.212044 0.61074 1.10563 
0.162968 0.540064 1.02329 
0.162011 0.4858 0.896817 
0.180584 0.424986 0.716773 
0.157416 0.305261 0.462082 
0.0823008 0.139061 0.186762 
0.0132652 0.0186404 0.0203199 
0.0172805 0.0385724 0.0732518 
0.104648 0.210071 0.342993 
0.221163 0.449161 0.71029 
0.295109 0.639377 1.02175 
0.288374 0.705022 1.17936 
0.212756 0.640197 1.17082 
0.112805 0.491079 1.04201 
0.0369045 0.320925 0.854947 
0.0118376 0.180209 0.661847 
0.0296722 0.0888781 0.495081 
0.0589062 0.0370454 0.365508 
0.0827282 0.00892163 0.270408 
0.136279 0.0141081 0.208878 
0.296881 0.0915339 0.188514 
0.616023 0.271191 0.212185 
1.04812 0.528394 0.261542 
1.45298 0.785137 0.306206 
1.68623 0.967558 0.337114 
1.70139 1.06265 0.382859 
1.56865 1.11114 0.476725 
1.39482 1.14206 0.601009 
1.22598 1.12289 0.675865 
1.02814 0.988425 0.624618 
0.7599 0.727533 0.464478 
0.457114 0.438418 0.328629 
0.236089 0.281297 0.375977 
0.201531 0.352773 0.649971 
0.343954 0.591237 1.01201 
0.532171 0.811663 1.22866 
0.619308 0.855128 1.15808 
0.563559 0.720331 0.873883 
0.442243 0.54673 0.600202 
0.348387 0.462384 0.505765 
0.29026 0.456049 0.55532 
0.210314 0.412784 0.570845 
0.0933591 0.268984 0.435967 
0.0180005 0.101406 0.218683 
0.0726517 0.0415383 0.0808923 
0.233628 0.118932 0.0905417 
0.363861 0.224912 0.159738 
0.34812 0.2382 0.168437 
0.209432 0.15434 0.104869 
0.0714841 0.0653354 0.0492691 
0.0198136 0.0333991 0.0442727 
0.0306113 0.0319118 0.0429364 
0.038096 0.0230241 0.00967225 
0.0358567 0.0516144 0.0299885 
0.0803175 0.214503 0.258796 
0.204421 0.533722 0.742525 
0.361935 0.89337 1.32053 
0.470099 1.12359 1.72917 
0.489881 1.13976 1.80471 
0.449736 0.99181 1.58508 
0.402057 0.793445 1.23685 
0.374064 0.623365 0.909722 
0.355996 0.487592 0.653961 
0.317875 0.349275 0.4406 
0.238901 0.185551 0.237148 
0.146235 0.0371876 0.0766149 
0.135261 0.0179597 0.0715435 
0.318438 0.248816 0.343725 
0.708779 0.737312 0.899325 
1.15143 1.31258 1.55998 
1.41492 1.71835 2.05118 
1.38682 1.80973 2.20033 
1.16976 1.65779 2.05499 
0.959057 1.44245 1.79334 
0.836417 1.25535 1.52993 
0.722833 1.04639 1.24448 
0.539731 0.768645 0.905665 
0.361682 0.518951 0.609134 
0.352489 0.471172 0.525771 
0.556673 0.668327 0.704627 
0.810232 0.932819 0.975454 
0.889445 1.01849 1.08594 
0.725125 0.836664 0.926811 
0.444003 0.510333 0.601252 
0.223119 0.227863 0.291114 
0.150745 0.0882233 0.0979706 
0.22684 0.0888821 0.0203219 
0.429666 0.201357 0.0317323 
0.717315 0.39626 0.121752 
0.977819 0.601814 0.259566 
1.05354 0.702301 0.368931 
0.869965 0.625519 0.379685 
0.529766 0.422894 0.297499 
0.239179 0.229824 0.196437 
0.126806 0.138726 0.139572 
0.148948 0.128741 0.126573 
0.174422 0.124396 0.125737 
0.13463 0.0973155 0.134077 
0.0687986 0.0854492 0.179538 
0.0415892 0.122557 0.266904 
0.0578709 0.18151 0.34714 
0.0718889 0.201346 0.356079 
0.0533437 0.154765 0.278243 
0.0179236 0.0746752 0.167386 
0.000957689 0.024844 0.113764 
0.0253406 0.0599829 0.196482 
0.0960093 0.202669 0.44472 
0.20096 0.426185 0.807107 
0.303154 0.64542 1.14686 
0.347411 0.747851 1.29816 
0.299764 0.668467 1.17235 
0.184652 0.447329 0.829872 
0.0711674 0.204313 0.441301 
0.015441 0.0472963 0.164065 
0.0192954 0.00159676 0.0465628 
0.0453239 0.0214672 0.0367043 
0.0644354 0.0556795 0.0628109 
0.0836802 0.0942951 0.0967991 
0.133083 0.161018 0.152708 
0.232963 0.276052 0.248513 
0.37322 0.431668 0.381233 
0.516775 0.595337 0.530272 
0.618418 0.726029 0.668464 
0.643888 0.786555 0.763307 
0.580789 0.750829 0.776786 
0.442549 0.61461 0.681511 
0.267844 0.408651 0.489191 
0.111036 0.197482 0.26177 
0.018888 0.0507956 0.0825687 
0.00355687 0.00169117 0.00396073 
0.0350531 0.0268881 0.0164166 
0.0649642 0.0689313 0.0657224 
0.0634807 0.0813568 0.099319 
0.0372407 0.0573983 0.0993665 
0.0144436 0.0221298 0.0804252 
0.015164 0.0029252 0.0648771 
0.0353509 0.007434 0.0625212 
0.0552815 0.0238837 0.0677145 
0.0592271 0.0360087 0.0690526 
0.0464123 0.0358191 0.0595465 
0.0265983 0.0254852 0.0402251 
0.00997209 0.012714 0.0186742 
0.00317687 0.00773445 0.00710548 
0.01168 0.0223629 0.019881 
0.0398984 0.0653585 0.0665801 
0.0859525 0.133959 0.14239 
0.138424 0.210992 0.226061 
0.181999 0.274243 0.291709 
0.207893 0.31107 0.325686 
0.218697 0.324624 0.333124 
0.223196 0.327201 0.330081 
0.22699 0.328877 0.331088 
0.229497 0.332463 0.3425 
0.23343 0.339215 0.363774 
0.25927 0.359659 0.393356 
0.343581 0.415283 0.433352 
0.507555 0.520026 0.486026 
0.717024 0.652601 0.542281 
0.881289 0.752012 0.576138 
0.910534 0.754602 0.559068 
0.786979 0.645027 0.484876 
0.580306 0.470428 0.377882 
0.392351 0.303238 0.274033 
0.288083 0.192606 0.197026 
0.273446 0.148848 0.153717 
0.319742 0.159283 0.143044 
0.391735 0.203279 0.157254 
0.45629 0.254134 0.175735 
0.485557 0.284518 0.172224 
0.468726 0.284181 0.139074 
0.421131 0.271136 0.101735 
0.374247 0.277332 0.100778 
0.351742 0.319166 0.155782 
