0.406577 0.604431 0.917931 
0.364124 0.510016 0.807991 
0.257935 0.317793 0.538782 
0.140606 0.112448 0.230206 
0.0802608 0.00363632 0.0380201 
0.122666 0.0581486 0.0521072 
0.267178 0.259001 0.240924 
0.479728 0.529887 0.490568 
0.7293 0.803871 0.705088 
1.00508 1.06755 0.87537 
1.28953 1.33321 1.05158 
1.51662 1.56902 1.24984 
1.57453 1.6713 1.39452 
1.37645 1.52943 1.36755 
0.949801 1.13903 1.1301 
0.458837 0.65673 0.801823 
0.122389 0.329219 0.61089 
0.0783819 0.336835 0.739656 
0.297846 0.670273 1.18432 
0.613924 1.13473 1.73863 
0.838964 1.47406 2.11371 
0.876279 1.5189 2.10616 
0.748016 1.2595 1.70481 
0.538647 0.81722 1.08622 
0.322548 0.366014 0.527497 
0.142946 0.0703289 0.29885 
0.0436999 0.0587641 0.576963 
0.0926039 0.402404 1.3851 
0.342156 1.07008 2.56051 
0.74915 1.88629 3.77198 
1.14141 2.55717 4.61764 
1.29863 2.79667 4.79168 
1.10876 2.49286 4.2398 
0.670288 1.78997 3.19578 
0.235245 1.00441 2.05375 
0.0231045 0.423751 1.1508 
0.0596899 0.142441 0.611785 
0.18247 0.0625502 0.36245 
0.206316 0.0435994 0.277925 
0.0979002 0.0549655 0.321443 
0.00225628 0.190792 0.549648 
0.104763 0.544463 0.995515 
0.460203 1.07323 1.55852 
0.939215 1.58615 2.02006 
1.3256 1.86569 2.17676 
1.46703 1.81167 1.97264 
1.35614 1.48982 1.52027 
1.10169 1.06604 1.00942 
0.844451 0.702632 0.595069 
0.692276 0.497902 0.348375 
0.699532 0.483583 0.274653 
0.867525 0.640423 0.344273 
1.1424 0.901519 0.499546 
1.41836 1.15606 0.653549 
1.5685 1.28213 0.715754 
1.50365 1.20761 0.645018 
1.22692 0.959635 0.488664 
0.843558 0.660721 0.367024 
0.51131 0.465801 0.405373 
0.356517 0.476629 0.656979 
0.405485 0.685286 1.06648 
0.574401 0.979705 1.49396 
0.725175 1.20684 1.78307 
0.751042 1.25551 1.83453 
0.634465 1.10977 1.64684 
0.440119 0.843092 1.30555 
0.255475 0.563473 0.932034 
0.131611 0.3526 0.625884 
0.0722516 0.242059 0.435895 
0.0720318 0.234187 0.369722 
0.156535 0.333862 0.419734 
0.372451 0.548359 0.570783 
0.724645 0.847786 0.779206 
1.11772 1.12911 0.952543 
1.37382 1.24109 0.974157 
1.34108 1.07972 0.780375 
1.01957 0.688336 0.435127 
0.594089 0.266968 0.123163 
0.325718 0.0566096 0.0390082 
0.37339 0.17483 0.24678 
0.687037 0.535657 0.62998 
1.06004 0.92393 0.982648 
1.29257 1.16045 1.16653 
1.32407 1.21517 1.19627 
1.2309 1.17963 1.18307 
1.11459 1.14356 1.20214 
1.00018 1.10281 1.21583 
0.83701 0.98095 1.1206 
0.584671 0.72921 0.86183 
0.287835 0.399303 0.501822 
0.0647204 0.120135 0.181396 
0.0213969 0.0040108 0.0170313 
0.168663 0.0656822 0.0238942 
0.408529 0.216155 0.119082 
0.596186 0.327787 0.18947 
0.629219 0.319065 0.169095 
0.505164 0.204711 0.0791349 
0.316605 0.085867 0.0141716 
0.193345 0.0901633 0.0857366 
0.22979 0.296324 0.35217 
0.439831 0.685264 0.772659 
0.760673 1.14517 1.21543 
1.09442 1.52642 1.52057 
1.35456 1.71212 1.58173 
1.48987 1.66405 1.3969 
1.48423 1.42546 1.06008 
1.35146 1.09251 0.707206 
1.13923 0.778375 0.455069 
0.932418 0.583258 0.364726 
0.831984 0.567559 0.434287 
0.903006 0.725809 0.608183 
1.12078 0.974603 0.794341 
1.36258 1.17624 0.892548 
1.46806 1.20232 0.835591 
1.33765 1.00701 0.627208 
1.00075 0.659825 0.34839 
0.599745 0.307477 0.116623 
0.296962 0.0840839 0.0168895 
0.17119 0.0304957 0.0501221 
0.180247 0.0806794 0.137928 
0.215257 0.124726 0.183063 
0.200488 0.0999315 0.142566 
0.157264 0.0393862 0.0587852 
0.180958 0.0405068 0.024041 
0.351941 0.179416 0.105605 
0.655104 0.440336 0.289454 
0.973828 0.716486 0.487072 
1.16213 0.880637 0.599158 
1.1374 0.868769 0.584854 
0.925696 0.714398 0.483363 
0.634442 0.515108 0.376782 
0.381849 0.365012 0.329954 
0.234727 0.304227 0.354704 
0.188804 0.312604 0.417426 
0.191702 0.338649 0.472265 
0.185505 0.336234 0.489517 
0.141973 0.28723 0.463541 
0.0732164 0.203578 0.405017 
0.0162676 0.114098 0.329938 
0.004875 0.046339 0.252486 
0.0481468 0.013634 0.182082 
0.128442 0.012915 0.122897 
0.215457 0.031482 0.0750748 
0.283137 0.0559791 0.0374037 
0.318716 0.0781497 0.0106584 
0.322949 0.0965804 1.40227e-06 
0.306103 0.115648 0.0139275 
0.282395 0.141568 0.0579002 
0.263333 0.175881 0.125133 
0.252453 0.210789 0.192685 
0.245714 0.232301 0.23059 
0.237452 0.230632 0.221034 
0.225124 0.20809 0.17207 
0.207246 0.175288 0.111409 
0.178985 0.139556 0.0639926 
0.135789 0.100346 0.0349628 
0.0861854 0.0594874 0.0155753 
0.0588972 0.0343921 0.00449266 
0.0884611 0.0538099 0.0180701 
0.184839 0.132827 0.0743553 
0.314534 0.249915 0.166451 
0.415682 0.352534 0.256086 
0.438366 0.391124 0.298321 
0.376754 0.352419 0.274882 
0.268626 0.264297 0.204787 
0.169311 0.173281 0.125751 
0.125363 0.118811 0.0683361 
0.162296 0.122303 0.0457111 
0.280575 0.187304 0.0592907 
0.451542 0.298742 0.104534 
0.618535 0.420742 0.168334 
0.714173 0.50367 0.225652 
0.691792 0.505132 0.246588 
0.552671 0.414548 0.213545 
0.350286 0.26443 0.136443 
0.167271 0.118912 0.0531518 
0.075759 0.042866 0.0109842 
0.0998307 0.0658774 0.0374365 
0.200764 0.162 0.118673 
0.298462 0.262453 0.204143 
0.321235 0.298629 0.239041 
0.251763 0.247224 0.202327 
0.13459 0.142981 0.119965 
0.0395951 0.0495582 0.0430256 
0.0120737 0.0138341 0.0105742 
0.0481455 0.0397421 0.027568 
0.10821 0.0960347 0.0703089 
0.149798 0.143629 0.107922 
0.152763 0.15906 0.121015 
0.12379 0.141669 0.107919 
0.0843169 0.106354 0.0797148 
0.0536897 0.0703498 0.0500388 
0.0385908 0.0430947 0.026773 
0.0337414 0.024896 0.0112214 
0.0300997 0.0128737 0.00382838 
0.0218665 0.00693396 0.00892359 
0.00889792 0.0116838 0.0336963 
4.22941e-05 0.0382014 0.0861781 
0.020483 0.108413 0.177982 
0.111994 0.252768 0.325107 
0.310567 0.488529 0.533354 
0.606879 0.786167 0.771844 
0.92331 1.05673 0.963495 
1.13993 1.1876 1.01821 
1.16211 1.11183 0.894398 
0.981015 0.857362 0.63731 
0.67867 0.532304 0.354735 
0.374386 0.256004 0.146302 
0.155634 0.0916099 0.0463927 
0.0433707 0.0305785 0.0269651 
0.00759624 0.030702 0.0493635 
0.00885463 0.0651942 0.110479 
0.0290082 0.139372 0.239342 
0.073626 0.268326 0.451661 
0.15494 0.445087 0.710743 
0.274364 0.631633 0.93549 
0.414747 0.77759 1.04965 
0.54164 0.845495 1.02824 
0.612157 0.822242 0.90355 
0.592861 0.716493 0.733494 
0.481551 0.553806 0.566208 
0.316259 0.373094 0.426857 
0.157478 0.216948 0.323602 
0.0522234 0.113768 0.254995 
0.00865653 0.0647063 0.212001 
0.00210399 0.0493581 0.181499 
0.00349634 0.0458308 0.154612 
0.00206626 0.0455407 0.131665 
0.00500339 0.050502 0.116567 
0.0216033 0.0610078 0.106932 
0.0503866 0.069688 0.0927632 
0.0787142 0.0671179 0.0662842 
0.0915652 0.050807 0.0319789 
0.0816948 0.0281656 0.00551433 
0.0548381 0.0115697 0.00171718 
0.0261755 0.00961247 0.0217418 
0.00948066 0.020502 0.0501815 
0.00745391 0.0332412 0.0661009 
0.0123286 0.0379322 0.0619536 
0.0160466 0.0378041 0.0559086 
0.0192784 0.0508392 0.0842938 
0.0304237 0.096718 0.175673 
0.05657 0.179212 0.325736 
0.0951252 0.279256 0.494223 
0.13259 0.364358 0.627272 
0.151773 0.407017 0.688071 
0.144256 0.399846 0.674199 
0.119259 0.358139 0.612248 
0.0978317 0.307363 0.536215 
0.0926954 0.263584 0.466092 
0.0933129 0.224295 0.403289 
