0.536657 0.677491 
1.10176 1.36426 
1.57806 1.92469 
1.73506 2.10127 
1.51256 1.83034 
1.04961 1.26234 
0.579571 0.651926 
0.27877 0.20933 
0.186324 0.0188956 
0.237616 0.0548782 
0.349835 0.239766 
0.470069 0.479812 
0.563316 0.673326 
0.591986 0.733377 
0.533411 0.637893 
0.415496 0.459636 
0.315316 0.325555 
0.306641 0.325551 
0.404606 0.450963 
0.560672 0.616614 
0.707037 0.736432 
0.804927 0.778569 
0.860681 0.763696 
0.910815 0.732155 
0.994619 0.718881 
1.12592 0.742384 
1.27349 0.794783 
1.36814 0.837811 
1.34642 0.824589 
1.20543 0.741843 
1.01695 0.630312 
0.875354 0.550178 
0.81761 0.517274 
0.789583 0.47874 
0.696453 0.365929 
0.496786 0.182106 
0.256362 0.0369136 
0.111085 0.0803386 
0.166632 0.380193 
0.415449 0.843409 
0.73678 1.252 
0.979631 1.39579 
1.06622 1.20947 
1.03996 0.817337 
1.0239 0.454723 
1.12153 0.320429 
1.33406 0.460071 
1.55607 0.75514 
1.65186 1.01637 
1.55184 1.10798 
1.29518 1.01522 
0.992597 0.820993 
0.751683 0.631423 
0.631635 0.520809 
0.652728 0.528882 
0.822636 0.680137 
1.12768 0.975469 
1.49029 1.35222 
1.75449 1.66715 
1.75232 1.75395 
1.42216 1.53343 
0.87814 1.08486 
0.353758 0.604023 
0.0510457 0.27164 
0.0152071 0.140855 
0.13325 0.135138 
0.244199 0.144722 
0.257272 0.123993 
0.186268 0.106548 
0.0979739 0.144377 
0.043107 0.245256 
0.0296288 0.366068 
0.0402184 0.45278 
0.0587384 0.47839 
0.0822913 0.450344 
0.122421 0.398829 
0.202823 0.366343 
0.347657 0.397632 
0.556299 0.518316 
0.782492 0.709323 
0.946147 0.904538 
0.980458 1.02563 
0.878226 1.03026 
0.695346 0.93223 
0.507871 0.778555 
0.362272 0.610364 
0.260818 0.446137 
0.186005 0.296401 
0.132229 0.184622 
0.1138 0.146102 
0.147459 0.20371 
0.231015 0.344154 
0.337909 0.517335 
0.429969 0.660341 
0.477163 0.729106 
0.472094 0.7181 
0.432645 0.658094 
0.391696 0.594325 
0.377477 0.556782 
0.393943 0.539816 
0.415254 0.506867 
0.404138 0.423126 
0.346557 0.296291 
0.274967 0.189614 
0.252229 0.184006 
0.319094 0.308613 
0.447935 0.498161 
0.550894 0.625463 
0.544825 0.593917 
0.418184 0.413415 
0.237903 0.190452 
0.0910855 0.0408084 
0.0191861 0.00520878 
0.00424886 0.0401467 
0.00831755 0.0782613 
0.0155801 0.0896591 
0.0357711 0.0895707 
0.0773975 0.102145 
0.12887 0.129368 
0.167164 0.153725 
0.178688 0.160104 
0.167791 0.148152 
0.147377 0.126527 
0.124834 0.101734 
0.0970344 0.0742437 
0.0582328 0.0431505 
0.0158375 0.0145239 
0.00170238 0.00733927 
0.0622033 0.0484366 
0.221105 0.150885 
0.438374 0.287344 
0.609262 0.387983 
0.625984 0.382182 
0.464605 0.260645 
0.219886 0.100471 
0.0440479 0.0166502 
0.0321579 0.0713363 
0.15263 0.220514 
0.283729 0.349718 
0.318914 0.367746 
0.243826 0.273143 
0.124375 0.138712 
0.0348307 0.0404758 
0.00218904 0.00360257 
0.0084053 0.00661419 
0.026506 0.0207832 
0.043915 0.0360253 
0.0581841 0.0551364 
0.0658836 0.077539 
0.0634729 0.0963455 
0.0542105 0.106957 
0.046569 0.111132 
0.0450213 0.11199 
0.0465288 0.110007 
0.0475115 0.106436 
0.0510478 0.107649 
0.064455 0.122295 
0.0909188 0.153853 
0.125798 0.19749 
0.160956 0.244015 
0.191042 0.285507 
0.215728 0.317648 
0.238094 0.339451 
0.262301 0.353011 
0.291846 0.363125 
0.327864 0.375184 
0.367309 0.391578 
0.401858 0.40885 
0.41902 0.417849 
0.406913 0.407924 
0.361732 0.373711 
0.292638 0.319975 
0.21842 0.259712 
0.157116 0.206215 
0.117268 0.166008 
0.0976027 0.138314 
0.0928322 0.119351 
0.0988132 0.106262 
0.114671 0.0993372 
0.142797 0.10338 
0.184374 0.12479 
0.228705 0.160688 
0.246865 0.188833 
0.207478 0.177029 
0.112837 0.115152 
0.0200944 0.0403783 
0.0103389 0.0188838 
0.117417 0.0876029 
0.281734 0.20955 
0.384814 0.29413 
0.345178 0.272211 
0.190811 0.157972 
0.040038 0.0390954 
0.00666733 0.00436693 
0.112352 0.0736152 
0.277147 0.187719 
0.387432 0.260623 
0.379205 0.245703 
0.272668 0.16383 
0.14166 0.0765418 
0.0528518 0.0323842 
0.0253649 0.0331407 
0.0356274 0.0454549 
0.0514608 0.0406846 
0.0593531 0.0214163 
0.0642238 0.010951 
0.0721566 0.0228857 
0.0803842 0.0468511 
0.0838719 0.0638995 
0.0854824 0.069629 
0.0940468 0.0768106 
0.112361 0.0966489 
0.130989 0.123218 
0.136465 0.139267 
0.124467 0.134662 
0.10288 0.115459 
0.0825724 0.0954591 
0.0678758 0.0826953 
0.0569027 0.075719 
0.0481413 0.0697926 
0.0430089 0.0624863 
0.0419042 0.053259 
0.0412607 0.0415874 
0.03693 0.0282317 
0.0291484 0.0166845 
0.0221001 0.0106446 
0.0199412 0.0110817 
0.0265372 0.0194909 
0.0483583 0.0441577 
0.0911246 0.096941 
0.147875 0.176882 
0.192692 0.257125 
0.195142 0.295702 
0.14784 0.267267 
0.0794764 0.186875 
0.0362296 0.101012 
0.0467449 0.053228 
0.102788 0.0558351 
0.170617 0.0897702 
0.2186 0.126246 
0.236552 0.14806 
0.235877 0.156168 
0.236365 0.162489 
0.250691 0.177219 
0.275047 0.198813 
0.291017 0.212991 
0.278437 0.202679 
0.230686 0.162172 
0.160331 0.103455 
0.0906042 0.048558 
0.0404171 0.0145215 
