0.347701 0.16875 
0.175761 0.0458034 
0.272162 0.101988 
0.604897 0.3156 
1.07788 0.650965 
1.52393 1.03825 
1.74316 1.34665 
1.61413 1.43081 
1.18673 1.22935 
0.655139 0.819772 
0.232263 0.379429 
0.0395113 0.0895312 
0.0803453 0.0459185 
0.271252 0.215026 
0.486725 0.455525 
0.615168 0.607839 
0.622381 0.603876 
0.577503 0.510335 
0.601112 0.462571 
0.766391 0.546636 
1.03515 0.733062 
1.27818 0.90822 
1.35792 0.961394 
1.21375 0.85622 
0.898422 0.644879 
0.543342 0.425146 
0.273325 0.273571 
0.1353 0.20758 
0.102974 0.209874 
0.148075 0.285782 
0.295244 0.481259 
0.594814 0.830839 
1.04462 1.29287 
1.55266 1.75232 
1.98307 2.09399 
2.2338 2.2677 
2.26954 2.28259 
2.09767 2.15413 
1.73796 1.87404 
1.22916 1.43567 
0.661361 0.885581 
0.189922 0.353518 
2.65738e-05 0.0312875 
0.223778 0.0932278 
0.843858 0.579377 
1.64566 1.31181 
2.28164 1.93876 
2.45062 2.12912 
2.08851 1.79628 
1.41676 1.16151 
0.788177 0.58441 
0.446784 0.300838 
0.401203 0.295822 
0.499668 0.397974 
0.601436 0.465898 
0.671032 0.478856 
0.737343 0.483637 
0.808089 0.503463 
0.846067 0.515269 
0.81174 0.490094 
0.703585 0.426929 
0.557623 0.351096 
0.427925 0.302814 
0.370922 0.328715 
0.419666 0.452789 
0.540927 0.62631 
0.620925 0.718235 
0.535624 0.603704 
0.279781 0.305336 
0.0349551 0.0478412 
0.0747421 0.129519 
0.548274 0.680696 
1.31826 1.50993 
2.01255 2.19235 
2.27536 2.35627 
2.02624 1.94763 
1.5161 1.25955 
1.13542 0.706713 
1.13652 0.53749 
1.49666 0.721234 
2.01154 1.08004 
2.49807 1.50546 
2.90086 2.02959 
3.22036 2.68326 
3.38266 3.31362 
3.2364 3.59833 
2.71253 3.29565 
1.97689 2.50194 
1.37779 1.63921 
1.19289 1.14329 
1.40402 1.12655 
1.72447 1.328 
1.85964 1.38739 
1.75082 1.17123 
1.57854 0.851158 
1.55087 0.7006 
1.70481 0.841078 
1.90219 1.17301 
1.98475 1.50606 
1.91127 1.72052 
1.75992 1.81414 
1.6329 1.83841 
1.5719 1.82039 
1.5404 1.736 
1.45742 1.53329 
1.2523 1.1817 
0.923268 0.725843 
0.570121 0.308003 
0.359799 0.117392 
0.426957 0.276743 
0.782424 0.752271 
1.3085 1.37232 
1.83761 1.94058 
2.23491 2.33956 
2.42551 2.5448 
2.38301 2.57281 
2.12352 2.43874 
1.70717 2.15759 
1.22148 1.76371 
0.751776 1.32132 
0.371205 0.924211 
0.148257 0.678378 
0.128409 0.651536 
0.282055 0.809676 
0.485836 1.01072 
0.594359 1.09374 
0.549387 0.99504 
0.409501 0.775251 
0.270474 0.537502 
0.179928 0.343146 
0.145664 0.218978 
0.196908 0.211635 
0.379153 0.374487 
0.664026 0.675175 
0.899814 0.949706 
0.907389 1.00234 
0.648647 0.775553 
0.283997 0.410137 
0.0405781 0.121778 
0.016868 0.0169771 
0.117415 0.0325915 
0.172461 0.0458195 
0.111278 0.0253833 
0.0192761 0.0653903 
0.0392326 0.27548 
0.2295 0.646967 
0.51872 1.03216 
0.7876 1.25794 
0.98135 1.26436 
1.13522 1.13813 
1.29474 1.01533 
1.42682 0.953796 
1.42727 0.898782 
1.22355 0.765216 
0.863989 0.54116 
0.495504 0.305056 
0.250153 0.149314 
0.153641 0.0993845 
0.137152 0.107952 
0.121868 0.113389 
0.0827189 0.0911915 
0.0416458 0.0546778 
0.022354 0.0249292 
0.0237577 0.0110073 
0.0293252 0.0121845 
0.0280653 0.0260926 
0.0230035 0.0508551 
0.0262853 0.084935 
0.0513798 0.129392 
0.107115 0.188563 
0.192047 0.264433 
0.289443 0.347879 
0.367795 0.415058 
0.392163 0.435078 
0.34441 0.387879 
0.239199 0.281917 
0.119763 0.156324 
0.0328248 0.0616802 
0.00319013 0.0328953 
0.0294462 0.0757315 
0.0982662 0.173324 
0.195546 0.299185 
0.30271 0.423226 
0.390569 0.51347 
0.427321 0.543313 
0.397697 0.503947 
0.314759 0.410919 
0.212915 0.297244 
0.127906 0.196639 
0.0779182 0.127249 
0.0572631 0.0859733 
0.0461669 0.0575443 
0.0296186 0.0313728 
0.00993732 0.0108837 
0.00206265 0.00658276 
0.0172088 0.0219536 
0.0514961 0.0487585 
0.0884502 0.0749288 
0.109378 0.0926182 
0.102742 0.0977674 
0.0713187 0.0879161 
0.0374078 0.0672917 
0.0390749 0.053973 
0.110629 0.0756034 
0.256069 0.151575 
0.437985 0.276288 
0.595715 0.418708 
0.680525 0.537989 
0.679616 0.601919 
0.612486 0.59673 
0.509461 0.527495 
0.394389 0.414223 
0.281623 0.285589 
0.180108 0.169069 
0.0959046 0.0809168 
0.0343236 0.0247891 
0.00413238 0.00110775 
0.0172745 0.0148398 
0.077928 0.0690571 
0.17059 0.151453 
0.26462 0.234815 
0.334713 0.296355 
0.374987 0.33368 
0.391641 0.356935 
0.387626 0.368347 
0.361407 0.357652 
0.31845 0.318924 
0.274206 0.263929 
0.240885 0.212756 
0.215709 0.174528 
0.187002 0.143052 
0.14944 0.10984 
0.108712 0.0751958 
0.0729982 0.0456207 
0.0460399 0.0260277 
0.0295815 0.017747 
0.0263817 0.0203657 
0.0363171 0.03151 
0.0534308 0.0476527 
0.0731424 0.0702828 
0.100681 0.109018 
0.143443 0.16949 
0.191074 0.234083 
0.211318 0.262784 
0.1772 0.225169 
0.100023 0.13461 
0.0273872 0.0443042 
0.0025909 0.00390465 
0.0273116 0.019999 
0.0653113 0.0581731 
0.078651 0.0781568 
