0.544701 0.778409 
0.439621 0.790421 
0.296853 0.695639 
0.155673 0.517709 
0.0700488 0.318457 
0.0836305 0.169369 
0.206289 0.117733 
0.405615 0.165438 
0.619037 0.271497 
0.780729 0.37594 
0.849115 0.430914 
0.820757 0.421723 
0.724719 0.367632 
0.602848 0.304746 
0.488539 0.263093 
0.395511 0.25157 
0.320296 0.257765 
0.253373 0.260006 
0.189935 0.242747 
0.13384 0.206399 
0.0944343 0.167702 
0.0807339 0.152374 
0.0978906 0.184772 
0.14762 0.279062 
0.230655 0.434384 
0.348156 0.634755 
0.500686 0.853432 
0.685859 1.06066 
0.896797 1.23253 
1.12243 1.35764 
1.34875 1.43835 
1.55937 1.4855 
1.73476 1.50903 
1.85156 1.50942 
1.88471 1.47528 
1.81378 1.3893 
1.6322 1.24021 
1.35502 1.03419 
1.02006 0.798722 
0.679873 0.575224 
0.386463 0.402779 
0.175296 0.300975 
0.0564149 0.261222 
0.017456 0.252279 
0.0371721 0.238215 
0.102095 0.199871 
0.216792 0.148307 
0.401406 0.122446 
0.677204 0.171408 
1.0478 0.33018 
1.48645 0.600731 
1.93686 0.947679 
2.32793 1.31 
2.59581 1.62253 
2.70347 1.8372 
2.64986 1.93545 
2.46611 1.9284 
2.20242 1.84744 
1.91197 1.73063 
1.63824 1.61088 
1.40886 1.50894 
1.23557 1.43186 
1.11788 1.37531 
1.04742 1.32766 
1.01106 1.27411 
0.992398 1.19998 
0.972658 1.09343 
0.932495 0.948252 
0.856103 0.767398 
0.737243 0.566257 
0.584682 0.373278 
0.423124 0.224962 
0.286743 0.154415 
0.206194 0.176859 
0.194686 0.279333 
0.240852 0.42175 
0.313521 0.551344 
0.376696 0.624496 
0.406404 0.624494 
0.399487 0.565205 
0.369541 0.478882 
0.333783 0.396184 
0.300581 0.331017 
0.266178 0.278762 
0.221759 0.226752 
0.164228 0.167737 
0.101707 0.106271 
0.0495871 0.0545671 
0.0206806 0.0227625 
0.017461 0.0121364 
0.032215 0.0163117 
0.0542555 0.0283528 
0.077878 0.0469759 
0.104709 0.0764228 
0.139144 0.120281 
0.18125 0.174667 
0.223246 0.226629 
0.252463 0.259393 
0.258478 0.260901 
0.239146 0.229925 
0.201498 0.176201 
0.157473 0.115249 
0.117882 0.0616373 
0.0884739 0.0244476 
0.0697748 0.00643275 
0.0596173 0.00588206 
0.056058 0.019278 
0.0590662 0.0434287 
0.0708249 0.0767902 
0.0952588 0.12009 
0.13709 0.176051 
0.200098 0.247775 
0.284381 0.335841 
0.383432 0.435282 
0.482944 0.534325 
0.563041 0.6163 
0.60397 0.664351 
0.593023 0.666856 
0.529404 0.620965 
0.424789 0.532976 
0.29971 0.416233 
0.177869 0.288284 
0.0806646 0.168345 
0.0229345 0.0745781 
0.00979535 0.0202499 
0.0347963 0.00920629 
0.0807709 0.033247 
0.124915 0.0743599 
0.147468 0.112183 
0.140141 0.133076 
0.10912 0.135293 
0.0702203 0.127104 
0.0391125 0.119929 
0.0233482 0.122122 
0.0214708 0.137656 
0.0285933 0.168708 
0.042354 0.21697 
0.0632243 0.279923 
0.0890666 0.344571 
0.110351 0.386313 
0.113095 0.37872 
0.0898403 0.311048 
0.0503783 0.201444 
0.0215064 0.0935744 
0.0324041 0.0349547 
0.0940786 0.049398 
0.187949 0.122312 
0.273621 0.20996 
0.312268 0.267174 
0.290137 0.27472 
0.226087 0.247944 
0.158268 0.221938 
0.119685 0.225023 
0.119338 0.259433 
0.140504 0.301421 
0.155093 0.318555 
0.142833 0.290953 
0.102799 0.222702 
0.0519601 0.138272 
0.0143001 0.0688112 
0.00852503 0.0377635 
0.040683 0.0528776 
0.103412 0.106096 
0.179972 0.178758 
0.250395 0.248756 
0.297812 0.297393 
0.313483 0.314503 
0.298926 0.300471 
0.26394 0.26421 
0.221108 0.217812 
0.179592 0.170732 
0.141925 0.126947 
0.105716 0.0866311 
0.0687827 0.0505099 
0.0336958 0.0229501 
0.0081556 0.0108093 
0.000731035 0.0185528 
0.0150176 0.0434147 
0.046452 0.0747447 
0.0840465 0.0987232 
0.115748 0.105583 
0.133719 0.0944826 
0.13631 0.072794 
0.126246 0.0505843 
0.107313 0.0343769 
0.0824448 0.0244804 
0.054321 0.0172299 
0.0271175 0.00979882 
0.0069862 0.00360515 
4.90494e-05 0.00379328 
0.00898984 0.0154442 
0.0307569 0.0395422 
0.0572955 0.0716811 
0.0791742 0.104376 
0.0900769 0.131402 
0.0896699 0.151394 
0.0833656 0.168507 
0.0791369 0.189564 
0.0829197 0.219008 
0.0948758 0.254368 
0.108693 0.285204 
0.114912 0.297155 
0.10703 0.279791 
0.0868417 0.234016 
0.0650294 0.173876 
0.0555735 0.120554 
0.0670797 0.0915122 
0.0971362 0.0916397 
0.134291 0.112337 
0.166512 0.138762 
0.189483 0.159426 
0.207765 0.170925 
0.227803 0.175324 
0.249105 0.174278 
0.262007 0.16641 
0.254764 0.150341 
0.2239 0.129174 
0.178123 0.11003 
0.131704 0.0973562 
0.0934402 0.0865598 
0.0625095 0.066703 
0.036704 0.033658 
0.0260002 0.003717 
0.0567618 0.0131383 
0.157627 0.0979107 
0.334102 0.264807 
0.551646 0.475588 
0.744215 0.660089 
0.847042 0.753482 
0.832829 0.733655 
0.725876 0.632491 
0.583932 0.512846 
0.461118 0.427773 
0.378588 0.390862 
0.322184 0.376941 
0.264823 0.348948 
0.19321 0.288248 
0.117828 0.205869 
0.0609474 0.129415 
0.0356675 0.0796702 
0.0347245 0.0568923 
0.037678 0.0462901 
0.0289263 0.0353689 
0.0106185 0.026961 
6.73608e-07 0.0369904 
0.0142205 0.0796057 
0.0554032 0.152418 
0.107507 0.233617 
0.146416 0.292802 
0.154873 0.307249 
0.131686 0.272695 
