1.37691 1.80343 2.15825 
1.50069 1.69115 1.79497 
1.51178 1.6156 1.59457 
1.44518 1.6799 1.73756 
1.32209 1.81451 2.09299 
1.17023 1.87657 2.37386 
1.03341 1.79438 2.39589 
0.946695 1.61399 2.19462 
0.923606 1.44606 1.94924 
0.986635 1.40134 1.84222 
1.19009 1.55436 1.97101 
1.57193 1.90694 2.31734 
2.07106 2.35239 2.74721 
2.52153 2.70172 3.05885 
2.76023 2.79516 3.09046 
2.74372 2.61233 2.82154 
2.54868 2.26935 2.37427 
2.26575 1.90549 1.91084 
1.91624 1.57939 1.52689 
1.47954 1.27015 1.23092 
0.978949 0.952738 0.995616 
0.511717 0.647517 0.804396 
0.187282 0.398445 0.65329 
0.0452123 0.225541 0.533917 
0.0374226 0.113415 0.432957 
0.0815883 0.040791 0.346033 
0.123788 0.00790631 0.282891 
0.154943 0.0300077 0.257469 
0.182884 0.108672 0.276646 
0.202492 0.215026 0.337328 
0.195896 0.302238 0.426453 
0.155061 0.333808 0.517438 
0.0961444 0.301996 0.569618 
0.0493596 0.225434 0.54303 
0.0378141 0.135844 0.427137 
0.0676487 0.0676602 0.261828 
0.133435 0.0518881 0.127198 
0.225263 0.10827 0.103406 
0.329935 0.238358 0.230974 
0.434676 0.430317 0.502663 
0.539737 0.675533 0.886057 
0.666965 0.977682 1.34489 
0.844757 1.3355 1.83268 
1.07273 1.70879 2.26922 
1.29861 2.0042 2.53757 
1.43829 2.10921 2.52636 
1.43197 1.9613 2.19895 
1.29109 1.60047 1.63768 
1.09203 1.15696 1.01908 
0.918639 0.775602 0.524837 
0.804275 0.533714 0.247684 
0.724425 0.416946 0.16158 
0.639677 0.364259 0.174212 
0.53929 0.330993 0.210692 
0.443921 0.313664 0.259712 
0.378008 0.331171 0.359609 
0.349668 0.39675 0.551941 
0.349175 0.501423 0.834559 
0.348792 0.604963 1.13275 
0.30761 0.646428 1.31936 
0.213055 0.605268 1.31627 
0.149297 0.590554 1.23225 
0.303328 0.846649 1.38654 
0.834617 1.58652 2.1029 
1.68398 2.74536 3.38394 
2.51898 3.89967 4.77066 
2.92402 4.4968 5.58724 
2.70151 4.24214 5.41069 
2.02277 3.31379 4.36729 
1.3027 2.22533 3.01166 
0.917962 1.47247 1.92609 
0.98762 1.24939 1.38351 
1.33598 1.40153 1.28444 
1.61925 1.581 1.32203 
1.53814 1.47942 1.21083 
1.03964 1.02089 0.854184 
0.386352 0.416538 0.385708 
0.00986235 0.0287712 0.0631192 
0.218348 0.116962 0.0734294 
0.976634 0.654259 0.394674 
1.93366 1.36039 0.826358 
2.655 1.90029 1.14234 
2.85996 2.06758 1.21597 
2.52201 1.84686 1.04632 
1.8501 1.40076 0.751114 
1.21495 1.04071 0.578986 
1.01256 1.13219 0.858641 
1.44895 1.87715 1.79047 
2.35776 3.08973 3.19193 
3.24368 4.21157 4.47934 
3.59731 4.65633 5.01748 
3.25617 4.23789 4.59024 
2.50025 3.30078 3.56536 
1.79894 2.42638 2.58822 
1.44383 1.98316 2.08513 
1.3815 1.91104 2.0135 
1.3435 1.87544 2.02164 
1.10719 1.59147 1.79976 
0.662912 1.0333 1.3018 
0.204003 0.42013 0.723421 
0.00107482 0.0630316 0.344819 
0.24769 0.190275 0.374029 
0.928754 0.808081 0.83289 
1.76687 1.64155 1.50092 
2.32193 2.23083 1.98324 
2.25027 2.20011 1.94206 
1.57131 1.54802 1.36841 
0.708244 0.705021 0.648783 
0.212674 0.248021 0.304851 
0.364547 0.470664 0.589295 
0.980041 1.17216 1.29139 
1.58981 1.84695 1.9291 
1.81675 2.09173 2.14049 
1.61687 1.86325 1.9128 
1.20787 1.39762 1.47867 
0.816598 0.938459 1.04736 
0.513953 0.56641 0.665196 
0.262374 0.25819 0.308723 
0.0626727 0.0413225 0.0449624 
0.0098911 0.0355877 0.0412968 
0.201631 0.332874 0.401796 
0.61224 0.858806 1.01236 
1.07042 1.37475 1.57102 
1.35924 1.62565 1.78726 
1.34475 1.49968 1.57174 
1.03951 1.07578 1.06456 
0.583695 0.553416 0.512467 
0.178579 0.14507 0.124158 
0.00397407 0.00033911 0.00802622 
0.140151 0.172745 0.190318 
0.526229 0.613776 0.646466 
0.988965 1.19016 1.30195 
1.33501 1.72816 2.01933 
1.44806 2.07477 2.61497 
1.32913 2.15098 2.92276 
1.06667 1.97334 2.87201 
0.770942 1.63232 2.51982 
0.515331 1.2355 2.00476 
0.31417 0.850382 1.45683 
0.150891 0.496442 0.94584 
0.042466 0.200632 0.514833 
0.0827272 0.0578831 0.248021 
0.397483 0.205899 0.26871 
1.01589 0.698645 0.63242 
1.76867 1.38957 1.21484 
2.33926 1.96737 1.73726 
2.46418 2.15473 1.94772 
2.11914 1.90479 1.80233 
1.5206 1.4106 1.46732 
0.94831 0.925054 1.1412 
0.569362 0.581838 0.889631 
0.41887 0.389807 0.668605 
0.498149 0.360073 0.487311 
0.822911 0.569642 0.489348 
1.3477 1.05953 0.824801 
1.88425 1.69465 1.44647 
2.16791 2.18735 2.07684 
2.04976 2.30229 2.41013 
1.62052 2.03834 2.34653 
1.12631 1.59687 2.02149 
0.758798 1.18101 1.62748 
0.531992 0.846158 1.24437 
0.349891 0.53984 0.849259 
0.160881 0.245137 0.446963 
0.0225795 0.0421699 0.133902 
0.0243279 0.0231998 0.0151526 
0.173558 0.174366 0.0840054 
0.37418 0.366778 0.215449 
0.510349 0.467584 0.286383 
0.53916 0.450829 0.290207 
0.502065 0.397412 0.323867 
0.459968 0.395932 0.466668 
0.429599 0.452247 0.681076 
0.381392 0.492824 0.834676 
0.287381 0.445788 0.815999 
0.162733 0.313884 0.630577 
0.0622753 0.174675 0.394064 
0.0406661 0.117129 0.239424 
0.112305 0.173972 0.222905 
0.239506 0.300662 0.298482 
0.353289 0.40841 0.365809 
0.391919 0.422345 0.345619 
0.3363 0.327865 0.230953 
0.225212 0.182001 0.089599 
0.140825 0.0853078 0.0232446 
0.164683 0.125219 0.106007 
0.322077 0.317095 0.332515 
0.553354 0.581709 0.607412 
0.746214 0.786817 0.793435 
0.814917 0.833279 0.795811 
0.758732 0.71821 0.62266 
0.643266 0.519588 0.371339 
0.529936 0.322989 0.154657 
0.437102 0.169085 0.0349242 
0.370932 0.0665396 0.0152038 
0.368162 0.0300071 0.0700176 
0.475904 0.0783213 0.166543 
0.68277 0.193741 0.262909 
0.890874 0.305305 0.311972 
0.976576 0.332494 0.287713 
0.884227 0.249942 0.21204 
0.664114 0.110597 0.1525 
0.43243 0.0123838 0.189403 
0.3021 0.04111 0.370492 
0.333783 0.223579 0.67091 
0.517642 0.50807 0.981622 
0.780486 0.784649 1.15477 
1.01828 0.945203 1.09903 
1.14505 0.947363 0.853842 
1.12918 0.829031 0.562828 
0.993432 0.661397 0.357349 
0.786911 0.490861 0.259926 
0.558278 0.326883 0.201055 
0.346193 0.174318 0.119816 
0.180187 0.0595985 0.0326522 
0.0805011 0.0176223 0.00320639 
0.0562815 0.0590957 0.0619062 
0.106771 0.158026 0.169235 
0.224201 0.269789 0.253287 
0.391982 0.356276 0.269949 
0.576734 0.395069 0.224661 
0.72358 0.374882 0.15004 
0.768831 0.294653 0.0778457 
0.673201 0.173029 0.0329775 
0.456877 0.0551477 0.0394708 
0.206035 0.000334235 0.115434 
0.0362854 0.0526235 0.256564 
0.0321047 0.215114 0.430639 
0.201027 0.446839 0.595854 
0.469526 0.680711 0.726459 
0.719176 0.847599 0.8194 
0.841868 0.897145 0.879348 
0.78836 0.815749 0.905631 
0.588424 0.638336 0.898718 
0.331945 0.440837 0.874248 
0.120621 0.306166 0.859122 
0.0183984 0.279238 0.865661 
0.0285564 0.342272 0.870492 
0.106433 0.431241 0.827332 
0.196452 0.485119 0.711617 
0.27138 0.494082 0.559862 
0.34893 0.508876 0.462247 
0.469622 0.597922 0.502218 
0.648143 0.781476 0.686324 
0.841941 1.00012 0.926094 
0.974354 1.15218 1.09497 
0.996066 1.17075 1.1156 
0.924314 1.0702 1.00373 
0.822611 0.923958 0.838746 
0.749024 0.804671 0.699486 
0.724236 0.742976 0.622049 
