3.06661 3.86737 3.57927 
1.61946 2.2928 2.28565 
0.429616 0.836607 0.985937 
0.000551887 0.109135 0.267439 
0.423356 0.336918 0.415629 
1.28911 1.19482 1.19577 
1.98404 2.04997 2.03357 
2.11843 2.40712 2.43065 
1.73264 2.186 2.26171 
1.15535 1.65229 1.74929 
0.702487 1.1409 1.21589 
0.492016 0.840757 0.865522 
0.476077 0.775399 0.743915 
0.578479 0.904114 0.825118 
0.774329 1.1933 1.08268 
1.05567 1.59427 1.47322 
1.35254 1.98539 1.88117 
1.51435 2.17592 2.1206 
1.39515 2.00639 2.03211 
0.985297 1.47904 1.60879 
0.468918 0.798649 1.03317 
0.125944 0.258385 0.565311 
0.130279 0.0401775 0.357263 
0.411437 0.0951422 0.353803 
0.713339 0.214316 0.373122 
0.806933 0.224675 0.289366 
0.664629 0.124938 0.138246 
0.446623 0.0443797 0.0524894 
0.339828 0.094094 0.11558 
0.421036 0.27688 0.296071 
0.654042 0.528756 0.513162 
0.968912 0.805978 0.729317 
1.30514 1.098 0.952736 
1.58652 1.36406 1.16342 
1.70309 1.49896 1.27774 
1.5653 1.39714 1.21301 
1.19184 1.05677 0.981428 
0.73361 0.608249 0.699702 
0.393664 0.230466 0.496894 
0.304315 0.0328505 0.41575 
0.455737 0.00508267 0.403068 
0.715348 0.0583773 0.38352 
0.90764 0.102114 0.332003 
0.902672 0.0934416 0.280254 
0.679504 0.0450001 0.271522 
0.34679 0.0101489 0.320129 
0.106638 0.0601045 0.408627 
0.162987 0.252278 0.508863 
0.610995 0.593977 0.59764 
1.37052 1.02216 0.656806 
2.21067 1.4201 0.669012 
2.85686 1.66801 0.621246 
3.11804 1.69843 0.514928 
2.9617 1.52302 0.372107 
2.50226 1.21786 0.229846 
1.92334 0.88097 0.124139 
1.38786 0.589576 0.0727075 
0.984367 0.379615 0.0683374 
0.725755 0.252366 0.0887026 
0.581836 0.194923 0.115889 
0.513109 0.194088 0.148315 
0.486459 0.23465 0.19336 
0.480286 0.295141 0.251502 
0.497437 0.362191 0.318152 
0.581507 0.459341 0.410384 
0.799708 0.649091 0.584107 
1.16781 0.972834 0.897727 
1.56548 1.36399 1.33495 
1.75069 1.63731 1.77069 
1.52696 1.61812 2.04975 
0.954748 1.32676 2.12915 
0.391748 1.02613 2.13347 
0.256441 1.03087 2.23315 
0.677419 1.41667 2.44594 
1.34756 1.90877 2.57407 
1.74795 2.08632 2.36895 
1.56649 1.73555 1.77378 
0.952653 1.03794 1.00493 
0.410498 0.446528 0.404551 
0.457447 0.394663 0.230957 
1.33414 1.08638 0.579789 
2.92756 2.46556 1.43884 
4.85897 4.27507 2.7271 
6.6199 6.10954 4.24099 
7.71555 7.48639 5.61235 
7.82776 8.00186 6.41893 
6.95726 7.52911 6.41851 
5.44279 6.30668 5.71011 
3.80421 4.81582 4.66745 
2.48969 3.51876 3.6956 
1.68765 2.64434 3.01003 
1.31409 2.15529 2.59075 
1.15552 1.88025 2.30036 
1.04813 1.68249 2.03734 
0.966828 1.53977 1.80398 
0.978491 1.49953 1.66054 
1.12234 1.57533 1.62965 
1.33579 1.69093 1.64569 
1.49551 1.72532 1.59472 
1.52706 1.60989 1.4026 
1.4672 1.37691 1.08459 
1.41611 1.11476 0.717062 
1.43454 0.888053 0.378794 
1.49221 0.70989 0.130489 
1.50646 0.578359 0.0327452 
1.41438 0.508596 0.139261 
1.20663 0.509885 0.437272 
0.915056 0.543612 0.799305 
0.592877 0.532803 1.03023 
0.305405 0.428463 0.99763 
0.11213 0.259734 0.730868 
0.0321095 0.107957 0.39296 
0.026029 0.032908 0.15369 
0.0287781 0.0312752 0.0820135 
0.0107407 0.062511 0.13855 
0.00280364 0.097995 0.241883 
0.0519883 0.133637 0.329088 
0.152624 0.16435 0.371652 
0.232001 0.170336 0.370475 
0.215433 0.144604 0.358556 
0.108851 0.127619 0.397674 
0.0112818 0.192002 0.538994 
0.0353144 0.372405 0.760843 
0.205235 0.606379 0.947294 
0.427296 0.757063 0.95439 
0.560117 0.713374 0.727172 
0.522515 0.483708 0.365945 
0.348402 0.199307 0.0724916 
0.153287 0.0248356 0.0132658 
0.0532558 0.0534672 0.211727 
0.103881 0.266439 0.551312 
0.292182 0.570926 0.870138 
0.565682 0.86774 1.05997 
0.863714 1.09447 1.10095 
1.1307 1.22736 1.03211 
1.31456 1.26048 0.90242 
1.36551 1.1884 0.741445 
1.24753 1.00675 0.558774 
0.962794 0.729551 0.361847 
0.574587 0.410002 0.176867 
0.207928 0.145445 0.0581596 
0.0142153 0.0522304 0.0748868 
0.105922 0.213003 0.275059 
0.489881 0.620948 0.644265 
1.04138 1.15939 1.08995 
1.55093 1.64573 1.47653 
1.83269 1.92893 1.70366 
1.82855 1.97887 1.77548 
1.62748 1.893 1.79557 
1.37996 1.80469 1.87504 
1.18095 1.76923 2.02784 
1.02477 1.73271 2.15527 
0.859644 1.60865 2.14121 
0.666786 1.37532 1.96218 
0.475509 1.08991 1.6964 
0.315496 0.81798 1.42908 
0.184126 0.574415 1.16953 
0.0741825 0.345554 0.875239 
0.0137571 0.149237 0.543178 
0.0463648 0.0388466 0.246171 
0.162103 0.0367373 0.0657144 
0.270317 0.0857443 0.00691876 
0.268811 0.0952977 0.00413305 
0.149997 0.0415332 0.0103206 
0.0310386 0.00657503 0.0577322 
0.0700101 0.105688 0.213481 
0.346117 0.375867 0.482288 
0.809651 0.738493 0.770787 
1.32827 1.06431 0.95459 
1.76897 1.26633 0.975839 
2.04727 1.3358 0.875394 
2.13097 1.31074 0.742243 
2.02866 1.2299 0.643077 
1.78405 1.11702 0.595207 
1.46786 0.990931 0.586378 
1.1537 0.871672 0.602008 
0.887074 0.770751 0.631124 
0.672086 0.681167 0.657559 
0.487841 0.584136 0.657816 
0.319141 0.468467 0.612884 
0.173989 0.34358 0.522569 
0.0750363 0.2342 0.408527 
0.0365221 0.16278 0.303364 
0.0488417 0.135033 0.233671 
0.0829192 0.138508 0.207459 
0.108703 0.152817 0.213067 
0.112271 0.162951 0.229888 
0.0996643 0.16693 0.243538 
0.087404 0.174283 0.254726 
0.0902439 0.199545 0.277639 
0.117491 0.258719 0.334323 
0.177835 0.370087 0.451772 
0.279666 0.549069 0.655584 
0.416939 0.788049 0.948266 
0.552562 1.0341 1.27981 
0.626526 1.19661 1.54519 
0.596614 1.19881 1.63488 
0.478121 1.03814 1.51196 
0.337541 0.796376 1.24721 
0.241575 0.58457 0.974315 
0.21974 0.48051 0.80984 
0.288753 0.526574 0.820489 
0.505152 0.776416 1.05615 
0.955966 1.30061 1.57172 
1.65383 2.09601 2.36211 
2.42882 2.97376 3.25355 
2.95647 3.57528 3.89532 
2.94986 3.57025 3.93499 
2.37301 2.9016 3.27385 
1.48678 1.86164 2.18191 
0.677488 0.912761 1.1475 
0.20816 0.388927 0.565244 
0.0885819 0.312905 0.506319 
0.141618 0.452437 0.734578 
0.17874 0.536394 0.922444 
0.134604 0.445902 0.878488 
0.0763083 0.253459 0.630304 
0.112077 0.120884 0.346213 
0.286227 0.160348 0.191759 
0.537321 0.360108 0.229518 
0.741187 0.609348 0.409316 
0.799425 0.784603 0.62644 
0.703406 0.827386 0.792608 
0.526846 0.762834 0.87537 
0.36244 0.662419 0.896394 
0.264386 0.594596 0.907302 
0.242083 0.600909 0.963133 
0.289396 0.695084 1.09734 
0.399044 0.859593 1.29655 
0.542842 1.03478 1.48873 
0.654026 1.12771 1.56885 
0.65471 1.06036 1.46294 
0.517323 0.829909 1.18813 
0.299471 0.524511 0.854027 
0.109468 0.269489 0.594396 
0.0278537 0.143816 0.480337 
0.0534014 0.135294 0.482933 
0.116554 0.166248 0.508353 
0.141124 0.160453 0.469539 
0.10073 0.096763 0.34066 
0.033906 0.0191749 0.168059 
0.0208136 0.0108672 0.0456942 
0.144938 0.155234 0.0743609 
0.457485 0.499474 0.318518 
0.950394 1.0273 0.771815 
1.5428 1.64807 1.34532 
2.09159 2.21267 1.88921 
2.43464 2.5602 2.24475 
2.45807 2.58324 2.3072 
2.15548 2.28169 2.07222 
1.63883 1.7703 1.64044 
