1.20588 1.24004 1.01077 
1.18854 1.16988 0.809843 
1.12278 1.13864 0.730236 
1.06704 1.2296 0.87126 
1.07221 1.48472 1.26778 
1.15346 1.87023 1.85431 
1.27489 2.26925 2.46314 
1.36123 2.51645 2.87166 
1.33821 2.46977 2.89093 
1.1842 2.09008 2.46093 
0.962269 1.48537 1.70337 
0.80558 0.885796 0.894901 
0.853057 0.549142 0.36005 
1.16416 0.63638 0.327257 
1.66145 1.12094 0.817059 
2.14187 1.78451 1.62167 
2.3629 2.31014 2.39176 
2.16602 2.43105 2.79165 
1.57396 2.06148 2.64851 
0.805814 1.34229 2.02392 
0.194667 0.57738 1.17589 
0.0430314 0.092329 0.434289 
0.484718 0.0855967 0.0528219 
1.41976 0.543505 0.107437 
2.55276 1.25587 0.483118 
3.51483 1.9185 0.945894 
4.01084 2.26915 1.25833 
3.92615 2.19281 1.28215 
3.35066 1.7532 1.02449 
2.51911 1.14536 0.61496 
1.70334 0.599873 0.232635 
1.10812 0.286335 0.0215086 
0.812384 0.257019 0.0331631 
0.7713 0.448233 0.218652 
0.865648 0.72897 0.466975 
0.967405 0.96745 0.666228 
0.990167 1.08303 0.755107 
0.907231 1.06325 0.7404 
0.739481 0.946031 0.676108 
0.529425 0.784546 0.621107 
0.320047 0.617992 0.602697 
0.14816 0.463302 0.607081 
0.0483421 0.326499 0.598865 
0.0549065 0.218864 0.552611 
0.191763 0.16145 0.47317 
0.452002 0.172648 0.391691 
0.781735 0.249005 0.343126 
1.08563 0.357125 0.344184 
1.26029 0.447558 0.38851 
1.2423 0.484426 0.460433 
1.04361 0.470216 0.552822 
0.749868 0.445583 0.671313 
0.477942 0.460591 0.819418 
0.314666 0.535242 0.976866 
0.2731 0.637456 1.09215 
0.293672 0.696955 1.10156 
0.290398 0.649399 0.966864 
0.213564 0.483116 0.707061 
0.0890585 0.256719 0.400213 
0.00852008 0.0735198 0.149801 
0.0751656 0.0264844 0.0339331 
0.337946 0.146881 0.0682484 
0.753979 0.387642 0.205003 
1.2017 0.650317 0.367109 
1.53649 0.837258 0.493158 
1.65619 0.896493 0.563619 
1.54086 0.834481 0.593548 
1.24949 0.695338 0.602386 
0.883016 0.527251 0.588278 
0.54004 0.36197 0.529912 
0.288982 0.218652 0.41564 
0.163054 0.120919 0.274986 
0.167158 0.103933 0.181203 
0.28188 0.197114 0.212907 
0.460706 0.391542 0.395451 
0.630912 0.620048 0.664381 
0.711689 0.775236 0.884914 
0.650081 0.764999 0.925252 
0.456184 0.574246 0.741683 
0.210935 0.289898 0.419215 
0.0328419 0.0654746 0.135927 
0.017193 0.0407079 0.0677337 
0.182957 0.26335 0.289929 
0.461142 0.661534 0.735268 
0.733119 1.08388 1.23299 
0.895651 1.38249 1.60355 
0.913531 1.48955 1.75262 
0.831203 1.44602 1.71353 
0.742389 1.37285 1.62143 
0.740901 1.40712 1.64058 
0.880958 1.6389 1.88501 
1.16194 2.07479 2.36706 
1.5345 2.63526 2.98858 
1.91635 3.17873 3.5714 
2.21043 3.54182 3.9144 
2.32583 3.58744 3.86119 
2.20386 3.25147 3.36018 
1.84408 2.5744 2.49654 
1.31698 1.70248 1.4799 
0.750832 0.85071 0.585543 
0.292242 0.236651 0.0670044 
0.0555471 0.0101585 0.0733906 
0.0842253 0.207823 0.604358 
0.341335 0.749688 1.51884 
0.730636 1.47567 2.58958 
1.13541 2.20258 3.57761 
1.45664 2.77783 4.29787 
1.63723 3.11322 4.65666 
1.6683 3.19377 4.65661 
1.58149 3.06618 4.37624 
1.43347 2.81522 3.93562 
1.28793 2.53575 3.45927 
1.1983 2.30667 3.04502 
1.1941 2.1717 2.74415 
1.2733 2.13085 2.55608 
1.40316 2.14456 2.43709 
1.53011 2.14932 2.32014 
1.5967 2.08077 2.14024 
1.56089 1.89741 1.85862 
1.41125 1.59699 1.47849 
1.17151 1.21882 1.04603 
0.89162 0.829579 0.634224 
0.628117 0.49713 0.313831 
0.423004 0.263871 0.123336 
0.291964 0.133153 0.0529291 
0.228281 0.0766654 0.0526269 
0.219012 0.0589303 0.062012 
0.261436 0.0639103 0.0457522 
0.366899 0.106358 0.0140396 
0.548023 0.21979 0.0151466 
0.798248 0.428746 0.104331 
1.08033 0.724346 0.308272 
1.33571 1.06054 0.606679 
1.51189 1.37409 0.940839 
1.59028 1.61452 1.24115 
1.59424 1.76327 1.45481 
1.56977 1.82998 1.55816 
1.55083 1.83142 1.55162 
1.53363 1.77145 1.44793 
1.47906 1.63881 1.26593 
1.34213 1.42394 1.03286 
1.10793 1.13989 0.787189 
0.808031 0.828353 0.572117 
0.505903 0.543587 0.418635 
0.262449 0.325464 0.329534 
0.10667 0.182006 0.278774 
0.0310787 0.0946624 0.230747 
0.011375 0.0411506 0.167773 
0.0314788 0.016517 0.105467 
0.0927131 0.0348514 0.0828394 
0.201044 0.110506 0.132589 
0.345729 0.235161 0.252781 
0.490256 0.37107 0.401078 
0.586031 0.467924 0.516489 
0.599819 0.491589 0.553591 
0.533916 0.443282 0.505771 
0.423323 0.355241 0.403183 
0.312258 0.267282 0.290001 
0.228175 0.202666 0.199147 
0.172196 0.160549 0.141371 
0.130557 0.12768 0.111953 
0.0945418 0.0966018 0.104597 
0.0706029 0.0739087 0.118987 
0.0721465 0.0722788 0.157037 
0.101165 0.094805 0.214336 
0.137429 0.126988 0.277549 
0.147595 0.145347 0.332479 
0.110692 0.13762 0.377127 
0.0426982 0.119452 0.428615 
0.00175489 0.134175 0.516838 
0.0677267 0.23387 0.667599 
0.306127 0.452544 0.885675 
0.735744 0.786803 1.14811 
1.3162 1.19383 1.41088 
1.9597 1.60577 1.6239 
2.55899 1.95166 1.74597 
3.01787 2.17648 1.75395 
3.27302 2.2519 1.64545 
3.30297 2.17832 1.43777 
3.12559 1.98108 1.1651 
2.78832 1.7032 0.873643 
2.35497 1.39574 0.613045 
1.89178 1.10654 0.424251 
1.45491 0.869523 0.327473 
1.08194 0.698058 0.315862 
0.789401 0.585399 0.359085 
0.576571 0.512386 0.416375 
0.433573 0.459064 0.45354 
0.349524 0.414546 0.455884 
0.316812 0.380141 0.430826 
0.329651 0.364259 0.399149 
0.378502 0.372137 0.37974 
0.444617 0.39655 0.376235 
0.49943 0.41573 0.373231 
0.511268 0.40124 0.344984 
0.457897 0.333296 0.272874 
0.339633 0.216412 0.162685 
0.186275 0.0867619 0.051746 
0.0528137 0.00545005 1.96706e-05 
0.00344556 0.0380368 0.0668448 
0.0887585 0.227457 0.282679 
0.324731 0.571669 0.628948 
0.682369 1.01656 1.03664 
1.09307 1.46875 1.40632 
1.46856 1.82449 1.6422 
1.72809 2.00335 1.68607 
1.82272 1.97345 1.53649 
1.74748 1.75823 1.24548 
1.53794 1.42332 0.895351 
1.2539 1.0506 0.567193 
0.958156 0.711043 0.315185 
0.698977 0.44732 0.156465 
0.50209 0.270693 0.0776225 
0.372509 0.169812 0.0509554 
0.302323 0.124238 0.0506105 
0.279012 0.115387 0.0614051 
0.290488 0.13122 0.078996 
0.32627 0.165466 0.105053 
0.376734 0.214796 0.142466 
0.432898 0.276988 0.193422 
0.487851 0.3509 0.259783 
0.538934 0.436905 0.343275 
0.588752 0.53597 0.443714 
0.643497 0.646832 0.555707 
0.708686 0.762521 0.666215 
0.784086 0.868522 0.75539 
0.860461 0.944435 0.801425 
0.920213 0.969371 0.78795 
0.94239 0.929367 0.71094 
0.910391 0.823816 0.582041 
0.819171 0.667829 0.426405 
0.678586 0.488835 0.275233 
0.51107 0.318245 0.155505 
0.344474 0.181424 0.0810842 
0.203223 0.0903995 0.0493369 
0.10163 0.0425351 0.0453007 
0.04184 0.0253888 0.0516362 
0.0163204 0.0246244 0.0592043 
0.0127706 0.0304316 0.0722848 
0.0188831 0.0393033 0.105211 
0.0254626 0.0513457 0.172227 
0.0278261 0.0662145 0.276653 
0.0260216 0.0812681 0.406096 
0.0240831 0.0933794 0.536953 
0.0281145 0.10275 0.645795 
0.0432796 0.115323 0.720944 
0.0707182 0.141196 0.76727 
0.106054 0.189136 0.801077 
0.140646 0.260041 0.837768 
0.165165 0.343203 0.879372 
0.17359 0.418055 0.909567 
