2.0478 2.02058 2.09504 
1.46548 1.47111 1.57069 
0.8951 0.945388 1.06596 
0.51124 0.586809 0.699164 
0.318143 0.399126 0.485377 
0.247115 0.329296 0.397579 
0.233329 0.329178 0.407976 
0.236186 0.370932 0.4962 
0.252195 0.457495 0.657339 
0.333634 0.633793 0.908777 
0.56556 0.956872 1.26202 
0.985762 1.42186 1.66733 
1.51634 1.91536 1.99721 
1.98439 2.26035 2.11031 
2.22098 2.32282 1.94662 
2.15189 2.08613 1.56492 
1.81607 1.63983 1.09438 
1.32464 1.11552 0.656084 
0.812888 0.634255 0.321873 
0.412629 0.291981 0.124367 
0.231493 0.15964 0.0824459 
0.31618 0.264066 0.202609 
0.607222 0.549255 0.449807 
0.932042 0.862976 0.724431 
1.08142 1.01984 0.896752 
0.945251 0.926219 0.900334 
0.600468 0.663291 0.800896 
0.253756 0.426046 0.743966 
0.0726502 0.350091 0.802337 
0.061231 0.392831 0.880198 
0.0984878 0.39773 0.801919 
0.0850312 0.275623 0.514592 
0.0346002 0.105953 0.18778 
0.0256956 0.0517785 0.0878657 
0.0907514 0.187613 0.341726 
0.173365 0.421729 0.817712 
0.189457 0.580127 1.22783 
0.118452 0.55874 1.34726 
0.0382063 0.407645 1.16519 
0.0797845 0.289971 0.864869 
0.337201 0.357926 0.670029 
0.792475 0.63891 0.681933 
1.31104 1.01399 0.825618 
1.71983 1.30544 0.936807 
1.91402 1.40414 0.90757 
1.91012 1.33466 0.764773 
1.812 1.2164 0.628065 
1.73129 1.17083 0.607717 
1.72218 1.24911 0.734482 
1.75594 1.40838 0.950863 
1.73698 1.53018 1.13822 
1.56451 1.48074 1.16637 
1.21894 1.20294 0.968656 
0.801711 0.777737 0.605573 
0.469436 0.38204 0.245796 
0.30819 0.159639 0.0524767 
0.274645 0.12359 0.0690066 
0.265441 0.181902 0.21032 
0.228857 0.2419 0.353945 
0.190993 0.272283 0.426702 
0.185998 0.277094 0.415176 
0.198397 0.251107 0.331225 
0.194874 0.190116 0.198884 
0.198937 0.136713 0.0715648 
0.311237 0.189397 0.036381 
0.646667 0.449053 0.180243 
1.2411 0.944137 0.537375 
1.99172 1.5867 1.05179 
2.66551 2.18431 1.57735 
2.98817 2.51241 1.92817 
2.79078 2.42765 1.97041 
2.12945 1.95919 1.70341 
1.27272 1.30081 1.26198 
0.542035 0.693773 0.827667 
0.124129 0.289334 0.520762 
0.00282054 0.0972797 0.357638 
0.0400237 0.0379455 0.284846 
0.105665 0.0257375 0.235603 
0.147285 0.0161908 0.166364 
0.179099 0.0103831 0.0755972 
0.235656 0.0380006 0.00798148 
0.328955 0.12416 0.0228072 
0.42543 0.24852 0.129194 
0.459167 0.337318 0.251867 
0.385533 0.319987 0.288289 
0.234637 0.208545 0.218046 
0.103862 0.110077 0.145382 
0.0839813 0.143311 0.214946 
0.189226 0.339079 0.48236 
0.359682 0.624367 0.87147 
0.526285 0.896554 1.24964 
0.676688 1.11005 1.5335 
0.885507 1.31432 1.73752 
1.3064 1.64152 1.95903 
2.10663 2.24733 2.32715 
3.32222 3.19103 2.91528 
4.70444 4.29805 3.63229 
5.73107 5.14571 4.18888 
5.88069 5.27804 4.24023 
5.00746 4.53638 3.64537 
3.48454 3.21407 2.6119 
1.95263 1.8601 1.55817 
0.885624 0.89576 0.806294 
0.357062 0.393995 0.401319 
0.162439 0.181623 0.202752 
0.092552 0.0843125 0.0910131 
0.0678423 0.0413096 0.0439458 
0.0784868 0.0407118 0.0531359 
0.0975151 0.0452595 0.0602221 
0.0907107 0.0261283 0.0256879 
0.0653083 0.0237069 0.0199283 
0.05577 0.111295 0.176208 
0.068428 0.293824 0.534468 
0.0804329 0.481477 0.961838 
0.0988958 0.579153 1.24656 
0.183548 0.578948 1.26004 
0.386122 0.552658 1.03166 
0.685913 0.580648 0.708446 
1.0094 0.71145 0.473167 
1.30068 0.962718 0.465218 
1.5429 1.30769 0.704203 
1.71533 1.64947 1.05679 
1.77004 1.85336 1.31568 
1.67597 1.84645 1.36063 
1.46651 1.67948 1.24711 
1.21523 1.46605 1.11857 
0.969811 1.26547 1.04059 
0.733914 1.05027 0.950938 
0.512001 0.786258 0.770658 
0.339351 0.506942 0.520998 
0.24849 0.286976 0.302954 
0.22583 0.166293 0.188607 
0.231285 0.13553 0.175604 
0.260898 0.190462 0.243437 
0.364703 0.359072 0.402719 
0.584926 0.647712 0.653848 
0.878542 0.972946 0.916164 
1.10913 1.17566 1.04154 
1.12706 1.12408 0.923361 
0.88656 0.822614 0.598801 
0.519484 0.440544 0.249736 
0.29191 0.228645 0.0974526 
0.427206 0.354397 0.256022 
0.898807 0.752965 0.633476 
1.38565 1.12811 0.963984 
1.49363 1.15885 0.989611 
1.09277 0.776515 0.678112 
0.456814 0.256847 0.279783 
0.0460473 0.00615398 0.134038 
0.123421 0.218674 0.378719 
0.563175 0.724608 0.833774 
1.00696 1.15952 1.16729 
1.1775 1.26874 1.17195 
1.04934 1.06094 0.892417 
0.776399 0.720123 0.526178 
0.518635 0.422389 0.24268 
0.343513 0.235422 0.0923103 
0.239848 0.137934 0.0365656 
0.17355 0.0838198 0.0187442 
0.124482 0.0450742 0.00700599 
0.0952541 0.0231831 0.00291476 
0.100228 0.0383621 0.0297893 
0.142575 0.103496 0.107392 
0.199107 0.201277 0.226488 
0.233625 0.289224 0.346682 
0.228097 0.330162 0.421617 
0.195235 0.315323 0.426162 
0.158153 0.258778 0.362925 
0.124847 0.179141 0.253966 
0.0882599 0.0937528 0.134014 
0.0464563 0.0250307 0.0457309 
0.0161107 0.0020019 0.0290059 
0.0276159 0.0514563 0.107239 
0.108533 0.185049 0.278312 
0.26198 0.385037 0.507981 
0.448407 0.593746 0.725543 
0.591702 0.726203 0.840207 
0.622166 0.71712 0.79071 
0.528046 0.57118 0.59605 
0.364684 0.363722 0.350661 
0.209468 0.183527 0.155751 
0.109631 0.073924 0.0512077 
0.0709828 0.0270942 0.0126966 
0.0800793 0.0197683 0.0014734 
0.119354 0.0370527 0.000910073 
0.163412 0.0647154 0.00838681 
0.181053 0.0802382 0.0150388 
0.155294 0.0670243 0.0102951 
0.0986844 0.0334319 0.000861778 
0.0422366 0.00820802 0.0117091 
0.0107001 0.0170684 0.0654441 
0.0115316 0.067575 0.165049 
0.0422913 0.152311 0.294459 
0.0988714 0.256291 0.427028 
0.172994 0.357155 0.53032 
0.245173 0.423915 0.570498 
0.28508 0.42492 0.523883 
0.265518 0.346377 0.39373 
0.185462 0.210865 0.220512 
0.0826352 0.0767948 0.0713507 
0.0127712 0.00549856 0.00341359 
0.00304139 0.0133578 0.0219458 
0.0278617 0.0572839 0.0748929 
0.0432187 0.0805276 0.102188 
0.0438027 0.0747923 0.094656 
0.0674627 0.0825933 0.0934602 
0.13539 0.132636 0.127589 
0.208687 0.192231 0.169519 
0.226601 0.202985 0.168927 
0.178555 0.152343 0.117572 
0.112809 0.0842452 0.0560087 
0.074668 0.0411454 0.0198326 
0.0625991 0.0238864 0.00874425 
0.0517012 0.0157322 0.0150024 
0.0330994 0.0157854 0.0488697 
0.0142477 0.0286867 0.112181 
0.00191057 0.0440037 0.170758 
0.00270636 0.0508777 0.185341 
0.0228889 0.0579108 0.15907 
0.0569294 0.0769796 0.126702 
0.104274 0.104496 0.106945 
0.200563 0.135545 0.091248 
0.36649 0.164101 0.0660801 
0.499949 0.152224 0.0261662 
0.432407 0.0692378 0.000696273 
0.183633 0.00163011 0.0820139 
0.0104636 0.0871156 0.320009 
0.0212107 0.224132 0.514223 
0.00656677 0.118797 0.343132 
0.204592 0.0599652 0.0231623 
2.08786 1.41039 0.586394 
7.16546 5.25413 2.67782 
14.0937 10.0169 4.90308 
18.043 11.679 4.65713 
15.0798 8.09312 1.77519 
7.35369 2.50546 0.020107 
1.39678 0.0427144 2.12619 
0.0395991 0.478425 4.10369 
0.0637841 0.0440622 1.0296 
4.04704 6.65606 4.07978 
33.8483 50.0589 45.8754 
120.951 161.743 151.644 
269.988 330.321 292.785 
429.865 479.11 379.05 
513.753 508.308 325.844 
464.084 380.898 152.48 
305.149 171.908 8.71313 
128.505 20.7555 73.8045 
20.8472 19.5124 398.502 
2.09918 139.597 835.752 
28.365 265.335 1137.02 
