0.0547646 0.109042 0.17063 
0.174945 0.288459 0.385009 
0.416058 0.655365 0.848108 
0.75539 1.15274 1.47251 
1.09311 1.609 2.02409 
1.28715 1.81478 2.2401 
1.22983 1.64536 1.98824 
0.920331 1.15153 1.36487 
0.484663 0.555866 0.664714 
0.122823 0.146868 0.231216 
0.00678961 0.125945 0.270031 
0.187013 0.495509 0.734386 
0.565155 1.05701 1.35251 
0.95186 1.52331 1.78408 
1.17373 1.67869 1.81349 
1.16236 1.48933 1.46371 
0.974051 1.10139 0.96529 
0.738176 0.737899 0.607504 
0.576751 0.567978 0.57074 
0.546241 0.628747 0.84197 
0.626765 0.834858 1.25181 
0.750713 1.05149 1.59238 
0.845826 1.17608 1.73438 
0.870069 1.18346 1.67879 
0.825606 1.12019 1.52931 
0.748507 1.06287 1.41721 
0.680573 1.06808 1.42695 
0.640617 1.14134 1.5591 
0.617213 1.24159 1.74318 
0.593477 1.31951 1.88824 
0.589421 1.36711 1.94263 
0.687611 1.44506 1.93009 
1.01332 1.66388 1.9409 
1.67157 2.12414 2.08122 
2.67673 2.84919 2.40857 
3.91843 3.75105 2.88956 
5.18285 4.64834 3.4021 
6.21392 5.32347 3.77812 
6.78212 5.58904 3.86407 
6.73912 5.34048 3.57594 
6.0555 4.58813 2.93434 
4.842 3.46723 2.07089 
3.34275 2.21656 1.19658 
1.88161 1.11471 0.530053 
0.762463 0.383526 0.206738 
0.159988 0.0998854 0.21495 
0.0582276 0.16853 0.403712 
0.274893 0.379753 0.567956 
0.560018 0.522806 0.563929 
0.713903 0.489103 0.38379 
0.662365 0.307766 0.145106 
0.458312 0.101856 0.00816845 
0.222834 0.00167017 0.0781412 
0.0675516 0.0698893 0.350523 
0.0404409 0.276293 0.72309 
0.116244 0.525202 1.05547 
0.225827 0.71075 1.23617 
0.30093 0.766875 1.22311 
0.30825 0.689281 1.04581 
0.257848 0.525467 0.778799 
0.187498 0.344879 0.50559 
0.137132 0.207692 0.290712 
0.129914 0.146968 0.168433 
0.169154 0.169069 0.147416 
0.248871 0.267043 0.224236 
0.367395 0.435531 0.396085 
0.532099 0.675806 0.663872 
0.749691 0.985854 1.02184 
1.00758 1.34107 1.43862 
1.26105 1.68083 1.84387 
1.44061 1.91685 2.1365 
1.48128 1.96683 2.21972 
1.35769 1.79687 2.04786 
1.10122 1.44521 1.65642 
0.786132 1.00858 1.15247 
0.493186 0.597477 0.667604 
0.27478 0.288194 0.301335 
0.14238 0.101397 0.0893593 
0.0803189 0.017265 0.0133903 
0.0721106 0.0113858 0.0393991 
0.117822 0.0811989 0.151421 
0.228072 0.240681 0.353116 
0.398941 0.487359 0.637169 
0.590784 0.77193 0.952608 
0.735301 1.00333 1.20589 
0.772378 1.09373 1.30394 
0.688865 1.01095 1.20881 
0.52594 0.796245 0.960305 
0.34906 0.534439 0.650017 
0.207729 0.303688 0.370057 
0.116674 0.143531 0.175804 
0.0646483 0.0566278 0.082067 
0.0335818 0.0303635 0.0826902 
0.0121793 0.0567692 0.171116 
0.00204759 0.139089 0.345858 
0.0177675 0.283009 0.597173 
0.0768513 0.477053 0.88482 
0.180929 0.677522 1.13065 
0.305441 0.8202 1.24927 
0.414923 0.862877 1.20898 
0.493252 0.825173 1.07213 
0.554296 0.778675 0.961281 
0.615422 0.782239 0.960479 
0.661672 0.819801 1.03516 
0.646168 0.807932 1.05396 
0.534425 0.674384 0.903797 
0.34792 0.433426 0.595161 
0.158498 0.183378 0.259752 
0.0362644 0.0292185 0.0458458 
0.00112505 0.00499651 0.0102508 
0.0205445 0.063445 0.0976203 
0.0474795 0.129986 0.207457 
0.0584364 0.163103 0.274955 
0.0618313 0.171463 0.298771 
0.0795982 0.186784 0.310912 
0.123875 0.226473 0.331728 
0.18591 0.277388 0.350991 
0.241203 0.30791 0.343049 
0.266024 0.294727 0.295748 
0.255271 0.243406 0.226705 
0.229199 0.187344 0.173413 
0.221625 0.164725 0.164669 
0.25601 0.190244 0.196409 
0.327356 0.244052 0.233108 
0.404539 0.287306 0.235353 
0.451207 0.291712 0.191632 
0.448912 0.25952 0.128421 
0.406327 0.219986 0.0913749 
0.350976 0.20827 0.114225 
0.312624 0.244957 0.199829 
0.310595 0.330024 0.325075 
0.350652 0.450806 0.46131 
0.427822 0.592153 0.591196 
0.52775 0.737466 0.708356 
0.624262 0.860752 0.80246 
0.679725 0.922195 0.846758 
0.657178 0.880655 0.805341 
0.543082 0.721618 0.660592 
0.364559 0.479945 0.439782 
0.182136 0.23309 0.213856 
0.0563601 0.0612764 0.0611224 
0.0111118 0.000748735 0.0195892 
0.0231698 0.0263299 0.0652353 
0.0465845 0.0770536 0.134027 
0.0499951 0.102644 0.169089 
0.0349856 0.0928486 0.15482 
0.0235626 0.0703487 0.114617 
0.0317495 0.0612358 0.0818981 
0.0553312 0.0724385 0.0733028 
0.0771728 0.0920583 0.0834922 
0.0839329 0.104755 0.0978347 
0.0751231 0.104428 0.106459 
0.0594695 0.0951352 0.108547 
0.0459478 0.0841894 0.107879 
0.0381524 0.0756531 0.106663 
0.0343578 0.0685205 0.102839 
0.0307812 0.0591355 0.0919957 
0.0249809 0.0452194 0.0719229 
0.0173792 0.0283535 0.0458509 
0.0103011 0.0129585 0.0211741 
0.00611785 0.00323888 0.00478818 
0.00716737 0.00200948 0.00011589 
0.0174871 0.0126454 0.00871857 
0.0425819 0.0400685 0.032842 
0.0846482 0.0866434 0.0734458 
0.137163 0.146036 0.125042 
0.186036 0.203265 0.175167 
0.218382 0.243632 0.212129 
0.230683 0.262343 0.233663 
0.227875 0.264497 0.246022 
0.215025 0.255831 0.253684 
0.19167 0.235335 0.251517 
0.155291 0.198428 0.229188 
0.109393 0.146767 0.183714 
0.0663713 0.0931634 0.126867 
0.0410555 0.0554218 0.0795707 
0.0402929 0.0442661 0.0581517 
0.0576805 0.0559123 0.0640743 
0.0782731 0.0756312 0.0848918 
0.0899681 0.0895877 0.105044 
0.0923817 0.0954182 0.117886 
0.0953214 0.102459 0.129277 
0.10793 0.121089 0.149572 
0.128985 0.15108 0.181325 
0.148211 0.180574 0.214761 
0.156733 0.196577 0.235568 
0.154691 0.195546 0.236482 
0.148118 0.183249 0.22049 
0.140569 0.166147 0.194095 
0.130647 0.145916 0.160741 
0.117579 0.122833 0.122462 
0.105888 0.101302 0.0855535 
0.101958 0.0884249 0.0602589 
0.106606 0.0866686 0.0527291 
0.113034 0.0899666 0.0583677 
0.112545 0.0884344 0.0648676 
0.101264 0.0765625 0.0621988 
0.0813958 0.0565517 0.049508 
0.0579176 0.0350101 0.0333449 
0.0357675 0.0181456 0.0211214 
0.0193496 0.00987154 0.0168699 
0.0116992 0.0117075 0.0211388 
0.0117219 0.021418 0.0315277 
0.0130663 0.0316232 0.042069 
0.00918433 0.0332212 0.0448278 
0.00176532 0.0238145 0.0362213 
0.00194495 0.0123192 0.0225662 
0.018595 0.0112604 0.0160935 
0.0446139 0.022514 0.0228837 
0.0596385 0.0338217 0.0367171 
0.0505458 0.0331048 0.0480799 
0.0271136 0.0243796 0.0576349 
0.0128202 0.0243731 0.0754461 
0.0206479 0.0426641 0.105508 
0.0419106 0.0698179 0.136143 
0.0600284 0.0888894 0.150758 
0.0778599 0.100315 0.148486 
0.142405 0.138455 0.152321 
0.343543 0.258988 0.191737 
0.747377 0.482727 0.264044 
1.26802 0.721845 0.305692 
1.61106 0.787016 0.232452 
1.46407 0.557932 0.0659846 
0.858663 0.193307 0.0169901 
0.275002 0.0622475 0.316586 
0.176945 0.303651 0.842513 
0.408955 0.523938 1.03492 
0.38203 0.309708 0.548234 
0.194289 0.291836 0.159825 
1.30497 2.28752 1.58818 
5.23796 7.48527 5.64259 
11.081 14.1035 10.4055 
14.9212 17.6862 12.1621 
13.1249 15.0335 9.13867 
6.67117 8.01552 3.97481 
1.07872 2.15662 1.01105 
0.595339 0.519709 0.917436 
2.95006 0.686872 0.954261 
2.47732 1.3491 4.64646 
0.456474 13.2272 31.1372 
10.8117 59.2017 107.549 
50.7838 155.413 241.141 
121.672 286.295 393.604 
198.573 399.947 489.267 
242.985 436.823 463.981 
230.473 372.949 319.911 
169.257 240.54 135.812 
92.9224 105.886 15.6972 
34.6656 22.6025 14.215 
6.63457 0.020174 100.919 
0.0887076 10.1252 192.043 
