0.68587 0.363496 0.117373 
0.65986 0.376452 0.101167 
0.599165 0.358471 0.0754193 
0.514877 0.314666 0.0458725 
0.43353 0.267091 0.0321409 
0.387862 0.247252 0.061386 
0.399986 0.27906 0.151773 
0.465333 0.360775 0.294128 
0.548404 0.458594 0.445542 
0.596964 0.520478 0.544864 
0.570651 0.506806 0.546804 
0.468924 0.421099 0.456092 
0.339916 0.319439 0.337559 
0.260592 0.287044 0.289154 
0.295846 0.390895 0.388319 
0.459209 0.635316 0.642624 
0.69953 0.949452 0.977397 
0.923586 1.21792 1.27196 
1.04243 1.33883 1.42482 
1.01437 1.27511 1.40797 
0.860105 1.06904 1.27652 
0.644168 0.813255 1.12894 
0.43821 0.599373 1.04532 
0.290875 0.476943 1.04396 
0.220455 0.445264 1.08173 
0.227797 0.475924 1.09325 
0.312806 0.544051 1.03857 
0.478362 0.644305 0.927335 
0.718814 0.782907 0.806634 
1.00475 0.956442 0.725646 
1.27981 1.13695 0.703221 
1.47616 1.27599 0.718724 
1.54104 1.32516 0.728069 
1.45834 1.25876 0.690885 
1.25314 1.08499 0.591117 
0.978363 0.841022 0.441611 
0.693669 0.577917 0.274874 
0.448074 0.344873 0.12857 
0.271977 0.178531 0.033142 
0.176378 0.0973041 0.0040858 
0.154217 0.0983737 0.0382277 
0.181923 0.157304 0.113813 
0.223929 0.233218 0.195845 
0.243528 0.28179 0.247486 
0.21862 0.273172 0.244735 
0.154675 0.206464 0.187776 
0.0855767 0.111677 0.10234 
0.0587112 0.0361491 0.0291341 
0.110455 0.0216152 0.0062558 
0.245213 0.0841678 0.0536374 
0.430077 0.207822 0.167103 
0.608327 0.354199 0.323581 
0.724165 0.481549 0.492699 
0.745331 0.561939 0.647546 
0.672794 0.58827 0.769756 
0.53507 0.570028 0.84888 
0.37294 0.523068 0.879398 
0.223684 0.460499 0.858799 
0.111467 0.388919 0.787813 
0.0455283 0.309997 0.67172 
0.0239371 0.224841 0.521408 
0.0396688 0.138541 0.353917 
0.0865513 0.0633508 0.192855 
0.163367 0.0194253 0.0681019 
0.274507 0.031776 0.0127177 
0.426025 0.122564 0.0550374 
0.617845 0.300051 0.206762 
0.83571 0.548673 0.451907 
1.04809 0.82629 0.743588 
1.21177 1.07256 1.01333 
1.28538 1.22704 1.19149 
1.24517 1.25006 1.23092 
1.09557 1.13698 1.12355 
0.868877 0.919454 0.902248 
0.614152 0.65306 0.627674 
0.380287 0.397357 0.366313 
0.20079 0.197126 0.169561 
0.0865303 0.0723644 0.0620362 
0.0286248 0.0198765 0.0422045 
0.00896915 0.0237355 0.0924925 
0.012542 0.0680892 0.192145 
0.0350996 0.145294 0.325853 
0.0824986 0.255496 0.48447 
0.162578 0.398939 0.659221 
0.274901 0.566701 0.834747 
0.405066 0.736625 0.98698 
0.527606 0.87797 1.08849 
0.616084 0.962701 1.11878 
0.654426 0.976971 1.07355 
0.642824 0.926153 0.967079 
0.595281 0.830897 0.826366 
0.531225 0.717204 0.680424 
0.466818 0.60655 0.550665 
0.410664 0.51096 0.446765 
0.364737 0.433917 0.36853 
0.327903 0.374405 0.310895 
0.298698 0.330498 0.268511 
0.275945 0.300672 0.237941 
0.258099 0.283275 0.217585 
0.242826 0.275542 0.206431 
0.227346 0.273034 0.202535 
0.20895 0.269637 0.201804 
0.185233 0.258238 0.197792 
0.154562 0.232556 0.183324 
0.117494 0.190184 0.153961 
0.0786874 0.135505 0.111625 
0.0472053 0.0799163 0.0655553 
0.0332402 0.0376354 0.0287572 
0.0418524 0.0183462 0.0111805 
0.0676214 0.0211069 0.0138562 
0.0949753 0.0342663 0.0283978 
0.105782 0.0425633 0.042851 
0.0903565 0.0372949 0.0501035 
0.0545994 0.0225407 0.0527225 
0.017712 0.0126284 0.0603706 
0.00117664 0.0221202 0.0814358 
0.0159147 0.0551341 0.115052 
0.0560237 0.101495 0.149637 
0.102949 0.142375 0.169328 
0.13677 0.161374 0.163815 
0.146813 0.153384 0.134612 
0.135177 0.125746 0.0935765 
0.11247 0.0920719 0.0552431 
0.0904074 0.0641253 0.0288486 
0.0769934 0.0475963 0.01557 
0.0764911 0.0435963 0.0120558 
0.0917898 0.05285 0.0164544 
0.125086 0.077801 0.0315934 
0.175205 0.120339 0.0626944 
0.233978 0.177199 0.11161 
0.286019 0.237537 0.172348 
0.314082 0.285669 0.231579 
0.307614 0.30788 0.274015 
0.268908 0.29885 0.289036 
0.212255 0.263394 0.274421 
0.156189 0.21266 0.235514 
0.113778 0.157895 0.181503 
0.0873171 0.106323 0.122008 
0.0705586 0.0615735 0.0660095 
0.0562872 0.0272514 0.022565 
0.0434067 0.00979484 0.00100579 
0.0383833 0.017421 0.00888078 
0.0501517 0.055219 0.0481113 
0.082279 0.119673 0.111851 
0.128008 0.196743 0.184705 
0.171733 0.265527 0.247123 
0.196163 0.306049 0.282225 
0.190867 0.307194 0.281833 
0.157259 0.270714 0.24883 
0.107467 0.209546 0.194971 
0.0581287 0.141657 0.135497 
0.0228444 0.0827889 0.0833004 
0.00726962 0.0415595 0.0452457 
0.00887842 0.0186873 0.0218352 
0.0205546 0.0096984 0.009532 
0.0351635 0.00875389 0.00384271 
0.0482489 0.0112261 0.00136484 
0.0578571 0.0141871 0.000287218 
0.0628144 0.0158506 0.000250535 
0.0618216 0.0157012 0.00279406 
0.0546534 0.0159185 0.0124654 
0.0444296 0.022727 0.0370749 
0.0384057 0.0453765 0.0852484 
0.0455343 0.0918346 0.161214 
0.0717353 0.163135 0.259521 
0.116106 0.250244 0.363693 
0.170978 0.336254 0.450939 
0.225806 0.403059 0.500996 
0.271753 0.438325 0.503977 
0.303507 0.438433 0.462624 
0.317649 0.406458 0.388485 
0.31046 0.348279 0.295828 
0.278724 0.270917 0.198058 
0.224016 0.184266 0.108179 
0.156735 0.103199 0.0404685 
0.0950054 0.0457743 0.0091671 
0.0571068 0.0264368 0.0229587 
0.0517074 0.0480743 0.078693 
0.0728366 0.0989787 0.159727 
0.103624 0.15781 0.241457 
0.126424 0.203841 0.301313 
0.132302 0.225904 0.327174 
0.123774 0.224712 0.319555 
0.11007 0.208384 0.287558 
0.0995284 0.185526 0.242525 
0.0947233 0.160864 0.193626 
0.0926757 0.135211 0.146899 
0.0883551 0.108047 0.106335 
0.0781271 0.0798387 0.0749256 
0.0612946 0.0527387 0.054856 
0.0400754 0.0301193 0.047355 
0.019023 0.0158612 0.0527537 
0.00402464 0.0134987 0.0705637 
0.000351208 0.0248515 0.0990924 
0.00994618 0.0483897 0.134763 
0.0294615 0.0784881 0.171996 
0.0507907 0.106648 0.204298 
0.06441 0.124502 0.22618 
0.0638996 0.127141 0.234842 
0.0491961 0.115094 0.230813 
0.0268967 0.0941509 0.217491 
0.00742576 0.0731373 0.199904 
0.000180263 0.0603617 0.182922 
0.00872279 0.0599361 0.169249 
0.0286301 0.0697838 0.158126 
0.049976 0.0829888 0.145985 
0.0638473 0.0923284 0.129215 
0.068797 0.0951166 0.107291 
0.0718868 0.0944804 0.0837499 
0.0824465 0.0957596 0.0641587 
0.103083 0.101194 0.0529706 
0.125992 0.108005 0.05193 
0.13875 0.111757 0.0605304 
0.134986 0.111314 0.0765497 
0.120031 0.109879 0.0953521 
0.106085 0.110994 0.109815 
0.101768 0.11426 0.113525 
0.106467 0.1158 0.105457 
0.114364 0.112737 0.0898696 
0.123428 0.107889 0.0695828 
0.143806 0.11671 0.0440056 
0.209686 0.185581 0.0290756 
0.401926 0.420402 0.0959655 
0.868194 0.99304 0.385757 
1.7943 2.07042 1.04065 
3.28012 3.64535 2.04454 
5.14449 5.3516 3.07685 
6.79926 6.44948 3.56088 
7.38742 6.14794 3.01507 
6.26653 4.21841 1.57315 
3.64417 1.54806 0.28376 
0.919331 0.127415 0.786459 
0.302871 2.19254 4.32658 
3.68949 8.81441 10.6411 
11.3328 18.7824 17.5744 
21.2056 28.6836 21.9746 
29.6624 34.4307 21.5347 
33.2155 33.4797 16.3813 
30.4201 26.3365 9.141 
22.658 16.268 3.21245 
13.2743 7.32205 0.426353 
5.63104 1.99337 0.0192233 
1.38449 0.172322 0.0425493 
0.0831623 0.0433187 0.320022 
0.150659 0.044658 4.35652 
0.292463 0.132492 17.8091 
0.177739 1.2213 43.5834 
0.0531205 3.40166 76.7731 
0.0253532 4.92425 103.98 
0.0987208 3.63264 109.438 
1.26449 0.468452 85.6644 
