0.14216 0.166268 0.545044 
0.161196 0.114437 0.495498 
0.1551 0.0767877 0.504301 
0.121795 0.0764849 0.616011 
0.0739002 0.132537 0.851281 
0.044488 0.254685 1.19028 
0.080701 0.438796 1.57031 
0.223055 0.663176 1.90043 
0.479459 0.889002 2.08963 
0.809859 1.06841 2.07925 
1.13378 1.15976 1.86626 
1.36009 1.14364 1.50621 
1.42456 1.03062 1.09185 
1.31537 0.855009 0.716052 
1.07385 0.657747 0.436161 
0.772318 0.468911 0.258197 
0.483503 0.301187 0.149243 
0.258291 0.158164 0.070801 
0.120464 0.0504996 0.0133487 
0.0748314 0.00654821 0.0109825 
0.11761 0.0669661 0.126421 
0.239756 0.263809 0.41437 
0.422422 0.596251 0.884607 
0.631794 1.01913 1.48669 
0.821867 1.45373 2.12546 
0.947556 1.81652 2.69824 
0.981743 2.05022 3.13193 
0.925561 2.13965 3.39957 
0.804744 2.10476 3.50954 
0.654103 1.97762 3.47851 
0.500418 1.7804 3.30939 
0.355035 1.51951 2.99112 
0.220205 1.19915 2.52114 
0.102618 0.842365 1.93403 
0.0215227 0.501276 1.3134 
0.00248103 0.244708 0.773276 
0.059079 0.127437 0.415255 
0.175895 0.159887 0.284585 
0.307736 0.299121 0.351244 
0.399982 0.469175 0.527463 
0.419153 0.599258 0.71108 
0.373184 0.655971 0.829038 
0.305727 0.649712 0.857462 
0.266186 0.613615 0.811984 
0.275291 0.572651 0.72169 
0.310966 0.526709 0.608194 
0.326149 0.45977 0.483156 
0.287457 0.366451 0.360412 
0.207495 0.273058 0.266769 
0.146514 0.233752 0.237582 
0.179753 0.301092 0.29714 
0.350617 0.490002 0.437972 
0.63991 0.760277 0.615942 
0.970668 1.03061 0.767337 
1.2447 1.21605 0.838433 
1.38756 1.26592 0.809359 
1.37603 1.18074 0.698504 
1.23637 1.00189 0.547238 
1.02097 0.784979 0.396877 
0.781731 0.57502 0.272349 
0.555041 0.395887 0.17963 
0.361248 0.254151 0.113613 
0.210837 0.14851 0.0675703 
0.108358 0.0759769 0.0375855 
0.0512947 0.0324218 0.0217429 
0.028118 0.0112894 0.018368 
0.0211213 0.00511117 0.0269687 
0.0148631 0.0102403 0.0512582 
0.00500178 0.0306423 0.100251 
0.000592861 0.0760722 0.184153 
0.0171238 0.154105 0.306025 
0.0643296 0.260775 0.454414 
0.136867 0.376647 0.602699 
0.214231 0.472141 0.717199 
0.270227 0.520011 0.770505 
0.286197 0.508075 0.752992 
0.260098 0.444892 0.676259 
0.206483 0.355223 0.566805 
0.148138 0.268035 0.453706 
0.104851 0.203816 0.357004 
0.0857062 0.167793 0.282532 
0.0884479 0.15178 0.224682 
0.10484 0.142306 0.174128 
0.12769 0.129588 0.125228 
0.155038 0.112308 0.079001 
0.189624 0.0964777 0.0410003 
0.235184 0.0904782 0.0167343 
0.292925 0.100246 0.00838473 
0.360756 0.127583 0.0149731 
0.435255 0.171683 0.0352189 
0.514003 0.231496 0.0702437 
0.595635 0.306142 0.123441 
0.676941 0.392511 0.197028 
0.749099 0.481851 0.28741 
0.796508 0.558513 0.382642 
0.800558 0.603052 0.464252 
0.747504 0.599131 0.513075 
0.636605 0.540998 0.516385 
0.483771 0.437483 0.472814 
0.318007 0.310068 0.392784 
0.171671 0.18564 0.294519 
0.0689265 0.0871772 0.197709 
0.0177554 0.02652 0.117603 
0.00908226 0.0021085 0.0616379 
0.0230348 0.00215068 0.0292814 
0.0390239 0.011306 0.0145247 
0.0447729 0.0177407 0.00972123 
0.0402467 0.0175828 0.00926021 
0.03505 0.0151144 0.0117184 
0.041014 0.0189091 0.0196356 
0.0639551 0.0358911 0.0369725 
0.0989705 0.0663014 0.0654628 
0.13189 0.102262 0.101879 
0.146341 0.130941 0.138016 
0.132815 0.140878 0.163787 
0.0947868 0.12814 0.171919 
0.0483076 0.0988228 0.161575 
0.014959 0.0663634 0.138719 
0.011811 0.0451081 0.112995 
0.0437462 0.0437679 0.0930391 
0.102116 0.0623423 0.0830202 
0.169977 0.0938362 0.0822366 
0.230437 0.129165 0.0875172 
0.273309 0.162009 0.0964896 
0.296969 0.191026 0.109611 
0.30581 0.21907 0.130107 
0.306312 0.251053 0.162487 
0.304858 0.292374 0.210889 
0.308085 0.348365 0.277831 
0.323808 0.423467 0.362937 
0.359704 0.518616 0.460973 
0.418805 0.627033 0.559671 
0.494086 0.731097 0.639285 
0.566479 0.803938 0.676208 
0.609496 0.817485 0.651118 
0.599788 0.754632 0.558866 
0.528649 0.619529 0.4148 
0.407991 0.439696 0.252726 
0.266771 0.257349 0.113652 
0.139204 0.113326 0.0298102 
0.0507662 0.0314046 0.0117978 
0.00922143 0.01089 0.0455591 
0.0047911 0.0307231 0.100705 
0.0182642 0.0620459 0.145459 
0.0316917 0.0819269 0.160188 
0.0357328 0.0812899 0.142985 
0.0306601 0.0643276 0.105895 
0.0221845 0.0417986 0.0656504 
0.0158973 0.0233692 0.0349478 
0.0138912 0.0133114 0.0185411 
0.0147832 0.0106888 0.0145414 
0.0159008 0.0121786 0.018232 
0.0154482 0.0147763 0.0252184 
0.013257 0.0168187 0.0324804 
0.0101991 0.0175854 0.0379905 
0.00723323 0.0166684 0.0403415 
0.00490701 0.01391 0.0390503 
0.00345445 0.00978882 0.0350318 
0.00319501 0.00569944 0.0304269 
0.0050253 0.00390823 0.0277166 
0.010969 0.0074199 0.0289047 
0.0245145 0.0198339 0.0354375 
0.0499673 0.0446078 0.0484743 
0.0900942 0.0829582 0.0683329 
0.142524 0.130734 0.0926269 
0.197148 0.176457 0.114536 
0.237455 0.2035 0.123938 
0.24695 0.197413 0.112825 
0.218117 0.155366 0.0827276 
0.158442 0.0914259 0.0485355 
0.088701 0.0324306 0.0337446 
0.0334481 0.0049066 0.0575773 
0.00921489 0.0203217 0.121244 
0.0178922 0.0683609 0.203221 
0.049024 0.123187 0.268584 
0.0880486 0.158652 0.287804 
0.123489 0.162072 0.253065 
0.148325 0.137747 0.181396 
0.157289 0.0998608 0.103175 
0.146246 0.062553 0.0450257 
0.117396 0.0358758 0.0192217 
0.0863248 0.0291391 0.0251689 
0.081592 0.05477 0.0580956 
0.131056 0.124441 0.114802 
0.240538 0.236982 0.19071 
0.380226 0.367717 0.272203 
0.492666 0.471452 0.334213 
0.522005 0.502487 0.349279 
0.447422 0.441024 0.303949 
0.298122 0.308009 0.210525 
0.138543 0.156764 0.104119 
0.0328118 0.0455654 0.0254558 
0.0115434 0.00847301 0.00034847 
0.0611801 0.0421058 0.0287894 
0.139346 0.11411 0.0891204 
0.20243 0.184626 0.152339 
0.226509 0.225839 0.196328 
0.211451 0.229622 0.212465 
0.171526 0.203406 0.203884 
0.123171 0.161167 0.179604 
0.0780835 0.116147 0.149043 
0.0425071 0.0775415 0.118927 
0.0189477 0.0498936 0.092445 
0.00722954 0.0336243 0.0700088 
0.00489896 0.0263113 0.0510055 
0.00830095 0.0246087 0.0354655 
0.0145053 0.0260682 0.0243078 
0.0230797 0.0301617 0.018017 
0.03719 0.0389596 0.0156574 
0.0643553 0.0584019 0.0165323 
0.116281 0.0993278 0.0240404 
0.205256 0.174977 0.0475153 
0.33526 0.292425 0.0975878 
0.491074 0.440958 0.175865 
0.634468 0.586533 0.26659 
0.715764 0.681084 0.33931 
0.698733 0.685694 0.364156 
0.583926 0.594127 0.330285 
0.412253 0.439292 0.253466 
0.243148 0.275811 0.166077 
0.121607 0.149847 0.0968357 
0.0586048 0.0776876 0.0558925 
0.0390213 0.0472878 0.0357335 
0.0475756 0.0377339 0.0240936 
0.0872059 0.0374302 0.015218 
0.17147 0.0456589 0.00976645 
0.297803 0.060249 0.00720798 
0.428869 0.0686392 0.00345511 
0.504683 0.0558357 0.000556108 
0.48089 0.0236983 0.0195542 
0.362864 0.000635964 0.098638 
0.205524 0.0260174 0.268311 
0.0766319 0.116857 0.517535 
0.0125814 0.244401 0.779358 
0.00220519 0.344616 0.955174 
0.00941736 0.359629 0.967865 
0.0117359 0.27958 0.808846 
0.0192354 0.151249 0.54495 
0.0581578 0.0454596 0.279281 
0.13666 0.00844636 0.0935529 
0.226381 0.0346012 0.0111875 
0.278353 0.0793565 0.00202243 
0.260017 0.0980951 0.0175115 
0.181136 0.0782615 0.0260328 
0.0868852 0.0416441 0.0247667 
0.0254642 0.0210103 0.0278894 
0.0182422 0.0349075 0.0487068 
0.0550136 0.0808641 0.0921428 
0.112705 0.147024 0.158918 
0.176402 0.225941 0.250548 
0.24383 0.316074 0.366153 
