1.30228 1.42554 1.29192 
0.461396 0.59797 0.584873 
0.0714516 0.125992 0.15383 
0.119777 0.026908 0.0134532 
0.366042 0.130925 0.0339222 
0.54585 0.255135 0.0922337 
0.58589 0.381004 0.220771 
0.645975 0.660649 0.583776 
0.93916 1.22669 1.27285 
1.4887 1.98707 2.12376 
2.05408 2.62414 2.76872 
2.30843 2.82424 2.90675 
2.11296 2.53271 2.54373 
1.64051 1.99918 1.9764 
1.23706 1.57481 1.5439 
1.145 1.4453 1.37962 
1.32655 1.52313 1.36594 
1.52537 1.56424 1.28996 
1.49133 1.38355 1.0346 
1.16693 0.985519 0.650446 
0.695577 0.527719 0.285585 
0.283266 0.183683 0.0649501 
0.0558046 0.0326869 0.0200483 
0.0173026 0.046882 0.100021 
0.101929 0.149567 0.22635 
0.243404 0.276236 0.339803 
0.406995 0.398181 0.417579 
0.581825 0.51321 0.467264 
0.757819 0.624692 0.509953 
0.908341 0.723548 0.559828 
0.989776 0.781131 0.607606 
0.959423 0.758132 0.618492 
0.801021 0.628081 0.551559 
0.542459 0.405138 0.395338 
0.258143 0.160489 0.198976 
0.0548556 0.00985903 0.0687063 
0.0359484 0.0616515 0.111942 
0.244933 0.343148 0.35466 
0.620145 0.759294 0.701255 
1.01147 1.13685 0.991091 
1.27008 1.33909 1.11999 
1.34657 1.35887 1.11862 
1.31175 1.30596 1.11025 
1.28732 1.30529 1.19078 
1.35935 1.4079 1.3523 
1.54424 1.58492 1.51384 
1.80067 1.77436 1.60248 
2.0431 1.91059 1.5912 
2.15608 1.9271 1.4798 
2.04695 1.77923 1.28051 
1.72471 1.49411 1.03801 
1.31959 1.18008 0.834295 
0.989399 0.948269 0.732139 
0.788567 0.811688 0.70533 
0.640713 0.681095 0.651721 
0.449638 0.477011 0.498966 
0.221884 0.233237 0.290318 
0.0583883 0.0666162 0.144371 
0.0300371 0.0443045 0.126422 
0.0897708 0.104941 0.178015 
0.124827 0.127954 0.187571 
0.0826867 0.0705925 0.121891 
0.0219394 0.0146074 0.0684286 
0.0345596 0.0704386 0.139721 
0.134279 0.246223 0.34283 
0.235544 0.422484 0.551025 
0.240573 0.457281 0.606786 
0.139618 0.316519 0.458009 
0.0263674 0.108886 0.205929 
0.0204945 0.000713492 0.0288667 
0.171429 0.0889479 0.0496757 
0.421718 0.333615 0.250948 
0.649447 0.592551 0.495466 
0.748327 0.721419 0.627452 
0.686388 0.662469 0.575779 
0.510701 0.465673 0.388102 
0.306906 0.240638 0.182209 
0.147708 0.0831011 0.0604972 
0.0621425 0.0268202 0.0514464 
0.0366825 0.0437687 0.111213 
0.0381367 0.0796156 0.170232 
0.0391836 0.0932322 0.182763 
0.031573 0.0753861 0.146296 
0.0230076 0.0419332 0.0876321 
0.024016 0.014255 0.0364476 
0.0360189 0.00401695 0.0090116 
0.0498377 0.0109607 0.00854205 
0.0560822 0.0301786 0.0321524 
0.0589668 0.0591586 0.0727338 
0.0802054 0.0983804 0.116085 
0.146077 0.147303 0.143203 
0.265931 0.201887 0.142209 
0.420501 0.256849 0.120344 
0.571006 0.310031 0.102707 
0.68066 0.364185 0.117984 
0.729245 0.424223 0.185448 
0.711137 0.49089 0.311969 
0.62624 0.552805 0.489472 
0.48079 0.582329 0.68222 
0.303857 0.547025 0.819478 
0.16619 0.443582 0.826052 
0.174814 0.333837 0.689697 
0.422306 0.335038 0.502908 
0.903227 0.537032 0.410268 
1.45882 0.896207 0.48099 
1.82436 1.21524 0.627039 
1.78565 1.26698 0.669186 
1.33963 0.979217 0.506501 
0.715715 0.511836 0.224167 
0.22143 0.143337 0.0283054 
0.0380921 0.0670413 0.0751448 
0.137583 0.279861 0.363949 
0.366575 0.640505 0.778985 
0.589428 1.00704 1.20668 
0.75909 1.3179 1.6025 
0.891287 1.57518 1.96842 
1.00834 1.78868 2.29759 
1.10982 1.94341 2.54826 
1.17265 2.00252 2.65747 
1.16454 1.92962 2.57478 
1.0659 1.71756 2.29711 
0.891749 1.40727 1.88489 
0.691309 1.07633 1.44083 
0.519382 0.799572 1.06086 
0.40584 0.615534 0.796678 
0.349936 0.52458 0.655652 
0.332428 0.504496 0.618376 
0.324526 0.518102 0.643908 
0.295435 0.518079 0.671069 
0.231275 0.469404 0.643688 
0.152022 0.377569 0.549849 
0.098455 0.285989 0.430095 
0.0968325 0.239952 0.34172 
0.144288 0.259561 0.322069 
0.227388 0.344427 0.384428 
0.330957 0.476855 0.520268 
0.412062 0.598118 0.676178 
0.393244 0.606008 0.74394 
0.236449 0.434412 0.628905 
0.0429119 0.165115 0.365613 
0.0335676 0.0254287 0.144397 
0.363755 0.211618 0.171103 
0.935456 0.686368 0.473522 
1.4246 1.17105 0.858804 
1.53314 1.36715 1.07893 
1.22863 1.19503 1.03651 
0.740864 0.821279 0.827565 
0.341325 0.476347 0.607913 
0.140116 0.269239 0.450334 
0.075248 0.165405 0.330782 
0.0451338 0.0933622 0.212354 
0.014626 0.0319683 0.103766 
0.00764091 0.00225042 0.0378408 
0.0421603 0.0142568 0.0232403 
0.0992811 0.0471134 0.035377 
0.147264 0.0739261 0.0457135 
0.177341 0.0900005 0.0464943 
0.212385 0.115103 0.0497898 
0.287285 0.176164 0.0743571 
0.421038 0.288214 0.135604 
0.599692 0.443117 0.238537 
0.781097 0.610401 0.371904 
0.919095 0.751382 0.509546 
0.988817 0.838297 0.621951 
0.992603 0.863963 0.689888 
0.945736 0.837123 0.710488 
0.861964 0.773776 0.695425 
0.754998 0.694845 0.665738 
0.648731 0.626275 0.643604 
0.575321 0.590234 0.639455 
0.553453 0.587178 0.639964 
0.56461 0.585298 0.609558 
0.555342 0.535273 0.512783 
0.474275 0.408264 0.347286 
0.31808 0.229187 0.161504 
0.143784 0.0717529 0.0349629 
0.0295405 0.0100714 0.0271705 
0.0150241 0.063386 0.13306 
0.0754743 0.182709 0.284591 
0.150532 0.291096 0.399493 
0.194176 0.338599 0.434796 
0.197329 0.323906 0.401672 
0.173394 0.275029 0.339772 
0.136778 0.220503 0.284564 
0.0983331 0.17755 0.253515 
0.0688301 0.152703 0.246766 
0.0534197 0.140463 0.248801 
0.0438684 0.123592 0.233621 
0.0275472 0.0872855 0.182423 
0.00894312 0.0395805 0.104122 
0.0148839 0.0122246 0.0344966 
0.0695249 0.0333691 0.00801277 
0.163968 0.0982604 0.0286498 
0.255962 0.170163 0.0695475 
0.301927 0.210835 0.0996535 
0.288543 0.208847 0.108049 
0.235859 0.181076 0.104938 
0.176619 0.153759 0.106576 
0.135306 0.144919 0.123082 
0.119931 0.158337 0.15539 
0.123122 0.184368 0.195167 
0.127479 0.203859 0.225659 
0.115873 0.197788 0.228898 
0.0841791 0.160689 0.19852 
0.046488 0.106771 0.146343 
0.0266892 0.0618416 0.0952699 
0.0433832 0.0488291 0.0674267 
0.0990036 0.0782412 0.0790997 
0.175268 0.142751 0.137015 
0.234387 0.211598 0.224584 
0.234631 0.236678 0.291559 
0.164119 0.186259 0.27953 
0.0651536 0.0857909 0.179869 
0.00689721 0.00993464 0.0599023 
0.0152804 0.00899237 0.00395406 
0.0410952 0.046946 0.0207009 
0.0268228 0.0465691 0.0384642 
0.00595684 0.0117069 0.0185632 
0.093899 0.0677725 0.0485372 
0.344499 0.328473 0.265448 
0.636119 0.720742 0.665941 
0.752948 0.994095 1.03521 
0.597506 0.943475 1.11652 
0.293511 0.610314 0.854935 
0.059521 0.238035 0.44708 
0.00485784 0.0407927 0.149705 
0.070087 0.0413139 0.0649644 
0.135762 0.117456 0.111142 
0.140575 0.152977 0.155465 
0.097494 0.121255 0.136983 
0.0458479 0.0609141 0.0789146 
0.0136235 0.015756 0.0297783 
0.00398976 0.000898631 0.0130923 
0.00172034 0.00654723 0.020067 
0.00907117 0.0281703 0.0352779 
0.0764889 0.0897181 0.0627333 
0.255732 0.21553 0.116984 
0.497183 0.367088 0.184324 
0.638028 0.438905 0.213045 
0.551301 0.358184 0.167313 
0.296691 0.179806 0.081569 
0.0705415 0.0401724 0.0292398 
0.00321342 0.0126699 0.0355399 
0.0528774 0.0478476 0.0552158 
0.10311 0.0643412 0.0473081 
0.103017 0.0503615 0.0344581 
0.0786112 0.0456705 0.0608531 
0.0573429 0.0634756 0.120251 
0.0371225 0.0781706 0.164133 
0.0148098 0.0764202 0.169485 
0.00933351 0.0822204 0.165671 
