1.01652 0.8231 0.493763 
1.02326 0.878457 0.626256 
0.938158 0.851334 0.697626 
0.771142 0.739936 0.680464 
0.566773 0.579905 0.589247 
0.381576 0.425628 0.470574 
0.254053 0.321073 0.375084 
0.195328 0.287858 0.338042 
0.208119 0.34 0.384314 
0.309984 0.502837 0.542347 
0.529393 0.805017 0.837806 
0.871588 1.24137 1.26112 
1.28683 1.74185 1.74 
1.67767 2.18569 2.15497 
1.94831 2.46238 2.40052 
2.06174 2.53858 2.4505 
2.06571 2.48345 2.37856 
2.07694 2.43798 2.31875 
2.24009 2.55205 2.39482 
2.67851 2.92216 2.66076 
3.43996 3.5478 3.07681 
4.44411 4.31304 3.52172 
5.46407 5.00502 3.83357 
6.18411 5.38222 3.87074 
6.33411 5.27887 3.57492 
5.83195 4.69186 3.00392 
4.83585 3.78905 2.30761 
3.66294 2.82594 1.65667 
2.62768 2.02507 1.17084 
1.90808 1.49612 0.891848 
1.51218 1.23296 0.804366 
1.33567 1.16195 0.868976 
1.24775 1.19217 1.03475 
1.15158 1.24259 1.23511 
1.00501 1.25377 1.39316 
0.813671 1.19642 1.44747 
0.610574 1.0752 1.38022 
0.432296 0.920139 1.22316 
0.301378 0.768477 1.0377 
0.222399 0.648765 0.884907 
0.190457 0.574806 0.802394 
0.203994 0.548596 0.794999 
0.275349 0.569953 0.84257 
0.435583 0.650626 0.924795 
0.72713 0.823123 1.05015 
1.17645 1.12748 1.26194 
1.75306 1.57162 1.60392 
2.34475 2.09108 2.06446 
2.78301 2.54977 2.54848 
2.91985 2.79839 2.91172 
2.71008 2.75648 3.03932 
2.23827 2.45727 2.90965 
1.66873 2.02147 2.59621 
1.15674 1.58397 2.2133 
0.784402 1.23008 1.85312 
0.555149 0.979104 1.55655 
0.428506 0.806824 1.32125 
0.354907 0.67404 1.12287 
0.291544 0.542799 0.930409 
0.210792 0.387913 0.718231 
0.114009 0.213485 0.482463 
0.039309 0.0631159 0.254266 
0.0412599 0.0020414 0.0912456 
0.1458 0.0719138 0.0429128 
0.3179 0.252495 0.114177 
0.477169 0.467206 0.258903 
0.552517 0.631654 0.410534 
0.527957 0.704398 0.523636 
0.44189 0.700241 0.593686 
0.349445 0.664629 0.64618 
0.287537 0.639229 0.711236 
0.26632 0.643345 0.802341 
0.276709 0.670752 0.90536 
0.295733 0.692317 0.978492 
0.291354 0.666231 0.968007 
0.239179 0.562464 0.840498 
0.145491 0.390781 0.614004 
0.051026 0.205202 0.359271 
0.0023625 0.0717009 0.160933 
0.0135001 0.0221297 0.0648667 
0.0553562 0.035022 0.0542364 
0.0838651 0.0600315 0.0729019 
0.0780144 0.0614901 0.0732914 
0.0515168 0.041202 0.0473428 
0.0316623 0.0244084 0.0188987 
0.0309397 0.028439 0.0119158 
0.0390607 0.0460971 0.0273646 
0.0387601 0.057322 0.048779 
0.0262262 0.0540112 0.0663778 
0.0163157 0.051151 0.091083 
0.0302618 0.0728382 0.141432 
0.0806158 0.129224 0.218325 
0.168272 0.210946 0.300082 
0.289797 0.306878 0.36865 
0.438786 0.420119 0.436601 
0.592602 0.5552 0.534865 
0.700878 0.686079 0.66435 
0.702578 0.748138 0.765667 
0.57204 0.6803 0.753684 
0.3545 0.485566 0.59467 
0.148306 0.246592 0.349425 
0.0393741 0.0718769 0.133794 
0.0446215 0.019501 0.0320086 
0.115192 0.0682192 0.0444692 
0.190144 0.154283 0.110102 
0.243453 0.227128 0.166669 
0.283256 0.27027 0.186954 
0.318483 0.283554 0.171823 
0.337958 0.263898 0.130343 
0.322666 0.209744 0.0760815 
0.270268 0.135702 0.0329104 
0.20169 0.0709997 0.0274695 
0.145701 0.0396417 0.0675539 
0.121595 0.0450471 0.131032 
0.136193 0.0759838 0.18248 
0.190912 0.124617 0.203756 
0.284655 0.19453 0.208307 
0.407062 0.289777 0.225519 
0.5308 0.397873 0.271143 
0.615305 0.486527 0.331905 
0.625249 0.520836 0.377337 
0.553409 0.488351 0.386655 
0.43068 0.411099 0.366176 
0.31232 0.33304 0.342501 
0.246543 0.291109 0.338537 
0.246593 0.291808 0.354005 
0.286419 0.310966 0.366839 
0.32212 0.315013 0.352359 
0.321516 0.285108 0.302078 
0.280195 0.225925 0.22718 
0.216201 0.156574 0.147899 
0.152892 0.0955398 0.0813426 
0.105119 0.05211 0.0366423 
0.0763535 0.0267964 0.0155558 
0.0640978 0.0156777 0.0130306 
0.0667247 0.014376 0.0180806 
0.0867508 0.0211126 0.0193695 
0.128665 0.0381742 0.0142033 
0.192206 0.0691465 0.0117279 
0.265453 0.111875 0.0240986 
0.324596 0.153512 0.052678 
0.344105 0.175156 0.0839308 
0.312188 0.164892 0.100456 
0.239886 0.128059 0.0961685 
0.155771 0.0845834 0.0803935 
0.0895229 0.0551159 0.0680564 
0.0558019 0.0474454 0.066824 
0.0484187 0.0529603 0.0722058 
0.0475835 0.0542963 0.0721427 
0.0362139 0.0392017 0.0565398 
0.0158717 0.0133007 0.027362 
0.00969308 0.0025319 0.00395395 
0.0451048 0.0382322 0.0159252 
0.126296 0.13062 0.082225 
0.221666 0.2523 0.190758 
0.2835 0.351605 0.299773 
0.286158 0.389294 0.365142 
0.246474 0.366211 0.370721 
0.204991 0.315744 0.334053 
0.186974 0.270461 0.28509 
0.183133 0.237875 0.242566 
0.167254 0.206806 0.210078 
0.128078 0.170656 0.187854 
0.0808762 0.138504 0.18015 
0.0502182 0.12386 0.189071 
0.0460441 0.127524 0.205455 
0.0574018 0.134713 0.210803 
0.0659296 0.128184 0.190255 
0.0623978 0.10282 0.144323 
0.0510842 0.0682892 0.0887956 
0.0411434 0.0391654 0.0431624 
0.0358364 0.0227886 0.0173391 
0.0311086 0.0164899 0.00823848 
0.0250451 0.0167932 0.00974276 
0.0268831 0.0298103 0.0255512 
0.0517072 0.0676918 0.0678355 
0.10188 0.130314 0.138208 
0.155423 0.192532 0.211397 
0.179722 0.217813 0.246292 
0.161343 0.190643 0.220517 
0.119915 0.133509 0.153233 
0.0881001 0.0863307 0.0883637 
0.078857 0.068673 0.0542812 
0.0777858 0.0668759 0.0441389 
0.0684901 0.0593431 0.0363899 
0.0579116 0.0471524 0.0266392 
0.0687569 0.0518979 0.0308155 
0.108301 0.0851406 0.0590351 
0.153549 0.129683 0.0973109 
0.172836 0.156821 0.121837 
0.159038 0.157809 0.126512 
0.135767 0.150904 0.12749 
0.130466 0.15668 0.139305 
0.145565 0.172239 0.153436 
0.157845 0.173784 0.146172 
0.143292 0.14281 0.106427 
0.100152 0.0866987 0.051973 
0.0497822 0.0341537 0.0173223 
0.0187367 0.012574 0.0261837 
0.0200436 0.0288965 0.0736502 
0.0476263 0.0684265 0.131607 
0.0843687 0.109177 0.171002 
0.113986 0.137013 0.18184 
0.12685 0.14828 0.173606 
0.119094 0.141266 0.156707 
0.092357 0.112076 0.127195 
0.0574381 0.0653353 0.0772206 
0.0335914 0.026669 0.0228979 
0.0352429 0.0321049 0.0112473 
0.0556898 0.0934445 0.0829208 
0.0695675 0.175179 0.221451 
0.05826 0.216984 0.34845 
0.0313365 0.186843 0.3821 
0.0163703 0.110085 0.305207 
0.0278392 0.0431115 0.174804 
0.0543626 0.0225505 0.0680614 
0.0796477 0.0442329 0.0241148 
0.105946 0.084672 0.033974 
0.14611 0.128922 0.0701636 
0.197761 0.173967 0.113172 
0.241184 0.217602 0.154402 
0.26666 0.256146 0.189363 
0.28862 0.288702 0.215085 
0.319639 0.311333 0.228002 
0.339997 0.307397 0.219508 
0.314564 0.25842 0.179805 
0.245115 0.173539 0.113656 
0.1887 0.0988194 0.0485634 
0.20767 0.0825156 0.0168791 
0.304 0.128596 0.0266117 
0.413773 0.192176 0.0555251 
0.466564 0.223075 0.076672 
0.442869 0.208456 0.0844153 
0.376058 0.172579 0.0917474 
0.312085 0.14459 0.107678 
0.273196 0.133215 0.124466 
0.249827 0.126445 0.125803 
0.21606 0.106463 0.102282 
0.156311 0.0667603 0.0605453 
0.0860643 0.0228868 0.0235538 
0.0437248 0.0052444 0.0198613 
0.051729 0.0309538 0.0611707 
0.0865715 0.0799237 0.124534 
0.0994768 0.108232 0.164468 
0.0696396 0.0914571 0.152152 
0.0246338 0.0480823 0.101256 
0.00224428 0.0142773 0.0500053 
0.0067578 0.00478427 0.0224158 
0.0169135 0.00981726 0.0155749 
0.0245632 0.0215572 0.0191862 
0.0411078 0.0424908 0.0299797 
