0.0730455 0.212354 
0.111105 0.266681 
0.129474 0.272604 
0.155057 0.274803 
0.238626 0.322103 
0.392854 0.418405 
0.570734 0.525856 
0.693734 0.598518 
0.707864 0.612626 
0.630915 0.578861 
0.554366 0.535849 
0.586551 0.525212 
0.768599 0.557274 
1.02855 0.594293 
1.22036 0.575756 
1.22707 0.474206 
1.05055 0.334175 
0.819285 0.255558 
0.711184 0.331841 
0.848036 0.590856 
1.22604 0.97568 
1.71354 1.36676 
2.11057 1.62641 
2.24181 1.65128 
2.04077 1.42031 
1.57986 1.01339 
1.0254 0.576401 
0.545208 0.242434 
0.231777 0.0631332 
0.0899078 0.00442661 
0.0821939 0.00722907 
0.180848 0.0543402 
0.379143 0.180224 
0.660627 0.415907 
0.965236 0.72367 
1.19434 0.988144 
1.2617 1.08211 
1.15311 0.958291 
0.941181 0.690251 
0.733829 0.423199 
0.594849 0.271942 
0.506695 0.250336 
0.40936 0.287431 
0.273664 0.304533 
0.132817 0.275885 
0.0447161 0.225396 
0.0348083 0.184459 
0.084181 0.166356 
0.164362 0.173358 
0.262257 0.204528 
0.361029 0.242016 
0.413341 0.242354 
0.36392 0.169648 
0.215347 0.0535366 
0.0632351 0.00422043 
0.0451402 0.144714 
0.236772 0.506357 
0.587338 0.980859 
0.949043 1.37515 
1.16925 1.52452 
1.16952 1.3779 
0.965931 1.00739 
0.641785 0.559185 
0.308194 0.191692 
0.0729964 0.0295853 
0.0161425 0.134542 
0.166141 0.486424 
0.483435 0.979652 
0.864946 1.4482 
1.1781 1.72372 
1.31473 1.70747 
1.23803 1.41739 
0.994863 0.977657 
0.685951 0.552838 
0.413988 0.266741 
0.24171 0.155502 
0.179833 0.175788 
0.201685 0.249859 
0.267521 0.311768 
0.343241 0.330624 
0.4074 0.308513 
0.44833 0.263845 
0.457895 0.213264 
0.429462 0.162582 
0.362941 0.110732 
0.271171 0.0604552 
0.178102 0.0229408 
0.106405 0.0096262 
0.0641644 0.0191706 
0.0433919 0.0348428 
0.032431 0.0376243 
0.0306974 0.0232847 
0.0518181 0.00659363 
0.112035 0.00830919 
0.213372 0.036894 
0.334452 0.0806107 
0.43565 0.115267 
0.476443 0.120479 
0.436638 0.0931232 
0.330108 0.0501986 
0.200819 0.0192598 
0.0995422 0.0208382 
0.0541152 0.0536036 
0.0550744 0.0944977 
0.0690895 0.11649 
0.0688281 0.110297 
0.0521677 0.0900876 
0.035038 0.0780712 
0.030692 0.0859129 
0.0417684 0.114936 
0.0728174 0.173247 
0.141761 0.28286 
0.266531 0.45724 
0.4343 0.666649 
0.588706 0.832814 
0.658332 0.871946 
0.606921 0.755106 
0.460201 0.532096 
0.28555 0.296984 
0.145866 0.127277 
0.0688893 0.0481752 
0.0504464 0.041902 
0.0747406 0.0784321 
0.125884 0.133908 
0.185261 0.188811 
0.2291 0.223116 
0.236963 0.222483 
0.2042 0.18883 
0.144597 0.140013 
0.0807623 0.0965143 
0.0328702 0.0688312 
0.0147124 0.0573986 
0.034017 0.0608589 
0.0890872 0.0794958 
0.162488 0.109228 
0.222195 0.13574 
0.236645 0.139811 
0.195305 0.11195 
0.117797 0.0628091 
0.0431406 0.0189958 
0.00752947 0.00748203 
0.0273069 0.0411361 
0.0967927 0.114756 
0.197672 0.211222 
0.310134 0.310967 
0.418742 0.398508 
0.512363 0.463978 
0.581713 0.501578 
0.618607 0.508535 
0.618556 0.486707 
0.584378 0.444781 
0.52638 0.396572 
0.457474 0.354028 
0.387055 0.320158 
0.319093 0.28886 
0.255051 0.252126 
0.196905 0.207412 
0.146647 0.158503 
0.104228 0.111046 
0.0678279 0.0688672 
0.0364575 0.0342048 
0.0120548 0.0101212 
0.000523676 0.00305997 
0.0127983 0.0246041 
0.062759 0.0887853 
0.156068 0.200049 
0.273479 0.336382 
0.367044 0.445943 
0.385092 0.472641 
0.314223 0.398965 
0.20047 0.268683 
0.122175 0.161667 
0.131243 0.13612 
0.212919 0.186788 
0.299491 0.254565 
0.324207 0.276041 
0.268113 0.228938 
0.164791 0.139812 
0.0677886 0.0566589 
0.0127019 0.0139877 
0.00130833 0.0151869 
0.0119775 0.038465 
0.0216362 0.0565943 
0.0210839 0.0550085 
0.0150214 0.037059 
0.0117015 0.0160239 
0.0143441 0.00353494 
0.0218012 0.0047527 
0.0347072 0.0214377 
0.0579939 0.0556913 
0.0966964 0.108829 
0.150649 0.177522 
0.213595 0.252064 
0.275052 0.317454 
0.320719 0.355367 
0.333185 0.348269 
0.298907 0.288684 
0.220608 0.190077 
0.123351 0.087681 
0.0434006 0.0213728 
0.00485213 0.00939949 
0.00373001 0.0348535 
0.0149845 0.059489 
0.0165161 0.0553533 
0.0075492 0.026687 
0.00474794 0.00231284 
0.022637 0.00670806 
0.0600458 0.0382986 
0.104751 0.0744684 
0.146342 0.0940861 
0.180007 0.0923357 
0.19977 0.0763914 
0.195948 0.0542449 
0.164727 0.0319165 
0.117359 0.0162393 
0.0736912 0.0114391 
0.0463167 0.0122913 
0.0364338 0.00953941 
0.0458387 0.00777326 
0.0835289 0.0306969 
0.150918 0.0964613 
0.223626 0.186378 
0.260844 0.249207 
0.240198 0.245342 
0.178893 0.183728 
0.115187 0.109279 
0.0741929 0.0583546 
0.0602439 0.0366203 
0.0780049 0.0387518 
0.142365 0.0720117 
0.254479 0.145242 
0.375196 0.23952 
0.440236 0.307499 
0.411158 0.31141 
0.308296 0.256932 
0.190333 0.184058 
0.105657 0.12915 
0.0662923 0.102419 
0.0601419 0.0974795 
0.0735934 0.108726 
0.0970702 0.131958 
0.118246 0.155114 
0.122677 0.160178 
0.104738 0.137994 
0.0735145 0.0973232 
0.0444236 0.0565729 
0.0258447 0.028343 
0.0152749 0.0135844 
0.00738783 0.00871628 
0.00385697 0.0151171 
0.0145215 0.0404171 
