2.33642 2.65185 
1.81461 2.16257 
1.22429 1.54493 
0.788523 1.03963 
0.548649 0.734745 
0.388458 0.547334 
0.19954 0.348087 
0.040185 0.119573 
0.134304 0.00476291 
0.686869 0.191994 
1.65838 0.727074 
2.69875 1.41765 
3.3266 1.92727 
3.23644 1.9969 
2.49812 1.61774 
1.49249 1.0175 
0.643562 0.482051 
0.166635 0.169675 
0.0135637 0.0609282 
0.00831502 0.0488159 
0.0157848 0.0552243 
0.00518564 0.0716724 
0.00662643 0.127365 
0.0553145 0.254789 
0.183286 0.486294 
0.424916 0.844602 
0.781213 1.29452 
1.16447 1.70075 
1.40775 1.87226 
1.37113 1.69326 
1.05881 1.22763 
0.626648 0.685059 
0.264971 0.271869 
0.0683195 0.0647458 
0.00708154 0.0096291 
0.000668261 0.012163 
0.000158797 0.0144489 
0.0100697 0.00704485 
0.0577658 0.00632192 
0.154702 0.0341193 
0.274545 0.0978767 
0.355694 0.169017 
0.336227 0.190143 
0.210903 0.129364 
0.0609826 0.0339302 
0.00867487 0.00971834 
0.117952 0.126727 
0.331784 0.343436 
0.512162 0.533257 
0.548514 0.587956 
0.434535 0.494898 
0.254038 0.324608 
0.109331 0.163834 
0.0660848 0.0689064 
0.147878 0.0664705 
0.355607 0.170031 
0.676006 0.37965 
1.07314 0.66999 
1.48023 0.989526 
1.80691 1.27616 
1.966 1.47678 
1.91612 1.56339 
1.70022 1.54514 
1.43994 1.46565 
1.2597 1.3702 
1.18202 1.25896 
1.09819 1.08297 
0.877867 0.816783 
0.537877 0.547914 
0.289437 0.462408 
0.371691 0.686978 
0.803946 1.11967 
1.30884 1.44546 
1.51283 1.37496 
1.25146 0.904988 
0.695839 0.346719 
0.197094 0.082795 
0.0171872 0.276507 
0.188622 0.786994 
0.575704 1.3269 
1.0144 1.68099 
1.38881 1.79994 
1.62684 1.74815 
1.68737 1.61259 
1.57871 1.45989 
1.37253 1.33679 
1.16944 1.26825 
1.03251 1.24155 
0.949954 1.20507 
0.864334 1.10214 
0.743469 0.922191 
0.631647 0.729034 
0.635793 0.639243 
0.850671 0.756541 
1.27243 1.09742 
1.76358 1.55433 
2.10503 1.92872 
2.11366 2.0275 
1.75216 1.77125 
1.15486 1.24423 
0.551041 0.649954 
0.142079 0.201835 
0.0154486 0.0232287 
0.136612 0.114069 
0.396503 0.383745 
0.668997 0.708229 
0.854223 0.974854 
0.906692 1.10784 
0.845413 1.08318 
0.735491 0.933408 
0.642163 0.73117 
0.582326 0.546846 
0.512108 0.402891 
0.377983 0.274038 
0.21741 0.16391 
0.23084 0.205933 
0.71586 0.657834 
1.8366 1.70839 
3.38131 3.2119 
4.7601 4.62139 
5.33754 5.27768 
4.87109 4.86921 
3.6737 3.65997 
2.35077 2.26918 
1.3629 1.2139 
0.80422 0.631892 
0.522985 0.371343 
0.366766 0.253604 
0.288944 0.212385 
0.288444 0.240852 
0.338271 0.304051 
0.396663 0.343866 
0.442626 0.333044 
0.463288 0.282226 
0.425731 0.203913 
0.302217 0.10551 
0.128946 0.0210058 
0.0100558 0.014385 
0.0408323 0.124894 
0.229068 0.316662 
0.494742 0.499845 
0.733124 0.599974 
0.868783 0.597416 
0.868648 0.509924 
0.740647 0.364266 
0.537765 0.196669 
0.347109 0.0615105 
0.246607 0.0109139 
0.256758 0.054769 
0.331668 0.1466 
0.396107 0.214844 
0.393908 0.211319 
0.314616 0.138919 
0.192566 0.0467261 
0.0858863 0.00109817 
0.0418452 0.0444181 
0.0632672 0.159933 
0.103655 0.27181 
0.105585 0.295242 
0.0558583 0.206551 
0.00517983 0.0720611 
0.0269241 0.00156254 
0.148611 0.0607281 
0.320414 0.218802 
0.452336 0.377429 
0.485925 0.451542 
0.434142 0.428185 
0.357282 0.357355 
0.306167 0.29687 
0.288337 0.268826 
0.278533 0.258544 
0.249192 0.239856 
0.190569 0.196924 
0.114184 0.132468 
0.045771 0.0660916 
0.00898308 0.0228265 
0.00653615 0.015007 
0.0194832 0.0344847 
0.0321838 0.0669776 
0.0535877 0.110895 
0.102789 0.173925 
0.176908 0.254156 
0.249886 0.33771 
0.304656 0.415118 
0.344521 0.481042 
0.361261 0.509569 
0.318236 0.454464 
0.198753 0.303486 
0.0621802 0.123757 
0.00818673 0.0160137 
0.0665449 0.0114381 
0.152641 0.042694 
0.163007 0.0390348 
0.100483 0.026476 
0.07179 0.0975822 
0.163649 0.287199 
0.353463 0.515016 
0.549396 0.663058 
0.685512 0.683309 
0.753952 0.612555 
0.766642 0.50716 
0.72443 0.39585 
0.62951 0.289217 
0.503125 0.200109 
0.375689 0.138515 
0.267177 0.100703 
0.183874 0.0766257 
0.126009 0.0623145 
0.0907404 0.0584255 
0.0734544 0.064448 
0.0740615 0.0830147 
0.0987079 0.123698 
0.147987 0.190977 
0.205609 0.269252 
0.247742 0.330623 
0.266942 0.362356 
0.281193 0.380127 
0.312014 0.405969 
0.352466 0.433467 
0.363637 0.424112 
0.312724 0.348395 
0.216848 0.230596 
0.138374 0.139899 
0.124645 0.124899 
0.155855 0.161384 
0.166983 0.179116 
0.122605 0.139899 
0.0530307 0.0720285 
0.00903728 0.0236201 
0.00148042 0.00712881 
0.00801008 0.0122011 
0.0272297 0.0544885 
0.091029 0.169605 
0.211957 0.347693 
0.343651 0.506062 
0.41644 0.555003 
0.403949 0.4821 
0.338041 0.353275 
0.266028 0.240643 
0.213792 0.172365 
0.188434 0.146848 
0.190363 0.160377 
0.207406 0.200949 
0.210606 0.233578 
0.175465 0.219512 
0.108953 0.154341 
0.0466006 0.0755473 
0.0209079 0.0286589 
0.0352825 0.0299017 
0.0651087 0.0588022 
0.0781568 0.078651 
