0.0375913 0.0813564 
0.107544 0.174302 
0.265071 0.349876 
0.553054 0.646424 
0.977488 1.06763 
1.48969 1.56569 
1.99704 2.0522 
2.39712 2.4313 
2.61699 2.63706 
2.63786 2.65589 
2.49467 2.5244 
2.25402 2.30668 
1.98367 2.06455 
1.72858 1.83548 
1.50261 1.62665 
1.29624 1.42477 
1.09368 1.21412 
0.890256 0.993376 
0.702602 0.783653 
0.567864 0.625046 
0.532846 0.563591 
0.636989 0.633973 
0.89512 0.844492 
1.28601 1.16983 
1.75139 1.55453 
2.20695 1.92632 
2.56303 2.21504 
2.74872 2.37075 
2.73137 2.37474 
2.52439 2.24031 
2.18055 2.00385 
1.7733 1.71077 
1.37352 1.40216 
1.03037 1.10668 
0.762782 0.839503 
0.563096 0.606376 
0.409413 0.409454 
0.280329 0.251762 
0.165809 0.138675 
0.0707041 0.0767884 
0.0109807 0.0715318 
0.00555631 0.124934 
0.0676434 0.234268 
0.198819 0.391597 
0.387307 0.583924 
0.610172 0.793749 
0.838001 1.00018 
1.04037 1.18091 
1.19087 1.31534 
1.27104 1.38846 
1.27329 1.3947 
1.20247 1.34028 
1.07589 1.24287 
0.920759 1.12761 
0.768431 1.02015 
0.646011 0.938452 
0.567634 0.8865 
0.529317 0.852935 
0.510962 0.81636 
0.486355 0.756135 
0.437587 0.664287 
0.36672 0.552476 
0.297487 0.449292 
0.26426 0.387631 
0.292679 0.387458 
0.382079 0.442867 
0.500206 0.521194 
0.594817 0.576161 
0.617446 0.569341 
0.547307 0.489088 
0.402438 0.356702 
0.23171 0.216068 
0.0916041 0.11202 
0.0200955 0.069114 
0.0216203 0.0825328 
0.0708969 0.1261 
0.132674 0.172321 
0.185216 0.211862 
0.233019 0.259641 
0.300628 0.342614 
0.411146 0.47613 
0.563187 0.644164 
0.722034 0.797852 
0.832561 0.876128 
0.847716 0.837954 
0.755667 0.687028 
0.588507 0.47315 
0.406439 0.268323 
0.2667 0.131268 
0.195962 0.0811212 
0.182242 0.0947934 
0.189302 0.127188 
0.18236 0.139708 
0.147999 0.119145 
0.0970328 0.0775697 
0.0515751 0.0372913 
0.0276387 0.0136829 
0.0255727 0.00745362 
0.0331567 0.00910363 
0.0366344 0.00928917 
0.030391 0.00605909 
0.0187738 0.00425384 
0.0104349 0.0093045 
0.0108517 0.0215629 
0.0188303 0.0357438 
0.0286806 0.0452136 
0.0352177 0.0470224 
0.0372278 0.043564 
0.0370811 0.0399936 
0.037599 0.0400555 
0.0392566 0.0440044 
0.0401066 0.050323 
0.0383385 0.0596934 
0.0351937 0.0776673 
0.0356027 0.113115 
0.0455205 0.172383 
0.0673546 0.252319 
0.0965028 0.336833 
0.121773 0.400366 
0.130363 0.418 
0.115246 0.377841 
0.080917 0.28922 
0.0437631 0.181633 
0.0259545 0.0938372 
0.0453393 0.0578121 
0.1063 0.0852063 
0.196327 0.162813 
0.29021 0.258937 
0.359843 0.33707 
0.384973 0.370105 
0.360149 0.348942 
0.295407 0.28289 
0.211379 0.193432 
0.13165 0.105345 
0.0756001 0.0390626 
0.0537863 0.00630544 
0.0664005 0.00898391 
0.104274 0.0402578 
0.151714 0.0867877 
0.190719 0.131896 
0.206173 0.159742 
0.191068 0.16015 
0.149926 0.132652 
0.098213 0.0875275 
0.0566282 0.042219 
0.0417157 0.0137363 
0.05712 0.0104637 
0.090728 0.0281303 
0.120506 0.0529319 
0.126706 0.0704069 
0.103421 0.0744303 
0.0619212 0.0700244 
0.0230436 0.0677704 
0.0034346 0.0739422 
0.00520817 0.0842053 
0.0165514 0.08643 
0.0228281 0.0710531 
0.0195606 0.0408985 
0.0168227 0.0119743 
0.0310079 0.0034215 
0.0699977 0.0235341 
0.123501 0.0625106 
0.166892 0.0979311 
0.176613 0.109316 
0.146104 0.0911637 
0.0905831 0.0551873 
0.0372822 0.0209802 
0.00850226 0.00296731 
0.00954809 0.00345754 
0.0290954 0.0156908 
0.0498518 0.0324375 
0.0604332 0.0519682 
0.0601349 0.0767264 
0.0550954 0.107099 
0.0509996 0.136891 
0.0487721 0.155087 
0.045656 0.15259 
0.039086 0.128345 
0.0292109 0.0901374 
0.0183853 0.0500738 
0.00927311 0.0187665 
0.00404414 0.00220912 
0.0051234 0.00204338 
0.0156633 0.0169309 
0.0379803 0.0428342 
0.0705796 0.0725043 
0.106517 0.0963251 
0.135348 0.105718 
0.14801 0.0974877 
0.141405 0.075797 
0.119522 0.0498597 
0.0906945 0.0288447 
0.0634178 0.0177503 
0.0436444 0.0169981 
0.0345143 0.025144 
0.037163 0.0415168 
0.0508172 0.0661027 
0.0719858 0.0970035 
0.0942726 0.128399 
0.110242 0.151693 
0.114835 0.159664 
0.107961 0.150607 
0.094093 0.129206 
0.0789701 0.103418 
0.0659224 0.0797969 
0.054738 0.0607085 
0.0438746 0.0451918 
0.0340048 0.0322391 
0.0296898 0.0235315 
0.0373933 0.0233438 
0.0609059 0.0356601 
0.0973191 0.0606051 
0.136465 0.0926853 
0.164538 0.122059 
0.17008 0.138231 
0.149258 0.134373 
0.107923 0.110341 
0.0596065 0.0731692 
0.0204246 0.0347885 
0.00293837 0.00773408 
0.0113291 0.000361816 
0.0397582 0.0134933 
0.0747 0.0400682 
0.100518 0.0682182 
0.106088 0.0865726 
0.0895745 0.0893861 
0.059092 0.0790522 
0.028925 0.0648831 
0.0132131 0.0590097 
0.020354 0.0717091 
0.050888 0.108512 
0.0995576 0.170089 
0.159765 0.254052 
0.227316 0.356689 
0.300952 0.472976 
0.379419 0.594762 
0.45725 0.708824 
0.522583 0.797109 
0.559297 0.840543 
0.553098 0.825486 
0.498542 0.749856 
0.403049 0.625454 
0.285511 0.474802 
0.170195 0.32392 
0.079266 0.19475 
0.0275088 0.100859 
0.020654 0.0473833 
0.0559813 0.033101 
0.122933 0.0515818 
0.203237 0.0905238 
0.272695 0.131686 
