0.43749 0.517621 0.794189 
1.30202 1.61517 1.97154 
2.49126 3.10156 3.51879 
3.58018 4.43467 4.85338 
4.08375 5.017 5.36417 
3.73975 4.54018 4.76418 
2.69374 3.203 3.30038 
1.43427 1.61991 1.63639 
0.501125 0.452331 0.452684 
0.165733 0.0149377 0.0390864 
0.310497 0.140369 0.177956 
0.58122 0.387725 0.39422 
0.680461 0.414995 0.359577 
0.575759 0.221877 0.12725 
0.479304 0.091852 0.0281204 
0.635987 0.306839 0.339061 
1.09356 0.875426 1.00655 
1.63104 1.48883 1.64809 
1.89987 1.73619 1.82822 
1.67618 1.41641 1.39794 
1.04053 0.714993 0.644314 
0.352765 0.114725 0.139161 
0.0399559 0.102086 0.390849 
0.349069 0.87411 1.536 
1.22778 2.23721 3.26714 
2.38448 3.73822 5.0177 
3.44953 4.90832 6.25699 
4.12284 5.45715 6.70833 
4.2516 5.33521 6.39752 
3.84959 4.68826 5.56352 
3.07809 3.76642 4.51925 
2.185 2.8275 3.52928 
1.40518 2.0527 2.73486 
0.866364 1.49949 2.1409 
0.561123 1.1173 1.66622 
0.398816 0.815872 1.22672 
0.286985 0.535163 0.795439 
0.181136 0.272341 0.406507 
0.0896414 0.0704294 0.124616 
0.0614118 0.00288194 0.025563 
0.171291 0.162395 0.194559 
0.484685 0.623793 0.700311 
0.991538 1.36644 1.51917 
1.55235 2.20734 2.46006 
1.9266 2.83065 3.18614 
1.90275 2.94099 3.371 
1.45348 2.45543 2.90435 
0.793459 1.59067 1.99363 
0.275478 0.762339 1.06886 
0.181644 0.350515 0.541918 
0.550858 0.48559 0.579402 
1.16099 0.994149 1.03505 
1.67346 1.52956 1.57095 
1.83576 1.78825 1.87182 
1.60818 1.66871 1.81068 
1.14766 1.28715 1.47758 
0.684734 0.868119 1.08213 
0.388298 0.598962 0.811898 
0.296546 0.537088 0.73389 
0.333278 0.607356 0.78185 
0.380181 0.672242 0.819365 
0.359853 0.627572 0.734819 
0.289639 0.471593 0.514084 
0.278959 0.308982 0.248997 
0.465543 0.284188 0.0750386 
0.920809 0.482324 0.0780181 
1.58187 0.862646 0.235003 
2.25907 1.272 0.432287 
2.72101 1.53031 0.544956 
2.80681 1.52985 0.516693 
2.49904 1.2848 0.383805 
1.91969 0.907836 0.235578 
1.26131 0.539603 0.14932 
0.698637 0.279289 0.147225 
0.326391 0.151946 0.196229 
0.145058 0.119406 0.239971 
0.0890263 0.118376 0.237013 
0.0757584 0.101414 0.183902 
0.0515841 0.0610929 0.11459 
0.0142189 0.0280845 0.079658 
0.00194514 0.045929 0.116858 
0.0558753 0.137041 0.2284 
0.179952 0.281305 0.37819 
0.328609 0.423119 0.511675 
0.433584 0.503708 0.585656 
0.450112 0.495463 0.586882 
0.386589 0.413234 0.526961 
0.297118 0.298254 0.423139 
0.247565 0.194305 0.288982 
0.281512 0.137061 0.147766 
0.401994 0.155633 0.0519496 
0.56829 0.267772 0.0761683 
0.706316 0.461038 0.271951 
0.739068 0.679581 0.614594 
0.634572 0.842969 0.992196 
0.441302 0.893647 1.25759 
0.270075 0.833621 1.30967 
0.217944 0.714018 1.14419 
0.289891 0.586799 0.841916 
0.392543 0.467628 0.513684 
0.416083 0.34548 0.247519 
0.334279 0.221098 0.0843416 
0.22787 0.124295 0.018388 
0.206611 0.0875611 0.0106006 
0.303311 0.1076 0.0136337 
0.439832 0.142148 0.00538168 
0.494495 0.148081 0.00842027 
0.406005 0.118962 0.0682624 
0.222068 0.082524 0.197958 
0.0579007 0.0658956 0.340745 
0.00817813 0.0708552 0.399368 
0.0864038 0.0853641 0.31918 
0.233438 0.114149 0.151475 
0.3778 0.189992 0.0312246 
0.490653 0.347094 0.0773318 
0.58632 0.574974 0.293752 
0.671802 0.794238 0.553168 
0.705663 0.888997 0.68337 
0.628633 0.794064 0.601577 
0.454964 0.582255 0.403312 
0.32812 0.468022 0.331665 
0.448822 0.684705 0.625237 
0.902332 1.29894 1.33448 
1.53621 2.10982 2.24171 
2.02595 2.74254 2.96493 
2.10116 2.89064 3.18978 
1.74536 2.52274 2.86495 
1.19467 1.88792 2.2175 
0.742461 1.32283 1.58631 
0.5281 1.02642 1.21129 
0.485764 0.976537 1.13051 
0.467773 1.02184 1.22964 
0.403841 1.03679 1.36638 
0.350637 1.00301 1.46083 
0.408138 0.974334 1.50354 
0.599724 0.988579 1.51111 
0.828679 1.01648 1.48681 
0.942967 0.985412 1.41704 
0.848196 0.846105 1.29359 
0.578418 0.621559 1.13317 
0.274603 0.398955 0.973927 
0.0898316 0.271063 0.850363 
0.0893167 0.270318 0.765847 
0.214349 0.345052 0.686806 
0.334421 0.399209 0.569359 
0.349321 0.369671 0.403177 
0.265177 0.281234 0.235999 
0.186351 0.229969 0.148628 
0.230937 0.302472 0.190172 
0.440699 0.49884 0.328163 
0.760072 0.732674 0.4704 
1.09534 0.915029 0.556017 
1.39091 1.04535 0.636936 
1.64751 1.21501 0.857129 
1.87058 1.50698 1.31973 
2.0127 1.88044 1.94729 
1.98127 2.15694 2.4738 
1.71473 2.13917 2.60886 
1.2568 1.77115 2.26105 
0.756933 1.20649 1.64127 
0.392786 0.726349 1.15231 
0.276998 0.569908 1.13823 
0.412544 0.799377 1.67093 
0.710692 1.28095 2.51426 
1.04086 1.7739 3.27188 
1.27868 2.05769 3.60653 
1.34022 2.02418 3.39407 
1.20235 1.6995 2.74051 
0.906822 1.20386 1.88451 
0.544811 0.686285 1.06749 
0.227545 0.272565 0.44958 
0.0528247 0.042273 0.0963373 
0.0724665 0.0228814 0.00535553 
0.265718 0.184593 0.129322 
0.536599 0.441965 0.384925 
0.756133 0.684018 0.670023 
0.838259 0.831033 0.90077 
0.792585 0.874102 1.04106 
0.698581 0.852789 1.08869 
0.616975 0.788416 1.0319 
0.528603 0.651308 0.838958 
0.375132 0.415033 0.51612 
0.166565 0.146769 0.176351 
0.0314173 0.0161182 0.0139781 
0.128429 0.171353 0.160673 
0.485144 0.580848 0.540925 
0.924372 1.00536 0.886593 
1.17125 1.15989 0.935738 
1.06104 0.937689 0.652317 
0.666459 0.496515 0.262483 
0.236792 0.131118 0.0685103 
0.0135901 0.053421 0.211786 
0.0882529 0.276033 0.598262 
0.407537 0.680391 1.03444 
0.887169 1.17292 1.42209 
1.50562 1.76608 1.82165 
2.28995 2.51447 2.33943 
3.21752 3.38182 2.96368 
4.13357 4.17364 3.50974 
4.76758 4.60409 3.72279 
4.85125 4.4518 3.44952 
4.26696 3.69586 2.74738 
3.13662 2.54708 1.86385 
1.79652 1.363 1.11384 
0.664997 0.498487 0.736317 
0.064087 0.165923 0.802784 
0.0810599 0.363448 1.20862 
0.540357 0.894854 1.73649 
1.10383 1.46683 2.15504 
1.44806 1.81835 2.30809 
1.42074 1.8233 2.15924 
1.08825 1.52032 1.78037 
0.655367 1.062 1.29972 
0.32043 0.619425 0.841655 
0.166086 0.30001 0.48716 
0.147899 0.120845 0.265983 
0.165777 0.039329 0.173463 
0.149746 0.00906495 0.197372 
0.0996894 0.0223876 0.341818 
0.0673889 0.117252 0.636443 
0.108913 0.346774 1.11834 
0.240324 0.725321 1.7826 
0.415912 1.17963 2.52424 
0.540441 1.54464 3.12291 
0.522438 1.63256 3.3158 
0.35319 1.35588 2.94536 
0.159161 0.826505 2.09238 
0.165817 0.340413 1.08445 
0.56431 0.226604 0.344552 
1.36142 0.648612 0.167341 
2.33384 1.50129 0.576577 
3.14212 2.48269 1.3592 
3.52957 3.28479 2.23455 
3.45504 3.75626 3.02087 
3.06467 3.92844 3.68674 
2.54987 3.92072 4.2871 
2.03066 3.83421 4.86994 
1.55652 3.71985 5.43012 
1.18551 3.61018 5.91519 
1.02359 3.54305 6.24462 
1.16227 3.53816 6.32497 
1.57681 3.56225 6.08006 
2.10401 3.5412 5.50515 
2.54442 3.42244 4.70615 
2.80612 3.22603 3.86929 
2.95771 3.02661 3.1614 
3.13815 2.87744 2.63367 
3.40066 2.7471 2.21028 
3.62731 2.52882 1.77006 
3.59064 2.11819 1.25032 
3.11879 1.502 0.694924 
