0.222851 0.163763 0.210048 
0.180385 0.220514 0.410575 
0.161085 0.318511 0.690945 
0.173868 0.464153 1.0406 
0.218917 0.652556 1.43588 
0.287211 0.868296 1.84522 
0.363427 1.08991 2.23725 
0.43107 1.29586 2.58801 
0.477519 1.46926 2.88436 
0.496898 1.59984 3.12256 
0.489999 1.68286 3.30287 
0.462004 1.71642 3.42251 
0.419455 1.6987 3.47062 
0.367863 1.62708 3.42815 
0.31074 1.49979 3.27424 
0.250272 1.31985 2.99774 
0.189595 1.09999 2.60926 
0.136319 0.866329 2.14818 
0.106307 0.658904 1.68043 
0.125693 0.527698 1.28657 
0.22844 0.523796 1.04355 
0.447428 0.686559 1.00569 
0.799844 1.02936 1.19023 
1.27173 1.52826 1.57102 
1.80961 2.11912 2.08222 
2.32658 2.70733 2.63162 
2.72435 3.19017 3.12129 
2.92483 3.48537 3.47039 
2.89769 3.55497 3.633 
2.67054 3.41392 3.60469 
2.31622 3.11915 3.41554 
1.92318 2.74499 3.11387 
1.5643 2.35762 2.74929 
1.27937 2.00091 2.36355 
1.07767 1.69825 1.99136 
0.954343 1.46395 1.66611 
0.906662 1.31248 1.42154 
0.938453 1.25656 1.2838 
1.05112 1.29534 1.25692 
1.23036 1.40286 1.31205 
1.44068 1.52844 1.39096 
1.63341 1.61249 1.42601 
1.76326 1.60975 1.36776 
1.80199 1.50597 1.2049 
1.74107 1.3179 0.965136 
1.58478 1.07844 0.697623 
1.3431 0.818931 0.448979 
1.03301 0.561405 0.247839 
0.687269 0.324203 0.105278 
0.359977 0.132304 0.0259307 
0.117205 0.0189226 0.0169085 
0.0113734 0.0119965 0.0847606 
0.0526107 0.11292 0.222097 
0.197346 0.28437 0.396238 
0.366401 0.460768 0.553302 
0.485838 0.579863 0.640824 
0.526786 0.617446 0.637262 
0.518342 0.601909 0.568751 
0.523532 0.596263 0.498855 
0.592398 0.656092 0.493553 
0.722413 0.788936 0.580517 
0.853193 0.941861 0.727669 
0.901392 1.02791 0.856243 
0.816043 0.978378 0.883684 
0.620758 0.79121 0.773591 
0.415797 0.54656 0.564607 
0.335872 0.378162 0.360801 
0.484664 0.413335 0.286594 
0.87999 0.711302 0.428085 
1.43762 1.23027 0.789558 
2.0014 1.83879 1.28604 
2.40433 2.36514 1.77477 
2.53161 2.66136 2.11031 
2.35838 2.65383 2.19819 
1.9489 2.36118 2.0252 
1.42265 1.87669 1.65629 
0.905935 1.32726 1.20367 
0.490736 0.828761 0.783673 
0.215308 0.454744 0.479036 
0.0687863 0.226453 0.31895 
0.0117231 0.122054 0.280182 
5.622e-05 0.0966334 0.305343 
0.00236056 0.103771 0.330217 
0.00622503 0.112159 0.31121 
0.0151757 0.114039 0.244521 
0.0402507 0.124338 0.170268 
0.0902985 0.170865 0.158284 
0.164134 0.278185 0.278509 
0.247169 0.45103 0.566431 
0.314601 0.665189 0.998812 
0.341313 0.872007 1.4927 
0.314941 1.01625 1.9307 
0.245234 1.0592 2.20243 
0.162949 0.994859 2.2433 
0.10669 0.850476 2.05343 
0.103748 0.671737 1.69034 
0.155896 0.501985 1.24264 
0.239002 0.36741 0.799524 
0.316882 0.274964 0.42946 
0.360747 0.220837 0.172966 
0.362546 0.201424 0.0460619 
0.335526 0.219431 0.0477409 
0.304553 0.283233 0.166524 
0.294753 0.402548 0.384609 
0.325721 0.584174 0.679861 
0.41165 0.828668 1.02576 
0.561963 1.12652 1.3895 
0.777241 1.45346 1.73003 
1.04128 1.76791 1.99965 
1.31604 2.0155 2.15197 
1.54674 2.14249 2.15522 
1.67802 2.11403 2.0048 
1.67436 1.92857 1.7279 
1.53427 1.62051 1.37642 
1.29082 1.24953 1.01122 
0.999098 0.881876 0.685484 
0.717339 0.572099 0.434045 
0.490607 0.352068 0.271206 
0.343056 0.229085 0.194214 
0.27986 0.191246 0.188355 
0.295837 0.216676 0.23151 
0.385609 0.283535 0.298685 
0.550025 0.378057 0.367561 
0.79534 0.498131 0.424363 
1.12515 0.65092 0.467537 
1.52921 0.8454 0.50698 
1.97564 1.08345 0.5589 
2.41232 1.35419 0.638864 
2.77819 1.63436 0.756253 
3.01984 1.89426 0.911862 
3.10571 2.10528 1.09819 
3.03176 2.24528 1.30071 
2.81721 2.2999 1.4986 
2.49447 2.26089 1.66533 
2.09925 2.12492 1.77062 
1.66607 1.89585 1.78657 
1.23022 1.59133 1.69851 
0.833401 1.2507 1.51806 
0.526668 0.937906 1.29118 
0.365057 0.732901 1.09318 
0.391588 0.709042 1.00665 
0.615622 0.902862 1.08837 
0.996673 1.29 1.3399 
1.44555 1.78229 1.69896 
1.84753 2.25211 2.05938 
2.09987 2.57577 2.31171 
2.14629 2.67561 2.38444 
1.99137 2.54113 2.26538 
1.689 2.22115 1.99526 
1.31404 1.79569 1.64186 
0.934527 1.34543 1.27197 
0.598103 0.933326 0.934985 
0.333749 0.600894 0.660377 
0.159224 0.371672 0.461836 
0.0834851 0.252654 0.340149 
0.101416 0.231804 0.283068 
0.187626 0.277082 0.266583 
0.29852 0.343358 0.261819 
0.385603 0.387364 0.246203 
0.413826 0.383603 0.212528 
0.374468 0.332363 0.170159 
0.28559 0.255921 0.138231 
0.180888 0.186054 0.13583 
0.0937212 0.149691 0.17448 
0.0438581 0.158197 0.25438 
0.0315257 0.202671 0.362592 
0.0401548 0.255952 0.472357 
0.0472103 0.282241 0.546495 
0.0403821 0.254011 0.548933 
0.0328992 0.171346 0.463633 
0.0686348 0.073479 0.311972 
0.209195 0.0316738 0.155471 
0.503652 0.120658 0.0761331 
0.953577 0.379264 0.140051 
1.49337 0.781074 0.362486 
2.00162 1.23419 0.694986 
2.3436 1.61492 1.04437 
2.42688 1.8211 1.31576 
2.24287 1.81897 1.45821 
1.87329 1.6602 1.49016 
1.45863 1.46134 1.49294 
1.14459 1.35697 1.57701 
1.03175 1.44877 1.83773 
1.14876 1.77226 2.31995 
1.45519 2.29092 3.00363 
1.86579 2.91426 3.81149 
2.28088 3.52743 4.63101 
2.61028 4.01918 5.33991 
2.78607 4.30099 5.82727 
2.76756 4.31706 6.00821 
2.54413 4.0496 5.83456 
2.13918 3.52264 5.3043 
1.61245 2.8039 4.4696 
1.05495 1.99993 3.438 
0.571468 1.23903 2.35998 
0.25233 0.641777 1.39892 
0.143471 0.28626 0.688969 
0.228525 0.182157 0.294961 
0.433726 0.267439 0.192868 
0.656577 0.433039 0.282817 
0.80687 0.567015 0.431915 
0.840886 0.598338 0.52817 
0.772025 0.519036 0.519637 
0.653484 0.374486 0.420524 
0.544185 0.229404 0.284758 
0.478263 0.130733 0.166114 
0.454793 0.0887702 0.0899318 
0.450161 0.0842497 0.050658 
0.440458 0.0910999 0.0299969 
0.416221 0.0953782 0.0168072 
0.380427 0.0971316 0.0123191 
0.335834 0.0982444 0.0198751 
0.277018 0.0919133 0.0334041 
0.19759 0.0672211 0.0396974 
0.107901 0.0267933 0.0350662 
0.0461231 0.000355814 0.0401708 
0.0680915 0.0368687 0.0942824 
0.21846 0.175262 0.226918 
0.503908 0.415081 0.427877 
0.891669 0.714134 0.645027 
1.3385 1.02211 0.821505 
1.82901 1.32874 0.950926 
2.38983 1.68701 1.10703 
3.06066 2.18413 1.4144 
3.83652 2.86988 1.96683 
4.62318 3.6885 2.74193 
5.24604 4.46573 3.5723 
5.51993 4.97135 4.20215 
5.34442 5.02794 4.40412 
4.76827 4.60423 4.0907 
3.98311 3.83957 3.35754 
3.24939 2.98822 2.43875 
2.79765 2.31908 1.60683 
2.75733 2.02605 1.07557 
3.1406 2.18648 0.949878 
3.87012 2.76778 1.22725 
4.81649 3.65494 1.82402 
5.81839 4.67249 2.59747 
6.68544 5.59859 3.35846 
7.20801 6.19041 3.89368 
7.19719 6.24008 4.01779 
6.55355 5.65443 3.65025 
5.33315 4.5221 2.87945 
3.76743 3.1213 1.96613 
2.2114 1.84424 1.26211 
1.03124 1.05824 1.06807 
0.476828 0.962165 1.49558 
0.595074 1.50562 2.40465 
1.22171 2.41076 3.45467 
2.05226 3.2877 4.24859 
2.75867 3.79044 4.50316 
