0.868586 0.167397 0.557244 
0.661039 0.315225 0.894413 
0.579184 0.563108 1.26535 
0.644354 0.859642 1.60466 
0.78085 1.08983 1.79435 
0.846586 1.12191 1.7129 
0.741182 0.907263 1.33514 
0.492534 0.540844 0.791651 
0.228821 0.203518 0.305777 
0.0622245 0.0261505 0.0448272 
0.00581744 0.00527473 0.0205802 
0.000156799 0.0464339 0.126658 
0.00122396 0.0757305 0.258412 
0.0269676 0.101975 0.390884 
0.122468 0.182139 0.557095 
0.291709 0.341835 0.773608 
0.466117 0.528871 0.991854 
0.540163 0.636382 1.11332 
0.451706 0.579403 1.05632 
0.247438 0.371648 0.828858 
0.0708111 0.137704 0.547385 
0.0631381 0.0340724 0.368938 
0.252985 0.133533 0.378065 
0.535672 0.373576 0.52583 
0.76203 0.613477 0.677434 
0.844196 0.737011 0.718531 
0.780052 0.705103 0.620278 
0.605491 0.540034 0.426156 
0.363476 0.300619 0.210751 
0.126582 0.0829893 0.0600939 
0.00619491 0.00452303 0.0556159 
0.0837236 0.129678 0.225163 
0.316244 0.390502 0.490618 
0.538374 0.606352 0.690138 
0.590476 0.61943 0.691199 
0.452427 0.425884 0.499359 
0.244975 0.170745 0.252235 
0.106769 0.0162745 0.103029 
0.0865222 0.0228564 0.11151 
0.149932 0.14784 0.238419 
0.252955 0.322863 0.415172 
0.37005 0.497512 0.589684 
0.457404 0.615671 0.709859 
0.44015 0.601546 0.706597 
0.284159 0.420801 0.540267 
0.0801912 0.161044 0.273845 
0.0107236 0.00890057 0.0668387 
0.184355 0.095391 0.0514648 
0.49248 0.346258 0.195915 
0.664461 0.514019 0.311937 
0.51539 0.407584 0.239802 
0.167476 0.119714 0.050347 
0.013333 0.0144278 0.047959 
0.41811 0.445729 0.528732 
1.41251 1.44429 1.49507 
2.64836 2.65665 2.59552 
3.64465 3.58967 3.3573 
4.09415 3.93508 3.50568 
3.98456 3.7054 3.0996 
3.49979 3.12455 2.41074 
2.8543 2.43425 1.70587 
2.20223 1.78701 1.12489 
1.62935 1.24971 0.696515 
1.16662 0.83956 0.403383 
0.801816 0.542699 0.218072 
0.505567 0.327779 0.109479 
0.264375 0.168705 0.0488254 
0.0899183 0.0611465 0.0217469 
0.00543643 0.0232681 0.0380057 
0.0430071 0.0933498 0.134802 
0.25139 0.322239 0.362908 
0.664645 0.732421 0.739188 
1.21977 1.24879 1.18537 
1.71236 1.67797 1.52441 
1.89121 1.80738 1.58308 
1.65195 1.57322 1.33814 
1.14791 1.13808 0.964037 
0.684279 0.777895 0.710904 
0.477266 0.665722 0.709022 
0.504434 0.751601 0.877193 
0.577832 0.842611 1.0125 
0.54377 0.788881 0.965429 
0.404319 0.59461 0.74024 
0.267759 0.374495 0.45567 
0.21854 0.233866 0.235563 
0.249704 0.197275 0.136295 
0.299087 0.22754 0.150098 
0.319839 0.282834 0.246276 
0.309854 0.34746 0.398638 
0.291916 0.422309 0.583534 
0.282481 0.502213 0.767016 
0.280119 0.569011 0.906367 
0.277636 0.607629 0.974068 
0.281263 0.627086 0.983289 
0.310658 0.655222 0.97802 
0.368356 0.697921 0.979635 
0.410443 0.705284 0.942857 
0.373008 0.605537 0.790967 
0.25543 0.39974 0.520058 
0.172846 0.215944 0.259664 
0.288467 0.231629 0.193319 
0.66066 0.512328 0.393258 
1.15589 0.928664 0.738866 
1.53157 1.24967 1.01353 
1.61829 1.32537 1.08326 
1.42898 1.1808 0.97857 
1.10853 0.950086 0.82047 
0.802072 0.747131 0.698702 
0.575584 0.606399 0.62981 
0.430855 0.5169 0.600556 
0.351646 0.469232 0.607223 
0.317272 0.453695 0.638252 
0.295372 0.437017 0.644154 
0.262146 0.38021 0.56367 
0.247186 0.297715 0.400324 
0.33473 0.280607 0.261541 
0.576874 0.421178 0.286592 
0.885795 0.688771 0.503517 
1.04273 0.897396 0.758086 
0.873369 0.846522 0.821896 
0.449353 0.532398 0.611725 
0.0956568 0.211504 0.307889 
0.145788 0.211646 0.225558 
0.650357 0.643378 0.536357 
1.31905 1.28798 1.10476 
1.75597 1.77305 1.59768 
1.76132 1.86156 1.75183 
1.42739 1.58625 1.54225 
0.987484 1.14612 1.12931 
0.611495 0.719999 0.694524 
0.338805 0.383374 0.342489 
0.148716 0.150259 0.113391 
0.0353877 0.0274829 0.0176547 
0.00418549 0.00698586 0.0278925 
0.0313176 0.0388182 0.0687484 
0.0633193 0.0546715 0.0649 
0.0611511 0.0294226 0.0171009 
0.0312077 0.00475803 0.0131468 
0.00817576 0.0411638 0.14272 
0.0160391 0.150984 0.397954 
0.0512013 0.284302 0.66351 
0.0960918 0.375561 0.80558 
0.138293 0.396384 0.771327 
0.175541 0.366146 0.612611 
0.211099 0.323816 0.430776 
0.252279 0.29753 0.305062 
0.313045 0.296211 0.260363 
0.410529 0.317884 0.280132 
0.549349 0.356578 0.33525 
0.702152 0.399555 0.402003 
0.805752 0.422625 0.464039 
0.787539 0.396888 0.509133 
0.615091 0.310621 0.531628 
0.337444 0.193074 0.540419 
0.0829035 0.118348 0.562499 
0.00568362 0.178527 0.634018 
0.211991 0.439179 0.783548 
0.710491 0.905268 1.02159 
1.40922 1.51574 1.34285 
2.14618 2.16071 1.72986 
2.73085 2.70389 2.14166 
2.99325 3.00733 2.49482 
2.84887 2.97297 2.67072 
2.36209 2.60142 2.57417 
1.75196 2.02858 2.21439 
1.29702 1.48638 1.73446 
1.17805 1.18563 1.34301 
1.37455 1.1984 1.18848 
1.70459 1.4342 1.27681 
1.97424 1.72726 1.49592 
2.10609 1.95475 1.71387 
2.15042 2.09262 1.86273 
2.20401 2.18968 1.95447 
2.3324 2.3111 2.04345 
2.54819 2.49809 2.17748 
2.82031 2.74611 2.36151 
3.07684 2.99133 2.54034 
3.2113 3.11867 2.61071 
3.1216 3.01048 2.46907 
2.77083 2.61685 2.07435 
2.21823 1.99556 1.48449 
1.58958 1.28992 0.84278 
1.01364 0.667119 0.330443 
0.577563 0.267057 0.120497 
0.327583 0.188883 0.350653 
0.298714 0.501 1.10525 
0.538627 1.24162 2.38844 
1.09703 2.38917 4.08603 
1.97279 3.81172 5.9369 
3.04435 5.23561 7.55078 
4.04283 6.28398 8.50172 
4.62409 6.60521 8.48426 
4.5325 6.0431 7.46227 
3.76232 4.74475 5.71537 
2.594 3.11887 3.7341 
1.45778 1.64959 2.01044 
0.705149 0.674523 0.842987 
0.443876 0.264783 0.265758 
0.544665 0.271358 0.123955 
0.791655 0.481546 0.22237 
1.03839 0.754009 0.433429 
1.24237 1.03413 0.698119 
1.37917 1.26925 0.950955 
1.36295 1.34488 1.07236 
1.0948 1.14412 0.947267 
0.6096 0.692706 0.591876 
0.146972 0.223919 0.20692 
0.00753606 0.0369953 0.0521066 
0.278498 0.232515 0.215655 
0.700675 0.582926 0.503263 
0.864275 0.715015 0.599868 
0.59488 0.473112 0.387163 
0.154017 0.107591 0.102632 
0.0225119 0.0700804 0.150034 
0.453846 0.594073 0.72698 
1.2371 1.47606 1.64125 
1.89991 2.269 2.4939 
2.12641 2.66862 3.01723 
1.9667 2.6965 3.21424 
1.67914 2.54864 3.2089 
1.44477 2.34902 3.0496 
1.26662 2.09063 2.70764 
1.08496 1.75721 2.21537 
0.892552 1.40322 1.70672 
0.710226 1.08509 1.28896 
0.518323 0.780657 0.934248 
0.291022 0.449035 0.561805 
0.0989735 0.160651 0.209519 
0.111389 0.0957515 0.0510517 
0.44044 0.364731 0.20527 
0.981665 0.843055 0.55958 
1.43874 1.22278 0.828339 
1.53592 1.25017 0.797193 
1.23181 0.924404 0.501045 
0.748051 0.481717 0.170279 
0.393393 0.197351 0.022399 
0.333214 0.184697 0.101288 
0.490419 0.346368 0.284078 
0.648526 0.492169 0.413239 
0.653356 0.506066 0.422257 
0.527511 0.417486 0.355791 
0.40736 0.332951 0.293035 
0.394992 0.321873 0.271415 
0.488157 0.381066 0.29143 
0.633528 0.490051 0.37393 
0.798415 0.6545 0.567938 
0.963942 0.86884 0.87488 
1.07816 1.0613 1.1858 
1.06813 1.12337 1.33808 
0.913805 1.00957 1.25317 
0.684589 0.787857 1.00446 
