0.616854 0.394205 0.350044 
0.603235 0.376168 0.327556 
0.532503 0.314823 0.239359 
0.430286 0.242746 0.127348 
0.340503 0.206833 0.0534461 
0.302052 0.241335 0.0657711 
0.325434 0.344288 0.169872 
0.384646 0.47317 0.322616 
0.43075 0.56468 0.453526 
0.4199 0.568558 0.502011 
0.339062 0.475956 0.449171 
0.213662 0.325263 0.325927 
0.0925879 0.181589 0.193448 
0.0203755 0.102075 0.10849 
0.0147276 0.108037 0.0949603 
0.0641438 0.180697 0.138435 
0.147112 0.282326 0.205313 
0.25929 0.388209 0.272364 
0.428212 0.507225 0.345682 
0.701418 0.675441 0.454989 
1.11062 0.924355 0.625641 
1.63171 1.24307 0.84655 
2.1671 1.56051 1.05731 
2.56787 1.76473 1.16829 
2.69189 1.75524 1.10809 
2.47229 1.50336 0.87445 
1.96097 1.08655 0.558417 
1.3213 0.673086 0.322426 
0.768221 0.457467 0.335528 
0.481228 0.573909 0.692927 
0.530719 1.02916 1.35841 
0.852411 1.68898 2.16071 
1.28114 2.32769 2.85069 
1.62626 2.71943 3.19741 
1.75158 2.72949 3.08114 
1.62301 2.36416 2.54187 
1.30568 1.75844 1.76133 
0.918478 1.1105 0.986989 
0.573505 0.596372 0.432777 
0.331476 0.304665 0.200292 
0.191777 0.218398 0.253586 
0.115347 0.246333 0.454417 
0.0618668 0.282401 0.637066 
0.0178223 0.260724 0.685071 
0.000299849 0.179625 0.574376 
0.0372041 0.0868005 0.366587 
0.138832 0.0391818 0.162146 
0.280511 0.0634925 0.0425918 
0.408752 0.14068 0.0335662 
0.468246 0.221276 0.105159 
0.433092 0.259084 0.202749 
0.321853 0.239558 0.284197 
0.185758 0.184101 0.338615 
0.0772647 0.129101 0.377727 
0.0204875 0.0970441 0.41172 
0.00507864 0.0829113 0.43233 
0.00902759 0.0673671 0.418781 
0.0336841 0.0466577 0.362405 
0.122052 0.0537044 0.288608 
0.339959 0.148464 0.254211 
0.725628 0.377541 0.31595 
1.23932 0.728285 0.489305 
1.75145 1.11198 0.727826 
2.08719 1.39522 0.94196 
2.10963 1.46714 1.04981 
1.79559 1.3038 1.02876 
1.25791 0.989439 0.934082 
0.698159 0.678862 0.870718 
0.313886 0.521069 0.934357 
0.210892 0.587019 1.15702 
0.365981 0.840582 1.48835 
0.654609 1.1646 1.821 
0.921445 1.4225 2.04239 
1.05226 1.51948 2.08296 
1.01207 1.43348 1.93763 
0.838942 1.20778 1.65568 
0.607904 0.918268 1.31144 
0.390426 0.637316 0.97396 
0.229649 0.4114 0.688883 
0.136914 0.256893 0.475135 
0.102651 0.168478 0.331526 
0.110374 0.131072 0.246224 
0.145828 0.128842 0.204467 
0.199449 0.149413 0.19309 
0.264597 0.184478 0.20241 
0.334872 0.228684 0.22631 
0.402508 0.277945 0.261065 
0.458149 0.327642 0.303304 
0.491631 0.371087 0.347772 
0.493544 0.399005 0.385901 
0.457695 0.400972 0.406324 
0.384281 0.369102 0.397925 
0.282643 0.302889 0.354734 
0.17153 0.212565 0.280373 
0.0750948 0.118107 0.189085 
0.0149956 0.0429058 0.101585 
0.00198583 0.00454562 0.0370537 
0.0320325 0.00778712 0.00552817 
0.0901747 0.0442754 0.00529999 
0.16036 0.0992924 0.0268265 
0.234646 0.160761 0.0600264 
0.314595 0.223768 0.0993178 
0.40302 0.287262 0.142714 
0.492106 0.346149 0.18647 
0.558338 0.386504 0.220922 
0.571004 0.389868 0.232562 
0.511021 0.345267 0.21209 
0.387653 0.260295 0.162485 
0.239851 0.16164 0.100031 
0.118413 0.0823691 0.0461209 
0.0587054 0.0433507 0.0149795 
0.061398 0.0415546 0.00619946 
0.0944259 0.0540898 0.00793599 
0.115557 0.0560579 0.00876241 
0.101196 0.0404313 0.00957071 
0.0629236 0.026404 0.0265639 
0.041507 0.0502686 0.082597 
0.0826925 0.144336 0.192236 
0.210053 0.316802 0.350095 
0.410676 0.544186 0.52962 
0.64037 0.779693 0.692733 
0.843219 0.97161 0.804444 
0.97343 1.08148 0.844672 
1.00873 1.09398 0.812348 
0.951567 1.01636 0.721826 
0.821646 0.871025 0.595223 
0.6464 0.686581 0.455029 
0.454379 0.491283 0.319598 
0.272463 0.309819 0.201853 
0.124732 0.162124 0.110041 
0.0304128 0.0625436 0.0491099 
0.000255812 0.0186021 0.0217336 
0.0329483 0.0298517 0.0286876 
0.114193 0.0878454 0.0686941 
0.220049 0.177947 0.138108 
0.323873 0.282773 0.23082 
0.404132 0.386159 0.338592 
0.449753 0.476152 0.451771 
0.460893 0.545978 0.560118 
0.445342 0.592894 0.653477 
0.412856 0.615858 0.722213 
0.370443 0.613499 0.757646 
0.320672 0.583578 0.752851 
0.263262 0.524313 0.70409 
0.19844 0.436938 0.612747 
0.129997 0.328217 0.487173 
0.0663614 0.211553 0.34343 
0.0192192 0.105737 0.203936 
0.000221623 0.0311791 0.0934942 
0.0169835 0.00438103 0.0331662 
0.0697277 0.0322917 0.0336874 
0.149763 0.108641 0.090883 
0.240573 0.214096 0.185412 
0.321588 0.320912 0.287777 
0.373784 0.400975 0.367339 
0.385327 0.434464 0.402083 
0.35514 0.415703 0.385173 
0.292838 0.353785 0.32557 
0.214927 0.267796 0.242727 
0.138876 0.179007 0.158159 
0.0776712 0.103712 0.0880297 
0.0370693 0.0497239 0.0398468 
0.0162172 0.0172494 0.0137414 
0.0104654 0.00241103 0.00614058 
0.0143049 0.000617586 0.0128243 
0.0229083 0.00790187 0.0296788 
0.0322301 0.0203831 0.0517901 
0.0387899 0.0335278 0.0729308 
0.0401841 0.0427124 0.0868894 
0.0362093 0.0450238 0.0900929 
0.0293812 0.0407582 0.0834274 
0.0237549 0.0330902 0.0715293 
0.022355 0.025929 0.0598654 
0.0250183 0.0216471 0.0518202 
0.028562 0.0205647 0.0479876 
0.0295583 0.0224882 0.0478445 
0.0278307 0.0286343 0.051773 
0.0279363 0.0417992 0.0611268 
0.0372344 0.0642278 0.0760944 
0.0616625 0.0949354 0.0936292 
0.102005 0.129025 0.108159 
0.152895 0.159918 0.115377 
0.204634 0.182718 0.116157 
0.24614 0.195767 0.116674 
0.267426 0.199122 0.12363 
0.261547 0.191901 0.138027 
0.227011 0.172068 0.153141 
0.170715 0.140292 0.159727 
0.109241 0.105151 0.155356 
0.0654171 0.0841527 0.150279 
0.0591973 0.0968523 0.163477 
0.0965368 0.152389 0.209607 
0.163241 0.23944 0.285295 
0.229416 0.326969 0.365329 
0.263909 0.377807 0.413474 
0.250976 0.368189 0.402462 
0.198864 0.301288 0.330697 
0.134442 0.20584 0.224654 
0.0870059 0.120352 0.125081 
0.0715057 0.0725978 0.0655829 
0.0817607 0.066838 0.0566205 
0.0973628 0.0856696 0.0837579 
0.0989829 0.103816 0.11946 
0.0818282 0.104237 0.139751 
0.0591245 0.0868767 0.135557 
0.0545728 0.0662956 0.11354 
0.089495 0.0616547 0.0884749 
0.172506 0.086124 0.0735159 
0.296544 0.141387 0.0742182 
0.442953 0.218539 0.0882306 
0.588758 0.30291 0.108771 
0.713074 0.379284 0.128596 
0.80067 0.435344 0.142307 
0.842989 0.463135 0.146791 
0.837768 0.459336 0.140811 
0.788129 0.425067 0.12466 
0.701393 0.365394 0.100151 
0.587763 0.288511 0.070674 
0.459162 0.204647 0.041021 
0.328388 0.124847 0.0168748 
0.208339 0.0596174 0.00392941 
0.110662 0.0172879 0.0066611 
0.0435617 0.00211306 0.0268862 
0.0093673 0.0126771 0.0625444 
0.00326786 0.041551 0.107373 
0.0144509 0.0769379 0.151996 
0.0297462 0.106167 0.186384 
0.0384261 0.119876 0.202947 
0.0360715 0.115232 0.199142 
0.0258301 0.0968737 0.178578 
0.0166271 0.0751922 0.150162 
0.0191444 0.0625143 0.125396 
0.0410875 0.068435 0.114572 
0.0833469 0.095807 0.122992 
0.138417 0.138906 0.148689 
0.191987 0.18493 0.183007 
0.227803 0.219017 0.214515 
0.234555 0.231367 0.235157 
0.212064 0.223413 0.245821 
0.173382 0.209432 0.257917 
0.140573 0.211449 0.288895 
0.134943 0.248593 0.352759 
0.165928 0.325618 0.449951 
0.224544 0.426821 0.562338 
0.285764 0.519678 0.657135 
0.319631 0.567662 0.699139 
0.305895 0.546557 0.665928 
0.244483 0.456156 0.55863 
0.155957 0.321227 0.402758 
0.0715052 0.181092 0.238555 
0.0177885 0.0730094 0.10546 
