0.575431 0.772782 0.739742 
0.985459 1.21806 1.16475 
1.09977 1.34162 1.32722 
0.812266 1.05172 1.13756 
0.337957 0.541694 0.725038 
0.0266678 0.129676 0.326448 
0.0678046 0.00408078 0.0964428 
0.365952 0.115764 0.0267049 
0.678817 0.292883 0.0319884 
0.836877 0.415701 0.0668429 
0.825216 0.466203 0.131992 
0.708608 0.458412 0.204215 
0.541863 0.387543 0.22234 
0.357721 0.258513 0.157254 
0.191722 0.119461 0.0584201 
0.0784666 0.0312557 0.0031848 
0.0269896 0.0119966 0.0151019 
0.0179187 0.030969 0.0545446 
0.0264242 0.0523605 0.0797307 
0.0463585 0.0721031 0.0933188 
0.107277 0.12228 0.133286 
0.279841 0.25953 0.243882 
0.640003 0.53835 0.456984 
1.18106 0.954397 0.76666 
1.74585 1.39167 1.09448 
2.08414 1.65337 1.29876 
2.02908 1.59307 1.26263 
1.63554 1.23661 0.996206 
1.13289 0.766009 0.643658 
0.734653 0.375901 0.379187 
0.498154 0.149911 0.297776 
0.356522 0.0666851 0.399356 
0.245405 0.085981 0.642761 
0.163994 0.189143 0.974133 
0.126646 0.339833 1.30103 
0.106562 0.452138 1.48376 
0.062446 0.440509 1.40473 
0.00816706 0.30546 1.0676 
0.0190736 0.147217 0.617776 
0.149985 0.0780495 0.247062 
0.35679 0.12226 0.0650098 
0.517205 0.207088 0.0504743 
0.536205 0.247032 0.111205 
0.430202 0.228458 0.177567 
0.309901 0.211645 0.24121 
0.2862 0.259592 0.320428 
0.391547 0.373269 0.407633 
0.579808 0.495414 0.460224 
0.78477 0.569591 0.440585 
0.969247 0.589267 0.357507 
1.12332 0.590638 0.262983 
1.23188 0.605045 0.207819 
1.26011 0.624883 0.201809 
1.17625 0.615267 0.21562 
0.984737 0.552324 0.215585 
0.732296 0.445501 0.191898 
0.481787 0.326159 0.15607 
0.2806 0.22234 0.120961 
0.147605 0.146818 0.0907877 
0.0783477 0.102272 0.0679165 
0.0587713 0.0902819 0.060276 
0.0892268 0.119629 0.0782661 
0.220943 0.221652 0.131692 
0.577033 0.466083 0.239315 
1.30521 0.942883 0.437038 
2.44715 1.6845 0.753485 
3.80556 2.56866 1.1526 
4.94964 3.30346 1.50011 
5.42198 3.56254 1.61842 
5.02789 3.2021 1.41539 
3.97439 2.38178 0.976577 
2.72817 1.46619 0.518963 
1.70769 0.779545 0.233154 
1.0689 0.424173 0.158077 
0.731639 0.300292 0.197225 
0.554587 0.261267 0.235408 
0.464894 0.234799 0.226613 
0.464911 0.230681 0.190682 
0.587462 0.293511 0.170544 
0.86816 0.46906 0.21057 
1.30824 0.770047 0.339419 
1.80183 1.11733 0.524654 
2.11033 1.32263 0.647694 
1.98979 1.20145 0.581216 
1.41237 0.760906 0.33506 
0.656718 0.26037 0.103354 
0.122344 0.0230452 0.106941 
0.00890145 0.145963 0.359323 
0.169747 0.404862 0.615474 
0.287735 0.475722 0.599627 
0.196457 0.267835 0.307469 
0.0336004 0.0415095 0.0762783 
0.0971294 0.196259 0.334343 
0.564818 0.929945 1.24838 
1.33783 2.06884 2.57317 
2.11711 3.18732 3.81123 
2.608 3.88513 4.5291 
2.67827 4.00093 4.58783 
2.38515 3.64404 4.15961 
1.90487 3.07845 3.57258 
1.43512 2.56261 3.11091 
1.11141 2.22884 2.87886 
0.956392 2.04349 2.77989 
0.884582 1.85826 2.60722 
0.772176 1.52724 2.19305 
0.555169 1.02188 1.52914 
0.285109 0.467636 0.784379 
0.0995138 0.0774854 0.213776 
0.131654 0.0307195 0.0244519 
0.425284 0.37475 0.27798 
0.902913 0.996806 0.865839 
1.39244 1.66449 1.55013 
1.69116 2.11067 2.04873 
1.64693 2.1379 2.14524 
1.24006 1.71549 1.79317 
0.634628 1.02909 1.16592 
0.146882 0.433473 0.605553 
0.0951565 0.286886 0.461321 
0.58265 0.725987 0.879611 
1.36925 1.52999 1.67455 
1.98247 2.21654 2.40111 
2.03809 2.35221 2.62539 
1.52553 1.85569 2.21246 
0.802067 1.03906 1.40304 
0.29446 0.349437 0.614427 
0.182895 0.0448571 0.142189 
0.341426 0.0793417 0.0122808 
0.535471 0.245065 0.0660425 
0.637709 0.380641 0.143337 
0.665311 0.449943 0.185969 
0.670875 0.48183 0.217822 
0.654333 0.496586 0.283478 
0.583532 0.501388 0.418536 
0.461523 0.519881 0.6448 
0.342724 0.588096 0.954695 
0.284246 0.713381 1.28891 
0.295006 0.848813 1.54254 
0.33432 0.917403 1.61231 
0.352116 0.866081 1.45562 
0.328158 0.703776 1.1197 
0.279769 0.496107 0.721429 
0.239939 0.324061 0.389787 
0.2297 0.237996 0.205125 
0.24767 0.238619 0.171738 
0.281182 0.294322 0.238672 
0.32531 0.376367 0.349038 
0.393592 0.483157 0.47942 
0.513755 0.638113 0.644237 
0.708961 0.864811 0.868573 
0.96893 1.15344 1.15052 
1.22703 1.43814 1.43615 
1.37214 1.60869 1.62666 
1.30925 1.5664 1.62536 
1.03432 1.29549 1.40271 
0.656037 0.890674 1.02958 
0.331005 0.505511 0.642212 
0.161244 0.258211 0.361188 
0.144213 0.175803 0.233812 
0.213201 0.218871 0.244904 
0.313152 0.343737 0.365793 
0.428273 0.525519 0.573051 
0.544058 0.723817 0.816637 
0.607588 0.852189 0.99364 
0.550751 0.814572 0.989722 
0.362657 0.590338 0.769981 
0.132243 0.280423 0.428886 
0.0040664 0.0538116 0.136555 
0.0748592 0.0299969 0.0206593 
0.31667 0.195568 0.0861444 
0.590197 0.420291 0.232865 
0.737472 0.551676 0.338929 
0.685111 0.512777 0.335133 
0.48807 0.341609 0.229572 
0.288584 0.159378 0.0913099 
0.220134 0.0939014 0.0138657 
0.319984 0.201505 0.0675945 
0.507655 0.430581 0.25422 
0.64248 0.650645 0.49341 
0.619055 0.731901 0.662877 
0.435272 0.624847 0.672639 
0.191494 0.388413 0.521338 
0.028157 0.151526 0.294428 
0.0439107 0.0361506 0.108303 
0.24009 0.0890147 0.0404078 
0.519282 0.259554 0.0892841 
0.738977 0.434888 0.186222 
0.791938 0.510675 0.247839 
0.665234 0.453204 0.232658 
0.439155 0.311241 0.161678 
0.227935 0.17149 0.0903959 
0.106774 0.0944861 0.0592449 
0.0770284 0.0809403 0.0659538 
0.087561 0.0895225 0.0803132 
0.0863933 0.0830077 0.0813505 
0.0591099 0.0598372 0.0780927 
0.0285449 0.0468852 0.0947562 
0.0243597 0.0660531 0.138152 
0.0529521 0.108734 0.182557 
0.0929907 0.141589 0.189161 
0.117292 0.137062 0.14275 
0.1194 0.100536 0.071693 
0.120774 0.0703157 0.032686 
0.152217 0.0899725 0.0718082 
0.225542 0.17452 0.190965 
0.319888 0.296204 0.342959 
0.394293 0.400539 0.45804 
0.415034 0.440168 0.484448 
0.374623 0.401396 0.416863 
0.290335 0.306565 0.295388 
0.190183 0.195878 0.178062 
0.100378 0.104465 0.106038 
0.0388136 0.0472559 0.082253 
0.0126717 0.0176161 0.0759418 
0.0223524 0.00228798 0.0530411 
0.0721018 0.00505221 0.0141829 
0.174063 0.0548986 0.00529111 
0.331376 0.17878 0.078337 
0.513119 0.358026 0.229918 
0.656022 0.519435 0.383309 
0.703744 0.583762 0.445214 
0.646519 0.527462 0.385177 
0.519328 0.393703 0.254508 
0.367158 0.247419 0.129941 
0.221599 0.130371 0.0513477 
0.105077 0.0565829 0.0158465 
0.0353629 0.0281349 0.0110364 
0.0126834 0.0368715 0.0314846 
0.013601 0.0590441 0.0670196 
0.0142216 0.0695964 0.0981209 
0.0173727 0.0669019 0.113234 
0.0437691 0.0716441 0.119772 
0.0970831 0.0970169 0.129371 
0.152839 0.130998 0.14037 
0.186655 0.153718 0.143223 
0.1994 0.160431 0.135261 
0.204012 0.156346 0.118686 
0.198572 0.138309 0.0900204 
0.169348 0.0993315 0.0476326 
0.118469 0.0509411 0.0102196 
0.0717984 0.0233181 0.00987943 
0.0528822 0.0339366 0.0556102 
0.0593776 0.0658252 0.113477 
0.0724669 0.0868544 0.136482 
0.0805824 0.0840368 0.11121 
0.0827557 0.0677252 0.0642045 
0.0743736 0.047429 0.0258156 
0.0472387 0.0221074 0.00497031 
0.011099 0.00163702 0.00562964 
0.00365897 0.0225201 0.0500036 
0.0629959 0.121039 0.161636 
0.185027 0.285192 0.321631 
