0.755425 0.259934 0.0249127 
0.904786 0.333665 0.0118969 
0.914652 0.356734 0.00626168 
0.80137 0.363411 0.0633936 
0.639218 0.420358 0.253865 
0.509966 0.572796 0.608317 
0.448711 0.792752 1.06502 
0.434694 0.980331 1.47144 
0.441022 1.03432 1.66138 
0.499249 0.945559 1.56603 
0.709887 0.832559 1.27609 
1.1721 0.875914 0.997768 
1.88306 1.19178 0.926202 
2.69561 1.74108 1.12592 
3.3799 2.34544 1.5019 
3.74774 2.79534 1.87234 
3.7479 2.96697 2.08098 
3.47039 2.86888 2.07032 
3.07369 2.60454 1.88201 
2.69857 2.29708 1.60747 
2.41963 2.03251 1.3352 
2.24016 1.84317 1.12346 
2.11054 1.71945 0.997615 
1.95804 1.63047 0.957243 
1.72721 1.54435 0.982971 
1.41731 1.44226 1.04086 
1.08579 1.31755 1.08542 
0.803632 1.16017 1.06529 
0.596004 0.94699 0.940478 
0.428074 0.663043 0.715063 
0.256331 0.34672 0.467237 
0.0939557 0.109724 0.339041 
0.015377 0.0864335 0.463773 
0.0849877 0.330577 0.863246 
0.277756 0.742232 1.39269 
0.474451 1.10094 1.79387 
0.543795 1.19676 1.83859 
0.442151 0.966802 1.47065 
0.248506 0.538178 0.849955 
0.111984 0.15115 0.270051 
0.157436 0.0205838 0.00333443 
0.416046 0.225963 0.167024 
0.819274 0.688807 0.681101 
1.24843 1.2354 1.32972 
1.59993 1.69373 1.87844 
1.82344 1.96321 2.17504 
1.91653 2.02611 2.18549 
1.89542 1.91693 1.96814 
1.77761 1.69024 1.62598 
1.5925 1.41167 1.27072 
1.40198 1.16152 1.00179 
1.2988 1.02527 0.886419 
1.36908 1.06179 0.937871 
1.63617 1.26582 1.10531 
2.02188 1.551 1.28755 
2.35834 1.77246 1.3692 
2.4607 1.78981 1.26874 
2.23195 1.54649 0.981944 
1.73499 1.1167 0.595913 
1.17138 0.675021 0.25079 
0.766884 0.394146 0.0585281 
0.639893 0.339963 0.0340032 
0.747171 0.445285 0.0991294 
0.938075 0.578514 0.160911 
1.06213 0.641682 0.192148 
1.04679 0.616186 0.238892 
0.907096 0.535839 0.352513 
0.708996 0.43455 0.5185 
0.527356 0.322931 0.651569 
0.420596 0.203395 0.657929 
0.422678 0.0958583 0.507741 
0.54699 0.0474932 0.263761 
0.793762 0.12013 0.0541194 
1.14825 0.36022 0.00994609 
1.56404 0.761044 0.197505 
1.94826 1.23797 0.575293 
2.17832 1.64472 1.00378 
2.15863 1.83891 1.31403 
1.88371 1.76293 1.40071 
1.45548 1.48131 1.2779 
1.03243 1.14103 1.05624 
0.742172 0.879799 0.858801 
0.618307 0.748584 0.740552 
0.601808 0.701555 0.670263 
0.598035 0.652666 0.580638 
0.543457 0.549543 0.438919 
0.436716 0.40872 0.279122 
0.320228 0.291493 0.173054 
0.234853 0.246164 0.167965 
0.186324 0.265522 0.243946 
0.148642 0.293064 0.3263 
0.0973145 0.270782 0.342572 
0.0393484 0.187261 0.277406 
0.0102042 0.0854972 0.180796 
0.0396669 0.0254562 0.125023 
0.119741 0.0355608 0.148032 
0.206019 0.0937475 0.228563 
0.250261 0.14844 0.306776 
0.232736 0.156058 0.32743 
0.169287 0.107385 0.274997 
0.097796 0.0346738 0.187703 
0.0628371 0.00325511 0.149656 
0.10381 0.0855953 0.256419 
0.240046 0.31755 0.554872 
0.459049 0.661446 0.98906 
0.727188 1.01657 1.40611 
1.02085 1.28399 1.6412 
1.33925 1.43108 1.62359 
1.66831 1.48924 1.41132 
1.92945 1.48759 1.12493 
1.98983 1.40284 0.850895 
1.75761 1.19014 0.608627 
1.28063 0.860599 0.393529 
0.739316 0.508381 0.223437 
0.324954 0.246972 0.128394 
0.115366 0.122149 0.108806 
0.05961 0.0948371 0.127798 
0.0635048 0.101081 0.150795 
0.072104 0.111013 0.177722 
0.0773019 0.12691 0.224824 
0.0791831 0.145623 0.283994 
0.0682957 0.146816 0.317494 
0.042561 0.118456 0.295788 
0.0180245 0.0753816 0.228217 
0.0103483 0.0418483 0.149139 
0.0146332 0.0242747 0.0831451 
0.0148279 0.0129543 0.0361073 
0.00873604 0.00693966 0.0165038 
0.0113072 0.0226179 0.0472683 
0.0315296 0.0713031 0.143366 
0.0567197 0.136232 0.280589 
0.0662057 0.180741 0.397101 
0.0541761 0.178454 0.432075 
0.0315427 0.131611 0.365866 
0.0109492 0.0648953 0.230005 
0.00343249 0.0125174 0.0882649 
0.0318508 0.0125884 0.00796577 
0.130624 0.0975788 0.0324301 
0.311458 0.268681 0.157797 
0.524899 0.472477 0.325814 
0.670491 0.615508 0.448601 
0.664546 0.62208 0.460373 
0.508984 0.491331 0.360842 
0.294877 0.300753 0.213491 
0.135412 0.150821 0.0989329 
0.0894854 0.0998483 0.0634397 
0.139424 0.142372 0.103652 
0.228379 0.23772 0.190839 
0.310708 0.350692 0.302731 
0.37216 0.467176 0.432553 
0.418995 0.583302 0.575487 
0.462677 0.692166 0.715337 
0.514944 0.783323 0.826874 
0.583866 0.847148 0.887228 
0.661213 0.871981 0.881911 
0.713059 0.839079 0.803898 
0.694088 0.730774 0.656151 
0.582975 0.552092 0.46073 
0.40722 0.343446 0.261461 
0.229251 0.163944 0.107249 
0.103111 0.0545385 0.0241523 
0.0414465 0.0142137 0.00136323 
0.021127 0.0109785 0.0055795 
0.0156451 0.0142306 0.0097954 
0.0185104 0.0156635 0.00879425 
0.0377714 0.0225206 0.0103279 
0.0751706 0.0378263 0.0174945 
0.11618 0.0521033 0.0236449 
0.139956 0.0530748 0.0226043 
0.135689 0.0388962 0.0188001 
0.108672 0.0198469 0.0245324 
0.073657 0.00890601 0.0481747 
0.0448245 0.0123686 0.0861285 
0.0301455 0.0277081 0.124767 
0.0302191 0.0466334 0.148005 
0.0391228 0.0589362 0.144252 
0.0476342 0.0567177 0.111502 
0.0497287 0.0398828 0.0610256 
0.048652 0.0194425 0.0161379 
0.0556869 0.0125831 0.00135228 
0.0798253 0.0295618 0.0251942 
0.116654 0.0627612 0.0702754 
0.148311 0.0900727 0.103056 
0.156862 0.0925399 0.0992225 
0.139205 0.0706647 0.0633435 
0.108666 0.0428122 0.0234109 
0.0819719 0.026847 0.00437043 
0.0659312 0.0245558 0.00701574 
0.0574158 0.0256598 0.0140193 
0.0535333 0.0254918 0.0154212 
0.056972 0.0339282 0.0236232 
0.0696925 0.0638021 0.059705 
0.0853606 0.112763 0.126541 
0.093293 0.161271 0.200119 
0.0901337 0.189497 0.249067 
0.0829503 0.192599 0.259658 
0.078014 0.177261 0.239411 
0.0703147 0.147786 0.200564 
0.0504643 0.103124 0.148177 
0.0228718 0.0494246 0.0872657 
0.010964 0.0087504 0.0349079 
0.0376955 0.00661073 0.0153603 
0.0996085 0.0477847 0.0389785 
0.163207 0.107047 0.0885409 
0.189557 0.146679 0.129951 
0.163702 0.144159 0.13743 
0.102856 0.104989 0.109613 
0.0407826 0.0538035 0.0659323 
0.00602545 0.0169641 0.0323959 
0.0094997 0.0104642 0.029307 
0.0431315 0.0352364 0.0636395 
0.0852444 0.0769576 0.124314 
0.111472 0.111921 0.184086 
0.10931 0.120678 0.213058 
0.0871875 0.101705 0.197817 
0.0680891 0.0718944 0.149983 
0.0707672 0.0513932 0.095316 
0.0954296 0.0472002 0.0538879 
0.127119 0.0516779 0.0302823 
0.151167 0.0550346 0.0196869 
0.163241 0.055585 0.0179043 
0.165553 0.0568514 0.022678 
0.158189 0.0584562 0.0288299 
0.138279 0.0546285 0.0285413 
0.106846 0.0421088 0.0189833 
0.0722649 0.0257692 0.00665761 
0.0445004 0.0137014 0.000732909 
0.027111 0.00833247 0.00303214 
0.0166553 0.00553438 0.00822751 
0.00905353 0.00253395 0.0145431 
0.00410089 0.00333626 0.0300103 
0.00330263 0.0138407 0.0635281 
0.00584892 0.0331094 0.109952 
0.00981152 0.0533329 0.148837 
0.0182361 0.0705985 0.162452 
0.0421559 0.0939482 0.155339 
0.0934351 0.139087 0.152448 
0.169775 0.208527 0.173926 
0.244821 0.27717 0.210734 
0.277717 0.302777 0.228388 
0.242196 0.259435 0.19973 
0.153209 0.166056 0.13612 
0.06265 0.0789188 0.0831209 
0.0204387 0.0480561 0.0801355 
0.0342211 0.0757305 0.122475 
0.0677844 0.118287 0.165764 
0.0799067 0.13012 0.169574 
0.06184 0.104014 0.134595 
0.0353508 0.0676637 0.0949195 
0.0208908 0.0468939 0.0778556 
0.0177436 0.0412187 0.078458 
