0.831103 0.799467 0.881727 
0.823249 0.708942 0.734464 
0.735264 0.595063 0.615129 
0.564157 0.448327 0.50663 
0.345686 0.281565 0.396037 
0.143122 0.128617 0.28389 
0.0196745 0.0281993 0.181857 
0.0117235 0.00457121 0.103407 
0.118852 0.057828 0.0556541 
0.314273 0.168777 0.0377241 
0.564856 0.312504 0.0449377 
0.844194 0.469149 0.0735376 
1.12937 0.623972 0.120944 
1.38663 0.75859 0.181093 
1.56225 0.843679 0.239618 
1.5929 0.843706 0.275162 
1.43617 0.735516 0.269301 
1.10451 0.530654 0.220558 
0.678694 0.285006 0.152894 
0.285593 0.0841883 0.110154 
0.046128 0.00736332 0.13573 
0.0190938 0.0871131 0.246923 
0.172457 0.288594 0.419239 
0.40006 0.522478 0.592399 
0.576089 0.687324 0.697934 
0.617434 0.719097 0.694511 
0.519242 0.62008 0.590572 
0.34502 0.450747 0.439639 
0.180213 0.290194 0.309503 
0.0801191 0.190116 0.243213 
0.0453857 0.151445 0.236262 
0.0393641 0.138248 0.24548 
0.0330738 0.118731 0.225155 
0.044084 0.104136 0.167283 
0.138553 0.155907 0.118097 
0.390047 0.351412 0.156526 
0.819168 0.726537 0.344442 
1.35414 1.23145 0.678148 
1.84261 1.73104 1.07241 
2.1142 2.0561 1.39051 
2.06142 2.0806 1.50717 
1.69383 1.78457 1.37181 
1.13608 1.26954 1.03964 
0.57255 0.720123 0.65516 
0.170675 0.332566 0.396503 
0.0219948 0.243729 0.405476 
0.124079 0.487872 0.731173 
0.400607 0.991193 1.30666 
0.73953 1.59875 1.96583 
1.02901 2.12179 2.49569 
1.18262 2.39332 2.70927 
1.15577 2.31995 2.51596 
0.956264 1.91522 1.96196 
0.6453 1.29974 1.22043 
0.32176 0.661734 0.529441 
0.0889619 0.189183 0.101547 
0.0157288 0.00191271 0.0452828 
0.111685 0.115307 0.335587 
0.331089 0.452077 0.844794 
0.602566 0.892235 1.41354 
0.866058 1.3313 1.92143 
1.09531 1.716 2.32258 
1.29611 2.04468 2.63611 
1.48773 2.34228 2.90862 
1.68376 2.63165 3.17679 
1.88435 2.9183 3.44994 
2.07947 3.19075 3.71388 
2.25479 3.42823 3.94443 
2.39296 3.60669 4.11827 
2.47193 3.70153 4.21746 
2.46659 3.69128 4.2309 
2.35781 3.56461 4.15641 
2.14445 3.3276 4.00197 
1.84887 3.00419 3.78225 
1.51044 2.62737 3.50996 
1.17087 2.22615 3.18743 
0.861768 1.81811 2.8066 
0.602651 1.4129 2.35992 
0.407748 1.02326 1.85602 
0.292434 0.673107 1.32907 
0.270773 0.394812 0.833826 
0.344566 0.216279 0.428396 
0.493141 0.146902 0.153807 
0.674023 0.171995 0.0210434 
0.836778 0.258876 0.0102974 
0.942499 0.370037 0.0807907 
0.977785 0.476081 0.186374 
0.956912 0.564004 0.292409 
0.914168 0.640461 0.389788 
0.892623 0.730385 0.500516 
0.93334 0.869081 0.668596 
1.06427 1.0855 0.934398 
1.28728 1.3795 1.30095 
1.56695 1.7043 1.7107 
1.83027 1.96897 2.0517 
1.98577 2.06849 2.19875 
1.95967 1.93217 2.07317 
1.73293 1.56555 1.68942 
1.35725 1.05952 1.15929 
0.936437 0.55628 0.646861 
0.579986 0.187194 0.29608 
0.353631 0.016041 0.169798 
0.255065 0.018736 0.23246 
0.228167 0.109304 0.382689 
0.205195 0.19411 0.513136 
0.149497 0.22083 0.561652 
0.0725195 0.194725 0.527381 
0.0171603 0.157732 0.449999 
0.0219619 0.149693 0.372941 
0.0922366 0.18026 0.317804 
0.197587 0.229485 0.284709 
0.295888 0.273366 0.272683 
0.365352 0.312995 0.299852 
0.421292 0.384112 0.404746 
0.505359 0.538175 0.624957 
0.65422 0.806112 0.966536 
0.868565 1.16807 1.38493 
1.10304 1.54918 1.79138 
1.28402 1.8453 2.08302 
1.34464 1.96542 2.18109 
1.25669 1.86832 2.05839 
1.04201 1.5767 1.74507 
0.759709 1.16509 1.31464 
0.478902 0.731123 0.860516 
0.252887 0.364983 0.473561 
0.106308 0.12765 0.225168 
0.0368863 0.0410986 0.154553 
0.0253248 0.0880867 0.258847 
0.0455414 0.21893 0.489081 
0.0716194 0.365058 0.758934 
0.0828142 0.459622 0.970379 
0.069058 0.461659 1.05082 
0.0363046 0.374746 0.985748 
0.0074402 0.249259 0.828384 
0.0146924 0.162977 0.676862 
0.0844603 0.186137 0.627248 
0.221786 0.347233 0.7255 
0.404022 0.617584 0.944032 
0.588935 0.923489 1.19571 
0.733824 1.17981 1.37742 
0.815095 1.32704 1.41908 
0.837131 1.35268 1.31242 
0.82588 1.28776 1.10655 
0.811845 1.18346 0.876614 
0.813038 1.08302 0.685611 
0.827476 1.00433 0.55978 
0.838108 0.939819 0.487566 
0.825522 0.870082 0.437506 
0.780099 0.780422 0.381336 
0.706979 0.670648 0.308888 
0.622477 0.554277 0.228981 
0.545526 0.450077 0.159516 
0.489629 0.372374 0.115008 
0.459212 0.325561 0.0990175 
0.450917 0.304534 0.104251 
0.457591 0.299172 0.118154 
0.47195 0.299377 0.129495 
0.488088 0.298088 0.13226 
0.501072 0.291739 0.125847 
0.506256 0.279392 0.11303 
0.499896 0.262137 0.0978728 
0.481337 0.24334 0.084816 
0.455334 0.228955 0.0785002 
0.432361 0.226465 0.0829859 
0.425456 0.241763 0.0996504 
0.444129 0.274931 0.1247 
0.487911 0.317352 0.148582 
0.543034 0.352702 0.1593 
0.584925 0.362714 0.149395 
0.586727 0.335889 0.12341 
0.531022 0.275004 0.100869 
0.419596 0.198843 0.11097 
0.275934 0.135752 0.179223 
0.137727 0.110706 0.311447 
0.0414806 0.131735 0.483705 
0.0061354 0.18325 0.645536 
0.0244951 0.231447 0.737909 
0.0682326 0.240994 0.719257 
0.105075 0.195395 0.587285 
0.119235 0.110014 0.384706 
0.123128 0.0293118 0.184325 
0.152483 0.00790428 0.0594498 
0.246331 0.0841289 0.0535353 
0.422416 0.259534 0.163475 
0.661652 0.494893 0.343695 
0.910416 0.724658 0.527453 
1.09979 0.882384 0.653865 
1.1723 0.925083 0.688344 
1.10389 0.846582 0.629708 
0.91245 0.676468 0.504757 
0.650798 0.467655 0.355927 
0.38827 0.278647 0.227746 
0.188003 0.156298 0.155253 
0.0873808 0.123047 0.155324 
0.087667 0.171302 0.221783 
0.156147 0.266643 0.326167 
0.240305 0.359837 0.425739 
0.289108 0.404656 0.477802 
0.273248 0.375513 0.455804 
0.196277 0.278085 0.360787 
0.0925351 0.148634 0.223159 
0.0137479 0.0424975 0.0939084 
0.0108064 0.0166109 0.0288755 
0.118071 0.112604 0.0721431 
0.344758 0.345623 0.244142 
0.673929 0.701019 0.537533 
1.06697 1.13826 0.920792 
1.47109 1.59985 1.34697 
1.82834 2.02266 1.76392 
2.0854 2.34912 2.1228 
2.20321 2.53633 2.3832 
2.16465 2.56209 2.51567 
1.97848 2.42745 2.50375 
1.67815 2.15608 2.347 
1.3151 1.79052 2.06432 
0.947663 1.3848 1.69448 
0.627809 0.993859 1.29087 
0.389242 0.661678 0.910015 
0.241035 0.41226 0.59766 
0.169693 0.247435 0.378591 
0.149234 0.152895 0.254711 
0.154794 0.109345 0.211345 
0.17291 0.102475 0.227088 
0.203212 0.126146 0.28118 
0.251266 0.177687 0.355249 
0.31779 0.249598 0.430951 
0.391636 0.32437 0.487996 
0.451244 0.376915 0.506293 
0.473593 0.383879 0.472352 
0.445074 0.334632 0.386623 
0.368148 0.238085 0.267601 
0.261124 0.122424 0.150446 
0.152757 0.0287993 0.080611 
0.0753522 0.00208097 0.104433 
0.0587867 0.0810375 0.258354 
0.125186 0.28865 0.557844 
0.282883 0.622933 0.987674 
0.520002 1.05039 1.497 
0.800909 1.50629 2.00382 
1.06999 1.90557 2.41138 
1.26469 2.16413 2.63417 
1.3348 2.22436 2.62484 
1.26026 2.0749 2.3908 
1.05936 1.7552 1.99229 
0.782997 1.34228 1.52151 
0.497183 0.924721 1.07158 
0.261256 0.574913 0.708426 
0.110665 0.33071 0.456944 
0.0502872 0.19223 0.304743 
0.0590666 0.132334 0.218637 
0.102173 0.113777 0.163998 
