1.03073 0.416561 0.143277 
1.64244 0.791972 0.249748 
2.31428 1.23174 0.411788 
2.92336 1.6541 0.608311 
3.29343 1.92058 0.744848 
3.26635 1.89901 0.708942 
2.81259 1.57357 0.491364 
2.08353 1.09095 0.235206 
1.33555 0.671037 0.129488 
0.774914 0.448608 0.236673 
0.457908 0.397444 0.436603 
0.325607 0.408078 0.556676 
0.312433 0.425919 0.553738 
0.402011 0.496805 0.552961 
0.585696 0.681784 0.707239 
0.801019 0.952871 1.03437 
0.941132 1.19099 1.39804 
0.928278 1.27881 1.62815 
0.767092 1.1806 1.63788 
0.528073 0.940428 1.439 
0.297856 0.637717 1.09625 
0.154384 0.367577 0.708761 
0.165834 0.241416 0.418312 
0.368175 0.348171 0.366642 
0.716278 0.670729 0.583506 
1.07276 1.0482 0.914277 
1.28979 1.26976 1.10754 
1.33817 1.25251 1.02639 
1.35742 1.13646 0.787993 
1.54908 1.17841 0.673277 
1.98417 1.51571 0.86894 
2.49398 2.01074 1.27976 
2.75502 2.32586 1.59042 
2.51465 2.1746 1.52236 
1.78626 1.54545 1.06039 
0.870407 0.727501 0.468515 
0.189456 0.13064 0.102755 
0.0463275 0.0339738 0.174047 
0.455322 0.424427 0.619437 
1.14279 1.01614 1.14805 
1.71468 1.43224 1.42485 
1.88655 1.43552 1.2825 
1.62838 1.05898 0.826897 
1.1334 0.548262 0.35534 
0.651668 0.164921 0.135302 
0.330315 0.0110764 0.212792 
0.178316 0.0122612 0.408424 
0.143285 0.0443795 0.497825 
0.186248 0.0581364 0.403182 
0.275189 0.0796703 0.220684 
0.342251 0.12044 0.0842505 
0.304179 0.132699 0.0314266 
0.154799 0.0760179 0.0117446 
0.0165211 0.00573426 0.000662508 
0.0564565 0.0550723 0.0671517 
0.329455 0.312194 0.315691 
0.711881 0.724457 0.773658 
0.997741 1.12751 1.33741 
1.05249 1.35323 1.80752 
0.878709 1.3112 1.97484 
0.575785 1.01692 1.73082 
0.283956 0.605615 1.17669 
0.155181 0.317447 0.641296 
0.299237 0.383529 0.507478 
0.687012 0.834557 0.911372 
1.11405 1.41046 1.57722 
1.32719 1.7234 1.99938 
1.2399 1.57404 1.85356 
1.02135 1.12225 1.25747 
0.946164 0.734092 0.632509 
1.14155 0.65437 0.318925 
1.47743 0.822663 0.325553 
1.6921 0.981516 0.416825 
1.61206 0.929132 0.386142 
1.26202 0.665805 0.224669 
0.801862 0.339125 0.0657238 
0.392818 0.0969645 0.0256193 
0.121071 0.00159753 0.118921 
0.00837215 0.0474985 0.297149 
0.0480127 0.213758 0.526336 
0.209728 0.478662 0.81128 
0.423702 0.79668 1.15906 
0.589141 1.08602 1.53715 
0.620513 1.25286 1.86781 
0.496563 1.23236 2.0537 
0.275068 1.01712 2.0136 
0.0716178 0.667861 1.72146 
0.01988 0.308448 1.24128 
0.220684 0.0914206 0.726169 
0.687176 0.124912 0.351825 
1.31876 0.39927 0.213258 
1.94151 0.783426 0.270855 
2.40184 1.11427 0.404037 
2.64113 1.30973 0.527132 
2.68938 1.40362 0.653838 
2.59584 1.47457 0.847506 
2.37461 1.54639 1.11477 
2.01694 1.56006 1.3591 
1.54443 1.43832 1.44564 
1.03606 1.17013 1.31234 
0.596343 0.831404 1.01961 
0.296584 0.53099 0.701184 
0.14656 0.345089 0.479094 
0.117486 0.300197 0.423971 
0.181314 0.397346 0.568705 
0.319226 0.624487 0.917246 
0.496753 0.934136 1.41403 
0.650331 1.22658 1.9171 
0.720056 1.38767 2.24037 
0.705259 1.36758 2.26032 
0.683961 1.22943 2.00278 
0.768296 1.11619 1.63186 
1.02913 1.15857 1.34861 
1.44651 1.39347 1.27689 
1.91203 1.74234 1.40805 
2.26857 2.04852 1.6204 
2.36381 2.14428 1.74628 
2.10842 1.92368 1.65384 
1.53277 1.40453 1.31788 
0.813608 0.751624 0.850838 
0.225398 0.224409 0.46027 
0.006057 0.04424 0.329479 
0.208323 0.251653 0.486492 
0.658658 0.670894 0.772214 
1.0829 1.03797 0.962038 
1.30994 1.20224 0.95398 
1.37653 1.22338 0.849299 
1.43912 1.27105 0.837654 
1.58349 1.42632 0.99316 
1.72016 1.58212 1.18498 
1.66311 1.53859 1.19325 
1.31098 1.19682 0.916145 
0.761671 0.667538 0.471436 
0.26112 0.201033 0.106331 
0.031665 0.00444924 0.00503898 
0.118817 0.0985516 0.159042 
0.373515 0.321811 0.395579 
0.575746 0.467025 0.525699 
0.592888 0.433184 0.484549 
0.446138 0.272699 0.355062 
0.249748 0.112885 0.27147 
0.101714 0.0400064 0.299727 
0.0279025 0.050028 0.397824 
0.00390485 0.0865593 0.47159 
0.000666528 0.103317 0.456476 
0.00310698 0.0898226 0.354262 
0.00492152 0.0585909 0.214371 
0.00626012 0.0264833 0.093665 
0.017565 0.00665733 0.0247774 
0.0546827 0.00584425 0.00510636 
0.126217 0.0258715 0.0121535 
0.231264 0.0749082 0.0393024 
0.371964 0.179247 0.120971 
0.561065 0.373163 0.311417 
0.807596 0.663055 0.62313 
1.0909 0.996064 0.981195 
1.34963 1.26853 1.24638 
1.5008 1.37625 1.29792 
1.48006 1.27252 1.11135 
1.27887 0.995091 0.772182 
0.954098 0.645714 0.419996 
0.600702 0.335824 0.16709 
0.304354 0.131852 0.0464024 
0.108117 0.0348162 0.0175311 
0.0141347 0.00420756 0.017686 
0.00669058 0.00031506 0.0129678 
0.0657516 0.0062306 0.00930478 
0.161536 0.0176592 0.0227268 
0.251845 0.0258714 0.0483249 
0.301751 0.0218025 0.0634995 
0.311579 0.0155652 0.0579613 
0.319545 0.0404919 0.0514316 
0.367812 0.126861 0.0761198 
0.459774 0.26688 0.142081 
0.548322 0.405911 0.220939 
0.569255 0.47317 0.263531 
0.496145 0.432379 0.237395 
0.372264 0.315125 0.156308 
0.286537 0.206558 0.0782241 
0.302941 0.184674 0.0661084 
0.400224 0.256655 0.136063 
0.483539 0.351014 0.238638 
0.468492 0.381592 0.29909 
0.360929 0.326788 0.284307 
0.249666 0.243731 0.228549 
0.215424 0.201545 0.188842 
0.249946 0.20672 0.179752 
0.271487 0.204383 0.163829 
0.221218 0.154788 0.110769 
0.139575 0.0986387 0.0558418 
0.142378 0.134264 0.0836528 
0.317312 0.323333 0.244893 
0.637765 0.618317 0.491182 
0.972271 0.885841 0.700753 
1.17896 1.00755 0.777377 
1.20219 0.968015 0.730892 
1.09631 0.856747 0.666536 
0.972909 0.794552 0.700054 
0.926529 0.854906 0.879056 
0.988839 1.0326 1.16555 
1.11929 1.25432 1.46379 
1.22305 1.40638 1.65378 
1.19924 1.38066 1.62844 
1.01155 1.14214 1.35174 
0.728786 0.773502 0.907486 
0.478329 0.431778 0.468968 
0.3388 0.229787 0.181933 
0.282739 0.156132 0.0646015 
0.237123 0.123766 0.0323805 
0.184342 0.0862282 0.0137809 
0.167037 0.0720294 0.0113925 
0.189493 0.0982553 0.0405886 
0.170336 0.103948 0.0578153 
0.0615964 0.039862 0.0203853 
0.0216754 0.0361659 0.0342042 
0.398919 0.412794 0.379615 
1.45103 1.43016 1.30029 
3.03256 2.97879 2.71567 
4.57314 4.526 4.15071 
5.41627 5.41835 4.9959 
5.2499 5.30574 4.9008 
4.28113 4.34701 3.98665 
3.04719 3.06295 2.7347 
2.0551 1.9916 1.672 
1.52885 1.41007 1.09388 
1.3938 1.2733 0.977804 
1.42781 1.33876 1.08403 
1.43042 1.35107 1.13825 
1.31333 1.1769 0.984864 
1.10272 0.843912 0.645746 
0.889005 0.49123 0.274665 
0.761944 0.27051 0.0448125 
0.759063 0.252592 0.0366248 
0.847613 0.390315 0.192023 
0.947296 0.556499 0.362003 
0.979566 0.629576 0.413471 
0.912786 0.568254 0.318228 
0.776143 0.426259 0.158945 
0.638087 0.304094 0.0524301 
0.569349 0.281469 0.0588985 
0.61593 0.382102 0.154774 
0.79002 0.585118 0.28279 
1.06608 0.851381 0.416663 
1.37126 1.12748 0.567857 
1.5857 1.33212 0.732514 
1.58432 1.36849 0.851004 
1.32078 1.1855 0.842326 
0.891736 0.841501 0.685428 
0.500736 0.489905 0.453355 
0.317204 0.270357 0.251724 
0.343559 0.199508 0.126893 
