0.560052 0.186038 0.018322 
0.35174 0.137077 0.00128762 
0.235144 0.1512 0.0121324 
0.174372 0.193912 0.0629652 
0.149904 0.257873 0.176791 
0.149882 0.329464 0.330866 
0.165451 0.382139 0.460638 
0.188251 0.391722 0.507427 
0.209959 0.352472 0.458118 
0.223226 0.279323 0.345622 
0.222201 0.19724 0.220538 
0.201717 0.126765 0.122339 
0.156793 0.0739457 0.066715 
0.0880588 0.0335838 0.0530175 
0.0191451 0.0146845 0.0937448 
0.0180461 0.0778424 0.253728 
0.191213 0.34029 0.653123 
0.621981 0.904357 1.38613 
1.27951 1.73674 2.38491 
1.98681 2.61374 3.3598 
2.51536 3.23076 3.933 
2.75018 3.41927 3.9066 
2.76472 3.26999 3.42768 
2.70817 3.01748 2.86264 
2.61073 2.78655 2.47287 
2.33307 2.47373 2.2093 
1.75069 1.91145 1.83783 
0.988671 1.14316 1.25427 
0.42093 0.484103 0.635369 
0.375034 0.2592 0.256624 
0.813521 0.475507 0.190032 
1.32596 0.787652 0.235093 
1.46796 0.817262 0.168275 
1.13297 0.511278 0.0269827 
0.612121 0.180747 0.0989168 
0.309628 0.192158 0.614085 
0.401301 0.62482 1.46199 
0.735893 1.21129 2.22637 
1.015 1.57758 2.49982 
1.04256 1.53086 2.17794 
0.829809 1.1526 1.48931 
0.520029 0.674172 0.785949 
0.252091 0.291784 0.306894 
0.0889503 0.0749097 0.0896823 
0.0423221 0.00095834 0.0405541 
0.136239 0.0447006 0.0609203 
0.429324 0.230301 0.126368 
0.956727 0.598442 0.275114 
1.6298 1.11382 0.52788 
2.19553 1.60162 0.810444 
2.34201 1.80336 0.960769 
1.91817 1.55119 0.843379 
1.10213 0.933023 0.487934 
0.348693 0.288924 0.117603 
0.117528 0.00832065 0.0150897 
0.585978 0.282973 0.330062 
1.57492 1.01947 0.9973 
2.72187 1.96185 1.82496 
3.71542 2.87536 2.63873 
4.38683 3.61184 3.32621 
4.64406 4.04389 3.76638 
4.40683 4.01868 3.78484 
3.66334 3.44722 3.25271 
2.58017 2.4534 2.26118 
1.4944 1.39153 1.17097 
0.732345 0.652425 0.427287 
0.400448 0.402685 0.263218 
0.346485 0.489999 0.543627 
0.327551 0.599805 0.886528 
0.222152 0.517956 0.956442 
0.0954701 0.272707 0.689038 
0.0844086 0.0592255 0.288186 
0.236895 0.04389 0.0330169 
0.457729 0.223656 0.0637915 
0.59247 0.439041 0.29852 
0.558585 0.507314 0.518222 
0.413134 0.366118 0.544792 
0.315507 0.128859 0.38416 
0.422785 0.0187339 0.234502 
0.788922 0.223701 0.348804 
1.32501 0.764156 0.843965 
1.83896 1.46059 1.59344 
2.12996 2.02554 2.28434 
2.08484 2.22095 2.60018 
1.72507 1.98069 2.40203 
1.18531 1.42868 1.79313 
0.643978 0.797483 1.04376 
0.247274 0.308874 0.442837 
0.0599242 0.0826089 0.168583 
0.0550672 0.106678 0.23384 
0.139186 0.265939 0.510008 
0.201941 0.408123 0.801878 
0.1758 0.421237 0.938842 
0.079516 0.29244 0.850239 
0.0124327 0.116261 0.594949 
0.0846678 0.0350212 0.325135 
0.317385 0.135475 0.19307 
0.593316 0.371079 0.251627 
0.723705 0.581734 0.419189 
0.606696 0.615901 0.544479 
0.351169 0.465116 0.527693 
0.236861 0.289241 0.398342 
0.510203 0.293342 0.280599 
1.17259 0.552809 0.277692 
1.94702 0.941032 0.382907 
2.46322 1.22614 0.49656 
2.51029 1.24924 0.522703 
2.1523 1.02769 0.446168 
1.6356 0.708988 0.322873 
1.19947 0.443021 0.211691 
0.959394 0.299038 0.128394 
0.927172 0.281586 0.0621707 
1.09122 0.389306 0.018488 
1.44417 0.629356 0.027064 
1.93137 0.968978 0.101758 
2.39616 1.28935 0.200587 
2.61097 1.41584 0.24109 
2.40091 1.22723 0.173437 
1.77456 0.766561 0.0541661 
0.957118 0.260256 0.0520357 
0.287517 0.0132171 0.363484 
0.0373168 0.235811 1.0823 
0.262477 0.909391 2.10694 
0.77788 1.77658 3.15202 
1.26753 2.46691 3.86818 
1.46242 2.68686 4.0072 
1.28022 2.36535 3.54003 
0.846902 1.67327 2.66198 
0.394739 0.911902 1.68639 
0.110458 0.344733 0.893063 
0.0373981 0.0784953 0.420252 
0.0905392 0.0579799 0.252905 
0.15344 0.153763 0.290023 
0.166429 0.259513 0.424194 
0.139229 0.328439 0.576579 
0.1029 0.349416 0.687563 
0.0699301 0.318061 0.707131 
0.0430411 0.241774 0.614268 
0.0423311 0.15792 0.442835 
0.0960144 0.119014 0.269034 
0.193651 0.142514 0.155428 
0.264438 0.181077 0.103347 
0.230444 0.162653 0.0673668 
0.0994519 0.0747132 0.0216532 
0.001104 0.00697904 0.00786392 
0.11121 0.096778 0.108383 
0.517043 0.416434 0.365488 
1.13861 0.903084 0.724807 
1.7722 1.39366 1.05942 
2.21443 1.73162 1.25444 
2.3653 1.85444 1.27939 
2.24589 1.80124 1.1937 
1.94774 1.65641 1.09242 
1.57381 1.48936 1.04222 
1.20784 1.33161 1.05071 
0.906069 1.1863 1.07596 
0.692291 1.04424 1.05765 
0.556062 0.894152 0.950766 
0.465622 0.732653 0.752736 
0.393945 0.577693 0.517373 
0.33935 0.476128 0.347299 
0.327774 0.495502 0.363046 
0.403031 0.702662 0.660162 
0.613693 1.13709 1.26971 
0.988476 1.77922 2.1284 
1.4917 2.51612 3.06167 
1.98622 3.13262 3.7997 
2.26164 3.37293 4.05855 
2.14992 3.07738 3.68259 
1.65781 2.31346 2.76961 
0.995186 1.38021 1.66412 
0.448258 0.64463 0.780551 
0.190232 0.318071 0.364359 
0.189348 0.351024 0.37385 
0.284939 0.526305 0.572516 
0.342609 0.651901 0.737374 
0.338067 0.676595 0.795996 
0.3143 0.65072 0.796737 
0.293413 0.615396 0.788435 
0.251449 0.552724 0.753942 
0.168128 0.431546 0.650384 
0.0711351 0.268679 0.481488 
0.0130269 0.124697 0.309113 
0.0118258 0.0476152 0.201616 
0.0324672 0.0399705 0.190087 
0.0326868 0.0838899 0.275452 
0.0161583 0.178841 0.452975 
0.0275115 0.333558 0.703109 
0.0943299 0.520154 0.957881 
0.183747 0.656099 1.10374 
0.224999 0.654549 1.05048 
0.177507 0.504672 0.815072 
0.0777054 0.303028 0.536319 
0.0215656 0.199645 0.393883 
0.101049 0.300566 0.492311 
0.348719 0.603633 0.799184 
0.728778 1.00995 1.17545 
1.17027 1.39183 1.46352 
1.6091 1.66369 1.56876 
2.00714 1.81261 1.49184 
2.33978 1.87848 1.30788 
2.56934 1.90529 1.1139 
2.6346 1.89964 0.974771 
2.47659 1.82675 0.89626 
2.0892 1.64656 0.838367 
1.5536 1.35979 0.755836 
1.01782 1.02282 0.632661 
0.623608 0.715938 0.485457 
0.430328 0.492341 0.341319 
0.393321 0.352178 0.217501 
0.411128 0.260773 0.120545 
0.401289 0.188338 0.0560866 
0.348066 0.134117 0.0309096 
0.296901 0.12053 0.0450413 
0.313772 0.172679 0.0890633 
0.4443 0.304134 0.155699 
0.693472 0.513586 0.253837 
1.0259 0.784061 0.405976 
1.37724 1.08018 0.626551 
1.66939 1.34859 0.898793 
1.8277 1.52799 1.16953 
1.80097 1.56835 1.36658 
1.58367 1.45265 1.42901 
1.22971 1.21008 1.33524 
0.840035 0.909241 1.11453 
0.517893 0.627715 0.833352 
0.31625 0.414392 0.563068 
0.220909 0.274341 0.351336 
0.187561 0.190433 0.216875 
0.196721 0.157834 0.162608 
0.267052 0.189567 0.182465 
0.41125 0.283232 0.250302 
0.586943 0.390241 0.312278 
0.706759 0.435367 0.310603 
0.705898 0.378519 0.229171 
0.596315 0.254585 0.113568 
0.448269 0.14317 0.0345976 
0.321931 0.0967507 0.0266883 
0.226317 0.103878 0.0665897 
0.144486 0.123063 0.115188 
0.0811739 0.139904 0.170579 
0.0653302 0.175725 0.26491 
0.104312 0.241024 0.405873 
0.156611 0.301275 0.53722 
0.174595 0.312294 0.579609 
0.181392 0.295314 0.52118 
0.290778 0.361033 0.459873 
0.626072 0.63334 0.537424 
1.19764 1.12741 0.812773 
1.84895 1.69298 1.18841 
2.32643 2.08288 1.46034 
