0.598456 0.74485 0.926537 
0.638418 0.72596 0.879767 
0.734542 0.813351 0.954285 
0.92622 1.05399 1.18727 
1.20868 1.43328 1.55402 
1.52622 1.87745 1.98091 
1.78798 2.27747 2.37393 
1.90056 2.52353 2.64631 
1.80668 2.54181 2.73849 
1.51522 2.32484 2.63271 
1.10774 1.94254 2.36217 
0.712222 1.52077 2.0057 
0.449123 1.18799 1.65977 
0.372386 1.01327 1.39495 
0.44081 0.974299 1.22326 
0.545446 0.981535 1.10233 
0.582064 0.945314 0.976331 
0.517219 0.835812 0.82117 
0.3949 0.689058 0.656726 
0.28304 0.561735 0.52099 
0.219474 0.487649 0.439684 
0.215679 0.482667 0.426023 
0.304657 0.582287 0.504098 
0.555914 0.847003 0.713384 
1.00972 1.30116 1.06953 
1.58464 1.85679 1.51371 
2.06908 2.31488 1.91139 
2.23883 2.47257 2.11947 
2.01178 2.25517 2.07018 
1.50267 1.75912 1.8014 
0.932599 1.17479 1.41797 
0.482531 0.667269 1.03193 
0.213911 0.313266 0.7308 
0.093335 0.115607 0.572041 
0.0598012 0.042875 0.572169 
0.064893 0.0475681 0.686832 
0.0784076 0.0713881 0.816446 
0.0919554 0.0674469 0.858572 
0.13022 0.0336925 0.77323 
0.244329 0.0185982 0.602093 
0.472497 0.081213 0.42432 
0.796273 0.238691 0.294379 
1.1368 0.451412 0.219913 
1.40088 0.658842 0.191138 
1.53982 0.831125 0.22269 
1.5734 0.989682 0.362228 
1.56161 1.17851 0.652788 
1.54791 1.40775 1.07427 
1.51972 1.61581 1.51088 
1.42011 1.69008 1.785 
1.20506 1.54461 1.75617 
0.896684 1.1972 1.42174 
0.579892 0.773084 0.931206 
0.342162 0.42099 0.486719 
0.219216 0.216281 0.209595 
0.206392 0.145803 0.0946399 
0.316488 0.181469 0.086328 
0.597606 0.345136 0.178623 
1.06178 0.673229 0.415334 
1.59031 1.11269 0.789019 
1.94049 1.4797 1.16654 
1.89303 1.56185 1.35113 
1.42857 1.28788 1.23814 
0.769062 0.801781 0.908818 
0.233916 0.361885 0.564007 
0.0274866 0.153016 0.361872 
0.128799 0.17525 0.312894 
0.352349 0.288157 0.31472 
0.503153 0.345766 0.269777 
0.494906 0.297516 0.167135 
0.362568 0.190103 0.0700556 
0.197094 0.101714 0.0473736 
0.0733668 0.080428 0.122227 
0.018419 0.128007 0.272293 
0.0207005 0.220281 0.461238 
0.0555767 0.333421 0.664177 
0.10518 0.456063 0.870379 
0.165246 0.58675 1.07177 
0.241845 0.725567 1.25312 
0.343135 0.866928 1.39126 
0.469441 0.995248 1.46062 
0.604021 1.08314 1.4391 
0.70898 1.09396 1.31264 
0.733743 0.993578 1.08172 
0.640674 0.773727 0.773517 
0.438943 0.477172 0.453471 
0.200661 0.201013 0.21861 
0.0330915 0.0570877 0.156836 
0.0116787 0.100483 0.284368 
0.122062 0.278393 0.509793 
0.267931 0.455126 0.674352 
0.349189 0.510476 0.660114 
0.342205 0.431821 0.48218 
0.302191 0.310649 0.273107 
0.285562 0.242498 0.161223 
0.281075 0.233654 0.157724 
0.233705 0.217348 0.170953 
0.136796 0.161212 0.134938 
0.0777185 0.136646 0.107249 
0.165634 0.25572 0.215552 
0.408399 0.534849 0.501438 
0.677128 0.840409 0.836211 
0.808291 0.989311 1.01359 
0.741597 0.905536 0.929567 
0.554572 0.671862 0.662653 
0.374491 0.436629 0.381358 
0.279592 0.293323 0.195397 
0.289676 0.259753 0.111873 
0.417611 0.343405 0.113994 
0.677567 0.571911 0.230432 
1.01981 0.927637 0.490053 
1.2868 1.27354 0.819889 
1.29098 1.39935 1.03636 
0.97653 1.18648 0.980449 
0.504292 0.734566 0.670667 
0.148496 0.30346 0.304802 
0.080062 0.105164 0.0923902 
0.236246 0.139956 0.0804365 
0.399922 0.232091 0.144383 
0.406755 0.220023 0.14234 
0.276892 0.104354 0.0619202 
0.154169 0.0119277 0.007231 
0.13651 0.0335614 0.0550559 
0.18428 0.121569 0.152827 
0.194637 0.156226 0.178562 
0.142369 0.0967053 0.0937229 
0.118308 0.0374254 0.00742956 
0.219347 0.100325 0.0656608 
0.418163 0.283664 0.279856 
0.567486 0.442542 0.488579 
0.542254 0.431256 0.507447 
0.366606 0.256 0.315698 
0.189262 0.0733851 0.0832222 
0.138003 0.0383409 0.00979243 
0.209001 0.162414 0.142152 
0.29471 0.319566 0.345959 
0.299484 0.373602 0.441032 
0.216522 0.290153 0.35525 
0.111598 0.144728 0.167484 
0.0675623 0.0601526 0.0414561 
0.155992 0.15087 0.136049 
0.429181 0.492643 0.544423 
0.88721 1.08374 1.25029 
1.42836 1.79783 2.09487 
1.85441 2.39209 2.79908 
1.97131 2.61641 3.08028 
1.72045 2.36773 2.81489 
1.22355 1.76346 2.12405 
0.696037 1.06458 1.30166 
0.306046 0.510412 0.634479 
0.0973911 0.198346 0.253568 
0.0190475 0.085402 0.116777 
0.00421668 0.0756578 0.10304 
0.0193069 0.101764 0.119452 
0.0593273 0.146231 0.142768 
0.122735 0.216761 0.193435 
0.201063 0.318639 0.291016 
0.286091 0.447238 0.432558 
0.377352 0.594156 0.598671 
0.479031 0.750868 0.767288 
0.588001 0.902214 0.91679 
0.681001 1.01537 1.01799 
0.713352 1.0399 1.03094 
0.641563 0.932378 0.922628 
0.463825 0.696769 0.69988 
0.242764 0.404286 0.426007 
0.0738575 0.15953 0.192504 
0.0130095 0.0293339 0.0597756 
0.0327558 0.000779504 0.0227828 
0.0627829 0.0181942 0.0420579 
0.0815287 0.0652045 0.109291 
0.157023 0.197304 0.267965 
0.378522 0.475288 0.552244 
0.741295 0.863482 0.905509 
1.10889 1.20919 1.17859 
1.30233 1.34129 1.22968 
1.23411 1.19892 1.03497 
0.962942 0.869457 0.702215 
0.632702 0.510663 0.380119 
0.369373 0.24297 0.158615 
0.226374 0.104692 0.0462713 
0.196627 0.0787713 0.016233 
0.247207 0.133406 0.0489071 
0.338562 0.234472 0.130074 
0.42989 0.340462 0.229405 
0.486481 0.407964 0.301262 
0.48975 0.410414 0.311496 
0.441528 0.351879 0.261369 
0.362064 0.264554 0.187338 
0.284913 0.192819 0.13927 
0.244322 0.169568 0.149706 
0.253186 0.193428 0.208676 
0.289009 0.225812 0.263904 
0.310993 0.221942 0.258402 
0.300147 0.175784 0.18233 
0.278728 0.13038 0.0870886 
0.279956 0.131998 0.0372202 
0.299266 0.17328 0.0459697 
0.290439 0.195903 0.0694311 
0.222674 0.161076 0.0718052 
0.136503 0.110529 0.0851133 
0.125339 0.139056 0.183551 
0.249006 0.296194 0.391086 
0.46661 0.520348 0.626665 
0.661363 0.67961 0.756901 
0.733935 0.679997 0.707237 
0.673179 0.533865 0.51884 
0.545882 0.331918 0.301556 
0.433263 0.164008 0.143272 
0.380613 0.0693812 0.0655639 
0.388496 0.0419472 0.0457963 
0.424464 0.0547264 0.0557121 
0.435509 0.0725334 0.0755565 
0.371779 0.0642549 0.0955588 
0.228555 0.0303156 0.127799 
0.0721356 0.0195981 0.211354 
0.00362427 0.095139 0.377281 
0.0726866 0.26222 0.590632 
0.222257 0.434997 0.740644 
0.330991 0.49579 0.71818 
0.320816 0.40077 0.518219 
0.221422 0.222325 0.256781 
0.125683 0.0782976 0.0718159 
0.0888396 0.0226274 0.00689362 
0.0850482 0.0172658 0.00286383 
0.0669053 0.0137636 0.00496224 
0.054008 0.0462376 0.0600962 
0.141259 0.220403 0.284289 
0.405538 0.597206 0.722536 
0.802842 1.08913 1.24703 
1.16488 1.48304 1.60994 
1.30902 1.58163 1.61599 
1.16802 1.34277 1.2649 
0.830483 0.901148 0.745288 
0.467017 0.465256 0.297149 
0.213532 0.183553 0.0641949 
0.105136 0.0812972 0.0427618 
0.0951592 0.0930064 0.136696 
0.119888 0.138597 0.247908 
0.147468 0.17717 0.331225 
0.183748 0.21374 0.395056 
0.251232 0.277086 0.472929 
0.368537 0.395011 0.593995 
0.540547 0.577364 0.762868 
0.754752 0.806982 0.951201 
0.98159 1.04197 1.1068 
1.1826 1.23281 1.18091 
1.32468 1.34515 1.15672 
1.3892 1.36939 1.05396 
1.36837 1.30925 0.904739 
1.25695 1.1653 0.725861 
