1.48253 1.16179 1.20722 
1.7763 1.45478 1.51984 
1.84883 1.58095 1.69297 
1.73033 1.5129 1.63562 
1.50919 1.30097 1.36018 
1.29294 1.06308 1.00304 
1.15637 0.914894 0.738481 
1.09611 0.879713 0.64029 
1.0353 0.867407 0.625124 
0.890819 0.759944 0.54641 
0.649192 0.529175 0.352296 
0.379787 0.271604 0.149702 
0.175296 0.127315 0.111571 
0.0810093 0.163197 0.318099 
0.0752666 0.323352 0.67458 
0.102749 0.475054 0.967018 
0.116956 0.500349 1.00394 
0.100895 0.369249 0.745066 
0.0700108 0.160361 0.339004 
0.0672533 0.0205013 0.0420514 
0.141891 0.0736176 0.0528964 
0.30682 0.323844 0.363859 
0.504557 0.629273 0.750243 
0.628945 0.793356 0.936699 
0.60353 0.719067 0.82378 
0.447327 0.489056 0.572195 
0.25586 0.283847 0.448333 
0.113628 0.21046 0.565386 
0.0356385 0.217644 0.775794 
0.00139562 0.186572 0.827592 
0.0266221 0.0889897 0.621464 
0.166812 0.0276334 0.300424 
0.437608 0.116221 0.0949842 
0.756306 0.348849 0.113073 
0.99536 0.614553 0.296985 
1.1022 0.830004 0.549871 
1.15362 1.02524 0.84645 
1.28392 1.28765 1.20377 
1.55924 1.64006 1.58372 
1.9093 1.986 1.86725 
2.15832 2.16157 1.92581 
2.12577 2.03597 1.70341 
1.74903 1.59927 1.24763 
1.16706 1.00475 0.702706 
0.683399 0.52548 0.274536 
0.577561 0.400268 0.138413 
0.879941 0.647913 0.309755 
1.31861 1.02158 0.597968 
1.52555 1.19107 0.738337 
1.3324 1.01114 0.611468 
0.877167 0.617898 0.330711 
0.434149 0.263635 0.101391 
0.168901 0.0819235 0.0133229 
0.0773764 0.0388052 0.00453923 
0.131866 0.0915071 0.0213054 
0.410838 0.323756 0.152114 
1.02184 0.859416 0.53915 
1.88973 1.63454 1.14691 
2.66679 2.30401 1.66712 
2.91674 2.44286 1.72093 
2.44413 1.89613 1.20423 
1.47776 0.957043 0.447648 
0.532349 0.190623 0.0124873 
0.0528113 0.0324017 0.272893 
0.128341 0.487966 1.12858 
0.492469 1.16681 2.08077 
0.776507 1.5988 2.59658 
0.784145 1.55995 2.46022 
0.572744 1.16067 1.84965 
0.32347 0.677168 1.12828 
0.161475 0.316697 0.567911 
0.0905247 0.118449 0.230386 
0.0612293 0.0271766 0.0533734 
0.0629873 0.0158538 0.00163059 
0.137314 0.123669 0.123302 
0.316903 0.392638 0.477957 
0.571775 0.790714 1.03228 
0.820197 1.20451 1.6326 
0.985 1.50204 2.07606 
1.03628 1.60324 2.21657 
0.989451 1.50632 2.02969 
0.877606 1.26874 1.60837 
0.733475 0.973569 1.10936 
0.59312 0.704774 0.685726 
0.506462 0.534158 0.434735 
0.536489 0.515612 0.381779 
0.742981 0.685903 0.507945 
1.15637 1.06743 0.801616 
1.7482 1.65862 1.28702 
2.40909 2.40337 1.99049 
2.95628 3.1602 2.85957 
3.191 3.71478 3.70774 
2.99393 3.85982 4.25648 
2.40345 3.50731 4.27215 
1.61272 2.75386 3.70942 
0.872381 1.84199 2.75492 
0.360021 1.03696 1.73502 
0.108849 0.504751 0.951363 
0.040163 0.270172 0.553119 
0.0580822 0.263407 0.514298 
0.119118 0.394196 0.700023 
0.226136 0.588872 0.952521 
0.376094 0.782007 1.14355 
0.53058 0.906092 1.19278 
0.639397 0.912851 1.07814 
0.680811 0.806374 0.842349 
0.669312 0.643269 0.574276 
0.634055 0.493703 0.360305 
0.612088 0.407747 0.242612 
0.667346 0.420597 0.222755 
0.884432 0.568615 0.296478 
1.2963 0.865132 0.465576 
1.79795 1.24495 0.705857 
2.15675 1.5538 0.938313 
2.15433 1.63103 1.0594 
1.75162 1.42761 1.01579 
1.12502 1.04643 0.8476 
0.539877 0.662601 0.652421 
0.178932 0.400544 0.506861 
0.065947 0.275987 0.421288 
0.113451 0.232232 0.359436 
0.215019 0.210459 0.288042 
0.300887 0.185951 0.204845 
0.345799 0.159619 0.129088 
0.362331 0.139529 0.0782784 
0.395643 0.138904 0.0605396 
0.502255 0.180392 0.0849973 
0.699929 0.280041 0.164295 
0.918128 0.410282 0.289319 
1.00907 0.484422 0.400266 
0.848615 0.410011 0.409961 
0.470097 0.195437 0.295342 
0.1104 0.013714 0.181385 
0.0900663 0.12916 0.306927 
0.58937 0.708193 0.856026 
1.49451 1.66219 1.78335 
2.44947 2.66694 2.79585 
3.07957 3.35528 3.52165 
3.20947 3.52913 3.7302 
2.91632 3.23268 3.43369 
2.41153 2.66217 2.82044 
1.87976 2.01908 2.11091 
1.40265 1.42467 1.45615 
0.986573 0.92375 0.921649 
0.62335 0.526339 0.520093 
0.320699 0.236472 0.245796 
0.102488 0.062885 0.0960785 
0.00344269 0.0216641 0.0781199 
0.0534458 0.120572 0.189897 
0.235754 0.318475 0.378275 
0.451085 0.501346 0.523146 
0.553511 0.534976 0.501989 
0.461919 0.379645 0.305631 
0.24506 0.153193 0.0840825 
0.0743229 0.0481271 0.0381358 
0.0723013 0.159723 0.235499 
0.207157 0.3964 0.537218 
0.339865 0.570424 0.723359 
0.368654 0.577713 0.697974 
0.319695 0.485053 0.568343 
0.302305 0.447337 0.527385 
0.388631 0.550515 0.666543 
0.542215 0.735732 0.900055 
0.661041 0.866707 1.0566 
0.688587 0.864803 1.03546 
0.680746 0.780309 0.880148 
0.754359 0.734312 0.714694 
0.959717 0.792082 0.620625 
1.20756 0.898363 0.58101 
1.33671 0.941051 0.53637 
1.26044 0.870388 0.471734 
1.03977 0.741136 0.42717 
0.812311 0.63965 0.429361 
0.66416 0.593055 0.446143 
0.582115 0.566589 0.431274 
0.514423 0.534199 0.398788 
0.4465 0.519604 0.420255 
0.405585 0.557953 0.539042 
0.410478 0.637484 0.706836 
0.440403 0.699861 0.821306 
0.455264 0.695799 0.820047 
0.433122 0.627491 0.727062 
0.381859 0.536546 0.615755 
0.322361 0.462782 0.544643 
0.268917 0.419067 0.528645 
0.223946 0.39423 0.548958 
0.184319 0.367348 0.569977 
0.151345 0.322095 0.552652 
0.14016 0.262647 0.476736 
0.182607 0.225952 0.368481 
0.315078 0.273342 0.304319 
0.55203 0.455014 0.371605 
0.86118 0.766962 0.607375 
1.15888 1.13018 0.957635 
1.33198 1.40816 1.28487 
1.28328 1.46319 1.428 
0.993538 1.24168 1.30282 
0.573963 0.852414 1.00041 
0.254295 0.564188 0.798045 
0.267911 0.667954 1.01349 
0.685249 1.26073 1.75823 
1.33092 2.1231 2.78388 
1.87896 2.82584 3.59069 
2.06285 3.00527 3.74762 
1.8269 2.58604 3.17014 
1.31193 1.785 2.13978 
0.731433 0.937525 1.08935 
0.267206 0.317304 0.35852 
0.0368361 0.0594737 0.0816066 
0.0876198 0.164205 0.20738 
0.375787 0.519062 0.567668 
0.760174 0.933705 0.949384 
1.058 1.21298 1.1732 
1.14684 1.25183 1.16703 
1.0345 1.08578 0.989614 
0.834278 0.84936 0.776078 
0.664754 0.669344 0.637662 
0.560668 0.577651 0.589084 
0.471706 0.513553 0.558963 
0.342355 0.405984 0.470331 
0.185756 0.252356 0.315646 
0.0733461 0.11711 0.157036 
0.0575317 0.0617453 0.0617495 
0.119954 0.0919873 0.0517681 
0.202465 0.177923 0.119763 
0.276064 0.306936 0.27169 
0.362689 0.491856 0.521701 
0.490268 0.724191 0.837363 
0.641279 0.939388 1.11323 
0.752849 1.04573 1.2253 
0.762564 0.989361 1.12024 
0.65494 0.791464 0.851237 
0.477401 0.533094 0.534204 
0.32028 0.311309 0.275247 
0.266933 0.19477 0.126062 
0.336213 0.192127 0.0786169 
0.461867 0.248592 0.0845154 
0.541449 0.285298 0.0891296 
0.525094 0.26247 0.0681073 
0.462124 0.210901 0.0397998 
0.45306 0.195785 0.0383858 
0.549622 0.247225 0.0739937 
0.703753 0.33237 0.126223 
0.817637 0.399399 0.17969 
0.83927 0.440074 0.255096 
0.800592 0.494422 0.388723 
0.761745 0.58911 0.575184 
0.731288 0.682618 0.739992 
0.657284 0.688108 0.784132 
0.499243 0.557842 0.665301 
0.294304 0.339674 0.43707 
