0.999411 0.851109 0.578629 
1.01711 0.918542 0.643463 
0.935372 0.903476 0.645913 
0.798286 0.82623 0.594645 
0.647659 0.712676 0.511047 
0.512714 0.588751 0.424736 
0.408605 0.477343 0.36615 
0.340041 0.395902 0.357565 
0.306791 0.355073 0.40645 
0.309188 0.359407 0.504636 
0.35187 0.409631 0.633206 
0.44334 0.503876 0.76928 
0.589881 0.635453 0.890359 
0.785766 0.788061 0.975228 
1.00576 0.933197 1.00446 
1.20679 1.03499 0.964347 
1.34121 1.06309 0.85417 
1.37612 1.00724 0.691755 
1.30797 0.884084 0.510829 
1.16279 0.729944 0.348852 
0.981501 0.583199 0.231915 
0.799311 0.467226 0.167347 
0.632437 0.385211 0.150033 
0.479738 0.329364 0.17762 
0.336081 0.296153 0.261253 
0.206055 0.294536 0.420258 
0.107287 0.339999 0.6615 
0.0612821 0.438899 0.957971 
0.0793436 0.575925 1.24502 
0.154372 0.715535 1.44195 
0.264227 0.817629 1.48863 
0.383699 0.857075 1.37491 
0.496894 0.834445 1.14448 
0.60317 0.77257 0.871883 
0.715164 0.70364 0.628501 
0.85165 0.656276 0.45809 
1.0283 0.648459 0.372406 
1.24788 0.685375 0.36192 
1.49162 0.758147 0.408337 
1.71582 0.842632 0.489762 
1.85954 0.902448 0.580009 
1.86503 0.900413 0.649934 
1.70419 0.815982 0.675273 
1.39695 0.658573 0.646691 
1.00882 0.46607 0.573119 
0.625978 0.286807 0.474276 
0.320581 0.155589 0.368114 
0.125394 0.0795646 0.264125 
0.0307319 0.0428114 0.1683 
0.00176753 0.0243732 0.0941157 
0.00218523 0.0146723 0.0668757 
0.00927571 0.017797 0.113232 
0.0152618 0.0398485 0.240843 
0.0210151 0.0755201 0.42365 
0.0319736 0.1063 0.60658 
0.0601137 0.113291 0.730025 
0.126843 0.0945978 0.759605 
0.258463 0.0724587 0.70217 
0.471591 0.0826812 0.598284 
0.755765 0.152368 0.497227 
1.06568 0.2808 0.431089 
1.33141 0.436259 0.403039 
1.48393 0.570683 0.393767 
1.48345 0.642753 0.378507 
1.3356 0.635814 0.342424 
1.08735 0.561668 0.286138 
0.805757 0.450486 0.221 
0.551252 0.334664 0.159796 
0.359386 0.236311 0.109586 
0.239148 0.164309 0.0704177 
0.185901 0.120193 0.0392146 
0.19813 0.106526 0.0150545 
0.284731 0.13016 0.00156697 
0.455945 0.196736 0.00446847 
0.703112 0.299987 0.0260251 
0.982615 0.41485 0.0610366 
1.21962 0.502583 0.0983776 
1.33543 0.52812 0.127902 
1.28515 0.479872 0.147527 
1.08269 0.378102 0.164049 
0.795492 0.26436 0.185792 
0.510892 0.17783 0.212652 
0.294709 0.134718 0.232841 
0.167629 0.125105 0.231264 
0.111344 0.128343 0.204224 
0.0949206 0.133278 0.167664 
0.0988922 0.145855 0.149119 
0.120059 0.177748 0.166437 
0.158316 0.226809 0.209283 
0.202256 0.268592 0.240673 
0.229774 0.269792 0.221971 
0.224399 0.215324 0.145466 
0.19194 0.126866 0.0493728 
0.159898 0.0548117 0.000125059 
0.15666 0.0457326 0.0502467 
0.186262 0.107994 0.199635 
0.22076 0.201992 0.388161 
0.219561 0.264479 0.526938 
0.1629 0.251063 0.548982 
0.0734834 0.166889 0.446687 
0.00738517 0.06359 0.27303 
0.0181034 0.00483523 0.108067 
0.11849 0.0248505 0.0142409 
0.268048 0.108096 0.00830036 
0.395519 0.202143 0.0633228 
0.442006 0.252514 0.13348 
0.396189 0.234867 0.181806 
0.299651 0.164682 0.194136 
0.221184 0.0820721 0.175671 
0.218753 0.025837 0.138968 
0.313256 0.0152968 0.0952431 
0.487474 0.049588 0.0544838 
0.705613 0.120227 0.0307441 
0.936559 0.224068 0.0444732 
1.16451 0.365501 0.116509 
1.38199 0.546239 0.255518 
1.5735 0.750952 0.446587 
1.70474 0.940665 0.649272 
1.72824 1.06127 0.808558 
1.60493 1.06504 0.874882 
1.33041 0.934568 0.824179 
0.949953 0.696225 0.668477 
0.551684 0.415105 0.452182 
0.238742 0.172831 0.236037 
0.0922391 0.0380217 0.0760534 
0.14171 0.042249 0.00598768 
0.355641 0.170912 0.0290327 
0.654941 0.371167 0.119939 
0.942308 0.572254 0.235317 
1.13519 0.710101 0.328536 
1.19071 0.748179 0.365328 
1.11523 0.688433 0.335743 
0.956939 0.568763 0.257685 
0.784442 0.447071 0.16902 
0.659162 0.376956 0.110197 
0.612099 0.385116 0.105511 
0.635181 0.461732 0.153699 
0.691553 0.56959 0.233854 
0.739272 0.666981 0.322502 
0.754546 0.730233 0.409117 
0.740339 0.761371 0.497954 
0.715669 0.776644 0.59468 
0.694607 0.785797 0.689264 
0.671588 0.779099 0.751109 
0.624801 0.733082 0.743618 
0.535038 0.630712 0.649334 
0.404737 0.479582 0.486608 
0.261363 0.312758 0.303596 
0.141764 0.170803 0.152358 
0.0695802 0.0787299 0.0613165 
0.0432038 0.035481 0.0255659 
0.0426456 0.0225707 0.0200403 
0.0477441 0.0224026 0.0225022 
0.0513365 0.0295419 0.0268554 
0.0569875 0.046229 0.0377037 
0.0661527 0.0692681 0.0548774 
0.0701446 0.0843525 0.0657681 
0.0578414 0.0770689 0.0553694 
0.0340787 0.0527695 0.025902 
0.0305465 0.0458032 0.00635071 
0.0937995 0.10416 0.0385395 
0.253182 0.255464 0.146236 
0.490477 0.478216 0.310351 
0.736198 0.702153 0.471591 
0.900216 0.841916 0.562027 
0.919347 0.843497 0.544688 
0.791132 0.7128 0.433644 
0.572129 0.508245 0.281602 
0.343666 0.304736 0.145973 
0.169371 0.154978 0.0586224 
0.0713602 0.0724627 0.0186718 
0.0354794 0.0416589 0.00804123 
0.0347357 0.0411161 0.0127331 
0.0502592 0.059422 0.0319844 
0.0763211 0.0945431 0.0709771 
0.111597 0.142934 0.127714 
0.149243 0.192174 0.188174 
0.176118 0.224992 0.23438 
0.180903 0.230514 0.257291 
0.162463 0.211822 0.262257 
0.130602 0.182929 0.26212 
0.0992037 0.158253 0.264595 
0.0785496 0.144051 0.265563 
0.0731608 0.138541 0.254203 
0.0851247 0.138904 0.225128 
0.117256 0.147245 0.186623 
0.171142 0.169436 0.15785 
0.241278 0.208364 0.1577 
0.311864 0.258994 0.194849 
0.36196 0.311273 0.266799 
0.377674 0.359358 0.367114 
0.363008 0.408932 0.49271 
0.340193 0.474679 0.643234 
0.337197 0.567606 0.812147 
0.36951 0.680752 0.977377 
0.428221 0.784582 1.10135 
0.482787 0.83752 1.14382 
0.497441 0.806741 1.08138 
0.451362 0.686943 0.921692 
0.350475 0.505561 0.703025 
0.224257 0.311098 0.478678 
0.110146 0.151304 0.294805 
0.0351528 0.0533988 0.173675 
0.0050407 0.0164248 0.110354 
0.00607792 0.0181255 0.0825438 
0.0167503 0.0305923 0.0662023 
0.0215602 0.0350739 0.0476423 
0.0189735 0.0284597 0.0264974 
0.020084 0.0199341 0.0102115 
0.0404374 0.0221042 0.00550837 
0.0910035 0.0431329 0.0129876 
0.17366 0.0843034 0.0278238 
0.28271 0.142977 0.0450296 
0.409775 0.217268 0.0648548 
0.547676 0.308141 0.094184 
0.690428 0.417047 0.142677 
0.829842 0.540707 0.215855 
0.951976 0.666864 0.3093 
1.03696 0.774496 0.40766 
1.06366 0.839506 0.489656 
1.01762 0.843806 0.537091 
0.898604 0.783654 0.543494 
0.723796 0.673042 0.517781 
0.524687 0.539959 0.480411 
0.338121 0.416529 0.453392 
0.19481 0.327136 0.449066 
0.109854 0.279866 0.463837 
0.0791639 0.265293 0.480563 
0.0832937 0.262993 0.478372 
0.0968784 0.252252 0.444188 
0.0994353 0.221412 0.379263 
0.0828782 0.171557 0.297409 
0.0529665 0.113752 0.217042 
0.0249083 0.0625708 0.152675 
0.015806 0.0298458 0.110814 
0.0374585 0.0212593 0.0910863 
0.0922169 0.0359528 0.0895642 
0.17296 0.0679288 0.100662 
0.266644 0.108227 0.116786 
0.359683 0.147708 0.128136 
0.442727 0.1803 0.125397 
0.512472 0.205455 0.104991 
0.569395 0.227779 0.073005 
0.612548 0.252806 0.0434647 
0.634857 0.28074 0.030447 
0.622934 0.302554 0.0387945 
0.563253 0.302523 0.0603228 
0.452389 0.267349 0.0790806 
0.305447 0.196913 0.0824908 
0.156508 0.109193 0.0702685 
0.0486407 0.034474 0.0540658 
