0.836353 1.04261 1.09415 
0.69328 0.82283 0.803261 
0.506943 0.571285 0.507856 
0.30958 0.330079 0.255651 
0.142293 0.14362 0.0858472 
0.0389126 0.0405904 0.0126894 
0.0121847 0.0229193 0.0210073 
0.0497575 0.06758 0.0759118 
0.121652 0.139334 0.14022 
0.194409 0.206557 0.189412 
0.244071 0.251794 0.217049 
0.262193 0.273296 0.230609 
0.254041 0.279694 0.243316 
0.232372 0.283011 0.267929 
0.211099 0.293908 0.3145 
0.201048 0.319522 0.389705 
0.207429 0.361849 0.494298 
0.227911 0.415216 0.618233 
0.2516 0.46419 0.737036 
0.260963 0.485307 0.814536 
0.238656 0.455178 0.814344 
0.178573 0.363749 0.717171 
0.0966403 0.227151 0.53652 
0.0346039 0.0923944 0.324197 
0.0513688 0.0280956 0.160176 
0.201525 0.100954 0.12727 
0.507593 0.344968 0.277831 
0.937918 0.736076 0.604906 
1.40285 1.18598 1.0317 
1.77608 1.56337 1.42871 
1.93736 1.73933 1.65753 
1.8213 1.64105 1.6268 
1.45078 1.28988 1.33634 
0.937393 0.803162 0.886467 
0.444595 0.354071 0.443191 
0.126988 0.103876 0.171414 
0.0714473 0.136226 0.165791 
0.26613 0.423871 0.411972 
0.610531 0.843207 0.796574 
0.960427 1.22882 1.15985 
1.18605 1.44147 1.36424 
1.21782 1.41861 1.34632 
1.06252 1.1875 1.131 
0.787801 0.840773 0.807467 
0.486592 0.490728 0.484138 
0.238974 0.224978 0.245776 
0.086759 0.0811163 0.12993 
0.0282591 0.0464173 0.127169 
0.0316016 0.0772241 0.198537 
0.0578792 0.125959 0.298558 
0.0823707 0.162988 0.393297 
0.10397 0.184905 0.467861 
0.139317 0.207909 0.523345 
0.206331 0.251942 0.567449 
0.307722 0.325212 0.604899 
0.424779 0.417586 0.632721 
0.525117 0.505707 0.642194 
0.579131 0.56566 0.625381 
0.574573 0.585055 0.581766 
0.520675 0.56778 0.521035 
0.440756 0.530057 0.460673 
0.359635 0.491729 0.419947 
0.294139 0.46839 0.413213 
0.25095 0.46758 0.444998 
0.229929 0.488762 0.508212 
0.228041 0.524976 0.585991 
0.240662 0.56488 0.656968 
0.260947 0.595356 0.702564 
0.279974 0.604961 0.713223 
0.289045 0.587161 0.690046 
0.282684 0.541426 0.640417 
0.259884 0.471521 0.570503 
0.222909 0.382819 0.480665 
0.175444 0.281619 0.368633 
0.122267 0.177437 0.239332 
0.0703503 0.0855174 0.113719 
0.0288999 0.025075 0.0275034 
0.00625176 0.0114525 0.0166327 
0.00478472 0.0459832 0.0963364 
0.0180488 0.111009 0.246907 
0.0336373 0.175422 0.416846 
0.0408856 0.209077 0.543588 
0.0379852 0.197799 0.581038 
0.0328893 0.149884 0.519195 
0.0371677 0.0908408 0.386659 
0.0578412 0.0509497 0.237108 
0.0939413 0.0538902 0.128553 
0.140349 0.111773 0.10491 
0.194864 0.225638 0.184834 
0.261296 0.386634 0.357817 
0.344653 0.574863 0.586181 
0.441634 0.757999 0.812989 
0.534538 0.894956 0.976556 
0.595057 0.947474 1.02967 
0.597293 0.896016 0.957182 
0.532221 0.751237 0.783366 
0.414303 0.553083 0.56389 
0.275919 0.356303 0.364543 
0.153062 0.20923 0.236288 
0.0706432 0.136538 0.198225 
0.0350697 0.134022 0.235661 
0.0366155 0.176472 0.31251 
0.0585691 0.233119 0.390582 
0.0874735 0.282559 0.446403 
0.119716 0.321027 0.47908 
0.162619 0.362143 0.507901 
0.230806 0.429968 0.562642 
0.339789 0.548813 0.671256 
0.498699 0.733084 0.849082 
0.70384 0.979558 1.09215 
0.934835 1.26399 1.3759 
1.15543 1.54367 1.65968 
1.3205 1.76656 1.89666 
1.38877 1.88572 2.0467 
1.33763 1.87442 2.0882 
1.17352 1.73568 2.0236 
0.93202 1.50086 1.87536 
0.665481 1.21697 1.67385 
0.423524 0.928529 1.44345 
0.236225 0.663987 1.19538 
0.109368 0.43398 0.931841 
0.0337797 0.241388 0.658724 
0.0012922 0.0944438 0.396907 
0.0149897 0.0115151 0.182229 
0.0853618 0.0119499 0.0511783 
0.214717 0.0982487 0.0199902 
0.382027 0.242865 0.0710552 
0.541576 0.391583 0.157204 
0.639675 0.484805 0.223261 
0.640646 0.485412 0.232711 
0.545731 0.396428 0.183676 
0.392545 0.257592 0.105228 
0.235246 0.123207 0.0375595 
0.117899 0.0349537 0.00900846 
0.0568798 0.00522938 0.0233414 
0.0409748 0.0185393 0.062761 
0.0458996 0.0468563 0.102015 
0.051868 0.067617 0.123511 
0.0533179 0.0739643 0.125004 
0.0570971 0.0737006 0.117553 
0.0732683 0.0805778 0.117262 
0.10601 0.104608 0.136399 
0.149956 0.146495 0.177964 
0.192674 0.197555 0.234862 
0.220451 0.243565 0.292615 
0.223872 0.27003 0.333916 
0.200985 0.266899 0.343621 
0.15765 0.231758 0.313326 
0.105755 0.171215 0.244974 
0.0603926 0.100518 0.152799 
0.0368959 0.0413702 0.0625038 
0.0480468 0.0176222 0.00627927 
0.101211 0.048651 0.0132072 
0.195119 0.141315 0.0969568 
0.317019 0.283352 0.245816 
0.44239 0.442503 0.421412 
0.539669 0.574489 0.569793 
0.580362 0.638745 0.642095 
0.551068 0.615379 0.615398 
0.461024 0.514361 0.502518 
0.339773 0.370988 0.344809 
0.224717 0.229292 0.191824 
0.144608 0.122419 0.0795184 
0.108005 0.0608416 0.019024 
0.102854 0.0340989 0.000601233 
0.106543 0.0231322 0.00753828 
0.0996589 0.014305 0.0294571 
0.0754839 0.00660215 0.0668587 
0.04103 0.00929688 0.126119 
0.0110877 0.0337306 0.210566 
7.39222e-05 0.0853979 0.314452 
0.0160017 0.160493 0.422988 
0.0581597 0.247208 0.51705 
0.117829 0.32965 0.57922 
0.180902 0.392361 0.598849 
0.231815 0.424497 0.575407 
0.258205 0.423061 0.519651 
0.254921 0.393965 0.451367 
0.225463 0.349672 0.392886 
0.179917 0.303799 0.360053 
0.130543 0.265486 0.355323 
0.0877109 0.237133 0.367793 
0.0582626 0.21698 0.381076 
0.0461427 0.2042 0.38428 
0.0532319 0.201955 0.378507 
0.0786194 0.215359 0.374117 
0.11678 0.245663 0.380767 
0.157067 0.285571 0.397811 
0.18653 0.320201 0.412496 
0.195367 0.333983 0.407495 
0.181675 0.319019 0.372261 
0.152101 0.279163 0.310006 
0.117863 0.227277 0.235702 
0.0891271 0.178235 0.167367 
0.0719367 0.143029 0.117492 
0.069557 0.127681 0.0903661 
0.0861131 0.136038 0.0855887 
0.128088 0.172069 0.102908 
0.200754 0.237872 0.142925 
0.301026 0.32792 0.202548 
0.412148 0.424537 0.269576 
0.505817 0.500309 0.322826 
0.553029 0.52895 0.34069 
0.53881 0.499753 0.314394 
0.472213 0.426766 0.257434 
0.384512 0.345572 0.203544 
0.315018 0.297441 0.192144 
0.291479 0.308589 0.248232 
0.315954 0.375975 0.367834 
0.364401 0.467925 0.517514 
0.4004 0.539523 0.648469 
0.395116 0.554272 0.717612 
0.342054 0.500284 0.704592 
0.258658 0.39305 0.616883 
0.175018 0.265017 0.482363 
0.117495 0.149397 0.335322 
0.0971812 0.067526 0.203902 
0.108794 0.0252194 0.104111 
0.138405 0.0172241 0.0406076 
0.173385 0.0346122 0.0110029 
0.208108 0.0700088 0.0101339 
0.243334 0.118838 0.0326876 
0.281838 0.17808 0.0744463 
0.324507 0.244945 0.132785 
0.369189 0.316442 0.206299 
0.411577 0.389067 0.293037 
0.44611 0.457719 0.387628 
0.466016 0.514315 0.479049 
0.463602 0.547913 0.551242 
0.432419 0.547669 0.587451 
0.371207 0.507856 0.57663 
0.287228 0.432006 0.518513 
0.195929 0.333218 0.424371 
0.115927 0.229851 0.312941 
0.061596 0.138889 0.203865 
0.0376295 0.0707989 0.112151 
0.0389485 0.0285992 0.0461302 
0.0558965 0.0109426 0.00883976 
0.0811577 0.0163624 0.000728218 
0.113728 0.045287 0.0211668 
0.157315 0.0982675 0.0676647 
0.214342 0.171747 0.133708 
0.27979 0.254684 0.207419 
0.339432 0.329124 0.272945 
0.374447 0.375547 0.314811 
0.370459 0.380803 0.323509 
0.326065 0.344518 0.299435 
0.255739 0.280239 0.252824 
0.184817 0.210103 0.19928 
0.138551 0.155352 0.152943 
0.13072 0.127395 0.120758 
