1.77079 1.19432 1.1545 
0.931888 0.591647 0.825868 
0.432934 0.34761 0.835792 
0.258525 0.345572 0.95289 
0.270892 0.40436 0.951664 
0.363891 0.451564 0.808047 
0.535372 0.560851 0.697336 
0.844263 0.851545 0.826494 
1.30731 1.34985 1.25136 
1.82787 1.9227 1.81376 
2.22205 2.33451 2.23201 
2.32875 2.38777 2.27387 
2.11666 2.04696 1.89405 
1.70134 1.45868 1.25272 
1.26478 0.860914 0.615608 
0.947737 0.452065 0.20834 
0.791337 0.302815 0.110196 
0.749323 0.350343 0.23692 
0.741988 0.46221 0.413026 
0.711065 0.52636 0.490161 
0.647875 0.514422 0.439231 
0.585105 0.480948 0.354092 
0.562472 0.503684 0.365347 
0.592084 0.613593 0.533032 
0.646867 0.767555 0.8004 
0.675794 0.876954 1.03414 
0.632355 0.862997 1.10839 
0.500344 0.701084 0.971972 
0.306687 0.435659 0.669523 
0.115935 0.166108 0.321755 
0.00699618 0.0118229 0.0821821 
0.0405408 0.0666531 0.0827995 
0.229854 0.3556 0.378899 
0.527128 0.810546 0.910301 
0.835374 1.28369 1.50539 
1.04847 1.60635 1.94589 
1.10141 1.66971 2.07183 
0.99608 1.47612 1.86287 
0.784348 1.12339 1.43634 
0.531885 0.740488 0.966907 
0.299213 0.429735 0.594437 
0.139368 0.244086 0.377921 
0.0806758 0.181731 0.296367 
0.0960738 0.184933 0.272715 
0.111081 0.169454 0.220852 
0.0740041 0.0964964 0.115425 
0.0177683 0.0231624 0.0305218 
0.0223921 0.0494716 0.0781088 
0.105277 0.192927 0.277023 
0.180166 0.339108 0.497336 
0.158348 0.355025 0.574454 
0.0769431 0.249241 0.486537 
0.080922 0.177802 0.38436 
0.259971 0.267726 0.419499 
0.533549 0.460333 0.563546 
0.730028 0.56621 0.634117 
0.771121 0.473931 0.50108 
0.749049 0.275533 0.236803 
0.818568 0.177021 0.0495641 
1.03551 0.304676 0.0888123 
1.30727 0.60549 0.328379 
1.47737 0.908503 0.61426 
1.44435 1.05709 0.792703 
1.22634 1.00262 0.80289 
0.95185 0.822637 0.698596 
0.790346 0.674359 0.616701 
0.847987 0.701578 0.703934 
1.08649 0.935917 1.01927 
1.33577 1.26172 1.47032 
1.40799 1.48482 1.84733 
1.22647 1.46051 1.94795 
0.86595 1.18301 1.70465 
0.48384 0.775813 1.22257 
0.212398 0.404735 0.708295 
0.0936256 0.182283 0.346224 
0.0851471 0.120526 0.203759 
0.112843 0.149989 0.218524 
0.125987 0.182593 0.265873 
0.117499 0.171234 0.253135 
0.101333 0.124411 0.172057 
0.079574 0.0757033 0.0791302 
0.0443324 0.048394 0.034013 
0.0163328 0.0492261 0.0524124 
0.0648815 0.0809019 0.102474 
0.260548 0.140903 0.132653 
0.591258 0.204945 0.107684 
0.933992 0.23093 0.0409463 
1.13311 0.20266 0.0118366 
1.12581 0.174193 0.143984 
0.996785 0.252481 0.530684 
0.906614 0.510294 1.14229 
0.958364 0.900884 1.79178 
1.12138 1.25999 2.21041 
1.27025 1.40667 2.19958 
1.29113 1.26507 1.75398 
1.16198 0.914011 1.06792 
0.958986 0.540052 0.428715 
0.813354 0.346949 0.0826921 
0.862837 0.48466 0.156669 
1.20704 1.01095 0.647898 
1.84983 1.86075 1.43945 
2.64254 2.82226 2.31241 
3.29156 3.56812 2.98053 
3.48177 3.78503 3.18804 
3.07122 3.35903 2.85112 
2.2155 2.48424 2.14429 
1.29726 1.57797 1.43195 
0.684311 1.02669 1.05375 
0.495822 0.942105 1.10777 
0.564545 1.12127 1.40399 
0.618016 1.24259 1.6317 
0.510353 1.12767 1.60295 
0.304222 0.848443 1.36952 
0.158884 0.611305 1.13106 
0.162129 0.553499 1.04069 
0.269237 0.642941 1.08916 
0.375638 0.743407 1.14763 
0.416926 0.745556 1.09508 
0.396647 0.634447 0.90375 
0.347465 0.463085 0.631017 
0.294222 0.294336 0.360159 
0.253624 0.171549 0.15257 
0.251526 0.12403 0.0362011 
0.336635 0.186251 0.0231237 
0.586114 0.412378 0.138273 
1.08055 0.861118 0.428033 
1.81589 1.52647 0.915097 
2.59434 2.24815 1.51581 
3.03608 2.71298 2.01036 
2.80604 2.62697 2.14823 
1.92019 1.96218 1.83942 
0.826894 1.04273 1.25524 
0.111452 0.337336 0.715499 
0.0514237 0.115971 0.449093 
0.436708 0.28574 0.451512 
0.81503 0.543779 0.556961 
0.894055 0.662534 0.61656 
0.709478 0.622934 0.593594 
0.467674 0.524775 0.524036 
0.309784 0.44412 0.445639 
0.243098 0.397254 0.384014 
0.22526 0.385961 0.367089 
0.234384 0.415431 0.41061 
0.258559 0.471354 0.497976 
0.278103 0.52642 0.608971 
0.28865 0.583653 0.766772 
0.311684 0.677303 1.01391 
0.353089 0.80514 1.31877 
0.372464 0.886734 1.53814 
0.328713 0.829028 1.51803 
0.245871 0.62969 1.23562 
0.192132 0.382307 0.818344 
0.187962 0.178571 0.427621 
0.180946 0.0464533 0.160261 
0.143921 0.00250025 0.066869 
0.163574 0.113721 0.199716 
0.368114 0.436304 0.564122 
0.751504 0.884872 1.02091 
1.11347 1.22364 1.31227 
1.21535 1.24285 1.2508 
0.992085 0.94315 0.883632 
0.593819 0.522414 0.441569 
0.236735 0.191112 0.131566 
0.0482323 0.0319716 0.00779802 
0.0472401 0.0277263 0.0309622 
0.203526 0.151981 0.176298 
0.451491 0.369354 0.419527 
0.662465 0.570286 0.646785 
0.685527 0.596513 0.678898 
0.476627 0.392834 0.451092 
0.175742 0.112283 0.142166 
0.00697067 0.00951201 0.0540893 
0.0763964 0.200209 0.327709 
0.276556 0.53954 0.791539 
0.398365 0.753266 1.10877 
0.330221 0.683947 1.06905 
0.147069 0.408709 0.737827 
0.0243302 0.140837 0.352879 
0.080492 0.040379 0.11016 
0.28876 0.108176 0.0425551 
0.510832 0.224215 0.0585402 
0.606775 0.265461 0.0601508 
0.533474 0.200042 0.0270873 
0.362722 0.0943714 0.0132039 
0.212442 0.0414088 0.0777212 
0.155601 0.0791721 0.219728 
0.187514 0.172725 0.376245 
0.267006 0.266508 0.481442 
0.368864 0.340902 0.522047 
0.487688 0.412024 0.532237 
0.606889 0.489163 0.543554 
0.688828 0.551267 0.552303 
0.701962 0.567407 0.533914 
0.645804 0.526577 0.47404 
0.543177 0.440993 0.378837 
0.418291 0.331441 0.266225 
0.291626 0.22073 0.159564 
0.187719 0.135078 0.0850757 
0.130788 0.0954706 0.0600537 
0.126462 0.100981 0.0770767 
0.154146 0.126672 0.10602 
0.182227 0.143368 0.117722 
0.188693 0.137964 0.104783 
0.167136 0.11409 0.0786247 
0.122233 0.0809381 0.0528179 
0.0708896 0.0514422 0.0376234 
0.0489045 0.0525005 0.0515318 
0.104927 0.127081 0.129817 
0.272063 0.312264 0.310259 
0.534612 0.604087 0.600405 
0.82047 0.938969 0.952029 
1.03196 1.21243 1.26691 
1.09605 1.32751 1.43641 
0.999694 1.24273 1.39361 
0.789357 0.990751 1.14745 
0.541222 0.659248 0.779819 
0.324536 0.348968 0.408313 
0.17786 0.132855 0.135638 
0.104493 0.0343635 0.0106358 
0.0824891 0.0298396 0.0168828 
0.0810562 0.069154 0.0911378 
0.0765246 0.10414 0.161877 
0.0628754 0.112796 0.189153 
0.0519248 0.106693 0.182821 
0.0604112 0.114489 0.184755 
0.0905786 0.150909 0.225864 
0.121563 0.197484 0.293611 
0.124345 0.215934 0.340976 
0.08944 0.183715 0.328805 
0.0385243 0.115705 0.259259 
0.00521621 0.0495451 0.169039 
0.00440954 0.012067 0.095421 
0.0224458 0.00252 0.0525244 
0.0354829 0.00448958 0.0345668 
0.032546 0.00597717 0.0306409 
0.019852 0.00560609 0.0322879 
0.00834745 0.00612333 0.0343737 
0.00267421 0.00951922 0.0378185 
0.0019119 0.0191266 0.0525268 
0.00667259 0.0419793 0.0927007 
0.0219683 0.0850355 0.16499 
0.0518109 0.146607 0.258469 
0.0910713 0.210045 0.343761 
0.124596 0.247677 0.383297 
0.137649 0.237175 0.350778 
0.129 0.180369 0.251142 
0.113169 0.107872 0.126111 
0.109895 0.0635346 0.0369218 
0.132749 0.0808336 0.033443 
0.185691 0.167001 0.128313 
0.262659 0.298785 0.287853 
