0.371989 0.752732 1.25753 
0.683905 1.09948 1.65177 
0.944175 1.35113 1.92053 
1.06867 1.42132 1.9734 
1.03317 1.29857 1.79767 
0.870612 1.04168 1.46045 
0.64629 0.743867 1.07279 
0.427072 0.486608 0.733897 
0.257662 0.308168 0.48896 
0.150867 0.202236 0.327317 
0.0932031 0.141798 0.216824 
0.0611609 0.106153 0.140609 
0.0378834 0.0898703 0.103407 
0.0195996 0.0917922 0.108295 
0.00922352 0.102145 0.136732 
0.0060052 0.105915 0.15958 
0.00366776 0.100268 0.16833 
0.000275828 0.105309 0.187778 
0.010355 0.153077 0.249558 
0.0669993 0.264578 0.353006 
0.210249 0.439238 0.460295 
0.466626 0.665227 0.536612 
0.826382 0.930229 0.590414 
1.22638 1.20921 0.661099 
1.55346 1.43939 0.759581 
1.68365 1.524 0.829182 
1.55034 1.38869 0.783558 
1.19865 1.05423 0.596272 
0.7744 0.652644 0.350684 
0.439865 0.35253 0.18799 
0.27438 0.245334 0.192456 
0.239416 0.28892 0.320422 
0.234831 0.357054 0.440231 
0.192359 0.347402 0.443921 
0.122957 0.251954 0.32719 
0.0840636 0.137259 0.172488 
0.109336 0.0684082 0.0650811 
0.172223 0.0544496 0.0269641 
0.213682 0.0588633 0.0224774 
0.199595 0.0500277 0.0137799 
0.148255 0.0325818 0.00134242 
0.102981 0.0294844 0.0107047 
0.0828681 0.0422623 0.0493483 
0.0681198 0.0431054 0.0913224 
0.039573 0.0175901 0.116211 
0.028568 0.0132511 0.162194 
0.110857 0.126342 0.321893 
0.331791 0.414711 0.659149 
0.633603 0.813292 1.11642 
0.875327 1.15242 1.51807 
0.950987 1.29076 1.69665 
0.898328 1.24878 1.63962 
0.877183 1.20297 1.50944 
1.01973 1.32555 1.4986 
1.29578 1.61563 1.64792 
1.53585 1.89149 1.80633 
1.59598 1.95814 1.77752 
1.49453 1.78498 1.51076 
1.37581 1.51622 1.1476 
1.34071 1.31216 0.884094 
1.33092 1.19356 0.793509 
1.19569 1.04869 0.783676 
0.869739 0.781392 0.713149 
0.468626 0.431252 0.531347 
0.19772 0.140635 0.304929 
0.170417 0.0165048 0.129835 
0.320105 0.0400146 0.0416879 
0.481052 0.107407 0.0114251 
0.538048 0.137655 0.00193153 
0.494452 0.126349 0.00407207 
0.418448 0.108196 0.0198213 
0.356675 0.0974323 0.0356451 
0.312743 0.0823855 0.0330451 
0.290584 0.0671974 0.021836 
0.327619 0.0936202 0.0443492 
0.469808 0.207415 0.134697 
0.719223 0.406807 0.276646 
1.01533 0.6319 0.408984 
1.26822 0.80515 0.473559 
1.40795 0.879808 0.456075 
1.40951 0.855086 0.384195 
1.28809 0.759011 0.296218 
1.08391 0.626653 0.216808 
0.849095 0.490427 0.155761 
0.634889 0.377982 0.11753 
0.479146 0.310792 0.107267 
0.401916 0.305412 0.133823 
0.410833 0.377224 0.21284 
0.504128 0.536016 0.361979 
0.660984 0.766851 0.580669 
0.830271 1.01226 0.827754 
0.941088 1.18381 1.02548 
0.939441 1.20827 1.09965 
0.822738 1.07474 1.02726 
0.638253 0.839911 0.84887 
0.445282 0.585352 0.634342 
0.27767 0.366329 0.435515 
0.14116 0.196738 0.26854 
0.0405721 0.0738767 0.133171 
3.58015e-06 0.006831 0.0378932 
0.0501836 0.0153105 0.000319877 
0.195804 0.103912 0.026544 
0.397036 0.243734 0.0977328 
0.582519 0.381235 0.179918 
0.680469 0.463347 0.243223 
0.64631 0.456871 0.268774 
0.481606 0.357507 0.243806 
0.2495 0.199514 0.165801 
0.0774839 0.0654066 0.0637718 
0.121199 0.0715065 0.0115437 
0.480247 0.309267 0.0984335 
1.10794 0.765644 0.360006 
1.79097 1.28751 0.722778 
2.24214 1.64156 1.0237 
2.26229 1.64862 1.10853 
1.86019 1.30022 0.939963 
1.24012 0.767012 0.628248 
0.666271 0.289473 0.356777 
0.30757 0.0340355 0.261883 
0.174464 0.0206667 0.361121 
0.176095 0.162273 0.577348 
0.229492 0.364119 0.822889 
0.324029 0.593216 1.06455 
0.499431 0.86911 1.3197 
0.774749 1.20174 1.60072 
1.0987 1.54113 1.86613 
1.36132 1.78279 2.02262 
1.4527 1.82186 1.97541 
1.32447 1.61556 1.68938 
1.01688 1.21393 1.22088 
0.639191 0.741798 0.701154 
0.314844 0.341138 0.278467 
0.120366 0.103396 0.0482215 
0.0541527 0.0312056 0.0103867 
0.0580962 0.0554522 0.0822687 
0.0775311 0.0966477 0.159741 
0.109135 0.122854 0.183474 
0.191058 0.156599 0.161796 
0.342473 0.228647 0.138731 
0.514568 0.327662 0.143016 
0.610959 0.398779 0.165845 
0.566699 0.392611 0.180499 
0.408902 0.311821 0.173843 
0.23369 0.205233 0.154122 
0.119772 0.118649 0.134377 
0.0689758 0.0611312 0.121683 
0.0372458 0.0262749 0.130533 
0.0188142 0.0389831 0.198738 
0.082121 0.16034 0.369454 
0.305226 0.426806 0.639625 
0.671803 0.78092 0.925003 
1.04089 1.07522 1.09182 
1.23363 1.16402 1.04428 
1.1623 1.00756 0.796344 
0.886817 0.69709 0.464151 
0.557634 0.383947 0.186215 
0.307673 0.180095 0.0407433 
0.18489 0.10936 0.0214932 
0.160155 0.128686 0.073397 
0.176438 0.179217 0.142488 
0.189505 0.220855 0.200413 
0.180588 0.23762 0.239928 
0.150817 0.228472 0.260903 
0.111295 0.198858 0.262479 
0.0741108 0.15679 0.243734 
0.0458797 0.111594 0.208573 
0.0263287 0.0737264 0.169728 
0.0126385 0.0541521 0.146894 
0.00599516 0.0619294 0.157469 
0.0150662 0.101012 0.205668 
0.0528449 0.168598 0.27898 
0.126967 0.255023 0.354466 
0.228913 0.343562 0.408547 
0.331483 0.411426 0.423586 
0.399805 0.435714 0.391148 
0.409188 0.403748 0.31473 
0.356147 0.32092 0.211216 
0.257149 0.210656 0.108262 
0.142873 0.108557 0.0377634 
0.0547148 0.0540445 0.027139 
0.0363992 0.0767593 0.0876914 
0.11122 0.17636 0.201406 
0.256059 0.309087 0.317578 
0.401479 0.402601 0.373625 
0.471069 0.400395 0.335305 
0.432662 0.302999 0.224976 
0.316199 0.166801 0.107384 
0.183509 0.0587626 0.0401877 
0.0819826 0.008882 0.0332852 
0.0245754 0.00262152 0.0534932 
0.00433306 0.0119419 0.0647135 
0.0157108 0.0261249 0.0599294 
0.0567534 0.0519102 0.0561283 
0.116181 0.0912562 0.0658653 
0.168042 0.127592 0.0804963 
0.18489 0.136605 0.0810477 
0.157457 0.108439 0.0606859 
0.101869 0.0579383 0.0335266 
0.0487958 0.0144003 0.022487 
0.0247898 0.00180375 0.0400693 
0.0395068 0.0257257 0.0796156 
0.0846155 0.0740591 0.122186 
0.141253 0.127203 0.15082 
0.189528 0.16874 0.160215 
0.215225 0.190189 0.155611 
0.212143 0.189251 0.143714 
0.181325 0.165988 0.124808 
0.129865 0.122775 0.0947244 
0.0710404 0.0697144 0.0569777 
0.0242805 0.029736 0.0339317 
0.0109429 0.0336842 0.061765 
0.0440767 0.102104 0.16521 
0.117156 0.224477 0.328723 
0.201553 0.354814 0.491224 
0.258441 0.433146 0.576727 
0.259686 0.420938 0.542177 
0.204131 0.324777 0.405795 
0.118293 0.190986 0.233634 
0.0411328 0.0764059 0.096263 
0.00255647 0.016992 0.0293771 
0.00847064 0.0137359 0.0238576 
0.0410055 0.0407805 0.0446513 
0.0731289 0.0664189 0.0587943 
0.0869626 0.072086 0.0528697 
0.0823663 0.0583729 0.0328536 
0.070937 0.0373717 0.0124124 
0.0634045 0.0203522 0.00125811 
0.062419 0.011019 0.00128252 
0.0647275 0.00696871 0.00937786 
0.0675527 0.0046282 0.0209188 
0.0730419 0.003117 0.0311614 
0.0881192 0.0058312 0.0367735 
0.118183 0.0182033 0.0379777 
0.155942 0.0400623 0.0372683 
0.176201 0.058651 0.034229 
0.151229 0.0552746 0.024924 
0.0826581 0.027215 0.0116141 
0.0175196 0.00232769 0.0112339 
0.0188471 0.020649 0.0441098 
0.107953 0.0924615 0.107179 
0.236869 0.178445 0.164182 
0.326781 0.221938 0.174741 
0.337039 0.203788 0.136811 
0.293297 0.158948 0.0922446 
0.249887 0.136102 0.0837357 
0.23484 0.148227 0.110936 
0.236293 0.168896 0.136227 
0.230611 0.169361 0.129659 
0.207087 0.145462 0.0965916 
0.165698 0.108406 0.0600296 
0.109956 0.0667188 0.0307954 
