0.36662 0.356152 0.541415 
0.3278 0.295476 0.452638 
0.279285 0.215334 0.328904 
0.23796 0.133833 0.193067 
0.220895 0.074174 0.07721 
0.240176 0.0565065 0.0104989 
0.29761 0.0887196 0.00651824 
0.382133 0.161356 0.0571186 
0.471973 0.250033 0.136252 
0.541226 0.324578 0.211545 
0.568127 0.360401 0.257333 
0.541606 0.346808 0.262911 
0.464051 0.289277 0.233392 
0.350214 0.206082 0.184742 
0.223518 0.121894 0.136723 
0.110918 0.0609492 0.1067 
0.0368449 0.0411028 0.105264 
0.0168264 0.0692443 0.133411 
0.0523965 0.138894 0.181557 
0.129965 0.231633 0.231789 
0.225778 0.323714 0.264732 
0.316497 0.397012 0.27023 
0.391458 0.45034 0.257801 
0.460521 0.505183 0.260724 
0.552485 0.600997 0.328788 
0.703102 0.779487 0.509299 
0.936896 1.06292 0.822254 
1.25054 1.43566 1.24035 
1.60563 1.83831 1.68491 
1.93505 2.17975 2.04357 
2.16169 2.36458 2.20657 
2.22292 2.3267 2.10867 
2.09175 2.05556 1.75913 
1.78667 1.60383 1.24514 
1.36676 1.07242 0.70483 
0.914046 0.578314 0.279428 
0.509842 0.217726 0.0642017 
0.213187 0.0385848 0.0784046 
0.0477904 0.0315703 0.265566 
0.000421586 0.140843 0.521686 
0.0301035 0.288307 0.737353 
0.0848428 0.401589 0.835877 
0.120862 0.436404 0.793818 
0.118179 0.386995 0.639398 
0.0865089 0.282445 0.433155 
0.0581413 0.170864 0.240659 
0.0698498 0.097607 0.108264 
0.142036 0.0864219 0.0504569 
0.266062 0.1319 0.0523917 
0.407185 0.206525 0.0847789 
0.521627 0.27785 0.12272 
0.577606 0.325415 0.15811 
0.567794 0.347338 0.198963 
0.506816 0.353738 0.257098 
0.417843 0.353415 0.333262 
0.319283 0.344691 0.410597 
0.220786 0.317496 0.461492 
0.129083 0.264437 0.463253 
0.0557481 0.191186 0.411664 
0.0179215 0.117097 0.323183 
0.0298728 0.0648849 0.224924 
0.0920286 0.0470891 0.140134 
0.187054 0.0594743 0.0790622 
0.287293 0.0858905 0.0399114 
0.368896 0.110213 0.0165724 
0.422855 0.126207 0.00573998 
0.455945 0.138873 0.00829723 
0.48239 0.158012 0.0256977 
0.513208 0.190113 0.0559805 
0.55016 0.234259 0.0931288 
0.58615 0.283135 0.129527 
0.60917 0.326243 0.158551 
0.606299 0.352485 0.175195 
0.567132 0.352096 0.175597 
0.488121 0.319742 0.157739 
0.377803 0.258972 0.123905 
0.259375 0.184957 0.0825659 
0.165937 0.121495 0.0466323 
0.127692 0.0916536 0.0278541 
0.156942 0.106738 0.0309372 
0.24023 0.16063 0.0519229 
0.343629 0.233391 0.0821009 
0.428695 0.301487 0.114006 
0.469485 0.347562 0.144315 
0.460758 0.363955 0.171553 
0.414161 0.349876 0.191735 
0.347395 0.307178 0.197411 
0.274903 0.239684 0.182655 
0.205412 0.156436 0.150576 
0.145214 0.0744712 0.11648 
0.101886 0.016234 0.102183 
0.0840413 0.0010678 0.123775 
0.0971468 0.0355239 0.180696 
0.139088 0.108964 0.253878 
0.19932 0.197664 0.31465 
0.262455 0.275037 0.338969 
0.31398 0.322017 0.318347 
0.34476 0.332318 0.261698 
0.352425 0.311171 0.188501 
0.339945 0.269986 0.118601 
0.31304 0.220739 0.0646682 
0.277968 0.1727 0.0303964 
0.240389 0.131889 0.0135648 
0.20515 0.102136 0.0108999 
0.176466 0.086402 0.0218376 
0.158028 0.0875542 0.0498262 
0.152817 0.108366 0.101247 
0.162795 0.150841 0.182649 
0.18872 0.214998 0.297025 
0.230102 0.297264 0.439876 
0.284864 0.388861 0.596239 
0.348297 0.475037 0.740423 
0.411751 0.536477 0.840206 
0.462723 0.554015 0.865944 
0.488088 0.516251 0.802312 
0.480292 0.427107 0.657582 
0.443225 0.30849 0.464559 
0.392894 0.194266 0.270318 
0.35023 0.11632 0.118053 
0.328902 0.0893208 0.0300769 
0.325834 0.103528 0.00183048 
0.321949 0.131348 0.0108348 
0.294261 0.144752 0.0348898 
0.232051 0.132746 0.0671342 
0.145952 0.107143 0.117323 
0.0630597 0.0925277 0.198436 
0.0110416 0.107473 0.308778 
0.00215222 0.150435 0.423705 
0.0279224 0.200297 0.504488 
0.06707 0.230644 0.519281 
0.0995252 0.226852 0.461972 
0.115969 0.193674 0.355922 
0.117343 0.148907 0.240284 
0.107633 0.109479 0.148599 
0.0882501 0.0813168 0.0938715 
0.0594517 0.0601053 0.0685612 
0.0265988 0.0405851 0.056834 
0.00364039 0.0253026 0.0485975 
0.00807243 0.0248833 0.0454183 
0.049196 0.049465 0.0558235 
0.118239 0.0983419 0.085368 
0.188914 0.156307 0.129557 
0.229974 0.199986 0.174324 
0.222675 0.210161 0.202902 
0.172358 0.182209 0.204086 
0.107072 0.128601 0.17712 
0.0642419 0.0727959 0.131397 
0.0731601 0.0386716 0.0822136 
0.142437 0.0411528 0.0452444 
0.257745 0.0819423 0.0321384 
0.389428 0.151151 0.0484815 
0.505196 0.232985 0.0940838 
0.581874 0.312319 0.164451 
0.611567 0.379051 0.251872 
0.600524 0.428523 0.345252 
0.562353 0.458637 0.429493 
0.509754 0.466482 0.486617 
0.449522 0.447791 0.500431 
0.383471 0.400531 0.463901 
0.314013 0.330409 0.385273 
0.249773 0.253738 0.2881 
0.206312 0.19397 0.203158 
0.20027 0.172335 0.155402 
0.239991 0.197363 0.152828 
0.318485 0.259492 0.183561 
0.413446 0.334191 0.222681 
0.494796 0.392015 0.244612 
0.535875 0.410251 0.234218 
0.522808 0.380659 0.191512 
0.458207 0.310668 0.129219 
0.358651 0.218934 0.0660538 
0.248003 0.128116 0.0194978 
0.149521 0.0576769 0.000468389 
0.0792849 0.0185697 0.0106303 
0.0426787 0.010922 0.0423973 
0.0347058 0.0253039 0.0816463 
0.0438524 0.0472965 0.112732 
0.0578052 0.063689 0.124238 
0.0684113 0.0675823 0.113003 
0.073636 0.0600403 0.0844821 
0.0760272 0.0478205 0.0495062 
0.0792446 0.0389179 0.0194881 
0.0851108 0.0385825 0.00262581 
0.0928038 0.0475963 0.00234125 
0.100043 0.0628379 0.0174478 
0.104882 0.0790137 0.0429002 
0.106827 0.0905413 0.0707478 
0.106951 0.0932957 0.0918892 
0.107451 0.086189 0.0990447 
0.110979 0.0720541 0.0899713 
0.119628 0.0568533 0.0688014 
0.133416 0.0468188 0.0439968 
0.148875 0.0447394 0.0237596 
0.159085 0.047915 0.0119889 
0.156277 0.0498608 0.00790975 
0.136514 0.0454603 0.00986319 
0.104063 0.0364626 0.0202791 
0.0723337 0.0331878 0.0473301 
0.0595434 0.0501688 0.100714 
0.0802394 0.0973071 0.183343 
0.136591 0.171511 0.284407 
0.214366 0.254358 0.37949 
0.286744 0.318399 0.439576 
0.325246 0.339753 0.445081 
0.312981 0.310525 0.397097 
0.253396 0.243902 0.318698 
0.169377 0.168378 0.244436 
0.092448 0.113641 0.203142 
0.0475248 0.0958298 0.203579 
0.0416376 0.110624 0.231329 
0.0629927 0.138189 0.258776 
0.0904946 0.156739 0.262166 
0.107311 0.156049 0.235367 
0.109703 0.142419 0.192196 
0.10595 0.132426 0.156585 
0.107287 0.140353 0.147555 
0.118169 0.168194 0.168735 
0.133002 0.20478 0.208407 
0.141079 0.233817 0.248644 
0.135187 0.244497 0.276445 
0.117024 0.23725 0.289584 
0.0957062 0.221529 0.294634 
0.0812369 0.208437 0.300272 
0.0783087 0.204024 0.311295 
0.0846446 0.207304 0.326792 
0.0938657 0.21271 0.341932 
0.0995289 0.213709 0.35053 
0.0972196 0.204793 0.346374 
0.084598 0.181942 0.323777 
0.0617904 0.143669 0.279199 
0.0338503 0.0938199 0.214505 
0.0137773 0.0443657 0.139822 
0.0220274 0.0145791 0.0727624 
0.0795581 0.0244411 0.0325368 
0.196086 0.084378 0.0312373 
0.359995 0.187151 0.0673638 
0.537209 0.307725 0.126035 
0.681924 0.412642 0.186395 
0.755021 0.474548 0.232105 
0.740801 0.483964 0.258672 
0.653043 0.451775 0.273297 
0.527149 0.401226 0.287584 
0.40282 0.354355 0.307895 
0.306665 0.32077 0.329578 
0.243698 0.295028 0.338891 
0.201213 0.263582 0.321707 
0.161562 0.21663 0.273848 
0.115718 0.157435 0.206681 
0.069735 0.103315 0.144119 
0.0408557 0.0774707 0.112021 
0.0461909 0.0962294 0.125451 
