1.80613 2.35265 2.32378 
0.931807 1.33317 1.32579 
0.364148 0.619211 0.642631 
0.138166 0.276698 0.324359 
0.125796 0.197758 0.260957 
0.173294 0.237638 0.323824 
0.216031 0.327582 0.464158 
0.29994 0.493501 0.710576 
0.513531 0.787527 1.0895 
0.900552 1.20572 1.54845 
1.42944 1.67057 1.95734 
2.03005 2.08809 2.19065 
2.63709 2.41118 2.21341 
3.18548 2.64043 2.09083 
3.57723 2.77195 1.92008 
3.68634 2.76329 1.75599 
3.42688 2.56209 1.59373 
2.82938 2.16639 1.40515 
2.04935 1.65119 1.18068 
1.29117 1.1345 0.941904 
0.705776 0.714998 0.726224 
0.336901 0.432189 0.564611 
0.141943 0.271137 0.468535 
0.0521801 0.194232 0.429195 
0.0178129 0.16758 0.423536 
0.0141309 0.166346 0.421287 
0.0265987 0.169065 0.392966 
0.0424161 0.15774 0.321293 
0.0538001 0.125409 0.212296 
0.059901 0.0795172 0.0964911 
0.0614742 0.0354628 0.016129 
0.056867 0.00773075 0.00598632 
0.0454643 0.00591214 0.0779917 
0.0328524 0.0337681 0.214608 
0.0311946 0.0885973 0.373715 
0.0554226 0.163023 0.50666 
0.114989 0.247224 0.580408 
0.199188 0.323928 0.584984 
0.267957 0.361091 0.521953 
0.271569 0.324289 0.397004 
0.196564 0.213316 0.234657 
0.090388 0.0831893 0.0906228 
0.0235487 0.00735475 0.0224457 
0.0210496 0.00872029 0.0338003 
0.0433996 0.0395079 0.0640378 
0.0419063 0.0416353 0.0540402 
0.0163379 0.014176 0.0148673 
0.00107004 0.000226679 0.00570839 
0.00762438 0.0155683 0.0440916 
0.0117418 0.0255973 0.073674 
0.00185827 0.00796871 0.0462786 
0.010101 0.00894471 0.012498 
0.0746812 0.10275 0.0870174 
0.193011 0.30212 0.316809 
0.343511 0.544794 0.618062 
0.543779 0.777762 0.8671 
0.842855 1.02229 1.03421 
1.23516 1.3272 1.19785 
1.60859 1.67061 1.43049 
1.80923 1.93757 1.69711 
1.75477 1.99957 1.87292 
1.47374 1.80587 1.84441 
1.05877 1.4121 1.59373 
0.626311 0.959128 1.21825 
0.319341 0.63269 0.892729 
0.279539 0.590453 0.785622 
0.544096 0.856847 0.952112 
0.962469 1.2663 1.27364 
1.26347 1.54526 1.51729 
1.24977 1.49898 1.49337 
0.941718 1.14604 1.18556 
0.536143 0.68222 0.744406 
0.234555 0.318648 0.362638 
0.106895 0.143836 0.148016 
0.0903839 0.108586 0.0863727 
0.0864224 0.110906 0.0946821 
0.053703 0.0905057 0.101158 
0.0260348 0.0602457 0.0895973 
0.0529682 0.0621353 0.0830768 
0.12514 0.097484 0.0917746 
0.170694 0.110963 0.0859397 
0.155228 0.0676141 0.0381389 
0.202092 0.0593782 0.00167568 
0.58552 0.311735 0.127824 
1.53959 1.03034 0.563858 
3.01432 2.19176 1.30021 
4.60262 3.47212 2.11464 
5.73841 4.40817 2.69109 
6.03227 4.68058 2.82924 
5.48934 4.29889 2.57174 
4.45905 3.55561 2.14961 
3.38651 2.81138 1.80604 
2.56984 2.29026 1.64864 
2.07681 2.017 1.62971 
1.81732 1.88918 1.63205 
1.66004 1.78437 1.56629 
1.49979 1.62258 1.41432 
1.27136 1.3806 1.22413 
0.956576 1.09336 1.08965 
0.601858 0.849826 1.12125 
0.312562 0.755963 1.38734 
0.194409 0.85822 1.83809 
0.27333 1.08103 2.2767 
0.465853 1.25014 2.44145 
0.635336 1.20737 2.17314 
0.687968 0.929181 1.54359 
0.624604 0.542733 0.824663 
0.511611 0.222594 0.304313 
0.4128 0.0623588 0.0962472 
0.350139 0.0339547 0.100692 
0.314091 0.0534962 0.135148 
0.289787 0.0690925 0.0998266 
0.266762 0.0832489 0.0276261 
0.240832 0.112322 0.00113836 
0.227471 0.153397 0.0503063 
0.268923 0.197249 0.136567 
0.398638 0.250296 0.211716 
0.579413 0.319127 0.262637 
0.695433 0.378494 0.297484 
0.642807 0.381588 0.314773 
0.438284 0.313239 0.305645 
0.212438 0.215103 0.277729 
0.0789124 0.145469 0.262394 
0.0405162 0.138957 0.310055 
0.064297 0.239253 0.499777 
0.223062 0.547426 0.931949 
0.66448 1.14813 1.63601 
1.36956 1.92082 2.42767 
1.99424 2.471 2.89874 
2.09028 2.38451 2.67386 
1.57087 1.64632 1.77531 
0.910584 0.777236 0.719366 
0.770879 0.448233 0.157587 
1.37077 0.888556 0.346703 
2.2532 1.67745 0.956312 
2.70264 2.1381 1.40115 
2.38004 1.92853 1.35093 
1.54505 1.25331 0.924901 
0.722975 0.567648 0.460003 
0.240224 0.160321 0.176201 
0.0769883 0.0207926 0.0723636 
0.0528595 0.00118774 0.051883 
0.0437811 0.000990481 0.0535647 
0.0271624 1.72391e-05 0.0628955 
0.0146569 0.00176683 0.0722431 
0.00826544 0.00424656 0.0764432 
0.00630873 0.00746268 0.0834544 
0.0161142 0.014811 0.0970786 
0.0654622 0.0363999 0.10446 
0.217807 0.113517 0.110094 
0.546763 0.3159 0.165299 
1.03856 0.660301 0.315051 
1.51085 1.02137 0.506328 
1.69122 1.18066 0.600368 
1.44622 1.02447 0.522746 
0.94191 0.691441 0.384013 
0.535352 0.476325 0.396225 
0.471022 0.557241 0.646775 
0.677859 0.826026 0.98063 
0.863817 0.998527 1.1324 
0.797253 0.88195 0.968146 
0.496172 0.529904 0.587416 
0.177835 0.167225 0.213174 
0.0659318 0.0045014 0.0205974 
0.242124 0.118663 0.0641181 
0.625137 0.447864 0.301263 
1.03567 0.839373 0.622464 
1.28455 1.10833 0.867931 
1.25785 1.11758 0.89008 
0.975062 0.862049 0.661381 
0.577981 0.483543 0.320245 
0.239902 0.173664 0.0726494 
0.0575109 0.0359263 0.0234537 
0.0118686 0.0314986 0.103188 
0.0201225 0.050743 0.159744 
0.0193107 0.0293581 0.113295 
0.0119354 0.000754283 0.0230837 
0.0516215 0.0541459 0.0207006 
0.191464 0.249558 0.18865 
0.431438 0.558288 0.488389 
0.700951 0.868109 0.783184 
0.897493 1.05126 0.931056 
0.958911 1.05021 0.88024 
0.906812 0.913803 0.697111 
0.819982 0.752131 0.506464 
0.769329 0.654535 0.400012 
0.781832 0.647722 0.39508 
0.85353 0.716231 0.464373 
0.969589 0.835848 0.580416 
1.09889 0.975288 0.720472 
1.18726 1.0847 0.846862 
1.18364 1.11222 0.91132 
1.08063 1.04118 0.887868 
0.919149 0.900882 0.790819 
0.748922 0.735512 0.654729 
0.592712 0.570978 0.505901 
0.452216 0.416943 0.360376 
0.335993 0.289273 0.239268 
0.266096 0.213674 0.16869 
0.255939 0.203689 0.159435 
0.29037 0.242757 0.193562 
0.33117 0.291853 0.235347 
0.339006 0.311988 0.252905 
0.292133 0.281034 0.230151 
0.195952 0.200831 0.168834 
0.0851913 0.100195 0.0913245 
0.0128117 0.0296165 0.0417733 
0.0200096 0.0378288 0.0711406 
0.102746 0.13751 0.204566 
0.207154 0.288637 0.414567 
0.267862 0.421071 0.627644 
0.260104 0.482354 0.764989 
0.216732 0.47 0.786847 
0.193191 0.421516 0.707431 
0.215818 0.376345 0.574744 
0.263326 0.34735 0.437566 
0.293294 0.322843 0.324592 
0.280571 0.287265 0.242693 
0.231093 0.236253 0.185526 
0.167372 0.176274 0.142469 
0.108089 0.116644 0.104489 
0.0604183 0.0645924 0.0679229 
0.0251927 0.0258872 0.0366233 
0.00433632 0.00645306 0.0203614 
0.00182769 0.00977183 0.0270558 
0.0173221 0.0303986 0.0520079 
0.0400474 0.0515458 0.0750654 
0.0527424 0.0545828 0.0740708 
0.0454309 0.0354446 0.0457846 
0.0251643 0.0105196 0.011976 
0.00917571 0.00202471 0.000284957 
0.00749283 0.0161048 0.0178253 
0.014323 0.0373072 0.0455428 
0.0172972 0.0452947 0.0584115 
0.0126436 0.0348592 0.0483831 
0.00888295 0.0185 0.0272156 
0.0163841 0.0117047 0.0109374 
0.0353146 0.0180838 0.00520183 
0.0541358 0.0280226 0.00468765 
0.059122 0.029375 0.00295398 
0.0459216 0.0188898 0.000679747 
0.02389 0.00497732 0.00466731 
0.0106747 0.00136367 0.0202694 
0.0217493 0.0183957 0.0462439 
0.0615855 0.0580812 0.0771875 
0.120077 0.11293 0.108777 
0.175117 0.166559 0.138208 
0.201855 0.198265 0.161199 
0.186475 0.194381 0.17388 
0.136131 0.160189 0.17988 
0.0757148 0.119443 0.191236 
