0.718002 0.487776 0.300818 
1.09396 0.826149 0.606108 
1.5655 1.22037 0.914214 
2.02487 1.57048 1.13676 
2.33149 1.776 1.21803 
2.35895 1.76492 1.14455 
2.05467 1.52262 0.943216 
1.48494 1.10941 0.672469 
0.827425 0.647011 0.404225 
0.297458 0.268328 0.197187 
0.0462513 0.0570044 0.0742649 
0.100612 0.0199998 0.0216285 
0.383696 0.112024 0.011766 
0.785864 0.283004 0.0294236 
1.2151 0.499492 0.0746898 
1.59148 0.724062 0.141646 
1.82076 0.888871 0.199978 
1.80698 0.910716 0.207149 
1.514 0.749387 0.146953 
1.01978 0.458143 0.059693 
0.500694 0.173276 0.0321847 
0.144244 0.0411316 0.148493 
0.0516281 0.133225 0.432874 
0.196289 0.406746 0.821457 
0.456858 0.731867 1.18197 
0.6927 0.964519 1.37552 
0.813372 1.02078 1.3304 
0.807432 0.911388 1.08346 
0.723512 0.718498 0.756825 
0.624643 0.533536 0.479894 
0.552976 0.404112 0.313026 
0.53111 0.330787 0.232309 
0.589903 0.309174 0.183275 
0.781827 0.367955 0.148807 
1.14883 0.555732 0.165328 
1.66139 0.881687 0.274187 
2.1855 1.2667 0.459626 
2.52354 1.56038 0.637514 
2.51685 1.62398 0.709815 
2.14311 1.41953 0.637446 
1.53633 1.03545 0.467081 
0.910837 0.627521 0.289461 
0.440955 0.32157 0.168907 
0.181424 0.154064 0.109079 
0.0801302 0.0909438 0.083135 
0.0585902 0.0937682 0.0898533 
0.08197 0.16072 0.167675 
0.159507 0.302164 0.343262 
0.290899 0.486459 0.570127 
0.428448 0.629531 0.737926 
0.501074 0.653756 0.763248 
0.472347 0.557248 0.67468 
0.366383 0.413412 0.59344 
0.237235 0.296476 0.615916 
0.126454 0.217869 0.718632 
0.0617412 0.149961 0.793668 
0.0853928 0.106999 0.781395 
0.249574 0.172403 0.75037 
0.55297 0.414367 0.822997 
0.883478 0.770443 1.019 
1.0578 1.04399 1.19429 
0.957921 1.05192 1.16139 
0.646475 0.79483 0.879847 
0.337814 0.476196 0.518906 
0.233347 0.338197 0.320079 
0.365774 0.464279 0.392027 
0.590952 0.729047 0.633849 
0.72282 0.926085 0.844969 
0.677133 0.936896 0.896514 
0.502425 0.789179 0.802109 
0.301728 0.584696 0.653178 
0.144518 0.400354 0.519287 
0.0462493 0.25943 0.418302 
0.0024168 0.16935 0.357751 
0.0157925 0.154987 0.371338 
0.0883711 0.244802 0.500357 
0.203576 0.435234 0.746473 
0.330475 0.680043 1.05286 
0.444722 0.913861 1.33166 
0.537658 1.08134 1.50707 
0.603981 1.14864 1.53994 
0.628709 1.10283 1.42986 
0.594187 0.954146 1.20912 
0.500379 0.73956 0.933859 
0.37398 0.514212 0.667641 
0.254819 0.328885 0.459908 
0.172372 0.209675 0.33323 
0.132133 0.154628 0.287044 
0.118524 0.144379 0.307965 
0.107731 0.153934 0.372787 
0.0824291 0.160342 0.446343 
0.0431837 0.150418 0.488942 
0.00998715 0.128087 0.476751 
0.00812405 0.111346 0.416748 
0.0443779 0.114148 0.337002 
0.0941304 0.127732 0.259236 
0.116557 0.124002 0.183193 
0.0896738 0.0840493 0.101226 
0.0340912 0.0259292 0.0267127 
0.00169533 0.00165491 0.00181203 
0.0387569 0.0621406 0.0709376 
0.156487 0.219964 0.24267 
0.330045 0.439221 0.474019 
0.515234 0.652937 0.687287 
0.659842 0.787446 0.802092 
0.707467 0.782397 0.764024 
0.614915 0.615282 0.569217 
0.39239 0.33485 0.287875 
0.135606 0.0774005 0.0688428 
0.00103263 0.0253573 0.0932799 
0.115195 0.304398 0.474222 
0.477407 0.881131 1.15778 
0.94097 1.54955 1.91046 
1.30248 2.03899 2.42934 
1.43574 2.17655 2.51489 
1.3634 1.98372 2.18466 
1.21137 1.63465 1.64321 
1.09201 1.31581 1.13495 
1.01982 1.10308 0.795701 
0.926027 0.948057 0.610091 
0.745392 0.765105 0.48657 
0.488541 0.529725 0.367436 
0.237572 0.303408 0.278084 
0.0795279 0.176707 0.287331 
0.0445635 0.192255 0.429421 
0.0984678 0.313736 0.659707 
0.181153 0.455199 0.874595 
0.246691 0.535678 0.97155 
0.275579 0.517852 0.903663 
0.266859 0.415716 0.699077 
0.230941 0.278661 0.441321 
0.186609 0.162692 0.223433 
0.151055 0.0988655 0.0989259 
0.124298 0.0764915 0.0588802 
0.0891931 0.0599011 0.0549542 
0.0386217 0.0330783 0.0544854 
0.00389934 0.0310489 0.0787866 
0.041427 0.115343 0.180895 
0.174046 0.303062 0.37523 
0.345196 0.519406 0.589526 
0.450236 0.638197 0.701136 
0.433439 0.590235 0.638277 
0.355221 0.436553 0.450482 
0.345746 0.321763 0.270317 
0.47528 0.340543 0.195625 
0.67118 0.448672 0.209354 
0.776833 0.5144 0.221106 
0.702267 0.46176 0.186531 
0.514356 0.356778 0.173582 
0.3729 0.343878 0.298003 
0.378269 0.496618 0.590936 
0.484251 0.735346 0.937063 
0.554816 0.891789 1.1505 
0.495038 0.851045 1.11684 
0.324989 0.634917 0.870688 
0.141696 0.364055 0.551245 
0.0282439 0.155471 0.293584 
0.000740456 0.052889 0.153636 
0.0232685 0.0309511 0.109476 
0.0532706 0.0412898 0.108373 
0.0708384 0.0506002 0.108751 
0.0799371 0.0511282 0.0948814 
0.096 0.0529354 0.0719056 
0.133047 0.0708332 0.0540737 
0.193566 0.111556 0.0523306 
0.263255 0.165482 0.0653381 
0.31546 0.208916 0.0793079 
0.326153 0.218206 0.0781409 
0.291053 0.187342 0.0574538 
0.231649 0.135689 0.0318712 
0.182318 0.0975336 0.0283647 
0.164937 0.0982047 0.0677794 
0.17092 0.134399 0.147021 
0.16924 0.176705 0.237119 
0.136827 0.194241 0.300854 
0.0826132 0.17869 0.315274 
0.0387914 0.144008 0.279619 
0.0273458 0.105284 0.206596 
0.0398569 0.0654976 0.114456 
0.0549986 0.0286075 0.0318105 
0.0726296 0.0202721 0.00198908 
0.120807 0.0813098 0.0650162 
0.222836 0.229199 0.221689 
0.360045 0.425576 0.415312 
0.473417 0.588819 0.558664 
0.505054 0.645775 0.589274 
0.43937 0.577258 0.505639 
0.308845 0.421538 0.356617 
0.167556 0.242688 0.202119 
0.0609423 0.096564 0.0833719 
0.0114992 0.0152039 0.0190679 
0.0186356 0.00561441 0.0131801 
0.0636196 0.0520538 0.0567252 
0.117245 0.121113 0.124844 
0.151563 0.174499 0.182184 
0.151965 0.186662 0.199815 
0.121912 0.15598 0.171416 
0.0774217 0.101665 0.11524 
0.0364895 0.0501171 0.0611969 
0.0110824 0.0212089 0.0338867 
0.00498661 0.0218941 0.0424353 
0.015605 0.0472195 0.0801548 
0.0364012 0.0848145 0.130495 
0.0585951 0.119729 0.174556 
0.0729783 0.138884 0.197364 
0.072999 0.135168 0.191851 
0.0582805 0.110089 0.160054 
0.0356084 0.0730581 0.111576 
0.01526 0.0368419 0.0602535 
0.0046649 0.0116664 0.0203996 
0.0046732 0.00189224 0.00335091 
0.0116695 0.00690239 0.0141986 
0.0226108 0.0238483 0.0490235 
0.0367219 0.0484629 0.0943161 
0.0518595 0.0733579 0.130601 
0.061208 0.0877974 0.140414 
0.0571538 0.0829511 0.117631 
0.0404897 0.0602686 0.0727068 
0.0240328 0.0342059 0.0288133 
0.0231453 0.0231954 0.00873385 
0.0405833 0.0346732 0.0201754 
0.062327 0.0586658 0.0511217 
0.0709231 0.0776675 0.0803154 
0.0629815 0.0833976 0.09433 
0.0518034 0.0831181 0.0958922 
0.0527872 0.0898421 0.0970163 
0.0683113 0.108387 0.105917 
0.0874168 0.131887 0.121099 
0.0977906 0.149977 0.136025 
0.0966844 0.158679 0.147251 
0.0930656 0.16399 0.158682 
0.101811 0.177741 0.179325 
0.131615 0.206354 0.213978 
0.170845 0.237073 0.250393 
0.186196 0.236569 0.256555 
0.149038 0.176619 0.202886 
0.0761225 0.0744558 0.100158 
0.0400789 0.00448444 0.0137098 
0.120474 0.0511526 0.0232561 
0.329197 0.233762 0.153211 
0.584882 0.477033 0.341922 
0.77006 0.664535 0.487995 
0.819 0.726855 0.531571 
0.75305 0.680592 0.490802 
0.640738 0.590875 0.425413 
0.536811 0.509404 0.377163 
0.4588 0.44946 0.348502 
0.401203 0.401456 0.322992 
0.350665 0.351332 0.286979 
0.288878 0.284528 0.231869 
0.201687 0.192824 0.155486 
