0.843376 0.995966 
0.825243 0.969388 
0.732584 0.768277 
0.568852 0.472692 
0.375564 0.20024 
0.212611 0.0372215 
0.128654 0.00229129 
0.136407 0.055642 
0.205421 0.133242 
0.278206 0.180548 
0.30181 0.172509 
0.255579 0.117532 
0.159118 0.0482486 
0.0595687 0.00522028 
0.0088255 0.0205693 
0.0419449 0.105926 
0.164269 0.246945 
0.352095 0.407239 
0.566026 0.54264 
0.766756 0.619099 
0.921211 0.622771 
0.999768 0.558382 
0.979203 0.444854 
0.860625 0.317875 
0.689668 0.234707 
0.554483 0.266023 
0.55275 0.469058 
0.74632 0.856516 
1.13178 1.38276 
1.63984 1.95505 
2.1558 2.45934 
2.54754 2.78591 
2.69615 2.85033 
2.53093 2.61445 
2.0643 2.10833 
1.40732 1.44005 
0.742243 0.774024 
0.249219 0.272558 
0.0229333 0.0273615 
0.0350434 0.0259665 
0.171633 0.178844 
0.31619 0.386018 
0.413633 0.591999 
0.475146 0.79452 
0.539312 1.01548 
0.63326 1.26598 
0.758173 1.52674 
0.892445 1.74636 
0.999712 1.85585 
1.04066 1.79816 
0.989392 1.56032 
0.846876 1.18715 
0.645506 0.769143 
0.449061 0.420649 
0.348948 0.261591 
0.440749 0.389685 
0.769287 0.827218 
1.26987 1.46791 
1.76457 2.08505 
2.04363 2.42981 
1.98879 2.36746 
1.65214 1.95628 
1.23375 1.41663 
0.971987 1.01706 
1.01165 0.945735 
1.3252 1.22612 
1.73747 1.71259 
2.04846 2.17366 
2.17378 2.42324 
2.18881 2.41406 
2.22994 2.22476 
2.33946 1.96432 
2.40634 1.69438 
2.26621 1.43663 
1.86069 1.22324 
1.2965 1.09803 
0.75434 1.0523 
0.353545 0.985841 
0.109687 0.777723 
0.00425757 0.425449 
0.0595159 0.106919 
0.31491 0.0681135 
0.724223 0.406041 
1.09907 0.938502 
1.19819 1.30165 
0.919695 1.22422 
0.429194 0.759763 
0.0832559 0.272083 
0.180575 0.16986 
0.739811 0.603699 
1.49274 1.3721 
2.08978 2.09427 
2.32747 2.47717 
2.21289 2.4526 
1.86137 2.12012 
1.37817 1.61671 
0.842264 1.05486 
0.357712 0.541795 
0.0572325 0.189323 
0.0204063 0.0618554 
0.192561 0.11653 
0.404836 0.219729 
0.490593 0.243476 
0.396643 0.157805 
0.201298 0.0409536 
0.0428939 0.0106109 
0.0284553 0.141817 
0.182653 0.427768 
0.449101 0.79082 
0.725135 1.1199 
0.909491 1.31303 
0.947317 1.31561 
0.855543 1.14569 
0.713506 0.893045 
0.619292 0.684081 
0.634192 0.623175 
0.748141 0.73915 
0.887686 0.968557 
0.961422 1.18899 
0.913736 1.28531 
0.752862 1.20929 
0.537817 0.996556 
0.33778 0.734184 
0.195295 0.50653 
0.117487 0.358307 
0.0939371 0.294156 
0.118024 0.300975 
0.189554 0.363646 
0.298532 0.459865 
0.411505 0.548248 
0.481271 0.575082 
0.477624 0.506089 
0.413581 0.359775 
0.341653 0.209871 
0.319091 0.147002 
0.367031 0.222914 
0.453258 0.414569 
0.510326 0.630914 
0.477513 0.758048 
0.342778 0.719118 
0.161875 0.519626 
0.0406491 0.253432 
0.0818842 0.0593227 
0.319767 0.0442705 
0.682676 0.217142 
1.0184 0.480508 
1.17732 0.693077 
1.10212 0.761031 
0.859038 0.689978 
0.585859 0.559838 
0.396614 0.449621 
0.31594 0.3792 
0.288195 0.313938 
0.24319 0.217809 
0.159001 0.0999757 
0.0749674 0.0139689 
0.0556302 0.017219 
0.143258 0.132053 
0.334868 0.339222 
0.59001 0.59853 
0.849919 0.867212 
1.04911 1.09745 
1.12158 1.22594 
1.01922 1.18602 
0.74797 0.952515 
0.395035 0.587123 
0.105842 0.23094 
0.00197644 0.0263207 
0.0932365 0.0193855 
0.263704 0.129307 
0.359639 0.221913 
0.312415 0.227973 
0.187729 0.197558 
0.116669 0.239963 
0.17779 0.411829 
0.344351 0.666619 
0.537692 0.910671 
0.715172 1.09705 
0.892958 1.25297 
1.08837 1.4173 
1.26291 1.56788 
1.34267 1.62742 
1.29441 1.54223 
1.16365 1.34264 
1.02366 1.1155 
0.892815 0.921362 
0.72229 0.752197 
0.479403 0.577924 
0.23902 0.427463 
0.175003 0.409197 
0.439267 0.637183 
1.02583 1.12298 
1.73319 1.72456 
2.25779 2.19619 
2.35841 2.31227 
1.99507 1.99669 
1.36473 1.38408 
0.804578 0.76367 
0.599889 0.415897 
0.804468 0.43406 
1.20289 0.66447 
1.4623 0.830323 
1.37288 0.75453 
0.989438 0.497293 
0.56117 0.288095 
0.318782 0.314873 
0.307133 0.561441 
0.394003 0.831177 
0.416817 0.918035 
0.318217 0.762319 
0.162498 0.467629 
0.051825 0.195539 
0.0392582 0.0493471 
0.107436 0.0344553 
0.204446 0.0948077 
0.286777 0.169022 
0.335746 0.221134 
0.34947 0.240851 
0.328912 0.230585 
0.272003 0.194403 
0.180371 0.135823 
0.074567 0.0659498 
0.00458168 0.0159571 
0.0393796 0.0395373 
0.232392 0.193524 
0.58308 0.502721 
1.02465 0.932731 
1.45065 1.39288 
1.76269 1.76984 
1.9074 1.97115 
1.88305 1.95476 
1.72179 1.73465 
1.46627 1.36813 
1.15564 0.936212 
0.824177 0.524398 
0.507968 0.206031 
0.252838 0.0298694 
0.116848 0.015155 
0.161224 0.155906 
0.427221 0.429381 
0.904569 0.798587 
1.5079 1.20505 
2.08335 1.56408 
2.458 1.78296 
2.51782 1.80639 
2.27112 1.66203 
1.85189 1.46503 
1.45339 1.36611 
1.23266 1.47465 
1.24697 1.80941 
1.45313 2.30242 
