3.8938 2.23238 
3.97809 2.32828 
3.92481 2.32647 
3.65009 2.17413 
3.13993 1.87169 
2.45842 1.47006 
1.72218 1.046 
1.05433 0.669746 
0.541776 0.382203 
0.214813 0.190359 
0.0537479 0.0780324 
0.0122042 0.0216963 
0.0414718 0.0025071 
0.104952 0.0115947 
0.180718 0.0499763 
0.256603 0.124581 
0.323498 0.240488 
0.370763 0.390663 
0.385743 0.548383 
0.357991 0.669722 
0.286797 0.709359 
0.187696 0.643692 
0.0923052 0.487688 
0.0384897 0.293319 
0.0542472 0.12834 
0.144146 0.0469425 
0.286826 0.0688934 
0.445248 0.177244 
0.582995 0.332262 
0.67674 0.490439 
0.719286 0.6182 
0.715372 0.697391 
0.676629 0.725963 
0.619485 0.717235 
0.563782 0.696492 
0.527275 0.691362 
0.515406 0.716407 
0.5132 0.759867 
0.488846 0.783653 
0.4122 0.741551 
0.279581 0.608022 
0.128394 0.400585 
0.0288044 0.180574 
0.0535559 0.0298172 
0.241523 0.0156911 
0.57531 0.163473 
0.984803 0.449077 
1.37348 0.812206 
1.6529 1.17946 
1.76975 1.48538 
1.71779 1.6855 
1.53582 1.76251 
1.29712 1.72892 
1.09368 1.62615 
1.01558 1.5169 
1.1263 1.46791 
1.43931 1.52637 
1.90561 1.69919 
2.42082 1.94573 
2.85301 2.189 
3.08233 2.3415 
3.03764 2.33504 
2.71661 2.14315 
2.18372 1.78912 
1.54951 1.33916 
0.939567 0.883841 
0.46257 0.513338 
0.184624 0.292009 
0.115014 0.239223 
0.207267 0.323472 
0.376783 0.474088 
0.531234 0.608334 
0.603651 0.66374 
0.57486 0.621482 
0.475114 0.509927 
0.364232 0.387221 
0.300265 0.312356 
0.312212 0.319141 
0.389254 0.404312 
0.489515 0.532538 
0.561526 0.653077 
0.566897 0.719578 
0.494583 0.706012 
0.362887 0.615035 
0.210785 0.477402 
0.0830917 0.342292 
0.0147206 0.260291 
0.0189709 0.264085 
0.0839211 0.354766 
0.178657 0.500936 
0.267102 0.652121 
0.323204 0.760255 
0.340021 0.79817 
0.328433 0.766014 
0.307308 0.684102 
0.291975 0.578807 
0.288204 0.471079 
0.294414 0.373546 
0.308797 0.295073 
0.334933 0.246657 
0.381197 0.24263 
0.454193 0.295564 
0.550725 0.408046 
0.653676 0.566378 
0.734576 0.739835 
0.762031 0.8862 
0.712879 0.962172 
0.582599 0.936281 
0.392086 0.801343 
0.188424 0.58246 
0.0377153 0.336067 
0.00957948 0.137178 
0.156106 0.0565563 
0.491657 0.135177 
0.981646 0.366593 
1.54628 0.695815 
2.07953 1.0364 
2.47718 1.29903 
2.66406 1.41985 
2.61128 1.37762 
2.33927 1.19461 
1.90785 0.923681 
1.39884 0.62868 
0.897072 0.366018 
0.474409 0.172749 
0.178643 0.0625553 
0.0279294 0.0283285 
0.0106048 0.0487487 
0.0902853 0.0963281 
0.215711 0.144904 
0.333823 0.175237 
0.403278 0.178004 
0.404744 0.154037 
0.344647 0.112155 
0.250804 0.0653442 
0.161302 0.0264369 
0.110806 0.00471345 
0.119726 0.00471625 
0.190359 0.0276669 
0.310556 0.0744387 
0.461727 0.147881 
0.626201 0.252447 
0.790427 0.390844 
0.944009 0.559782 
1.07771 0.748124 
1.18385 0.939635 
1.26007 1.11957 
1.31372 1.2814 
1.3626 1.4294 
1.42934 1.57461 
1.53054 1.72564 
1.66524 1.87874 
1.80904 2.01234 
1.91757 2.08988 
1.93982 2.07112 
1.83706 1.92848 
1.60035 1.66211 
1.25949 1.3068 
0.878039 0.92583 
0.534828 0.592376 
0.29789 0.364994 
0.201375 0.267766 
0.23575 0.284718 
0.356069 0.371488 
0.504404 0.478419 
0.635286 0.573029 
0.731517 0.650252 
0.803186 0.725944 
0.872063 0.818657 
0.951461 0.931071 
1.03345 1.04198 
1.09034 1.1131 
1.08881 1.1066 
1.008 1.00354 
0.85149 0.814071 
0.647191 0.575094 
0.436104 0.337387 
0.256552 0.148736 
0.131594 0.0397128 
0.0644474 0.0164304 
0.0420648 0.0612606 
0.0435498 0.140237 
0.0492118 0.214743 
0.047128 0.254328 
0.0355874 0.246603 
0.0209103 0.199918 
0.0113817 0.136601 
0.0101544 0.0793933 
0.0122799 0.0391598 
0.0110815 0.0136692 
0.0146266 0.0019892 
0.0649373 0.028162 
0.245746 0.157841 
0.665515 0.49058 
1.41381 1.12192 
2.50634 2.08828 
3.84621 3.32237 
5.22698 4.64644 
6.38446 5.81392 
7.07912 6.58478 
7.17397 6.80252 
6.67409 6.44001 
5.71387 5.59848 
4.50306 4.46617 
3.25968 3.25893 
2.1568 2.16596 
1.29686 1.31441 
0.71089 0.755012 
0.372224 0.465128 
0.216046 0.366237 
0.162113 0.353874 
0.14004 0.335262 
0.112597 0.263284 
0.0871368 0.151585 
0.106112 0.0606648 
0.217372 0.0590745 
0.438481 0.17927 
0.736355 0.393502 
1.03701 0.625308 
1.26226 0.791215 
1.37186 0.848042 
1.38429 0.816582 
1.36145 0.766493 
1.36588 0.771428 
1.41758 0.862305 
1.47912 1.00763 
1.47927 1.1323 
1.36025 1.16183 
1.1179 1.06388 
0.808404 0.862343 
0.517925 0.61868 
0.315346 0.396097 
0.218845 0.230694 
0.195929 0.125455 
0.193356 0.0649123 
0.174169 0.0348234 
0.137008 0.0311702 
0.10804 0.0546551 
0.115788 0.0997411 
0.169136 0.150626 
0.2529 0.188552 
0.340018 0.203558 
0.407934 0.199605 
0.447151 0.188638 
0.459866 0.179997 
0.45538 0.176078 
0.448625 0.178464 
0.460232 0.196815 
0.510633 0.247601 
0.604814 0.338044 
0.716332 0.446571 
