1.16835 0.583085 
0.859271 0.567642 
0.418167 0.387658 
0.0866012 0.189605 
0.00349963 0.102436 
0.1162 0.124767 
0.27072 0.163721 
0.368671 0.158237 
0.432823 0.142176 
0.548098 0.196724 
0.78021 0.377249 
1.1711 0.715104 
1.79216 1.28247 
2.75041 2.20924 
4.08774 3.5757 
5.63904 5.2437 
6.99162 6.78904 
7.63521 7.65153 
7.24685 7.4516 
5.93116 6.26836 
4.23117 4.6614 
2.86188 3.37765 
2.31644 2.91504 
2.6078 3.2427 
3.32412 3.87867 
3.93674 4.25389 
4.10862 4.07015 
3.7897 3.39523 
3.11009 2.49627 
2.24901 1.62725 
1.39816 0.950128 
0.760632 0.563525 
0.477577 0.505072 
0.513393 0.696628 
0.651922 0.942214 
0.666389 1.05225 
0.515895 0.994168 
0.360282 0.899509 
0.370785 0.905371 
0.53788 1.00188 
0.679945 1.05637 
0.636376 0.984458 
0.435694 0.870868 
0.266026 0.897614 
0.285814 1.14713 
0.468943 1.4832 
0.632224 1.63752 
0.60926 1.43004 
0.401017 0.92637 
0.169625 0.396936 
0.0966359 0.120605 
0.24433 0.200634 
0.535336 0.530289 
0.842946 0.905921 
1.09061 1.17284 
1.27489 1.29263 
1.41574 1.3114 
1.50383 1.29069 
1.50222 1.26933 
1.39311 1.26946 
1.21135 1.30663 
1.02072 1.36942 
0.853863 1.38923 
0.684268 1.26029 
0.471889 0.930189 
0.239506 0.48901 
0.0902109 0.149562 
0.131902 0.101991 
0.37941 0.363243 
0.734347 0.76486 
1.05667 1.08715 
1.2457 1.20265 
1.26108 1.107 
1.10809 0.862264 
0.848567 0.562717 
0.62465 0.351432 
0.61426 0.398371 
0.898131 0.781419 
1.35192 1.36652 
1.69969 1.84606 
1.71409 1.94932 
1.38562 1.64221 
0.905686 1.12801 
0.496425 0.6641 
0.263215 0.387781 
0.191616 0.300676 
0.242171 0.369066 
0.410663 0.588551 
0.693697 0.941897 
1.02176 1.32588 
1.25443 1.56055 
1.25852 1.49728 
1.00392 1.13406 
0.597851 0.637511 
0.233499 0.253467 
0.0921519 0.172022 
0.259088 0.433262 
0.688806 0.917577 
1.22089 1.40849 
1.6357 1.68807 
1.74262 1.62857 
1.47858 1.25147 
0.95984 0.722843 
0.426519 0.267252 
0.0928667 0.0355111 
0.0124887 0.0188659 
0.0743363 0.0850292 
0.127658 0.106626 
0.109547 0.0606069 
0.0588331 0.00925153 
0.0331773 0.00385154 
0.0435789 0.0312592 
0.0729997 0.0579787 
0.128039 0.100308 
0.238885 0.220169 
0.406639 0.447026 
0.576682 0.724585 
0.682504 0.950599 
0.70454 1.05985 
0.66388 1.04972 
0.565349 0.934422 
0.393898 0.722989 
0.210127 0.486606 
0.227366 0.425431 
0.700237 0.773598 
1.64296 1.5441 
2.65241 2.36591 
3.1049 2.67356 
2.64393 2.17186 
1.52367 1.14972 
0.445675 0.290114 
0.00626761 0.11078 
0.261186 0.559213 
0.784226 1.13241 
1.09765 1.35792 
1.03052 1.14666 
0.724281 0.734765 
0.400166 0.382032 
0.17801 0.175128 
0.0722372 0.0685723 
0.065067 0.0153095 
0.13298 0.0115881 
0.231305 0.0542966 
0.307233 0.115002 
0.345316 0.169218 
0.382666 0.225018 
0.46953 0.310252 
0.627409 0.449269 
0.851283 0.662285 
1.12775 0.960325 
1.41849 1.30354 
1.62975 1.56906 
1.64366 1.61217 
1.42462 1.40791 
1.09836 1.13126 
0.894004 1.05575 
0.974885 1.33383 
1.31104 1.86293 
1.71157 2.3663 
1.97795 2.60671 
2.03471 2.53736 
1.94123 2.28289 
1.80936 2.01133 
1.71409 1.82317 
1.65506 1.7205 
1.5721 1.63606 
1.39432 1.48395 
1.09764 1.21321 
0.735993 0.847364 
0.415032 0.480124 
0.218228 0.21756 
0.147411 0.10662 
0.135229 0.110753 
0.115412 0.150024 
0.0763 0.162816 
0.0500399 0.13812 
0.0692373 0.10918 
0.147511 0.126813 
0.283362 0.220298 
0.446231 0.354387 
0.553496 0.425862 
0.506224 0.34308 
0.295501 0.141798 
0.0664641 0.00289359 
0.0242906 0.104627 
0.240824 0.434797 
0.565728 0.771445 
0.752976 0.873558 
0.67589 0.687461 
0.414126 0.363566 
0.153931 0.100666 
0.0330566 0.00134999 
0.0664234 0.0476061 
0.167037 0.147107 
0.217279 0.186317 
0.166703 0.108532 
0.109891 0.00720233 
0.240879 0.107277 
0.65258 0.551487 
1.15767 1.16625 
1.37939 1.5181 
1.10323 1.30335 
0.538508 0.690581 
0.16372 0.206189 
0.271007 0.236022 
0.688266 0.667657 
0.984787 1.05831 
0.931305 1.12424 
0.708909 1.00071 
0.660236 1.01265 
0.889354 1.25968 
1.15518 1.49518 
1.14466 1.40664 
0.799237 0.954886 
0.353675 0.407971 
0.0907676 0.0751324 
0.0993328 0.0506948 
0.260355 0.205433 
0.411913 0.365941 
0.489909 0.463093 
0.537524 0.539956 
0.645086 0.688285 
0.909188 1.00453 
1.40116 1.55053 
2.09606 2.27228 
2.8069 2.93722 
3.24297 3.21999 
3.20909 2.93896 
2.775 2.23753 
2.22396 1.49833 
1.80948 1.04092 
1.56506 0.895575 
1.35318 0.867422 
1.06634 0.783956 
0.737383 0.638066 
0.460411 0.505167 
0.271289 0.401361 
0.168515 0.29495 
0.239808 0.246344 
0.684504 0.45146 
1.62386 1.06501 
2.86276 1.96392 
3.88433 2.73061 
4.16178 2.93292 
3.54739 2.46328 
2.38719 1.6167 
1.24868 0.834888 
0.512739 0.371221 
0.198709 0.193822 
0.134123 0.17393 
0.222334 0.299368 
