0.604803 0.919933 1.56462 
1.13514 1.55985 2.2116 
1.59813 2.01484 2.53333 
1.86694 2.16325 2.46851 
1.86923 1.98815 2.08459 
1.59851 1.55734 1.51788 
1.12678 0.999402 0.920664 
0.601405 0.473661 0.424832 
0.202139 0.123409 0.113986 
0.0595697 0.0183246 0.0023649 
0.179655 0.119291 0.0343506 
0.436317 0.301493 0.117888 
0.651719 0.432833 0.179459 
0.709995 0.453773 0.201533 
0.617262 0.397178 0.211903 
0.468998 0.339879 0.239612 
0.370219 0.340028 0.28688 
0.386126 0.417701 0.345435 
0.547418 0.575891 0.426658 
0.860814 0.807565 0.550199 
1.27613 1.06053 0.687746 
1.64415 1.21076 0.735879 
1.75743 1.12138 0.590381 
1.49738 0.775613 0.2828 
0.966072 0.351147 0.0289154 
0.441789 0.113266 0.082968 
0.158578 0.1859 0.494601 
0.119572 0.429836 1.01865 
0.150429 0.587867 1.31797 
0.144257 0.573302 1.2915 
0.222094 0.591256 1.18724 
0.616536 0.938244 1.35673 
1.40129 1.6786 1.89092 
2.36654 2.54209 2.51646 
3.17006 3.14719 2.8537 
3.58866 3.30515 2.75351 
3.61413 3.1007 2.37201 
3.34676 2.71916 1.95357 
2.85912 2.25386 1.59539 
2.1852 1.69533 1.23428 
1.40383 1.06131 0.815 
0.677598 0.47887 0.414981 
0.18352 0.118532 0.18861 
0.00688167 0.0601563 0.211115 
0.106521 0.237248 0.399886 
0.380103 0.513975 0.596147 
0.758074 0.813499 0.723313 
1.22781 1.16547 0.860857 
1.75695 1.61558 1.14746 
2.19547 2.08015 1.59173 
2.29012 2.31056 1.97927 
1.86358 2.0575 2.00374 
1.03813 1.33159 1.54414 
0.284667 0.521787 0.846077 
0.187078 0.216459 0.417389 
1.05846 0.823735 0.691821 
2.69824 2.27593 1.72112 
4.4804 4.04315 3.1306 
5.703 5.43392 4.35062 
5.94592 5.9563 4.93304 
5.22098 5.51354 4.74251 
3.8801 4.36707 3.94814 
2.39805 2.95282 2.88212 
1.16998 1.68106 1.87618 
0.3997 0.804635 1.14954 
0.0868199 0.379209 0.768567 
0.0871 0.3016 0.668129 
0.208505 0.393731 0.711425 
0.301204 0.49195 0.760015 
0.307089 0.506668 0.727867 
0.256619 0.436221 0.603739 
0.226141 0.340104 0.438689 
0.28313 0.290217 0.306134 
0.446936 0.324436 0.253148 
0.683062 0.426576 0.271104 
0.931021 0.544549 0.307607 
1.14394 0.632675 0.312783 
1.30816 0.68258 0.281226 
1.42857 0.715467 0.250794 
1.49941 0.745863 0.259125 
1.49674 0.756962 0.301199 
1.40538 0.715712 0.330581 
1.25303 0.612746 0.302231 
1.11296 0.48543 0.21405 
1.06753 0.400859 0.110099 
1.16325 0.416047 0.0492565 
1.39248 0.549703 0.07134 
1.70743 0.780904 0.183567 
2.04496 1.0634 0.364661 
2.34125 1.33894 0.573952 
2.53341 1.54509 0.760813 
2.55872 1.6226 0.876158 
2.36466 1.52754 0.885054 
1.93716 1.25062 0.777903 
1.33734 0.839597 0.580307 
0.713499 0.406446 0.357331 
0.253132 0.0939965 0.197571 
0.0835386 0.00217697 0.168945 
0.190115 0.121606 0.27046 
0.428065 0.337141 0.426734 
0.627051 0.50996 0.542641 
0.700777 0.570354 0.573742 
0.673387 0.542772 0.547106 
0.62365 0.497039 0.519594 
0.620011 0.489071 0.525454 
0.695828 0.540504 0.562561 
0.845761 0.642674 0.608782 
1.01464 0.752914 0.632098 
1.10211 0.796683 0.593039 
1.01991 0.710201 0.467385 
0.770618 0.503185 0.282657 
0.460312 0.267379 0.115942 
0.215317 0.102276 0.0316325 
0.0867091 0.0332277 0.0215265 
0.0449455 0.0161801 0.0244423 
0.055405 0.0173073 0.00755189 
0.128005 0.0603663 0.00698823 
0.27872 0.180121 0.0732297 
0.464098 0.347617 0.191759 
0.586027 0.471742 0.284793 
0.571506 0.48268 0.296233 
0.438691 0.400213 0.25596 
0.280639 0.311955 0.246924 
0.191173 0.292688 0.316579 
0.205418 0.349987 0.431896 
0.293733 0.434718 0.515686 
0.395216 0.4857 0.512335 
0.461268 0.465665 0.418093 
0.48914 0.377908 0.268032 
0.529694 0.271407 0.1157 
0.657331 0.230377 0.0272422 
0.911696 0.336288 0.0735589 
1.2494 0.610805 0.2972 
1.54717 0.977837 0.664796 
1.66412 1.28433 1.0501 
1.52526 1.38085 1.28333 
1.16936 1.21301 1.25002 
0.727985 0.859488 0.973428 
0.351439 0.488141 0.617247 
0.13306 0.261274 0.399567 
0.0781277 0.252571 0.469996 
0.126044 0.421993 0.824479 
0.199282 0.652352 1.30705 
0.245342 0.817771 1.6959 
0.254051 0.844893 1.82197 
0.250929 0.737967 1.64911 
0.275644 0.560418 1.27126 
0.355134 0.389093 0.839664 
0.481056 0.270654 0.477621 
0.603361 0.204481 0.237389 
0.650584 0.158151 0.111409 
0.574094 0.102158 0.0703724 
0.389821 0.0387218 0.0924915 
0.179522 0.0015646 0.167045 
0.0385066 0.0240113 0.279887 
0.00657793 0.102355 0.402614 
0.0439064 0.192278 0.502383 
0.0779668 0.248354 0.567327 
0.0794131 0.27105 0.620526 
0.0932851 0.31073 0.698832 
0.192995 0.416888 0.806656 
0.399183 0.578065 0.88865 
0.640689 0.714238 0.859416 
0.798168 0.738624 0.679317 
0.799008 0.641636 0.416992 
0.689401 0.52628 0.239992 
0.624893 0.559082 0.326183 
0.773281 0.858411 0.744095 
1.17929 1.38304 1.37121 
1.68093 1.89852 1.90911 
1.96839 2.08146 2.02495 
1.7964 1.74357 1.57906 
1.21046 1.02747 0.790771 
0.564293 0.36736 0.15409 
0.246219 0.164096 0.076427 
0.334062 0.426558 0.511402 
0.53622 0.752279 0.967084 
0.516611 0.726909 0.959962 
0.269452 0.35737 0.496989 
0.11894 0.0627522 0.0691456 
0.335046 0.213133 0.135341 
0.811036 0.725744 0.648005 
1.17517 1.1663 1.13347 
1.18496 1.21178 1.20437 
0.934233 0.930103 0.905298 
0.682751 0.607692 0.547186 
0.601087 0.426679 0.323852 
0.765916 0.416956 0.212212 
1.31603 0.659151 0.209121 
2.40959 1.33669 0.485167 
3.91254 2.45704 1.17037 
5.21465 3.58514 2.03204 
5.54871 4.03145 2.52 
4.62772 3.43012 2.23627 
2.98003 2.1377 1.35287 
1.60077 1.0072 0.513053 
1.20886 0.72176 0.294676 
1.76885 1.30134 0.758076 
2.64112 2.18511 1.47331 
3.1315 2.72715 1.9242 
2.93538 2.62917 1.87654 
2.19495 2.01238 1.4363 
1.27389 1.20805 0.864834 
0.509783 0.521097 0.382907 
0.087855 0.116262 0.0949125 
0.0231744 0.010918 0.00327707 
0.202921 0.115375 0.0454585 
0.4723 0.302967 0.140964 
0.732563 0.494088 0.252183 
0.976164 0.694493 0.416879 
1.21713 0.939785 0.700531 
1.39053 1.19586 1.09608 
1.35521 1.33559 1.47723 
1.03288 1.24274 1.67273 
0.545585 0.94331 1.59872 
0.178382 0.612134 1.31663 
0.16187 0.427911 0.963941 
0.468918 0.417879 0.641734 
0.825461 0.450538 0.375478 
0.933321 0.380349 0.167078 
0.705309 0.196617 0.0539456 
0.316926 0.0390502 0.101605 
0.0583798 0.0834375 0.346177 
0.13269 0.412067 0.754779 
0.551984 0.968489 1.23855 
1.17053 1.60432 1.69554 
1.78738 2.15953 2.04601 
2.23206 2.5183 2.24535 
2.39663 2.62168 2.27943 
2.23547 2.45537 2.15215 
1.77253 2.04502 1.8786 
1.12535 1.47238 1.49528 
0.508114 0.887777 1.07733 
0.167053 0.475271 0.730207 
0.253778 0.362509 0.537943 
0.715977 0.532232 0.501784 
1.30028 0.816816 0.531895 
1.68844 0.999619 0.51507 
1.68182 0.95345 0.404743 
1.30597 0.709053 0.249819 
0.768432 0.406493 0.136372 
0.315993 0.184621 0.106082 
0.103318 0.10898 0.140135 
0.150818 0.182811 0.2217 
0.379433 0.390851 0.390566 
0.661063 0.700405 0.699979 
0.858562 1.0223 1.10414 
0.882752 1.21852 1.41916 
0.772922 1.20862 1.45415 
0.72682 1.08955 1.21672 
0.993588 1.11262 0.969967 
