0.731674 0.956778 1.0344 
1.58296 2.10889 2.3154 
2.57001 3.4507 3.80778 
3.40041 4.63043 5.14002 
3.81459 5.32583 5.96666 
3.69452 5.36839 6.09686 
3.11089 4.80262 5.55892 
2.28017 3.84904 4.56825 
1.45567 2.7939 3.41953 
0.816756 1.86982 2.36526 
0.419554 1.19251 1.54515 
0.229414 0.77678 0.992448 
0.199124 0.601437 0.691732 
0.328514 0.663798 0.633806 
0.659804 0.980857 0.825669 
1.21477 1.54084 1.25473 
1.9257 2.25017 1.84418 
2.61866 2.92634 2.44319 
3.07098 3.35416 2.86907 
3.11294 3.37697 2.97996 
2.71276 2.96931 2.73505 
1.99498 2.24864 2.20792 
1.18416 1.42166 1.54848 
0.508628 0.697738 0.918323 
0.116214 0.215349 0.43412 
0.0390547 0.0123362 0.142729 
0.211902 0.0425852 0.029886 
0.521456 0.218541 0.0480204 
0.85625 0.453247 0.144756 
1.13678 0.68491 0.280388 
1.32242 0.881395 0.43218 
1.40348 1.03195 0.589572 
1.38914 1.13558 0.745885 
1.29809 1.1923 0.890868 
1.15317 1.19961 1.00711 
0.978861 1.15409 1.07246 
0.800583 1.05714 1.06922 
0.644887 0.922929 0.998216 
0.540044 0.785272 0.892117 
0.51525 0.698695 0.820079 
0.596271 0.729375 0.8765 
0.796426 0.93485 1.15214 
1.10458 1.33695 1.69419 
1.47536 1.89804 2.47002 
1.82874 2.51338 3.35251 
2.06479 3.02904 4.14018 
2.09372 3.28601 4.61295 
1.87309 3.17831 4.60815 
1.43703 2.70323 4.08895 
0.901062 1.97967 3.17526 
0.433221 1.22011 2.11792 
0.196644 0.660517 1.21941 
0.28453 0.472612 0.727589 
0.67639 0.694965 0.744178 
1.23896 1.21483 1.18696 
1.7759 1.81187 1.82355 
2.10626 2.24657 2.36408 
2.13594 2.35455 2.57389 
1.88857 2.10551 2.3591 
1.48326 1.60291 1.79159 
1.07385 1.03029 1.06814 
0.783241 0.573624 0.427089 
0.664849 0.355968 0.0599987 
0.703922 0.408441 0.0519888 
0.847786 0.679737 0.366892 
1.04041 1.06934 0.873864 
1.24081 1.46482 1.39916 
1.42092 1.77029 1.78315 
1.55368 1.92276 1.92583 
1.60677 1.89881 1.80942 
1.54942 1.71395 1.49372 
1.368 1.41468 1.08708 
1.07921 1.06381 0.704134 
0.731685 0.722788 0.426637 
0.394349 0.437334 0.282385 
0.137002 0.231691 0.248972 
0.0104165 0.111515 0.276843 
0.0316744 0.0704363 0.317485 
0.17794 0.0944264 0.342208 
0.390673 0.162122 0.344789 
0.591247 0.244419 0.331612 
0.705846 0.308445 0.309289 
0.692411 0.327489 0.278522 
0.558357 0.292556 0.236433 
0.359099 0.217814 0.182906 
0.175354 0.134682 0.12439 
0.0782603 0.0763398 0.071754 
0.0988788 0.0611085 0.034122 
0.217342 0.0845211 0.0137513 
0.376642 0.124618 0.00589509 
0.51267 0.156593 0.0033571 
0.58361 0.16708 0.00176372 
0.58343 0.159207 0.0013608 
0.534703 0.146348 0.00446805 
0.468551 0.140483 0.0117165 
0.40596 0.144313 0.0213456 
0.351445 0.152632 0.0329239 
0.299918 0.160658 0.0521621 
0.248246 0.171296 0.0911745 
0.201113 0.194146 0.161222 
0.167012 0.236071 0.261241 
0.149285 0.290849 0.37053 
0.141531 0.337434 0.453206 
0.132885 0.350635 0.474958 
0.119822 0.318421 0.423598 
0.114577 0.253937 0.320591 
0.141544 0.192529 0.214747 
0.221694 0.173696 0.159634 
0.354554 0.218093 0.18644 
0.510384 0.313615 0.287235 
0.639328 0.419283 0.417926 
0.693522 0.484979 0.51915 
0.64986 0.475953 0.543858 
0.52085 0.389015 0.477682 
0.34838 0.253004 0.343188 
0.185053 0.115159 0.188095 
0.0737897 0.0219171 0.0651314 
0.0356024 0.00377429 0.0135887 
0.0693248 0.0697101 0.0495904 
0.160075 0.210584 0.166357 
0.289496 0.406678 0.340964 
0.441744 0.634146 0.542616 
0.603358 0.867857 0.739189 
0.759452 1.08166 0.901608 
0.890667 1.24889 1.00728 
0.974251 1.34529 1.04332 
0.989656 1.3541 1.00879 
0.926203 1.2711 0.914293 
0.789156 1.10705 0.778308 
0.601303 0.886423 0.621705 
0.398998 0.642751 0.463102 
0.223501 0.412065 0.316913 
0.1099 0.225722 0.193699 
0.0768145 0.10381 0.10075 
0.120456 0.0506828 0.0412833 
0.21583 0.0545516 0.0128532 
0.325509 0.0923131 0.00727051 
0.412922 0.138454 0.013711 
0.454437 0.174177 0.0239464 
0.444732 0.192115 0.0361926 
0.393679 0.19445 0.0543984 
0.317924 0.186525 0.0830421 
0.233067 0.171056 0.121157 
0.150707 0.147169 0.16022 
0.0799147 0.114208 0.187749 
0.028935 0.0761052 0.194119 
0.00348654 0.0416396 0.177699 
0.00239118 0.0195882 0.144919 
0.0153638 0.0125921 0.105812 
0.0273303 0.0150978 0.0687917 
0.0282588 0.0175612 0.0383516 
0.0215918 0.0137884 0.0164905 
0.0235951 0.00549361 0.00563119 
0.0520205 0.000409422 0.0101028 
0.111177 0.00572317 0.0350352 
0.184618 0.0225228 0.08383 
0.242113 0.0458889 0.156155 
0.257214 0.0702133 0.247385 
0.223554 0.0947406 0.349051 
0.158532 0.124279 0.449704 
0.092245 0.164498 0.536444 
0.0500871 0.216181 0.59793 
0.0414096 0.273845 0.628668 
0.0611192 0.330428 0.632688 
0.101211 0.384786 0.624294 
0.162967 0.447022 0.625504 
0.262297 0.539277 0.662681 
0.427542 0.69353 0.765496 
0.69392 0.948587 0.968064 
1.09729 1.345 1.30701 
1.66458 1.91303 1.80952 
2.39648 2.6509 2.47 
3.24412 3.49944 3.22486 
4.09289 4.32937 3.9438 
4.7718 4.95889 4.45353 
5.09846 5.20673 4.59424 
4.94857 4.96409 4.28815 
4.31816 4.25147 3.58592 
3.34241 3.22741 2.66265 
2.25375 2.1376 1.759 
1.29462 1.22446 1.09172 
0.627109 0.639657 0.77514 
0.284426 0.400458 0.789047 
0.185653 0.407352 1.00416 
0.199859 0.507679 1.24743 
0.220263 0.569215 1.3732 
0.20881 0.52849 1.30958 
0.193839 0.398042 1.06752 
0.232505 0.240506 0.719597 
0.366725 0.130996 0.366176 
0.598325 0.127403 0.104227 
0.891599 0.25653 0.00567229 
1.19353 0.512742 0.10451 
1.45499 0.862159 0.390449 
1.64179 1.24893 0.809579 
1.73539 1.60484 1.27479 
1.73 1.86417 1.68682 
1.6318 1.98162 1.96145 
1.46033 1.94653 2.0537 
1.24759 1.78606 1.96954 
1.03164 1.55494 1.76031 
0.846208 1.31621 1.50264 
0.711608 1.12188 1.27242 
0.631777 1.00107 1.12293 
0.597644 0.95823 1.07423 
0.592923 0.978548 1.11572 
0.598039 1.03568 1.21786 
0.591448 1.09833 1.34656 
0.551582 1.1352 1.47313 
0.463097 1.11967 1.57637 
0.327152 1.03499 1.63814 
0.170163 0.879388 1.63806 
0.0433228 0.668761 1.55399 
0.00870167 0.435351 1.37139 
0.115181 0.221473 1.09769 
0.374233 0.0691462 0.772292 
0.747354 0.00779801 0.46227 
1.15252 0.0435749 0.241143 
1.48878 0.15465 0.158592 
1.66998 0.296191 0.216797 
1.65443 0.415271 0.367553 
1.45839 0.470774 0.533499 
1.14743 0.449187 0.642842 
0.808753 0.367717 0.658953 
0.516523 0.262592 0.589814 
0.306355 0.16942 0.474992 
0.171931 0.1079 0.361074 
0.0856395 0.0804532 0.281217 
0.0313274 0.0842911 0.248398 
0.028706 0.126137 0.260593 
0.132097 0.226178 0.308655 
0.400973 0.405688 0.379187 
0.857934 0.665861 0.452683 
1.45964 0.973779 0.503577 
2.10033 1.2681 0.507648 
2.6489 1.48383 0.454517 
3.00042 1.58197 0.356091 
3.11503 1.56617 0.242879 
3.02552 1.47721 0.148926 
2.81387 1.37084 0.0955439 
2.57339 1.29366 0.085346 
2.377 1.27013 0.109719 
2.26402 1.30332 0.161646 
2.2445 1.3833 0.241762 
2.31204 1.49515 0.352521 
2.45553 1.62364 0.487283 
2.66487 1.75688 0.626807 
2.9294 1.88984 0.749081 
3.22995 2.02471 0.844997 
3.52779 2.16323 0.924685 
3.75833 2.2929 1.00591 
