0.120492 0.0495496 0.152983 
0.390475 0.194914 0.0844899 
0.712037 0.436374 0.16021 
0.955338 0.661898 0.293161 
1.06696 0.803507 0.403528 
1.09554 0.874582 0.46639 
1.14475 0.944071 0.50804 
1.31965 1.09168 0.576149 
1.70267 1.37681 0.711276 
2.32486 1.80706 0.91797 
3.10355 2.29624 1.13636 
3.80305 2.65841 1.25026 
4.11301 2.69554 1.16378 
3.84195 2.34846 0.904558 
3.08192 1.78241 0.64808 
2.18526 1.30263 0.604945 
1.54772 1.14539 0.847397 
1.36297 1.3135 1.22994 
1.53189 1.58936 1.48422 
1.77013 1.7018 1.41136 
1.80685 1.50561 1.01574 
1.53273 1.05198 0.491471 
1.02932 0.536311 0.100814 
0.500335 0.189313 0.0464703 
0.164332 0.179693 0.4041 
0.160947 0.55737 1.11535 
0.500511 1.23825 2.01261 
1.06514 2.02617 2.85922 
1.65195 2.6679 3.40597 
2.04082 2.93251 3.46472 
2.07081 2.69825 2.98463 
1.70895 2.01938 2.10118 
1.08377 1.13589 1.12082 
0.448561 0.394549 0.418734 
0.0630027 0.0888915 0.269807 
0.0427267 0.290178 0.689863 
0.277967 0.782351 1.39293 
0.502985 1.17666 1.92675 
0.493064 1.16271 1.93657 
0.250231 0.73256 1.39682 
0.0234885 0.204992 0.641909 
0.131521 0.0138963 0.155732 
0.720459 0.409157 0.259818 
1.64666 1.2905 0.920383 
2.56907 2.28553 1.79909 
3.1668 2.99163 2.48331 
3.31628 3.19589 2.71505 
3.12016 2.94033 2.47874 
2.79985 2.43359 1.93906 
2.54111 1.90207 1.31469 
2.38772 1.47666 0.775722 
2.23858 1.16364 0.402284 
1.9453 0.89511 0.196392 
1.44488 0.612813 0.117714 
0.831906 0.323672 0.112924 
0.316599 0.0934759 0.128419 
0.104277 6.66857e-05 0.122924 
0.28639 0.093752 0.0953672 
0.802597 0.382066 0.105221 
1.46661 0.816541 0.23902 
2.02603 1.27362 0.521833 
2.2494 1.57034 0.851629 
2.03245 1.55171 1.0434 
1.46807 1.20561 0.968846 
0.805178 0.69615 0.667056 
0.297307 0.259765 0.315101 
0.0511331 0.0416307 0.083838 
0.000118776 0.0168276 0.0164358 
0.0132823 0.0587036 0.0350637 
0.0235383 0.0742357 0.0476615 
0.057683 0.0746875 0.0386801 
0.163727 0.131674 0.0649918 
0.330263 0.283088 0.180965 
0.480374 0.484772 0.374583 
0.533668 0.64203 0.568543 
0.467657 0.679192 0.674034 
0.325801 0.585164 0.646518 
0.178079 0.408347 0.504596 
0.0768836 0.219564 0.310488 
0.0409325 0.0772633 0.13621 
0.0657289 0.0125094 0.0365112 
0.137822 0.027654 0.0320312 
0.237905 0.098028 0.100055 
0.339388 0.179304 0.180546 
0.416846 0.229691 0.208456 
0.463621 0.240638 0.161725 
0.500716 0.250766 0.0883167 
0.56426 0.324922 0.0830829 
0.681186 0.511653 0.227716 
0.853667 0.811839 0.539569 
1.05944 1.17626 0.961531 
1.25794 1.52207 1.38585 
1.39514 1.75296 1.68779 
1.41453 1.78382 1.76114 
1.28196 1.57652 1.56012 
1.01262 1.17337 1.13665 
0.675581 0.697654 0.640514 
0.364809 0.304792 0.261527 
0.152394 0.105255 0.135589 
0.0541655 0.106114 0.269267 
0.0301324 0.210405 0.532484 
0.0217022 0.280738 0.73095 
0.00394102 0.233733 0.723422 
0.0134388 0.103699 0.514471 
0.119208 0.0209228 0.254251 
0.347374 0.10598 0.130666 
0.622919 0.356777 0.224526 
0.795459 0.628728 0.443756 
0.747035 0.738764 0.598969 
0.494907 0.611478 0.561515 
0.192014 0.340059 0.368175 
0.0150083 0.108795 0.184179 
0.033712 0.0491738 0.164973 
0.172821 0.155498 0.341596 
0.290774 0.320601 0.618324 
0.298442 0.440463 0.862119 
0.216912 0.487448 0.992354 
0.139373 0.499936 1.00297 
0.14494 0.519424 0.92497 
0.239032 0.543199 0.784342 
0.357466 0.530314 0.594472 
0.417035 0.444366 0.376011 
0.370374 0.290884 0.171469 
0.234161 0.122199 0.0346774 
0.0833662 0.0128946 0.0039722 
0.0188104 0.0254213 0.082203 
0.120045 0.182635 0.237506 
0.400241 0.454921 0.42049 
0.785908 0.765371 0.583878 
1.14038 1.01483 0.694544 
1.32755 1.12134 0.736839 
1.28215 1.05648 0.710846 
1.04099 0.856427 0.628342 
0.713718 0.599034 0.507712 
0.415274 0.361738 0.369419 
0.209425 0.188663 0.233634 
0.0978401 0.0849843 0.119141 
0.0483299 0.0331626 0.0407669 
0.028507 0.0121291 0.00540081 
0.019942 0.00712766 0.0110018 
0.0151655 0.0115673 0.0509159 
0.0129612 0.0255696 0.117332 
0.0177589 0.0506278 0.195624 
0.0374488 0.0810126 0.254749 
0.0775525 0.102123 0.254137 
0.138377 0.105571 0.178318 
0.217717 0.110281 0.0750396 
0.310231 0.160472 0.0491522 
0.397748 0.287022 0.193051 
0.444148 0.46208 0.500104 
0.415008 0.598592 0.841918 
0.316368 0.610637 1.04487 
0.214148 0.487112 1.01106 
0.201672 0.30966 0.783749 
0.3318 0.194488 0.505481 
0.571158 0.208119 0.310877 
0.8184 0.327237 0.244425 
0.970534 0.467577 0.25854 
0.981912 0.547841 0.27421 
0.87603 0.536819 0.245116 
0.715741 0.458365 0.180273 
0.563799 0.36339 0.121464 
0.457139 0.293407 0.102678 
0.398794 0.257557 0.124271 
0.36408 0.234875 0.159148 
0.318928 0.198826 0.182538 
0.244041 0.145091 0.197212 
0.150659 0.0991212 0.229507 
0.075856 0.0963546 0.299143 
0.0602547 0.152675 0.392778 
0.124142 0.251027 0.468535 
0.25632 0.353243 0.487548 
0.41818 0.423152 0.442065 
0.557283 0.441572 0.355801 
0.625072 0.407231 0.261647 
0.594957 0.33114 0.180733 
0.474693 0.231921 0.118171 
0.305107 0.13207 0.0707849 
0.142869 0.0528558 0.0351745 
0.0356209 0.00937938 0.0122558 
0.00347686 0.00876177 0.00998219 
0.0362846 0.0504423 0.0417785 
0.10577 0.125532 0.116103 
0.183783 0.216419 0.222185 
0.255734 0.301357 0.327147 
0.321625 0.363849 0.392655 
0.385221 0.398785 0.398725 
0.441666 0.409066 0.353144 
0.476005 0.397543 0.279963 
0.474146 0.364443 0.201657 
0.433972 0.312343 0.131768 
0.366916 0.252332 0.079802 
0.299281 0.210213 0.0608319 
0.288798 0.238343 0.105792 
0.443254 0.424784 0.267106 
0.893434 0.867262 0.601376 
1.69277 1.59141 1.11456 
2.70078 2.45812 1.69808 
3.5721 3.16071 2.12887 
3.91829 3.37006 2.1801 
3.55399 2.95058 1.78448 
2.63242 2.0728 1.11061 
1.54861 1.1128 0.46481 
0.687516 0.41378 0.0885868 
0.222608 0.105275 0.0239595 
0.100808 0.105984 0.149175 
0.16868 0.257054 0.318614 
0.296071 0.438724 0.459629 
0.414102 0.593236 0.562393 
0.494676 0.695504 0.627006 
0.526201 0.735239 0.648308 
0.497167 0.711277 0.630748 
0.390681 0.617645 0.58084 
0.232827 0.458233 0.491758 
0.21305 0.34104 0.394623 
0.758462 0.582497 0.467888 
2.35911 1.62652 1.04561 
5.11521 3.68414 2.38299 
8.33556 6.327 4.29907 
10.6654 8.47846 6.06061 
10.8639 9.00291 6.75445 
8.71762 7.5248 5.93909 
5.3036 4.77906 4.01939 
2.28928 2.12458 1.9712 
0.799479 0.594622 0.631869 
0.78209 0.28529 0.178831 
1.33682 0.548659 0.213204 
1.59516 0.698688 0.266351 
1.32207 0.527222 0.187135 
0.815858 0.240892 0.0940703 
0.414456 0.0641398 0.083605 
0.198579 0.0137529 0.0945679 
0.107947 0.0257444 0.0538357 
0.174035 0.159948 0.0514385 
0.509368 0.559582 0.273462 
1.07646 1.20501 0.751685 
1.57288 1.79324 1.24225 
1.63631 1.94127 1.4105 
1.18176 1.5283 1.14378 
0.510175 0.818936 0.661211 
0.0655491 0.239207 0.308165 
0.0789392 0.0334378 0.253303 
0.427889 0.123989 0.384587 
0.798987 0.261556 0.471489 
0.958392 0.273965 0.397535 
0.887776 0.176678 0.237525 
0.718839 0.0896459 0.142824 
0.580102 0.0884482 0.180224 
0.500162 0.137844 0.278897 
0.422872 0.146574 0.313525 
0.295869 0.0758716 0.234403 
