0.292508 0.18077 0.230849 
0.201424 0.082444 0.0694841 
0.234801 0.10449 0.0196655 
0.484702 0.374029 0.215674 
0.922577 0.853546 0.617171 
1.29658 1.25015 0.938739 
1.28638 1.21853 0.871271 
0.838247 0.726855 0.431391 
0.31176 0.180349 0.035186 
0.20751 0.0946137 0.134673 
0.714318 0.617316 0.76419 
1.54564 1.3995 1.49157 
2.22157 1.9387 1.82892 
2.47476 2.00797 1.6508 
2.38694 1.75449 1.20861 
2.2225 1.47764 0.829265 
2.21792 1.40579 0.692177 
2.49439 1.64742 0.855086 
3.02681 2.19881 1.33125 
3.59568 2.88426 2.02266 
3.82143 3.33734 2.6256 
3.38981 3.18932 2.75042 
2.33876 2.37804 2.2331 
1.11345 1.2672 1.3237 
0.275637 0.406128 0.519425 
0.101558 0.124825 0.181018 
0.421822 0.3276 0.289097 
0.818251 0.642346 0.535976 
0.967928 0.749574 0.621068 
0.83727 0.595558 0.470958 
0.614089 0.353812 0.232736 
0.499594 0.2321 0.108519 
0.555584 0.312596 0.199671 
0.700771 0.529034 0.46626 
0.809055 0.74914 0.785968 
0.805833 0.868593 1.03514 
0.699393 0.85546 1.13902 
0.55212 0.743765 1.08734 
0.42943 0.600362 0.926361 
0.361721 0.484869 0.729517 
0.339965 0.420535 0.555285 
0.34341 0.393624 0.421163 
0.369612 0.378902 0.314931 
0.431676 0.363212 0.226547 
0.526275 0.346851 0.166251 
0.618388 0.336803 0.160209 
0.671618 0.352852 0.240786 
0.689615 0.433074 0.436207 
0.712038 0.608559 0.746612 
0.765521 0.858294 1.11497 
0.829516 1.09857 1.43262 
0.855978 1.23347 1.59725 
0.813356 1.22169 1.57926 
0.705287 1.09527 1.43439 
0.558342 0.923041 1.25584 
0.405982 0.763919 1.11606 
0.278261 0.644382 1.04004 
0.187724 0.556793 1.00806 
0.120564 0.469627 0.970327 
0.056433 0.353437 0.872172 
0.00641482 0.213546 0.688512 
0.0196057 0.0971403 0.446538 
0.135314 0.0588993 0.215975 
0.328181 0.117034 0.0752558 
0.512514 0.245017 0.0793405 
0.607798 0.400912 0.23994 
0.59947 0.554745 0.513973 
0.538735 0.6879 0.806741 
0.491836 0.780246 1.00586 
0.491541 0.811431 1.03849 
0.527666 0.776632 0.911773 
0.574348 0.69829 0.70339 
0.628492 0.62468 0.514917 
0.729444 0.618642 0.428679 
0.937575 0.735384 0.48837 
1.27558 0.986392 0.689858 
1.67589 1.30793 0.971292 
1.99178 1.57296 1.22212 
2.08383 1.66107 1.33326 
1.91754 1.54015 1.26538 
1.58508 1.28603 1.07467 
1.23411 1.02098 0.866854 
0.978233 0.83503 0.725174 
0.868586 0.763177 0.681132 
0.917317 0.810418 0.732249 
1.10111 0.954651 0.848139 
1.32524 1.10903 0.94356 
1.42299 1.12242 0.88715 
1.25361 0.883939 0.607046 
0.833414 0.4582 0.218008 
0.355827 0.0886357 0.0028287 
0.0519076 0.0173632 0.197724 
0.014929 0.276103 0.759963 
0.154041 0.656294 1.3598 
0.30271 0.888531 1.63009 
0.356244 0.852112 1.44545 
0.314851 0.62637 0.979712 
0.23147 0.374298 0.521049 
0.148652 0.201435 0.245987 
0.0813324 0.113303 0.14693 
0.0328959 0.0684176 0.124966 
0.00919424 0.043558 0.11516 
0.0188148 0.0501623 0.126753 
0.0663165 0.105283 0.192852 
0.14256 0.196606 0.304919 
0.216522 0.275428 0.399971 
0.242553 0.285589 0.406885 
0.192265 0.208733 0.305616 
0.0932589 0.0912166 0.147874 
0.037717 0.0288898 0.0261646 
0.141301 0.11769 0.0217987 
0.472005 0.401491 0.170685 
0.9912 0.842798 0.456097 
1.54181 1.32248 0.811667 
1.89989 1.67066 1.12918 
1.88422 1.73556 1.29129 
1.48065 1.47568 1.23642 
0.89413 1.01322 1.01072 
0.453088 0.579254 0.742836 
0.395951 0.360964 0.542259 
0.696199 0.369474 0.415135 
1.08462 0.453261 0.290483 
1.26344 0.449773 0.132804 
1.12626 0.327736 0.0115463 
0.795351 0.185383 0.039412 
0.474155 0.127087 0.242876 
0.284352 0.163381 0.51129 
0.235553 0.232542 0.684421 
0.30843 0.295176 0.686063 
0.520403 0.382979 0.570724 
0.895043 0.554059 0.454636 
1.38259 0.814585 0.416232 
1.83033 1.08826 0.453766 
2.04456 1.25414 0.50902 
1.90275 1.21747 0.514539 
1.43935 0.969838 0.433801 
0.844065 0.606135 0.2847 
0.359167 0.277414 0.13175 
0.131171 0.0945821 0.0384669 
0.128338 0.0562658 0.0162674 
0.20731 0.0821946 0.0352271 
0.282085 0.139347 0.106057 
0.429775 0.329837 0.341886 
0.809073 0.817501 0.89409 
1.45988 1.63383 1.78155 
2.19359 2.55527 2.7732 
2.70001 3.19814 3.46739 
2.77001 3.2663 3.53348 
2.41997 2.73877 2.92555 
1.82775 1.85572 1.90659 
1.18805 0.954154 0.888708 
0.634366 0.302625 0.221809 
0.244379 0.0197722 0.0523091 
0.046628 0.0639948 0.293076 
6.89631e-05 0.270767 0.694674 
0.0114167 0.444982 0.988403 
0.0219385 0.484186 1.03523 
0.0743822 0.438596 0.883195 
0.254257 0.433886 0.684627 
0.547976 0.518931 0.546481 
0.789676 0.599954 0.456719 
0.789556 0.541533 0.349978 
0.523782 0.328455 0.224695 
0.180285 0.110155 0.174549 
0.0091134 0.0808915 0.305051 
0.135613 0.326116 0.636697 
0.511785 0.78187 1.09519 
1.00526 1.31002 1.57479 
1.48728 1.77804 1.98686 
1.83755 2.07498 2.25588 
1.92926 2.1085 2.31264 
1.68473 1.84741 2.13346 
1.17194 1.38236 1.79108 
0.616027 0.912985 1.43954 
0.268131 0.632745 1.21935 
0.231249 0.600541 1.16259 
0.40224 0.715832 1.1855 
0.58022 0.816444 1.1696 
0.634103 0.804204 1.05143 
0.577989 0.690233 0.84725 
0.505351 0.540625 0.611701 
0.469355 0.39672 0.387917 
0.435244 0.254258 0.199313 
0.342682 0.111027 0.0773327 
0.195473 0.0120673 0.0729917 
0.0691767 0.0214048 0.21426 
0.0259466 0.139014 0.442217 
0.0427487 0.266308 0.61262 
0.0517293 0.291047 0.604667 
0.0527129 0.222939 0.453788 
0.14976 0.220679 0.358297 
0.436649 0.444549 0.513012 
0.846373 0.871207 0.917233 
1.15607 1.28287 1.36617 
1.18122 1.4714 1.65672 
0.9665 1.45107 1.79552 
0.757991 1.44208 1.97393 
0.76991 1.62789 2.32285 
0.983144 1.94027 2.71091 
1.17667 2.10057 2.81558 
1.14292 1.87501 2.41034 
0.861655 1.28865 1.58865 
0.484095 0.606607 0.717095 
0.188156 0.130233 0.175617 
0.062856 0.00378271 0.115527 
0.0957284 0.165584 0.405933 
0.216432 0.427914 0.760301 
0.334116 0.596635 0.922865 
0.366747 0.56658 0.802707 
0.282811 0.366502 0.501834 
0.133168 0.135609 0.234169 
0.0254086 0.0307151 0.179038 
0.040627 0.113379 0.357176 
0.161085 0.30164 0.617724 
0.279545 0.433071 0.752249 
0.288446 0.395029 0.652771 
0.174606 0.219127 0.393445 
0.0421339 0.0670003 0.178089 
0.0491225 0.124818 0.203683 
0.312487 0.493272 0.54929 
0.852782 1.15119 1.16384 
1.60657 1.99847 1.93429 
2.47058 2.91702 2.75443 
3.32171 3.78871 3.53609 
4.00273 4.47289 4.17813 
4.3257 4.80325 4.55364 
4.14372 4.64818 4.54931 
3.4619 4.00349 4.12957 
2.4836 3.03215 3.37029 
1.51876 1.99794 2.43559 
0.80673 1.13339 1.51715 
0.398813 0.542594 0.772957 
0.194869 0.204196 0.289222 
0.0790981 0.0458136 0.0691865 
0.0121029 0.0059728 0.0448896 
0.00573102 0.0375902 0.108406 
0.047858 0.0865487 0.157697 
0.0893486 0.103221 0.142711 
0.108214 0.0864222 0.0856248 
0.155671 0.0969084 0.0532327 
0.307312 0.199596 0.0919853 
0.566157 0.382343 0.176861 
0.835675 0.544419 0.226862 
1.00789 0.58362 0.183277 
1.07986 0.503086 0.0803782 
1.1752 0.429778 0.0356616 
1.44365 0.520643 0.159822 
1.93203 0.839009 0.463382 
2.53932 1.3052 0.839742 
3.08372 1.75196 1.1345 
3.4146 2.02824 1.24027 
