0.23384 0.259441 0.369198 
0.27979 0.237927 0.339502 
0.291115 0.251957 0.410813 
0.262807 0.326736 0.636278 
0.251016 0.521728 1.07749 
0.308648 0.853259 1.71699 
0.409665 1.21816 2.38016 
0.455714 1.42341 2.78124 
0.373952 1.3265 2.70009 
0.206772 0.962984 2.15056 
0.0899805 0.530452 1.38176 
0.132281 0.234952 0.701719 
0.318853 0.145401 0.280551 
0.537024 0.18777 0.098752 
0.687487 0.259075 0.0497454 
0.755714 0.323345 0.0603445 
0.776615 0.396594 0.111864 
0.755967 0.470215 0.184069 
0.655542 0.487389 0.227534 
0.457995 0.404973 0.207812 
0.222069 0.257536 0.154798 
0.0505048 0.137299 0.140168 
0.00214635 0.109811 0.201599 
0.0466054 0.161098 0.30293 
0.106111 0.227567 0.37376 
0.129954 0.262146 0.376175 
0.123193 0.262694 0.32487 
0.116833 0.250517 0.256386 
0.128132 0.243765 0.201101 
0.150334 0.254929 0.186104 
0.166062 0.295466 0.240104 
0.163236 0.367056 0.371753 
0.14745 0.452392 0.544257 
0.147483 0.525273 0.687134 
0.198749 0.567426 0.739615 
0.304028 0.56628 0.679913 
0.411801 0.504025 0.521917 
0.455494 0.375239 0.310379 
0.429198 0.229117 0.133042 
0.412057 0.170569 0.107915 
0.493493 0.276756 0.301868 
0.669494 0.494831 0.630183 
0.831925 0.647698 0.861889 
0.876847 0.582912 0.785328 
0.817571 0.337535 0.4173 
0.7747 0.148779 0.0579781 
0.851342 0.28145 0.112947 
1.02769 0.820728 0.81171 
1.18186 1.60558 2.04025 
1.20592 2.34045 3.3999 
1.09846 2.77636 4.42686 
0.959058 2.82885 4.8164 
0.909806 2.58109 4.53178 
1.01478 2.20366 3.77025 
1.24422 1.85199 2.83205 
1.49208 1.5958 1.97383 
1.63742 1.41421 1.32289 
1.6222 1.25164 0.8838 
1.49582 1.08492 0.603903 
1.38379 0.942289 0.431633 
1.39378 0.861672 0.330203 
1.53098 0.837083 0.264421 
1.69198 0.811072 0.199159 
1.73962 0.721119 0.11911 
1.59802 0.555899 0.0458048 
1.30318 0.375634 0.0304866 
0.987738 0.288062 0.128713 
0.81931 0.400961 0.375803 
0.923466 0.773159 0.771143 
1.31998 1.37712 1.26786 
1.89781 2.08621 1.76963 
2.44627 2.70085 2.1462 
2.73755 3.0157 2.27376 
2.62876 2.90613 2.08886 
2.13685 2.39526 1.63001 
1.44585 1.66275 1.04135 
0.830221 0.976445 0.524063 
0.518639 0.566166 0.246078 
0.566257 0.502218 0.252107 
0.819226 0.658114 0.434276 
1.01102 0.79676 0.598113 
0.939681 0.733775 0.592362 
0.605636 0.465648 0.414095 
0.208639 0.167976 0.209672 
0.00528534 0.0653446 0.168892 
0.133524 0.271495 0.390902 
0.530231 0.715148 0.817423 
0.98947 1.19424 1.27215 
1.30245 1.50518 1.56772 
1.37144 1.5509 1.60448 
1.22901 1.36512 1.4056 
0.977206 1.06076 1.08429 
0.71561 0.75864 0.777854 
0.513131 0.545438 0.589722 
0.419632 0.467364 0.559988 
0.472562 0.532585 0.661767 
0.671159 0.702727 0.814309 
0.943436 0.887434 0.911812 
1.15627 0.9714 0.869254 
1.18317 0.876434 0.671532 
0.98423 0.618485 0.394826 
0.634184 0.310919 0.176377 
0.278778 0.105193 0.143822 
0.0567515 0.109222 0.347205 
0.0395129 0.335083 0.73463 
0.211062 0.698917 1.18037 
0.481972 1.06306 1.54408 
0.728221 1.29822 1.73154 
0.847472 1.34183 1.73216 
0.809686 1.22424 1.61492 
0.665436 1.0406 1.47837 
0.498926 0.880094 1.38093 
0.363194 0.765213 1.30253 
0.255832 0.653084 1.17212 
0.152774 0.495938 0.940259 
0.0565634 0.300482 0.632157 
0.0039448 0.128801 0.334505 
0.0285208 0.0454083 0.132817 
0.126688 0.0682735 0.0595351 
0.267871 0.170111 0.0936986 
0.433735 0.317386 0.19741 
0.633268 0.49551 0.343035 
0.866989 0.69013 0.505648 
1.0771 0.850395 0.639685 
1.15061 0.889169 0.679611 
0.998672 0.7429 0.580762 
0.652834 0.446662 0.369816 
0.279946 0.144957 0.150043 
0.0765019 0.00311305 0.0372684 
0.11777 0.0798921 0.0707016 
0.297142 0.276653 0.182376 
0.42157 0.421908 0.264755 
0.383377 0.421743 0.276963 
0.250835 0.334985 0.280042 
0.195877 0.301659 0.359222 
0.334113 0.399827 0.51517 
0.629472 0.574553 0.647212 
0.939408 0.700635 0.653337 
1.13766 0.701603 0.539929 
1.19582 0.603289 0.420374 
1.17052 0.486189 0.403709 
1.13747 0.406215 0.492027 
1.13773 0.363815 0.58796 
1.16134 0.329039 0.591588 
1.15795 0.275879 0.483578 
1.06579 0.195682 0.327921 
0.855014 0.0994563 0.217913 
0.562339 0.0204758 0.224361 
0.280984 0.00378041 0.36964 
0.102467 0.072841 0.617124 
0.0585765 0.200578 0.87697 
0.116803 0.324171 1.04607 
0.224558 0.398191 1.07336 
0.345119 0.430212 0.998428 
0.449238 0.45903 0.921563 
0.49409 0.506289 0.931396 
0.443321 0.566682 1.06195 
0.321872 0.648621 1.30978 
0.232942 0.800944 1.66309 
0.287573 1.06688 2.08286 
0.497602 1.40006 2.45439 
0.742538 1.64588 2.59525 
0.858656 1.6388 2.36203 
0.773796 1.33971 1.77858 
0.561871 0.881022 1.05535 
0.372421 0.471662 0.459939 
0.312206 0.250717 0.144929 
0.388462 0.220487 0.08175 
0.544373 0.298876 0.142291 
0.725241 0.414718 0.230493 
0.905016 0.549267 0.338312 
1.06742 0.705849 0.497582 
1.18706 0.866531 0.704435 
1.24132 0.991104 0.900416 
1.23681 1.05297 1.01822 
1.21608 1.06704 1.03518 
1.23682 1.08193 0.984162 
1.34409 1.14872 0.922327 
1.555 1.29287 0.891616 
1.8535 1.50092 0.897327 
2.18583 1.71891 0.908673 
2.46146 1.86255 0.875002 
2.57603 1.84591 0.753129 
2.45838 1.62587 0.538425 
2.11417 1.23715 0.282326 
1.62867 0.786515 0.0771626 
1.11943 0.399566 0.00798817 
0.674906 0.154734 0.100201 
0.33017 0.0557281 0.303858 
0.0958005 0.0636548 0.532045 
0.000631498 0.155069 0.725371 
0.0929111 0.346101 0.888089 
0.389602 0.656232 1.06364 
0.824183 1.04817 1.27235 
1.25139 1.40765 1.46933 
1.5122 1.58979 1.56108 
1.50717 1.49816 1.46707 
1.23186 1.14187 1.17981 
0.776566 0.644914 0.788027 
0.3114 0.212986 0.454942 
0.0469471 0.0646325 0.357979 
0.143046 0.332239 0.605279 
0.592941 0.971741 1.1679 
1.18282 1.75493 1.88242 
1.60182 2.3817 2.53929 
1.6403 2.6424 2.98988 
1.30971 2.49831 3.17411 
0.789409 2.02883 3.05702 
0.291664 1.34522 2.58643 
0.0114234 0.60085 1.77561 
0.181941 0.0719393 0.842648 
1.06973 0.127568 0.197715 
2.78212 0.990935 0.18218 
5.02885 2.47547 0.765602 
7.14776 4.01993 1.5467 
8.49712 5.0984 2.14166 
8.90137 5.65054 2.59721 
8.69557 6.0643 3.3497 
8.2867 6.66529 4.68453 
7.68179 7.22463 6.22605 
6.51606 7.05594 7.05385 
4.59244 5.68802 6.44281 
2.35293 3.45682 4.54824 
0.713455 1.37316 2.34554 
0.345102 0.332974 0.848332 
1.09401 0.416038 0.345614 
2.1283 0.942264 0.363187 
2.67647 1.19408 0.310097 
2.64041 1.06866 0.105168 
2.52932 1.05165 0.171548 
2.85972 1.62319 0.886532 
3.6497 2.73797 2.10818 
4.44447 3.85313 3.24272 
4.73695 4.38143 3.71944 
4.33156 4.09028 3.37775 
3.39221 3.15213 2.46665 
2.2827 1.95323 1.39027 
1.41169 0.911987 0.500033 
1.12321 0.381775 0.0391169 
1.55637 0.548852 0.124694 
2.51159 1.31232 0.687069 
3.49689 2.2875 1.45527 
4.01839 3.02404 2.09368 
3.90684 3.29628 2.41456 
3.39023 3.21532 2.47637 
2.87549 3.09765 2.50498 
2.69826 3.27702 2.77424 
3.06981 4.03524 3.56761 
4.13787 5.57932 5.13344 
5.90792 7.87665 7.47213 
8.00013 10.3927 10.0406 
