2.43443 1.96216 1.1977 
2.43632 1.89838 1.16785 
2.33007 1.75346 1.1087 
2.06742 1.49889 1.00472 
1.65286 1.14881 0.864037 
1.14277 0.755561 0.71431 
0.632649 0.397562 0.595952 
0.234512 0.160518 0.55208 
0.0481233 0.114189 0.615207 
0.131629 0.289467 0.793844 
0.479248 0.66293 1.06447 
1.01394 1.15573 1.3736 
1.60067 1.65007 1.65111 
2.08041 2.02077 1.8308 
2.31743 2.17281 1.87103 
2.24448 2.07181 1.76697 
1.88755 1.75471 1.54951 
1.35686 1.31479 1.27123 
0.804314 0.865808 0.985958 
0.364607 0.500592 0.731393 
0.106747 0.262454 0.522473 
0.0190191 0.141559 0.356692 
0.0328069 0.0948445 0.225729 
0.0694869 0.075851 0.124826 
0.0827881 0.0571726 0.0544353 
0.0740082 0.0353245 0.0152746 
0.0758382 0.0201753 0.00286129 
0.119833 0.0200293 0.00698906 
0.210364 0.0333993 0.0163944 
0.320349 0.051016 0.0239003 
0.407977 0.0634641 0.0272729 
0.440732 0.0671881 0.0259151 
0.411102 0.0652404 0.0185456 
0.336557 0.0645064 0.00678029 
0.247134 0.0730947 0.00333579 
0.169883 0.0990746 0.0366677 
0.118317 0.148406 0.143258 
0.0901414 0.220041 0.34682 
0.0724162 0.300269 0.635162 
0.0515756 0.362263 0.951076 
0.0250621 0.375663 1.2076 
0.0100685 0.32414 1.32322 
0.0438532 0.221253 1.25916 
0.171892 0.113066 1.03831 
0.42597 0.0626342 0.735795 
0.801583 0.12267 0.447288 
1.24736 0.310561 0.252337 
1.67492 0.598923 0.190001 
1.98721 0.925882 0.254518 
2.11281 1.21858 0.407559 
2.03037 1.41794 0.59753 
1.77261 1.49443 0.777071 
1.41035 1.45123 0.914134 
1.02574 1.31674 0.995604 
0.686971 1.13154 1.02415 
0.433002 0.934345 1.01012 
0.270632 0.751035 0.961984 
0.18159 0.590081 0.880682 
0.135421 0.446126 0.761593 
0.103758 0.31034 0.603558 
0.071704 0.182034 0.418686 
0.0424196 0.0743449 0.235072 
0.0328882 0.00975148 0.0888661 
0.0625075 0.00759919 0.0099004 
0.140072 0.0715021 0.0101111 
0.256033 0.184824 0.0819618 
0.384173 0.316911 0.206222 
0.491394 0.435375 0.361232 
0.549869 0.516214 0.525549 
0.545359 0.546626 0.67321 
0.479098 0.522229 0.769608 
0.365228 0.445063 0.77798 
0.227685 0.327033 0.678659 
0.0983847 0.196479 0.490831 
0.0148146 0.0996012 0.279596 
0.013424 0.0892159 0.136864 
0.117696 0.201702 0.140742 
0.324973 0.433302 0.314003 
0.599826 0.731085 0.606233 
0.880424 1.00765 0.91226 
1.09782 1.17508 1.1186 
1.20036 1.18157 1.15328 
1.17159 1.03176 1.01307 
1.03322 0.780807 0.756359 
0.832558 0.507104 0.469669 
0.622153 0.279391 0.228665 
0.442016 0.134882 0.073626 
0.311799 0.0762278 0.00724253 
0.233482 0.0837639 0.00902558 
0.199835 0.132698 0.0539465 
0.202894 0.205809 0.125335 
0.239108 0.297997 0.219007 
0.310844 0.414308 0.340856 
0.425014 0.564543 0.500904 
0.588955 0.756186 0.705222 
0.803507 0.986333 0.946771 
1.05501 1.23465 1.19841 
1.31052 1.46154 1.41336 
1.52114 1.61559 1.53658 
1.63513 1.64987 1.52481 
1.61659 1.5411 1.36617 
1.46109 1.3019 1.08892 
1.2001 0.979468 0.753783 
0.891696 0.640418 0.433189 
0.601473 0.348873 0.187139 
0.382017 0.147006 0.0459778 
0.258633 0.0450312 0.00542633 
0.225626 0.0228515 0.0334732 
0.253471 0.041688 0.0852294 
0.303942 0.0615855 0.120836 
0.347624 0.0588946 0.12097 
0.376255 0.036428 0.0938614 
0.402973 0.0200744 0.0690912 
0.448697 0.0413585 0.0790806 
0.521568 0.114386 0.137475 
0.603103 0.221798 0.228408 
0.652973 0.321268 0.315927 
0.632666 0.371058 0.369343 
0.533591 0.358437 0.386992 
0.388982 0.309979 0.399313 
0.258082 0.273993 0.445943 
0.190757 0.2857 0.541819 
0.196565 0.340209 0.658095 
0.240977 0.394184 0.734754 
0.272451 0.396346 0.718371 
0.26096 0.324802 0.598291 
0.219659 0.203647 0.414408 
0.194097 0.0871424 0.230943 
0.228367 0.0250458 0.0971241 
0.334977 0.0368469 0.0258937 
0.49127 0.114241 0.00684218 
0.66308 0.246805 0.0407926 
0.834156 0.44568 0.164003 
1.01561 0.74094 0.43623 
1.22667 1.15013 0.894961 
1.46241 1.64075 1.5065 
1.67573 2.11766 2.15101 
1.79112 2.45085 2.65776 
1.74352 2.53066 2.87376 
1.51698 2.31857 2.72814 
1.1578 1.86489 2.25882 
0.755159 1.28659 1.59337 
0.403374 0.722356 0.901149 
0.169151 0.290214 0.343298 
0.078929 0.0642828 0.0379329 
0.125294 0.070167 0.0420598 
0.280459 0.289131 0.343997 
0.506227 0.66409 0.864305 
0.759275 1.10961 1.47116 
0.997574 1.53189 2.01573 
1.19169 1.85803 2.38128 
1.33669 2.06252 2.52517 
1.45529 2.17491 2.4906 
1.58743 2.26167 2.37927 
1.77189 2.39221 2.29993 
2.03266 2.60973 2.32202 
2.37846 2.92286 2.45854 
2.81143 3.31698 2.68035 
3.33067 3.76921 2.94356 
3.92038 4.25057 3.20749 
4.5276 4.71412 3.43489 
5.04999 5.08474 3.58438 
5.35367 5.26897 3.61157 
5.32233 5.18834 3.48452 
4.91422 4.81907 3.20324 
4.19347 4.21228 2.80663 
3.31539 3.48156 2.36122 
2.47374 2.76665 1.94185 
1.83952 2.19648 1.62053 
1.52024 1.8681 1.46743 
1.54867 1.83952 1.55073 
1.88906 2.12193 1.91805 
2.44606 2.66463 2.56011 
3.07487 3.34519 3.38203 
3.60482 3.98802 4.21491 
3.88452 4.41937 4.87594 
3.83476 4.53541 5.24573 
3.47756 4.33949 5.30967 
2.91648 3.91911 5.13146 
2.27651 3.37691 4.77888 
1.64587 2.76918 4.26401 
1.06433 2.10376 3.55375 
0.56622 1.40159 2.64973 
0.236917 0.768093 1.67269 
0.221276 0.40093 0.869559 
0.655179 0.50328 0.512227 
1.55485 1.14712 0.741227 
2.74396 2.1819 1.46011 
3.8849 3.26515 2.3623 
4.61331 4.01248 3.08472 
4.70192 4.18113 3.39471 
4.15673 3.77662 3.29389 
3.19321 3.02313 2.98042 
2.1182 2.22766 2.70608 
1.19716 1.62936 2.62708 
0.579713 1.31914 2.73758 
0.302037 1.2542 2.90772 
0.32992 1.32769 2.97893 
0.592529 1.43256 2.84641 
0.987492 1.48684 2.48845 
1.37827 1.43135 1.9506 
1.61691 1.23112 1.31835 
1.5995 0.895226 0.701907 
1.32394 0.498848 0.228618 
0.905527 0.177433 0.02456 
0.529992 0.0806183 0.17815 
0.366679 0.306365 0.701976 
0.49227 0.854216 1.51927 
0.866835 1.6252 2.48758 
1.36828 2.46486 3.44635 
1.85685 3.22076 4.26037 
2.23161 3.78467 4.8392 
2.45627 4.10764 5.13484 
2.55463 4.19562 5.13486 
2.5885 4.09782 4.8639 
2.62854 3.8913 4.38905 
2.72326 3.65809 3.8129 
2.87213 3.45471 3.24483 
3.01468 3.28655 2.76082 
3.04841 3.1056 2.37666 
2.87525 2.84021 2.0541 
2.45694 2.44374 1.73746 
1.84791 1.93314 1.39661 
1.18358 1.39227 1.04802 
0.628239 0.937202 0.74277 
0.311319 0.665173 0.533542 
0.286144 0.617361 0.444663 
0.527529 0.77246 0.462728 
0.958326 1.06581 0.547742 
1.48022 1.41475 0.651604 
1.99039 1.73466 0.731193 
2.38516 1.94537 0.753702 
2.56632 1.97926 0.700702 
2.46321 1.79976 0.576273 
2.06632 1.42515 0.415457 
1.45199 0.940478 0.282329 
0.776567 0.482278 0.2504 
0.235552 0.196998 0.371031 
0.00525037 0.192538 0.647728 
0.19647 0.509347 1.03488 
0.841701 1.12641 1.46609 
1.9157 1.99561 1.8977 
3.36889 3.07995 2.34143 
5.14765 4.3695 2.86403 
7.18753 5.86407 3.55075 
9.38701 7.53383 4.45065 
11.5846 9.28434 5.53347 
13.5623 10.9506 6.68163 
15.084 12.3288 7.72282 
15.9551 13.2333 8.48723 
16.0793 13.553 8.86283 
