3.40973 4.00768 
2.28776 2.75048 
1.22067 1.5199 
0.496108 0.619872 
0.257313 0.219137 
0.454406 0.295627 
0.882478 0.664892 
1.28468 1.07519 
1.46681 1.31979 
1.36779 1.3125 
1.05807 1.09654 
0.67816 0.794147 
0.358459 0.532554 
0.164756 0.387503 
0.0913516 0.367039 
0.0928004 0.431464 
0.124798 0.526648 
0.166226 0.607637 
0.213552 0.64404 
0.260733 0.615381 
0.287031 0.510835 
0.266611 0.340326 
0.194858 0.149874 
0.111313 0.0253513 
0.0987116 0.0726243 
0.251984 0.376556 
0.630452 0.956467 
1.21817 1.74124 
1.91445 2.57932 
2.56139 3.2822 
2.99686 3.68408 
3.11018 3.69386 
2.87799 3.32044 
2.36826 2.66475 
1.71426 1.88511 
1.07087 1.15026 
0.569525 0.595349 
0.285489 0.29208 
0.225 0.238527 
0.333689 0.369675 
0.522299 0.585565 
0.701494 0.789383 
0.813889 0.922585 
0.850325 0.981724 
0.841833 1.00662 
0.829809 1.04328 
0.830599 1.10186 
0.817885 1.13797 
0.738982 1.07602 
0.559763 0.866286 
0.309882 0.540765 
0.0925277 0.225101 
0.0411512 0.0867895 
0.241046 0.241837 
0.663022 0.67523 
1.15643 1.22933 
1.51507 1.67514 
1.58234 1.8286 
1.33389 1.64334 
0.887747 1.22563 
0.436955 0.766421 
0.147483 0.436245 
0.0823096 0.307062 
0.190844 0.340805 
0.35884 0.438346 
0.479343 0.507792 
0.501124 0.508688 
0.434764 0.45434 
0.326509 0.3846 
0.224919 0.334826 
0.159727 0.319092 
0.137008 0.329428 
0.144445 0.343359 
0.160661 0.33369 
0.167218 0.280211 
0.162194 0.183294 
0.16902 0.0731512 
0.230698 0.00423301 
0.385554 0.0300923 
0.634851 0.16885 
0.923937 0.381436 
1.15529 0.581849 
1.23272 0.679504 
1.1136 0.630738 
0.836769 0.467132 
0.506931 0.280924 
0.243215 0.174944 
0.122556 0.20771 
0.151346 0.367511 
0.279773 0.590193 
0.445612 0.8071 
0.616452 0.990777 
0.802674 1.16853 
1.03451 1.39539 
1.32082 1.70404 
1.61927 2.06425 
1.84006 2.37881 
1.88457 2.52173 
1.69803 2.39967 
1.30646 2.00371 
0.815475 1.42281 
0.369592 0.810766 
0.0914724 0.322728 
0.0313243 0.0532099 
0.150964 0.00605874 
0.348914 0.109204 
0.512158 0.263153 
0.567817 0.395207 
0.510035 0.490396 
0.391795 0.58502 
0.289734 0.730491 
0.262458 0.951055 
0.323426 1.22045 
0.439364 1.46969 
0.55106 1.61981 
0.603273 1.62037 
0.568787 1.47355 
0.457423 1.23396 
0.309339 0.987277 
0.178246 0.819841 
0.112145 0.792079 
0.137851 0.923462 
0.25312 1.19052 
0.427999 1.53567 
0.61491 1.88336 
0.764449 2.15979 
0.841509 2.3113 
0.835721 2.31637 
0.762427 2.1875 
0.654651 1.96276 
0.550389 1.6912 
0.48053 1.41815 
0.460875 1.1749 
0.488946 0.974735 
0.544991 0.814274 
0.597127 0.67891 
0.611034 0.551219 
0.562993 0.420539 
0.451678 0.290112 
0.301885 0.17723 
0.155649 0.104163 
0.053075 0.0833423 
0.0126303 0.105694 
0.0228805 0.141478 
0.0518789 0.156356 
0.0694372 0.135143 
0.06854 0.0985495 
0.0717075 0.100159 
0.117182 0.201795 
0.232794 0.438987 
0.413706 0.795633 
0.61831 1.20293 
0.785513 1.56445 
0.863619 1.79465 
0.83436 1.85166 
0.719232 1.74922 
0.566392 1.5453 
0.427504 1.31664 
0.338135 1.13315 
0.310708 1.04182 
0.339678 1.06157 
0.411294 1.18428 
0.509809 1.3776 
0.617522 1.58937 
0.712554 1.75705 
0.770337 1.82407 
0.770974 1.75885 
0.70849 1.56737 
0.595015 1.29102 
0.456095 0.989389 
0.320063 0.717304 
0.20915 0.509148 
0.13826 0.377996 
0.120258 0.326013 
0.170067 0.354261 
0.299926 0.461569 
0.50582 0.632599 
0.754577 0.826619 
0.984374 0.980965 
1.12431 1.03369 
1.12541 0.954557 
0.985308 0.76451 
0.750754 0.528366 
0.494838 0.322554 
0.282257 0.196537 
0.143262 0.151606 
0.0706125 0.149361 
0.0380025 0.142524 
0.0245552 0.106527 
0.0277859 0.0514542 
0.0577505 0.00892423 
0.119676 0.00597519 
0.200321 0.0455036 
0.269366 0.105939 
0.295159 0.157898 
0.263595 0.184072 
0.187243 0.188306 
0.0992398 0.189347 
0.0366562 0.20586 
0.0236138 0.243915 
0.0626516 0.294233 
0.13656 0.338621 
0.217336 0.359662 
0.277138 0.347759 
0.2974 0.30331 
0.274123 0.235161 
0.218301 0.157324 
0.151228 0.0851833 
0.0962568 0.0320503 
0.0709294 0.00746795 
0.0839909 0.0187011 
0.138994 0.0749173 
0.241063 0.190466 
0.399932 0.382326 
0.624013 0.659603 
0.906967 1.009 
1.21532 1.38534 
1.4877 1.71576 
1.65077 1.9199 
1.64686 1.93851 
1.46024 1.75765 
1.12836 1.41628 
0.731664 0.99359 
0.366238 0.582061 
0.111776 0.258424 
0.00815857 0.0640465 
0.0485216 0.000380226 
0.188366 0.0375796 
0.364133 0.129697 
0.513085 0.229618 
0.588849 0.299934 
0.570569 0.319381 
0.465908 0.285855 
0.308113 0.21604 
0.146892 0.140337 
0.0336143 0.092342 
0.00426179 0.0952317 
0.066404 0.150961 
0.196608 0.238706 
0.350472 0.324838 
0.480865 0.379766 
0.555249 0.392036 
0.563692 0.371248 
0.515331 0.338535 
0.428248 0.311763 
0.320903 0.296058 
0.210127 0.285977 
0.114038 0.276665 
0.0536134 0.274327 
0.0478104 0.296677 
0.103275 0.361535 
