0.071251 0.271192 
0.250366 0.520745 
0.395956 0.683808 
0.41865 0.682261 
0.334021 0.542677 
0.212565 0.352521 
0.105983 0.185724 
0.0335179 0.0745136 
0.017763 0.0319963 
0.0934361 0.0691111 
0.261794 0.177265 
0.457373 0.316796 
0.59719 0.455563 
0.677253 0.625737 
0.800675 0.915346 
1.0821 1.37215 
1.5161 1.91166 
1.95105 2.34228 
2.20262 2.50307 
2.19261 2.38065 
1.97898 2.08706 
1.6677 1.73125 
1.31785 1.33161 
0.938042 0.865283 
0.555351 0.388796 
0.256906 0.0766195 
0.141339 0.105875 
0.222129 0.482068 
0.387196 0.981424 
0.478321 1.29532 
0.442357 1.27721 
0.417161 1.07744 
0.639937 1.02277 
1.21549 1.31694 
1.94295 1.82228 
2.39991 2.14224 
2.2685 1.96014 
1.63381 1.33313 
0.962092 0.658766 
0.74374 0.337139 
1.11018 0.447955 
1.76755 0.740851 
2.28522 0.916664 
2.44598 0.897799 
2.34311 0.834399 
2.19245 0.890737 
2.09651 1.06516 
1.98857 1.21333 
1.75835 1.20513 
1.38762 1.03061 
0.963685 0.771733 
0.594617 0.514796 
0.335557 0.309669 
0.186239 0.189496 
0.128919 0.188811 
0.1492 0.321905 
0.22535 0.551411 
0.316025 0.795039 
0.373189 0.972806 
0.371179 1.05159 
0.320722 1.04913 
0.252108 1.00182 
0.185747 0.93139 
0.121894 0.83831 
0.0582713 0.718719 
0.0109302 0.580926 
0.0102754 0.445251 
0.0749856 0.333578 
0.19274 0.263768 
0.327019 0.251719 
0.442004 0.314167 
0.530494 0.475851 
0.640215 0.791714 
0.885826 1.36615 
1.40867 2.31305 
2.26327 3.62905 
3.29516 5.0628 
4.14374 6.14115 
4.43644 6.42114 
4.05579 5.81237 
3.24663 4.68616 
2.44364 3.63467 
1.95566 3.05815 
1.78087 2.92591 
1.69583 2.89518 
1.50123 2.64475 
1.18618 2.11682 
0.893247 1.49698 
0.768037 1.02019 
0.851569 0.805903 
1.08415 0.832571 
1.37137 1.00914 
1.63436 1.24509 
1.81718 1.47002 
1.87477 1.62011 
1.77193 1.63052 
1.50415 1.45651 
1.12647 1.1147 
0.758941 0.70718 
0.541888 0.388978 
0.554491 0.281435 
0.757656 0.394577 
1.02046 0.631242 
1.22025 0.876615 
1.33373 1.0931 
1.44093 1.33545 
1.64626 1.68312 
1.99222 2.16269 
2.43089 2.72357 
2.8512 3.26022 
3.11882 3.63858 
3.1081 3.71706 
2.74298 3.3936 
2.05722 2.6886 
1.23659 1.80605 
0.581455 1.08897 
0.372211 0.852459 
0.704569 1.18895 
1.41052 1.89011 
2.1383 2.55984 
2.5521 2.85063 
2.51742 2.65777 
2.14469 2.13813 
1.67409 1.5608 
1.30713 1.12614 
1.11649 0.894452 
1.07654 0.846678 
1.14487 0.974756 
1.29809 1.29087 
1.49909 1.75167 
1.65747 2.19814 
1.65111 2.40372 
1.40596 2.21465 
0.964827 1.67066 
0.480466 1.00273 
0.132045 0.503521 
0.0241569 0.361311 
0.135947 0.566492 
0.347843 0.939891 
0.521008 1.25041 
0.575134 1.34161 
0.518153 1.19497 
0.417578 0.906688 
0.342315 0.6091 
0.319141 0.393992 
0.330604 0.281548 
0.346126 0.240144 
0.353888 0.228364 
0.366176 0.223505 
0.399362 0.221735 
0.455161 0.224204 
0.526673 0.234034 
0.62162 0.270077 
0.768143 0.373973 
0.980776 0.583361 
1.21156 0.879745 
1.34412 1.16076 
1.26076 1.28181 
0.94106 1.15228 
0.506142 0.811717 
0.158946 0.416448 
0.058113 0.14013 
0.219778 0.0642576 
0.516958 0.140872 
0.768936 0.247867 
0.851949 0.28637 
0.758913 0.245949 
0.579122 0.19601 
0.422585 0.218892 
0.34594 0.34013 
0.330004 0.508468 
0.316644 0.635822 
0.265556 0.659266 
0.180993 0.574472 
0.0942599 0.42274 
0.0315695 0.25645 
0.00218553 0.116965 
0.00913022 0.0327747 
0.0586311 0.0220723 
0.154619 0.0896363 
0.289714 0.225369 
0.447069 0.410911 
0.608411 0.624874 
0.755045 0.836526 
0.863446 0.998513 
0.909422 1.05976 
0.882363 0.997086 
0.792173 0.834546 
0.658024 0.626692 
0.494269 0.422006 
0.315092 0.245408 
0.151869 0.111948 
0.0531952 0.0427314 
0.0555314 0.0541423 
0.153321 0.13292 
0.304934 0.235268 
0.469182 0.320251 
0.628295 0.381126 
0.770604 0.435925 
0.861139 0.487677 
0.849403 0.504639 
0.718645 0.449543 
0.522366 0.327575 
0.356511 0.196435 
0.283613 0.121359 
0.282322 0.118852 
0.27504 0.146508 
0.207908 0.148571 
0.104825 0.11069 
0.04474 0.0710295 
0.0870791 0.0806549 
0.216133 0.153749 
0.35158 0.252877 
0.410397 0.318758 
0.366089 0.316585 
0.262446 0.263016 
0.179526 0.217684 
0.181241 0.247947 
0.278441 0.388359 
0.425582 0.615733 
0.548256 0.852652 
0.583714 1.00027 
0.511968 0.986874 
0.362317 0.807385 
0.194753 0.529662 
0.0689039 0.260667 
0.0173625 0.0904878 
0.0352612 0.0481782 
0.0884868 0.0962051 
0.134167 0.163508 
0.142258 0.191256 
0.1082 0.161085 
0.0527892 0.0942036 
0.011729 0.0317082 
0.0193604 0.0122962 
0.0906625 0.0548114 
0.208118 0.146876 
0.323961 0.245287 
0.383724 0.296177 
0.360029 0.269253 
0.270793 0.180911 
0.164176 0.0825147 
0.0822194 0.0202936 
0.0363708 0.00290248 
0.0150404 0.00621555 
0.00818034 0.00598058 
0.0174741 0.00102641 
0.0428067 0.00493905 
0.0682443 0.022845 
0.0714282 0.0443003 
0.04758 0.0577352 
