0.0612995 0.0722419 
0.233997 0.168438 
0.553472 0.372408 
0.792963 0.498045 
0.859483 0.505861 
0.754139 0.431917 
0.512349 0.295755 
0.227655 0.122236 
0.082863 0.0153392 
0.260528 0.127026 
0.76992 0.506914 
1.3837 1.00467 
1.79164 1.36539 
1.8371 1.43603 
1.60667 1.27067 
1.31384 1.04729 
1.13574 0.920825 
1.1624 0.969227 
1.4328 1.22685 
1.92783 1.6837 
2.50129 2.21711 
2.87999 2.57602 
2.8193 2.51855 
2.29865 2.01049 
1.55091 1.27634 
0.881511 0.629466 
0.460457 0.2462 
0.284617 0.102728 
0.295384 0.0989804 
0.469667 0.192374 
0.778538 0.391884 
1.10608 0.659113 
1.27443 0.871025 
1.17313 0.902767 
0.850439 0.73676 
0.47121 0.48397 
0.198211 0.30753 
0.113326 0.321216 
0.214053 0.526236 
0.43813 0.809305 
0.683105 1.00477 
0.837225 0.996935 
0.830293 0.794208 
0.669938 0.509284 
0.429974 0.262951 
0.20396 0.106897 
0.0608961 0.0289697 
0.0215123 0.00371981 
0.0579002 0.01713 
0.121118 0.0582224 
0.185343 0.119779 
0.265988 0.213643 
0.38389 0.360746 
0.515625 0.550596 
0.598821 0.724772 
0.592635 0.816722 
0.515049 0.800707 
0.408547 0.690907 
0.287536 0.508574 
0.146917 0.280155 
0.023463 0.0732061 
0.0271974 0.010479 
0.29592 0.225837 
0.906213 0.792694 
1.79603 1.66736 
2.7349 2.66125 
3.38129 3.46602 
3.45262 3.77527 
2.93127 3.47493 
2.12341 2.75045 
1.46098 1.97131 
1.18448 1.42097 
1.19405 1.11922 
1.20152 0.897606 
1.01345 0.6197 
0.669725 0.307895 
0.351167 0.0824596 
0.202972 0.0302136 
0.243477 0.146437 
0.385731 0.360894 
0.503993 0.577476 
0.50126 0.703415 
0.367378 0.691778 
0.192039 0.578289 
0.0929028 0.450875 
0.103121 0.357112 
0.140969 0.258462 
0.119666 0.112765 
0.0875165 0.0027769 
0.221744 0.132556 
0.64493 0.63875 
1.24352 1.39017 
1.69624 2.00668 
1.71623 2.12479 
1.28795 1.6817 
0.67798 0.958028 
0.215916 0.346972 
0.0521863 0.0667263 
0.0981938 0.0601119 
0.16569 0.127603 
0.145859 0.130562 
0.066166 0.0753143 
0.00824106 0.0386457 
0.00250798 0.0508507 
0.0120493 0.0668125 
0.00546572 0.0400678 
0.0233627 0.00298661 
0.156891 0.0572399 
0.453249 0.277803 
0.841074 0.624681 
1.15519 0.95259 
1.25008 1.1174 
1.10653 1.0852 
0.835477 0.943938 
0.576999 0.810063 
0.396006 0.729201 
0.279268 0.675341 
0.224845 0.641139 
0.304909 0.700898 
0.610495 0.953201 
1.1291 1.39353 
1.69511 1.86109 
2.0795 2.13213 
2.13817 2.07747 
1.88846 1.74222 
1.46961 1.29366 
1.04617 0.903514 
0.731195 0.661646 
0.560191 0.565352 
0.509892 0.567514 
0.540215 0.636471 
0.624564 0.776463 
0.73955 0.987521 
0.831215 1.20601 
0.815923 1.30433 
0.642504 1.1784 
0.35962 0.850921 
0.104455 0.482894 
0.00421004 0.268405 
0.0770534 0.299679 
0.223495 0.512281 
0.311885 0.742354 
0.279953 0.839269 
0.171139 0.751357 
0.085758 0.5368 
0.0936602 0.306331 
0.18089 0.146823 
0.272289 0.0819668 
0.305798 0.0893961 
0.288224 0.142701 
0.284252 0.233259 
0.359523 0.362059 
0.538133 0.527182 
0.803737 0.724614 
1.11874 0.949678 
1.42767 1.18327 
1.64995 1.37494 
1.69384 1.45013 
1.50427 1.34911 
1.1198 1.07679 
0.695964 0.732033 
0.45955 0.488168 
0.589757 0.509511 
1.08066 0.831556 
1.69311 1.29281 
2.07567 1.60838 
1.99799 1.56572 
1.51172 1.18683 
0.893282 0.703351 
0.422681 0.364901 
0.204813 0.264819 
0.172726 0.331973 
0.214365 0.450923 
0.27136 0.563864 
0.348001 0.681883 
0.480396 0.850136 
0.705251 1.11223 
1.00903 1.45671 
1.2735 1.75521 
1.31344 1.79056 
1.04516 1.43378 
0.635186 0.83134 
0.415991 0.361406 
0.582497 0.322218 
0.971705 0.642105 
1.19577 0.936804 
1.02271 0.883113 
0.603082 0.520645 
0.295828 0.166897 
0.291614 0.0629706 
0.451633 0.155055 
0.520509 0.232315 
0.443768 0.219842 
0.419767 0.26554 
0.640709 0.52911 
1.0343 0.939472 
1.30211 1.21499 
1.20717 1.12969 
0.799424 0.735993 
0.360887 0.319942 
0.1588 0.158707 
0.260261 0.32798 
0.545685 0.706048 
0.845246 1.10805 
1.05032 1.4021 
1.13986 1.54276 
1.15582 1.5548 
1.16655 1.50554 
1.22457 1.46607 
1.32886 1.46504 
1.42216 1.46912 
1.43584 1.4166 
1.34529 1.27858 
1.18602 1.09307 
1.02459 0.948605 
0.924058 0.941019 
0.932763 1.13351 
1.0808 1.52335 
1.35567 2.0127 
1.67084 2.41108 
1.87849 2.50773 
1.84683 2.19762 
1.54695 1.56804 
1.06975 0.858185 
0.564631 0.316091 
0.172174 0.0783962 
0.0026076 0.158572 
0.119564 0.49227 
0.475689 0.941698 
0.862612 1.27963 
1.01149 1.2793 
0.839353 0.925571 
0.602202 0.534119 
0.718228 0.554764 
1.3571 1.15608 
2.20247 1.99711 
2.67438 2.47003 
2.42419 2.21612 
1.61692 1.41431 
0.742965 0.578348 
0.191139 0.105869 
0.0130851 0.0297705 
0.0367533 0.140448 
0.111256 0.253798 
0.206038 0.33031 
0.331935 0.398976 
0.453018 0.454092 
0.504481 0.452774 
0.460864 0.374577 
0.350281 0.245886 
0.212051 0.113724 
