2.77138 4.60298 5.26383 
3.61354 5.24094 5.59776 
4.15928 5.36003 5.34227 
4.01076 4.73095 4.43341 
3.14913 3.49706 3.11241 
1.94472 2.08886 1.79025 
0.901872 0.954471 0.806709 
0.345053 0.314223 0.265493 
0.284551 0.113943 0.0571551 
0.521944 0.167734 0.0157196 
0.851453 0.329066 0.0525695 
1.17457 0.546903 0.164902 
1.4743 0.80606 0.354336 
1.73309 1.05678 0.566147 
1.89632 1.21433 0.709839 
1.90119 1.21355 0.724369 
1.72149 1.05111 0.615516 
1.38289 0.779213 0.438452 
0.948776 0.471084 0.256539 
0.503278 0.196935 0.117196 
0.14747 0.0251084 0.0556545 
0.000120303 0.0336952 0.11019 
0.1796 0.306201 0.326737 
0.749894 0.892597 0.738039 
1.6451 1.74404 1.31947 
2.62913 2.66859 1.95229 
3.3572 3.37122 2.44333 
3.54385 3.59327 2.61997 
3.13957 3.27217 2.44485 
2.37402 2.59233 2.05064 
1.61018 1.8674 1.64751 
1.11214 1.33877 1.37378 
0.90906 1.05259 1.22032 
0.850035 0.902296 1.08838 
0.773278 0.768683 0.90838 
0.62719 0.615265 0.697396 
0.456977 0.47045 0.514507 
0.31301 0.354136 0.385417 
0.196161 0.246354 0.284329 
0.0894062 0.125325 0.179429 
0.0259746 0.0206637 0.078699 
0.114483 0.0219303 0.030351 
0.488649 0.234855 0.0921578 
1.21008 0.71511 0.301821 
2.18291 1.41019 0.651863 
3.13999 2.13798 1.06419 
3.73552 2.63635 1.39314 
3.71841 2.6911 1.4956 
3.08513 2.27546 1.34142 
2.09402 1.58602 1.06201 
1.11436 0.921554 0.863019 
0.419178 0.490801 0.859194 
0.0772592 0.308048 0.984401 
0.000893332 0.251965 1.06398 
0.0653019 0.206274 0.974016 
0.180641 0.141265 0.732329 
0.287594 0.0857071 0.45264 
0.338135 0.0594406 0.235774 
0.309903 0.051104 0.109952 
0.227974 0.0438625 0.0496803 
0.146844 0.0359576 0.0206641 
0.103193 0.032931 0.00401058 
0.0950963 0.0383255 0.00237548 
0.107246 0.0611134 0.0403718 
0.138258 0.116269 0.146253 
0.190133 0.198948 0.309303 
0.244959 0.264378 0.454303 
0.279798 0.25962 0.483352 
0.311575 0.189177 0.365034 
0.40264 0.134076 0.179027 
0.592902 0.181146 0.0548482 
0.82388 0.326635 0.0575483 
0.952835 0.462727 0.136938 
0.865151 0.471733 0.189374 
0.580651 0.334603 0.16058 
0.248663 0.146216 0.0842069 
0.0385916 0.0315922 0.0326043 
0.0297218 0.0531518 0.0474829 
0.187912 0.189271 0.119614 
0.42407 0.380267 0.218869 
0.66612 0.582097 0.329425 
0.889498 0.784302 0.458879 
1.10004 0.993002 0.623658 
1.29437 1.20056 0.824107 
1.4293 1.36235 1.02051 
1.42741 1.40015 1.12952 
1.22761 1.24509 1.06333 
0.851164 0.901751 0.801059 
0.423439 0.478746 0.434154 
0.113841 0.14073 0.126498 
0.0272855 0.00288415 0.00209004 
0.133844 0.0519836 0.0519953 
0.297727 0.165052 0.148978 
0.380744 0.211663 0.163253 
0.33287 0.151585 0.0777959 
0.202751 0.0488362 0.0018322 
0.0770933 0.00245727 0.0747056 
0.0124327 0.062955 0.34685 
0.0111899 0.201781 0.735204 
0.0426547 0.344205 1.07904 
0.0748015 0.424901 1.24195 
0.0897413 0.421244 1.18287 
0.0825615 0.350801 0.957801 
0.0571348 0.249182 0.669275 
0.0251535 0.149575 0.407975 
0.00336653 0.072936 0.220549 
0.00475239 0.0263953 0.110254 
0.0289037 0.00571509 0.0565899 
0.0610133 0.000348285 0.0361066 
0.0816343 5.32491e-05 0.0338328 
0.0793874 0.00012872 0.0442186 
0.0570258 0.00245158 0.0662582 
0.0282222 0.0125093 0.0983267 
0.00950612 0.0351756 0.135788 
0.0128301 0.0717213 0.171544 
0.0414054 0.118821 0.198424 
0.0895047 0.169206 0.211959 
0.146798 0.213533 0.211487 
0.20756 0.244044 0.19848 
0.283605 0.262746 0.17607 
0.416037 0.295884 0.157949 
0.673919 0.406624 0.186762 
1.12424 0.68402 0.341609 
1.77183 1.19044 0.705544 
2.50359 1.88681 1.29337 
3.09759 2.59923 1.99294 
3.32771 3.08429 2.58993 
3.10972 3.17191 2.88533 
2.57159 2.8796 2.82291 
1.97651 2.39922 2.52068 
1.55929 1.97025 2.18575 
1.42013 1.75687 1.99873 
1.55007 1.81973 2.05865 
1.90907 2.14873 2.38338 
2.42821 2.65995 2.8951 
2.93351 3.14765 3.38204 
3.13671 3.30561 3.53157 
2.79802 2.90034 3.10569 
1.95195 1.98948 2.15875 
0.954395 0.957197 1.07879 
0.251307 0.272189 0.352633 
0.0569771 0.153763 0.225186 
0.236105 0.443715 0.54972 
0.477663 0.784626 0.950205 
0.561077 0.910136 1.12147 
0.466737 0.783353 0.997362 
0.296693 0.524685 0.699471 
0.164459 0.281624 0.398912 
0.166233 0.173469 0.235322 
0.373473 0.276589 0.287115 
0.757386 0.563538 0.519759 
1.11379 0.843806 0.745526 
1.1544 0.854069 0.720619 
0.772481 0.509892 0.387428 
0.233686 0.0863729 0.0427872 
0.0318361 0.0732839 0.187328 
0.471135 0.755693 1.10115 
1.35938 1.89755 2.516 
2.1349 2.86398 3.72937 
2.32937 3.10547 4.10485 
1.92983 2.56663 3.52566 
1.31193 1.65912 2.4131 
0.853502 0.870101 1.34102 
0.634109 0.406976 0.634722 
0.486228 0.18163 0.288674 
0.273961 0.0567814 0.175517 
0.0648649 0.0364312 0.251295 
0.0269263 0.208076 0.543362 
0.203437 0.55213 0.994293 
0.436024 0.872223 1.39248 
0.51998 0.94244 1.49838 
0.417302 0.716978 1.2419 
0.300414 0.380671 0.78495 
0.386374 0.188503 0.385043 
0.733644 0.253268 0.193513 
1.19822 0.479188 0.172704 
1.57919 0.686163 0.187413 
1.80369 0.789909 0.160967 
1.97515 0.865537 0.142212 
2.24531 1.04474 0.231181 
2.6334 1.35392 0.449621 
2.96184 1.65092 0.690087 
2.97358 1.72495 0.798439 
2.53734 1.47545 0.716423 
1.77053 1.01336 0.55039 
0.978431 0.593762 0.494544 
0.459535 0.433678 0.667963 
0.330982 0.565297 1.00642 
0.498141 0.839285 1.30654 
0.766253 1.06161 1.38806 
0.984988 1.14015 1.23795 
1.11547 1.12495 1.01869 
1.19557 1.12891 0.93997 
1.2632 1.21361 1.10273 
1.31039 1.33661 1.43414 
1.2931 1.38938 1.74868 
1.17115 1.2809 1.87491 
0.941049 1.0011 1.75552 
0.64411 0.628666 1.46606 
0.352847 0.289789 1.15788 
0.144837 0.0967466 0.968442 
0.072422 0.0960538 0.948056 
0.139388 0.248961 1.03859 
0.298181 0.454665 1.11545 
0.473361 0.605957 1.07005 
0.59953 0.645044 0.880594 
0.649769 0.583589 0.620244 
0.637395 0.476354 0.396324 
0.595259 0.374626 0.270329 
0.552703 0.299511 0.225482 
0.525689 0.251057 0.204012 
0.517548 0.231206 0.171052 
0.518575 0.247903 0.141137 
0.503451 0.296153 0.147955 
0.440503 0.345914 0.199318 
0.321415 0.363865 0.270622 
0.192997 0.355644 0.341381 
0.154918 0.383076 0.428408 
0.307492 0.52828 0.574136 
0.680043 0.82925 0.801386 
1.19612 1.24296 1.08362 
1.70553 1.6668 1.36004 
2.05796 1.99459 1.57463 
2.16338 2.15819 1.6976 
2.0078 2.13264 1.71748 
1.63762 1.92475 1.6301 
1.14265 1.57249 1.4489 
0.644505 1.15189 1.22287 
0.272061 0.76381 1.02605 
0.11466 0.49013 0.909863 
0.177748 0.348513 0.85682 
0.380087 0.288822 0.787213 
0.603188 0.24045 0.625507 
0.758661 0.171808 0.374972 
0.824719 0.111428 0.135175 
0.833467 0.116361 0.0427027 
0.832726 0.220161 0.177749 
0.857709 0.404424 0.503356 
0.923524 0.608993 0.875548 
1.02339 0.761994 1.11338 
1.12144 0.806007 1.0884 
1.15447 0.717211 0.794044 
1.06514 0.526394 0.369029 
0.85753 0.333984 0.0583793 
0.624602 0.287606 0.109018 
0.500919 0.502743 0.630097 
0.558655 0.962972 1.49233 
0.734617 1.48499 2.35121 
0.869515 1.80892 2.81768 
0.843614 1.77323 2.68943 
0.690915 1.44089 2.08461 
