0.891857 0.943314 0.922523 
0.60796 0.707197 0.739884 
0.35324 0.478838 0.555656 
0.160296 0.282083 0.385605 
0.0457675 0.134701 0.245623 
0.0097037 0.0475812 0.151559 
0.0377496 0.0232214 0.116077 
0.104544 0.053148 0.142417 
0.177987 0.115913 0.217451 
0.225567 0.179121 0.309135 
0.223858 0.208493 0.373542 
0.169724 0.183078 0.372199 
0.0880109 0.110112 0.293067 
0.0290261 0.029827 0.163158 
0.0524474 0.00356496 0.0427625 
0.201957 0.0875847 0.00106425 
0.482082 0.304751 0.0849675 
0.84996 0.629698 0.298576 
1.2279 0.996586 0.605015 
1.5313 1.32559 0.948191 
1.6981 1.55336 1.27932 
1.70606 1.65125 1.5709 
1.57222 1.62429 1.8111 
1.33961 1.49647 1.98652 
1.0608 1.29519 2.07005 
0.78598 1.04492 2.0262 
0.556281 0.770618 1.83238 
0.398957 0.502687 1.50137 
0.322398 0.275402 1.08803 
0.313621 0.11721 0.673265 
0.343202 0.0396517 0.333457 
0.378926 0.0337187 0.112798 
0.402243 0.0770135 0.0133483 
0.417102 0.146777 0.00564458 
0.444204 0.229589 0.0504069 
0.503415 0.321728 0.117366 
0.596158 0.421882 0.192235 
0.700373 0.523684 0.272369 
0.782029 0.614848 0.358361 
0.815326 0.683584 0.448908 
0.797779 0.726791 0.541207 
0.750784 0.753349 0.634016 
0.70736 0.780193 0.729041 
0.697559 0.824553 0.828853 
0.741591 0.897954 0.933013 
0.852068 1.00479 1.0356 
1.0376 1.14358 1.12621 
1.29878 1.30712 1.19399 
1.61583 1.48016 1.23316 
1.93781 1.6382 1.24788 
2.18723 1.75202 1.25498 
2.28553 1.79946 1.28264 
2.18974 1.77855 1.36323 
1.91945 1.71243 1.51987 
1.55555 1.63953 1.75001 
1.20746 1.59188 2.01398 
0.965063 1.57405 2.23744 
0.861505 1.55711 2.33247 
0.867198 1.49427 2.2323 
0.916699 1.35125 1.92539 
0.95109 1.13385 1.47085 
0.950417 0.895041 0.984086 
0.938326 0.714849 0.595583 
0.958705 0.662346 0.400185 
1.04065 0.759763 0.420523 
1.17383 0.968466 0.602067 
1.30856 1.20461 0.841636 
1.37981 1.37619 1.03436 
1.34038 1.42209 1.11559 
1.18433 1.33359 1.07839 
0.948617 1.14953 0.961723 
0.693597 0.930875 0.820094 
0.474738 0.730546 0.693992 
0.321296 0.574799 0.596785 
0.231822 0.463233 0.521642 
0.185568 0.382689 0.459153 
0.159967 0.322921 0.411132 
0.142774 0.283438 0.391054 
0.13331 0.26923 0.412536 
0.135811 0.281725 0.476048 
0.152743 0.313976 0.564487 
0.183884 0.354238 0.650693 
0.230352 0.394119 0.710576 
0.297452 0.433186 0.731822 
0.390943 0.474936 0.712704 
0.507771 0.517075 0.654516 
0.628795 0.545161 0.556639 
0.721584 0.537225 0.420683 
0.754581 0.478497 0.261154 
0.714708 0.376305 0.112591 
0.616425 0.263254 0.0236548 
0.495248 0.184256 0.037885 
0.389484 0.174548 0.171693 
0.322192 0.242665 0.403913 
0.294733 0.368928 0.684325 
0.294107 0.518953 0.955925 
0.306148 0.661551 1.1768 
0.323535 0.778899 1.32901 
0.343675 0.864506 1.41231 
0.361191 0.914708 1.43133 
0.364477 0.923508 1.38771 
0.341531 0.885879 1.28252 
0.290851 0.805659 1.12426 
0.227172 0.699193 0.933051 
0.174917 0.589266 0.735754 
0.152353 0.492677 0.554915 
0.158092 0.411148 0.400459 
0.17106 0.333428 0.270657 
0.165256 0.247645 0.161167 
0.128939 0.154408 0.0741938 
0.0738567 0.0700892 0.0198757 
0.0271696 0.017075 0.00858222 
0.011686 0.00792458 0.0404343 
0.0289172 0.035268 0.100747 
0.0576438 0.0752821 0.165648 
0.0694993 0.102826 0.214541 
0.0509316 0.108154 0.24124 
0.0164672 0.104229 0.256752 
0.00423706 0.120166 0.282428 
0.0564011 0.185117 0.338056 
0.196201 0.312103 0.431645 
0.414265 0.490091 0.555538 
0.670097 0.686977 0.689338 
0.905956 0.860444 0.807019 
1.06537 0.971271 0.884984 
1.10933 0.994824 0.908989 
1.02711 0.928872 0.879146 
0.841381 0.796903 0.812164 
0.606732 0.645273 0.739098 
0.39875 0.531898 0.696621 
0.291935 0.506378 0.712053 
0.33062 0.587006 0.786973 
0.505135 0.745922 0.888557 
0.748663 0.914259 0.957631 
0.963054 1.01101 0.935196 
1.06564 0.984956 0.797064 
1.03322 0.846962 0.576755 
0.916255 0.67055 0.35836 
0.810765 0.554584 0.236438 
0.801805 0.566148 0.261901 
0.912033 0.697719 0.406572 
1.08833 0.867719 0.572595 
1.23573 0.967565 0.64669 
1.2764 0.927366 0.568875 
1.19452 0.75807 0.372157 
1.03797 0.542063 0.165348 
0.879029 0.378733 0.0675208 
0.76531 0.322508 0.135505 
0.69773 0.35579 0.331592 
0.649815 0.413723 0.552036 
0.609218 0.440041 0.695706 
0.604345 0.431084 0.725454 
0.69052 0.434854 0.681334 
0.902841 0.506469 0.639837 
1.21134 0.654654 0.651304 
1.51582 0.82109 0.70154 
1.6905 0.910387 0.724211 
1.65264 0.851214 0.653179 
1.41089 0.646243 0.47578 
1.06189 0.376198 0.248889 
0.737811 0.155085 0.0670645 
0.538289 0.0661741 0.0053614 
0.487181 0.119125 0.0751275 
0.535128 0.252194 0.219961 
0.598961 0.373365 0.351173 
0.609494 0.411827 0.397849 
0.540726 0.349809 0.341252 
0.410595 0.221747 0.217352 
0.261815 0.0889507 0.0924579 
0.139146 0.00926598 0.0305408 
0.0752337 0.0182768 0.0703601 
0.087803 0.127093 0.219842 
0.18418 0.331147 0.463691 
0.367478 0.620497 0.774951 
0.64007 0.984428 1.12298 
1.00143 1.40804 1.47525 
1.43919 1.86302 1.79486 
1.91619 2.29833 2.03792 
2.36165 2.63864 2.15562 
2.6775 2.79738 2.10475 
2.76591 2.70553 1.86619 
2.57105 2.34702 1.46494 
2.11512 1.78294 0.979641 
1.50559 1.14698 0.530527 
0.902975 0.606595 0.244034 
0.460679 0.303321 0.206337 
0.266264 0.29993 0.427947 
0.314063 0.560898 0.838896 
0.521414 0.975422 1.3186 
0.775917 1.40916 1.74525 
0.985602 1.75655 2.03886 
1.107 1.96891 2.17773 
1.14373 2.05092 2.185 
1.12667 2.03686 2.09994 
1.09383 1.96604 1.95415 
1.08092 1.87094 1.76522 
1.12095 1.77833 1.54604 
1.24381 1.71446 1.31752 
1.46933 1.70524 1.11317 
1.79603 1.76943 0.971641 
2.19371 1.90985 0.922573 
2.60645 2.10863 0.973807 
2.96563 2.32908 1.1058 
3.2064 2.52259 1.27462 
3.28067 2.6378 1.42228 
3.16429 2.63094 1.49249 
2.86005 2.47689 1.44859 
2.39872 2.17884 1.28791 
1.83737 1.77172 1.04522 
1.25215 1.31511 0.780719 
0.724371 0.876218 0.555694 
0.323221 0.509871 0.407263 
0.0911527 0.245421 0.335731 
0.036911 0.0860591 0.311597 
0.136603 0.0181739 0.297182 
0.339813 0.0223202 0.269012 
0.578306 0.0784962 0.227741 
0.778004 0.165399 0.192164 
0.876371 0.259971 0.185231 
0.843744 0.343684 0.224284 
0.70055 0.414927 0.321977 
0.518502 0.498405 0.493358 
0.398394 0.640264 0.757713 
0.429194 0.885147 1.12688 
0.645822 1.24417 1.58329 
1.00723 1.67202 2.06216 
1.40802 2.06973 2.45465 
1.7199 2.31699 2.63879 
1.84405 2.32161 2.52879 
1.75018 2.06343 2.12049 
1.48634 1.61161 1.50958 
1.15814 1.10693 0.870673 
0.889829 0.716154 0.403361 
0.784239 0.577121 0.266067 
0.895187 0.754912 0.523193 
1.21732 1.22303 1.12441 
1.69157 1.87304 1.92129 
2.22128 2.5467 2.71274 
2.69406 3.07904 3.30232 
3.00597 3.34005 3.54955 
3.08415 3.26501 3.40201 
2.90396 2.86749 2.90267 
2.49626 2.23352 2.1735 
1.94192 1.49901 1.38135 
1.35349 0.815669 0.694547 
0.847557 0.312893 0.240002 
0.514341 0.0647356 0.0713107 
0.393343 0.0715337 0.157263 
0.46362 0.263247 0.396185 
0.65353 0.525562 0.653622 
0.867912 0.741059 0.811216 
