0.0216064 0.0250216 0.0431774 
0.0232147 0.0152357 0.00842884 
0.0718278 0.0807558 0.0876509 
0.147651 0.183225 0.218426 
0.27463 0.319929 0.365472 
0.433415 0.459571 0.48607 
0.500886 0.494004 0.490933 
0.369666 0.350129 0.33646 
0.134266 0.155002 0.161189 
0.0743002 0.197121 0.235078 
0.388542 0.648099 0.693305 
0.967243 1.34072 1.33905 
1.47437 1.87884 1.77464 
1.64698 1.97469 1.74458 
1.48133 1.65496 1.32582 
1.15781 1.16681 0.801203 
0.877232 0.769761 0.424206 
0.807638 0.652316 0.34032 
1.09765 0.953719 0.6475 
1.80218 1.71737 1.38834 
2.75098 2.76858 2.42729 
3.56575 3.71339 3.40869 
3.89736 4.16142 3.94035 
3.67366 3.9921 3.86161 
3.10846 3.40325 3.33032 
2.48631 2.71514 2.66123 
1.96302 2.14673 2.1014 
1.54788 1.74969 1.73493 
1.20481 1.47737 1.52264 
0.924436 1.26305 1.37232 
0.722192 1.05484 1.1889 
0.615795 0.835518 0.92236 
0.61353 0.634173 0.604574 
0.696594 0.498498 0.326823 
0.800016 0.43739 0.159531 
0.833431 0.400217 0.0938641 
0.746721 0.32713 0.0680016 
0.575959 0.213846 0.039687 
0.411002 0.111475 0.0157531 
0.313689 0.0628581 0.0138185 
0.27425 0.0559526 0.0212237 
0.249073 0.0521452 0.014731 
0.230844 0.0536971 0.0177502 
0.268519 0.12366 0.11166 
0.412218 0.322369 0.362008 
0.641499 0.621314 0.723723 
0.857037 0.891234 1.03341 
0.951916 0.991234 1.11981 
0.894829 0.878914 0.938518 
0.744493 0.635484 0.602683 
0.589095 0.388108 0.284411 
0.480465 0.21512 0.0894953 
0.422319 0.120865 0.0182062 
0.398322 0.0762918 0.0175645 
0.389474 0.0582339 0.0430872 
0.369498 0.0518185 0.0724433 
0.310174 0.0417541 0.0904627 
0.208667 0.021144 0.0869183 
0.102204 0.00317 0.0675645 
0.0398623 0.00812068 0.0514828 
0.0358028 0.0346393 0.0500665 
0.0577419 0.0526135 0.0529458 
0.0690737 0.0351269 0.0416922 
0.085453 0.00430444 0.0237117 
0.187837 0.0460697 0.0563471 
0.467754 0.266724 0.229572 
0.938385 0.708714 0.601627 
1.48428 1.28727 1.12902 
1.90492 1.8109 1.65731 
2.03214 2.08563 1.99694 
1.83164 2.02505 2.02879 
1.41044 1.68294 1.75765 
0.936924 1.2003 1.29006 
0.547102 0.726562 0.776904 
0.297041 0.365903 0.357943 
0.168202 0.15389 0.112129 
0.104956 0.05997 0.0262386 
0.0622418 0.0227059 0.0187247 
0.0345676 0.00303043 0.0184242 
0.0405239 0.00574868 0.0235159 
0.07873 0.0442191 0.072143 
0.111428 0.096001 0.163022 
0.101867 0.113699 0.233021 
0.0572975 0.0793923 0.224873 
0.0180209 0.0281353 0.157406 
0.00917376 0.00905469 0.108515 
0.0235607 0.0371673 0.13504 
0.0505599 0.0917711 0.224781 
0.092987 0.145723 0.321731 
0.142588 0.181003 0.380267 
0.172003 0.193262 0.396412 
0.193954 0.213938 0.409082 
0.322243 0.327283 0.479318 
0.716841 0.62199 0.644116 
1.41771 1.08539 0.862714 
2.23169 1.54929 1.01254 
2.81734 1.77728 0.969409 
2.9144 1.63771 0.716018 
2.51481 1.20373 0.372039 
1.83665 0.689622 0.106273 
1.15411 0.292306 0.0100266 
0.643036 0.0822493 0.0466537 
0.341539 0.014162 0.110297 
0.201533 0.00876061 0.123666 
0.152946 0.0158461 0.0845608 
0.138253 0.0208634 0.0365607 
0.126748 0.0234694 0.012059 
0.125749 0.0297343 0.00894364 
0.18058 0.0634363 0.0165485 
0.344936 0.168101 0.0532597 
0.629454 0.378707 0.167371 
0.969497 0.679907 0.391994 
1.24831 0.991621 0.694499 
1.36427 1.20321 0.97152 
1.28846 1.23349 1.10147 
1.06921 1.07206 1.01689 
0.7925 0.778588 0.745304 
0.541033 0.452198 0.396478 
0.377256 0.195436 0.111873 
0.337405 0.0848396 0.00881803 
0.419993 0.150364 0.144059 
0.580505 0.370167 0.505301 
0.753527 0.686363 1.02451 
0.891569 1.03063 1.59847 
0.982904 1.33978 2.10816 
1.03736 1.56271 2.44664 
1.07739 1.68384 2.56942 
1.16414 1.76658 2.54831 
1.41891 1.9642 2.56807 
1.96738 2.43843 2.82185 
2.81127 3.21299 3.35494 
3.74495 4.08948 3.98902 
4.43257 4.73295 4.41828 
4.61366 4.88315 4.41711 
4.26757 4.51838 3.98721 
3.59991 3.83984 3.3271 
2.88324 3.11168 2.67203 
2.30141 2.50558 2.15241 
1.90163 2.05405 1.76538 
1.6354 1.69792 1.43636 
1.41725 1.3576 1.09715 
1.16987 0.988097 0.73761 
0.862858 0.610202 0.420697 
0.534339 0.304065 0.249777 
0.266686 0.15394 0.291824 
0.124741 0.180104 0.511112 
0.116236 0.327635 0.787868 
0.215795 0.532403 1.02365 
0.415115 0.791769 1.23185 
0.723997 1.14872 1.50777 
1.10847 1.59383 1.89524 
1.44269 1.99468 2.28613 
1.55527 2.1493 2.46664 
1.35332 1.93515 2.27975 
0.915198 1.42171 1.75908 
0.458869 0.84307 1.11984 
0.202765 0.451566 0.62259 
0.230359 0.371348 0.425206 
0.461471 0.556243 0.525956 
0.738698 0.861086 0.812012 
0.947053 1.15206 1.15187 
1.07325 1.37255 1.46013 
1.17458 1.53471 1.70555 
1.30191 1.66659 1.88078 
1.44573 1.76618 1.9709 
1.54038 1.79344 1.9458 
1.51051 1.69681 1.77752 
1.31917 1.45076 1.46633 
0.990393 1.08115 1.05724 
0.604654 0.667958 0.635933 
0.279599 0.326753 0.306049 
0.14309 0.176791 0.158565 
0.297745 0.304929 0.246873 
0.777222 0.732563 0.573828 
1.50597 1.39123 1.08652 
2.28721 2.11601 1.67272 
2.84656 2.67368 2.16672 
2.93867 2.83932 2.38618 
2.47941 2.50593 2.20963 
1.62395 1.76766 1.66095 
0.718601 0.905443 0.933736 
0.132755 0.258638 0.313396 
0.0708031 0.0530946 0.031178 
0.484395 0.294359 0.142109 
1.12454 0.78263 0.501143 
1.67369 1.22099 0.843958 
1.87612 1.35376 0.928853 
1.63313 1.09037 0.683315 
1.05419 0.575032 0.285603 
0.42447 0.138082 0.0987861 
0.0510729 0.096985 0.434217 
0.0538982 0.507647 1.27552 
0.275167 1.07965 2.20495 
0.422373 1.38061 2.66163 
0.336187 1.18699 2.36156 
0.125381 0.664365 1.51713 
0.0340218 0.203368 0.650997 
0.187907 0.0761016 0.178021 
0.487431 0.24495 0.137312 
0.735545 0.473453 0.277707 
0.830863 0.575264 0.346175 
0.818342 0.541305 0.280806 
0.787173 0.472208 0.179808 
0.774397 0.45511 0.161678 
0.783231 0.527501 0.283742 
0.859326 0.720239 0.555475 
1.1062 1.08178 0.971286 
1.61192 1.6395 1.50599 
2.36086 2.34344 2.09015 
3.20549 3.05198 2.60626 
3.91457 3.57477 2.91952 
4.27485 3.75423 2.93196 
4.20383 3.54938 2.63627 
3.80356 3.06717 2.13165 
3.29374 2.49844 1.57307 
2.85375 1.99194 1.08197 
2.5063 1.57521 0.697192 
2.15258 1.19568 0.408299 
1.71406 0.825727 0.215988 
1.22581 0.506612 0.133739 
0.794902 0.292232 0.135634 
0.496881 0.18321 0.144186 
0.333811 0.142279 0.104512 
0.277269 0.161257 0.0625537 
0.317272 0.279698 0.137343 
0.456322 0.526211 0.400546 
0.672431 0.857585 0.79179 
0.907355 1.17032 1.15849 
1.09795 1.3728 1.37462 
1.22481 1.45123 1.42896 
1.33669 1.47958 1.4233 
1.51423 1.56342 1.49396 
1.77566 1.74259 1.70302 
2.00282 1.9227 1.9657 
1.99251 1.91921 2.08559 
1.6307 1.61241 1.90145 
1.02742 1.07656 1.42958 
0.450697 0.537245 0.858924 
0.108123 0.186855 0.399082 
0.00444764 0.0523718 0.140943 
0.0140714 0.0440838 0.0596936 
0.050228 0.0925943 0.107374 
0.119122 0.193603 0.252365 
0.228136 0.333059 0.436573 
0.313866 0.434825 0.557075 
0.305088 0.425129 0.537184 
0.229237 0.326639 0.404086 
0.204657 0.24521 0.262483 
0.316136 0.257792 0.188692 
0.524244 0.339928 0.172853 
0.710508 0.413401 0.167903 
