1.8181 1.75146 
2.17718 1.91364 
2.76247 2.36142 
3.42129 2.97955 
3.91186 3.53732 
4.00974 3.79236 
3.61908 3.60796 
2.82714 3.02007 
1.86928 2.21671 
1.02102 1.4427 
0.475887 0.885256 
0.273849 0.60329 
0.313258 0.5326 
0.429162 0.551427 
0.486013 0.558243 
0.432857 0.515498 
0.300097 0.443348 
0.154776 0.381867 
0.051045 0.355221 
0.00533231 0.360631 
0.00241156 0.381592 
0.0182209 0.408105 
0.040052 0.446732 
0.0731823 0.515665 
0.134826 0.63212 
0.242633 0.802485 
0.404509 1.02039 
0.613484 1.27126 
0.849177 1.53917 
1.0859 1.81321 
1.30471 2.09148 
1.50305 2.3808 
1.69499 2.6902 
1.89974 3.01874 
2.12425 3.34385 
2.35165 3.61876 
2.5442 3.78405 
2.66044 3.7898 
2.67602 3.61691 
2.5959 3.28583 
2.45158 2.84868 
2.28701 2.37038 
2.14208 1.9096 
2.04066 1.50726 
1.98521 1.18355 
1.95614 0.93967 
1.91555 0.760904 
1.81702 0.621426 
1.62269 0.493023 
1.32291 0.357292 
0.94878 0.216162 
0.567452 0.0936072 
0.258784 0.0251212 
0.0828119 0.0390363 
0.0546102 0.139597 
0.139746 0.301419 
0.272169 0.478482 
0.384069 0.622478 
0.431908 0.700619 
0.406995 0.704442 
0.329003 0.64718 
0.229734 0.553496 
0.137373 0.448148 
0.0680409 0.348717 
0.0255054 0.263829 
0.00562054 0.195252 
0.00145714 0.141304 
0.00688162 0.0998349 
0.0182561 0.0700181 
0.0345666 0.0526403 
0.0561313 0.0487888 
0.0823013 0.0575411 
0.109506 0.074358 
0.131477 0.0921061 
0.142299 0.10497 
0.140442 0.112705 
0.130333 0.121209 
0.119346 0.137408 
0.111927 0.161228 
0.105794 0.181256 
0.0943573 0.179529 
0.0745099 0.14449 
0.0536376 0.0838227 
0.0489772 0.0269518 
0.0778673 0.0129616 
0.145039 0.0698399 
0.236501 0.197797 
0.325432 0.36745 
0.386774 0.534202 
0.410974 0.660115 
0.408387 0.730806 
0.403038 0.759209 
0.421173 0.776059 
0.481218 0.813096 
0.587664 0.886448 
0.72754 0.986192 
0.868844 1.07607 
0.964302 1.10528 
0.96517 1.03055 
0.844211 0.840635 
0.617446 0.570882 
0.349236 0.297005 
0.131664 0.107002 
0.0447188 0.0633622 
0.117948 0.175131 
0.315691 0.395034 
0.554691 0.642601 
0.743559 0.839536 
0.821662 0.938252 
0.777877 0.931103 
0.6439 0.840673 
0.4715 0.701229 
0.309099 0.542996 
0.188707 0.385541 
0.125188 0.240046 
0.122968 0.116443 
0.183593 0.0308057 
0.309626 0.00888745 
0.503319 0.0825395 
0.760984 0.277928 
1.0661 0.598912 
1.38561 1.01372 
1.67327 1.45419 
1.88066 1.83158 
1.97136 2.06407 
1.93132 2.10337 
1.77049 1.94862 
1.51639 1.64248 
1.20529 1.25425 
0.876298 0.859094 
0.569035 0.520852 
0.320517 0.280704 
0.157276 0.150705 
0.0843983 0.112418 
0.0795513 0.123452 
0.10034 0.13412 
0.105604 0.110793 
0.0803074 0.0555358 
0.0480432 0.00953093 
0.0604106 0.0344307 
0.1664 0.178374 
0.378517 0.444122 
0.656262 0.777915 
0.918471 1.08738 
1.07925 1.28073 
1.08822 1.30714 
0.953099 1.17734 
0.733035 0.954394 
0.507563 0.720825 
0.339172 0.54067 
0.249418 0.435937 
0.21917 0.387394 
0.209184 0.355397 
0.186606 0.306433 
0.142013 0.230407 
0.0894863 0.141575 
0.0532595 0.0664757 
0.0514692 0.0286051 
0.0869798 0.0388187 
0.148778 0.094557 
0.220231 0.184854 
0.287295 0.295708 
0.341751 0.412322 
0.379289 0.51847 
0.395953 0.595679 
0.386892 0.624804 
0.348995 0.590798 
0.286132 0.489708 
0.214053 0.335833 
0.162085 0.166259 
0.169657 0.0392156 
0.276942 0.0228858 
0.51055 0.17394 
0.867735 0.510694 
1.30532 0.991958 
1.74057 1.51489 
2.06856 1.93979 
2.19372 2.13735 
2.06532 2.04054 
1.70172 1.67705 
1.19064 1.16433 
0.662686 0.666449 
0.247345 0.330832 
0.030118 0.233693 
0.0288976 0.35849 
0.198803 0.615226 
0.461118 0.888511 
0.741333 1.09006 
0.998585 1.19223 
1.23473 1.23099 
1.48177 1.28188 
1.77582 1.42257 
2.13023 1.69769 
2.51882 2.09697 
2.87551 2.55166 
3.11022 2.9495 
3.13671 3.16534 
2.90408 3.10112 
2.42195 2.72437 
1.76947 2.09089 
1.08147 1.33902 
0.512494 0.651911 
0.188577 0.198297 
0.163822 0.0743353 
0.399793 0.271586 
0.778217 0.685954 
1.14392 1.16364 
1.36142 1.56262 
1.36201 1.80141 
1.16234 1.87513 
0.848481 1.83625 
0.535219 1.75559 
0.320101 1.68596 
0.252085 1.64593 
0.325177 1.62664 
0.494675 1.61159 
0.704061 1.59411 
0.908629 1.58231 
1.08705 1.59176 
1.24029 1.63428 
1.38334 1.71277 
1.53676 1.82635 
1.72174 1.98187 
1.95819 2.20248 
2.2621 2.52468 
2.63904 2.98121 
3.07386 3.57536 
3.52081 4.25785 
3.90091 4.91922 
4.11329 5.40601 
4.06262 5.56122 
3.69813 5.2794 
3.0519 4.55843 
2.25987 3.52696 
1.55003 2.43066 
1.19165 1.57294 
1.41371 1.22303 
2.31653 1.52019 
3.80986 2.41053 
5.60806 3.64634 
7.29587 4.85743 
8.45173 5.67576 
8.78875 5.86939 
8.25955 5.4323 
7.07874 4.58872 
5.64633 3.70341 
4.39686 3.13011 
3.6344 3.06096 
3.42421 3.44448 
3.58979 4.01241 
3.81671 4.40661 
