0.456431 0.595323 
0.744391 0.696913 
1.04914 0.811241 
1.22814 0.80857 
1.21584 0.668678 
1.05458 0.487026 
0.868883 0.404847 
0.7844 0.508679 
0.833301 0.760306 
0.926008 1.01053 
0.941341 1.10773 
0.877589 1.03513 
0.913955 0.956436 
1.28143 1.09814 
2.02483 1.54104 
2.87619 2.10321 
3.38847 2.44044 
3.24397 2.29811 
2.48235 1.70354 
1.4622 0.939597 
0.604833 0.336032 
0.141461 0.0628559 
0.0450294 0.0781889 
0.146167 0.228076 
0.292454 0.378175 
0.420635 0.470573 
0.523665 0.497215 
0.586744 0.454957 
0.568474 0.339064 
0.440478 0.173961 
0.241258 0.0388578 
0.0911125 0.0535047 
0.147147 0.325534 
0.518395 0.888589 
1.1876 1.66437 
1.99001 2.47083 
2.67593 3.0821 
3.03356 3.32118 
2.99881 3.14092 
2.67537 2.64427 
2.25141 2.03013 
1.88064 1.50141 
1.61786 1.19052 
1.43831 1.12925 
1.29369 1.25277 
1.14521 1.42473 
0.965088 1.4886 
0.738848 1.34362 
0.482129 1.00539 
0.245851 0.596621 
0.0858786 0.262521 
0.0188238 0.0765229 
0.0112346 0.0143113 
0.017005 0.00799596 
0.0250966 0.0185097 
0.0688897 0.0590979 
0.188944 0.160729 
0.384882 0.322975 
0.597651 0.495331 
0.735724 0.600362 
0.728368 0.580405 
0.573893 0.438688 
0.351551 0.24786 
0.182551 0.113465 
0.157313 0.109019 
0.275865 0.226521 
0.448319 0.382872 
0.562046 0.481812 
0.568443 0.48457 
0.521382 0.433004 
0.535279 0.407865 
0.69731 0.45993 
1.00716 0.574853 
1.39017 0.701033 
1.75944 0.809009 
2.05909 0.918084 
2.25153 1.05823 
2.28277 1.20628 
2.08998 1.27125 
1.664 1.15928 
1.1038 0.863865 
0.59008 0.492468 
0.280844 0.197183 
0.213391 0.0683801 
0.295814 0.0829785 
0.38921 0.14367 
0.40552 0.164045 
0.34634 0.125568 
0.270674 0.0709179 
0.235319 0.0550828 
0.256287 0.0996314 
0.308294 0.18007 
0.349893 0.246859 
0.35246 0.260683 
0.315809 0.217916 
0.263158 0.15056 
0.220938 0.102174 
0.199352 0.097968 
0.188053 0.130473 
0.167735 0.168789 
0.126098 0.181666 
0.0675966 0.158073 
0.014921 0.115005 
0.00273302 0.0901615 
0.0607421 0.120999 
0.187927 0.217082 
0.335794 0.342668 
0.424942 0.428888 
0.396049 0.416561 
0.259197 0.301359 
0.0962596 0.143453 
0.00806923 0.0301572 
0.0474276 0.0198648 
0.189812 0.109321 
0.35712 0.242783 
0.467309 0.348528 
0.474212 0.376456 
0.382329 0.320202 
0.239219 0.217858 
0.11031 0.129623 
0.0429783 0.0995441 
0.0385479 0.124647 
0.0558354 0.1588 
0.0499277 0.154777 
0.0174928 0.112537 
0.00946994 0.0912193 
0.0981218 0.171155 
0.323855 0.394078 
0.661376 0.725855 
1.02498 1.06541 
1.30286 1.2898 
1.39845 1.30817 
1.26616 1.10271 
0.937666 0.746005 
0.527739 0.38604 
0.198536 0.190231 
0.0788298 0.259217 
0.18244 0.557981 
0.399404 0.927635 
0.591155 1.1949 
0.72373 1.30784 
0.915973 1.38076 
1.34034 1.5945 
2.05034 2.02803 
2.88594 2.56747 
3.54285 2.97096 
3.74848 3.02872 
3.40851 2.68518 
2.636 2.04633 
1.67782 1.30216 
0.806326 0.640811 
0.227259 0.195924 
0.023255 0.0220618 
0.144918 0.0893899 
0.45587 0.305898 
0.80994 0.567496 
1.11137 0.807055 
1.32362 1.00749 
1.44098 1.17695 
1.46569 1.31795 
1.40977 1.41772 
1.30068 1.45579 
1.165 1.4094 
1.00135 1.25435 
0.781102 0.978433 
0.495393 0.614943 
0.215496 0.27247 
0.105305 0.121361 
0.352775 0.321754 
1.05043 0.925418 
2.10226 1.81416 
3.22711 2.72377 
4.07036 3.35193 
4.3653 3.49435 
4.05142 3.13298 
3.28288 2.4274 
2.3315 1.62065 
1.45308 0.922434 
0.798048 0.439484 
0.401019 0.179367 
0.221982 0.0975152 
0.18919 0.136164 
0.220989 0.233013 
0.241471 0.320496 
0.207237 0.344634 
0.132483 0.299035 
0.0820427 0.238402 
0.126219 0.248004 
0.291507 0.388936 
0.548573 0.663002 
0.842311 1.0191 
1.12943 1.38344 
1.38898 1.68382 
1.60519 1.85977 
1.7499 1.87243 
1.78735 1.72156 
1.69939 1.45684 
1.51023 1.16551 
1.2921 0.940165 
1.14761 0.851745 
1.17897 0.948168 
1.45535 1.26692 
1.97998 1.82472 
2.65664 2.56487 
3.27611 3.30145 
3.56686 3.7417 
3.32891 3.62834 
2.58428 2.92686 
1.60992 1.89653 
0.777794 0.944577 
0.302674 0.354124 
0.123641 0.119202 
0.0524821 0.0457293 
0.0589027 0.0244852 
0.391875 0.198175 
1.36723 0.833866 
2.98653 2.00485 
4.75635 3.3913 
5.92463 4.41455 
5.97372 4.61466 
4.96974 3.96049 
3.48986 2.84613 
2.20653 1.79725 
1.47 1.13338 
1.18891 0.832124 
1.04005 0.657519 
0.791253 0.416233 
0.476169 0.134068 
0.311962 0.0246303 
0.459163 0.282234 
0.835604 0.865652 
1.1447 1.45789 
1.10452 1.66343 
0.696447 1.31409 
0.224518 0.645934 
0.122413 0.188648 
0.650037 0.429202 
1.71065 1.49093 
2.91452 3.05371 
3.81618 4.54872 
4.13991 5.46616 
3.86152 5.57251 
3.15154 4.94396 
2.26439 3.85892 
1.43895 2.64753 
0.827285 1.57249 
0.45929 0.773044 
0.263591 0.275184 
0.143499 0.045656 
0.0563961 0.0439309 
0.0343343 0.235067 
