0.296853 0.14818 
0.437743 0.266971 
0.624427 0.456311 
0.814989 0.644605 
1.00512 0.798697 
1.20393 0.913522 
1.38743 0.975037 
1.47918 0.944077 
1.39079 0.787911 
1.10001 0.53136 
0.695925 0.265585 
0.335051 0.0869371 
0.135496 0.019001 
0.109535 0.00822501 
0.202557 0.0127937 
0.385347 0.086191 
0.677194 0.337126 
1.06084 0.780681 
1.3993 1.24286 
1.48784 1.45335 
1.22312 1.26405 
0.720049 0.783387 
0.244603 0.294614 
0.0185732 0.0415783 
0.0751066 0.0774574 
0.275638 0.279032 
0.439397 0.467192 
0.461111 0.517954 
0.345242 0.408582 
0.171019 0.209234 
0.0350808 0.0405357 
0.00349114 0.00980199 
0.0869241 0.15263 
0.244782 0.417408 
0.41308 0.703574 
0.537358 0.920868 
0.590332 1.0249 
0.568538 1.0138 
0.479947 0.906151 
0.339804 0.72828 
0.179401 0.51888 
0.0520844 0.33449 
0.0148844 0.233974 
0.0873771 0.242123 
0.223389 0.322969 
0.334245 0.397365 
0.358148 0.402502 
0.31857 0.345708 
0.313418 0.301517 
0.435447 0.349717 
0.688452 0.506656 
0.971267 0.708916 
1.14527 0.862191 
1.13148 0.912816 
0.959824 0.882394 
0.734332 0.838494 
0.548386 0.828297 
0.424819 0.833768 
0.330073 0.789769 
0.242651 0.652255 
0.205583 0.457063 
0.3076 0.313199 
0.604093 0.328481 
1.04574 0.524474 
1.47938 0.809881 
1.72721 1.03536 
1.68841 1.08781 
1.39176 0.953636 
0.967605 0.710074 
0.566003 0.461945 
0.280909 0.2781 
0.125771 0.170257 
0.0627722 0.1155 
0.0505294 0.0912004 
0.0698795 0.0909227 
0.114247 0.114588 
0.16594 0.15094 
0.191539 0.175069 
0.166146 0.165936 
0.100229 0.125659 
0.034877 0.0780886 
0.00508888 0.0462526 
0.00941693 0.0333499 
0.0192553 0.028421 
0.0150304 0.0272379 
0.00615971 0.0400629 
0.0150602 0.0769134 
0.0498158 0.131883 
0.0968934 0.186756 
0.133046 0.224024 
0.13757 0.229139 
0.104545 0.189164 
0.0651275 0.111831 
0.0988334 0.0541143 
0.289066 0.107166 
0.628428 0.315069 
0.966662 0.597197 
1.09391 0.779137 
0.920736 0.739057 
0.586508 0.537025 
0.36706 0.384276 
0.447269 0.463155 
0.767897 0.764975 
1.08761 1.0983 
1.19304 1.2519 
1.06214 1.15796 
0.853257 0.923555 
0.757618 0.72959 
0.847635 0.693603 
1.02607 0.792073 
1.09839 0.883494 
0.920557 0.817391 
0.527581 0.56218 
0.138333 0.251338 
0.00341074 0.087795 
0.200145 0.169864 
0.556638 0.398069 
0.789387 0.562497 
0.735116 0.529949 
0.462341 0.345383 
0.174728 0.159252 
0.0259804 0.0786396 
0.0261048 0.0989126 
0.0897184 0.154076 
0.133404 0.193476 
0.124396 0.201059 
0.074552 0.173657 
0.0236685 0.117474 
0.0266979 0.0680588 
0.128958 0.088106 
0.333888 0.225123 
0.595464 0.469443 
0.848986 0.757463 
1.05227 1.01443 
1.20072 1.19402 
1.31038 1.28575 
1.39 1.29671 
1.42371 1.23188 
1.37446 1.09067 
1.20985 0.881481 
0.938862 0.639972 
0.63033 0.428447 
0.385887 0.305182 
0.276769 0.283423 
0.295248 0.320836 
0.370895 0.36254 
0.449046 0.411617 
0.567626 0.564373 
0.855837 0.962548 
1.4337 1.67797 
2.27921 2.61132 
3.17841 3.49887 
3.82654 4.0513 
4.02109 4.13552 
3.78931 3.85064 
3.33542 3.42402 
2.86112 3.0195 
2.43896 2.64488 
2.05126 2.24393 
1.71201 1.85075 
1.49693 1.606 
1.43789 1.59891 
1.42969 1.7215 
1.29783 1.72773 
0.974254 1.45692 
0.579612 0.985274 
0.310232 0.54789 
0.252247 0.325532 
0.319001 0.31625 
0.35694 0.388699 
0.288145 0.41924 
0.152589 0.369754 
0.0457283 0.270793 
0.041204 0.172787 
0.161096 0.119848 
0.381572 0.141385 
0.638198 0.236575 
0.830322 0.357159 
0.856418 0.422555 
0.693348 0.385468 
0.472033 0.310949 
0.462458 0.387975 
0.926555 0.821591 
1.91643 1.6595 
3.17805 2.69644 
4.26096 3.56084 
4.76725 3.93355 
4.55716 3.72766 
3.77756 3.09909 
2.73047 2.30932 
1.70378 1.56832 
0.87302 0.963718 
0.30583 0.493491 
0.0309582 0.152747 
0.0993176 0.00465705 
0.5699 0.172735 
1.41389 0.736707 
2.42116 1.59934 
3.22737 2.45183 
3.49213 2.9126 
3.11158 2.76384 
2.29113 2.10083 
1.41082 1.26577 
0.789556 0.617679 
0.528262 0.323031 
0.525001 0.314755 
0.605871 0.410938 
0.646784 0.464973 
0.612426 0.43283 
0.529636 0.34569 
0.448214 0.251822 
0.412371 0.182516 
0.434235 0.145413 
0.472972 0.126173 
0.450586 0.0979294 
0.318438 0.0490717 
0.125267 0.0129572 
0.004332 0.0555617 
0.059943 0.206638 
0.248879 0.394367 
0.391004 0.473068 
0.334134 0.355655 
0.131946 0.138711 
0.0491099 0.0788472 
0.357239 0.405203 
1.09573 1.12473 
2.02788 2.01229 
2.85124 2.81765 
3.47666 3.50795 
4.11058 4.30868 
5.04678 5.47931 
6.34539 7.00951 
7.69189 8.51352 
8.57399 9.43667 
8.63017 9.41476 
7.88021 8.49928 
6.67232 7.0917 
5.43463 5.67868 
4.44912 4.58654 
3.7821 3.89256 
3.34569 3.47794 
3.00049 3.14187 
2.64488 2.72185 
2.26778 2.18232 
1.9376 1.62151 
1.72842 1.18167 
1.65291 0.93907 
1.67778 0.880748 
1.79328 0.971055 
2.02167 1.19571 
2.32433 1.50974 
