0.459059 0.477782 0.668968 
0.625506 0.700649 1.04393 
0.811489 0.917371 1.3652 
0.932091 1.03472 1.52071 
0.956254 1.01981 1.46824 
0.913453 0.903726 1.23881 
0.874398 0.758547 0.912328 
0.916666 0.661617 0.581707 
1.09043 0.663887 0.323255 
1.39704 0.773734 0.183003 
1.78668 0.958734 0.177508 
2.17395 1.16033 0.300305 
2.46518 1.31346 0.525709 
2.58859 1.36477 0.808516 
2.51837 1.2865 1.08532 
2.28501 1.08457 1.28465 
1.96726 0.799433 1.34716 
1.66613 0.496992 1.24814 
1.46813 0.249477 1.00969 
1.41162 0.110997 0.693878 
1.47213 0.0985925 0.379748 
1.57681 0.190255 0.137226 
1.64468 0.343799 0.0124523 
1.63356 0.52724 0.0293942 
1.56726 0.740963 0.199029 
1.52342 1.01365 0.521087 
1.58427 1.36968 0.970705 
1.77641 1.78695 1.47882 
2.03706 2.17591 1.92748 
2.23235 2.40222 2.17728 
2.22333 2.34877 2.12372 
1.94427 1.9849 1.75519 
1.4475 1.40037 1.17643 
0.886194 0.778748 0.576505 
0.443095 0.32004 0.152177 
0.244693 0.153014 0.0253127 
0.30796 0.284247 0.19767 
0.545412 0.608683 0.564846 
0.819462 0.97093 0.977131 
1.01128 1.2402 1.3109 
1.06727 1.36003 1.5137 
1.00581 1.35421 1.60668 
0.891862 1.29714 1.65384 
0.801862 1.27238 1.72179 
0.798306 1.34141 1.85122 
0.92082 1.53143 2.04798 
1.18829 1.83806 2.2895 
1.60321 2.23456 2.53787 
2.15341 2.68147 2.75349 
2.81161 3.13557 2.9068 
3.53543 3.55772 2.98577 
4.26901 3.9181 2.99672 
4.94627 4.1973 2.95724 
5.49662 4.38388 2.88533 
5.85513 4.473 2.79358 
5.97802 4.47047 2.69499 
5.85904 4.4007 2.61808 
5.53794 4.3107 2.61781 
5.09171 4.25992 2.76608 
4.60762 4.29351 3.11656 
4.14834 4.40982 3.65824 
3.72761 4.54267 4.2869 
3.31152 4.57572 4.82059 
2.84709 4.38962 5.06254 
2.30286 3.92112 4.88498 
1.69767 3.20206 4.28979 
1.09979 2.35417 3.41138 
0.59614 1.53983 2.45817 
0.250096 0.894754 1.62469 
0.073046 0.478898 1.02123 
0.0255382 0.269617 0.654706 
0.0443582 0.194404 0.461058 
0.0759792 0.177889 0.360002 
0.0953598 0.173715 0.296203 
0.102291 0.167929 0.248752 
0.104793 0.162979 0.217205 
0.106961 0.162941 0.206558 
0.111436 0.173491 0.226327 
0.131045 0.212101 0.299225 
0.19373 0.31144 0.461667 
0.329288 0.503387 0.743755 
0.542727 0.789204 1.13634 
0.793821 1.11769 1.5696 
1.00264 1.39279 1.92551 
1.08428 1.51351 2.08504 
0.994593 1.4251 1.98539 
0.758281 1.15024 1.65278 
0.460506 0.779872 1.19035 
0.205925 0.429243 0.728815 
0.069641 0.185571 0.369802 
0.0682157 0.0773089 0.153352 
0.164376 0.0783653 0.0623679 
0.297425 0.138041 0.0529831 
0.417671 0.214058 0.0868456 
0.505191 0.28934 0.146307 
0.567027 0.368038 0.229541 
0.621222 0.460398 0.336581 
0.681477 0.570277 0.460059 
0.751344 0.692889 0.586774 
0.827723 0.820853 0.706219 
0.907521 0.951323 0.817782 
0.991585 1.0884 0.931238 
1.08401 1.23992 1.06103 
1.18829 1.41097 1.21821 
1.30237 1.59684 1.40309 
1.41426 1.77713 1.59936 
1.50039 1.91321 1.77056 
1.53079 1.95366 1.86252 
1.48446 1.85197 1.81703 
1.37259 1.59508 1.59773 
1.25824 1.23117 1.2202 
1.25511 0.877942 0.76908 
1.49316 0.695805 0.385713 
2.05651 0.827431 0.222114 
2.92016 1.32664 0.377169 
3.92242 2.11305 0.845173 
4.7989 2.98195 1.50531 
5.27345 3.67284 2.16153 
5.16853 3.96845 2.61611 
4.48175 3.77789 2.74227 
3.38954 3.16506 2.52316 
2.17534 2.31202 2.04336 
1.11871 1.44007 1.44436 
0.399172 0.72953 0.870224 
0.0565542 0.273593 0.428114 
0.015905 0.0776201 0.173979 
0.151731 0.0903776 0.117486 
0.351708 0.24157 0.233429 
0.549859 0.46565 0.470727 
0.723293 0.707549 0.759243 
0.868255 0.919341 1.02022 
0.978153 1.05972 1.18377 
1.03772 1.10102 1.20932 
1.03247 1.03895 1.09876 
0.962193 0.896326 0.893751 
0.847194 0.715933 0.657184 
0.723352 0.545953 0.448583 
0.630558 0.426567 0.30705 
0.601714 0.384564 0.2498 
0.656239 0.435579 0.282984 
0.796859 0.586965 0.412624 
1.00646 0.834114 0.643774 
1.24485 1.15002 0.966042 
1.45033 1.47685 1.33636 
1.55211 1.73144 1.67569 
1.49472 1.83011 1.88951 
1.26581 1.72472 1.90625 
0.911987 1.43103 1.71333 
0.529659 1.03053 1.36838 
0.229998 0.640119 0.976132 
0.0925817 0.362745 0.641721 
0.131017 0.244461 0.425951 
0.289143 0.260559 0.32659 
0.470229 0.336975 0.293878 
0.583441 0.393085 0.267808 
0.582987 0.381097 0.213295 
0.480872 0.301735 0.133562 
0.330132 0.19184 0.05795 
0.191522 0.0959458 0.0164481 
0.103423 0.0407689 0.0191982 
0.0696446 0.0260581 0.0526789 
0.0675788 0.0329023 0.0914304 
0.0680212 0.0402499 0.114584 
0.0537912 0.0379241 0.115825 
0.0276433 0.0294999 0.102401 
0.00724825 0.0260838 0.087094 
0.0117813 0.0370747 0.080755 
0.0481771 0.0642862 0.0906482 
0.104835 0.102655 0.124324 
0.15698 0.146681 0.19452 
0.181987 0.198581 0.319948 
0.17673 0.272646 0.519349 
0.165751 0.391153 0.799926 
0.192076 0.570905 1.14468 
0.292101 0.805554 1.50523 
0.467478 1.0542 1.80657 
0.672407 1.24683 1.96659 
0.828367 1.30968 1.92595 
0.862089 1.20085 1.67649 
0.746335 0.937221 1.27284 
0.518579 0.595023 0.817886 
0.264725 0.280086 0.425364 
0.0765738 0.0820346 0.17671 
0.00826059 0.0372466 0.0935582 
0.0567779 0.120349 0.139087 
0.175154 0.266421 0.244872 
0.305927 0.407994 0.346148 
0.411979 0.504548 0.406225 
0.487726 0.550696 0.420643 
0.549691 0.564829 0.405268 
0.618495 0.570766 0.380114 
0.705693 0.584543 0.358523 
0.81032 0.610167 0.343909 
0.921159 0.640887 0.331029 
1.01903 0.66184 0.309139 
1.07862 0.654051 0.267323 
1.07378 0.602035 0.202432 
0.988634 0.50403 0.126163 
0.829421 0.378391 0.0644969 
0.627859 0.2588 0.0455466 
0.43016 0.177839 0.0808619 
0.276317 0.148354 0.153106 
0.182399 0.155928 0.221551 
0.137302 0.168981 0.244948 
0.115204 0.160103 0.207555 
0.0940405 0.123655 0.130094 
0.0674734 0.0778054 0.0575605 
0.0444862 0.0512966 0.0326291 
0.0403845 0.0661604 0.0734745 
0.0674195 0.128474 0.169993 
0.129994 0.230355 0.297035 
0.223343 0.356562 0.43054 
0.332384 0.487341 0.552922 
0.430932 0.596304 0.646466 
0.48578 0.650471 0.68624 
0.469213 0.62011 0.645383 
0.376373 0.497154 0.514054 
0.23653 0.310455 0.318963 
0.107487 0.123927 0.125832 
0.051835 0.0132364 0.0172489 
0.106477 0.0315061 0.0555781 
0.262926 0.1833 0.25202 
0.470232 0.422003 0.559899 
0.658717 0.671626 0.895495 
0.770594 0.860055 1.17385 
0.781052 0.945928 1.34031 
0.701183 0.927631 1.38395 
0.565592 0.834484 1.33093 
0.414845 0.708946 1.22604 
0.282284 0.590136 1.11354 
0.188717 0.504457 1.02492 
0.142583 0.463379 0.975329 
0.141514 0.465454 0.966121 
0.17355 0.500048 0.990235 
0.219485 0.552038 1.03785 
0.258503 0.607395 1.10093 
0.276644 0.658454 1.17552 
0.273972 0.706189 1.26061 
0.264915 0.75693 1.3535 
0.269221 0.813747 1.44328 
0.297121 0.866893 1.5066 
0.337724 0.890336 1.51017 
0.360078 0.849842 1.4223 
0.329973 0.721896 1.23044 
0.235394 0.514946 0.956562 
0.105668 0.280033 0.660597 
0.00993294 0.100853 0.426192 
0.0306682 0.0634191 0.331689 
0.22285 0.217606 0.418263 
0.579739 0.549765 0.670709 
1.02534 0.9821 1.02171 
