0.0644293 0.0745776 0.155455 
0.143268 0.315871 0.627687 
0.31078 0.686154 1.23599 
0.443093 0.970855 1.67323 
0.478438 1.02438 1.71121 
0.460431 0.871049 1.35481 
0.502005 0.685425 0.840955 
0.708497 0.677545 0.493773 
1.11336 0.963826 0.537165 
1.65443 1.49643 0.975907 
2.19111 2.08033 1.60116 
2.55223 2.4631 2.10442 
2.60202 2.4542 2.23345 
2.30411 2.02016 1.91204 
1.75579 1.31176 1.2698 
1.16777 0.607132 0.574186 
0.787021 0.193041 0.102928 
0.790148 0.237869 0.0205727 
1.19592 0.716083 0.316633 
1.84188 1.41901 0.827396 
2.44205 2.04387 1.31918 
2.70632 2.3189 1.58604 
2.47403 2.11455 1.52271 
1.80254 1.502 1.15832 
0.960709 0.73559 0.649675 
0.312745 0.153721 0.229563 
0.137653 0.025399 0.110981 
0.481553 0.412019 0.377863 
1.13673 1.12795 0.925347 
1.76527 1.83617 1.50149 
2.08634 2.22727 1.83934 
2.00591 2.17166 1.80159 
1.62018 1.75774 1.44886 
1.11964 1.21192 0.996198 
0.676896 0.768027 0.692211 
0.3844 0.565079 0.693093 
0.254345 0.614577 0.995085 
0.255808 0.834319 1.45432 
0.358834 1.1186 1.87939 
0.561728 1.40323 2.14237 
0.883634 1.68604 2.23889 
1.31982 1.98828 2.25642 
1.78858 2.28651 2.27637 
2.12356 2.47725 2.28937 
2.14712 2.42082 2.19652 
1.79552 2.04755 1.89934 
1.20291 1.44594 1.40512 
0.655445 0.848823 0.857539 
0.417896 0.505172 0.460656 
0.549113 0.52022 0.35001 
0.855345 0.784021 0.507095 
1.03317 1.04825 0.779025 
0.897658 1.09641 0.983919 
0.515604 0.880787 1.02183 
0.143076 0.532284 0.917065 
0.0310832 0.253499 0.776607 
0.260242 0.186616 0.707435 
0.716512 0.344185 0.750574 
1.19095 0.626441 0.866085 
1.50485 0.891615 0.968598 
1.58063 1.0314 0.987223 
1.44518 1.017 0.911202 
1.19262 0.899082 0.790307 
0.935267 0.767259 0.69241 
0.764016 0.700298 0.659676 
0.732698 0.744191 0.706882 
0.8635 0.922905 0.856654 
1.14924 1.24685 1.15634 
1.53589 1.68932 1.63552 
1.90772 2.15382 2.23712 
2.11794 2.489 2.80301 
2.06797 2.5676 3.1508 
1.77472 2.36885 3.18247 
1.3578 1.98487 2.9282 
0.950765 1.54251 2.49421 
0.61743 1.11787 1.97975 
0.348461 0.724455 1.44728 
0.13126 0.374911 0.959304 
0.0161127 0.141889 0.620298 
0.11208 0.14945 0.56075 
0.514657 0.495949 0.863474 
1.22146 1.16778 1.48821 
2.09293 2.00582 2.25308 
2.88124 2.748 2.89184 
3.31736 3.12961 3.16145 
3.22592 2.99798 2.94854 
2.62263 2.38947 2.3223 
1.73986 1.52553 1.50333 
0.942439 0.715991 0.75861 
0.550793 0.208402 0.274685 
0.66313 0.066828 0.0812362 
1.09936 0.162033 0.0727106 
1.52389 0.285585 0.110871 
1.66797 0.302181 0.125921 
1.4825 0.217138 0.131866 
1.1112 0.114551 0.154866 
0.739461 0.0514674 0.170165 
0.476489 0.0313736 0.138113 
0.356024 0.0702161 0.103155 
0.388281 0.237197 0.211504 
0.557209 0.578353 0.572007 
0.778346 1.00424 1.08824 
0.934424 1.32085 1.48369 
1.01949 1.43904 1.56273 
1.2376 1.55102 1.46094 
1.88042 2.02876 1.58717 
3.03331 3.07417 2.25614 
4.38889 4.44765 3.35387 
5.38725 5.56544 4.37323 
5.58682 5.90031 4.79236 
4.94417 5.329 4.43952 
3.78617 4.14942 3.53977 
2.55677 2.82229 2.47746 
1.58 1.7032 1.54355 
0.978655 0.943982 0.857445 
0.709497 0.533956 0.426411 
0.629821 0.371529 0.210722 
0.575437 0.325109 0.145968 
0.451109 0.296084 0.161342 
0.280179 0.262283 0.211252 
0.153021 0.254602 0.283651 
0.114121 0.283144 0.369505 
0.112848 0.301814 0.438748 
0.0777005 0.260452 0.461697 
0.0202889 0.176582 0.442632 
0.0311616 0.124168 0.407252 
0.16258 0.143077 0.355846 
0.339929 0.183652 0.257759 
0.417097 0.164532 0.114681 
0.322724 0.0796415 0.014511 
0.138862 0.024126 0.0841718 
0.0306217 0.102605 0.365091 
0.103151 0.318485 0.740222 
0.322047 0.559255 1.00075 
0.55219 0.684596 0.997569 
0.660076 0.627184 0.742161 
0.594009 0.426339 0.383332 
0.400183 0.190496 0.10301 
0.182724 0.0322335 0.0201087 
0.0385406 0.0135346 0.14973 
0.00419513 0.119806 0.412876 
0.0464581 0.273198 0.679239 
0.100167 0.381587 0.828776 
0.119297 0.392779 0.806646 
0.0991667 0.315177 0.639292 
0.062334 0.196765 0.404664 
0.037058 0.0917189 0.186359 
0.051468 0.0429743 0.0448272 
0.132726 0.0765377 0.00774758 
0.290489 0.189286 0.0630778 
0.493132 0.336027 0.156516 
0.669576 0.442975 0.214395 
0.749142 0.453203 0.192434 
0.70844 0.367793 0.111059 
0.582888 0.241861 0.0380269 
0.43566 0.139521 0.0307687 
0.316251 0.0932519 0.0950869 
0.242217 0.102259 0.198129 
0.208435 0.158279 0.313287 
0.20524 0.261975 0.443871 
0.227787 0.412354 0.602769 
0.271898 0.58521 0.775824 
0.322756 0.727163 0.910843 
0.350275 0.776335 0.945132 
0.324807 0.699931 0.849631 
0.249333 0.525615 0.65675 
0.177889 0.340389 0.450933 
0.187632 0.244779 0.322902 
0.312796 0.284389 0.312987 
0.498107 0.411313 0.383701 
0.626236 0.515582 0.447617 
0.606745 0.508343 0.43314 
0.448462 0.386699 0.33437 
0.24768 0.223768 0.203603 
0.105418 0.0987596 0.0997687 
0.0535571 0.0373614 0.0468477 
0.0532245 0.0144076 0.0385574 
0.0524421 0.00226303 0.0710441 
0.0375664 0.00590436 0.157229 
0.0332014 0.0504131 0.304499 
0.0648019 0.142821 0.484714 
0.130132 0.253943 0.635744 
0.205085 0.337994 0.698187 
0.269545 0.367019 0.653286 
0.323698 0.347304 0.529412 
0.381674 0.308168 0.377522 
0.452491 0.278437 0.241398 
0.525651 0.269542 0.143577 
0.57126 0.272371 0.087138 
0.55467 0.265526 0.0631029 
0.458999 0.230722 0.0583959 
0.303701 0.168977 0.0646693 
0.144578 0.106198 0.083767 
0.0474157 0.0779292 0.120996 
0.046048 0.0985138 0.167045 
0.114155 0.140101 0.188183 
0.178962 0.148817 0.147921 
0.176719 0.0973307 0.0564768 
0.112296 0.033918 0.00623285 
0.0719215 0.0765174 0.143897 
0.16826 0.337575 0.574853 
0.452221 0.827226 1.26136 
0.859534 1.41308 2.00088 
1.23817 1.87923 2.51959 
1.43992 2.0494 2.62521 
1.40931 1.88714 2.31233 
1.20843 1.50461 1.7493 
0.968082 1.08323 1.16675 
0.80631 0.769205 0.732779 
0.766844 0.610068 0.492419 
0.806963 0.558021 0.388457 
0.833949 0.522519 0.328498 
0.768423 0.436016 0.250013 
0.600321 0.2977 0.151544 
0.401807 0.171723 0.0807472 
0.283223 0.1403 0.0914298 
0.320145 0.244119 0.200876 
0.507593 0.4571 0.381336 
0.776523 0.715518 0.591752 
1.05008 0.969657 0.815133 
1.28098 1.20288 1.05713 
1.43858 1.39972 1.30246 
1.47675 1.5061 1.47922 
1.33892 1.44111 1.48415 
1.0127 1.16544 1.26228 
0.580109 0.743229 0.870623 
0.198562 0.32754 0.459651 
0.0102958 0.0682855 0.179023 
0.0503461 0.0165288 0.0842855 
0.230045 0.104028 0.118967 
0.406985 0.20876 0.177078 
0.479866 0.244602 0.184689 
0.435072 0.203433 0.135665 
0.323666 0.130502 0.0684038 
0.206448 0.0716224 0.0207113 
0.118549 0.0425328 0.00561431 
0.0728274 0.0378601 0.019531 
0.0826498 0.0591214 0.0639849 
0.173404 0.130678 0.157267 
0.369375 0.288769 0.326431 
0.666289 0.551076 0.584332 
1.01139 0.887079 0.904136 
1.3086 1.21037 1.20805 
1.452 1.40481 1.38623 
1.37434 1.37837 1.34773 
1.08599 1.11818 1.0794 
0.680977 0.711224 0.671306 
0.301463 0.310314 0.280427 
0.0741041 0.0577188 0.0466779 
0.0494491 0.00994265 0.0142821 
0.178653 0.111706 0.114082 
