0.460605 0.261851 0.122544 
0.169663 0.110253 0.0608575 
0.0317335 0.0344467 0.0317313 
0.0275217 0.0191095 0.0388496 
0.113867 0.0712251 0.133434 
0.297185 0.251808 0.40555 
0.590324 0.60173 0.888042 
0.900723 1.02312 1.44725 
1.02253 1.27578 1.80041 
0.810918 1.15771 1.7085 
0.375379 0.716449 1.19481 
0.0414873 0.247961 0.558289 
0.0600246 0.0397494 0.131656 
0.353282 0.110354 0.012053 
0.5925 0.229938 0.0403258 
0.545724 0.201375 0.0364803 
0.319516 0.0819744 0.0128331 
0.226054 0.0951941 0.124393 
0.428423 0.345013 0.434063 
0.761164 0.670053 0.783794 
0.911622 0.799757 0.923666 
0.743866 0.626802 0.747466 
0.419718 0.303037 0.383643 
0.229611 0.0919896 0.0790083 
0.350294 0.164734 0.0243372 
0.761186 0.524414 0.268404 
1.32875 1.05785 0.724058 
1.91033 1.60484 1.20607 
2.38295 1.9977 1.49575 
2.63324 2.10611 1.45122 
2.57656 1.89798 1.10705 
2.2069 1.46483 0.660729 
1.62725 0.974351 0.335253 
1.02127 0.583751 0.235837 
0.567 0.371606 0.315136 
0.338162 0.312763 0.438893 
0.27221 0.303761 0.473159 
0.255981 0.247495 0.355949 
0.26282 0.156946 0.149958 
0.381613 0.165559 0.0275611 
0.669498 0.381096 0.13599 
0.989205 0.712282 0.429244 
1.07109 0.900361 0.673741 
0.799023 0.792675 0.697908 
0.408798 0.576797 0.646373 
0.325361 0.668799 0.914926 
0.769302 1.32195 1.77011 
1.55463 2.36678 3.0426 
2.2927 3.36331 4.23312 
2.74841 3.97755 4.91211 
2.94699 4.16476 4.98356 
2.97393 4.02277 4.59141 
2.78711 3.58538 3.88076 
2.29239 2.83841 2.93218 
1.55059 1.8887 1.88096 
0.811053 1.00152 0.970176 
0.312552 0.418772 0.411376 
0.0975332 0.177383 0.222622 
0.047405 0.141203 0.252428 
0.0522301 0.174947 0.345286 
0.0898025 0.233785 0.436488 
0.163466 0.30785 0.50506 
0.253172 0.376887 0.52997 
0.377892 0.478484 0.557638 
0.653904 0.765863 0.761713 
1.19548 1.38734 1.32053 
1.92167 2.25957 2.17773 
2.51128 3.0101 2.96962 
2.61988 3.22364 3.26795 
2.16886 2.77933 2.92634 
1.41203 1.9403 2.18034 
0.717201 1.11746 1.41671 
0.295319 0.566287 0.877223 
0.127867 0.299526 0.582074 
0.0964881 0.219544 0.464982 
0.12169 0.255859 0.492412 
0.17791 0.368276 0.637073 
0.237248 0.487308 0.805142 
0.254718 0.521394 0.862415 
0.208241 0.430721 0.742764 
0.122203 0.264496 0.503725 
0.0423152 0.115032 0.268732 
0.00271884 0.0493816 0.132806 
0.0195744 0.0850421 0.123462 
0.0934801 0.204062 0.21962 
0.205025 0.373002 0.384253 
0.329175 0.569294 0.596729 
0.47802 0.814603 0.882493 
0.712563 1.16821 1.30005 
1.06806 1.64373 1.85501 
1.45379 2.11774 2.41034 
1.66553 2.36041 2.72034 
1.54467 2.20724 2.60634 
1.13186 1.71215 2.11468 
0.641238 1.1121 1.48602 
0.277068 0.634132 0.962981 
0.0919496 0.348425 0.636726 
0.0202875 0.19981 0.467829 
0.00412895 0.133942 0.406716 
0.0433919 0.152409 0.454289 
0.140588 0.265156 0.625199 
0.258731 0.44847 0.906048 
0.36485 0.672011 1.26388 
0.479539 0.925598 1.65119 
0.635653 1.1777 1.96954 
0.797387 1.33431 2.07253 
0.875484 1.30915 1.88827 
0.846668 1.15725 1.5601 
0.814525 1.07806 1.38875 
0.896076 1.21215 1.54358 
1.05207 1.43648 1.82741 
1.08792 1.43357 1.80961 
0.862433 1.02169 1.26486 
0.474596 0.403218 0.475513 
0.198191 0.0336988 0.0445561 
0.218658 0.2149 0.368012 
0.454858 0.817209 1.27645 
0.651306 1.39877 2.17859 
0.629631 1.58083 2.53779 
0.437289 1.31498 2.23136 
0.270055 0.839781 1.52928 
0.280695 0.439544 0.811635 
0.462908 0.250192 0.316436 
0.683734 0.236395 0.0799618 
0.795411 0.285229 0.0207555 
0.725474 0.30227 0.0404861 
0.503747 0.253289 0.0729012 
0.243088 0.163157 0.0891841 
0.0994867 0.100588 0.092518 
0.21777 0.156468 0.116143 
0.662406 0.404871 0.212921 
1.35467 0.84547 0.418651 
2.06552 1.36044 0.699683 
2.50371 1.73971 0.935201 
2.47326 1.79309 0.98078 
2.00123 1.4877 0.789279 
1.33605 1.00095 0.487795 
0.804895 0.624831 0.317164 
0.621124 0.570487 0.450232 
0.76485 0.810917 0.827971 
1.00967 1.09032 1.17166 
1.0827 1.11787 1.20218 
0.860416 0.812871 0.904256 
0.45809 0.391324 0.58441 
0.125229 0.185908 0.617045 
0.0226583 0.336229 1.07643 
0.0921195 0.648978 1.6184 
0.159343 0.791844 1.77266 
0.162477 0.639182 1.38556 
0.242274 0.404456 0.767004 
0.576753 0.412331 0.388566 
1.14109 0.756437 0.450817 
1.66825 1.2059 0.756006 
1.86103 1.4367 0.967707 
1.63438 1.32226 0.940242 
1.15899 1.00282 0.795746 
0.707291 0.725846 0.748996 
0.479875 0.659683 0.913932 
0.544927 0.830941 1.25423 
0.86974 1.16447 1.64346 
1.35797 1.53563 1.93286 
1.86315 1.80341 1.99634 
2.21514 1.85029 1.77587 
2.28569 1.63665 1.32112 
2.05936 1.23181 0.781573 
1.64588 0.782167 0.333274 
1.2115 0.425764 0.0808424 
0.884251 0.217581 0.00588465 
0.715792 0.131277 0.00695255 
0.716904 0.132142 0.00335228 
0.892865 0.233445 0.00780677 
1.20991 0.458599 0.0891601 
1.53583 0.749282 0.260717 
1.6688 0.948825 0.426953 
1.47813 0.916465 0.466224 
1.02514 0.660845 0.361279 
0.523425 0.336862 0.219193 
0.172301 0.105077 0.153945 
0.040965 0.0164718 0.177443 
0.1063 0.0428836 0.229805 
0.352893 0.181273 0.294279 
0.784379 0.473997 0.433914 
1.33875 0.915766 0.697884 
1.84419 1.38045 1.02169 
2.10543 1.68123 1.25423 
2.04335 1.71039 1.28495 
1.74308 1.51135 1.12967 
1.37191 1.22148 0.89627 
1.06284 0.963598 0.689342 
0.866097 0.790094 0.5536 
0.772712 0.696456 0.481644 
0.749223 0.652515 0.443027 
0.750277 0.618261 0.402571 
0.728808 0.557151 0.335099 
0.661655 0.458473 0.242136 
0.569222 0.348267 0.151671 
0.500358 0.269711 0.0929448 
0.493471 0.253627 0.0779099 
0.555003 0.3159 0.121865 
0.671854 0.478232 0.277958 
0.827683 0.76483 0.618292 
0.990943 1.15117 1.14382 
1.09329 1.51654 1.70679 
1.0513 1.68164 2.05585 
0.84227 1.53581 2.00536 
0.563035 1.1458 1.58752 
0.38559 0.724946 1.03575 
0.418189 0.468991 0.603098 
0.5962 0.406354 0.383848 
0.723332 0.40656 0.298737 
0.642294 0.331358 0.229735 
0.377911 0.170021 0.144262 
0.117456 0.0299192 0.0890796 
0.0532649 0.015217 0.0975495 
0.238563 0.133071 0.140073 
0.572794 0.309816 0.16791 
0.89634 0.469065 0.175986 
1.09136 0.577537 0.199828 
1.11991 0.632051 0.259793 
1.00831 0.63376 0.330999 
0.816699 0.587993 0.373139 
0.612723 0.516908 0.376052 
0.449923 0.456623 0.368012 
0.354969 0.439304 0.388283 
0.331547 0.481998 0.462 
0.3778 0.591528 0.597976 
0.499868 0.771973 0.796576 
0.701814 1.01573 1.04549 
0.950536 1.2761 1.29814 
1.14895 1.44961 1.45774 
1.16867 1.41186 1.4078 
0.948244 1.11262 1.10008 
0.573183 0.653093 0.633605 
0.231917 0.241606 0.220331 
0.0602451 0.0326178 0.0261806 
0.0337837 0.00489828 0.0327704 
0.0385768 0.0232196 0.081143 
0.0379532 0.0201292 0.0635971 
0.119713 0.0748837 0.0419019 
0.353622 0.284867 0.14757 
0.646534 0.593815 0.390163 
0.801822 0.806847 0.616359 
0.724773 0.783666 0.666996 
0.516801 0.571756 0.53137 
0.34336 0.327795 0.324336 
0.253383 0.151833 0.155094 
0.175814 0.0464636 0.0715198 
0.0689295 0.0124877 0.113207 
0.00224299 0.104365 0.336342 
0.064183 0.35092 0.734184 
0.231851 0.659548 1.1625 
