1.46275 1.8259 
1.04398 1.46401 
0.62846 1.09776 
0.38723 0.905278 
0.383632 0.963819 
0.575824 1.23435 
0.844383 1.57342 
1.01597 1.75811 
0.932311 1.5779 
0.59292 1.01475 
0.263552 0.386241 
0.375303 0.251437 
1.19783 1.04239 
2.53583 2.67476 
3.76149 4.49411 
4.22342 5.66198 
3.70828 5.69436 
2.5602 4.72418 
1.3753 3.31483 
0.571087 2.03921 
0.200301 1.18334 
0.0973098 0.741165 
0.130953 0.584428 
0.300363 0.601097 
0.634929 0.722288 
1.06988 0.90296 
1.45429 1.1273 
1.66908 1.41966 
1.70975 1.80435 
1.64686 2.22583 
1.52626 2.52067 
1.33329 2.50596 
1.05721 2.12832 
0.763268 1.53249 
0.5649 0.965778 
0.509597 0.593204 
0.510847 0.397237 
0.428376 0.261211 
0.235429 0.148592 
0.0921257 0.181097 
0.216502 0.513586 
0.654133 1.11946 
1.17629 1.71568 
1.43632 1.93995 
1.27063 1.64901 
0.881301 1.07596 
0.729219 0.696752 
1.20973 0.903563 
2.35826 1.73714 
3.7997 2.86802 
4.96455 3.81501 
5.41051 4.22759 
5.03877 4.04619 
4.08938 3.46799 
2.95538 2.78051 
1.96134 2.19256 
1.24621 1.76419 
0.790249 1.45001 
0.517633 1.19065 
0.373555 0.970284 
0.330086 0.807416 
0.352951 0.710303 
0.387178 0.651663 
0.382177 0.586497 
0.3279 0.49128 
0.264306 0.386678 
0.255945 0.326702 
0.354254 0.367119 
0.574048 0.53736 
0.893559 0.830294 
1.27026 1.20841 
1.65873 1.61665 
2.01958 1.99301 
2.31589 2.27452 
2.50429 2.40303 
2.5352 2.33761 
2.37201 2.07434 
2.02074 1.6622 
1.5455 1.19804 
1.05064 0.793609 
0.636626 0.530302 
0.360473 0.430479 
0.22925 0.465103 
0.227193 0.589862 
0.348673 0.780334 
0.604112 1.03829 
0.988978 1.36447 
1.44094 1.72152 
1.83094 2.02368 
2.01677 2.17426 
1.93431 2.13032 
1.65168 1.93757 
1.32417 1.6916 
1.07328 1.45019 
0.897565 1.18487 
0.707152 0.836015 
0.451619 0.425949 
0.204258 0.101101 
0.102867 0.028579 
0.202834 0.230363 
0.402857 0.528623 
0.531442 0.67988 
0.507217 0.580741 
0.404797 0.345363 
0.36222 0.182075 
0.435536 0.198607 
0.552192 0.326144 
0.597202 0.416703 
0.527265 0.3938 
0.396775 0.30513 
0.288302 0.24818 
0.235213 0.266764 
0.21124 0.321964 
0.177802 0.345933 
0.126714 0.307892 
0.0790739 0.230417 
0.0563537 0.157893 
0.0620168 0.120722 
0.0883669 0.12597 
0.131778 0.168446 
0.195284 0.239767 
0.277536 0.326185 
0.363779 0.404919 
0.430596 0.450675 
0.460145 0.450126 
0.450109 0.410811 
0.411288 0.355005 
0.357831 0.30431 
0.301599 0.270702 
0.255607 0.262707 
0.23858 0.296457 
0.268252 0.391063 
0.343033 0.542486 
0.429656 0.699902 
0.476358 0.779535 
0.448846 0.72092 
0.360531 0.542935 
0.26976 0.344535 
0.246789 0.240596 
0.338887 0.284425 
0.554764 0.440592 
0.863508 0.622198 
1.19565 0.750698 
1.4525 0.790375 
1.54026 0.747343 
1.42189 0.653529 
1.14722 0.551692 
0.828256 0.480491 
0.573221 0.458099 
0.430447 0.473759 
0.379854 0.495835 
0.365393 0.490697 
0.335601 0.439401 
0.268877 0.346302 
0.179658 0.240706 
0.107749 0.169442 
0.0932453 0.176654 
0.14806 0.278548 
0.244501 0.453159 
0.333608 0.657955 
0.383536 0.86452 
0.412352 1.08401 
0.492553 1.36365 
0.719411 1.75311 
1.15276 2.25652 
1.75997 2.79688 
2.39841 3.22246 
2.86209 3.36701 
2.97613 3.1372 
2.68453 2.57128 
2.07648 1.82519 
1.3387 1.09442 
0.670246 0.526023 
0.213491 0.176046 
0.0325632 0.0266616 
0.129249 0.0316536 
0.460635 0.144978 
0.935961 0.313403 
1.41277 0.4592 
1.73613 0.499056 
1.8264 0.409256 
1.74726 0.279742 
1.66788 0.278915 
1.72191 0.525424 
1.88404 0.971222 
1.98969 1.41551 
1.88671 1.65124 
1.56974 1.6122 
1.16983 1.39073 
0.829131 1.13334 
0.601082 0.934336 
0.459575 0.814638 
0.366008 0.757438 
0.30257 0.730652 
0.264299 0.693099 
0.270255 0.632888 
0.40043 0.626435 
0.774249 0.820373 
1.4204 1.28558 
2.14634 1.86635 
2.59873 2.23444 
2.55303 2.18836 
2.19508 1.94075 
2.07116 2.04894 
2.64863 2.93935 
3.83311 4.41253 
4.91393 5.63268 
5.06885 5.71346 
4.03612 4.44041 
2.36676 2.48821 
1.02427 0.917583 
0.68164 0.387436 
1.31544 0.761139 
2.38301 1.38985 
3.32604 1.72787 
3.91272 1.6955 
4.1906 1.54291 
4.24064 1.47867 
4.05321 1.48098 
3.6171 1.41937 
3.0431 1.26414 
2.53681 1.1265 
2.24614 1.12122 
2.15443 1.24207 
2.11845 1.38064 
1.98852 1.42988 
1.69758 1.3447 
1.28883 1.13191 
0.919283 0.842421 
0.840571 0.600295 
1.30166 0.598184 
2.36665 0.986045 
3.76949 1.71126 
4.97528 2.47891 
5.48073 2.93438 
5.16385 2.96015 
4.39865 2.82732 
3.80269 3.02046 
3.77952 3.82517 
4.20952 5.00708 
4.55173 5.88829 
4.29388 5.81968 
3.3855 4.69188 
2.28254 3.04846 
1.55976 1.68048 
1.43781 1.04179 
1.65754 0.998955 
1.80708 1.12019 
1.764 1.18855 
1.79872 1.41038 
2.23023 2.11123 
