0.469884 1.05556 
0.572445 1.26517 
0.619046 1.33994 
0.61554 1.26469 
0.586598 1.07357 
0.551465 0.8255 
0.50797 0.575492 
0.438746 0.360404 
0.334692 0.202952 
0.21597 0.123093 
0.132125 0.142678 
0.138802 0.278021 
0.266181 0.526976 
0.500104 0.862137 
0.787611 1.23685 
1.0621 1.60102 
1.27197 1.91731 
1.39734 2.16917 
1.44914 2.35848 
1.45588 2.49642 
1.44764 2.59313 
1.44444 2.64981 
1.45081 2.6546 
1.45544 2.58293 
1.4347 2.40374 
1.36064 2.09279 
1.21316 1.65116 
0.99335 1.12205 
0.731816 0.595961 
0.485611 0.196115 
0.32172 0.0436663 
0.291884 0.213027 
0.409272 0.695343 
0.638308 1.3882 
0.903924 2.12014 
1.11755 2.70348 
1.209 2.99509 
1.15045 2.94051 
0.962346 2.58381 
0.700462 2.04145 
0.431742 1.45438 
0.211245 0.940574 
0.0696986 0.566543 
0.0140716 0.344379 
0.0363395 0.247981 
0.122745 0.235345 
0.258188 0.265485 
0.42553 0.305721 
0.603593 0.332134 
0.768007 0.328771 
0.896105 0.289166 
0.973509 0.219617 
0.998337 0.140702 
0.980171 0.0835703 
0.933876 0.0801157 
0.871279 0.149628 
0.79509 0.287234 
0.69873 0.460124 
0.573159 0.615553 
0.418052 0.699786 
0.251159 0.681058 
0.108567 0.565335 
0.0318326 0.394923 
0.0454607 0.228066 
0.136476 0.109397 
0.251037 0.0490726 
0.316641 0.0257266 
0.283692 0.0142825 
0.165048 0.021706 
0.0474022 0.104476 
0.0600679 0.349371 
0.31062 0.82169 
0.819125 1.50867 
1.48845 2.2942 
2.13152 2.98655 
2.54587 3.39066 
2.59917 3.38982 
2.28317 2.99459 
1.71105 2.33475 
1.06358 1.60108 
0.514376 0.969129 
0.17051 0.541971 
0.0510157 0.333675 
0.103453 0.290973 
0.241564 0.333347 
0.38301 0.389135 
0.47346 0.414862 
0.493957 0.397552 
0.455564 0.34689 
0.386899 0.284097 
0.319166 0.231004 
0.272802 0.200843 
0.250322 0.192989 
0.238907 0.194624 
0.221949 0.189935 
0.192817 0.172308 
0.161087 0.151043 
0.145333 0.145948 
0.156237 0.171343 
0.182881 0.22029 
0.195791 0.262656 
0.169887 0.262846 
0.114424 0.208395 
0.0869661 0.129444 
0.173797 0.0910406 
0.439687 0.156614 
0.873569 0.342312 
1.36668 0.592914 
1.74617 0.800881 
1.8552 0.864019 
1.6393 0.750298 
1.18885 0.529152 
0.708063 0.345297 
0.421558 0.344912 
0.466011 0.594044 
0.824395 1.0359 
1.3372 1.51238 
1.78265 1.83865 
1.98149 1.89002 
1.87178 1.6551 
1.51996 1.23048 
1.07083 0.765174 
0.670324 0.388793 
0.403558 0.161717 
0.275617 0.0684971 
0.235235 0.0497185 
0.219146 0.0478062 
0.188738 0.0390063 
0.141265 0.0362989 
0.0964082 0.0671783 
0.0733413 0.144462 
0.0761507 0.250228 
0.0965975 0.342962 
0.129826 0.382936 
0.189416 0.359637 
0.30856 0.303883 
0.523268 0.276022 
0.845508 0.335281 
1.24184 0.506158 
1.63193 0.760319 
1.91212 1.02542 
1.99649 1.21926 
1.85841 1.2948 
1.55349 1.27505 
1.21152 1.25951 
0.997135 1.39518 
1.05224 1.82054 
1.4411 2.60344 
2.11942 3.6983 
2.94026 4.94157 
3.69579 6.09001 
4.18079 6.88911 
4.2556 7.14779 
3.88704 6.79328 
3.15505 5.88889 
2.22489 4.61185 
1.29707 3.20196 
0.55253 1.90026 
0.110116 0.896373 
0.00642104 0.29667 
0.199685 0.116407 
0.591772 0.291465 
1.05863 0.702192 
1.48004 1.20243 
1.76263 1.64924 
1.85389 1.93018 
1.74737 1.98492 
1.4797 1.81621 
1.12004 1.48576 
0.752969 1.09383 
0.458173 0.747687 
0.292221 0.529595 
0.278789 0.476656 
0.410675 0.579723 
0.661666 0.799779 
1.00118 1.09164 
1.40311 1.42202 
1.84416 1.77352 
2.29387 2.13484 
2.70484 2.48595 
3.01239 2.7891 
3.14806 2.99267 
3.06292 3.04667 
2.7498 2.92215 
2.25295 2.62476 
1.65915 2.1958 
1.07279 1.70092 
0.585287 1.21143 
0.250869 0.786061 
0.0773354 0.4592 
0.0331201 0.238331 
0.0654473 0.10943 
0.120944 0.0468207 
0.161008 0.0234233 
0.168072 0.0183818 
0.143393 0.0207853 
0.100095 0.0298377 
0.0558595 0.0527522 
0.0281709 0.101707 
0.0325744 0.190668 
0.0823638 0.332279 
0.187528 0.534807 
0.351817 0.799352 
0.568693 1.11782 
0.818409 1.47211 
1.06856 1.83453 
1.27901 2.16901 
1.41009 2.43299 
1.43152 2.58082 
1.32971 2.57042 
1.11249 2.37454 
0.811059 1.99533 
0.479473 1.47699 
0.190288 0.908678 
0.0242182 0.4107 
0.0525321 0.10322 
0.314465 0.0656705 
0.796519 0.302467 
1.4232 0.731635 
2.06677 1.20549 
2.57699 1.55911 
2.82307 1.66944 
2.73399 1.50183 
2.32329 1.12557 
1.6899 0.692783 
0.995341 0.389458 
0.42453 0.377251 
0.141144 0.745478 
0.247743 1.48642 
0.75919 2.49789 
1.59556 3.60914 
2.59783 4.62181 
3.56486 5.35566 
4.3035 5.68851 
4.67735 5.58089 
4.63843 5.07885 
4.23135 4.29495 
3.57013 3.37413 
2.79865 2.45639 
2.05073 1.64832 
1.42321 1.01048 
0.96733 0.560576 
0.695684 0.287128 
0.597165 0.165912 
0.652119 0.172963 
0.842267 0.290389 
1.15294 0.504227 
1.56842 0.796887 
2.06475 1.1403 
2.60687 1.49782 
3.15638 1.83999 
