0.408544 0.321249 
1.02269 0.776502 
1.83142 1.39162 
2.55279 1.98827 
2.84441 2.30655 
2.55058 2.18626 
1.84504 1.71969 
1.11951 1.20727 
0.711182 0.941999 
0.70901 1.01985 
0.97697 1.32945 
1.31939 1.68712 
1.62076 1.97081 
1.87338 2.15871 
2.12464 2.28885 
2.41119 2.40065 
2.71502 2.49456 
2.9511 2.51984 
2.9951 2.39658 
2.75 2.06951 
2.2185 1.56377 
1.5274 0.99699 
0.873053 0.525838 
0.417005 0.257806 
0.205055 0.192683 
0.167837 0.238418 
0.194238 0.285534 
0.211469 0.277905 
0.210627 0.228107 
0.213573 0.178934 
0.226742 0.155188 
0.227933 0.147001 
0.193398 0.130787 
0.133341 0.101531 
0.0944017 0.0825403 
0.116795 0.0995353 
0.183681 0.143264 
0.223665 0.166527 
0.183487 0.13418 
0.104528 0.0811155 
0.108263 0.103797 
0.278846 0.268973 
0.552667 0.521788 
0.74221 0.700018 
0.69331 0.663992 
0.429761 0.426649 
0.140762 0.154876 
0.0214083 0.0355287 
0.119736 0.130634 
0.325622 0.34946 
0.487963 0.544488 
0.533038 0.627165 
0.486574 0.605534 
0.415487 0.540308 
0.36886 0.485718 
0.363679 0.466593 
0.398719 0.487837 
0.465511 0.547588 
0.551534 0.64144 
0.64562 0.763814 
0.745113 0.911379 
0.856296 1.08501 
0.986187 1.28454 
1.12862 1.49257 
1.24705 1.65297 
1.26782 1.66863 
1.11162 1.45001 
0.767101 1.00434 
0.349535 0.488288 
0.0644945 0.142384 
0.0724262 0.126487 
0.361507 0.392452 
0.74975 0.718788 
1.01875 0.881769 
1.05651 0.80655 
0.89294 0.57521 
0.630842 0.320492 
0.364648 0.129348 
0.153027 0.0296748 
0.0290116 0.0245509 
0.00150005 0.105159 
0.043479 0.23345 
0.101001 0.341589 
0.134966 0.373852 
0.155973 0.33283 
0.205296 0.273263 
0.293167 0.242766 
0.364325 0.234283 
0.342231 0.207414 
0.215141 0.155225 
0.068915 0.133231 
0.0207502 0.206787 
0.116286 0.37175 
0.292714 0.540281 
0.435871 0.610262 
0.465146 0.544848 
0.37638 0.390695 
0.239722 0.242746 
0.180578 0.205818 
0.339431 0.365808 
0.793841 0.748011 
1.48115 1.27451 
2.20284 1.77714 
2.73191 2.08525 
2.93648 2.12015 
2.81632 1.91245 
2.44932 1.54627 
1.93365 1.10935 
1.38121 0.694801 
0.927068 0.413776 
0.697573 0.363413 
0.746513 0.564739 
1.02461 0.938934 
1.41927 1.35642 
1.83132 1.71946 
2.22403 2.0102 
2.60802 2.26987 
2.97677 2.52817 
3.24646 2.73776 
3.26161 2.77227 
2.88903 2.50766 
2.14457 1.93581 
1.24301 1.21212 
0.499763 0.577984 
0.137065 0.207063 
0.144456 0.101317 
0.310702 0.123066 
0.399285 0.12729 
0.317166 0.0723372 
0.14323 0.0191055 
0.0178788 0.0402028 
0.0135628 0.138782 
0.0980937 0.251003 
0.194344 0.314273 
0.254778 0.324676 
0.285669 0.334141 
0.327003 0.405615 
0.42361 0.571965 
0.595494 0.816138 
0.803646 1.06557 
0.946997 1.21155 
0.942637 1.17791 
0.86019 1.01492 
0.97134 0.924439 
1.59731 1.14297 
2.82436 1.74262 
4.32688 2.52077 
5.48583 3.09649 
5.74542 3.1506 
4.95069 2.62352 
3.43501 1.73547 
1.82318 0.843194 
0.696862 0.24738 
0.321131 0.0611323 
0.568213 0.192289 
1.05644 0.432221 
1.40094 0.590576 
1.41259 0.589341 
1.13454 0.46382 
0.73564 0.296222 
0.374867 0.153951 
0.133095 0.0749457 
0.0225591 0.0823874 
0.0253033 0.19239 
0.118681 0.405794 
0.280138 0.698893 
0.482128 1.0226 
0.687123 1.30761 
0.848018 1.47565 
0.91737 1.46249 
0.865943 1.25093 
0.7028 0.894397 
0.479933 0.505402 
0.268957 0.201903 
0.12254 0.0424126 
0.0541663 0.00195134 
0.051908 0.011393 
0.0994841 0.0205246 
0.172383 0.0219755 
0.224621 0.0244412 
0.210064 0.0250549 
0.132767 0.0183834 
0.0586485 0.0156633 
0.0530824 0.0328537 
0.109392 0.0621492 
0.15767 0.075205 
0.144166 0.0592308 
0.082897 0.0341515 
0.0256575 0.0267263 
0.00361316 0.0413312 
0.0136712 0.0666495 
0.0501284 0.102108 
0.136141 0.171183 
0.332124 0.322154 
0.715 0.619919 
1.31013 1.09804 
1.99369 1.66668 
2.47129 2.07316 
2.4346 2.03134 
1.82318 1.47121 
0.948017 0.673642 
0.307097 0.107602 
0.215797 0.0730238 
0.574676 0.466964 
0.980412 0.887491 
1.07037 0.975193 
0.794921 0.687879 
0.405167 0.291451 
0.208736 0.114139 
0.329377 0.296547 
0.658692 0.729725 
0.987775 1.18007 
1.16086 1.45224 
1.12955 1.46457 
0.924416 1.2381 
0.624161 0.867085 
0.34282 0.492968 
0.193884 0.251597 
0.225415 0.19806 
0.386818 0.274994 
0.570257 0.366487 
0.686523 0.388602 
0.704675 0.332219 
0.640664 0.237188 
0.532773 0.146696 
0.428263 0.0863592 
0.372419 0.0679808 
0.39426 0.099841 
0.497534 0.190948 
0.654063 0.336476 
0.790603 0.484698 
0.794883 0.529564 
0.586918 0.386262 
0.235794 0.123634 
0.00380678 0.0160005 
0.214321 0.397183 
1.00102 1.38367 
2.14366 2.69979 
3.15348 3.78691 
3.56409 4.13987 
3.21214 3.61813 
2.31008 2.50765 
1.28463 1.31465 
0.517806 0.462517 
0.165512 0.0961284 
0.143811 0.0880287 
0.250886 0.195499 
0.317262 0.237648 
0.285755 0.179586 
0.193993 0.0955492 
0.105763 0.0689303 
