1.52876 2.04424 1.80177 
1.43817 1.92605 1.71367 
1.18288 1.65876 1.54145 
0.871678 1.3476 1.34749 
0.594139 1.07591 1.17921 
0.39468 0.889524 1.07001 
0.278451 0.804189 1.04657 
0.235263 0.822631 1.13225 
0.262188 0.947883 1.34352 
0.371686 1.18605 1.68267 
0.58314 1.53906 2.13203 
0.904721 1.9924 2.65162 
1.31632 2.50419 3.17977 
1.76313 3.00235 3.63706 
2.16476 3.3946 3.93668 
2.43788 3.59167 4.00348 
2.52396 3.53673 3.79853 
2.40971 3.22851 3.3391 
2.1308 2.72563 2.70174 
1.75696 2.12807 2.00259 
1.36585 1.54316 1.36115 
1.01864 1.0517 0.863251 
0.747184 0.689083 0.5395 
0.555734 0.44713 0.367041 
0.4321 0.291833 0.290428 
0.360458 0.185955 0.249576 
0.330449 0.106439 0.202553 
0.34158 0.0521631 0.136565 
0.404451 0.0427984 0.0669854 
0.539851 0.111739 0.0281342 
0.774938 0.295511 0.0600783 
1.13511 0.621011 0.194596 
1.63159 1.092 0.442578 
2.24746 1.67764 0.785096 
2.92701 2.30724 1.17088 
3.57459 2.87612 1.52305 
4.06807 3.2654 1.75641 
4.28802 3.37419 1.80322 
4.15672 3.15567 1.63985 
3.67287 2.64261 1.3028 
2.9242 1.94741 0.883336 
2.06638 1.23064 0.498369 
1.27211 0.647139 0.247256 
0.671531 0.292794 0.174317 
0.312545 0.177193 0.255954 
0.160101 0.235177 0.419146 
0.131839 0.369115 0.580849 
0.147108 0.497594 0.68679 
0.161204 0.585167 0.730221 
0.16968 0.642107 0.744603 
0.188673 0.701983 0.779112 
0.231149 0.79559 0.872747 
0.29692 0.936443 1.03895 
0.379925 1.12098 1.26333 
0.482044 1.33606 1.51005 
0.619139 1.56469 1.7316 
0.813094 1.78664 1.87959 
1.07539 1.97753 1.91634 
1.39389 2.11129 1.82583 
1.73143 2.16725 1.62056 
2.03637 2.1379 1.34016 
2.25827 2.03191 1.04082 
2.36035 1.8696 0.778309 
2.32442 1.67252 0.590398 
2.14913 1.45317 0.484839 
1.84677 1.21159 0.438431 
1.44363 0.943201 0.410032 
0.985104 0.65624 0.365348 
0.540755 0.389612 0.303732 
0.200288 0.217136 0.271206 
0.0533599 0.22765 0.346079 
0.155841 0.483449 0.597052 
0.497366 0.976071 1.03281 
0.990722 1.60668 1.57359 
1.49555 2.20927 2.0678 
1.86949 2.61108 2.35154 
2.02152 2.70086 2.32154 
1.93954 2.46913 1.98175 
1.6801 2.00149 1.43931 
1.33284 1.4347 0.855949 
0.98584 0.904863 0.385016 
0.71143 0.514708 0.126218 
0.569993 0.326026 0.111475 
0.612628 0.363426 0.313618 
0.866151 0.612773 0.661586 
1.3048 1.01265 1.0543 
1.83295 1.45393 1.37818 
2.30307 1.80369 1.53512 
2.57018 1.95189 1.47658 
2.55521 1.85748 1.22549 
2.27908 1.56481 0.867996 
1.84634 1.17785 0.513887 
1.39024 0.808094 0.246672 
1.01505 0.52863 0.0928973 
0.768729 0.360065 0.0276227 
0.654161 0.28941 0.00787241 
0.66007 0.300706 0.00802084 
0.784157 0.392923 0.033603 
1.03416 0.576256 0.109443 
1.41349 0.857234 0.257494 
1.9085 1.2295 0.483994 
2.48788 1.67722 0.782927 
3.10994 2.18286 1.14618 
3.72584 2.72598 1.56505 
4.27357 3.26913 2.01767 
4.67127 3.74293 2.45282 
4.8253 4.0488 2.78817 
4.65978 4.08832 2.93264 
4.15673 3.80792 2.825 
3.38224 3.23374 2.46691 
2.47802 2.47337 1.9299 
1.61695 1.68032 1.3309 
0.942552 0.998216 0.788824 
0.522415 0.512835 0.384416 
0.336725 0.233648 0.14136 
0.303524 0.10945 0.0336768 
0.324143 0.0655884 0.01144 
0.325957 0.0431683 0.0307106 
0.285958 0.024204 0.0752185 
0.231075 0.0362825 0.163323 
0.221334 0.139197 0.339902 
0.325638 0.400682 0.657018 
0.598087 0.86912 1.14952 
1.05924 1.55014 1.81289 
1.68452 2.39282 2.59058 
2.40167 3.29016 3.37642 
3.09943 4.09588 4.03399 
3.64841 4.65629 4.42943 
3.9319 4.85018 4.46923 
3.87944 4.62569 4.13094 
3.49212 4.02077 3.47507 
2.84848 3.15751 2.63144 
2.08492 2.20871 1.76233 
1.35499 1.34687 1.0145 
0.782062 0.694303 0.478319 
0.424551 0.294126 0.169987 
0.268134 0.11289 0.0428222 
0.246584 0.070961 0.0198882 
0.278881 0.0837979 0.0307159 
0.303321 0.0939529 0.0350159 
0.293419 0.0814145 0.0256702 
0.252603 0.0535691 0.0157898 
0.196889 0.0268134 0.0221782 
0.139361 0.0133391 0.0560024 
0.0854692 0.0192335 0.123187 
0.0383897 0.0501014 0.228799 
0.00639942 0.115243 0.377521 
0.00406752 0.224085 0.567102 
0.0450719 0.376111 0.779108 
0.131521 0.551839 0.975276 
0.247578 0.712792 1.10531 
0.362385 0.81296 1.12479 
0.441332 0.816995 1.01521 
0.459832 0.716193 0.79587 
0.412786 0.534392 0.521543 
0.315781 0.321135 0.266167 
0.198393 0.135282 0.0992633 
0.0932303 0.0258252 0.0639624 
0.0252231 0.0168172 0.164038 
0.00462558 0.100875 0.363416 
0.0252595 0.242492 0.597447 
0.0679143 0.389585 0.792151 
0.107737 0.48988 0.886013 
0.123685 0.507662 0.848407 
0.107391 0.436052 0.689317 
0.0682665 0.300497 0.456755 
0.0321205 0.151273 0.221647 
0.0324696 0.0464013 0.0542816 
0.0969901 0.0305664 0.000328599 
0.234546 0.118256 0.0656621 
0.429048 0.28846 0.216327 
0.64385 0.493571 0.39367 
0.835402 0.67864 0.537796 
0.9701 0.802264 0.608932 
1.03663 0.850077 0.597973 
1.04857 0.836056 0.523608 
1.03713 0.793097 0.420047 
1.03831 0.758829 0.322865 
1.08048 0.763231 0.259182 
1.17678 0.821916 0.244201 
1.32396 0.935424 0.282213 
1.50666 1.09277 0.36905 
1.70531 1.27725 0.49432 
1.90495 1.47288 0.643621 
2.10199 1.66974 0.80143 
2.30533 1.86615 0.95431 
2.52987 2.06577 1.09297 
2.78355 2.2701 1.21194 
3.05351 2.46976 1.30732 
3.29921 2.6398 1.3745 
3.45847 2.74315 1.40792 
3.46619 2.74192 1.4032 
3.27908 2.61201 1.35989 
2.8952 2.35406 1.28241 
2.35942 1.9953 1.17813 
1.7518 1.58198 1.05373 
1.16381 1.16582 0.912638 
0.672233 0.790813 0.755636 
0.320527 0.485151 0.584695 
0.113439 0.25989 0.407651 
0.0246424 0.112858 0.240538 
0.0123749 0.0345528 0.105496 
0.0360311 0.0131328 0.0246523 
0.0676638 0.0369753 0.0125472 
0.0953859 0.0948859 0.070408 
0.119339 0.175028 0.184667 
0.143768 0.263943 0.330167 
0.169818 0.346768 0.476637 
0.19261 0.409024 0.596027 
0.203434 0.439509 0.668341 
0.194961 0.432993 0.684494 
0.165792 0.391346 0.645993 
0.121541 0.322524 0.562421 
0.0723873 0.238212 0.448422 
0.0297844 0.151884 0.321594 
0.00546242 0.0785086 0.201504 
0.0134191 0.0352057 0.108464 
0.0718258 0.0401459 0.0601233 
0.199966 0.10708 0.0652407 
0.407801 0.235862 0.117013 
0.68175 0.40379 0.190926 
0.975773 0.565102 0.251738 
1.21708 0.663527 0.269731 
1.32908 0.655608 0.239767 
1.26358 0.534587 0.192357 
1.0267 0.341528 0.187851 
0.68367 0.155198 0.293143 
0.337847 0.0630684 0.55062 
0.0924922 0.126273 0.954674 
0.0130394 0.354938 1.44802 
0.106621 0.704742 1.93966 
0.326043 1.09447 2.335 
0.593051 1.43451 2.56369 
0.827957 1.65325 2.59403 
0.97284 1.71238 2.4323 
1.00186 1.60979 2.11299 
0.919709 1.37402 1.68832 
0.753436 1.05531 1.22124 
0.542757 0.715944 0.780265 
0.331291 0.419761 0.432096 
0.158921 0.220635 0.229897 
0.0549799 0.151325 0.200152 
0.0328888 0.215978 0.334128 
0.0876823 0.389481 0.589193 
0.197564 0.624535 0.900597 
0.32941 0.864236 1.19929 
0.446811 1.05592 1.42876 
0.518572 1.16206 1.55525 
0.525783 1.16593 1.56938 
0.46611 1.07174 1.48131 
0.354595 0.901056 1.31385 
