0.457839 0.352196 0.203909 
0.426147 0.339481 0.207939 
0.419768 0.34819 0.231961 
0.375833 0.312547 0.211754 
0.267333 0.213984 0.134046 
0.139891 0.101339 0.0478776 
0.0548768 0.0280469 0.00312023 
0.0173608 0.0012886 0.0166772 
0.000288266 0.0285906 0.128638 
0.0334288 0.18823 0.447876 
0.206636 0.574206 1.04983 
0.538744 1.1262 1.7884 
0.874638 1.56245 2.27486 
0.990327 1.57733 2.15496 
0.835148 1.15045 1.45802 
0.626081 0.619703 0.631894 
0.641858 0.386791 0.169587 
0.923403 0.541311 0.185532 
1.22752 0.808885 0.379215 
1.29694 0.875207 0.407171 
1.13287 0.714548 0.239914 
0.957176 0.563657 0.124798 
0.932548 0.610409 0.246631 
0.990894 0.785442 0.508775 
0.957244 0.881242 0.672379 
0.779609 0.812553 0.650051 
0.571772 0.692414 0.595774 
0.447567 0.66476 0.71216 
0.38658 0.729706 1.02364 
0.293423 0.761245 1.35463 
0.143304 0.654885 1.48584 
0.020418 0.419351 1.30391 
0.0318589 0.155617 0.851301 
0.238437 0.0122406 0.319757 
0.674091 0.167359 0.0152477 
1.36644 0.774248 0.243434 
2.27385 1.8339 1.11314 
3.21147 3.10416 2.40223 
3.90769 4.19207 3.65186 
4.19083 4.80398 4.46041 
4.12648 4.93627 4.73422 
3.94553 4.81828 4.67216 
3.81644 4.65848 4.51181 
3.6849 4.44148 4.28948 
3.34335 3.97157 3.83977 
2.66672 3.1165 3.0207 
1.78711 2.01187 1.9349 
1.03277 1.02117 0.923703 
0.673035 0.471879 0.325739 
0.694188 0.399005 0.214329 
0.815621 0.531301 0.355365 
0.743772 0.539867 0.426928 
0.43613 0.323544 0.296523 
0.125277 0.0661259 0.0984949 
0.0763416 0.0193529 0.0533218 
0.315991 0.235551 0.225718 
0.604653 0.517763 0.466108 
0.674774 0.622178 0.573139 
0.481822 0.486305 0.484079 
0.21195 0.250251 0.297224 
0.0646718 0.0831638 0.139971 
0.0689621 0.0334086 0.0596215 
0.126313 0.0577705 0.0480153 
0.194218 0.150603 0.124071 
0.366541 0.383294 0.336904 
0.7499 0.799516 0.680486 
1.28884 1.30415 1.0423 
1.75144 1.69205 1.26789 
1.90021 1.7947 1.27599 
1.67641 1.59745 1.1043 
1.23163 1.23093 0.860391 
0.802906 0.872971 0.652316 
0.553308 0.65093 0.555869 
0.492662 0.593741 0.601895 
0.511845 0.639509 0.761043 
0.49162 0.694025 0.954322 
0.404727 0.711705 1.11287 
0.330079 0.731678 1.23488 
0.365114 0.822943 1.36406 
0.522017 0.989176 1.50538 
0.715823 1.14189 1.58413 
0.849769 1.17608 1.5068 
0.890911 1.05931 1.25298 
0.854294 0.837183 0.892935 
0.74431 0.573661 0.527865 
0.553281 0.31689 0.235759 
0.316163 0.114291 0.0632745 
0.120248 0.0118283 0.0217833 
0.028744 0.00804709 0.0643493 
0.0155204 0.034936 0.0976059 
0.0109426 0.0262427 0.0633082 
0.00282857 0.000667156 0.00732701 
0.045644 0.0347162 0.0261703 
0.154725 0.139805 0.130745 
0.238775 0.211842 0.205399 
0.192898 0.152018 0.145921 
0.0553881 0.026003 0.0214511 
0.0194756 0.045779 0.041705 
0.254442 0.360782 0.337402 
0.72801 0.886765 0.801933 
1.22708 1.3678 1.18074 
1.54285 1.5974 1.30328 
1.61409 1.55771 1.19906 
1.5066 1.36246 1.00358 
1.30826 1.12148 0.80911 
1.07894 0.890516 0.636558 
0.877068 0.714632 0.509658 
0.778401 0.653517 0.485939 
0.837443 0.735363 0.590596 
1.03535 0.905632 0.751459 
1.27485 1.04618 0.834056 
1.42509 1.0498 0.746438 
1.38232 0.882253 0.508235 
1.12345 0.59715 0.232574 
0.733262 0.310392 0.0520653 
0.3737 0.142815 0.0387837 
0.191745 0.147664 0.155484 
0.232752 0.277659 0.278358 
0.440778 0.440882 0.305797 
0.734271 0.601027 0.276205 
1.05447 0.802111 0.360189 
1.33125 1.07256 0.694284 
1.44539 1.32555 1.21278 
1.29141 1.40332 1.6724 
0.902102 1.23979 1.86242 
0.47395 0.949392 1.77622 
0.221537 0.721076 1.5641 
0.196553 0.631387 1.34565 
0.266184 0.591625 1.11179 
0.270586 0.48172 0.812413 
0.18405 0.305854 0.492468 
0.118916 0.195862 0.297717 
0.194106 0.274382 0.345778 
0.416146 0.53268 0.610891 
0.675247 0.835448 0.937328 
0.835851 1.02726 1.15486 
0.832974 1.03816 1.18808 
0.701583 0.909801 1.08006 
0.526591 0.735993 0.928468 
0.367591 0.57903 0.79711 
0.237659 0.444103 0.683693 
0.155205 0.334104 0.571102 
0.187651 0.306917 0.495083 
0.398383 0.439211 0.531413 
0.736298 0.717097 0.700961 
1.01511 0.990875 0.907811 
1.04896 1.07836 1.00302 
0.817358 0.922563 0.916302 
0.478 0.633417 0.711727 
0.215056 0.374979 0.51474 
0.0927291 0.230294 0.402666 
0.0547799 0.1753 0.367956 
0.0303862 0.14945 0.359138 
0.0100016 0.121312 0.332263 
0.0292287 0.0952986 0.272722 
0.109578 0.0853041 0.194272 
0.223264 0.0923406 0.124033 
0.30295 0.0971688 0.077012 
0.286203 0.0736905 0.0447018 
0.171135 0.0241282 0.0216363 
0.0400602 0.00431464 0.0417682 
0.0143538 0.095259 0.165651 
0.165379 0.332248 0.416071 
0.461835 0.664444 0.736641 
0.802227 0.992829 1.02984 
1.09336 1.24664 1.23549 
1.30195 1.42418 1.36834 
1.45607 1.57783 1.49265 
1.62081 1.77615 1.67471 
1.8598 2.0618 1.94173 
2.17491 2.40021 2.2421 
2.4526 2.64543 2.426 
2.48921 2.5887 2.30349 
2.12631 2.10596 1.78819 
1.40934 1.30194 1.02055 
0.618055 0.501607 0.33034 
0.100957 0.0487261 0.0215826 
0.022803 0.0531217 0.139876 
0.23891 0.304391 0.429619 
0.425726 0.450791 0.543475 
0.375591 0.313685 0.347189 
0.199399 0.0700118 0.0626128 
0.243626 0.128536 0.111947 
0.78217 0.788659 0.778168 
1.75259 1.9674 1.9595 
2.76345 3.21968 3.21362 
3.35152 4.01815 4.03542 
3.26619 4.05671 4.13514 
2.58078 3.37304 3.53545 
1.60627 2.27017 2.49317 
0.713808 1.14803 1.36213 
0.174316 0.344516 0.473735 
0.0663423 0.0233182 0.0376163 
0.271747 0.128886 0.068263 
0.562168 0.437245 0.388773 
0.736497 0.692998 0.741394 
0.725129 0.751356 0.941725 
0.59343 0.627561 0.960302 
0.457863 0.432107 0.877655 
0.397182 0.266211 0.775442 
0.429255 0.170457 0.672958 
0.54829 0.148787 0.553345 
0.758174 0.21103 0.425317 
1.05325 0.370422 0.338258 
1.36791 0.597292 0.331417 
1.56508 0.791875 0.377506 
1.5057 0.829313 0.391581 
1.15784 0.655351 0.307876 
0.649726 0.348845 0.15273 
0.206662 0.084714 0.0386324 
0.0100816 0.0160111 0.0763193 
0.0848801 0.165496 0.277851 
0.296391 0.410183 0.533129 
0.451009 0.568844 0.68216 
0.425287 0.529451 0.631903 
0.243541 0.332657 0.435759 
0.0650195 0.15907 0.279128 
0.088976 0.223386 0.372878 
0.423899 0.631425 0.814086 
0.993657 1.28608 1.50023 
1.55066 1.91311 2.15976 
1.81081 2.20929 2.49347 
1.63439 2.02653 2.3447 
1.12192 1.46411 1.78736 
0.542622 0.796669 1.07088 
0.14525 0.290179 0.463232 
0.00642231 0.0503172 0.109464 
0.0383445 0.0167949 0.0029731 
0.124628 0.0801243 0.0619255 
0.229934 0.186156 0.212374 
0.373355 0.327246 0.39804 
0.524286 0.463302 0.542945 
0.576574 0.502388 0.557209 
0.455901 0.388004 0.411499 
0.231783 0.186011 0.190763 
0.0755928 0.0416179 0.0342787 
0.0883148 0.0338563 0.0051146 
0.196793 0.0985183 0.0391043 
0.250825 0.12151 0.0431453 
0.20926 0.0916178 0.0250932 
0.186085 0.116904 0.0854002 
0.297367 0.277104 0.272181 
0.501237 0.500558 0.488259 
0.636075 0.634464 0.58936 
0.614272 0.633277 0.570001 
0.531242 0.628903 0.602417 
0.551097 0.780243 0.854464 
0.7044 1.06981 1.27995 
0.841194 1.2888 1.62253 
0.797871 1.23866 1.64094 
0.58849 0.933202 1.32304 
