0.626405 0.918624 1.22993 
0.562442 1.18674 1.88289 
0.717972 1.54306 2.54861 
1.27729 2.02646 3.08806 
2.29306 2.63945 3.40362 
3.62157 3.33243 3.49069 
4.91685 3.96823 3.39458 
5.73107 4.32287 3.12742 
5.72126 4.18387 2.65515 
4.85863 3.51175 1.98813 
3.47768 2.52678 1.27593 
2.09106 1.60699 0.77354 
1.0872 1.04607 0.669587 
0.543222 0.868218 0.926615 
0.289483 0.861756 1.29679 
0.134026 0.791705 1.51204 
0.0232954 0.586648 1.4736 
0.0140119 0.340668 1.27184 
0.14224 0.171102 1.04588 
0.364031 0.106079 0.846936 
0.623908 0.107827 0.637768 
0.940234 0.167632 0.395675 
1.38164 0.337774 0.181521 
1.95199 0.66065 0.0963196 
2.5198 1.08485 0.181907 
2.88102 1.4693 0.37548 
2.89702 1.67342 0.558083 
2.57891 1.64626 0.642685 
2.06227 1.44796 0.628553 
1.52716 1.21269 0.598209 
1.13802 1.09542 0.676267 
1.01159 1.21763 0.970598 
1.17838 1.60673 1.50809 
1.5419 2.15062 2.19104 
1.89257 2.61822 2.81335 
2.00938 2.76679 3.14894 
1.79438 2.47993 3.06709 
1.33498 1.83857 2.59894 
0.841321 1.07286 1.91224 
0.510706 0.433533 1.2188 
0.422209 0.0737832 0.6796 
0.524266 0.00697236 0.35851 
0.697891 0.141133 0.231453 
0.834651 0.347094 0.226008 
0.883052 0.517546 0.263174 
0.855546 0.599109 0.286675 
0.811864 0.599417 0.276951 
0.833562 0.575532 0.250348 
0.993892 0.606239 0.243841 
1.3226 0.751061 0.288975 
1.77252 1.00785 0.38612 
2.20801 1.29219 0.494712 
2.43936 1.4616 0.549424 
2.30844 1.38732 0.49746 
1.79156 1.04184 0.338195 
1.05157 0.546074 0.141682 
0.381624 0.129146 0.0286402 
0.0486446 0.00480445 0.111387 
0.129552 0.235078 0.421588 
0.464039 0.681601 0.873546 
0.775974 1.09656 1.30301 
0.880236 1.29676 1.56789 
0.808027 1.2838 1.63564 
0.744035 1.20759 1.58017 
0.83627 1.20819 1.49017 
1.05875 1.28666 1.38088 
1.25319 1.32697 1.20157 
1.29504 1.23759 0.929221 
1.20684 1.05952 0.641444 
1.10857 0.928566 0.480476 
1.07514 0.939323 0.538174 
1.06554 1.05938 0.778412 
0.994554 1.17712 1.07111 
0.84936 1.21576 1.29357 
0.708221 1.18399 1.39576 
0.642787 1.12349 1.3846 
0.627795 1.03714 1.2773 
0.570796 0.89235 1.09011 
0.427748 0.687542 0.861122 
0.266736 0.486337 0.652029 
0.204287 0.366583 0.505911 
0.28754 0.34204 0.408631 
0.452528 0.35149 0.309925 
0.593826 0.328066 0.187996 
0.656486 0.265354 0.0805695 
0.653063 0.2058 0.0400829 
0.61066 0.175549 0.0643136 
0.530117 0.152086 0.0898161 
0.404706 0.102713 0.0638795 
0.259226 0.0396809 0.0145778 
0.147192 0.0183233 0.0342609 
0.104496 0.0772805 0.186822 
0.116008 0.190449 0.433632 
0.134526 0.285013 0.653056 
0.12834 0.304305 0.732134 
0.104962 0.250022 0.643938 
0.0916574 0.168428 0.450441 
0.100623 0.104432 0.245551 
0.115487 0.0702493 0.0959441 
0.107961 0.049936 0.0200079 
0.0664503 0.026092 0.00338839 
0.0145347 0.00354499 0.0266228 
0.00789368 0.0149971 0.0844398 
0.109173 0.107026 0.189524 
0.349545 0.312933 0.362056 
0.695908 0.624651 0.610594 
1.04753 0.979939 0.9138 
1.27488 1.27774 1.2147 
1.28658 1.42032 1.4353 
1.08548 1.36259 1.50903 
0.7748 1.14036 1.41705 
0.505736 0.858961 1.20805 
0.397847 0.645129 0.984777 
0.479547 0.583969 0.854285 
0.67781 0.670475 0.86172 
0.855644 0.803625 0.950439 
0.879297 0.839635 0.991517 
0.692966 0.690539 0.883707 
0.369551 0.410117 0.657009 
0.0975397 0.191201 0.482732 
0.0875522 0.248558 0.554444 
0.442161 0.659311 0.923487 
1.07777 1.28742 1.43351 
1.76022 1.86039 1.82149 
2.23014 2.13876 1.90186 
2.32953 2.0459 1.67803 
2.05441 1.67399 1.30434 
1.52415 1.19182 0.957744 
0.911282 0.741487 0.732868 
0.383938 0.390769 0.618298 
0.0899615 0.153883 0.537793 
0.171023 0.0524963 0.419436 
0.755434 0.161676 0.261284 
1.87915 0.580015 0.15146 
3.36019 1.31458 0.20447 
4.7514 2.17087 0.442421 
5.49291 2.78416 0.731198 
5.22602 2.82808 0.86119 
4.04443 2.25444 0.721708 
2.45988 1.34881 0.403293 
1.08497 0.534703 0.1194 
0.279261 0.0888448 0.0213773 
0.0215445 0.00423005 0.0872059 
0.0551762 0.0844802 0.178739 
0.131488 0.144028 0.188528 
0.150241 0.131425 0.126971 
0.141298 0.108888 0.0877949 
0.17113 0.158278 0.154496 
0.275608 0.313011 0.341503 
0.451933 0.55159 0.600775 
0.681846 0.825632 0.860185 
0.94722 1.08472 1.05392 
1.22075 1.28299 1.13532 
1.44395 1.37439 1.08195 
1.52623 1.31429 0.899751 
1.39283 1.08252 0.625725 
1.06455 0.723113 0.326982 
0.700964 0.366596 0.0929732 
0.540019 0.193038 0.0135284 
0.743659 0.331894 0.13899 
1.25556 0.757711 0.437802 
1.79789 1.27082 0.787728 
2.0402 1.60484 1.02951 
1.82964 1.60054 1.06416 
1.30354 1.31411 0.922463 
0.787152 0.965504 0.738986 
0.554949 0.764149 0.641035 
0.649309 0.759536 0.648941 
0.895173 0.840486 0.680876 
1.07236 0.86508 0.652394 
1.07974 0.785994 0.564067 
0.965282 0.662864 0.490579 
0.842718 0.584076 0.499372 
0.805582 0.602089 0.599964 
0.903288 0.73599 0.7712 
1.14825 0.99453 1.00735 
1.50338 1.35661 1.30424 
1.86329 1.72735 1.59803 
2.084 1.94811 1.74968 
2.06779 1.88909 1.6279 
1.83299 1.55116 1.22622 
1.49778 1.07662 0.697084 
1.18994 0.653979 0.261502 
0.966247 0.401451 0.0711619 
0.807102 0.322926 0.134559 
0.671626 0.350644 0.347947 
0.548318 0.415518 0.582302 
0.458948 0.485596 0.754505 
0.430196 0.564321 0.852398 
0.473493 0.676523 0.926931 
0.590118 0.860197 1.06879 
0.781674 1.15314 1.36794 
1.03956 1.5591 1.85323 
1.31779 2.00802 2.43778 
1.5255 2.35415 2.92133 
1.56672 2.44022 3.07894 
1.40603 2.19674 2.79583 
1.10001 1.6973 2.1507 
0.757668 1.11536 1.37336 
0.463892 0.614371 0.703959 
0.241582 0.267233 0.268265 
0.0852998 0.0684841 0.0637309 
0.0154986 0.00334185 0.0394507 
0.0764839 0.0816629 0.165993 
0.270896 0.296671 0.421958 
0.509257 0.567347 0.733054 
0.648901 0.751321 0.959523 
0.600158 0.737257 0.97178 
0.398403 0.532604 0.750502 
0.170977 0.261175 0.414458 
0.0337446 0.0739145 0.148428 
0.015709 0.0543144 0.0930833 
0.0688018 0.189376 0.278179 
0.130478 0.40481 0.62766 
0.168567 0.614638 1.00915 
0.178618 0.749867 1.2899 
0.162164 0.770544 1.38171 
0.123354 0.67686 1.26921 
0.0831405 0.514466 1.0113 
0.079949 0.355619 0.707932 
0.140547 0.255921 0.445713 
0.245069 0.217226 0.258042 
0.327313 0.192542 0.129685 
0.322521 0.135815 0.0408184 
0.226165 0.0560477 0.00992298 
0.108433 0.0235898 0.0918293 
0.0642306 0.11401 0.324345 
0.139044 0.333243 0.666236 
0.29824 0.593102 0.987144 
0.469472 0.76838 1.13384 
0.617371 0.793845 1.03184 
0.776458 0.718594 0.743744 
1.00839 0.668703 0.434542 
1.32478 0.748658 0.267221 
1.65111 0.963706 0.306938 
1.86755 1.22264 0.499981 
1.89019 1.40918 0.730552 
1.72276 1.45796 0.901684 
1.44172 1.37996 0.981145 
1.13752 1.23306 0.99294 
0.865921 1.07551 0.978567 
0.643431 0.941301 0.965484 
0.478348 0.847115 0.961903 
0.40196 0.811906 0.970119 
0.469636 0.863632 0.997655 
0.727207 1.02268 1.05245 
1.16296 1.27226 1.12547 
1.67737 1.53905 1.17727 
2.09823 1.70586 1.14609 
2.2481 1.66223 0.981869 
2.03798 1.37204 0.690148 
