0.364584 0.522069 
0.407681 0.600597 
0.348651 0.570565 
0.198864 0.437457 
0.0607842 0.288823 
0.0624442 0.237565 
0.259906 0.334731 
0.584655 0.524654 
0.882357 0.683254 
1.01371 0.707257 
0.938734 0.581002 
0.728368 0.377128 
0.511941 0.208844 
0.409069 0.178065 
0.483327 0.341392 
0.726374 0.690991 
1.07168 1.15415 
1.43726 1.62773 
1.77878 2.04006 
2.10973 2.38968 
2.4583 2.71241 
2.79129 2.9968 
2.9831 3.13496 
2.87854 2.97544 
2.41033 2.44681 
1.6742 1.64611 
0.898026 0.813821 
0.327744 0.213206 
0.10891 0.000135901 
0.230144 0.160061 
0.546011 0.533939 
0.857037 0.907705 
1.005 1.11624 
0.937067 1.10816 
0.708474 0.93868 
0.430996 0.70602 
0.207663 0.486691 
0.0917409 0.315127 
0.0789301 0.202074 
0.12375 0.155281 
0.175035 0.185628 
0.220889 0.310573 
0.307798 0.555958 
0.495687 0.930782 
0.769637 1.37109 
1.00012 1.71225 
1.02514 1.76062 
0.804574 1.44309 
0.495329 0.904085 
0.349438 0.435528 
0.510135 0.276383 
0.891041 0.450161 
1.24685 0.774702 
1.36247 1.01644 
1.19175 1.0446 
0.849948 0.875448 
0.504977 0.616675 
0.277019 0.391495 
0.207986 0.295344 
0.284753 0.381199 
0.470162 0.6517 
0.716188 1.05505 
0.962967 1.49516 
1.14068 1.85922 
1.18808 2.05456 
1.08462 2.04109 
0.871375 1.84409 
0.631991 1.53488 
0.437098 1.18686 
0.298586 0.840244 
0.181703 0.508223 
0.0676307 0.217215 
0.000954809 0.0323802 
0.0644751 0.0284764 
0.297285 0.224483 
0.634422 0.545441 
0.929861 0.854023 
1.04708 1.02848 
0.943441 1.02356 
0.689399 0.875533 
0.424529 0.667554 
0.295036 0.496137 
0.408839 0.455826 
0.811237 0.624913 
1.46876 1.03402 
2.26225 1.63017 
3.00686 2.27246 
3.50878 2.78002 
3.63863 3.01032 
3.38003 2.91715 
2.82504 2.55356 
2.12695 2.03097 
1.44713 1.47562 
0.919671 1.00672 
0.625416 0.721305 
0.56166 0.660718 
0.627811 0.773316 
0.670954 0.925726 
0.594089 0.987581 
0.448698 0.932847 
0.409924 0.857685 
0.624671 0.880417 
1.05573 1.01115 
1.473 1.12284 
1.61557 1.06041 
1.38621 0.784155 
0.910032 0.409603 
0.422542 0.113471 
0.105035 0.00500702 
0.00727427 0.0778308 
0.0871022 0.259738 
0.287746 0.485488 
0.570301 0.721841 
0.894793 0.945453 
1.19865 1.12043 
1.40699 1.20381 
1.46373 1.16657 
1.35407 1.00714 
1.10666 0.753856 
0.782892 0.464075 
0.460466 0.216909 
0.21029 0.0874454 
0.0699385 0.10572 
0.0292095 0.230357 
0.0427834 0.368087 
0.0642269 0.434068 
0.0744291 0.406388 
0.0818292 0.327915 
0.100453 0.256908 
0.133777 0.217852 
0.181109 0.200901 
0.251037 0.202346 
0.354554 0.251225 
0.477771 0.383997 
0.568589 0.592607 
0.565651 0.80696 
0.450901 0.937572 
0.27349 0.938704 
0.116971 0.832499 
0.0393958 0.679213 
0.0414351 0.531225 
0.0841348 0.411452 
0.128737 0.31983 
0.16115 0.247272 
0.192259 0.186646 
0.247146 0.14477 
0.349695 0.151294 
0.501007 0.248241 
0.665154 0.459529 
0.789876 0.770257 
0.862971 1.14365 
0.952134 1.55794 
1.16609 2.01065 
1.5447 2.46935 
1.97404 2.82098 
2.22537 2.89736 
2.11061 2.58633 
1.62996 1.93954 
0.982187 1.17053 
0.426789 0.529532 
0.115683 0.155474 
0.0292949 0.0244759 
0.0508061 0.0235503 
0.0964117 0.0708867 
0.189735 0.180064 
0.43221 0.430555 
0.906284 0.885507 
1.58671 1.52305 
2.31688 2.21992 
2.86303 2.78883 
3.01932 3.05062 
2.71138 2.91252 
2.04306 2.41633 
1.25558 1.72543 
0.615555 1.05004 
0.292266 0.550938 
0.292463 0.279775 
0.485108 0.188026 
0.6926 0.18752 
0.787702 0.213133 
0.74088 0.247357 
0.603347 0.303918 
0.454602 0.398343 
0.358111 0.533374 
0.349192 0.703277 
0.44768 0.901663 
0.671587 1.12048 
1.03297 1.34325 
1.51103 1.54024 
2.01314 1.66417 
2.35636 1.64643 
2.31919 1.41445 
1.78576 0.957815 
0.913629 0.421177 
0.166546 0.125373 
0.0916387 0.417667 
0.924056 1.39154 
2.31856 2.69499 
3.49093 3.6565 
3.73696 3.71419 
2.93751 2.82946 
1.62035 1.52104 
0.522022 0.468717 
0.0395282 0.0274017 
0.0418675 0.065752 
0.144685 0.216316 
0.118796 0.237612 
0.0394202 0.14146 
0.110088 0.0460814 
0.42315 0.00441209 
0.905063 0.0104141 
1.421 0.107252 
1.84636 0.385055 
2.03673 0.833166 
1.83263 1.25557 
1.20969 1.42306 
0.440625 1.33263 
0.00977996 1.25456 
0.242574 1.44995 
0.96994 1.8381 
1.60346 2.00824 
1.61908 1.622 
1.01402 0.808158 
0.298247 0.120671 
0.036468 0.0757848 
0.390337 0.72201 
1.06802 1.64801 
1.64717 2.36814 
1.8974 2.66855 
1.82699 2.61702 
1.53165 2.3433 
1.09335 1.89942 
0.613018 1.3211 
0.238831 0.727364 
0.078025 0.28064 
0.0916764 0.0618703 
0.144003 0.04686 
0.182774 0.217162 
0.322952 0.624786 
0.694041 1.27621 
1.21648 1.97234 
1.60433 2.36671 
1.64536 2.26832 
1.45724 1.87795 
1.39991 1.64762 
1.6969 1.84818 
2.16343 2.28182 
2.34784 2.45645 
1.95641 2.05818 
1.13654 1.24614 
0.353374 0.492318 
