1.62403 0.659899 
1.36752 0.420456 
1.02572 0.207923 
0.674771 0.0621629 
0.382013 0.00420535 
0.189878 0.0323007 
0.107033 0.123169 
0.109949 0.239496 
0.155425 0.342931 
0.200029 0.40839 
0.218062 0.432693 
0.208942 0.431663 
0.189875 0.42582 
0.178494 0.422921 
0.177239 0.409832 
0.171039 0.361924 
0.140979 0.26615 
0.0842818 0.141995 
0.0244394 0.0421437 
0.000629242 0.0263497 
0.0406593 0.121493 
0.13588 0.294451 
0.238379 0.460477 
0.286933 0.528169 
0.247292 0.456305 
0.139803 0.286246 
0.0334933 0.126211 
0.00771341 0.0936141 
0.105023 0.249035 
0.305776 0.561476 
0.540587 0.924975 
0.731621 1.21483 
0.835408 1.34896 
0.86107 1.32029 
0.856279 1.18734 
0.874714 1.03572 
0.948164 0.937405 
1.07884 0.929155 
1.25081 1.01506 
1.44695 1.18251 
1.65726 1.41625 
1.87438 1.70116 
2.08215 2.01456 
2.24776 2.31578 
2.32393 2.54217 
2.26163 2.61762 
2.02935 2.47501 
1.63423 2.08793 
1.1388 1.50057 
0.665517 0.840359 
0.379402 0.299039 
0.444568 0.0790394 
0.962408 0.31944 
1.9144 1.03138 
3.13916 2.07522 
4.36406 3.19655 
5.28738 4.11074 
5.68041 4.60111 
5.46549 4.58794 
4.73541 4.14006 
3.70759 3.42911 
2.63765 2.65351 
1.73307 1.96904 
1.10242 1.45368 
0.752291 1.11195 
0.619699 0.904342 
0.615013 0.779797 
0.654385 0.695948 
0.674874 0.624413 
0.638078 0.54833 
0.531239 0.460178 
0.369047 0.362477 
0.192073 0.26823 
0.0562794 0.197248 
0.0137939 0.168566 
0.0929135 0.193547 
0.287978 0.274409 
0.564495 0.408422 
0.875464 0.592794 
1.17845 0.824403 
1.44425 1.09313 
1.65554 1.37409 
1.80114 1.62672 
1.87321 1.805 
1.86999 1.87483 
1.80023 1.82858 
1.68322 1.68788 
1.54194 1.49235 
1.39291 1.28115 
1.23983 1.07802 
1.07578 0.887631 
0.892793 0.70361 
0.69252 0.521781 
0.490975 0.350007 
0.314483 0.208923 
0.189162 0.12354 
0.129656 0.110526 
0.132622 0.167962 
0.177689 0.272982 
0.235125 0.388923 
0.276906 0.479143 
0.286809 0.521447 
0.265757 0.516655 
0.230658 0.487657 
0.207752 0.469959 
0.223791 0.498618 
0.298969 0.597531 
0.444046 0.774891 
0.661453 1.02491 
0.94783 1.33279 
1.29475 1.67896 
1.68556 2.03942 
2.08879 2.38186 
2.45207 2.66053 
2.70273 2.81562 
2.76124 2.78373 
2.56847 2.52124 
2.11902 2.03364 
1.48435 1.39535 
0.808244 0.743287 
0.267866 0.238312 
0.0125347 0.0075923 
0.108043 0.0958769 
0.515445 0.452798 
1.11545 0.963825 
1.76327 1.50593 
2.34131 1.99378 
2.78146 2.39014 
3.05206 2.68083 
3.13014 2.84022 
2.98822 2.81943 
2.61023 2.5706 
2.02497 2.09117 
1.32831 1.4547 
0.670351 0.801679 
0.207743 0.290746 
0.0454245 0.0369525 
0.199816 0.071325 
0.601289 0.340784 
1.12993 0.7422 
1.66167 1.16688 
2.10185 1.53215 
2.39689 1.79093 
2.52927 1.9254 
2.50734 1.93705 
2.35721 1.84056 
2.11666 1.661 
1.82776 1.4301 
1.52751 1.1796 
1.24047 0.934703 
0.977816 0.711465 
0.743331 0.519256 
0.541051 0.364518 
0.378155 0.251585 
0.260964 0.180053 
0.188444 0.142908 
0.150229 0.12988 
0.132245 0.135235 
0.12557 0.162945 
0.130109 0.221653 
0.148436 0.309699 
0.174462 0.40129 
0.188442 0.448939 
0.16696 0.408409 
0.104358 0.274707 
0.0297491 0.104402 
0.00236686 0.00290238 
0.0812877 0.0762211 
0.285218 0.37182 
0.569023 0.843945 
0.836094 1.3661 
0.983164 1.78479 
0.9524 1.98422 
0.760247 1.92754 
0.487277 1.65808 
0.237268 1.26849 
0.0902051 0.860389 
0.0732533 0.513795 
0.159792 0.273179 
0.290948 0.14692 
0.406209 0.115514 
0.470186 0.146637 
0.486449 0.213978 
0.493029 0.31118 
0.539394 0.449813 
0.65348 0.638732 
0.816624 0.858022 
0.964821 1.05016 
1.02102 1.14199 
0.941158 1.0869 
0.742983 0.896978 
0.495856 0.638312 
0.277709 0.390788 
0.131641 0.203356 
0.0555212 0.0810631 
0.0301129 0.0129748 
0.0565554 0.0123322 
0.163595 0.125605 
0.371166 0.392031 
0.640122 0.781721 
0.860044 1.1687 
0.904138 1.37713 
0.725593 1.28383 
0.426538 0.910632 
0.237736 0.437401 
0.405228 0.117372 
1.04846 0.144207 
2.08079 0.554497 
3.24588 1.22462 
4.24751 1.95632 
4.8914 2.58916 
5.15496 3.06839 
5.15441 3.43612 
5.04522 3.76742 
4.92664 4.10298 
4.80412 4.4199 
4.6168 4.64781 
4.29656 4.70889 
3.81639 4.55425 
3.20601 4.18271 
2.53855 3.64278 
1.90505 3.0234 
1.38931 2.43439 
1.04672 1.97633 
0.888003 1.70575 
0.872922 1.61127 
0.921659 1.6173 
0.945077 1.61851 
0.882571 1.52949 
0.728163 1.3224 
0.530026 1.03295 
0.364015 0.734374 
0.29682 0.498694 
0.358663 0.368557 
0.536876 0.351958 
0.788028 0.435047 
1.05741 0.598417 
1.29518 0.82495 
1.4651 1.09783 
1.54739 1.39572 
1.53861 1.69263 
1.44914 1.96332 
1.29765 2.18938 
1.10357 2.35971 
0.881652 2.46491 
0.642944 2.49083 
0.403162 2.41876 
0.193767 2.23557 
0.0673732 1.94984 
0.0906759 1.60416 
0.324185 1.27374 
