0.937499 1.1406 
0.395159 0.446067 
0.297386 0.193348 
0.334602 0.118828 
0.333053 0.0794252 
0.278312 0.0503133 
0.231521 0.0515163 
0.278798 0.138399 
0.506946 0.4087 
0.931021 0.918742 
1.41742 1.56329 
1.73254 2.09236 
1.72163 2.29937 
1.44311 2.19332 
1.11643 1.97594 
0.954195 1.87226 
1.05404 1.99927 
1.40122 2.3476 
1.88983 2.79788 
2.31393 3.12268 
2.41129 3.04969 
2.0229 2.43927 
1.25935 1.4541 
0.486138 0.523412 
0.09283 0.0761004 
0.230798 0.254301 
0.737073 0.847017 
1.28221 1.47489 
1.59293 1.84536 
1.57963 1.88172 
1.31833 1.67853 
0.952147 1.37598 
0.601757 1.06708 
0.328602 0.781951 
0.145566 0.52282 
0.0479625 0.301919 
0.037907 0.151388 
0.125173 0.102037 
0.306244 0.151145 
0.543526 0.25106 
0.768699 0.33669 
0.910391 0.371908 
0.922895 0.369248 
0.799077 0.362238 
0.573238 0.363802 
0.319026 0.358614 
0.12631 0.330052 
0.0489909 0.279189 
0.0629214 0.214972 
0.089364 0.143218 
0.0744587 0.0775558 
0.0396129 0.0469676 
0.0438536 0.0699021 
0.108934 0.123612 
0.204497 0.163979 
0.303539 0.18474 
0.417998 0.234305 
0.556934 0.351867 
0.672472 0.499839 
0.692796 0.593736 
0.627361 0.611682 
0.616279 0.652221 
0.839097 0.854546 
1.35224 1.25092 
2.00751 1.70136 
2.52791 1.97764 
2.67579 1.92039 
2.38444 1.53887 
1.77436 0.989751 
1.06897 0.473029 
0.481335 0.131032 
0.141502 0.0139858 
0.0917761 0.115562 
0.325746 0.428814 
0.818502 0.960808 
1.5135 1.68587 
2.286 2.48466 
2.94262 3.14656 
3.29185 3.46416 
3.24662 3.35726 
2.87409 2.92262 
2.34684 2.36626 
1.83753 1.87908 
1.44147 1.55479 
1.17001 1.3903 
0.988924 1.33023 
0.855914 1.30449 
0.738967 1.24905 
0.622303 1.12415 
0.50408 0.92788 
0.386637 0.690498 
0.269754 0.453229 
0.157311 0.252883 
0.0663138 0.117838 
0.0166675 0.0596931 
0.00648909 0.0584176 
0.00823894 0.0671739 
0.00274881 0.0513061 
0.0131303 0.0258972 
0.0840112 0.0392347 
0.212687 0.10685 
0.313501 0.171776 
0.284023 0.154663 
0.131805 0.0572816 
0.0276548 0.00393262 
0.194826 0.149783 
0.703561 0.522591 
1.3575 0.951476 
1.79806 1.17101 
1.75938 1.02667 
1.26647 0.607828 
0.615313 0.192136 
0.155701 0.0422827 
0.0494837 0.21231 
0.186269 0.513412 
0.315964 0.674129 
0.29186 0.582787 
0.218863 0.414766 
0.358966 0.508046 
0.854863 1.05617 
1.52895 1.88266 
1.98166 2.53111 
1.9294 2.62317 
1.46061 2.16195 
0.94884 1.4961 
0.70942 0.995366 
0.747724 0.768325 
0.832043 0.677636 
0.77077 0.575224 
0.582301 0.46995 
0.408909 0.463808 
0.322606 0.573026 
0.260897 0.662829 
0.148469 0.573914 
0.0469344 0.304023 
0.159566 0.0580973 
0.680504 0.11485 
1.62624 0.621047 
2.79044 1.47626 
3.85042 2.39143 
4.53539 3.06822 
4.73048 3.35564 
4.45948 3.27073 
3.80869 2.90742 
2.90711 2.36813 
1.98836 1.80266 
1.41113 1.46789 
1.50582 1.64598 
2.31204 2.41652 
3.46722 3.50586 
4.42673 4.43084 
4.86541 4.85975 
4.89039 4.85213 
4.86592 4.74066 
5.0439 4.78932 
5.36584 4.97859 
5.57372 5.08983 
5.43721 4.92636 
4.8597 4.42164 
3.85738 3.59953 
2.56003 2.5416 
1.25838 1.43255 
0.342618 0.557303 
0.0539077 0.135919 
0.250931 0.121912 
0.488675 0.221438 
0.416258 0.182301 
0.120265 0.0679135 
0.0365237 0.19364 
0.484391 0.754422 
1.28769 1.53081 
1.87869 2.00816 
1.79794 1.82076 
1.11082 1.09271 
0.353057 0.346061 
0.0744401 0.0677157 
0.406025 0.33577 
1.01314 0.8196 
1.42224 1.10757 
1.39865 1.04218 
1.06587 0.786324 
0.729694 0.620041 
0.619085 0.694875 
0.769175 0.959174 
1.08845 1.26885 
1.48484 1.53355 
1.92242 1.76325 
2.3927 2.01405 
2.86359 2.31753 
3.2529 2.64704 
3.43326 2.91316 
3.27733 2.98295 
2.75402 2.74845 
2.02553 2.23331 
1.42675 1.6397 
1.26474 1.23789 
1.56346 1.15105 
1.99895 1.23755 
2.13614 1.21626 
1.78239 0.93408 
1.13028 0.507583 
0.558491 0.192228 
0.29796 0.123249 
0.286841 0.203832 
0.314276 0.241122 
0.255653 0.158876 
0.154304 0.0559629 
0.116654 0.0749933 
0.183255 0.247604 
0.311156 0.473233 
0.440601 0.619979 
0.539947 0.62373 
0.591747 0.505133 
0.57176 0.327418 
0.465945 0.15521 
0.304625 0.0388865 
0.167652 0.0132637 
0.147713 0.0967551 
0.294703 0.28522 
0.572648 0.540839 
0.859778 0.790326 
1.01111 0.95453 
0.956329 1.00163 
0.751161 0.969951 
0.520859 0.918541 
0.344691 0.84957 
0.208753 0.703378 
0.0812332 0.45349 
0.00777235 0.192253 
0.0868946 0.0794605 
0.336206 0.181727 
0.616865 0.381099 
0.735116 0.475567 
0.630492 0.378685 
0.447492 0.206691 
0.41095 0.164383 
0.632634 0.356113 
1.02787 0.705987 
1.38672 1.03141 
1.50715 1.16722 
1.29537 1.04103 
0.813 0.697116 
0.278483 0.303357 
0.00239938 0.125671 
0.24342 0.4249 
1.04497 1.2968 
2.17034 2.56637 
3.20903 3.8435 
3.80081 4.72843 
3.82756 5.02977 
3.44451 4.84334 
