0.481753 0.581172 0.715174 
0.530553 0.518981 0.575978 
0.506069 0.379277 0.371963 
0.442608 0.232403 0.194378 
0.374243 0.123595 0.0893126 
0.321953 0.0623611 0.0528669 
0.294965 0.0369366 0.0565799 
0.296218 0.0319392 0.0716259 
0.324774 0.0360146 0.0773362 
0.376301 0.0425548 0.0620325 
0.446152 0.0528616 0.0289016 
0.53658 0.0848141 0.00748762 
0.664331 0.180069 0.0586085 
0.860772 0.397863 0.259262 
1.1561 0.787369 0.66469 
1.54651 1.34374 1.26098 
1.96011 1.97116 1.93551 
2.25336 2.48692 2.49408 
2.26439 2.68705 2.73422 
1.91169 2.45352 2.54625 
1.27842 1.8404 1.98341 
0.6079 1.07125 1.2482 
0.185542 0.431454 0.593024 
0.169614 0.116213 0.194823 
0.48792 0.13469 0.0841486 
0.883163 0.333936 0.167552 
1.08246 0.517622 0.311562 
0.970253 0.567387 0.418479 
0.640418 0.484191 0.44833 
0.29903 0.340505 0.398189 
0.104947 0.204058 0.282198 
0.0750728 0.1012 0.136297 
0.114729 0.0350393 0.0287066 
0.124141 0.0171376 0.0407665 
0.0780578 0.066434 0.212685 
0.0198104 0.175889 0.494816 
0.000873529 0.29229 0.756826 
0.0385303 0.345282 0.864231 
0.12229 0.304597 0.768825 
0.234332 0.204748 0.538588 
0.343999 0.107062 0.302858 
0.393741 0.0426492 0.167164 
0.328375 0.00831706 0.177841 
0.168173 0.0245227 0.355816 
0.0443961 0.176057 0.734938 
0.121243 0.556641 1.33318 
0.445842 1.14816 2.07366 
0.87176 1.76415 2.75599 
1.15322 2.14569 3.14661 
1.13686 2.14273 3.12997 
0.871191 1.81552 2.78394 
0.537948 1.36792 2.31217 
0.292898 0.993652 1.90927 
0.179004 0.785831 1.68676 
0.167524 0.760573 1.69282 
0.234878 0.909672 1.94169 
0.370845 1.1923 2.37919 
0.530293 1.49077 2.82887 
0.622237 1.62871 3.02861 
0.574891 1.48132 2.78331 
0.407742 1.08492 2.11948 
0.225805 0.633297 1.29868 
0.141227 0.355564 0.666425 
0.202335 0.377303 0.451003 
0.384321 0.663999 0.650847 
0.620934 1.06084 1.06377 
0.832732 1.38008 1.41583 
0.944804 1.48633 1.50834 
0.912344 1.35048 1.30827 
0.748922 1.05076 0.937191 
0.527224 0.71713 0.57032 
0.342951 0.455715 0.320991 
0.270911 0.310631 0.19928 
0.341564 0.280984 0.161652 
0.53299 0.349663 0.178189 
0.765647 0.478827 0.239093 
0.917785 0.591295 0.311756 
0.887121 0.596102 0.3301 
0.671737 0.463844 0.254277 
0.390973 0.274402 0.134532 
0.203066 0.16463 0.0873462 
0.182717 0.209652 0.188282 
0.275632 0.3553 0.389978 
0.372702 0.472991 0.555611 
0.421435 0.479807 0.576204 
0.459579 0.402749 0.45562 
0.549272 0.334325 0.290088 
0.696161 0.340158 0.179308 
0.839329 0.412363 0.159678 
0.909127 0.496934 0.206186 
0.882954 0.548455 0.276234 
0.789328 0.55756 0.344209 
0.673758 0.540471 0.404326 
0.567812 0.51447 0.454114 
0.480599 0.482168 0.480775 
0.404678 0.431834 0.463552 
0.326552 0.351206 0.391127 
0.239559 0.244969 0.279225 
0.153042 0.139244 0.168405 
0.0868294 0.0639216 0.0980552 
0.0536746 0.0290459 0.0819 
0.051465 0.0263851 0.117266 
0.0793991 0.0619481 0.223201 
0.157739 0.179231 0.455573 
0.314016 0.426013 0.854388 
0.533377 0.776132 1.35292 
0.7257 1.08671 1.74668 
0.767204 1.1644 1.79359 
0.605916 0.916402 1.39799 
0.341831 0.463317 0.729457 
0.192754 0.0983658 0.155793 
0.35053 0.101117 0.0170369 
0.835335 0.542811 0.404735 
1.46711 1.23439 1.11074 
1.97831 1.85285 1.77378 
2.17831 2.14225 2.10244 
2.04791 2.04224 2.01544 
1.71247 1.67411 1.62797 
1.34027 1.22928 1.13509 
1.05299 0.859324 0.696039 
0.898374 0.632508 0.386528 
0.872872 0.552245 0.214737 
0.953788 0.594509 0.158387 
1.11607 0.731643 0.189983 
1.33629 0.939381 0.28566 
1.59454 1.19808 0.427538 
1.87596 1.49338 0.605462 
2.16549 1.81268 0.815873 
2.43431 2.13409 1.05429 
2.62736 2.41338 1.30289 
2.66769 2.58152 1.52107 
2.48731 2.56453 1.65008 
2.07471 2.32357 1.63733 
1.50612 1.89171 1.47006 
0.925275 1.37449 1.19301 
0.471138 0.90254 0.890348 
0.204242 0.566593 0.641878 
0.0950302 0.387213 0.489221 
0.083739 0.340285 0.437753 
0.14671 0.401022 0.479942 
0.294834 0.550631 0.602356 
0.509541 0.740529 0.764741 
0.705127 0.873316 0.88635 
0.787047 0.85311 0.87936 
0.760516 0.674064 0.715283 
0.762841 0.450321 0.458645 
0.954408 0.332885 0.222496 
1.35497 0.377328 0.0810958 
1.78702 0.4911 0.0265635 
1.9943 0.519462 0.014245 
1.83439 0.392212 0.046997 
1.37667 0.193278 0.20496 
0.834486 0.092721 0.582699 
0.411311 0.209808 1.18955 
0.193709 0.526658 1.9042 
0.149571 0.909631 2.52259 
0.191036 1.20007 2.8599 
0.234759 1.29869 2.83522 
0.23247 1.19915 2.49494 
0.180822 0.972362 1.97622 
0.116271 0.722213 1.43882 
0.0889248 0.533547 0.999212 
0.122991 0.434741 0.695998 
0.194688 0.396183 0.501624 
0.251322 0.366192 0.36814 
0.256084 0.315978 0.270894 
0.215976 0.256599 0.217227 
0.168647 0.218026 0.220426 
0.146782 0.216637 0.271386 
0.157132 0.24395 0.33839 
0.187812 0.280945 0.391771 
0.224668 0.313916 0.422579 
0.254502 0.332022 0.43347 
0.258843 0.31623 0.415632 
0.220205 0.246197 0.346754 
0.147913 0.132358 0.224916 
0.0987759 0.043659 0.108885 
0.158325 0.0892283 0.113427 
0.379251 0.346311 0.33917 
0.719956 0.781765 0.780263 
1.04151 1.2377 1.29055 
1.18266 1.51186 1.65532 
1.06609 1.48473 1.72839 
0.753125 1.19621 1.52801 
0.398625 0.806938 1.20899 
0.140897 0.475524 0.931706 
0.0214108 0.258538 0.742894 
0.00335158 0.12028 0.57497 
0.0618863 0.0325968 0.359366 
0.241633 0.0508166 0.136144 
0.602697 0.268782 0.0397736 
1.09505 0.681174 0.161862 
1.49993 1.09759 0.424888 
1.5431 1.23374 0.611202 
1.12552 0.944599 0.552293 
0.473534 0.404023 0.316371 
0.0389431 0.0404006 0.203422 
0.183563 0.234777 0.51515 
0.890869 1.0111 1.28019 
1.75397 1.98413 2.17923 
2.26516 2.62392 2.75248 
2.17172 2.62362 2.72281 
1.61017 2.0735 2.1667 
0.937338 1.3265 1.40984 
0.442456 0.712589 0.77186 
0.196126 0.358858 0.392285 
0.120332 0.224056 0.247616 
0.144206 0.236727 0.268329 
0.266179 0.364007 0.40092 
0.489591 0.568609 0.577195 
0.748238 0.75752 0.686356 
0.927786 0.818708 0.631463 
0.957573 0.712893 0.42179 
0.86566 0.509582 0.182912 
0.745348 0.323617 0.0521182 
0.68609 0.22696 0.0633764 
0.742323 0.229465 0.142891 
0.941117 0.326074 0.210473 
1.27551 0.526236 0.264932 
1.66917 0.817377 0.360492 
1.96915 1.11509 0.514264 
2.01846 1.284 0.661031 
1.77077 1.23296 0.708433 
1.34276 0.994304 0.627677 
0.94273 0.703885 0.480081 
0.727436 0.496355 0.356328 
0.704076 0.410705 0.296494 
0.749249 0.383476 0.268254 
0.716543 0.322941 0.214539 
0.543957 0.19463 0.119171 
0.290117 0.0537025 0.0341853 
0.0883781 0.00882093 0.0521197 
0.0579339 0.14796 0.246557 
0.228052 0.474371 0.61931 
0.518141 0.890968 1.08432 
0.782779 1.24248 1.49697 
0.892548 1.391 1.71432 
0.801373 1.28176 1.65744 
0.56344 0.965304 1.34847 
0.296583 0.568613 0.905642 
0.117602 0.232626 0.493045 
0.0835622 0.0450042 0.239986 
0.167906 0.00154714 0.169842 
0.288716 0.0249305 0.191411 
0.382929 0.0421764 0.177033 
0.482903 0.0731149 0.0819155 
0.726895 0.24981 0.00472155 
1.26336 0.720864 0.118311 
2.09423 1.49199 0.509503 
2.98168 2.33691 1.06477 
3.53072 2.88842 1.52069 
