0.351445 1.00729 1.93761 
0.0436428 0.421469 1.14285 
0.0393009 0.11017 0.576156 
0.312331 0.0884814 0.292176 
0.72162 0.251437 0.226689 
1.08211 0.441326 0.256331 
1.24848 0.528594 0.272643 
1.17099 0.466393 0.233051 
0.901183 0.296909 0.168007 
0.552841 0.114477 0.148258 
0.244751 0.0110203 0.235351 
0.0555346 0.033543 0.443162 
0.00797665 0.171558 0.728299 
0.0808089 0.373631 1.01014 
0.232601 0.578065 1.20685 
0.421563 0.739707 1.2687 
0.613978 0.841875 1.1943 
0.784213 0.892811 1.02562 
0.913401 0.91332 0.826926 
0.990842 0.923612 0.658351 
1.01645 0.934447 0.554826 
0.999973 0.944149 0.517656 
0.95534 0.940936 0.520367 
0.893239 0.909209 0.524975 
0.817396 0.837758 0.501119 
0.727313 0.726728 0.439739 
0.62478 0.589829 0.355852 
0.518066 0.449945 0.280153 
0.419413 0.329793 0.244395 
0.337307 0.242634 0.267862 
0.270063 0.188475 0.350667 
0.20721 0.157964 0.475161 
0.139386 0.14103 0.612523 
0.0701847 0.134033 0.730163 
0.0203411 0.140275 0.797561 
0.018836 0.16375 0.791309 
0.0844409 0.201423 0.701592 
0.208915 0.241021 0.540257 
0.353741 0.267713 0.346628 
0.464957 0.276385 0.184705 
0.499636 0.281243 0.127516 
0.449964 0.314939 0.231127 
0.351362 0.415444 0.508434 
0.269539 0.606664 0.916096 
0.272493 0.883173 1.36356 
0.40091 1.20753 1.74264 
0.650442 1.52166 1.96535 
0.97272 1.76635 1.99292 
1.29309 1.89944 1.84349 
1.53641 1.90549 1.5772 
1.65058 1.79507 1.26819 
1.61983 1.59714 0.978212 
1.46488 1.34924 0.742526 
1.23182 1.08927 0.570545 
0.975032 0.849631 0.455719 
0.741182 0.653728 0.386631 
0.559942 0.514708 0.353937 
0.443783 0.436638 0.352347 
0.394461 0.417683 0.379644 
0.410398 0.453282 0.434671 
0.489301 0.536898 0.514786 
0.62439 0.65773 0.613037 
0.798158 0.797857 0.716443 
0.980519 0.932997 0.807775 
1.13588 1.03922 0.871798 
1.23711 1.10317 0.903382 
1.27825 1.12924 0.911914 
1.277 1.13755 0.917316 
1.26399 1.15209 0.93829 
1.26505 1.18594 0.979599 
1.28764 1.23332 1.02738 
1.32056 1.27439 1.05683 
1.34644 1.2898 1.04785 
1.35749 1.27444 0.997889 
1.36264 1.24002 0.922306 
1.38105 1.20469 0.841696 
1.42747 1.17795 0.765819 
1.50131 1.1537 0.687365 
1.58834 1.11835 0.592014 
1.67304 1.06848 0.478321 
1.75037 1.02327 0.371519 
1.82514 1.01842 0.317296 
1.89722 1.08119 0.355087 
1.94403 1.202 0.486508 
1.91742 1.3239 0.661442 
1.76398 1.36281 0.795626 
1.46094 1.25113 0.813871 
1.04495 0.980346 0.694983 
0.611737 0.615555 0.49069 
0.280158 0.270174 0.304848 
0.137667 0.0530491 0.242547 
0.197417 0.0170799 0.356747 
0.392313 0.137533 0.621327 
0.60969 0.330176 0.943763 
0.74642 0.496267 1.20834 
0.753397 0.567895 1.32569 
0.646976 0.530644 1.26445 
0.486275 0.416732 1.05392 
0.334756 0.279084 0.76292 
0.230202 0.1644 0.469543 
0.177389 0.0987088 0.236538 
0.161226 0.0877102 0.0990554 
0.166449 0.125182 0.0640049 
0.189705 0.200969 0.116237 
0.238537 0.304352 0.227293 
0.32177 0.42395 0.364424 
0.440029 0.547454 0.498673 
0.582458 0.662859 0.610597 
0.729873 0.760184 0.692023 
0.860579 0.831729 0.743268 
0.955257 0.870414 0.767251 
1.00017 0.868127 0.763663 
0.990302 0.816944 0.726611 
0.933648 0.714607 0.647716 
0.855296 0.572381 0.523873 
0.796877 0.420323 0.365996 
0.806932 0.30416 0.20311 
0.921367 0.270797 0.0768184 
1.14005 0.345724 0.0253166 
1.4117 0.512571 0.0627761 
1.64009 0.708282 0.165594 
1.71676 0.842898 0.276905 
1.57088 0.840447 0.33253 
1.21295 0.682801 0.298116 
0.745584 0.431032 0.196755 
0.327638 0.206232 0.107217 
0.102876 0.132846 0.127424 
0.128092 0.271283 0.318977 
0.34129 0.577495 0.663162 
0.592002 0.916148 1.05622 
0.721094 1.12496 1.35128 
0.647231 1.0975 1.42735 
0.411008 0.839168 1.24898 
0.151146 0.465078 0.884317 
0.0265661 0.141266 0.472066 
0.129461 0.00255861 0.156443 
0.438303 0.0918916 0.0252665 
0.834406 0.351159 0.0820878 
1.16786 0.662768 0.261815 
1.33212 0.913541 0.474938 
1.30627 1.04431 0.652525 
1.14767 1.06221 0.768801 
0.948218 1.01733 0.835106 
0.785075 0.964661 0.876432 
0.693378 0.935691 0.908973 
0.668993 0.932449 0.931767 
0.689513 0.93982 0.93326 
0.733959 0.942148 0.903742 
0.788699 0.931666 0.843108 
0.841192 0.906042 0.75954 
0.872761 0.861547 0.662581 
0.860465 0.790509 0.557659 
0.788681 0.686298 0.446425 
0.661595 0.551605 0.331541 
0.505972 0.402447 0.220721 
0.360321 0.263491 0.125852 
0.256479 0.157143 0.0575626 
0.205179 0.0936574 0.0195605 
0.194439 0.0687585 0.00723646 
0.200909 0.0696982 0.0114764 
0.205989 0.0847511 0.0244949 
0.206203 0.109356 0.0433141 
0.212126 0.14549 0.0691149 
0.238251 0.196518 0.104692 
0.291956 0.263143 0.153976 
0.369317 0.344536 0.225206 
0.459862 0.443543 0.334634 
0.555519 0.570168 0.504688 
0.656021 0.737546 0.752809 
0.765909 0.949958 1.07408 
0.885022 1.18964 1.42787 
1.00008 1.41274 1.74005 
1.08514 1.56082 1.92524 
1.1128 1.58498 1.92137 
1.0697 1.46979 1.71923 
0.965471 1.24251 1.36963 
0.828037 0.96079 0.962744 
0.687501 0.685593 0.590186 
0.560057 0.45614 0.311216 
0.444363 0.2828 0.141616 
0.334155 0.161313 0.0688109 
0.237986 0.0963016 0.0794573 
0.189708 0.114454 0.177919 
0.237931 0.254407 0.38133 
0.417201 0.537161 0.694475 
0.71797 0.936242 1.08317 
1.07595 1.36955 1.46738 
1.39089 1.72253 1.74322 
1.56691 1.89286 1.82428 
1.5532 1.83341 1.68018 
1.36417 1.57105 1.3513 
1.0703 1.1927 0.932351 
0.76737 0.80795 0.534004 
0.540711 0.507567 0.241962 
0.439957 0.336399 0.0916038 
0.47073 0.288647 0.0662977 
0.6009 0.322267 0.115569 
0.774993 0.382254 0.181591 
0.931211 0.422174 0.221634 
1.01768 0.417062 0.21868 
1.00536 0.365711 0.179177 
0.894549 0.28429 0.122465 
0.712491 0.195576 0.06877 
0.502352 0.118745 0.031441 
0.307771 0.0635556 0.0154067 
0.15934 0.0301689 0.019968 
0.0681409 0.0129804 0.0421375 
0.0275979 0.00526128 0.0777497 
0.0210986 0.00203357 0.120387 
0.0311153 0.000683558 0.16049 
0.0462608 0.000565422 0.186988 
0.0643699 0.00289242 0.191522 
0.0910842 0.0108284 0.172726 
0.134463 0.0285215 0.137394 
0.197504 0.0583206 0.0972458 
0.272202 0.0974041 0.0631276 
0.339548 0.136725 0.0403036 
0.378013 0.164619 0.0277361 
0.37831 0.174397 0.021403 
0.35699 0.171701 0.0189144 
0.359419 0.176142 0.0219553 
0.446618 0.214367 0.0348746 
0.669076 0.306961 0.0607215 
1.0393 0.45619 0.0980602 
1.51775 0.642173 0.14147 
2.02122 0.830651 0.185945 
2.4512 0.988597 0.23224 
2.72901 1.09887 0.288846 
2.82088 1.16548 0.367996 
2.7422 1.20674 0.477086 
2.54183 1.24124 0.61056 
2.2774 1.2757 0.747954 
1.99519 1.30218 0.860525 
1.72266 1.30552 0.923528 
1.47283 1.27527 0.927481 
1.25323 1.21429 0.882201 
1.07234 1.1396 0.812051 
0.940805 1.07666 0.746332 
0.869717 1.05242 0.711298 
0.8692 1.09164 0.728097 
0.948584 1.21656 0.815814 
1.11609 1.44662 0.994606 
1.37546 1.79433 1.28368 
1.71935 2.25685 1.69265 
2.12242 2.80724 2.20997 
2.53892 3.39091 2.79491 
2.90752 3.9313 3.37897 
3.16331 4.34461 3.87801 
3.25351 4.55937 4.21225 
3.15188 4.53476 4.32715 
2.86718 4.27169 4.20812 
