0.16801 0.172441 0.174295 
0.337882 0.375061 0.345625 
0.702694 0.720663 0.610924 
0.994839 0.982532 0.812013 
1.0464 1.02522 0.859387 
0.930632 0.92881 0.829652 
0.850196 0.883403 0.872923 
0.937719 1.00009 1.05127 
1.19386 1.25339 1.29959 
1.57433 1.57395 1.52704 
2.06225 1.93339 1.7089 
2.63308 2.31984 1.8658 
3.18877 2.67067 1.98973 
3.56527 2.87023 2.02605 
3.60628 2.81543 1.9234 
3.23405 2.47737 1.68258 
2.49339 1.92351 1.36377 
1.57557 1.31106 1.06559 
0.78226 0.841156 0.884907 
0.383885 0.65603 0.854926 
0.444111 0.738153 0.9054 
0.781281 0.928698 0.918489 
1.1344 1.08395 0.864488 
1.37522 1.21332 0.870812 
1.54493 1.43085 1.10494 
1.69939 1.76357 1.56193 
1.77227 2.04552 1.99398 
1.62752 2.03892 2.09091 
1.22733 1.65818 1.74345 
0.706381 1.05569 1.12625 
0.271959 0.492809 0.536809 
0.0523437 0.148659 0.174673 
0.0436436 0.0447042 0.0606638 
0.164365 0.100876 0.10685 
0.325087 0.218059 0.210478 
0.459015 0.319789 0.292847 
0.533996 0.371611 0.312128 
0.562546 0.396585 0.285326 
0.583353 0.45527 0.285169 
0.606591 0.57446 0.373203 
0.581705 0.689098 0.518096 
0.447207 0.681024 0.599452 
0.224944 0.49821 0.517259 
0.0440675 0.230248 0.299644 
0.0403736 0.045405 0.088693 
0.222857 0.0441078 0.0139143 
0.454788 0.180081 0.0853786 
0.57868 0.324477 0.209279 
0.552561 0.389164 0.287992 
0.454552 0.374386 0.288009 
0.370603 0.317136 0.226637 
0.311618 0.23696 0.134659 
0.248046 0.149536 0.0522972 
0.186631 0.0975928 0.0308234 
0.167964 0.119087 0.0907224 
0.19248 0.18207 0.173936 
0.196959 0.195943 0.181179 
0.134411 0.119458 0.0902527 
0.0537701 0.0370307 0.0184444 
0.0596745 0.0866426 0.124255 
0.188066 0.303423 0.433679 
0.348835 0.559308 0.784905 
0.407326 0.673288 0.960977 
0.312758 0.573169 0.871868 
0.140666 0.345891 0.606852 
0.0244614 0.148725 0.332593 
0.0564276 0.0870659 0.160833 
0.237505 0.16253 0.101937 
0.492146 0.305804 0.111422 
0.718404 0.441181 0.157592 
0.832896 0.523252 0.240173 
0.78831 0.526588 0.348994 
0.580313 0.428228 0.424694 
0.275399 0.239873 0.400563 
0.034493 0.0699785 0.310409 
0.0458258 0.101836 0.322081 
0.352272 0.427807 0.589059 
0.736011 0.883938 1.03694 
0.856074 1.12028 1.35226 
0.578373 0.917159 1.25903 
0.155422 0.432384 0.813108 
0.00711447 0.0746712 0.370069 
0.295462 0.105704 0.238082 
0.754507 0.399963 0.395856 
0.966929 0.615262 0.571845 
0.774492 0.554106 0.552806 
0.380781 0.310109 0.359334 
0.0871143 0.0943727 0.146736 
0.00273723 0.00684474 0.0251252 
0.0259081 0.00835848 0.0161521 
0.0326728 0.0473854 0.12054 
0.00998832 0.130835 0.338514 
0.0153491 0.268235 0.613411 
0.0737603 0.408917 0.817312 
0.149367 0.473936 0.839841 
0.193697 0.433762 0.684188 
0.19208 0.331754 0.458001 
0.171643 0.243245 0.282333 
0.186434 0.231776 0.225709 
0.28708 0.329399 0.302766 
0.473589 0.518647 0.486039 
0.667882 0.719881 0.699889 
0.760681 0.828268 0.838019 
0.716337 0.800408 0.83231 
0.628117 0.70455 0.711634 
0.642201 0.659926 0.572098 
0.815664 0.721049 0.487221 
1.07229 0.851548 0.477566 
1.32731 1.03955 0.589765 
1.64875 1.4177 0.971872 
2.24441 2.19865 1.79085 
3.22812 3.4204 3.00724 
4.3732 4.73667 4.2277 
5.13057 5.51168 4.84862 
4.97096 5.22313 4.45055 
3.80213 3.87429 3.14231 
2.11011 2.066 1.55353 
0.686393 0.643328 0.451639 
0.139207 0.175047 0.265119 
0.548664 0.645081 0.859927 
1.48902 1.54683 1.70002 
2.35039 2.25989 2.23151 
2.70064 2.41708 2.2033 
2.46211 2.04167 1.74146 
1.85646 1.4389 1.19857 
1.22171 0.977291 0.928372 
0.834959 0.906212 1.12449 
0.812504 1.27509 1.77041 
1.0935 1.94312 2.67302 
1.49034 2.64733 3.53796 
1.78913 3.109 4.06712 
1.86863 3.1564 4.06868 
1.77226 2.81093 3.54484 
1.66458 2.26766 2.6951 
1.67718 1.7551 1.80339 
1.76314 1.36928 1.07327 
1.71252 1.03407 0.547634 
1.3527 0.643009 0.18968 
0.759428 0.247672 0.0338487 
0.252683 0.0779484 0.218638 
0.144274 0.335868 0.829266 
0.464478 0.957644 1.70819 
0.935085 1.60251 2.46821 
1.21252 1.9044 2.74633 
1.15596 1.74712 2.4694 
0.874112 1.30346 1.87335 
0.556504 0.833713 1.27113 
0.304626 0.476042 0.815913 
0.124555 0.224539 0.478789 
0.0260777 0.0541189 0.204634 
0.0641726 0.00283967 0.0302405 
0.266077 0.115577 0.0343564 
0.551776 0.344329 0.208664 
0.769484 0.551044 0.424404 
0.823834 0.623126 0.538584 
0.757046 0.570161 0.514519 
0.694348 0.495002 0.426641 
0.718851 0.48232 0.365222 
0.812228 0.533701 0.361198 
0.906139 0.602271 0.396083 
0.956158 0.652312 0.442712 
0.943375 0.659952 0.466981 
0.830997 0.583244 0.416539 
0.582225 0.39465 0.269928 
0.259565 0.176539 0.12552 
0.076675 0.146644 0.19867 
0.273482 0.508541 0.653302 
0.877391 1.22303 1.39487 
1.58716 1.9393 2.05324 
1.94529 2.21056 2.22761 
1.68953 1.83906 1.79782 
0.977276 1.04581 1.02137 
0.274227 0.308515 0.332443 
0.00106529 0.00912919 0.0283884 
0.241038 0.187422 0.104295 
0.735144 0.577743 0.333375 
1.12439 0.852395 0.477896 
1.20483 0.847984 0.445248 
1.00239 0.616598 0.297761 
0.670338 0.321044 0.160919 
0.352215 0.105142 0.131737 
0.124963 0.037685 0.246728 
0.0164712 0.125126 0.495308 
0.0279606 0.33454 0.835672 
0.130119 0.60012 1.19833 
0.261437 0.835125 1.4973 
0.355751 0.967771 1.66322 
0.380817 0.979175 1.67886 
0.351646 0.907776 1.58463 
0.310802 0.816811 1.44842 
0.298107 0.755061 1.32616 
0.329902 0.737334 1.23987 
0.391925 0.746065 1.17763 
0.446702 0.744658 1.10584 
0.457514 0.698574 0.988711 
0.417277 0.598593 0.811446 
0.356077 0.470008 0.594791 
0.314746 0.35493 0.386345 
0.307174 0.279515 0.231585 
0.30874 0.236444 0.149234 
0.281756 0.199922 0.133212 
0.211577 0.157756 0.175893 
0.119955 0.128027 0.283842 
0.0473368 0.143046 0.464149 
0.0221106 0.214195 0.691729 
0.0408044 0.309713 0.893429 
0.0724921 0.368683 0.975948 
0.0838498 0.344449 0.885123 
0.0656236 0.242522 0.649375 
0.0374765 0.118275 0.366732 
0.0261144 0.034096 0.142344 
0.039234 0.0145498 0.0279289 
0.0637805 0.0400727 0.0104158 
0.0892748 0.0793706 0.0477719 
0.12643 0.121555 0.10828 
0.196352 0.174861 0.177966 
0.300761 0.240132 0.243673 
0.405542 0.294023 0.283941 
0.455371 0.30183 0.282334 
0.408918 0.247369 0.246957 
0.272073 0.154119 0.213248 
0.109227 0.0815019 0.225338 
0.0175823 0.0944109 0.308284 
0.0660099 0.218162 0.447166 
0.235899 0.408444 0.587081 
0.421352 0.569031 0.661246 
0.504693 0.615894 0.634675 
0.445583 0.537082 0.530481 
0.299784 0.393799 0.41491 
0.156143 0.266375 0.35623 
0.0649625 0.202213 0.394922 
0.0240344 0.205371 0.537506 
0.00988341 0.250794 0.753136 
0.00386094 0.29526 0.966987 
0.00291447 0.296416 1.08312 
0.0355615 0.255816 1.05159 
0.165478 0.243745 0.919397 
0.43723 0.342618 0.786477 
0.789098 0.53891 0.69342 
1.04742 0.696719 0.577828 
1.06394 0.687171 0.378906 
0.879585 0.554584 0.178776 
0.722434 0.51648 0.187976 
0.80981 0.762847 0.548721 
1.14926 1.25717 1.15838 
1.54063 1.75227 1.71665 
1.75927 1.99874 1.95867 
1.7213 1.92723 1.84088 
1.49164 1.64662 1.51814 
1.18268 1.30992 1.1776 
0.871916 1.00355 0.907529 
