0.786703 1.01488 1.05179 
0.951066 1.21287 1.24531 
0.982003 1.2264 1.24566 
0.849358 1.03737 1.05176 
0.589269 0.707254 0.739414 
0.292505 0.350157 0.420016 
0.068942 0.0850784 0.186412 
0.0136078 0.00237304 0.0894558 
0.187463 0.159083 0.159216 
0.602505 0.582267 0.436729 
1.19913 1.25108 0.96605 
1.8315 2.06248 1.73696 
2.29788 2.8255 2.62968 
2.42821 3.32187 3.4283 
2.18168 3.41152 3.91532 
1.67618 3.10817 3.98438 
1.11547 2.56377 3.68775 
0.668089 1.97586 3.18994 
0.39699 1.49442 2.67345 
0.287424 1.19097 2.26634 
0.321586 1.08083 2.01992 
0.505463 1.14127 1.91539 
0.816827 1.29752 1.87464 
1.14497 1.41501 1.78341 
1.31597 1.35091 1.54636 
1.20822 1.05256 1.15604 
0.855658 0.615921 0.715477 
0.432922 0.231483 0.374816 
0.127436 0.0476152 0.221487 
0.0123778 0.0672637 0.21892 
0.0276927 0.166566 0.250263 
0.0681651 0.209939 0.223646 
0.0844479 0.153632 0.139069 
0.110782 0.0566137 0.0629119 
0.213594 0.0117137 0.0502251 
0.419169 0.0704777 0.0965053 
0.679055 0.217227 0.15634 
0.892318 0.393027 0.196278 
0.965788 0.537801 0.22667 
0.87305 0.62161 0.289754 
0.671912 0.651535 0.42261 
0.464394 0.654637 0.626967 
0.326835 0.651393 0.865412 
0.265715 0.642049 1.08372 
0.233675 0.617 1.24245 
0.184858 0.577225 1.33412 
0.115034 0.539698 1.37353 
0.0540249 0.521203 1.37341 
0.0283003 0.520932 1.33295 
0.0361381 0.525132 1.25391 
0.0574775 0.532454 1.16893 
0.0839364 0.57459 1.14995 
0.137357 0.707305 1.27841 
0.256729 0.96963 1.58833 
0.45981 1.33547 2.0176 
0.70883 1.69542 2.40713 
0.913072 1.89567 2.56629 
0.976896 1.82353 2.38035 
0.863367 1.48664 1.89338 
0.624732 1.02425 1.3004 
0.374157 0.633981 0.841632 
0.220239 0.462883 0.668139 
0.213107 0.538569 0.771983 
0.335389 0.780036 1.02024 
0.532853 1.06583 1.2528 
0.754096 1.30463 1.36942 
0.971247 1.46733 1.36007 
1.17386 1.57454 1.28152 
1.34903 1.66019 1.21047 
1.4706 1.73995 1.2025 
1.51166 1.80556 1.275 
1.47086 1.84442 1.41696 
1.38367 1.86079 1.6098 
1.2994 1.87199 1.8347 
1.23922 1.87966 2.05728 
1.17524 1.8475 2.21092 
1.05484 1.71657 2.21083 
0.85088 1.45324 2.00317 
0.59325 1.08892 1.61357 
0.354251 0.71432 1.15012 
0.202101 0.429913 0.750373 
0.160258 0.289952 0.508262 
0.199189 0.278977 0.431276 
0.259188 0.331008 0.452717 
0.284608 0.372174 0.483163 
0.250043 0.358091 0.462865 
0.168407 0.287477 0.383896 
0.0803456 0.190894 0.276156 
0.0326073 0.107435 0.175448 
0.0590291 0.0670575 0.100491 
0.17553 0.0890146 0.0545605 
0.386633 0.190294 0.0440937 
0.687013 0.385414 0.0893737 
1.04646 0.666614 0.209301 
1.39174 0.979588 0.390863 
1.61649 1.22711 0.576465 
1.63114 1.31465 0.690576 
1.42159 1.20909 0.68812 
1.06486 0.960842 0.582324 
0.683626 0.668662 0.429201 
0.377021 0.419168 0.288287 
0.182078 0.250934 0.196338 
0.0846216 0.161956 0.167515 
0.0553215 0.139805 0.205821 
0.0802777 0.187399 0.316089 
0.173833 0.333042 0.513324 
0.368615 0.617882 0.824107 
0.676877 1.05231 1.25948 
1.03958 1.55812 1.76001 
1.31557 1.95516 2.16645 
1.35257 2.04298 2.28029 
1.10254 1.74141 1.99946 
0.676693 1.17017 1.41653 
0.274598 0.579281 0.773852 
0.0453607 0.180495 0.301177 
0.00796706 0.0275325 0.0783526 
0.0888443 0.0375617 0.0352156 
0.20982 0.100798 0.0579521 
0.327625 0.157042 0.080293 
0.411479 0.189356 0.0894548 
0.425084 0.1883 0.0857224 
0.353067 0.148618 0.0652584 
0.231437 0.0886414 0.0344628 
0.126929 0.0448512 0.0140099 
0.0795615 0.037123 0.0164189 
0.0747194 0.0499068 0.0297106 
0.0733417 0.0551044 0.0335163 
0.0567333 0.0449702 0.0255089 
0.0338374 0.0328335 0.0208771 
0.0165464 0.0278069 0.0277275 
0.00636181 0.0236819 0.0354705 
0.00628236 0.0149311 0.0315562 
0.0285893 0.0097801 0.0192232 
0.0791399 0.0175595 0.00989101 
0.142634 0.0320627 0.00571623 
0.198612 0.043385 0.00513321 
0.251001 0.0663517 0.0271171 
0.324238 0.138221 0.111579 
0.418656 0.271078 0.275711 
0.480739 0.410387 0.46855 
0.441396 0.461204 0.58587 
0.297262 0.372636 0.548886 
0.147088 0.198246 0.376021 
0.129479 0.0644465 0.175205 
0.309224 0.0701435 0.0609553 
0.616708 0.209863 0.0726611 
0.89552 0.386502 0.162825 
1.01169 0.491745 0.251664 
0.929992 0.477057 0.288217 
0.708233 0.364581 0.269814 
0.439949 0.212661 0.223973 
0.205372 0.0811877 0.186055 
0.0557739 0.0171677 0.189117 
0.0124097 0.0462372 0.254578 
0.0600643 0.157106 0.374277 
0.145107 0.293908 0.499794 
0.199222 0.379945 0.562542 
0.18283 0.366473 0.519595 
0.11152 0.266536 0.387038 
0.0377844 0.140975 0.227812 
0.00374739 0.0488498 0.103951 
0.00998044 0.00859956 0.0375665 
0.027343 0.00202762 0.0128719 
0.0340876 0.00810511 0.00818947 
0.0382271 0.0274661 0.0203179 
0.0658459 0.075608 0.0593625 
0.132359 0.158587 0.126896 
0.226617 0.259583 0.204678 
0.31949 0.348055 0.264629 
0.384233 0.39937 0.287411 
0.410072 0.406892 0.27208 
0.402301 0.380451 0.232175 
0.374522 0.337433 0.185871 
0.340588 0.294224 0.148073 
0.309362 0.260827 0.126259 
0.28288 0.238855 0.119235 
0.258649 0.223853 0.119663 
0.235508 0.211806 0.120855 
0.218449 0.205335 0.123711 
0.216614 0.212975 0.136713 
0.234236 0.240123 0.166815 
0.262557 0.279406 0.208788 
0.282082 0.311057 0.244431 
0.275423 0.315384 0.254642 
0.239928 0.287003 0.234024 
0.188782 0.237935 0.194181 
0.140497 0.187457 0.153189 
0.107254 0.14908 0.12255 
0.0910358 0.12535 0.103515 
0.0866785 0.11085 0.0921666 
0.0862181 0.0969567 0.0838129 
0.0833122 0.0758372 0.0727738 
0.0797341 0.0464593 0.0536384 
0.0900886 0.0209505 0.0280598 
0.135114 0.0216645 0.00905469 
0.222313 0.0640943 0.0122292 
0.330307 0.138547 0.0389272 
0.416901 0.211963 0.071073 
0.449221 0.253713 0.0882096 
0.428547 0.261495 0.0905589 
0.384422 0.259443 0.100757 
0.34369 0.269017 0.138744 
0.306544 0.28346 0.195594 
0.253255 0.273259 0.235436 
0.172339 0.216879 0.225081 
0.0802701 0.125539 0.162555 
0.0145047 0.0392474 0.0790858 
0.00818848 0.000291044 0.0166252 
0.0680471 0.0273931 0.00244064 
0.169188 0.106819 0.0374484 
0.266843 0.200899 0.0994778 
0.317893 0.266711 0.155512 
0.30256 0.277171 0.178352 
0.234759 0.235367 0.16199 
0.152968 0.172404 0.125766 
0.0962141 0.12769 0.101218 
0.0827703 0.124991 0.109888 
0.106853 0.162238 0.150275 
0.15114 0.220064 0.203798 
0.199228 0.276979 0.250846 
0.237664 0.316994 0.280395 
0.253144 0.328832 0.287897 
0.235704 0.305978 0.27062 
0.187297 0.251517 0.229267 
0.124374 0.180707 0.172595 
0.0683904 0.114303 0.115928 
0.0324834 0.0668304 0.0724527 
0.0166072 0.0405834 0.046027 
0.0129522 0.0293581 0.0323619 
0.0134676 0.0256867 0.0254187 
0.0133039 0.0244606 0.0213923 
0.0112332 0.0226972 0.0180289 
0.0091016 0.0188791 0.0132896 
0.00920638 0.012922 0.00675913 
0.0104303 0.0061139 0.00255052 
0.00863766 0.00168795 0.00997589 
0.00310119 0.00561754 0.0390267 
0.000391034 0.023542 0.0907384 
0.00728359 0.0524082 0.148465 
0.019795 0.0758103 0.181254 
0.0250083 0.0744007 0.164482 
0.0172536 0.0461012 0.103926 
0.00776835 0.0130053 0.0374108 
0.011616 0.00154661 0.0052015 
0.0266121 0.015003 0.0151098 
0.0337795 0.0311611 0.0391923 
0.0219947 0.0293626 0.0459486 
0.00489575 0.0138552 0.0312386 
0.00579777 0.00491471 0.0143012 
0.0291528 0.0115958 0.0095215 
0.0559931 0.0229292 0.0123228 
