0.171405 0.198851 0.335536 
0.345471 0.443304 0.670291 
0.507215 0.583156 0.794718 
0.431223 0.437098 0.570996 
0.201601 0.149835 0.19348 
0.0929139 0.0322158 0.00357183 
0.276099 0.251662 0.177702 
0.65211 0.68198 0.590587 
0.958179 1.03812 0.961243 
1.00359 1.12506 1.0977 
0.799059 0.955771 1.00047 
0.499181 0.676931 0.783612 
0.260272 0.42853 0.552938 
0.145699 0.268529 0.358327 
0.124801 0.183483 0.21212 
0.131388 0.135007 0.11323 
0.122637 0.0966688 0.0548499 
0.0949258 0.0626305 0.0264349 
0.0600809 0.0348474 0.0167494 
0.0336427 0.0212774 0.024409 
0.0701304 0.0681053 0.0843558 
0.292696 0.285243 0.285993 
0.823436 0.786594 0.725998 
1.62744 1.54957 1.39152 
2.43779 2.33618 2.08326 
2.90711 2.81491 2.50421 
2.89549 2.82074 2.48055 
2.61297 2.50512 2.11004 
2.4459 2.20594 1.67597 
2.61951 2.15373 1.40496 
3.02111 2.3013 1.30985 
3.33338 2.42123 1.25243 
3.31199 2.33379 1.11855 
2.93707 2.02865 0.907499 
2.35214 1.60781 0.678428 
1.72523 1.17539 0.468132 
1.18417 0.805428 0.290343 
0.830036 0.573674 0.187167 
0.735128 0.553914 0.228846 
0.88938 0.74974 0.436945 
1.16333 1.04402 0.721098 
1.36098 1.24874 0.91891 
1.34001 1.23056 0.916024 
1.10123 1.0033 0.735126 
0.776666 0.710734 0.51464 
0.53679 0.524673 0.405246 
0.494924 0.547203 0.478791 
0.666249 0.7793 0.713181 
0.981727 1.14815 1.0371 
1.3251 1.54771 1.37512 
1.57122 1.86537 1.65901 
1.62412 2.0028 1.82185 
1.45206 1.90508 1.80825 
1.10233 1.58764 1.60379 
0.680708 1.13566 1.25416 
0.305774 0.668638 0.849373 
0.0675285 0.292794 0.483028 
0.00707454 0.0688625 0.2169 
0.107905 0.000337607 0.0678005 
0.28891 0.0337852 0.0117904 
0.418976 0.0779309 0.00236893 
0.385351 0.0621922 0.012585 
0.201979 0.0252278 0.09702 
0.0717777 0.162905 0.42357 
0.307219 0.749245 1.20443 
1.11518 1.93084 2.52049 
2.39425 3.53339 4.15488 
3.72955 5.06656 5.60539 
4.62751 5.9796 6.33364 
4.81939 5.9959 6.09563 
4.3881 5.25909 5.08989 
3.63327 4.17885 3.79642 
2.83099 3.1334 2.65125 
2.11258 2.29221 1.83414 
1.51879 1.66053 1.30386 
1.09135 1.2153 0.965903 
0.872648 0.962315 0.778652 
0.853315 0.904407 0.744861 
0.987993 1.0286 0.878047 
1.27934 1.34482 1.20043 
1.79202 1.88031 1.71714 
2.52386 2.57232 2.32754 
3.26721 3.17456 2.77275 
3.66066 3.34555 2.75309 
3.43875 2.90048 2.17125 
2.65323 1.99246 1.26609 
1.6466 1.02382 0.464378 
0.803821 0.355165 0.0614228 
0.313699 0.0795882 0.0276562 
0.126583 0.0455195 0.111033 
0.0846967 0.0564002 0.107628 
0.0658601 0.0331563 0.0295706 
0.0320296 0.0165131 0.0390356 
0.00356215 0.0686169 0.257807 
0.0296592 0.202905 0.650153 
0.171371 0.390237 1.06072 
0.46283 0.589349 1.3308 
0.850018 0.748957 1.37846 
1.17387 0.800367 1.20799 
1.25527 0.689053 0.88832 
1.0365 0.437059 0.532551 
0.651265 0.164724 0.265472 
0.343048 0.0243576 0.1665 
0.291603 0.0912261 0.221227 
0.492378 0.308885 0.332654 
0.778479 0.535431 0.39472 
0.94809 0.64425 0.369005 
0.890019 0.596422 0.302993 
0.630999 0.444142 0.284313 
0.301274 0.284469 0.375445 
0.0581296 0.203289 0.573441 
0.00771203 0.233931 0.807172 
0.153571 0.339648 0.963107 
0.395783 0.430536 0.933085 
0.594565 0.423925 0.681296 
0.674532 0.326792 0.306535 
0.693292 0.27195 0.0406879 
0.793912 0.43916 0.131318 
1.05282 0.884873 0.646799 
1.3609 1.42764 1.35816 
1.48472 1.73868 1.8485 
1.28532 1.60561 1.81501 
0.881583 1.13382 1.31534 
0.568295 0.670319 0.718668 
0.549382 0.504074 0.393757 
0.754149 0.632632 0.427224 
0.922356 0.816185 0.625543 
0.858985 0.836703 0.753957 
0.595327 0.684599 0.743227 
0.31953 0.510068 0.679801 
0.186301 0.438742 0.651416 
0.205066 0.46073 0.645489 
0.281005 0.477226 0.588674 
0.323853 0.414968 0.445776 
0.310587 0.283888 0.259295 
0.271973 0.147472 0.105621 
0.24758 0.062523 0.0316967 
0.25647 0.0467686 0.0326479 
0.293925 0.0844155 0.0737348 
0.340841 0.146695 0.12268 
0.374159 0.206863 0.164544 
0.376333 0.246136 0.196901 
0.343932 0.256278 0.219681 
0.290441 0.241174 0.232019 
0.237564 0.214101 0.236287 
0.200048 0.19047 0.242355 
0.17997 0.18384 0.268749 
0.17791 0.209877 0.340802 
0.204389 0.286867 0.4807 
0.268594 0.417343 0.683433 
0.351622 0.5613 0.891827 
0.40347 0.639628 1.00527 
0.385464 0.588461 0.940058 
0.321192 0.424916 0.70305 
0.292463 0.252689 0.406306 
0.368303 0.185434 0.193341 
0.53283 0.253261 0.135956 
0.688129 0.38255 0.195882 
0.733021 0.467068 0.281563 
0.641704 0.457054 0.334585 
0.47182 0.382333 0.35854 
0.306357 0.301015 0.375213 
0.192056 0.238621 0.3731 
0.125149 0.179203 0.313314 
0.0813222 0.10648 0.185946 
0.0515124 0.0430986 0.0506494 
0.0519417 0.0447971 0.0101238 
0.105011 0.153582 0.132445 
0.210048 0.351603 0.387972 
0.329334 0.556936 0.655659 
0.404529 0.669813 0.797967 
0.394996 0.638276 0.751244 
0.307703 0.493869 0.566864 
0.19121 0.327443 0.373062 
0.0975365 0.221979 0.284261 
0.0465358 0.195884 0.323665 
0.0241273 0.201787 0.415269 
0.0111198 0.177723 0.448049 
0.0113598 0.104813 0.361031 
0.054373 0.0263966 0.187565 
0.174842 0.0202818 0.0338352 
0.386965 0.148704 0.0131057 
0.667094 0.416336 0.177966 
0.95048 0.755608 0.485519 
1.1477 1.04776 0.812307 
1.18193 1.17583 1.01456 
1.03112 1.08594 1.00465 
0.746233 0.818981 0.798474 
0.428099 0.488099 0.501188 
0.176362 0.215013 0.240479 
0.0438155 0.0680042 0.0942165 
0.0218516 0.0397744 0.0601932 
0.0591513 0.0714798 0.080373 
0.0972408 0.0991944 0.0929703 
0.101584 0.0908213 0.072527 
0.0725173 0.0541248 0.0346424 
0.0332598 0.0179103 0.0107829 
0.00740932 0.00527195 0.0183485 
0.00485445 0.0201256 0.0499592 
0.0251576 0.0542985 0.0869074 
0.0692677 0.103397 0.120796 
0.142583 0.172608 0.161654 
0.243767 0.265488 0.224749 
0.352217 0.368245 0.309274 
0.431727 0.448808 0.390658 
0.451991 0.475653 0.435264 
0.40963 0.439993 0.423974 
0.329279 0.360545 0.36297 
0.245246 0.268379 0.275038 
0.182403 0.189029 0.184596 
0.151051 0.136977 0.110765 
0.152786 0.119952 0.0678306 
0.186179 0.142231 0.0651997 
0.247966 0.204299 0.106755 
0.331723 0.302585 0.193542 
0.424935 0.428081 0.324398 
0.507164 0.561557 0.486507 
0.557611 0.673666 0.645245 
0.572581 0.739412 0.754062 
0.573092 0.75567 0.78322 
0.583536 0.737144 0.736614 
0.598432 0.691104 0.637031 
0.580599 0.605557 0.5025 
0.502206 0.472515 0.346698 
0.382339 0.316838 0.195559 
0.273173 0.186677 0.0838205 
0.211419 0.112793 0.0273351 
0.194602 0.0888502 0.0108342 
0.202618 0.0946945 0.0128755 
0.22359 0.123382 0.0332779 
0.249088 0.173111 0.0825029 
0.260517 0.224865 0.150556 
0.242355 0.250465 0.20592 
0.207925 0.245573 0.229693 
0.192983 0.237391 0.235172 
0.215039 0.249784 0.243504 
0.249405 0.271092 0.250979 
0.254904 0.268143 0.234881 
0.217471 0.226865 0.187791 
0.159726 0.167113 0.131227 
0.112083 0.118505 0.0924941 
0.0855396 0.093255 0.0791805 
0.0731533 0.0856915 0.0815659 
0.066529 0.0872006 0.0897322 
0.0628863 0.0917962 0.0975489 
0.0603098 0.0912812 0.0948985 
0.0545643 0.0763 0.0707718 
0.0428188 0.0466038 0.0303658 
0.0273395 0.0157599 0.00160784 
0.0136297 0.000801465 0.0145556 
0.00595136 0.00698615 0.07161 
