1.23053 1.27623 0.982252 
1.38781 1.35321 0.992433 
1.38488 1.27707 0.897675 
1.20364 1.04942 0.714696 
0.889204 0.724214 0.49381 
0.537417 0.389087 0.297295 
0.260406 0.131836 0.171206 
0.146268 0.00891009 0.126708 
0.230271 0.0300303 0.140863 
0.486967 0.16279 0.174565 
0.841925 0.350369 0.19517 
1.19495 0.531064 0.18987 
1.44618 0.651866 0.163586 
1.52029 0.675916 0.126636 
1.38742 0.589015 0.0846213 
1.07899 0.409224 0.0407467 
0.693346 0.196858 0.0105047 
0.383363 0.0552841 0.0371007 
0.321354 0.112174 0.191567 
0.645361 0.478862 0.548382 
1.40268 1.19899 1.14267 
2.51363 2.2087 1.92973 
3.77558 3.33155 2.77232 
4.91299 4.31894 3.47056 
5.65946 4.92644 3.82877 
5.84199 4.99725 3.73234 
5.43424 4.51798 3.19907 
4.55792 3.62201 2.37899 
3.43338 2.53904 1.49993 
2.30191 1.51304 0.782562 
1.35239 0.724219 0.362731 
0.679412 0.24574 0.25466 
0.282724 0.0473043 0.367306 
0.0985868 0.0352374 0.560346 
0.0423394 0.104334 0.709231 
0.0423569 0.176933 0.7488 
0.0557614 0.216882 0.680323 
0.0680119 0.221675 0.547532 
0.0848919 0.205783 0.401543 
0.124319 0.187887 0.275725 
0.209974 0.186913 0.181028 
0.364332 0.223069 0.117901 
0.598739 0.316506 0.091434 
0.902026 0.479326 0.116591 
1.23332 0.703429 0.208902 
1.52549 0.9522 0.366964 
1.70191 1.16427 0.559718 
1.7027 1.27212 0.729808 
1.51058 1.22971 0.81507 
1.16428 1.03644 0.778403 
0.750601 0.743481 0.629038 
0.37469 0.435756 0.420881 
0.119096 0.195403 0.226169 
0.0102311 0.0647925 0.0985277 
0.0108552 0.0308404 0.0484916 
0.0460911 0.0426271 0.0489017 
0.0519396 0.0545872 0.0686171 
0.0193793 0.068863 0.111882 
0.005247 0.146241 0.232585 
0.0979274 0.371521 0.505949 
0.35394 0.788708 0.968923 
0.743621 1.34561 1.56631 
1.14394 1.88833 2.14318 
1.39067 2.21931 2.49966 
1.36492 2.19332 2.48507 
1.06418 1.79817 2.08 
0.613606 1.17171 1.41743 
0.207206 0.541788 0.727099 
0.0107836 0.120505 0.231796 
0.0812866 0.0102183 0.0511827 
0.346644 0.17 0.162291 
0.653381 0.454701 0.431364 
0.850358 0.697979 0.691935 
0.859924 0.790621 0.823075 
0.700796 0.715558 0.789534 
0.458892 0.531122 0.632914 
0.231489 0.323283 0.430781 
0.0796638 0.159211 0.252754 
0.0120412 0.0653681 0.135758 
0.000459434 0.033686 0.0837698 
0.0105912 0.0430642 0.0827719 
0.0265724 0.0789272 0.116982 
0.0571772 0.140082 0.177056 
0.124119 0.232632 0.259049 
0.242488 0.358171 0.35863 
0.405415 0.504831 0.466092 
0.58081 0.646288 0.565334 
0.721228 0.748866 0.636909 
0.781923 0.783077 0.663285 
0.739109 0.734627 0.634158 
0.600767 0.610619 0.550214 
0.405476 0.438711 0.424442 
0.209363 0.259292 0.280351 
0.0657869 0.112883 0.146769 
0.00535466 0.0266768 0.0497588 
0.0243453 0.00513121 0.00397093 
0.0871586 0.0291968 0.0074471 
0.143248 0.0661714 0.0437091 
0.152443 0.0873155 0.0917282 
0.107219 0.0850725 0.139071 
0.0396789 0.0795621 0.189777 
0.00699538 0.108002 0.260086 
0.0602624 0.200328 0.362659 
0.212512 0.354349 0.48897 
0.424722 0.526963 0.603383 
0.620271 0.650307 0.656525 
0.722005 0.666372 0.61268 
0.691619 0.560452 0.474581 
0.54847 0.372305 0.288181 
0.356799 0.176663 0.121633 
0.189713 0.043877 0.029705 
0.0922162 0.00438948 0.0253181 
0.064902 0.0381582 0.0760795 
0.0753099 0.0938504 0.127694 
0.0858397 0.12369 0.138924 
0.0779727 0.111091 0.105969 
0.0579072 0.07493 0.0620012 
0.0436035 0.0509798 0.054121 
0.0463153 0.0655566 0.113715 
0.0618727 0.119484 0.238486 
0.0777496 0.191188 0.395069 
0.0890413 0.253885 0.537685 
0.10961 0.293272 0.629717 
0.168417 0.313818 0.656104 
0.292091 0.331222 0.622454 
0.48491 0.358268 0.545507 
0.719534 0.394816 0.443305 
0.945087 0.42842 0.330894 
1.10836 0.444053 0.221754 
1.17626 0.435383 0.130713 
1.14746 0.409686 0.0737675 
1.04838 0.383416 0.0633875 
0.917318 0.371754 0.10197 
0.786738 0.379148 0.178022 
0.672695 0.396676 0.268358 
0.575127 0.407431 0.345993 
0.485912 0.396126 0.389984 
0.398128 0.356982 0.392306 
0.310942 0.29565 0.35861 
0.228737 0.224986 0.303163 
0.157059 0.158102 0.24128 
0.0992693 0.103108 0.183387 
0.0561024 0.0620745 0.133272 
0.0274313 0.0336318 0.0903434 
0.013876 0.0164765 0.0535794 
0.0164319 0.0111391 0.0244307 
0.0343366 0.019143 0.00718603 
0.0630735 0.0407032 0.00705566 
0.0944331 0.0729328 0.0273982 
0.119025 0.10985 0.0675898 
0.129848 0.144071 0.122341 
0.124803 0.169036 0.182471 
0.106821 0.180571 0.236736 
0.0817975 0.177288 0.274228 
0.0557962 0.160156 0.286918 
0.033096 0.131905 0.271811 
0.0159171 0.0966758 0.232024 
0.00551732 0.0598443 0.176221 
0.00362992 0.0276404 0.116319 
0.0131698 0.00628045 0.0641283 
0.0376422 0.000673276 0.0281914 
0.0793908 0.0130809 0.0119994 
0.137376 0.0421743 0.0140638 
0.20544 0.0827688 0.0293668 
0.271991 0.126366 0.0511949 
0.321779 0.162607 0.0726103 
0.33991 0.181741 0.0875501 
0.31736 0.177928 0.0920252 
0.256229 0.152456 0.0855827 
0.172209 0.115246 0.0723055 
0.0920325 0.0829239 0.0600695 
0.045405 0.0730556 0.057398 
0.053732 0.0963592 0.0689352 
0.120342 0.15062 0.0921102 
0.227268 0.220024 0.117533 
0.341108 0.281199 0.133642 
0.426064 0.313544 0.133314 
0.458317 0.308727 0.118537 
0.434922 0.274357 0.100192 
0.373067 0.229944 0.0928995 
0.300516 0.197345 0.107772 
0.242357 0.1906 0.146857 
0.210643 0.209987 0.201723 
0.201484 0.242631 0.256305 
0.200131 0.268881 0.292437 
0.19074 0.271389 0.296182 
0.165592 0.243049 0.263272 
0.129162 0.190497 0.202017 
0.0951104 0.131437 0.1319 
0.0778889 0.0865029 0.0769506 
0.0836531 0.0691448 0.0554916 
0.105924 0.0787341 0.0708954 
0.129157 0.101254 0.109046 
0.138678 0.117978 0.145365 
0.130996 0.117405 0.158443 
0.117303 0.10283 0.14236 
0.116724 0.0899543 0.10963 
0.142647 0.0953466 0.0823477 
0.190943 0.123185 0.0770817 
0.238745 0.159734 0.0936051 
0.256153 0.180347 0.115261 
0.224539 0.165351 0.120902 
0.150106 0.114768 0.100484 
0.0637646 0.0521255 0.0640278 
0.00682889 0.0145081 0.0382833 
0.0108126 0.0346584 0.0534988 
0.0828897 0.12553 0.128535 
0.204436 0.275393 0.262577 
0.34183 0.454673 0.436691 
0.462051 0.629102 0.622486 
0.54453 0.771664 0.792144 
0.58474 0.868383 0.925161 
0.590504 0.917627 1.01043 
0.575157 0.92572 1.04501 
0.551338 0.901979 1.03167 
0.527034 0.854918 0.976534 
0.50384 0.790044 0.887124 
0.477249 0.709361 0.771252 
0.439184 0.612807 0.636855 
0.382558 0.501319 0.492837 
0.306307 0.380106 0.350056 
0.21814 0.25995 0.221076 
0.132898 0.15505 0.117862 
0.0667741 0.0779719 0.0480652 
0.0302815 0.0343608 0.0119138 
0.0238549 0.0205016 0.00182495 
0.03839 0.0252429 0.00541944 
0.060109 0.0352221 0.0106466 
0.0768024 0.0405375 0.0105089 
0.0822227 0.0380807 0.00520069 
0.0770056 0.0313661 0.000947198 
0.0665936 0.0275866 0.00639297 
0.0578341 0.0336267 0.0282013 
0.0558424 0.0526562 0.0674682 
0.0619879 0.0822813 0.118094 
0.0733096 0.114707 0.167786 
0.083523 0.139047 0.201801 
0.0856044 0.145421 0.208633 
0.0752815 0.129534 0.185603 
0.0538459 0.095595 0.141508 
0.0283997 0.0554789 0.0941293 
0.00868276 0.0236904 0.0627142 
0.00174798 0.0102181 0.0586127 
0.0075933 0.0152263 0.0790753 
0.0188648 0.0290946 0.108216 
0.025446 0.0383725 0.125381 
0.021399 0.0343857 0.116659 
0.00963628 0.0190802 0.0829629 
0.000641841 0.00396848 0.0396603 
0.00531397 0.0022992 0.00764557 
0.0262773 0.0192153 0.000976633 
