2.03436 2.33838 
1.29866 1.51836 
0.761794 0.832412 
0.591737 0.503681 
0.718399 0.49999 
0.945968 0.652475 
1.07554 0.778662 
0.9903 0.755171 
0.701484 0.559034 
0.33872 0.277048 
0.0716391 0.0561291 
0.00513776 0.00902762 
0.126843 0.145327 
0.340071 0.380559 
0.538089 0.602484 
0.65558 0.73268 
0.677485 0.748016 
0.62418 0.669352 
0.529502 0.537059 
0.417558 0.386943 
0.292538 0.239582 
0.156897 0.111198 
0.0437818 0.0327992 
0.0220927 0.0496407 
0.152409 0.191175 
0.425442 0.435435 
0.741461 0.701524 
0.958796 0.881835 
0.982036 0.897632 
0.826003 0.746519 
0.605603 0.509634 
0.455879 0.30573 
0.443256 0.218841 
0.537217 0.254204 
0.65563 0.35431 
0.729712 0.449947 
0.729962 0.496329 
0.652626 0.478304 
0.508332 0.407352 
0.329583 0.322865 
0.169767 0.279617 
0.0743845 0.312838 
0.0510888 0.411901 
0.0751733 0.536051 
0.124556 0.65741 
0.205496 0.784006 
0.347592 0.94242 
0.578106 1.14303 
0.891174 1.35658 
1.22546 1.51373 
1.47608 1.53554 
1.55804 1.39468 
1.48037 1.16537 
1.34841 0.993095 
1.27036 0.978855 
1.26017 1.08251 
1.25112 1.15967 
1.211 1.11005 
1.22416 0.982921 
1.43441 0.925191 
1.89029 1.02545 
2.43348 1.20863 
2.73714 1.27625 
2.49762 1.06194 
1.68419 0.598067 
0.676007 0.175724 
0.116372 0.209483 
0.485182 0.930941 
1.67575 2.11792 
2.97442 3.13688 
3.55238 3.35987 
3.08973 2.64688 
1.97747 1.45711 
0.926018 0.469647 
0.376489 0.0618334 
0.261533 0.112835 
0.257134 0.250146 
0.177238 0.231667 
0.102122 0.0954185 
0.188587 0.0116345 
0.439014 0.0634051 
0.680271 0.180922 
0.733275 0.242687 
0.56977 0.199008 
0.311481 0.0981648 
0.10659 0.0197265 
0.0200144 0.000624467 
0.0263253 0.0222514 
0.0769319 0.0524134 
0.149463 0.0824477 
0.232216 0.119331 
0.291694 0.162118 
0.299063 0.221546 
0.305848 0.375474 
0.461334 0.765923 
0.89787 1.47383 
1.5678 2.36211 
2.21098 3.07415 
2.52144 3.25358 
2.37019 2.81176 
1.87529 1.98964 
1.27457 1.15828 
0.755462 0.562063 
0.402222 0.237791 
0.252103 0.124294 
0.334271 0.184779 
0.630258 0.407576 
1.02783 0.734595 
1.35782 1.04594 
1.49608 1.23128 
1.43149 1.26111 
1.24224 1.18224 
1.01875 1.05822 
0.807712 0.922689 
0.61102 0.77458 
0.424651 0.599245 
0.283196 0.39781 
0.273169 0.213952 
0.48745 0.132504 
0.93639 0.227026 
1.48992 0.48603 
1.92569 0.793709 
2.068 1.00226 
1.90361 1.03579 
1.57063 0.927191 
1.23608 0.761995 
0.979767 0.600461 
0.77965 0.45595 
0.585049 0.329186 
0.387971 0.237536 
0.225881 0.200067 
0.128528 0.201627 
0.0772622 0.187988 
0.032805 0.115591 
0.014478 0.0214411 
0.137442 0.0365769 
0.521807 0.288396 
1.11553 0.741086 
1.61721 1.13392 
1.65584 1.14748 
1.13548 0.712805 
0.416831 0.168912 
0.0892956 0.0442642 
0.478333 0.596671 
1.33953 1.53753 
2.04836 2.23517 
2.11594 2.22888 
1.55043 1.5763 
0.766267 0.737982 
0.197714 0.165398 
0.00627477 0.000359925 
0.0882623 0.101459 
0.264078 0.263938 
0.421585 0.378593 
0.528645 0.433982 
0.586618 0.448973 
0.603539 0.436243 
0.590138 0.404776 
0.554215 0.363823 
0.496147 0.318654 
0.417393 0.271241 
0.330508 0.22462 
0.253385 0.180478 
0.195265 0.135562 
0.154033 0.0887822 
0.124619 0.0509241 
0.103244 0.0387503 
0.0854593 0.0573113 
0.0683842 0.0932674 
0.0550692 0.125771 
0.0485165 0.137709 
0.0411324 0.11842 
0.0221607 0.0701385 
0.00195075 0.0206156 
0.0167505 0.0172327 
0.0929609 0.0886919 
0.206579 0.207893 
0.291609 0.304109 
0.296584 0.321014 
0.22991 0.262492 
0.148169 0.182278 
0.105007 0.135247 
0.111948 0.139362 
0.138964 0.172825 
0.144559 0.196245 
0.109675 0.180615 
0.052296 0.126322 
0.0108846 0.0610619 
0.00871509 0.0163255 
0.0334732 0.00332092 
0.0541969 0.0114265 
0.0548489 0.0252127 
0.0443601 0.0357487 
0.0361409 0.0375895 
0.0300046 0.0270502 
0.0198243 0.00988239 
0.00961885 0.00269925 
0.0116884 0.017494 
0.0311524 0.0471598 
0.0591132 0.0723974 
0.0789043 0.0795097 
0.0749317 0.0660055 
0.0439408 0.0372986 
0.00976518 0.0121128 
0.0188162 0.0251738 
0.0966558 0.0993172 
0.203145 0.205058 
0.254591 0.269429 
0.208519 0.246153 
0.111748 0.167183 
0.0463371 0.105838 
0.0435229 0.0982685 
0.0739403 0.122308 
0.102662 0.141654 
0.115617 0.139408 
0.10885 0.116694 
0.107836 0.0982398 
0.183772 0.129014 
0.359735 0.20487 
0.491319 0.220794 
0.383247 0.108164 
0.109672 0.0535591 
0.0455022 0.383385 
0.363231 1.05093 
0.644048 1.42655 
0.399027 0.986679 
0.0148686 0.193385 
0.611543 0.150476 
2.51174 1.09961 
4.27994 1.81887 
4.09972 1.21257 
2.08756 0.131051 
0.303545 0.443943 
0.0788915 2.10695 
0.394022 2.6524 
0.064988 0.924341 
0.830484 0.278436 
6.13381 5.52208 
15.9404 15.9015 
24.3867 23.402 
24.683 20.5424 
16.3581 9.45325 
6.04097 0.722678 
0.548164 2.26895 
0.532866 11.0409 
1.80409 17.1492 
1.43751 14.9001 
0.496217 7.58667 
0.952411 1.8609 
2.29219 0.241552 
2.52575 0.522429 
