0.0790685 0.370176 
0.0304157 0.2412 
0.0107207 0.150167 
0.0641991 0.144367 
0.239593 0.268196 
0.563559 0.540418 
1.01578 0.935195 
1.51995 1.37796 
1.95943 1.76223 
2.21527 1.984 
2.21181 1.98052 
1.94924 1.75579 
1.50607 1.37932 
1.00865 0.957476 
0.581153 0.590573 
0.299809 0.336642 
0.172652 0.198916 
0.151904 0.140527 
0.16888 0.114698 
0.170542 0.0913293 
0.138969 0.0656614 
0.0874869 0.0480094 
0.0416098 0.0461268 
0.0200174 0.0550503 
0.0271702 0.0616541 
0.0586446 0.0587922 
0.111027 0.0561825 
0.186454 0.0777211 
0.287898 0.145519 
0.409683 0.261498 
0.532011 0.399999 
0.625419 0.51763 
0.663781 0.574968 
0.63807 0.556832 
0.562249 0.479086 
0.467551 0.378793 
0.388412 0.294658 
0.347862 0.249506 
0.349764 0.243661 
0.380833 0.26058 
0.420107 0.279293 
0.450457 0.286042 
0.466858 0.28011 
0.478654 0.273112 
0.505935 0.284077 
0.572183 0.333019 
0.696016 0.434668 
0.884625 0.593211 
1.13065 0.79905 
1.41304 1.0289 
1.70115 1.24992 
1.96013 1.42699 
2.15595 1.53041 
2.2593 1.54156 
2.24907 1.45533 
2.1165 1.28021 
1.86971 1.03743 
1.53627 0.759177 
1.16041 0.484673 
0.793496 0.2527 
0.480392 0.0919556 
0.247877 0.013155 
0.100907 0.00738084 
0.0282564 0.0521328 
0.013115 0.121782 
0.0413273 0.196329 
0.102363 0.263866 
0.184178 0.317023 
0.268148 0.348119 
0.330237 0.348219 
0.349463 0.31156 
0.318552 0.24185 
0.249281 0.154913 
0.168234 0.0745276 
0.104955 0.0231024 
0.0791921 0.01236 
0.0938853 0.0390541 
0.136513 0.0874632 
0.186585 0.136667 
0.224595 0.168731 
0.238423 0.174403 
0.225519 0.154707 
0.191384 0.118584 
0.145953 0.0780559 
0.0997605 0.0431388 
0.0614032 0.0188386 
0.0369764 0.0054669 
0.0307938 0.00150822 
0.0456886 0.0064754 
0.0815408 0.0212096 
0.132582 0.0452869 
0.186066 0.0739823 
0.22499 0.0981383 
0.2349 0.108156 
0.211228 0.0997222 
0.162173 0.0769387 
0.104568 0.0501497 
0.0551092 0.0298598 
0.0226789 0.0211967 
0.00660021 0.0227817 
0.000992538 0.0301288 
0.000935028 0.0401445 
0.00553268 0.0530264 
0.0164648 0.0708359 
0.0347764 0.095216 
0.0596775 0.126994 
0.0902296 0.167626 
0.127125 0.219611 
0.171216 0.283419 
0.218921 0.352208 
0.258809 0.409245 
0.274251 0.432472 
0.252507 0.405576 
0.194643 0.328995 
0.118415 0.222791 
0.0505205 0.118164 
0.0124134 0.0422662 
0.00904502 0.00588841 
0.0281074 0.0014551 
0.0497724 0.0114307 
0.0595018 0.0202387 
0.054968 0.0215034 
0.0433987 0.0172349 
0.0331788 0.0121178 
0.0272606 0.00896152 
0.0232307 0.0087523 
0.0185719 0.0135558 
0.015267 0.0276552 
0.018992 0.0542953 
0.0334366 0.0902715 
0.0549917 0.12374 
0.0730572 0.138877 
0.0765638 0.125514 
0.0619398 0.0871267 
0.03623 0.0407492 
0.0126766 0.00777707 
0.00192229 0.00132874 
0.00538495 0.0186535 
0.0156454 0.0437959 
0.0232704 0.0586333 
0.0246415 0.0546765 
0.0247602 0.0377366 
0.032971 0.0227498 
0.0549366 0.0228405 
0.0869314 0.0402989 
0.116719 0.0653156 
0.130483 0.0827349 
0.121102 0.0818512 
0.0923693 0.0627987 
0.0567364 0.035909 
0.0284245 0.015156 
0.0163672 0.0102275 
0.0209305 0.0219285 
0.0355343 0.0429653 
0.0513018 0.0627608 
0.0615739 0.0729543 
0.0639892 0.0705674 
0.0598799 0.0578305 
0.0524138 0.0398276 
0.0451886 0.0220251 
0.0418974 0.00901519 
0.0462803 0.00425932 
0.0611198 0.00966889 
0.0860597 0.0244024 
0.115758 0.0438121 
0.140694 0.0604247 
0.151595 0.0678186 
0.145505 0.0656106 
0.129218 0.0616983 
0.116598 0.0687905 
0.120376 0.0962488 
0.143608 0.142543 
0.177191 0.194352 
0.205923 0.234064 
0.21915 0.250997 
0.218075 0.248193 
0.214043 0.2395 
0.219046 0.238975 
0.235917 0.250571 
0.255829 0.265772 
0.264776 0.270421 
0.253547 0.254944 
0.223412 0.220145 
0.18387 0.175168 
0.145426 0.130618 
0.113697 0.0929117 
0.0887339 0.0633982 
0.0683563 0.0410471 
0.0513781 0.0249723 
0.0381054 0.0146719 
0.028996 0.00904651 
0.0239685 0.00640932 
0.0231797 0.00589991 
0.0276234 0.00843839 
0.0378173 0.0154894 
0.0513712 0.0264146 
0.0623492 0.0372119 
0.0642491 0.0425206 
0.0548646 0.039667 
0.0389289 0.0313936 
0.0259336 0.0248947 
0.0245294 0.0277816 
0.0375431 0.0436827 
0.0606054 0.0698455 
0.0843183 0.0975409 
0.0981335 0.115131 
0.0946419 0.11331 
0.0736168 0.0908584 
0.0440539 0.0573523 
0.0214881 0.0296726 
0.0206448 0.0238739 
0.049506 0.049993 
0.113179 0.116887 
0.227687 0.243495 
0.428621 0.459939 
0.753449 0.782751 
1.19346 1.17108 
1.64609 1.50086 
1.92055 1.60035 
1.82824 1.35353 
1.32518 0.815424 
0.611392 0.246422 
0.0910092 0.0072543 
0.17812 0.352572 
1.04857 1.25153 
2.49886 2.36851 
4.01999 3.23624 
5.0542 3.51573 
5.2761 3.17018 
4.72498 2.44272 
3.7233 1.67311 
2.66281 1.0993 
1.81188 0.778217 
1.24992 0.64429 
0.922059 0.613057 
0.730051 0.627756 
0.588156 0.635436 
0.439663 0.566532 
0.270847 0.382661 
0.134472 0.159803 
0.145091 0.0967709 
0.406565 0.382277 
0.899309 0.997872 
1.42557 1.64035 
1.69619 1.88713 
1.52754 1.52155 
0.99764 0.758076 
0.411314 0.141856 
0.0736515 0.151645 
0.0518063 0.806076 
0.145185 1.61251 
