0.629673 0.492667 
0.694851 0.582301 
0.785063 0.679198 
0.929893 0.810787 
1.1165 0.97957 
1.27693 1.14306 
1.31464 1.2232 
1.16336 1.14877 
0.840629 0.906481 
0.45286 0.562716 
0.142213 0.235798 
0.0107094 0.035654 
0.0744571 0.0120962 
0.273428 0.142709 
0.517906 0.358871 
0.732421 0.584645 
0.874155 0.765119 
0.930862 0.877291 
0.913831 0.927438 
0.851452 0.938674 
0.778458 0.931567 
0.71957 0.906643 
0.676994 0.842491 
0.632792 0.715122 
0.56555 0.525806 
0.468164 0.313182 
0.35312 0.135528 
0.243244 0.0342856 
0.157828 0.0078969 
0.105741 0.0183323 
0.0889863 0.0262269 
0.110664 0.0270811 
0.178561 0.0603446 
0.300525 0.184856 
0.475126 0.438947 
0.684922 0.811954 
0.897898 1.24245 
1.07752 1.63996 
1.19664 1.91603 
1.24756 2.01117 
1.24161 1.91005 
1.19682 1.64231 
1.12144 1.26989 
1.00646 0.86695 
0.836095 0.501772 
0.610925 0.227414 
0.3645 0.0792787 
0.155737 0.0716116 
0.037591 0.189233 
0.0236301 0.381678 
0.0783999 0.57202 
0.139906 0.683904 
0.157893 0.674294 
0.120952 0.551551 
0.0563924 0.367066 
0.00790187 0.186773 
0.00940891 0.0611292 
0.070888 0.00970825 
0.179477 0.0237744 
0.308967 0.0788218 
0.429084 0.146697 
0.51097 0.202326 
0.531015 0.226615 
0.477004 0.209556 
0.357085 0.154998 
0.205404 0.0835562 
0.074572 0.027435 
0.0113691 0.0149159 
0.0277641 0.0522738 
0.0906984 0.118069 
0.144899 0.178392 
0.154703 0.212931 
0.129458 0.228461 
0.108619 0.24595 
0.120777 0.274045 
0.157021 0.297215 
0.183659 0.291816 
0.178043 0.25281 
0.149144 0.202047 
0.124333 0.169344 
0.120308 0.166148 
0.128725 0.176925 
0.127219 0.173575 
0.101578 0.138099 
0.0597694 0.0768467 
0.0298242 0.0194645 
0.0441045 0.00366234 
0.117665 0.0522908 
0.233305 0.156436 
0.347173 0.279876 
0.41622 0.385209 
0.427648 0.459372 
0.404047 0.513127 
0.379074 0.555312 
0.367102 0.571212 
0.354887 0.53088 
0.319351 0.420312 
0.251391 0.263755 
0.165368 0.115852 
0.0912498 0.0319766 
0.0585692 0.040406 
0.0807014 0.13108 
0.144974 0.261198 
0.21515 0.373191 
0.250047 0.420214 
0.229938 0.388908 
0.17191 0.304975 
0.120872 0.215928 
0.121807 0.162839 
0.192442 0.160582 
0.312502 0.196059 
0.432912 0.239225 
0.498577 0.257724 
0.474827 0.231069 
0.36594 0.162047 
0.214904 0.0789179 
0.0818185 0.022356 
0.0124705 0.0219374 
0.0168909 0.0782203 
0.0708563 0.164253 
0.136411 0.244888 
0.185317 0.29849 
0.210879 0.325901 
0.2247 0.343504 
0.245033 0.36896 
0.286092 0.410831 
0.353639 0.467379 
0.445872 0.531706 
0.554976 0.596224 
0.66627 0.652167 
0.757026 0.686494 
0.800336 0.682734 
0.77598 0.62895 
0.682503 0.527748 
0.540821 0.398966 
0.385131 0.27106 
0.247268 0.16751 
0.145565 0.0987256 
0.083801 0.0636517 
0.056527 0.0557814 
0.0537876 0.066368 
0.0630881 0.084246 
0.071685 0.0972937 
0.0710324 0.0977341 
0.0602127 0.0864761 
0.0443066 0.0707639 
0.0288767 0.0567102 
0.0161968 0.0445904 
0.00642999 0.0316047 
0.000709303 0.0178514 
0.00121951 0.00775469 
0.00807509 0.00528537 
0.0175195 0.00901313 
0.0245516 0.0129716 
0.0276739 0.0123915 
0.0309596 0.00833181 
0.0415287 0.00713056 
0.0646957 0.0157932 
0.100209 0.0371292 
0.141408 0.067529 
0.177393 0.0982511 
0.197191 0.119392 
0.194087 0.124319 
0.168066 0.112047 
0.125567 0.0867466 
0.0773091 0.0558209 
0.035154 0.0279685 
0.00838526 0.0109203 
0.000201775 0.0081913 
0.00638624 0.0164376 
0.0176182 0.0264249 
0.0244992 0.0284024 
0.0227633 0.0189151 
0.0166224 0.0047447 
0.0185708 0.00118748 
0.0435183 0.0242261 
0.0975119 0.0792337 
0.168027 0.153059 
0.22645 0.217597 
0.245216 0.245797 
0.217064 0.229102 
0.159156 0.181645 
0.0986485 0.127996 
0.0542236 0.0866316 
0.0296184 0.063069 
0.0200333 0.0539853 
0.0200894 0.0532207 
0.0257857 0.0538828 
0.0333947 0.0495189 
0.0401619 0.0376475 
0.0455626 0.0222006 
0.0497455 0.0101954 
0.0508635 0.00528425 
0.0458291 0.00553868 
0.0342439 0.00738818 
0.0201808 0.00982947 
0.00904862 0.013757 
0.00320098 0.0186144 
0.00123932 0.0218049 
0.000967275 0.0217493 
0.00170018 0.0202563 
0.00343446 0.0210431 
0.00612024 0.0270936 
0.0144175 0.0421639 
0.0455592 0.0756613 
0.125838 0.140673 
0.264588 0.23736 
0.423433 0.334602 
0.523069 0.378764 
0.502675 0.336567 
0.379388 0.23118 
0.235959 0.12334 
0.147132 0.0550798 
0.144587 0.0332598 
0.269333 0.0780457 
0.605873 0.245214 
1.17153 0.537723 
1.7519 0.801255 
1.95523 0.804301 
1.56059 0.498027 
0.806557 0.138103 
0.206689 0.0231399 
0.022617 0.11871 
0.0429364 0.125613 
0.0138535 0.0453591 
0.180532 0.499309 
1.10779 2.13467 
2.83285 4.60277 
4.42259 6.42819 
4.69994 6.25998 
3.44885 4.25346 
1.66161 1.9267 
0.48601 0.588596 
0.158688 0.266386 
0.198367 0.457737 
0.417864 1.55234 
1.21079 4.68884 
2.66033 9.84839 
3.83902 14.6522 
3.58809 15.9209 
2.00076 12.6883 
0.597523 7.25564 
0.685006 2.9526 
1.8223 1.14432 
2.38154 0.816272 
1.59371 0.774772 
0.525126 1.34721 
0.732826 3.44171 
2.27844 6.49123 
3.57771 8.29326 
3.24058 7.20138 
