2.98034 3.90713 
2.52291 3.29935 
1.51633 2.10977 
0.488461 0.871111 
0.0130634 0.137263 
0.278336 0.0888207 
0.970559 0.452632 
1.55 0.775692 
1.66736 0.795168 
1.38431 0.598282 
1.05984 0.477005 
1.04068 0.642143 
1.41668 1.04977 
2.00141 1.46303 
2.49814 1.6614 
2.68869 1.60253 
2.51752 1.41463 
2.06504 1.26167 
1.48396 1.22181 
0.952005 1.27335 
0.631462 1.36152 
0.611045 1.45497 
0.852638 1.5442 
1.19952 1.61375 
1.4646 1.64055 
1.5407 1.62312 
1.44904 1.60226 
1.29861 1.64669 
1.20677 1.82011 
1.24895 2.16002 
1.45669 2.67406 
1.83237 3.33653 
2.34845 4.07673 
2.93449 4.77454 
3.47769 5.28188 
3.85045 5.46774 
3.95215 5.26382 
3.74165 4.68768 
3.24691 3.83556 
2.55345 2.85148 
1.7808 1.88694 
1.05557 1.06646 
0.486077 0.468651 
0.141874 0.122351 
0.0417646 0.0110388 
0.154121 0.0812807 
0.410154 0.257568 
0.724712 0.464597 
1.01552 0.648597 
1.21529 0.78451 
1.27872 0.865414 
1.18952 0.886226 
0.967413 0.838173 
0.66806 0.718291 
0.369447 0.542535 
0.147689 0.347874 
0.0536295 0.179715 
0.101045 0.0736919 
0.268636 0.043774 
0.510046 0.0815405 
0.765336 0.162888 
0.972494 0.255971 
1.08202 0.328486 
1.07544 0.357127 
0.97961 0.339838 
0.861166 0.302304 
0.791655 0.285289 
0.79735 0.311761 
0.831704 0.357563 
0.803847 0.359942 
0.653715 0.271631 
0.415438 0.119608 
0.207613 0.00783731 
0.148009 0.0455134 
0.261282 0.254987 
0.459501 0.542257 
0.61047 0.760505 
0.631049 0.812134 
0.528548 0.703211 
0.370365 0.515395 
0.225067 0.335945 
0.126454 0.209611 
0.0734718 0.136737 
0.0467475 0.0959458 
0.0255861 0.0645865 
0.00486178 0.0328577 
0.00848893 0.016011 
0.0823322 0.0543533 
0.2564 0.185411 
0.49941 0.398547 
0.711747 0.613595 
0.779949 0.717422 
0.660564 0.641785 
0.42675 0.421137 
0.234419 0.178931 
0.226763 0.049476 
0.442469 0.0944836 
0.788156 0.273488 
1.09116 0.482131 
1.20101 0.625447 
1.08233 0.677046 
0.843154 0.689002 
0.672141 0.746104 
0.713094 0.891919 
0.959193 1.08018 
1.2525 1.19793 
1.40056 1.1535 
1.32061 0.958143 
1.08978 0.722084 
0.861125 0.560426 
0.728905 0.495598 
0.668768 0.453286 
0.596909 0.356554 
0.473549 0.221001 
0.34285 0.151225 
0.278627 0.239581 
0.302511 0.466627 
0.359291 0.699411 
0.367546 0.788871 
0.290666 0.679307 
0.163465 0.440837 
0.0588178 0.208929 
0.0305037 0.0889498 
0.0786806 0.0984352 
0.156915 0.177542 
0.207661 0.244991 
0.200145 0.2536 
0.148912 0.211659 
0.101925 0.163711 
0.102483 0.148235 
0.150026 0.163413 
0.195396 0.169517 
0.183469 0.129929 
0.108954 0.0549511 
0.0296479 0.00237208 
0.0219695 0.0310369 
0.128003 0.159688 
0.350139 0.379835 
0.681478 0.697624 
1.1057 1.12688 
1.54496 1.61161 
1.83167 1.97126 
1.78972 1.98094 
1.38696 1.55913 
0.803583 0.883156 
0.315799 0.287373 
0.0870488 0.0150965 
0.0695707 0.0573464 
0.105783 0.224607 
0.104377 0.352851 
0.098708 0.419717 
0.14755 0.475268 
0.222647 0.510932 
0.229131 0.444669 
0.135919 0.243643 
0.0601592 0.0342583 
0.198027 0.055565 
0.653972 0.473648 
1.31703 1.21289 
1.88847 1.95048 
2.04945 2.29607 
1.67034 2.04932 
0.937643 1.36979 
0.300431 0.726974 
0.223285 0.620116 
0.869656 1.22639 
1.94116 2.23523 
2.83578 3.03357 
3.04969 3.13803 
2.52031 2.53999 
1.62861 1.67472 
0.867404 1.04555 
0.478984 0.841627 
0.373864 0.878502 
0.354078 0.871153 
0.375965 0.740677 
0.586428 0.661544 
1.12681 0.843003 
1.93045 1.29313 
2.71952 1.79422 
3.19422 2.08799 
3.23711 2.08245 
2.96745 1.90531 
2.62053 1.77955 
2.35732 1.83166 
2.15166 1.97871 
1.84703 1.98324 
1.34974 1.6498 
0.798388 1.01886 
0.533011 0.385966 
0.843787 0.0984077 
1.69808 0.284726 
2.70705 0.758827 
3.39643 1.19641 
3.55975 1.42597 
3.38393 1.56535 
3.24678 1.88519 
3.38451 2.53943 
3.72316 3.41322 
3.98653 4.2067 
3.93886 4.65295 
3.53824 4.67254 
2.90923 4.36281 
2.22549 3.88483 
1.64255 3.38389 
1.31813 3.00606 
1.43284 2.94313 
2.11454 3.38763 
3.28608 4.36997 
4.57766 5.60251 
5.43625 6.51368 
5.41221 6.53024 
4.43555 5.44563 
2.87475 3.5984 
1.32903 1.70467 
0.305982 0.451362 
0.0033342 0.134307 
0.30071 0.567712 
0.898956 1.27214 
1.47584 1.76978 
1.78655 1.80413 
1.71982 1.4058 
1.32707 0.819752 
0.796106 0.343173 
0.344667 0.142803 
0.0909748 0.156732 
0.0206325 0.176351 
0.100554 0.0851394 
0.429989 0.0655644 
1.24189 0.550853 
2.69407 1.89021 
4.61702 3.97418 
6.474 6.15648 
7.62007 7.58568 
7.67468 7.71214 
6.71745 6.58775 
5.18105 4.76483 
3.56981 2.92888 
2.23187 1.56291 
1.29897 0.830621 
0.746281 0.649466 
0.475989 0.820443 
0.382328 1.1276 
0.393682 1.39608 
0.47424 1.51525 
0.577068 1.42896 
0.606806 1.12148 
0.477262 0.645867 
0.245395 0.180586 
0.160274 0.0103075 
0.492318 0.353374 
