1.20536 1.13156 
1.43948 1.38809 
1.38307 1.40666 
1.1105 1.26493 
0.783192 1.09539 
0.533131 0.990018 
0.418608 0.96722 
0.450796 0.991415 
0.632928 1.01113 
0.975362 1.00388 
1.4778 1.00737 
2.07532 1.08772 
2.5811 1.24055 
2.71868 1.33107 
2.30193 1.19163 
1.45022 0.8224 
0.60239 0.468461 
0.229816 0.430169 
0.461685 0.761612 
0.976485 1.17793 
1.28039 1.29629 
1.11581 0.980851 
0.628232 0.45271 
0.177031 0.0763837 
0.0117837 0.0521601 
0.110187 0.293668 
0.269042 0.551196 
0.308875 0.622969 
0.20451 0.4766 
0.0672439 0.229213 
0.0314636 0.0442968 
0.146009 0.0258504 
0.343726 0.165499 
0.500436 0.365812 
0.531041 0.520495 
0.444941 0.590047 
0.322759 0.614451 
0.25036 0.664121 
0.276661 0.785229 
0.416182 0.982758 
0.658036 1.22875 
0.95044 1.46421 
1.18969 1.60113 
1.26209 1.55745 
1.12595 1.31966 
0.854627 0.972927 
0.585526 0.652154 
0.415598 0.447638 
0.341176 0.351864 
0.292434 0.293526 
0.217485 0.217505 
0.130692 0.131281 
0.0861891 0.0818995 
0.112867 0.0975291 
0.177996 0.153988 
0.213887 0.194653 
0.18193 0.180644 
0.113757 0.123384 
0.0886928 0.0707404 
0.16411 0.0613765 
0.320247 0.0905815 
0.470437 0.118638 
0.528631 0.111145 
0.473685 0.0702498 
0.355253 0.0270803 
0.244081 0.00720312 
0.180609 0.00881371 
0.16724 0.0161169 
0.193678 0.0263582 
0.249453 0.0512802 
0.307404 0.0890535 
0.316223 0.109668 
0.238856 0.088021 
0.106249 0.0527647 
0.0123762 0.0797404 
0.0321953 0.214208 
0.14345 0.401474 
0.24463 0.515607 
0.255412 0.47053 
0.190142 0.299765 
0.131324 0.124509 
0.148419 0.0532803 
0.253919 0.116215 
0.418002 0.273125 
0.590524 0.450415 
0.703386 0.565874 
0.688253 0.555294 
0.530648 0.415333 
0.307023 0.222986 
0.140351 0.0860712 
0.100601 0.0561674 
0.15184 0.0931991 
0.200102 0.118814 
0.184254 0.0953859 
0.118124 0.0497461 
0.0652111 0.0391213 
0.0961069 0.115043 
0.260774 0.307939 
0.558371 0.603147 
0.90018 0.904114 
1.11782 1.04505 
1.06229 0.901038 
0.73834 0.526332 
0.3391 0.169969 
0.112648 0.105555 
0.164025 0.40528 
0.382386 0.872915 
0.565095 1.20818 
0.604483 1.24421 
0.544133 1.03479 
0.472131 0.740926 
0.405456 0.474778 
0.30527 0.264521 
0.176265 0.124451 
0.0939719 0.0916018 
0.113321 0.170529 
0.184192 0.280684 
0.197796 0.307528 
0.114881 0.214443 
0.0170319 0.0814128 
0.0175727 0.0217071 
0.137316 0.0715597 
0.281381 0.167393 
0.330016 0.216284 
0.243905 0.176553 
0.0938457 0.0825313 
0.00477777 0.0114191 
0.0610416 0.0226716 
0.236389 0.107076 
0.405837 0.189183 
0.449904 0.202961 
0.374366 0.185209 
0.323958 0.279285 
0.451708 0.609152 
0.758832 1.12934 
1.0699 1.61128 
1.17728 1.8025 
1.01395 1.61736 
0.69146 1.18594 
0.38699 0.733466 
0.207813 0.419317 
0.152074 0.270889 
0.163392 0.229123 
0.194324 0.225219 
0.222036 0.218587 
0.232969 0.194377 
0.219516 0.155427 
0.200126 0.126335 
0.238742 0.15854 
0.436665 0.319216 
0.889484 0.659122 
1.62219 1.16922 
2.53288 1.74896 
3.38732 2.21707 
3.89448 2.38296 
3.84424 2.15437 
3.22907 1.61152 
2.26143 0.980751 
1.26552 0.510385 
0.516486 0.334633 
0.134692 0.424693 
0.085932 0.648721 
0.253704 0.872145 
0.515779 1.01665 
0.782936 1.05771 
0.994142 0.995334 
1.08723 0.83304 
0.988879 0.579367 
0.670709 0.278085 
0.250698 0.051809 
0.0178342 0.0969846 
0.270565 0.569892 
1.04833 1.41512 
2.01593 2.30928 
2.67289 2.83743 
2.73348 2.78605 
2.31844 2.28278 
1.78466 1.65258 
1.40059 1.15387 
1.2084 0.860198 
1.15603 0.749274 
1.26692 0.81981 
1.61878 1.07367 
2.18179 1.42028 
2.74886 1.67537 
3.06494 1.69446 
3.01549 1.49453 
2.6761 1.22204 
2.20038 1.00685 
1.69506 0.864785 
1.20325 0.735344 
0.760941 0.580813 
0.421868 0.429236 
0.229593 0.345993 
0.208547 0.408552 
0.40541 0.715342 
0.903354 1.36286 
1.7328 2.33927 
2.74318 3.41602 
3.59677 4.1894 
3.94464 4.30215 
3.64676 3.67794 
2.84352 2.56659 
1.83946 1.377 
0.934278 0.463736 
0.334909 0.0266517 
0.148499 0.12443 
0.379927 0.702421 
0.914263 1.59083 
1.53871 2.5257 
2.0305 3.23707 
2.25041 3.55668 
2.16651 3.45893 
1.8159 3.01981 
1.27873 2.36208 
0.692999 1.63809 
0.244942 1.01683 
0.0729761 0.619387 
0.146462 0.435289 
0.268171 0.329818 
0.252554 0.185704 
0.12716 0.058028 
0.135796 0.162571 
0.505751 0.670464 
1.19517 1.49584 
1.87505 2.29356 
2.17211 2.68555 
1.94864 2.51808 
1.3773 1.93746 
0.77543 1.24973 
0.370361 0.708391 
0.192188 0.399622 
0.149843 0.281326 
0.186437 0.301311 
0.36223 0.474311 
0.799926 0.858523 
1.55992 1.47505 
2.56865 2.26002 
3.65459 3.08858 
4.63663 3.82844 
5.38023 4.36755 
5.80336 4.61841 
5.87561 4.53851 
5.63401 4.16735 
5.18806 3.63137 
4.68824 3.09288 
4.27986 2.68747 
4.07623 2.50384 
4.14174 2.59285 
4.45178 2.94733 
4.84334 3.44451 
