2.42678 1.11323 
2.71098 1.17747 
2.83156 1.1786 
2.75725 1.1071 
2.49774 0.969371 
2.10079 0.78621 
1.63764 0.587035 
1.18287 0.401769 
0.795715 0.253064 
0.509039 0.151486 
0.328828 0.0957541 
0.243345 0.0784755 
0.237194 0.0948565 
0.302918 0.149011 
0.443138 0.252284 
0.66093 0.412257 
0.943694 0.618186 
1.25183 0.833496 
1.52298 1.00383 
1.69387 1.07966 
1.73011 1.04176 
1.64683 0.913877 
1.507 0.754042 
1.39694 0.629563 
1.39192 0.590819 
1.52961 0.658381 
1.80257 0.827045 
2.16859 1.07827 
2.56871 1.38865 
2.94217 1.72862 
3.23437 2.05616 
3.40023 2.31577 
3.40767 2.449 
3.24298 2.41397 
2.91656 2.20401 
2.46608 1.85635 
1.95484 1.4465 
1.46359 1.07017 
1.07459 0.81714 
0.84878 0.743346 
0.802281 0.849488 
0.894203 1.07616 
1.0375 1.32253 
1.13434 1.48538 
1.12177 1.50224 
1.0029 1.37641 
0.843637 1.16932 
0.734534 0.96456 
0.739294 0.825378 
0.860163 0.769918 
1.03938 0.775039 
1.19285 0.799822 
1.25384 0.809828 
1.20271 0.789042 
1.07167 0.740865 
0.930064 0.688138 
0.861591 0.676959 
0.941273 0.776084 
1.21271 1.05797 
1.66631 1.55837 
2.22642 2.23267 
2.76048 2.94089 
3.11725 3.48363 
3.18373 3.6809 
2.9337 3.45455 
2.43967 2.86678 
1.83895 2.09082 
1.27251 1.33048 
0.831959 0.735587 
0.543283 0.359121 
0.389716 0.17165 
0.349263 0.110906 
0.41531 0.126791 
0.586035 0.194441 
0.836366 0.298309 
1.10264 0.413484 
1.30134 0.508852 
1.37535 0.573098 
1.33574 0.639612 
1.26492 0.781748 
1.27132 1.07072 
1.42073 1.51907 
1.68806 2.04866 
1.9626 2.51023 
2.10529 2.74835 
2.0235 2.67544 
1.71822 2.31206 
1.27879 1.77266 
0.833571 1.20907 
0.490028 0.746702 
0.297788 0.446507 
0.247996 0.304336 
0.298029 0.276228 
0.39953 0.308009 
0.513897 0.353881 
0.614112 0.38223 
0.682063 0.375903 
0.709747 0.333445 
0.704504 0.271276 
0.691607 0.22204 
0.708037 0.225655 
0.787855 0.315079 
0.946203 0.503108 
1.17032 0.776226 
1.42168 1.09733 
1.64728 1.41469 
1.79428 1.67263 
1.82268 1.82109 
1.71351 1.82354 
1.47286 1.66471 
1.13297 1.35849 
0.750077 0.953746 
0.397348 0.532905 
0.150694 0.197613 
0.0678034 0.0403062 
0.165799 0.108643 
0.407342 0.378 
0.705325 0.749094 
0.949899 1.0792 
1.05034 1.23873 
0.974177 1.16887 
0.763902 0.911166 
0.520822 0.591507 
0.361398 0.363728 
0.36593 0.339202 
0.543396 0.536441 
0.828079 0.874016 
1.108 1.2082 
1.27104 1.39574 
1.24861 1.35281 
1.04026 1.08614 
0.712259 0.686892 
0.373386 0.293919 
0.138366 0.0430312 
0.0920309 0.0217607 
0.265409 0.244157 
0.63005 0.651659 
1.1104 1.13678 
1.60818 1.5793 
2.0297 1.88176 
2.30738 1.9931 
2.41071 1.91452 
2.34585 1.68858 
2.14718 1.37804 
1.86489 1.04365 
1.55303 0.729305 
1.26078 0.458905 
1.02751 0.243602 
0.880624 0.092773 
0.83379 0.0203866 
0.884133 0.0414362 
1.0096 0.160065 
1.17012 0.357714 
1.31606 0.591328 
1.40378 0.806248 
1.41243 0.958771 
1.3529 1.03579 
1.26293 1.05938 
1.18969 1.07288 
1.16956 1.11681 
1.21627 1.20909 
1.3227 1.3407 
1.47125 1.4863 
1.64171 1.61962 
1.80844 1.72092 
1.93048 1.77255 
1.94795 1.7502 
1.79861 1.62325 
1.45508 1.37194 
0.964375 1.01421 
0.461203 0.623109 
0.134224 0.315761 
0.150443 0.210174 
0.571046 0.367712 
1.30448 0.752655 
2.12818 1.23507 
2.77497 1.64067 
3.04384 1.82459 
2.87981 1.73125 
2.38412 1.41028 
1.75403 0.983231 
1.18884 0.582764 
0.813438 0.299189 
0.654556 0.160549 
0.670901 0.14973 
0.807461 0.239561 
1.0351 0.4187 
1.35233 0.690826 
1.75432 1.0499 
2.19648 1.45159 
2.58252 1.80489 
2.79064 1.99634 
2.72672 1.93919 
2.37572 1.62278 
1.82137 1.13343 
1.21966 0.629837 
0.735932 0.279036 
0.475102 0.181348 
0.440137 0.322508 
0.541724 0.580997 
0.656263 0.79137 
0.702711 0.833142 
0.695375 0.697296 
0.739173 0.490907 
0.964014 0.373242 
1.43126 0.457038 
2.06673 0.732668 
2.66621 1.0639 
2.98187 1.26411 
2.85069 1.21323 
2.29636 0.947415 
1.54456 0.664647 
0.93522 0.635948 
0.771765 1.06617 
1.18314 1.97924 
2.06855 3.19028 
3.14999 4.37933 
4.10084 5.22629 
4.68134 5.53694 
4.81561 5.30022 
4.58268 4.65931 
4.14249 3.82521 
3.64747 2.98551 
3.1869 2.25198 
2.78244 1.6597 
2.4201 1.19947 
2.08685 0.852411 
1.7872 0.605692 
1.53517 0.448013 
1.33609 0.358972 
1.17663 0.307267 
1.03187 0.261982 
0.883571 0.209189 
0.736203 0.161922 
0.619805 0.157008 
0.578437 0.241374 
0.651377 0.455888 
0.85632 0.823342 
1.18017 1.34176 
1.57828 1.98052 
1.98077 2.67791 
2.30549 3.34278 
2.47709 3.86559 
2.4498 4.141 
2.22674 4.09773 
1.86637 3.72458 
1.46987 3.08071 
1.1508 2.28359 
0.99814 1.47775 
1.04766 0.795523 
1.27374 0.324185 
