1.71021 1.06289 0.645471 
1.7325 1.15316 0.668096 
1.51206 1.062 0.596058 
1.31774 0.991755 0.590675 
1.33272 1.09693 0.775972 
1.52674 1.34538 1.10007 
1.69384 1.53411 1.34546 
1.62425 1.45257 1.29342 
1.28461 1.06944 0.915125 
0.854232 0.578198 0.416374 
0.572341 0.244447 0.0776632 
0.531768 0.188072 0.0282144 
0.618731 0.307482 0.166497 
0.648446 0.407632 0.290873 
0.541505 0.38326 0.289037 
0.364809 0.274977 0.197437 
0.23398 0.182428 0.110818 
0.215411 0.16792 0.0808502 
0.317472 0.247161 0.112328 
0.524225 0.42599 0.217526 
0.793303 0.696507 0.424263 
1.02947 0.992354 0.716028 
1.10615 1.18235 0.986939 
0.95011 1.14506 1.08759 
0.613483 0.867429 0.936503 
0.255379 0.473225 0.596059 
0.0423365 0.14921 0.23976 
0.0494802 0.0277728 0.0349245 
0.233573 0.116512 0.0381718 
0.482766 0.320064 0.184778 
0.693806 0.523396 0.365688 
0.821215 0.663247 0.511088 
0.874995 0.73729 0.608555 
0.883715 0.763497 0.662017 
0.859905 0.743284 0.656717 
0.79319 0.663859 0.572743 
0.668765 0.525478 0.421799 
0.491542 0.356891 0.255099 
0.299402 0.205352 0.131689 
0.158029 0.117081 0.0848583 
0.133759 0.122605 0.117947 
0.249755 0.223265 0.21749 
0.452006 0.377364 0.355755 
0.622761 0.50478 0.484218 
0.650208 0.527478 0.544878 
0.508382 0.425869 0.506175 
0.278655 0.260634 0.391547 
0.0898789 0.132934 0.267779 
0.0283901 0.115551 0.20291 
0.0941827 0.216416 0.236045 
0.229712 0.400104 0.382779 
0.37888 0.633238 0.654642 
0.517269 0.902276 1.05547 
0.638379 1.19104 1.54963 
0.728884 1.45275 2.03789 
0.768525 1.6166 2.37992 
0.753062 1.63023 2.46228 
0.707631 1.49938 2.26546 
0.666973 1.28425 1.87543 
0.638552 1.05298 1.42731 
0.591452 0.836833 1.02665 
0.493403 0.632044 0.713053 
0.363643 0.442688 0.486215 
0.279495 0.308913 0.348917 
0.314303 0.278039 0.309784 
0.46164 0.346124 0.347823 
0.627426 0.442529 0.398369 
0.705728 0.486555 0.397324 
0.663537 0.458586 0.340673 
0.550535 0.405926 0.284653 
0.434482 0.378669 0.278517 
0.340728 0.37237 0.305979 
0.256969 0.341723 0.303578 
0.183407 0.26286 0.232225 
0.165613 0.17121 0.11901 
0.280675 0.141002 0.0298255 
0.597626 0.238273 0.0150313 
1.13961 0.489253 0.0859943 
1.85344 0.867581 0.225313 
2.59143 1.28607 0.394924 
3.13151 1.60458 0.533519 
3.2583 1.68284 0.575777 
2.88136 1.47174 0.509409 
2.11732 1.07871 0.424039 
1.26453 0.734575 0.480977 
0.660913 0.655849 0.792853 
0.498797 0.88917 1.29918 
0.716178 1.26163 1.75983 
1.0502 1.49827 1.91083 
1.23061 1.43827 1.6846 
1.1777 1.18266 1.31064 
1.04835 1.03473 1.17706 
1.08471 1.25309 1.52456 
1.38487 1.80743 2.21115 
1.79047 2.35238 2.76644 
1.99409 2.46845 2.73044 
1.78166 1.98809 2.01893 
1.20677 1.13689 1.00731 
0.55181 0.366562 0.248779 
0.114556 0.0180736 0.0569402 
0.00115867 0.0939984 0.30152 
0.0873951 0.314022 0.573911 
0.159876 0.381092 0.555891 
0.108006 0.225113 0.270703 
0.0156836 0.0412158 0.0325319 
0.092981 0.122452 0.178017 
0.507808 0.632629 0.811609 
1.24481 1.4811 1.73686 
2.09556 2.37296 2.58554 
2.78347 2.98838 3.03605 
3.11898 3.16088 2.98103 
3.06402 2.93095 2.54843 
2.68477 2.45816 1.97921 
2.0862 1.89759 1.46792 
1.41211 1.35843 1.09231 
0.872848 0.945594 0.859767 
0.692598 0.778174 0.779172 
0.961208 0.917831 0.861034 
1.52465 1.27759 1.05852 
2.05336 1.63572 1.24516 
2.26178 1.77642 1.28158 
2.10186 1.64483 1.12034 
1.78225 1.39102 0.860596 
1.6187 1.27814 0.711538 
1.83033 1.51799 0.878912 
2.39344 2.11729 1.41741 
3.0203 2.81582 2.12815 
3.2946 3.18809 2.60878 
2.92663 2.90325 2.49441 
1.98105 1.99048 1.75042 
0.888446 0.883197 0.763146 
0.18642 0.154947 0.0995175 
0.165374 0.128755 0.102691 
0.694602 0.673855 0.660133 
1.35554 1.34516 1.33072 
1.74993 1.7226 1.69383 
1.7293 1.66242 1.61305 
1.40264 1.29794 1.23519 
0.982191 0.862453 0.801776 
0.628183 0.519585 0.47367 
0.394766 0.313357 0.286761 
0.26438 0.214921 0.20713 
0.201296 0.183003 0.193248 
0.178927 0.189102 0.216438 
0.180943 0.213561 0.252966 
0.193743 0.236861 0.2773 
0.200783 0.237949 0.266549 
0.183568 0.200232 0.210507 
0.133765 0.124319 0.1216 
0.0704802 0.0402637 0.038966 
0.0394705 0.000372605 0.014849 
0.0771816 0.0409118 0.0774906 
0.163855 0.137574 0.193174 
0.222566 0.207842 0.272888 
0.187331 0.181306 0.241817 
0.0802417 0.0794784 0.119114 
0.00440342 0.011571 0.0193192 
0.0408687 0.0688098 0.0511368 
0.156156 0.220672 0.204976 
0.232502 0.334094 0.351912 
0.196722 0.306945 0.365498 
0.101837 0.172561 0.240946 
0.0661932 0.0609663 0.0886838 
0.14415 0.0672594 0.0224788 
0.279431 0.176567 0.0710486 
0.381626 0.310369 0.189807 
0.416851 0.411196 0.321564 
0.407473 0.462982 0.422733 
0.370444 0.456244 0.454392 
0.295306 0.37822 0.393413 
0.184025 0.246158 0.266807 
0.0769205 0.118575 0.148972 
0.0165774 0.0480713 0.100223 
0.00203845 0.0325006 0.11348 
0.00143938 0.031156 0.135662 
0.0018532 0.0216235 0.133618 
0.0204092 0.0183678 0.12014 
0.0627349 0.0354832 0.119094 
0.0966019 0.0575479 0.131476 
0.0871626 0.0640091 0.148448 
0.0493162 0.06848 0.179149 
0.0452262 0.111887 0.242591 
0.125895 0.215006 0.333868 
0.283304 0.350502 0.415724 
0.459902 0.465457 0.44962 
0.594764 0.523346 0.427584 
0.657279 0.521612 0.371137 
0.647035 0.477703 0.306848 
0.574872 0.40673 0.247013 
0.450506 0.312912 0.188758 
0.290521 0.20194 0.129175 
0.138887 0.104277 0.0870559 
0.0714886 0.0823099 0.110341 
0.159123 0.196381 0.246657 
0.403043 0.443223 0.487603 
0.700843 0.7244 0.740962 
0.892389 0.892852 0.876559 
0.866858 0.855076 0.821218 
0.646256 0.644156 0.619663 
0.369639 0.395601 0.401903 
0.186131 0.243139 0.283312 
0.147295 0.223636 0.284209 
0.19008 0.269984 0.333854 
0.215954 0.288238 0.345052 
0.182529 0.240045 0.285992 
0.121646 0.156561 0.189118 
0.0828716 0.0872873 0.104831 
0.0771868 0.0506914 0.0578204 
0.0795516 0.0354313 0.0453811 
0.0708814 0.0324536 0.0602743 
0.0600612 0.0478682 0.0988636 
0.0648643 0.0845147 0.148827 
0.0849875 0.125317 0.184354 
0.101764 0.143936 0.183122 
0.0992884 0.128443 0.145118 
0.0789255 0.0898973 0.0908392 
0.0538762 0.0500829 0.0437497 
0.0343118 0.024218 0.016324 
0.0203703 0.0134189 0.00758018 
0.00951944 0.0101704 0.00833099 
0.00723349 0.00973196 0.0101313 
0.0221544 0.0139427 0.0119078 
0.0459108 0.0214259 0.016117 
0.0492512 0.0210536 0.0197653 
0.0196798 0.0107942 0.0197903 
0.00636024 0.0263596 0.0332238 
0.100255 0.12855 0.0975221 
0.339296 0.335392 0.229143 
0.63557 0.569334 0.382386 
0.825703 0.700933 0.473809 
0.81142 0.663799 0.463192 
0.642765 0.516968 0.39794 
0.455815 0.38053 0.359519 
0.341955 0.317748 0.371273 
0.290776 0.294661 0.377794 
0.244156 0.246439 0.316389 
0.173657 0.157291 0.190794 
0.0968959 0.0674534 0.066349 
0.0430125 0.0226001 0.00683154 
0.0248575 0.0351554 0.0280525 
0.038439 0.0861807 0.10122 
0.0694866 0.143954 0.180422 
0.0965386 0.17781 0.225728 
0.100468 0.170532 0.219293 
0.0791117 0.12935 0.173928 
0.0482665 0.080915 0.122471 
0.0246714 0.048534 0.0899313 
0.0122461 0.0354604 0.0756247 
0.00703586 0.032315 0.0650268 
0.00804448 0.0344579 0.0540044 
0.0158759 0.0444924 0.0534429 
