0.0145188 0.0413611 0.12158 
0.0204262 0.0162023 0.0811328 
0.0445398 0.00806483 0.0547251 
0.0777873 0.0150228 0.0475259 
0.100272 0.0249564 0.0534994 
0.0935862 0.0245548 0.0609247 
0.057132 0.0116776 0.0623112 
0.0160642 0.000831503 0.0603546 
0.0113802 0.0148795 0.0641506 
0.07426 0.0663078 0.0780808 
0.199728 0.14126 0.0932114 
0.339055 0.200759 0.0909848 
0.420971 0.203321 0.0601568 
0.393251 0.137535 0.0163202 
0.26073 0.0431915 0.008187 
0.0947463 0.00375091 0.101416 
0.00472739 0.109928 0.345821 
0.0858133 0.413413 0.744943 
0.371858 0.89779 1.24824 
0.820365 1.48443 1.77322 
1.33638 2.06991 2.24593 
1.81898 2.57235 2.63549 
2.2018 2.95936 2.96155 
2.466 3.24326 3.2701 
2.62368 3.45091 3.59273 
2.68923 3.59052 3.91476 
2.66139 3.6385 4.17133 
2.52836 3.55366 4.27358 
2.28956 3.30794 4.14945 
1.97523 2.91222 3.77686 
1.64672 2.42067 3.19406 
1.37435 1.91192 2.48609 
1.20606 1.45993 1.75852 
1.14653 1.11193 1.11228 
1.15947 0.88363 0.627329 
1.19059 0.768746 0.354229 
1.19597 0.751832 0.308548 
1.15878 0.813876 0.465881 
1.08701 0.929139 0.761345 
0.997837 1.0605 1.1002 
0.902308 1.16243 1.38201 
0.800836 1.19412 1.53142 
0.689982 1.13598 1.52152 
0.571911 0.997699 1.3767 
0.45682 0.811154 1.15283 
0.356112 0.612102 0.906224 
0.2735 0.42369 0.67034 
0.204283 0.25421 0.454292 
0.146432 0.110683 0.261932 
0.11554 0.0163535 0.114997 
0.148927 0.0145688 0.0595164 
0.28922 0.149618 0.14563 
0.552794 0.432616 0.390773 
0.90293 0.815017 0.750925 
1.24953 1.1921 1.12312 
1.48273 1.44175 1.38393 
1.5252 1.4802 1.44492 
1.37278 1.30293 1.29343 
1.09743 0.985459 0.994629 
0.809027 0.642959 0.654505 
0.598436 0.372804 0.367146 
0.495953 0.214067 0.177479 
0.468755 0.145251 0.0781227 
0.454985 0.116062 0.035432 
0.409386 0.0881903 0.022145 
0.330643 0.0577409 0.0336532 
0.255866 0.0480441 0.080261 
0.230737 0.0831548 0.166264 
0.27827 0.163912 0.274781 
0.38615 0.263278 0.370515 
0.516973 0.341746 0.417862 
0.630093 0.369716 0.400726 
0.699116 0.34129 0.330586 
0.716233 0.272575 0.238823 
0.685909 0.189105 0.159979 
0.616737 0.112648 0.116779 
0.518076 0.0549108 0.114133 
0.401427 0.0187103 0.142266 
0.281893 0.00217307 0.184309 
0.17588 0.00161115 0.223446 
0.0956635 0.0120355 0.247354 
0.0448127 0.027058 0.250038 
0.0180717 0.0399889 0.23183 
0.00590302 0.0461254 0.197962 
0.000714832 0.0448036 0.156179 
0.0011324 0.0399499 0.114398 
0.0123618 0.0389549 0.079539 
0.0429623 0.0504112 0.0576463 
0.0997524 0.0812266 0.0540813 
0.182981 0.133571 0.0723826 
0.283785 0.202633 0.111867 
0.385418 0.276725 0.165914 
0.468359 0.340723 0.223172 
0.517316 0.381895 0.271981 
0.526563 0.395122 0.3057 
0.500602 0.384488 0.325705 
0.450051 0.360551 0.340615 
0.386021 0.335767 0.363147 
0.317286 0.321616 0.40725 
0.251945 0.328775 0.486565 
0.20098 0.368071 0.612482 
0.17866 0.44827 0.789166 
0.196874 0.569251 1.00568 
0.255774 0.714152 1.22977 
0.337639 0.84747 1.41012 
0.410335 0.924198 1.49055 
0.440853 0.908202 1.43235 
0.412092 0.790802 1.23395 
0.332639 0.598336 0.936327 
0.232876 0.3828 0.609386 
0.149064 0.199433 0.324793 
0.104657 0.0830929 0.128938 
0.0998161 0.0361493 0.0294338 
0.114809 0.0337377 0.000851363 
0.124274 0.0420376 0.00455381 
0.113027 0.0381752 0.0104546 
0.0838951 0.0204906 0.00898386 
0.0537336 0.00464324 0.00862227 
0.0412735 0.00971908 0.023162 
0.0549586 0.0438039 0.0580705 
0.0880729 0.0976698 0.104426 
0.123327 0.149506 0.143244 
0.143267 0.176961 0.156572 
0.139899 0.169057 0.138241 
0.118151 0.13152 0.098167 
0.0919395 0.0833605 0.0582818 
0.0759095 0.047462 0.0427709 
0.0778811 0.0405354 0.0678145 
0.0959853 0.0672677 0.135516 
0.121344 0.120557 0.234002 
0.143993 0.18639 0.342562 
0.158241 0.249991 0.438783 
0.164472 0.300076 0.504571 
0.166797 0.329946 0.529399 
0.16851 0.336316 0.510833 
0.168565 0.31793 0.453485 
0.161508 0.275571 0.367495 
0.141109 0.213516 0.266874 
0.105551 0.140969 0.167421 
0.0609832 0.0716977 0.0839458 
0.0211267 0.0211301 0.0272193 
0.00284727 0.00184954 0.00174859 
0.0197821 0.0195703 0.00541378 
0.0769947 0.0714589 0.031173 
0.168848 0.147372 0.0699506 
0.280559 0.233126 0.113312 
0.392358 0.314217 0.154921 
0.484526 0.378738 0.19071 
0.541807 0.418998 0.218371 
0.556289 0.431969 0.236808 
0.528343 0.418846 0.245727 
0.46561 0.38393 0.245234 
0.380469 0.333184 0.23546 
0.28684 0.272959 0.216576 
0.197336 0.209375 0.189524 
0.121403 0.148327 0.157134 
0.0644992 0.0954935 0.124588 
0.0279111 0.0556117 0.0982421 
0.00901919 0.0310359 0.0829239 
0.00230753 0.0205575 0.0792393 
0.00147027 0.0197821 0.0829214 
0.00224489 0.0233955 0.0870783 
0.00453944 0.028046 0.0860988 
0.0121604 0.0337122 0.0785725 
0.0296817 0.0423038 0.0671694 
0.0581285 0.05443 0.0557235 
0.0924884 0.0669981 0.0459689 
0.123212 0.0739615 0.0366401 
0.141077 0.0701138 0.0256285 
0.142139 0.0551777 0.0132233 
0.129201 0.0348578 0.00341187 
0.108856 0.0177213 0.00177528 
0.0866841 0.0100898 0.0114367 
0.0646608 0.0128126 0.0303236 
0.0428713 0.0222908 0.0520697 
0.0236232 0.0345741 0.0699237 
0.0135465 0.0487528 0.0805646 
0.0206144 0.0665371 0.0848987 
0.0474716 0.0884193 0.0856136 
0.0863444 0.110138 0.0840938 
0.120579 0.123289 0.0797117 
0.13318 0.120478 0.0720599 
0.117092 0.101225 0.0636157 
0.0799594 0.0735895 0.0595515 
0.0397179 0.0495846 0.0639106 
0.01392 0.0374712 0.0750692 
0.0102144 0.0368185 0.0848701 
0.0242274 0.0401771 0.08331 
0.0452849 0.0399079 0.0659468 
0.0646499 0.0344778 0.0382777 
0.0797992 0.0290256 0.013052 
0.0923551 0.029895 0.00186157 
0.102905 0.0380275 0.00713447 
0.108249 0.0471483 0.0207344 
0.10381 0.0485576 0.030372 
0.0887095 0.0385307 0.0288363 
0.0682254 0.0218355 0.0187452 
0.0505689 0.00801982 0.00913824 
0.0403181 0.00339624 0.00696537 
0.0345583 0.00574747 0.0108827 
0.0261987 0.00701215 0.0130593 
0.0129692 0.00270152 0.00814379 
0.00506051 0.000718188 0.00232668 
0.0241037 0.0216641 0.0145936 
0.0919624 0.0884744 0.0676565 
0.215535 0.21114 0.173658 
0.377563 0.376442 0.323878 
0.540266 0.549846 0.489301 
0.660539 0.689019 0.631909 
0.708196 0.76121 0.71997 
0.677158 0.754955 0.738894 
0.584432 0.680863 0.692949 
0.459346 0.563198 0.599167 
0.330557 0.428692 0.478748 
0.217961 0.298854 0.350979 
0.131892 0.188002 0.231302 
0.0767626 0.104918 0.131709 
0.0543392 0.0544192 0.0607083 
0.0637208 0.0368617 0.02178 
0.0989108 0.046563 0.0116453 
0.147317 0.0717547 0.020599 
0.191937 0.0977022 0.0358551 
0.217063 0.112044 0.0465327 
0.214473 0.109396 0.0474965 
0.186395 0.0924601 0.0399286 
0.143533 0.0691154 0.0287283 
0.0994749 0.0475818 0.0189123 
0.0648971 0.0328141 0.0135644 
0.0446437 0.0260829 0.0143475 
0.0385498 0.0272308 0.0233833 
0.0443788 0.0371768 0.044162 
0.0602373 0.0582932 0.0799822 
0.0848095 0.0921654 0.130598 
0.115811 0.136505 0.189577 
0.148555 0.183866 0.24485 
0.176385 0.223656 0.282917 
0.193102 0.246536 0.294607 
0.195855 0.248561 0.279013 
0.186435 0.232503 0.243293 
0.170067 0.205746 0.198663 
0.152584 0.176373 0.155238 
0.137878 0.149961 0.118718 
0.12706 0.128629 0.0902123 
0.119251 0.111979 0.0682114 
0.112761 0.0984295 0.0506639 
0.105568 0.0858342 0.0359209 
0.0952044 0.0716912 0.0229581 
0.0791627 0.0540572 0.0120512 
0.056622 0.0336069 0.00618198 
0.0307939 0.0156057 0.0118221 
0.0098701 0.00960228 0.0372 
