1.23971 0.591468 0.0316197 
1.83821 0.956357 0.0951497 
2.38852 1.30596 0.176994 
2.70918 1.50818 0.236073 
2.66869 1.46202 0.229705 
2.25753 1.162 0.150053 
1.60874 0.720329 0.0452217 
0.945055 0.321602 0.00109787 
0.47494 0.128173 0.0879433 
0.296059 0.192826 0.307317 
0.363744 0.436742 0.581757 
0.540371 0.707545 0.800139 
0.687517 0.87516 0.886878 
0.737723 0.898071 0.842507 
0.70558 0.820443 0.727257 
0.647266 0.716533 0.607337 
0.610909 0.634024 0.511461 
0.612573 0.575723 0.429166 
0.639924 0.518599 0.342054 
0.664359 0.442215 0.254847 
0.650198 0.344962 0.202842 
0.567617 0.247486 0.236768 
0.415607 0.189697 0.397419 
0.240852 0.218463 0.688479 
0.127174 0.36075 1.05537 
0.150013 0.593863 1.38708 
0.325313 0.840603 1.55682 
0.593482 1.00472 1.48957 
0.85156 1.02563 1.21088 
1.00745 0.909581 0.833335 
1.01791 0.714148 0.486132 
0.8943 0.505762 0.24427 
0.688024 0.33017 0.112576 
0.474089 0.214492 0.0655167 
0.336029 0.183255 0.0925511 
0.343449 0.258901 0.201958 
0.51984 0.438859 0.385 
0.816645 0.671107 0.583865 
1.11873 0.85862 0.703044 
1.29213 0.90279 0.664087 
1.25342 0.763385 0.465485 
1.01747 0.493737 0.201708 
0.690616 0.222527 0.0221094 
0.415182 0.0913301 0.0530886 
0.305299 0.189196 0.334199 
0.410288 0.522369 0.807087 
0.711036 1.02399 1.35355 
1.13351 1.58239 1.84596 
1.57108 2.0719 2.18073 
1.91921 2.38747 2.29622 
2.11438 2.48046 2.18769 
2.1496 2.37236 1.91133 
2.05073 2.12679 1.5572 
1.84148 1.80102 1.19884 
1.54319 1.42827 0.86409 
1.21369 1.05123 0.560073 
0.968345 0.760325 0.323892 
0.930237 0.67072 0.231521 
1.13355 0.836176 0.338207 
1.47101 1.17843 0.605097 
1.74724 1.51124 0.893605 
1.80138 1.65107 1.04566 
1.59845 1.52488 0.983308 
1.22545 1.19369 0.74599 
0.81542 0.790889 0.446636 
0.471056 0.438202 0.195765 
0.234227 0.198013 0.0521107 
0.0973687 0.0731527 0.0184235 
0.0299509 0.0321527 0.0639871 
0.00282719 0.0374962 0.150051 
0.0054473 0.0664959 0.247329 
0.0510155 0.119468 0.343333 
0.164514 0.211629 0.438798 
0.358556 0.353112 0.535877 
0.613454 0.531114 0.626842 
0.876404 0.707702 0.692419 
1.08087 0.834915 0.710908 
1.17456 0.877019 0.670813 
1.14181 0.827402 0.578719 
1.01134 0.712727 0.459118 
0.84535 0.582548 0.346813 
0.711672 0.486558 0.273239 
0.648514 0.447582 0.250059 
0.641063 0.445772 0.25911 
0.629177 0.429393 0.26022 
0.548429 0.352184 0.218574 
0.380506 0.213865 0.134613 
0.175838 0.0705823 0.0502215 
0.0277775 0.00127866 0.0203455 
0.0139579 0.0520173 0.0697184 
0.146179 0.200855 0.170687 
0.362736 0.370157 0.261526 
0.564297 0.47505 0.289568 
0.66561 0.470895 0.243847 
0.631711 0.36958 0.154941 
0.484933 0.222376 0.0690646 
0.288112 0.0887447 0.0204728 
0.116804 0.011547 0.0197069 
0.0309749 0.00665648 0.0579798 
0.0533986 0.0641373 0.117727 
0.161834 0.155756 0.18086 
0.300349 0.246051 0.232706 
0.406878 0.304959 0.263475 
0.442461 0.317747 0.26876 
0.404286 0.28714 0.249062 
0.316629 0.227312 0.208638 
0.211809 0.15628 0.155473 
0.11807 0.0931222 0.102995 
0.0573494 0.057285 0.0693053 
0.0416985 0.0610963 0.0680112 
0.0633524 0.0958396 0.093488 
0.0923034 0.12823 0.116479 
0.0964589 0.122619 0.104112 
0.0725382 0.0763989 0.0539347 
0.0527834 0.031077 0.00740993 
0.0709648 0.0370837 0.0188242 
0.119167 0.100169 0.100747 
0.146948 0.166595 0.200756 
0.113232 0.171151 0.241317 
0.0391013 0.104552 0.19068 
8.69459e-05 0.0297353 0.0951669 
0.0574381 0.0254187 0.0378013 
0.194859 0.110858 0.0624469 
0.325309 0.226317 0.137702 
0.362581 0.287142 0.193175 
0.289435 0.256525 0.187562 
0.162179 0.168552 0.140296 
0.0564604 0.0875323 0.101513 
0.0105192 0.0507244 0.0986151 
0.0129614 0.0484899 0.115152 
0.0319568 0.0501532 0.116922 
0.0475167 0.0392559 0.0903154 
0.0583404 0.0223158 0.0516466 
0.0689673 0.0114938 0.0239455 
0.0809461 0.0090589 0.0130861 
0.0982649 0.0122306 0.0100395 
0.13426 0.0274037 0.01125 
0.203945 0.0703037 0.0278352 
0.304961 0.147134 0.0703814 
0.407603 0.237423 0.128051 
0.468174 0.300675 0.169409 
0.456893 0.304199 0.16782 
0.377143 0.246988 0.125888 
0.261657 0.158691 0.073708 
0.151759 0.0770321 0.0430899 
0.0767974 0.0248544 0.0431139 
0.0453217 0.00333663 0.0580264 
0.0480733 0.000724475 0.0650881 
0.0671686 0.00491106 0.0535066 
0.0863243 0.0104107 0.0295371 
0.0979841 0.018057 0.00795567 
0.103813 0.0305233 4.28804e-05 
0.108517 0.0475211 0.00708326 
0.112532 0.063929 0.0217398 
0.110577 0.072469 0.0343507 
0.0973736 0.0691734 0.0393395 
0.0743104 0.0569574 0.037808 
0.0498401 0.0437106 0.0352361 
0.0328795 0.0362919 0.0367519 
0.0256719 0.0359191 0.0442014 
0.0230984 0.0392976 0.0574074 
0.0190319 0.0441963 0.0777096 
0.0132733 0.0533657 0.108916 
0.0117951 0.0717466 0.152643 
0.019704 0.0987743 0.201204 
0.0342696 0.123941 0.236141 
0.045945 0.132186 0.237618 
0.0468555 0.115893 0.199451 
0.0376943 0.0820708 0.136434 
0.0257635 0.0470464 0.0755798 
0.0175299 0.024084 0.0382223 
0.0151717 0.0167481 0.0292985 
0.0198297 0.0228259 0.0416414 
0.0337653 0.0399968 0.0661301 
0.0550492 0.063559 0.0940559 
0.071512 0.0805605 0.112108 
0.0668898 0.0742258 0.103958 
0.0390136 0.0415376 0.0652871 
0.0113015 0.00650865 0.0180845 
0.0200513 0.00934079 0.00312931 
0.0845944 0.075222 0.049971 
0.188527 0.190871 0.150282 
0.291781 0.312585 0.261301 
0.362275 0.39884 0.337651 
0.395995 0.43644 0.362159 
0.407442 0.437494 0.348751 
0.403968 0.41533 0.319195 
0.373675 0.367641 0.279912 
0.300823 0.284873 0.221829 
0.192309 0.173539 0.14105 
0.0853087 0.0672912 0.0570195 
0.0239553 0.00997797 0.00735866 
0.0245726 0.0231388 0.021436 
0.0625274 0.0875549 0.0958425 
0.0941136 0.156892 0.194231 
0.0927187 0.191706 0.271948 
0.0651448 0.183726 0.303959 
0.0359016 0.151936 0.29401 
0.0206358 0.120336 0.26269 
0.0176388 0.101637 0.22998 
0.0212689 0.0979074 0.206506 
0.0346142 0.10756 0.193555 
0.0629815 0.125094 0.184544 
0.0979245 0.136498 0.166843 
0.116472 0.124147 0.129199 
0.102007 0.0834942 0.0739008 
0.0645581 0.0344575 0.0218749 
0.035643 0.0105734 0.000725572 
0.0405706 0.0319017 0.0228018 
0.0762414 0.087112 0.073424 
0.116007 0.142351 0.121363 
0.134233 0.167859 0.141928 
0.125605 0.157687 0.131778 
0.104542 0.12849 0.105617 
0.0915449 0.104696 0.0837022 
0.10075 0.105039 0.0836474 
0.134099 0.136063 0.118074 
0.179969 0.189473 0.19029 
0.217258 0.243674 0.287128 
0.228565 0.275075 0.380151 
0.216512 0.276802 0.442581 
0.205863 0.267734 0.469433 
0.222054 0.276766 0.478359 
0.262972 0.312303 0.486791 
0.29483 0.348249 0.489258 
0.281403 0.344991 0.461367 
0.218516 0.286217 0.386937 
0.137109 0.193321 0.277651 
0.0724082 0.103963 0.164468 
0.0347477 0.0413569 0.0742037 
0.0132493 0.00763923 0.0192102 
0.00247617 0.0012149 0.00570613 
0.0154591 0.0285213 0.0397691 
0.0663194 0.0922575 0.116335 
0.145131 0.1732 0.206011 
0.217083 0.233778 0.264303 
0.248264 0.244762 0.262018 
0.230496 0.207546 0.207444 
0.182016 0.149639 0.13748 
0.128682 0.100783 0.0879211 
0.0866549 0.0741597 0.0718344 
0.0587687 0.0655305 0.0805747 
0.0407939 0.0632907 0.0972963 
0.0290306 0.0577135 0.107205 
0.0249567 0.0457355 0.101253 
0.0351435 0.0324527 0.078486 
0.0651374 0.0283004 0.0477914 
0.110635 0.0413054 0.0244733 
0.15503 0.0698298 0.0214226 
0.178982 0.103306 0.0418802 
0.174965 0.130735 0.0796522 
