0.0964093 0.0857851 0.104302 
0.218236 0.240746 0.296324 
0.40066 0.417783 0.456503 
0.550226 0.51226 0.484364 
0.624998 0.495476 0.383801 
0.629331 0.401902 0.229841 
0.576248 0.2785 0.0956174 
0.467953 0.157067 0.0170313 
0.317531 0.0716817 0.0172157 
0.177295 0.0776182 0.133584 
0.118918 0.216986 0.384073 
0.163287 0.446211 0.694814 
0.235024 0.616706 0.891768 
0.219485 0.57623 0.819399 
0.0948821 0.327321 0.503154 
0.000903208 0.0768815 0.17941 
0.135368 0.0830034 0.116313 
0.548299 0.414253 0.370786 
1.04177 0.859422 0.725979 
1.3033 1.09664 0.886794 
1.16237 0.966041 0.740555 
0.72602 0.583372 0.423111 
0.274805 0.206386 0.15077 
0.03969 0.0178941 0.0266642 
0.0674982 0.0347092 0.018431 
0.25165 0.173096 0.0730228 
0.441532 0.341713 0.187083 
0.523496 0.466949 0.354686 
0.453387 0.486048 0.499889 
0.268965 0.37538 0.516338 
0.0806692 0.194243 0.37918 
0.017874 0.0692331 0.1899 
0.148909 0.107123 0.0946004 
0.437287 0.315202 0.163753 
0.77208 0.604122 0.352409 
1.04154 0.860622 0.559511 
1.18686 1.01683 0.710027 
1.20584 1.067 0.789594 
1.1263 1.04329 0.828306 
0.984644 0.988312 0.870703 
0.82269 0.943609 0.956771 
0.689126 0.944741 1.11042 
0.626127 1.00775 1.32417 
0.641526 1.10932 1.54433 
0.691882 1.1828 1.67758 
0.70334 1.14934 1.63331 
0.62512 0.972143 1.38307 
0.473266 0.691087 0.990446 
0.322904 0.402723 0.579086 
0.251988 0.197903 0.259463 
0.284762 0.109336 0.0745499 
0.382644 0.11083 0.00480995 
0.486152 0.160835 0.0153279 
0.568077 0.246636 0.0948606 
0.652589 0.393011 0.257369 
0.785703 0.633353 0.517609 
0.981507 0.967694 0.867108 
1.18816 1.33684 1.26257 
1.3056 1.63211 1.62642 
1.24938 1.74202 1.86292 
1.01643 1.61351 1.89387 
0.699986 1.28818 1.70054 
0.435996 0.883152 1.34079 
0.317344 0.525442 0.921544 
0.340453 0.286473 0.543985 
0.423162 0.163715 0.263354 
0.474166 0.114665 0.0886593 
0.454887 0.10443 0.00857047 
0.388446 0.124408 0.0106036 
0.321068 0.175766 0.0790653 
0.27888 0.246522 0.186124 
0.256242 0.309961 0.295557 
0.235211 0.343259 0.379287 
0.209062 0.344086 0.430572 
0.187275 0.329381 0.462574 
0.182268 0.320389 0.495835 
0.19441 0.32818 0.544394 
0.209913 0.348829 0.606392 
0.212389 0.368052 0.661722 
0.196052 0.370043 0.679265 
0.167726 0.344913 0.632894 
0.137228 0.292123 0.518241 
0.109105 0.221476 0.359929 
0.0863299 0.153582 0.204971 
0.0789319 0.116409 0.105292 
0.101302 0.13278 0.0958611 
0.156999 0.203947 0.178048 
0.230273 0.305587 0.319637 
0.297043 0.403725 0.473838 
0.340206 0.473591 0.601164 
0.347648 0.499103 0.673485 
0.302302 0.460225 0.663967 
0.196145 0.341443 0.552364 
0.067566 0.169463 0.358709 
0.00863927 0.0332803 0.168289 
0.100196 0.0349959 0.0949934 
0.320473 0.195637 0.190626 
0.533537 0.414202 0.385419 
0.599764 0.545131 0.537014 
0.513953 0.535115 0.558834 
0.426441 0.483232 0.506888 
0.512517 0.55687 0.53699 
0.811555 0.841067 0.771938 
1.18758 1.26189 1.20141 
1.43935 1.64383 1.69331 
1.45111 1.83595 2.08711 
1.26014 1.80099 2.28609 
1.01013 1.61871 2.29546 
0.846098 1.42427 2.2045 
0.823908 1.32519 2.12856 
0.882551 1.33785 2.13397 
0.896405 1.38223 2.18932 
0.780519 1.34881 2.18851 
0.569119 1.19092 2.03708 
0.38815 0.958023 1.72624 
0.335262 0.736634 1.3281 
0.385133 0.566538 0.930584 
0.422552 0.426335 0.589364 
0.366663 0.2927 0.332642 
0.247076 0.186205 0.17937 
0.155075 0.144497 0.129693 
0.142275 0.168913 0.150003 
0.186683 0.223253 0.194745 
0.243401 0.280829 0.24648 
0.29274 0.343291 0.312957 
0.326739 0.401176 0.376527 
0.317776 0.402814 0.373724 
0.237402 0.298661 0.260148 
0.11153 0.122517 0.0985296 
0.0333445 0.0040466 0.0514493 
0.100018 0.0756473 0.25468 
0.331736 0.358648 0.686713 
0.652939 0.739885 1.16559 
0.947553 1.05522 1.47708 
1.13062 1.19658 1.51493 
1.17921 1.15594 1.32075 
1.1159 0.99463 1.01927 
0.976926 0.787708 0.728913 
0.795094 0.591638 0.517197 
0.602552 0.442209 0.405698 
0.437228 0.360253 0.387201 
0.334997 0.346776 0.429795 
0.307056 0.372907 0.476842 
0.324466 0.385671 0.464823 
0.335915 0.341626 0.36209 
0.319183 0.253056 0.204073 
0.329516 0.209767 0.0931305 
0.495225 0.345937 0.151285 
0.941949 0.757244 0.446481 
1.68484 1.4159 0.935709 
2.5687 2.14818 1.46686 
3.3206 2.71036 1.85216 
3.70338 2.93124 1.97909 
3.66698 2.82444 1.8849 
3.37021 2.57172 1.72689 
3.03848 2.36998 1.65136 
2.77576 2.26354 1.66142 
2.51223 2.12397 1.61288 
2.14553 1.81554 1.36748 
1.72343 1.38921 0.970372 
1.45156 1.09078 0.664905 
1.49253 1.14593 0.700502 
1.76637 1.52721 1.10387 
1.98159 1.94541 1.63608 
1.88132 2.0818 1.97783 
1.45786 1.835 1.96463 
0.932739 1.36211 1.66872 
0.552204 0.917237 1.29701 
0.413207 0.66859 1.03486 
0.453147 0.636623 0.959838 
0.550454 0.742036 1.04249 
0.611336 0.87521 1.18693 
0.592086 0.939839 1.27998 
0.490121 0.879869 1.24033 
0.338101 0.698635 1.05257 
0.19441 0.456256 0.766977 
0.113537 0.236137 0.467504 
0.108114 0.0972629 0.229746 
0.138083 0.0441204 0.0888627 
0.15129 0.0392993 0.0316112 
0.155076 0.0560937 0.0226335 
0.25251 0.127561 0.0505244 
0.583369 0.332248 0.145206 
1.19229 0.707711 0.333055 
1.93811 1.17016 0.571133 
2.54794 1.53718 0.74644 
2.7896 1.65297 0.761635 
2.61776 1.50156 0.620828 
2.17407 1.20183 0.420316 
1.66232 0.902211 0.259253 
1.21883 0.683446 0.172401 
0.868953 0.54117 0.142125 
0.569528 0.427167 0.143535 
0.28712 0.298736 0.159229 
0.0640553 0.159978 0.174078 
0.0294692 0.0895298 0.196583 
0.322886 0.217689 0.29022 
0.955923 0.624318 0.54054 
1.72093 1.21714 0.945591 
2.26031 1.72037 1.33967 
2.28577 1.83612 1.4717 
1.78469 1.47084 1.20822 
1.03545 0.826414 0.675668 
0.410608 0.259525 0.186905 
0.129994 0.0227364 0.000423439 
0.15777 0.106562 0.127382 
0.297182 0.300664 0.356374 
0.369266 0.392701 0.457334 
0.321025 0.320581 0.367708 
0.206071 0.168646 0.203979 
0.0991113 0.0530995 0.120207 
0.0354834 0.022 0.166741 
0.00931369 0.0461333 0.272018 
0.00170718 0.0761572 0.334862 
0.00277446 0.0939651 0.319188 
0.0192165 0.117409 0.266637 
0.0724119 0.171217 0.23646 
0.182151 0.257093 0.243958 
0.334052 0.343073 0.252674 
0.458648 0.377636 0.217592 
0.465067 0.326677 0.136216 
0.327841 0.215361 0.0641725 
0.152159 0.135901 0.0790246 
0.131339 0.192119 0.212482 
0.402922 0.409208 0.402447 
0.92687 0.69393 0.518865 
1.51858 0.910936 0.470496 
2.03386 1.03571 0.323101 
2.54219 1.24622 0.319309 
3.30504 1.83515 0.744029 
4.53973 2.97206 1.70461 
6.15617 4.49641 2.98967 
7.70674 5.92975 4.13732 
8.6217 6.73046 4.68962 
8.55957 6.61349 4.45806 
7.60545 5.70214 3.61262 
6.18723 4.42135 2.54958 
4.8096 3.24391 1.66102 
3.8127 2.47717 1.17042 
3.27953 2.18836 1.09836 
3.07677 2.24157 1.31103 
2.96157 2.38734 1.59184 
2.71212 2.38062 1.72765 
2.24415 2.10221 1.60635 
1.64629 1.61467 1.27182 
1.09674 1.09722 0.877567 
0.728528 0.70924 0.569647 
0.568044 0.507421 0.407999 
0.582969 0.474009 0.385824 
0.743488 0.580166 0.485919 
1.00446 0.787857 0.684589 
