0.784006 0.921895 0.867392 
0.677971 0.671366 0.569304 
0.612704 0.491271 0.361972 
0.474623 0.294564 0.189654 
0.26576 0.0937646 0.0666529 
0.103945 0.000667634 0.0745045 
0.128437 0.125646 0.269984 
0.385481 0.465781 0.597085 
0.775098 0.874236 0.89096 
1.09849 1.13625 0.975514 
1.18551 1.10448 0.782738 
1.02446 0.808751 0.414111 
0.793317 0.461305 0.103002 
0.742747 0.332724 0.0887038 
0.998574 0.565004 0.464961 
1.44105 1.05545 1.09915 
1.7757 1.51254 1.69185 
1.7504 1.65368 1.95193 
1.34108 1.39399 1.76825 
0.75656 0.883439 1.25666 
0.275217 0.381411 0.662521 
0.0625434 0.0867187 0.210105 
0.106986 0.0510154 0.00972808 
0.286464 0.206388 0.0591379 
0.473766 0.443261 0.293701 
0.592394 0.665213 0.626626 
0.611575 0.804329 0.965962 
0.527237 0.827299 1.2336 
0.366159 0.754229 1.40121 
0.203449 0.673968 1.52037 
0.157997 0.724035 1.70987 
0.349738 1.0293 2.09252 
0.839377 1.63213 2.71741 
1.58679 2.45714 3.51769 
2.44968 3.32846 4.32624 
3.22084 4.0247 4.93222 
3.69058 4.34498 5.1464 
3.71766 4.16864 4.85541 
3.28625 3.49921 4.06112 
2.52295 2.48129 2.9019 
1.66063 1.37746 1.64221 
0.961238 0.499855 0.613869 
0.626584 0.107126 0.107586 
0.724507 0.295975 0.243777 
1.15303 0.935431 0.88709 
1.66766 1.69769 1.67685 
1.9847 2.2028 2.19404 
1.92514 2.21459 2.18519 
1.51126 1.76247 1.69436 
0.93877 1.09635 1.00229 
0.439177 0.507023 0.419915 
0.139418 0.15335 0.10113 
0.0235548 0.0194925 0.00862174 
0.00293112 0.000610204 0.0188408 
0.0101427 0.0116368 0.0411797 
0.0348762 0.0276008 0.0533096 
0.0944042 0.0550643 0.0635499 
0.189103 0.093495 0.0721369 
0.286705 0.126469 0.0699361 
0.339573 0.135456 0.0545017 
0.315525 0.113411 0.0335718 
0.222284 0.0698552 0.0159774 
0.110371 0.0283452 0.00578864 
0.0465914 0.0142853 0.00313132 
0.0696968 0.0358428 0.00511405 
0.160972 0.0745798 0.00772189 
0.257925 0.100402 0.0131178 
0.303375 0.0999583 0.0339873 
0.28833 0.0885132 0.0806574 
0.251324 0.0906194 0.137903 
0.236631 0.109657 0.162597 
0.251045 0.120028 0.120738 
0.260157 0.0932841 0.0375807 
0.229511 0.0357401 0.00905249 
0.173312 0.00245357 0.150505 
0.160213 0.0689945 0.514121 
0.259234 0.274125 1.03494 
0.466577 0.573034 1.54538 
0.682925 0.842759 1.8525 
0.774226 0.949126 1.83501 
0.672445 0.834354 1.5062 
0.429835 0.558894 1.00579 
0.178301 0.261235 0.523964 
0.0303061 0.0655155 0.203155 
0.00664317 0.00923073 0.0786902 
0.0448998 0.0424777 0.09088 
0.0678967 0.0878414 0.149784 
0.0468639 0.104924 0.200526 
0.0121519 0.110763 0.246212 
0.015241 0.150518 0.323333 
0.080621 0.250058 0.457506 
0.18411 0.388173 0.63402 
0.268786 0.505856 0.800775 
0.283794 0.543399 0.897816 
0.218774 0.479327 0.892558 
0.111291 0.3459 0.79916 
0.0231191 0.2119 0.671826 
0.00235242 0.144612 0.577348 
0.0570486 0.175323 0.563152 
0.156036 0.288354 0.638031 
0.252666 0.436945 0.774348 
0.313892 0.573094 0.928033 
0.337668 0.672562 1.06313 
0.350709 0.741623 1.16605 
0.388337 0.803405 1.24207 
0.466517 0.873244 1.29868 
0.563196 0.939783 1.32965 
0.625181 0.966515 1.3131 
0.6014 0.915157 1.226 
0.480897 0.774813 1.06371 
0.305622 0.574354 0.84889 
0.146266 0.367853 0.622181 
0.0594235 0.204495 0.422236 
0.0577164 0.105242 0.269931 
0.110286 0.0600691 0.16605 
0.166978 0.0426951 0.100152 
0.188071 0.0304002 0.06181 
0.164985 0.0178883 0.0469647 
0.123479 0.0185559 0.0564721 
0.105575 0.0510353 0.0879088 
0.137099 0.117664 0.126594 
0.20323 0.192333 0.146199 
0.25648 0.234148 0.125605 
0.257655 0.222928 0.074057 
0.218006 0.188181 0.0428875 
0.203583 0.201762 0.106354 
0.292445 0.332305 0.317404 
0.515396 0.592676 0.66672 
0.824386 0.919181 1.07407 
1.11018 1.19781 1.41938 
1.25584 1.32054 1.59582 
1.19417 1.23908 1.55666 
0.942807 0.990722 1.33516 
0.605901 0.688048 1.03174 
0.340727 0.477323 0.775128 
0.293184 0.477179 0.670435 
0.520897 0.717688 0.751574 
0.9459 1.11159 0.960493 
1.38333 1.48773 1.17247 
1.6501 1.68359 1.2639 
1.68642 1.64205 1.18377 
1.59143 1.43761 0.975484 
1.53349 1.20585 0.730579 
1.60635 1.03554 0.516907 
1.7562 0.919323 0.348788 
1.83855 0.799941 0.219917 
1.74183 0.651414 0.14831 
1.46255 0.505851 0.170434 
1.08213 0.406516 0.287551 
0.695951 0.353162 0.433273 
0.370723 0.306591 0.513372 
0.147818 0.241603 0.484305 
0.0536917 0.179788 0.387294 
0.089336 0.163558 0.301934 
0.217495 0.206561 0.272025 
0.378392 0.280784 0.282508 
0.528205 0.352189 0.303256 
0.662566 0.419443 0.340418 
0.802255 0.511064 0.43368 
0.958587 0.646491 0.603193 
1.11235 0.803716 0.80538 
1.21955 0.924062 0.945765 
1.23147 0.946477 0.939963 
1.11434 0.842426 0.772105 
0.866705 0.630851 0.507129 
0.535539 0.371323 0.252454 
0.220921 0.142728 0.0984889 
0.0522684 0.0150316 0.0751588 
0.133823 0.0220774 0.146373 
0.483723 0.14608 0.240196 
1.00532 0.322962 0.293134 
1.51606 0.468908 0.281805 
1.82563 0.517284 0.226766 
1.82349 0.448863 0.172867 
1.52731 0.300119 0.163232 
1.06459 0.143377 0.220918 
0.599818 0.0468597 0.34084 
0.253533 0.0371122 0.489398 
0.0632537 0.0897821 0.614288 
0.00292653 0.157452 0.668863 
0.0315057 0.2127 0.642832 
0.122931 0.267946 0.575098 
0.257009 0.352953 0.530064 
0.396297 0.473063 0.550406 
0.489186 0.593555 0.627097 
0.506911 0.670703 0.716716 
0.478721 0.701191 0.791771 
0.484888 0.740091 0.876065 
0.606874 0.866176 1.02958 
0.873398 1.12116 1.29342 
1.24023 1.46934 1.64048 
1.60913 1.80476 1.97303 
1.86686 1.99996 2.17462 
1.92663 1.97099 2.18649 
1.76321 1.72663 2.05868 
1.42971 1.37155 1.93166 
1.03886 1.05001 1.94318 
0.708622 0.855632 2.1135 
0.505565 0.771325 2.29882 
0.433183 0.696876 2.27129 
0.478683 0.556207 1.88824 
0.671965 0.397978 1.2265 
1.08412 0.389343 0.564652 
1.73983 0.683369 0.20789 
2.51034 1.25795 0.280806 
3.10425 1.87117 0.64767 
3.21311 2.19652 1.02128 
2.72706 2.04706 1.16961 
1.84131 1.50763 1.05591 
0.939145 0.862332 0.815971 
0.330597 0.38236 0.622014 
0.0692602 0.162529 0.569758 
0.00756875 0.14082 0.676924 
0.0244914 0.252266 0.954285 
0.189064 0.539052 1.43822 
0.687067 1.09391 2.12924 
1.57888 1.89551 2.90034 
2.63242 2.71448 3.49126 
3.41007 3.20614 3.63182 
3.55192 3.12961 3.21369 
3.02139 2.51719 2.37854 
2.12029 1.66479 1.458 
1.27793 0.961059 0.814757 
0.787335 0.682915 0.690892 
0.672637 0.88155 1.13577 
0.752706 1.4027 2.01647 
0.826815 2.00403 3.07713 
0.840071 2.49361 4.02193 
0.911635 2.81268 4.60825 
1.20487 3.01637 4.724 
1.73507 3.16682 4.40709 
2.27449 3.22272 3.78842 
2.46258 3.03128 3.00051 
2.07343 2.45875 2.13145 
1.24469 1.57104 1.26529 
0.469632 0.703764 0.55756 
0.323018 0.325669 0.242497 
1.10141 0.762342 0.520921 
2.6299 1.97109 1.39626 
4.3586 3.52956 2.59511 
5.66057 4.84431 3.65685 
6.12472 5.43653 4.14872 
5.68585 5.1348 3.87274 
4.57211 4.09674 2.94831 
3.1544 2.69485 1.74471 
1.79539 1.35439 0.718988 
0.754182 0.414766 0.238041 
0.15567 0.0468341 0.447114 
0.00668653 0.232166 1.22468 
0.229853 0.799131 2.24296 
0.694924 1.502 3.11879 
