1.54875 1.1968 0.797252 
1.66817 1.40865 1.13823 
2.12766 2.00351 1.87833 
2.83185 2.88742 2.91645 
3.54836 3.81671 4.0007 
4.01033 4.50019 4.82914 
4.04078 4.7291 5.18028 
3.63223 4.46606 5.0045 
2.93977 3.84759 4.42953 
2.19589 3.10466 3.68326 
1.59937 2.45151 2.98276 
1.24005 2.00439 2.45171 
1.09296 1.766 2.10238 
1.06977 1.66721 1.87487 
1.08465 1.6267 1.69532 
1.09277 1.5897 1.51509 
1.08828 1.53257 1.31702 
1.07857 1.44719 1.10178 
1.0631 1.3287 0.875662 
1.0328 1.17809 0.650596 
0.984724 1.01254 0.449843 
0.934306 0.868311 0.30651 
0.912591 0.788125 0.24985 
0.950249 0.800085 0.287556 
1.06104 0.902953 0.397873 
1.23637 1.06804 0.538486 
1.45297 1.25553 0.66656 
1.68657 1.4339 0.756911 
1.92301 1.59134 0.808384 
2.16196 1.73567 0.837952 
2.4139 1.88599 0.869444 
2.69248 2.06175 0.924028 
3.0041 2.2727 1.01484 
3.33703 2.51103 1.14416 
3.65488 2.7481 1.30176 
3.8999 2.93836 1.4654 
4.00826 3.03168 1.60553 
3.93234 2.99012 1.69343 
3.65932 2.80121 1.70879 
3.21643 2.48094 1.64281 
2.66078 2.06588 1.49629 
2.06075 1.60085 1.27697 
1.47941 1.1303 1.00069 
0.966301 0.696655 0.69664 
0.556581 0.342011 0.410648 
0.271447 0.105698 0.199367 
0.11579 0.0141756 0.112934 
0.074546 0.0673219 0.172705 
0.113332 0.230684 0.356413 
0.187382 0.441688 0.601135 
0.25682 0.629846 0.825096 
0.300765 0.742061 0.958607 
0.322306 0.76056 0.96921 
0.341581 0.704955 0.869701 
0.3813 0.618853 0.707481 
0.45316 0.549364 0.543348 
0.552269 0.530172 0.431528 
0.661211 0.574938 0.409185 
0.759776 0.68091 0.496127 
0.834038 0.837325 0.699464 
0.880245 1.03237 1.01701 
0.902914 1.25543 1.43673 
0.909788 1.4953 1.93401 
0.907073 1.73748 2.47063 
0.897053 1.96298 2.99757 
0.878221 2.14967 3.46142 
0.846974 2.27527 3.81176 
0.799819 2.32102 4.00767 
0.735267 2.275 4.02243 
0.65472 2.13434 3.84664 
0.561878 1.90591 3.48996 
0.461083 1.60544 2.98109 
0.356124 1.25627 2.36634 
0.251213 0.888775 1.70688 
0.154022 0.540311 1.07448 
0.077944 0.252916 0.543702 
0.0395293 0.0655678 0.178673 
0.0497249 0.000571255 0.0152067 
0.10308 0.0495888 0.044457 
0.173239 0.168966 0.208183 
0.221348 0.29182 0.413304 
0.215998 0.355175 0.564082 
0.154002 0.329596 0.598813 
0.0680924 0.23437 0.512621 
0.0141675 0.127836 0.353748 
0.0434485 0.0768479 0.195164 
0.175187 0.122219 0.0974286 
0.385901 0.259497 0.083079 
0.621185 0.444969 0.134837 
0.822693 0.62158 0.215071 
0.954795 0.748568 0.292019 
1.01702 0.818107 0.356309 
1.03749 0.851414 0.419424 
1.05257 0.87896 0.497764 
1.08422 0.917626 0.594395 
1.12607 0.958115 0.690964 
1.14504 0.969532 0.755191 
1.09832 0.918531 0.759505 
0.958309 0.79243 0.699355 
0.733572 0.613064 0.599526 
0.473837 0.432539 0.50368 
0.25412 0.311783 0.452517 
0.144032 0.292828 0.463225 
0.177481 0.379915 0.522396 
0.338747 0.539713 0.596206 
0.57194 0.719653 0.650825 
0.807495 0.873013 0.670146 
0.990406 0.976667 0.660998 
1.09598 1.03366 0.645287 
1.12821 1.06277 0.646709 
1.1062 1.08366 0.680686 
1.04877 1.10558 0.750624 
0.964997 1.12272 0.847425 
0.853017 1.11531 0.948625 
0.70588 1.05566 1.01864 
0.521753 0.919935 1.01623 
0.315426 0.704657 0.912973 
0.125971 0.442116 0.716686 
0.0139227 0.203398 0.484818 
0.0437408 0.0802619 0.312906 
0.255156 0.147928 0.296443 
0.63607 0.424702 0.482315 
1.11305 0.850825 0.836321 
1.56864 1.30167 1.24735 
1.88063 1.63258 1.56942 
1.96597 1.73506 1.68201 
1.80909 1.57809 1.53941 
1.46329 1.21656 1.18696 
1.02732 0.765925 0.73929 
0.609981 0.357245 0.333631 
0.297178 0.0920696 0.0793844 
0.131033 0.0130315 0.0232338 
0.104023 0.0969969 0.139699 
0.167218 0.26971 0.347026 
0.250112 0.435612 0.54071 
0.287725 0.513468 0.632781 
0.247307 0.466603 0.583774 
0.144072 0.31689 0.416307 
0.0368945 0.135823 0.204865 
0.00268211 0.0145842 0.0450231 
0.0991968 0.0246627 0.0141528 
0.333907 0.186319 0.140086 
0.655344 0.459693 0.391386 
0.972716 0.762902 0.693098 
1.19474 1.00814 0.95976 
1.26826 1.13784 1.12945 
1.19745 1.14369 1.18307 
1.03508 1.06081 1.14182 
0.852436 0.943211 1.04764 
0.705093 0.835223 0.939403 
0.612205 0.754209 0.837769 
0.557593 0.691101 0.744268 
0.508216 0.624594 0.650876 
0.436957 0.538036 0.551319 
0.336872 0.429028 0.446669 
0.221512 0.308482 0.343702 
0.114925 0.193085 0.249766 
0.0397798 0.0979481 0.169228 
0.0104699 0.0339104 0.103859 
0.0327675 0.00927737 0.056077 
0.106848 0.0326707 0.032415 
0.229448 0.113708 0.0453319 
0.393107 0.260316 0.112464 
0.583339 0.473306 0.252289 
0.776128 0.739636 0.474871 
0.937958 1.02641 0.768428 
1.02992 1.27922 1.08745 
1.0169 1.42987 1.35276 
0.881476 1.41664 1.47229 
0.639193 1.21364 1.38114 
0.347715 0.856904 1.08402 
0.100674 0.449647 0.674568 
0.00120293 0.135055 0.311897 
0.120618 0.0412849 0.157013 
0.459463 0.222108 0.297589 
0.932908 0.625212 0.702108 
1.39452 1.10989 1.23224 
1.69355 1.51007 1.71019 
1.74084 1.71184 2.00475 
1.55032 1.70369 2.08728 
1.23279 1.5718 2.02682 
0.943231 1.44357 1.9308 
0.807886 1.41267 1.87111 
0.868025 1.48849 1.8424 
1.06793 1.59718 1.77659 
1.29019 1.62967 1.59961 
1.41684 1.50579 1.28993 
1.38441 1.21742 0.899901 
1.20806 0.830224 0.528168 
0.969132 0.450044 0.264708 
0.778268 0.178099 0.146443 
0.73373 0.0794047 0.150484 
0.889842 0.173656 0.223718 
1.24121 0.441227 0.322536 
1.72162 0.830991 0.432617 
2.21608 1.26414 0.557163 
2.58662 1.64038 0.688092 
2.71141 1.85785 0.788489 
2.52969 1.8496 0.806066 
2.07608 1.62347 0.71294 
1.48526 1.28138 0.544797 
0.956617 0.998506 0.408923 
0.687138 0.963081 0.448624 
0.798827 1.30067 0.779151 
1.29287 2.0188 1.42884 
2.05182 2.99912 2.31696 
2.88797 4.04017 3.27889 
3.61367 4.92876 4.12384 
4.10085 5.50611 4.69612 
4.30595 5.70273 4.91462 
4.25732 5.53596 4.78118 
4.02099 5.08314 4.36506 
3.66787 4.45033 3.7774 
3.25763 3.74978 3.14532 
2.83956 3.08671 2.58767 
2.45911 2.54796 2.19071 
2.15786 2.18688 1.98566 
1.96327 2.00773 1.93685 
1.87567 1.96049 1.951 
1.86449 1.95604 1.91153 
1.88152 1.90185 1.7286 
1.88769 1.74549 1.38493 
1.88032 1.506 0.955305 
1.90519 1.27648 0.588315 
2.04409 1.19348 0.454868 
2.38007 1.38353 0.68315 
2.95353 1.9075 1.30535 
3.72731 2.72466 2.23651 
4.57689 3.69083 3.29302 
5.31319 4.59297 4.24398 
5.73408 5.20966 4.87742 
5.68977 5.37825 5.05974 
5.14041 5.04648 4.76952 
4.18381 4.29059 4.09604 
3.03913 3.2923 3.20473 
1.98648 2.28104 2.28232 
1.27909 1.46058 1.48158 
1.05796 0.946187 0.884598 
1.3016 0.735938 0.49625 
1.83389 0.727826 0.267725 
2.3919 0.776332 0.137886 
2.73103 0.765606 0.0734316 
2.72668 0.667894 0.0894702 
2.42875 0.560083 0.240457 
2.04167 0.587725 0.584381 
1.83297 0.888843 1.1356 
2.00588 1.50992 1.82879 
2.59235 2.35428 2.51463 
3.4183 3.19318 2.99667 
4.16463 3.74431 3.1017 
4.50316 3.79044 2.75867 
