0.561193 0.849897 0.621944 
0.880045 1.27024 0.992543 
1.32621 1.79731 1.47357 
1.83838 2.36205 2.01123 
2.30612 2.84785 2.50313 
2.59795 3.11797 2.819 
2.60993 3.06427 2.84356 
2.31494 2.65876 2.52741 
1.7874 1.9827 1.92253 
1.18592 1.21348 1.18169 
0.695725 0.567528 0.514635 
0.453604 0.219869 0.114951 
0.489874 0.234751 0.087272 
0.716259 0.540441 0.407707 
0.96787 0.961973 0.936548 
1.08109 1.29859 1.47848 
0.97079 1.41065 1.863 
0.669861 1.27588 2.00853 
0.31222 0.990036 1.94276 
0.068635 0.714497 1.77388 
0.0679984 0.599074 1.63145 
0.343345 0.718958 1.60811 
0.82823 1.05497 1.72971 
1.40247 1.52222 1.96336 
1.96078 2.02697 2.25275 
2.46685 2.5183 2.55685 
2.96409 3.00659 2.8696 
3.53805 3.54009 3.21091 
4.25107 4.15472 3.59611 
5.08428 4.82597 4.00295 
5.9186 5.45126 4.35697 
6.56674 5.8752 4.54634 
6.84283 5.94805 4.46274 
6.63787 5.59085 4.05065 
5.96594 4.83593 3.34176 
4.96061 3.82274 2.45613 
3.82462 2.74995 1.56655 
2.75763 1.8057 0.839687 
1.89574 1.10757 0.379499 
1.28787 0.678479 0.197744 
0.91327 0.465109 0.22344 
0.723131 0.384424 0.344224 
0.678899 0.370746 0.457698 
0.76587 0.399194 0.50804 
0.978698 0.477361 0.493424 
1.2937 0.616296 0.44651 
1.65052 0.802639 0.403642 
1.95837 0.990432 0.381381 
2.12571 1.11704 0.371258 
2.09676 1.13225 0.351353 
1.87443 1.02257 0.304073 
1.51717 0.81687 0.2283 
1.11276 0.57171 0.139803 
0.743425 0.345969 0.061884 
0.459823 0.178658 0.0132843 
0.27383 0.0799597 0.000386095 
0.169084 0.0367689 0.0167607 
0.119806 0.0266299 0.0485626 
0.106805 0.0313574 0.0817556 
0.124027 0.0442357 0.107524 
0.175654 0.0696365 0.124363 
0.268495 0.117976 0.137549 
0.405308 0.200261 0.15769 
0.58245 0.325172 0.199756 
0.7919 0.499182 0.282771 
1.02525 0.728079 0.429213 
1.27661 1.01744 0.662502 
1.54222 1.37011 1.0012 
1.81661 1.7805 1.44982 
2.08709 2.22728 1.98816 
2.32987 2.66851 2.56341 
2.51136 3.04334 3.0906 
2.5963 3.28332 3.4661 
2.56152 3.33256 3.59453 
2.40971 3.17075 3.42302 
2.17611 2.82935 2.9701 
1.92234 2.39128 2.33476 
1.71695 1.97006 1.67628 
1.60992 1.6737 1.16708 
1.61284 1.56719 0.934576 
1.69542 1.65021 1.01585 
1.80148 1.86064 1.34547 
1.87642 2.10243 1.78292 
1.89138 2.28384 2.16751 
1.85044 2.34786 2.37587 
1.77739 2.28192 2.35747 
1.6914 2.10644 2.13624 
1.58866 1.85396 1.78421 
1.44306 1.55347 1.38538 
1.22682 1.2281 1.00848 
0.93731 0.90307 0.69732 
0.611474 0.612447 0.474794 
0.315792 0.394944 0.34984 
0.115691 0.278113 0.319102 
0.0420377 0.260775 0.363238 
0.0751524 0.30702 0.44476 
0.156492 0.358854 0.514541 
0.221347 0.36278 0.527858 
0.23342 0.29618 0.463132 
0.20177 0.178807 0.332989 
0.171791 0.0630329 0.180608 
0.197148 0.00829334 0.0619922 
0.309312 0.0530706 0.022224 
0.500562 0.197742 0.0765904 
0.727053 0.404836 0.204781 
0.927522 0.614499 0.360077 
1.04677 0.766932 0.488824 
1.05358 0.8224 0.551353 
0.947699 0.772081 0.535363 
0.756428 0.63742 0.456609 
0.52431 0.459871 0.347826 
0.300332 0.285838 0.242509 
0.126081 0.152648 0.162241 
0.0272376 0.0802442 0.113391 
0.00978387 0.0702237 0.092663 
0.0611381 0.110352 0.0953053 
0.155303 0.180842 0.118893 
0.260361 0.259476 0.160257 
0.346573 0.325203 0.209752 
0.393547 0.361744 0.250108 
0.394981 0.361991 0.263644 
0.359365 0.331397 0.243999 
0.305572 0.286779 0.203169 
0.254243 0.248694 0.166569 
0.218523 0.230222 0.157543 
0.199152 0.229045 0.18149 
0.18711 0.228979 0.22135 
0.172386 0.21114 0.248506 
0.152803 0.167561 0.241761 
0.136177 0.107498 0.200868 
0.133558 0.051412 0.14517 
0.148246 0.0167976 0.0992429 
0.169368 0.00654377 0.0770981 
0.176279 0.00891925 0.0768582 
0.152247 0.00942514 0.0888317 
0.0983056 0.00534667 0.10898 
0.036903 0.0113211 0.14574 
0.00142397 0.0507748 0.214032 
0.0174438 0.138734 0.320989 
0.0875275 0.268119 0.454753 
0.189169 0.409283 0.585414 
0.286743 0.523234 0.678009 
0.349477 0.579886 0.708989 
0.364512 0.570213 0.675915 
0.338563 0.506402 0.595783 
0.289568 0.412327 0.495156 
0.235306 0.311787 0.399175 
0.186016 0.221119 0.324822 
0.14373 0.148076 0.279259 
0.106263 0.0945751 0.261017 
0.0718727 0.0599185 0.262221 
0.0418147 0.0428831 0.271878 
0.0204033 0.042948 0.280788 
0.0136304 0.0611489 0.286785 
0.0273002 0.0999995 0.296896 
0.0650402 0.161505 0.323521 
0.126463 0.243541 0.375451 
0.20621 0.336827 0.44889 
0.294732 0.425313 0.524856 
0.380895 0.49103 0.575875 
0.455269 0.52133 0.578904 
0.512326 0.514398 0.5271 
0.5505 0.479729 0.433606 
0.570534 0.433286 0.325451 
0.573661 0.39029 0.231486 
0.561037 0.359714 0.17121 
0.534618 0.343018 0.149909 
0.498432 0.336878 0.16115 
0.458881 0.337393 0.193577 
0.423398 0.342972 0.237357 
0.397938 0.354379 0.286952 
0.384539 0.372405 0.339787 
0.38021 0.394971 0.392793 
0.377832 0.415705 0.439681 
0.368919 0.425145 0.470905 
0.347266 0.414238 0.476478 
0.311934 0.378528 0.450106 
0.268068 0.320871 0.392462 
0.224858 0.251197 0.311935 
0.191384 0.183308 0.222606 
0.172345 0.130216 0.140486 
0.165929 0.100144 0.0795985 
0.164899 0.0946268 0.0490417 
0.160168 0.108859 0.0512812 
0.144815 0.133411 0.0814614 
0.116692 0.156484 0.127761 
0.0791194 0.166583 0.17339 
0.0404495 0.155947 0.200835 
0.0133729 0.124466 0.197892 
0.0137009 0.0824541 0.163412 
0.0572788 0.0498116 0.109731 
0.154136 0.0500905 0.0595803 
0.301194 0.100697 0.037827 
0.477381 0.203443 0.0613385 
0.645538 0.340655 0.131687 
0.76286 0.479916 0.234278 
0.79676 0.586071 0.344279 
0.739013 0.635018 0.436294 
0.610673 0.622543 0.49308 
0.454383 0.564005 0.509582 
0.317208 0.485567 0.491379 
0.232141 0.411944 0.449536 
0.207016 0.356921 0.395156 
0.22539 0.320665 0.336174 
0.257609 0.29377 0.277023 
0.275526 0.264639 0.220057 
0.263614 0.225903 0.167061 
0.222316 0.177163 0.119842 
0.164028 0.123891 0.079968 
0.105401 0.0742241 0.0483625 
0.0602024 0.0357121 0.0253598 
0.0353731 0.0132353 0.0111922 
0.0306982 0.00828607 0.00642477 
0.0411133 0.0193004 0.011876 
0.0603283 0.0428102 0.0280468 
0.0846722 0.0753532 0.0546053 
0.116149 0.115855 0.0905774 
0.163489 0.16756 0.135383 
0.23996 0.238008 0.189976 
0.357392 0.335741 0.256699 
0.517546 0.463747 0.336749 
0.704078 0.61195 0.42567 
0.879794 0.753112 0.509442 
0.99339 0.846817 0.565064 
0.996526 0.853443 0.568361 
0.866602 0.754435 0.507694 
0.625245 0.569501 0.397086 
0.341106 0.359283 0.27949 
0.110417 0.2068 0.213756 
0.019483 0.181762 0.247391 
0.104711 0.303489 0.387317 
0.330914 0.523176 0.585904 
0.602511 0.739532 0.754671 
0.806146 0.845125 0.804117 
0.865484 0.782555 0.69222 
0.780061 0.581141 0.456153 
0.626708 0.352364 0.20765 
0.521457 0.243099 0.090343 
0.561243 0.368205 0.217558 
0.77554 0.755514 0.620089 
1.11206 1.32983 1.22886 
1.46169 1.94231 1.89987 
1.70737 2.42914 2.46836 
1.77142 2.67106 2.80668 
1.63996 2.62835 2.86165 
1.35785 2.34121 2.65968 
1.00244 1.90214 2.28389 
0.652223 1.41768 1.83809 
0.36421 0.976498 1.41395 
0.165753 0.633102 1.07194 
0.0584223 0.407255 0.837648 
