1.48213 1.30647 0.876584 
1.73683 1.35979 0.763889 
1.76513 1.18243 0.498485 
1.58975 0.869359 0.217334 
1.27975 0.54368 0.0422055 
0.910572 0.28469 0.00376568 
0.555063 0.115404 0.0494445 
0.279894 0.0301809 0.10893 
0.12054 0.0126802 0.145192 
0.057583 0.0324333 0.154539 
0.0388256 0.0507733 0.142232 
0.0436889 0.0535341 0.115651 
0.127181 0.0813593 0.0989652 
0.389515 0.215298 0.138046 
0.88846 0.515165 0.273389 
1.56543 0.955049 0.496282 
2.24243 1.40728 0.727946 
2.69256 1.6934 0.850475 
2.7448 1.67801 0.780133 
2.37052 1.35172 0.534478 
1.70582 0.848774 0.237963 
0.990218 0.380384 0.0525014 
0.451326 0.124257 0.0822239 
0.205767 0.144924 0.325225 
0.235468 0.391161 0.699453 
0.436449 0.749582 1.10083 
0.685088 1.0976 1.43585 
0.876855 1.32846 1.62255 
0.942681 1.36986 1.6022 
0.86923 1.21782 1.38176 
0.716328 0.958875 1.06207 
0.59198 0.731529 0.791891 
0.574905 0.630185 0.661611 
0.644259 0.631607 0.633545 
0.694082 0.62407 0.588561 
0.631765 0.520132 0.450669 
0.46441 0.339859 0.261024 
0.285528 0.180502 0.124582 
0.190652 0.119629 0.0985015 
0.232838 0.175033 0.159085 
0.462357 0.361742 0.281407 
0.957885 0.741894 0.511995 
1.74338 1.35406 0.910985 
2.6453 2.07283 1.41114 
3.28245 2.58598 1.77821 
3.28663 2.58493 1.76813 
2.59534 2.02105 1.34586 
1.53653 1.17299 0.736058 
0.605543 0.444555 0.244396 
0.129184 0.0803703 0.0279462 
0.102231 0.0499065 0.0286133 
0.291458 0.159859 0.0933835 
0.459516 0.24302 0.125255 
0.506961 0.251797 0.124965 
0.462256 0.223231 0.130045 
0.391112 0.199189 0.148684 
0.327765 0.185821 0.15331 
0.273411 0.170669 0.122557 
0.237005 0.16272 0.0828235 
0.259965 0.207028 0.107573 
0.387076 0.349733 0.264118 
0.607793 0.580734 0.544579 
0.835998 0.816466 0.847689 
0.963518 0.953549 1.04315 
0.940161 0.946489 1.06655 
0.800249 0.831671 0.955223 
0.617002 0.680292 0.797931 
0.443604 0.53963 0.660844 
0.297553 0.419361 0.560102 
0.180651 0.314289 0.482711 
0.0956099 0.223581 0.414149 
0.0505047 0.15839 0.356116 
0.0663361 0.15295 0.344041 
0.177429 0.264158 0.448271 
0.394804 0.523841 0.721851 
0.648996 0.862895 1.11278 
0.790576 1.1 1.4373 
0.696737 1.05694 1.48589 
0.409513 0.723242 1.19344 
0.156383 0.303074 0.707018 
0.194819 0.0709889 0.271013 
0.605964 0.161849 0.0427179 
1.23384 0.498362 0.0264399 
1.82595 0.912005 0.168873 
2.22322 1.30146 0.463376 
2.40859 1.64801 0.911773 
2.40147 1.90149 1.39708 
2.16573 1.92204 1.66758 
1.66377 1.5916 1.5158 
0.987664 0.981296 0.985792 
0.388872 0.369338 0.3772 
0.146213 0.0679373 0.0301373 
0.398921 0.229985 0.107334 
1.09389 0.804388 0.559084 
2.04935 1.62094 1.22746 
3.02936 2.46869 1.92589 
3.77762 3.11544 2.44556 
4.06363 3.34466 2.5886 
3.78244 3.06273 2.28547 
3.04102 2.39304 1.69037 
2.12224 1.62874 1.11086 
1.31971 1.04457 0.791565 
0.772073 0.723717 0.741745 
0.436784 0.554153 0.767804 
0.209631 0.386329 0.673895 
0.0534774 0.188173 0.435499 
0.000176529 0.0441041 0.187735 
0.0433752 0.0168515 0.0603262 
0.0839046 0.0500177 0.0478356 
0.0420932 0.0515854 0.0634327 
0.0327141 0.0771641 0.112007 
0.360868 0.370831 0.358114 
1.2519 1.1447 0.962044 
2.5474 2.2893 1.83674 
3.70667 3.34269 2.61439 
4.17317 3.80597 2.90862 
3.78377 3.52145 2.6271 
2.84693 2.75646 2.02291 
1.85472 1.94612 1.45594 
1.13535 1.37824 1.12971 
0.738941 1.09481 1.03951 
0.559221 1.00446 1.0948 
0.48687 1.00919 1.21819 
0.454616 1.02841 1.33392 
0.410811 0.979432 1.34034 
0.316883 0.806484 1.16325 
0.183224 0.541828 0.842786 
0.0856027 0.312277 0.53551 
0.127856 0.263604 0.40839 
0.380282 0.468263 0.524818 
0.842108 0.891605 0.822082 
1.44541 1.42594 1.17649 
2.08451 1.9482 1.48036 
2.64608 2.35941 1.67591 
3.02536 2.59432 1.74792 
3.13261 2.61312 1.70213 
2.90944 2.39662 1.54866 
2.36815 1.9623 1.30037 
1.63272 1.39469 0.988803 
0.931219 0.853186 0.682211 
0.5103 0.520946 0.474745 
0.507314 0.506364 0.434649 
0.864702 0.764302 0.545577 
1.35208 1.10676 0.698988 
1.68836 1.30888 0.759533 
1.69004 1.24049 0.657841 
1.35839 0.93249 0.434727 
0.857712 0.537021 0.201111 
0.402495 0.217663 0.0509764 
0.128605 0.0517666 0.00160536 
0.0363938 0.0111948 0.00551365 
0.0414346 0.0245145 0.0143823 
0.0811323 0.0613241 0.0354724 
0.178342 0.166367 0.134994 
0.407114 0.418074 0.390643 
0.801779 0.852122 0.833175 
1.30187 1.41713 1.4182 
1.78263 1.99662 2.04266 
2.13577 2.47406 2.5912 
2.32583 2.78798 2.98288 
2.38143 2.93868 3.19017 
2.3408 2.94899 3.2198 
2.20337 2.81701 3.07439 
1.93057 2.50792 2.73631 
1.5 2.00207 2.20038 
0.96893 1.36036 1.52943 
0.479098 0.734386 0.866717 
0.174004 0.287143 0.368766 
0.0886465 0.0815249 0.106012 
0.12029 0.043292 0.0256696 
0.124938 0.0428957 0.0172855 
0.0550056 0.0194908 0.0167329 
7.06907e-05 0.0232635 0.0455894 
0.0854468 0.136887 0.154556 
0.329334 0.362561 0.339963 
0.60151 0.591902 0.522171 
0.723539 0.686203 0.602705 
0.614932 0.587029 0.539534 
0.355352 0.357958 0.372858 
0.117985 0.130636 0.188242 
0.0404962 0.0108037 0.0574767 
0.139137 0.0206019 0.0053326 
0.32019 0.108712 0.0170355 
0.46056 0.201278 0.0640649 
0.488574 0.247102 0.119788 
0.417791 0.236245 0.16231 
0.329943 0.200148 0.182466 
0.322883 0.197933 0.198484 
0.441584 0.278587 0.249464 
0.627648 0.428345 0.352587 
0.74078 0.555144 0.463849 
0.665727 0.552981 0.501538 
0.422956 0.4028 0.425052 
0.162144 0.200197 0.281653 
0.0232832 0.0637751 0.157752 
0.00849309 0.0213617 0.0894648 
0.0160292 0.0116551 0.0465816 
0.000856636 0.000136474 0.0105356 
0.0594814 0.0543626 0.0344895 
0.315892 0.264881 0.187549 
0.734367 0.599066 0.44182 
1.09295 0.877944 0.653505 
1.16953 0.925572 0.682687 
0.940183 0.729048 0.522115 
0.57905 0.434181 0.291161 
0.282816 0.198413 0.114151 
0.123851 0.0742412 0.0284749 
0.0610829 0.0273116 0.00594636 
0.0414584 0.0234401 0.0254815 
0.0592 0.0698814 0.0997088 
0.139031 0.190953 0.246742 
0.298651 0.393628 0.461453 
0.525998 0.651271 0.707278 
0.765803 0.894758 0.912246 
0.930064 1.02639 0.983281 
0.960736 0.988016 0.872466 
0.904301 0.841632 0.656433 
0.894998 0.751866 0.517912 
1.02144 0.839515 0.595069 
1.2088 1.04432 0.835761 
1.26729 1.16328 1.02843 
1.07573 1.04281 0.995443 
0.702864 0.720608 0.745597 
0.337613 0.371716 0.433697 
0.117965 0.139941 0.200699 
0.0455656 0.0457384 0.0824819 
0.0467291 0.038488 0.0547533 
0.0728325 0.0872664 0.109461 
0.12396 0.193948 0.252593 
0.201407 0.340569 0.446506 
0.273302 0.463454 0.596454 
0.29602 0.494631 0.614801 
0.255947 0.420249 0.494639 
0.180494 0.290709 0.314786 
0.111153 0.176047 0.174295 
0.0701033 0.113015 0.119951 
0.0504037 0.0891145 0.126054 
0.0332852 0.0697749 0.133385 
0.012542 0.0383554 0.106509 
0.0021168 0.0118665 0.0602981 
0.020096 0.0205028 0.0383777 
0.0659426 0.0737103 0.0693569 
0.115018 0.14709 0.142782 
0.136978 0.201928 0.222837 
0.120707 0.216783 0.280697 
0.0829264 0.20155 0.313507 
0.0538883 0.184154 0.336882 
0.0533119 0.185006 0.363773 
0.0758476 0.201409 0.390598 
0.0966193 0.212369 0.400233 
0.0925514 0.197656 0.376444 
