1.94386 1.22593 0.856473 
1.41168 0.862236 0.570211 
0.999736 0.58374 0.342721 
0.782001 0.446216 0.213347 
0.757252 0.449591 0.185402 
0.891044 0.565604 0.241856 
1.12595 0.750722 0.355793 
1.35698 0.939155 0.492927 
1.43345 1.0493 0.621269 
1.23843 1.03006 0.735119 
0.808663 0.921969 0.874423 
0.380729 0.867382 1.10878 
0.277463 1.02819 1.47879 
0.680224 1.45024 1.9305 
1.45534 1.98128 2.30191 
2.19326 2.33094 2.39511 
2.46184 2.2551 2.10317 
2.09575 1.73538 1.50473 
1.30263 1.01017 0.844757 
0.509336 0.424291 0.397951 
0.0787342 0.211057 0.306314 
0.117267 0.373943 0.510323 
0.495626 0.744676 0.820703 
1.01893 1.1447 1.06422 
1.57879 1.50404 1.18423 
2.17209 1.85205 1.22925 
2.80695 2.2173 1.26416 
3.40537 2.54331 1.29412 
3.79425 2.69489 1.26138 
3.79176 2.54449 1.10364 
3.32294 2.06827 0.816908 
2.48349 1.3826 0.474113 
1.50982 0.698441 0.190354 
0.67558 0.224648 0.0623238 
0.17892 0.0793687 0.121978 
0.0831188 0.257393 0.330303 
0.3291 0.660017 0.60814 
0.790237 1.15546 0.878897 
1.32639 1.63086 1.0988 
1.81605 2.01801 1.26734 
2.16963 2.29531 1.42125 
2.33103 2.46994 1.61068 
2.27236 2.54501 1.85621 
1.99519 2.4925 2.10628 
1.55661 2.2676 2.2383 
1.10977 1.87399 2.12937 
0.901048 1.42755 1.75887 
1.16551 1.13459 1.25384 
1.94844 1.16036 0.818046 
2.98775 1.4789 0.588453 
3.79653 1.84788 0.542243 
3.93868 1.96382 0.542109 
3.31112 1.68878 0.480484 
2.21187 1.15976 0.38763 
1.13846 0.686964 0.40361 
0.478698 0.529198 0.645241 
0.324542 0.73023 1.09293 
0.50825 1.1258 1.59091 
0.774438 1.47814 1.94423 
0.933304 1.614 2.02358 
0.915059 1.48435 1.81098 
0.74857 1.14958 1.3845 
0.518881 0.733994 0.875525 
0.32999 0.378777 0.423887 
0.27495 0.202997 0.141923 
0.414242 0.277776 0.0948351 
0.759787 0.61207 0.296346 
1.25478 1.13941 0.704865 
1.75689 1.70858 1.21359 
2.06534 2.11219 1.66051 
2.02016 2.18002 1.89143 
1.62334 1.89467 1.85485 
1.06916 1.42564 1.64563 
0.625488 1.023 1.43609 
0.449459 0.8433 1.34165 
0.497597 0.858267 1.34349 
0.603051 0.920723 1.33711 
0.63163 0.908764 1.24502 
0.567935 0.807646 1.07606 
0.477392 0.676356 0.889563 
0.417478 0.568041 0.729014 
0.394781 0.494139 0.601866 
0.386646 0.444916 0.505858 
0.377784 0.416318 0.448257 
0.370781 0.410436 0.43353 
0.376828 0.426608 0.44982 
0.410682 0.467987 0.484606 
0.49201 0.553299 0.550477 
0.635084 0.703456 0.67662 
0.820004 0.899919 0.858932 
0.969706 1.05596 1.01961 
0.972828 1.05065 1.03708 
0.765179 0.827012 0.847837 
0.419128 0.482757 0.540528 
0.146912 0.253123 0.338267 
0.169496 0.354945 0.443589 
0.530059 0.795791 0.855416 
1.02111 1.32421 1.32985 
1.32252 1.6 1.55226 
1.24989 1.4566 1.38629 
0.889362 1.01943 0.971134 
0.495341 0.571901 0.574867 
0.261929 0.307894 0.355732 
0.19319 0.212773 0.269557 
0.172376 0.160678 0.191419 
0.11652 0.0842665 0.0860592 
0.041939 0.0244869 0.0309672 
0.00277084 0.0370255 0.0898314 
0.0135147 0.100185 0.210147 
0.0549946 0.141653 0.272167 
0.133638 0.136961 0.222353 
0.294304 0.145259 0.127296 
0.557243 0.235704 0.0903238 
0.857191 0.396326 0.137356 
1.06813 0.53489 0.202324 
1.09831 0.56824 0.214215 
0.959405 0.497038 0.173864 
0.742622 0.388782 0.136833 
0.533997 0.299975 0.137142 
0.358379 0.229304 0.148652 
0.201036 0.147201 0.124797 
0.0690272 0.0566967 0.0619071 
0.0150886 0.00862077 0.00831499 
0.092017 0.0499997 0.00893476 
0.284096 0.16212 0.0506991 
0.491456 0.26007 0.0742872 
0.593481 0.263557 0.0448318 
0.539391 0.174514 0.00820415 
0.386377 0.0866188 0.0697217 
0.253977 0.115148 0.307889 
0.237326 0.308453 0.69992 
0.350476 0.614606 1.12527 
0.534606 0.92259 1.44196 
0.708757 1.1347 1.56998 
0.816552 1.21274 1.52036 
0.84192 1.1762 1.3635 
0.799524 1.07282 1.17702 
0.719746 0.952421 1.01452 
0.639562 0.856825 0.904132 
0.595666 0.817005 0.857802 
0.610995 0.84431 0.8722 
0.674974 0.915626 0.919955 
0.733424 0.968358 0.946674 
0.708904 0.92357 0.889288 
0.553328 0.736267 0.714085 
0.300705 0.441988 0.450315 
0.0719227 0.157137 0.187923 
0.0117737 0.0179166 0.02956 
0.19534 0.0939804 0.0254915 
0.573782 0.341204 0.140687 
1.00179 0.63088 0.281317 
1.32301 0.830884 0.359034 
1.44767 0.875543 0.341578 
1.37441 0.77942 0.255516 
1.16068 0.602278 0.151252 
0.879761 0.405474 0.0669778 
0.594546 0.230681 0.0168237 
0.352682 0.102536 0.000382702 
0.192729 0.0398304 0.0163925 
0.149195 0.0608224 0.0678653 
0.24498 0.174623 0.155047 
0.466135 0.359406 0.259913 
0.735684 0.545105 0.33653 
0.924023 0.630938 0.328654 
0.916293 0.548283 0.218394 
0.698513 0.327736 0.0685442 
0.382861 0.0994809 0.00180586 
0.131186 0.00190723 0.10668 
0.0336986 0.0676872 0.34383 
0.0536247 0.197269 0.553605 
0.0877466 0.254054 0.580926 
0.074699 0.190762 0.410136 
0.0381922 0.0805423 0.1772 
0.0321314 0.0270902 0.0434716 
0.0647411 0.0564601 0.05612 
0.0916006 0.104918 0.130386 
0.0755921 0.102814 0.156563 
0.0326233 0.050477 0.108642 
0.00866923 0.00512098 0.0476887 
0.0231043 0.00835263 0.0390938 
0.0500467 0.0450708 0.0876699 
0.0546319 0.0728638 0.152075 
0.0330328 0.0735429 0.200075 
0.00897584 0.0633245 0.231941 
0.000310998 0.0604956 0.25595 
0.00267613 0.0604441 0.261872 
0.00576639 0.0478701 0.230233 
0.0120319 0.0228008 0.161152 
0.0298702 0.00330623 0.0822254 
0.0543298 0.0042504 0.0257189 
0.0677127 0.0232535 0.0040088 
0.0641548 0.0516779 0.0100491 
0.0664328 0.0929857 0.0361608 
0.108903 0.161693 0.0849931 
0.201258 0.262742 0.161286 
0.312872 0.377037 0.258286 
0.396516 0.472157 0.357188 
0.42795 0.527931 0.440348 
0.421909 0.549915 0.502806 
0.411054 0.557835 0.549964 
0.412587 0.563413 0.586046 
0.417342 0.562419 0.608276 
0.410098 0.548655 0.614027 
0.396433 0.532014 0.611184 
0.405049 0.536674 0.61551 
0.460359 0.576294 0.632343 
0.55098 0.629636 0.640234 
0.625448 0.644116 0.598029 
0.622778 0.570897 0.476895 
0.515682 0.405805 0.293187 
0.333713 0.202748 0.112689 
0.148572 0.0464404 0.0176557 
0.0309599 0.00151289 0.0570571 
0.00853065 0.072414 0.21369 
0.0542884 0.2016 0.410749 
0.112725 0.30733 0.554194 
0.141794 0.33443 0.583714 
0.136676 0.282317 0.499936 
0.119175 0.193197 0.353014 
0.108774 0.115264 0.205587 
0.105629 0.0728013 0.0992293 
0.0982277 0.0627492 0.0450019 
0.0807603 0.0706158 0.0354011 
0.0587872 0.0852427 0.0595482 
0.0403033 0.101247 0.10768 
0.0268188 0.114069 0.166024 
0.0151933 0.117271 0.212756 
0.0049443 0.105064 0.223489 
0.000101829 0.0769632 0.185504 
0.00416412 0.0408807 0.110909 
0.0157127 0.0119396 0.0358718 
0.0293968 0.00500333 0.000623166 
0.039408 0.0233865 0.0213166 
0.0418429 0.0531444 0.0765626 
0.036974 0.0717302 0.123112 
0.0325674 0.0669378 0.129534 
0.044111 0.0490516 0.0984649 
0.0870931 0.0430352 0.0583501 
0.164916 0.0672861 0.0356428 
0.263683 0.119598 0.0362144 
0.360065 0.182604 0.0512438 
0.434435 0.239266 0.0743713 
0.475527 0.279515 0.106447 
0.474093 0.293364 0.143267 
0.418863 0.266395 0.166878 
0.307702 0.193468 0.160577 
0.166653 0.101985 0.138445 
0.0520688 0.0545631 0.15435 
0.02095 0.112548 0.266668 
0.0874542 0.281871 0.479562 
0.205219 0.490674 0.715132 
