0.147357 0.233699 0.422922 
0.13047 0.262265 0.553514 
0.162481 0.384492 0.81289 
0.281282 0.615186 1.17825 
0.498886 0.904953 1.54311 
0.770761 1.14164 1.74746 
0.988867 1.19358 1.65503 
1.03702 0.993027 1.24863 
0.880787 0.606284 0.677208 
0.607326 0.218459 0.197665 
0.365325 0.0219024 0.0306446 
0.254194 0.0901914 0.231356 
0.263743 0.341487 0.673461 
0.310138 0.61408 1.14808 
0.317395 0.777193 1.48548 
0.264149 0.786093 1.60894 
0.172324 0.664478 1.51518 
0.0766163 0.465155 1.24074 
0.0119032 0.252276 0.855888 
0.0125779 0.0966398 0.466727 
0.100741 0.0559926 0.188086 
0.266157 0.143267 0.0905738 
0.463986 0.315197 0.165397 
0.640846 0.498791 0.338526 
0.767781 0.63479 0.519868 
0.85199 0.703602 0.647811 
0.921893 0.720697 0.704361 
1.00117 0.713992 0.703918 
1.08824 0.701133 0.671316 
1.15008 0.677607 0.623353 
1.13567 0.621817 0.564498 
1.00853 0.517315 0.50022 
0.78013 0.377866 0.45537 
0.51518 0.25029 0.473153 
0.295945 0.183627 0.582807 
0.170711 0.186317 0.757413 
0.131062 0.212177 0.904051 
0.139286 0.196068 0.909999 
0.181022 0.116333 0.722272 
0.294486 0.0336823 0.403747 
0.547857 0.0696914 0.117578 
0.979677 0.330993 0.0382234 
1.54598 0.825493 0.2403 
2.11358 1.42792 0.639282 
2.50929 1.92596 1.03101 
2.60057 2.12769 1.21176 
2.3628 1.96697 1.10076 
1.89319 1.53824 0.780969 
1.36107 1.03705 0.433004 
0.922896 0.647094 0.216089 
0.652453 0.449483 0.183445 
0.525124 0.407599 0.282044 
0.458614 0.422611 0.416679 
0.377018 0.409044 0.517998 
0.256004 0.3388 0.568971 
0.126516 0.236475 0.5875 
0.0447884 0.145043 0.592435 
0.0550769 0.0938263 0.581119 
0.168485 0.0888949 0.53154 
0.363571 0.12438 0.425985 
0.598117 0.197132 0.278968 
0.818851 0.306665 0.144126 
0.966752 0.438212 0.0846975 
0.987193 0.547609 0.123113 
0.8525 0.57251 0.212868 
0.588593 0.473669 0.266452 
0.282973 0.277618 0.224786 
0.0571287 0.080743 0.110552 
0.0126568 0.00214045 0.0173351 
0.184219 0.116611 0.0436604 
0.529457 0.416769 0.228766 
0.9569 0.826187 0.537682 
1.36545 1.24199 0.891674 
1.66898 1.56945 1.20458 
1.80327 1.73445 1.39941 
1.73154 1.68948 1.41598 
1.459 1.43029 1.2307 
1.04627 1.01493 0.883258 
0.602025 0.559724 0.479822 
0.249093 0.200569 0.154066 
0.0806911 0.0387723 0.00551042 
0.131711 0.105429 0.0575344 
0.377592 0.362771 0.26111 
0.754041 0.732962 0.533322 
1.18085 1.13011 0.798192 
1.5772 1.47814 1.00562 
1.86717 1.71406 1.12757 
1.98424 1.78789 1.14657 
1.88487 1.67074 1.05239 
1.57222 1.3727 0.851639 
1.11582 0.95828 0.582019 
0.644172 0.539401 0.313707 
0.298164 0.23514 0.125283 
0.162709 0.113069 0.0617024 
0.219445 0.150443 0.103523 
0.358585 0.249026 0.176837 
0.448527 0.30015 0.203791 
0.416754 0.254737 0.156748 
0.284564 0.145514 0.0716287 
0.134236 0.0471641 0.0101809 
0.0406301 0.0117969 0.00668816 
0.0232503 0.0344794 0.0467552 
0.0500976 0.0713556 0.0917417 
0.0774587 0.0842175 0.117634 
0.0845708 0.0675558 0.128053 
0.0775167 0.0399056 0.134594 
0.0703993 0.0186818 0.134265 
0.0686397 0.00754169 0.112802 
0.0681898 0.00338142 0.0680789 
0.0646569 0.00670579 0.0221352 
0.0599895 0.0205518 0.00378894 
0.0624638 0.0424111 0.0196626 
0.083268 0.0634252 0.0466905 
0.131677 0.0776928 0.0554978 
0.207986 0.0888864 0.0389926 
0.297868 0.103946 0.0149529 
0.378532 0.122515 0.00203279 
0.441868 0.140925 7.6236e-05 
0.520231 0.173595 0.000608395 
0.684899 0.266956 0.0155744 
0.998916 0.475751 0.084553 
1.44571 0.80446 0.238485 
1.8912 1.16167 0.448306 
2.12988 1.38376 0.616305 
2.00583 1.33402 0.637376 
1.52939 1.01033 0.487927 
0.894116 0.568486 0.260831 
0.365076 0.226437 0.103436 
0.113402 0.116207 0.104192 
0.12281 0.202491 0.226814 
0.238349 0.334118 0.351056 
0.308234 0.378596 0.380018 
0.293868 0.31921 0.313146 
0.262187 0.236938 0.223362 
0.288898 0.212213 0.174239 
0.377459 0.250473 0.166337 
0.465695 0.295529 0.158434 
0.494283 0.297651 0.124347 
0.456523 0.256482 0.0766359 
0.387076 0.204581 0.0412552 
0.321007 0.169617 0.0295158 
0.274833 0.164273 0.0467433 
0.256483 0.2005 0.11536 
0.270744 0.287871 0.262011 
0.304488 0.40587 0.467942 
0.318977 0.49172 0.645641 
0.276397 0.479397 0.690771 
0.179664 0.360635 0.571307 
0.0763371 0.199468 0.360816 
0.0149809 0.0772501 0.175334 
0.00131272 0.0247167 0.0775306 
0.00407864 0.0127573 0.0452253 
0.000764628 0.00433655 0.0255879 
0.00650966 0.00179842 0.00358427 
0.0536123 0.0372938 0.00979585 
0.149884 0.125764 0.0715817 
0.265136 0.239383 0.172412 
0.356647 0.329079 0.262684 
0.400954 0.363441 0.30175 
0.401127 0.344433 0.284114 
0.372332 0.293606 0.231709 
0.327506 0.23203 0.1715 
0.274261 0.172473 0.121919 
0.217968 0.122072 0.0918875 
0.164254 0.085678 0.0833447 
0.119862 0.0659333 0.0919718 
0.0918216 0.0619411 0.10811 
0.0843231 0.0691312 0.120996 
0.0964195 0.082361 0.125971 
0.12516 0.101714 0.129991 
0.171241 0.134828 0.148223 
0.237658 0.188968 0.189532 
0.319334 0.25721 0.241601 
0.395814 0.31456 0.273471 
0.438801 0.332933 0.259216 
0.429434 0.302368 0.201727 
0.369056 0.236917 0.13091 
0.276199 0.160906 0.0771085 
0.177114 0.0928309 0.0482133 
0.0974319 0.0419682 0.032842 
0.0537979 0.0128762 0.0199064 
0.0457171 0.00567093 0.00875679 
0.0574799 0.013733 0.00255131 
0.0757939 0.0299925 0.00162064 
0.107466 0.0594931 0.00923375 
0.172507 0.119285 0.0383883 
0.272833 0.216752 0.102321 
0.370539 0.326893 0.193945 
0.407308 0.398495 0.2791 
0.353563 0.3909 0.316664 
0.240002 0.308266 0.288767 
0.138212 0.198107 0.212872 
0.106448 0.115646 0.126561 
0.148473 0.0864081 0.061332 
0.217836 0.0965961 0.027275 
0.258344 0.113047 0.0160547 
0.244793 0.111663 0.0140181 
0.194534 0.0920902 0.0131742 
0.146957 0.0713186 0.0133978 
0.131014 0.0652911 0.0171953 
0.146029 0.0747669 0.0236027 
0.167681 0.0861727 0.0274247 
0.170363 0.0846338 0.0241266 
0.145678 0.0662406 0.0146257 
0.103633 0.0391719 0.00468061 
0.0604389 0.0153434 0.000103998 
0.0270366 0.00243357 0.0034557 
0.00695867 0.0024967 0.0147956 
0.000130732 0.0143733 0.0332797 
0.00495243 0.0344208 0.0561187 
0.0169272 0.055421 0.0766729 
0.0282094 0.0678987 0.0861468 
0.0310898 0.0652883 0.0791272 
0.0232302 0.0490703 0.0579797 
0.0107823 0.0298333 0.0324244 
0.00775118 0.0244241 0.0163464 
0.0310911 0.050785 0.0250814 
0.0907671 0.119571 0.0712064 
0.177823 0.22281 0.155031 
0.260952 0.32792 0.254541 
0.301685 0.389303 0.328644 
0.282252 0.376925 0.340325 
0.221959 0.300219 0.284301 
0.162397 0.202532 0.192554 
0.132069 0.127555 0.109443 
0.125208 0.0889564 0.0594129 
0.11606 0.0715724 0.037763 
0.0907084 0.0577927 0.0284921 
0.0604806 0.0474026 0.025238 
0.0464028 0.0530282 0.0347561 
0.0591265 0.0847931 0.0673516 
0.0975583 0.144263 0.12903 
0.157731 0.225867 0.216939 
0.230042 0.312378 0.311761 
0.288027 0.369402 0.375057 
0.295069 0.359806 0.369267 
0.235537 0.277533 0.294311 
0.137171 0.164825 0.201629 
0.0520456 0.0833165 0.157597 
0.0118837 0.0618956 0.184682 
0.00718934 0.0770822 0.242303 
0.0107519 0.0865057 0.269664 
0.0115579 0.0739444 0.24299 
0.0175749 0.0550958 0.186543 
0.0322671 0.0468216 0.135645 
0.0433835 0.0457201 0.103048 
0.0391094 0.0401265 0.0827756 
0.0248132 0.0303353 0.0709281 
0.0149109 0.0256501 0.0684374 
0.0133314 0.0265733 0.0682517 
0.0123228 0.0229292 0.0559931 
