0.556445 0.279958 0.222775 
0.476519 0.229293 0.208888 
0.392911 0.169867 0.186773 
0.321514 0.110303 0.163363 
0.274617 0.0581531 0.144472 
0.260305 0.0204165 0.135235 
0.282329 0.00427808 0.141143 
0.339474 0.016637 0.168137 
0.42414 0.0616454 0.220722 
0.520947 0.136919 0.298422 
0.607144 0.230578 0.39237 
0.65657 0.321816 0.484673 
0.647474 0.386527 0.552417 
0.571941 0.406724 0.575887 
0.442452 0.37958 0.547638 
0.291008 0.320789 0.477474 
0.159242 0.259068 0.389598 
0.0828471 0.223352 0.312179 
0.0776649 0.228911 0.264199 
0.1349 0.270084 0.246724 
0.22834 0.3241 0.243792 
0.329621 0.364152 0.232735 
0.422787 0.374349 0.198235 
0.509908 0.358148 0.142218 
0.605259 0.33589 0.0842604 
0.722625 0.33362 0.0527519 
0.864067 0.370057 0.0720365 
1.01665 0.448698 0.152245 
1.15796 0.558119 0.286121 
1.26589 0.67858 0.452937 
1.32672 0.790346 0.626309 
1.33808 0.879674 0.781929 
1.30724 0.940891 0.902534 
1.24745 0.975313 0.979461 
1.17449 0.988582 1.01166 
1.10383 0.98771 1.00349 
1.04774 0.978642 0.96256 
1.01259 0.964904 0.89809 
0.997428 0.947695 0.819929 
0.995141 0.927211 0.737726 
0.996118 0.904342 0.660079 
0.992436 0.881627 0.593904 
0.98035 0.86293 0.5446 
0.95993 0.852002 0.51701 
0.932477 0.850477 0.515981 
0.897452 0.855692 0.544648 
0.850641 0.858807 0.599881 
0.784727 0.844473 0.667248 
0.69272 0.79392 0.720265 
0.573713 0.692533 0.727672 
0.438713 0.539832 0.667463 
0.312722 0.356346 0.540413 
0.229517 0.181185 0.373865 
0.218997 0.0584177 0.211299 
0.292249 0.0176949 0.0923214 
0.432853 0.0597291 0.0347006 
0.600865 0.155683 0.0292332 
0.748585 0.261229 0.0496438 
0.839453 0.336717 0.0696897 
0.859217 0.361532 0.0757536 
0.814117 0.335876 0.0682019 
0.720273 0.272782 0.0541743 
0.594261 0.189306 0.040351 
0.452258 0.10391 0.0320884 
0.316343 0.0392047 0.037733 
0.219052 0.0229081 0.0711552 
0.197714 0.0808488 0.146902 
0.278467 0.223414 0.269527 
0.459256 0.434252 0.424997 
0.703856 0.67056 0.581765 
0.952449 0.87709 0.702244 
1.14365 1.00678 0.757955 
1.23607 1.03686 0.739563 
1.21895 0.973159 0.657588 
1.10934 0.843031 0.536115 
0.940473 0.683166 0.40479 
0.74894 0.528323 0.29222 
0.565208 0.403508 0.220193 
0.408688 0.31921 0.197328 
0.286594 0.269757 0.213926 
0.196355 0.236606 0.242939 
0.131543 0.197942 0.25067 
0.0894882 0.142031 0.214454 
0.0764728 0.0773796 0.137902 
0.106291 0.0323308 0.0533596 
0.191582 0.0422058 0.00799945 
0.332491 0.130056 0.0402167 
0.509975 0.291893 0.159435 
0.688796 0.495035 0.340443 
0.829376 0.690453 0.53454 
0.902253 0.83202 0.690306 
0.897653 0.892582 0.77268 
0.826105 0.869917 0.771957 
0.711311 0.782084 0.70114 
0.580073 0.656839 0.585974 
0.454253 0.521197 0.45398 
0.347273 0.395116 0.326993 
0.264806 0.290017 0.218455 
0.207691 0.210518 0.134225 
0.174971 0.1572 0.0748858 
0.165835 0.128829 0.038027 
0.180077 0.1235 0.0199219 
0.217255 0.13877 0.0165803 
0.274933 0.171033 0.0242246 
0.346503 0.214303 0.0390529 
0.419404 0.258866 0.0563054 
0.475132 0.29093 0.0694023 
0.492677 0.294995 0.0707312 
0.45609 0.26001 0.0553953 
0.364303 0.187852 0.027168 
0.238179 0.0994574 0.00294421 
0.118643 0.0325985 0.0106613 
0.0529332 0.0284539 0.0782461 
0.0730596 0.111087 0.217206 
0.177426 0.270647 0.410135 
0.327667 0.461905 0.611711 
0.465499 0.622259 0.765856 
0.542144 0.701319 0.83129 
0.543702 0.685601 0.801055 
0.496884 0.603563 0.704213 
0.451211 0.507967 0.588847 
0.44875 0.446689 0.497258 
0.500283 0.439829 0.448468 
0.582018 0.475617 0.436941 
0.652993 0.524487 0.444805 
0.680231 0.559404 0.456578 
0.655392 0.568775 0.466151 
0.594427 0.556026 0.473721 
0.523936 0.530201 0.478424 
0.46542 0.496862 0.4743 
0.427271 0.455626 0.452595 
0.406772 0.403903 0.407331 
0.397452 0.341897 0.339047 
0.395402 0.274733 0.254556 
0.401263 0.211365 0.164729 
0.418409 0.162385 0.0831966 
0.449361 0.137966 0.0259424 
0.491856 0.145036 0.00873687 
0.535527 0.182754 0.0402745 
0.561228 0.23829 0.113779 
0.545848 0.287708 0.204135 
0.473485 0.305374 0.276286 
0.348862 0.279267 0.303213 
0.204416 0.223186 0.283557 
0.0933171 0.175962 0.246751 
0.0680955 0.184701 0.240173 
0.154435 0.279682 0.304248 
0.334835 0.455194 0.449514 
0.552699 0.668126 0.648842 
0.735873 0.855738 0.848797 
0.827319 0.962795 0.993123 
0.80683 0.963476 1.04548 
0.693753 0.867729 1.00071 
0.532014 0.711346 0.881464 
0.367849 0.537482 0.724683 
0.2324 0.379953 0.565913 
0.136112 0.255291 0.428537 
0.0740983 0.164532 0.321009 
0.0363149 0.10091 0.241122 
0.0157863 0.0580082 0.183563 
0.0111375 0.0341898 0.146237 
0.0237594 0.0318996 0.132076 
0.0527622 0.0532587 0.145755 
0.0915058 0.0951871 0.187755 
0.128121 0.147375 0.249894 
0.149912 0.194684 0.31558 
0.149137 0.222836 0.36509 
0.126684 0.224158 0.383046 
0.0913406 0.200129 0.363988 
0.0550603 0.159521 0.313378 
0.0271422 0.113711 0.244203 
0.0107853 0.0720952 0.17158 
0.00365836 0.039891 0.10807 
0.00131154 0.0185059 0.0611557 
0.000583 0.00707316 0.0328538 
0.000750879 0.00363421 0.0207093 
0.00232923 0.0055422 0.0195229 
0.005227 0.00966661 0.0233757 
0.00809246 0.0130236 0.0274539 
0.00924869 0.0137278 0.0290705 
0.00811622 0.0115826 0.0275761 
0.00571488 0.00782085 0.0235289 
0.00382473 0.0042224 0.0179685 
0.00364838 0.00231722 0.0123877 
0.00525168 0.00318896 0.00916711 
0.00839987 0.00778867 0.0116194 
0.0142785 0.0172759 0.0230209 
0.0268545 0.0330283 0.0449385 
0.0527242 0.0563554 0.0759489 
0.0990801 0.0881712 0.11176 
0.170443 0.128775 0.146829 
0.265593 0.177706 0.176594 
0.376308 0.233628 0.199164 
0.488828 0.294353 0.215803 
0.587718 0.357185 0.230389 
0.660482 0.419553 0.248429 
0.700856 0.479693 0.276126 
0.709509 0.53699 0.319514 
0.692267 0.591725 0.383238 
0.657132 0.644063 0.468534 
0.611387 0.692331 0.570478 
0.559516 0.731016 0.675551 
0.502174 0.749699 0.761584 
0.436674 0.734615 0.802118 
0.359592 0.673902 0.775459 
0.271224 0.565261 0.675483 
0.179743 0.422027 0.518574 
0.101559 0.272711 0.341322 
0.055584 0.151829 0.187861 
0.0531038 0.0852722 0.0920539 
0.0891263 0.0780925 0.0637805 
0.14182 0.112424 0.0871167 
0.182252 0.157529 0.131279 
0.189546 0.186161 0.167424 
0.162062 0.187226 0.181129 
0.117075 0.167346 0.17408 
0.0790518 0.141732 0.15623 
0.0643543 0.121859 0.135782 
0.0725044 0.108732 0.114379 
0.0891021 0.0953651 0.0895634 
0.0972175 0.074944 0.0605755 
0.0886962 0.0475689 0.0316986 
0.068036 0.0207116 0.0104369 
0.0476415 0.00408445 0.00266616 
0.0392036 0.00361848 0.00911712 
0.0474137 0.0188537 0.0257067 
0.0690711 0.0444601 0.0465762 
0.0962922 0.0734927 0.066852 
0.120598 0.0998877 0.0835629 
0.135855 0.119914 0.0959066 
0.140206 0.13391 0.106951 
0.137643 0.148668 0.126621 
0.138517 0.178316 0.172588 
0.156971 0.24044 0.265064 
0.204346 0.346623 0.41515 
0.280829 0.491368 0.612122 
0.370519 0.646642 0.818347 
0.444571 0.767862 0.977903 
0.4728 0.810871 1.03746 
0.438464 0.752315 0.969944 
0.347993 0.602551 0.78872 
0.229553 0.403417 0.544013 
0.120478 0.211191 0.302813 
0.0500504 0.0731259 0.121975 
0.0268746 0.00929142 0.0275968 
0.0374651 0.00832564 0.00992911 
0.0562846 0.0380424 0.0346455 
0.0611327 0.0641472 0.0631047 
0.0450836 0.0667477 0.0705758 
0.01855 0.0465769 0.0538439 
0.000976633 0.0192153 0.0262773 
