0.0111449 0.06295 0.166051 
0.0792781 0.0984617 0.0774169 
0.23211 0.265389 0.182507 
0.378841 0.452499 0.37244 
0.425529 0.530192 0.489515 
0.342087 0.442784 0.442222 
0.179805 0.243241 0.263819 
0.0378102 0.0584642 0.0871274 
0.00521635 0.0152679 0.062816 
0.114797 0.176126 0.280186 
0.335143 0.522228 0.739216 
0.600959 0.982656 1.37423 
0.852337 1.47316 2.08711 
1.05152 1.91183 2.75714 
1.17457 2.21714 3.24264 
1.20415 2.31977 3.41307 
1.14383 2.20032 3.21562 
1.03919 1.92165 2.72589 
0.968494 1.61078 2.12494 
0.991239 1.38555 1.60257 
1.09422 1.27994 1.25522 
1.19247 1.23339 1.05652 
1.19403 1.15439 0.915445 
1.07132 0.998106 0.761618 
0.873312 0.789043 0.584345 
0.674372 0.580786 0.409598 
0.516174 0.405908 0.259581 
0.394531 0.264882 0.140091 
0.288164 0.149959 0.0545747 
0.18943 0.065742 0.0137231 
0.108687 0.0238549 0.0249517 
0.0575454 0.023353 0.0757536 
0.0345645 0.0416902 0.131648 
0.0297594 0.0482803 0.1542 
0.0414718 0.0304619 0.127549 
0.0805676 0.00602582 0.0723905 
0.147322 0.00358211 0.0301476 
0.205962 0.0265266 0.025189 
0.201966 0.0447029 0.0427579 
0.121983 0.0327983 0.0518094 
0.0275563 0.0111979 0.0482987 
0.00382156 0.0287101 0.0610474 
0.067331 0.0980795 0.10704 
0.144276 0.167488 0.15608 
0.153399 0.174111 0.159548 
0.0940086 0.116084 0.109983 
0.0327112 0.0501619 0.0507305 
0.0182052 0.02241 0.0227712 
0.0404679 0.0268979 0.0231741 
0.0688999 0.0359216 0.0262948 
0.0891755 0.0399325 0.0239203 
0.0918601 0.0431685 0.0256762 
0.0781094 0.0586498 0.0449006 
0.12271 0.14888 0.123641 
0.383317 0.436619 0.354767 
0.940649 0.982104 0.803347 
1.59841 1.61286 1.36179 
1.94038 1.9571 1.73772 
1.70468 1.76018 1.68284 
1.1057 1.18646 1.26137 
0.69154 0.726888 0.831365 
0.822174 0.742593 0.705448 
1.31836 1.11797 0.848 
1.66348 1.40245 0.948264 
1.5189 1.27277 0.775888 
0.993602 0.808887 0.408767 
0.447682 0.337032 0.105183 
0.138401 0.0908628 0.0172368 
0.097914 0.0714593 0.0805293 
0.262777 0.171204 0.14982 
0.594574 0.328034 0.166787 
1.04793 0.532626 0.174237 
1.50098 0.751533 0.217374 
1.79412 0.909755 0.28107 
1.84294 0.95105 0.318695 
1.69012 0.887056 0.310631 
1.45174 0.782988 0.285725 
1.23177 0.708405 0.296737 
1.07481 0.694 0.372747 
0.960493 0.710608 0.481425 
0.827728 0.689104 0.546403 
0.634921 0.596599 0.539751 
0.433128 0.523613 0.582709 
0.376084 0.678682 0.928167 
0.617306 1.24113 1.777 
1.1598 2.17113 3.0552 
1.79977 3.15668 4.36204 
2.23699 3.777 5.17487 
2.27035 3.76732 5.16942 
1.91768 3.17489 4.40783 
1.3712 2.2936 3.26102 
0.846596 1.45223 2.15202 
0.459863 0.834927 1.3306 
0.214724 0.451425 0.824045 
0.0709458 0.2295 0.540898 
0.00523222 0.113327 0.394244 
0.0142805 0.0862342 0.342291 
0.0853233 0.134175 0.354858 
0.186126 0.218653 0.382909 
0.286379 0.293812 0.377653 
0.37638 0.339266 0.331588 
0.454773 0.364877 0.286513 
0.501786 0.3842 0.295004 
0.477954 0.392476 0.374707 
0.361913 0.377318 0.499158 
0.196177 0.350413 0.62786 
0.0950572 0.3637 0.741468 
0.195003 0.485766 0.848702 
0.568796 0.74696 0.96002 
1.15401 1.08927 1.05089 
1.75197 1.36637 1.05001 
2.12843 1.42315 0.881569 
2.18421 1.23351 0.557379 
2.08382 1.00295 0.256854 
2.20378 1.11164 0.293084 
2.86309 1.85866 0.91577 
3.99918 3.15606 2.05563 
5.08123 4.45068 3.24402 
5.42316 5.03495 3.86504 
4.70538 4.56401 3.60244 
3.2552 3.33602 2.69508 
1.79377 2.04262 1.72646 
0.857851 1.19496 1.119 
0.449489 0.779866 0.833097 
0.24095 0.475195 0.574908 
0.0620421 0.144856 0.251768 
0.0907053 0.0203608 0.120354 
0.534446 0.354408 0.434747 
1.2183 0.983432 1.0266 
1.62628 1.37368 1.37342 
1.39832 1.15244 1.13879 
0.718584 0.522683 0.571899 
0.139323 0.0689771 0.277684 
0.0370204 0.163442 0.590458 
0.299954 0.627143 1.24022 
0.538564 0.977674 1.65283 
0.511699 0.927699 1.51326 
0.294035 0.588661 0.989519 
0.0931739 0.251586 0.468075 
0.0153862 0.0823375 0.178773 
0.0320512 0.0528586 0.0935053 
0.0875746 0.0744192 0.0857044 
0.158733 0.104027 0.0847281 
0.223905 0.131193 0.0831517 
0.243818 0.138043 0.0798711 
0.199895 0.111271 0.066963 
0.121517 0.066824 0.0501872 
0.0535818 0.036303 0.0516428 
0.0179184 0.044901 0.102579 
0.0277502 0.122102 0.249936 
0.117587 0.309589 0.54232 
0.316254 0.612928 0.960182 
0.582178 0.938689 1.35459 
0.798177 1.12196 1.50821 
0.860179 1.05802 1.31222 
0.769028 0.808607 0.889912 
0.619682 0.555358 0.515453 
0.501306 0.437661 0.386606 
0.422335 0.441672 0.472234 
0.335325 0.44764 0.577929 
0.216808 0.36992 0.547098 
0.104543 0.239003 0.393825 
0.0578177 0.156741 0.260388 
0.0956337 0.191793 0.273217 
0.180456 0.323168 0.442274 
0.254395 0.467961 0.671072 
0.282096 0.546016 0.834932 
0.262757 0.522052 0.85249 
0.215535 0.409082 0.714472 
0.163901 0.25196 0.475514 
0.131756 0.109287 0.225271 
0.144136 0.0367824 0.0511264 
0.220666 0.0690044 0.00411272 
0.359211 0.200664 0.0788169 
0.521015 0.377371 0.2141 
0.637272 0.511678 0.319325 
0.646624 0.529972 0.323811 
0.541203 0.424493 0.225164 
0.377001 0.263041 0.0946073 
0.23042 0.136995 0.0225388 
0.139793 0.0906628 0.0467518 
0.0901622 0.0990044 0.130563 
0.0505522 0.108973 0.207381 
0.0144516 0.092432 0.238603 
0.000160133 0.05849 0.229269 
0.0236903 0.0312325 0.205938 
0.0834899 0.0312893 0.197069 
0.165882 0.0721234 0.227778 
0.249786 0.152256 0.308161 
0.304286 0.242432 0.413739 
0.298216 0.29461 0.490121 
0.226893 0.280209 0.495066 
0.127556 0.220201 0.438111 
0.0591087 0.169805 0.371156 
0.0634095 0.172543 0.339878 
0.145508 0.232122 0.350258 
0.282279 0.322803 0.379349 
0.436891 0.413363 0.404789 
0.564113 0.476881 0.416246 
0.618097 0.49024 0.407108 
0.573778 0.440695 0.369252 
0.446666 0.337399 0.299654 
0.287267 0.210985 0.206706 
0.152638 0.0988291 0.108474 
0.0825991 0.0327328 0.0300152 
0.0963527 0.0375089 0.00292702 
0.194811 0.12636 0.0546579 
0.350823 0.281447 0.181076 
0.500505 0.439335 0.326017 
0.56618 0.51505 0.403468 
0.509077 0.461877 0.360286 
0.363119 0.313099 0.224486 
0.207683 0.156507 0.0849887 
0.102181 0.0610827 0.0162008 
0.0502636 0.0295672 0.0214586 
0.025395 0.0210223 0.0489161 
0.0164466 0.00792184 0.0538367 
0.0364767 0.000804032 0.0371962 
0.0948208 0.023198 0.0288283 
0.178741 0.0787195 0.0477533 
0.26617 0.147862 0.0851941 
0.341881 0.205411 0.117147 
0.391547 0.231426 0.123483 
0.39185 0.213259 0.0983273 
0.325865 0.152685 0.0531063 
0.211551 0.0745715 0.012635 
0.101931 0.017607 0.000440578 
0.0464414 0.00647827 0.0205257 
0.0528201 0.0329253 0.0536929 
0.089177 0.066828 0.0746466 
0.118521 0.0842719 0.0728728 
0.126162 0.0828523 0.0567558 
0.118236 0.0737533 0.0407414 
0.104959 0.0661253 0.0323196 
0.0909516 0.0610972 0.0304344 
0.0771328 0.0560601 0.0314253 
0.0644019 0.0495317 0.0330927 
0.0532511 0.0415447 0.0341381 
0.0426612 0.0323611 0.0328541 
0.0318568 0.0227859 0.0281576 
0.0225313 0.0150213 0.021557 
0.0178883 0.0115739 0.0169016 
0.0200312 0.0128737 0.0173291 
0.0302237 0.0168472 0.022282 
0.051662 0.0214848 0.0277027 
0.0882341 0.0270146 0.0292485 
0.136054 0.0340665 0.0253952 
0.176233 0.0396816 0.0178995 
0.182103 0.0374267 0.0101035 
0.141064 0.0241597 0.00526173 
0.07161 0.00698615 0.00595136 
