0.916383 0.941086 
0.938031 1.03046 
1.05157 1.22249 
1.31645 1.58754 
1.75242 2.14712 
2.3127 2.83957 
2.88357 3.52085 
3.31478 4.00585 
3.47145 4.13578 
3.28655 3.84289 
2.79053 3.18239 
2.10274 2.31473 
1.38644 1.44484 
0.786905 0.745302 
0.381111 0.298963 
0.162657 0.0862569 
0.0674347 0.0200255 
0.0245306 0.0067187 
0.00377808 0.000763477 
0.03415 0.0247538 
0.184267 0.148158 
0.517874 0.439993 
1.05078 0.923708 
1.73371 1.55887 
2.46941 2.25717 
3.15213 2.92017 
3.70534 3.47536 
4.09667 3.89016 
4.32478 4.15959 
4.39139 4.28019 
4.28132 4.23156 
3.96687 3.98093 
3.43592 3.50987 
2.72486 2.84589 
1.93171 2.0762 
1.19516 1.33013 
0.646233 0.735615 
0.35729 0.371518 
0.316133 0.240993 
0.43879 0.279047 
0.612302 0.388133 
0.742746 0.481033 
0.783895 0.50929 
0.736854 0.467201 
0.629531 0.376744 
0.494105 0.267561 
0.3561 0.163916 
0.235739 0.0815 
0.152233 0.029194 
0.121751 0.00984287 
0.148509 0.0187232 
0.217069 0.0431109 
0.294767 0.0664228 
0.345644 0.0760665 
0.347806 0.0698522 
0.302905 0.0559455 
0.231886 0.0460637 
0.160847 0.046915 
0.107071 0.0561837 
0.0737089 0.0655879 
0.0542324 0.0679235 
0.0409572 0.0622125 
0.0305751 0.0532021 
0.0239185 0.0464796 
0.0226588 0.0440849 
0.0276824 0.044839 
0.041262 0.0493821 
0.0706617 0.0656605 
0.128606 0.109697 
0.228024 0.199584 
0.37307 0.345411 
0.551935 0.540852 
0.736697 0.761439 
0.891446 0.970756 
0.984971 1.1315 
1.00161 1.21616 
0.945037 1.21313 
0.833954 1.12688 
0.692917 0.974056 
0.54364 0.778521 
0.400743 0.567261 
0.272575 0.367406 
0.164566 0.203171 
0.0816231 0.0919108 
0.0276356 0.0400347 
0.002916 0.0408927 
0.00226067 0.0766905 
0.0160131 0.124714 
0.0343256 0.165728 
0.0523442 0.190905 
0.0730475 0.204107 
0.105655 0.218561 
0.160126 0.249688 
0.240617 0.307561 
0.341405 0.392304 
0.447399 0.493995 
0.538883 0.596373 
0.598066 0.682114 
0.61446 0.737318 
0.587132 0.753906 
0.523652 0.730041 
0.436937 0.669476 
0.34156 0.58058 
0.25062 0.475155 
0.173602 0.366628 
0.115349 0.267509 
0.0762288 0.186762 
0.0535536 0.12825 
0.043789 0.0911386 
0.044563 0.0719805 
0.0553116 0.067141 
0.076118 0.0740404 
0.105527 0.090647 
0.139001 0.11404 
0.169405 0.139593 
0.189587 0.161787 
0.195535 0.176307 
0.188073 0.181875 
0.171959 0.18037 
0.152977 0.174958 
0.134945 0.167497 
0.118557 0.157095 
0.102572 0.140934 
0.0863148 0.11689 
0.0716429 0.0861206 
0.0631123 0.0538063 
0.0663741 0.0274068 
0.0858455 0.0134064 
0.122783 0.0143838 
0.174222 0.0278676 
0.232641 0.0472788 
0.286322 0.0642447 
0.320945 0.0713198 
0.323184 0.0644973 
0.286108 0.045155 
0.214389 0.0208252 
0.126002 0.00380066 
0.0478284 0.00694634 
0.00562909 0.0375965 
0.0125814 0.0923063 
0.0624633 0.155904 
0.131782 0.206612 
0.190361 0.225539 
0.215 0.205753 
0.198974 0.155791 
0.152744 0.0954232 
0.0964417 0.0460716 
0.0492441 0.0213229 
0.021673 0.0225941 
0.0140868 0.041463 
0.0203748 0.0661151 
0.0331685 0.087467 
0.0471698 0.101773 
0.0596169 0.109529 
0.0692125 0.112874 
0.0753596 0.11382 
0.0783315 0.114052 
0.0795674 0.11524 
0.0810665 0.118593 
0.0839568 0.1236 
0.0874915 0.12728 
0.0896206 0.125254 
0.0888237 0.11445 
0.085468 0.0955108 
0.081167 0.0728256 
0.0766056 0.0519609 
0.0702949 0.0366012 
0.0604881 0.0277289 
0.0495763 0.0257407 
0.0469604 0.0331011 
0.0660618 0.0539595 
0.115177 0.0895649 
0.187726 0.132739 
0.260047 0.167116 
0.301027 0.17434 
0.289293 0.146071 
0.227007 0.0924398 
0.140262 0.0394741 
0.0649369 0.015361 
0.0272649 0.0339335 
0.0320438 0.0865979 
0.0653627 0.148287 
0.107727 0.193005 
0.146415 0.207935 
0.178256 0.196979 
0.20319 0.173174 
0.216819 0.147482 
0.210035 0.122784 
0.176478 0.0962525 
0.120893 0.0660482 
0.0603552 0.035643 
0.0163487 0.0123474 
0.00326659 0.00215521 
0.021476 0.00572419 
0.0590644 0.0184906 
0.0997814 0.0340354 
0.13111 0.0475891 
0.147915 0.0573733 
0.15128 0.0637457 
0.145072 0.0674986 
0.132862 0.0685127 
0.116414 0.0653091 
0.0958443 0.0558081 
0.0711975 0.0393865 
0.0445846 0.0193287 
0.02111 0.00348933 
0.00692631 0.00121679 
0.00491204 0.0172781 
0.0113451 0.0468907 
0.0173904 0.0765334 
0.015636 0.091361 
0.00683961 0.0844497 
0.000531852 0.0608695 
0.00768031 0.0333694 
0.0308853 0.0133396 
0.0606904 0.00441671 
0.0818387 0.00312301 
0.0844454 0.00422495 
0.0704257 0.00481557 
0.049926 0.00408696 
0.0320162 0.00180381 
0.0191127 0.000362781 
0.0100276 0.0100345 
0.00669495 0.0499554 
0.0150433 0.137658 
0.0369504 0.27014 
0.061842 0.411397 
0.0705699 0.502177 
0.0540758 0.492716 
0.0327116 0.378749 
0.0554084 0.213106 
0.170777 0.079531 
0.386477 0.04308 
0.647981 0.110625 
0.85797 0.229202 
0.928276 0.322603 
0.830471 0.339222 
0.610559 0.278106 
0.358898 0.179038 
0.158193 0.089679 
0.0452113 0.0364898 
0.00747304 0.0177557 
0.00856525 0.0166991 
0.0178886 0.018799 
0.0244985 0.0196562 
0.0327095 0.0223056 
0.0514305 0.0321544 
0.0887505 0.0559972 
0.152469 0.103235 
0.249227 0.18297 
0.377715 0.295155 
