0.240661 0.135981 
0.43447 0.336888 
0.595657 0.54503 
0.665841 0.675268 
0.632021 0.684039 
0.530671 0.591944 
0.421687 0.464473 
0.35701 0.369287 
0.369984 0.346802 
0.483532 0.410061 
0.711991 0.556658 
1.04274 0.769614 
1.41658 1.00902 
1.73911 1.21686 
1.92921 1.34583 
1.97145 1.39228 
1.92907 1.40177 
1.90491 1.43718 
1.97832 1.53263 
2.16038 1.66775 
2.38999 1.77804 
2.56447 1.79031 
2.58517 1.66006 
2.39978 1.3931 
2.02717 1.0445 
1.55177 0.695262 
1.08538 0.415743 
0.716547 0.235884 
0.481651 0.143518 
0.375985 0.112836 
0.386252 0.136845 
0.506339 0.230569 
0.72016 0.399765 
0.975796 0.607428 
1.18823 0.776469 
1.27847 0.832866 
1.21877 0.754781 
1.04803 0.589038 
0.849067 0.426013 
0.707159 0.353229 
0.673162 0.413405 
0.744946 0.583592 
0.874826 0.785507 
1.00503 0.929927 
1.11556 0.977492 
1.24853 0.974395 
1.47952 1.02633 
1.84851 1.21922 
2.30509 1.54522 
2.71896 1.89569 
2.95299 2.12872 
2.94255 2.15743 
2.72231 1.99262 
2.38933 1.71749 
2.04137 1.42718 
1.73659 1.18274 
1.48969 1.00172 
1.2876 0.87303 
1.10416 0.772811 
0.910885 0.672869 
0.690517 0.548852 
0.452072 0.393258 
0.233433 0.225469 
0.0823237 0.0859485 
0.0262779 0.0130576 
0.0552243 0.017571 
0.130713 0.0745587 
0.213105 0.140054 
0.285176 0.181372 
0.35709 0.199525 
0.452648 0.22651 
0.586002 0.296698 
0.740856 0.41114 
0.865614 0.523327 
0.894468 0.563507 
0.788662 0.488886 
0.570845 0.321559 
0.321661 0.140711 
0.13391 0.031607 
0.05617 0.0303164 
0.0689725 0.106045 
0.109741 0.19033 
0.122684 0.225706 
0.093258 0.197012 
0.0450928 0.128608 
0.0103445 0.058477 
0.00347372 0.0137327 
0.0198861 0.00489608 
0.0542543 0.0363341 
0.113193 0.114039 
0.204291 0.236172 
0.313844 0.376088 
0.405673 0.485742 
0.453549 0.530814 
0.475284 0.527417 
0.52187 0.53375 
0.619589 0.591238 
0.723583 0.671238 
0.742252 0.690137 
0.619661 0.587225 
0.395088 0.388127 
0.176689 0.18705 
0.0545651 0.0663312 
0.0385174 0.0355977 
0.072615 0.044852 
0.0967445 0.0443188 
0.0887817 0.0243789 
0.0600104 0.00695581 
0.0312071 0.0171751 
0.0226656 0.0718817 
0.0560909 0.183872 
0.146184 0.356652 
0.280087 0.564728 
0.410057 0.745693 
0.478118 0.826779 
0.456899 0.771776 
0.370333 0.608391 
0.275111 0.411123 
0.219741 0.254097 
0.215937 0.172046 
0.242584 0.155985 
0.272728 0.178226 
0.296806 0.219458 
0.323223 0.275359 
0.360322 0.343264 
0.400221 0.408061 
0.420615 0.444082 
0.401634 0.431058 
0.340721 0.36775 
0.252999 0.271312 
0.160506 0.166555 
0.0825585 0.0772464 
0.032748 0.0231736 
0.0173977 0.0158155 
0.0308316 0.0488385 
0.0532471 0.0936304 
0.0604291 0.113165 
0.0423159 0.0896087 
0.0131685 0.0410363 
0.000146714 0.0075628 
0.0188129 0.0169028 
0.0592173 0.0617366 
0.0958719 0.109554 
0.110144 0.13225 
0.102704 0.12544 
0.0873012 0.103482 
0.0766295 0.08282 
0.07422 0.0721804 
0.0750314 0.0726062 
0.0699632 0.0789741 
0.0523457 0.0806785 
0.0261705 0.0675028 
0.00969361 0.0404687 
0.0256505 0.0156363 
0.0815499 0.0123566 
0.158451 0.0357084 
0.222293 0.0717524 
0.248836 0.100506 
0.238545 0.11222 
0.209706 0.111548 
0.18154 0.110019 
0.165241 0.117836 
0.165928 0.140623 
0.18491 0.177763 
0.21623 0.219823 
0.243903 0.249157 
0.247944 0.247662 
0.217019 0.208212 
0.157333 0.141269 
0.089938 0.0709485 
0.0376615 0.021664 
0.0108046 0.00301723 
0.00319488 0.00444797 
0.00350302 0.00689448 
0.0119134 0.00367276 
0.0426612 0.0092507 
0.104783 0.0426321 
0.180185 0.100357 
0.227985 0.150798 
0.21781 0.160646 
0.158647 0.126331 
0.0902188 0.0751402 
0.0455164 0.0361788 
0.0264293 0.0163848 
0.0167363 0.00675322 
0.0102175 0.00331665 
0.0163543 0.011481 
0.0401263 0.0307584 
0.0681087 0.0472289 
0.0823433 0.0492106 
0.0830004 0.0450729 
0.0874406 0.0549109 
0.105154 0.0828182 
0.1213 0.105915 
0.11167 0.0980311 
0.0727389 0.0625102 
0.0322779 0.0360981 
0.0284811 0.0587213 
0.0782485 0.13956 
0.162569 0.248592 
0.238886 0.335362 
0.26981 0.358234 
0.247833 0.307969 
0.197399 0.213772 
0.150422 0.124197 
0.116319 0.0714842 
0.0793446 0.0495654 
0.0308658 0.0312192 
0.000140307 0.00904772 
0.0387353 0.0120102 
0.163941 0.0725289 
0.321971 0.179233 
0.41981 0.273025 
0.400463 0.295975 
0.286443 0.240852 
0.151551 0.150082 
0.0576264 0.0726181 
0.020145 0.0290657 
0.0217898 0.0136745 
0.0415139 0.014955 
0.0667842 0.0257012 
0.0903062 0.0396565 
0.107204 0.0499392 
0.115264 0.0532566 
0.112304 0.0506509 
0.0941474 0.0426722 
0.0606807 0.0283166 
0.023665 0.0108113 
0.00191795 0.000273315 
0.00560616 0.00700485 
0.0292507 0.0343419 
0.0627907 0.0807904 
0.104502 0.145539 
0.157127 0.225439 
0.213475 0.306261 
0.253122 0.363344 
0.256521 0.376585 
0.221353 0.346552 
0.166805 0.297444 
0.125543 0.265751 
0.127566 0.280869 
0.179276 0.344223 
0.250617 0.419287 
0.289779 0.448751 
0.263088 0.396013 
0.183825 0.276809 
0.0977044 0.146854 
0.0406539 0.0556407 
0.0159519 0.0137881 
0.00875108 0.0020396 
0.00852472 0.000149319 
