1.05444 0.920769 
0.479918 0.422624 
0.128878 0.105457 
0.0108924 0.00269806 
0.0109656 0.0124273 
0.0244197 0.012641 
0.0997552 0.0214492 
0.411581 0.201855 
1.05001 0.665055 
1.83989 1.27884 
2.41108 1.71924 
2.4845 1.74202 
2.09915 1.39574 
1.55946 0.956909 
1.16808 0.669925 
1.00687 0.564828 
0.945086 0.507592 
0.815304 0.381052 
0.566876 0.194389 
0.279125 0.0426371 
0.06936 0.00213281 
0.0025679 0.077262 
0.0672072 0.22336 
0.205205 0.391507 
0.35202 0.546734 
0.460811 0.662055 
0.511878 0.716255 
0.514811 0.706099 
0.50202 0.657696 
0.509696 0.618123 
0.551837 0.625964 
0.603795 0.679263 
0.611946 0.727403 
0.532308 0.702717 
0.376891 0.57705 
0.227188 0.39661 
0.186449 0.253216 
0.295649 0.207286 
0.4894 0.237821 
0.648634 0.279407 
0.712092 0.311803 
0.734662 0.397093 
0.825169 0.609142 
1.02533 0.926485 
1.25852 1.21258 
1.39837 1.31504 
1.37562 1.18407 
1.21374 0.895578 
0.981945 0.576646 
0.744098 0.326195 
0.554375 0.195934 
0.464194 0.204623 
0.491558 0.33276 
0.580371 0.506363 
0.623038 0.622833 
0.552549 0.624547 
0.410746 0.549485 
0.307317 0.4946 
0.305358 0.521346 
0.358884 0.600617 
0.371929 0.651854 
0.311371 0.628661 
0.247019 0.559201 
0.275998 0.506519 
0.41361 0.498785 
0.563626 0.501656 
0.596583 0.454942 
0.462013 0.335098 
0.236207 0.187878 
0.0684684 0.103775 
0.0714205 0.152867 
0.239821 0.326394 
0.456511 0.531785 
0.578069 0.651757 
0.534632 0.626982 
0.370543 0.497531 
0.20076 0.368361 
0.123262 0.327135 
0.156634 0.382228 
0.243855 0.468125 
0.307091 0.505465 
0.303362 0.460233 
0.241444 0.356602 
0.159253 0.244774 
0.0910463 0.161741 
0.0523267 0.118424 
0.0454582 0.112444 
0.0682984 0.140201 
0.111763 0.190818 
0.152975 0.234714 
0.161758 0.232897 
0.123614 0.169668 
0.0581509 0.0768981 
0.0105623 0.0181087 
0.0222049 0.0431805 
0.111096 0.161139 
0.279005 0.358223 
0.52277 0.628972 
0.818244 0.966077 
1.0892 1.31026 
1.21734 1.53196 
1.12069 1.50187 
0.839356 1.20375 
0.527865 0.771372 
0.335062 0.39414 
0.281607 0.177322 
0.2643 0.0948741 
0.184703 0.068067 
0.0618689 0.0648731 
0.0102658 0.109943 
0.119861 0.219011 
0.377773 0.360544 
0.705394 0.495375 
1.04713 0.635402 
1.40573 0.841549 
1.80148 1.16202 
2.21639 1.57811 
2.57972 2.00329 
2.79633 2.32333 
2.79168 2.44601 
2.55194 2.34104 
2.13902 2.05413 
1.66405 1.6797 
1.23256 1.30724 
0.905524 0.987397 
0.701647 0.742642 
0.615894 0.589693 
0.619245 0.531433 
0.651274 0.53229 
0.642931 0.527993 
0.564159 0.474835 
0.443832 0.381566 
0.337871 0.286784 
0.287988 0.220211 
0.315372 0.201091 
0.428344 0.257251 
0.60061 0.4068 
0.743564 0.606358 
0.744941 0.745107 
0.574568 0.725928 
0.345215 0.558567 
0.233504 0.357113 
0.322772 0.241606 
0.533639 0.253317 
0.714766 0.362436 
0.784655 0.525666 
0.770527 0.706405 
0.728262 0.84973 
0.66372 0.881116 
0.547024 0.76048 
0.378834 0.531907 
0.211369 0.299762 
0.101553 0.149031 
0.0613242 0.0928625 
0.0604836 0.0915372 
0.0650247 0.104612 
0.0620358 0.117195 
0.0561794 0.130939 
0.0590205 0.151304 
0.0859665 0.188757 
0.152761 0.259937 
0.264122 0.37528 
0.404367 0.523939 
0.542633 0.675011 
0.64984 0.796052 
0.71334 0.871964 
0.740005 0.909365 
0.748317 0.925603 
0.754453 0.931795 
0.758643 0.921136 
0.740021 0.870259 
0.667051 0.754705 
0.521915 0.571048 
0.324701 0.35177 
0.136881 0.159311 
0.0328757 0.0560675 
0.0529271 0.0657471 
0.17226 0.155006 
0.315383 0.25453 
0.407333 0.306021 
0.419548 0.296396 
0.374755 0.253054 
0.316593 0.212915 
0.278433 0.198592 
0.273026 0.216059 
0.29506 0.259657 
0.323105 0.310568 
0.325125 0.337271 
0.27721 0.311938 
0.185414 0.234042 
0.0862581 0.135255 
0.0197584 0.0565539 
1.98097e-05 0.0195678 
0.011688 0.0191695 
0.0311104 0.0381456 
0.0464369 0.0627377 
0.0592047 0.0852719 
0.0746902 0.100636 
0.0961082 0.107217 
0.12453 0.109467 
0.157007 0.113364 
0.183163 0.117799 
0.188998 0.114522 
0.168499 0.0986913 
0.130206 0.0755214 
0.0906486 0.0534776 
0.0655298 0.0372824 
0.0718031 0.0380012 
0.130286 0.0872255 
0.246384 0.219401 
0.378377 0.419384 
0.442359 0.594317 
0.378474 0.62888 
0.219749 0.490381 
0.0727607 0.269494 
0.0125324 0.0971157 
0.0140142 0.0257302 
0.0156554 0.01569 
0.038605 0.0348228 
0.189705 0.126209 
0.513824 0.338823 
0.874234 0.610067 
1.03632 0.773688 
0.887026 0.712477 
0.545944 0.481583 
0.245954 0.255204 
0.124624 0.160646 
0.144418 0.18412 
0.185354 0.226704 
0.173118 0.217429 
0.11718 0.160818 
0.0635247 0.100449 
0.0388659 0.0643006 
0.0355583 0.0468596 
0.0338493 0.0297912 
0.0300819 0.0101443 
0.0385205 0.00493549 
0.0644265 0.0276406 
0.0871527 0.0667936 
0.0843724 0.0969181 
0.0656308 0.106873 
0.0595871 0.103812 
0.0686588 0.0909824 
0.0645958 0.0629559 
0.0393657 0.0305106 
0.0309673 0.0267131 
0.0742936 0.0676733 
0.146414 0.121781 
0.190728 0.141643 
0.186304 0.119495 
0.167746 0.0914847 
