0.208879 0.245591 0.20299 
0.100532 0.0489512 0.0487869 
0.726798 0.670802 0.673401 
1.61326 1.59127 1.52761 
2.11043 2.12108 1.96308 
1.90657 1.93625 1.72929 
1.2108 1.25664 1.09494 
0.499899 0.57474 0.547789 
0.114999 0.239045 0.393133 
0.0670903 0.258958 0.595565 
0.153357 0.428561 0.928269 
0.199946 0.575341 1.22117 
0.194651 0.691371 1.47473 
0.238519 0.876863 1.78734 
0.418796 1.20474 2.21514 
0.732975 1.64309 2.70051 
1.10299 2.077 3.10488 
1.43273 2.37917 3.28969 
1.65113 2.46459 3.17763 
1.72224 2.3074 2.77115 
1.63705 1.93555 2.14412 
1.40729 1.42242 1.42571 
1.06913 0.876824 0.775629 
0.688477 0.419521 0.338684 
0.350198 0.140167 0.18241 
0.123173 0.0519747 0.252369 
0.0215436 0.0812708 0.392123 
0.00312085 0.118529 0.439733 
0.02194 0.108678 0.345389 
0.0918179 0.108286 0.215239 
0.286141 0.244232 0.228512 
0.650884 0.589091 0.480632 
1.10712 1.05795 0.882181 
1.45641 1.43348 1.20892 
1.51498 1.51782 1.26889 
1.26599 1.28572 1.04495 
0.882038 0.900512 0.691223 
0.588709 0.579217 0.395397 
0.50018 0.436006 0.240443 
0.588631 0.451927 0.192467 
0.810701 0.589694 0.215157 
1.24731 0.923901 0.386903 
2.09117 1.63619 0.890728 
3.46392 2.85272 1.86303 
5.21604 4.45568 3.21945 
6.89433 6.03899 4.60921 
7.92925 7.06881 5.55565 
7.92261 7.15109 5.69893 
6.85008 6.23332 4.98244 
5.06864 4.6262 3.67247 
3.15341 2.85738 2.2216 
1.66848 1.45628 1.07523 
0.969265 0.766874 0.516949 
1.08912 0.838552 0.588869 
1.73894 1.4178 1.08805 
2.43792 2.06003 1.64832 
2.74615 2.34495 1.90896 
2.48673 2.09646 1.70552 
1.8117 1.4599 1.15529 
1.05868 0.767512 0.554486 
0.510895 0.292605 0.156623 
0.252404 0.0927743 0.0147864 
0.210256 0.0544474 0.0118491 
0.292878 0.0563452 0.0189504 
0.462799 0.0722785 0.0100858 
0.690068 0.131338 0.0361006 
0.884121 0.222465 0.126396 
0.918667 0.275832 0.248377 
0.738042 0.239313 0.358202 
0.425048 0.146813 0.457755 
0.147721 0.0905635 0.577416 
0.0335438 0.128779 0.710618 
0.0901517 0.232575 0.790782 
0.232842 0.323939 0.747301 
0.372127 0.354865 0.580155 
0.474587 0.344166 0.370921 
0.558134 0.344976 0.218462 
0.648593 0.386321 0.162926 
0.745339 0.446295 0.165793 
0.820721 0.475951 0.15713 
0.846302 0.448816 0.105912 
0.821038 0.393504 0.0559476 
0.776873 0.380461 0.0974907 
0.755625 0.468954 0.292447 
0.77788 0.656572 0.611464 
0.834701 0.878548 0.941037 
0.909326 1.06232 1.16457 
1.00042 1.18667 1.2511 
1.11479 1.28513 1.26926 
1.23593 1.38942 1.3104 
1.31111 1.47419 1.39321 
1.28388 1.46599 1.44228 
1.14484 1.31028 1.3589 
0.945072 1.02795 1.11291 
0.753322 0.704832 0.770037 
0.60028 0.429051 0.439345 
0.468709 0.240923 0.200171 
0.33644 0.136368 0.0723734 
0.219578 0.102519 0.0373504 
0.164111 0.13583 0.0692155 
0.194414 0.225759 0.14311 
0.277902 0.33523 0.228343 
0.348747 0.413816 0.29325 
0.368232 0.437183 0.326652 
0.357685 0.429347 0.350559 
0.368386 0.438222 0.401508 
0.421018 0.485852 0.492626 
0.481133 0.545361 0.594439 
0.498931 0.570851 0.657177 
0.471104 0.549934 0.654951 
0.45509 0.522153 0.60814 
0.513339 0.54005 0.561228 
0.639678 0.609481 0.537843 
0.744603 0.670351 0.517247 
0.724255 0.642684 0.455457 
0.558771 0.501857 0.332512 
0.354449 0.31856 0.185033 
0.287843 0.227251 0.0972601 
0.488068 0.343465 0.157126 
0.941308 0.687747 0.40744 
1.48489 1.16628 0.820743 
1.89419 1.61618 1.30595 
2.00293 1.88076 1.73492 
1.78037 1.86922 1.9749 
1.32761 1.57953 1.92634 
0.813655 1.09465 1.57193 
0.39947 0.564227 1.01891 
0.180346 0.161369 0.485075 
0.151405 0.00291356 0.193868 
0.207857 0.0702459 0.22771 
0.209044 0.214223 0.466977 
0.101896 0.284921 0.701601 
0.0150057 0.295658 0.838431 
0.201882 0.44828 0.999228 
0.823126 0.946902 1.38234 
1.74055 1.75053 2.00573 
2.54468 2.52237 2.60373 
2.84411 2.86806 2.81656 
2.57585 2.65926 2.5056 
2.04485 2.13253 1.88181 
1.65275 1.67101 1.32081 
1.57809 1.49157 1.0579 
1.6997 1.53257 1.05682 
1.78906 1.60368 1.13572 
1.73842 1.59812 1.17237 
1.61077 1.56045 1.18539 
1.52959 1.60668 1.27682 
1.57681 1.83556 1.55728 
1.78769 2.30269 2.11237 
2.17311 2.99783 2.95024 
2.68659 3.77915 3.90217 
3.18048 4.34903 4.59197 
3.45885 4.38619 4.6081 
3.42115 3.78337 3.80944 
3.14817 2.76893 2.48996 
2.81606 1.75735 1.20305 
2.51939 1.04548 0.372854 
2.20141 0.643746 0.0470028 
1.77055 0.391324 0.00378096 
1.25987 0.198941 0.0589278 
0.830888 0.139022 0.228831 
0.608184 0.298388 0.599387 
0.538363 0.591681 1.09399 
0.447256 0.776989 1.43956 
0.242222 0.676394 1.391 
0.035544 0.363673 0.974758 
0.0456602 0.109872 0.486024 
0.371635 0.134225 0.235777 
0.868501 0.406362 0.297575 
1.24395 0.683521 0.488186 
1.27961 0.730485 0.573151 
0.979019 0.511451 0.484219 
0.537041 0.199594 0.358812 
0.190007 0.0306124 0.401572 
0.0807417 0.144989 0.719887 
0.22054 0.534678 1.27292 
0.534438 1.09838 1.9459 
0.927192 1.72872 2.65378 
1.3212 2.35598 3.37505 
1.65696 2.92985 4.09663 
1.87675 3.37703 4.73468 
1.9206 3.58929 5.11701 
1.74973 3.46721 5.05944 
1.38398 2.99203 4.48625 
0.918881 2.26638 3.50235 
0.496796 1.4831 2.35803 
0.242986 0.837506 1.3293 
0.207696 0.441946 0.597205 
0.350579 0.295093 0.198901 
0.570666 0.312533 0.0610445 
0.756424 0.385206 0.0708025 
0.827998 0.427939 0.133486 
0.759046 0.401815 0.195646 
0.57803 0.313527 0.240933 
0.351635 0.199675 0.273445 
0.154462 0.102785 0.29878 
0.0357165 0.0482724 0.310925 
0.000181821 0.0346705 0.29326 
0.0169887 0.044741 0.236012 
0.0527084 0.0712481 0.159821 
0.104559 0.137088 0.125457 
0.203367 0.288067 0.213725 
0.377502 0.555117 0.479003 
0.607366 0.912106 0.903822 
0.818286 1.26931 1.39059 
0.928461 1.51834 1.80465 
0.9097 1.59532 2.04112 
0.797783 1.50586 2.06451 
0.643758 1.29309 1.8952 
0.474373 0.996615 1.57224 
0.329549 0.664817 1.14595 
0.343937 0.413323 0.7114 
0.747228 0.439744 0.427467 
1.70575 0.920527 0.46045 
3.10197 1.84029 0.869119 
4.46908 2.91171 1.53135 
5.20612 3.70026 2.19889 
4.95288 3.89061 2.65438 
3.83949 3.49178 2.8448 
2.41514 2.82016 2.88355 
1.32002 2.28409 2.93163 
0.949308 2.1424 3.06597 
1.31481 2.3949 3.23241 
2.12365 2.83211 3.29353 
2.95768 3.16674 3.11497 
3.44365 3.16399 2.63779 
3.37577 2.73506 1.91872 
2.78138 1.9785 1.13176 
1.90228 1.14607 0.516206 
1.07465 0.525565 0.271438 
0.557249 0.292091 0.446667 
0.414268 0.42255 0.904 
0.528143 0.736187 1.39658 
0.718837 1.03135 1.71929 
0.872368 1.21894 1.83115 
0.995271 1.36446 1.86869 
1.17919 1.62139 2.04574 
1.51029 2.10371 2.50397 
1.97124 2.76979 3.19796 
2.38977 3.38592 3.87783 
2.49291 3.61431 4.19194 
2.08366 3.21276 3.87832 
1.24688 2.24028 2.94887 
0.401114 1.10434 1.73703 
0.0777607 0.355374 0.736154 
0.537683 0.329824 0.303875 
1.53368 0.909773 0.43996 
2.46308 1.61925 0.823245 
2.82571 2.00543 1.09328 
2.60218 1.98795 1.14419 
2.21184 1.86914 1.17378 
