0.200708 0.0982617 0.0481592 
0.185231 0.072228 0.0176932 
0.208621 0.0801303 0.0149282 
0.247866 0.108134 0.0349541 
0.257515 0.143033 0.0954018 
0.203728 0.171615 0.197928 
0.108285 0.184581 0.295327 
0.0870209 0.221039 0.349543 
0.291113 0.371638 0.400581 
0.733705 0.667201 0.512784 
1.18299 0.966188 0.647243 
1.31768 1.03418 0.658488 
1.0455 0.788679 0.466247 
0.627232 0.424435 0.188132 
0.422345 0.23073 0.034333 
0.52347 0.292979 0.0784879 
0.698834 0.434834 0.199408 
0.691978 0.46025 0.265735 
0.500641 0.379593 0.3086 
0.319076 0.348949 0.452819 
0.27371 0.442451 0.717176 
0.312487 0.576605 0.969385 
0.352033 0.663756 1.09401 
0.433392 0.751303 1.13312 
0.66014 0.943573 1.20523 
1.01559 1.21922 1.31769 
1.31739 1.40014 1.32841 
1.37681 1.3234 1.10976 
1.17464 1.01351 0.714101 
0.867965 0.668635 0.355087 
0.649171 0.497115 0.241263 
0.612949 0.57584 0.433989 
0.729736 0.832779 0.832206 
0.903096 1.12315 1.25395 
1.04092 1.31959 1.53699 
1.09561 1.36539 1.60711 
1.06463 1.27652 1.49087 
0.967205 1.10501 1.2728 
0.825272 0.898271 1.03186 
0.663137 0.686447 0.807342 
0.510997 0.493543 0.610855 
0.392056 0.342117 0.452076 
0.303941 0.240156 0.34317 
0.224287 0.172478 0.284703 
0.142108 0.115537 0.259285 
0.078268 0.0611061 0.243556 
0.0669211 0.0211545 0.224776 
0.116065 0.00937977 0.205364 
0.189774 0.0209097 0.193202 
0.231639 0.0322232 0.189926 
0.209878 0.0238345 0.192324 
0.145976 0.00600648 0.20713 
0.0991859 0.0177142 0.256537 
0.11312 0.0876777 0.352752 
0.169865 0.190016 0.460034 
0.202617 0.249697 0.497262 
0.165172 0.210198 0.403328 
0.0896159 0.100734 0.210188 
0.0640176 0.0250303 0.0401978 
0.144046 0.0709567 0.0147678 
0.287984 0.227853 0.156768 
0.385301 0.394561 0.379166 
0.355169 0.47057 0.566833 
0.22328 0.443937 0.671788 
0.106303 0.397081 0.737403 
0.114802 0.427222 0.836174 
0.254583 0.550885 0.980764 
0.411683 0.6763 1.09002 
0.443009 0.674172 1.04617 
0.305628 0.494018 0.800136 
0.113813 0.226638 0.434375 
0.0615227 0.0495597 0.121623 
0.260702 0.0895952 0.00497807 
0.629334 0.314071 0.093824 
0.937231 0.549599 0.262916 
0.98906 0.625196 0.360945 
0.793946 0.522269 0.34036 
0.562662 0.390994 0.290702 
0.520443 0.404937 0.336573 
0.704533 0.587504 0.496064 
0.941414 0.786258 0.649412 
1.01934 0.823272 0.657596 
0.871554 0.659443 0.501139 
0.592726 0.402597 0.285042 
0.314189 0.179544 0.120147 
0.108295 0.0431794 0.0387658 
0.00978538 0.00774748 0.037335 
0.0668024 0.116531 0.152222 
0.312226 0.412115 0.431367 
0.68931 0.840547 0.829103 
1.05147 1.23806 1.18724 
1.2594 1.44949 1.36767 
1.26678 1.45036 1.39486 
1.10926 1.33665 1.43435 
0.844141 1.2121 1.62516 
0.532977 1.11341 1.95034 
0.26307 1.03519 2.26948 
0.127824 0.980799 2.44799 
0.150221 0.957762 2.43946 
0.242155 0.942441 2.27205 
0.276183 0.889533 2.00283 
0.211704 0.790887 1.70038 
0.138637 0.705227 1.44076 
0.184793 0.706512 1.27838 
0.381733 0.800363 1.20526 
0.626354 0.903548 1.15206 
0.770608 0.914108 1.04831 
0.742756 0.799997 0.888027 
0.585956 0.615996 0.730563 
0.397683 0.439185 0.632188 
0.25094 0.299802 0.580844 
0.174334 0.181166 0.507545 
0.182369 0.0761192 0.364628 
0.289882 0.0205127 0.184185 
0.484302 0.0578901 0.0503064 
0.708687 0.183768 0.018359 
0.911153 0.351534 0.076674 
1.12181 0.542245 0.191006 
1.44719 0.803434 0.364142 
1.94291 1.18304 0.620952 
2.48216 1.61834 0.929971 
2.78738 1.92263 1.1704 
2.63861 1.9199 1.21215 
2.0677 1.60194 1.03511 
1.33787 1.13823 0.751542 
0.728462 0.727619 0.504094 
0.350566 0.458872 0.360847 
0.166841 0.323836 0.325146 
0.141844 0.328818 0.420499 
0.306898 0.52816 0.706001 
0.657445 0.917663 1.17272 
1.03656 1.33081 1.65023 
1.19447 1.50754 1.87571 
0.999543 1.30473 1.69567 
0.574809 0.831911 1.20032 
0.196669 0.358795 0.647167 
0.0508147 0.0863974 0.254028 
0.0950921 0.0151606 0.0711621 
0.157397 0.025054 0.034591 
0.145101 0.0504566 0.0991438 
0.140049 0.150239 0.286716 
0.294039 0.412984 0.613204 
0.651494 0.821621 1.00504 
1.08426 1.22963 1.31524 
1.39109 1.46673 1.42378 
1.45091 1.46029 1.31653 
1.28843 1.26228 1.07282 
1.01658 0.98075 0.792545 
0.735878 0.698949 0.539947 
0.4851 0.450086 0.33976 
0.264885 0.243119 0.199028 
0.0898213 0.0948358 0.118968 
0.023708 0.0446255 0.0981807 
0.186761 0.160555 0.148966 
0.732821 0.5373 0.319851 
1.77898 1.25722 0.681265 
3.28637 2.29942 1.25096 
4.96019 3.45181 1.90966 
6.28529 4.33127 2.40383 
6.74742 4.55905 2.47796 
6.12856 3.99654 2.05464 
4.66017 2.85822 1.31177 
2.8996 1.59449 0.577789 
1.41255 0.625676 0.122295 
0.497134 0.129852 0.00926226 
0.128576 0.0262253 0.114926 
0.10491 0.118909 0.263206 
0.230009 0.25098 0.346823 
0.398362 0.358389 0.351181 
0.575826 0.435252 0.307098 
0.753341 0.48989 0.249301 
0.927749 0.537763 0.216787 
1.10234 0.61179 0.266278 
1.28065 0.75255 0.456079 
1.45165 0.973961 0.797384 
1.58242 1.23255 1.21195 
1.62526 1.42904 1.54019 
1.53457 1.45061 1.61324 
1.29079 1.23803 1.35735 
0.925598 0.839693 0.863514 
0.528027 0.406751 0.360363 
0.210439 0.115188 0.089234 
0.0476749 0.0621207 0.162677 
0.0384972 0.216547 0.511381 
0.123682 0.461352 0.952547 
0.238613 0.680902 1.31009 
0.347933 0.817053 1.48998 
0.441819 0.866438 1.48194 
0.51999 0.853837 1.33028 
0.588481 0.816397 1.11136 
0.659715 0.792676 0.909098 
0.740854 0.802998 0.776989 
0.826319 0.84047 0.717881 
0.91593 0.895739 0.713937 
1.0356 0.987392 0.773559 
1.21232 1.14171 0.922516 
1.41179 1.32759 1.13488 
1.52323 1.43616 1.29963 
1.44874 1.36726 1.30011 
1.22581 1.15089 1.14081 
1.03888 0.957227 0.969031 
1.07712 0.955124 0.941655 
1.36724 1.15387 1.06975 
1.74654 1.39215 1.2087 
1.99412 1.4804 1.20136 
1.98486 1.34896 1.02183 
1.74217 1.07766 0.790694 
1.39206 0.822126 0.680565 
1.09148 0.725139 0.811564 
0.963358 0.853342 1.19023 
1.03056 1.15222 1.68906 
1.17963 1.44364 2.08094 
1.21928 1.51661 2.15685 
1.02739 1.2844 1.87891 
0.664333 0.873756 1.4334 
0.332325 0.538006 1.1004 
0.208308 0.455444 1.0355 
0.308499 0.597904 1.16185 
0.503215 0.783058 1.26445 
0.643553 0.839733 1.18006 
0.667057 0.725072 0.904762 
0.603735 0.513251 0.553408 
0.519349 0.310667 0.252067 
0.47735 0.195886 0.0730401 
0.543091 0.216271 0.0398585 
0.776668 0.393052 0.148801 
1.16451 0.685694 0.356098 
1.53857 0.94767 0.551956 
1.61626 0.973698 0.598674 
1.22247 0.67932 0.463966 
0.537319 0.278951 0.344035 
0.0832243 0.231323 0.596711 
0.348476 0.889335 1.44547 
1.33219 2.12322 2.68736 
2.46174 3.3089 3.72844 
3.0193 3.76759 3.9942 
2.70444 3.28283 3.36803 
1.81511 2.22193 2.25013 
0.922429 1.18373 1.20478 
0.404643 0.548601 0.560966 
0.266462 0.326947 0.311222 
0.303805 0.330047 0.288661 
0.34514 0.389413 0.351148 
0.33587 0.421723 0.411558 
0.281849 0.386004 0.398177 
0.194349 0.268548 0.275473 
0.0943316 0.112981 0.102008 
0.0236965 0.0131177 0.0116478 
0.0211435 0.0412599 0.101946 
0.0903867 0.185195 0.34364 
0.199858 0.361929 0.605913 
