2.65389 2.02054 1.45477 
2.21395 1.52405 0.984049 
1.67199 1.04033 0.600799 
1.16445 0.701098 0.41941 
0.796466 0.581005 0.485979 
0.608295 0.675361 0.766559 
0.570743 0.908326 1.16337 
0.608997 1.16622 1.55081 
0.641672 1.34091 1.8167 
0.61654 1.36582 1.8942 
0.527791 1.23227 1.77551 
0.409395 0.982939 1.50606 
0.310267 0.68822 1.16381 
0.264789 0.417024 0.832303 
0.273647 0.214092 0.576552 
0.304511 0.0920689 0.428957 
0.311959 0.0393544 0.388523 
0.265713 0.0370644 0.431081 
0.170868 0.073919 0.523595 
0.0672953 0.149482 0.634548 
0.00712241 0.264125 0.736422 
0.0231717 0.404092 0.803124 
0.108568 0.535195 0.809842 
0.222034 0.613923 0.74076 
0.316665 0.611852 0.601798 
0.372762 0.536914 0.427525 
0.410466 0.433746 0.271525 
0.471027 0.358292 0.180195 
0.578783 0.34146 0.164554 
0.712533 0.367808 0.19107 
0.810809 0.387533 0.202818 
0.811382 0.356228 0.160867 
0.697996 0.27411 0.0777356 
0.518415 0.19307 0.0158407 
0.356724 0.181687 0.0465058 
0.277397 0.270988 0.194979 
0.282883 0.422336 0.411315 
0.31967 0.546697 0.592552 
0.332142 0.567485 0.645989 
0.324419 0.483659 0.551612 
0.37868 0.383792 0.378507 
0.606414 0.393321 0.240355 
1.05899 0.58564 0.218583 
1.65958 0.91806 0.306854 
2.21138 1.24158 0.417561 
2.48903 1.38501 0.447608 
2.36276 1.26202 0.357781 
1.87927 0.931574 0.208749 
1.24769 0.571119 0.126312 
0.738271 0.379224 0.218272 
0.554927 0.469712 0.499936 
0.755158 0.822705 0.880076 
1.25622 1.31789 1.21787 
1.90993 1.82092 1.41297 
2.58942 2.26211 1.46892 
3.23324 2.6576 1.48844 
3.82916 3.06581 1.60456 
4.36382 3.51576 1.89233 
4.78389 3.95983 2.31625 
5.00064 4.28322 2.74394 
4.93557 4.36333 3.01514 
4.57513 4.14105 3.02403 
3.99761 3.66066 2.76922 
3.35376 3.05693 2.34832 
2.81107 2.4988 1.90646 
2.4908 2.12121 1.57008 
2.42784 1.97822 1.39973 
2.56841 2.03543 1.38014 
2.80121 2.19803 1.44433 
3.00339 2.35562 1.51319 
3.08036 2.42144 1.52858 
2.98541 2.35146 1.46669 
2.71753 2.14204 1.33153 
2.30637 1.81589 1.13954 
1.79767 1.40955 0.908444 
1.24837 0.970327 0.657611 
0.730396 0.560209 0.416142 
0.33227 0.25565 0.227535 
0.146252 0.132823 0.140861 
0.237366 0.237846 0.188378 
0.606132 0.555569 0.361681 
1.16755 0.997776 0.603654 
1.76571 1.42514 0.826396 
2.22539 1.69879 0.949477 
2.41942 1.73804 0.938472 
2.31821 1.55402 0.82134 
1.99507 1.24023 0.672238 
1.58491 0.924914 0.571557 
1.21939 0.710774 0.564659 
0.972764 0.633234 0.641483 
0.844011 0.65606 0.745954 
0.778385 0.701708 0.807488 
0.710951 0.697047 0.777039 
0.606835 0.611234 0.651319 
0.479774 0.470476 0.477043 
0.384276 0.346671 0.335684 
0.388311 0.326408 0.314238 
0.538819 0.471773 0.470138 
0.832894 0.786623 0.801209 
1.20625 1.20248 1.23393 
1.547 1.59445 1.6407 
1.73463 1.82661 1.88563 
1.69093 1.81051 1.88204 
1.4192 1.54817 1.63305 
1.00788 1.13413 1.23092 
0.591634 0.710767 0.811871 
0.287754 0.399235 0.48991 
0.143459 0.244991 0.307449 
0.125202 0.209497 0.230754 
0.15527 0.210799 0.189692 
0.169631 0.184004 0.132613 
0.156968 0.120598 0.0589401 
0.153076 0.0620999 0.00975898 
0.197944 0.0570594 0.0276841 
0.290718 0.116516 0.118725 
0.379238 0.202696 0.245584 
0.394548 0.259514 0.356883 
0.306025 0.261302 0.429376 
0.155844 0.242088 0.490602 
0.0450483 0.281773 0.604103 
0.0775327 0.456685 0.826468 
0.297491 0.786952 1.1649 
0.659679 1.21445 1.56237 
1.04886 1.62359 1.91783 
1.33327 1.89001 2.12695 
1.41973 1.92889 2.1203 
1.28398 1.72141 1.88349 
0.971234 1.31618 1.45883 
0.578367 0.815144 0.936516 
0.230497 0.352913 0.440135 
0.0544031 0.0693625 0.103363 
0.14396 0.0715157 0.0331997 
0.519448 0.389291 0.265745 
1.0984 0.944979 0.735286 
1.70399 1.56212 1.28161 
2.12415 2.02464 1.70487 
2.20322 2.1666 1.84857 
1.91998 1.94768 1.66856 
1.40381 1.46988 1.24853 
0.872512 0.922559 0.751729 
0.522841 0.485565 0.337317 
0.435541 0.246882 0.090549 
0.549001 0.180544 0.0049757 
0.712755 0.191108 0.0186323 
0.783059 0.188829 0.0715418 
0.70047 0.144435 0.142659 
0.507147 0.0926019 0.24561 
0.304187 0.0918268 0.396062 
0.185566 0.176337 0.583136 
0.191813 0.334295 0.769126 
0.303884 0.520992 0.915065 
0.467394 0.688698 1.00757 
0.622349 0.807315 1.06296 
0.720911 0.864534 1.10592 
0.733178 0.854929 1.14272 
0.650621 0.775284 1.1535 
0.491528 0.632989 1.11103 
0.301604 0.457411 1.01011 
0.14015 0.298014 0.882227 
0.0532215 0.204014 0.782314 
0.0497243 0.198179 0.756978 
0.0991854 0.264943 0.817653 
0.155329 0.362549 0.936315 
0.188904 0.449509 1.06284 
0.204879 0.504847 1.14824 
0.231948 0.529153 1.15908 
0.295928 0.532002 1.08102 
0.402155 0.523008 0.920191 
0.542518 0.517288 0.708356 
0.718143 0.547456 0.505997 
0.951543 0.662431 0.390135 
1.26953 0.901727 0.422136 
1.66552 1.25754 0.609801 
2.07322 1.65475 0.890606 
2.38082 1.9723 1.15454 
2.48446 2.10045 1.29838 
2.34724 1.99877 1.27854 
2.02167 1.71586 1.1277 
1.61964 1.35727 0.925255 
1.25299 1.02595 0.744356 
0.987756 0.776899 0.613947 
0.840488 0.61381 0.519664 
0.807347 0.519444 0.435613 
0.890158 0.486422 0.355848 
1.0904 0.519661 0.298528 
1.37664 0.611992 0.282636 
1.66189 0.722557 0.302765 
1.82566 0.787914 0.329447 
1.77971 0.766883 0.338962 
1.53552 0.686445 0.347847 
1.22013 0.64736 0.418967 
1.01895 0.774487 0.626394 
1.07519 1.13874 0.999898 
1.40873 1.7022 1.48911 
1.9049 2.32478 1.97615 
2.37737 2.82958 2.33142 
2.66125 3.08508 2.47685 
2.67919 3.05429 2.4161 
2.44929 2.78743 2.21581 
2.04626 2.37425 1.95572 
1.55418 1.89451 1.68372 
1.04319 1.39802 1.40373 
0.574354 0.917576 1.09798 
0.212536 0.493503 0.762407 
0.025046 0.184913 0.429372 
0.0614039 0.0582903 0.165391 
0.329591 0.163785 0.0502089 
0.788563 0.517225 0.152598 
1.36381 1.098 0.514468 
1.97492 1.85905 1.1445 
2.55671 2.73744 2.0157 
3.06294 3.6577 3.06233 
3.45671 4.52952 4.1779 
3.70066 5.2484 5.21992 
3.75781 5.70638 6.02686 
3.60384 5.81356 6.44752 
3.24277 5.52429 6.37778 
2.71644 4.8588 5.79536 
2.10248 3.91169 4.781 
1.50065 2.84088 3.51435 
1.01077 1.83491 2.23748 
0.707106 1.06369 1.19034 
0.616613 0.627744 0.537267 
0.710642 0.527248 0.314557 
0.917272 0.668657 0.425761 
1.15228 0.910152 0.691162 
1.35432 1.12541 0.929842 
1.50372 1.25214 1.03341 
1.61175 1.29875 0.994046 
1.68684 1.3075 0.875822 
1.70298 1.30142 0.752322 
1.59888 1.25368 0.652893 
1.31805 1.1043 0.552255 
0.870134 0.816152 0.407978 
0.372869 0.43329 0.217808 
0.0384353 0.0988654 0.055468 
0.0985364 0.0130268 0.0575539 
0.700748 0.348195 0.365536 
1.83018 1.16621 1.05475 
3.30008 2.3817 2.08921 
4.81829 3.78957 3.32473 
6.09567 5.13916 4.55525 
6.94233 6.21572 5.57659 
7.30888 6.89226 6.23892 
7.2633 7.13745 6.47153 
6.92825 6.99028 6.28102 
6.41833 6.52544 5.73387 
5.80738 5.8287 4.93488 
5.13137 4.9872 4.00628 
4.41141 4.08741 3.06795 
3.67481 3.21107 2.2188 
