0.410305 0.224258 0.0781751 
0.870906 0.609797 0.315012 
1.23944 0.951966 0.587857 
1.39377 1.11372 0.772327 
1.29993 1.06339 0.838298 
1.00518 0.86291 0.834102 
0.620645 0.625389 0.832707 
0.280956 0.455313 0.872897 
0.0899923 0.400355 0.934331 
0.081043 0.440379 0.960446 
0.213727 0.513956 0.904834 
0.406175 0.55981 0.762979 
0.579375 0.546969 0.570823 
0.685725 0.479482 0.379103 
0.710379 0.37975 0.225049 
0.658046 0.268688 0.119095 
0.545823 0.160588 0.0523507 
0.408219 0.0749698 0.0179492 
0.30173 0.0499133 0.0305221 
0.291788 0.135783 0.125604 
0.417456 0.360612 0.329359 
0.652951 0.686811 0.614172 
0.904219 1.00421 0.884125 
1.06365 1.18932 1.02586 
1.08917 1.19527 0.996019 
1.03248 1.08556 0.858348 
0.984123 0.97089 0.721604 
0.998041 0.918122 0.644681 
1.07766 0.932697 0.6194 
1.20968 1.00837 0.635136 
1.35947 1.13834 0.709263 
1.42213 1.25246 0.820375 
1.24667 1.19908 0.851732 
0.793487 0.875537 0.679392 
0.269473 0.393965 0.33987 
0.0213453 0.0491839 0.053526 
0.222785 0.0573153 0.0240849 
0.679754 0.33637 0.226784 
0.995409 0.588711 0.438586 
0.934114 0.596978 0.473521 
0.596625 0.399486 0.343172 
0.253391 0.181353 0.183598 
0.0713105 0.0619197 0.0890087 
0.0294258 0.0289764 0.0612506 
0.0351671 0.0282276 0.0758293 
0.0390491 0.03691 0.119752 
0.0380456 0.0477968 0.162762 
0.0381798 0.0473097 0.159458 
0.0464076 0.0376429 0.108935 
0.0618804 0.0374936 0.0637932 
0.0588061 0.0400407 0.0496175 
0.0395772 0.0341824 0.0370416 
0.152049 0.123402 0.0604945 
0.668761 0.545039 0.302199 
1.68666 1.40825 0.903053 
2.80337 2.36668 1.6399 
3.25515 2.71649 1.94392 
2.59464 2.03773 1.44051 
1.28601 0.781009 0.492779 
0.487759 0.060797 0.0388507 
1.07635 0.694066 0.729596 
2.82115 2.40017 2.22566 
4.54071 3.99537 3.4359 
5.09039 4.40319 3.48742 
4.22908 3.48907 2.44486 
2.62747 1.99 1.11474 
1.1798 0.767822 0.255188 
0.355631 0.183071 0.0287477 
0.0890298 0.0693172 0.117811 
0.0876877 0.110386 0.190553 
0.143285 0.144396 0.178486 
0.203528 0.176596 0.190938 
0.275121 0.236454 0.297148 
0.335018 0.291755 0.439455 
0.333639 0.280828 0.511007 
0.254397 0.186728 0.465414 
0.152877 0.0664746 0.348797 
0.128537 0.0102585 0.24829 
0.243704 0.0657758 0.215662 
0.45841 0.191652 0.229384 
0.647071 0.285629 0.224072 
0.691758 0.269794 0.16091 
0.571383 0.158069 0.073192 
0.370652 0.0453906 0.042068 
0.215599 0.0362923 0.128477 
0.208609 0.186769 0.332493 
0.410535 0.502831 0.615943 
0.840616 0.962579 0.947645 
1.44279 1.5046 1.30533 
2.0365 1.98838 1.62831 
2.34313 2.20375 1.79084 
2.14089 1.98328 1.66187 
1.46077 1.35651 1.22327 
0.642069 0.600433 0.634512 
0.151036 0.101221 0.15973 
0.278435 0.113064 0.000831569 
0.961903 0.610897 0.179208 
1.87965 1.36008 0.569299 
2.71921 2.12953 1.04309 
3.37759 2.84933 1.58048 
3.93559 3.5799 2.2392 
4.4697 4.34402 3.01736 
4.90099 4.99604 3.74717 
5.02282 5.26359 4.13942 
4.67916 4.94433 3.9745 
3.93782 4.1055 3.30492 
3.10699 3.11446 2.49522 
2.56093 2.44156 2.02367 
2.4874 2.35249 2.15752 
2.74627 2.71781 2.74545 
2.96234 3.10234 3.31055 
2.79567 3.07977 3.38988 
2.1802 2.52641 2.85276 
1.34412 1.6667 1.94894 
0.614955 0.863324 1.0795 
0.190683 0.355503 0.512599 
0.0570943 0.154007 0.269303 
0.0735193 0.124671 0.212912 
0.108443 0.133213 0.203878 
0.108328 0.122028 0.181743 
0.0823196 0.0969514 0.150782 
0.0580595 0.0818252 0.131417 
0.05702 0.0928479 0.13327 
0.0954201 0.139532 0.157752 
0.191251 0.232016 0.208862 
0.357263 0.374891 0.29075 
0.57531 0.544715 0.388022 
0.774724 0.674174 0.450785 
0.85311 0.677362 0.417183 
0.747193 0.517659 0.273385 
0.498172 0.261416 0.0965423 
0.237569 0.051493 0.0225979 
0.0906558 0.00866346 0.154192 
0.0853497 0.149659 0.493661 
0.152499 0.395315 0.958851 
0.204621 0.64383 1.44462 
0.203669 0.8251 1.85481 
0.16169 0.900063 2.0943 
0.104474 0.846813 2.07926 
0.0536111 0.67482 1.79179 
0.0320164 0.443872 1.32173 
0.0593553 0.240743 0.828165 
0.129788 0.12143 0.442302 
0.204351 0.0787942 0.202887 
0.238591 0.0689985 0.0758392 
0.220268 0.0626292 0.0176478 
0.17857 0.0668343 0.0125941 
0.160321 0.108302 0.0657734 
0.199867 0.206803 0.183235 
0.301977 0.360391 0.361089 
0.435722 0.537573 0.574895 
0.538418 0.674514 0.765724 
0.541875 0.694829 0.847527 
0.421289 0.560025 0.755584 
0.231589 0.317055 0.507871 
0.0861923 0.0897949 0.21804 
0.0798337 0.00355408 0.0319207 
0.218669 0.100009 0.0324885 
0.423103 0.316516 0.192102 
0.598684 0.543312 0.406339 
0.702782 0.6989 0.569316 
0.747057 0.758248 0.62508 
0.751098 0.729725 0.570665 
0.710349 0.627259 0.435598 
0.610576 0.469623 0.266102 
0.460312 0.291765 0.114248 
0.297981 0.139414 0.0214818 
0.168562 0.047175 0.00250796 
0.0984464 0.0242774 0.0454755 
0.090538 0.0612554 0.129563 
0.135767 0.14675 0.24324 
0.224991 0.276827 0.388457 
0.349671 0.44871 0.569131 
0.489801 0.642455 0.77071 
0.600992 0.805585 0.944101 
0.622834 0.863405 1.01424 
0.518048 0.763782 0.923106 
0.316408 0.528157 0.682145 
0.117171 0.258616 0.384342 
0.0331627 0.0809554 0.152625 
0.115243 0.0634491 0.0609578 
0.317415 0.176313 0.0928949 
0.527357 0.320141 0.167215 
0.634556 0.394325 0.201833 
0.588361 0.354221 0.164583 
0.416796 0.226848 0.0825829 
0.204965 0.0865928 0.0155806 
0.0481672 0.00954223 0.0146367 
0.00150167 0.0292184 0.0878764 
0.0510978 0.116223 0.191177 
0.126675 0.196845 0.25307 
0.152834 0.204472 0.224249 
0.105702 0.130742 0.119952 
0.0301529 0.0353892 0.0192635 
0.000926963 0.00182018 0.0131395 
0.0596808 0.0717997 0.136379 
0.181266 0.212705 0.337254 
0.293396 0.341612 0.509372 
0.327204 0.382069 0.559673 
0.260146 0.3105 0.463075 
0.130464 0.168177 0.27313 
0.0205615 0.0392129 0.0902394 
0.0130315 0.00533435 0.00732814 
0.137147 0.097207 0.0600206 
0.343671 0.27355 0.20993 
0.53569 0.448527 0.373587 
0.633943 0.54805 0.475401 
0.620139 0.548397 0.484196 
0.527833 0.472569 0.414249 
0.405055 0.36291 0.305886 
0.287889 0.258312 0.204814 
0.193925 0.181272 0.141824 
0.123461 0.130494 0.115575 
0.0668756 0.087708 0.0974777 
0.0214481 0.0426967 0.0648801 
0.00132342 0.0105129 0.0280558 
0.0201342 0.0122589 0.0131375 
0.0621187 0.0389434 0.0209075 
0.0852953 0.0522401 0.0230761 
0.0656227 0.0332299 0.0105694 
0.0311716 0.0184383 0.0276872 
0.0369011 0.0663933 0.13115 
0.102054 0.184749 0.311159 
0.182433 0.30526 0.472962 
0.211725 0.342058 0.512774 
0.166879 0.271555 0.409885 
0.0882127 0.149911 0.238507 
0.0380828 0.0571477 0.0959203 
0.0450995 0.0319756 0.0288029 
0.0872516 0.0572116 0.0233752 
0.121203 0.0932828 0.0453829 
0.121552 0.114513 0.0737964 
0.0935902 0.117028 0.101792 
0.057127 0.106654 0.125167 
0.0268637 0.0909326 0.142985 
0.00915306 0.0814339 0.164823 
0.00909427 0.092285 0.203446 
0.0307096 0.127062 0.253648 
0.0684341 0.168284 0.28487 
0.104937 0.187528 0.265141 
0.123053 0.170059 0.194512 
0.119603 0.127438 0.109031 
0.105756 0.0845439 0.0483758 
0.0956505 0.0578238 0.0233749 
0.0965935 0.0485873 0.0178953 
0.106869 0.0517076 0.0156682 
0.117447 0.062053 0.0154376 
0.116362 0.0721762 0.0207359 
0.0979915 0.0726491 0.026732 
0.0711329 0.0606574 0.0249804 
0.0534429 0.0444924 0.0158759 
