0.516721 0.273432 0.152698 
0.536541 0.229879 0.0568139 
0.67908 0.299599 0.0621857 
0.844666 0.407746 0.118221 
0.950887 0.489495 0.181267 
0.979021 0.527831 0.241148 
0.951397 0.530191 0.292834 
0.884642 0.49368 0.311037 
0.770423 0.403906 0.267842 
0.595046 0.262752 0.171527 
0.372809 0.109703 0.0789039 
0.159492 0.0111793 0.0628868 
0.0269108 0.0198545 0.158636 
0.00989812 0.130196 0.328497 
0.0707125 0.26981 0.477418 
0.129396 0.353467 0.523385 
0.155264 0.374942 0.482832 
0.237486 0.452948 0.493713 
0.537928 0.754104 0.721673 
1.12546 1.31954 1.19417 
1.82764 1.94291 1.70623 
2.26862 2.25017 1.92169 
2.12189 1.97113 1.63239 
1.39754 1.19733 0.968961 
0.508022 0.386311 0.357845 
0.0153337 0.0655892 0.223048 
0.236321 0.453471 0.66359 
1.02091 1.30318 1.37677 
1.88126 2.09562 1.89188 
2.35317 2.41261 1.91329 
2.28706 2.18475 1.49155 
1.85756 1.64498 0.912245 
1.34552 1.08599 0.443045 
0.923668 0.66145 0.172647 
0.616276 0.374644 0.0460217 
0.40053 0.193358 0.00162008 
0.293253 0.129888 0.0470095 
0.327911 0.207718 0.2121 
0.474376 0.381887 0.460397 
0.617284 0.526771 0.671097 
0.634108 0.520563 0.716872 
0.500195 0.348146 0.563421 
0.318459 0.125718 0.303501 
0.245034 0.0251569 0.102591 
0.374412 0.159405 0.10071 
0.67353 0.51056 0.333348 
1.00546 0.940481 0.711357 
1.2147 1.26717 1.06569 
1.2117 1.35758 1.23376 
1.00815 1.18729 1.14313 
0.693535 0.840608 0.845379 
0.379205 0.457949 0.479591 
0.147118 0.164355 0.189627 
0.0279132 0.0194442 0.0498225 
0.00904592 0.0102507 0.0436243 
0.0571451 0.0799953 0.0988913 
0.137892 0.16793 0.146224 
0.226431 0.237182 0.159572 
0.310121 0.281542 0.159324 
0.387339 0.31537 0.185535 
0.46382 0.356796 0.264112 
0.547237 0.414172 0.387339 
0.642149 0.482225 0.518167 
0.748141 0.548542 0.613057 
0.861338 0.604338 0.647537 
0.975756 0.649973 0.627292 
1.08081 0.689448 0.577584 
1.15643 0.718266 0.520039 
1.17328 0.717295 0.45655 
1.10462 0.662534 0.374661 
0.945935 0.546144 0.269358 
0.726759 0.390357 0.159 
0.501157 0.238468 0.076519 
0.320476 0.127799 0.041454 
0.210407 0.0692404 0.0411433 
0.171914 0.0539581 0.044505 
0.201249 0.0798093 0.0392608 
0.302698 0.166166 0.0548888 
0.475229 0.334928 0.142223 
0.686117 0.572452 0.322864 
0.865712 0.813176 0.555414 
0.940331 0.969301 0.753456 
0.879916 0.985898 0.841971 
0.717724 0.874272 0.803585 
0.524358 0.697177 0.679323 
0.36161 0.524575 0.532968 
0.256305 0.399891 0.415482 
0.207253 0.335791 0.352163 
0.203845 0.325477 0.345273 
0.231876 0.349124 0.376592 
0.268394 0.37573 0.410933 
0.285356 0.374483 0.412262 
0.268271 0.335781 0.368825 
0.230443 0.28062 0.303254 
0.201854 0.241554 0.251048 
0.199068 0.229367 0.224737 
0.206676 0.220411 0.201994 
0.191627 0.181761 0.15437 
0.137876 0.11129 0.0890304 
0.0671003 0.0511664 0.0578226 
0.0243987 0.0576772 0.118388 
0.0415985 0.152958 0.280318 
0.111443 0.302573 0.486353 
0.195467 0.440232 0.648327 
0.258477 0.519846 0.709926 
0.299684 0.551768 0.686075 
0.352797 0.592304 0.647853 
0.452364 0.692274 0.664076 
0.592507 0.843826 0.743425 
0.714281 0.969901 0.821895 
0.738582 0.971271 0.808185 
0.62456 0.800716 0.655591 
0.408045 0.507454 0.40522 
0.185361 0.213062 0.16416 
0.0507297 0.0334157 0.0333055 
0.0352161 0.0062365 0.041512 
0.094958 0.0793037 0.137028 
0.154277 0.162276 0.236792 
0.163568 0.193126 0.286106 
0.125103 0.166285 0.280553 
0.0751304 0.112746 0.245059 
0.049028 0.0647474 0.203513 
0.06077 0.0384299 0.168244 
0.102923 0.0365558 0.145703 
0.154035 0.0529402 0.137711 
0.185925 0.0715739 0.134346 
0.176176 0.0720833 0.115802 
0.126101 0.0475832 0.0721373 
0.0678398 0.0180422 0.0215233 
0.0452927 0.0180461 0.000737039 
0.0799073 0.0651431 0.0314453 
0.153745 0.141428 0.0972755 
0.228303 0.210308 0.158245 
0.280478 0.251869 0.188253 
0.319252 0.279422 0.196298 
0.368526 0.321117 0.2115 
0.436881 0.387907 0.251005 
0.504941 0.460331 0.303844 
0.539249 0.503555 0.342244 
0.516155 0.492756 0.344206 
0.435319 0.426838 0.306234 
0.317018 0.324656 0.24047 
0.191034 0.212867 0.164811 
0.0862475 0.115719 0.0954559 
0.0236144 0.0498005 0.0440791 
0.0107591 0.0212248 0.0165592 
0.0380638 0.023673 0.0110336 
0.0804506 0.0398236 0.0173479 
0.108704 0.0495832 0.0219665 
0.106213 0.0426199 0.0178689 
0.0786208 0.0252873 0.0112249 
0.0468594 0.0137409 0.0160965 
0.0290529 0.0180322 0.0397199 
0.0281897 0.0327139 0.0728342 
0.0357977 0.0434961 0.0960649 
0.0441905 0.041951 0.0961551 
0.0526066 0.0322401 0.0753076 
0.063356 0.0248989 0.0461215 
0.0767567 0.0276275 0.0211008 
0.0916162 0.0429079 0.00848529 
0.107352 0.0704176 0.0143776 
0.122074 0.107099 0.0430346 
0.129743 0.144941 0.0925778 
0.123223 0.172419 0.151635 
0.101661 0.180493 0.201627 
0.0729241 0.167069 0.223507 
0.0473777 0.136318 0.206163 
0.0302506 0.0962112 0.154351 
0.0205873 0.057222 0.0907781 
0.0156123 0.0295564 0.0452671 
0.0142251 0.0174284 0.0343357 
0.0175195 0.0163659 0.0489629 
0.0281207 0.0191316 0.0650761 
0.0479973 0.0242711 0.0674057 
0.0736476 0.0355317 0.0610151 
0.0932509 0.0522094 0.0594256 
0.0929426 0.0647988 0.0668856 
0.0698719 0.0649058 0.0776046 
0.0384193 0.0583727 0.0902317 
0.020537 0.0638309 0.115438 
0.0289505 0.0962603 0.165116 
0.0604575 0.153864 0.237088 
0.104531 0.222176 0.314754 
0.155661 0.28885 0.381695 
0.216427 0.352347 0.434129 
0.290352 0.41722 0.478886 
0.372774 0.482908 0.521086 
0.447724 0.537114 0.554011 
0.494721 0.560128 0.559849 
0.503725 0.538841 0.521667 
0.487124 0.48053 0.438872 
0.473083 0.411889 0.332982 
0.478832 0.358663 0.235308 
0.487925 0.322619 0.164914 
0.460139 0.281277 0.117916 
0.370753 0.214222 0.0791523 
0.239723 0.128448 0.0421874 
0.117652 0.0536048 0.0142663 
0.0423485 0.0124261 0.00262107 
0.0125278 0.000940282 0.00250559 
0.00364841 0.000170615 0.00373283 
0.00223453 0.00238959 0.00655505 
0.0180288 0.019146 0.0245595 
0.0643567 0.0629561 0.068937 
0.134056 0.126289 0.132192 
0.198655 0.182206 0.189972 
0.229037 0.204604 0.218761 
0.214979 0.186683 0.211673 
0.167906 0.142578 0.179985 
0.110167 0.0955255 0.143267 
0.0627776 0.0647309 0.118082 
0.0385469 0.0584073 0.111479 
0.0399884 0.0728966 0.119781 
0.059518 0.095358 0.131375 
0.0820159 0.109133 0.132583 
0.0915577 0.101703 0.115058 
0.0812336 0.0726953 0.0812509 
0.0591168 0.0358496 0.0436855 
0.0424134 0.0101808 0.0166437 
0.0415338 0.00476016 0.00557498 
0.0488544 0.0109657 0.00419347 
0.0462825 0.0123511 0.00385759 
0.0265917 0.00423062 0.00632693 
0.00551429 0.00156749 0.0242976 
0.0084342 0.0237032 0.0657524 
0.0432373 0.0703099 0.11794 
0.0882843 0.115276 0.150965 
0.110157 0.127855 0.141688 
0.0949947 0.10173 0.0963024 
0.0635757 0.0640856 0.0497026 
0.0566113 0.0561168 0.0412688 
0.1034 0.101593 0.0866107 
0.198453 0.187703 0.165709 
0.30161 0.270785 0.23417 
0.360321 0.302474 0.250055 
0.34042 0.260197 0.200648 
0.247441 0.163023 0.112191 
0.12502 0.0612267 0.0337801 
0.0300799 0.00486672 0.00442656 
0.000395569 0.0131008 0.0277044 
0.0363379 0.0667164 0.074345 
0.107889 0.127661 0.109198 
0.178416 0.167277 0.117515 
0.225513 0.180335 0.108687 
0.245648 0.178059 0.0995701 
0.245312 0.172518 0.0981256 
0.230768 0.168146 0.102661 
0.204663 0.163901 0.111615 
0.168342 0.157941 0.128001 
0.124737 0.148112 0.152414 
0.0796522 0.130735 0.174965 
