0.157728 0.137775 0.121331 
0.138751 0.121107 0.126677 
0.0868104 0.0785757 0.127274 
0.0294568 0.0388672 0.136687 
0.000609868 0.0299122 0.161618 
0.0242098 0.0661453 0.197803 
0.103812 0.144325 0.234469 
0.222117 0.247667 0.262279 
0.348891 0.353889 0.278284 
0.452447 0.442461 0.284931 
0.509901 0.498997 0.285359 
0.513402 0.517389 0.279968 
0.471576 0.500963 0.267671 
0.406482 0.462679 0.250888 
0.346915 0.423085 0.239861 
0.319528 0.404933 0.251746 
0.340062 0.425221 0.30327 
0.407451 0.487446 0.400141 
0.502977 0.577718 0.52913 
0.595239 0.66735 0.658203 
0.649904 0.72214 0.746661 
0.641637 0.715758 0.762304 
0.564412 0.64223 0.698379 
0.435925 0.521605 0.581552 
0.292786 0.394482 0.464862 
0.176493 0.30568 0.406369 
0.115177 0.283525 0.442322 
0.110298 0.325548 0.568527 
0.137008 0.399974 0.741137 
0.160326 0.464402 0.898219 
0.15912 0.492105 0.991187 
0.142921 0.489823 1.00834 
0.148687 0.494266 0.976535 
0.216483 0.547296 0.940261 
0.357695 0.664267 0.931382 
0.53688 0.816265 0.948915 
0.682081 0.939738 0.961414 
0.721259 0.970142 0.929812 
0.62513 0.880605 0.835631 
0.430841 0.702575 0.6968 
0.231052 0.515865 0.562135 
0.132909 0.413384 0.489102 
0.20859 0.459851 0.518612 
0.463076 0.665482 0.660051 
0.834043 0.985444 0.891414 
1.22081 1.34123 1.17008 
1.52535 1.65039 1.44579 
1.68559 1.85066 1.67001 
1.68893 1.91166 1.80179 
1.56601 1.83541 1.81334 
1.3728 1.65064 1.69778 
1.17095 1.40512 1.47609 
1.01235 1.15606 1.19744 
0.929289 0.957583 0.927832 
0.92945 0.845978 0.728388 
0.995523 0.827538 0.631987 
1.09085 0.875729 0.630407 
1.17164 0.941967 0.680316 
1.20316 0.977363 0.726785 
1.17367 0.955654 0.732521 
1.0986 0.884993 0.696562 
1.01139 0.801062 0.651203 
0.944193 0.74421 0.63829 
0.908582 0.733238 0.678728 
0.887494 0.751541 0.75402 
0.844505 0.754943 0.812158 
0.746263 0.697766 0.795693 
0.585378 0.562096 0.675932 
0.389504 0.37235 0.472836 
0.209829 0.185399 0.248183 
0.0945743 0.0611218 0.0753483 
0.0629993 0.0304279 0.00278329 
0.0960377 0.0796404 0.031674 
0.150056 0.160404 0.119417 
0.185829 0.218839 0.205278 
0.194763 0.226195 0.242377 
0.205409 0.192861 0.218064 
0.265264 0.158304 0.153294 
0.408377 0.164374 0.0846049 
0.628611 0.229011 0.041644 
0.87549 0.336171 0.033748 
1.0763 0.447201 0.051796 
1.17284 0.526102 0.0819044 
1.15316 0.56383 0.121396 
1.06189 0.588393 0.187494 
0.984326 0.655729 0.313873 
1.01205 0.825638 0.536148 
1.20477 1.13292 0.87182 
1.56327 1.56509 1.30253 
2.02279 2.05554 1.76676 
2.46932 2.49668 2.16892 
2.77457 2.77112 2.40576 
2.83863 2.79193 2.4027 
2.62587 2.53678 2.14602 
2.17894 2.06054 1.69471 
1.60368 1.47794 1.16334 
1.02969 0.921945 0.681047 
0.563619 0.495903 0.344473 
0.256371 0.241403 0.186596 
0.0980563 0.13575 0.175059 
0.0395842 0.116944 0.237967 
0.0260541 0.120198 0.301464 
0.022977 0.1063 0.319576 
0.0235974 0.0698129 0.284177 
0.0384177 0.0282028 0.21543 
0.0778102 0.0028327 0.142732 
0.139882 0.00420139 0.0880941 
0.209512 0.0279033 0.0589196 
0.266289 0.0599665 0.0500903 
0.294507 0.0856205 0.0507575 
0.289115 0.0958323 0.050865 
0.255627 0.0892519 0.0447736 
0.205801 0.070487 0.0319605 
0.1524 0.0470155 0.0160463 
0.105511 0.0265645 0.00327961 
0.0711476 0.0155344 0.00085797 
0.0514883 0.0180885 0.0149181 
0.0456897 0.0353514 0.0481365 
0.0505962 0.0646614 0.0975501 
0.0613737 0.0994965 0.153887 
0.0725044 0.130877 0.203604 
0.0793421 0.15034 0.233548 
0.0797182 0.153326 0.236338 
0.0746257 0.141053 0.213459 
0.0674233 0.119585 0.174087 
0.062139 0.0966607 0.130268 
0.0622323 0.0784566 0.0915622 
0.0706163 0.0683495 0.0625005 
0.0901313 0.067784 0.0437805 
0.122646 0.0773506 0.0351462 
0.166036 0.0961461 0.0368174 
0.21101 0.119708 0.0482337 
0.241569 0.139175 0.0658883 
0.241341 0.144205 0.083246 
0.20342 0.129017 0.0938416 
0.137192 0.0973939 0.09535 
0.0660908 0.0620257 0.0909614 
0.0160182 0.0374722 0.0864701 
0.00135935 0.0313376 0.0854032 
0.0181478 0.0403743 0.0866151 
0.0492865 0.0547702 0.0867881 
0.077878 0.067278 0.0857007 
0.0986044 0.0795718 0.0890618 
0.118747 0.100182 0.105268 
0.148671 0.135272 0.1377 
0.189864 0.179797 0.178728 
0.230313 0.216858 0.211276 
0.250972 0.226911 0.218346 
0.238312 0.200636 0.194392 
0.1935 0.146099 0.150259 
0.131774 0.0847509 0.107414 
0.0731343 0.0388819 0.0847956 
0.0315287 0.019114 0.0870176 
0.00972584 0.0201504 0.101956 
0.00202064 0.0269178 0.109417 
0.00116285 0.0261711 0.0951132 
0.00388969 0.0155642 0.0607915 
0.0118589 0.0047357 0.0240882 
0.0288685 0.00866817 0.00843312 
0.0575178 0.0382474 0.0294361 
0.0976395 0.0937775 0.0858497 
0.14645 0.164446 0.159849 
0.198928 0.232895 0.225636 
0.247611 0.28175 0.26102 
0.282662 0.299055 0.255947 
0.293814 0.281167 0.214675 
0.274497 0.233106 0.15203 
0.226199 0.166898 0.0867131 
0.159938 0.0983073 0.0349334 
0.0929705 0.0424873 0.00640251 
0.04193 0.00967567 0.00326911 
0.0161153 0.00259041 0.021515 
0.0147132 0.0167175 0.0537717 
0.0291292 0.0431922 0.0921794 
0.0483021 0.0724537 0.129988 
0.0633918 0.0966235 0.161408 
0.069523 0.10995 0.180607 
0.0650516 0.108512 0.181697 
0.050619 0.0909489 0.161027 
0.0296007 0.060577 0.120974 
0.00924823 0.0270816 0.0723944 
0.000210708 0.0051364 0.0327152 
0.0129246 0.0090201 0.0192244 
0.0520776 0.0454604 0.0406468 
0.112598 0.108976 0.0919807 
0.180281 0.183001 0.155999 
0.23729 0.246566 0.210778 
0.269523 0.282851 0.238987 
0.271785 0.285027 0.233983 
0.248362 0.256931 0.200275 
0.209564 0.209355 0.149466 
0.166801 0.154829 0.0948443 
0.128682 0.103607 0.0475117 
0.099326 0.0620098 0.0150951 
0.078699 0.03285 0.00246689 
0.0642953 0.0170027 0.0131986 
0.0533272 0.0151007 0.0505085 
0.0444908 0.0283373 0.116786 
0.03837 0.05763 0.211423 
0.036209 0.101359 0.327848 
0.0380489 0.153281 0.451937 
0.0420562 0.202865 0.56406 
0.0461546 0.239075 0.645278 
0.0509777 0.255982 0.685128 
0.0614434 0.256548 0.686589 
0.084746 0.251498 0.664809 
0.125315 0.253388 0.639874 
0.180111 0.269417 0.627585 
0.237976 0.297414 0.633086 
0.284025 0.327127 0.649901 
0.306544 0.345361 0.663488 
0.30233 0.341727 0.656746 
0.278046 0.312582 0.615632 
0.24802 0.262841 0.534422 
0.230357 0.206069 0.420096 
0.242404 0.162369 0.293718 
0.295217 0.152751 0.185915 
0.38728 0.190176 0.125915 
0.500278 0.270928 0.128278 
0.601364 0.372236 0.184846 
0.654177 0.459919 0.267748 
0.635054 0.503653 0.342793 
0.545627 0.49148 0.385543 
0.413369 0.434531 0.390458 
0.278481 0.358904 0.368283 
0.174464 0.290147 0.334992 
0.114035 0.24051 0.300799 
0.0882341 0.206496 0.266403 
0.0774772 0.176532 0.22734 
0.0657604 0.141781 0.181281 
0.0485247 0.102157 0.131963 
0.0307004 0.0644922 0.0872272 
0.018855 0.0359913 0.0537357 
0.0145991 0.0188974 0.0331168 
0.0138478 0.0101413 0.0224049 
0.0112225 0.00527845 0.0178386 
0.00531551 0.00300895 0.0186612 
0.000885671 0.00688475 0.0280491 
0.00697901 0.0233511 0.0507085 
0.0325986 0.0576559 0.0888892 
0.0822283 0.109931 0.13922 
0.152776 0.173177 0.192038 
0.232765 0.233999 0.233659 
0.304384 0.276188 0.250925 
0.348577 0.286366 0.236464 
0.351981 0.259708 0.192466 
0.312804 0.202954 0.13088 
0.242306 0.132584 0.0693386 
0.160449 0.0684123 0.0243161 
0.087675 0.0256515 0.00482194 
0.0372 0.00960228 0.0098701 
