0.552266 0.363458 0.249606 
0.557916 0.414692 0.256557 
0.633553 0.497267 0.282272 
0.743427 0.586693 0.316687 
0.841563 0.655223 0.348099 
0.892784 0.690521 0.379637 
0.899815 0.718752 0.446892 
0.918713 0.812606 0.617956 
1.04512 1.0682 0.964494 
1.36918 1.55356 1.51262 
1.91878 2.25417 2.20196 
2.62396 3.05069 2.88445 
3.32834 3.75056 3.37502 
3.8474 4.16437 3.53422 
4.04541 4.18868 3.3384 
3.89002 3.8496 2.89504 
3.45594 3.28234 2.38977 
2.87971 2.6592 1.99235 
2.29526 2.10882 1.77381 
1.78815 1.67226 1.6818 
1.39018 1.31733 1.58681 
1.10766 0.995471 1.37055 
0.955855 0.701105 1.00506 
0.971593 0.494833 0.578141 
1.19453 0.476812 0.253438 
1.63069 0.727519 0.188952 
2.22388 1.2509 0.457226 
2.85509 1.95121 1.00539 
3.37286 2.65508 1.6704 
3.6405 3.16758 2.23883 
3.57931 3.33787 2.52422 
3.19129 3.10874 2.43179 
2.55579 2.53412 1.98889 
1.804 1.7603 1.33291 
1.0812 0.979199 0.663211 
0.508281 0.369753 0.175225 
0.153311 0.0474355 0.000871805 
0.0209685 0.0385229 0.17589 
0.0620796 0.286129 0.643143 
0.198467 0.682058 1.28522 
0.352446 1.10851 1.96825 
0.469283 1.47178 2.57733 
0.525522 1.71723 3.03289 
0.523659 1.82586 3.28971 
0.479644 1.80152 3.32866 
0.411052 1.65915 3.1512 
0.330863 1.41983 2.77985 
0.247524 1.11194 2.26121 
0.169059 0.774086 1.66492 
0.108211 0.455238 1.07535 
0.0859052 0.21038 0.577253 
0.130886 0.0919726 0.2399 
0.274164 0.13921 0.104799 
0.538718 0.367604 0.179578 
0.92739 0.761725 0.4385 
1.41378 1.2737 0.828378 
1.94058 1.82881 1.27797 
2.4274 2.33762 1.70901 
2.78644 2.71209 2.04764 
2.94252 2.88271 2.23541 
2.85243 2.81367 2.23968 
2.5193 2.51305 2.06163 
1.9972 2.03485 1.73908 
1.38276 1.46994 1.34036 
0.793275 0.925245 0.947772 
0.336035 0.495695 0.634288 
0.0788674 0.238007 0.441517 
0.0330346 0.156751 0.368683 
0.155498 0.20889 0.377931 
0.368988 0.324665 0.413662 
0.590448 0.43518 0.426647 
0.755666 0.494554 0.391794 
0.831673 0.488551 0.312524 
0.81585 0.429171 0.212106 
0.726825 0.341275 0.118475 
0.59401 0.249443 0.0509228 
0.450099 0.170647 0.0142942 
0.326867 0.113715 0.0013954 
0.252201 0.0827341 0.000195127 
0.246495 0.0805925 0.00106571 
0.318417 0.110153 0.000653176 
0.461655 0.172832 0.0015891 
0.654535 0.265962 0.0094139 
0.863314 0.380717 0.0288172 
1.04862 0.501811 0.0607764 
1.17361 0.609399 0.101276 
1.21211 0.683025 0.141791 
1.15525 0.707004 0.171622 
1.01494 0.676039 0.181907 
0.822541 0.599104 0.170201 
0.622185 0.499403 0.143499 
0.459795 0.409386 0.117645 
0.371749 0.362428 0.112995 
0.378524 0.385379 0.149096 
0.487144 0.496507 0.242528 
0.701347 0.710043 0.409986 
1.03251 1.04306 0.673785 
1.50178 1.51674 1.06279 
2.12759 2.14609 1.60251 
2.90212 2.91962 2.29504 
3.76938 3.78005 3.09833 
4.62054 4.62026 3.91935 
5.31485 5.30343 4.6308 
5.72053 5.70301 5.10889 
5.75818 5.74553 5.27623 
5.42611 5.43575 5.12915 
4.79656 4.8517 4.7352 
3.98645 4.11258 4.20262 
3.11892 3.33649 3.63777 
2.29333 2.6081 3.11188 
1.57396 1.96878 2.65134 
0.994775 1.42769 2.25117 
0.569857 0.981535 1.89874 
0.299281 0.628656 1.5915 
0.167619 0.370602 1.3393 
0.14038 0.204455 1.15374 
0.166965 0.116045 1.03588 
0.194682 0.0827143 0.973717 
0.190004 0.0863508 0.952622 
0.156218 0.128445 0.971449 
0.135756 0.2352 1.05095 
0.192112 0.445147 1.22462 
0.37701 0.782204 1.51306 
0.697686 1.22758 1.89515 
1.10136 1.70777 2.2948 
1.48737 2.1099 2.59666 
1.74436 2.32204 2.6888 
1.79716 2.28153 2.51423 
1.64134 2.00748 2.10467 
1.34818 1.59888 1.57588 
1.03624 1.19629 1.08279 
0.82245 0.923851 0.7544 
0.775697 0.839575 0.640658 
0.89465 0.918183 0.698446 
1.11809 1.07315 0.822475 
1.35901 1.20375 0.902434 
1.54246 1.24063 0.874258 
1.62822 1.16708 0.739468 
1.61144 1.0103 0.547632 
1.50819 0.814543 0.35898 
1.33989 0.616404 0.212765 
1.12663 0.435542 0.117972 
0.889086 0.280209 0.0646843 
0.651704 0.156524 0.0410886 
0.440308 0.0711103 0.0414662 
0.274749 0.0260058 0.062124 
0.163186 0.0134298 0.0937583 
0.103734 0.0180281 0.120602 
0.0919725 0.0262797 0.128485 
0.126418 0.034717 0.11428 
0.205221 0.0487116 0.0874987 
0.315891 0.0723013 0.0625613 
0.428415 0.0990049 0.0498453 
0.502086 0.114398 0.0554161 
0.50609 0.111313 0.090734 
0.440962 0.105622 0.18199 
0.343581 0.136328 0.365186 
0.267799 0.243461 0.662674 
0.250428 0.43503 1.05331 
0.285226 0.66633 1.45856 
0.32496 0.85079 1.76123 
0.314046 0.902246 1.85374 
0.23304 0.786737 1.69265 
0.126168 0.552686 1.32845 
0.0914162 0.318724 0.891839 
0.234675 0.222254 0.541252 
0.611119 0.354402 0.397479 
1.18537 0.714803 0.497489 
1.83245 1.20886 0.788008 
2.38055 1.68785 1.15838 
2.676 2.0116 1.49363 
2.64147 2.10427 1.72166 
2.30333 1.97982 1.83464 
1.77893 1.72915 1.87913 
1.23151 1.47788 1.92362 
0.81228 1.33459 2.02079 
0.611951 1.35106 2.18159 
0.638394 1.50886 2.37136 
0.826077 1.73484 2.52739 
1.07045 1.93634 2.58821 
1.27128 2.03914 2.51985 
1.36669 2.01183 2.32689 
1.34531 1.86789 2.04464 
1.23581 1.64891 1.71925 
1.08426 1.40206 1.38919 
0.934574 1.16608 1.07998 
0.821822 0.972192 0.814046 
0.776519 0.853812 0.62552 
0.828427 0.850701 0.564394 
0.998387 0.996439 0.679655 
1.27755 1.29116 0.986019 
1.60746 1.67634 1.43331 
1.88069 2.03341 1.90137 
1.97306 2.21776 2.23208 
1.79941 2.11885 2.28974 
1.36622 1.71875 2.02256 
0.790649 1.11732 1.49459 
0.269608 0.506827 0.870269 
0.00814718 0.103584 0.356548 
0.137987 0.0660444 0.127977 
0.66304 0.435271 0.266701 
1.45575 1.12234 0.740847 
2.30421 1.94517 1.42613 
2.98804 2.69612 2.15706 
3.35073 3.21081 2.7838 
3.34158 3.41203 3.21234 
3.01526 3.31607 3.41594 
2.4958 3.00584 3.4202 
1.92422 2.58789 3.27471 
1.41292 2.15432 3.02814 
1.02334 1.76448 2.71816 
0.770741 1.44921 2.37698 
0.646413 1.22748 2.04323 
0.640304 1.11973 1.76632 
0.748839 1.14544 1.5951 
0.963882 1.30504 1.55385 
1.2524 1.55887 1.62021 
1.54465 1.82143 1.72207 
1.74536 1.98259 1.76192 
1.76811 1.95081 1.66026 
1.57683 1.69718 1.39579 
1.20969 1.27461 1.01852 
0.768231 0.797603 0.62609 
0.374032 0.390961 0.315425 
0.115347 0.134846 0.13785 
0.0131603 0.0369128 0.0841234 
0.0247267 0.0457452 0.10656 
0.0794174 0.094098 0.16098 
0.122377 0.142477 0.23846 
0.139045 0.195738 0.365223 
0.149112 0.285696 0.572536 
0.180141 0.436403 0.86023 
0.243027 0.638813 1.18141 
0.326034 0.851758 1.45972 
0.407258 1.02536 1.62674 
0.47144 1.12763 1.65399 
0.516647 1.15587 1.56007 
0.548042 1.12901 1.3929 
0.568165 1.07151 1.20324 
0.574921 1.00265 1.0273 
0.569031 0.936009 0.884211 
0.561852 0.883074 0.78112 
0.573034 0.852433 0.716043 
0.617251 0.843626 0.676564 
0.690906 0.843583 0.641321 
0.771976 0.833633 0.590557 
0.835803 0.805274 0.521855 
0.87561 0.772618 0.458164 
0.911594 0.769628 0.438053 
0.9815 0.832546 0.492866 
1.12097 0.981888 0.62937 
