0.720774 0.398415 0.186648 
1.0524 0.558898 0.2161 
1.34802 0.729852 0.264813 
1.5543 0.827697 0.250283 
1.66927 0.860359 0.207153 
1.67291 0.839325 0.177935 
1.5403 0.751899 0.153805 
1.30393 0.604627 0.109097 
1.06083 0.452719 0.055834 
0.893151 0.359102 0.0380677 
0.788291 0.328114 0.075128 
0.657886 0.299314 0.129179 
0.444341 0.217348 0.140761 
0.199068 0.101027 0.0929469 
0.042044 0.0306373 0.0307271 
0.0414759 0.0628728 0.0136179 
0.141672 0.164892 0.053951 
0.217928 0.240751 0.107322 
0.202762 0.225307 0.122923 
0.15295 0.149701 0.0979168 
0.18987 0.114022 0.0807783 
0.376995 0.199916 0.128312 
0.658972 0.413371 0.269422 
0.917314 0.70723 0.511803 
1.07756 1.04424 0.869432 
1.15879 1.42357 1.36115 
1.22666 1.84424 1.96835 
1.31157 2.25519 2.59782 
1.37792 2.55689 3.1029 
1.3647 2.65997 3.35917 
1.24406 2.54382 3.33249 
1.03929 2.26104 3.08234 
0.798239 1.89194 2.70561 
0.561334 1.49855 2.27685 
0.353241 1.11434 1.8313 
0.189884 0.760335 1.38609 
0.0798494 0.457285 0.963067 
0.0199652 0.223572 0.591417 
0.00342506 0.075649 0.301413 
0.0458705 0.0440873 0.128663 
0.205789 0.189996 0.125765 
0.568242 0.591707 0.357311 
1.18849 1.29261 0.863605 
2.02902 2.23924 1.61045 
2.93551 3.25713 2.4641 
3.67609 4.09292 3.21968 
4.03054 4.50985 3.67657 
3.88686 4.38877 3.72189 
3.29492 3.78087 3.376 
2.44588 2.88253 2.776 
1.58488 1.94592 2.10823 
0.904371 1.1745 1.52895 
0.477634 0.658867 1.11495 
0.26509 0.380058 0.864134 
0.177827 0.264487 0.734741 
0.148942 0.247253 0.692564 
0.166841 0.304308 0.735427 
0.256589 0.439909 0.88003 
0.430494 0.645019 1.11907 
0.647747 0.86131 1.37992 
0.817806 0.986098 1.52703 
0.853287 0.929182 1.42992 
0.737262 0.688311 1.06463 
0.547096 0.378131 0.567686 
0.402889 0.168731 0.174976 
0.374184 0.164887 0.0669917 
0.425309 0.322628 0.235797 
0.452362 0.482051 0.49032 
0.379837 0.495842 0.6047 
0.226472 0.343649 0.487837 
0.0815013 0.135565 0.235217 
0.0219075 0.0125527 0.0343644 
0.0535898 0.0412135 0.0220009 
0.12383 0.188798 0.212858 
0.176837 0.376338 0.531743 
0.192118 0.541685 0.885894 
0.17973 0.658528 1.20449 
0.15487 0.717255 1.43349 
0.123502 0.707276 1.52539 
0.0858448 0.623596 1.45567 
0.0452 0.486255 1.25389 
0.0125242 0.347837 1.01255 
0.00547199 0.275837 0.851685 
0.0410988 0.316652 0.853486 
0.122834 0.463256 1.00882 
0.231272 0.651723 1.216 
0.33082 0.795012 1.33934 
0.389089 0.832044 1.29012 
0.390541 0.754153 1.07191 
0.334786 0.592519 0.761183 
0.233145 0.390022 0.44955 
0.117842 0.191212 0.200976 
0.0496022 0.0501885 0.0481585 
0.0942664 0.0235896 0.00461129 
0.271585 0.133648 0.0617117 
0.52532 0.335641 0.176811 
0.75605 0.535785 0.283649 
0.892552 0.654403 0.331099 
0.932544 0.676023 0.315158 
0.920069 0.642841 0.272161 
0.899838 0.612387 0.24695 
0.901848 0.6289 0.273753 
0.948932 0.717463 0.375596 
1.0401 0.86857 0.551322 
1.11248 1.0094 0.742638 
1.05517 1.01745 0.831723 
0.816364 0.81606 0.717525 
0.515951 0.485526 0.427245 
0.413036 0.256548 0.142589 
0.700416 0.342414 0.0770121 
1.29976 0.743938 0.296344 
1.87507 1.223 0.656607 
2.08424 1.48931 0.928106 
1.84478 1.42875 0.985421 
1.36739 1.15849 0.878379 
0.940994 0.875144 0.732604 
0.691279 0.670086 0.608394 
0.53742 0.498236 0.473895 
0.354038 0.30585 0.304523 
0.148312 0.155972 0.177147 
0.0748159 0.208953 0.240794 
0.289515 0.577939 0.586189 
0.793795 1.20407 1.14336 
1.40868 1.86771 1.70524 
1.88949 2.32182 2.05516 
2.07698 2.43547 2.09273 
1.97136 2.24522 1.87021 
1.69409 1.89792 1.53299 
1.38954 1.54623 1.22292 
1.14745 1.2751 1.01236 
0.988914 1.09525 0.899326 
0.8975 0.982845 0.847403 
0.849197 0.91754 0.829706 
0.817562 0.889422 0.84458 
0.770224 0.884023 0.900583 
0.682411 0.874634 0.993542 
0.564012 0.835851 1.09934 
0.467774 0.763472 1.18648 
0.456733 0.677246 1.23395 
0.550942 0.602317 1.23894 
0.700582 0.548349 1.21156 
0.812879 0.506091 1.16425 
0.812588 0.4611 1.10375 
0.687504 0.407428 1.02763 
0.486826 0.34784 0.925212 
0.281707 0.284453 0.783394 
0.124025 0.214095 0.597949 
0.0316489 0.135976 0.386022 
0.000248824 0.0639775 0.190701 
0.020977 0.0282742 0.0694296 
0.0851041 0.0583237 0.0665263 
0.174472 0.155892 0.182305 
0.253318 0.279563 0.359473 
0.278609 0.359723 0.503342 
0.229505 0.342282 0.532473 
0.133364 0.231944 0.429888 
0.0579351 0.0961245 0.254793 
0.0629989 0.0166223 0.099279 
0.146387 0.0243198 0.0218517 
0.237364 0.076681 0.0158735 
0.254357 0.103797 0.0410811 
0.178842 0.0799526 0.0815725 
0.0716494 0.0460385 0.16259 
0.0111096 0.0573208 0.303769 
0.0170926 0.115697 0.465128 
0.0461814 0.169113 0.561551 
0.066823 0.186479 0.547493 
0.127285 0.221854 0.48307 
0.325544 0.379556 0.495056 
0.694479 0.697234 0.653392 
1.11896 1.06533 0.883499 
1.38596 1.28122 1.01205 
1.3415 1.20581 0.914165 
1.0176 0.883396 0.626846 
0.613139 0.513453 0.324111 
0.344108 0.298558 0.179319 
0.293134 0.300882 0.238271 
0.379938 0.422468 0.404022 
0.461578 0.509524 0.52817 
0.46382 0.481331 0.520796 
0.434141 0.381664 0.396947 
0.487312 0.329215 0.244969 
0.704417 0.42356 0.160339 
1.07059 0.682037 0.19651 
1.48939 1.04152 0.353957 
1.84659 1.40506 0.596446 
2.06828 1.69019 0.872348 
2.13834 1.84976 1.1266 
2.07714 1.86473 1.3028 
1.90624 1.72716 1.34494 
1.62742 1.43443 1.21082 
1.23645 1.00663 0.901491 
0.772688 0.521153 0.494132 
0.370705 0.133935 0.147224 
0.251622 0.0449359 0.0475171 
0.611977 0.391631 0.302789 
1.45252 1.12011 0.839734 
2.47861 1.93886 1.39522 
3.19803 2.43602 1.64636 
3.20407 2.32337 1.42011 
2.45904 1.64425 0.835831 
1.34878 0.771952 0.253431 
0.436868 0.169828 0.0373595 
0.0910771 0.0801895 0.300043 
0.269522 0.381542 0.823138 
0.624296 0.723595 1.22385 
0.813653 0.82028 1.23771 
0.749278 0.654427 0.895911 
0.587547 0.43705 0.467239 
0.516637 0.384786 0.231645 
0.563514 0.527866 0.280439 
0.594955 0.70951 0.492583 
0.482304 0.749195 0.672158 
0.247594 0.601139 0.705095 
0.0467927 0.368819 0.608532 
0.0179423 0.187901 0.466193 
0.150393 0.107249 0.34128 
0.299784 0.0773157 0.249948 
0.328837 0.0372207 0.195626 
0.241303 0.00108432 0.203589 
0.191237 0.0589537 0.310818 
0.361735 0.295816 0.524774 
0.81093 0.702966 0.797288 
1.40128 1.15469 1.04 
1.86365 1.46783 1.16806 
1.95632 1.50463 1.14095 
1.61772 1.25451 0.979123 
1.01254 0.843268 0.751538 
0.43433 0.458945 0.539402 
0.122816 0.236984 0.39257 
0.119715 0.182976 0.307823 
0.267643 0.193982 0.253246 
0.352829 0.166755 0.226736 
0.279532 0.10474 0.294359 
0.137242 0.12712 0.555616 
0.110343 0.362894 1.04481 
0.311634 0.817399 1.65013 
0.682007 1.3312 2.13801 
1.03647 1.67575 2.28786 
1.20926 1.71144 2.04086 
1.17173 1.47905 1.54226 
1.03067 1.15427 1.04037 
0.923369 0.911405 0.723124 
0.908105 0.811052 0.619494 
0.937589 0.79263 0.629536 
0.920735 0.756842 0.637327 
0.805442 0.654759 0.603914 
0.612253 0.512665 0.572883 
0.404776 0.389211 0.604099 
0.237717 0.316891 0.705166 
0.130701 0.280892 0.81896 
