1.48869 1.28379 0.85301 
1.58297 1.23 0.729967 
1.42154 1.01786 0.524806 
1.1222 0.851676 0.510748 
0.99331 1.06667 1.03935 
1.31568 1.87124 2.24609 
2.10544 3.11694 3.8363 
3.03245 4.2879 5.14953 
3.57989 4.76532 5.51541 
3.3712 4.22407 4.68934 
2.45057 2.88805 3.0556 
1.29884 1.43186 1.41624 
0.540281 0.562605 0.485782 
0.536406 0.572684 0.454443 
1.16649 1.19343 0.942426 
1.95161 1.8446 1.35451 
2.40459 2.06047 1.326 
2.32555 1.75837 0.911448 
1.84711 1.18777 0.425742 
1.26031 0.67491 0.142102 
0.804318 0.402607 0.117432 
0.569477 0.365437 0.237445 
0.527249 0.4601 0.367221 
0.608851 0.589118 0.448351 
0.761648 0.704836 0.491277 
0.96514 0.803373 0.522248 
1.22056 0.907067 0.556599 
1.53058 1.05247 0.611875 
1.88191 1.27949 0.728966 
2.24188 1.61834 0.972732 
2.57 2.07773 1.40845 
2.83035 2.63371 2.063 
2.98784 3.21414 2.8804 
2.99226 3.68564 3.69085 
2.77894 3.87077 4.23032 
2.3098 3.62051 4.24141 
1.635 2.9195 3.62747 
0.913507 1.94394 2.55575 
0.347033 0.996759 1.40062 
0.0610119 0.339875 0.532332 
0.0321653 0.0490569 0.103762 
0.13026 0.0123025 0.00913409 
0.229731 0.060068 0.0351044 
0.278509 0.0926401 0.0462971 
0.273244 0.0964228 0.0385355 
0.209249 0.0819008 0.0570153 
0.0948403 0.053809 0.113836 
0.00934446 0.0455251 0.194987 
0.0910761 0.132772 0.30392 
0.409995 0.358383 0.447559 
0.84324 0.637325 0.577157 
1.11782 0.778953 0.588149 
1.02597 0.648567 0.4201 
0.622551 0.319325 0.157614 
0.20991 0.0506805 0.00502082 
0.117217 0.0996161 0.138055 
0.471584 0.535574 0.569544 
1.14454 1.21395 1.1496 
1.88035 1.90301 1.6847 
2.46727 2.43418 2.06031 
2.82039 2.76173 2.27551 
2.95423 2.92088 2.38995 
2.90977 2.94946 2.44506 
2.70694 2.84186 2.42065 
2.349 2.5622 2.25238 
1.85751 2.09706 1.89358 
1.29751 1.50075 1.37427 
0.766929 0.893809 0.810162 
0.360787 0.41608 0.35457 
0.143176 0.173632 0.13264 
0.14529 0.214852 0.202596 
0.375149 0.534709 0.553195 
0.817293 1.08559 1.11919 
1.42411 1.78705 1.80346 
2.11493 2.5407 2.50505 
2.78339 3.24413 3.13943 
3.30169 3.78837 3.62989 
3.53049 4.05029 3.8825 
3.36265 3.91967 3.7956 
2.79681 3.37141 3.32687 
1.97881 2.5236 2.56244 
1.15047 1.60762 1.7042 
0.526159 0.853989 0.968202 
0.190498 0.382884 0.480006 
0.0890108 0.178602 0.247799 
0.0987522 0.142879 0.205334 
0.113569 0.166559 0.262617 
0.0939135 0.17713 0.334094 
0.0665997 0.155891 0.359615 
0.0809553 0.125537 0.323836 
0.149636 0.112085 0.251886 
0.224633 0.110522 0.177446 
0.238802 0.092948 0.119717 
0.174834 0.0531962 0.0958226 
0.0844674 0.0306647 0.140925 
0.0341087 0.0757756 0.292488 
0.0405847 0.194181 0.547548 
0.0686569 0.336929 0.847975 
0.0813542 0.447938 1.12074 
0.0760345 0.514571 1.33548 
0.074442 0.573215 1.52304 
0.0989811 0.675668 1.73929 
0.166849 0.848062 2.00292 
0.286949 1.0606 2.24918 
0.439975 1.22163 2.33703 
0.569377 1.22019 2.12874 
0.622738 1.016 1.60991 
0.617605 0.709702 0.955977 
0.647488 0.502941 0.45624 
0.791266 0.544532 0.317988 
1.00596 0.787371 0.502214 
1.127 1.00226 0.745647 
1.00251 0.960994 0.770535 
0.645439 0.636154 0.511195 
0.255384 0.238199 0.164468 
0.0779475 0.0528826 0.0238333 
0.217905 0.216483 0.240316 
0.560691 0.612492 0.703663 
0.858848 0.962241 1.12516 
0.906473 1.02604 1.2428 
0.67069 0.763019 0.994573 
0.301327 0.350807 0.553059 
0.033203 0.0727821 0.218787 
0.0532679 0.15389 0.2476 
0.403994 0.635959 0.706891 
0.96153 1.35005 1.43173 
1.49229 1.99585 2.10381 
1.76313 2.28999 2.41535 
1.65619 2.10888 2.22993 
1.22953 1.54797 1.64686 
0.683998 0.861094 0.931283 
0.248854 0.314641 0.35654 
0.0544202 0.0467967 0.0606037 
0.0763222 0.0208295 0.00540284 
0.187623 0.0960874 0.0539603 
0.27097 0.153008 0.0959795 
0.294089 0.1684 0.11945 
0.290666 0.185878 0.175697 
0.284339 0.22733 0.283875 
0.249353 0.248312 0.380219 
0.154766 0.190159 0.372716 
0.0391724 0.0721634 0.249553 
0.0225851 0.0169585 0.125499 
0.227458 0.16874 0.167439 
0.676603 0.574658 0.461184 
1.25739 1.13491 0.938103 
1.77676 1.65778 1.41834 
2.05916 1.96575 1.72206 
2.02435 1.97545 1.75862 
1.71158 1.71601 1.54663 
1.24895 1.29735 1.18115 
0.787529 0.856647 0.786506 
0.435706 0.507636 0.47758 
0.229695 0.310535 0.332846 
0.148384 0.268462 0.377394 
0.147458 0.342977 0.579205 
0.184076 0.476898 0.864382 
0.227164 0.617621 1.14997 
0.26304 0.73573 1.37886 
0.297452 0.83003 1.53467 
0.347145 0.913896 1.62716 
0.422145 0.9907 1.66068 
0.508868 1.034 1.60931 
0.563735 0.987645 1.42077 
0.529385 0.800499 1.06412 
0.38505 0.496724 0.611702 
0.20902 0.23541 0.290968 
0.179819 0.269954 0.408014 
0.459173 0.769524 1.123 
1.02091 1.61788 2.23178 
1.59599 2.39908 3.19064 
1.83431 2.65238 3.44878 
1.56968 2.21149 2.84616 
0.951828 1.32895 1.72712 
0.332481 0.479261 0.670511 
0.0270996 0.0346722 0.0925714 
0.157051 0.0879018 0.0566485 
0.649439 0.501517 0.370392 
1.32109 1.0531 0.785716 
1.96074 1.53761 1.11425 
2.39537 1.81296 1.24719 
2.54703 1.83128 1.16046 
2.4501 1.6485 0.921083 
2.20363 1.37777 0.647987 
1.89628 1.11049 0.431598 
1.5708 0.876833 0.288084 
1.24179 0.671452 0.190571 
0.921678 0.492857 0.124253 
0.623741 0.346439 0.0939058 
0.359954 0.227457 0.0913506 
0.151496 0.125929 0.086313 
0.0300371 0.0488878 0.0606332 
0.00858842 0.0197907 0.0362288 
0.0528438 0.0489417 0.0543815 
0.101962 0.116468 0.131169 
0.126665 0.193042 0.242241 
0.152968 0.267257 0.346902 
0.216027 0.339655 0.415468 
0.301436 0.396198 0.434525 
0.352556 0.407439 0.402195 
0.336458 0.361412 0.33042 
0.281888 0.284322 0.245839 
0.23924 0.215429 0.174883 
0.217109 0.167094 0.125314 
0.182124 0.125885 0.0913476 
0.124243 0.0963568 0.0817345 
0.0990888 0.125955 0.133023 
0.181145 0.264323 0.278139 
0.371446 0.49106 0.492843 
0.56648 0.695473 0.679655 
0.635053 0.747505 0.722615 
0.535567 0.606348 0.578393 
0.36379 0.371124 0.328244 
0.289936 0.22805 0.143247 
0.444497 0.337248 0.1862 
0.845098 0.744855 0.521821 
1.40511 1.37268 1.09263 
1.99364 2.0712 1.76104 
2.4902 2.68358 2.37249 
2.8033 3.08093 2.7954 
2.86314 3.16895 2.93082 
2.6216 2.89514 2.71923 
2.08207 2.27944 2.17051 
1.34422 1.45323 1.40417 
0.611795 0.655005 0.648373 
0.120373 0.143287 0.15662 
0.00877636 0.057299 0.0699741 
0.22771 0.325191 0.322949 
0.570587 0.706657 0.681671 
0.81327 0.953058 0.903333 
0.853243 0.965681 0.901517 
0.741777 0.832203 0.791867 
0.599754 0.723212 0.785874 
0.502345 0.740042 1.01448 
0.430227 0.834284 1.41114 
0.319648 0.857743 1.7414 
0.158424 0.699719 1.76359 
0.031365 0.395911 1.40543 
0.0571541 0.110419 0.820158 
0.266482 0.00485096 0.28143 
0.552833 0.122991 0.0161979 
0.771254 0.404103 0.115554 
0.891228 0.786177 0.55329 
1.01915 1.24737 1.21801 
1.23993 1.72082 1.89502 
1.45819 2.01469 2.27744 
1.45376 1.90688 2.1165 
1.11949 1.36946 1.44266 
0.608197 0.666661 0.61834 
0.19934 0.164039 0.0900601 
0.0298004 0.0156436 0.0312149 
