0.142453 0.173098 
0.303253 0.32152 
0.535234 0.51735 
0.569379 0.502527 
0.396572 0.305929 
0.233168 0.16972 
0.276822 0.278291 
0.514427 0.575902 
0.753486 0.834921 
0.806147 0.867682 
0.635459 0.665712 
0.355134 0.369308 
0.119627 0.137728 
0.0112983 0.0426292 
0.00668854 0.0511719 
0.0308676 0.0857277 
0.036665 0.0961896 
0.029959 0.0817561 
0.030984 0.0595358 
0.0459405 0.0446694 
0.105235 0.0873863 
0.307116 0.30761 
0.7538 0.822793 
1.39539 1.58679 
1.96611 2.32145 
2.15732 2.68721 
1.90949 2.58255 
1.52133 2.27145 
1.42326 2.17465 
1.80929 2.50485 
2.47651 3.09295 
3.00795 3.55218 
3.09896 3.59193 
2.73027 3.18877 
2.0944 2.51965 
1.42052 1.79901 
0.870973 1.18747 
0.538027 0.792324 
0.459244 0.672551 
0.60074 0.80434 
0.84409 1.05783 
1.02848 1.24718 
1.03612 1.2361 
0.855432 1.01628 
0.574146 0.69876 
0.315748 0.434746 
0.170221 0.33068 
0.158582 0.40691 
0.237212 0.604648 
0.328048 0.819908 
0.359444 0.946412 
0.302988 0.91787 
0.187908 0.736195 
0.0813188 0.468668 
0.0469865 0.212805 
0.115848 0.053314 
0.288754 0.0393285 
0.553411 0.182403 
0.880023 0.451102 
1.19317 0.7541 
1.3662 0.945577 
1.28235 0.89395 
0.938048 0.595711 
0.495964 0.240876 
0.211625 0.137195 
0.263562 0.507957 
0.618797 1.30851 
1.05507 2.22439 
1.32903 2.87329 
1.34392 3.04963 
1.17223 2.80961 
0.937514 2.35099 
0.699944 1.83804 
0.463095 1.34439 
0.257262 0.919389 
0.160984 0.638363 
0.219538 0.55359 
0.379135 0.631135 
0.553689 0.796548 
0.761355 1.055 
1.14514 1.51498 
1.80831 2.23796 
2.62673 3.06402 
3.25944 3.63369 
3.38026 3.62983 
2.92074 3.02154 
2.10789 2.08393 
1.28725 1.19172 
0.707272 0.585422 
0.427389 0.290232 
0.363535 0.193464 
0.380207 0.163521 
0.361459 0.119857 
0.262451 0.0546464 
0.149331 0.0365026 
0.184817 0.184357 
0.515464 0.58185 
1.11356 1.16694 
1.72147 1.70462 
1.99649 1.91398 
1.76833 1.67603 
1.1883 1.14431 
0.627938 0.647702 
0.409343 0.459122 
0.592628 0.619288 
0.975377 0.942371 
1.26824 1.16994 
1.28983 1.13995 
1.05298 0.863643 
0.721406 0.492382 
0.496084 0.220673 
0.503454 0.183 
0.733384 0.387083 
1.0476 0.71135 
1.25802 0.976682 
1.24309 1.06395 
1.03098 0.999047 
0.775044 0.922736 
0.622677 0.949693 
0.588714 1.04305 
0.563343 1.04584 
0.455135 0.858496 
0.314774 0.577293 
0.293482 0.426312 
0.473723 0.536522 
0.75937 0.803899 
0.947795 0.979452 
0.904808 0.894707 
0.662943 0.593726 
0.365214 0.263067 
0.13946 0.0624782 
0.0289182 0.0258576 
0.0127392 0.0902369 
0.0586155 0.18066 
0.148344 0.261306 
0.270684 0.331516 
0.408276 0.399787 
0.536176 0.467179 
0.629207 0.525251 
0.669078 0.560168 
0.648283 0.558164 
0.573421 0.513125 
0.468248 0.43471 
0.369818 0.348925 
0.3118 0.284552 
0.303403 0.253401 
0.324859 0.244785 
0.348549 0.243089 
0.365771 0.248719 
0.38997 0.274677 
0.435795 0.321997 
0.504141 0.370141 
0.592277 0.403391 
0.708202 0.443 
0.857879 0.536038 
1.01343 0.699873 
1.1069 0.88117 
1.07213 0.98176 
0.899227 0.93299 
0.64589 0.747847 
0.395365 0.505553 
0.204554 0.291585 
0.0864056 0.149643 
0.0264066 0.0758563 
0.00372647 0.0426622 
0.000316281 0.0254184 
0.00475454 0.0166893 
0.0173134 0.0252795 
0.0485291 0.0620514 
0.105423 0.121921 
0.177408 0.178654 
0.239307 0.201074 
0.270433 0.177443 
0.27018 0.124066 
0.25597 0.0705047 
0.249604 0.0387188 
0.266576 0.0367413 
0.313515 0.0673924 
0.389355 0.136535 
0.487331 0.251287 
0.598552 0.412929 
0.714692 0.61145 
0.824767 0.821582 
0.908401 1.00037 
0.936515 1.09406 
0.884882 1.06011 
0.75074 0.893872 
0.557994 0.638549 
0.348303 0.367934 
0.166652 0.153126 
0.0477986 0.0340549 
0.00412313 0.00857995 
0.0189947 0.0404859 
0.0549429 0.0813571 
0.0767043 0.0962729 
0.0719241 0.0787405 
0.0511521 0.0452681 
0.0298906 0.0162606 
0.0140558 0.0019009 
0.00300425 0.00428564 
0.00110393 0.0276774 
0.0191709 0.0800405 
0.0617959 0.161252 
0.115943 0.251789 
0.1563 0.318173 
0.164105 0.334224 
0.140946 0.299297 
0.104717 0.236777 
0.0739924 0.176003 
0.057261 0.135675 
0.0548108 0.12099 
0.0667419 0.130481 
0.0969666 0.162026 
0.149447 0.213351 
0.218965 0.278126 
0.283103 0.340771 
0.307031 0.377338 
0.267843 0.370639 
0.182401 0.331881 
0.105176 0.301674 
0.085425 0.315806 
0.122688 0.365643 
0.171502 0.40194 
0.19212 0.385186 
0.18787 0.326148 
0.188344 0.269714 
0.207575 0.246026 
0.231786 0.249291 
0.242158 0.259293 
0.23232 0.264359 
0.201617 0.257399 
0.149425 0.227909 
0.0879659 0.176147 
0.0486296 0.128825 
0.0568623 0.120871 
0.100384 0.155976 
0.136155 0.196919 
0.134264 0.202544 
0.106858 0.167897 
0.0889069 0.121831 
0.0978329 0.091709 
0.119333 0.079951 
0.128109 0.0726996 
0.112973 0.0602727 
0.0811638 0.0442909 
0.0464437 0.0306477 
0.0186948 0.022234 
0.00276644 0.0185162 
0.00199512 0.018602 
0.0195855 0.0231111 
0.0554727 0.0335438 
