0.283042 0.522253 
0.335972 0.628965 
0.361721 0.660581 
0.341628 0.585977 
0.277822 0.418432 
0.192299 0.213998 
0.117974 0.0503656 
0.0936359 0.00309624 
0.161372 0.127125 
0.3501 0.435389 
0.640415 0.87129 
0.939778 1.29841 
1.11052 1.54235 
1.05421 1.48414 
0.792192 1.1449 
0.463544 0.684344 
0.225347 0.297363 
0.134952 0.0869943 
0.12341 0.0233712 
0.0896471 0.0220689 
0.0256756 0.0586967 
0.0450722 0.198438 
0.277683 0.506554 
0.727625 0.93362 
1.23276 1.30277 
1.56804 1.42587 
1.60026 1.24471 
1.36231 0.868412 
1.0012 0.481636 
0.667365 0.216957 
0.443094 0.100665 
0.34653 0.0943816 
0.37377 0.167038 
0.523433 0.323899 
0.782233 0.576805 
1.09216 0.894282 
1.33921 1.1811 
1.39325 1.31219 
1.19094 1.2074 
0.805484 0.898263 
0.432899 0.529202 
0.277945 0.275398 
0.413446 0.229017 
0.726356 0.342773 
1.00026 0.477537 
1.06875 0.511898 
0.917668 0.421708 
0.666725 0.273109 
0.464239 0.151862 
0.385931 0.0970594 
0.404352 0.0874879 
0.43155 0.0774442 
0.391411 0.0440177 
0.271418 0.00803313 
0.125508 0.0152879 
0.0326374 0.0947373 
0.0427174 0.227803 
0.147125 0.354657 
0.290005 0.41306 
0.405807 0.378412 
0.453314 0.274876 
0.426477 0.154221 
0.344223 0.0640903 
0.234866 0.0296342 
0.127591 0.0554871 
0.0505145 0.137513 
0.0258277 0.268799 
0.0574618 0.433523 
0.121565 0.597903 
0.176571 0.715552 
0.193771 0.753227 
0.183261 0.718391 
0.185871 0.658711 
0.232431 0.625183 
0.308279 0.62823 
0.360401 0.628605 
0.342838 0.573962 
0.257247 0.44788 
0.151459 0.287165 
0.0810163 0.155047 
0.0705864 0.0969615 
0.104746 0.114459 
0.146807 0.170586 
0.164879 0.215197 
0.148857 0.211806 
0.114898 0.154646 
0.0986367 0.0714061 
0.137225 0.0102218 
0.245369 0.0156041 
0.401346 0.107493 
0.559043 0.278629 
0.681319 0.509738 
0.765157 0.782354 
0.831287 1.07067 
0.886588 1.32147 
0.900824 1.45494 
0.828236 1.40405 
0.655632 1.16621 
0.426968 0.817595 
0.218462 0.471344 
0.0898055 0.214354 
0.055462 0.0733572 
0.0900955 0.0256443 
0.149202 0.0304888 
0.188118 0.0556431 
0.180682 0.0930187 
0.13527 0.160911 
0.0896095 0.281875 
0.0771087 0.441558 
0.0947143 0.569205 
0.110858 0.578279 
0.106308 0.443252 
0.0968107 0.234431 
0.109773 0.0665869 
0.151317 0.0118764 
0.213113 0.0666478 
0.306074 0.192218 
0.459019 0.360987 
0.664799 0.54774 
0.841366 0.695465 
0.877596 0.727904 
0.733479 0.615135 
0.486405 0.415268 
0.26701 0.23267 
0.151336 0.132367 
0.119654 0.101559 
0.108182 0.0889176 
0.0796858 0.0637559 
0.0405915 0.0310317 
0.0126856 0.00671296 
0.0124885 0.000761878 
0.0558343 0.024058 
0.159059 0.0915012 
0.320806 0.204492 
0.510555 0.338219 
0.688454 0.460351 
0.834115 0.560665 
0.942767 0.647246 
0.992981 0.708492 
0.94066 0.696754 
0.771177 0.575331 
0.5617 0.390179 
0.469232 0.278605 
0.625033 0.379644 
1.01914 0.715464 
1.48384 1.15388 
1.79868 1.49076 
1.82964 1.58154 
1.59224 1.41486 
1.20656 1.08608 
0.804833 0.717737 
0.470627 0.399995 
0.23454 0.178355 
0.0955168 0.0639572 
0.0339878 0.0384613 
0.0166919 0.0572187 
0.0102645 0.0691848 
0.00246004 0.0496089 
0.00810825 0.0154976 
0.0469379 0.00384509 
0.113008 0.0313204 
0.169346 0.0758866 
0.176608 0.0986001 
0.128123 0.0820557 
0.0567281 0.0466412 
0.00791507 0.0311095 
0.00595515 0.0594365 
0.042047 0.124676 
0.0887671 0.199169 
0.122388 0.256125 
0.134431 0.283477 
0.129297 0.284002 
0.116316 0.268012 
0.103613 0.246128 
0.0949895 0.224836 
0.0889542 0.205021 
0.0806795 0.18412 
0.0670041 0.161345 
0.0506562 0.141678 
0.0386473 0.133498 
0.0352578 0.140299 
0.0368977 0.154368 
0.0352618 0.160231 
0.0259835 0.146288 
0.0130496 0.113961 
0.00388543 0.0757534 
0.00137036 0.0451668 
0.00276602 0.0290057 
0.00639881 0.0276985 
0.0167186 0.0392775 
0.040864 0.0610022 
0.0817343 0.0898449 
0.137087 0.126289 
0.204607 0.178473 
0.283023 0.257179 
0.36467 0.36042 
0.429478 0.462632 
0.453083 0.525166 
0.425716 0.523854 
0.362821 0.468133 
0.294377 0.391629 
0.242138 0.322982 
0.206543 0.265854 
0.173763 0.205997 
0.132874 0.134648 
0.086287 0.063467 
0.046975 0.0183696 
0.0281621 0.0204629 
0.0336708 0.0701661 
0.0538132 0.144112 
0.069595 0.20544 
0.0650689 0.22271 
0.0402912 0.187989 
0.0123976 0.121727 
0.000613119 0.0585211 
0.00825906 0.0236042 
0.0208842 0.0197575 
0.0234501 0.0345715 
0.0174903 0.0570035 
0.0182809 0.0840506 
0.0352485 0.112885 
0.0587526 0.132663 
0.0687007 0.129627 
0.0549128 0.100656 
0.0269454 0.0587141 
0.00504814 0.0233126 
0.00417388 0.00644545 
0.0255983 0.00732707 
0.0582712 0.0170642 
0.0845003 0.025391 
0.0881684 0.0251644 
0.0652576 0.0158558 
0.0295 0.00473892 
0.00404444 0.00142885 
0.00352555 0.00831744 
0.0245526 0.0180693 
0.0544237 0.0231004 
0.0852844 0.0253573 
0.115327 0.0322676 
0.139345 0.0439328 
0.147613 0.0509695 
0.138094 0.0480195 
0.122553 0.0431676 
0.112308 0.0466678 
0.10102 0.0532326 
0.0724973 0.0458937 
0.0287393 0.0210812 
0.00055918 0.00130948 
0.020682 0.0139536 
0.0886368 0.0599346 
0.170454 0.112063 
