0.467338 0.855964 
0.582941 1.03504 
0.652397 1.09909 
0.636362 1.01429 
0.542909 0.806985 
0.43249 0.559977 
0.395362 0.382557 
0.512862 0.368551 
0.821028 0.560902 
1.29197 0.935979 
1.8388 1.41065 
2.34023 1.86661 
2.67551 2.18312 
2.75986 2.2703 
2.57212 2.09701 
2.1683 1.7082 
1.67598 1.22531 
1.26699 0.824436 
1.11169 0.692012 
1.32565 0.96664 
1.92594 1.68524 
2.81503 2.75512 
3.8024 3.96753 
4.65982 5.05337 
5.19171 5.76365 
5.29434 5.94542 
4.98107 5.58425 
4.3653 4.79781 
3.61072 3.78574 
2.87161 2.75891 
2.24786 1.87708 
1.76985 1.2171 
1.41289 0.77696 
1.12819 0.505168 
0.873258 0.337021 
0.62965 0.221755 
0.405414 0.13412 
0.227281 0.0731192 
0.129584 0.0546575 
0.144025 0.103028 
0.290583 0.242112 
0.5687 0.485153 
0.94986 0.823611 
1.37535 1.21904 
1.76328 1.60368 
2.02598 1.89327 
2.09364 2.01052 
1.93716 1.9118 
1.58157 1.60703 
1.10463 1.16335 
0.618532 0.688285 
0.238095 0.295573 
0.0440176 0.0648411 
0.0542125 0.0116901 
0.216565 0.0836269 
0.430042 0.187425 
0.588234 0.237622 
0.626071 0.201919 
0.545502 0.11711 
0.405223 0.0633613 
0.279974 0.109421 
0.214348 0.261657 
0.200742 0.450997 
0.195873 0.570132 
0.163912 0.54088 
0.114744 0.369642 
0.10767 0.153465 
0.21422 0.0291747 
0.463059 0.0944878 
0.804687 0.348821 
1.1227 0.689875 
1.28866 0.967672 
1.22924 1.06315 
0.965904 0.945597 
0.604366 0.678933 
0.281093 0.378824 
0.0981108 0.150011 
0.0809853 0.0399994 
0.178687 0.0305648 
0.299813 0.0643853 
0.362226 0.0859904 
0.330513 0.0728791 
0.225948 0.0426304 
0.108873 0.0367176 
0.0454098 0.0929236 
0.0749572 0.221485 
0.192276 0.396041 
0.350562 0.562606 
0.483031 0.661816 
0.533114 0.654461 
0.479955 0.539244 
0.34798 0.355032 
0.196214 0.166268 
0.0919756 0.0372284 
0.0805646 0.00565124 
0.164523 0.0669798 
0.302048 0.176623 
0.425866 0.270388 
0.474676 0.295137 
0.423024 0.235966 
0.295181 0.126171 
0.155256 0.0330827 
0.0771133 0.0247807 
0.108354 0.133742 
0.246691 0.336971 
0.441165 0.56453 
0.617328 0.732841 
0.71232 0.78464 
0.700817 0.713489 
0.599381 0.560289 
0.450368 0.386404 
0.298081 0.241497 
0.171869 0.145136 
0.0830786 0.0898398 
0.0318038 0.0582 
0.0138291 0.0388211 
0.0214977 0.0300374 
0.0407042 0.0322239 
0.0519146 0.0392684 
0.0407311 0.03986 
0.0145841 0.030035 
0.0139008 0.0275097 
0.105824 0.0745109 
0.357784 0.222371 
0.80139 0.50364 
1.40536 0.907123 
2.07371 1.37129 
2.67298 1.80179 
3.07729 2.10536 
3.21091 2.22371 
3.06991 2.15138 
2.71533 1.931 
2.24434 1.63088 
1.7545 1.31766 
1.3166 1.03674 
0.964524 0.806634 
0.700575 0.625402 
0.508875 0.4819 
0.368356 0.364877 
0.260853 0.266859 
0.174291 0.184016 
0.103198 0.115007 
0.0481626 0.0606102 
0.0140961 0.0236981 
0.00663392 0.00803861 
0.0272743 0.0154 
0.0696515 0.0423901 
0.119649 0.0794352 
0.160115 0.113286 
0.177965 0.132094 
0.16967 0.130264 
0.141977 0.1103 
0.10762 0.0807594 
0.0787497 0.0517394 
0.0618753 0.0305846 
0.0567679 0.0199924 
0.0592124 0.0190366 
0.0654148 0.0259627 
0.0754068 0.0408767 
0.0937942 0.0668001 
0.127753 0.108558 
0.183357 0.169986 
0.261733 0.250582 
0.356407 0.34297 
0.452787 0.432348 
0.53034 0.498732 
0.567434 0.522026 
0.548083 0.488993 
0.468801 0.39999 
0.342965 0.272576 
0.200031 0.13937 
0.0783132 0.0392792 
0.0126442 0.0042717 
0.0211946 0.0466348 
0.0972403 0.152658 
0.210431 0.286534 
0.318071 0.403706 
0.38193 0.468059 
0.38294 0.465144 
0.326901 0.405407 
0.238822 0.316482 
0.149432 0.229049 
0.0812069 0.163654 
0.0410142 0.124701 
0.0222696 0.103571 
0.0140331 0.0878809 
0.0107614 0.0709955 
0.0165362 0.0562794 
0.0412557 0.0538989 
0.0913811 0.0724119 
0.161433 0.110618 
0.232385 0.155308 
0.279174 0.187257 
0.283824 0.192582 
0.246524 0.17252 
0.187324 0.144643 
0.136294 0.13333 
0.117181 0.154339 
0.134194 0.20306 
0.170193 0.254705 
0.197637 0.277548 
0.195463 0.251759 
0.161291 0.182229 
0.111506 0.0972241 
0.0698876 0.0335875 
0.0528215 0.0175554 
0.0606968 0.0525169 
0.0801784 0.119963 
0.0944486 0.191403 
0.093796 0.243007 
0.0799664 0.264769 
0.062963 0.260922 
0.0540902 0.244034 
0.0603962 0.227744 
0.0831072 0.22173 
0.119003 0.229559 
0.16208 0.24832 
0.204117 0.269335 
0.235035 0.280401 
0.244828 0.270088 
0.227401 0.233076 
0.18436 0.173856 
0.125927 0.106155 
0.0676143 0.0476401 
0.0241057 0.012445 
0.00365215 0.00550019 
0.00588599 0.0215507 
0.0236759 0.0488543 
0.0473208 0.0749985 
0.0685539 0.0916437 
0.0827108 0.0963431 
0.0889372 0.0915832 
0.0892325 0.0824062 
0.0870741 0.0739418 
0.0859083 0.0695077 
0.0876898 0.0695032 
0.0920029 0.0713721 
0.0965056 0.0709569 
0.0988842 0.0650459 
0.0993011 0.053923 
0.101439 0.0421255 
0.110707 0.0362792 
0.13005 0.0407647 
0.155943 0.0538743 
0.177815 0.0674627 
0.182407 0.0711788 
0.161334 0.0591905 
0.117376 0.0350551 
0.0650581 0.0109225 
0.0242002 0.000669744 
0.00962602 0.0108315 
