2.444 3.61816 4.46518 
1.92506 2.96917 3.79329 
1.15035 1.92976 2.63375 
0.469232 0.908474 1.40769 
0.150579 0.249454 0.501167 
0.29016 0.118985 0.137137 
0.814499 0.492568 0.341281 
1.51918 1.18461 0.957324 
2.11813 1.89537 1.69043 
2.34251 2.31132 2.20922 
2.0857 2.25857 2.30238 
1.48495 1.80494 1.98921 
0.834215 1.20101 1.4772 
0.384394 0.698621 0.997636 
0.215094 0.415228 0.673953 
0.275447 0.345743 0.521832 
0.49004 0.442234 0.514369 
0.777704 0.630524 0.595602 
0.997598 0.774902 0.651992 
0.974813 0.719003 0.554629 
0.654959 0.432627 0.292138 
0.224783 0.106228 0.0449448 
0.0177764 0.0368413 0.064306 
0.255428 0.378193 0.439998 
0.87288 1.00346 0.997504 
1.59118 1.61897 1.44259 
2.13499 1.99697 1.60208 
2.37232 2.08996 1.51571 
2.29179 1.95655 1.3187 
1.9273 1.64458 1.08413 
1.35198 1.18252 0.801601 
0.717359 0.653961 0.475656 
0.229854 0.216846 0.188418 
0.041063 0.0121241 0.0413613 
0.153331 0.0578056 0.0545043 
0.436553 0.245286 0.147355 
0.730918 0.433667 0.216732 
0.931475 0.538074 0.21705 
0.998725 0.541828 0.167364 
0.931083 0.461219 0.107156 
0.75263 0.324537 0.0661437 
0.516328 0.175385 0.0666399 
0.290708 0.0661324 0.125641 
0.126837 0.0290559 0.237419 
0.0371098 0.0547755 0.361177 
0.00490485 0.104482 0.441202 
0.00757301 0.142627 0.446274 
0.0278162 0.157474 0.389863 
0.0527547 0.157881 0.314435 
0.0749163 0.160639 0.260377 
0.0974675 0.182928 0.249033 
0.13265 0.239508 0.28803 
0.189506 0.338139 0.383822 
0.261578 0.471874 0.541641 
0.32556 0.611988 0.746821 
0.350517 0.70752 0.942997 
0.311798 0.699456 1.03595 
0.207491 0.554071 0.940153 
0.075599 0.30403 0.648856 
0.00132594 0.0673159 0.276091 
0.0978674 0.0150869 0.0250341 
0.454903 0.289229 0.0856561 
1.07448 0.910383 0.519508 
1.83472 1.73552 1.20646 
2.5166 2.5024 1.89273 
2.89423 2.9467 2.31607 
2.84425 2.92885 2.33538 
2.40853 2.49632 1.98922 
1.76784 1.84434 1.45317 
1.14205 1.20361 0.930665 
0.685341 0.7318 0.553885 
0.447656 0.478514 0.357466 
0.415392 0.429336 0.32468 
0.570361 0.564168 0.441506 
0.891838 0.857657 0.692222 
1.2988 1.22377 1.00294 
1.61754 1.48976 1.21702 
1.65465 1.47448 1.17276 
1.34164 1.13198 0.841978 
0.815992 0.623215 0.394343 
0.342582 0.223144 0.0975775 
0.1317 0.126738 0.121081 
0.209214 0.320051 0.413264 
0.435137 0.617448 0.75535 
0.625581 0.810818 0.930093 
0.66525 0.797471 0.857086 
0.546075 0.608305 0.606983 
0.341854 0.353945 0.32114 
0.151824 0.145707 0.114868 
0.0400885 0.0355644 0.0221967 
0.00419492 0.00371288 0.0040683 
0.000282348 0.00176691 0.00900242 
0.00173983 0.0133966 0.0345146 
0.023396 0.0644543 0.12207 
0.0811977 0.165118 0.279675 
0.147154 0.259931 0.423435 
0.175223 0.270666 0.434647 
0.174881 0.201168 0.298504 
0.224197 0.170568 0.16649 
0.377191 0.304068 0.240057 
0.568765 0.586018 0.572446 
0.655125 0.850047 0.997246 
0.577054 0.938907 1.2693 
0.469366 0.869455 1.2775 
0.572666 0.822241 1.11789 
1.01288 0.963965 0.973402 
1.66347 1.28668 0.943219 
2.22443 1.6168 0.986966 
2.43656 1.76296 1.00229 
2.23698 1.65049 0.927434 
1.75377 1.34263 0.777103 
1.1979 0.97671 0.615845 
0.761702 0.691487 0.516324 
0.561954 0.574999 0.521112 
0.606331 0.626147 0.608086 
0.786628 0.748246 0.686623 
0.934967 0.808157 0.657011 
0.932163 0.736468 0.500871 
0.78149 0.577706 0.310028 
0.576737 0.434163 0.207841 
0.403379 0.362556 0.237017 
0.279622 0.335411 0.331877 
0.182744 0.29661 0.396315 
0.101955 0.230021 0.39093 
0.0476083 0.162167 0.340043 
0.0242984 0.116709 0.278227 
0.0199375 0.0905122 0.216171 
0.0217302 0.0708991 0.153447 
0.0251097 0.0537912 0.0969866 
0.0264027 0.0403692 0.0561284 
0.0317574 0.0387763 0.0375494 
0.0887428 0.0848915 0.0602565 
0.285147 0.240961 0.159912 
0.672457 0.535986 0.349114 
1.17153 0.895276 0.568978 
1.57593 1.15448 0.707596 
1.68604 1.17791 0.695009 
1.46367 0.977505 0.582188 
1.06152 0.709926 0.508177 
0.700481 0.547064 0.573488 
0.51011 0.540955 0.741492 
0.466467 0.602597 0.865235 
0.456182 0.599076 0.81415 
0.3873 0.470403 0.584081 
0.252032 0.268406 0.298205 
0.110204 0.101905 0.108103 
0.0294479 0.0488632 0.0843708 
0.037417 0.108477 0.182561 
0.115426 0.220213 0.2988 
0.223968 0.319579 0.356293 
0.3294 0.378126 0.348919 
0.410073 0.400513 0.317416 
0.44697 0.395369 0.295814 
0.421553 0.357041 0.28194 
0.33499 0.277518 0.250423 
0.23638 0.175577 0.186161 
0.227152 0.112826 0.108051 
0.415327 0.172211 0.0669221 
0.831401 0.399262 0.114203 
1.36613 0.742744 0.253804 
1.80171 1.05503 0.416374 
1.94632 1.18356 0.500417 
1.7819 1.10128 0.471034 
1.49699 0.961963 0.430925 
1.36145 1.00972 0.575746 
1.53886 1.4011 1.04726 
1.98556 2.08279 1.80396 
2.50072 2.81888 2.62051 
2.86542 3.33334 3.21359 
2.96142 3.45636 3.39352 
2.80579 3.1881 3.14366 
2.50478 2.6659 2.59986 
2.17038 2.07394 1.96425 
1.85631 1.55406 1.41081 
1.55747 1.16881 1.03284 
1.26636 0.928276 0.850241 
1.02598 0.840224 0.850291 
0.922196 0.92777 1.01415 
1.02367 1.19974 1.30705 
1.32428 1.6064 1.65188 
1.72387 2.01897 1.92011 
2.04577 2.25138 1.96037 
2.09355 2.13307 1.66928 
1.75694 1.62302 1.08484 
1.12398 0.898896 0.437298 
0.488224 0.314983 0.0726894 
0.185146 0.197283 0.244239 
0.355858 0.607739 0.910371 
0.843256 1.28476 1.72523 
1.32247 1.83064 2.26126 
1.54489 1.98727 2.2887 
1.47777 1.76727 1.88431 
1.25206 1.36679 1.31296 
1.02818 0.994951 0.829762 
0.928137 0.785664 0.57486 
1.04739 0.81093 0.585991 
1.44261 1.09052 0.830103 
2.04427 1.53799 1.18919 
2.59233 1.92108 1.45325 
2.73341 1.95354 1.40684 
2.26864 1.50536 0.992023 
1.35504 0.759988 0.410444 
0.460806 0.15115 0.0417605 
0.0841745 0.098435 0.210602 
0.460123 0.748257 0.979863 
1.4778 1.92183 2.13411 
2.82624 3.28138 3.35231 
4.19536 4.54304 4.41178 
5.36432 5.56143 5.25918 
6.16742 6.26434 5.92079 
6.45049 6.55597 6.36364 
6.10514 6.30833 6.44227 
5.15672 5.45247 5.97596 
3.81727 4.08609 4.89542 
2.44679 2.50706 3.35461 
1.43535 1.13872 1.7305 
1.05851 0.374117 0.494475 
1.36247 0.405379 0.00618406 
2.13186 1.1223 0.33328 
2.97452 2.14707 1.206 
3.50036 3.00443 2.14744 
3.49877 3.33775 2.70915 
3.00618 3.0475 2.67291 
2.23539 2.2877 2.11231 
1.4409 1.35542 1.30855 
0.817482 0.554911 0.593472 
0.464613 0.0926705 0.202166 
0.386882 0.0192662 0.187842 
0.505081 0.227519 0.423876 
0.689772 0.518645 0.691247 
0.827334 0.717587 0.809873 
0.886471 0.772914 0.73996 
0.9311 0.771693 0.590737 
1.05823 0.853554 0.529695 
1.29944 1.08064 0.648422 
1.56244 1.35921 0.875635 
1.67345 1.48584 1.01255 
1.50884 1.30533 0.888823 
1.11642 0.863508 0.529214 
0.70727 0.411303 0.177676 
0.501964 0.229278 0.127654 
0.560336 0.413832 0.490273 
0.753959 0.817564 1.10774 
0.900802 1.19159 1.68726 
0.919972 1.3843 2.02291 
0.862321 1.41787 2.11063 
0.82043 1.40934 2.0909 
0.836748 1.44737 2.10932 
0.893356 1.53507 2.21423 
0.95816 1.61303 2.3393 
1.01903 1.6155 2.35822 
