0.350452 0.311574 0.285663 
0.503036 0.468815 0.470809 
0.604832 0.578464 0.63254 
0.619174 0.602725 0.720222 
0.541193 0.536662 0.706687 
0.403825 0.417343 0.607774 
0.270795 0.317611 0.486772 
0.215717 0.322114 0.435978 
0.293164 0.492002 0.538557 
0.51371 0.833194 0.826656 
0.835946 1.28519 1.25777 
1.1817 1.73947 1.72476 
1.46831 2.0811 2.09755 
1.6412 2.23333 2.27606 
1.68916 2.1822 2.227 
1.63507 1.96971 1.98687 
1.51122 1.66343 1.63408 
1.33786 1.32357 1.25047 
1.12003 0.987494 0.895229 
0.862628 0.676484 0.601528 
0.589025 0.412743 0.388895 
0.345393 0.228746 0.275258 
0.184461 0.159379 0.2773 
0.138695 0.222714 0.400343 
0.201661 0.404801 0.628446 
0.330602 0.660799 0.924741 
0.46827 0.932632 1.24356 
0.56974 1.17248 1.54747 
0.618887 1.35936 1.82024 
0.628319 1.5021 2.07025 
0.627144 1.63024 2.32394 
0.645322 1.77776 2.61142 
0.700805 1.96521 2.94786 
0.791628 2.18502 3.3164 
0.894006 2.39608 3.66157 
0.968575 2.53315 3.90089 
0.975607 2.5316 3.95445 
0.89446 2.35765 3.78027 
0.736806 2.02816 3.39636 
0.543968 1.60701 2.87568 
0.367954 1.17891 2.31687 
0.247135 0.816014 1.80831 
0.191559 0.556261 1.40602 
0.185363 0.402543 1.13269 
0.201 0.335943 0.98885 
0.213043 0.32883 0.960374 
0.203967 0.349615 1.01565 
0.165034 0.363887 1.1013 
0.10053 0.342504 1.15153 
0.0368999 0.279215 1.11559 
0.0262556 0.205561 0.989043 
0.130351 0.184927 0.824622 
0.384062 0.279781 0.70898 
0.758829 0.509087 0.716323 
1.15697 0.826965 0.868923 
1.45341 1.14382 1.1314 
1.56786 1.38123 1.44109 
1.52206 1.52387 1.74983 
1.43811 1.62925 2.04451 
1.4691 1.78364 2.33195 
1.70056 2.03221 2.60302 
2.08541 2.33234 2.80873 
2.45796 2.5656 2.87224 
2.62205 2.60359 2.73228 
2.46049 2.38549 2.38798 
1.99914 1.95688 1.91193 
1.38954 1.44615 1.42003 
0.825766 0.996218 1.01696 
0.449481 0.696266 0.751681 
0.297447 0.553039 0.608615 
0.312125 0.511139 0.534284 
0.395008 0.499666 0.476608 
0.46196 0.471123 0.410232 
0.470213 0.41228 0.336395 
0.414417 0.331368 0.266267 
0.310764 0.241557 0.20633 
0.188808 0.156845 0.157674 
0.0941523 0.0997976 0.125921 
0.0889166 0.107016 0.128513 
0.235915 0.219422 0.189131 
0.567213 0.458507 0.321283 
1.05489 0.803927 0.513327 
1.606 1.18993 0.727093 
2.09051 1.52638 0.912323 
2.39012 1.73393 1.02826 
2.44293 1.77444 1.05989 
2.26192 1.66207 1.02147 
1.92174 1.45236 0.947782 
1.52459 1.21791 0.87921 
1.16311 1.02199 0.846066 
0.894451 0.8991 0.856509 
0.731081 0.84703 0.891653 
0.64717 0.832302 0.91184 
0.596509 0.808163 0.875178 
0.536122 0.73959 0.762215 
0.447507 0.624322 0.593373 
0.346278 0.497752 0.42588 
0.274417 0.416481 0.327666 
0.277924 0.427924 0.34114 
0.381499 0.543167 0.458517 
0.57444 0.729348 0.624542 
0.81541 0.925833 0.765076 
1.0523 1.07376 0.823631 
1.24498 1.1415 0.784527 
1.37879 1.13355 0.672532 
1.46359 1.08196 0.534978 
1.5214 1.02849 0.420821 
1.57006 1.00706 0.367168 
1.60997 1.03135 0.393623 
1.61913 1.0888 0.498879 
1.55988 1.14233 0.657117 
1.39735 1.14242 0.819101 
1.12429 1.04923 0.924932 
0.779739 0.857232 0.92825 
0.447488 0.608018 0.820525 
0.22777 0.379376 0.639552 
0.191638 0.251505 0.453784 
0.341451 0.266753 0.32951 
0.601973 0.406101 0.299411 
0.851135 0.59711 0.350217 
0.976114 0.749236 0.434732 
0.924442 0.796129 0.498829 
0.722524 0.721755 0.507125 
0.45369 0.559027 0.455222 
0.211671 0.366979 0.366552 
0.0578029 0.203367 0.280194 
0.00465761 0.108243 0.237885 
0.0305297 0.10356 0.275064 
0.110948 0.20289 0.41645 
0.245799 0.42069 0.674524 
0.466113 0.77337 1.04938 
0.817609 1.27093 1.52902 
1.33038 1.90352 2.08921 
1.99005 2.62971 2.69244 
2.72413 3.37247 3.28648 
3.41086 4.02682 3.80528 
3.90898 4.47928 4.17541 
4.09954 4.63572 4.32972 
3.92581 4.44968 4.22561 
3.41696 3.94151 3.86157 
2.6854 3.19976 3.28436 
1.89651 2.36141 2.5819 
1.21927 1.57545 1.86236 
0.774242 0.961072 1.22572 
0.597962 0.575154 0.737769 
0.637721 0.401752 0.416079 
0.77958 0.368038 0.233549 
0.898814 0.380745 0.138123 
0.911667 0.367806 0.0803131 
0.805865 0.306817 0.0361476 
0.636448 0.227457 0.0147297 
0.489988 0.187295 0.0466488 
0.436039 0.233846 0.159211 
0.491249 0.373152 0.351771 
0.614724 0.561978 0.585142 
0.736051 0.728148 0.792122 
0.799207 0.808035 0.904975 
0.796674 0.780509 0.886196 
0.773729 0.678213 0.746449 
0.799982 0.569406 0.539957 
0.924125 0.519946 0.339446 
1.13773 0.556292 0.203925 
1.36941 0.650406 0.156685 
1.51413 0.735977 0.18564 
1.48377 0.748615 0.266012 
1.25345 0.66956 0.392694 
0.880502 0.549695 0.603374 
0.486613 0.499759 0.97695 
0.211339 0.648604 1.60357 
0.157607 1.08642 2.53695 
0.352031 1.81691 3.74945 
0.734809 2.73901 5.11129 
1.18112 3.66679 6.4067 
1.54437 4.38187 7.3852 
1.70521 4.70031 7.8325 
1.61024 4.53123 7.63655 
1.28839 3.90696 6.825 
0.840088 2.97367 5.55986 
0.402268 1.9453 4.09015 
0.100334 1.03612 2.67888 
0.00369697 0.395834 1.53028 
0.102147 0.0710207 0.742831 
0.313884 0.00656815 0.302963 
0.523573 0.0849915 0.117462 
0.63502 0.185198 0.0670491 
0.614754 0.234098 0.056417 
0.505422 0.228558 0.0407451 
0.401669 0.220498 0.0227177 
0.400299 0.277034 0.0299691 
0.55092 0.440394 0.0919043 
0.834449 0.711411 0.23193 
1.18247 1.0655 0.478 
1.52724 1.48902 0.879034 
1.85274 2.00932 1.50728 
2.21361 2.69291 2.43291 
2.70536 3.6046 3.67519 
3.3977 4.74606 5.15359 
4.26777 6.01008 6.67096 
5.17561 7.18465 7.9504 
5.90404 8.01681 8.72164 
6.25016 8.3132 8.82447 
6.12349 8.0294 8.28174 
5.59809 7.30078 7.30325 
4.88726 6.39433 6.2124 
4.25066 5.60099 5.32458 
3.881 5.11962 4.83065 
3.82898 4.98867 4.73785 
4.00405 5.09667 4.89276 
4.24616 5.26158 5.07143 
4.42506 5.33399 5.09087 
4.51015 5.26967 4.8884 
4.57371 5.13651 4.53463 
4.72991 5.05812 4.18039 
5.04834 5.12942 3.96924 
5.49311 5.35131 3.96069 
5.92137 5.61748 4.09927 
6.14036 5.75695 4.23945 
5.99126 5.60789 4.2104 
5.41731 5.08652 3.88896 
4.48644 4.2219 3.25065 
3.36409 3.14673 2.38149 
2.25467 2.05315 1.45057 
1.3389 1.13352 0.656123 
0.728295 0.526069 0.164315 
0.44601 0.279661 0.0592536 
0.432583 0.345095 0.318457 
0.571095 0.594287 0.82099 
0.725358 0.86303 1.38651 
0.783326 1.00619 1.83371 
0.694336 0.947977 2.03892 
0.486387 0.708148 1.97389 
0.25329 0.39178 1.70843 
0.112813 0.14406 1.37673 
0.151314 0.0874628 1.12107 
0.379439 0.267722 1.03563 
0.72075 0.632151 1.13257 
1.0407 1.04987 1.3425 
1.2042 1.36516 1.54746 
1.13658 1.46154 1.63192 
0.861113 1.31058 1.53201 
0.497532 0.987406 1.26504 
0.222947 0.64814 0.929079 
0.211608 0.478842 0.672986 
0.576815 0.634385 0.64667 
1.33524 1.18755 0.947687 
2.40363 2.10374 1.58163 
3.62521 3.24731 2.44972 
4.81305 4.41566 3.36887 
5.79413 5.38946 4.11986 
6.44146 5.98523 4.51094 
6.6898 6.09811 4.43904 
