1.25379 0.993557 1.05706 
0.853162 0.75265 1.01086 
0.580273 0.772092 1.296 
0.541839 0.997547 1.70823 
0.614375 1.1501 1.85527 
0.559341 0.959148 1.47212 
0.288454 0.455487 0.708999 
0.020356 0.0338434 0.0966577 
0.148167 0.177099 0.158291 
0.90562 1.05122 0.975677 
2.11456 2.31733 2.08808 
3.23637 3.32898 2.82015 
3.70261 3.56231 2.76769 
3.28751 2.95545 2.05783 
2.2639 1.93035 1.21754 
1.24115 1.11332 0.798059 
0.79141 0.956852 1.04392 
1.10155 1.49283 1.79984 
1.87146 2.3446 2.65638 
2.52208 2.9713 3.20286 
2.57335 2.99006 3.2348 
1.94074 2.38339 2.81916 
0.965944 1.47805 2.20871 
0.191147 0.732915 1.6774 
0.0534822 0.490425 1.38475 
0.695311 0.843684 1.34222 
1.96756 1.66409 1.47303 
3.56174 2.71831 1.69254 
5.14895 3.76843 1.93925 
6.44945 4.60543 2.14951 
7.24361 5.04773 2.231 
7.38338 4.96677 2.09199 
6.83822 4.35495 1.7198 
5.74255 3.37727 1.23278 
4.37796 2.33027 0.83208 
3.0669 1.50246 0.66762 
2.03787 1.02895 0.726682 
1.35672 0.85241 0.850218 
0.962184 0.813381 0.867291 
0.753905 0.779821 0.724798 
0.652202 0.707218 0.498702 
0.602766 0.607768 0.29657 
0.562818 0.49692 0.164118 
0.505924 0.382131 0.0829737 
0.435904 0.285021 0.0346526 
0.378867 0.245446 0.0411593 
0.354342 0.291404 0.139541 
0.361345 0.413545 0.333695 
0.39844 0.579497 0.585111 
0.487677 0.768456 0.845462 
0.659019 0.977291 1.08308 
0.899195 1.18741 1.27454 
1.12202 1.3383 1.38705 
1.20775 1.35441 1.39116 
1.09029 1.21098 1.29797 
0.815679 0.971949 1.1722 
0.514619 0.752147 1.08915 
0.308853 0.629949 1.06621 
0.231207 0.590009 1.03842 
0.226019 0.552901 0.916759 
0.224009 0.469539 0.690974 
0.219803 0.394945 0.487095 
0.279295 0.466661 0.5133 
0.468621 0.792584 0.914138 
0.770029 1.33602 1.63577 
1.06562 1.89925 2.4132 
1.21033 2.23193 2.90701 
1.13325 2.18625 2.90092 
0.880082 1.79924 2.4189 
0.56634 1.24564 1.68312 
0.294454 0.714994 0.960838 
0.111211 0.319346 0.426652 
0.0254426 0.0866295 0.127132 
0.0377963 0.00302956 0.0283812 
0.134972 0.036518 0.0670879 
0.263451 0.127652 0.163916 
0.337836 0.193308 0.229872 
0.299918 0.173849 0.204605 
0.173173 0.0850563 0.10434 
0.0473809 0.00891651 0.0162342 
0.000279408 0.017571 0.0222271 
0.0342489 0.104069 0.119896 
0.0897801 0.192419 0.22338 
0.112596 0.213958 0.245899 
0.0981287 0.166719 0.178069 
0.0740794 0.100366 0.0843548 
0.0571743 0.0560306 0.0317666 
0.0414909 0.0337294 0.0324827 
0.0247401 0.0153591 0.053445 
0.0271884 0.00171757 0.0655638 
0.0709843 0.0128219 0.0700734 
0.144092 0.0549482 0.0806864 
0.197718 0.101394 0.09597 
0.187694 0.11436 0.0993969 
0.117575 0.082894 0.0820783 
0.0381168 0.0335197 0.0554951 
0.00543164 0.00422342 0.0394164 
0.0406988 0.0125924 0.0427649 
0.125408 0.0488716 0.0596434 
0.226053 0.0927572 0.0800689 
0.318509 0.131058 0.0993877 
0.39288 0.161097 0.118142 
0.442377 0.182859 0.137289 
0.451304 0.19008 0.154253 
0.396584 0.169331 0.161505 
0.270451 0.114827 0.153601 
0.114408 0.0570729 0.149033 
0.0299157 0.0792971 0.21221 
0.129439 0.282892 0.436951 
0.439095 0.698121 0.871288 
0.831174 1.20542 1.42965 
1.07285 1.5599 1.88518 
0.988296 1.54068 1.98924 
0.614226 1.12457 1.64791 
0.206086 0.534346 1.01108 
0.0668917 0.101547 0.386922 
0.325486 0.0416399 0.0409068 
0.840674 0.316911 0.036204 
1.3044 0.687762 0.231414 
1.45614 0.897716 0.416044 
1.24231 0.840417 0.461094 
0.814702 0.592203 0.373629 
0.395511 0.314405 0.24155 
0.128482 0.125829 0.142117 
0.0223118 0.045856 0.0959116 
0.00193267 0.0301593 0.0872382 
0.000228563 0.0426491 0.109088 
0.0103575 0.0934443 0.181376 
0.071729 0.221279 0.331995 
0.222614 0.453303 0.571269 
0.468446 0.785519 0.890283 
0.78524 1.19405 1.27994 
1.1387 1.65164 1.74056 
1.48736 2.11993 2.25937 
1.76171 2.51832 2.76661 
1.85123 2.70783 3.1132 
1.6465 2.53806 3.11462 
1.14097 1.95988 2.6642 
0.514466 1.12739 1.8484 
0.0855319 0.373918 0.955759 
0.108608 0.023308 0.326731 
0.557011 0.156588 0.130825 
1.10122 0.540025 0.255052 
1.34578 0.807709 0.416915 
1.13697 0.753928 0.410269 
0.66081 0.470115 0.25656 
0.244401 0.207213 0.126605 
0.0658338 0.118914 0.134309 
0.0559404 0.149492 0.227366 
0.0546788 0.154987 0.275184 
0.0155572 0.0904297 0.229307 
0.029536 0.0459225 0.165493 
0.16929 0.110143 0.172958 
0.359121 0.240578 0.238105 
0.430697 0.298795 0.265388 
0.303705 0.209631 0.207178 
0.0917698 0.0631397 0.146494 
0.017255 0.0445135 0.231891 
0.214378 0.259146 0.52638 
0.602803 0.620651 0.920487 
0.941843 0.903576 1.19396 
1.01795 0.914544 1.17418 
0.814566 0.642707 0.862967 
0.531554 0.274092 0.437661 
0.434858 0.0595372 0.130516 
0.64663 0.13347 0.0755761 
1.04072 0.41925 0.231123 
1.33609 0.694841 0.429513 
1.31993 0.766638 0.510473 
1.01341 0.608027 0.43 
0.635897 0.35022 0.262539 
0.405499 0.148369 0.112599 
0.365927 0.0586981 0.0314363 
0.395228 0.0373678 0.0141492 
0.363544 0.0354951 0.055516 
0.262412 0.0662522 0.178617 
0.178663 0.167074 0.392638 
0.166918 0.313583 0.633678 
0.180148 0.403247 0.775333 
0.137495 0.344924 0.720432 
0.0473975 0.164477 0.489183 
0.0471685 0.0140773 0.215742 
0.316893 0.0736659 0.057773 
0.951113 0.436626 0.104444 
1.89357 1.06936 0.353221 
2.96416 1.8504 0.747555 
3.93579 2.63322 1.22023 
4.61179 3.28799 1.70786 
4.8789 3.71827 2.14489 
4.72569 3.8669 2.46105 
4.22568 3.72189 2.59683 
3.50799 3.33237 2.54115 
2.74874 2.83658 2.37967 
2.18096 2.47341 2.31183 
2.07096 2.52567 2.58442 
2.6169 3.18052 3.3415 
3.80852 4.38026 4.48171 
5.35955 5.7849 5.6471 
6.7971 6.90624 6.384 
7.67663 7.34465 6.38103 
7.79127 6.98081 5.62742 
7.24316 6.00679 4.39743 
6.3358 4.78771 3.08517 
5.36366 3.64623 1.99817 
4.44872 2.70884 1.232 
3.55011 1.92065 0.70226 
2.64033 1.21823 0.31039 
1.8789 0.704108 0.103167 
1.57769 0.627589 0.256618 
1.92975 1.13783 0.858481 
2.73814 2.03044 1.6926 
3.45268 2.78702 2.29762 
3.56548 2.95965 2.33576 
3.04297 2.57905 1.9534 
2.37378 2.16582 1.73198 
2.13967 2.26515 2.17974 
2.47793 2.90462 3.19542 
2.93507 3.50051 4.03899 
2.86426 3.34536 3.9116 
2.02013 2.26355 2.66799 
0.828691 0.849683 1.02817 
0.102595 0.0685561 0.0818458 
0.440358 0.542682 0.48803 
1.77693 2.09034 2.00785 
3.3975 3.83971 3.69793 
4.3758 4.79331 4.55966 
4.1386 4.4335 4.14786 
2.82235 3.00399 2.76515 
1.22872 1.35261 1.21318 
0.398647 0.467016 0.334457 
1.02448 0.960575 0.617424 
3.02806 2.76135 2.02098 
5.56605 5.15036 4.03672 
7.47855 7.12145 5.92073 
7.91346 7.86756 6.99066 
6.74708 7.13617 6.88003 
4.57422 5.28843 5.66341 
2.33598 3.0753 3.81116 
0.855573 1.28486 1.99086 
0.535651 0.437037 0.790086 
1.30398 0.63351 0.476913 
2.7452 1.58589 0.912106 
4.31098 2.78544 1.66163 
5.52389 3.73635 2.24666 
6.11519 4.14822 2.38253 
6.05596 4.00026 2.06962 
5.48518 3.46336 1.50866 
4.59601 2.75508 0.932979 
3.55808 2.03209 0.484794 
2.50392 1.37047 0.196122 
1.54508 0.805111 0.0424488 
