0.560695 1.38757 2.16228 
0.237332 0.905192 1.66776 
0.120167 0.555757 1.16428 
0.338284 0.581753 0.979527 
0.833024 0.990282 1.20435 
1.40283 1.57563 1.67446 
1.81758 2.05802 2.10398 
1.94702 2.25325 2.27724 
1.83977 2.17971 2.18315 
1.67945 2.01916 1.993 
1.6226 1.9427 1.88659 
1.65779 1.95227 1.88011 
1.63459 1.89765 1.8269 
1.4335 1.64889 1.58557 
1.08739 1.2325 1.16829 
0.731335 0.79393 0.7192 
0.466886 0.458581 0.377714 
0.305736 0.258808 0.191541 
0.224485 0.17404 0.141448 
0.219846 0.185198 0.193221 
0.289746 0.266035 0.298509 
0.395777 0.35738 0.379822 
0.485313 0.398252 0.368235 
0.548533 0.389146 0.271624 
0.625039 0.398428 0.183836 
0.747379 0.492878 0.208019 
0.901371 0.675446 0.373796 
1.05935 0.902745 0.633222 
1.24024 1.15128 0.924282 
1.51484 1.44716 1.2223 
1.94694 1.83022 1.53394 
2.53507 2.30218 1.86147 
3.20244 2.80994 2.18247 
3.81813 3.25932 2.4508 
4.21622 3.5295 2.59926 
4.22341 3.49048 2.5444 
3.7279 3.05279 2.21785 
2.77499 2.24714 1.62918 
1.61155 1.27362 0.916408 
0.608049 0.45042 0.321865 
0.0775619 0.061074 0.0771815 
0.104504 0.190065 0.260633 
0.505121 0.666418 0.731923 
0.950893 1.16607 1.20618 
1.1677 1.40651 1.42492 
1.07305 1.29733 1.30255 
0.770639 0.948915 0.945712 
0.434715 0.556424 0.547539 
0.18922 0.264936 0.254054 
0.0634397 0.112237 0.102805 
0.0239115 0.0601512 0.052531 
0.0257888 0.0550761 0.0465644 
0.038511 0.0616547 0.0492091 
0.0463372 0.0637607 0.0456572 
0.0456224 0.0583343 0.0334855 
0.0446655 0.0545337 0.0230696 
0.0547306 0.0669047 0.0349556 
0.0718514 0.0958568 0.0800418 
0.0720966 0.115258 0.136975 
0.0401834 0.0947856 0.160745 
0.0147623 0.0522093 0.13339 
0.101023 0.0866623 0.117108 
0.416483 0.341118 0.246548 
0.996623 0.899437 0.639464 
1.7369 1.69377 1.28543 
2.42937 2.50752 2.01089 
2.87347 3.08499 2.56401 
2.97658 3.26702 2.75846 
2.7746 3.0534 2.56465 
2.37811 2.56381 2.09131 
1.90423 1.95302 1.49849 
1.44236 1.3513 0.924457 
1.05531 0.854052 0.468046 
0.794289 0.538131 0.20748 
0.711155 0.4759 0.218233 
0.856611 0.731026 0.569628 
1.25351 1.33019 1.29732 
1.855 2.22002 2.35944 
2.52768 3.24181 3.60066 
3.09202 4.15839 4.75896 
3.39713 4.72912 5.53079 
3.36974 4.78856 5.67101 
3.01317 4.29268 5.08533 
2.39426 3.33693 3.8854 
1.65186 2.15735 2.38813 
0.993607 1.08947 1.03548 
0.623034 0.450776 0.2288 
0.61665 0.380485 0.136857 
0.859179 0.748826 0.598751 
1.11861 1.22741 1.21142 
1.21072 1.48746 1.56412 
1.11216 1.38426 1.4659 
0.933644 1.00242 1.01674 
0.797879 0.554223 0.493333 
0.739546 0.226283 0.149463 
0.700582 0.0819591 0.0712517 
0.601248 0.0643272 0.167343 
0.417529 0.0733637 0.273803 
0.209775 0.0527199 0.283435 
0.0886906 0.0251038 0.206573 
0.140135 0.0541569 0.129925 
0.354482 0.167076 0.11995 
0.613099 0.308713 0.159543 
0.755246 0.376131 0.174816 
0.686421 0.309076 0.123893 
0.444852 0.15266 0.0578456 
0.171395 0.0305076 0.0899603 
0.0127171 0.0540184 0.302506 
0.0409118 0.251552 0.68062 
0.23774 0.565886 1.12367 
0.519672 0.891006 1.49845 
0.76425 1.10266 1.67746 
0.844714 1.091 1.56711 
0.698138 0.827652 1.1677 
0.39526 0.434637 0.641812 
0.128499 0.158363 0.287026 
0.088001 0.211275 0.359403 
0.315856 0.593152 0.861514 
0.670443 1.06332 1.49651 
0.934137 1.309 1.86216 
0.966443 1.17021 1.73403 
0.781168 0.737349 1.20729 
0.513232 0.267545 0.605858 
0.326006 0.0137725 0.262725 
0.321771 0.090283 0.335793 
0.489303 0.429951 0.746062 
0.706752 0.827459 1.2339 
0.80845 1.04491 1.49593 
0.691258 0.943264 1.35172 
0.396047 0.574581 0.860065 
0.102242 0.168028 0.301407 
0.0303049 0.00206446 0.0154019 
0.312787 0.239234 0.193322 
0.915513 0.832725 0.768806 
1.65412 1.56214 1.47722 
2.28824 2.16296 2.02572 
2.63041 2.45625 2.24543 
2.60912 2.403 2.13503 
2.26778 2.0763 1.80281 
1.72487 1.59926 1.38031 
1.12833 1.09621 0.969808 
0.615199 0.667726 0.634188 
0.274828 0.374987 0.402934 
0.12416 0.228863 0.27631 
0.113958 0.194977 0.231414 
0.167458 0.219054 0.235522 
0.225252 0.25629 0.259637 
0.267459 0.286267 0.284692 
0.308702 0.312998 0.305042 
0.379468 0.358811 0.333782 
0.502358 0.449904 0.397679 
0.666218 0.588151 0.508335 
0.814004 0.726794 0.628462 
0.867689 0.785352 0.678618 
0.784514 0.708946 0.598572 
0.596372 0.52082 0.409329 
0.388551 0.309049 0.203993 
0.235972 0.155865 0.0687112 
0.16307 0.0846924 0.01864 
0.161626 0.0768281 0.0176857 
0.225852 0.120353 0.0457499 
0.347112 0.216525 0.118494 
0.478386 0.337385 0.234679 
0.536282 0.408884 0.333284 
0.465915 0.367165 0.336311 
0.30065 0.229813 0.234468 
0.136872 0.0870403 0.104249 
0.0440479 0.0129697 0.0278585 
0.0142819 0.00204108 0.0140486 
0.00576577 0.00426644 0.0147544 
0.0124719 0.00337975 0.00343761 
0.0627701 0.0300513 0.00474399 
0.153719 0.0988102 0.0433633 
0.222154 0.166345 0.0963879 
0.206503 0.178097 0.122781 
0.127124 0.143663 0.126626 
0.0790857 0.135964 0.158426 
0.136158 0.20685 0.244701 
0.272528 0.320374 0.337882 
0.386437 0.383773 0.3562 
0.394681 0.339884 0.270723 
0.299807 0.22101 0.141899 
0.1757 0.117266 0.0704617 
0.101904 0.102378 0.118407 
0.110168 0.186335 0.27183 
0.176638 0.321713 0.462605 
0.249808 0.441899 0.615014 
0.285443 0.496846 0.679349 
0.265931 0.468056 0.640067 
0.199256 0.365496 0.509293 
0.109167 0.220582 0.322457 
0.0304342 0.0845293 0.140971 
0.00798586 0.0240571 0.0470757 
0.0836004 0.0967498 0.111026 
0.262722 0.306003 0.336439 
0.484534 0.569548 0.627051 
0.635382 0.745696 0.822192 
0.617712 0.721064 0.797478 
0.429709 0.49988 0.559539 
0.183229 0.213955 0.249573 
0.0306113 0.030591 0.0401266 
0.0536999 0.0290139 0.00728609 
0.208332 0.150949 0.0887445 
0.368571 0.264427 0.159336 
0.42509 0.275568 0.145234 
0.352919 0.188143 0.0704713 
0.206778 0.0745709 0.00899693 
0.0698706 0.00660985 0.0085523 
0.00502169 0.0118898 0.0611284 
0.0318007 0.0752375 0.12845 
0.12546 0.160101 0.177991 
0.230111 0.226326 0.1955 
0.285135 0.243166 0.179473 
0.259119 0.203116 0.137373 
0.1719 0.129779 0.0869802 
0.0821306 0.0654561 0.0508329 
0.0400614 0.0384629 0.0391091 
0.0428857 0.0373755 0.03733 
0.0431429 0.0270195 0.0221084 
0.0144674 0.00306927 0.000833591 
0.00524918 0.0253316 0.0295794 
0.102166 0.169625 0.1658 
0.322213 0.426276 0.384618 
0.554045 0.660169 0.55696 
0.636486 0.706527 0.546943 
0.507795 0.524581 0.348949 
0.266842 0.246208 0.113466 
0.0803246 0.0603554 0.0173423 
0.0396106 0.0536181 0.108727 
0.111462 0.166337 0.285828 
0.204736 0.282659 0.414021 
0.256278 0.335388 0.440896 
0.25531 0.327097 0.401288 
0.217953 0.286319 0.34613 
0.162682 0.231776 0.293606 
0.104264 0.171519 0.237829 
0.0544709 0.113183 0.175197 
0.0247999 0.0674668 0.112767 
0.0310504 0.0485052 0.0641223 
0.0868689 0.0695842 0.044507 
0.18045 0.127192 0.0604891 
0.261996 0.188055 0.0967511 
0.273905 0.206613 0.12098 
0.204912 0.166931 0.112316 
0.107673 0.102815 0.0829283 
0.0538992 0.0677512 0.0641304 
0.0742389 0.0865647 0.0731152 
0.144773 0.141299 0.100382 
0.221118 0.197559 0.126946 
0.271121 0.232124 0.142677 
0.279676 0.237486 0.146591 
