1.24972 0.398872 0.018747 
1.09361 0.284343 0.0662204 
0.821714 0.144435 0.1542 
0.530537 0.0381503 0.275862 
0.330424 0.0158021 0.408349 
0.29865 0.0944314 0.517286 
0.43854 0.245167 0.56818 
0.67186 0.403265 0.540993 
0.875994 0.499109 0.440911 
0.947828 0.493347 0.298173 
0.856162 0.394989 0.155544 
0.65181 0.252917 0.0505061 
0.433161 0.1289 0.00283851 
0.291632 0.069316 0.0132648 
0.268399 0.0890226 0.0705585 
0.342279 0.171844 0.161278 
0.450491 0.285113 0.278403 
0.52802 0.400138 0.425602 
0.542052 0.505229 0.610883 
0.50069 0.599873 0.826135 
0.432835 0.673725 1.02407 
0.358589 0.692695 1.11898 
0.277068 0.614728 1.02934 
0.181429 0.431781 0.744624 
0.084033 0.203584 0.365926 
0.0242281 0.0461797 0.0764514 
0.0474415 0.0716096 0.0476141 
0.170796 0.316205 0.337921 
0.362695 0.707019 0.85091 
0.552878 1.09003 1.37837 
0.667255 1.30337 1.70083 
0.666123 1.25448 1.68878 
0.563866 0.962675 1.35702 
0.419718 0.549806 0.853633 
0.304655 0.184813 0.393648 
0.262 0.00711341 0.165782 
0.284748 0.0642292 0.250751 
0.326966 0.297046 0.589489 
0.347454 0.584487 1.02093 
0.357706 0.8223 1.37128 
0.433313 0.98242 1.54094 
0.668234 1.10929 1.53383 
1.09819 1.25917 1.41755 
1.65289 1.43687 1.25673 
2.17952 1.58438 1.07635 
2.52201 1.62501 0.873516 
2.59786 1.51868 0.648472 
2.42577 1.28489 0.419349 
2.10358 0.989477 0.215869 
1.76387 0.717695 0.0699068 
1.52616 0.54629 0.00902942 
1.45139 0.512598 0.0422822 
1.51338 0.589326 0.140002 
1.61258 0.691611 0.23456 
1.63587 0.727046 0.259968 
1.52439 0.655349 0.202632 
1.30018 0.50712 0.1109 
1.04064 0.350031 0.0490934 
0.832909 0.242403 0.0431923 
0.741106 0.215814 0.0739261 
0.787745 0.282864 0.115876 
0.939487 0.437548 0.169327 
1.10859 0.640285 0.247986 
1.1916 0.817303 0.344912 
1.13394 0.896427 0.424291 
0.968611 0.854778 0.45037 
0.787692 0.731226 0.418781 
0.667716 0.590507 0.356764 
0.615859 0.476294 0.29886 
0.58207 0.397371 0.269245 
0.5178 0.35077 0.285237 
0.424117 0.348275 0.36694 
0.351819 0.416618 0.532961 
0.361869 0.573332 0.78226 
0.480164 0.801888 1.07934 
0.674856 1.04574 1.35711 
0.866036 1.22499 1.53765 
0.96212 1.26776 1.56114 
0.905726 1.14306 1.4117 
0.704826 0.88022 1.13017 
0.430248 0.562959 0.805736 
0.180275 0.297464 0.545376 
0.0341853 0.168377 0.430299 
0.0215295 0.203856 0.478932 
0.119663 0.365881 0.636347 
0.27263 0.568937 0.798922 
0.416031 0.717753 0.864809 
0.497999 0.748549 0.786003 
0.495475 0.658377 0.595753 
0.426374 0.510984 0.396841 
0.351125 0.41362 0.314818 
0.352332 0.46818 0.435863 
0.490334 0.713094 0.756324 
0.754361 1.08501 1.16926 
1.04603 1.43058 1.50182 
1.22218 1.57761 1.59527 
1.18356 1.43599 1.39253 
0.951898 1.06625 0.982183 
0.6727 0.660781 0.562342 
0.531198 0.437517 0.335073 
0.639121 0.512822 0.393613 
0.975643 0.841859 0.677308 
1.41856 1.26366 1.02286 
1.82509 1.6061 1.26856 
2.09165 1.76738 1.33333 
2.1633 1.72909 1.2257 
2.022 1.52362 1.00255 
1.68983 1.20565 0.728276 
1.241 0.844516 0.459911 
0.78807 0.516751 0.244568 
0.434607 0.282819 0.110778 
0.22967 0.163832 0.0594395 
0.160527 0.141524 0.0698508 
0.178141 0.177465 0.116123 
0.223735 0.228254 0.173553 
0.244752 0.251216 0.212313 
0.215248 0.21936 0.202345 
0.161846 0.150332 0.142754 
0.161874 0.115898 0.0863416 
0.288053 0.197437 0.114964 
0.533668 0.409202 0.268524 
0.79247 0.662376 0.491771 
0.926094 0.817524 0.660425 
0.864349 0.787043 0.67307 
0.648602 0.596198 0.527152 
0.386674 0.351816 0.312129 
0.172667 0.156692 0.133487 
0.0450587 0.0498477 0.0412302 
0.000918368 0.0121538 0.0186888 
0.0260576 0.00894422 0.0224751 
0.101903 0.0189488 0.0241024 
0.193952 0.0321913 0.0200509 
0.253215 0.038495 0.0181315 
0.243001 0.0301136 0.026161 
0.168197 0.0149136 0.0533258 
0.076046 0.0186878 0.112721 
0.0237137 0.0667215 0.212609 
0.0387772 0.159439 0.341517 
0.103872 0.265881 0.464569 
0.174376 0.342617 0.539823 
0.211196 0.362117 0.543363 
0.202582 0.327291 0.482639 
0.162651 0.263441 0.388658 
0.1145 0.198712 0.296345 
0.0744543 0.150052 0.229196 
0.0473618 0.121382 0.195143 
0.0309462 0.108385 0.189027 
0.0217772 0.102727 0.196043 
0.0180832 0.0948108 0.196836 
0.0194297 0.0777184 0.176621 
0.0252981 0.0515824 0.134457 
0.0341641 0.0240793 0.0843066 
0.0437832 0.00522032 0.0450161 
0.0524901 0.000446026 0.0268994 
0.0604374 0.00794016 0.0262337 
0.0697497 0.0219691 0.0314859 
0.0836239 0.0386182 0.0345199 
0.104883 0.0586313 0.0366292 
0.133901 0.0849367 0.0450149 
0.166177 0.117211 0.0640415 
0.191941 0.148866 0.0897086 
0.200538 0.170161 0.112245 
0.187773 0.175083 0.123782 
0.159235 0.164935 0.123107 
0.124925 0.144539 0.113017 
0.0903398 0.115848 0.0946328 
0.0548824 0.0780561 0.0670026 
0.0208218 0.0358788 0.0336926 
0.00240758 0.00625114 0.0081002 
0.0220528 0.0127979 0.00885659 
0.0936752 0.0698741 0.0474504 
0.207548 0.16964 0.119168 
0.330037 0.282855 0.204559 
0.417816 0.371219 0.277648 
0.436226 0.401966 0.313632 
0.373767 0.359754 0.295529 
0.250552 0.255931 0.223408 
0.117325 0.131315 0.122389 
0.0381231 0.0431099 0.0369703 
0.0568034 0.034176 0.00612578 
0.165147 0.10199 0.0344036 
0.299485 0.194456 0.0856509 
0.376977 0.243176 0.11029 
0.350085 0.212386 0.0858226 
0.237993 0.124288 0.0349356 
0.108925 0.0389058 0.00409902 
0.0277854 0.00557822 0.0218035 
0.0132229 0.0280554 0.0746916 
0.0381577 0.0715208 0.122555 
0.0662625 0.0999838 0.135731 
0.0845085 0.105263 0.117691 
0.101469 0.101612 0.0927066 
0.121484 0.0988756 0.0759259 
0.130634 0.0891129 0.0607268 
0.112517 0.0620612 0.0360319 
0.0725337 0.0271206 0.00938591 
0.0372895 0.00998474 0.00390932 
0.0267429 0.0239024 0.0297465 
0.0323967 0.0502092 0.0649696 
0.0296153 0.0555505 0.0735007 
0.0109263 0.0300133 0.044258 
0.00052475 0.00302834 0.00774864 
0.0313052 0.0168831 0.00899327 
0.109069 0.0848394 0.0639117 
0.202466 0.177166 0.144161 
0.267654 0.246791 0.20346 
0.280995 0.265754 0.215419 
0.250847 0.238961 0.186711 
0.205919 0.191205 0.1411 
0.177223 0.147835 0.0981491 
0.185357 0.124762 0.0661864 
0.231816 0.125515 0.046394 
0.29377 0.139103 0.0356603 
0.330868 0.142907 0.0267581 
0.308997 0.11748 0.0135887 
0.227158 0.0658879 0.00120643 
0.123083 0.0180133 0.00803921 
0.0488805 0.0106278 0.0522832 
0.0357931 0.0586691 0.133245 
0.0767764 0.143301 0.226998 
0.137174 0.225634 0.301271 
0.179435 0.271234 0.334339 
0.182287 0.265776 0.321651 
0.146878 0.216576 0.271094 
0.0926095 0.146423 0.198527 
0.0453643 0.0835881 0.126457 
0.02129 0.0476499 0.0771471 
0.0170836 0.0377403 0.0582917 
0.0198174 0.0375473 0.0567982 
0.0321898 0.0399048 0.055265 
0.0861746 0.0683732 0.0594183 
0.220889 0.166262 0.104229 
0.436384 0.353257 0.223325 
0.668233 0.588829 0.407384 
0.81668 0.783632 0.59502 
0.813388 0.856483 0.710133 
0.669964 0.789356 0.713538 
0.466962 0.633951 0.623875 
0.295434 0.468543 0.494473 
0.201487 0.345553 0.372475 
0.173653 0.27021 0.275077 
0.170735 0.216974 0.194822 
0.157862 0.160507 0.12043 
0.123596 0.095449 0.0532526 
0.0759101 0.0362373 0.00892007 
0.0308509 0.00364147 0.0054411 
0.00381363 0.00886848 0.0463711 
0.00292698 0.0437438 0.111099 
0.0230941 0.0826539 0.162013 
0.0461632 0.0973456 0.167437 
0.0525964 0.0767247 0.124739 
