1.03029 0.917851 0.624099 
1.22614 1.15191 0.827095 
1.42616 1.42828 1.0751 
1.65176 1.73359 1.33518 
1.90381 2.02464 1.54758 
2.14644 2.23087 1.6402 
2.31163 2.27643 1.55808 
2.32632 2.11443 1.2949 
2.14885 1.75598 0.907764 
1.79472 1.27549 0.502372 
1.33572 0.785868 0.191424 
0.872018 0.394107 0.0461583 
0.491981 0.160058 0.0669206 
0.241086 0.0796475 0.189153 
0.114819 0.0995507 0.321006 
0.0754536 0.15223 0.390584 
0.0794303 0.189934 0.376426 
0.0984919 0.199917 0.306777 
0.124987 0.197136 0.23312 
0.163476 0.20483 0.197989 
0.218559 0.238244 0.216979 
0.288193 0.300342 0.281785 
0.364849 0.387043 0.375431 
0.44013 0.49252 0.484053 
0.507069 0.607568 0.595946 
0.558476 0.712918 0.691845 
0.584826 0.776567 0.739644 
0.57634 0.763073 0.704222 
0.529873 0.65345 0.570439 
0.455688 0.464021 0.364504 
0.377271 0.249789 0.156114 
0.321595 0.0859119 0.034235 
0.30473 0.0348673 0.0665817 
0.322681 0.117265 0.264932 
0.355118 0.303392 0.576704 
0.381053 0.530456 0.908384 
0.39629 0.734947 1.16785 
0.419669 0.880827 1.30232 
0.481707 0.968088 1.31288 
0.601389 1.01974 1.24167 
0.766401 1.05917 1.14386 
0.931741 1.09455 1.0629 
1.04051 1.11999 1.0211 
1.05562 1.12926 1.02494 
0.982427 1.12856 1.07403 
0.866537 1.1358 1.16339 
0.766633 1.16533 1.27755 
0.71898 1.20995 1.38504 
0.716489 1.23615 1.44385 
0.716128 1.19961 1.42 
0.669545 1.07313 1.30898 
0.556008 0.867833 1.14416 
0.395538 0.631783 0.982632 
0.23436 0.425229 0.87481 
0.114478 0.288581 0.836918 
0.0498258 0.224846 0.845509 
0.0254284 0.207999 0.858554 
0.0179666 0.209816 0.848542 
0.0199722 0.224182 0.823696 
0.0478278 0.27024 0.821391 
0.127133 0.372155 0.877906 
0.267161 0.531364 0.996148 
0.444874 0.713082 1.13486 
0.611713 0.858304 1.22776 
0.719085 0.913788 1.22008 
0.744652 0.859837 1.09869 
0.7016 0.718143 0.897515 
0.626051 0.536695 0.677551 
0.55324 0.364064 0.49687 
0.49933 0.230133 0.389164 
0.459241 0.142547 0.359973 
0.418137 0.0955899 0.396152 
0.365412 0.0808023 0.477305 
0.301066 0.0911453 0.581251 
0.232525 0.118688 0.68413 
0.167579 0.151878 0.761135 
0.110339 0.177594 0.79199 
0.0624387 0.187326 0.768979 
0.0262708 0.182042 0.701082 
0.00575794 0.17088 0.609689 
0.00338795 0.164008 0.51758 
0.0163534 0.164893 0.438051 
0.0357613 0.167715 0.370975 
0.0503027 0.161646 0.307567 
0.0520983 0.138737 0.239863 
0.0408171 0.100004 0.168533 
0.0235793 0.0561111 0.104591 
0.0110301 0.0227386 0.0647567 
0.0120213 0.0135715 0.0635675 
0.0295337 0.0344434 0.106325 
0.0593912 0.0810195 0.185966 
0.0920243 0.140662 0.285 
0.116499 0.197532 0.381596 
0.125184 0.238703 0.457116 
0.116895 0.258467 0.501563 
0.0967876 0.258673 0.514303 
0.0729331 0.245129 0.500105 
0.0517405 0.222641 0.463596 
0.0353674 0.192364 0.40641 
0.0229393 0.153497 0.329265 
0.0143817 0.107875 0.237202 
0.0133606 0.0633704 0.143222 
0.0262877 0.0325297 0.066197 
0.0574953 0.0263806 0.0230873 
0.10406 0.047355 0.0200893 
0.154547 0.0864328 0.0487743 
0.193311 0.126959 0.090243 
0.207987 0.153014 0.12498 
0.195474 0.157161 0.142349 
0.162843 0.143056 0.144157 
0.12316 0.121985 0.140882 
0.0892905 0.106203 0.143816 
0.0693586 0.103259 0.158332 
0.0655275 0.113916 0.18183 
0.0753012 0.133514 0.206315 
0.0934743 0.154822 0.222877 
0.113669 0.170641 0.225138 
0.129784 0.175709 0.210526 
0.138093 0.168426 0.180236 
0.139779 0.152566 0.139275 
0.142332 0.138083 0.0969393 
0.157987 0.139556 0.0666314 
0.198802 0.171569 0.0634968 
0.270165 0.242247 0.0995362 
0.366058 0.347764 0.177786 
0.468926 0.470919 0.28848 
0.55484 0.585169 0.409733 
0.601883 0.662934 0.513275 
0.59801 0.684775 0.573289 
0.544924 0.645593 0.574802 
0.456491 0.555455 0.518277 
0.352865 0.435149 0.418777 
0.253285 0.308828 0.300396 
0.170704 0.196936 0.188367 
0.11008 0.11187 0.101799 
0.0701309 0.0572 0.049337 
0.0468234 0.0296435 0.0286988 
0.0364658 0.0222295 0.0296666 
0.0370367 0.0272164 0.0390721 
0.0476481 0.0380125 0.0459005 
0.0670574 0.0500426 0.0448384 
0.0924325 0.0608707 0.0373079 
0.119165 0.0699179 0.0299795 
0.141794 0.0779576 0.0315849 
0.155517 0.0864448 0.0492823 
0.157546 0.096728 0.0857816 
0.147774 0.109311 0.138062 
0.128586 0.123436 0.197984 
0.104028 0.137229 0.254575 
0.0786901 0.148435 0.29725 
0.0566694 0.155429 0.318912 
0.0408333 0.157999 0.317848 
0.0325244 0.157491 0.297772 
0.0317259 0.156239 0.266103 
0.0375652 0.156578 0.231285 
0.0488608 0.159874 0.200166 
0.0643454 0.165884 0.176274 
0.0824197 0.172612 0.159329 
0.100751 0.176759 0.146018 
0.116383 0.174922 0.131887 
0.126836 0.165419 0.113924 
0.131839 0.150078 0.0929461 
0.13448 0.134822 0.0744753 
0.140513 0.128124 0.0671675 
0.15569 0.137646 0.0791236 
0.18273 0.166888 0.114039 
0.220227 0.214164 0.169662 
0.264627 0.274761 0.239642 
0.313822 0.344595 0.31724 
0.369014 0.421944 0.397604 
0.432283 0.504965 0.476231 
0.500769 0.586275 0.544667 
0.561975 0.649345 0.587776 
0.595279 0.671542 0.586958 
0.580875 0.634391 0.529623 
0.511579 0.535624 0.419587 
0.399578 0.394667 0.280525 
0.272589 0.246279 0.147987 
0.160929 0.124867 0.0531336 
0.083622 0.0488306 0.00785209 
0.0426375 0.0149851 0.0010154 
0.02853 0.00635386 0.00858172 
0.0322578 0.00728225 0.0107491 
0.0534402 0.0147157 0.00446476 
0.098407 0.0376646 0.0030205 
0.169829 0.0859765 0.0238057 
0.256842 0.157631 0.0736089 
0.334655 0.234716 0.142059 
0.375431 0.291456 0.207296 
0.363434 0.308554 0.248997 
0.303887 0.283686 0.259226 
0.219477 0.231321 0.244313 
0.137371 0.173121 0.218188 
0.0759805 0.126494 0.193434 
0.0398755 0.0988158 0.176407 
0.0243279 0.0892741 0.168082 
0.0237788 0.0942217 0.167296 
0.0366313 0.110313 0.172111 
0.0631394 0.133261 0.178297 
0.0996548 0.155062 0.177956 
0.135605 0.164364 0.161897 
0.156963 0.151675 0.125906 
0.154155 0.116171 0.0765607 
0.128313 0.0684115 0.0310691 
0.0908617 0.0257504 0.00932774 
0.0564946 0.00270094 0.0223428 
0.0346011 0.00266954 0.0646349 
0.0251159 0.0167853 0.116186 
0.0211978 0.0305656 0.153183 
0.016049 0.0336242 0.160809 
0.00849923 0.0257019 0.140048 
0.00346524 0.0152498 0.104699 
0.00755156 0.0122426 0.0714228 
0.02357 0.0207769 0.0499626 
0.0481498 0.0366897 0.0397938 
0.0739485 0.051464 0.0344863 
0.0945105 0.0591498 0.0296443 
0.108093 0.06111 0.0281946 
0.117805 0.0651894 0.0391286 
0.128186 0.0798995 0.0706186 
0.140792 0.107582 0.122343 
0.151945 0.141138 0.182367 
0.154257 0.166594 0.230997 
0.14111 0.170196 0.249688 
0.111441 0.146075 0.230142 
0.0719922 0.100259 0.178715 
0.0356066 0.0489004 0.113953 
0.0163004 0.0116674 0.0587523 
0.0234993 0.00361196 0.0311476 
0.0581973 0.0293275 0.0379722 
0.112716 0.0817823 0.0737137 
0.173886 0.145779 0.124182 
0.227869 0.203932 0.172578 
0.264306 0.242336 0.205118 
0.278262 0.253881 0.214374 
0.269848 0.238725 0.199985 
0.242607 0.202734 0.167501 
0.201945 0.155129 0.126247 
0.154206 0.106147 0.0867934 
0.106106 0.0649526 0.058304 
0.0638854 0.0378397 0.0461792 
0.0320444 0.027014 0.0507382 
0.012235 0.0304958 0.0676134 
0.00315139 0.0434091 0.089831 
0.00171746 0.0601756 0.110587 
0.00492627 0.0764962 0.125275 
0.0111775 0.0901105 0.131883 
0.0203543 0.100218 0.13009 
0.0328684 0.106456 0.120342 
0.048642 0.108562 0.103984 
0.0668586 0.10709 0.0843383 
