0.2839 0.384485 0.988772 
0.332938 0.228265 0.531605 
0.499174 0.235361 0.251506 
0.754723 0.42149 0.228162 
1.0334 0.736214 0.45135 
1.24995 1.07542 0.822114 
1.32833 1.3176 1.19144 
1.22992 1.37084 1.42022 
0.971287 1.21034 1.43287 
0.623201 0.888747 1.23975 
0.28881 0.513769 0.920318 
0.0679098 0.203387 0.579596 
0.0215263 0.0403066 0.302994 
0.151918 0.0462611 0.131376 
0.405918 0.184726 0.0627597 
0.69809 0.385133 0.0705809 
0.941545 0.572795 0.122167 
1.07351 0.690961 0.187401 
1.06876 0.710745 0.239438 
0.941343 0.632604 0.255952 
0.737729 0.483812 0.225887 
0.523147 0.31176 0.15747 
0.36136 0.169968 0.0780999 
0.29108 0.097396 0.021379 
0.308284 0.099712 0.00760718 
0.366187 0.145377 0.0316518 
0.398186 0.183482 0.0686572 
0.355213 0.176249 0.0952635 
0.237074 0.127049 0.111722 
0.0975356 0.0848429 0.148471 
0.0173294 0.119705 0.251155 
0.0592084 0.282614 0.452989 
0.231094 0.573079 0.751797 
0.478737 0.933333 1.10543 
0.711369 1.2715 1.44721 
0.844653 1.49981 1.71132 
0.837071 1.56742 1.85463 
0.702399 1.47376 1.86581 
0.496126 1.26025 1.7615 
0.287103 0.989239 1.57513 
0.130243 0.7217 1.34523 
0.0514238 0.502199 1.10736 
0.0470665 0.353451 0.890398 
0.0938187 0.278264 0.715312 
0.161351 0.265043 0.594502 
0.222819 0.293756 0.530552 
0.260772 0.341107 0.515057 
0.268995 0.385072 0.529451 
0.251799 0.409368 0.549586 
0.221809 0.407467 0.553786 
0.196278 0.384448 0.531172 
0.191632 0.354693 0.485625 
0.21706 0.335095 0.432472 
0.269669 0.336417 0.389277 
0.334359 0.357488 0.366084 
0.389778 0.38593 0.360897 
0.418077 0.405232 0.362673 
0.413254 0.40389 0.359111 
0.383263 0.381097 0.343845 
0.344928 0.346134 0.319062 
0.315365 0.312988 0.293314 
0.305459 0.294352 0.27726 
0.318552 0.298229 0.280091 
0.352992 0.327254 0.307394 
0.404542 0.378768 0.359643 
0.465959 0.444278 0.430867 
0.524983 0.509345 0.508522 
0.564632 0.556174 0.57609 
0.56837 0.569579 0.618319 
0.528421 0.543848 0.626704 
0.451883 0.486174 0.602015 
0.359768 0.413897 0.552452 
0.278487 0.346762 0.488999 
0.228277 0.298571 0.421176 
0.214919 0.272672 0.355314 
0.228699 0.262766 0.295007 
0.250119 0.257307 0.241865 
0.258712 0.244584 0.195483 
0.240918 0.216739 0.153528 
0.194724 0.172554 0.113616 
0.130367 0.119059 0.0770211 
0.0671703 0.0709705 0.051604 
0.0268507 0.0465026 0.0504409 
0.0247938 0.0596292 0.0850461 
0.0624794 0.111857 0.156395 
0.125085 0.188433 0.249734 
0.186616 0.262473 0.337725 
0.221024 0.306047 0.391414 
0.213956 0.30272 0.393247 
0.168938 0.254691 0.344766 
0.104722 0.180764 0.264852 
0.0456523 0.106774 0.180081 
0.0106655 0.0541984 0.113104 
0.00675016 0.0329518 0.0751543 
0.0293589 0.0410063 0.0653315 
0.0680103 0.0692005 0.0750449 
0.112854 0.107275 0.0937339 
0.158552 0.14784 0.112815 
0.204431 0.18749 0.127274 
0.252374 0.226386 0.136232 
0.304714 0.26793 0.143736 
0.363441 0.31884 0.159543 
0.4304 0.388515 0.198201 
0.507271 0.486362 0.274996 
0.59446 0.61709 0.39914 
0.689141 0.775767 0.566899 
0.783697 0.945454 0.758391 
0.865924 1.09947 0.940651 
0.921575 1.20831 1.07671 
0.938597 1.24878 1.13735 
0.911387 1.21161 1.11063 
0.843193 1.10441 1.00508 
0.74541 0.948504 0.845451 
0.633876 0.771332 0.66311 
0.523681 0.597716 0.485805 
0.424757 0.443744 0.331174 
0.340179 0.315487 0.206173 
0.267726 0.212106 0.111199 
0.203483 0.130754 0.0452898 
0.145279 0.0700245 0.00868729 
0.0940226 0.0301547 0.00137785 
0.0525495 0.0106134 0.0193482 
0.0232465 0.0076029 0.0522228 
0.00639316 0.0139808 0.0851745 
0.000357103 0.0221763 0.104967 
0.00319227 0.0282268 0.106734 
0.0140744 0.033953 0.0970044 
0.0332803 0.0454475 0.0905048 
0.0608114 0.0686972 0.102233 
0.0950602 0.105325 0.139439 
0.132954 0.151419 0.198286 
0.171681 0.200176 0.266915 
0.210523 0.246238 0.332464 
0.250948 0.288395 0.387276 
0.294351 0.328603 0.430478 
0.338874 0.368138 0.464619 
0.377839 0.403954 0.490437 
0.401531 0.428269 0.503893 
0.401817 0.432117 0.497682 
0.37703 0.410801 0.466172 
0.334128 0.3678 0.410428 
0.286696 0.314635 0.339977 
0.249751 0.26661 0.270086 
0.233981 0.236653 0.215942 
0.24204 0.230248 0.186671 
0.268207 0.243604 0.18195 
0.300974 0.265456 0.192516 
0.327064 0.281393 0.204102 
0.335267 0.278881 0.203068 
0.319085 0.251333 0.181577 
0.277897 0.200171 0.140545 
0.216852 0.134557 0.0894456 
0.145861 0.0690488 0.043136 
0.077897 0.0198813 0.0168561 
0.0266703 0.000751728 0.0211491 
0.00373465 0.0191103 0.0584301 
0.0153743 0.0738398 0.122271 
0.0601003 0.15497 0.199423 
0.127861 0.245637 0.273624 
0.201816 0.325947 0.329758 
0.26262 0.377839 0.357152 
0.294044 0.389691 0.351464 
0.287944 0.359395 0.315266 
0.246695 0.294987 0.257601 
0.182117 0.212507 0.192525 
0.111336 0.131547 0.136328 
0.051157 0.0696243 0.103368 
0.0130021 0.037071 0.101318 
0.000132046 0.0341719 0.127646 
0.0078628 0.0517163 0.169396 
0.0263851 0.074942 0.20728 
0.0449148 0.0894717 0.223022 
0.0555881 0.0868961 0.206955 
0.0557563 0.0676621 0.162242 
0.0479826 0.0399892 0.103411 
0.0378721 0.0152805 0.0495593 
0.0307115 0.00218384 0.0154147 
0.0285151 0.00229208 0.00479643 
0.0291048 0.00987291 0.0100117 
0.0279737 0.015986 0.017616 
0.0220382 0.014755 0.0172698 
0.0128831 0.00793118 0.0083843 
0.00697816 0.00455581 0.000398408 
0.0121377 0.015502 0.00647267 
0.0322309 0.0461765 0.0346549 
0.0637623 0.0921478 0.0821832 
0.0969176 0.140611 0.136315 
0.120531 0.17663 0.180618 
0.127623 0.190005 0.202379 
0.117956 0.178742 0.196988 
0.0965921 0.148044 0.168022 
0.0703378 0.106801 0.12457 
0.0449046 0.0643618 0.0779758 
0.0241091 0.0289193 0.0391524 
0.0104645 0.00717112 0.0168284 
0.00592507 0.0045173 0.0171977 
0.012253 0.0253507 0.045051 
0.0309098 0.0725527 0.104396 
0.0619275 0.144605 0.194879 
0.10131 0.230141 0.303029 
0.138557 0.304135 0.39501 
0.158249 0.333291 0.423431 
0.148188 0.294145 0.354918 
0.110021 0.195096 0.206141 
0.0620561 0.0826936 0.0578152 
0.027282 0.0176482 0.0204547 
0.0141483 0.0304438 0.159815 
0.0113413 0.0925243 0.432347 
0.012118 0.138128 0.691403 
0.0543752 0.132478 0.780207 
0.232441 0.130522 0.652556 
0.641977 0.257571 0.42068 
1.27376 0.598562 0.272405 
1.93909 1.07434 0.309021 
2.32124 1.42916 0.442707 
2.16566 1.38925 0.467308 
1.49169 0.904648 0.274404 
0.643725 0.274567 0.0363881 
0.0885458 0.00193395 0.1626 
0.0727333 0.428575 1.00066 
0.414512 1.41672 2.48787 
0.648795 2.36607 4.05379 
0.464426 2.61988 4.917 
0.0772912 1.97832 4.60298 
0.153312 0.890763 3.29199 
1.23174 0.114477 1.69915 
3.07641 0.076935 0.554658 
4.58125 0.493965 0.102111 
4.51234 0.657836 0.0515337 
2.66017 0.258387 0.053232 
0.46367 0.0605803 0.28324 
0.369519 1.72769 1.56676 
4.1014 6.68104 4.80151 
10.9997 14.7145 10.0456 
17.8201 23.4595 16.008 
20.5031 29.3281 20.469 
16.9628 29.5103 21.4773 
8.98161 23.7407 18.5373 
1.67336 14.5862 12.9397 
0.570185 5.9809 6.98013 
8.1078 0.961593 2.61708 
21.8464 0.113368 0.503848 
35.6827 1.69635 0.00539914 
43.3077 3.20533 0.0423947 
41.6727 3.13855 0.0139829 
32.3061 1.73618 0.0888984 
19.8675 0.339634 0.747018 
9.17393 0.0759848 2.08144 
2.75702 0.971262 3.51914 
0.332712 2.10209 4.20074 
0.0466633 2.49121 3.66703 
