0.0628643 0.0962925 0.303574 
0.138461 0.185515 0.433575 
0.240332 0.256705 0.497844 
0.342018 0.290374 0.473477 
0.430516 0.297347 0.383742 
0.494547 0.298859 0.2763 
0.510492 0.29807 0.187067 
0.450884 0.274677 0.123298 
0.314379 0.210607 0.0788745 
0.147912 0.12128 0.0609989 
0.0324841 0.0578786 0.0950151 
0.0355076 0.0722881 0.197396 
0.164951 0.173061 0.343366 
0.361911 0.311644 0.466532 
0.537245 0.412097 0.499272 
0.623726 0.420169 0.42232 
0.607506 0.334045 0.281213 
0.523534 0.198606 0.156761 
0.4262 0.0749472 0.115799 
0.357761 0.00985287 0.179704 
0.331262 0.0210724 0.326215 
0.33287 0.0990834 0.511925 
0.338754 0.21833 0.694431 
0.334944 0.35081 0.844119 
0.326765 0.476572 0.948202 
0.331874 0.588202 1.0125 
0.365207 0.690898 1.06234 
0.432126 0.802254 1.13951 
0.536608 0.95102 1.29002 
0.691718 1.16637 1.53887 
0.912015 1.45177 1.85798 
1.18468 1.75523 2.1484 
1.44372 1.96508 2.26337 
1.58013 1.95302 2.07936 
1.49648 1.65171 1.58233 
1.17497 1.11785 0.910102 
0.709424 0.529954 0.307858 
0.272213 0.110596 0.0107128 
0.0325312 0.0168226 0.122256 
0.0765385 0.266743 0.565912 
0.376721 0.744934 1.13725 
0.822034 1.27518 1.6176 
1.28114 1.70817 1.874 
1.65685 1.97237 1.89155 
1.90615 2.07151 1.73826 
2.02817 2.04928 1.50491 
2.03982 1.95346 1.26343 
1.95662 1.81723 1.05716 
1.78556 1.65545 0.907203 
1.52945 1.46793 0.816324 
1.19995 1.24749 0.767964 
0.832922 0.994199 0.731369 
0.493301 0.729579 0.677718 
0.257076 0.496683 0.596834 
0.172978 0.338655 0.499152 
0.227863 0.268256 0.401015 
0.345867 0.254744 0.308678 
0.43005 0.243946 0.217646 
0.421122 0.198511 0.12664 
0.331584 0.125545 0.0485791 
0.231979 0.0693067 0.0046282 
0.203139 0.0781591 0.00829193 
0.290504 0.175544 0.0593918 
0.485875 0.353716 0.154409 
0.734387 0.580966 0.294313 
0.95102 0.80315 0.468581 
1.04229 0.941838 0.626722 
0.942375 0.915277 0.681015 
0.661052 0.694386 0.566839 
0.309894 0.356872 0.321172 
0.0639849 0.0741876 0.0941768 
0.0590997 0.0087437 0.0511706 
0.290607 0.188117 0.231174 
0.601508 0.468175 0.493936 
0.785175 0.634735 0.624174 
0.729506 0.568779 0.514348 
0.487141 0.334154 0.261344 
0.217427 0.111879 0.0839544 
0.0560638 0.043478 0.134117 
0.0249734 0.12406 0.372572 
0.0490843 0.231792 0.614716 
0.0483348 0.252666 0.694003 
0.0149005 0.18145 0.592608 
0.011913 0.115079 0.434369 
0.104925 0.156643 0.364258 
0.291427 0.320014 0.427736 
0.48821 0.513464 0.545732 
0.585827 0.609481 0.591279 
0.526984 0.540913 0.495311 
0.348159 0.348199 0.296962 
0.151653 0.14373 0.105077 
0.0294457 0.0244881 0.0083288 
0.000562263 0.00496105 0.00996334 
0.0145135 0.0251984 0.0409013 
0.0156486 0.0232603 0.0366808 
0.00513725 0.00167641 0.00512334 
0.037017 0.0220466 0.0184145 
0.150561 0.133113 0.13612 
0.310774 0.30801 0.336867 
0.425735 0.459874 0.530317 
0.429093 0.521703 0.637401 
0.342075 0.504263 0.652805 
0.247609 0.468748 0.624329 
0.20486 0.448409 0.580376 
0.19843 0.413508 0.498168 
0.174427 0.322009 0.354169 
0.113873 0.191975 0.191183 
0.0537984 0.100383 0.105589 
0.035417 0.100789 0.150788 
0.0503125 0.156137 0.263672 
0.0554251 0.173468 0.311035 
0.0374528 0.109377 0.22194 
0.042011 0.0276655 0.0683508 
0.124963 0.0398897 0.00366727 
0.279739 0.189524 0.117968 
0.426032 0.40149 0.354001 
0.475605 0.545669 0.559999 
0.406027 0.54471 0.616975 
0.270192 0.422635 0.518408 
0.142576 0.263888 0.346223 
0.0633804 0.139667 0.190253 
0.0289213 0.0711052 0.0920863 
0.0200416 0.0441235 0.046073 
0.0275941 0.040616 0.0304734 
0.0511309 0.0511467 0.029178 
0.0827888 0.0678113 0.0328644 
0.102771 0.0787085 0.0347737 
0.0970934 0.0782166 0.0353654 
0.0824719 0.0843752 0.0519355 
0.111203 0.141211 0.117465 
0.241464 0.293107 0.25996 
0.487857 0.543755 0.472993 
0.790157 0.8321 0.701929 
1.03183 1.05147 0.863379 
1.10351 1.10611 0.890067 
0.969076 0.967578 0.770668 
0.687805 0.691347 0.555683 
0.378759 0.383545 0.326216 
0.155548 0.144056 0.149833 
0.0748773 0.0238464 0.053509 
0.124588 0.0171144 0.0258894 
0.246469 0.0816147 0.0381424 
0.371179 0.166242 0.0635829 
0.445229 0.229775 0.0847909 
0.443373 0.248329 0.0915719 
0.369887 0.217348 0.0796822 
0.253202 0.151787 0.054362 
0.134698 0.0815798 0.0325776 
0.0519862 0.0386166 0.0357064 
0.0221569 0.0390807 0.0738 
0.0350176 0.0730646 0.133878 
0.0626074 0.111365 0.18471 
0.0796472 0.12637 0.19717 
0.0800301 0.111467 0.164913 
0.076924 0.0838658 0.10895 
0.0875519 0.0694181 0.0629647 
0.116366 0.0825514 0.0514 
0.150714 0.116948 0.0761921 
0.171264 0.152093 0.119156 
0.166879 0.167957 0.154927 
0.141785 0.15626 0.16444 
0.112062 0.123138 0.142641 
0.0978105 0.0857924 0.099792 
0.117251 0.0667344 0.0572509 
0.182155 0.0855287 0.0377008 
0.291351 0.148002 0.052241 
0.425152 0.239024 0.0926608 
0.549053 0.327907 0.137728 
0.629141 0.3865 0.171256 
0.648701 0.405996 0.195864 
0.611986 0.396754 0.227145 
0.533758 0.37191 0.272272 
0.427862 0.333007 0.315365 
0.306397 0.273059 0.326714 
0.185593 0.191859 0.287885 
0.0860509 0.104745 0.207904 
0.0243211 0.0353547 0.116418 
0.00574872 0.00184983 0.0439746 
0.0262866 0.0103426 0.00851055 
0.0775671 0.0563484 0.0138248 
0.145945 0.125923 0.051686 
0.208879 0.195423 0.102698 
0.24133 0.238669 0.142241 
0.233474 0.243629 0.155461 
0.201845 0.223953 0.149935 
0.177368 0.209267 0.149857 
0.17895 0.219725 0.173299 
0.199823 0.249824 0.214687 
0.220366 0.277734 0.250804 
0.230428 0.287894 0.262848 
0.234462 0.281111 0.250233 
0.2361 0.263952 0.223762 
0.225262 0.234962 0.190466 
0.186967 0.186992 0.149389 
0.122273 0.122015 0.100687 
0.0548892 0.0577377 0.0531671 
0.0130633 0.0153514 0.0192075 
0.00534458 0.00134371 0.00353541 
0.0158128 0.00373082 0.000127357 
0.0222247 0.00605348 0.000499372 
0.0163604 0.00274477 0.00249448 
0.00655717 6.86812e-05 0.00932739 
0.00392921 0.00471026 0.0217361 
0.00971198 0.0147112 0.0339961 
0.0158853 0.0217759 0.0383342 
0.0150698 0.0200739 0.0318304 
0.00785025 0.0114247 0.0184895 
0.00118175 0.00288454 0.00589342 
0.000832937 0.00019986 0.000193301 
0.0053198 0.00276661 0.00207473 
0.00746815 0.00452574 0.00583804 
0.00354216 0.00168459 0.00467544 
0.00105657 0.000807032 0.000253665 
0.014134 0.0160199 0.00554669 
0.0478731 0.0534374 0.0325512 
0.0895231 0.0991784 0.0756888 
0.119667 0.128637 0.112704 
0.130341 0.129051 0.125519 
0.12535 0.107556 0.11631 
0.104636 0.076992 0.10179 
0.0633399 0.0463887 0.1028 
0.0154018 0.0335019 0.147762 
0.00374163 0.069446 0.266046 
0.0643537 0.16328 0.440906 
0.179145 0.264439 0.568074 
0.280601 0.295744 0.517893 
0.303738 0.238989 0.290407 
0.224604 0.153177 0.0776939 
0.0865879 0.0856188 0.0868984 
0.0726852 0.0281081 0.284174 
0.540368 0.0445436 0.408105 
1.7623 0.376495 0.309774 
3.371 1.19361 0.190904 
4.16052 2.12039 0.343195 
3.03134 2.26948 0.666495 
0.710881 1.21264 0.691512 
0.359652 0.0487102 0.261873 
5.45412 1.01342 0.0170419 
16.0842 5.3428 0.816914 
27.3617 11.3744 2.5755 
32.4642 15.3011 3.99469 
28.1871 14.3881 3.80787 
17.6693 9.48524 2.19498 
7.41435 4.08209 0.585564 
1.69749 0.939914 0.00910153 
0.103969 0.0698197 0.0970684 
0.00154399 0.0160972 0.0582056 
0.0233769 0.246796 0.238096 
0.313182 1.33637 1.89604 
0.538474 3.04052 5.20223 
0.0714882 3.60494 8.16278 
