0.952332 0.874485 0.749219 
0.66598 0.704445 0.755908 
0.522148 0.812412 1.17848 
0.491612 1.1123 1.85995 
0.548218 1.49201 2.58267 
0.684072 1.86597 3.16685 
0.877747 2.16979 3.50428 
1.07491 2.34484 3.55212 
1.24043 2.37828 3.3497 
1.43033 2.36204 3.04342 
1.76083 2.45583 2.83197 
2.25764 2.7327 2.81916 
2.74656 3.06043 2.9109 
2.94747 3.18237 2.89591 
2.71229 2.94734 2.65368 
2.16185 2.44935 2.26769 
1.57246 1.92403 1.91525 
1.13673 1.52205 1.66452 
0.848502 1.20891 1.41718 
0.599744 0.877917 1.05694 
0.343435 0.517439 0.619627 
0.139299 0.236162 0.282382 
0.0627144 0.135211 0.184984 
0.103438 0.18624 0.28244 
0.165004 0.250137 0.384849 
0.156635 0.211305 0.338679 
0.0819413 0.0874881 0.164665 
0.0354806 0.0043619 0.0189085 
0.101251 0.0568392 0.021495 
0.246737 0.1961 0.130436 
0.333544 0.27153 0.199073 
0.262456 0.205643 0.166206 
0.112681 0.121478 0.171383 
0.105349 0.26031 0.444326 
0.394957 0.741625 1.05728 
0.894129 1.4058 1.79757 
1.32198 1.91404 2.30903 
1.43365 2.01488 2.37038 
1.20346 1.71952 2.04151 
0.802775 1.24151 1.56255 
0.434615 0.801299 1.14347 
0.201598 0.494321 0.849984 
0.09832 0.30325 0.642246 
0.0780226 0.180603 0.467676 
0.104944 0.10245 0.30805 
0.162233 0.0697645 0.173931 
0.238022 0.0883553 0.0858972 
0.31391 0.151367 0.0582893 
0.363564 0.230271 0.0820258 
0.362578 0.28132 0.11885 
0.305421 0.270906 0.124277 
0.215486 0.202053 0.0848214 
0.134749 0.114156 0.0298442 
0.0964501 0.0509686 0.00177279 
0.100809 0.0254112 0.0158017 
0.114642 0.0162871 0.0541161 
0.100721 0.00355314 0.102943 
0.0586383 0.00962105 0.191626 
0.039723 0.0990639 0.381905 
0.109536 0.320269 0.700161 
0.280647 0.634376 1.07145 
0.481904 0.909046 1.33387 
0.607179 1.00548 1.34641 
0.605013 0.890046 1.10407 
0.521336 0.663751 0.749654 
0.456109 0.480198 0.46755 
0.488221 0.4377 0.36412 
0.648838 0.550386 0.446599 
0.953383 0.8049 0.695173 
1.42711 1.21179 1.11925 
2.0707 1.77777 1.7201 
2.79251 2.42965 2.40649 
3.3879 2.9872 2.97812 
3.61539 3.23883 3.22502 
3.33519 3.07204 3.06836 
2.6139 2.55596 2.62201 
1.70959 1.90976 2.12539 
0.934143 1.38195 1.80871 
0.487978 1.1328 1.79736 
0.392517 1.20213 2.11122 
0.563125 1.56507 2.72384 
0.930183 2.19352 3.59742 
1.46665 3.03754 4.64424 
2.08981 3.93638 5.65421 
2.57174 4.57814 6.29093 
2.62036 4.61967 6.22511 
2.11355 3.92531 5.34956 
1.26133 2.72342 3.90897 
0.491143 1.50314 2.40493 
0.124784 0.703645 1.31648 
0.158094 0.463487 0.853272 
0.366317 0.647896 0.936531 
0.602102 1.07975 1.37676 
0.930727 1.68553 2.02231 
1.44301 2.39583 2.724 
1.99061 2.97283 3.2256 
2.20858 3.0607 3.21473 
1.85337 2.48504 2.5689 
1.08495 1.48116 1.53804 
0.356932 0.555907 0.609481 
0.0198179 0.0875363 0.141766 
0.0584356 0.0657271 0.125212 
0.205612 0.208589 0.290082 
0.246312 0.276077 0.401 
0.170052 0.234971 0.414385 
0.0773886 0.171646 0.397215 
0.0308043 0.142405 0.388994 
0.0248287 0.14405 0.384496 
0.0411377 0.169133 0.394917 
0.0721285 0.217466 0.447164 
0.106679 0.258904 0.515926 
0.151039 0.247294 0.514424 
0.274416 0.199748 0.391348 
0.576261 0.221602 0.213914 
1.05162 0.399907 0.112846 
1.49909 0.671508 0.141319 
1.6306 0.845089 0.22115 
1.3403 0.799491 0.253322 
0.884435 0.664827 0.271422 
0.755659 0.770593 0.451189 
1.30046 1.35912 0.93402 
2.38589 2.30786 1.62665 
3.42417 3.13581 2.19223 
3.77833 3.33454 2.2827 
3.23224 2.76033 1.82294 
2.1291 1.74233 1.08113 
1.06888 0.808825 0.448827 
0.451288 0.287723 0.137169 
0.266171 0.139755 0.0742634 
0.25601 0.126515 0.068762 
0.214572 0.0836794 0.028863 
0.119349 0.0193645 0.004703 
0.0426552 0.00460132 0.0581719 
0.0198939 0.0464359 0.156316 
0.0265745 0.0905997 0.213249 
0.0347184 0.102913 0.197907 
0.0419896 0.0999818 0.158874 
0.0512201 0.105847 0.151062 
0.0586371 0.117839 0.176653 
0.0731525 0.128834 0.210129 
0.121395 0.156151 0.250996 
0.212493 0.221655 0.321083 
0.308514 0.309819 0.415876 
0.35131 0.368786 0.486511 
0.321306 0.360317 0.48257 
0.25791 0.298421 0.40318 
0.219154 0.233713 0.297743 
0.230485 0.207675 0.222406 
0.275423 0.226947 0.202323 
0.323704 0.272715 0.229166 
0.35657 0.322097 0.281062 
0.367959 0.358738 0.338839 
0.353858 0.371146 0.38776 
0.308943 0.349165 0.411454 
0.234998 0.287192 0.391258 
0.151795 0.19455 0.318287 
0.0958447 0.102215 0.209397 
0.0990593 0.0510399 0.10656 
0.160443 0.0636179 0.0522039 
0.240854 0.126387 0.0618159 
0.293968 0.204327 0.121714 
0.305091 0.273833 0.210539 
0.296713 0.337339 0.316564 
0.299344 0.408836 0.435867 
0.326307 0.495634 0.565048 
0.374991 0.595075 0.699808 
0.433006 0.692083 0.827257 
0.469486 0.746732 0.906949 
0.437728 0.700177 0.872685 
0.320946 0.52731 0.685324 
0.186907 0.298069 0.400483 
0.171354 0.16431 0.167017 
0.372697 0.251732 0.128351 
0.751064 0.549131 0.309268 
1.1388 0.906568 0.597846 
1.35743 1.1451 0.835099 
1.33068 1.17195 0.920034 
1.10412 1.00889 0.844292 
0.785367 0.742338 0.659452 
0.477003 0.463048 0.433475 
0.24434 0.236034 0.227341 
0.111132 0.0934005 0.0828595 
0.066816 0.0352609 0.01299 
0.0808991 0.0385076 0.0032261 
0.119754 0.072125 0.0266021 
0.156637 0.108954 0.0583892 
0.174755 0.130196 0.0811227 
0.170851 0.129197 0.0865288 
0.156513 0.114197 0.0788255 
0.146596 0.100106 0.0709094 
0.141011 0.0919001 0.070735 
0.123796 0.0802735 0.073726 
0.0854291 0.0581172 0.0729333 
0.0398743 0.0350751 0.0717559 
0.01089 0.0266326 0.077674 
0.00482394 0.0316217 0.0851418 
0.00743424 0.0323619 0.0767032 
0.00749215 0.0200382 0.0465821 
0.0110383 0.00912765 0.0146148 
0.0259588 0.0184168 0.00743813 
0.042767 0.0443855 0.029033 
0.0435046 0.0645293 0.058813 
0.0276168 0.0659918 0.0783303 
0.0168831 0.0601906 0.0903015 
0.0306108 0.0653673 0.107415 
0.063457 0.0827133 0.130192 
0.0929402 0.0965133 0.144055 
0.103675 0.0937802 0.136228 
0.0982313 0.076522 0.108689 
0.0875505 0.0555048 0.0738044 
0.0782323 0.0384189 0.0424385 
0.0701129 0.0262529 0.0187885 
0.0610363 0.0175114 0.00398943 
0.0508315 0.0126511 0.0010999 
0.0411844 0.0133093 0.0136162 
0.0324955 0.0165855 0.0362695 
0.0237311 0.013562 0.0502186 
0.0208467 0.00256888 0.0394971 
0.042652 0.00526354 0.0189409 
0.101844 0.0517823 0.0299279 
0.17127 0.133156 0.086579 
0.189846 0.184348 0.136846 
0.12886 0.148534 0.114995 
0.0401906 0.0565921 0.0384236 
0.00215621 0.00172777 0.00499482 
0.0233763 0.0250355 0.0668155 
0.0463666 0.0735615 0.155544 
0.0417003 0.0915865 0.180509 
0.0404177 0.100465 0.153276 
0.116033 0.19264 0.166266 
0.502513 0.597683 0.361202 
1.69536 1.79613 1.05807 
3.95658 4.17234 2.70191 
6.30065 7.0257 5.15314 
6.50221 8.15944 6.92674 
3.46416 5.69224 5.99449 
0.161071 1.26583 2.41603 
2.80432 0.666243 0.00868679 
14.8303 9.11638 3.80594 
31.2649 24.7785 14.5329 
41.0527 38.0992 26.1142 
36.9254 39.5854 30.2654 
22.5571 28.641 24.1856 
8.49906 13.7122 12.9661 
1.53289 3.63851 4.06465 
0.118289 0.30263 0.4783 
0.0585075 0.108947 0.0828644 
0.616225 0.0976672 0.128409 
2.23367 0.00904373 0.0229708 
2.14578 0.103097 0.0340622 
0.0985002 2.04723 0.533097 
