0.183079 0.678873 1.44934 
0.091076 0.432056 0.931823 
0.225366 0.457746 0.732063 
0.33647 0.535429 0.707904 
0.2585 0.509918 0.737103 
0.0883774 0.454936 0.856859 
0.113327 0.595757 1.19786 
0.533887 1.04956 1.76917 
1.23267 1.63605 2.32595 
1.81396 1.96794 2.50141 
1.89884 1.77355 2.13237 
1.42696 1.17042 1.48901 
0.706547 0.628003 1.15986 
0.175475 0.622807 1.63068 
0.0809698 1.26233 2.87834 
0.336461 2.18623 4.31666 
0.642794 2.82043 5.15652 
0.739248 2.77404 4.91365 
0.572872 2.07662 3.69397 
0.28257 1.10956 2.0791 
0.0597143 0.329628 0.740126 
0.0193495 0.0064703 0.0718939 
0.161855 0.130366 0.0652311 
0.409459 0.492524 0.428871 
0.659466 0.836832 0.818751 
0.819863 0.983193 1.01819 
0.830575 0.88109 0.996142 
0.681817 0.601281 0.860514 
0.425607 0.290334 0.766486 
0.167502 0.111307 0.835924 
0.0345915 0.188972 1.11671 
0.130176 0.571534 1.58004 
0.491637 1.21338 2.13677 
1.06577 1.98015 2.65822 
1.71185 2.67828 3.00244 
2.2382 3.10904 3.0528 
2.46864 3.13639 2.76326 
2.31936 2.74476 2.18856 
1.84937 2.05745 1.47639 
1.24551 1.29496 0.815267 
0.730415 0.678696 0.354898 
0.436928 0.323224 0.13692 
0.336348 0.187112 0.082921 
0.287212 0.132051 0.0667345 
0.177702 0.0608335 0.0383627 
0.0394104 0.0213162 0.101631 
0.0167232 0.166724 0.450667 
0.206341 0.583928 1.17863 
0.521769 1.1441 2.11115 
0.734273 1.54092 2.84046 
0.672127 1.51631 2.98066 
0.387007 1.07889 2.45113 
0.112218 0.504163 1.54112 
0.0452652 0.10704 0.691667 
0.173111 0.000425864 0.187232 
0.316145 0.0623249 0.0209926 
0.335078 0.116248 0.0146191 
0.276337 0.119875 0.0317487 
0.309991 0.175833 0.0720349 
0.544029 0.387089 0.196944 
0.918966 0.734305 0.414782 
1.27567 1.09475 0.655211 
1.49567 1.34982 0.830456 
1.5618 1.45256 0.892207 
1.50997 1.41078 0.835863 
1.36682 1.24892 0.684841 
1.14953 1.00639 0.490306 
0.897632 0.748611 0.325339 
0.667629 0.540942 0.243111 
0.489365 0.400403 0.229423 
0.34903 0.291442 0.215123 
0.230785 0.185171 0.153684 
0.165033 0.114794 0.0820824 
0.21354 0.153024 0.0886693 
0.396545 0.327035 0.21527 
0.641217 0.563721 0.399015 
0.814516 0.729532 0.517993 
0.817274 0.73029 0.494045 
0.654964 0.577857 0.351691 
0.423687 0.367826 0.184786 
0.228958 0.197437 0.0736443 
0.114104 0.101514 0.0320055 
0.0613703 0.0581709 0.0227752 
0.0535442 0.0452999 0.013895 
0.118074 0.079174 0.0129 
0.292004 0.187614 0.0464133 
0.540236 0.347734 0.113 
0.731914 0.47148 0.17231 
0.733065 0.479146 0.195022 
0.539922 0.393756 0.218497 
0.307558 0.341905 0.32708 
0.221707 0.43488 0.554065 
0.329754 0.64311 0.807018 
0.500245 0.802851 0.917051 
0.551071 0.761213 0.784679 
0.415501 0.517155 0.479123 
0.188059 0.220206 0.185512 
0.0255943 0.0379407 0.051041 
0.0162748 0.0281268 0.080646 
0.133595 0.124767 0.168645 
0.28926 0.221675 0.210069 
0.413665 0.258491 0.175604 
0.496049 0.244372 0.101475 
0.571108 0.228073 0.0378084 
0.678239 0.255436 0.0144408 
0.824422 0.339696 0.0354399 
0.971427 0.45132 0.0823076 
1.05447 0.531285 0.119825 
1.02139 0.525977 0.115288 
0.866221 0.423947 0.0667559 
0.634433 0.266103 0.0127519 
0.398569 0.119342 0.00510707 
0.222369 0.0338503 0.0640448 
0.134184 0.0161695 0.156586 
0.120795 0.0348234 0.219816 
0.14211 0.0498955 0.209848 
0.157937 0.0429157 0.135342 
0.150724 0.0264722 0.049387 
0.130169 0.0299823 0.00967076 
0.120227 0.076828 0.0423566 
0.143012 0.172822 0.138183 
0.21113 0.310996 0.276521 
0.324869 0.47869 0.446204 
0.46605 0.653279 0.639222 
0.593511 0.793562 0.82787 
0.655185 0.847518 0.958709 
0.618337 0.782039 0.979959 
0.495106 0.611609 0.880487 
0.337476 0.396506 0.702719 
0.202683 0.208019 0.516451 
0.118364 0.089097 0.377307 
0.0753989 0.0405422 0.30326 
0.0489296 0.0367022 0.280409 
0.0247609 0.0507902 0.283437 
0.00952172 0.0692189 0.291093 
0.0208418 0.0898246 0.289474 
0.069584 0.112412 0.268597 
0.150212 0.133528 0.221696 
0.248261 0.152399 0.152558 
0.359299 0.184 0.0867522 
0.500075 0.263649 0.0723967 
0.694222 0.427978 0.157238 
0.937788 0.677528 0.348606 
1.17589 0.951568 0.587336 
1.32062 1.14638 0.766917 
1.30532 1.17431 0.794772 
1.13332 1.02172 0.652823 
0.880373 0.760539 0.410551 
0.649478 0.505936 0.182354 
0.515372 0.354356 0.0641705 
0.496411 0.34321 0.0922821 
0.561643 0.44792 0.24059 
0.656249 0.605794 0.444856 
0.728688 0.749976 0.635648 
0.753114 0.840633 0.767081 
0.740872 0.879929 0.829887 
0.730474 0.898712 0.839846 
0.755713 0.920764 0.809173 
0.814287 0.934987 0.729299 
0.866353 0.905436 0.588512 
0.866861 0.812839 0.410089 
0.801105 0.684352 0.264742 
0.689543 0.576085 0.229499 
0.561657 0.52272 0.322838 
0.430836 0.505772 0.479426 
0.296372 0.473231 0.593982 
0.164735 0.389638 0.596218 
0.0617844 0.267498 0.4913 
0.0215487 0.155506 0.340029 
0.0632549 0.102125 0.210044 
0.175999 0.126817 0.142067 
0.318883 0.212342 0.143003 
0.434856 0.313282 0.190914 
0.476019 0.376383 0.243947 
0.433241 0.370065 0.260182 
0.349706 0.307915 0.225475 
0.29738 0.242003 0.165026 
0.3235 0.221867 0.120624 
0.408659 0.251468 0.111742 
0.476927 0.285366 0.120057 
0.454442 0.269463 0.112369 
0.328936 0.188587 0.0750939 
0.163859 0.0808663 0.0259312 
0.0616034 0.0151345 0.000357948 
0.106295 0.0565745 0.0359693 
0.319392 0.239762 0.165059 
0.644816 0.54972 0.401591 
0.968414 0.913006 0.715647 
1.1686 1.21488 1.02043 
1.17787 1.35073 1.20385 
1.01738 1.28526 1.19596 
0.776626 1.07198 1.01755 
0.551727 0.812577 0.763214 
0.39195 0.589974 0.532099 
0.294839 0.431475 0.368532 
0.24245 0.32543 0.260198 
0.234936 0.262343 0.182275 
0.289115 0.254589 0.135674 
0.411388 0.319743 0.14362 
0.578876 0.451856 0.218116 
0.747467 0.612028 0.33482 
0.874276 0.74477 0.440112 
0.931762 0.802727 0.481308 
0.907842 0.762641 0.434796 
0.804526 0.630543 0.315816 
0.643138 0.440966 0.169782 
0.466016 0.248482 0.0518849 
0.320691 0.106644 0.00189544 
0.23229 0.0411896 0.0241678 
0.189351 0.0376415 0.086094 
0.159432 0.0565137 0.139737 
0.120032 0.0639507 0.152337 
0.0738887 0.0506028 0.122037 
0.0370452 0.0263977 0.0697653 
0.0198662 0.00583981 0.0216526 
0.0252883 0.00319679 0.000113475 
0.0604163 0.0348819 0.0222825 
0.136137 0.110964 0.0914059 
0.245871 0.214668 0.181956 
0.348853 0.296542 0.24232 
0.387834 0.305383 0.230916 
0.334057 0.236564 0.161362 
0.21656 0.148365 0.107803 
0.103726 0.121041 0.15177 
0.0529359 0.191511 0.312063 
0.0754866 0.324524 0.522747 
0.144874 0.446163 0.681316 
0.231355 0.505025 0.723042 
0.324365 0.504166 0.65699 
0.425145 0.481609 0.540907 
0.526169 0.467404 0.428506 
0.604415 0.460206 0.338033 
0.636206 0.438879 0.259924 
0.617521 0.389715 0.183158 
0.56961 0.321071 0.110843 
0.525492 0.255719 0.0550435 
0.509967 0.213029 0.0227822 
0.528799 0.198415 0.00951672 
0.572142 0.206504 0.00526614 
0.625262 0.231242 0.00608719 
0.67619 0.272028 0.0200215 
0.715898 0.330708 0.0619831 
0.734582 0.403107 0.14074 
0.72063 0.473459 0.247388 
0.665087 0.517832 0.354644 
0.568373 0.515477 0.429177 
0.443316 0.460518 0.449312 
0.311522 0.365729 0.415798 
0.195459 0.255982 0.348582 
0.111262 0.15634 0.273521 
0.0653327 0.0823502 0.209389 
