1.92055 1.59756 1.07486 
1.17231 0.974955 0.713475 
0.559748 0.498428 0.487044 
0.22783 0.267995 0.425803 
0.14334 0.227727 0.444487 
0.189289 0.261063 0.437097 
0.296421 0.313135 0.383046 
0.463195 0.404537 0.347004 
0.664676 0.536909 0.375737 
0.795219 0.627613 0.421601 
0.742256 0.572381 0.3922 
0.509536 0.366576 0.269679 
0.232669 0.133703 0.155218 
0.0580213 0.0199059 0.183864 
0.0221624 0.0731731 0.406089 
0.0617093 0.234854 0.759158 
0.119905 0.428428 1.13495 
0.20882 0.624447 1.44912 
0.361292 0.815695 1.64723 
0.553454 0.963371 1.68263 
0.708248 1.00518 1.52905 
0.778122 0.922545 1.22233 
0.803368 0.779673 0.867224 
0.874227 0.6789 0.579902 
1.03835 0.676402 0.415635 
1.24934 0.742695 0.349664 
1.39676 0.795391 0.318507 
1.37752 0.760008 0.270979 
1.1531 0.610406 0.19017 
0.775227 0.383163 0.0957425 
0.380215 0.174845 0.044653 
0.13705 0.107149 0.113776 
0.147432 0.248249 0.342334 
0.359868 0.538391 0.668652 
0.591483 0.805819 0.939675 
0.66806 0.89006 1.01575 
0.559836 0.766147 0.8804 
0.375682 0.543325 0.64144 
0.230847 0.348019 0.429779 
0.150397 0.236162 0.323236 
0.117394 0.231356 0.37712 
0.175963 0.40259 0.678063 
0.416042 0.825179 1.28302 
0.82618 1.42912 2.06584 
1.20469 1.93251 2.67345 
1.28712 2.00954 2.72942 
0.993442 1.57433 2.14629 
0.531983 0.892998 1.2418 
0.232486 0.387271 0.51875 
0.266118 0.304058 0.295652 
0.520114 0.551714 0.511425 
0.725422 0.82507 0.842457 
0.69351 0.87161 0.984881 
0.448377 0.660375 0.850725 
0.168287 0.345846 0.55571 
0.0209257 0.105808 0.269779 
0.0414676 0.0109545 0.0865711 
0.141983 0.0219241 0.00901214 
0.221001 0.0827937 0.0237968 
0.26012 0.197413 0.158082 
0.318059 0.40621 0.444797 
0.441342 0.696531 0.836056 
0.595679 0.958924 1.17683 
0.691277 1.05309 1.29415 
0.666807 0.922238 1.12729 
0.538642 0.63903 0.772322 
0.37402 0.342224 0.401677 
0.23256 0.13556 0.143055 
0.137601 0.041283 0.02377 
0.0871251 0.0263673 0.00201802 
0.0727764 0.051208 0.0272449 
0.0861777 0.0948452 0.0737936 
0.119285 0.153982 0.14074 
0.168365 0.23388 0.237204 
0.237017 0.339632 0.365459 
0.331385 0.46803 0.508019 
0.452786 0.605976 0.63138 
0.598605 0.742948 0.71437 
0.771669 0.8895 0.781377 
0.98355 1.07734 0.899565 
1.23736 1.32557 1.12205 
1.49704 1.59459 1.41765 
1.67578 1.77826 1.66119 
1.67329 1.76343 1.71482 
1.44835 1.52026 1.53878 
1.06701 1.14138 1.22706 
0.6757 0.785797 0.930161 
0.416055 0.574746 0.741685 
0.354173 0.535129 0.660936 
0.478662 0.633851 0.658052 
0.749343 0.852059 0.759051 
1.13492 1.21597 1.05598 
1.60533 1.75682 1.63303 
2.10168 2.44595 2.47886 
2.52862 3.16733 3.45449 
2.78612 3.75029 4.33121 
2.81828 4.03894 4.87149 
2.64349 3.95813 4.91702 
2.3472 3.54446 4.452 
2.04495 2.93126 3.61368 
1.8384 2.29711 2.64012 
1.78349 1.80158 1.77691 
1.87577 1.53309 1.18916 
2.04828 1.48379 0.918946 
2.18065 1.55468 0.89482 
2.12917 1.5892 0.97187 
1.78925 1.43628 0.983835 
1.17915 1.03746 0.811721 
0.492493 0.50238 0.46773 
0.047686 0.101706 0.141183 
0.113755 0.125722 0.120417 
0.70593 0.663121 0.580758 
1.51988 1.47071 1.38413 
2.10047 2.08599 2.09739 
2.1451 2.14116 2.2775 
1.70433 1.63497 1.8104 
1.11824 0.929112 1.00587 
0.756187 0.474166 0.360291 
0.783917 0.503329 0.199872 
1.1211 0.930928 0.501403 
1.56535 1.48443 0.992696 
1.94075 1.91106 1.38758 
2.16238 2.09416 1.54719 
2.21196 2.04029 1.48554 
2.08524 1.80526 1.28284 
1.77114 1.44105 1.00901 
1.28329 0.995689 0.705989 
0.712357 0.541705 0.410763 
0.233863 0.183237 0.173043 
0.0313112 0.0132007 0.0393588 
0.176658 0.048403 0.0182929 
0.569114 0.206986 0.0687704 
0.99302 0.360559 0.132046 
1.2492 0.419802 0.17799 
1.25625 0.380488 0.217986 
1.06293 0.301725 0.275313 
0.791694 0.250572 0.350244 
0.562539 0.257842 0.414197 
0.429866 0.300936 0.428922 
0.359648 0.31662 0.370569 
0.273083 0.250364 0.253605 
0.137737 0.12199 0.149156 
0.0193885 0.0402517 0.165618 
0.0207734 0.116946 0.367832 
0.15648 0.340976 0.686537 
0.310368 0.553716 0.926863 
0.345937 0.584872 0.913105 
0.254286 0.422491 0.650208 
0.16094 0.22642 0.328897 
0.174798 0.159278 0.151249 
0.260157 0.22272 0.154086 
0.289856 0.284 0.215646 
0.212416 0.251314 0.222939 
0.123444 0.182957 0.198603 
0.154569 0.207399 0.25011 
0.320677 0.365016 0.422582 
0.507906 0.563199 0.63742 
0.602029 0.681676 0.775458 
0.596965 0.689464 0.791425 
0.576458 0.650366 0.735052 
0.624342 0.643602 0.683084 
0.770421 0.701752 0.673128 
0.99092 0.805385 0.691082 
1.21722 0.901083 0.69327 
1.34913 0.924901 0.638583 
1.31234 0.848861 0.529164 
1.14094 0.732643 0.438744 
0.986532 0.709165 0.479272 
1.00254 0.876436 0.701786 
1.19797 1.18597 1.01967 
1.41344 1.45368 1.25214 
1.45307 1.50164 1.26818 
1.2442 1.29764 1.09357 
0.877866 0.961603 0.873333 
0.514377 0.648099 0.731091 
0.263162 0.431093 0.669102 
0.142592 0.293034 0.601311 
0.127627 0.203839 0.474206 
0.212739 0.193046 0.350261 
0.421275 0.339348 0.372916 
0.758001 0.68865 0.644057 
1.16069 1.17956 1.12051 
1.50586 1.64729 1.61619 
1.66894 1.90707 1.90767 
1.58938 1.85447 1.86372 
1.29615 1.51601 1.51292 
0.88909 1.02813 1.01609 
0.494431 0.56309 0.567782 
0.209729 0.240445 0.284757 
0.0624529 0.0754926 0.152267 
0.0229444 0.0112704 0.0766052 
0.0768421 0.0179425 0.0107 
0.275831 0.153048 0.0264283 
0.669013 0.481888 0.227642 
1.15361 0.915448 0.570684 
1.43951 1.175 0.81197 
1.25957 1.00814 0.710415 
0.672656 0.486119 0.315814 
0.121245 0.0436229 0.0113282 
0.102322 0.14032 0.196441 
0.725892 0.836433 0.896025 
1.59695 1.70872 1.69902 
2.14652 2.20193 2.10133 
2.08693 2.07129 1.9124 
1.57134 1.50867 1.3464 
0.973665 0.899492 0.772399 
0.56695 0.504744 0.418605 
0.39344 0.349841 0.288329 
0.355642 0.327723 0.272097 
0.356331 0.337496 0.277251 
0.353552 0.334711 0.26742 
0.341114 0.312148 0.240707 
0.323923 0.276822 0.207252 
0.31346 0.243422 0.180215 
0.324317 0.229817 0.171567 
0.359044 0.24782 0.193386 
0.392606 0.292046 0.257999 
0.376594 0.330621 0.359369 
0.275368 0.312622 0.447995 
0.120253 0.20946 0.447744 
0.0311149 0.0675579 0.327778 
0.153951 0.00613273 0.158349 
0.535932 0.128287 0.0686307 
1.04724 0.415507 0.130522 
1.44532 0.719296 0.289044 
1.5443 0.872924 0.415544 
1.33991 0.81745 0.423715 
0.982724 0.624538 0.328327 
0.645716 0.414318 0.205303 
0.419674 0.265621 0.117577 
0.307547 0.192622 0.0813136 
0.273329 0.172163 0.079197 
0.272721 0.169501 0.0835179 
0.257541 0.149372 0.0704148 
0.19413 0.0946875 0.0343237 
0.102195 0.0331178 0.00218202 
0.0631417 0.0343339 0.0250132 
0.158792 0.155444 0.136632 
0.381519 0.373338 0.30979 
0.608893 0.575435 0.457381 
0.686602 0.634808 0.490571 
0.554738 0.511331 0.3888 
0.300171 0.286499 0.218563 
0.0829528 0.0970336 0.0816057 
0.00491259 0.0270894 0.0379736 
0.0416519 0.0557444 0.0709598 
0.0923586 0.0990962 0.118118 
0.0863969 0.0951777 0.129891 
0.0399988 0.0484501 0.0995648 
0.021516 0.00573548 0.0496378 
0.0823089 0.0103064 0.00883232 
