0.92243 1.70308 1.9012 
0.535224 1.09234 1.2057 
0.300786 0.614203 0.645463 
0.265453 0.343104 0.301945 
0.405769 0.283419 0.186841 
0.639222 0.374787 0.245744 
0.859594 0.523065 0.387855 
0.97979 0.641115 0.52649 
0.962015 0.679766 0.61058 
0.823028 0.636308 0.633741 
0.616025 0.540854 0.620543 
0.401844 0.431942 0.601341 
0.22493 0.33585 0.591123 
0.103593 0.258967 0.583047 
0.0347416 0.19364 0.557686 
0.00629433 0.130977 0.500482 
0.00902645 0.0722197 0.416635 
0.0425183 0.0329772 0.335187 
0.114037 0.0389018 0.300035 
0.232119 0.115036 0.351756 
0.397976 0.273056 0.508105 
0.598357 0.501369 0.751764 
0.803549 0.762554 1.03126 
0.973016 1.00065 1.27588 
1.06817 1.1572 1.41946 
1.06776 1.19066 1.42382 
0.978665 1.09157 1.29206 
0.835942 0.886475 1.06607 
0.690768 0.628765 0.80949 
0.59123 0.380039 0.583689 
0.564713 0.190021 0.426965 
0.609788 0.0830041 0.345208 
0.700409 0.0552482 0.316391 
0.799201 0.0825741 0.30515 
0.872891 0.133456 0.280037 
0.903242 0.1817 0.226073 
0.890163 0.214252 0.148577 
0.847719 0.232464 0.0685568 
0.796298 0.247798 0.0132002 
0.754599 0.27454 0.00592021 
0.733994 0.322409 0.0591047 
0.736265 0.391467 0.170626 
0.754621 0.47076 0.323671 
0.777252 0.5411 0.489277 
0.792299 0.581299 0.631594 
0.792737 0.576043 0.716009 
0.779427 0.522712 0.719127 
0.760908 0.434213 0.637549 
0.749565 0.335888 0.49119 
0.755436 0.25688 0.318092 
0.780375 0.219021 0.161447 
0.815571 0.228102 0.0539097 
0.84414 0.271783 0.00643287 
0.847992 0.325437 0.00705323 
0.815813 0.363237 0.0299621 
0.748199 0.369129 0.0498677 
0.657355 0.342508 0.054184 
0.561629 0.296453 0.0473619 
0.47783 0.250287 0.0463281 
0.415202 0.220792 0.0705755 
0.37362 0.216306 0.132414 
0.346111 0.235599 0.231668 
0.323599 0.270656 0.356089 
0.299173 0.310928 0.485968 
0.270057 0.346811 0.600283 
0.237142 0.371407 0.682081 
0.203122 0.380883 0.721894 
0.170628 0.37423 0.718859 
0.141208 0.352911 0.679654 
0.115295 0.320375 0.615666 
0.0927354 0.281233 0.539153 
0.0733513 0.240069 0.459699 
0.0572006 0.200316 0.382328 
0.0445368 0.163744 0.30809 
0.0356977 0.130841 0.236649 
0.0311055 0.101775 0.169164 
0.0312898 0.0771069 0.10939 
0.0366141 0.0575462 0.0620511 
0.0465541 0.0429286 0.0296542 
0.0589853 0.0316561 0.0107508 
0.0705061 0.022202 0.00244301 
0.0785927 0.0170794 0.00716676 
0.0850303 0.0272663 0.0397274 
0.0983213 0.0731027 0.128126 
0.1322 0.178198 0.303573 
0.199168 0.356689 0.581425 
0.301617 0.599591 0.942312 
0.426258 0.869235 1.32619 
0.547244 1.10857 1.64763 
0.638749 1.26433 1.82937 
0.691022 1.31362 1.83901 
0.719739 1.2789 1.7088 
0.760605 1.22038 1.52517 
0.849434 1.20683 1.39019 
0.997631 1.27888 1.37357 
1.17769 1.42464 1.47973 
1.32909 1.58177 1.64726 
1.38385 1.66625 1.78056 
1.29902 1.61262 1.79604 
1.07915 1.405 1.65878 
0.77661 1.08325 1.39235 
0.469913 0.723266 1.06054 
0.231733 0.403433 0.734561 
0.102698 0.175443 0.464605 
0.0823464 0.0523872 0.268856 
0.138577 0.0162299 0.141003 
0.227717 0.0364639 0.0669586 
0.31393 0.0879883 0.0387547 
0.379705 0.159668 0.0582615 
0.425531 0.252152 0.131277 
0.462332 0.369459 0.258114 
0.5022 0.510644 0.427372 
0.551645 0.665759 0.616079 
0.608892 0.816816 0.795038 
0.664698 0.94195 0.935861 
0.705431 1.02048 1.01663 
0.717217 1.0374 1.02506 
0.690142 0.986643 0.95967 
0.621469 0.872908 0.829829 
0.516931 0.711513 0.654905 
0.38972 0.525999 0.461846 
0.257622 0.343565 0.28072 
0.139382 0.189284 0.138461 
0.0514061 0.0806315 0.0523416 
0.00536691 0.0239224 0.0253923 
0.0067559 0.0137519 0.045815 
0.0542416 0.0356428 0.0911394 
0.139918 0.0711159 0.135959 
0.250699 0.103566 0.160416 
0.370908 0.122983 0.156079 
0.485495 0.127922 0.126973 
0.582885 0.124201 0.0857812 
0.656434 0.121145 0.0474806 
0.704127 0.127129 0.0235757 
0.726936 0.146226 0.019183 
0.726761 0.176939 0.033222 
0.704915 0.212949 0.0603155 
0.661729 0.245182 0.0927588 
0.597422 0.264469 0.121958 
0.513941 0.264409 0.139924 
0.417089 0.244018 0.141558 
0.317879 0.209415 0.127393 
0.231975 0.17344 0.105181 
0.176602 0.152477 0.088538 
0.165387 0.160942 0.0922364 
0.202883 0.205362 0.125871 
0.281181 0.28066 0.188951 
0.380458 0.370576 0.269971 
0.473801 0.452313 0.349997 
0.534741 0.50358 0.408996 
0.544859 0.50927 0.432085 
0.498877 0.465492 0.413344 
0.405811 0.380056 0.356427 
0.28624 0.269996 0.272709 
0.166887 0.157434 0.178308 
0.0740943 0.0649995 0.0910428 
0.027685 0.011506 0.0276412 
0.0363086 0.00812398 0.000923634 
0.0951312 0.0553376 0.0167959 
0.18652 0.141396 0.0714988 
0.284061 0.243384 0.150401 
0.359555 0.331877 0.229939 
0.391561 0.379043 0.283571 
0.372939 0.368257 0.290765 
0.314441 0.301707 0.245914 
0.242216 0.202188 0.162989 
0.189286 0.107115 0.0728112 
0.183762 0.0561048 0.0129687 
0.238376 0.0767798 0.0141224 
0.34573 0.174721 0.0885567 
0.481237 0.331829 0.225991 
0.612256 0.513484 0.39818 
0.709269 0.680951 0.569697 
0.754421 0.80346 0.709736 
0.744497 0.865328 0.80007 
0.688315 0.866383 0.836764 
0.60086 0.817183 0.82647 
0.497327 0.732345 0.780191 
0.389492 0.625336 0.707912 
0.285222 0.506608 0.616417 
0.190346 0.384963 0.510774 
0.111102 0.270397 0.398093 
0.0552098 0.175895 0.290895 
0.0303315 0.116107 0.207346 
0.0401775 0.10261 0.167064 
0.080208 0.137707 0.183793 
0.135866 0.210431 0.25858 
0.185656 0.298104 0.377614 
0.209013 0.374212 0.516775 
0.195912 0.41958 0.651027 
0.153317 0.431163 0.76356 
0.104433 0.423265 0.849372 
0.0801662 0.419851 0.911361 
0.106526 0.441828 0.952011 
0.194161 0.496401 0.967012 
0.335277 0.574626 0.946099 
0.509023 0.658333 0.8814 
0.691596 0.73173 0.777827 
0.864782 0.789979 0.657662 
1.01808 0.839095 0.554428 
1.14415 0.887377 0.497975 
1.23217 0.934488 0.498884 
1.26523 0.966203 0.541624 
1.22527 0.959275 0.591174 
1.10354 0.894129 0.609866 
0.910106 0.76765 0.575154 
0.675414 0.597934 0.488708 
0.441569 0.417795 0.372709 
0.247261 0.260812 0.2568 
0.114314 0.147992 0.163922 
0.0428616 0.0821822 0.1026 
0.0167503 0.0520312 0.0682869 
0.0148218 0.0415543 0.0507298 
0.0210005 0.0388708 0.0417299 
0.0281771 0.0395889 0.0389309 
0.0356777 0.0445823 0.0447917 
0.0440611 0.0553252 0.062878 
0.0516226 0.0705124 0.094431 
0.0545573 0.0858035 0.13707 
0.0496507 0.0961205 0.18581 
0.0369112 0.0986586 0.23545 
0.0202969 0.0949264 0.282989 
0.00638308 0.0909225 0.328859 
0.00194983 0.0952507 0.376146 
0.0115308 0.11556 0.427897 
0.0355575 0.154447 0.483809 
0.0695993 0.206713 0.53838 
0.105292 0.259889 0.582177 
0.133233 0.298558 0.605923 
0.147088 0.310797 0.605055 
0.14704 0.293456 0.581771 
0.140573 0.253442 0.543183 
0.139946 0.204495 0.497004 
0.157656 0.161616 0.447907 
0.202338 0.136318 0.397008 
0.276956 0.134755 0.344363 
0.379443 0.158558 0.292072 
0.504426 0.20673 0.245498 
0.644546 0.277081 0.212004 
0.790735 0.366631 0.198593 
0.931777 0.471167 0.210125 
1.05382 0.584062 0.248315 
1.14031 0.694442 0.310419 
1.17307 0.785553 0.387104 
1.13523 0.835448 0.461125 
1.01699 0.822187 0.509852 
0.823025 0.733496 0.513125 
0.578205 0.576867 0.463708 
0.326928 0.383533 0.373989 
0.123073 0.201296 0.273031 
0.0126824 0.0772194 0.193532 
