0.985893 1.03422 
0.862502 1.02611 
0.792768 1.06392 
0.761267 1.14425 
0.743799 1.24953 
0.7215 1.35919 
0.687915 1.45996 
0.647764 1.54967 
0.610537 1.63277 
0.583818 1.71103 
0.569925 1.77596 
0.566468 1.8085 
0.568752 1.78671 
0.57144 1.69679 
0.568495 1.54038 
0.552872 1.33424 
0.518279 1.10307 
0.463671 0.870913 
0.397866 0.656065 
0.339717 0.470778 
0.310879 0.322972 
0.32323 0.216292 
0.368265 0.147776 
0.416843 0.106336 
0.432613 0.0763301 
0.393421 0.0468849 
0.307888 0.0217991 
0.214937 0.0216371 
0.163338 0.0728704 
0.181582 0.187668 
0.256725 0.34649 
0.337729 0.497136 
0.364564 0.575554 
0.30731 0.539749 
0.190876 0.397566 
0.087608 0.209994 
0.0789351 0.064701 
0.206874 0.0323192 
0.443964 0.12926 
0.700662 0.308194 
0.868098 0.482118 
0.874116 0.569398 
0.72345 0.536042 
0.501492 0.413372 
0.339493 0.282197 
0.356652 0.231115 
0.603938 0.308946 
1.03337 0.494685 
1.50717 0.70165 
1.84687 0.817718 
1.90615 0.765719 
1.63885 0.554725 
1.13001 0.292579 
0.570636 0.146226 
0.181924 0.263882 
0.122092 0.697177 
0.421137 1.3662 
0.976538 2.08967 
1.61048 2.66647 
2.15574 2.96531 
2.52385 2.97504 
2.7233 2.7927 
2.82765 2.56267 
2.92077 2.4056 
3.05365 2.37526 
3.23202 2.45828 
3.43084 2.60493 
3.61807 2.76562 
3.77104 2.9126 
3.88059 3.04217 
3.94745 3.16461 
3.97711 3.29138 
3.97489 3.42482 
3.94005 3.5511 
3.85955 3.63768 
3.7064 3.63835 
3.44783 3.50791 
3.06261 3.2227 
2.55912 2.79722 
1.98281 2.28668 
1.40683 1.77208 
0.909316 1.33382 
0.547904 1.02541 
0.34261 0.857638 
0.272718 0.797693 
0.287338 0.782571 
0.325772 0.742872 
0.342247 0.631451 
0.327489 0.448067 
0.317267 0.248195 
0.379116 0.126084 
0.576957 0.172596 
0.927103 0.424047 
1.36981 0.829112 
1.77795 1.2568 
2.00625 1.54823 
1.95969 1.58897 
1.64465 1.3643 
1.17229 0.966474 
0.709636 0.549949 
0.403642 0.259061 
0.318968 0.167126 
0.420962 0.256509 
0.608118 0.443906 
0.770536 0.630293 
0.839806 0.745579 
0.806363 0.767444 
0.703493 0.713116 
0.576705 0.618163 
0.461153 0.518807 
0.378185 0.445178 
0.345333 0.421477 
0.384653 0.464427 
0.518105 0.576157 
0.751341 0.736431 
1.05831 0.903488 
1.38018 1.02821 
1.64253 1.07593 
1.78223 1.04252 
1.7689 0.952908 
1.61024 0.841849 
1.34186 0.729755 
1.01183 0.611572 
0.671147 0.468578 
0.372912 0.296346 
0.173273 0.128373 
0.123623 0.0347328 
0.250841 0.0903046 
0.534796 0.328469 
0.900294 0.709076 
1.23619 1.12398 
1.43854 1.44164 
1.45743 1.56755 
1.32064 1.48633 
1.11833 1.26137 
0.954757 0.993719 
0.893547 0.766255 
0.927267 0.606752 
0.987951 0.489722 
0.990855 0.371248 
0.884627 0.23079 
0.678911 0.0916428 
0.435616 0.00777205 
0.232219 0.0274959 
0.120587 0.158781 
0.104568 0.358402 
0.145918 0.550977 
0.190954 0.665438 
0.200095 0.667354 
0.164122 0.570152 
0.101319 0.421971 
0.0411879 0.278493 
0.0064009 0.177753 
0.00284483 0.128885 
0.0209044 0.117157 
0.0443133 0.118722 
0.059824 0.115104 
0.0623804 0.100159 
0.0544963 0.0782456 
0.0422019 0.0575611 
0.031135 0.0441753 
0.0249501 0.0400555 
0.0257071 0.0445568 
0.0343232 0.0563236 
0.0496664 0.0730644 
0.0669353 0.0895701 
0.0777922 0.0971445 
0.0744613 0.0876872 
0.0572955 0.0623343 
0.0417126 0.0398524 
0.058639 0.0575097 
0.144677 0.159607 
0.32383 0.375823 
0.588847 0.699125 
0.893014 1.07617 
1.1599 1.41866 
1.30992 1.63382 
1.29309 1.661 
1.11224 1.49705 
0.824567 1.19751 
0.519666 0.853094 
0.284059 0.553309 
0.169152 0.354807 
0.176841 0.26818 
0.267233 0.265868 
0.381584 0.303129 
0.467521 0.339478 
0.495421 0.35121 
0.462014 0.333081 
0.384473 0.293265 
0.291019 0.247008 
0.212225 0.21159 
0.173733 0.202018 
0.189587 0.226148 
0.256712 0.279997 
0.353239 0.34621 
0.443575 0.39843 
0.49026 0.411266 
0.468609 0.37176 
0.377747 0.286555 
0.242824 0.180749 
0.107276 0.0885558 
0.0185482 0.0400661 
0.0133165 0.0502532 
0.107867 0.115255 
0.296533 0.217474 
0.557394 0.336767 
0.861431 0.461816 
1.18021 0.595244 
1.48856 0.748927 
1.76214 0.931288 
1.97349 1.13357 
2.09165 1.32386 
2.08866 1.45429 
1.95137 1.47952 
1.69225 1.37795 
1.35225 1.16439 
0.991977 0.887461 
0.674301 0.612855 
0.446109 0.400631 
0.327302 0.287106 
0.310657 0.277975 
0.370226 0.352922 
0.472349 0.476808 
0.584049 0.611305 
0.677131 0.723139 
0.729694 0.788401 
0.727683 0.79434 
0.667558 0.74006 
0.558993 0.636554 
0.425687 0.505725 
0.303072 0.378107 
0.233033 0.289137 
0.256341 0.273842 
0.403405 0.359655 
0.684141 0.55772 
1.07911 0.854752 
1.53592 1.20946 
1.97537 1.55765 
2.30909 1.82741 
2.46481 1.9605 
2.4102 1.93159 
2.16441 1.75615 
1.79108 1.4828 
1.37495 1.17311 
0.992408 0.879176 
0.689211 0.62954 
0.474147 0.429116 
0.328909 0.270388 
0.226221 0.146934 
0.145622 0.0604079 
