0.313492 0.755966 
0.17863 0.421678 
0.08497 0.111531 
0.0964465 0.000489107 
0.165367 0.0989608 
0.176316 0.272852 
0.092986 0.420706 
0.0314671 0.592101 
0.148648 0.893159 
0.451167 1.28449 
0.746568 1.52901 
0.817407 1.39227 
0.646711 0.900288 
0.452369 0.369394 
0.489416 0.157483 
0.824501 0.381552 
1.29981 0.867813 
1.68656 1.33983 
1.84488 1.61989 
1.75373 1.66688 
1.45473 1.49853 
1.02833 1.15395 
0.616236 0.73428 
0.392926 0.407194 
0.442372 0.296291 
0.652446 0.354796 
0.77815 0.393864 
0.659013 0.276315 
0.384267 0.0768689 
0.22091 0.0180854 
0.357028 0.232494 
0.711059 0.602749 
0.996124 0.855522 
0.974317 0.815363 
0.660641 0.564417 
0.305836 0.365937 
0.198647 0.446156 
0.460993 0.833738 
0.973961 1.35994 
1.45679 1.77648 
1.638 1.89844 
1.42664 1.71128 
0.984531 1.40025 
0.631922 1.25991 
0.62195 1.49463 
0.941966 2.03299 
1.31495 2.5288 
1.42001 2.59699 
1.14848 2.11293 
0.668712 1.31298 
0.253229 0.598365 
0.0493421 0.221956 
0.0117667 0.143512 
0.0308152 0.163732 
0.0936253 0.177588 
0.311201 0.296222 
0.800565 0.735511 
1.53931 1.58027 
2.30781 2.62125 
2.76588 3.40438 
2.64779 3.4973 
1.9827 2.82007 
1.16374 1.78036 
0.728433 1.03358 
0.950789 0.991375 
1.58937 1.48684 
2.06565 1.92796 
1.94889 1.82312 
1.30038 1.18682 
0.561494 0.455995 
0.131576 0.0486285 
0.0661799 0.028877 
0.145713 0.16641 
0.163303 0.240756 
0.107718 0.239029 
0.101847 0.28913 
0.230915 0.472511 
0.461247 0.737711 
0.701943 0.972319 
0.907366 1.11996 
1.11008 1.2204 
1.37248 1.35955 
1.72074 1.59778 
2.1146 1.93234 
2.45671 2.29662 
2.62432 2.578 
2.51838 2.65382 
2.12358 2.45057 
1.54245 1.99907 
0.95756 1.4344 
0.52978 0.923292 
0.311478 0.573077 
0.253314 0.400275 
0.292075 0.376251 
0.42179 0.485103 
0.670866 0.722555 
1.01623 1.04281 
1.33989 1.33022 
1.48897 1.44899 
1.3871 1.33374 
1.0898 1.03315 
0.739185 0.670598 
0.477281 0.374869 
0.402777 0.252368 
0.580476 0.398452 
1.04042 0.881511 
1.72988 1.67067 
2.47088 2.57472 
3.00481 3.28683 
3.12621 3.53803 
2.80788 3.25039 
2.2165 2.57337 
1.61073 1.7873 
1.20306 1.15626 
1.0724 0.824362 
1.15826 0.791892 
1.3153 0.953246 
1.39314 1.16389 
1.31291 1.31161 
1.11117 1.36732 
0.917953 1.3841 
0.86134 1.42988 
0.953814 1.49531 
1.06256 1.46752 
1.0179 1.22449 
0.780553 0.781804 
0.502199 0.336266 
0.396394 0.126605 
0.531221 0.222597 
0.751105 0.452576 
0.813629 0.554672 
0.611112 0.411744 
0.266791 0.147702 
0.0255177 0.00593584 
0.0505786 0.136827 
0.305226 0.485199 
0.603724 0.856392 
0.770452 1.08291 
0.769954 1.14761 
0.709891 1.17397 
0.729362 1.30609 
0.875821 1.58234 
1.07112 1.89926 
1.1802 2.08218 
1.11177 1.99967 
0.872885 1.64278 
0.553927 1.12892 
0.270072 0.637214 
0.0976801 0.311398 
0.0400108 0.186494 
0.0463378 0.193205 
0.0757826 0.243385 
0.150496 0.32258 
0.337457 0.494938 
0.663606 0.80737 
1.04611 1.19013 
1.31741 1.46571 
1.33563 1.47212 
1.08739 1.19115 
0.696952 0.766969 
0.33925 0.402092 
0.129714 0.221282 
0.0712061 0.208523 
0.0855948 0.253232 
0.0935308 0.255806 
0.0752483 0.204181 
0.0671704 0.164577 
0.107177 0.204352 
0.186459 0.32179 
0.254376 0.445249 
0.265832 0.49446 
0.219388 0.440826 
0.151146 0.316383 
0.0987212 0.178825 
0.0737263 0.0740193 
0.0623887 0.0209784 
0.045322 0.0146385 
0.018388 0.036177 
0.000976512 0.0679749 
0.0231612 0.105619 
0.0958457 0.153029 
0.189646 0.203228 
0.251294 0.231386 
0.250398 0.217392 
0.208377 0.174044 
0.172717 0.140007 
0.162148 0.137089 
0.147968 0.142058 
0.0980243 0.113663 
0.0333146 0.0491589 
0.0253934 0.00221478 
0.126885 0.0328446 
0.306743 0.139681 
0.465052 0.252139 
0.521351 0.298573 
0.491489 0.28219 
0.477501 0.285038 
0.583236 0.397037 
0.838186 0.64417 
1.18823 0.979124 
1.5334 1.31912 
1.76155 1.57445 
1.77181 1.65558 
1.51836 1.49951 
1.06396 1.12652 
0.573447 0.664362 
0.214203 0.281518 
0.0439563 0.074914 
0.00185673 0.0245047 
0.00470205 0.0531634 
0.0239312 0.104853 
0.0573567 0.149886 
0.0688395 0.148799 
0.0247202 0.0750701 
0.0122515 0.000936265 
0.268545 0.119768 
1.0089 0.612072 
2.17827 1.44689 
3.37957 2.32136 
4.0883 2.82939 
3.9931 2.7316 
3.18897 2.10634 
2.09049 1.27727 
1.16211 0.599454 
0.671301 0.2695 
0.604119 0.267692 
0.747615 0.428142 
0.851453 0.562836 
0.768872 0.562679 
0.514128 0.435025 
0.223951 0.275679 
0.0549429 0.197581 
0.0778256 0.252587 
0.232375 0.391369 
0.374238 0.495801 
0.383928 0.472304 
0.256422 0.335133 
0.0962473 0.197991 
0.0191999 0.167333 
0.0491547 0.234561 
0.109063 0.28316 
0.115376 0.218001 
0.0775359 0.0881897 
0.0938485 0.0640191 
0.242417 0.272536 
0.481255 0.650774 
0.667335 0.970633 
0.679069 1.02067 
0.516904 0.773991 
0.285901 0.393212 
0.0974402 0.0926698 
