0.358383 1.09568 
0.256511 0.889668 
0.106478 0.526213 
0.00626339 0.190772 
0.0439202 0.0521107 
0.209986 0.139411 
0.408038 0.347948 
0.535525 0.54193 
0.551465 0.646048 
0.481035 0.658253 
0.376343 0.608983 
0.281133 0.529647 
0.221693 0.453499 
0.217068 0.426633 
0.300932 0.511659 
0.54743 0.789048 
1.06676 1.34591 
1.92577 2.21524 
3.01641 3.26967 
4.00024 4.17228 
4.45453 4.50775 
4.16775 4.06416 
3.33467 3.03734 
2.43278 1.93185 
1.85317 1.20127 
1.62194 0.942102 
1.47346 0.916979 
1.17538 0.847937 
0.751522 0.65799 
0.38992 0.442443 
0.194033 0.285169 
0.0985158 0.191742 
0.0411985 0.21145 
0.1478 0.533281 
0.656419 1.34565 
1.62293 2.55538 
2.73086 3.69093 
3.44552 4.1672 
3.39659 3.71244 
2.64218 2.57196 
1.59478 1.31319 
0.710395 0.425703 
0.219788 0.0577913 
0.0801298 0.049866 
0.108191 0.149043 
0.143243 0.191478 
0.129877 0.147644 
0.104448 0.0685255 
0.123828 0.0130201 
0.191942 0.00165935 
0.241168 0.0118113 
0.195429 0.0188432 
0.0696006 0.0579766 
0.00497568 0.242221 
0.182659 0.689012 
0.678812 1.39944 
1.39902 2.2078 
2.15601 2.87145 
2.80288 3.22964 
3.27724 3.27911 
3.52503 3.09879 
3.42896 2.72306 
2.87415 2.12178 
1.91774 1.32026 
0.875567 0.517718 
0.184945 0.0396674 
0.117151 0.122736 
0.576047 0.71009 
1.15975 1.4454 
1.43969 1.88639 
1.23925 1.78036 
0.715182 1.20798 
0.21226 0.512871 
0.0193667 0.0830284 
0.197211 0.130686 
0.577521 0.601068 
0.916019 1.25387 
1.08485 1.85129 
1.16518 2.31489 
1.36965 2.73602 
1.85136 3.23887 
2.54795 3.81639 
3.18579 4.2811 
3.44392 4.37454 
3.15585 3.94713 
2.40933 3.07209 
1.49149 2.01951 
0.735037 1.12319 
0.367079 0.632307 
0.43281 0.624869 
0.807414 1.0045 
1.26811 1.55782 
1.58858 2.03702 
1.62477 2.24185 
1.36753 2.0851 
0.940293 1.62361 
0.533783 1.03419 
0.302187 0.530082 
0.279674 0.253454 
0.376055 0.209807 
0.457357 0.291003 
0.447884 0.367766 
0.371257 0.376798 
0.304616 0.338492 
0.299892 0.308746 
0.348235 0.323313 
0.408968 0.38328 
0.456984 0.476868 
0.494698 0.599121 
0.526113 0.74764 
0.534857 0.908471 
0.496406 1.05639 
0.40875 1.17253 
0.303582 1.26097 
0.224519 1.34877 
0.197423 1.47201 
0.22658 1.66217 
0.322483 1.94187 
0.532639 2.32697 
0.938432 2.82401 
1.60559 3.41552 
2.51404 4.03874 
3.5167 4.5771 
4.36666 4.88435 
4.81122 4.84092 
4.7058 4.414 
4.08283 3.68209 
3.13591 2.80499 
2.12996 1.95724 
1.29115 1.26656 
0.737036 0.790522 
0.474991 0.533711 
0.44857 0.478394 
0.583977 0.597439 
0.803924 0.841272 
1.01919 1.12189 
1.13485 1.32608 
1.08821 1.36377 
0.889502 1.218 
0.618938 0.951906 
0.371701 0.662432 
0.197156 0.419833 
0.0879807 0.243347 
0.0235875 0.125401 
0.0154735 0.0685354 
0.102297 0.0918843 
0.298804 0.201467 
0.553506 0.35862 
0.762719 0.483577 
0.834526 0.49883 
0.751362 0.382801 
0.583423 0.195677 
0.445884 0.0569573 
0.431386 0.0831527 
0.558806 0.318074 
0.763317 0.69592 
0.929202 1.06284 
0.948865 1.25059 
0.781545 1.16411 
0.484034 0.834319 
0.196617 0.407397 
0.0896467 0.0794227 
0.296841 0.0150649 
0.863382 0.289428 
1.71993 0.866814 
2.68037 1.60642 
3.4701 2.28798 
3.80572 2.66982 
3.52454 2.58709 
2.70058 2.05243 
1.64622 1.27842 
0.756752 0.571684 
0.286292 0.153154 
0.223392 0.0407796 
0.362577 0.09012 
0.49693 0.146836 
0.555689 0.164759 
0.584128 0.191586 
0.627855 0.267247 
0.662359 0.359649 
0.629693 0.399461 
0.515847 0.356713 
0.37273 0.267344 
0.272084 0.192368 
0.257103 0.170221 
0.339275 0.211383 
0.515735 0.316061 
0.760925 0.470422 
1.00024 0.623812 
1.1208 0.694734 
1.04254 0.626834 
0.79518 0.448062 
0.52136 0.26692 
0.389319 0.199814 
0.483902 0.294136 
0.760872 0.511717 
1.08784 0.771849 
1.32569 1.00089 
1.39096 1.1492 
1.27538 1.18547 
1.03283 1.09828 
0.74959 0.909038 
0.507078 0.672773 
0.348879 0.452866 
0.269566 0.288098 
0.232403 0.181178 
0.20055 0.114345 
0.156923 0.0713299 
0.10355 0.0465829 
0.0521144 0.043101 
0.0183882 0.0691717 
0.0180625 0.134083 
0.0559007 0.235963 
0.113978 0.346907 
0.156718 0.414867 
0.158267 0.39298 
0.131811 0.279167 
0.132216 0.133157 
0.224993 0.053664 
0.443165 0.128683 
0.761062 0.387926 
1.09894 0.780782 
1.35397 1.18968 
1.44353 1.47646 
1.3422 1.54485 
1.0932 1.38707 
0.785574 1.08406 
0.510654 0.757349 
0.325989 0.504711 
0.244563 0.361305 
0.243492 0.302871 
0.27727 0.276995 
0.293138 0.23843 
0.254856 0.172506 
0.166647 0.098285 
0.0719837 0.0479398 
0.0172084 0.0336584 
0.0112655 0.0328008 
0.0277858 0.0161318 
0.0526955 0.00041934 
0.121382 0.0656864 
0.289734 0.296391 
0.556443 0.683563 
0.821577 1.08363 
0.943785 1.29446 
0.858286 1.20087 
0.64515 0.866452 
0.474876 0.488461 
0.472476 0.252203 
0.618114 0.207507 
0.768341 0.262768 
