0.775737 0.255711 
0.698896 0.203234 
0.467233 0.100008 
0.205445 0.0324594 
0.0498962 0.0701128 
0.0672387 0.214265 
0.220655 0.393857 
0.398498 0.508921 
0.482469 0.492086 
0.413881 0.348664 
0.229695 0.157369 
0.0651056 0.0469651 
0.118231 0.163543 
0.555749 0.610691 
1.37203 1.35306 
2.30507 2.15302 
2.93768 2.65369 
2.96813 2.60938 
2.43392 2.07934 
1.67156 1.38372 
1.04726 0.850497 
0.724666 0.605162 
0.664152 0.589162 
0.768422 0.714639 
0.959742 0.931883 
1.13682 1.15879 
1.15613 1.23924 
0.932569 1.05096 
0.546916 0.648595 
0.198429 0.245353 
0.0296112 0.0286921 
0.0167365 0.011027 
0.0389206 0.0672468 
0.0245152 0.086809 
0.0025001 0.0595765 
0.0256096 0.0298229 
0.0857498 0.0153373 
0.130964 0.0026685 
0.156797 0.0112713 
0.252163 0.127531 
0.525529 0.441603 
0.968025 0.931303 
1.39566 1.41299 
1.55894 1.6381 
1.34586 1.47751 
0.888976 1.03137 
0.460889 0.552457 
0.251557 0.248841 
0.243342 0.151119 
0.290218 0.15367 
0.290704 0.155695 
0.269469 0.147714 
0.317851 0.187195 
0.503395 0.338373 
0.85544 0.656429 
1.40615 1.20062 
2.19451 2.01159 
3.20288 3.04489 
4.29273 4.12696 
5.21775 4.99347 
5.7183 5.39558 
5.63279 5.20475 
4.95995 4.45879 
3.85319 3.34194 
2.56935 2.1268 
1.39671 1.10143 
0.570177 0.48572 
0.184715 0.346031 
0.151103 0.552059 
0.249382 0.832763 
0.274734 0.929224 
0.175897 0.748165 
0.0708099 0.399693 
0.131639 0.101732 
0.451862 0.0489242 
1.00056 0.340686 
1.65281 0.960442 
2.22328 1.75296 
2.50048 2.42787 
2.34874 2.68307 
1.86242 2.43357 
1.40349 1.9404 
1.37985 1.63959 
1.88851 1.75986 
2.56997 2.09708 
2.88165 2.21521 
2.57771 1.90693 
1.9354 1.44131 
1.50003 1.32385 
1.60432 1.80598 
2.12788 2.64332 
2.68219 3.32649 
2.97084 3.51549 
2.95983 3.24388 
2.7677 2.76243 
2.48361 2.26955 
2.1206 1.81453 
1.69086 1.39136 
1.2597 1.03683 
0.914373 0.814621 
0.709007 0.746833 
0.6491 0.796119 
0.705192 0.902775 
0.829132 1.01834 
0.98332 1.1186 
1.18129 1.21604 
1.48097 1.35579 
1.89172 1.55809 
2.27587 1.74219 
2.38444 1.73707 
2.04404 1.41775 
1.33146 0.85391 
0.561525 0.314419 
0.0927886 0.105637 
0.113164 0.374588 
0.548464 1.01755 
1.11723 1.73242 
1.48246 2.17131 
1.43448 2.12265 
1.01315 1.63034 
0.47393 0.959638 
0.102852 0.413804 
0.0293973 0.143744 
0.192681 0.107421 
0.450636 0.179507 
0.685112 0.265749 
0.81663 0.319396 
0.790857 0.308714 
0.611249 0.224337 
0.370088 0.108972 
0.190697 0.0307462 
0.120315 0.0120887 
0.110673 0.0176578 
0.1181 0.0309344 
0.182665 0.106822 
0.366825 0.304439 
0.636332 0.579567 
0.861336 0.795968 
0.955853 0.863912 
0.977032 0.833622 
1.05011 0.820513 
1.21215 0.859032 
1.36791 0.872139 
1.39868 0.784598 
1.27806 0.622975 
1.06752 0.478421 
0.833005 0.396161 
0.602057 0.338095 
0.390935 0.251153 
0.230052 0.138537 
0.141178 0.0479418 
0.107537 0.00967146 
0.0902879 0.0101864 
0.0746666 0.0236902 
0.0857886 0.0494522 
0.153767 0.106967 
0.268745 0.199231 
0.374223 0.289694 
0.405473 0.321654 
0.339593 0.266155 
0.215091 0.15373 
0.102305 0.0540135 
0.0479556 0.0162823 
0.0454587 0.0300915 
0.0602699 0.0495715 
0.0786532 0.0527113 
0.119278 0.0631327 
0.193761 0.108389 
0.269729 0.17067 
0.289032 0.195751 
0.224837 0.151638 
0.115358 0.0689889 
0.042097 0.0219971 
0.0761267 0.0735565 
0.230669 0.230223 
0.44144 0.429317 
0.589451 0.563773 
0.57255 0.544674 
0.388867 0.372141 
0.15477 0.151099 
0.019758 0.0174396 
0.046478 0.030795 
0.171843 0.137044 
0.282664 0.234417 
0.318998 0.267616 
0.303525 0.256554 
0.291049 0.251744 
0.310958 0.281701 
0.355215 0.340607 
0.399307 0.405414 
0.421679 0.452364 
0.411356 0.465337 
0.370396 0.441479 
0.311518 0.391046 
0.248942 0.327786 
0.190263 0.259612 
0.137481 0.190253 
0.0922918 0.126111 
0.0569453 0.0762863 
0.0329581 0.0477167 
0.023498 0.0450576 
0.03435 0.0726874 
0.0659935 0.128546 
0.104944 0.194605 
0.129738 0.241694 
0.12864 0.250461 
0.109003 0.226541 
0.09 0.193904 
0.0913765 0.177128 
0.127013 0.19028 
0.196418 0.232927 
0.275162 0.287673 
0.32365 0.326258 
0.318115 0.329166 
0.27104 0.301123 
0.214861 0.263744 
0.17341 0.237636 
0.157685 0.236124 
0.172051 0.261547 
0.199079 0.288748 
0.191374 0.266836 
0.119679 0.173128 
0.029577 0.0611119 
0.00140749 0.0082695 
0.0433943 0.0148886 
0.0875491 0.0273449 
0.11698 0.0853094 
0.208698 0.332213 
0.382449 0.777798 
0.503164 1.14856 
0.44915 1.14559 
0.294101 0.808793 
0.199869 0.447823 
0.266402 0.266089 
0.615974 0.254193 
1.24017 0.301883 
1.45728 0.177744 
0.557431 0.120655 
0.246239 2.40705 
4.04967 10.1443 
9.03518 19.1865 
3.73716 14.088 
9.57754 0.285783 
185.596 93.171 
932.733 614.287 
2847.01 2064.98 
6408.29 4871.21 
11503.5 8973.29 
17124.2 13551.2 
21585.2 17195.9 
23282.4 18554.2 
