1.02055 0.343837 
1.26776 0.516655 
1.42705 0.694596 
1.4961 0.835859 
1.49416 0.907055 
1.43501 0.882958 
1.31711 0.754758 
1.1401 0.546293 
0.926866 0.317863 
0.723991 0.141396 
0.576269 0.0590068 
0.497954 0.0585996 
0.466567 0.0892126 
0.443213 0.104296 
0.40082 0.0973931 
0.338635 0.103518 
0.276245 0.169532 
0.236501 0.319083 
0.231577 0.536007 
0.260056 0.772399 
0.313086 0.971356 
0.381193 1.08935 
0.454062 1.10742 
0.51348 1.02894 
0.52938 0.870057 
0.470806 0.653396 
0.331851 0.411114 
0.154365 0.19149 
0.0223798 0.054674 
0.0195625 0.0487602 
0.171883 0.176203 
0.416973 0.376391 
0.629344 0.545705 
0.692303 0.591137 
0.572091 0.486568 
0.344954 0.294371 
0.157471 0.13506 
0.142703 0.120245 
0.341743 0.28721 
0.676762 0.573482 
0.991634 0.847454 
1.13697 0.978832 
1.04968 0.908264 
0.78006 0.674719 
0.452676 0.385463 
0.190245 0.150782 
0.0517109 0.0272791 
0.0200542 0.00317149 
0.0367192 0.0262343 
0.0497242 0.0471178 
0.0422933 0.0474589 
0.0309153 0.0400435 
0.0435142 0.0488852 
0.0957255 0.0865348 
0.178493 0.14312 
0.261831 0.192203 
0.311544 0.20793 
0.308997 0.181089 
0.261916 0.123416 
0.199881 0.0593168 
0.158315 0.0134594 
0.161102 0.00266619 
0.210348 0.032813 
0.286219 0.0968822 
0.356088 0.174533 
0.390229 0.238964 
0.378086 0.272624 
0.335683 0.281447 
0.29718 0.292566 
0.293996 0.332655 
0.335772 0.40359 
0.407535 0.478414 
0.484733 0.524245 
0.552852 0.533669 
0.614846 0.536146 
0.680738 0.576712 
0.749364 0.677126 
0.798555 0.81008 
0.792837 0.907495 
0.704149 0.898504 
0.532505 0.752553 
0.314645 0.501788 
0.116065 0.23132 
0.00895975 0.0431883 
0.0428793 0.0101738 
0.218146 0.13872 
0.475709 0.359426 
0.716426 0.556859 
0.849899 0.632197 
0.848937 0.565741 
0.769199 0.432697 
0.70925 0.349131 
0.733875 0.380936 
0.823509 0.490634 
0.897717 0.574521 
0.892979 0.561837 
0.819077 0.483058 
0.73822 0.438502 
0.692144 0.4964 
0.657754 0.621913 
0.578218 0.70676 
0.431429 0.666263 
0.258776 0.507249 
0.126055 0.309427 
0.0639564 0.152972 
0.0509854 0.067076 
0.0477878 0.0356265 
0.0384115 0.0345341 
0.0378943 0.0567376 
0.0686151 0.108442 
0.13488 0.19035 
0.215893 0.283802 
0.276748 0.352915 
0.288806 0.363924 
0.249764 0.311201 
0.19024 0.228364 
0.15675 0.168537 
0.17949 0.16539 
0.251313 0.209543 
0.336433 0.262428 
0.398308 0.291444 
0.419668 0.290522 
0.402555 0.272003 
0.36033 0.249419 
0.31482 0.233701 
0.293329 0.238446 
0.313842 0.27425 
0.365422 0.330642 
0.407905 0.369981 
0.401614 0.35189 
0.344416 0.271935 
0.279822 0.17628 
0.265001 0.13338 
0.325669 0.184347 
0.436074 0.312851 
0.537585 0.456189 
0.576558 0.54446 
0.531882 0.537512 
0.418208 0.438948 
0.271851 0.287102 
0.133975 0.135253 
0.0392419 0.032388 
0.00925392 0.00917457 
0.0477203 0.0697482 
0.137732 0.190153 
0.244738 0.325294 
0.327559 0.424532 
0.354677 0.451475 
0.318072 0.399204 
0.236175 0.292263 
0.143018 0.173091 
0.0696628 0.0801211 
0.0297244 0.0307662 
0.0177893 0.0190509 
0.0193477 0.0267948 
0.0226092 0.0379455 
0.0235667 0.0458814 
0.0237516 0.0517727 
0.0261404 0.0593893 
0.0333069 0.0717185 
0.0470616 0.0900413 
0.0672473 0.113379 
0.0900054 0.137636 
0.10812 0.15597 
0.114922 0.161729 
0.110052 0.153235 
0.102753 0.137259 
0.107897 0.126842 
0.133941 0.13166 
0.170564 0.146756 
0.189935 0.152208 
0.167874 0.130678 
0.110417 0.0906722 
0.0582087 0.0698358 
0.0567302 0.106245 
0.115546 0.199701 
0.196415 0.302426 
0.244494 0.35361 
0.233081 0.327237 
0.179196 0.247877 
0.12009 0.163178 
0.0808612 0.105891 
0.0654391 0.0822569 
0.0700108 0.0872894 
0.093691 0.118225 
0.133065 0.169008 
0.173631 0.219933 
0.195213 0.244066 
0.187456 0.227744 
0.156751 0.18147 
0.117226 0.128257 
0.0786965 0.0836911 
0.0459567 0.049973 
0.0261738 0.0263548 
0.0296695 0.0181859 
0.0594646 0.0315056 
0.102113 0.0611152 
0.133317 0.08917 
0.135222 0.0980542 
0.109017 0.0839995 
0.0720699 0.0578685 
0.0448298 0.0346199 
0.0399619 0.0234687 
0.0592728 0.0260043 
0.0951955 0.0391364 
0.133605 0.0573896 
0.158999 0.0742199 
0.161971 0.0844464 
0.144024 0.0867603 
0.115514 0.0838235 
0.0896855 0.0809172 
0.0789185 0.0858879 
0.093892 0.10924 
0.141137 0.160309 
0.21729 0.239553 
0.304164 0.332443 
0.37001 0.410028 
0.38069 0.438252 
0.32076 0.396124 
0.212635 0.295171 
0.110398 0.18093 
0.0620013 0.106771 
0.0780585 0.107377 
0.152234 0.210452 
0.305539 0.46389 
0.564751 0.895968 
0.865587 1.40137 
1.02521 1.70887 
0.897111 1.57336 
0.556741 1.04562 
0.245094 0.471147 
0.110437 0.151804 
0.123296 0.0807575 
0.259234 0.0809421 
0.496367 0.0603618 
0.521656 0.0312753 
0.0964582 0.362598 
0.444063 2.6549 
3.97554 9.31423 
9.26067 18.8658 
7.35734 20.7104 
0.198751 5.79889 
60.2695 11.6354 
413.449 192.155 
1469.24 853.885 
3703.6 2377.13 
7374.55 4995.47 
12198.6 8529 
17223.1 12264.2 
21072.7 15136.1 
22517.3 16181.3 
