0.0728448 0.0359472 
0.160624 0.0995067 
0.226916 0.147141 
0.234631 0.143529 
0.177944 0.0864484 
0.0915927 0.0183696 
0.038924 0.0132021 
0.0809705 0.140569 
0.243369 0.426772 
0.502213 0.836795 
0.798305 1.28926 
1.06922 1.69419 
1.27589 1.98875 
1.40613 2.14973 
1.45735 2.18108 
1.41843 2.09317 
1.2709 1.89365 
1.01136 1.59599 
0.67617 1.23381 
0.343491 0.862881 
0.103702 0.543622 
0.0142977 0.314662 
0.0697141 0.17761 
0.207908 0.105505 
0.350129 0.0693616 
0.447379 0.0631908 
0.503446 0.109283 
0.56192 0.240557 
0.669412 0.473459 
0.841365 0.790663 
1.05176 1.14455 
1.24962 1.47759 
1.38783 1.74527 
1.4444 1.92808 
1.42514 2.02778 
1.35013 2.05404 
1.23655 2.01182 
1.08972 1.89743 
0.907002 1.7046 
0.689998 1.4356 
0.45565 1.11039 
0.238503 0.768178 
0.082064 0.460172 
0.0235138 0.236192 
0.0793551 0.13072 
0.238613 0.153699 
0.466081 0.289143 
0.713295 0.501171 
0.931955 0.744267 
1.08466 0.973617 
1.15023 1.15243 
1.12409 1.25538 
1.01586 1.26932 
0.846475 1.1932 
0.645376 1.03832 
0.446982 0.828382 
0.284862 0.597135 
0.183403 0.381984 
0.149172 0.213799 
0.166394 0.106792 
0.200983 0.0542251 
0.214302 0.034065 
0.182143 0.023323 
0.109686 0.0136324 
0.0329562 0.0181257 
0.00330295 0.0637141 
0.0610171 0.171843 
0.211701 0.339085 
0.419077 0.530528 
0.619537 0.691923 
0.751453 0.774998 
0.78371 0.76176 
0.728321 0.673666 
0.631209 0.560372 
0.547329 0.474575 
0.514141 0.446942 
0.536791 0.474132 
0.590728 0.524783 
0.637975 0.558575 
0.647276 0.547517 
0.608285 0.489048 
0.534525 0.405936 
0.455796 0.334707 
0.404849 0.309083 
0.404365 0.345939 
0.458792 0.439109 
0.553007 0.562436 
0.657309 0.679788 
0.736661 0.757605 
0.761382 0.775348 
0.716454 0.730709 
0.606794 0.638557 
0.456617 0.524662 
0.302425 0.416582 
0.18133 0.334768 
0.118645 0.286822 
0.119616 0.266842 
0.1689 0.260038 
0.23807 0.250585 
0.297601 0.229113 
0.327716 0.196342 
0.323433 0.161313 
0.292523 0.135605 
0.24884 0.127029 
0.205279 0.136254 
0.169697 0.157715 
0.14456 0.183406 
0.128775 0.206641 
0.119587 0.223511 
0.113486 0.231875 
0.106527 0.229608 
0.0950207 0.214185 
0.0769853 0.1843 
0.0536633 0.142348 
0.0299553 0.0956247 
0.0130984 0.0548121 
0.00999866 0.0300609 
0.0244298 0.0266311 
0.0553291 0.0423994 
0.0967772 0.0685356 
0.139489 0.092984 
0.173224 0.105094 
0.189478 0.0994376 
0.183881 0.0774754 
0.157682 0.0467267 
0.117705 0.0179925 
0.0744605 0.00168052 
0.0388181 0.00444077 
0.0184612 0.0271793 
0.0156393 0.0650659 
0.0271786 0.109442 
0.0465529 0.1508 
0.0668028 0.181625 
0.0828829 0.198127 
0.092679 0.200586 
0.0968601 0.192669 
0.0981808 0.180245 
0.100608 0.169946 
0.108167 0.167381 
0.123358 0.175147 
0.145515 0.191326 
0.170119 0.209553 
0.189934 0.221215 
0.19784 0.219103 
0.189988 0.200678 
0.167454 0.16905 
0.135442 0.131116 
0.100644 0.0941044 
0.0685011 0.0626922 
0.0419247 0.0382995 
0.0217681 0.0204579 
0.00813277 0.00879917 
0.00124999 0.00407504 
0.00138816 0.00767702 
0.00819607 0.020363 
0.0203018 0.041339 
0.0356258 0.0683103 
0.0521818 0.0982343 
0.0687333 0.128043 
0.0847866 0.154828 
0.0998679 0.175564 
0.112522 0.186898 
0.119764 0.185563 
0.117668 0.169622 
0.103277 0.140207 
0.0771542 0.102876 
0.0450978 0.0675397 
0.0174903 0.0462791 
0.00589492 0.0494638 
0.0182709 0.0817017 
0.0553589 0.139621 
0.110302 0.212698 
0.171612 0.286715 
0.227562 0.348101 
0.26958 0.387273 
0.293444 0.400117 
0.29887 0.387949 
0.288817 0.356652 
0.269043 0.315191 
0.247255 0.273293 
0.230991 0.238473 
0.224623 0.21348 
0.227167 0.195715 
0.232662 0.179258 
0.233283 0.158524 
0.22343 0.131411 
0.202366 0.100195 
0.174078 0.0700223 
0.144895 0.0462972 
0.120537 0.0325796 
0.104159 0.0298101 
0.0959557 0.0366646 
0.0939788 0.0503524 
0.0954368 0.0672879 
0.0977584 0.0834517 
0.0990526 0.0946376 
0.098055 0.0970433 
0.0940453 0.088565 
0.0871375 0.0704599 
0.0787154 0.0480828 
0.0712401 0.0292611 
0.0670595 0.0203796 
0.0670919 0.0226043 
0.0709438 0.0315304 
0.0788122 0.0412199 
0.0931253 0.0495209 
0.11707 0.0596917 
0.149863 0.0763557 
0.182945 0.0994452 
0.202373 0.122323 
0.197768 0.136353 
0.17099 0.137379 
0.135956 0.127469 
0.108322 0.110838 
0.0939106 0.0899476 
0.0867937 0.0671761 
0.0782412 0.0486653 
0.0662025 0.0415195 
0.0555831 0.0437034 
0.0525645 0.0407131 
0.0644399 0.0222519 
0.10487 0.00582481 
0.185236 0.0288784 
0.280566 0.0931766 
0.307172 0.122039 
0.191409 0.0486666 
0.0611808 0.0807186 
0.433092 0.96399 
2.12386 3.86917 
5.7001 9.63332 
10.6825 17.6182 
15.1872 25.0923 
16.697 28.1431 
13.8687 24.1951 
8.05644 14.5916 
2.7427 4.70752 
0.489623 0.194199 
0.306728 1.45702 
1.38917 2.38164 
18.6618 0.0970727 
109.257 17.4868 
398.511 130.12 
1085.28 479.725 
2407.1 1254.86 
4560.09 2630.74 
7593.13 4681.8 
11318.3 7301.63 
15286.3 10172.8 
18856.2 12814.7 
21353.2 14705.5 
22262.8 15439 
