1.20488 0.463575 
1.4219 0.65821 
1.50843 0.759409 
1.43167 0.723817 
1.21059 0.569478 
0.914732 0.380932 
0.642947 0.283197 
0.488006 0.391455 
0.501268 0.757925 
0.673686 1.342 
0.942344 2.0199 
1.21911 2.63027 
1.42677 3.034 
1.52496 3.15984 
1.51458 3.01669 
1.42179 2.67147 
1.27317 2.20934 
1.07829 1.69937 
0.831662 1.18392 
0.535727 0.694578 
0.233364 0.28186 
0.0287362 0.0357301 
0.0751756 0.0761248 
0.522078 0.507943 
1.43637 1.35713 
2.73609 2.52207 
4.17836 3.77432 
5.42249 4.82092 
6.14923 5.40572 
6.18165 5.40197 
5.54716 4.84928 
4.45025 3.91933 
3.17601 2.83543 
1.98096 1.79495 
1.02754 0.933271 
0.382269 0.332546 
0.0535623 0.0453639 
0.0252825 0.0981866 
0.258588 0.465435 
0.671161 1.03954 
1.12776 1.63544 
1.46879 2.04673 
1.5709 2.13083 
1.40328 1.87292 
1.04044 1.38713 
0.620479 0.852361 
0.274504 0.422297 
0.0705759 0.163095 
0.00243376 0.0501966 
0.0205953 0.0150037 
0.0770763 0.0026634 
0.152231 0.00258195 
0.251417 0.0388101 
0.382771 0.136601 
0.537791 0.293704 
0.688999 0.475403 
0.80322 0.63216 
0.858199 0.724179 
0.851008 0.736607 
0.795089 0.679143 
0.710659 0.574778 
0.615249 0.447092 
0.518515 0.313324 
0.422188 0.185339 
0.324506 0.0763175 
0.227807 0.00862486 
0.146308 0.0173003 
0.108926 0.144269 
0.152273 0.421895 
0.303651 0.850788 
0.561163 1.38284 
0.882706 1.92162 
1.19304 2.34551 
1.40863 2.54736 
1.46946 2.47386 
1.36195 2.14615 
1.12197 1.6516 
0.817369 1.11078 
0.520253 0.635193 
0.28269 0.294373 
0.125924 0.104175 
0.0443861 0.0369216 
0.0185209 0.0443407 
0.0278553 0.0810796 
0.0583947 0.119662 
0.1034 0.154033 
0.160506 0.194268 
0.22895 0.257306 
0.308806 0.35784 
0.401504 0.501524 
0.509636 0.681218 
0.634843 0.87662 
0.77453 1.05773 
0.91959 1.19202 
1.05502 1.25389 
1.16354 1.23311 
1.23019 1.13865 
1.24564 0.995495 
1.20673 0.835163 
1.11537 0.68407 
0.977711 0.555103 
0.805295 0.446692 
0.617365 0.349655 
0.441385 0.257651 
0.308522 0.174575 
0.243344 0.11373 
0.251345 0.0887454 
0.311532 0.102366 
0.381062 0.142026 
0.413585 0.187679 
0.384292 0.22864 
0.307883 0.277767 
0.2362 0.369904 
0.232284 0.540429 
0.332478 0.794435 
0.518727 1.08747 
0.720528 1.3353 
0.849351 1.4527 
0.847061 1.4001 
0.718523 1.20786 
0.526807 0.959957 
0.353384 0.745232 
0.249609 0.607903 
0.212098 0.530703 
0.197659 0.46169 
0.164806 0.364062 
0.109579 0.250908 
0.068262 0.177657 
0.0854577 0.197012 
0.173278 0.310615 
0.295107 0.456099 
0.389126 0.543229 
0.416274 0.516628 
0.39778 0.401878 
0.413675 0.301846 
0.560903 0.343491 
0.897632 0.608045 
1.40896 1.08689 
2.01386 1.68707 
2.60615 2.2789 
3.10341 2.75565 
3.47699 3.07365 
3.75161 3.25766 
3.98031 3.37608 
4.21024 3.50211 
4.45411 3.67771 
4.67716 3.89225 
4.80421 4.08266 
4.74665 4.15655 
4.44209 4.03251 
3.89093 3.68198 
3.17028 3.15197 
2.41303 2.55308 
1.75791 2.01511 
1.29464 1.63149 
1.03402 1.42292 
0.918984 1.33987 
0.868286 1.30082 
0.824752 1.24193 
0.779853 1.1491 
0.763976 1.0566 
0.8147 1.01859 
0.947041 1.07379 
1.14338 1.2239 
1.36396 1.43322 
1.56498 1.64386 
1.71047 1.79503 
1.7737 1.83824 
1.73452 1.74692 
1.58161 1.52218 
1.32139 1.19489 
0.986508 0.821378 
0.634103 0.470077 
0.329775 0.201297 
0.123695 0.0476229 
0.031421 0.00424383 
0.0301942 0.0343367 
0.0727833 0.0871262 
0.111512 0.120007 
0.120497 0.114885 
0.106151 0.0826916 
0.102323 0.0558782 
0.153161 0.0731445 
0.290986 0.162141 
0.517551 0.325298 
0.795828 0.533044 
1.05659 0.728038 
1.21978 0.842274 
1.22489 0.824285 
1.05902 0.666748 
0.768879 0.419623 
0.44686 0.176356 
0.193123 0.0329554 
0.0693544 0.0373699 
0.0689385 0.158351 
0.123658 0.298108 
0.148426 0.34994 
0.101764 0.272344 
0.0256838 0.134197 
0.0358192 0.0961292 
0.260105 0.3287 
0.756742 0.908325 
1.45898 1.75087 
2.1828 2.62585 
2.69901 3.24968 
2.83395 3.41093 
2.54646 3.06234 
1.94197 2.33403 
1.2203 1.46661 
0.588105 0.704778 
0.181819 0.206875 
0.034791 0.00935059 
0.0945197 0.0504305 
0.269988 0.227297 
0.479111 0.451009 
0.674361 0.674438 
0.84207 0.889435 
0.985964 1.10629 
1.11033 1.33326 
1.21301 1.56746 
1.28887 1.79791 
1.33685 2.01357 
1.36322 2.20849 
1.37753 2.38011 
1.38445 2.52278 
1.37794 2.62199 
1.34273 2.65442 
1.26318 2.59483 
1.13424 2.42701 
0.967654 2.15305 
0.789407 1.79652 
0.629563 1.39792 
0.510135 1.00439 
0.437097 0.657866 
0.399849 0.38569 
0.377399 0.19654 
0.347789 0.0823384 
0.296867 0.0248683 
0.223506 0.0042312 
0.13986 0.00563271 
0.0665444 0.021835 
0.0242426 0.0509049 
0.0249165 0.0915526 
0.0666247 0.139635 
0.134681 0.188194 
0.20854 0.230424 
0.270337 0.262484 
0.310058 0.283299 
0.324992 0.291369 
0.315523 0.281934 
0.282077 0.248367 
