0.348264 0.441536 
0.58135 0.668501 
0.980443 0.931297 
1.54435 1.25508 
2.13765 1.61129 
2.53791 1.89386 
2.58385 1.98924 
2.28608 1.8664 
1.80029 1.59409 
1.30128 1.27652 
0.880655 0.980639 
0.549598 0.725869 
0.320446 0.535218 
0.269746 0.480727 
0.505761 0.65681 
1.05583 1.08746 
1.77763 1.65411 
2.39566 2.13169 
2.65644 2.32186 
2.48121 2.17197 
1.99556 1.78137 
1.42969 1.31076 
0.985665 0.891268 
0.761545 0.593946 
0.746711 0.437864 
0.856484 0.39657 
0.982954 0.408392 
1.05149 0.415093 
1.06177 0.413968 
1.08521 0.473716 
1.21061 0.686748 
1.46226 1.08294 
1.74265 1.56364 
1.85878 1.91537 
1.64957 1.92552 
1.13438 1.54027 
0.537747 0.932611 
0.128443 0.390274 
0.004546 0.10102 
0.042572 0.0360144 
0.0653803 0.041646 
0.0363598 0.0240358 
0.0606362 0.0179178 
0.213052 0.0878944 
0.419202 0.213278 
0.531527 0.302481 
0.489764 0.2985 
0.365021 0.229754 
0.25521 0.155615 
0.183122 0.0980057 
0.115035 0.0468286 
0.0449527 0.00927283 
0.019285 0.0192441 
0.078355 0.0940915 
0.20242 0.203407 
0.329165 0.292988 
0.411368 0.33202 
0.445862 0.329851 
0.456168 0.314936 
0.463955 0.308613 
0.478194 0.316404 
0.497789 0.331785 
0.514976 0.34209 
0.519808 0.336036 
0.508408 0.311852 
0.486758 0.27752 
0.461717 0.240127 
0.427511 0.196686 
0.366167 0.140994 
0.267653 0.0828448 
0.152993 0.0586589 
0.0767209 0.117602 
0.101146 0.290249 
0.258592 0.564613 
0.527819 0.889736 
0.839345 1.20354 
1.10254 1.45964 
1.23545 1.6292 
1.18644 1.68136 
0.952183 1.57449 
0.596949 1.2872 
0.258082 0.87516 
0.107721 0.495459 
0.261425 0.344765 
0.678669 0.52596 
1.14015 0.939197 
1.35714 1.30663 
1.16663 1.34878 
0.670306 0.994703 
0.187095 0.452417 
0.029815 0.0639303 
0.275368 0.0529337 
0.718906 0.372269 
1.04666 0.769681 
1.0709 0.995245 
0.830312 0.963563 
0.502209 0.756274 
0.242634 0.510321 
0.100188 0.315937 
0.0407008 0.193272 
0.0153492 0.124223 
0.00279439 0.0888778 
0.0148231 0.0866594 
0.083521 0.141958 
0.233896 0.285878 
0.445238 0.513263 
0.633799 0.750726 
0.693925 0.883064 
0.579884 0.833093 
0.352457 0.624006 
0.135639 0.360937 
0.0213929 0.152847 
0.0191095 0.058484 
0.0950494 0.101076 
0.240551 0.302648 
0.475063 0.663886 
0.777295 1.10078 
1.04181 1.43831 
1.14394 1.52349 
1.06632 1.37595 
0.948193 1.21419 
0.9849 1.29758 
1.26335 1.71355 
1.68797 2.30362 
2.0578 2.78743 
2.21319 2.96125 
2.13003 2.80698 
1.91023 2.458 
1.69663 2.08483 
1.57074 1.78958 
1.49536 1.56323 
1.35074 1.32308 
1.05094 1.00426 
0.64064 0.63138 
0.269468 0.301458 
0.0629238 0.0975202 
0.0284965 0.0316948 
0.0937849 0.0762218 
0.211109 0.221849 
0.386907 0.467403 
0.604625 0.748751 
0.760089 0.91861 
0.720659 0.842428 
0.464853 0.531962 
0.152022 0.17843 
0.0363308 0.041792 
0.2922 0.285697 
0.894196 0.880756 
1.63516 1.62729 
2.25166 2.26385 
2.55989 2.59181 
2.52188 2.55385 
2.22463 2.2345 
1.80869 1.79362 
1.39829 1.3813 
1.06726 1.0862 
0.845293 0.934223 
0.744436 0.913739 
0.774775 0.993797 
0.928019 1.12345 
1.14025 1.22585 
1.27957 1.20942 
1.20276 1.0092 
0.867264 0.647453 
0.409049 0.266849 
0.0864711 0.0751534 
0.0946398 0.197313 
0.400051 0.543439 
0.767472 0.844176 
0.975521 0.869832 
1.00403 0.635756 
0.988064 0.366833 
1.00188 0.245602 
0.95252 0.231896 
0.732285 0.169522 
0.435621 0.0393701 
0.333086 0.0233863 
0.589056 0.280027 
1.04993 0.708652 
1.37044 1.00893 
1.34981 0.982108 
1.10963 0.73182 
0.941639 0.550677 
1.01891 0.636477 
1.2684 0.935107 
1.48343 1.2279 
1.51372 1.32938 
1.35215 1.20341 
1.08588 0.935047 
0.80221 0.633623 
0.543663 0.372518 
0.332075 0.200773 
0.208345 0.173858 
0.222592 0.330832 
0.371389 0.62086 
0.555079 0.873786 
0.626859 0.894541 
0.510778 0.62858 
0.278631 0.240816 
0.102063 0.0102334 
0.115778 0.117902 
0.313916 0.511334 
0.566243 0.954676 
0.726623 1.2058 
0.730709 1.16627 
0.609656 0.902555 
0.436367 0.561029 
0.271486 0.269344 
0.147022 0.0884706 
0.0719304 0.014246 
0.0365195 0.0022386 
0.0212375 0.00383983 
0.018099 0.00277546 
0.042288 0.02276 
0.108963 0.089403 
0.19766 0.183134 
0.255167 0.243272 
0.243636 0.227346 
0.180851 0.160194 
0.130152 0.119817 
0.159097 0.182568 
0.307178 0.383175 
0.568169 0.704153 
0.876606 1.07471 
1.11719 1.38137 
1.18111 1.51254 
1.03868 1.4224 
0.75997 1.1594 
0.464663 0.834184 
0.256501 0.563288 
0.193634 0.430362 
0.282485 0.461288 
0.466452 0.601195 
0.630831 0.723439 
0.662582 0.703947 
0.538589 0.521356 
0.357941 0.288254 
0.276322 0.172612 
0.398547 0.276801 
0.719253 0.576118 
1.14264 0.950021 
1.54193 1.25876 
1.80872 1.40467 
1.87616 1.35508 
1.72735 1.13704 
1.40005 0.819714 
0.98286 0.491454 
0.588534 0.230941 
0.305559 0.0788199 
0.161515 0.0317498 
0.137492 0.0747261 
