0.78288 1.2225 
1.04818 1.51243 
1.19711 1.6126 
1.17804 1.47715 
1.00109 1.13724 
0.741567 0.704024 
0.52297 0.345159 
0.468429 0.221355 
0.633993 0.40054 
0.966523 0.804464 
1.32738 1.24048 
1.57628 1.51262 
1.65432 1.53495 
1.601 1.36131 
1.50044 1.11777 
1.41677 0.910436 
1.37804 0.789902 
1.40475 0.780496 
1.52777 0.911499 
1.75989 1.19732 
2.04799 1.58464 
2.26521 1.93219 
2.27009 2.06443 
1.99937 1.87453 
1.52971 1.40897 
1.05906 0.871669 
0.806813 0.529633 
0.885682 0.563882 
1.23112 0.959659 
1.65069 1.52452 
1.96843 2.0356 
2.14894 2.40156 
2.28747 2.69531 
2.47289 3.02623 
2.66178 3.3813 
2.70065 3.60243 
2.48141 3.52792 
2.067 3.15046 
1.64706 2.6253 
1.36315 2.12445 
1.18615 1.69697 
0.974425 1.279 
0.646673 0.824708 
0.281931 0.398831 
0.0428278 0.125877 
0.0102281 0.0595197 
0.105617 0.12158 
0.174597 0.174535 
0.135329 0.143525 
0.044167 0.0623684 
0.0337088 0.0152043 
0.203723 0.0547359 
0.561493 0.178248 
1.02987 0.356312 
1.48229 0.55537 
1.781 0.731394 
1.82955 0.830731 
1.63341 0.827501 
1.31766 0.765325 
1.06013 0.744924 
0.976139 0.851558 
1.04944 1.08478 
1.16534 1.35335 
1.2051 1.53285 
1.11365 1.53207 
0.901032 1.32654 
0.612026 0.960852 
0.310919 0.536073 
0.0821187 0.182519 
0.0143981 0.0125628 
0.159296 0.0705595 
0.495074 0.314383 
0.930829 0.644176 
1.34877 0.955665 
1.65119 1.17948 
1.78336 1.28749 
1.73075 1.27676 
1.50815 1.15401 
1.15594 0.935209 
0.742821 0.658379 
0.361419 0.392933 
0.104637 0.226544 
0.0289792 0.227185 
0.12971 0.404714 
0.350485 0.705158 
0.623165 1.04597 
0.906842 1.3633 
1.19577 1.63203 
1.49189 1.84618 
1.76424 1.98282 
1.92849 1.98539 
1.87467 1.78938 
1.54806 1.3857 
1.04116 0.883384 
0.611649 0.508292 
0.562518 0.496208 
1.02923 0.922305 
1.83369 1.59651 
2.55273 2.14158 
2.78257 2.23011 
2.40184 1.80522 
1.62859 1.10606 
0.845959 0.485031 
0.359701 0.178685 
0.26869 0.20774 
0.488681 0.438113 
0.842353 0.699246 
1.13329 0.857372 
1.20259 0.836683 
0.994097 0.634714 
0.599462 0.338013 
0.217578 0.0927875 
0.0235261 0.0135214 
0.0446392 0.0941985 
0.157778 0.212442 
0.214198 0.237217 
0.173413 0.144559 
0.119482 0.0311351 
0.15313 0.0138609 
0.276201 0.114983 
0.385833 0.242938 
0.378967 0.282068 
0.257172 0.199793 
0.12785 0.0704246 
0.10636 0.00206788 
0.218073 0.0437095 
0.387475 0.155967 
0.508136 0.256964 
0.517802 0.287675 
0.421537 0.242899 
0.272382 0.163924 
0.148474 0.118985 
0.136021 0.181629 
0.297507 0.396374 
0.62555 0.738039 
1.02523 1.10349 
1.36181 1.36462 
1.54755 1.45246 
1.5928 1.40031 
1.57715 1.30665 
1.57355 1.25558 
1.59625 1.26809 
1.6055 1.31378 
1.54355 1.34859 
1.36527 1.33332 
1.05817 1.23182 
0.663099 1.01983 
0.2835 0.713274 
0.0523792 0.383883 
0.0546984 0.129251 
0.258435 0.0114672 
0.520676 0.0171592 
0.67753 0.0755843 
0.649908 0.11642 
0.480319 0.114169 
0.278118 0.0862561 
0.130846 0.0614035 
0.0596088 0.0590052 
0.0420508 0.095695 
0.058433 0.194775 
0.104842 0.36892 
0.168278 0.585698 
0.208856 0.761646 
0.185597 0.81315 
0.105599 0.731304 
0.0393252 0.609415 
0.0728899 0.584911 
0.232793 0.73494 
0.451011 1.01047 
0.605397 1.26329 
0.605426 1.34498 
0.456151 1.2031 
0.252228 0.90804 
0.108766 0.59752 
0.0824301 0.383936 
0.140778 0.291416 
0.198429 0.263207 
0.187254 0.225091 
0.106191 0.150467 
0.0193651 0.078987 
0.0122485 0.0829297 
0.137719 0.212947 
0.379786 0.460394 
0.652131 0.756263 
0.838977 1.00679 
0.863643 1.14682 
0.738642 1.17446 
0.550299 1.13534 
0.385347 1.06688 
0.269948 0.960217 
0.183059 0.787237 
0.120814 0.565648 
0.124687 0.378959 
0.229631 0.310574 
0.393462 0.355213 
0.503522 0.411205 
0.470392 0.373983 
0.313016 0.236426 
0.143621 0.0915595 
0.068555 0.0391743 
0.10497 0.0953482 
0.185255 0.188387 
0.229712 0.230556 
0.216887 0.192925 
0.202074 0.127919 
0.278778 0.133598 
0.505538 0.283159 
0.839381 0.556704 
1.13076 0.824705 
1.20915 0.918213 
1.01156 0.754752 
0.645091 0.419016 
0.314094 0.113486 
0.167591 0.00816057 
0.204343 0.120826 
0.316109 0.333408 
0.409695 0.515734 
0.478245 0.628367 
0.562917 0.714145 
0.669192 0.812082 
0.739485 0.898314 
0.707025 0.911107 
0.564163 0.819758 
0.371616 0.659832 
0.206405 0.50629 
0.107638 0.423294 
0.0705404 0.441774 
0.0823618 0.572032 
0.152766 0.815969 
0.301684 1.14876 
0.513531 1.48461 
0.705807 1.67646 
0.758173 1.58331 
0.600401 1.17706 
0.297082 0.605569 
0.0481422 0.140486 
0.0784639 0.0221508 
0.483574 0.306048 
1.1486 0.828005 
1.80871 1.31636 
2.20708 1.56243 
2.23202 1.52174 
1.94444 1.28999 
1.50453 1.00552 
1.07477 0.770418 
0.761506 0.631419 
0.599103 0.592031 
0.554007 0.6179 
0.547306 0.644201 
0.510874 0.618217 
0.458318 0.566243 
