2.26796 1.86442 1.1257 
1.99704 1.58098 0.894291 
1.5735 1.20299 0.67825 
1.10276 0.827722 0.541714 
0.700955 0.544716 0.51788 
0.434883 0.376719 0.566848 
0.311664 0.282834 0.595475 
0.321067 0.226237 0.53794 
0.480059 0.243466 0.434313 
0.827848 0.44462 0.435484 
1.37119 0.933588 0.71849 
2.03111 1.70805 1.3669 
2.64421 2.61747 2.29691 
3.02629 3.4129 3.27658 
3.05689 3.85704 4.02512 
2.73102 3.82761 4.3351 
2.15205 3.35921 4.15298 
1.47905 2.61113 3.58226 
0.863457 1.78961 2.8174 
0.404494 1.06893 2.0521 
0.133741 0.544779 1.41141 
0.0237287 0.228856 0.933877 
0.0115495 0.0746582 0.597688 
0.0298997 0.0164587 0.364037 
0.0357805 0.00315585 0.209394 
0.0228628 0.011386 0.129596 
0.00856272 0.032985 0.117952 
0.00646056 0.0524484 0.141393 
0.0139874 0.0452642 0.147666 
0.0386125 0.013929 0.113655 
0.146717 0.0349081 0.0970094 
0.480122 0.257086 0.22668 
1.19386 0.817943 0.607929 
2.3358 1.72271 1.20592 
3.7594 2.79105 1.82193 
5.15716 3.73987 2.21444 
6.20866 4.35254 2.28053 
6.73309 4.59421 2.13379 
6.72923 4.57221 1.99363 
6.29205 4.38734 1.97894 
5.51004 4.03002 2.00157 
4.44931 3.42747 1.86505 
3.22 2.58681 1.47208 
2.02099 1.67355 0.934831 
1.0827 0.930688 0.48211 
0.544102 0.509761 0.261538 
0.374836 0.373716 0.232212 
0.409636 0.355127 0.240701 
0.459032 0.304386 0.190927 
0.410644 0.197126 0.144581 
0.268961 0.131563 0.275056 
0.132865 0.243182 0.729762 
0.127071 0.602068 1.50652 
0.309472 1.14282 2.41292 
0.605218 1.66272 3.12629 
0.834054 1.91201 3.33905 
0.838611 1.74797 2.93189 
0.615791 1.2482 2.06782 
0.322703 0.672921 1.11466 
0.138439 0.28254 0.423431 
0.11257 0.159814 0.124415 
0.149897 0.193003 0.103381 
0.136281 0.221629 0.159977 
0.0615094 0.188277 0.185444 
0.00985322 0.15094 0.200492 
0.0447812 0.17211 0.25577 
0.128276 0.227725 0.334476 
0.163756 0.236931 0.36737 
0.106974 0.166924 0.32769 
0.0197622 0.0876926 0.286323 
0.013045 0.116057 0.361225 
0.143729 0.308698 0.611916 
0.366531 0.607939 0.979796 
0.575094 0.881803 1.32123 
0.68199 1.01228 1.49555 
0.666782 0.958173 1.43744 
0.566036 0.758354 1.17485 
0.431529 0.4936 0.801115 
0.297471 0.24492 0.431935 
0.176282 0.0712038 0.169237 
0.0748826 0.00614148 0.0781431 
0.0114002 0.0632051 0.176077 
0.0174418 0.239506 0.433834 
0.124033 0.515851 0.788512 
0.341281 0.855911 1.16478 
0.646608 1.2103 1.49806 
0.989725 1.52846 1.75275 
1.30745 1.77138 1.92685 
1.53313 1.91127 2.03395 
1.598 1.91533 2.06587 
1.44484 1.73794 1.96641 
1.07196 1.35301 1.65925 
0.582774 0.818583 1.13525 
0.174348 0.306508 0.529648 
0.0284177 0.0294766 0.0915241 
0.16912 0.090069 0.0267109 
0.422493 0.380336 0.329923 
0.546602 0.64713 0.765524 
0.434136 0.6878 1.03502 
0.195656 0.500603 0.989865 
0.0366313 0.248973 0.703248 
0.0536235 0.0887837 0.360707 
0.162778 0.0469938 0.10731 
0.228241 0.0681969 0.00184074 
0.235065 0.144233 0.0745546 
0.304276 0.348194 0.359981 
0.532921 0.719643 0.831898 
0.846523 1.14199 1.32613 
1.03967 1.38026 1.5887 
0.968113 1.26972 1.45361 
0.687054 0.868019 0.989369 
0.392855 0.411452 0.458307 
0.239194 0.118428 0.114515 
0.221427 0.0342728 0.0271193 
0.230197 0.0522384 0.0817885 
0.188608 0.0564442 0.128988 
0.117324 0.0246794 0.114956 
0.0782656 0.00415867 0.0808387 
0.0892523 0.0243477 0.0712287 
0.115703 0.0627151 0.0762682 
0.132284 0.0896858 0.0636333 
0.156893 0.112946 0.0367454 
0.204499 0.151537 0.0311016 
0.229551 0.178754 0.0542723 
0.162634 0.134594 0.0626152 
0.0351683 0.0299886 0.030403 
0.0482096 0.0285514 0.0403765 
0.456666 0.370801 0.265651 
1.32687 1.15788 0.814082 
2.39283 2.1872 1.57142 
3.18374 3.026 2.21807 
3.34716 3.29741 2.44049 
2.89466 2.94285 2.16198 
2.15954 2.23685 1.58847 
1.52055 1.55672 1.03736 
1.1449 1.12173 0.712249 
0.951273 0.910059 0.610117 
0.770239 0.772217 0.599112 
0.522033 0.595501 0.555919 
0.268995 0.379196 0.440946 
0.144725 0.20096 0.286338 
0.250596 0.143119 0.149047 
0.589892 0.239411 0.0757986 
1.055 0.456342 0.0870133 
1.46447 0.706926 0.175463 
1.64694 0.898822 0.325332 
1.54151 0.999504 0.545215 
1.2454 1.06677 0.878163 
0.954888 1.20099 1.3559 
0.828506 1.44417 1.92234 
0.87807 1.71491 2.40537 
0.977262 1.84962 2.59189 
0.975675 1.7254 2.36766 
0.817033 1.36085 1.81109 
0.567426 0.909908 1.15894 
0.34775 0.55914 0.667888 
0.243179 0.417887 0.479563 
0.263261 0.481483 0.580708 
0.364817 0.672448 0.860575 
0.49571 0.902682 1.19398 
0.616848 1.10397 1.48376 
0.697701 1.22396 1.65784 
0.709841 1.22062 1.66177 
0.636854 1.07701 1.47552 
0.492094 0.822697 1.13884 
0.320832 0.531388 0.747816 
0.176615 0.284988 0.40995 
0.0892534 0.129348 0.18825 
0.0541384 0.0589606 0.0794868 
0.0535431 0.0428954 0.0429623 
0.0859008 0.0646112 0.0504021 
0.166777 0.133995 0.109079 
0.295556 0.259315 0.237954 
0.426612 0.4124 0.424806 
0.488345 0.53155 0.612065 
0.442064 0.565504 0.728114 
0.319989 0.512313 0.732053 
0.196124 0.410347 0.629211 
0.118264 0.295707 0.453709 
0.0767773 0.181244 0.251904 
0.0430219 0.0813114 0.086059 
0.0251897 0.0403273 0.0324212 
0.0681105 0.111325 0.142068 
0.194898 0.29595 0.386317 
0.362472 0.517226 0.651649 
0.486415 0.667529 0.811066 
0.507454 0.687363 0.812784 
0.429006 0.595446 0.700503 
0.299539 0.451095 0.55318 
0.176468 0.305173 0.418643 
0.10889 0.190995 0.308092 
0.130877 0.13933 0.232886 
0.242869 0.171414 0.216387 
0.394804 0.269066 0.261359 
0.506302 0.369164 0.324454 
0.521682 0.406231 0.34361 
0.449115 0.363335 0.292665 
0.345676 0.277721 0.20056 
0.270962 0.201937 0.117393 
0.25912 0.167711 0.0711153 
0.320224 0.180468 0.057514 
0.440324 0.22661 0.0574452 
0.568536 0.273792 0.0527837 
0.625619 0.279793 0.0364808 
0.55979 0.229224 0.028447 
0.408625 0.170802 0.0850723 
0.292843 0.20083 0.270903 
0.328735 0.387043 0.596301 
0.536443 0.701161 0.979834 
0.829422 1.03016 1.28675 
1.08497 1.25502 1.41716 
1.22113 1.31955 1.36158 
1.22322 1.23867 1.18036 
1.13147 1.06962 0.948728 
1.0231 0.891326 0.73176 
0.985568 0.789911 0.591895 
1.06184 0.81876 0.578696 
1.19614 0.944807 0.68429 
1.2501 1.04687 0.819096 
1.10834 1.00034 0.862286 
0.786196 0.782633 0.755587 
0.424659 0.491166 0.546675 
0.168484 0.252705 0.338474 
0.0558566 0.125407 0.207292 
0.0392496 0.101318 0.181407 
0.103002 0.189946 0.284555 
0.321648 0.456265 0.558666 
0.766401 0.937897 1.00748 
1.35244 1.52386 1.51793 
1.8126 1.95198 1.87238 
1.86714 1.97326 1.8806 
1.45262 1.55147 1.52556 
0.798724 0.913098 0.986603 
0.277688 0.396672 0.515827 
0.155929 0.231308 0.277893 
0.448521 0.421995 0.282019 
0.965577 0.805173 0.434165 
1.47388 1.19215 0.63316 
1.83199 1.47561 0.824979 
2.02113 1.64398 0.996542 
2.09392 1.7344 1.14631 
2.10611 1.78023 1.2657 
2.07467 1.78221 1.33364 
1.97118 1.70601 1.31673 
1.74656 1.50527 1.1806 
1.37757 1.16467 0.918755 
0.909 0.737368 0.580604 
0.45454 0.339356 0.264347 
0.141995 0.0906705 0.0664167 
0.0383263 0.0441276 0.0261654 
0.116471 0.16249 0.116677 
