2.27158 1.64918 0.964091 
2.99775 2.49747 1.8386 
3.78976 3.55143 3.04061 
4.28843 4.41535 4.18664 
4.17696 4.65867 4.77806 
3.41087 4.10049 4.50983 
2.2759 2.954 3.48959 
1.19935 1.6882 2.1679 
0.473573 0.721078 1.03708 
0.126341 0.200834 0.351206 
0.0149532 0.0231578 0.0689561 
0.0112923 0.0106957 0.00628031 
0.097138 0.0711001 0.0300123 
0.313197 0.219293 0.137652 
0.646528 0.487832 0.392248 
0.97674 0.831488 0.798043 
1.1365 1.12059 1.23996 
1.04533 1.23804 1.55125 
0.806795 1.19781 1.65511 
0.664363 1.16162 1.64248 
0.812545 1.30375 1.69147 
1.20266 1.62384 1.88545 
1.5329 1.89164 2.10306 
1.48037 1.8142 2.10238 
1.00272 1.30361 1.7376 
0.42896 0.598201 1.10793 
0.218272 0.099806 0.492995 
0.574861 0.0544521 0.131333 
1.26713 0.365501 0.0508777 
1.82275 0.708328 0.101752 
1.91394 0.821999 0.131243 
1.5758 0.692602 0.106415 
1.09537 0.486186 0.0799716 
0.745171 0.362756 0.0914432 
0.635699 0.385064 0.147658 
0.750292 0.556001 0.27573 
1.00971 0.844684 0.514613 
1.26404 1.13415 0.80966 
1.30489 1.21537 0.96811 
1.00551 0.944991 0.814593 
0.485093 0.443186 0.421404 
0.0727881 0.070026 0.123577 
0.0407678 0.130708 0.234175 
0.364185 0.592624 0.737212 
0.763228 1.11863 1.29436 
0.969326 1.37649 1.55792 
0.922236 1.29092 1.44956 
0.727417 1.01026 1.13887 
0.496286 0.700978 0.816347 
0.278671 0.430957 0.547352 
0.113479 0.219946 0.324809 
0.0602201 0.113992 0.178265 
0.142595 0.160008 0.175206 
0.297964 0.336228 0.336654 
0.430998 0.558698 0.601177 
0.515633 0.76256 0.882242 
0.608496 0.946487 1.13321 
0.751714 1.12691 1.34405 
0.897805 1.28143 1.50336 
0.971073 1.37575 1.6007 
1.00432 1.44581 1.66764 
1.17649 1.6153 1.78343 
1.67035 1.99214 2.00773 
2.46807 2.53364 2.30125 
3.28815 3.02473 2.52742 
3.74687 3.21334 2.55098 
3.6219 2.99522 2.34823 
3.00103 2.48857 2.02638 
2.19811 1.93514 1.73153 
1.51656 1.51509 1.52712 
1.06151 1.23434 1.35134 
0.745466 0.974824 1.09301 
0.457444 0.654529 0.720949 
0.228196 0.350554 0.353595 
0.239956 0.273093 0.202374 
0.67194 0.605209 0.424313 
1.51289 1.33361 0.991757 
2.49561 2.20255 1.67574 
3.2108 2.83084 2.15946 
3.3273 2.91867 2.21179 
2.77835 2.41498 1.81457 
1.80136 1.54508 1.16774 
0.809798 0.68348 0.568948 
0.171216 0.146866 0.239342 
0.0193832 0.0302457 0.203518 
0.212231 0.186941 0.304072 
0.463071 0.365156 0.344371 
0.558661 0.405541 0.25617 
0.509887 0.353068 0.157474 
0.521784 0.395728 0.244209 
0.804868 0.680323 0.599821 
1.37655 1.16005 1.08843 
2.01085 1.60276 1.43316 
2.3756 1.75153 1.41903 
2.2515 1.50485 1.05034 
1.67426 0.980274 0.538564 
0.909254 0.429762 0.147157 
0.288455 0.0829687 0.0257598 
0.0223693 0.0255619 0.146371 
0.103517 0.176636 0.356228 
0.35093 0.363626 0.488033 
0.551231 0.440414 0.456589 
0.590577 0.371618 0.294555 
0.489825 0.229052 0.112732 
0.340586 0.112142 0.0119719 
0.21689 0.0651974 0.0111607 
0.137116 0.061009 0.0492585 
0.0854254 0.0517052 0.05653 
0.0475766 0.0246641 0.0247786 
0.0224283 0.0074766 0.00823089 
0.0115891 0.0269822 0.0578563 
0.0108298 0.073184 0.159059 
0.013853 0.106247 0.237361 
0.0198463 0.0963534 0.226922 
0.033914 0.054111 0.134023 
0.0594649 0.0211255 0.0332553 
0.090257 0.0306699 0.000979347 
0.110903 0.0776352 0.0515228 
0.107801 0.126708 0.135527 
0.0820045 0.148704 0.195072 
0.0521672 0.148393 0.216771 
0.0443429 0.159051 0.23472 
0.0752596 0.210769 0.288344 
0.13675 0.297185 0.375692 
0.190322 0.364706 0.439349 
0.188275 0.342976 0.402091 
0.12705 0.214927 0.242166 
0.0921703 0.0757169 0.0545871 
0.222538 0.0985324 0.0188726 
0.581944 0.389626 0.254793 
1.04979 0.851396 0.680194 
1.37718 1.22005 1.03793 
1.40459 1.29213 1.11532 
1.23931 1.13315 0.957555 
1.18898 1.0382 0.841433 
1.48498 1.25611 1.01081 
2.05676 1.74363 1.43361 
2.57532 2.19119 1.82341 
2.71639 2.28465 1.89223 
2.39374 1.9451 1.57736 
1.77588 1.34648 1.04723 
1.12304 0.747194 0.53366 
0.617263 0.320022 0.180045 
0.306676 0.104336 0.0179552 
0.1499 0.0563306 0.025161 
0.0820606 0.107821 0.164238 
0.0542985 0.191695 0.37452 
0.0464366 0.252951 0.56698 
0.0603408 0.263381 0.658473 
0.0954383 0.226251 0.617768 
0.125645 0.160051 0.475908 
0.113007 0.0826599 0.297159 
0.0578929 0.0178267 0.1451 
0.0242002 0.00310848 0.0626196 
0.0842254 0.0623721 0.0551404 
0.226358 0.161337 0.0808568 
0.343221 0.219614 0.0824451 
0.346725 0.205317 0.0654276 
0.297437 0.219646 0.147952 
0.385846 0.445953 0.49014 
0.750298 0.968796 1.12384 
1.30576 1.63174 1.83965 
1.76731 2.0987 2.27539 
1.86185 2.09312 2.16808 
1.53591 1.60942 1.56062 
0.979717 0.91354 0.780688 
0.472508 0.350462 0.217206 
0.21146 0.145025 0.0986096 
0.262371 0.350274 0.444298 
0.610523 0.915812 1.15962 
1.18817 1.73172 2.10641 
1.83091 2.58905 3.06792 
2.26637 3.17015 3.72466 
2.24701 3.19535 3.7911 
1.75726 2.65099 3.25161 
1.07357 1.85353 2.43651 
0.566111 1.22557 1.79165 
0.410034 0.971231 1.53105 
0.488833 0.968399 1.51731 
0.56665 0.96419 1.47464 
0.521038 0.837152 1.28123 
0.399803 0.655985 1.03577 
0.299042 0.531206 0.882995 
0.247202 0.476291 0.840748 
0.215872 0.42579 0.811026 
0.19399 0.340601 0.712324 
0.206202 0.251389 0.55842 
0.263853 0.206953 0.419114 
0.333115 0.215861 0.342732 
0.368489 0.251123 0.3287 
0.365564 0.291936 0.351465 
0.366595 0.341727 0.387802 
0.416436 0.410196 0.424789 
0.518614 0.491941 0.458679 
0.626125 0.562385 0.49075 
0.663306 0.583355 0.514479 
0.568368 0.515211 0.50317 
0.350975 0.347705 0.423584 
0.131245 0.138465 0.276697 
0.096922 0.00711446 0.12046 
0.364411 0.0527117 0.0318892 
0.845878 0.25322 0.0353619 
1.26862 0.458855 0.0782218 
1.36771 0.511413 0.0898426 
1.08967 0.38065 0.0592678 
0.619012 0.179435 0.0399853 
0.21455 0.049024 0.0794777 
0.0221667 0.0405395 0.161576 
0.0203473 0.10209 0.225514 
0.0982672 0.15303 0.227938 
0.157754 0.151773 0.17427 
0.160009 0.106402 0.0996636 
0.119317 0.0498019 0.0373966 
0.0770463 0.0151924 0.00544515 
0.0739062 0.0218275 0.00676754 
0.127391 0.06859 0.0322198 
0.22281 0.13718 0.0671417 
0.321859 0.203298 0.100797 
0.38427 0.249055 0.131327 
0.393451 0.273652 0.166512 
0.369091 0.297297 0.22379 
0.346569 0.343598 0.318495 
0.33188 0.401454 0.432649 
0.285046 0.410226 0.497198 
0.17237 0.312409 0.43616 
0.0406632 0.1381 0.254047 
0.0108997 0.016715 0.0681279 
0.166148 0.0714522 0.0229167 
0.446081 0.294803 0.161197 
0.676902 0.545889 0.391198 
0.719627 0.679816 0.58448 
0.584831 0.670684 0.690567 
0.403118 0.605941 0.748574 
0.299564 0.580355 0.808238 
0.304536 0.61348 0.867375 
0.366192 0.659804 0.887442 
0.419029 0.671454 0.848267 
0.432673 0.639906 0.774763 
0.414817 0.592484 0.719895 
0.391359 0.569109 0.734938 
0.391409 0.606308 0.853055 
0.443006 0.730269 1.08332 
0.567669 0.945706 1.40071 
0.76274 1.21562 1.73155 
0.980257 1.44983 1.95574 
1.13149 1.53205 1.95056 
1.13511 1.38982 1.66796 
0.980164 1.05883 1.1879 
0.742408 0.674236 0.685496 
0.527671 0.379275 0.320175 
0.393773 0.230064 0.140063 
