0.444263 1.02244 1.78322 
0.309491 0.821215 1.53496 
0.239843 0.682933 1.29819 
0.242422 0.619162 1.10567 
0.309593 0.619295 0.968852 
0.43118 0.665367 0.884685 
0.604229 0.747596 0.847558 
0.833486 0.87099 0.858064 
1.12153 1.04845 0.922483 
1.45377 1.28361 1.04271 
1.78732 1.55306 1.20278 
2.05256 1.80005 1.36189 
2.17155 1.94785 1.46213 
2.08943 1.9311 1.4518 
1.8062 1.73225 1.31433 
1.3911 1.40221 1.08562 
0.96554 1.04773 0.844075 
0.65459 0.784164 0.67206 
0.526821 0.674407 0.606807 
0.555905 0.689879 0.612444 
0.632506 0.72391 0.598302 
0.629219 0.659208 0.481962 
0.486563 0.45429 0.262175 
0.267091 0.193082 0.0506464 
0.135967 0.0563983 0.0291665 
0.268554 0.220267 0.34452 
0.734612 0.736895 0.999907 
1.43104 1.47392 1.81471 
2.11155 2.15841 2.48966 
2.50366 2.50853 2.74996 
2.44733 2.37883 2.48676 
1.97416 1.83362 1.81368 
1.28212 1.10631 1.00549 
0.625451 0.472597 0.357001 
0.188646 0.115464 0.0460687 
0.0165487 0.0576773 0.074876 
0.0302085 0.188916 0.309334 
0.1029 0.354744 0.576436 
0.139875 0.444454 0.753316 
0.115572 0.429086 0.801668 
0.0592003 0.342846 0.745991 
0.0138792 0.237499 0.629067 
0.0034425 0.146994 0.481737 
0.0248462 0.0803763 0.321235 
0.0608397 0.0353934 0.166188 
0.0957975 0.0132835 0.0469866 
0.122405 0.0218119 0.000470641 
0.139083 0.0680406 0.0544218 
0.145382 0.150719 0.215403 
0.14068 0.259612 0.468483 
0.125579 0.381166 0.786833 
0.102786 0.505239 1.14311 
0.0766469 0.628989 1.51635 
0.053551 0.757678 1.89342 
0.0443078 0.903099 2.26669 
0.0652462 1.0785 2.62896 
0.132824 1.28852 2.96558 
0.250995 1.51676 3.24654 
0.398784 1.71946 3.42525 
0.529677 1.83442 3.45039 
0.588933 1.80663 3.28983 
0.542283 1.61933 2.95489 
0.399331 1.3119 2.50856 
0.215874 0.971018 2.04823 
0.0717617 0.69687 1.66845 
0.0361087 0.561721 1.42316 
0.138965 0.582944 1.30788 
0.36338 0.723257 1.27066 
0.658735 0.914719 1.24369 
0.96475 1.09074 1.17661 
1.23251 1.20923 1.05457 
1.43417 1.25856 0.895413 
1.56123 1.249 0.732492 
1.6168 1.19864 0.595373 
1.60793 1.12231 0.498093 
1.5413 1.0274 0.437861 
1.42276 0.915833 0.401326 
1.25943 0.789098 0.373486 
1.06248 0.653263 0.345319 
0.849137 0.521881 0.318077 
0.642531 0.415511 0.303457 
0.469122 0.357484 0.319466 
0.353605 0.366514 0.382543 
0.311999 0.447858 0.497801 
0.344162 0.585907 0.650816 
0.428317 0.741942 0.805328 
0.521671 0.860655 0.91047 
0.571136 0.886937 0.918082 
0.534549 0.789778 0.805662 
0.405878 0.584472 0.595624 
0.231467 0.340972 0.359928 
0.104124 0.169067 0.203239 
0.130766 0.180806 0.227122 
0.384102 0.443202 0.488178 
0.860768 0.942291 0.968427 
1.46871 1.57712 1.57258 
2.05345 2.18912 2.15533 
2.45312 2.61556 2.56805 
2.55737 2.74435 2.7062 
2.34425 2.54822 2.53954 
1.8814 2.08701 2.11605 
1.29561 1.48148 1.54193 
0.727738 0.872671 0.947782 
0.292101 0.382863 0.453572 
0.0529574 0.0896084 0.142214 
0.0207912 0.0169936 0.0465855 
0.163596 0.141818 0.150217 
0.425426 0.409003 0.398562 
0.745049 0.749794 0.716201 
1.06978 1.09756 1.02531 
1.36226 1.39836 1.26163 
1.60069 1.61595 1.38561 
1.77491 1.73278 1.38725 
1.88176 1.74842 1.28396 
1.92199 1.6765 1.11195 
1.89918 1.53992 0.913224 
1.81993 1.36503 0.722721 
1.69383 1.1759 0.560551 
1.53288 0.990767 0.432054 
1.35026 0.821438 0.334167 
1.15882 0.674595 0.262868 
0.969404 0.553042 0.216473 
0.789364 0.455757 0.193443 
0.622279 0.377703 0.188162 
0.46975 0.311441 0.189917 
0.334951 0.251418 0.187545 
0.226096 0.199331 0.177263 
0.157511 0.167487 0.168467 
0.147329 0.177999 0.183827 
0.212847 0.258041 0.254086 
0.365355 0.432766 0.410507 
0.605188 0.716928 0.676852 
0.916476 1.10529 1.0603 
1.26204 1.56322 1.54094 
1.58227 2.02265 2.06368 
1.80388 2.39073 2.54074 
1.86149 2.5749 2.87134 
1.72577 2.51787 2.97565 
1.42311 2.22551 2.82801 
1.03165 1.7699 2.47038 
0.650528 1.26165 1.99613 
0.356931 0.804817 1.51171 
0.176347 0.459849 1.09824 
0.084689 0.235254 0.79351 
0.0397867 0.108798 0.599358 
0.0188978 0.0586551 0.501718 
0.0345963 0.0797707 0.484243 
0.118081 0.174922 0.526704 
0.2843 0.332054 0.596054 
0.507583 0.511284 0.646182 
0.728161 0.656676 0.634507 
0.885597 0.726359 0.546487 
0.954123 0.718075 0.408481 
0.953919 0.669569 0.275609 
0.931565 0.632651 0.200067 
0.926302 0.640013 0.201158 
0.9475 0.688445 0.257547 
0.977199 0.748034 0.325409 
0.990785 0.786714 0.367128 
0.976592 0.790113 0.369605 
0.940393 0.764403 0.342559 
0.896476 0.726141 0.304636 
0.858062 0.692613 0.27296 
0.836598 0.681136 0.264158 
0.846781 0.712643 0.300166 
0.905651 0.807772 0.405134 
1.01922 0.970579 0.588083 
1.16459 1.17014 0.822269 
1.28533 1.33865 1.04112 
1.31168 1.39646 1.16206 
1.19814 1.29386 1.12857 
0.954632 1.0435 0.944315 
0.647918 0.719613 0.675046 
0.369113 0.421307 0.414573 
0.186913 0.22187 0.235541 
0.116046 0.135687 0.155899 
0.119487 0.12207 0.140812 
0.139561 0.120425 0.135801 
0.134885 0.0916766 0.107362 
0.0995657 0.0397224 0.0648505 
0.0564807 0.00257685 0.0519525 
0.0347222 0.0230907 0.115995 
0.0492754 0.119862 0.275597 
0.0950664 0.27514 0.505472 
0.15484 0.443566 0.745195 
0.211397 0.573513 0.925263 
0.254914 0.628297 0.996179 
0.28274 0.597945 0.947083 
0.295365 0.498845 0.807059 
0.293552 0.364162 0.630491 
0.278532 0.230299 0.474099 
0.253562 0.124687 0.375671 
0.224335 0.0588289 0.342729 
0.197484 0.0283396 0.354527 
0.178503 0.0190685 0.375032 
0.170701 0.0159663 0.37034 
0.175456 0.0104234 0.32299 
0.192773 0.00297256 0.237879 
0.22112 0.000886693 0.1385 
0.256642 0.0127293 0.0559614 
0.29282 0.0429511 0.0155839 
0.321523 0.0889437 0.0263065 
0.335326 0.141395 0.0769542 
0.329957 0.187373 0.140949 
0.305599 0.214781 0.187744 
0.266501 0.21662 0.196221 
0.219289 0.193561 0.164 
0.170898 0.153835 0.108178 
0.126913 0.110305 0.0570681 
0.090733 0.0758608 0.0370849 
0.0636247 0.0591337 0.0613775 
0.045519 0.0624892 0.125632 
0.0362138 0.082989 0.212298 
0.0363047 0.11523 0.299824 
0.0469795 0.153791 0.371134 
0.0682007 0.193442 0.416902 
0.0959782 0.227273 0.433241 
0.120828 0.245192 0.41751 
0.129878 0.235875 0.367171 
0.11336 0.193186 0.283889 
0.0728509 0.124023 0.180048 
0.0256707 0.0514956 0.0812546 
0.000336446 0.00834976 0.0195554 
0.0227619 0.0213013 0.0183751 
0.0998282 0.0943138 0.0775779 
0.210933 0.202246 0.169925 
0.315127 0.301824 0.254835 
0.371981 0.356022 0.304033 
0.36434 0.357615 0.323758 
0.308133 0.335915 0.357607 
0.241877 0.340209 0.46475 
0.202065 0.408741 0.684104 
0.200827 0.542581 1.00533 
0.221082 0.701462 1.3646 
0.232161 0.824538 1.66847 
0.214214 0.862771 1.83245 
0.173557 0.802701 1.81331 
0.138163 0.668381 1.62005 
0.137365 0.503605 1.30253 
0.181324 0.348811 0.929008 
0.255274 0.227846 0.566101 
0.331923 0.149854 0.268115 
0.391892 0.119621 0.0737949 
0.436906 0.1449 0.00478613 
0.486961 0.23425 0.0629419 
0.564982 0.388336 0.228867 
0.680899 0.593307 0.465911 
0.825736 0.822488 0.73041 
0.977426 1.04524 0.983668 
1.11154 1.2361 1.19919 
1.20842 1.3781 1.36206 
