0.35802 0.616352 0.866993 
0.77015 1.19548 1.60155 
1.1982 1.70277 2.17501 
1.44544 1.89738 2.31069 
1.41914 1.72947 2.01237 
1.18666 1.36723 1.55043 
0.924188 1.07773 1.2643 
0.828196 1.08949 1.37846 
1.04145 1.51778 1.94505 
1.59299 2.33275 2.86571 
2.35477 3.33996 3.91171 
3.0576 4.20706 4.75391 
3.39814 4.5828 5.06384 
3.19282 4.27039 4.671 
2.4801 3.34036 3.6662 
1.5066 2.10124 2.36327 
0.615541 0.954903 1.14936 
0.103069 0.230269 0.329082 
0.0998355 0.0686325 0.0348583 
0.518529 0.38809 0.209153 
1.09964 0.935277 0.64556 
1.55117 1.41494 1.08531 
1.70564 1.6384 1.3405 
1.58327 1.59583 1.37192 
1.32126 1.40581 1.26629 
1.05238 1.20421 1.14556 
0.854785 1.08362 1.1021 
0.79711 1.11954 1.20659 
0.981763 1.40543 1.53529 
1.49281 2.00813 2.1369 
2.28046 2.86318 2.94515 
3.1107 3.72618 3.73391 
3.65945 4.26235 4.19444 
3.69171 4.22696 4.10121 
3.18882 3.60386 3.44637 
2.34002 2.60657 2.44588 
1.42653 1.55656 1.42128 
0.688067 0.728872 0.642819 
0.242521 0.252304 0.227072 
0.0772195 0.0985855 0.13066 
0.092856 0.142078 0.219935 
0.168742 0.244529 0.361488 
0.219063 0.319717 0.481947 
0.219218 0.353455 0.576141 
0.197245 0.381826 0.676253 
0.201629 0.449485 0.810303 
0.265974 0.573773 0.974259 
0.389942 0.732438 1.12944 
0.5444 0.878068 1.22333 
0.691784 0.966062 1.21946 
0.803011 0.975234 1.11588 
0.860223 0.909381 0.941131 
0.852102 0.786529 0.735515 
0.774059 0.629662 0.53471 
0.633656 0.462411 0.362759 
0.451862 0.303858 0.228911 
0.258885 0.164315 0.127029 
0.0942474 0.053616 0.0473447 
0.0108785 0.000433671 0.00151784 
0.0632427 0.0552324 0.0351604 
0.267407 0.252938 0.197354 
0.561753 0.557895 0.478731 
0.819746 0.852724 0.779449 
0.925722 1.00424 0.958192 
0.854211 0.959555 0.935757 
0.677725 0.782852 0.76081 
0.496552 0.596059 0.571582 
0.362861 0.481831 0.486323 
0.268654 0.43937 0.522468 
0.189708 0.419806 0.609233 
0.12232 0.38757 0.665422 
0.0781313 0.346284 0.664953 
0.0643341 0.323788 0.644893 
0.0853414 0.349978 0.66956 
0.154318 0.443965 0.785532 
0.27909 0.599606 0.988964 
0.42947 0.771116 1.21763 
0.5394 0.887442 1.37995 
0.566633 0.905107 1.41264 
0.550099 0.852137 1.32201 
0.583523 0.802616 1.16425 
0.712481 0.7933 0.98092 
0.86415 0.773594 0.764378 
0.900789 0.657985 0.499876 
0.753457 0.433013 0.234394 
0.494635 0.195456 0.0740634 
0.269182 0.0669473 0.088402 
0.158878 0.0731258 0.220904 
0.126838 0.123261 0.320002 
0.0920215 0.115136 0.277286 
0.0360399 0.0467616 0.131996 
0.0174292 0.00986487 0.0271509 
0.0868122 0.0774137 0.0615662 
0.212328 0.216002 0.194064 
0.303373 0.31817 0.294564 
0.299422 0.310327 0.276283 
0.221741 0.21628 0.167521 
0.14365 0.123304 0.0662028 
0.133126 0.111975 0.0535769 
0.235262 0.23307 0.169777 
0.488498 0.533046 0.457938 
0.918158 1.06117 0.993314 
1.49255 1.8231 1.83625 
2.09726 2.7277 2.94537 
2.57829 3.59435 4.13854 
2.82468 4.22307 5.14223 
2.81064 4.46593 5.69042 
2.56479 4.25413 5.61221 
2.12016 3.59815 4.88364 
1.5159 2.60135 3.64964 
0.849727 1.4814 2.21075 
0.308428 0.547556 0.951625 
0.114005 0.100237 0.210725 
0.401323 0.289745 0.142596 
1.10977 1.02126 0.650593 
1.97141 1.97613 1.43621 
2.61986 2.75015 2.14172 
2.76933 3.03825 2.50648 
2.36344 2.76488 2.45305 
1.60021 2.09014 2.06863 
0.810401 1.29617 1.51663 
0.265127 0.632763 0.950041 
0.0431696 0.219593 0.476625 
0.0448852 0.0512229 0.16904 
0.123546 0.069732 0.07596 
0.211541 0.226099 0.204678 
0.335024 0.4807 0.491132 
0.524574 0.765205 0.800629 
0.730859 0.971121 0.982572 
0.83983 0.998802 0.951627 
0.769437 0.827713 0.734351 
0.54415 0.536572 0.441869 
0.275679 0.250106 0.191908 
0.0799808 0.0624243 0.0459999 
0.0112395 0.00020089 0.00385476 
0.0518939 0.0352904 0.0346869 
0.138395 0.111788 0.099289 
0.196273 0.167138 0.152535 
0.179822 0.15833 0.154699 
0.103891 0.0922896 0.10158 
0.0341016 0.0263073 0.0377538 
0.0284823 0.0199313 0.0222982 
0.0855871 0.0814916 0.0768898 
0.160781 0.171344 0.176136 
0.231501 0.256663 0.287347 
0.323333 0.342896 0.400255 
0.455232 0.437316 0.504477 
0.575 0.498406 0.555061 
0.583547 0.455316 0.494985 
0.440038 0.292397 0.326946 
0.230716 0.09798 0.144446 
0.11367 0.00489059 0.0638255 
0.187008 0.0740793 0.116506 
0.407117 0.240079 0.217592 
0.624995 0.369772 0.24832 
0.69585 0.371472 0.168683 
0.571906 0.257404 0.0516208 
0.325083 0.123087 0.0166731 
0.0975657 0.0756179 0.132057 
0.00934305 0.162061 0.364103 
0.0770197 0.337147 0.60045 
0.208053 0.492181 0.721946 
0.288043 0.534127 0.675444 
0.290994 0.459036 0.501805 
0.307146 0.3559 0.301531 
0.45709 0.334044 0.166136 
0.772593 0.436831 0.128152 
1.15365 0.612012 0.158703 
1.43607 0.75488 0.199507 
1.5106 0.787218 0.203891 
1.39955 0.71715 0.171071 
1.22854 0.632044 0.151781 
1.10705 0.613973 0.200262 
1.02079 0.643984 0.298914 
0.857625 0.609506 0.34834 
0.568148 0.444755 0.27482 
0.287459 0.259963 0.153111 
0.239906 0.273134 0.170599 
0.488495 0.569302 0.423124 
0.818696 0.958627 0.770453 
0.940643 1.14417 0.960841 
0.81829 1.05072 0.91986 
0.737575 0.933466 0.863297 
0.993456 1.1063 1.06802 
1.5255 1.57498 1.5421 
1.92342 1.99503 1.97884 
1.82601 2.0194 2.06592 
1.29924 1.66417 1.81611 
0.796546 1.30275 1.5607 
0.744722 1.30245 1.61776 
1.17054 1.68158 1.9841 
1.71026 2.11254 2.34859 
1.9475 2.22905 2.38162 
1.73581 1.91984 2.00283 
1.2395 1.36006 1.39924 
0.730222 0.815847 0.833801 
0.375589 0.444999 0.456733 
0.18831 0.252789 0.268654 
0.106176 0.172964 0.202882 
0.0736777 0.147717 0.202638 
0.059393 0.14249 0.230825 
0.0430801 0.131746 0.252031 
0.0183298 0.10486 0.241253 
0.00177963 0.0818067 0.209911 
0.0173726 0.0988954 0.200963 
0.0627966 0.165401 0.243308 
0.100228 0.239636 0.313568 
0.0908946 0.259229 0.351733 
0.0402755 0.199732 0.317194 
0.00237589 0.100237 0.225844 
0.0300407 0.0262027 0.130621 
0.115775 0.00656478 0.0721679 
0.186453 0.0134238 0.0589261 
0.169732 0.00941538 0.0963328 
0.075271 0.010137 0.217063 
0.00634448 0.08416 0.455024 
0.0788449 0.279856 0.778334 
0.320396 0.55678 1.06553 
0.646786 0.802133 1.17701 
0.934089 0.919854 1.06412 
1.11108 0.901201 0.805429 
1.19084 0.81422 0.535559 
1.23435 0.741332 0.347449 
1.29648 0.732939 0.261209 
1.39243 0.798759 0.259126 
1.4873 0.909968 0.316486 
1.50685 0.99983 0.394397 
1.3782 0.986639 0.4332 
1.08929 0.828091 0.384581 
0.719609 0.564969 0.255952 
0.401128 0.303365 0.111926 
0.231289 0.142463 0.0255145 
0.210826 0.110497 0.0271979 
0.258507 0.159808 0.0940276 
0.283797 0.213734 0.174399 
0.252125 0.220214 0.220003 
0.194648 0.176154 0.207808 
0.166949 0.116094 0.148012 
0.198563 0.0803719 0.0748461 
0.273039 0.0864651 0.023347 
0.346173 0.122324 0.00894325 
0.378327 0.162138 0.0259919 
0.35441 0.188868 0.0633588 
0.290027 0.211292 0.124195 
0.236011 0.273118 0.239934 
0.271479 0.442973 0.464794 
0.456755 0.764681 0.831785 
0.757653 1.18306 1.28299 
1.02066 1.52214 1.64553 
1.06532 1.58166 1.72051 
0.836371 1.29751 1.43956 
