0.136455 0.141199 0.142358 
0.182256 0.289997 0.284323 
0.299589 0.498367 0.475671 
0.446918 0.714056 0.671724 
0.564081 0.867875 0.807064 
0.600212 0.906795 0.832346 
0.540495 0.823703 0.745886 
0.413449 0.663215 0.598417 
0.273801 0.498727 0.467185 
0.171853 0.394131 0.415018 
0.128136 0.372599 0.45861 
0.127771 0.409578 0.563516 
0.135991 0.451937 0.666495 
0.123504 0.45009 0.710057 
0.0855517 0.383999 0.668796 
0.0438988 0.269817 0.554644 
0.0324101 0.146922 0.402563 
0.0767384 0.0563837 0.249686 
0.180946 0.0247347 0.122319 
0.327761 0.0603558 0.03664 
0.489371 0.159393 0.00705613 
0.639213 0.311757 0.0501905 
0.756491 0.500012 0.176799 
0.822983 0.692825 0.375504 
0.819579 0.842625 0.601964 
0.731262 0.896861 0.786648 
0.561871 0.822496 0.86255 
0.34918 0.630623 0.798804 
0.165387 0.382861 0.61895 
0.0943328 0.169362 0.390168 
0.192167 0.0663624 0.188372 
0.452568 0.0968728 0.0605903 
0.799537 0.219239 0.00826206 
1.11664 0.352128 0.000372855 
1.29927 0.421074 0.0041418 
1.30123 0.397415 0.00909247 
1.14962 0.306054 0.026987 
0.922257 0.20043 0.0703278 
0.705122 0.125705 0.130054 
0.558276 0.0977865 0.174178 
0.509112 0.111682 0.17196 
0.570097 0.168846 0.126118 
0.760329 0.298069 0.0863877 
1.10962 0.549737 0.129698 
1.63996 0.964782 0.316979 
2.33896 1.54041 0.655183 
3.14714 2.21845 1.09074 
3.97059 2.90555 1.53855 
4.71067 3.51099 1.92516 
5.28931 3.97467 2.21542 
5.65308 4.26711 2.40569 
5.75814 4.36641 2.49352 
5.55643 4.23717 2.45267 
5.00562 3.83675 2.23903 
4.1076 3.15343 1.82889 
2.95407 2.2533 1.26379 
1.74328 1.29882 0.666294 
0.741053 0.514227 0.206371 
0.190789 0.104337 0.0299406 
0.21103 0.164893 0.187437 
0.734128 0.633027 0.603743 
1.52341 1.30765 1.10842 
2.26662 1.9325 1.51107 
2.70263 2.30089 1.68211 
2.72062 2.33118 1.59848 
2.38617 2.07999 1.33618 
1.88794 1.69465 1.0212 
1.43875 1.33654 0.77021 
1.18371 1.11617 0.651321 
1.15665 1.067 0.677998 
1.29522 1.15941 0.827904 
1.49354 1.33526 1.0671 
1.65754 1.53866 1.36307 
1.73584 1.72852 1.68259 
1.71996 1.87472 1.98312 
1.62584 1.94987 2.20991 
1.47486 1.92818 2.30618 
1.28536 1.79401 2.23302 
1.07428 1.55361 1.98843 
0.861082 1.23993 1.61387 
0.667069 0.905003 1.18308 
0.509818 0.602601 0.776943 
0.397722 0.370115 0.455739 
0.329981 0.219368 0.241576 
0.302741 0.140713 0.119212 
0.316848 0.117295 0.0543935 
0.381155 0.14097 0.0201918 
0.508555 0.220931 0.0177303 
0.70718 0.380423 0.080369 
0.972505 0.643283 0.258617 
1.28506 1.01696 0.592596 
1.61423 1.47994 1.08498 
1.92462 1.97922 1.68712 
2.18085 2.43895 2.30493 
2.34949 2.77761 2.82289 
2.40057 2.92864 3.13703 
2.31243 2.85888 3.18558 
2.08106 2.57965 2.96705 
1.73005 2.14718 2.54076 
1.31399 1.65088 2.01008 
0.90983 1.1915 1.49387 
0.596195 0.854842 1.09465 
0.428388 0.689095 0.873059 
0.420183 0.693842 0.836275 
0.541183 0.824945 0.943587 
0.730634 1.01298 1.12596 
0.920044 1.18696 1.31095 
1.0531 1.29297 1.44227 
1.09473 1.30109 1.48702 
1.02982 1.20192 1.43122 
0.859719 1.00078 1.27222 
0.605407 0.718833 1.01802 
0.318558 0.403139 0.697745 
0.0906056 0.136832 0.37584 
0.044326 0.0345308 0.154717 
0.298889 0.212663 0.152963 
0.916101 0.739849 0.460108 
1.85256 1.5893 1.0866 
2.94711 2.62148 1.93678 
3.95921 3.61431 2.8254 
4.6479 4.33415 3.53646 
4.85782 4.61819 3.90047 
4.57309 4.43082 3.85478 
3.91548 3.86959 3.46062 
3.09129 3.1212 2.87211 
2.31459 2.39121 2.27552 
1.74125 1.83936 1.82728 
1.43695 1.54366 1.6144 
1.382 1.49886 1.64567 
1.50035 1.63937 1.86732 
1.69463 1.87051 2.18966 
1.87399 2.09589 2.51294 
1.97037 2.23565 2.74693 
1.94486 2.23686 2.82469 
1.78807 2.07899 2.71268 
1.5173 1.77591 2.41751 
1.17143 1.37376 1.98709 
0.80309 0.94235 1.50228 
0.46792 0.559384 1.05776 
0.211646 0.289707 0.735607 
0.0580049 0.165749 0.580093 
0.00205264 0.177019 0.584159 
0.0129553 0.274314 0.693909 
0.0468801 0.38828 0.829687 
0.0655285 0.45516 0.914667 
0.0523353 0.439192 0.89928 
0.019129 0.343317 0.773665 
0.000908983 0.20614 0.567381 
0.0421011 0.0889254 0.340502 
0.180427 0.0581558 0.17011 
0.433239 0.167147 0.132681 
0.788173 0.437965 0.281427 
1.19876 0.846016 0.621388 
1.58719 1.3137 1.0922 
1.85816 1.72183 1.57203 
1.92553 1.94288 1.91051 
1.74638 1.88904 1.98364 
1.34855 1.55547 1.74868 
0.835241 1.03583 1.2711 
0.357519 0.496402 0.706372 
0.0610767 0.115129 0.240706 
0.0289746 0.0110727 0.0165522 
0.247137 0.196791 0.077226 
0.61034 0.576276 0.355794 
0.96695 0.988913 0.711267 
1.18154 1.27772 0.992474 
1.18619 1.34973 1.09863 
0.998401 1.20274 1.01044 
0.701171 0.91112 0.782652 
0.399361 0.58314 0.507879 
0.175517 0.313548 0.272811 
0.0645566 0.152397 0.127135 
0.0539484 0.0994094 0.0751542 
0.102576 0.119271 0.0875544 
0.164687 0.165302 0.122678 
0.20724 0.199298 0.145835 
0.21609 0.20135 0.13987 
0.193334 0.170098 0.106229 
0.150885 0.117414 0.059625 
0.104166 0.0614385 0.0201975 
0.0672625 0.0201253 0.00603936 
0.0494538 0.00613412 0.0276536 
0.0531813 0.0236587 0.0851951 
0.0740243 0.0678111 0.168853 
0.102885 0.126707 0.262048 
0.129513 0.18542 0.3463 
0.145786 0.230313 0.40616 
0.147582 0.252384 0.432794 
0.135179 0.249042 0.42548 
0.112827 0.224263 0.390901 
0.087876 0.187262 0.340568 
0.0692052 0.149758 0.287045 
0.064715 0.122412 0.240162 
0.0785821 0.111685 0.20468 
0.109823 0.118635 0.180443 
0.153322 0.14021 0.164756 
0.202722 0.171927 0.155304 
0.252946 0.209807 0.151552 
0.300312 0.250143 0.153884 
0.340411 0.287929 0.161874 
0.366484 0.316505 0.174199 
0.371232 0.330483 0.191588 
0.352286 0.331108 0.221257 
0.317601 0.33002 0.278741 
0.285417 0.346879 0.383448 
0.276195 0.399646 0.547875 
0.299753 0.491725 0.765416 
0.34571 0.603892 1.00436 
0.385051 0.69774 1.21374 
0.384488 0.731188 1.34051 
0.326758 0.67903 1.35083 
0.22475 0.547302 1.24469 
0.119521 0.372629 1.0558 
0.0611708 0.205773 0.836403 
0.0821783 0.0877875 0.634563 
0.178416 0.0319458 0.476116 
0.309701 0.0217281 0.360739 
0.420777 0.0259145 0.273332 
0.47135 0.0214987 0.20269 
0.457656 0.0100017 0.154794 
0.41234 0.016384 0.151228 
0.38215 0.0704525 0.212844 
0.396696 0.182165 0.339022 
0.447795 0.327168 0.497056 
0.493134 0.453516 0.63089 
0.483091 0.507485 0.686419 
0.394534 0.463693 0.639147 
0.250027 0.34084 0.507265 
0.109149 0.192512 0.341442 
0.0359726 0.0780107 0.197249 
0.062211 0.0311264 0.107483 
0.16893 0.0463644 0.0717885 
0.29845 0.0909009 0.0694977 
0.389173 0.13367 0.0857713 
0.411763 0.171687 0.131931 
0.384666 0.235618 0.244609 
0.360342 0.370451 0.462752 
0.39191 0.603597 0.796884 
0.501216 0.920953 1.21096 
0.66698 1.2663 1.62977 
0.838164 1.56468 1.96896 
0.962358 1.75599 2.17111 
1.01148 1.81965 2.22764 
0.990932 1.77794 2.17537 
0.929802 1.67818 2.07128 
0.860719 1.56606 1.96067 
0.802437 1.46514 1.85676 
0.754444 1.37284 1.74167 
0.704604 1.27254 1.58644 
0.643306 1.15289 1.37762 
0.57481 1.02256 1.13483 
