1.24672 1.80503 1.68616 
1.65658 2.20546 1.96234 
1.82538 2.36216 2.08118 
1.65364 2.20705 2.00256 
1.19531 1.77401 1.73156 
0.629391 1.18464 1.32027 
0.172899 0.599042 0.851851 
0.000251282 0.168724 0.420298 
0.199968 0.00883138 0.118008 
0.74909 0.170542 0.019357 
1.48985 0.598258 0.141809 
2.1462 1.10777 0.404443 
2.4312 1.44917 0.644 
2.21507 1.45359 0.715235 
1.62303 1.15429 0.604016 
0.953006 0.757363 0.436034 
0.464046 0.472312 0.357606 
0.226948 0.366724 0.412626 
0.172601 0.391659 0.556296 
0.26064 0.530301 0.783752 
0.557368 0.869954 1.1945 
1.1229 1.48305 1.87217 
1.84383 2.24387 2.69181 
2.43011 2.81733 3.2969 
2.61632 2.88437 3.33267 
2.37033 2.39991 2.73661 
1.89476 1.62506 1.80023 
1.42936 0.906316 0.941014 
1.06884 0.429983 0.414105 
0.769221 0.1785 0.228076 
0.491051 0.0751642 0.285999 
0.286077 0.10993 0.538917 
0.227363 0.301044 0.970292 
0.285386 0.569904 1.46491 
0.322838 0.721475 1.76959 
0.24319 0.601798 1.65279 
0.142408 0.289887 1.13519 
0.285553 0.112249 0.554699 
0.892584 0.421424 0.364421 
1.90782 1.30366 0.80558 
2.96038 2.45956 1.71656 
3.5679 3.36442 2.62837 
3.43562 3.59014 3.06637 
2.63151 3.05333 2.83015 
1.52711 2.03104 2.06929 
0.573212 0.969552 1.14484 
0.0772516 0.241636 0.40852 
0.107532 0.000482527 0.0457876 
0.538032 0.179024 0.0457889 
1.16628 0.590422 0.271688 
1.82006 1.04776 0.563421 
2.39436 1.43091 0.80727 
2.81042 1.67288 0.94046 
2.95556 1.7077 0.917684 
2.69989 1.46992 0.712086 
2.02471 0.990759 0.3907 
1.15729 0.505012 0.192938 
0.533814 0.40485 0.469941 
0.536493 0.985516 1.43968 
1.1903 2.1598 2.92669 
2.10157 3.42203 4.35385 
2.72904 4.15603 5.07402 
2.76615 4.05726 4.80855 
2.30676 3.31199 3.82521 
1.68211 2.39457 2.70454 
1.16273 1.68934 1.90713 
0.804123 1.27084 1.50868 
0.524712 0.9843 1.28275 
0.274329 0.684695 0.994725 
0.109444 0.392962 0.626775 
0.130105 0.259602 0.371307 
0.371265 0.412066 0.446467 
0.753072 0.831106 0.904095 
1.11615 1.33962 1.56425 
1.30125 1.69255 2.10201 
1.22311 1.70488 2.22405 
0.90966 1.35211 1.83688 
0.495238 0.795484 1.11602 
0.166717 0.312625 0.428133 
0.0765868 0.154664 0.131281 
0.259609 0.399402 0.359525 
0.603901 0.894152 0.933477 
0.909883 1.34469 1.47737 
1.01499 1.5082 1.67871 
0.902022 1.35513 1.50135 
0.704014 1.07005 1.1803 
0.593319 0.886013 1.00126 
0.642066 0.89164 1.05677 
0.770441 0.976253 1.19137 
0.823294 0.951905 1.17171 
0.703453 0.73171 0.911261 
0.446695 0.403171 0.542549 
0.182964 0.143567 0.287424 
0.0284936 0.0680727 0.262606 
0.00437519 0.147375 0.397572 
0.0433124 0.253753 0.51889 
0.065563 0.27813 0.50353 
0.0481694 0.209348 0.361024 
0.0263014 0.11573 0.190303 
0.037234 0.0649145 0.0770576 
0.0754376 0.0699605 0.0392901 
0.108475 0.109069 0.0609401 
0.126324 0.177588 0.151346 
0.153756 0.295334 0.343262 
0.206846 0.456715 0.625514 
0.261564 0.600871 0.903358 
0.30533 0.673227 1.06552 
0.435464 0.734417 1.10959 
0.874926 0.980726 1.18167 
1.82904 1.60292 1.45267 
3.27603 2.58454 1.93135 
4.88648 3.63561 2.40507 
6.17478 4.35132 2.58704 
6.7789 4.47484 2.34218 
6.65227 4.04671 1.78405 
6.03786 3.33543 1.167 
5.28189 2.64121 0.695413 
4.64839 2.14723 0.42878 
4.24368 1.90317 0.33545 
4.04081 1.88478 0.391809 
3.93416 2.03169 0.602937 
3.78447 2.23842 0.936146 
3.46427 2.35459 1.26774 
2.91431 2.24234 1.42776 
2.18433 1.86242 1.31545 
1.41685 1.31013 0.977219 
0.771455 0.758905 0.572407 
0.341567 0.353841 0.259007 
0.125555 0.140706 0.100301 
0.0644907 0.0770486 0.0611959 
0.0999005 0.0945506 0.0731568 
0.196093 0.145859 0.0930145 
0.319506 0.204084 0.109285 
0.417113 0.241831 0.116398 
0.432239 0.231839 0.104713 
0.346143 0.171579 0.0783819 
0.198505 0.0946955 0.0664397 
0.0625069 0.0454403 0.0978074 
0.0021043 0.0419609 0.162577 
0.054244 0.073401 0.210911 
0.238226 0.133593 0.20183 
0.55433 0.242198 0.149741 
0.953508 0.414983 0.110591 
1.31749 0.613471 0.118581 
1.50145 0.743666 0.147201 
1.42625 0.724359 0.142992 
1.13781 0.560197 0.092949 
0.770463 0.340414 0.0447149 
0.448709 0.164505 0.0564519 
0.223044 0.07507 0.138109 
0.0873605 0.0598656 0.25139 
0.0296287 0.0977538 0.359063 
0.0443257 0.180143 0.457025 
0.104962 0.28926 0.554759 
0.156439 0.380854 0.640784 
0.155895 0.409726 0.683216 
0.114252 0.369806 0.661053 
0.0795642 0.294628 0.581385 
0.0771989 0.217039 0.465546 
0.0816449 0.144037 0.336311 
0.0568768 0.0813018 0.232682 
0.0133695 0.0689245 0.225583 
0.0056269 0.165574 0.387426 
0.0675667 0.381509 0.72111 
0.162757 0.634347 1.11821 
0.213572 0.790547 1.40622 
0.183102 0.76686 1.46083 
0.121973 0.598826 1.29075 
0.1278 0.411536 1.02267 
0.255365 0.31994 0.802652 
0.463777 0.347469 0.698801 
0.647668 0.427288 0.67937 
0.719219 0.472129 0.668391 
0.666712 0.443794 0.618428 
0.547018 0.367136 0.538408 
0.434392 0.292693 0.465973 
0.379791 0.255261 0.424427 
0.407552 0.264628 0.407853 
0.527569 0.320236 0.398971 
0.728582 0.417043 0.389516 
0.954348 0.531029 0.378701 
1.10237 0.609278 0.358605 
1.07344 0.59311 0.312644 
0.845853 0.465632 0.234761 
0.510756 0.280617 0.14817 
0.229337 0.139725 0.0999308 
0.13808 0.131101 0.133146 
0.271407 0.27659 0.260975 
0.553436 0.524828 0.462193 
0.854357 0.788047 0.696186 
1.0643 0.990576 0.921603 
1.13817 1.09808 1.1073 
1.09618 1.11812 1.2353 
0.994587 1.08181 1.29995 
0.891032 1.02224 1.30507 
0.821007 0.960158 1.25901 
0.790651 0.900554 1.16977 
0.783074 0.83826 1.04427 
0.771927 0.767184 0.892765 
0.734965 0.686672 0.733251 
0.662866 0.601421 0.588621 
0.563865 0.518052 0.47608 
0.466971 0.445586 0.398629 
0.420716 0.401535 0.349188 
0.477197 0.413401 0.324238 
0.657764 0.50281 0.329737 
0.919537 0.656853 0.367722 
1.15767 0.813873 0.416401 
1.25869 0.888767 0.431258 
1.17278 0.82755 0.376018 
0.944942 0.646123 0.256652 
0.675629 0.416782 0.122009 
0.446774 0.215537 0.0279544 
0.280672 0.0804971 0.000936535 
0.160119 0.0131336 0.0339036 
0.0724141 0.0029007 0.106057 
0.0232341 0.0356815 0.192748 
0.0153257 0.0817456 0.256873 
0.0358351 0.0990472 0.252527 
0.0798601 0.0718816 0.163851 
0.17704 0.0467949 0.0465885 
0.367374 0.106905 0.0100922 
0.631699 0.286707 0.129292 
0.855926 0.511508 0.364205 
0.896884 0.644039 0.581563 
0.71288 0.61505 0.678172 
0.432072 0.510455 0.689325 
0.267846 0.508479 0.760799 
0.335658 0.704626 0.993065 
0.538627 0.989347 1.30559 
0.644946 1.11419 1.46792 
0.506105 0.909623 1.29068 
0.222723 0.463508 0.809031 
0.0958503 0.0874518 0.284703 
0.387115 0.0818424 0.0127351 
1.08488 0.492709 0.0963457 
1.87646 1.06625 0.3818 
2.35426 1.43777 0.600236 
2.29029 1.39482 0.5835 
1.76635 1.00356 0.370145 
1.07909 0.517629 0.131636 
0.52223 0.172727 0.0102312 
0.226199 0.0442788 0.0197327 
0.155735 0.0619545 0.0784331 
0.2202 0.127582 0.114339 
0.371578 0.209069 0.130127 
0.607126 0.33296 0.174551 
0.900318 0.507125 0.265602 
1.15168 0.667167 0.351963 
1.22476 0.707442 0.353768 
1.04475 0.570988 0.244017 
