0.525347 0.547244 0.584771 
0.412352 0.420141 0.444213 
0.304571 0.279342 0.261527 
0.237965 0.179626 0.10813 
0.221028 0.147627 0.0308958 
0.235585 0.175201 0.0385789 
0.249779 0.229223 0.106724 
0.235037 0.270419 0.194803 
0.180103 0.272738 0.266954 
0.0987532 0.236946 0.308953 
0.0294579 0.194276 0.336047 
0.0251139 0.197332 0.387995 
0.132191 0.298194 0.510756 
0.364037 0.519537 0.729926 
0.680474 0.831432 1.02749 
0.988732 1.14891 1.33588 
1.17366 1.35847 1.55766 
1.14912 1.36679 1.60603 
0.906575 1.1497 1.44805 
0.532647 0.774739 1.12755 
0.18059 0.381246 0.7532 
0.00489218 0.123839 0.45501 
0.0900957 0.105359 0.329979 
0.409952 0.332027 0.40313 
0.837917 0.712207 0.621651 
1.20337 1.09772 0.882198 
1.36538 1.34623 1.07562 
1.26944 1.37566 1.12776 
0.964046 1.18882 1.02071 
0.574631 0.862755 0.790343 
0.250516 0.512151 0.50627 
0.108503 0.244606 0.245094 
0.193879 0.124951 0.0673182 
0.470407 0.160046 0.00477295 
0.839856 0.306969 0.0607633 
1.18196 0.498857 0.220114 
1.39888 0.675911 0.461976 
1.44661 0.806995 0.76696 
1.34113 0.892056 1.11388 
1.13864 0.946144 1.4691 
0.902461 0.976811 1.77849 
0.675469 0.970934 1.97268 
0.472676 0.900928 1.98869 
0.294913 0.74704 1.79889 
0.150596 0.520786 1.43145 
0.0676034 0.272703 0.968383 
0.084848 0.0770329 0.519643 
0.227919 0.000508311 0.185133 
0.484958 0.0723201 0.0226188 
0.799787 0.271499 0.0354636 
1.08885 0.537624 0.182739 
1.27402 0.798003 0.403584 
1.31404 0.996921 0.643149 
1.21838 1.11342 0.869823 
1.03772 1.16149 1.07921 
0.837513 1.17532 1.28588 
0.669349 1.18838 1.50742 
0.553882 1.21613 1.74714 
0.481406 1.24906 1.98243 
0.426268 1.25791 2.1644 
0.365012 1.20772 2.23116 
0.288693 1.07492 2.13127 
0.205739 0.861461 1.84897 
0.138229 0.601465 1.42038 
0.116578 0.357676 0.931581 
0.174343 0.206549 0.496061 
0.340303 0.213491 0.217022 
0.624794 0.404645 0.148601 
1.00368 0.747267 0.273666 
1.41139 1.15239 0.511943 
1.75539 1.50629 0.759252 
1.95361 1.72143 0.941193 
1.97829 1.78183 1.05258 
1.87853 1.75404 1.1572 
1.76099 1.75076 1.34309 
1.73249 1.86251 1.65655 
1.83581 2.09629 2.05519 
2.01903 2.36064 2.41268 
2.16056 2.51035 2.57731 
2.13758 2.42631 2.45213 
1.89659 2.08318 2.04866 
1.48341 1.56441 1.48243 
1.01652 1.01762 0.914353 
0.623297 0.580313 0.475068 
0.379727 0.320617 0.215873 
0.286787 0.223487 0.108658 
0.289707 0.22104 0.0846054 
0.319916 0.240356 0.0807989 
0.331137 0.23847 0.0670671 
0.312453 0.210332 0.0453884 
0.279776 0.175633 0.0332981 
0.25851 0.159894 0.0476622 
0.268961 0.180921 0.0966746 
0.318234 0.242258 0.177434 
0.397086 0.330716 0.274157 
0.4811 0.417683 0.357922 
0.538333 0.467588 0.393885 
0.544182 0.454663 0.358493 
0.497917 0.381256 0.258927 
0.430268 0.285129 0.139971 
0.394197 0.2271 0.0684524 
0.441659 0.263288 0.100837 
0.599937 0.418539 0.25377 
0.862593 0.678604 0.498001 
1.2 1.00603 0.780957 
1.57997 1.36745 1.06285 
1.98174 1.75155 1.341 
2.39247 2.16398 1.64518 
2.79024 2.60334 2.00716 
3.12913 3.03715 2.42601 
3.34192 3.39771 2.85351 
3.36338 3.60408 3.20992 
3.16172 3.59822 3.42027 
2.75915 3.37362 3.44831 
2.22816 2.97915 3.30807 
1.66562 2.49688 3.04838 
1.15902 2.00763 2.72242 
0.762847 1.56412 2.36239 
0.494938 1.18487 1.97427 
0.34998 0.868319 1.55375 
0.317889 0.614641 1.1108 
0.39403 0.439528 0.685543 
0.575545 0.37079 0.343446 
0.848131 0.430158 0.151121 
1.17419 0.612324 0.145405 
1.49246 0.875031 0.312818 
1.73226 1.1475 0.590585 
1.8362 1.35373 0.888648 
1.78029 1.43906 1.12143 
1.5814 1.38701 1.23444 
1.28914 1.21988 1.21553 
0.967004 0.985086 1.08927 
0.672011 0.735723 0.900769 
0.440721 0.514293 0.697447 
0.28504 0.34469 0.51569 
0.196459 0.232736 0.375185 
0.155232 0.172521 0.280833 
0.140894 0.154858 0.229742 
0.140819 0.174047 0.219095 
0.153494 0.229406 0.249688 
0.184243 0.319795 0.32175 
0.234667 0.433531 0.424818 
0.292191 0.541018 0.52957 
0.328735 0.598816 0.591325 
0.313557 0.568241 0.56882 
0.23543 0.440797 0.450136 
0.119717 0.253985 0.268793 
0.0252091 0.0828051 0.0953556 
0.0167974 0.00599024 0.00446118 
0.127212 0.0639075 0.0348216 
0.331693 0.23381 0.167194 
0.554276 0.43969 0.335341 
0.704977 0.592393 0.463487 
0.726465 0.63567 0.506056 
0.621725 0.570059 0.464843 
0.44652 0.441998 0.375785 
0.273612 0.309195 0.279148 
0.153257 0.207692 0.196688 
0.0943136 0.141373 0.130435 
0.0736605 0.0957179 0.0784748 
0.0618074 0.0597999 0.0495447 
0.0440453 0.0372248 0.0612924 
0.0239575 0.0389014 0.12309 
0.0118042 0.0669543 0.219231 
0.0111446 0.105964 0.309271 
0.0155008 0.130292 0.348539 
0.0161186 0.121847 0.315092 
0.0120573 0.0837345 0.223563 
0.0128866 0.03887 0.115959 
0.0317332 0.0148623 0.0364296 
0.0748714 0.026768 0.00775852 
0.136271 0.069667 0.0241448 
0.200508 0.124308 0.0616622 
0.250542 0.169413 0.0957487 
0.274222 0.191318 0.113037 
0.266399 0.186374 0.112385 
0.228315 0.158398 0.0992092 
0.167491 0.116019 0.0803953 
0.0985632 0.0717604 0.0630169 
0.0418805 0.0403748 0.0543738 
0.0168863 0.0335141 0.0595115 
0.0319243 0.0521012 0.0764324 
0.0772283 0.0824242 0.0938926 
0.128081 0.101654 0.0965131 
0.158948 0.0921347 0.0761231 
0.160876 0.0560587 0.0416714 
0.150394 0.0196112 0.0189223 
0.162321 0.0213849 0.0374302 
0.229164 0.0902837 0.111664 
0.35903 0.225935 0.228431 
0.525795 0.39404 0.349642 
0.678185 0.540302 0.42986 
0.763137 0.615415 0.438669 
0.75051 0.597264 0.374989 
0.645881 0.498727 0.265706 
0.485523 0.358222 0.150521 
0.317794 0.2198 0.0625185 
0.181985 0.114309 0.0152587 
0.0956911 0.050966 0.00209454 
0.0555986 0.0215325 0.00579435 
0.0484603 0.0120372 0.0110913 
0.063782 0.0136302 0.0124348 
0.100087 0.0262728 0.0134746 
0.161816 0.0545114 0.020521 
0.250326 0.0998017 0.0356881 
0.356061 0.155496 0.0547112 
0.457711 0.208014 0.0704185 
0.52935 0.243068 0.078565 
0.55141 0.252445 0.0812296 
0.519312 0.237 0.0851439 
0.445408 0.204645 0.0963946 
0.354014 0.165663 0.115755 
0.272746 0.12897 0.138349 
0.224226 0.101286 0.157931 
0.220742 0.0883128 0.1724 
0.262319 0.0953011 0.186159 
0.33748 0.12527 0.20719 
0.42608 0.175643 0.240595 
0.503978 0.23602 0.28296 
0.549092 0.289591 0.32151 
0.54748 0.318483 0.33898 
0.49738 0.31075 0.321755 
0.409542 0.265599 0.267053 
0.303642 0.194392 0.185636 
0.202242 0.11706 0.0989141 
0.12456 0.0556086 0.0317936 
0.0820488 0.0272723 0.00426957 
0.076758 0.0397316 0.0250165 
0.102518 0.0898872 0.0893869 
0.148349 0.166474 0.182543 
0.202996 0.255417 0.286395 
0.258965 0.345606 0.38726 
0.314198 0.432279 0.48061 
0.370169 0.516125 0.570462 
0.427006 0.598467 0.663728 
0.478435 0.675512 0.762773 
0.510393 0.73582 0.860778 
0.505697 0.763728 0.943128 
0.45352 0.74772 0.994455 
0.358551 0.688945 1.00708 
0.243516 0.603827 0.985258 
0.141684 0.517622 0.941737 
0.0819769 0.451432 0.888362 
0.0746135 0.410204 0.826698 
0.106101 0.379826 0.745782 
0.147479 0.336547 0.629978 
0.17164 0.264102 0.473291 
0.169481 0.168255 0.291391 
0.154878 0.0790411 0.122807 
0.155237 0.0380398 0.0167044 
0.193532 0.0772194 0.0126824 
