0.0340873 0.00294003 0.0480454 
0.0418894 0.0643051 0.161679 
0.285202 0.262062 0.327436 
0.630957 0.49029 0.471152 
0.868031 0.607754 0.510991 
0.827701 0.522488 0.405518 
0.51964 0.27858 0.200493 
0.166089 0.0649698 0.0282043 
0.0667748 0.104662 0.0354056 
0.371929 0.486907 0.278848 
0.951746 1.0815 0.674742 
1.49264 1.62572 1.05711 
1.74737 1.92044 1.30137 
1.71302 1.96115 1.40071 
1.57906 1.88964 1.42786 
1.51982 1.83337 1.43528 
1.55632 1.80815 1.41021 
1.61761 1.7741 1.32938 
1.6996 1.75185 1.23281 
1.91329 1.83795 1.20895 
2.35112 2.08457 1.29228 
2.91876 2.38016 1.39056 
3.33168 2.48375 1.34015 
3.30779 2.20667 1.04997 
2.7891 1.58043 0.59651 
2.00063 0.861746 0.182075 
1.30823 0.377052 0.0024254 
0.999102 0.335184 0.138681 
1.13981 0.731518 0.537796 
1.57876 1.37508 1.05801 
2.05847 1.99467 1.52879 
2.35581 2.36206 1.80569 
2.37424 2.38017 1.81994 
2.14906 2.09983 1.60479 
1.78132 1.66183 1.27264 
1.36317 1.21004 0.9519 
0.954982 0.840384 0.733057 
0.614448 0.608589 0.660348 
0.418303 0.555094 0.750616 
0.428492 0.694763 0.993912 
0.629665 0.977552 1.32831 
0.915511 1.28117 1.63339 
1.15975 1.47429 1.78073 
1.3131 1.50777 1.71546 
1.4281 1.44656 1.49666 
1.5803 1.40342 1.25301 
1.76168 1.4312 1.08732 
1.85582 1.47282 1.01007 
1.72727 1.41461 0.953363 
1.34642 1.19228 0.84479 
0.834493 0.853398 0.672558 
0.387687 0.525318 0.489839 
0.15102 0.32751 0.367947 
0.15528 0.315128 0.355543 
0.363075 0.500633 0.487132 
0.758709 0.911057 0.819141 
1.37246 1.59271 1.42448 
2.20083 2.5284 2.30921 
3.10224 3.53901 3.30997 
3.79165 4.2894 4.08916 
3.9756 4.44334 4.28636 
3.53694 3.87394 3.74399 
2.62335 2.76745 2.63651 
1.56866 1.53221 1.39131 
0.707622 0.575348 0.450615 
0.216397 0.103551 0.0430782 
0.0712467 0.0683749 0.11078 
0.121538 0.2589 0.408814 
0.204271 0.451792 0.678362 
0.226817 0.52061 0.774909 
0.187488 0.461466 0.696683 
0.145244 0.351398 0.533543 
0.167449 0.281652 0.390391 
0.282908 0.302579 0.329443 
0.459677 0.399995 0.349513 
0.61759 0.507516 0.399781 
0.671267 0.546407 0.414963 
0.58149 0.472674 0.354167 
0.383053 0.305658 0.225359 
0.168508 0.120887 0.0836281 
0.0367602 0.0109527 0.00414911 
0.0405243 0.0377475 0.0436371 
0.165102 0.202712 0.209601 
0.345551 0.448298 0.45279 
0.504484 0.686451 0.688126 
0.587171 0.83907 0.835949 
0.579914 0.871425 0.861791 
0.5081 0.801665 0.788758 
0.418689 0.682253 0.673273 
0.360707 0.570135 0.565836 
0.378529 0.511508 0.49305 
0.515674 0.546928 0.47215 
0.805176 0.710959 0.526966 
1.23073 1.00156 0.668574 
1.68731 1.34021 0.853064 
2.00087 1.58188 0.976839 
2.02779 1.60124 0.945215 
1.76679 1.39529 0.763736 
1.37551 1.09945 0.553457 
1.05737 0.883499 0.454979 
0.910224 0.815201 0.504812 
0.872851 0.820133 0.606928 
0.812004 0.77187 0.628011 
0.656391 0.616226 0.517445 
0.448544 0.407889 0.334711 
0.28186 0.23961 0.173586 
0.205692 0.153381 0.0778586 
0.195021 0.122844 0.031558 
0.195784 0.103496 0.00768684 
0.180574 0.079399 6.63424e-05 
0.160612 0.0622271 0.00693794 
0.164739 0.0689851 0.0116453 
0.226725 0.123199 0.00918278 
0.388707 0.273685 0.0534337 
0.688403 0.581583 0.249302 
1.11329 1.0569 0.663147 
1.56115 1.59951 1.22639 
1.86715 2.02243 1.74008 
1.90154 2.16402 2.0006 
1.66168 1.99925 1.94239 
1.27076 1.64642 1.66741 
0.879843 1.26235 1.33881 
0.566454 0.929332 1.04957 
0.323993 0.641347 0.794318 
0.1352 0.385397 0.553646 
0.0300212 0.208581 0.375495 
0.0529372 0.183045 0.347444 
0.181381 0.308144 0.488154 
0.306989 0.473968 0.690701 
0.324333 0.547406 0.799654 
0.240244 0.498296 0.750909 
0.178305 0.427099 0.625276 
0.261467 0.458482 0.557469 
0.490309 0.612034 0.599123 
0.74052 0.784043 0.678725 
0.875279 0.850468 0.687935 
0.854249 0.776781 0.590135 
0.742362 0.630915 0.442167 
0.636377 0.511071 0.330882 
0.59634 0.477112 0.309674 
0.63112 0.538547 0.38949 
0.715415 0.67432 0.558089 
0.80336 0.843521 0.782659 
0.843044 0.991631 1.0033 
0.809139 1.07879 1.15657 
0.732986 1.11671 1.22555 
0.685435 1.16374 1.25804 
0.711063 1.26259 1.31528 
0.777614 1.37982 1.3968 
0.801001 1.41948 1.42603 
0.724959 1.30662 1.31933 
0.571201 1.05616 1.06771 
0.411007 0.758858 0.747997 
0.300312 0.508208 0.460493 
0.254495 0.348992 0.263863 
0.277345 0.286306 0.163971 
0.385875 0.316078 0.141915 
0.584698 0.425035 0.173073 
0.821785 0.567269 0.223602 
0.994469 0.667522 0.252146 
1.01814 0.667855 0.232974 
0.891373 0.572216 0.176255 
0.691244 0.439312 0.1172 
0.509824 0.334259 0.0864396 
0.40018 0.292866 0.0983368 
0.372152 0.324438 0.163811 
0.413035 0.424454 0.293585 
0.493096 0.565617 0.471397 
0.559559 0.684546 0.631261 
0.552636 0.705217 0.687781 
0.447317 0.596773 0.60911 
0.279291 0.408402 0.458364 
0.120833 0.236524 0.349404 
0.027359 0.151463 0.353262 
0.00670769 0.154359 0.446214 
0.0332659 0.198421 0.544578 
0.0804165 0.240268 0.581276 
0.136949 0.267819 0.548263 
0.203186 0.290989 0.4799 
0.281833 0.319977 0.412735 
0.368467 0.352495 0.362169 
0.438979 0.370344 0.322552 
0.447263 0.344656 0.278178 
0.355179 0.257794 0.21968 
0.184374 0.135202 0.161869 
0.0349889 0.0522176 0.145484 
0.0279531 0.0885491 0.207946 
0.205292 0.258726 0.342728 
0.483834 0.488846 0.493281 
0.718537 0.674317 0.599213 
0.820574 0.766663 0.650855 
0.814071 0.799416 0.689613 
0.779161 0.826572 0.748787 
0.751159 0.845133 0.800964 
0.689131 0.792016 0.775829 
0.543438 0.620351 0.633353 
0.33822 0.36845 0.412695 
0.17044 0.142016 0.203239 
0.12411 0.0266618 0.0704045 
0.192172 0.0219798 0.0149113 
0.285755 0.0597579 0.000490554 
0.314604 0.0773037 0.00820577 
0.255347 0.0676801 0.0548108 
0.151542 0.0672513 0.163423 
0.0645699 0.110385 0.329208 
0.0309287 0.202623 0.519266 
0.0552401 0.32836 0.700261 
0.127205 0.47155 0.860196 
0.239037 0.626534 1.00674 
0.391121 0.794802 1.15112 
0.582586 0.972082 1.29063 
0.789974 1.13078 1.39464 
0.952525 1.2122 1.40328 
0.99196 1.15028 1.25592 
0.869452 0.92597 0.945882 
0.634629 0.607949 0.556972 
0.408356 0.326645 0.230789 
0.296548 0.184625 0.0720426 
0.307516 0.178807 0.0712298 
0.353928 0.212263 0.122034 
0.341834 0.189753 0.122081 
0.262129 0.105843 0.0602555 
0.197523 0.0411994 0.00733716 
0.243222 0.0764193 0.0275606 
0.422426 0.213959 0.108281 
0.675635 0.383998 0.179468 
0.924247 0.520194 0.196055 
1.13788 0.622517 0.191454 
1.33987 0.744179 0.244664 
1.55472 0.92152 0.395436 
1.76104 1.12355 0.595116 
1.90408 1.27517 0.743968 
1.95536 1.33105 0.7795 
1.95334 1.32452 0.731499 
1.97535 1.3402 0.693513 
2.0612 1.43448 0.740331 
2.16114 1.57819 0.867591 
2.16093 1.67309 1.00193 
1.96554 1.62475 1.06244 
1.57159 1.40765 1.0149 
1.0726 1.07502 0.880171 
0.601156 0.718049 0.705683 
0.257341 0.414762 0.533826 
0.0714119 0.202597 0.388693 
0.0128976 0.0800258 0.278082 
0.0259138 0.0234687 0.199148 
0.0624692 0.00502685 0.143176 
0.0978269 0.00442421 0.101203 
0.128526 0.0139326 0.07003 
0.162492 0.0369916 0.0546807 
0.209389 0.0823502 0.0653327 
