1.33516 1.40431 1.66856 
1.25444 1.55711 1.9578 
1.05383 1.48924 1.95557 
0.794001 1.26931 1.74398 
0.56607 1.01298 1.45734 
0.430608 0.801713 1.19296 
0.397738 0.658029 0.983259 
0.428431 0.55903 0.813526 
0.445627 0.461127 0.653692 
0.373359 0.332951 0.489481 
0.20652 0.19422 0.344356 
0.0579879 0.131207 0.276678 
0.11329 0.25464 0.343795 
0.495645 0.612702 0.553832 
1.14483 1.1279 0.845539 
1.82483 1.62123 1.11687 
2.26576 1.91186 1.27844 
2.32242 1.91143 1.28744 
2.02636 1.64516 1.14489 
1.52076 1.20905 0.880439 
0.967435 0.72214 0.551783 
0.500189 0.304503 0.248004 
0.213802 0.0571532 0.0639131 
0.142304 0.020198 0.044028 
0.229934 0.137332 0.144124 
0.347117 0.279249 0.257489 
0.371754 0.329527 0.293509 
0.277369 0.267069 0.243596 
0.145519 0.172636 0.181168 
0.0870757 0.154296 0.201065 
0.144511 0.257601 0.348372 
0.262984 0.434 0.585752 
0.348673 0.585665 0.816742 
0.350951 0.641015 0.946499 
0.290992 0.597265 0.938836 
0.223389 0.505957 0.833563 
0.189066 0.433669 0.721153 
0.216028 0.442158 0.701009 
0.349293 0.586089 0.842097 
0.637467 0.885566 1.14041 
1.05377 1.26555 1.48039 
1.43714 1.53488 1.65315 
1.56104 1.48464 1.47747 
1.3131 1.06628 0.965762 
0.823332 0.484586 0.377321 
0.395019 0.0796517 0.0598755 
0.278315 0.0727946 0.183315 
0.486475 0.400926 0.604066 
0.811845 0.787178 0.990796 
1.00517 0.967965 1.08967 
0.948125 0.865104 0.883641 
0.695931 0.581872 0.533747 
0.407188 0.286811 0.216038 
0.251551 0.121326 0.034499 
0.349168 0.18206 0.0536824 
0.734963 0.523108 0.34307 
1.33446 1.12261 0.933315 
1.96891 1.83906 1.71977 
2.41337 2.4294 2.43861 
2.49472 2.65474 2.78336 
2.17659 2.41339 2.59085 
1.57714 1.80357 1.9499 
0.90766 1.06705 1.14389 
0.372651 0.455433 0.474422 
0.094198 0.115572 0.103082 
0.0961583 0.0626023 0.0182367 
0.330016 0.227655 0.116201 
0.698679 0.512606 0.296813 
1.06438 0.808004 0.492172 
1.27239 0.996497 0.640935 
1.21705 0.986755 0.67857 
0.915235 0.772304 0.575468 
0.511837 0.452862 0.376905 
0.187813 0.174723 0.183317 
0.0380004 0.0297319 0.0761385 
0.0247311 0.00304454 0.0601746 
0.0444942 0.0149019 0.0782149 
0.0386208 0.00904185 0.0768694 
0.0453838 0.000923979 0.0537994 
0.156184 0.0484239 0.0450267 
0.426182 0.184589 0.0762181 
0.816399 0.377772 0.131536 
1.20387 0.547496 0.166526 
1.4433 0.615026 0.147293 
1.44024 0.550107 0.081178 
1.19898 0.3883 0.0184639 
0.821151 0.212474 0.0260883 
0.45135 0.106764 0.146756 
0.198262 0.106247 0.363381 
0.0842561 0.176175 0.592859 
0.0632085 0.24323 0.724922 
0.091815 0.262748 0.693087 
0.188499 0.268305 0.531125 
0.419461 0.353989 0.3647 
0.81784 0.59353 0.33076 
1.31073 0.960946 0.478689 
1.73107 1.32536 0.731152 
1.9177 1.53243 0.938954 
1.8228 1.50727 0.98599 
1.53391 1.29285 0.858668 
1.19464 0.998022 0.630652 
0.90157 0.713366 0.393717 
0.670442 0.475829 0.207666 
0.485198 0.299236 0.103859 
0.354308 0.209741 0.105832 
0.301748 0.226713 0.216076 
0.312981 0.313689 0.382051 
0.325352 0.38494 0.51163 
0.302741 0.39824 0.565172 
0.316221 0.442594 0.639154 
0.51501 0.695272 0.91877 
0.981592 1.24721 1.4961 
1.60674 1.95687 2.2161 
2.12454 2.49777 2.72634 
2.29601 2.58562 2.72234 
2.08449 2.19309 2.1834 
1.67844 1.57127 1.39621 
1.35842 1.07554 0.758826 
1.32095 0.946856 0.537376 
1.57166 1.19567 0.746912 
1.93091 1.62825 1.19416 
2.13868 1.97028 1.61146 
2.01301 2.02258 1.80013 
1.58174 1.78281 1.73177 
1.09275 1.46211 1.56632 
0.86617 1.35996 1.55801 
1.07095 1.65246 1.87707 
1.58689 2.23587 2.45399 
2.06561 2.75427 2.97179 
2.15727 2.81737 3.04575 
1.74458 2.26931 2.49022 
1.01991 1.31829 1.48566 
0.353971 0.424137 0.506685 
0.0500541 0.00902695 0.0357646 
0.155078 0.18867 0.253223 
0.456639 0.714689 0.92806 
0.660075 1.16842 1.59255 
0.606208 1.25805 1.86776 
0.362908 0.994657 1.69309 
0.132455 0.627738 1.30067 
0.0746935 0.421872 0.990107 
0.208373 0.475244 0.910169 
0.456581 0.710499 1.01027 
0.747804 0.989536 1.14629 
1.04333 1.20694 1.20068 
1.27923 1.29301 1.12001 
1.33738 1.19187 0.899299 
1.12815 0.896119 0.584408 
0.71085 0.506379 0.286888 
0.300043 0.20981 0.144057 
0.118444 0.153281 0.217379 
0.228526 0.323988 0.425004 
0.500492 0.56147 0.595669 
0.731693 0.689953 0.603825 
0.794469 0.642505 0.4563 
0.693424 0.476096 0.257594 
0.517952 0.294321 0.10749 
0.356816 0.164948 0.0346082 
0.24511 0.0946456 0.00982103 
0.170612 0.0592988 0.00189426 
0.116559 0.0466158 0.0130659 
0.0892226 0.0668463 0.0651212 
0.099295 0.1243 0.158212 
0.127797 0.191811 0.255927 
0.137869 0.236249 0.327477 
0.136632 0.278434 0.406868 
0.206422 0.404828 0.585112 
0.435863 0.683208 0.910969 
0.801461 1.0547 1.29373 
1.13546 1.33286 1.53177 
1.24203 1.34151 1.46854 
1.06147 1.067 1.1303 
0.719899 0.672017 0.706086 
0.41677 0.357941 0.390603 
0.264807 0.212796 0.245465 
0.231652 0.181692 0.198759 
0.215424 0.16094 0.153233 
0.156079 0.102938 0.0795522 
0.07321 0.0356216 0.015716 
0.017638 0.00495975 0.0023727 
0.00968124 0.0191673 0.0351956 
0.0280512 0.0481702 0.074977 
0.0429225 0.061121 0.088506 
0.0447704 0.0525071 0.0723649 
0.0425461 0.0355997 0.0438972 
0.0460518 0.0223424 0.0199834 
0.0563709 0.0145969 0.0072963 
0.0684203 0.00959431 0.00689861 
0.0763699 0.00734921 0.0216035 
0.0771611 0.0121675 0.057158 
0.0728257 0.0293539 0.116988 
0.0701569 0.0606577 0.195411 
0.0763182 0.101746 0.275538 
0.0948519 0.144786 0.335308 
0.127444 0.185243 0.358323 
0.178423 0.226308 0.342001 
0.253273 0.275144 0.299174 
0.348752 0.332743 0.253653 
0.443355 0.384862 0.228968 
0.500249 0.402163 0.231435 
0.48685 0.355255 0.241082 
0.400747 0.241373 0.228059 
0.280804 0.102739 0.187201 
0.187625 0.0107048 0.152166 
0.162059 0.0152529 0.162651 
0.193979 0.0997129 0.213683 
0.229639 0.187366 0.247647 
0.214214 0.201793 0.20817 
0.136627 0.130188 0.103629 
0.0418923 0.0344613 0.0123366 
0.000309666 0.00179384 0.0204016 
0.0547738 0.0773533 0.150278 
0.187633 0.234123 0.34459 
0.33728 0.401642 0.51596 
0.449781 0.523427 0.613315 
0.511823 0.586445 0.642571 
0.530702 0.597322 0.627632 
0.494527 0.544276 0.563391 
0.376973 0.405335 0.424031 
0.193232 0.203531 0.223069 
0.0340264 0.0356348 0.0476463 
0.0136135 0.0149849 0.00575148 
0.167249 0.168729 0.125928 
0.402792 0.395614 0.315606 
0.562322 0.536508 0.430039 
0.540086 0.496253 0.389113 
0.355325 0.309857 0.234769 
0.130497 0.106773 0.0872185 
0.00704426 0.0162286 0.050035 
0.0649512 0.0894932 0.143078 
0.290422 0.284499 0.304033 
0.595692 0.508255 0.445384 
0.868016 0.678968 0.520329 
1.01917 0.764841 0.548525 
1.01573 0.779349 0.582873 
0.882786 0.748427 0.648408 
0.684309 0.685755 0.713548 
0.493359 0.600419 0.727704 
0.371311 0.526779 0.69356 
0.364514 0.538629 0.699111 
0.502198 0.71502 0.861781 
0.773789 1.06768 1.21857 
1.09784 1.48987 1.65907 
1.33081 1.79008 1.97521 
1.34162 1.80747 2.00035 
1.10411 1.52198 1.72266 
0.721606 1.0629 1.27643 
0.353903 0.609917 0.829436 
0.112196 0.279541 0.477753 
0.0124895 0.0906242 0.23355 
0.00883232 0.0103064 0.0823089 
