0.207176 0.133241 0.144734 
0.549944 0.47959 0.452324 
0.857148 0.847924 0.844999 
1.12467 1.18367 1.22846 
1.36522 1.47817 1.56385 
1.50368 1.64804 1.7514 
1.44598 1.58532 1.67363 
1.21355 1.29897 1.33989 
0.965642 0.958733 0.940431 
0.881488 0.781776 0.730119 
1.02877 0.876783 0.847874 
1.33122 1.17968 1.22354 
1.63174 1.50692 1.6257 
1.78053 1.66532 1.80053 
1.69856 1.55205 1.61752 
1.40384 1.20468 1.148 
0.99921 0.782362 0.632501 
0.626917 0.487331 0.352318 
0.412647 0.471743 0.485405 
0.426734 0.781732 1.03528 
0.670901 1.35504 1.8577 
1.08005 2.05071 2.738 
1.53345 2.6874 3.46088 
1.88384 3.08816 3.85572 
2.00852 3.13488 3.83155 
1.863 2.81601 3.40563 
1.50244 2.23587 2.70496 
1.05192 1.56935 1.92187 
0.641838 0.983148 1.23713 
0.350754 0.570968 0.753751 
0.189687 0.340246 0.482487 
0.127578 0.248956 0.382196 
0.128235 0.255573 0.416967 
0.169536 0.342199 0.580671 
0.239416 0.50052 0.871014 
0.323882 0.704057 1.24294 
0.403235 0.898941 1.59266 
0.459624 1.02454 1.79697 
0.487329 1.04606 1.78106 
0.495044 0.970812 1.55962 
0.49629 0.835787 1.21958 
0.494461 0.680062 0.863677 
0.475339 0.525674 0.5614 
0.416044 0.378189 0.33631 
0.306738 0.239606 0.181983 
0.169223 0.119732 0.0829768 
0.0549618 0.0378833 0.0273006 
0.0176608 0.0138556 0.00957827 
0.075988 0.0521792 0.026536 
0.194847 0.130258 0.0679006 
0.304006 0.203897 0.112245 
0.343317 0.232532 0.136631 
0.299687 0.206328 0.133981 
0.207528 0.151102 0.119799 
0.116911 0.106207 0.119158 
0.0594729 0.0958881 0.146751 
0.0374051 0.118067 0.199344 
0.0356545 0.154301 0.263608 
0.0402905 0.186103 0.325685 
0.0500287 0.205037 0.373383 
0.0804659 0.217538 0.398122 
0.162682 0.247858 0.404687 
0.328666 0.330118 0.417442 
0.576092 0.477045 0.461018 
0.830744 0.639665 0.519815 
0.955468 0.70736 0.523377 
0.837978 0.584989 0.40211 
0.509266 0.303755 0.183267 
0.173402 0.0500501 0.0215843 
0.0753923 0.0399887 0.0919413 
0.292698 0.32317 0.415985 
0.647338 0.707021 0.798935 
0.84676 0.902846 0.970196 
0.735527 0.77169 0.811418 
0.419614 0.435033 0.450931 
0.15482 0.151552 0.137032 
0.129637 0.0991943 0.0300327 
0.355473 0.27553 0.116587 
0.730214 0.573179 0.292242 
1.1565 0.902583 0.481853 
1.57976 1.227 0.669481 
1.94389 1.51336 0.847946 
2.16078 1.69709 0.982513 
2.15043 1.71336 1.03164 
1.90792 1.55164 0.982501 
1.52118 1.26935 0.854854 
1.12141 0.957441 0.683205 
0.814462 0.698232 0.510243 
0.6457 0.544544 0.390515 
0.606123 0.51399 0.376046 
0.651516 0.583736 0.479734 
0.715663 0.691761 0.653038 
0.728219 0.762809 0.812397 
0.650925 0.75646 0.900342 
0.512571 0.700986 0.926442 
0.400552 0.674571 0.948062 
0.399392 0.740737 1.00956 
0.526081 0.894422 1.10013 
0.72285 1.06894 1.169 
0.908694 1.19223 1.17548 
1.0324 1.2339 1.11971 
1.08197 1.20507 1.03035 
1.06232 1.12794 0.933021 
0.977289 1.01167 0.830872 
0.827446 0.848299 0.703981 
0.616401 0.625854 0.525037 
0.366815 0.358412 0.294756 
0.143607 0.118459 0.0801116 
0.0504542 0.0252886 0.00175547 
0.166859 0.160947 0.14097 
0.462371 0.472352 0.435746 
0.782849 0.772605 0.69054 
0.950688 0.873681 0.726553 
0.896252 0.734471 0.534843 
0.69433 0.475895 0.270213 
0.479852 0.254663 0.0932235 
0.340883 0.13663 0.0350171 
0.289208 0.0926401 0.0222163 
0.305525 0.0891967 0.00859122 
0.383467 0.150803 0.048977 
0.524117 0.325612 0.234507 
0.699946 0.60103 0.566019 
0.834409 0.86196 0.899292 
0.826557 0.941325 1.02238 
0.620414 0.741129 0.816662 
0.283343 0.346649 0.389136 
0.0237931 0.0361995 0.0656364 
0.0927549 0.13564 0.209529 
0.603426 0.78522 0.961257 
1.40282 1.79056 2.08983 
2.12156 2.6986 3.09507 
2.39168 3.06712 3.5074 
2.07796 2.73341 3.16646 
1.35509 1.89073 2.28131 
0.588878 0.941749 1.26047 
0.123369 0.261277 0.468109 
0.118197 0.0306637 0.0750109 
0.51341 0.214326 0.0575244 
1.101 0.639055 0.284619 
1.63277 1.09528 0.605824 
1.90952 1.40841 0.896602 
1.83687 1.47648 1.0703 
1.45089 1.29067 1.085 
0.906077 0.939948 0.956837 
0.413055 0.582683 0.763468 
0.141977 0.378025 0.614518 
0.144537 0.405162 0.590674 
0.344747 0.62024 0.687998 
0.597749 0.880752 0.812338 
0.768268 1.02285 0.837743 
0.781833 0.946871 0.695946 
0.63844 0.667895 0.437697 
0.402642 0.309955 0.221461 
0.180536 0.04957 0.232262 
0.0858534 0.0378241 0.581051 
0.200778 0.339018 1.24636 
0.543327 0.910037 2.08603 
1.05385 1.62043 2.89946 
1.61172 2.30017 3.50063 
2.08511 2.80024 3.77366 
2.3928 3.04474 3.69861 
2.53594 3.04752 3.34369 
2.57483 2.88508 2.83252 
2.57717 2.65326 2.30878 
2.58637 2.44072 1.90991 
2.62208 2.31513 1.73199 
2.67987 2.29529 1.77381 
2.7124 2.31801 1.90391 
2.62453 2.25232 1.9187 
2.31882 1.98171 1.6816 
1.77117 1.49325 1.22404 
1.07539 0.893295 0.70533 
0.423636 0.349988 0.281947 
0.0395944 0.0327163 0.0378152 
0.0935376 0.0832822 0.032371 
0.617682 0.576234 0.349965 
1.45522 1.43959 1.02436 
2.2966 2.40611 1.8972 
2.81897 3.09874 2.60837 
2.85467 3.23979 2.80649 
2.46794 2.82805 2.41942 
1.88262 2.12858 1.72874 
1.32659 1.48341 1.16997 
0.920385 1.10772 1.0377 
0.679417 1.02515 1.33945 
0.582473 1.14106 1.8675 
0.606263 1.33162 2.35711 
0.69422 1.46589 2.58547 
0.73469 1.40867 2.40828 
0.626777 1.08811 1.81476 
0.388811 0.595126 0.993813 
0.17217 0.174994 0.291489 
0.129472 0.0543058 0.0051654 
0.266785 0.248999 0.163958 
0.447483 0.557686 0.517451 
0.541206 0.754503 0.761687 
0.542632 0.778007 0.782431 
0.539662 0.735953 0.692078 
0.606016 0.767866 0.673859 
0.76286 0.940165 0.828025 
1.02341 1.25138 1.14665 
1.4092 1.6691 1.56524 
1.88459 2.11875 1.99012 
2.2995 2.46129 2.29751 
2.44791 2.53978 2.36607 
2.21359 2.28307 2.14848 
1.66535 1.76658 1.71167 
1.01256 1.16639 1.19716 
0.469529 0.652106 0.738937 
0.147732 0.312114 0.411971 
0.0421171 0.151645 0.2346 
0.0817911 0.128172 0.188281 
0.178684 0.175694 0.222303 
0.24992 0.216414 0.259863 
0.23917 0.19027 0.237883 
0.149945 0.10028 0.163081 
0.0527665 0.0197566 0.115382 
0.0284961 0.0250875 0.165657 
0.0873229 0.109486 0.282136 
0.157527 0.182914 0.344447 
0.172816 0.178778 0.27725 
0.163406 0.15142 0.161614 
0.236414 0.238104 0.180054 
0.456574 0.510341 0.431614 
0.757798 0.87462 0.811076 
0.982721 1.1342 1.0864 
1.00872 1.15042 1.09745 
0.83984 0.946465 0.879468 
0.592367 0.669246 0.605994 
0.399063 0.461238 0.426094 
0.311033 0.358006 0.351954 
0.272932 0.290187 0.287396 
0.200121 0.185085 0.16172 
0.104021 0.0834873 0.0469966 
0.14397 0.157912 0.143339 
0.520258 0.584305 0.619221 
1.27219 1.35623 1.42886 
2.16708 2.21362 2.27532 
2.8098 2.7779 2.77733 
2.90209 2.79855 2.716 
2.43766 2.30935 2.16333 
1.67962 1.57576 1.4022 
0.960031 0.897944 0.726444 
0.476271 0.438499 0.287038 
0.229006 0.190373 0.0769218 
0.110661 0.0687379 0.0196722 
0.0433111 0.0245935 0.0631313 
0.0529385 0.0886783 0.207172 
0.234529 0.32537 0.463774 
0.6464 0.744552 0.79801 
1.21946 1.24517 1.10579 
