3.26592 3.14654 2.60596 
2.76717 2.53174 2.02598 
2.12198 1.78143 1.32746 
1.59207 1.22131 0.879121 
1.31374 0.989388 0.816669 
1.29772 1.03225 1.01228 
1.4985 1.23867 1.25563 
1.8378 1.54065 1.44487 
2.17101 1.89099 1.61461 
2.29813 2.19321 1.82045 
2.08214 2.30943 2.03505 
1.58503 2.15825 2.16097 
1.06391 1.79111 2.1219 
0.79042 1.35511 1.92535 
0.84251 0.978721 1.6474 
1.0561 0.69619 1.37688 
1.17207 0.472044 1.17674 
1.03765 0.278591 1.07789 
0.696096 0.14078 1.08708 
0.322254 0.116485 1.19385 
0.0870269 0.246004 1.37727 
0.0576077 0.518509 1.61456 
0.185777 0.878987 1.89173 
0.378861 1.27527 2.22004 
0.609064 1.7223 2.6564 
0.983031 2.32942 3.29804 
1.68838 3.22888 4.21108 
2.80836 4.41041 5.30333 
4.12971 5.5817 6.24257 
5.13695 6.22025 6.54677 
5.27759 5.8626 5.86077 
4.34885 4.46015 4.2509 
2.70505 2.5146 2.27136 
1.08369 0.833876 0.69262 
0.144176 0.0444947 0.04647 
0.0575082 0.210071 0.310408 
0.457639 0.841841 0.966545 
0.778684 1.28639 1.3879 
0.696671 1.1866 1.25848 
0.327571 0.672201 0.723928 
0.0538912 0.170657 0.1963 
0.162522 0.0317153 0.00471293 
0.610133 0.278915 0.175338 
1.08913 0.656126 0.481873 
1.29521 0.875783 0.672674 
1.14606 0.831952 0.659228 
0.786752 0.620758 0.528641 
0.428447 0.406835 0.420818 
0.194086 0.291754 0.413899 
0.0889557 0.289303 0.510773 
0.0691792 0.379813 0.695356 
0.104521 0.549984 0.967197 
0.179112 0.775574 1.31441 
0.262238 0.989703 1.67079 
0.306932 1.09657 1.92246 
0.285244 1.03101 1.97024 
0.21833 0.807572 1.79143 
0.165573 0.512241 1.44753 
0.182723 0.247738 1.0397 
0.287406 0.0813414 0.657232 
0.455301 0.0291869 0.355059 
0.63811 0.0705083 0.15815 
0.78236 0.16583 0.0692266 
0.841143 0.266466 0.0677898 
0.785663 0.323003 0.109406 
0.621757 0.30284 0.138667 
0.404468 0.213524 0.116629 
0.237588 0.1178 0.0504142 
0.250624 0.127008 0.00837118 
0.555641 0.36706 0.106107 
1.19503 0.921281 0.456528 
2.09919 1.76887 1.09645 
3.07924 2.75309 1.9288 
3.87386 3.61275 2.72854 
4.24371 4.08005 3.22993 
4.07315 4.00125 3.25474 
3.42389 3.41111 2.80367 
2.50747 2.51454 2.05194 
1.58985 1.58672 1.2549 
0.880501 0.851394 0.625842 
0.463075 0.40336 0.256483 
0.295843 0.206489 0.11262 
0.26875 0.152653 0.0898929 
0.276094 0.138193 0.0881339 
0.263839 0.115091 0.0640855 
0.23484 0.0975061 0.0418774 
0.224925 0.133748 0.0852403 
0.276147 0.270083 0.253124 
0.423251 0.527405 0.563041 
0.688152 0.892946 0.975178 
1.06623 1.31609 1.39661 
1.49963 1.70295 1.70085 
1.85903 1.92297 1.76363 
1.97236 1.85106 1.51739 
1.71903 1.44867 1.01172 
1.14838 0.840499 0.439512 
0.523135 0.308642 0.0790864 
0.205482 0.156976 0.144997 
0.419771 0.502619 0.624392 
1.06045 1.15032 1.23299 
1.72487 1.6849 1.57119 
1.98349 1.75125 1.40197 
1.68454 1.31122 0.837746 
1.03992 0.65778 0.262495 
0.42568 0.168356 0.0316502 
0.0859341 0.0141609 0.197883 
0.00150471 0.0782531 0.499534 
0.0077707 0.131529 0.613917 
0.00587702 0.0749955 0.439687 
0.0485665 0.0147569 0.158972 
0.23807 0.119564 0.0452189 
0.568607 0.422195 0.21076 
0.884576 0.761396 0.519192 
0.993276 0.910124 0.718215 
0.820315 0.763872 0.656779 
0.469269 0.426402 0.403237 
0.145898 0.135882 0.189013 
0.0208931 0.10554 0.244995 
0.136765 0.400379 0.65863 
0.409838 0.92088 1.33703 
0.702466 1.47979 2.07523 
0.903913 1.90632 2.66809 
0.972637 2.11522 2.99673 
0.930521 2.11563 3.05272 
0.828987 1.97388 2.90519 
0.714075 1.76325 2.64421 
0.607723 1.53003 2.33598 
0.509258 1.28729 2.00779 
0.413459 1.03259 1.66002 
0.337067 0.777886 1.29338 
0.336903 0.574291 0.937307 
0.494283 0.507999 0.661058 
0.853121 0.650132 0.546619 
1.34331 0.979529 0.62489 
1.76346 1.34348 0.82079 
1.87702 1.52023 0.972433 
1.57967 1.36736 0.937497 
1.00313 0.941213 0.706703 
0.443963 0.467946 0.412585 
0.153437 0.171575 0.211295 
0.162893 0.107775 0.147771 
0.297222 0.156099 0.140358 
0.354915 0.168204 0.0956867 
0.279586 0.114665 0.0215643 
0.170979 0.0852201 0.0102685 
0.151429 0.160587 0.115633 
0.237067 0.30637 0.270339 
0.334255 0.401616 0.342568 
0.342139 0.361526 0.271168 
0.24556 0.21921 0.131159 
0.113817 0.0875591 0.0612366 
0.0252704 0.0520275 0.133998 
0.00248866 0.106319 0.302019 
0.0158096 0.184758 0.46279 
0.0381751 0.243871 0.562688 
0.0888593 0.306838 0.634118 
0.224134 0.434541 0.742891 
0.489165 0.662758 0.914614 
0.879728 0.969923 1.11624 
1.34605 1.29922 1.29913 
1.82769 1.60352 1.44672 
2.2833 1.8673 1.57606 
2.69081 2.09062 1.69851 
3.02288 2.25657 1.78435 
3.22145 2.31264 1.76478 
3.19747 2.18371 1.5697 
2.87062 1.8173 1.17949 
2.23786 1.24361 0.667382 
1.42479 0.609013 0.204894 
0.662204 0.136789 0.00314332 
0.175117 0.0110241 0.197218 
0.0503304 0.253093 0.741016 
0.186029 0.691235 1.40276 
0.3705 1.06191 1.88733 
0.430377 1.17215 2.00482 
0.332647 1.00051 1.76122 
0.170936 0.671354 1.31478 
0.0663593 0.344113 0.85305 
0.0754184 0.116619 0.49521 
0.177848 0.00998314 0.279137 
0.343036 0.0252757 0.21258 
0.604678 0.204086 0.322253 
1.06146 0.624119 0.647074 
1.78325 1.31819 1.17481 
2.69739 2.18384 1.78154 
3.57067 2.98306 2.25294 
4.13085 3.46654 2.40835 
4.23914 3.53586 2.24148 
3.96745 3.3014 1.94418 
3.52136 2.98137 1.76773 
3.09337 2.73755 1.83366 
2.77406 2.59415 2.06238 
2.55774 2.48241 2.26971 
2.38064 2.32293 2.31341 
2.14307 2.05571 2.1472 
1.74552 1.63589 1.77661 
1.17179 1.06867 1.23023 
0.556839 0.475059 0.608546 
0.127986 0.0801969 0.12476 
0.0222133 0.0659367 0.0189588 
0.154815 0.402409 0.374975 
0.312458 0.851151 1.02148 
0.409758 1.17581 1.64642 
0.624851 1.35395 2.02986 
1.20821 1.54783 2.1619 
2.11448 1.84603 2.13636 
2.86458 2.06787 1.96783 
2.87523 1.89271 1.56935 
2.01301 1.22762 0.931897 
0.833802 0.427286 0.284939 
0.211488 0.0821792 0.00266196 
0.641077 0.523875 0.293818 
1.8392 1.51111 0.976127 
2.9994 2.40828 1.58393 
3.44921 2.69457 1.73012 
3.11283 2.33566 1.38969 
2.42671 1.71611 0.86186 
1.89444 1.26877 0.491299 
1.74011 1.18146 0.434135 
1.90588 1.39575 0.646952 
2.24694 1.77799 1.01772 
2.64469 2.21889 1.44823 
2.96434 2.59225 1.82604 
3.01593 2.71455 1.99392 
2.65344 2.43403 1.82263 
1.93069 1.78333 1.33747 
1.11975 1.01342 0.749901 
0.531711 0.436861 0.328355 
0.298022 0.212342 0.21243 
0.316065 0.266797 0.336998 
0.390059 0.408509 0.523152 
0.405771 0.498927 0.633405 
0.370447 0.517014 0.643975 
0.319858 0.48964 0.592867 
0.246886 0.415173 0.50077 
0.171636 0.306337 0.384567 
0.28212 0.316376 0.358163 
0.932059 0.759756 0.668501 
2.37173 1.88683 1.52547 
4.37352 3.53042 2.79923 
6.1273 4.97585 3.88985 
6.64996 5.32339 4.03679 
5.50398 4.18589 2.9568 
3.24383 2.15538 1.28778 
1.12624 0.534736 0.332925 
0.227249 0.425285 1.15483 
0.67429 1.88152 3.7061 
1.65125 3.86388 6.75511 
2.15652 5.04804 8.72121 
1.82095 4.7969 8.74391 
1.07976 3.49242 7.13189 
