2.35606 1.55992 0.709813 
2.93553 2.00287 0.923996 
3.25063 2.29292 1.09915 
3.23192 2.37132 1.19762 
2.90491 2.24236 1.21057 
2.37066 1.96174 1.15373 
1.76229 1.60962 1.05645 
1.19843 1.26177 0.949992 
0.752011 0.969945 0.859141 
0.443198 0.756312 0.79846 
0.253797 0.620065 0.772205 
0.152686 0.549937 0.776421 
0.119365 0.535889 0.802388 
0.155587 0.575331 0.841342 
0.281539 0.672738 0.890012 
0.520072 0.834283 0.95492 
0.877269 1.06028 1.05204 
1.3284 1.33811 1.19921 
1.8153 1.63782 1.40254 
2.25618 1.91237 1.64297 
2.56436 2.10421 1.87159 
2.66991 2.15821 2.01978 
2.5382 2.0386 2.0227 
2.18115 1.74446 1.8466 
1.65954 1.31784 1.50716 
1.07698 0.840153 1.06929 
0.56666 0.416911 0.627931 
0.271803 0.154403 0.277758 
0.320389 0.134521 0.0844304 
0.795791 0.393849 0.0681108 
1.70866 0.912326 0.204177 
2.97938 1.61518 0.4391 
4.4414 2.38923 0.714111 
5.87118 3.11033 0.986824 
7.03944 3.67395 1.24182 
7.76802 4.01777 1.48565 
7.97119 4.12756 1.72867 
7.66631 4.02532 1.96334 
6.95264 3.74787 2.15199 
5.97144 3.32952 2.23349 
4.86764 2.79914 2.14883 
3.76768 2.19193 1.87387 
2.77573 1.56489 1.44182 
1.97843 1.00135 0.941039 
1.4452 0.595456 0.486308 
1.21799 0.420981 0.175589 
1.29544 0.499746 0.0531769 
1.62342 0.787705 0.09707 
2.10206 1.18777 0.236045 
2.60981 1.58399 0.386436 
3.03481 1.88033 0.489022 
3.3003 2.02574 0.52785 
3.37452 2.01647 0.524033 
3.26524 1.87961 0.51178 
3.00589 1.65107 0.512779 
2.64218 1.36138 0.523939 
2.2234 1.03477 0.524013 
1.79807 0.697418 0.49311 
1.41053 0.385618 0.432418 
1.09667 0.146274 0.372568 
0.879276 0.0276655 0.365923 
0.76459 0.0639707 0.466014 
0.74065 0.259547 0.70248 
0.777173 0.578936 1.06131 
0.828027 0.947499 1.47873 
0.839305 1.26588 1.85359 
0.765651 1.43783 2.07733 
0.592284 1.40437 2.07288 
0.352666 1.17096 1.8273 
0.128231 0.812337 1.40182 
0.0226192 0.447866 0.911189 
0.11729 0.19485 0.479158 
0.429561 0.121262 0.19095 
0.897196 0.222327 0.0668392 
1.40107 0.433281 0.0701306 
1.81572 0.670015 0.14295 
2.06042 0.872873 0.2468 
2.12332 1.02797 0.382513 
2.04779 1.15577 0.578029 
1.89374 1.27825 0.853558 
1.70086 1.38949 1.1886 
1.47653 1.4511 1.51427 
1.21263 1.416 1.73842 
0.915687 1.26483 1.79014 
0.62632 1.0303 1.65791 
0.412774 0.792059 1.39899 
0.341282 0.6435 1.11419 
0.441302 0.648169 0.901865 
0.686498 0.809674 0.815482 
1.00197 1.06997 0.845693 
1.29257 1.33476 0.932819 
1.47647 1.51103 0.999473 
1.50823 1.53829 0.984855 
1.38466 1.40237 0.865591 
1.13722 1.13183 0.658636 
0.819623 0.785057 0.411452 
0.496433 0.435571 0.187527 
0.232724 0.158084 0.0516128 
0.0814158 0.0134787 0.054404 
0.06799 0.0319675 0.216152 
0.178394 0.199344 0.513305 
0.359156 0.455324 0.876739 
0.534569 0.710272 1.20844 
0.635828 0.876996 1.41453 
0.628221 0.904024 1.44135 
0.52197 0.793673 1.29685 
0.361468 0.595623 1.04526 
0.200574 0.380315 0.777308 
0.079369 0.207428 0.57135 
0.0149275 0.105844 0.464723 
0.00775052 0.0727474 0.447469 
0.0546708 0.0874022 0.477611 
0.156086 0.12785 0.506477 
0.311801 0.180216 0.500183 
0.510028 0.237909 0.448748 
0.720201 0.295529 0.362702 
0.897775 0.344578 0.262921 
1.00035 0.37474 0.170362 
1.00591 0.379003 0.0996249 
0.921995 0.357794 0.0567663 
0.780086 0.318418 0.0399337 
0.618866 0.270102 0.0414089 
0.466727 0.218474 0.0505086 
0.333908 0.163888 0.0571468 
0.218463 0.10529 0.0554171 
0.12161 0.0474245 0.0459509 
0.0622673 0.006619 0.0359378 
0.0807074 0.0107549 0.0368073 
0.227074 0.0921068 0.0609335 
0.538656 0.275458 0.119151 
1.01603 0.56627 0.219797 
1.6094 0.943572 0.368138 
2.22259 1.3602 0.564114 
2.73476 1.75048 0.797597 
3.03321 2.04368 1.04338 
3.04642 2.18044 1.2605 
2.76641 2.12884 1.39998 
2.25339 1.89591 1.42044 
1.62115 1.53036 1.30599 
1.00836 1.11406 1.07736 
0.545458 0.743625 0.789863 
0.327964 0.507759 0.51803 
0.403852 0.467979 0.333631 
0.77627 0.648928 0.286445 
1.41592 1.0395 0.394628 
2.27413 1.60111 0.645766 
3.28936 2.27731 1.00475 
4.38634 3.00105 1.42325 
5.47276 3.69938 1.84747 
6.44137 4.29846 2.22397 
7.18213 4.7314 2.50498 
7.60264 4.94883 2.65443 
7.64983 4.92913 2.65453 
7.32448 4.68477 2.51137 
6.68315 4.26218 2.25745 
5.82745 3.73474 1.94905 
4.88455 3.19015 1.65658 
3.98401 2.71383 1.44823 
3.23501 2.37067 1.36972 
2.70678 2.18873 1.42683 
2.4153 2.14979 1.57873 
2.31973 2.1922 1.74783 
2.33237 2.22795 1.84554 
2.34267 2.17123 1.80513 
2.25085 1.96894 1.60803 
2.00074 1.62131 1.29132 
1.59913 1.18291 0.932277 
1.11255 0.742282 0.616523 
0.640727 0.387742 0.404268 
0.277074 0.173907 0.309868 
0.0728708 0.103421 0.302801 
0.0209181 0.131506 0.32763 
0.0653599 0.190269 0.331821 
0.131769 0.220566 0.287982 
0.162114 0.196383 0.201519 
0.13785 0.131238 0.102745 
0.0815868 0.0654296 0.0294092 
0.0392538 0.0420881 0.00847827 
0.054017 0.0844859 0.0445147 
0.145696 0.185236 0.118269 
0.304588 0.311426 0.195218 
0.499909 0.421816 0.240658 
0.695529 0.486647 0.235566 
0.863247 0.499685 0.186067 
0.986986 0.476327 0.120608 
1.05799 0.439208 0.0740205 
1.0672 0.400388 0.065712 
1.0031 0.352552 0.0854852 
0.859716 0.277719 0.099529 
0.652087 0.171416 0.0784006 
0.428886 0.0681949 0.0330494 
0.270022 0.0488428 0.0342794 
0.262892 0.216134 0.195059 
0.463306 0.643537 0.614931 
0.859106 1.32061 1.31132 
1.35812 2.12738 2.17735 
1.813 2.85975 2.99777 
2.07678 3.30232 3.52519 
2.06472 3.31704 3.58406 
1.7917 2.90408 3.15054 
1.36499 2.20266 2.36647 
0.935545 1.4306 1.47895 
0.633093 0.793407 0.736779 
0.518455 0.408901 0.295684 
0.57567 0.282422 0.176645 
0.742745 0.338009 0.290041 
0.958313 0.480513 0.503355 
1.19466 0.650155 0.711218 
1.45917 0.841017 0.872689 
1.76789 1.07996 1.0047 
2.1125 1.38633 1.14635 
2.4447 1.74126 1.32124 
2.68931 2.08557 1.5199 
2.77813 2.34528 1.70804 
2.68386 2.4678 1.85073 
2.43456 2.44775 1.93629 
2.10255 2.33086 1.98791 
1.77723 2.19807 2.05984 
1.53908 2.14095 2.22207 
1.44771 2.23975 2.53959 
1.54408 2.54808 3.05055 
1.85613 3.08199 3.74697 
2.39524 3.81019 4.56229 
3.14003 4.6469 5.37249 
4.01634 5.45464 6.01614 
4.8904 6.06493 6.33311 
5.58788 6.31774 6.2125 
5.93869 6.10954 5.63281 
5.83183 5.43201 4.67734 
5.25707 4.38363 3.51595 
4.31445 3.14681 2.35836 
3.18654 1.93784 1.39577 
2.08485 0.948032 0.752513 
1.19133 0.297857 0.463834 
0.616257 0.0182736 0.484298 
0.384185 0.0618477 0.719103 
0.447513 0.334337 1.06323 
0.71711 0.731723 1.43336 
1.09559 1.16881 1.7835 
1.50151 1.59196 2.10322 
1.87937 1.97664 2.40459 
2.19762 2.31627 2.70649 
2.44117 2.61097 3.0236 
2.60493 2.8614 3.36281 
2.69108 3.06837 3.72442 
2.70793 3.23343 4.1026 
2.66605 3.35558 4.48087 
2.56974 3.42288 4.82356 
2.40787 3.40404 5.0701 
2.15292 3.2495 5.14135 
1.77627 2.90918 4.96266 
