0.811983 1.27377 
0.25936 0.631624 
0.215163 0.492989 
0.324689 0.494459 
0.30919 0.355873 
0.216954 0.133415 
0.296348 0.0773475 
0.685164 0.317329 
1.23857 0.709267 
1.63888 0.964618 
1.66251 0.910251 
1.35701 0.634514 
0.980253 0.400477 
0.770444 0.415606 
0.758149 0.660768 
0.777703 0.915301 
0.647032 0.941852 
0.346997 0.674781 
0.0579321 0.278421 
0.040171 0.0496535 
0.444954 0.227533 
1.16846 0.812172 
1.8516 1.51153 
2.07747 1.90078 
1.68307 1.73711 
0.946909 1.19168 
0.434178 0.753113 
0.561343 0.826374 
1.24569 1.37363 
1.97655 1.94754 
2.24938 2.09152 
1.94791 1.71273 
1.34068 1.08519 
0.775763 0.547006 
0.426634 0.242862 
0.288527 0.129151 
0.303486 0.126537 
0.413954 0.195901 
0.539817 0.302914 
0.605664 0.404376 
0.624445 0.505401 
0.692335 0.671616 
0.844662 0.92249 
0.953873 1.13704 
0.854644 1.14611 
0.5867 0.94805 
0.433954 0.772468 
0.642523 0.856889 
1.11058 1.16282 
1.43215 1.37683 
1.28876 1.23007 
0.770199 0.788581 
0.27546 0.387579 
0.115698 0.288219 
0.252564 0.437899 
0.413176 0.571639 
0.396794 0.50245 
0.230683 0.27691 
0.0671559 0.0733396 
0.00354333 0.00744383 
0.0266832 0.0578813 
0.0864259 0.141584 
0.166711 0.21208 
0.275498 0.27798 
0.394958 0.356814 
0.468462 0.437844 
0.445073 0.492501 
0.340156 0.512294 
0.252466 0.528837 
0.304769 0.587413 
0.537952 0.691434 
0.850492 0.776893 
1.05998 0.759965 
1.04907 0.620349 
0.856613 0.42728 
0.624641 0.275087 
0.473727 0.213623 
0.452538 0.269993 
0.588615 0.5206 
0.919837 1.06965 
1.424 1.897 
1.94162 2.74569 
2.24167 3.23712 
2.20608 3.15578 
1.93068 2.62242 
1.61556 1.97006 
1.36632 1.45605 
1.1311 1.10575 
0.82418 0.809204 
0.46771 0.512603 
0.188886 0.28863 
0.100276 0.248299 
0.207173 0.420245 
0.413462 0.708547 
0.581736 0.937436 
0.595526 0.944404 
0.421992 0.686085 
0.159568 0.298278 
0.00311202 0.0327717 
0.100298 0.0728045 
0.407069 0.369784 
0.700171 0.669743 
0.76242 0.728438 
0.565412 0.515306 
0.269665 0.212433 
0.0606247 0.0293295 
0.00590193 0.0345661 
0.0635198 0.154982 
0.181526 0.294721 
0.346471 0.420048 
0.542493 0.54056 
0.711723 0.654291 
0.790388 0.74183 
0.776756 0.80269 
0.741382 0.869794 
0.771923 0.982679 
0.925596 1.16149 
1.22802 1.40864 
1.67329 1.70953 
2.18551 2.00738 
2.59346 2.18954 
2.6995 2.13895 
2.41923 1.82744 
1.85925 1.35532 
1.24444 0.885928 
0.764534 0.539519 
0.486561 0.349512 
0.384951 0.297044 
0.408276 0.349154 
0.497302 0.450932 
0.571546 0.513513 
0.552197 0.457164 
0.423587 0.284937 
0.260148 0.0996574 
0.173123 0.0293592 
0.223817 0.129331 
0.386191 0.352959 
0.582105 0.604625 
0.737835 0.806277 
0.805856 0.914444 
0.753988 0.897199 
0.568689 0.730825 
0.294869 0.445533 
0.0656772 0.170034 
0.0500548 0.0910015 
0.320822 0.317913 
0.75805 0.765645 
1.10826 1.18903 
1.17475 1.36616 
0.969129 1.26905 
0.690047 1.07133 
0.573705 1.01137 
0.760822 1.24647 
1.24335 1.77755 
1.8518 2.42595 
2.28188 2.86545 
2.23396 2.77421 
1.64786 2.08333 
0.826011 1.11349 
0.254027 0.39904 
0.226731 0.29413 
0.630529 0.716053 
1.08738 1.26193 
1.2862 1.5544 
1.17052 1.47812 
0.871015 1.1542 
0.546959 0.782185 
0.308016 0.526118 
0.211191 0.473279 
0.253444 0.613149 
0.363458 0.841078 
0.444876 1.0237 
0.449991 1.09087 
0.404403 1.06806 
0.365352 1.03052 
0.377319 1.04607 
0.462355 1.15044 
0.611293 1.32929 
0.758689 1.4949 
0.796827 1.51309 
0.663741 1.30963 
0.424125 0.962754 
0.228164 0.655835 
0.168584 0.512399 
0.195237 0.491071 
0.191176 0.462553 
0.121414 0.37723 
0.0800304 0.326685 
0.186362 0.433541 
0.452085 0.70162 
0.756737 0.98851 
0.940069 1.11684 
0.914197 1.00681 
0.711547 0.721022 
0.456847 0.410787 
0.29496 0.222125 
0.313753 0.222939 
0.502344 0.385075 
0.773245 0.623409 
1.03469 0.861923 
1.25835 1.0816 
1.49778 1.32741 
1.86208 1.68783 
2.46985 2.26152 
3.38325 3.09687 
4.51645 4.09939 
5.57357 4.9741 
6.12141 5.31249 
5.82625 4.83779 
4.70646 3.64025 
3.17115 2.17342 
1.7712 0.967438 
0.859426 0.291182 
0.449832 0.0590082 
0.360501 0.0342314 
0.441844 0.0863392 
0.647368 0.239769 
0.930765 0.518279 
1.16107 0.816865 
1.1908 0.963327 
0.990834 0.879853 
0.677052 0.644561 
0.397385 0.397342 
0.216595 0.220136 
0.116312 0.118537 
0.0753707 0.0843189 
0.120962 0.138727 
0.307919 0.31601 
0.662861 0.621581 
1.13107 0.99673 
1.54929 1.30264 
1.6915 1.36008 
1.41632 1.07269 
0.823562 0.556823 
0.242148 0.121377 
0.00132787 0.0571 
0.186348 0.419971 
0.628086 1.03229 
1.1154 1.67993 
1.56081 2.2537 
1.93898 2.68388 
2.14178 2.82473 
2.01084 2.52944 
1.55047 1.87713 
1.03963 1.24624 
0.849094 1.06136 
1.12674 1.43425 
1.68109 2.07329 
2.16707 2.54912 
2.35576 2.62917 
2.23438 2.36951 
