1.96867 0.701821 
2.54521 0.970997 
3.04919 1.23482 
3.44886 1.49023 
3.74432 1.74624 
3.95774 2.01442 
4.11248 2.29498 
4.21319 2.56684 
4.23944 2.78927 
4.15731 2.91572 
3.9419 2.91191 
3.59747 2.76841 
3.16492 2.50249 
2.7155 2.15309 
2.33676 1.77602 
2.11632 1.44172 
2.1232 1.22902 
2.3833 1.20501 
2.85205 1.39044 
3.39899 1.72721 
3.82569 2.07487 
3.92737 2.25499 
3.58221 2.13403 
2.82535 1.70459 
1.86014 1.11456 
0.985847 0.615649 
0.468273 0.44839 
0.417623 0.721221 
0.740335 1.35014 
1.19257 2.09359 
1.50583 2.66417 
1.51509 2.85666 
1.22215 2.62684 
0.768766 2.08803 
0.346813 1.43967 
0.103651 0.875211 
0.0925271 0.517101 
0.28206 0.401023 
0.601739 0.499763 
0.985896 0.759542 
1.39109 1.12504 
1.78708 1.54543 
2.13956 1.96884 
2.40337 2.33743 
2.53193 2.59103 
2.495 2.67923 
2.29273 2.57682 
1.95871 2.29612 
1.55248 1.89043 
1.14591 1.44435 
0.806416 1.05039 
0.579588 0.777568 
0.474783 0.64456 
0.460802 0.612388 
0.477735 0.604324 
0.463699 0.546354 
0.384821 0.407745 
0.251911 0.218894 
0.113743 0.0560971 
0.0319172 0.00338207 
0.0549722 0.115873 
0.208987 0.406322 
0.507248 0.857849 
0.963771 1.44539 
1.58994 2.14237 
2.36738 2.9037 
3.21419 3.64084 
3.97685 4.21886 
4.47047 4.49548 
4.5585 4.39141 
4.23052 3.95203 
3.62836 3.35546 
2.99561 2.84966 
2.57138 2.64433 
2.48371 2.8142 
2.70018 3.26681 
3.05889 3.79137 
3.35721 4.15945 
3.44602 4.22268 
3.28201 3.96007 
2.92151 3.46151 
2.47373 2.86901 
2.04735 2.31356 
1.71687 1.87677 
1.51455 1.58496 
1.43804 1.42463 
1.46063 1.36254 
1.53925 1.36025 
1.6227 1.38183 
1.66421 1.39854 
1.6364 1.39289 
1.54178 1.36141 
1.41207 1.31368 
1.29544 1.26723 
1.23806 1.24024 
1.2686 1.24543 
1.39185 1.28728 
1.59121 1.36268 
1.83605 1.46299 
2.08877 1.57568 
2.30976 1.68473 
2.46118 1.77075 
2.51249 1.81302 
2.44856 1.79473 
2.27829 1.71102 
2.0391 1.57622 
1.79219 1.42511 
1.60673 1.30442 
1.53657 1.25507 
1.59784 1.29188 
1.75739 1.39078 
1.93927 1.49221 
2.04909 1.52233 
2.00815 1.42447 
1.78413 1.18675 
1.40523 0.852033 
0.951248 0.503831 
0.524318 0.233075 
0.211315 0.100548 
0.0537672 0.112424 
0.0383186 0.22088 
0.111628 0.349963 
0.212278 0.434666 
0.303883 0.454398 
0.392596 0.444237 
0.519685 0.477778 
0.732537 0.629187 
1.04927 0.932638 
1.43657 1.35924 
1.81452 1.82351 
2.08828 2.217 
2.19144 2.45303 
2.11826 2.50034 
1.92659 2.38942 
1.70855 2.18943 
1.544 1.96947 
1.46197 1.766 
1.431 1.57383 
1.38325 1.36346 
1.25742 1.11186 
1.03556 0.826316 
0.752893 0.546386 
0.477116 0.323891 
0.271508 0.194715 
0.164708 0.160822 
0.143668 0.19315 
0.17051 0.251864 
0.209366 0.309581 
0.245156 0.362527 
0.284194 0.424023 
0.339953 0.506971 
0.416791 0.608789 
0.5038 0.709237 
0.582002 0.781705 
0.637779 0.809075 
0.671427 0.79274 
0.69422 0.748978 
0.716532 0.696112 
0.736378 0.642095 
0.73739 0.581262 
0.698403 0.502127 
0.608633 0.400501 
0.478672 0.288836 
0.34027 0.19551 
0.234765 0.154069 
0.196196 0.188092 
0.237169 0.299147 
0.343253 0.463214 
0.477438 0.636911 
0.592437 0.771058 
0.646506 0.826685 
0.61762 0.787773 
0.511064 0.665898 
0.357254 0.494804 
0.200098 0.317083 
0.0804397 0.168848 
0.0217347 0.0691838 
0.0240547 0.0183122 
0.068135 0.00355063 
0.1261 0.00837403 
0.172936 0.0196387 
0.193884 0.0307004 
0.186203 0.0411141 
0.156664 0.0545706 
0.117132 0.0758901 
0.0802537 0.1073 
0.0565482 0.145195 
0.0535389 0.179939 
0.0764241 0.20048 
0.128329 0.201947 
0.207851 0.190627 
0.303951 0.181005 
0.392396 0.185183 
0.440181 0.202083 
0.420853 0.215964 
0.334908 0.207708 
0.221676 0.171913 
0.149941 0.126603 
0.186478 0.106301 
0.357725 0.141317 
0.628133 0.237089 
0.911165 0.368258 
1.1092 0.491866 
1.15982 0.570559 
1.06194 0.59033 
0.868603 0.562639 
0.654642 0.512677 
0.481359 0.464456 
0.377922 0.433039 
0.344632 0.426291 
0.368106 0.450525 
0.433818 0.512762 
0.528382 0.617087 
0.634841 0.758776 
0.729782 0.921964 
0.787958 1.08344 
0.792409 1.2202 
0.742754 1.31572 
0.655434 1.36181 
0.555417 1.35611 
0.464511 1.29877 
0.392914 1.19101 
0.337922 1.03659 
0.289132 0.844652 
0.236312 0.631428 
0.175565 0.419298 
0.111204 0.232962 
0.0534087 0.0942712 
0.0137601 0.0178054 
0.00130241 0.00883206 
0.0208259 0.0639773 
0.0733626 0.173607 
0.157618 0.324441 
0.271019 0.501556 
0.409973 0.689958 
0.56983 0.876304 
0.744987 1.05063 
0.928807 1.20704 
1.11263 1.34228 
1.28389 1.45259 
1.42475 1.53106 
1.51349 1.56762 
1.52952 1.55243 
1.46048 1.48043 
1.30809 1.35407 
1.08956 1.18266 
0.833837 0.979409 
0.574691 0.758998 
0.343553 0.537287 
0.164246 0.332291 
0.0500536 0.163842 
