0.364771 0.168847 
0.165937 0.0501566 
0.0703539 0.0219304 
0.0611203 0.0834712 
0.108395 0.220116 
0.173058 0.399534 
0.209246 0.558074 
0.184795 0.613095 
0.115789 0.517806 
0.0763811 0.315492 
0.154151 0.129707 
0.378072 0.0836302 
0.685471 0.215762 
0.963191 0.465181 
1.12691 0.731538 
1.16999 0.949335 
1.15103 1.11776 
1.1482 1.28015 
1.22515 1.48682 
1.42127 1.76913 
1.74785 2.12624 
2.17515 2.5159 
2.61995 2.85186 
2.95398 3.01934 
3.03955 2.91239 
2.78066 2.48128 
2.17261 1.77204 
1.33604 0.943763 
0.518668 0.25407 
0.041287 0.00266941 
0.177339 0.428502 
1.00105 1.58244 
2.29227 3.2382 
3.58976 4.92078 
4.40393 6.08324 
4.47523 6.35959 
3.90287 5.74146 
3.04568 4.55511 
2.2696 3.25367 
1.73689 2.17594 
1.38587 1.43512 
1.07709 0.976418 
0.747439 0.703773 
0.440309 0.552204 
0.223136 0.475862 
0.106557 0.41736 
0.0475163 0.322217 
0.0114941 0.187476 
0.0157465 0.0863726 
0.119834 0.140444 
0.395052 0.465081 
0.905694 1.12332 
1.6877 2.0904 
2.69804 3.22152 
3.76109 4.24859 
4.58552 4.85321 
4.88644 4.81311 
4.54592 4.13572 
3.68956 3.07126 
2.6157 1.98195 
1.63224 1.15764 
0.919802 0.700628 
0.499354 0.533084 
0.295268 0.490463 
0.229784 0.431628 
0.284276 0.31538 
0.490238 0.213011 
0.852766 0.240656 
1.26291 0.438725 
1.49324 0.690724 
1.33256 0.780041 
0.791341 0.576478 
0.200953 0.20174 
0.0692483 0.00126937 
0.748381 0.305458 
2.15293 1.16155 
3.75596 2.26051 
4.88212 3.12254 
5.09296 3.39487 
4.40811 3.04454 
3.24528 2.33568 
2.15485 1.64369 
1.5298 1.24608 
1.44961 1.20851 
1.7156 1.40609 
2.02283 1.64053 
2.14584 1.76694 
2.02773 1.75153 
1.7456 1.64069 
1.41463 1.49056 
1.11564 1.32349 
0.880554 1.13444 
0.712246 0.919499 
0.605358 0.693487 
0.558776 0.491694 
0.581004 0.364766 
0.680881 0.363628 
0.841464 0.508376 
1.00198 0.759025 
1.07975 1.02171 
1.02529 1.1968 
0.860105 1.23107 
0.65831 1.13146 
0.49113 0.939723 
0.388763 0.70283 
0.347617 0.463795 
0.361922 0.266407 
0.443435 0.157211 
0.612574 0.177594 
0.864687 0.34221 
1.12958 0.603506 
1.26451 0.830368 
1.12598 0.855772 
0.705758 0.606424 
0.217455 0.219922 
0.00520936 0.00505358 
0.28993 0.216517 
0.956085 0.81605 
1.59489 1.45381 
1.79944 1.71993 
1.46351 1.45605 
0.829399 0.855588 
0.270286 0.286031 
0.025564 0.0174772 
0.104796 0.0880516 
0.381169 0.369506 
0.733106 0.716418 
1.10281 1.05489 
1.45804 1.36568 
1.72941 1.61502 
1.79762 1.71325 
1.5576 1.55049 
1.0273 1.09991 
0.414503 0.51128 
0.0494071 0.0896199 
0.180011 0.121976 
0.766411 0.656288 
1.45999 1.41885 
1.82346 1.96934 
1.63454 1.99153 
1.02992 1.49425 
0.382928 0.775754 
0.0355745 0.205597 
0.104415 0.00732989 
0.47649 0.181793 
0.937603 0.571627 
1.30057 0.976128 
1.45956 1.2377 
1.38773 1.28038 
1.12305 1.1142 
0.755087 0.816121 
0.397535 0.491457 
0.142787 0.228601 
0.0223079 0.0688721 
0.00190798 0.00550485 
0.0169613 0.00610599 
0.0219542 0.0391395 
0.0177046 0.0869019 
0.0368829 0.140718 
0.102006 0.188443 
0.19379 0.209934 
0.259504 0.18782 
0.254853 0.124542 
0.181962 0.048419 
0.0915219 0.00211779 
0.0527811 0.0255426 
0.121149 0.148337 
0.323112 0.389362 
0.650438 0.745758 
1.0496 1.16753 
1.4156 1.54396 
1.61649 1.73511 
1.55518 1.6455 
1.23391 1.29108 
0.771668 0.804729 
0.354869 0.371429 
0.148098 0.136009 
0.214122 0.13863 
0.482594 0.305932 
0.783546 0.494494 
0.936154 0.567049 
0.852275 0.469611 
0.589714 0.264223 
0.307009 0.082981 
0.142422 0.0239714 
0.113182 0.0719952 
0.126132 0.122854 
0.091706 0.0985454 
0.028941 0.04255 
0.0521301 0.0901624 
0.248452 0.330602 
0.571781 0.696312 
0.866208 0.999233 
1.0009 1.08907 
0.983035 0.981738 
0.938372 0.83257 
0.983705 0.78368 
1.11955 0.837573 
1.24084 0.874814 
1.23996 0.784575 
1.09402 0.571112 
0.862876 0.338956 
0.623878 0.189422 
0.420312 0.140014 
0.262549 0.13567 
0.153816 0.119504 
0.0971417 0.0828715 
0.0810412 0.0558424 
0.0759664 0.0664156 
0.0573373 0.115435 
0.031398 0.181168 
0.0329826 0.236163 
0.0982161 0.261997 
0.243282 0.263167 
0.465759 0.27699 
0.750458 0.360896 
1.05766 0.547579 
1.30652 0.797119 
1.3923 0.998853 
1.25029 1.04323 
0.923045 0.915542 
0.564122 0.728226 
0.355802 0.650241 
0.392474 0.779211 
0.616444 1.05621 
0.856549 1.29485 
0.943267 1.30833 
0.818674 1.04252 
0.565838 0.617816 
0.34199 0.250968 
0.267982 0.115349 
0.353656 0.238929 
0.506438 0.50452 
0.606058 0.738428 
0.583762 0.815848 
0.452289 0.714843 
0.278767 0.500789 
0.133165 0.270887 
0.0508499 0.100556 
0.02617 0.0165988 
0.0303109 0.000595149 
0.0361284 0.0130652 
0.0337913 0.0220701 
0.0290304 0.0185211 
0.028619 0.01024 
0.0291258 0.00524984 
0.0229737 0.00456917 
0.0171721 0.0122844 
0.0414552 0.0469942 
0.12715 0.131913 
0.268073 0.263678 
