0.995676 1.16288 
1.2743 1.42175 
1.32365 1.43766 
1.0596 1.12503 
0.588421 0.594567 
0.184064 0.132762 
0.104343 0.00810317 
0.3864 0.252952 
0.812359 0.631022 
1.08725 0.838011 
1.06703 0.750942 
0.833551 0.493614 
0.576095 0.278623 
0.422329 0.207911 
0.375954 0.226962 
0.377861 0.240008 
0.387409 0.229274 
0.398393 0.25074 
0.404266 0.337899 
0.378909 0.440558 
0.299854 0.467171 
0.180506 0.377896 
0.0715109 0.231163 
0.0323084 0.148223 
0.102556 0.239926 
0.289374 0.552793 
0.559505 1.04669 
0.828206 1.58725 
0.968297 1.96104 
0.875125 1.95445 
0.576294 1.50373 
0.297997 0.826311 
0.383002 0.386476 
1.05856 0.638297 
2.2101 1.68826 
3.36805 3.14442 
3.96928 4.31203 
3.71675 4.61903 
2.76019 3.95742 
1.56661 2.69915 
0.607924 1.41521 
0.115102 0.53782 
0.0424327 0.189011 
0.191149 0.222484 
0.354972 0.381475 
0.406699 0.457103 
0.32704 0.383042 
0.191994 0.242078 
0.116915 0.186826 
0.174702 0.321515 
0.346567 0.628625 
0.550567 0.993365 
0.716436 1.29034 
0.825142 1.44421 
0.878879 1.4237 
0.85833 1.21669 
0.742048 0.850514 
0.578647 0.443134 
0.518539 0.200952 
0.737032 0.315865 
1.29489 0.82566 
2.05932 1.56038 
2.7617 2.23121 
3.14823 2.59441 
3.10755 2.56626 
2.69662 2.22285 
2.07747 1.71898 
1.43111 1.2049 
0.897946 0.786073 
0.550758 0.51637 
0.38867 0.399141 
0.35018 0.391057 
0.347983 0.42023 
0.313628 0.419529 
0.226888 0.357411 
0.11469 0.248259 
0.0280665 0.141012 
0.0162768 0.0970635 
0.107928 0.165789 
0.297721 0.360759 
0.539702 0.643123 
0.75536 0.924624 
0.861555 1.09762 
0.809204 1.08329 
0.613694 0.8754 
0.360549 0.555784 
0.180062 0.26881 
0.196553 0.160621 
0.471142 0.309903 
0.966869 0.68796 
1.55914 1.17337 
2.0889 1.61247 
2.42788 1.88729 
2.51994 1.95277 
2.38269 1.83272 
2.07999 1.59013 
1.68743 1.29408 
1.26879 0.99692 
0.870166 0.72719 
0.526442 0.496681 
0.266008 0.312205 
0.103443 0.179435 
0.0274091 0.0972888 
0.00423996 0.0564899 
0.00531051 0.0526543 
0.0359638 0.101435 
0.132464 0.230846 
0.322122 0.447457 
0.582194 0.707682 
0.837787 0.928237 
1.00081 1.03191 
1.01514 0.988839 
0.87744 0.821695 
0.633971 0.582955 
0.369059 0.333633 
0.186209 0.134674 
0.172224 0.036513 
0.352914 0.0573954 
0.674601 0.168045 
1.0367 0.307163 
1.35543 0.423019 
1.60541 0.504893 
1.80439 0.574486 
1.96011 0.646912 
2.03192 0.700472 
1.94374 0.684697 
1.64037 0.561305 
1.14702 0.346797 
0.589734 0.124913 
0.155246 0.0147268 
0.00163748 0.10496 
0.165512 0.390114 
0.527786 0.755043 
0.873276 1.03234 
1.01465 1.10429 
0.897568 0.977703 
0.613339 0.77216 
0.317085 0.628016 
0.120911 0.606311 
0.0414927 0.657651 
0.0266055 0.678332 
0.0202695 0.601715 
0.00613389 0.449716 
0.00126007 0.307591 
0.020621 0.24946 
0.053548 0.279707 
0.0736158 0.337294 
0.0665367 0.353145 
0.0437744 0.305491 
0.0282353 0.22571 
0.0301545 0.158158 
0.0399843 0.119328 
0.0426377 0.0938768 
0.0332978 0.0622388 
0.0181629 0.0261394 
0.0055098 0.00923661 
0.00178755 0.038582 
0.014421 0.125473 
0.0507555 0.257007 
0.109902 0.399719 
0.177935 0.512813 
0.234604 0.565204 
0.265068 0.546973 
0.265158 0.469245 
0.238225 0.356091 
0.189895 0.236336 
0.126477 0.139745 
0.062261 0.100411 
0.0390415 0.16905 
0.141906 0.420315 
0.470145 0.920188 
1.04211 1.63788 
1.696 2.3634 
2.11153 2.74837 
2.0075 2.51639 
1.38822 1.70953 
0.606188 0.735824 
0.13515 0.11614 
0.218203 0.109235 
0.693499 0.535771 
1.14692 0.9551 
1.24436 1.02776 
0.953832 0.74445 
0.501638 0.357254 
0.154269 0.128821 
0.0343135 0.141099 
0.0931705 0.294001 
0.205572 0.434218 
0.274026 0.472569 
0.268644 0.40961 
0.206904 0.291986 
0.120587 0.165731 
0.0428142 0.0634463 
0.00857203 0.0119482 
0.0437977 0.0292107 
0.139728 0.104836 
0.241863 0.191088 
0.279703 0.228091 
0.220518 0.187613 
0.100342 0.0949605 
0.00983423 0.0139923 
0.0586869 0.0221896 
0.344182 0.197818 
0.909562 0.594833 
1.67464 1.17563 
2.38893 1.74668 
2.70641 2.00611 
2.40022 1.74177 
1.56975 1.04347 
0.633614 0.312218 
0.0654325 0.000643349 
0.0755695 0.28096 
0.508882 0.930954 
1.02812 1.5342 
1.3903 1.80117 
1.56843 1.72974 
1.65876 1.50926 
1.722 1.31453 
1.72533 1.1905 
1.60279 1.08445 
1.33148 0.933359 
0.947157 0.710716 
0.523574 0.431026 
0.172112 0.158712 
0.0546087 0.0231141 
0.347156 0.189403 
1.13337 0.765421 
2.30054 1.70674 
3.54353 2.81017 
4.49976 3.81377 
4.92316 4.52291 
4.77261 4.86283 
4.17082 4.83809 
3.29791 4.46884 
2.31718 3.78092 
1.36964 2.85169 
0.595292 1.84361 
0.123144 0.968212 
0.022989 0.397722 
0.264097 0.195627 
0.721988 0.314275 
1.22591 0.639411 
1.60745 1.02805 
1.72998 1.32255 
1.51864 1.37868 
1.01247 1.14155 
0.411482 0.73139 
0.048619 0.442582 
0.24477 0.597324 
1.10284 1.3198 
2.37951 2.39439 
