0.192428 0.308002 
0.552021 0.662168 
1.25965 1.35342 
2.29743 2.3652 
3.46214 3.48563 
4.4172 4.38185 
4.83277 4.7554 
4.56475 4.51031 
3.76327 3.82972 
2.80459 3.07808 
2.06303 2.56682 
1.6862 2.35418 
1.54868 2.24353 
1.4077 1.9791 
1.11396 1.46625 
0.703537 0.834076 
0.324321 0.310269 
0.0974083 0.0405666 
0.0453835 0.0107872 
0.124157 0.111918 
0.285541 0.253236 
0.489279 0.405499 
0.671687 0.555694 
0.744704 0.657213 
0.655958 0.649219 
0.446409 0.520472 
0.229216 0.336082 
0.105221 0.196895 
0.104456 0.180643 
0.201184 0.316054 
0.356233 0.582203 
0.525544 0.904531 
0.646192 1.16047 
0.653505 1.22895 
0.532016 1.06761 
0.339556 0.747626 
0.166138 0.404903 
0.0685529 0.15181 
0.0492954 0.0292144 
0.0912123 0.0249348 
0.196002 0.115446 
0.380415 0.281567 
0.639281 0.49501 
0.918963 0.705534 
1.12952 0.848962 
1.188 0.871727 
1.06456 0.757306 
0.803596 0.541246 
0.504785 0.302365 
0.269355 0.124249 
0.142275 0.0443925 
0.0941629 0.0323474 
0.0645304 0.0266153 
0.0344882 0.00560686 
0.0592139 0.0220607 
0.218754 0.155253 
0.526612 0.420518 
0.88643 0.729189 
1.14463 0.944552 
1.19214 0.979156 
1.0266 0.842441 
0.738288 0.613246 
0.456046 0.389526 
0.298707 0.262611 
0.337231 0.301874 
0.558501 0.518618 
0.852536 0.829911 
1.05702 1.0791 
1.04799 1.12421 
0.814566 0.930627 
0.467042 0.595338 
0.184179 0.293095 
0.137271 0.18936 
0.414433 0.363032 
0.960393 0.760388 
1.56949 1.20236 
1.97157 1.46509 
1.98575 1.4075 
1.6366 1.06063 
1.1336 0.602074 
0.724238 0.231078 
0.53891 0.0470251 
0.542349 0.022975 
0.603351 0.0707204 
0.602967 0.118979 
0.4988 0.141149 
0.323903 0.137299 
0.14786 0.113135 
0.0326831 0.0776325 
0.00198152 0.0458078 
0.0341131 0.0310175 
0.0825734 0.0338709 
0.109111 0.0430327 
0.103358 0.0474941 
0.0781734 0.0478194 
0.0580839 0.0617562 
0.0809303 0.128104 
0.204057 0.303591 
0.487782 0.638937 
0.952993 1.13832 
1.54807 1.73498 
2.15885 2.31067 
2.65236 2.74426 
2.91692 2.94805 
2.88227 2.87539 
2.53694 2.52453 
1.95108 1.95827 
1.27635 1.31404 
0.691951 0.763168 
0.318165 0.427391 
0.165383 0.317472 
0.164219 0.34993 
0.250138 0.428876 
0.430729 0.527725 
0.785727 0.716412 
1.40453 1.12327 
2.30035 1.84895 
3.3455 2.86353 
4.26863 3.94181 
4.7418 4.70731 
4.54048 4.80815 
3.691 4.13771 
2.49181 2.93532 
1.36424 1.66303 
0.622132 0.732693 
0.329774 0.292883 
0.349674 0.232036 
0.511633 0.352922 
0.728788 0.526136 
0.962415 0.692978 
1.12193 0.784488 
1.06844 0.718698 
0.758227 0.512393 
0.3614 0.353423 
0.17624 0.482912 
0.380634 0.961335 
0.866559 1.56751 
1.33133 1.96219 
1.52262 1.95534 
1.38774 1.60702 
1.03093 1.10554 
0.615411 0.626517 
0.349146 0.343093 
0.492399 0.491639 
1.23931 1.28195 
2.50601 2.65705 
3.85771 4.17124 
4.72472 5.19365 
4.76217 5.30518 
4.05448 4.54536 
3.02388 3.32386 
2.15918 2.12685 
1.76205 1.26974 
1.81799 0.817012 
2.02181 0.63424 
1.97131 0.511047 
1.46606 0.31348 
0.703978 0.0869589 
0.163638 0.0101623 
0.220092 0.21271 
0.83425 0.630231 
1.61682 1.05755 
2.18579 1.34096 
2.43917 1.48511 
2.50531 1.56722 
2.52719 1.61166 
2.58434 1.62442 
2.79518 1.73993 
3.35673 2.22604 
4.36587 3.23975 
5.5983 4.56309 
6.53386 5.6341 
6.65776 5.89328 
5.77922 5.14652 
4.13172 3.66384 
2.25194 2.00567 
0.759811 0.74941 
0.11618 0.255202 
0.41246 0.531141 
1.31125 1.25191 
2.23396 1.95203 
2.69903 2.2874 
2.55922 2.17799 
1.98131 1.75244 
1.25313 1.19988 
0.61217 0.675175 
0.188044 0.284112 
0.0155695 0.0826293 
0.0565401 0.0605813 
0.221053 0.144709 
0.40035 0.240274 
0.505839 0.279333 
0.498864 0.241869 
0.398638 0.15093 
0.260474 0.0549216 
0.135357 0.00246844 
0.0473877 0.0216664 
0.0114505 0.119851 
0.0576405 0.294531 
0.210879 0.526491 
0.437967 0.757504 
0.636887 0.896898 
0.704019 0.87757 
0.61638 0.712677 
0.441802 0.488816 
0.272485 0.299053 
0.156457 0.18234 
0.0868393 0.119608 
0.0390972 0.0744003 
0.00800673 0.0320686 
0.0108927 0.00540404 
0.0593299 0.00842573 
0.130747 0.02947 
0.175575 0.0388141 
0.160518 0.0281822 
0.101425 0.0309733 
0.0436545 0.0838278 
0.0129471 0.168488 
0.00143999 0.215916 
0.00524431 0.184317 
0.0536289 0.118935 
0.177299 0.110583 
0.350396 0.193795 
0.486171 0.30432 
0.504161 0.344996 
0.398941 0.281509 
0.239161 0.164177 
0.104962 0.0665134 
0.0315297 0.0195153 
0.00575466 0.00609694 
0.000833056 0.00130094 
0.00310235 0.000770778 
0.00973177 0.0103997 
0.0163931 0.0238343 
0.021229 0.0251915 
0.0401358 0.0147149 
0.103212 0.0195385 
0.222213 0.068206 
0.362041 0.156146 
0.455946 0.245509 
0.458242 0.302729 
0.384105 0.331102 
0.29698 0.361227 
0.255433 0.410319 
0.266718 0.454727 
0.285558 0.44578 
0.258393 0.35659 
0.174514 0.215665 
0.0755459 0.090388 
0.0129212 0.0311625 
0.00178861 0.0344774 
