0.230749 0.181119 
0.0990728 0.0744624 
0.0231551 0.0201936 
0.00095012 0.0119664 
0.0158822 0.0289687 
0.0393521 0.0429863 
0.0462365 0.0393254 
0.0388032 0.0434403 
0.0640486 0.134754 
0.207035 0.429363 
0.553981 1.02861 
1.13916 1.95395 
1.90546 3.10459 
2.70656 4.26856 
3.35664 5.19108 
3.70493 5.67021 
3.6957 5.6326 
3.38236 5.15203 
2.89149 4.40574 
2.36109 3.59595 
1.88812 2.87806 
1.50889 2.32549 
1.21265 1.936 
0.970287 1.66296 
0.757957 1.44939 
0.565994 1.25033 
0.395898 1.04164 
0.253554 0.819854 
0.144204 0.598496 
0.0700872 0.403327 
0.0301729 0.26781 
0.0226192 0.229483 
0.0502326 0.32622 
0.125432 0.58852 
0.267673 1.02385 
0.488836 1.59511 
0.771825 2.20536 
1.05772 2.70618 
1.25718 2.93954 
1.28838 2.80303 
1.12381 2.30759 
0.817045 1.5925 
0.488199 0.880131 
0.270857 0.38669 
0.248144 0.232005 
0.413684 0.394595 
0.678637 0.733627 
0.918584 1.06256 
1.03206 1.23319 
0.979685 1.18824 
0.788674 0.963692 
0.528832 0.651383 
0.279195 0.349827 
0.102257 0.129027 
0.0315994 0.0188901 
0.0690082 0.0149344 
0.185783 0.0892403 
0.328188 0.199685 
0.431284 0.298776 
0.442812 0.346524 
0.350264 0.32726 
0.196803 0.262759 
0.0725705 0.210819 
0.0789718 0.243692 
0.27902 0.412253 
0.657554 0.712494 
1.11396 1.07378 
1.49645 1.38024 
1.66689 1.52087 
1.56864 1.44773 
1.26469 1.21356 
0.923628 0.965417 
0.753279 0.889384 
0.907172 1.12544 
1.4055 1.69036 
2.11043 2.44845 
2.77336 3.15145 
3.1376 3.53625 
3.05042 3.43827 
2.53038 2.86604 
1.75546 1.99874 
0.977625 1.10576 
0.407453 0.428069 
0.128426 0.0805749 
0.0829253 0.0231835 
0.131708 0.110118 
0.14829 0.185136 
0.0929184 0.167934 
0.0266503 0.0865095 
0.0635075 0.0442153 
0.294239 0.147512 
0.728106 0.439182 
1.28375 0.873156 
1.82873 1.33927 
2.24037 1.71782 
2.45306 1.93098 
2.47102 1.96595 
2.34783 1.8644 
2.15141 1.69144 
1.93533 1.50423 
1.7278 1.33471 
1.53671 1.18964 
1.36111 1.06144 
1.2002 0.940496 
1.05607 0.822422 
0.932026 0.709104 
0.829936 0.605685 
0.749305 0.516899 
0.68812 0.444927 
0.644325 0.389321 
0.616524 0.348194 
0.603268 0.319507 
0.601249 0.301739 
0.603613 0.294083 
0.600077 0.296933 
0.580004 0.313076 
0.5379 0.348893 
0.478725 0.413806 
0.419411 0.516555 
0.384401 0.658921 
0.396309 0.830131 
0.466145 1.0063 
0.588369 1.15729 
0.743577 1.25909 
0.907166 1.30562 
1.05894 1.31281 
1.18832 1.31156 
1.29292 1.33172 
1.37242 1.38516 
1.42233 1.45648 
1.432 1.50706 
1.38808 1.49087 
1.28155 1.37509 
1.11429 1.15602 
0.901462 0.863134 
0.66858 0.550034 
0.44479 0.276559 
0.255491 0.0899932 
0.117301 0.0123838 
0.0364467 0.0372493 
0.00950824 0.134459 
0.0247089 0.259596 
0.0630334 0.364599 
0.100617 0.408688 
0.114873 0.369875 
0.0950572 0.256005 
0.0537946 0.110982 
0.0321998 0.00975346 
0.0912973 0.0379036 
0.288117 0.258921 
0.644076 0.680897 
1.12074 1.23899 
1.6183 1.80622 
2.0033 2.23337 
2.15754 2.40425 
2.02789 2.28316 
1.65307 1.93266 
1.15285 1.4916 
0.681871 1.12107 
0.368183 0.940688 
0.264126 0.982526 
0.332227 1.18264 
0.471815 1.41332 
0.572488 1.54125 
0.567987 1.48532 
0.464904 1.24865 
0.334252 0.91218 
0.272681 0.594814 
0.353986 0.400042 
0.593873 0.373193 
0.941869 0.486528 
1.3003 0.655722 
1.5595 0.778156 
1.63525 0.776591 
1.49731 0.632113 
1.1828 0.395459 
0.790811 0.172666 
0.456985 0.0882017 
0.311197 0.23612 
0.429402 0.636261 
0.798345 1.21455 
1.31184 1.82013 
1.80594 2.27706 
2.12099 2.45093 
2.16309 2.30067 
1.93558 1.89112 
1.52696 1.36114 
1.0648 0.864575 
0.6619 0.51378 
0.381302 0.350655 
0.231526 0.352245 
0.184884 0.459082 
0.201589 0.60636 
0.245768 0.743362 
0.290324 0.838699 
0.316337 0.877931 
0.313259 0.860782 
0.28091 0.799868 
0.229759 0.718376 
0.176866 0.644513 
0.13937 0.604408 
0.13022 0.617416 
0.158418 0.695496 
0.230732 0.843798 
0.349495 1.0578 
0.504998 1.3162 
0.668322 1.57529 
0.793873 1.77333 
0.835741 1.84839 
0.77096 1.76331 
0.614806 1.52417 
0.416126 1.18091 
0.233765 0.809521 
0.109013 0.486544 
0.0524395 0.269832 
0.0529019 0.191886 
0.0996037 0.261207 
0.198058 0.462213 
0.366186 0.750402 
0.613765 1.05087 
0.923488 1.27349 
1.25236 1.34936 
1.55642 1.27451 
1.82172 1.13254 
2.07631 1.07246 
2.36941 1.2418 
2.72837 1.70575 
3.12217 2.39796 
3.45957 3.13523 
3.62737 3.69304 
3.54753 3.90305 
3.21847 3.7207 
2.71639 3.23033 
2.15851 2.59203 
1.65337 1.96605 
1.26774 1.4568 
1.02383 1.09861 
0.91776 0.876376 
0.938656 0.756441 
1.07297 0.705806 
1.29597 0.695281 
1.56485 0.697163 
1.82671 0.689598 
2.04033 0.668595 
2.1966 0.656457 
2.32046 0.693942 
2.4492 0.81476 
2.59958 1.01608 
2.74588 1.2453 
2.82499 1.41563 
2.76817 1.44559 
