0.298476 0.0830443 
0.427663 0.139363 
0.587588 0.216354 
0.746854 0.29448 
0.854995 0.34084 
0.860245 0.324885 
0.737206 0.240297 
0.509526 0.11877 
0.250918 0.0226276 
0.0578175 0.014965 
0.00423219 0.121793 
0.102785 0.309519 
0.295577 0.495107 
0.482622 0.587391 
0.573317 0.537735 
0.532037 0.37031 
0.392259 0.173028 
0.232928 0.0535734 
0.133457 0.0859792 
0.135138 0.27814 
0.229805 0.576486 
0.377125 0.90054 
0.533713 1.18304 
0.672664 1.39146 
0.782981 1.5226 
0.855532 1.58162 
0.872528 1.5659 
0.813397 1.46773 
0.675177 1.29274 
0.491537 1.07717 
0.332434 0.886542 
0.278304 0.791106 
0.38051 0.830718 
0.630868 0.990769 
0.959505 1.20517 
1.2639 1.38593 
1.45362 1.46271 
1.48667 1.41063 
1.37974 1.253 
1.19086 1.04168 
0.988367 0.82974 
0.824898 0.652865 
0.727502 0.526175 
0.702275 0.451721 
0.743089 0.426023 
0.835327 0.441037 
0.954222 0.481034 
1.06528 0.523695 
1.134 0.550658 
1.14335 0.562916 
1.10761 0.588357 
1.06944 0.670546 
1.07689 0.84039 
1.15221 1.0871 
1.27351 1.34993 
1.38411 1.54157 
1.4267 1.59308 
1.38086 1.49366 
1.27826 1.29898 
1.18369 1.10063 
1.15332 0.974757 
1.19772 0.94178 
1.27431 0.961887 
1.31388 0.967228 
1.26347 0.908187 
1.11766 0.783846 
0.920292 0.639603 
0.738878 0.537648 
0.630525 0.522026 
0.61993 0.599592 
0.698088 0.743943 
0.835515 0.913663 
0.997062 1.07001 
1.14968 1.18482 
1.26382 1.2397 
1.31458 1.22376 
1.28691 1.135 
1.18225 0.984084 
1.02077 0.795079 
0.834878 0.599527 
0.65647 0.425726 
0.505246 0.289414 
0.384633 0.191309 
0.286908 0.12235 
0.203206 0.0727062 
0.131943 0.0390181 
0.0811557 0.0262809 
0.0643914 0.0442436 
0.0930548 0.100793 
0.16928 0.1957 
0.282605 0.317607 
0.411936 0.445823 
0.532063 0.556483 
0.621855 0.630459 
0.670197 0.659072 
0.676704 0.644591 
0.647305 0.595612 
0.588229 0.520951 
0.503033 0.42674 
0.39498 0.318794 
0.272553 0.207694 
0.152793 0.11109 
0.0581316 0.0492781 
0.00718656 0.0353416 
0.00503274 0.0662041 
0.0397328 0.121588 
0.0881797 0.173089 
0.128074 0.198618 
0.1487 0.193388 
0.154045 0.170558 
0.157033 0.151329 
0.169343 0.15108 
0.193616 0.170359 
0.222452 0.195884 
0.243709 0.209997 
0.247712 0.201807 
0.231609 0.172927 
0.198953 0.134916 
0.156163 0.101157 
0.109312 0.0790511 
0.0635878 0.067473 
0.025099 0.0603551 
0.00255166 0.0531756 
0.00626 0.0475263 
0.0439622 0.0506371 
0.115451 0.0702713 
0.209339 0.108415 
0.304489 0.15788 
0.37624 0.204101 
0.405002 0.231371 
0.383485 0.230206 
0.319378 0.201946 
0.232314 0.158172 
0.146435 0.11517 
0.0816574 0.0862632 
0.0471599 0.0758418 
0.0395852 0.0780939 
0.0463947 0.0809956 
0.0526584 0.0734563 
0.0482049 0.0519476 
0.0320987 0.0233149 
0.0127797 0.00250196 
0.00418039 0.0064426 
0.0197514 0.0470221 
0.0668941 0.126071 
0.14377 0.234084 
0.239322 0.352688 
0.336208 0.45961 
0.415558 0.534463 
0.46208 0.56372 
0.468029 0.54366 
0.434862 0.480618 
0.372177 0.388633 
0.294427 0.285365 
0.216681 0.187658 
0.150827 0.108024 
0.10321 0.0527302 
0.0740482 0.0215393 
0.0585515 0.00889265 
0.0494505 0.00636498 
0.0404134 0.00606687 
0.0292788 0.00407518 
0.0195867 0.00230759 
0.0192119 0.00741344 
0.0363295 0.0266977 
0.0747841 0.0631422 
0.131713 0.112646 
0.198996 0.165469 
0.267364 0.210985 
0.329868 0.24237 
0.381898 0.257863 
0.41806 0.258118 
0.429501 0.242612 
0.405741 0.209113 
0.341623 0.157554 
0.244995 0.0952925 
0.138436 0.0383372 
0.0513668 0.00540344 
0.00570843 0.00726341 
0.00390005 0.0385482 
0.0277816 0.0787155 
0.0500279 0.102991 
0.0511481 0.0968209 
0.0309285 0.0643543 
0.00691754 0.025268 
0.0015397 0.00228145 
0.0270895 0.00795829 
0.0786421 0.0392891 
0.138594 0.0824087 
0.188213 0.122582 
0.217502 0.15178 
0.227393 0.169432 
0.224885 0.177989 
0.216609 0.178617 
0.205931 0.170881 
0.194262 0.155614 
0.183204 0.13684 
0.17414 0.119755 
0.165492 0.10612 
0.151345 0.091894 
0.124781 0.0708089 
0.0850042 0.0424583 
0.0429007 0.0185829 
0.0192417 0.0211021 
0.0344916 0.070869 
0.095701 0.173309 
0.189171 0.310472 
0.284589 0.445699 
0.348988 0.539134 
0.362382 0.565343 
0.325888 0.523077 
0.258192 0.432523 
0.183721 0.323177 
0.120593 0.220527 
0.0754243 0.138966 
0.0466069 0.0830029 
0.0318092 0.0531199 
0.0332563 0.0503681 
0.056795 0.0760803 
0.105761 0.127635 
0.17453 0.194516 
0.246878 0.258745 
0.301016 0.300584 
0.318817 0.30658 
0.294125 0.27537 
0.235651 0.217951 
0.163109 0.152481 
0.0989008 0.0966574 
0.0596384 0.0616524 
0.051263 0.0501013 
0.069152 0.0579795 
0.101992 0.0782293 
0.136833 0.103741 
0.163066 0.12858 
0.174404 0.14799 
0.16926 0.158393 
0.150283 0.158102 
0.12343 0.148245 
0.0964453 0.132832 
0.0766481 0.117323 
0.0685456 0.106261 
0.0723488 0.101391 
0.0842782 0.101428 
0.0985566 0.103388 
0.109891 0.104304 
0.114985 0.102038 
0.112481 0.0949916 
0.10206 0.0817061 
0.0840837 0.0615557 
0.0604874 0.0365753 
0.0361964 0.0129805 
