0.485666 1.18187 
0.809546 1.75262 
1.16314 2.2987 
1.45587 2.6584 
1.60094 2.70578 
1.55016 2.4106 
1.31624 1.86061 
0.969566 1.22805 
0.609117 0.693957 
0.321862 0.370605 
0.151486 0.265253 
0.0920581 0.302104 
0.106466 0.382153 
0.154488 0.439059 
0.212751 0.459541 
0.279583 0.467981 
0.369916 0.498696 
0.506299 0.576633 
0.704083 0.70745 
0.948189 0.867807 
1.17353 0.998492 
1.27514 1.01866 
1.16212 0.871053 
0.830511 0.575534 
0.399731 0.245465 
0.071035 0.0401737 
0.0228495 0.0768833 
0.308372 0.361147 
0.821842 0.782182 
1.35173 1.17145 
1.68408 1.38317 
1.6977 1.35268 
1.40953 1.11387 
0.960279 0.780417 
0.553147 0.503293 
0.369686 0.414928 
0.492586 0.573524 
0.868466 0.930098 
1.33363 1.34201 
1.69555 1.63679 
1.82593 1.69594 
1.70929 1.50873 
1.42244 1.16391 
1.07182 0.79283 
0.741165 0.508795 
0.477364 0.376253 
0.300798 0.408275 
0.213567 0.57368 
0.201206 0.808712 
0.240646 1.04094 
0.313759 1.21907 
0.407792 1.32372 
0.498019 1.34856 
0.540334 1.2808 
0.500138 1.11732 
0.396738 0.905862 
0.307586 0.752996 
0.310108 0.762206 
0.411036 0.945234 
0.536462 1.19409 
0.595418 1.35036 
0.553235 1.31385 
0.445878 1.09765 
0.333765 0.79535 
0.251412 0.50656 
0.197877 0.287074 
0.159952 0.146276 
0.132611 0.069006 
0.120604 0.0352798 
0.133335 0.0323477 
0.185903 0.0632687 
0.300878 0.148526 
0.498762 0.313421 
0.778532 0.564958 
1.10365 0.874321 
1.40651 1.17895 
1.61054 1.40416 
1.65906 1.49258 
1.53916 1.42812 
1.29181 1.24533 
1.0024 1.01905 
0.770261 0.834496 
0.66576 0.746691 
0.694668 0.749785 
0.79198 0.778023 
0.854738 0.744872 
0.799769 0.60028 
0.614034 0.369059 
0.36721 0.14281 
0.17834 0.0291428 
0.155156 0.0907151 
0.338065 0.310827 
0.675365 0.601683 
1.04 0.845469 
1.28145 0.945095 
1.29305 0.863432 
1.06639 0.638073 
0.703219 0.36632 
0.370786 0.163463 
0.216885 0.109447 
0.291531 0.210097 
0.525366 0.397068 
0.779539 0.569192 
0.930279 0.64879 
0.927871 0.615182 
0.797025 0.497706 
0.597029 0.34454 
0.384644 0.197629 
0.20159 0.0860161 
0.0748284 0.0256457 
0.0130643 0.0141688 
0.00395694 0.0293462 
0.0250659 0.0448083 
0.0619074 0.0538132 
0.110162 0.0721041 
0.157656 0.110105 
0.174757 0.146008 
0.139029 0.13965 
0.0743389 0.0815449 
0.0524093 0.0221553 
0.136396 0.0378996 
0.313724 0.158116 
0.489138 0.32585 
0.553937 0.43648 
0.470387 0.420689 
0.295147 0.295381 
0.126619 0.140945 
0.0310212 0.0342929 
0.0108838 0.000636429 
0.0291485 0.0172106 
0.0517789 0.0494906 
0.0686014 0.0792731 
0.0859563 0.105835 
0.112373 0.133358 
0.154813 0.165367 
0.221884 0.209242 
0.320604 0.277296 
0.444391 0.37549 
0.565413 0.488938 
0.64397 0.58157 
0.650931 0.614996 
0.585469 0.572503 
0.474467 0.469141 
0.356557 0.342055 
0.264411 0.230959 
0.21487 0.162037 
0.206734 0.141023 
0.223093 0.154622 
0.238566 0.178647 
0.231968 0.190878 
0.198469 0.182691 
0.15142 0.161275 
0.110862 0.140225 
0.0878978 0.126618 
0.0782924 0.116129 
0.0697898 0.0997613 
0.0549641 0.0744621 
0.0375231 0.046927 
0.0273942 0.0274541 
0.0304655 0.0204865 
0.0429029 0.0210871 
0.0548114 0.0203748 
0.0589365 0.0142103 
0.0555584 0.00641954 
0.0492177 0.00358414 
0.0420197 0.00736271 
0.0319751 0.0129107 
0.0184098 0.0148593 
0.00729558 0.0134672 
0.0090192 0.0138215 
0.0304158 0.0201118 
0.0697608 0.0328744 
0.118763 0.0515625 
0.166354 0.0759045 
0.19891 0.10122 
0.200803 0.114327 
0.162825 0.100873 
0.0952802 0.0620231 
0.0301081 0.022501 
0.00204023 0.0158103 
0.0211818 0.0563318 
0.0635244 0.125546 
0.0919805 0.188095 
0.0901169 0.222876 
0.076076 0.238016 
0.0824454 0.255034 
0.121565 0.279733 
0.17072 0.291342 
0.192233 0.262506 
0.168677 0.190246 
0.118089 0.105364 
0.0744645 0.0485824 
0.0547116 0.0357611 
0.0471106 0.0468344 
0.0321245 0.0493126 
0.00977356 0.0311189 
0.000378392 0.0082037 
0.0173896 0.00112583 
0.0458012 0.00977357 
0.0548943 0.0160997 
0.0333013 0.0100627 
0.00575486 0.005415 
0.00995332 0.024388 
0.057428 0.0687744 
0.120689 0.112433 
0.159242 0.125467 
0.155125 0.103467 
0.122251 0.0700951 
0.0860937 0.0522742 
0.0603994 0.0562341 
0.0433182 0.0676503 
0.0289124 0.0704066 
0.0160811 0.0615793 
0.0076843 0.0506442 
0.0075275 0.0500469 
0.0213856 0.0683532 
0.0569408 0.107334 
0.116657 0.159316 
0.189734 0.207503 
0.25524 0.235432 
0.296357 0.241161 
0.310366 0.240078 
0.30302 0.248158 
0.276329 0.261323 
0.227944 0.256217 
0.163706 0.215478 
0.103895 0.149924 
0.0691221 0.0904206 
0.0599419 0.0573391 
0.0576723 0.0434884 
0.0505979 0.0309271 
0.0559822 0.0205218 
0.108243 0.0368666 
0.221291 0.100738 
0.364487 0.200228 
0.478978 0.293223 
0.519167 0.338452 
0.480576 0.323458 
0.393224 0.265904 
0.293865 0.194091 
0.204291 0.128339 
0.12908 0.076089 
0.066688 0.0377671 
0.0207822 0.0147189 
0.00307684 0.0130865 
0.0256168 0.0406228 
0.0870457 0.0971072 
0.163834 0.165794 
0.217761 0.216856 
0.219258 0.225268 
0.169647 0.189803 
