2.50609 2.29846 
2.14397 2.1426 
1.62948 1.74847 
1.32119 1.44807 
1.37796 1.43128 
1.69478 1.64306 
2.00988 1.85463 
2.09967 1.84883 
1.93495 1.59093 
1.68035 1.24871 
1.52757 1.0342 
1.51198 1.00917 
1.49414 1.04554 
1.31879 0.972678 
0.973645 0.745585 
0.587179 0.464553 
0.300567 0.261466 
0.171725 0.200577 
0.185487 0.276749 
0.300278 0.4547 
0.453624 0.672583 
0.552413 0.82859 
0.513387 0.817375 
0.337867 0.612093 
0.132283 0.307157 
0.0351335 0.064318 
0.1175 0.00556856 
0.349658 0.145493 
0.648095 0.406642 
0.940617 0.684813 
1.19358 0.906334 
1.40133 1.04789 
1.56693 1.12366 
1.6878 1.15736 
1.74323 1.156 
1.6887 1.09985 
1.47475 0.957145 
1.09444 0.718682 
0.629085 0.43087 
0.24347 0.197258 
0.108591 0.131399 
0.289921 0.279521 
0.683613 0.568154 
1.06304 0.830181 
1.21598 0.90669 
1.07394 0.752352 
0.736544 0.459297 
0.380418 0.181361 
0.136454 0.0264658 
0.0311985 0.00482693 
0.0161588 0.0589591 
0.031799 0.127183 
0.0442536 0.179024 
0.0426625 0.208123 
0.0269576 0.214018 
0.00856171 0.201671 
0.0131694 0.191878 
0.0643944 0.215395 
0.153688 0.283235 
0.23171 0.362072 
0.247418 0.392122 
0.212038 0.34638 
0.223664 0.277817 
0.407996 0.295454 
0.808463 0.473074 
1.32115 0.769903 
1.74304 1.04459 
1.9005 1.15704 
1.75082 1.06536 
1.38091 0.833986 
0.92745 0.563125 
0.502888 0.321328 
0.179887 0.139079 
0.0173514 0.0460832 
0.0831365 0.0990257 
0.449937 0.373666 
1.16662 0.931843 
2.21444 1.77954 
3.46443 2.82593 
4.66669 3.86377 
5.50043 4.60378 
5.68174 4.77521 
5.08666 4.25711 
3.83354 3.16899 
2.27861 1.85739 
0.903478 0.762237 
0.117862 0.21414 
0.0637563 0.269879 
0.543092 0.695151 
1.13744 1.1228 
1.45869 1.28969 
1.36563 1.18582 
1.00215 1.0093 
0.647091 0.972436 
0.501534 1.12043 
0.56859 1.30479 
0.693432 1.31881 
0.707705 1.07108 
0.557111 0.654002 
0.321882 0.263011 
0.131503 0.0457273 
0.0547428 0.00674283 
0.0575405 0.0367363 
0.0596221 0.0317823 
0.0341606 0.000832309 
0.0547414 0.0716746 
0.240764 0.387424 
0.649654 0.97763 
1.21614 1.71305 
1.78683 2.37856 
2.20006 2.79003 
2.33507 2.85438 
2.12703 2.55905 
1.60399 1.96538 
0.946888 1.24568 
0.474682 0.689714 
0.479214 0.584024 
0.999529 1.00725 
1.74421 1.72614 
2.26958 2.32526 
2.28497 2.4884 
1.83799 2.20413 
1.25154 1.74605 
0.895886 1.47283 
0.971036 1.60436 
1.41206 2.09597 
1.93339 2.65415 
2.18171 2.88888 
1.93913 2.54782 
1.2726 1.70402 
0.518232 0.748807 
0.0822067 0.158013 
0.18549 0.185956 
0.736822 0.717305 
1.41912 1.38024 
1.90543 1.81054 
2.03582 1.85501 
1.84863 1.58992 
1.4899 1.1973 
1.10204 0.829808 
0.768353 0.55474 
0.517815 0.373758 
0.35058 0.264631 
0.255034 0.206195 
0.214557 0.183536 
0.211253 0.184725 
0.227267 0.195652 
0.244623 0.198188 
0.251639 0.179669 
0.256642 0.150766 
0.289215 0.148134 
0.370298 0.201932 
0.471461 0.290483 
0.515922 0.338651 
0.441669 0.283161 
0.270031 0.145921 
0.0978879 0.0263087 
0.00975588 0.00481388 
0.00451758 0.0608501 
0.0213218 0.103977 
0.0289449 0.0858203 
0.0621129 0.0573958 
0.158074 0.10077 
0.281383 0.221578 
0.344043 0.337349 
0.301382 0.371528 
0.200768 0.33021 
0.12192 0.271934 
0.0896977 0.22644 
0.0689919 0.17443 
0.0332589 0.100867 
0.00323164 0.0317207 
0.00838564 0.00137691 
0.0393067 0.00687008 
0.0650959 0.0201765 
0.0857836 0.0359383 
0.134781 0.0768967 
0.220963 0.145583 
0.292662 0.196275 
0.282307 0.177826 
0.184395 0.0995193 
0.0752079 0.0373696 
0.0521534 0.0704983 
0.157575 0.216055 
0.35574 0.422664 
0.567825 0.614103 
0.721302 0.734218 
0.776305 0.76128 
0.724609 0.697063 
0.579514 0.554271 
0.374837 0.359794 
0.173417 0.16968 
0.0638875 0.0696769 
0.123408 0.136868 
0.35645 0.375242 
0.660071 0.680525 
0.865061 0.884455 
0.843473 0.863964 
0.60398 0.632518 
0.289769 0.3318 
0.0706826 0.12326 
0.0180232 0.0702041 
0.0704793 0.11187 
0.11434 0.14399 
0.092504 0.119362 
0.0380187 0.0717926 
0.0159468 0.056113 
0.0502507 0.0832287 
0.110274 0.118282 
0.1527 0.127626 
0.160684 0.111457 
0.144289 0.0917462 
0.118579 0.0824863 
0.0912302 0.0796003 
0.0666787 0.0737598 
0.0508717 0.0633349 
0.0454686 0.052366 
0.0404434 0.0407687 
0.0228649 0.0238145 
0.00172388 0.0056543 
0.018095 0.00827825 
0.109416 0.0521702 
0.249459 0.119052 
0.339162 0.148204 
0.290359 0.0975536 
0.131797 0.0156163 
0.0104548 0.0258893 
0.0609217 0.209164 
0.272665 0.501856 
0.50068 0.734356 
0.605528 0.780638 
0.567432 0.660545 
0.46614 0.494024 
0.379398 0.376636 
0.322779 0.315382 
0.271805 0.266822 
0.208354 0.20231 
0.135759 0.127042 
0.0684376 0.0597504 
0.0227844 0.0155916 
0.0107592 0.00278972 
0.0289716 0.0184025 
0.0555026 0.0445702 
0.0670738 0.0591346 
0.0601349 0.0541156 
0.0491986 0.0389407 
0.0459835 0.0251461 
0.0483455 0.0150014 
0.0498801 0.00692067 
0.0503322 0.00319084 
0.0519675 0.00576411 
