1.62131 1.65335 1.35541 
0.977168 1.0818 0.887158 
0.75371 0.809025 0.607129 
0.635043 0.610912 0.397969 
0.39399 0.349129 0.212574 
0.108425 0.123816 0.157794 
0.00275538 0.105424 0.331436 
0.158577 0.296564 0.650819 
0.412183 0.499733 0.889883 
0.51402 0.507234 0.885089 
0.36778 0.306646 0.695741 
0.122499 0.107578 0.56892 
0.0465071 0.175953 0.749543 
0.301531 0.621977 1.29702 
0.805121 1.30691 2.04063 
1.2829 1.92605 2.68581 
1.4579 2.19495 2.98302 
1.23423 2.01252 2.85448 
0.761043 1.51474 2.42486 
0.351679 1.00403 1.95542 
0.302119 0.785617 1.70519 
0.694861 0.978689 1.76927 
1.30975 1.41594 1.99345 
1.74711 1.74326 2.06966 
1.72928 1.69978 1.79514 
1.35188 1.36321 1.29257 
1.02768 1.10674 0.952626 
1.12125 1.25627 1.09369 
1.59985 1.75738 1.6401 
2.05112 2.19504 2.15139 
2.06123 2.16584 2.19982 
1.5752 1.63367 1.7317 
0.8945 0.92273 1.06563 
0.364738 0.393537 0.565534 
0.10789 0.160005 0.345944 
0.0347222 0.101493 0.276667 
0.0289393 0.0710634 0.20089 
0.0545224 0.0325222 0.0901919 
0.117518 0.0251307 0.0111615 
0.214695 0.0821143 0.0217706 
0.357988 0.224536 0.143135 
0.593731 0.483871 0.388455 
0.928457 0.856826 0.746203 
1.24591 1.23509 1.12249 
1.3725 1.44741 1.35999 
1.26723 1.42309 1.37192 
1.10675 1.29307 1.25272 
1.11842 1.27492 1.21046 
1.32326 1.44274 1.36611 
1.49369 1.64383 1.63506 
1.39719 1.66665 1.82165 
1.05522 1.4685 1.8129 
0.721001 1.20317 1.65406 
0.606552 1.0307 1.44571 
0.672273 0.943729 1.21417 
0.70124 0.806368 0.915273 
0.547331 0.539156 0.546945 
0.274097 0.225064 0.211911 
0.0607546 0.0258746 0.044214 
0.0150568 0.0200479 0.0827422 
0.0962024 0.138917 0.23158 
0.191629 0.246124 0.342297 
0.231801 0.257569 0.328502 
0.229317 0.189835 0.211731 
0.237336 0.121393 0.0819038 
0.293832 0.12608 0.0272653 
0.401734 0.234112 0.0896088 
0.543652 0.43133 0.259841 
0.701001 0.676838 0.497059 
0.853976 0.918558 0.750308 
0.96799 1.10415 0.976029 
0.996885 1.19861 1.15468 
0.918484 1.20738 1.30046 
0.767686 1.17521 1.44094 
0.614199 1.13762 1.56133 
0.497506 1.06728 1.56852 
0.409989 0.904173 1.35615 
0.378962 0.682755 0.958847 
0.549271 0.617177 0.636267 
1.10771 0.980324 0.725278 
2.05607 1.81917 1.32464 
3.06835 2.78819 2.11464 
3.64976 3.33587 2.55046 
3.50705 3.12908 2.3013 
2.7808 2.32069 1.5251 
1.90725 1.3998 0.71223 
1.25543 0.782651 0.263857 
0.896853 0.541577 0.216481 
0.685315 0.483294 0.331096 
0.493695 0.420728 0.384282 
0.34459 0.341777 0.349608 
0.345523 0.354783 0.341198 
0.544761 0.526817 0.442721 
0.853821 0.786718 0.606692 
1.08394 0.960455 0.69325 
1.06113 0.896107 0.592464 
0.753422 0.589254 0.329942 
0.324886 0.215878 0.0730101 
0.0454327 0.022595 0.0144892 
0.0885744 0.132619 0.208434 
0.378801 0.429177 0.501777 
0.645699 0.64307 0.648439 
0.656558 0.585474 0.5224 
0.413139 0.311627 0.231848 
0.127081 0.0588405 0.0201573 
0.0132534 0.0264457 0.0493418 
0.114873 0.215688 0.274496 
0.314256 0.467572 0.515164 
0.476945 0.629131 0.631268 
0.562268 0.672168 0.62841 
0.611983 0.673091 0.615064 
0.674082 0.71344 0.683716 
0.760193 0.812518 0.835442 
0.859933 0.934772 0.995994 
0.965965 1.03326 1.08227 
1.07657 1.08009 1.05497 
1.18892 1.07208 0.928061 
1.2999 1.02223 0.744714 
1.4027 0.944362 0.54581 
1.46994 0.83909 0.355453 
1.4485 0.697317 0.192362 
1.29389 0.524104 0.0877666 
1.01994 0.354001 0.0751905 
0.703882 0.227984 0.147126 
0.432109 0.151652 0.228541 
0.246163 0.0923993 0.223722 
0.14755 0.0329511 0.115956 
0.138034 0.017341 0.0162888 
0.223814 0.116166 0.0839922 
0.370762 0.333487 0.375129 
0.483207 0.564245 0.76931 
0.46377 0.667559 1.05616 
0.305839 0.588599 1.09884 
0.113919 0.401688 0.918406 
0.0206692 0.235279 0.638977 
0.0837159 0.16701 0.378817 
0.261358 0.194055 0.201134 
0.472687 0.283987 0.1404 
0.661993 0.423879 0.229397 
0.802735 0.606846 0.471897 
0.860974 0.785824 0.795143 
0.789485 0.872535 1.05999 
0.584119 0.81005 1.15096 
0.345158 0.652426 1.07173 
0.250343 0.551309 0.943388 
0.423551 0.632004 0.8894 
0.809778 0.869041 0.916412 
1.19459 1.09667 0.918932 
1.37305 1.15806 0.805159 
1.31396 1.0452 0.60183 
1.1704 0.894189 0.42449 
1.15261 0.866946 0.36853 
1.39678 1.05532 0.462444 
1.90471 1.46287 0.709603 
2.5242 1.99782 1.10133 
2.96197 2.44634 1.53979 
2.90293 2.52264 1.79511 
2.24391 2.06392 1.64112 
1.25639 1.22823 1.08641 
0.458889 0.452387 0.436532 
0.245211 0.140632 0.0707846 
0.597103 0.359951 0.138426 
1.14673 0.830114 0.473804 
1.49851 1.18798 0.783559 
1.49177 1.25041 0.887144 
1.21907 1.07076 0.799853 
0.885913 0.82883 0.657072 
0.679975 0.703324 0.604719 
0.704478 0.796889 0.731705 
0.947533 1.10292 1.04177 
1.29184 1.51545 1.45929 
1.58842 1.89564 1.87566 
1.75275 2.15634 2.20962 
1.8003 2.29522 2.43379 
1.80484 2.36469 2.5627 
1.84191 2.43034 2.63789 
1.95807 2.54466 2.71543 
2.1431 2.71098 2.82335 
2.30162 2.84349 2.9042 
2.2859 2.79601 2.82903 
2.01604 2.48818 2.51974 
1.58303 2.01714 2.06727 
1.19703 1.60668 1.69012 
1.00356 1.41327 1.54337 
0.961048 1.39041 1.57657 
0.918631 1.36398 1.6005 
0.802719 1.23169 1.48714 
0.696348 1.06046 1.28041 
0.728791 0.984279 1.11096 
0.911864 1.03488 1.03363 
1.10491 1.09652 0.973515 
1.13455 1.02067 0.822623 
0.938632 0.768284 0.565669 
0.606149 0.442939 0.304941 
0.301695 0.203389 0.173827 
0.154892 0.147611 0.2299 
0.195727 0.26045 0.417563 
0.364274 0.448295 0.618837 
0.571384 0.618258 0.741551 
0.761171 0.737104 0.773588 
0.935831 0.833668 0.768525 
1.14241 0.963218 0.792006 
1.4508 1.18017 0.888366 
1.93432 1.53247 1.08605 
2.62496 2.03825 1.3956 
3.43054 2.61901 1.76028 
4.08273 3.05204 2.01037 
4.22643 3.05149 1.9281 
3.65658 2.48425 1.43628 
2.52548 1.54617 0.748201 
1.29928 0.68819 0.279624 
0.4463 0.293893 0.331169 
0.11535 0.381398 0.814387 
0.0994791 0.620778 1.30542 
0.104132 0.659314 1.40532 
0.0334017 0.434429 1.07102 
0.0124634 0.174661 0.606348 
0.169248 0.123939 0.350065 
0.450065 0.299201 0.389194 
0.665785 0.512689 0.554522 
0.681934 0.582453 0.637259 
0.525841 0.483663 0.571324 
0.321538 0.316982 0.431702 
0.166709 0.187082 0.320255 
0.0885981 0.134707 0.282751 
0.0819235 0.150232 0.304089 
0.146227 0.206844 0.337986 
0.283923 0.276557 0.336775 
0.483062 0.339426 0.280404 
0.702331 0.386042 0.19067 
0.858082 0.400419 0.108032 
0.843019 0.349602 0.0550553 
0.611481 0.22635 0.0427742 
0.277051 0.116942 0.115773 
0.0915225 0.188824 0.35417 
0.268676 0.561688 0.794357 
0.811625 1.18716 1.35875 
1.53155 1.88387 1.90055 
2.2251 2.48588 2.31569 
2.78372 2.91127 2.56615 
3.12128 3.0795 2.58628 
3.08702 2.85149 2.24844 
2.57464 2.16666 1.52264 
1.74676 1.2549 0.672093 
1.05722 0.605861 0.177548 
0.935416 0.607134 0.351095 
1.41138 1.18094 1.00699 
2.08077 1.82264 1.57622 
2.45825 2.03409 1.59686 
2.35712 1.72004 1.09515 
1.94157 1.17355 0.487783 
