0.206207 0.508308 0.873772 
0.232922 0.404323 0.758063 
0.273294 0.311748 0.683532 
0.335471 0.233463 0.634411 
0.428149 0.165053 0.576613 
0.558438 0.105077 0.481712 
0.727904 0.0633035 0.348066 
0.929464 0.0629432 0.209525 
1.14803 0.135946 0.128035 
1.36438 0.311963 0.172189 
1.55834 0.602672 0.388207 
1.70768 0.985831 0.773211 
1.78506 1.39731 1.26258 
1.75995 1.74047 1.74094 
1.61192 1.91624 2.07803 
1.35154 1.86497 2.17783 
1.03439 1.59916 2.01894 
0.751161 1.20508 1.6639 
0.589153 0.80611 1.22955 
0.582355 0.50371 0.832067 
0.682128 0.329931 0.537069 
0.77533 0.242422 0.343999 
0.749453 0.168569 0.214052 
0.571241 0.0731576 0.123058 
0.329426 0.00540449 0.103399 
0.207718 0.0906198 0.244263 
0.394433 0.464864 0.645111 
0.97544 1.18742 1.34717 
1.87085 2.18203 2.28307 
2.85312 3.24304 3.27597 
3.63852 4.10633 4.09235 
4.0041 4.5496 4.52414 
3.87121 4.47296 4.46211 
3.31968 3.92515 3.92941 
2.5363 3.07067 3.06562 
1.73253 2.12154 2.07415 
1.07403 1.26804 1.15836 
0.648055 0.635136 0.470567 
0.46948 0.272666 0.0872931 
0.507898 0.170793 0.0102585 
0.71461 0.284117 0.183831 
1.03692 0.550614 0.517095 
1.41926 0.900068 0.903039 
1.79889 1.25576 1.23426 
2.10583 1.53816 1.4195 
2.27287 1.67792 1.40451 
2.25492 1.63803 1.19406 
2.05007 1.43557 0.863833 
1.71038 1.14789 0.54807 
1.33176 0.891556 0.396818 
1.02103 0.775855 0.513097 
0.85132 0.849475 0.897007 
0.827396 1.06868 1.42833 
0.881872 1.30915 1.90523 
0.909085 1.42216 2.12852 
0.822097 1.30972 1.99379 
0.602656 0.979176 1.54434 
0.315444 0.545728 0.954824 
0.0777697 0.179457 0.451328 
0.00228835 0.02487 0.208084 
0.146253 0.136752 0.274009 
0.494981 0.465318 0.564767 
0.983396 0.893259 0.918754 
1.53447 1.297 1.18086 
2.08514 1.59422 1.26703 
2.58487 1.755 1.18052 
2.97767 1.78276 0.983859 
3.19456 1.69129 0.755423 
3.17636 1.5017 0.561281 
2.91975 1.2603 0.452474 
2.51397 1.05496 0.474021 
2.1325 1.00289 0.66313 
1.96929 1.20238 1.02711 
2.14679 1.67141 1.51463 
2.64669 2.31294 2.00746 
3.30626 2.93622 2.35107 
3.88594 3.33088 2.41678 
4.17331 3.35677 2.16312 
4.06879 3.00192 1.66032 
3.61221 2.37898 1.06108 
2.94521 1.66636 0.532645 
2.2385 1.02947 0.18713 
1.62531 0.563766 0.0462116 
1.17025 0.282713 0.0540593 
0.876668 0.14581 0.124278 
0.71556 0.101301 0.189995 
0.653313 0.116456 0.22955 
0.6646 0.182162 0.258925 
0.730341 0.297028 0.302959 
0.829675 0.447505 0.36791 
0.935498 0.599709 0.433426 
1.01771 0.708453 0.467043 
1.05188 0.737051 0.449151 
1.02769 0.675017 0.390232 
0.952067 0.542779 0.328036 
0.845559 0.38099 0.306002 
0.734107 0.231278 0.346594 
0.640531 0.119672 0.436556 
0.579218 0.051179 0.533357 
0.555005 0.0161743 0.588562 
0.564616 0.00199936 0.573466 
0.598441 0.00118199 0.49178 
0.641957 0.0119153 0.373413 
0.678195 0.0332151 0.255666 
0.692954 0.0611048 0.165131 
0.682106 0.0903279 0.110835 
0.65693 0.12024 0.0897801 
0.642219 0.158748 0.097113 
0.664913 0.218699 0.131292 
0.737253 0.306996 0.190387 
0.843724 0.413467 0.264041 
0.94122 0.50872 0.329973 
0.975643 0.555484 0.360802 
0.908551 0.529008 0.338929 
0.740362 0.434945 0.270164 
0.516632 0.312886 0.186029 
0.311852 0.221076 0.131038 
0.196997 0.208644 0.140503 
0.206253 0.289466 0.220699 
0.319807 0.43189 0.342581 
0.472215 0.570803 0.453084 
0.583381 0.637187 0.498926 
0.597916 0.591477 0.451612 
0.51415 0.44504 0.322249 
0.388672 0.259689 0.159896 
0.313546 0.125109 0.0345656 
0.376048 0.123712 0.0119156 
0.618888 0.297516 0.129189 
1.01881 0.630442 0.380845 
1.49307 1.05278 0.718632 
1.93068 1.46537 1.06586 
2.23387 1.77328 1.34086 
2.35108 1.91505 1.48135 
2.28745 1.87684 1.46126 
2.09058 1.68768 1.29472 
1.82178 1.40144 1.02724 
1.52949 1.07569 0.719312 
1.238 0.757456 0.429328 
0.954365 0.479304 0.201186 
0.684572 0.262292 0.0582747 
0.445288 0.119137 0.00251392 
0.26225 0.0532247 0.0168447 
0.156834 0.0549269 0.0708828 
0.131463 0.100889 0.130285 
0.165503 0.160902 0.168889 
0.2258 0.211171 0.179637 
0.285317 0.246638 0.178418 
0.337312 0.283636 0.196865 
0.395295 0.349298 0.265717 
0.478805 0.46267 0.396399 
0.59471 0.618608 0.570826 
0.726801 0.784684 0.745791 
0.840706 0.91375 0.870437 
0.900943 0.965357 0.907929 
0.8891 0.923926 0.850114 
0.811938 0.803915 0.718236 
0.695262 0.640324 0.55082 
0.568686 0.471452 0.386714 
0.451594 0.324417 0.252763 
0.348724 0.210803 0.161349 
0.256648 0.132493 0.116159 
0.17524 0.0914182 0.119774 
0.115557 0.0954145 0.176591 
0.0986193 0.155958 0.288908 
0.145612 0.279375 0.449189 
0.265148 0.457313 0.634454 
0.44451 0.662656 0.807668 
0.649508 0.854038 0.927117 
0.833391 0.987734 0.960345 
0.951425 1.0322 0.896636 
0.975549 0.979118 0.75218 
0.903321 0.846189 0.565101 
0.757506 0.670073 0.382058 
0.576432 0.492638 0.242291 
0.399509 0.346723 0.166455 
0.254532 0.247863 0.154925 
0.152164 0.194781 0.194605 
0.0886078 0.176181 0.268193 
0.0529603 0.178258 0.359208 
0.0341598 0.188694 0.450992 
0.0246812 0.197525 0.524554 
0.0216599 0.198781 0.562586 
0.0275446 0.195423 0.561783 
0.0504793 0.204623 0.545993 
0.101961 0.256084 0.566894 
0.189673 0.378459 0.683786 
0.307732 0.577908 0.928396 
0.431346 0.822048 1.27455 
0.522685 1.04321 1.6345 
0.547921 1.16441 1.88988 
0.496266 1.13592 1.94365 
0.388113 0.961227 1.76503 
0.265328 0.69627 1.40254 
0.168898 0.422212 0.959389 
0.118281 0.208099 0.54687 
0.105636 0.0847495 0.241947 
0.10727 0.0419298 0.068479 
0.102574 0.0453881 0.00509619 
0.0866829 0.0596929 0.00823286 
0.0695397 0.0633763 0.0349191 
0.0649804 0.0516618 0.0559228 
0.0799861 0.0309633 0.0586945 
0.111861 0.012134 0.0445308 
0.153184 0.00621682 0.0238908 
0.198273 0.0220323 0.0110853 
0.245327 0.0636676 0.0183437 
0.293842 0.128011 0.0503715 
0.341669 0.204697 0.101869 
0.38594 0.280313 0.159897 
0.427766 0.345701 0.21041 
0.476529 0.402424 0.245746 
0.549339 0.464379 0.269165 
0.664845 0.553188 0.29416 
0.834609 0.689201 0.338748 
1.05654 0.881768 0.417022 
1.31307 1.1223 0.531215 
1.57388 1.38245 0.667434 
1.80137 1.61828 0.797247 
1.95741 1.78014 0.885441 
2.01052 1.82591 0.901839 
1.94274 1.73394 0.832992 
1.75491 1.5113 0.689152 
1.46845 1.19405 0.503576 
1.12231 0.839244 0.324364 
0.76558 0.511247 0.201965 
0.447644 0.267091 0.176803 
0.208756 0.145161 0.27068 
0.0735928 0.159805 0.483447 
0.0490433 0.301917 0.794191 
0.125959 0.543611 1.16502 
0.283352 0.844561 1.54604 
0.49321 1.1584 1.88165 
0.724819 1.43912 2.11942 
0.948686 1.64823 2.22189 
1.14065 1.76252 2.17882 
1.28605 1.78021 2.01423 
1.38225 1.72181 1.78205 
1.4376 1.62291 1.54909 
1.46595 1.52073 1.37084 
1.47918 1.44008 1.27168 
1.4816 1.38614 1.23978 
1.46952 1.34741 1.23897 
1.43546 1.30592 1.22987 
1.37341 1.24734 1.18741 
1.28111 1.16505 1.10597 
1.15873 1.05743 0.992618 
1.00656 0.923607 0.857136 
0.825595 0.7632 0.707376 
0.621796 0.581062 0.552055 
0.41079 0.392706 0.405584 
0.218464 0.224622 0.288217 
