0.172988 0.987611 2.45303 
0.103686 0.827233 2.11962 
0.0566327 0.578329 1.60485 
0.0591897 0.303906 0.997612 
0.139756 0.0950446 0.441481 
0.314655 0.0484346 0.105404 
0.546976 0.193952 0.0880206 
0.731591 0.441999 0.334162 
0.752331 0.6262 0.657856 
0.576743 0.623381 0.868663 
0.297714 0.444653 0.891801 
0.0741573 0.214269 0.779017 
0.0217239 0.06379 0.620281 
0.150048 0.0459187 0.46036 
0.39018 0.137484 0.300795 
0.668988 0.303151 0.162626 
0.957053 0.538729 0.118424 
1.25994 0.851128 0.241773 
1.58074 1.20736 0.51897 
1.89654 1.51636 0.817215 
2.16385 1.67062 0.956817 
2.33703 1.61437 0.838651 
2.37977 1.37995 0.523288 
2.26554 1.06281 0.194612 
1.97824 0.758501 0.0355521 
1.5247 0.515306 0.114431 
0.959361 0.340657 0.368246 
0.408154 0.25396 0.688531 
0.0718965 0.341024 1.03681 
0.190589 0.761147 1.50052 
0.960843 1.68499 2.24783 
2.42262 3.18097 3.40603 
4.36583 5.10431 4.93126 
6.32903 7.06168 6.54579 
7.73672 8.50632 7.79521 
8.13797 8.95087 8.22275 
7.42064 8.19819 7.58605 
5.86339 6.45288 5.9976 
3.98642 4.23798 3.90156 
2.30164 2.1674 1.89846 
1.12223 0.712896 0.520409 
0.521309 0.0814958 0.0688194 
0.403491 0.218972 0.558411 
0.592691 0.879687 1.74258 
0.883693 1.71012 3.18568 
1.07907 2.34236 4.37738 
1.04616 2.50698 4.88942 
0.779405 2.13699 4.53417 
0.41672 1.40286 3.4478 
0.183821 0.643697 2.04032 
0.294968 0.221504 0.825569 
0.859372 0.365879 0.20793 
1.82275 1.07219 0.320872 
2.95636 2.09163 0.987372 
3.91134 3.02654 1.82273 
4.34841 3.50606 2.43407 
4.09982 3.36213 2.60864 
3.26551 2.69909 2.37652 
2.16404 1.80707 1.91698 
1.16225 0.984537 1.40111 
0.501106 0.403005 0.908937 
0.225159 0.0926865 0.4703 
0.225549 0.00756411 0.142811 
0.32965 0.0755423 0.0105564 
0.380913 0.203278 0.0995434 
0.300882 0.289701 0.324695 
0.129535 0.287928 0.556018 
0.005805 0.260514 0.742965 
0.0620854 0.336493 0.949247 
0.293605 0.575683 1.24445 
0.529396 0.872111 1.57159 
0.565731 1.01815 1.7521 
0.361218 0.889409 1.64126 
0.106699 0.572001 1.27539 
0.085594 0.300798 0.855221 
0.439789 0.26551 0.58315 
1.0477 0.467008 0.516471 
1.61366 0.743284 0.564386 
1.87869 0.91609 0.601175 
1.77796 0.916123 0.570257 
1.44536 0.798733 0.498232 
1.099 0.674972 0.443423 
0.909675 0.635913 0.448962 
0.930926 0.719499 0.534089 
1.11008 0.918994 0.707048 
1.35166 1.20823 0.97223 
1.58265 1.55934 1.32228 
1.77559 1.93914 1.72159 
1.92275 2.28972 2.09462 
1.99842 2.52025 2.33596 
1.95405 2.53452 2.35012 
1.75225 2.28417 2.10289 
1.40357 1.80591 1.64643 
0.972394 1.21152 1.09676 
0.55463 0.642408 0.582627 
0.250216 0.223931 0.204195 
0.13873 0.0382054 0.017996 
0.252023 0.108263 0.035443 
0.550796 0.38893 0.222399 
0.929524 0.776354 0.506211 
1.25915 1.14349 0.798007 
1.44107 1.38433 1.01961 
1.43603 1.44156 1.11909 
1.25976 1.31215 1.0769 
0.964932 1.04202 0.913672 
0.62427 0.711963 0.6916 
0.313307 0.408194 0.488201 
0.0936473 0.187942 0.349418 
0.00621356 0.0697548 0.267612 
0.0702308 0.0546773 0.213182 
0.265789 0.139828 0.181516 
0.502281 0.291752 0.190098 
0.627225 0.416177 0.226622 
0.523253 0.399296 0.228654 
0.239548 0.221934 0.149472 
0.0144768 0.0307312 0.045894 
0.110384 0.0508758 0.0653752 
0.574799 0.383204 0.309344 
1.15602 0.877532 0.703644 
1.4795 1.22587 1.02424 
1.33976 1.20461 1.07078 
0.84793 0.844731 0.825349 
0.319127 0.385394 0.45223 
0.0270749 0.0770743 0.156685 
0.0451683 0.0197315 0.042959 
0.271914 0.151106 0.0816861 
0.563757 0.348792 0.179169 
0.839468 0.534243 0.267096 
1.08858 0.70311 0.344889 
1.30979 0.881306 0.457596 
1.4495 1.05548 0.632106 
1.40329 1.14076 0.82 
1.09846 1.02841 0.902542 
0.604205 0.695031 0.77624 
0.163185 0.282417 0.461574 
0.0727896 0.0520714 0.133062 
0.473165 0.215562 0.0211958 
1.20943 0.76632 0.252543 
1.9013 1.45875 0.758349 
2.18376 1.96158 1.32431 
1.93501 2.06494 1.73199 
1.32493 1.78521 1.87558 
0.673526 1.31088 1.77959 
0.249802 0.860001 1.53551 
0.15127 0.562799 1.22863 
0.308772 0.432109 0.908181 
0.5692 0.406997 0.602291 
0.785447 0.41699 0.344117 
0.871814 0.422519 0.176708 
0.816447 0.416925 0.129648 
0.660607 0.403345 0.188803 
0.463555 0.373947 0.290614 
0.27453 0.312186 0.35475 
0.124149 0.214782 0.335181 
0.0302394 0.108875 0.249729 
0.00309622 0.042682 0.163352 
0.0417933 0.0536446 0.139257 
0.127287 0.14096 0.198291 
0.223684 0.266334 0.316356 
0.29181 0.381564 0.45397 
0.307847 0.458896 0.58601 
0.274526 0.499909 0.705362 
0.216627 0.518852 0.802719 
0.163899 0.518832 0.84855 
0.135814 0.48576 0.801845 
0.142664 0.409318 0.64495 
0.201147 0.312787 0.415647 
0.34218 0.257978 0.201832 
0.589221 0.307424 0.0910615 
0.915792 0.466857 0.108825 
1.22396 0.659893 0.198034 
1.38024 0.768437 0.263169 
1.29615 0.714813 0.245558 
0.992795 0.518886 0.164901 
0.595339 0.281867 0.0919443 
0.260397 0.113432 0.0821877 
0.0920044 0.065269 0.134811 
0.100369 0.117729 0.209106 
0.215049 0.211673 0.269655 
0.330142 0.286664 0.309254 
0.357508 0.303288 0.335006 
0.272131 0.255203 0.347919 
0.128135 0.174763 0.34434 
0.0226643 0.117174 0.328358 
0.0183831 0.116926 0.307194 
0.0862586 0.150741 0.273047 
0.133451 0.157814 0.208216 
0.106108 0.117014 0.127892 
0.0683911 0.10476 0.113891 
0.162235 0.252344 0.276117 
0.4668 0.617952 0.649362 
0.891742 1.09376 1.12223 
1.2229 1.45683 1.4893 
1.2924 1.53597 1.60005 
1.11446 1.34184 1.46787 
0.85606 1.03507 1.23047 
0.674899 0.768446 1.00378 
0.58827 0.566767 0.786998 
0.49761 0.36315 0.521989 
0.328948 0.139492 0.237613 
0.133803 0.00534417 0.104949 
0.045865 0.116244 0.31497 
0.144025 0.507514 0.881934 
0.36548 1.01543 1.56989 
0.553729 1.37471 2.03197 
0.588763 1.40961 2.05056 
0.47568 1.15155 1.67445 
0.322843 0.794414 1.15247 
0.247734 0.546083 0.745681 
0.297713 0.505075 0.582421 
0.435342 0.637461 0.643047 
0.575173 0.831797 0.830761 
0.63483 0.968332 1.03676 
0.577197 0.966483 1.16361 
0.432759 0.810965 1.13784 
0.288105 0.557733 0.940349 
0.233923 0.307134 0.631188 
0.298762 0.14504 0.325125 
0.423016 0.0894088 0.119699 
0.507085 0.0909865 0.0351436 
0.502888 0.0943943 0.0229517 
0.468751 0.105121 0.0332308 
0.529596 0.193853 0.0708076 
0.765364 0.424375 0.181578 
1.11906 0.76643 0.38299 
1.40789 1.07777 0.6117 
1.44004 1.18485 0.747604 
1.15329 1.00602 0.70066 
0.670177 0.620042 0.486322 
0.226904 0.224082 0.22435 
0.0277476 0.0121446 0.0630673 
0.128712 0.0645456 0.0919844 
0.424873 0.321913 0.306099 
0.734412 0.645666 0.6328 
0.908331 0.906082 0.982537 
0.894368 1.03636 1.28102 
0.732865 1.03462 1.47459 
0.510337 0.9367 1.52851 
0.309115 0.788724 1.43358 
0.175889 0.63062 1.21504 
0.114299 0.488052 0.92824 
0.0980007 0.370503 0.638134 
0.0946962 0.276157 0.395158 
0.0858875 0.200375 0.22217 
0.0701602 0.140666 0.116542 
0.0527841 0.0956135 0.0617519 
0.0373475 0.0633307 0.040271 
0.0297514 0.0445656 0.0414212 
0.0458759 0.0463725 0.0610532 
0.105082 0.0774236 0.094805 
0.20679 0.134557 0.131836 
