0.0897217 0.306892 0.587243 
0.172695 0.455774 0.669435 
0.435898 0.709677 0.772294 
0.701296 0.906235 0.802673 
0.839652 0.945715 0.721213 
0.851004 0.851399 0.568572 
0.837272 0.736399 0.434165 
0.90315 0.710054 0.391275 
1.07187 0.799605 0.447041 
1.27491 0.940932 0.542249 
1.40625 1.03156 0.595283 
1.38924 0.996929 0.553582 
1.2127 0.826597 0.419229 
0.926661 0.56992 0.241341 
0.610607 0.305886 0.0886314 
0.334723 0.107563 0.0194231 
0.136144 0.018693 0.0620971 
0.0241852 0.0520805 0.21301 
0.00469633 0.203368 0.448431 
0.0918942 0.458836 0.735619 
0.286622 0.78292 1.0306 
0.541084 1.10026 1.27033 
0.756344 1.30564 1.38209 
0.833697 1.31454 1.32001 
0.746175 1.12357 1.10617 
0.570756 0.831347 0.839719 
0.452554 0.598536 0.659218 
0.52657 0.572296 0.680619 
0.849069 0.821242 0.947818 
1.37389 1.31081 1.41718 
1.97428 1.91907 1.97287 
2.48892 2.47646 2.45947 
2.77108 2.81477 2.72341 
2.73098 2.81771 2.66007 
2.36717 2.46479 2.25808 
1.77684 1.85029 1.61943 
1.12836 1.15532 0.930419 
0.593899 0.570677 0.382095 
0.273313 0.208265 0.0793513 
0.161532 0.0604476 0.000105063 
0.183893 0.0374857 0.0353744 
0.26596 0.0486998 0.0765591 
0.375246 0.0578084 0.0791039 
0.507453 0.0755161 0.0612635 
0.649887 0.116966 0.0600361 
0.77128 0.176946 0.0954809 
0.846493 0.241183 0.167221 
0.88099 0.307255 0.266564 
0.903826 0.385311 0.381269 
0.936258 0.479507 0.491741 
0.967851 0.572781 0.570883 
0.96259 0.631544 0.593337 
0.892763 0.630047 0.551431 
0.778694 0.58174 0.473203 
0.702664 0.554975 0.431126 
0.772205 0.648063 0.520624 
1.04175 0.92185 0.800494 
1.44616 1.33186 1.22845 
1.80875 1.7225 1.65183 
1.93531 1.90689 1.88248 
1.73414 1.78482 1.81404 
1.27768 1.41441 1.49808 
0.764174 0.985036 1.12215 
0.406062 0.706776 0.900897 
0.312938 0.68511 0.946987 
0.437897 0.861039 1.20389 
0.62326 1.06357 1.49266 
0.721707 1.14836 1.65263 
0.707456 1.12004 1.67406 
0.68511 1.12765 1.70315 
0.78253 1.32085 1.89614 
1.02176 1.68805 2.24412 
1.28899 2.031 2.53752 
1.43221 2.11088 2.51854 
1.39327 1.83974 2.09023 
1.25532 1.35106 1.39693 
1.17482 0.901029 0.717064 
1.27076 0.700057 0.279862 
1.56156 0.810443 0.161839 
1.976 1.15821 0.313413 
2.39875 1.60383 0.639303 
2.70464 1.99592 1.03589 
2.77625 2.19027 1.3734 
2.53233 2.07368 1.49411 
1.97964 1.6232 1.28624 
1.25349 0.965837 0.796232 
0.586457 0.359847 0.26385 
0.190562 0.0631869 0.00230745 
0.126925 0.166 0.186508 
0.276533 0.528426 0.72183 
0.448837 0.891583 1.31554 
0.532208 1.0699 1.69134 
0.545423 1.05227 1.75567 
0.554897 0.935574 1.58467 
0.56774 0.788856 1.2894 
0.528931 0.605374 0.925017 
0.419982 0.379904 0.525356 
0.331748 0.195184 0.180839 
0.41198 0.193979 0.030506 
0.7316 0.452375 0.154219 
1.20383 0.886822 0.479702 
1.63249 1.29266 0.810723 
1.8384 1.4781 0.957528 
1.75569 1.37641 0.855296 
1.44108 1.05999 0.582737 
1.01993 0.673925 0.290153 
0.621726 0.354423 0.107586 
0.335536 0.177882 0.0898877 
0.191809 0.148852 0.210479 
0.170683 0.218471 0.389577 
0.231735 0.322188 0.53973 
0.345336 0.418515 0.610555 
0.49999 0.504929 0.610891 
0.680387 0.599817 0.593968 
0.842081 0.706896 0.614037 
0.917017 0.795321 0.684479 
0.856772 0.81612 0.767466 
0.68138 0.743176 0.801926 
0.487882 0.603391 0.74803 
0.399488 0.466933 0.614831 
0.483696 0.400343 0.451509 
0.697713 0.417168 0.311133 
0.905785 0.46596 0.216593 
0.96278 0.468021 0.15498 
0.80849 0.377898 0.102052 
0.506731 0.220311 0.0530141 
0.202062 0.0744769 0.0312583 
0.0260934 0.0176536 0.0669138 
0.0200456 0.0714238 0.164604 
0.124968 0.191244 0.290484 
0.239223 0.304807 0.392308 
0.295014 0.366421 0.436868 
0.297239 0.383929 0.432901 
0.302103 0.39952 0.419516 
0.360539 0.444423 0.429896 
0.475499 0.507753 0.460933 
0.606631 0.546246 0.474 
0.715941 0.527416 0.426756 
0.815291 0.471905 0.313024 
0.97424 0.460595 0.183273 
1.27473 0.595599 0.130689 
1.73785 0.934238 0.246226 
2.27251 1.43415 0.562139 
2.68965 1.9466 1.01405 
2.78866 2.27276 1.4503 
2.47286 2.26159 1.69669 
1.82165 1.89613 1.64817 
1.06389 1.31177 1.33162 
0.459314 0.727637 0.893028 
0.161481 0.330097 0.512099 
0.152629 0.18298 0.300843 
0.289331 0.220225 0.25512 
0.415972 0.315731 0.286353 
0.458918 0.372344 0.300292 
0.441805 0.368706 0.261155 
0.431513 0.344891 0.20135 
0.472016 0.354004 0.183474 
0.555569 0.420932 0.251716 
0.638109 0.530617 0.405807 
0.672619 0.64152 0.605152 
0.632872 0.707088 0.78899 
0.519004 0.692237 0.89573 
0.353067 0.583299 0.877619 
0.175161 0.396494 0.718142 
0.0410547 0.184787 0.453399 
0.0109362 0.0307876 0.178828 
0.119993 0.0116634 0.0152782 
0.34154 0.144833 0.0363972 
0.576856 0.355656 0.206309 
0.700525 0.510265 0.390462 
0.643949 0.5069 0.450009 
0.450688 0.355532 0.348885 
0.24534 0.169765 0.177755 
0.133171 0.0702321 0.0701218 
0.120611 0.0872774 0.0899637 
0.132924 0.155276 0.197458 
0.107255 0.197372 0.315797 
0.0590344 0.20499 0.416209 
0.0504543 0.227458 0.527293 
0.102418 0.293241 0.669463 
0.158075 0.363634 0.804235 
0.145784 0.377869 0.866069 
0.0688571 0.333802 0.838513 
0.0115895 0.299305 0.77614 
0.0460685 0.330262 0.736476 
0.144212 0.389309 0.700059 
0.201568 0.371514 0.583321 
0.155521 0.22624 0.348333 
0.0705379 0.0483952 0.0964577 
0.0927494 0.0310419 0.0339733 
0.312607 0.308336 0.320248 
0.668409 0.827452 0.92451 
0.980869 1.36182 1.61209 
1.08612 1.65427 2.0727 
0.95782 1.58213 2.1012 
0.733576 1.23739 1.71952 
0.637284 0.881211 1.17404 
0.846717 0.799861 0.806052 
1.37692 1.13415 0.854891 
2.04687 1.77793 1.30359 
2.56413 2.42163 1.87692 
2.691 2.73314 2.21456 
2.38492 2.56105 2.10784 
1.80923 2.01301 1.62394 
1.20907 1.35502 1.02599 
0.757293 0.823852 0.567681 
0.489722 0.505451 0.33742 
0.354297 0.353001 0.262173 
0.296903 0.287306 0.227429 
0.298504 0.270139 0.18333 
0.352987 0.30124 0.154604 
0.437515 0.37676 0.180378 
0.515542 0.469014 0.262676 
0.561227 0.542788 0.366567 
0.572292 0.579652 0.452691 
0.561666 0.583339 0.501771 
0.543694 0.567118 0.514256 
0.526652 0.538868 0.495891 
0.508434 0.49402 0.446128 
0.47542 0.419751 0.358604 
0.41611 0.312128 0.234783 
0.35026 0.199277 0.103103 
0.344404 0.148291 0.0258038 
0.479903 0.235032 0.0767984 
0.783308 0.487636 0.296125 
1.17905 0.849119 0.653527 
1.51785 1.19876 1.0546 
1.667 1.42266 1.38995 
1.59024 1.479 1.59123 
1.35777 1.41 1.65429 
1.09303 1.30147 1.62037 
0.908788 1.22927 1.53842 
0.869834 1.22715 1.43713 
0.979208 1.28081 1.31792 
1.17459 1.33813 1.16529 
1.34362 1.33269 0.967217 
1.37518 1.22242 0.739486 
1.2311 1.02975 0.542162 
0.985173 0.851485 0.471956 
0.786053 0.816769 0.622562 
0.760626 1.00914 1.02674 
0.927676 1.40247 1.61353 
1.18583 1.85751 2.21394 
1.3807 2.18658 2.62423 
1.39863 2.24885 2.69962 
1.22351 2.0192 2.42639 
0.92873 1.59184 1.92716 
0.622957 1.12223 1.39462 
0.39303 0.748359 0.996471 
0.278041 0.540213 0.810762 
0.278594 0.49788 0.821495 
