4.33992 5.64636 5.36308 
4.55351 5.79775 5.45984 
4.71213 5.81809 5.39925 
4.66704 5.56378 5.06333 
4.3153 4.95934 4.41092 
3.65531 4.04048 3.5029 
2.79738 2.94929 2.48348 
1.92038 1.88142 1.52612 
1.19612 1.01158 0.770884 
0.721449 0.434358 0.2832 
0.491745 0.146251 0.04915 
0.423778 0.0703553 0.00162514 
0.409073 0.103526 0.0578497 
0.366311 0.15943 0.148677 
0.268799 0.190306 0.230508 
0.141645 0.186124 0.282586 
0.0397372 0.161336 0.298519 
0.0229849 0.141234 0.279821 
0.139886 0.154267 0.234394 
0.420948 0.229467 0.178269 
0.876921 0.394133 0.13665 
1.49624 0.667642 0.140534 
2.24017 1.05117 0.2175 
3.03908 1.51768 0.379113 
3.79604 2.00899 0.61098 
4.40173 2.44508 0.872256 
4.75943 2.74533 1.10746 
4.8119 2.85399 1.26631 
4.55897 2.75848 1.32162 
4.05733 2.49154 1.27614 
3.40197 2.11668 1.15581 
2.69794 1.70515 0.995627 
2.03438 1.3161 0.827342 
1.47004 0.987235 0.67448 
1.03135 0.735274 0.55256 
0.718403 0.560214 0.468845 
0.512747 0.448775 0.419053 
0.384932 0.377594 0.385095 
0.302725 0.320203 0.340828 
0.240702 0.25912 0.267835 
0.188496 0.197937 0.173645 
0.152878 0.16442 0.0990339 
0.151319 0.199266 0.1053 
0.200558 0.334597 0.245035 
0.307731 0.574315 0.531837 
0.469729 0.8882 0.926535 
0.679328 1.22276 1.34796 
0.930343 1.52096 1.70192 
1.21437 1.73853 1.91301 
1.50936 1.84914 1.94515 
1.76936 1.84098 1.80654 
1.92749 1.71322 1.54323 
1.91735 1.47913 1.22827 
1.70525 1.17421 0.949424 
1.31607 0.85996 0.793524 
0.83645 0.614524 0.825733 
0.389929 0.509034 1.06709 
0.0935094 0.579193 1.47978 
0.014873 0.806459 1.96988 
0.148719 1.11946 2.41093 
0.421132 1.4162 2.68121 
0.718389 1.59771 2.70073 
0.927629 1.5997 2.45409 
0.974362 1.4113 1.99221 
0.845014 1.0764 1.41495 
0.58861 0.679097 0.842257 
0.297968 0.318428 0.382819 
0.0764505 0.0790566 0.107684 
0.000949198 0.00581482 0.0341705 
0.0941384 0.0901853 0.124342 
0.317137 0.274831 0.299927 
0.586545 0.47642 0.470775 
0.809328 0.618782 0.567612 
0.92021 0.662187 0.565842 
0.904372 0.614987 0.48946 
0.795477 0.522147 0.39305 
0.651847 0.437295 0.33106 
0.524891 0.393797 0.330209 
0.436979 0.390321 0.37873 
0.379293 0.397567 0.436463 
0.328121 0.380604 0.458554 
0.267931 0.323097 0.419299 
0.207035 0.239851 0.324378 
0.177179 0.171578 0.207084 
0.218045 0.165508 0.112255 
0.355534 0.252095 0.0763852 
0.585193 0.428907 0.112479 
0.868864 0.658614 0.205206 
1.14598 0.88144 0.317529 
1.35432 1.03655 0.405808 
1.45105 1.08343 0.437171 
1.42533 1.01454 0.401864 
1.29748 0.854638 0.315237 
1.10665 0.647859 0.208843 
0.893511 0.439661 0.115665 
0.687015 0.262364 0.0573963 
0.500538 0.130395 0.0400504 
0.337302 0.0452195 0.0586161 
0.199349 0.00435069 0.105881 
0.0931468 0.00731438 0.178503 
0.0280965 0.0546664 0.276228 
0.0096373 0.141741 0.395535 
0.0324842 0.252753 0.523033 
0.0793754 0.3607 0.634073 
0.126973 0.434669 0.698573 
0.155995 0.451503 0.691805 
0.160174 0.406331 0.605469 
0.149527 0.317193 0.454725 
0.146588 0.222034 0.278885 
0.177704 0.169433 0.135454 
0.263338 0.206246 0.0885502 
0.411118 0.365628 0.193646 
0.61374 0.658245 0.481722 
0.851752 1.06855 0.947114 
1.09961 1.55687 1.54344 
1.33247 2.06664 2.19014 
1.53105 2.53474 2.78869 
1.68294 2.9021 3.24379 
1.78011 3.12189 3.48328 
1.81453 3.16431 3.47134 
1.77501 3.01873 3.21277 
1.64877 2.69498 2.74944 
1.42861 2.22481 2.15139 
1.12371 1.66261 1.50531 
0.768056 1.08254 0.901418 
0.420004 0.568638 0.41921 
0.148936 0.197468 0.113179 
0.0117573 0.0169848 0.00112288 
0.0285411 0.0294548 0.0591888 
0.169881 0.187322 0.227288 
0.364992 0.40698 0.425649 
0.529982 0.597776 0.578799 
0.604628 0.695585 0.6392 
0.579771 0.686463 0.601493 
0.500636 0.609137 0.501192 
0.443222 0.534558 0.39794 
0.475332 0.531963 0.350354 
0.622496 0.63768 0.393412 
0.856583 0.841267 0.527857 
1.11224 1.09417 0.724862 
1.32079 1.33419 0.941483 
1.442 1.51157 1.13783 
1.47654 1.60359 1.28771 
1.45443 1.61289 1.38002 
1.40911 1.55503 1.41422 
1.35464 1.446 1.39589 
1.28007 1.29818 1.33639 
1.16339 1.12591 1.25565 
0.995191 0.953866 1.1834 
0.796271 0.819519 1.15427 
0.617358 0.764584 1.19621 
0.519647 0.81771 1.31643 
0.545386 0.976786 1.49191 
0.693321 1.20065 1.67059 
0.911651 1.41626 1.78485 
1.11328 1.54078 1.7737 
1.20829 1.51103 1.60607 
1.14074 1.30918 1.29596 
0.914357 0.97355 0.902337 
0.595138 0.588404 0.512133 
0.28791 0.254978 0.211244 
0.0951183 0.0541595 0.0545671 
0.0747745 0.0162269 0.0476776 
0.21628 0.111134 0.148532 
0.445712 0.264188 0.288639 
0.658775 0.390167 0.40377 
0.766286 0.429952 0.459576 
0.730725 0.372521 0.460265 
0.576941 0.252818 0.437616 
0.373345 0.128453 0.427882 
0.194961 0.0487395 0.449905 
0.0883351 0.0324539 0.495942 
0.0558319 0.0646135 0.538696 
0.0651805 0.11137 0.548757 
0.0759574 0.14242 0.511547 
0.0663377 0.1475 0.434337 
0.0451168 0.138604 0.34064 
0.0440108 0.138826 0.256721 
0.0970083 0.166338 0.198715 
0.220071 0.223625 0.167264 
0.402543 0.297569 0.151278 
0.613461 0.36878 0.137142 
0.817102 0.423381 0.117464 
0.987867 0.459996 0.0947999 
1.11648 0.488257 0.0791001 
1.20556 0.52024 0.0807048 
1.25882 0.559917 0.102483 
1.27153 0.59684 0.135343 
1.22913 0.608899 0.16102 
1.11654 0.575358 0.164101 
0.934879 0.496244 0.150806 
0.7164 0.408796 0.165971 
0.526599 0.389176 0.295624 
0.446357 0.531448 0.645264 
0.537083 0.906541 1.29513 
0.803766 1.51747 2.24896 
1.1772 2.27489 3.40263 
1.53099 3.01194 4.55494 
1.73167 3.53893 5.46401 
1.69985 3.7158 5.9284 
1.45006 3.50751 5.85681 
1.085 2.99403 5.29435 
0.744565 2.32996 4.39552 
0.536232 1.67635 3.36082 
0.485508 1.14076 2.36959 
0.533494 0.754175 1.53814 
0.580691 0.48925 0.913137 
0.548732 0.300725 0.489993 
0.422648 0.159259 0.237205 
0.250621 0.0604049 0.112818 
0.106049 0.01061 0.0719437 
0.0394117 0.00766973 0.0726485 
0.0508814 0.0335782 0.085748 
0.0980014 0.064812 0.105414 
0.128857 0.0899427 0.151142 
0.116263 0.11889 0.254607 
0.0714129 0.175662 0.435925 
0.0320076 0.280209 0.683953 
0.0370173 0.433674 0.955387 
0.106216 0.618013 1.19564 
0.235058 0.808754 1.36866 
0.402275 0.988788 1.47481 
0.579719 1.15074 1.54317 
0.736831 1.28627 1.60253 
0.841376 1.3735 1.652 
0.864241 1.37799 1.65419 
0.792554 1.27247 1.55904 
0.64474 1.06415 1.34368 
0.473376 0.80767 1.04034 
0.345763 0.587902 0.729987 
0.307737 0.476766 0.501868 
0.352369 0.489431 0.403553 
0.418066 0.570277 0.414042 
0.424557 0.622684 0.458634 
0.329234 0.568102 0.456742 
0.168407 0.398619 0.37205 
0.0530245 0.188993 0.233291 
0.115402 0.0589033 0.114044 
0.43555 0.107681 0.0868316 
0.990651 0.360666 0.181757 
1.65807 0.757453 0.373689 
2.26946 1.1848 0.600903 
2.68326 1.53049 0.798478 
2.8353 1.7262 0.924783 
2.7453 1.76077 0.969817 
2.48662 1.66674 0.9489 
2.1454 1.49697 0.891985 
1.7931 1.30599 0.834515 
1.47896 1.13888 0.807851 
1.2323 1.02262 0.825877 
1.06267 0.956985 0.871797 
