6.36115 4.19812 2.35265 
4.80077 3.0481 1.657 
3.09931 1.8043 0.864808 
1.72273 0.867371 0.300657 
0.888419 0.409177 0.111856 
0.524276 0.328455 0.205803 
0.419945 0.40393 0.381349 
0.410375 0.482555 0.508225 
0.444678 0.544818 0.592194 
0.533034 0.638606 0.707953 
0.671264 0.793757 0.91214 
0.826587 1.0101 1.23394 
0.979129 1.30468 1.72393 
1.15621 1.73646 2.46599 
1.41404 2.35825 3.4992 
1.77774 3.12785 4.70281 
2.18916 3.86001 5.75797 
2.50819 4.27884 6.25798 
2.57668 4.15939 5.92925 
2.30957 3.47587 4.82812 
1.7537 2.45269 3.36797 
1.07612 1.46884 2.12769 
0.498446 0.871041 1.54731 
0.22998 0.823357 1.7129 
0.425368 1.28352 2.3722 
1.13678 2.07657 3.1377 
2.23545 2.96259 3.69285 
3.36499 3.65652 3.86201 
4.04406 3.87103 3.57862 
3.93358 3.45076 2.8768 
3.08568 2.52 1.93512 
1.93216 1.46518 1.05996 
0.977619 0.693251 0.525931 
0.454394 0.351525 0.379804 
0.247336 0.273955 0.416236 
0.126323 0.205716 0.382495 
0.0190832 0.0715639 0.21854 
0.046168 0.015997 0.0866924 
0.318681 0.196189 0.166651 
0.748004 0.567001 0.439907 
1.078 0.886592 0.688801 
1.09915 0.9271 0.701438 
0.823536 0.671651 0.466805 
0.458002 0.312883 0.172079 
0.218241 0.0739113 0.0219561 
0.164993 0.0315379 0.0646016 
0.198824 0.0940516 0.180423 
0.189963 0.125216 0.220767 
0.104378 0.0776146 0.149116 
0.0151823 0.0150982 0.057178 
0.0144182 0.0291038 0.063319 
0.130527 0.151927 0.208064 
0.327767 0.349849 0.442261 
0.563584 0.579974 0.696082 
0.824988 0.831892 0.941256 
1.10633 1.10822 1.18453 
1.36656 1.37538 1.41368 
1.52521 1.54869 1.56563 
1.50927 1.53707 1.55772 
1.30892 1.31154 1.35609 
0.992738 0.938114 1.01653 
0.670353 0.545017 0.655622 
0.430925 0.24781 0.374045 
0.300679 0.0895147 0.199356 
0.245059 0.0388692 0.0983004 
0.207953 0.0393736 0.0392815 
0.156522 0.0611574 0.0361781 
0.103003 0.1154 0.130472 
0.0966975 0.23335 0.339926 
0.195707 0.437943 0.633004 
0.429224 0.723288 0.945749 
0.763043 1.03965 1.2064 
1.09275 1.29287 1.34442 
1.2881 1.38263 1.30849 
1.27475 1.2763 1.11536 
1.09249 1.05776 0.885677 
0.871345 0.884756 0.793083 
0.736635 0.868961 0.931064 
0.723122 0.983188 1.21397 
0.770386 1.08801 1.42562 
0.791814 1.05472 1.38869 
0.744805 0.867105 1.10016 
0.644768 0.614344 0.711981 
0.531103 0.401995 0.393737 
0.432606 0.278164 0.219705 
0.361036 0.233151 0.170612 
0.322402 0.245022 0.209184 
0.322729 0.308498 0.328256 
0.361799 0.422043 0.52738 
0.425959 0.560093 0.762916 
0.490786 0.66826 0.939391 
0.531953 0.689795 0.959197 
0.533568 0.599997 0.788825 
0.487211 0.421278 0.488466 
0.389031 0.213053 0.186628 
0.24919 0.0518309 0.022599 
0.110816 0.0137962 0.0910483 
0.0478206 0.151228 0.404595 
0.115711 0.451496 0.874298 
0.284173 0.802703 1.31906 
0.428559 1.02196 1.52975 
0.42103 0.966453 1.38472 
0.253485 0.653728 0.945595 
0.0649831 0.271696 0.437427 
0.0274677 0.0436025 0.0997487 
0.192588 0.0589391 0.0231376 
0.449604 0.224998 0.114302 
0.629196 0.373901 0.211367 
0.641138 0.407001 0.225553 
0.518156 0.341958 0.178023 
0.353365 0.25063 0.130188 
0.21873 0.18282 0.112057 
0.136725 0.14957 0.120946 
0.0983704 0.147573 0.157352 
0.0846688 0.170423 0.229383 
0.0765385 0.199459 0.323004 
0.0662057 0.209497 0.395434 
0.0687526 0.197561 0.415312 
0.110187 0.191977 0.396088 
0.187559 0.211334 0.366376 
0.244229 0.218208 0.312407 
0.212005 0.149971 0.19276 
0.105069 0.0307552 0.0502313 
0.0667135 0.041187 0.0910032 
0.278801 0.4115 0.569425 
0.777311 1.17676 1.50906 
1.35175 2.02994 2.52994 
1.66907 2.4801 3.03386 
1.54587 2.23485 2.66414 
1.11448 1.46336 1.63276 
0.707169 0.671363 0.57991 
0.563477 0.291353 0.0724405 
0.645879 0.369464 0.199279 
0.728051 0.616139 0.606295 
0.63579 0.716867 0.869429 
0.389954 0.579757 0.818518 
0.142881 0.328901 0.560805 
0.0222939 0.134251 0.291575 
0.0516868 0.0814322 0.132565 
0.186064 0.164779 0.109278 
0.374119 0.335408 0.196653 
0.570524 0.526066 0.342331 
0.718155 0.659721 0.473015 
0.759869 0.682529 0.529444 
0.684803 0.608335 0.51517 
0.554481 0.519514 0.498074 
0.471149 0.509783 0.552428 
0.516609 0.623664 0.704012 
0.716088 0.847634 0.932077 
1.04148 1.14011 1.20255 
1.42413 1.44622 1.47221 
1.75879 1.68426 1.66364 
1.92192 1.75131 1.67579 
1.82806 1.58296 1.46094 
1.4964 1.22469 1.10066 
1.06345 0.833413 0.783585 
0.713258 0.586462 0.68088 
0.571783 0.569696 0.826623 
0.645046 0.737497 1.10904 
0.839324 0.967151 1.36934 
1.03401 1.14911 1.5115 
1.14744 1.24065 1.53849 
1.15749 1.25767 1.51028 
1.07985 1.2299 1.47694 
0.93506 1.16209 1.43758 
0.737185 1.03126 1.34562 
0.514259 0.822847 1.15346 
0.334313 0.574946 0.867001 
0.291768 0.381096 0.56424 
0.440051 0.329028 0.349077 
0.725502 0.420805 0.269729 
1.00821 0.560949 0.279714 
1.18168 0.644894 0.289221 
1.27887 0.665293 0.258329 
1.43154 0.713332 0.229831 
1.70229 0.862803 0.267024 
1.97859 1.07207 0.377783 
2.07528 1.22906 0.518624 
1.94364 1.28412 0.657447 
1.72918 1.29175 0.790026 
1.58734 1.29808 0.881658 
1.47851 1.23078 0.839289 
1.21554 0.968671 0.601838 
0.729506 0.53208 0.262207 
0.227765 0.146589 0.0446062 
0.0264607 0.0604513 0.112457 
0.228347 0.297725 0.401264 
0.606376 0.622492 0.666993 
0.817125 0.754998 0.704093 
0.705962 0.609587 0.508862 
0.399104 0.328775 0.246362 
0.136678 0.121517 0.0908776 
0.0531329 0.0873098 0.0994741 
0.106617 0.170662 0.199462 
0.175481 0.248793 0.269462 
0.198237 0.261169 0.254668 
0.229585 0.274179 0.237031 
0.371022 0.416518 0.376666 
0.638939 0.722567 0.731798 
0.897892 1.03416 1.12455 
0.948078 1.09916 1.24331 
0.710012 0.813437 0.941825 
0.32556 0.361808 0.432163 
0.0512131 0.0762365 0.122801 
0.0315969 0.127147 0.230306 
0.180201 0.367465 0.57156 
0.287853 0.499463 0.768336 
0.236711 0.383876 0.643908 
0.0936341 0.160172 0.382568 
0.0046102 0.0668349 0.297233 
0.0313816 0.179993 0.482558 
0.113006 0.354985 0.730825 
0.171274 0.407859 0.77208 
0.215321 0.314173 0.552557 
0.320565 0.213223 0.262963 
0.517569 0.24094 0.126708 
0.730467 0.391032 0.197905 
0.83803 0.541228 0.359458 
0.78386 0.585065 0.471711 
0.612465 0.515101 0.490993 
0.407032 0.395945 0.467557 
0.222924 0.302803 0.486695 
0.0999802 0.310071 0.639192 
0.116202 0.507219 1.00826 
0.379029 0.962898 1.61313 
0.931855 1.63984 2.33486 
1.6773 2.36603 2.93504 
2.41578 2.93021 3.20683 
2.96467 3.22003 3.12979 
3.23351 3.25696 2.85998 
3.20054 3.10214 2.55854 
2.86589 2.76463 2.2488 
2.26811 2.23026 1.85489 
1.53386 1.56096 1.35313 
0.858703 0.916034 0.839829 
0.400482 0.451477 0.443442 
0.197094 0.222642 0.217174 
0.213627 0.22065 0.166854 
0.466989 0.495734 0.372723 
1.05952 1.1834 1.00835 
2.03577 2.33917 2.15698 
3.18939 3.72419 3.58139 
4.05438 4.79995 4.72163 
4.17065 5.02733 5.01246 
3.43279 4.25809 4.29027 
2.20161 2.86923 2.92838 
1.04725 1.49526 1.56224 
0.342666 0.586547 0.645306 
0.0769381 0.185454 0.22901 
0.0281701 0.0800709 0.117214 
0.0617517 0.107779 0.161667 
