0.853316 0.978422 0.732101 
0.624236 0.721304 0.538046 
0.387068 0.463719 0.359805 
0.226602 0.286446 0.263489 
0.193833 0.235585 0.281156 
0.287263 0.306056 0.397578 
0.459004 0.448568 0.558724 
0.640329 0.594697 0.696728 
0.772159 0.686397 0.758428 
0.825705 0.696072 0.724197 
0.805922 0.630142 0.610048 
0.740156 0.518138 0.454829 
0.660837 0.395575 0.300873 
0.591642 0.289714 0.177895 
0.54225 0.213492 0.0963817 
0.511211 0.167531 0.0509019 
0.49261 0.146318 0.0290241 
0.481758 0.143869 0.0199807 
0.477227 0.156139 0.0189754 
0.479429 0.180247 0.0264393 
0.487873 0.212521 0.0444079 
0.499442 0.247513 0.0730797 
0.508832 0.278869 0.109509 
0.510716 0.301322 0.148451 
0.502131 0.312292 0.184029 
0.483628 0.311987 0.210937 
0.458628 0.302156 0.224878 
0.431546 0.284624 0.222932 
0.40589 0.260841 0.204527 
0.383265 0.23259 0.172685 
0.363368 0.202892 0.134281 
0.344373 0.175779 0.0982178 
0.32321 0.154783 0.0721375 
0.296107 0.141757 0.0602716 
0.260544 0.138454 0.0654221 
0.219317 0.151824 0.0956001 
0.185478 0.200526 0.171557 
0.184644 0.31706 0.328319 
0.250605 0.540115 0.605072 
0.412768 0.896461 1.02407 
0.679069 1.37902 1.56751 
1.02257 1.93299 2.16596 
1.38059 2.4609 2.70911 
1.67026 2.84901 3.07872 
1.81613 3.00624 3.19137 
1.77824 2.89867 3.03151 
1.56774 2.56327 2.65855 
1.24264 2.0941 2.18412 
0.885664 1.60716 1.72982 
0.574595 1.20004 1.38484 
0.357934 0.923289 1.18104 
0.244898 0.773714 1.09357 
0.21138 0.708581 1.06258 
0.216542 0.671266 1.02358 
0.221591 0.616044 0.932728 
0.203468 0.522896 0.77874 
0.159928 0.399347 0.580222 
0.106493 0.271979 0.373229 
0.0681824 0.173143 0.195841 
0.0695733 0.128358 0.075563 
0.126103 0.147992 0.0226068 
0.238499 0.224613 0.0294459 
0.391332 0.335597 0.0752846 
0.55595 0.449613 0.133315 
0.697276 0.535054 0.178564 
0.783048 0.568345 0.194401 
0.793092 0.540059 0.176214 
0.725772 0.457167 0.131445 
0.59906 0.340617 0.0760327 
0.44522 0.218698 0.028358 
0.300404 0.118132 0.00264553 
0.192788 0.0559129 0.0041999 
0.134121 0.0350893 0.0284268 
0.11863 0.0464487 0.0642367 
0.13014 0.0755784 0.100449 
0.153997 0.111964 0.132046 
0.187232 0.155177 0.162698 
0.240593 0.214241 0.201672 
0.330342 0.300021 0.256558 
0.464181 0.415166 0.326444 
0.630376 0.54856 0.400739 
0.798375 0.679166 0.465669 
0.932474 0.78795 0.514918 
1.01108 0.870285 0.55682 
1.03915 0.939447 0.611381 
1.04457 1.01695 0.696805 
1.05945 1.11469 0.813155 
1.09786 1.22058 0.934478 
1.14451 1.29872 1.01657 
1.16256 1.30574 1.01766 
1.11553 1.21431 0.920268 
0.989492 1.02938 0.741152 
0.801556 0.78723 0.523647 
0.590485 0.538745 0.317968 
0.397073 0.327878 0.161805 
0.247294 0.177911 0.0714834 
0.147362 0.0910747 0.0452992 
0.0902286 0.0574858 0.0723862 
0.0656517 0.0644304 0.138865 
0.0656686 0.0996944 0.228157 
0.0832755 0.149562 0.319083 
0.108541 0.197015 0.387622 
0.128058 0.224754 0.414372 
0.12982 0.222353 0.393647 
0.110116 0.192291 0.337364 
0.0767005 0.149553 0.269912 
0.0450166 0.11402 0.216445 
0.0293669 0.0999569 0.191454 
0.0345778 0.108816 0.193809 
0.0533839 0.129189 0.209824 
0.0710911 0.143401 0.221289 
0.0747408 0.136881 0.213801 
0.0615866 0.105752 0.182244 
0.0421589 0.0594422 0.132523 
0.0359201 0.0172932 0.0797349 
0.0611586 0.000305559 0.043033 
0.12386 0.0211418 0.0380508 
0.211468 0.0768768 0.0693806 
0.295733 0.148607 0.127014 
0.344486 0.209173 0.189677 
0.337041 0.235778 0.234285 
0.275113 0.220911 0.246623 
0.182924 0.175324 0.227061 
0.0959397 0.121345 0.188137 
0.0442533 0.0806392 0.146117 
0.0396231 0.06377 0.112309 
0.0727079 0.067276 0.089341 
0.120767 0.0787736 0.0734925 
0.160268 0.0856759 0.0599946 
0.17707 0.081759 0.0469428 
0.169645 0.0683894 0.035621 
0.145651 0.0512713 0.0282283 
0.115636 0.0360138 0.0255964 
0.0879401 0.0254342 0.0266204 
0.0667906 0.0193899 0.029176 
0.0531204 0.0161351 0.0312047 
0.0464373 0.0138343 0.0311213 
0.0462583 0.0115393 0.0278259 
0.0524481 0.009575 0.0210239 
0.0645532 0.00937324 0.0119308 
0.0807084 0.0126843 0.00359049 
0.0969692 0.0203295 1.9803e-05 
0.107856 0.0311617 0.00431618 
0.108285 0.0420696 0.0168556 
0.0960604 0.0492769 0.0348005 
0.0734313 0.050219 0.0532497 
0.0465372 0.0447747 0.0672787 
0.0228592 0.0350882 0.0737075 
0.00810305 0.0242483 0.0718546 
0.00423115 0.0148111 0.063261 
0.00943835 0.00802369 0.0508106 
0.0195742 0.0039067 0.0376818 
0.029912 0.00178694 0.02642 
0.0365315 0.000827888 0.0183349 
0.0372374 0.000377122 0.0133758 
0.0321018 0.000118703 0.0104829 
0.0233885 7.98958e-06 0.00822838 
0.0145258 3.58801e-05 0.00552677 
0.00840899 0.000122037 0.00231678 
0.00613754 0.000516694 0.000124424 
0.00722058 0.00259432 0.00213218 
0.011007 0.00910838 0.0121212 
0.0177035 0.0228171 0.0320653 
0.0274903 0.0435993 0.0593902 
0.0382642 0.0661003 0.0860609 
0.0446708 0.0806904 0.10129 
0.0408529 0.0786522 0.0973001 
0.0261501 0.0588761 0.074718 
0.00932439 0.0309416 0.0433754 
0.00645875 0.011034 0.0170313 
0.0319061 0.0123056 0.00512644 
0.0876856 0.0361658 0.00749037 
0.159339 0.0711769 0.0160836 
0.222473 0.100864 0.022386 
0.256352 0.114779 0.0243301 
0.255219 0.114401 0.0269485 
0.229434 0.109551 0.0362727 
0.196224 0.108722 0.0520182 
0.167605 0.111651 0.0658816 
0.144605 0.110275 0.067471 
0.121071 0.0968457 0.0530513 
0.0923728 0.0718245 0.0294838 
0.0609449 0.044575 0.00964337 
0.0343438 0.0263604 0.00292066 
0.0185753 0.0219071 0.00873975 
0.0133879 0.0268502 0.0184829 
0.0137626 0.0329527 0.0239799 
0.0156395 0.0360709 0.025107 
0.0199303 0.0395777 0.0298972 
0.0306883 0.0502306 0.0470545 
0.0490946 0.0703135 0.0772319 
0.0691725 0.0932267 0.110409 
0.079931 0.106728 0.131613 
0.0729973 0.101507 0.130566 
0.049769 0.0783223 0.108048 
0.022083 0.0481601 0.0747734 
0.0053656 0.0253884 0.0443536 
0.00900898 0.0190458 0.0257619 
0.0306908 0.0282439 0.0200781 
0.0582384 0.0441132 0.0224382 
0.0772297 0.056016 0.0265506 
0.0789954 0.0574627 0.0283121 
0.0642465 0.0483843 0.0267821 
0.0410935 0.0334837 0.0230497 
0.0197801 0.0187578 0.0185955 
0.00772006 0.00862229 0.0143344 
0.00721723 0.00482633 0.0105479 
0.0160721 0.00689664 0.00727917 
0.0297465 0.0131574 0.00470396 
0.0435374 0.0215406 0.00320596 
0.0538887 0.029942 0.00312067 
0.0587839 0.036321 0.00432074 
0.0576148 0.0388853 0.00598783 
0.0509366 0.0365484 0.00689387 
0.0402847 0.029528 0.00617908 
0.0279759 0.0196737 0.00414848 
0.0167133 0.0101118 0.00243973 
0.00892889 0.00416139 0.00329843 
0.00604193 0.00399948 0.00838469 
0.00799362 0.00981994 0.0179385 
0.0133602 0.0199878 0.0308692 
0.0200454 0.032059 0.045609 
0.0262097 0.0439883 0.0609993 
0.0309577 0.0547872 0.0765226 
0.0344691 0.0643456 0.0917878 
0.0376163 0.072736 0.105802 
0.0414202 0.0796462 0.116743 
0.0467735 0.0844544 0.122595 
0.0546753 0.0869948 0.12241 
0.0668828 0.0885948 0.117487 
0.0865581 0.0927406 0.111778 
0.118344 0.104847 0.111147 
0.167418 0.13096 0.12169 
0.237433 0.175629 0.147692 
0.327805 0.239464 0.189813 
0.431327 0.317134 0.24387 
0.533478 0.396704 0.300507 
0.614645 0.461286 0.346267 
0.655565 0.49351 0.366749 
0.644595 0.482056 0.35183 
0.583672 0.42765 0.301288 
0.489275 0.344858 0.2274 
0.386551 0.257206 0.151456 
0.298608 0.186835 0.0943208 
0.236613 0.144084 0.0658241 
0.196781 0.123721 0.0600595 
0.166425 0.110922 0.0607536 
0.134944 0.0933013 0.0538137 
0.101787 0.0703246 0.0380923 
0.0754233 0.0527555 0.0258094 
0.0643553 0.0522946 0.0316545 
