1.41577 1.22868 1.13147 
1.01055 0.645223 0.479772 
0.674898 0.283368 0.148485 
0.483026 0.140717 0.0437187 
0.418429 0.13059 0.0117417 
0.453193 0.210308 0.00880942 
0.606092 0.431203 0.139312 
0.903542 0.848406 0.515205 
1.28245 1.37835 1.06728 
1.56114 1.77323 1.51434 
1.54942 1.78274 1.56183 
1.21506 1.37383 1.16372 
0.742535 0.792313 0.589752 
0.412748 0.388325 0.213509 
0.405109 0.356564 0.212323 
0.691449 0.621138 0.456736 
1.09065 0.944663 0.673384 
1.40565 1.13091 0.700032 
1.52265 1.13621 0.590605 
1.42811 1.03259 0.509544 
1.18048 0.910246 0.561144 
0.878098 0.822264 0.721504 
0.626385 0.788324 0.89825 
0.498135 0.811507 1.02022 
0.506819 0.881043 1.07144 
0.617061 0.974781 1.07183 
0.779709 1.07267 1.05112 
0.950853 1.16384 1.03566 
1.08053 1.2322 1.03654 
1.10575 1.24159 1.03822 
0.983511 1.15322 1.00627 
0.742036 0.967655 0.917415 
0.485686 0.741354 0.781232 
0.324903 0.546164 0.626172 
0.28642 0.407713 0.467357 
0.293964 0.292196 0.301602 
0.247095 0.162371 0.142018 
0.125609 0.0424155 0.0461929 
0.0152677 0.0123475 0.0854103 
0.0247201 0.124858 0.26729 
0.171729 0.326718 0.490921 
0.351294 0.4753 0.599481 
0.423033 0.452332 0.503086 
0.341654 0.277567 0.266135 
0.211143 0.114823 0.0734924 
0.21091 0.155244 0.0951176 
0.454953 0.470524 0.358782 
0.898368 0.952438 0.730867 
1.35804 1.37897 1.01056 
1.62141 1.54862 1.05609 
1.56376 1.38825 0.855375 
1.20949 0.979421 0.513799 
0.719122 0.508269 0.189356 
0.3165 0.176506 0.0184942 
0.187338 0.114107 0.0615142 
0.393534 0.329802 0.285717 
0.850673 0.724418 0.596878 
1.38592 1.16081 0.905417 
1.83907 1.5441 1.18206 
2.13763 1.85577 1.45749 
2.30177 2.12406 1.7663 
2.39302 2.36623 2.08671 
2.45726 2.5551 2.33064 
2.50047 2.63143 2.39135 
2.49965 2.54326 2.20835 
2.42775 2.28015 1.80449 
2.27171 1.88319 1.27812 
2.03499 1.42896 0.761166 
1.72932 0.997191 0.364646 
1.36868 0.640139 0.136726 
0.975723 0.372736 0.0546215 
0.593483 0.186921 0.0539435 
0.281507 0.071471 0.0723424 
0.0866406 0.0161025 0.0755856 
0.00962336 0.00214911 0.0563569 
0.00324447 0.00278845 0.0240683 
0.0115729 0.00396529 0.00361391 
0.0168728 0.0253753 0.0357307 
0.0498307 0.111472 0.159621 
0.153933 0.291785 0.379784 
0.338019 0.544661 0.646301 
0.557909 0.79787 0.872809 
0.738028 0.965377 0.981772 
0.812879 0.991031 0.942321 
0.761423 0.872337 0.777235 
0.618146 0.657961 0.544412 
0.45653 0.425958 0.311854 
0.35119 0.251858 0.137509 
0.337958 0.178111 0.0554037 
0.397581 0.200116 0.0692967 
0.475025 0.277575 0.156526 
0.518658 0.361937 0.279451 
0.508497 0.419279 0.397139 
0.456685 0.437037 0.474707 
0.390318 0.420943 0.494728 
0.336967 0.392538 0.470018 
0.31943 0.384963 0.444023 
0.350818 0.427196 0.465883 
0.424491 0.519686 0.550702 
0.508387 0.622476 0.658377 
0.556483 0.67377 0.71559 
0.534539 0.629925 0.667689 
0.441151 0.495553 0.518139 
0.307751 0.319731 0.324195 
0.178953 0.163632 0.156502 
0.0884407 0.0659243 0.0574983 
0.0448807 0.0281952 0.0263977 
0.0338328 0.0242622 0.0323262 
0.0338776 0.0233641 0.0398099 
0.0378023 0.0128206 0.0304256 
0.0623242 0.00592726 0.0104404 
0.13255 0.026999 0.000444648 
0.248394 0.0824003 0.0136123 
0.364558 0.14418 0.0416422 
0.412604 0.168228 0.0649883 
0.354729 0.135653 0.0792863 
0.220439 0.075659 0.106301 
0.0860987 0.0402559 0.168723 
0.0127126 0.0519246 0.251027 
0.00227107 0.0806328 0.295506 
0.0151007 0.0805767 0.253292 
0.0258731 0.0514335 0.14741 
0.0549771 0.056 0.0787282 
0.140865 0.167294 0.153939 
0.285345 0.392762 0.393441 
0.433632 0.650808 0.70315 
0.512854 0.824976 0.937622 
0.490854 0.846668 0.999212 
0.398616 0.734587 0.891293 
0.299638 0.565672 0.693192 
0.240618 0.414451 0.493901 
0.227631 0.314429 0.34389 
0.238819 0.260945 0.250565 
0.250372 0.234956 0.19939 
0.250521 0.22033 0.172291 
0.238328 0.207933 0.154642 
0.219388 0.195976 0.138961 
0.205004 0.191578 0.12934 
0.209216 0.207267 0.139209 
0.238566 0.248171 0.177338 
0.281436 0.29936 0.232197 
0.310072 0.328992 0.272536 
0.298803 0.310702 0.269574 
0.245806 0.249047 0.224517 
0.179895 0.185194 0.17649 
0.144267 0.17378 0.179777 
0.166863 0.244602 0.263986 
0.238172 0.376295 0.406112 
0.313795 0.50315 0.537499 
0.342536 0.554009 0.584817 
0.301339 0.49802 0.518276 
0.210885 0.36421 0.371854 
0.118983 0.219454 0.219071 
0.0648864 0.121607 0.122076 
0.0538263 0.0845891 0.0936375 
0.0612546 0.0809816 0.100231 
0.0592863 0.0746918 0.0989073 
0.0399847 0.052418 0.0736225 
0.0174219 0.0291015 0.0422626 
0.0123214 0.0293525 0.0351197 
0.0363806 0.0660939 0.0687484 
0.0881935 0.133855 0.136694 
0.159201 0.216794 0.218826 
0.2407 0.299723 0.295774 
0.325343 0.372295 0.355789 
0.403395 0.42606 0.392484 
0.459559 0.451285 0.400817 
0.476772 0.4399 0.37827 
0.447195 0.393493 0.3304 
0.381408 0.327631 0.2729 
0.304794 0.264858 0.224251 
0.241143 0.21994 0.193353 
0.197701 0.190916 0.174063 
0.16575 0.165134 0.152897 
0.134521 0.133665 0.122254 
0.102612 0.0989023 0.0859118 
0.0766461 0.0695021 0.0533547 
0.0631413 0.0517338 0.0318035 
0.0647659 0.0473219 0.0239033 
0.081885 0.0559752 0.0287616 
0.112065 0.0748803 0.0410871 
0.146348 0.0957293 0.0510257 
0.170212 0.10741 0.0505112 
0.172776 0.105176 0.041987 
0.155171 0.095239 0.0372229 
0.127767 0.087198 0.0441762 
0.0997248 0.0831623 0.0573713 
0.0738111 0.0779156 0.0655371 
0.0509891 0.0694225 0.0676209 
0.035453 0.0641803 0.0753348 
0.0315371 0.0691465 0.0974315 
0.0371108 0.0812873 0.126106 
0.0437018 0.089526 0.144009 
0.0440822 0.0869498 0.143175 
0.0382945 0.0779096 0.132108 
0.0326424 0.0728261 0.124237 
0.0357601 0.0795653 0.124977 
0.0566337 0.101395 0.132918 
0.102157 0.138987 0.148617 
0.170201 0.188345 0.174977 
0.242632 0.23587 0.208189 
0.289052 0.260879 0.23425 
0.284928 0.249855 0.240235 
0.232496 0.21179 0.230019 
0.165289 0.178007 0.225968 
0.127232 0.180872 0.250565 
0.139138 0.225298 0.30182 
0.180841 0.278183 0.345581 
0.208331 0.290818 0.337253 
0.193991 0.24041 0.259774 
0.152522 0.153778 0.144367 
0.12601 0.0872969 0.0501045 
0.142739 0.0790878 0.0170076 
0.191661 0.11916 0.0368561 
0.235429 0.164531 0.0689976 
0.243008 0.178803 0.0804946 
0.208423 0.155347 0.0676164 
0.146833 0.110312 0.0444431 
0.0830881 0.0651887 0.023142 
0.0416395 0.0368541 0.00930971 
0.0329174 0.0314777 0.00590493 
0.0414852 0.0382775 0.0108736 
0.0374179 0.0361203 0.0149564 
0.0127732 0.0186994 0.0130556 
0.00282756 0.0105084 0.0163716 
0.0530507 0.0417279 0.0393014 
0.157359 0.101764 0.0708109 
0.243405 0.134477 0.0772374 
0.237173 0.0984049 0.0518924 
0.142204 0.0276403 0.0524878 
0.0417298 0.0113772 0.159005 
0.0178683 0.101968 0.378067 
0.0772362 0.253168 0.603334 
0.159105 0.360752 0.693764 
0.202945 0.359371 0.596681 
0.194235 0.269997 0.38688 
0.152363 0.159845 0.188271 
0.0979746 0.0767572 0.0718225 
0.0443896 0.0297563 0.0307447 
0.00810325 0.0143576 0.0299935 
0.00753018 0.0322526 0.0523266 
0.0462709 0.0826548 0.0960354 
0.105942 0.149498 0.151607 
0.160409 0.20795 0.198209 
0.19356 0.240369 0.219147 
0.201996 0.241654 0.210885 
0.18789 0.214756 0.178971 
0.156582 0.169017 0.133877 
0.11864 0.120792 0.0904774 
0.0860226 0.0860254 0.0617965 
0.0631048 0.0677223 0.048121 
