1.92447 1.50979 1.0865 
1.56198 1.20381 0.840428 
0.903118 0.636268 0.406738 
0.296808 0.137033 0.070892 
0.0592586 0.0142126 0.0934709 
0.273233 0.348357 0.524069 
0.744826 0.936311 1.15041 
1.15044 1.43278 1.63467 
1.25884 1.58208 1.73825 
1.06296 1.36739 1.46625 
0.740909 0.982288 1.03433 
0.503378 0.672122 0.703069 
0.457625 0.578726 0.615694 
0.578601 0.692596 0.749224 
0.774972 0.913123 0.982835 
0.96736 1.13665 1.19884 
1.11376 1.29811 1.33235 
1.18987 1.362 1.35941 
1.17552 1.30978 1.27451 
1.07127 1.15128 1.09443 
0.916513 0.937067 0.869884 
0.776394 0.74013 0.669527 
0.709017 0.618767 0.543627 
0.748359 0.598859 0.507298 
0.904021 0.679496 0.551766 
1.14518 0.826835 0.646509 
1.37041 0.951031 0.718421 
1.42687 0.925081 0.662388 
1.2185 0.68587 0.430508 
0.822748 0.338977 0.132038 
0.469887 0.122968 0.000862326 
0.357615 0.210689 0.199292 
0.470395 0.528925 0.634672 
0.60169 0.803649 1.00332 
0.566313 0.809496 1.05035 
0.375709 0.569724 0.788174 
0.194628 0.303049 0.453517 
0.151711 0.195962 0.269558 
0.227808 0.255798 0.276267 
0.322761 0.372315 0.37606 
0.381982 0.466382 0.483871 
0.424686 0.541304 0.589589 
0.472008 0.614486 0.697136 
0.495616 0.654599 0.762434 
0.450683 0.607807 0.721475 
0.333108 0.463121 0.562603 
0.185116 0.27106 0.349529 
0.0598435 0.109337 0.179346 
0.00117716 0.0477587 0.131365 
0.0456699 0.131986 0.242395 
0.206185 0.361262 0.493684 
0.433598 0.659259 0.799297 
0.614095 0.885628 1.02388 
0.640315 0.916605 1.05152 
0.504851 0.74235 0.868983 
0.319999 0.48852 0.590067 
0.232548 0.329133 0.386683 
0.306853 0.357959 0.371103 
0.479252 0.523197 0.517295 
0.616696 0.673698 0.68102 
0.621093 0.674029 0.704879 
0.493877 0.499274 0.532522 
0.322548 0.246817 0.250836 
0.21659 0.0695106 0.0338535 
0.248389 0.0868678 0.0344877 
0.434448 0.33258 0.30075 
0.751158 0.755457 0.760475 
1.15301 1.24853 1.26124 
1.56866 1.67559 1.62725 
1.88574 1.89495 1.71501 
1.96831 1.80631 1.4732 
1.73876 1.42728 0.99639 
1.28759 0.948644 0.524583 
0.904101 0.686199 0.340896 
0.94161 0.904731 0.595371 
1.56724 1.61442 1.17736 
2.58713 2.51136 1.76295 
3.5206 3.14723 2.03214 
3.89758 3.21675 1.88765 
3.55211 2.7347 1.48696 
2.687 1.9703 1.06944 
1.69216 1.22712 0.757505 
0.897392 0.674158 0.520558 
0.444098 0.338489 0.301124 
0.307988 0.191326 0.130597 
0.381961 0.199981 0.0994671 
0.537578 0.311707 0.233478 
0.658723 0.436375 0.43327 
0.671824 0.482282 0.548209 
0.569836 0.415708 0.500045 
0.406286 0.279318 0.332184 
0.255724 0.151242 0.155527 
0.167786 0.0857472 0.060634 
0.145962 0.0834555 0.0703624 
0.16001 0.104611 0.148531 
0.176834 0.106507 0.23743 
0.18444 0.0755152 0.293742 
0.191452 0.0314866 0.304404 
0.206453 0.00369742 0.277974 
0.220688 0.00236275 0.225477 
0.213531 0.0139359 0.153914 
0.173892 0.0215313 0.0775131 
0.112277 0.0226115 0.0235957 
0.0511653 0.0226885 0.01322 
0.00960411 0.0198803 0.0356865 
0.00326523 0.0112005 0.0582973 
0.054688 0.0196618 0.0758322 
0.186034 0.0999358 0.143411 
0.385255 0.291424 0.334177 
0.580765 0.553135 0.643645 
0.670571 0.758589 0.942212 
0.599049 0.782264 1.05077 
0.409619 0.606989 0.888113 
0.210771 0.342244 0.547876 
0.0847669 0.128927 0.222245 
0.0380836 0.0285644 0.0468244 
0.0425834 0.00728138 0.0185896 
0.0981301 0.00867139 0.0486727 
0.219182 0.012139 0.0666665 
0.362257 0.0180834 0.0658982 
0.416815 0.0164807 0.0792422 
0.313707 0.00977314 0.14979 
0.131449 0.0531546 0.319111 
0.0437603 0.216617 0.593696 
0.136649 0.477101 0.889772 
0.305508 0.681437 1.04151 
0.368154 0.670986 0.925921 
0.270156 0.455496 0.604915 
0.141941 0.231046 0.313602 
0.146956 0.201374 0.269248 
0.308146 0.392262 0.484686 
0.507131 0.655176 0.778739 
0.628615 0.833628 0.960343 
0.665841 0.895032 0.982606 
0.686748 0.906215 0.926139 
0.737743 0.924464 0.875079 
0.802652 0.940981 0.839461 
0.830803 0.909816 0.779462 
0.773827 0.79561 0.663703 
0.606152 0.593404 0.492874 
0.351048 0.336641 0.294109 
0.103993 0.105081 0.115556 
0.00187699 0.00157273 0.0140307 
0.128726 0.0835306 0.0192837 
0.437388 0.304552 0.101232 
0.773183 0.536126 0.185475 
0.984012 0.659799 0.212293 
1.0139 0.643457 0.179705 
0.906662 0.538506 0.130047 
0.744919 0.421966 0.106005 
0.5961 0.349123 0.126989 
0.498714 0.344501 0.196625 
0.469847 0.409821 0.31217 
0.509471 0.526707 0.457955 
0.599895 0.658222 0.598343 
0.707281 0.759428 0.688639 
0.786083 0.792427 0.697074 
0.788306 0.736641 0.61849 
0.683956 0.595287 0.473846 
0.487269 0.400808 0.302721 
0.263675 0.210374 0.151904 
0.0975789 0.0811943 0.0574176 
0.0374041 0.0362609 0.0258529 
0.063741 0.0499629 0.0314966 
0.110736 0.0709776 0.0374046 
0.121646 0.0644999 0.025312 
0.087824 0.0353741 0.00735041 
0.0398826 0.0124209 0.00841056 
0.00883218 0.0137625 0.0374724 
0.000646299 0.0307047 0.0780371 
0.00448555 0.0440018 0.107016 
0.0138323 0.048516 0.119146 
0.0307486 0.0552759 0.127863 
0.0528655 0.0713348 0.142891 
0.0673257 0.0864345 0.154198 
0.0629978 0.0843236 0.143347 
0.0439497 0.0627364 0.107435 
0.0253451 0.036172 0.0654027 
0.0178034 0.0204519 0.0407416 
0.0200933 0.0204459 0.0440146 
0.0259405 0.0336626 0.0746667 
0.0331517 0.0601259 0.134322 
0.0449263 0.104306 0.231251 
0.064665 0.168138 0.369734 
0.0900224 0.243805 0.535612 
0.111053 0.312592 0.690987 
0.115857 0.350257 0.782443 
0.100092 0.336025 0.760738 
0.0693534 0.262204 0.607502 
0.0335111 0.144932 0.360113 
0.0102243 0.035732 0.117601 
0.0422215 0.0187457 0.00643711 
0.192816 0.168464 0.104477 
0.486824 0.475543 0.367805 
0.840587 0.809124 0.63532 
1.07915 0.98484 0.737439 
1.06306 0.904656 0.626405 
0.808161 0.63472 0.400264 
0.467692 0.336621 0.195738 
0.199142 0.13091 0.0736581 
0.0652375 0.0423156 0.0217305 
0.0525456 0.0561347 0.0394816 
0.134431 0.171209 0.163407 
0.278303 0.367574 0.388816 
0.4158 0.557152 0.609257 
0.461968 0.623392 0.684026 
0.386296 0.524661 0.568874 
0.244544 0.334222 0.35345 
0.124014 0.166434 0.167178 
0.0680783 0.0799999 0.0720798 
0.0628486 0.0600903 0.0505562 
0.0788596 0.0686513 0.0623748 
0.101197 0.0834861 0.0826011 
0.121753 0.0941041 0.095709 
0.126686 0.0888962 0.0871924 
0.106059 0.0622657 0.0555521 
0.0686252 0.0261458 0.0213124 
0.0354517 0.00285411 0.0131858 
0.0187719 0.00696893 0.0475388 
0.015366 0.0407253 0.126179 
0.0242114 0.106952 0.249739 
0.0606006 0.213854 0.418615 
0.135166 0.349784 0.605276 
0.214918 0.452771 0.728251 
0.22907 0.435192 0.687021 
0.144622 0.276154 0.463778 
0.0335154 0.0879577 0.190549 
0.025328 0.0445563 0.0659218 
0.167275 0.208481 0.165502 
0.353406 0.447418 0.354266 
0.426552 0.5594 0.426705 
0.341702 0.474706 0.324168 
0.19486 0.30022 0.169474 
0.098009 0.174849 0.0930311 
0.0769661 0.140518 0.0943596 
0.107989 0.174504 0.108065 
0.193888 0.278172 0.137948 
0.340203 0.456219 0.240085 
0.477816 0.628381 0.389274 
0.487202 0.651804 0.455958 
0.330759 0.471836 0.355676 
0.118951 0.205918 0.165578 
0.00597014 0.0330137 0.0401209 
0.0366094 0.018929 0.0395423 
0.125199 0.0848488 0.0928676 
0.169154 0.127651 0.114904 
0.144702 0.121464 0.0997317 
0.092189 0.0981642 0.0864068 
0.0492636 0.0782409 0.0839541 
0.0230125 0.0546291 0.068632 
0.00781359 0.0244515 0.0337518 
