0.222126 0.193394 
0.18425 0.163884 
0.505541 0.69647 
0.903911 1.39517 
1.02423 1.73073 
0.760568 1.47688 
0.32771 0.851452 
0.0391434 0.275825 
0.0320571 0.0186804 
0.193477 0.0442217 
0.312682 0.140857 
0.277234 0.14854 
0.136491 0.0701052 
0.0198495 0.014949 
0.023414 0.0793122 
0.164484 0.280476 
0.409905 0.572192 
0.724318 0.89374 
1.09274 1.20141 
1.50731 1.46766 
1.93288 1.66234 
2.28094 1.74003 
2.42638 1.65304 
2.27699 1.38964 
1.85153 1.00656 
1.29184 0.61515 
0.780803 0.31852 
0.430701 0.153381 
0.243276 0.0963895 
0.168271 0.126704 
0.179533 0.26534 
0.276122 0.53166 
0.419788 0.861122 
0.511034 1.09551 
0.462282 1.09117 
0.294563 0.851368 
0.132449 0.539164 
0.0812358 0.342183 
0.119932 0.323788 
0.147062 0.420289 
0.150976 0.590629 
0.321429 0.953817 
0.954144 1.74637 
2.19912 3.10619 
3.86446 4.86545 
5.45116 6.54225 
6.40355 7.55884 
6.39601 7.53829 
5.47382 6.48815 
3.995 4.78094 
2.45208 2.97835 
1.28754 1.61114 
0.766694 1.00221 
0.915797 1.17168 
1.5254 1.84299 
2.23331 2.56469 
2.68107 2.9215 
2.67671 2.73455 
2.2645 2.12346 
1.65789 1.38694 
1.0997 0.801066 
0.761578 0.494324 
0.730047 0.46782 
1.02607 0.680705 
1.58951 1.07973 
2.24409 1.55495 
2.7257 1.91793 
2.80889 1.98128 
2.44978 1.69063 
1.81939 1.17971 
1.19089 0.684737 
0.773563 0.389823 
0.620882 0.332841 
0.657533 0.429955 
0.769386 0.56883 
0.875395 0.683106 
0.947116 0.765885 
0.991328 0.839556 
1.02337 0.919899 
1.0475 0.998823 
1.05152 1.05054 
1.0172 1.05226 
0.938528 1.00233 
0.832547 0.921985 
0.73348 0.842042 
0.674939 0.789403 
0.67145 0.782216 
0.707671 0.82662 
0.742078 0.907557 
0.731961 0.984784 
0.674184 1.01321 
0.63112 0.981688 
0.703587 0.931471 
0.949852 0.922594 
1.30955 0.969468 
1.60919 1.01031 
1.66646 0.951732 
1.41922 0.754881 
0.972162 0.480715 
0.520295 0.246913 
0.214949 0.134792 
0.0841351 0.133898 
0.0617587 0.172693 
0.0783544 0.197345 
0.11871 0.216134 
0.19987 0.268689 
0.311398 0.361219 
0.396274 0.444266 
0.400263 0.461392 
0.336328 0.416975 
0.287062 0.385194 
0.329831 0.44047 
0.453184 0.573728 
0.550932 0.681392 
0.510754 0.649456 
0.324432 0.464819 
0.122394 0.255719 
0.0964231 0.218999 
0.364304 0.482887 
0.874964 1.00486 
1.42347 1.57933 
1.7691 1.9526 
1.77985 1.96895 
1.50799 1.65278 
1.14819 1.17933 
0.90972 0.763978 
0.889838 0.547014 
1.02563 0.535675 
1.14387 0.618232 
1.07481 0.634558 
0.77362 0.481461 
0.386701 0.212182 
0.202028 0.0532669 
0.468809 0.274528 
1.17921 0.960496 
1.99411 1.86679 
2.43386 2.53368 
2.23249 2.61671 
1.56456 2.16257 
0.920734 1.56927 
0.718112 1.25344 
0.986372 1.32929 
1.39997 1.58237 
1.59209 1.71945 
1.43607 1.62085 
1.06251 1.37272 
0.674837 1.12163 
0.398739 0.95444 
0.293306 0.910974 
0.436292 1.04695 
0.932189 1.42422 
1.82136 2.0354 
3.00015 2.77229 
4.23983 3.48647 
5.27524 4.06467 
5.88333 4.43041 
5.92772 4.49944 
5.39911 4.1917 
4.44648 3.52193 
3.3388 2.65899 
2.33359 1.84667 
1.54224 1.23585 
0.922744 0.800722 
0.416491 0.436226 
0.0862003 0.132781 
0.0962386 0.0306255 
0.540643 0.283059 
1.2932 0.866733 
2.04057 1.537 
2.47774 1.97856 
2.49078 2.01312 
2.17987 1.68861 
1.73615 1.20311 
1.30425 0.758852 
0.93619 0.466984 
0.632264 0.34282 
0.39543 0.350809 
0.246236 0.444461 
0.202538 0.580329 
0.256453 0.71512 
0.369551 0.801831 
0.486938 0.795789 
0.56141 0.673582 
0.575853 0.455619 
0.55061 0.212353 
0.528777 0.039813 
0.547883 0.013577 
0.617472 0.150143 
0.716118 0.400002 
0.804713 0.672591 
0.843556 0.874224 
0.8055 0.940289 
0.685441 0.853875 
0.506071 0.649296 
0.314111 0.398601 
0.161712 0.181556 
0.0790402 0.0494872 
0.0568825 0.00330528 
0.0574468 0.00326082 
0.050803 0.00775368 
0.0469343 0.0123095 
0.0877741 0.0521975 
0.197297 0.160007 
0.336794 0.316136 
0.421102 0.44741 
0.393171 0.485503 
0.28191 0.428161 
0.173421 0.333844 
0.125224 0.256046 
0.138655 0.208247 
0.251972 0.228144 
0.653124 0.476979 
1.62609 1.2156 
3.28285 2.58847 
5.29086 4.3671 
6.89913 5.92101 
7.34271 6.53095 
6.34912 5.8497 
4.34058 4.15337 
2.16973 2.18442 
0.61386 0.719435 
0.0114788 0.18607 
0.239137 0.552202 
0.923531 1.46269 
1.66417 2.45475 
2.15448 3.1278 
2.23725 3.25212 
1.94135 2.83003 
1.4666 2.08227 
1.07022 1.33109 
0.904626 0.827438 
0.934894 0.636012 
1.00567 0.654526 
0.985915 0.73069 
0.855839 0.771723 
0.681047 0.777153 
0.536348 0.805451 
0.460722 0.916701 
0.450912 1.11313 
0.458183 1.2954 
0.398891 1.28489 
0.230363 0.95453 
0.0718124 0.40623 
0.228322 0.0180837 
0.99456 0.229891 
2.33497 1.17318 
3.74634 2.46731 
4.52386 3.42838 
4.27778 3.5739 
3.24978 2.99218 
2.11123 2.23023 
