0.363645 0.316645 
0.371164 0.312386 
0.423147 0.350099 
0.489181 0.400778 
0.485911 0.393843 
0.345591 0.275594 
0.120209 0.0884094 
0.0247658 0.00934189 
0.294282 0.241355 
0.912928 0.784695 
1.51004 1.33183 
1.63519 1.48879 
1.19812 1.15993 
0.589829 0.670733 
0.303407 0.447095 
0.449743 0.587255 
0.70171 0.805871 
0.70037 0.790414 
0.428993 0.530535 
0.150109 0.258781 
0.0559708 0.143421 
0.086771 0.140823 
0.0895086 0.144856 
0.0516792 0.176048 
0.105654 0.348679 
0.335998 0.684125 
0.654567 1.03204 
0.88072 1.19723 
0.907135 1.11357 
0.770421 0.880883 
0.59045 0.660586 
0.472414 0.557928 
0.457717 0.583625 
0.533009 0.686813 
0.662241 0.805735 
0.810206 0.898629 
0.947794 0.947001 
1.04933 0.945006 
1.09677 0.894875 
1.08812 0.811665 
1.0332 0.719595 
0.937549 0.63216 
0.802728 0.540341 
0.655844 0.434055 
0.571467 0.337258 
0.637943 0.307708 
0.880306 0.387887 
1.21345 0.553923 
1.48068 0.717744 
1.55217 0.785248 
1.40455 0.721869 
1.12405 0.573637 
0.837607 0.428223 
0.626818 0.345506 
0.489505 0.314379 
0.377478 0.277164 
0.272764 0.202257 
0.223102 0.130603 
0.293075 0.139869 
0.476574 0.256419 
0.665234 0.407269 
0.717434 0.469011 
0.573397 0.374074 
0.314406 0.177596 
0.109683 0.0221239 
0.0872242 0.024571 
0.229331 0.175884 
0.382414 0.340167 
0.386257 0.365997 
0.225299 0.227098 
0.0687819 0.0697751 
0.145706 0.108597 
0.543574 0.440944 
1.10308 0.936491 
1.51664 1.31286 
1.56613 1.35444 
1.30105 1.09387 
0.995264 0.788493 
0.914466 0.700923 
1.10321 0.880103 
1.37916 1.14334 
1.51577 1.2598 
1.42038 1.14003 
1.15569 0.859451 
0.839248 0.54479 
0.558626 0.281591 
0.363128 0.119276 
0.278594 0.10212 
0.297347 0.246233 
0.373373 0.496991 
0.456665 0.746965 
0.526761 0.905477 
0.57234 0.935297 
0.552872 0.829668 
0.428144 0.597605 
0.247011 0.300403 
0.167819 0.0720915 
0.330679 0.0416557 
0.68994 0.204992 
1.0043 0.396576 
1.03319 0.426383 
0.759338 0.260322 
0.415151 0.0588393 
0.285528 0.0303597 
0.476921 0.244384 
0.857535 0.579881 
1.1944 0.840124 
1.33844 0.909623 
1.30037 0.814699 
1.19208 0.665094 
1.12551 0.562865 
1.15821 0.561783 
1.29119 0.676114 
1.47658 0.886622 
1.62825 1.13112 
1.67292 1.32735 
1.63971 1.45255 
1.69518 1.60682 
2.02803 1.95037 
2.63444 2.52138 
3.21281 3.10581 
3.33126 3.3344 
2.77198 2.96817 
1.74196 2.11447 
0.732136 1.15453 
0.144633 0.447498 
0.0367011 0.101471 
0.195307 0.0116932 
0.408223 0.065775 
0.623032 0.253554 
0.862389 0.574148 
1.06198 0.900974 
1.06592 1.01694 
0.794995 0.811463 
0.377218 0.415165 
0.0663804 0.101308 
0.0187104 0.0417849 
0.160978 0.168489 
0.28521 0.276389 
0.2659 0.249384 
0.177283 0.173731 
0.203076 0.235827 
0.442292 0.523411 
0.804484 0.93045 
1.08392 1.2446 
1.12788 1.31718 
0.941886 1.15684 
0.654988 0.884293 
0.401751 0.618063 
0.23446 0.402371 
0.126621 0.222947 
0.0428661 0.0738115 
0.0138834 0.0157841 
0.172822 0.195522 
0.731373 0.813896 
1.88058 2.03108 
3.63138 3.81963 
5.6816 5.84713 
7.4423 7.51587 
8.28237 8.21276 
7.87265 7.64725 
6.38806 6.03802 
4.40445 3.99331 
2.56332 2.16574 
1.2565 0.936216 
0.537488 0.33075 
0.255256 0.162328 
0.242317 0.227813 
0.408069 0.409435 
0.722273 0.663989 
1.16364 0.973918 
1.69004 1.31824 
2.23069 1.66444 
2.68788 1.9653 
2.95723 2.16428 
2.97178 2.2165 
2.74078 2.11058 
2.34417 1.86937 
1.88376 1.5322 
1.43514 1.14301 
1.03661 0.753153 
0.705955 0.420286 
0.454635 0.189127 
0.288628 0.070952 
0.207237 0.0467393 
0.204243 0.0892807 
0.263526 0.176456 
0.352108 0.286276 
0.428255 0.39383 
0.466646 0.483209 
0.473746 0.556997 
0.474097 0.62611 
0.489823 0.697302 
0.546134 0.783739 
0.687391 0.920337 
0.952051 1.13724 
1.30462 1.39703 
1.60864 1.57811 
1.71588 1.56574 
1.61752 1.38486 
1.50105 1.2272 
1.62628 1.31405 
2.11688 1.71136 
2.85337 2.27025 
3.54967 2.73645 
3.92672 2.91347 
3.84558 2.75004 
3.34415 2.33072 
2.60271 1.82235 
1.86586 1.4049 
1.33199 1.1854 
1.05464 1.13041 
0.932481 1.08979 
0.812048 0.922835 
0.619913 0.623813 
0.406996 0.325367 
0.277768 0.177706 
0.289923 0.22623 
0.420312 0.397896 
0.605035 0.583678 
0.788689 0.718166 
0.935531 0.791383 
1.02352 0.819852 
1.06733 0.840083 
1.16153 0.931883 
1.46375 1.20458 
2.05892 1.69211 
2.78406 2.22359 
3.21704 2.44062 
2.94849 2.05143 
1.9668 1.15303 
0.780471 0.28303 
0.0764232 0.0481304 
0.169938 0.608273 
0.759014 1.50999 
1.22534 2.06164 
1.18119 1.90433 
0.735749 1.24314 
0.280901 0.571371 
0.0866538 0.222684 
0.118558 0.182055 
0.180215 0.241852 
0.149711 0.24857 
0.0623302 0.191703 
0.0181328 0.128505 
0.0614183 0.0919877 
0.149072 0.074342 
0.203963 0.0596597 
0.184589 0.0484388 
0.116399 0.0574318 
0.0689303 0.105763 
