3.1395 3.11043 
3.03239 2.82159 
2.63363 2.31232 
2.05043 1.70982 
1.41553 1.14179 
0.843213 0.6944 
0.403858 0.394735 
0.124333 0.221978 
0.00792042 0.137366 
0.0582395 0.115255 
0.291029 0.158711 
0.72541 0.29223 
1.35845 0.536481 
2.13749 0.879658 
2.94834 1.26257 
3.63181 1.58853 
4.02768 1.7567 
4.0303 1.7047 
3.63103 1.43904 
2.92593 1.03606 
2.0823 0.610799 
1.27886 0.268622 
0.648391 0.0658584 
0.250387 0.000604031 
0.0828749 0.0364927 
0.118115 0.140462 
0.332747 0.306104 
0.709413 0.544935 
1.21092 0.852792 
1.75237 1.17976 
2.20257 1.43267 
2.42637 1.51637 
2.34795 1.38932 
1.9941 1.09428 
1.48543 0.738951 
0.976915 0.436921 
0.585397 0.249659 
0.351221 0.171302 
0.256872 0.166557 
0.282433 0.230071 
0.449127 0.415805 
0.81069 0.804677 
1.39327 1.42614 
2.12814 2.18977 
2.83411 2.88454 
3.27639 3.26181 
3.27602 3.16049 
2.80605 2.60021 
2.01492 1.78432 
1.16181 1.00906 
0.502052 0.531994 
0.187599 0.473446 
0.231887 0.798307 
0.544251 1.37288 
0.998447 2.04878 
1.48848 2.72008 
1.94567 3.32913 
2.32392 3.83646 
2.58054 4.19157 
2.67591 4.3336 
2.59383 4.22234 
2.36481 3.87568 
2.07068 3.38375 
1.82197 2.88627 
1.71757 2.52292 
1.80678 2.38173 
2.07157 2.47001 
2.43534 2.71861 
2.79201 3.01368 
3.04243 3.23958 
3.12408 3.31432 
3.02441 3.20578 
2.7745 2.92657 
2.42765 2.51559 
2.03443 2.0193 
1.62759 1.48416 
1.22474 0.962079 
0.845369 0.520341 
0.527768 0.240854 
0.329902 0.199476 
0.308291 0.430306 
0.485387 0.894596 
0.826669 1.47708 
1.24512 2.01967 
1.63381 2.38023 
1.9088 2.48701 
2.03738 2.35968 
2.03678 2.08692 
1.94824 1.77528 
1.8066 1.49958 
1.62574 1.28075 
1.40661 1.09787 
1.1575 0.920821 
0.908828 0.740823 
0.710961 0.582203 
0.616457 0.49242 
0.658071 0.518717 
0.834044 0.683274 
1.1056 0.966196 
1.40501 1.30213 
1.65086 1.59374 
1.76839 1.74146 
1.71218 1.68171 
1.48448 1.41724 
1.13853 1.02161 
0.760337 0.60993 
0.434048 0.287735 
0.209029 0.105882 
0.0888741 0.0485799 
0.0492605 0.0612883 
0.070584 0.0979159 
0.15877 0.152611 
0.335439 0.252594 
0.602928 0.41827 
0.912463 0.623348 
1.16587 0.789947 
1.25851 0.828466 
1.13931 0.697453 
0.847376 0.440987 
0.497405 0.174421 
0.22067 0.0244543 
0.0984013 0.0608163 
0.128871 0.261717 
0.24466 0.531203 
0.362256 0.752592 
0.427826 0.84288 
0.432633 0.78006 
0.3987 0.599031 
0.356466 0.371431 
0.335037 0.185903 
0.366056 0.131587 
0.484189 0.276035 
0.70889 0.633054 
1.01321 1.13376 
1.30693 1.62742 
1.46084 1.93031 
1.37247 1.91048 
1.03774 1.56475 
0.578688 1.03748 
0.19846 0.559442 
0.0809914 0.33432 
0.292231 0.435954 
0.742877 0.776087 
1.23572 1.16002 
1.56849 1.39428 
1.6309 1.38194 
1.44343 1.1547 
1.12549 0.834266 
0.82294 0.557498 
0.641429 0.412754 
0.616408 0.416415 
0.721069 0.52734 
0.892752 0.677328 
1.05862 0.797685 
1.1544 0.836255 
1.13965 0.769179 
1.01059 0.609128 
0.803535 0.403698 
0.580822 0.217135 
0.402048 0.0998483 
0.29756 0.0636294 
0.262991 0.0812588 
0.278367 0.112665 
0.334342 0.138242 
0.440638 0.172581 
0.607032 0.247341 
0.813575 0.378539 
1.00057 0.548072 
1.09535 0.717612 
1.06092 0.863809 
0.928659 1.00247 
0.784585 1.17632 
0.71411 1.41187 
0.744606 1.68047 
0.829161 1.89885 
0.883682 1.97491 
0.847846 1.86665 
0.723311 1.61065 
0.564245 1.30014 
0.436535 1.03262 
0.386438 0.869658 
0.445346 0.836104 
0.657661 0.947875 
1.09051 1.22995 
1.79576 1.69593 
2.73997 2.29998 
3.75774 2.90657 
4.58143 3.32052 
4.95024 3.3763 
4.7403 3.03522 
4.03402 2.42329 
3.08112 1.77676 
2.17401 1.3242 
1.514 1.17643 
1.14519 1.28886 
0.982219 1.51007 
0.896196 1.67577 
0.79496 1.68586 
0.653169 1.52638 
0.492988 1.2421 
0.34879 0.895868 
0.247937 0.546562 
0.213239 0.250487 
0.269013 0.0671206 
0.432483 0.0496625 
0.692323 0.22029 
0.994776 0.549408 
1.25631 0.959182 
1.40074 1.35374 
1.39697 1.65766 
1.27075 1.83846 
1.08233 1.90183 
0.887368 1.86876 
0.709317 1.75463 
0.540839 1.56505 
0.368761 1.30754 
0.200501 1.00599 
0.0713946 0.704782 
0.0285977 0.458866 
0.104247 0.316215 
0.29616 0.302416 
0.566811 0.413607 
0.858713 0.618788 
1.11605 0.869711 
1.30202 1.11582 
1.40589 1.32018 
1.43833 1.46929 
1.41746 1.56955 
1.35168 1.6288 
1.22953 1.6336 
1.02771 1.54112 
0.741193 1.30106 
0.42422 0.904484 
0.21618 0.433298 
0.324609 0.0731635 
0.955236 0.0660371 
2.21046 0.611981 
4.00426 1.76443 
6.04435 3.37553 
7.90477 5.12744 
9.16649 6.64176 
9.56617 7.617 
9.08512 7.92935 
7.93943 7.65244 
6.48051 6.99506 
5.05687 6.19639 
3.90108 5.43317 
3.08518 4.77802 
2.54885 4.21507 
2.1707 3.68941 
1.83999 3.15638 
