0.203689 0.723613 1.1973 
0.290563 0.825805 1.27913 
0.446337 0.956363 1.35575 
0.641641 1.06316 1.37278 
0.81893 1.09012 1.2905 
0.913277 1.003 1.10998 
0.885201 0.812802 0.885074 
0.7434 0.577482 0.704852 
0.540537 0.374912 0.648705 
0.343937 0.260441 0.737333 
0.201379 0.236311 0.911288 
0.125963 0.255323 1.05602 
0.109616 0.259204 1.06436 
0.15259 0.227409 0.901953 
0.282921 0.202351 0.635449 
0.546168 0.27055 0.4036 
0.967925 0.507785 0.344781 
1.51384 0.921258 0.521088 
2.07763 1.42598 0.881671 
2.5119 1.87293 1.28533 
2.68934 2.11546 1.56881 
2.56166 2.07793 1.62324 
2.18337 1.78967 1.43936 
1.6873 1.3681 1.10245 
1.22574 0.962823 0.745442 
0.90854 0.691922 0.488598 
0.768249 0.601585 0.395784 
0.765007 0.664323 0.463974 
0.822311 0.809376 0.642994 
0.870853 0.964397 0.868898 
0.878023 1.08644 1.09219 
0.852584 1.1707 1.29009 
0.829072 1.23975 1.46324 
0.84596 1.32494 1.62477 
0.931081 1.45219 1.78986 
1.09916 1.6366 1.96912 
1.35623 1.88241 2.16415 
1.70115 2.18154 2.36287 
2.11866 2.50795 2.53582 
2.56772 2.81261 2.63815 
2.97632 3.02728 2.62135 
3.253 3.0821 2.45299 
3.31508 2.93202 2.1352 
3.12186 2.57902 1.71044 
2.69503 2.07705 1.24915 
2.11437 1.515 0.824253 
1.49008 0.986114 0.486298 
0.925821 0.558983 0.251858 
0.489725 0.263003 0.109171 
0.204289 0.0914461 0.0339333 
0.0543708 0.0156297 0.00353951 
0.00448814 0.000365424 0.00223618 
0.0155645 0.0143541 0.0182681 
0.0556792 0.0349258 0.0398325 
0.10439 0.0495402 0.0553675 
0.152404 0.0555623 0.0577432 
0.198164 0.0578161 0.0474424 
0.242588 0.0635535 0.0309136 
0.284053 0.0768846 0.0154382 
0.316466 0.0964592 0.00565397 
0.331974 0.1185 0.00532298 
0.326626 0.142866 0.0223309 
0.304536 0.176534 0.0706613 
0.276674 0.230234 0.164669 
0.254438 0.309468 0.307607 
0.242498 0.406405 0.482468 
0.236295 0.499508 0.653278 
0.226074 0.562472 0.778289 
0.204262 0.57721 0.828131 
0.170615 0.542571 0.798216 
0.131787 0.473641 0.708498 
0.0966895 0.393123 0.591872 
0.0721262 0.321194 0.479139 
0.0620861 0.269992 0.389046 
0.0701125 0.244195 0.326982 
0.100995 0.244464 0.289814 
0.158641 0.269306 0.271471 
0.240821 0.313766 0.265548 
0.335078 0.367206 0.265077 
0.420253 0.413877 0.262205 
0.474298 0.437862 0.250022 
0.484335 0.430187 0.226155 
0.452831 0.393631 0.195413 
0.395973 0.341785 0.168847 
0.335238 0.292518 0.158855 
0.287242 0.259551 0.172808 
0.257593 0.246898 0.20894 
0.241546 0.249044 0.257123 
0.229928 0.256134 0.304206 
0.216007 0.260618 0.340839 
0.199099 0.261243 0.365674 
0.183387 0.262244 0.384391 
0.173599 0.268693 0.404118 
0.171007 0.281392 0.426764 
0.172626 0.294906 0.445672 
0.174217 0.300386 0.44817 
0.175035 0.291679 0.422984 
0.180949 0.270912 0.368289 
0.20333 0.24967 0.295327 
0.25351 0.244247 0.22486 
0.335403 0.266975 0.177802 
0.440305 0.318243 0.164969 
0.547137 0.383854 0.181656 
0.628722 0.439718 0.210202 
0.661557 0.46193 0.229326 
0.634651 0.437311 0.225204 
0.553395 0.36918 0.198303 
0.436923 0.275578 0.162378 
0.310548 0.181106 0.136333 
0.196984 0.106653 0.133545 
0.110152 0.062029 0.154476 
0.0535732 0.0445978 0.186504 
0.0228235 0.0436501 0.210832 
0.00981856 0.0473666 0.212524 
0.00649723 0.0483984 0.188141 
0.00670402 0.0455235 0.147007 
0.00660778 0.0415176 0.105802 
0.00478495 0.0395843 0.0799087 
0.00269927 0.0411377 0.0765298 
0.00523035 0.046328 0.0932495 
0.0201458 0.0564954 0.122297 
0.0557046 0.0762482 0.15735 
0.116805 0.11303 0.198349 
0.201363 0.173698 0.251182 
0.298932 0.259659 0.322366 
0.392617 0.363243 0.41195 
0.463719 0.46758 0.509046 
0.497218 0.550591 0.593025 
0.486077 0.591812 0.64034 
0.433131 0.579439 0.633915 
0.350425 0.514885 0.570644 
0.256543 0.413011 0.46342 
0.172479 0.297745 0.336705 
0.116591 0.19449 0.217643 
0.0994184 0.121934 0.126639 
0.119831 0.0863122 0.0713919 
0.164335 0.0803811 0.0465928 
0.210764 0.0876392 0.0388986 
0.235895 0.0901657 0.0345093 
0.224475 0.0768291 0.0258027 
0.175949 0.0483492 0.0142241 
0.105669 0.0169779 0.00851847 
0.0395724 0.000881709 0.0194719 
0.00415211 0.0156121 0.0536998 
0.0157343 0.0663279 0.109223 
0.0735164 0.144142 0.174698 
0.159327 0.22827 0.232672 
0.244309 0.293274 0.265655 
0.299866 0.318563 0.262714 
0.308404 0.296304 0.223962 
0.269449 0.234405 0.160971 
0.198633 0.153172 0.0926713 
0.120124 0.0769692 0.0381595 
0.0560575 0.024467 0.00939283 
0.0179245 0.00189485 0.00701209 
0.0039241 0.00239721 0.0212819 
0.00320652 0.011622 0.0376997 
0.00423227 0.0164419 0.0444301 
0.00222576 0.012021 0.0377307 
0.00132055 0.00338656 0.0226379 
0.0102896 0.000862729 0.00885495 
0.0348096 0.0123564 0.00447779 
0.0714756 0.0373301 0.0112805 
0.107734 0.0661966 0.0241401 
0.128132 0.0854856 0.0345859 
0.12316 0.0855946 0.0360621 
0.0952145 0.0664085 0.0276899 
0.05782 0.037431 0.0144205 
0.0283911 0.0123779 0.00368195 
0.0187002 0.00146294 0.000661345 
0.0286705 0.00595762 0.00519196 
0.047178 0.0183038 0.0123864 
0.0594011 0.0277553 0.016943 
0.0562627 0.0280273 0.0184532 
0.0400802 0.0218414 0.0236476 
0.0227284 0.0189048 0.0427926 
0.0173816 0.0282064 0.081377 
0.0293338 0.0499344 0.132569 
0.0523442 0.0734115 0.177064 
0.0732645 0.0836098 0.192775 
0.0816005 0.0721743 0.169268 
0.0766953 0.0445197 0.116638 
0.0668813 0.0166884 0.0608446 
0.0614277 0.0035686 0.0271695 
0.0622586 0.00769661 0.0235304 
0.0627513 0.0182869 0.03696 
0.0546648 0.0219489 0.0469617 
0.0367109 0.0161186 0.0454005 
0.0165324 0.0129369 0.0459945 
0.00401475 0.0290404 0.0740694 
0.00239554 0.0694386 0.143739 
0.0060922 0.119871 0.241255 
0.00748176 0.155334 0.329284 
0.00529921 0.158161 0.369957 
0.00502389 0.130278 0.348975 
0.0102021 0.089694 0.282601 
0.0150894 0.0562715 0.204269 
0.0103773 0.041788 0.14423 
0.00076334 0.0536978 0.118995 
0.0168427 0.105701 0.135072 
0.10218 0.217982 0.196338 
0.276212 0.398407 0.301974 
0.500182 0.617399 0.434666 
0.680731 0.802871 0.553533 
0.721077 0.870748 0.606414 
0.588924 0.77672 0.559243 
0.348502 0.551549 0.421592 
0.125293 0.289023 0.245889 
0.0237302 0.0907218 0.0974541 
0.0586215 0.00669013 0.0165816 
0.153488 0.0151816 0.00067359 
0.206404 0.0530348 0.0172682 
0.169334 0.0679149 0.0333656 
0.0773333 0.0495748 0.0358475 
0.00807863 0.0204354 0.0303135 
0.0113793 0.00320866 0.0272478 
0.070677 4.73891e-05 0.0332366 
0.125773 0.00018558 0.0537431 
0.129964 0.00128368 0.0971432 
0.0872253 0.0166844 0.167576 
0.0392615 0.0589421 0.250101 
0.0217902 0.118706 0.307234 
0.0353394 0.165338 0.300246 
0.0550783 0.172409 0.222788 
0.0617019 0.142274 0.1145 
0.0574889 0.102969 0.0340028 
0.0569171 0.0827144 0.00983813 
0.0794021 0.0991677 0.0182393 
0.174624 0.192387 0.022246 
0.46611 0.479894 0.0505449 
1.1503 1.16575 0.243777 
2.39775 2.44846 0.803399 
4.18399 4.35222 1.85042 
6.16808 6.59279 3.28509 
7.74768 8.60213 4.76067 
8.31457 9.74451 5.8161 
7.58155 9.61916 6.0996 
5.7707 8.26725 5.54449 
3.52375 6.15051 4.38791 
1.57689 3.9158 3.02982 
0.401791 2.09541 1.83243 
0.0317192 0.919712 0.9842 
0.15488 0.32361 0.488221 
0.374657 0.0937022 0.243367 
0.444687 0.0291072 0.137839 
0.341295 0.0185871 0.0963141 
0.175739 0.0252044 0.0782698 
0.0563561 0.0369186 0.0619288 
0.0125147 0.0409226 0.0406706 
0.0108048 0.0315137 0.027748 
0.0130269 0.0218476 0.0492686 
