0.20061 0.20847 0.187574 
0.214159 0.299981 0.252572 
0.381653 0.578445 0.620483 
0.572408 0.862097 1.06665 
0.655824 0.964651 1.31284 
0.567815 0.795187 1.18276 
0.356621 0.427342 0.724615 
0.18035 0.0904979 0.215696 
0.229894 0.0513976 0.00634436 
0.592373 0.425522 0.272443 
1.14361 1.04781 0.852827 
1.58745 1.54142 1.3319 
1.66769 1.5871 1.34874 
1.4048 1.19894 0.899939 
1.12881 0.751613 0.365943 
1.2245 0.691586 0.209731 
1.78115 1.1581 0.59421 
2.46843 1.84959 1.25098 
2.77766 2.26216 1.70848 
2.4288 2.08934 1.66525 
1.58621 1.43651 1.1863 
0.707189 0.691833 0.590942 
0.180316 0.2051 0.177967 
0.0730262 0.061371 0.0355095 
0.17203 0.105602 0.0577647 
0.227325 0.139804 0.0972921 
0.157393 0.0918841 0.0946984 
0.0516089 0.0229962 0.0869181 
0.0153801 0.0082038 0.120865 
0.0438385 0.037454 0.180392 
0.0560621 0.0434966 0.20672 
0.033631 0.0134914 0.182953 
0.0841362 0.0387072 0.173664 
0.334257 0.223298 0.257156 
0.76313 0.545059 0.420235 
1.17423 0.835909 0.54561 
1.35587 0.923133 0.522375 
1.26365 0.785245 0.361359 
1.03356 0.556415 0.185239 
0.830427 0.386933 0.107904 
0.711141 0.320548 0.139711 
0.633094 0.304297 0.209328 
0.552975 0.281588 0.252378 
0.480398 0.247646 0.262011 
0.446354 0.229043 0.270682 
0.458227 0.244443 0.310942 
0.498854 0.292419 0.391721 
0.546358 0.35159 0.482883 
0.579584 0.379222 0.512023 
0.588649 0.33782 0.409126 
0.616375 0.261447 0.195632 
0.78744 0.294399 0.0297551 
1.25137 0.619658 0.121953 
2.04957 1.30327 0.56378 
3.02349 2.19463 1.2275 
3.86746 2.99098 1.84173 
4.297 3.4198 2.17682 
4.19897 3.3868 2.1753 
3.65905 2.98664 1.93648 
2.87629 2.404 1.60789 
2.05131 1.80447 1.29332 
1.32143 1.28335 1.03028 
0.7548 0.872449 0.8145 
0.371423 0.569321 0.629827 
0.157517 0.359175 0.465676 
0.0687376 0.221722 0.322247 
0.0446098 0.133567 0.206955 
0.0499958 0.0805164 0.127868 
0.119283 0.0777653 0.0923897 
0.350438 0.174157 0.111804 
0.826781 0.420029 0.200968 
1.51907 0.8144 0.365806 
2.25994 1.27947 0.588605 
2.83037 1.69486 0.828884 
3.09484 1.96817 1.0422 
3.07311 2.08112 1.19866 
2.89449 2.07397 1.28402 
2.68676 1.99186 1.28796 
2.4988 1.84816 1.19956 
2.30576 1.63283 1.01836 
2.06342 1.34407 0.768069 
1.75125 1.00626 0.495263 
1.38112 0.663459 0.253117 
0.989416 0.364335 0.0837734 
0.6271 0.149251 0.00663761 
0.342117 0.0352749 0.00958736 
0.155019 0.00276411 0.0475071 
0.052236 0.00529547 0.0644018 
0.0120503 0.0104678 0.0389394 
0.0342048 0.0348763 0.0147158 
0.129261 0.124939 0.070638 
0.274511 0.291666 0.24305 
0.397688 0.471164 0.47377 
0.424596 0.564379 0.643494 
0.344176 0.51984 0.662446 
0.215837 0.372823 0.531229 
0.113414 0.208482 0.325207 
0.0742094 0.101401 0.139259 
0.0994481 0.0898932 0.0508041 
0.174259 0.177937 0.106601 
0.26204 0.327765 0.303269 
0.295895 0.452546 0.564737 
0.222114 0.455651 0.76111 
0.0784419 0.313977 0.785283 
0.0102638 0.12628 0.633092 
0.170114 0.0582009 0.413302 
0.577061 0.216575 0.273877 
1.07101 0.559631 0.301615 
1.40935 0.916171 0.466062 
1.42381 1.09399 0.64179 
1.11861 0.998901 0.694504 
0.654733 0.689445 0.5757 
0.245439 0.333554 0.354756 
0.0321804 0.0934547 0.156888 
0.0182782 0.0222041 0.0597344 
0.104883 0.0562579 0.0469513 
0.196917 0.105237 0.0580813 
0.282013 0.144093 0.0679102 
0.411496 0.215564 0.10341 
0.615591 0.355477 0.191192 
0.850502 0.535301 0.310875 
1.02835 0.681736 0.40919 
1.08659 0.738537 0.448087 
1.02381 0.700558 0.428385 
0.880339 0.598101 0.373545 
0.697085 0.463381 0.303355 
0.493424 0.3143 0.224745 
0.279589 0.164443 0.141931 
0.0904098 0.0460099 0.074327 
0.00116529 0.0172287 0.0630489 
0.0858139 0.1268 0.144999 
0.33295 0.349424 0.302343 
0.606985 0.562726 0.442624 
0.728249 0.622514 0.458384 
0.621063 0.487292 0.327233 
0.379565 0.261852 0.14301 
0.172263 0.0999703 0.030037 
0.0874636 0.0681657 0.0332861 
0.0902474 0.122582 0.113587 
0.121215 0.210205 0.242404 
0.192497 0.348454 0.454828 
0.352827 0.572662 0.773379 
0.576069 0.826221 1.10001 
0.733492 0.956285 1.24089 
0.702707 0.847555 1.07325 
0.490665 0.546161 0.677153 
0.229628 0.227918 0.278282 
0.0559041 0.0443024 0.0571999 
0.00581641 0.0105544 0.0217382 
0.0228423 0.0361931 0.0539873 
0.0396123 0.0381337 0.0526118 
0.0384849 0.0113325 0.0167718 
0.0467025 0.00720356 0.0129397 
0.0961845 0.0693814 0.0905035 
0.193717 0.194665 0.235195 
0.31748 0.339318 0.385409 
0.431356 0.449873 0.478384 
0.504656 0.492559 0.486299 
0.526928 0.466866 0.424172 
0.50971 0.399354 0.332325 
0.474808 0.324313 0.24952 
0.438353 0.265516 0.196186 
0.401756 0.229756 0.17573 
0.354783 0.211451 0.18438 
0.288613 0.20087 0.215314 
0.209553 0.190212 0.254936 
0.139912 0.175138 0.28108 
0.10095 0.152354 0.271209 
0.0927174 0.118223 0.21774 
0.093507 0.0734153 0.138767 
0.0812901 0.0290607 0.0719643 
0.0532274 0.00281016 0.0502368 
0.0231574 0.00411197 0.0762443 
0.00604241 0.0255937 0.120676 
0.010344 0.0528679 0.149044 
0.0392873 0.0793913 0.14976 
0.0867578 0.10462 0.133522 
0.130661 0.120367 0.110364 
0.144675 0.112921 0.0795191 
0.127861 0.0863458 0.0457825 
0.115428 0.0729697 0.0324998 
0.145045 0.10421 0.0615328 
0.210448 0.16945 0.120024 
0.260037 0.217024 0.16174 
0.247796 0.203992 0.150593 
0.178649 0.138558 0.0966528 
0.0978069 0.0665738 0.0413021 
0.0434752 0.0229971 0.0122065 
0.0211391 0.00784676 0.00417691 
0.0196441 0.00676945 0.00304549 
0.0345336 0.0182807 0.0130722 
0.0658405 0.0503448 0.0500256 
0.102151 0.097915 0.11303 
0.121448 0.137775 0.175541 
0.110803 0.148746 0.20715 
0.0787483 0.130433 0.198508 
0.0452624 0.0990419 0.162768 
0.0234202 0.0696801 0.118734 
0.0130865 0.046939 0.0779937 
0.00823344 0.029323 0.0451336 
0.00534882 0.0163791 0.0224717 
0.00519174 0.00970627 0.010885 
0.00994673 0.00980546 0.00831035 
0.0195416 0.0139039 0.0103658 
0.029167 0.0165714 0.013107 
0.0309989 0.0132593 0.01585 
0.0214495 0.00568779 0.0229161 
0.00761746 0.00386143 0.041896 
0.00362326 0.019053 0.0760393 
0.0179464 0.0518545 0.115939 
0.0449368 0.0885751 0.14225 
0.0696067 0.111733 0.1414 
0.0795877 0.113197 0.117687 
0.0731859 0.0967297 0.0866149 
0.0608586 0.0729931 0.0596854 
0.0609721 0.0568627 0.0425629 
0.0869856 0.0632479 0.0438713 
0.13165 0.0939215 0.0703341 
0.168851 0.1295 0.10894 
0.178282 0.14628 0.130462 
0.1597 0.139266 0.121629 
0.115563 0.113072 0.0973951 
0.053378 0.0620803 0.0679994 
0.0590436 0.0114879 0.0250203 
0.342928 0.0944175 0.00178843 
1.07144 0.495683 0.115047 
2.03656 1.19278 0.445417 
2.58786 1.77127 0.841022 
2.15139 1.69341 0.953843 
0.949799 0.908337 0.610426 
0.0465351 0.111905 0.120891 
0.419143 0.176914 0.0524888 
1.94236 1.24396 0.612937 
3.43804 2.50107 1.36124 
3.7937 2.96088 1.64367 
2.92546 2.37759 1.26334 
1.61808 1.3218 0.605512 
0.63487 0.483839 0.147369 
0.172034 0.0983705 0.00995517 
0.0347629 0.00560834 0.0189881 
0.018919 0.00821297 0.0241142 
0.0423059 0.0280188 0.0168449 
0.120888 0.0547858 0.0204986 
0.344128 0.107951 0.0219213 
0.738845 0.210254 0.013634 
1.07615 0.307133 0.00694671 
1.00354 0.279298 0.00160218 
0.514719 0.123905 0.00384851 
0.0758937 0.0105081 0.0349948 
0.0366839 0.0214165 0.0549842 
0.138174 0.0209563 0.0075171 
