0.393263 0.264462 0.0714793 
0.253399 0.210134 0.109982 
0.191694 0.236361 0.203787 
0.219065 0.34611 0.345176 
0.317261 0.513748 0.512204 
0.458415 0.702087 0.676845 
0.623401 0.879145 0.811229 
0.814293 1.03238 0.897258 
1.05142 1.17297 0.937106 
1.34438 1.31808 0.95052 
1.64639 1.45371 0.951335 
1.83283 1.50967 0.921071 
1.75026 1.38712 0.813224 
1.33213 1.0415 0.599504 
0.701965 0.56026 0.321328 
0.158623 0.151677 0.0876671 
0.0124575 0.0212246 0.00132378 
0.371437 0.21771 0.0708358 
1.04329 0.579935 0.195623 
1.6452 0.843606 0.25211 
1.84792 0.830387 0.208002 
1.57243 0.566069 0.155079 
1.00305 0.238087 0.22461 
0.434138 0.0432745 0.46402 
0.0861935 0.0598848 0.790965 
0.0177665 0.233738 1.06336 
0.156662 0.456345 1.19325 
0.38558 0.646659 1.20015 
0.608396 0.775367 1.16811 
0.770641 0.84054 1.16103 
0.850453 0.839957 1.1747 
0.844522 0.76786 1.15538 
0.760716 0.628847 1.05367 
0.617211 0.447828 0.864491 
0.443095 0.265072 0.629067 
0.274353 0.12016 0.407419 
0.14258 0.0352379 0.245245 
0.0619647 0.00725899 0.155142 
0.0253133 0.0137605 0.119361 
0.013808 0.0280866 0.107671 
0.0121033 0.0330099 0.0962979 
0.0158272 0.024403 0.0777419 
0.0291041 0.00830257 0.0624699 
0.0624717 0.00188528 0.079321 
0.138827 0.0403768 0.174145 
0.298091 0.175902 0.395841 
0.582134 0.452614 0.763655 
0.997194 0.864458 1.2315 
1.47974 1.32831 1.68199 
1.90178 1.70505 1.96996 
2.12552 1.86613 1.99641 
2.07528 1.76309 1.7629 
1.77655 1.45006 1.36646 
1.33613 1.0458 0.940422 
0.882325 0.667058 0.586494 
0.508582 0.380739 0.342962 
0.251392 0.197555 0.197292 
0.101892 0.0950729 0.117831 
0.0304152 0.0438745 0.0765696 
0.00551915 0.021441 0.0554957 
0.00250046 0.0146474 0.045031 
0.00666458 0.0184429 0.0421581 
0.0180967 0.0366912 0.0497913 
0.0580773 0.086571 0.0785503 
0.166665 0.200342 0.151034 
0.378068 0.411599 0.299817 
0.678311 0.721154 0.546304 
0.980119 1.06435 0.865644 
1.15639 1.32027 1.17084 
1.12866 1.37878 1.34762 
0.941385 1.22179 1.32602 
0.741876 0.943571 1.12879 
0.664345 0.680521 0.849456 
0.71701 0.509729 0.58077 
0.781856 0.41064 0.36314 
0.730171 0.319449 0.194725 
0.540076 0.209045 0.0730233 
0.303242 0.108353 0.0092519 
0.127359 0.0530876 0.00328099 
0.045545 0.039347 0.0242915 
0.0203194 0.0379186 0.034503 
0.0153557 0.0438724 0.0317657 
0.0397399 0.0907079 0.0548756 
0.118438 0.206047 0.137925 
0.237629 0.362737 0.264047 
0.338286 0.487661 0.372892 
0.365982 0.522207 0.414552 
0.31759 0.469149 0.39103 
0.235283 0.380101 0.345096 
0.162993 0.306287 0.318001 
0.11747 0.269151 0.326566 
0.0978252 0.272754 0.376921 
0.108541 0.326883 0.483549 
0.162245 0.443516 0.658673 
0.262353 0.610899 0.879988 
0.392505 0.78269 1.0794 
0.526625 0.902978 1.17807 
0.64321 0.943723 1.1419 
0.723385 0.91463 1.00421 
0.739806 0.837319 0.832549 
0.663088 0.717559 0.672423 
0.492771 0.55048 0.523449 
0.281799 0.351916 0.367218 
0.117638 0.174306 0.211199 
0.064955 0.0804956 0.0987182 
0.119604 0.09685 0.0747874 
0.217487 0.192261 0.144979 
0.288404 0.30321 0.268542 
0.303464 0.379065 0.388649 
0.279097 0.407399 0.468181 
0.248584 0.405993 0.502372 
0.236312 0.399495 0.507106 
0.251067 0.402228 0.500076 
0.287811 0.41272 0.489026 
0.328068 0.41667 0.470954 
0.346351 0.397919 0.440494 
0.329194 0.354739 0.401488 
0.291525 0.307749 0.370482 
0.266925 0.285371 0.363748 
0.274087 0.294612 0.376311 
0.293392 0.307105 0.376425 
0.282649 0.281556 0.329767 
0.220139 0.206706 0.237136 
0.131989 0.123272 0.149446 
0.0753161 0.0997437 0.139634 
0.0922681 0.179928 0.249926 
0.17636 0.346181 0.456425 
0.277732 0.52725 0.678903 
0.338353 0.641907 0.827113 
0.327291 0.644675 0.849484 
0.253447 0.544881 0.753785 
0.154205 0.393439 0.59294 
0.0728951 0.251655 0.431162 
0.0388258 0.16169 0.312603 
0.0570673 0.132097 0.247684 
0.109293 0.141751 0.219677 
0.163871 0.157075 0.203525 
0.191112 0.15238 0.184107 
0.177177 0.122622 0.163452 
0.129735 0.0825134 0.154291 
0.0721383 0.0539367 0.166255 
0.029433 0.0505347 0.195504 
0.014753 0.0695365 0.225306 
0.0246274 0.0956693 0.236971 
0.0458541 0.113735 0.223129 
0.0682009 0.120274 0.193487 
0.0922029 0.124878 0.167867 
0.124868 0.139359 0.160475 
0.167118 0.163755 0.167471 
0.205903 0.182738 0.169501 
0.220736 0.177608 0.148885 
0.200003 0.143434 0.106354 
0.151335 0.0942707 0.0605126 
0.0956484 0.0508508 0.0299606 
0.0512463 0.0237666 0.0168961 
0.0238215 0.00957444 0.00995826 
0.0100363 0.00190342 0.00213564 
0.00713314 0.00261499 0.00186861 
0.0166687 0.0195903 0.0235968 
0.0401093 0.0549299 0.068606 
0.0739927 0.0985505 0.1185 
0.111108 0.134716 0.148845 
0.145618 0.15387 0.148269 
0.175798 0.157656 0.124378 
0.201932 0.154138 0.0939019 
0.222608 0.150179 0.0697288 
0.233887 0.148239 0.056397 
0.232455 0.148317 0.0538592 
0.219522 0.150581 0.0616493 
0.200602 0.154647 0.0779622 
0.179724 0.155936 0.0955151 
0.15364 0.144464 0.101073 
0.114726 0.11164 0.0837091 
0.0632822 0.0626299 0.0478678 
0.0165929 0.0215809 0.018035 
0.000305885 0.0182303 0.0243739 
0.0252695 0.0622389 0.0766004 
0.0725957 0.129158 0.150088 
0.105827 0.175784 0.201492 
0.101216 0.173816 0.202447 
0.0661277 0.13018 0.159727 
0.0276521 0.0755334 0.103785 
0.00580079 0.0359329 0.0610202 
0.000255176 0.017512 0.0394221 
0.000543416 0.014589 0.0367589 
0.00216983 0.0238842 0.052814 
0.00876868 0.0455442 0.087109 
0.0219726 0.0738531 0.127967 
0.0359496 0.0950552 0.152933 
0.0441782 0.0983068 0.145562 
0.0477738 0.0862325 0.110548 
0.0529436 0.0710578 0.0691563 
0.0607566 0.0607171 0.0397409 
0.0632209 0.0517339 0.024494 
0.0517481 0.0367181 0.0145887 
0.0285868 0.0166527 0.00474688 
0.00803695 0.00339937 0.000268926 
0.00540706 0.00961448 0.0106178 
0.0239089 0.0363297 0.0380446 
0.0508862 0.0696251 0.0725923 
0.0663708 0.0890061 0.0971638 
0.0579154 0.0812673 0.0981916 
0.0316212 0.0505504 0.0746112 
0.0107479 0.0174559 0.0393742 
0.0200148 0.00592891 0.0116723 
0.0646451 0.025246 0.00390478 
0.121619 0.0612429 0.0130031 
0.1551 0.0872198 0.0250237 
0.14621 0.087641 0.0306552 
0.108189 0.0707592 0.0348894 
0.0685983 0.0535464 0.0455734 
0.039578 0.0369901 0.0520562 
0.0202826 0.0139666 0.0313543 
0.0396732 0.0201508 0.000356774 
0.180801 0.167368 0.065795 
0.520582 0.578778 0.383758 
1.01356 1.23938 1.00944 
1.44944 1.90621 1.75943 
1.57664 2.22073 2.25984 
1.30828 1.97745 2.20395 
0.806589 1.3093 1.61152 
0.346055 0.593056 0.833213 
0.0911847 0.150356 0.274468 
0.0140211 0.0307626 0.0950205 
0.00523421 0.0655862 0.158517 
0.012788 0.0875388 0.236797 
0.0477392 0.0651386 0.225824 
0.0993597 0.0504137 0.171954 
0.113944 0.0655779 0.148761 
0.0694541 0.0793081 0.162277 
0.0190173 0.0643724 0.170304 
0.0225284 0.0314984 0.148972 
0.0635309 0.00733609 0.118885 
0.0799508 0.014981 0.125232 
0.0653733 0.0810345 0.206586 
0.0831746 0.220153 0.361712 
0.163512 0.385685 0.52312 
0.237522 0.467969 0.580756 
0.218612 0.390673 0.472696 
0.122193 0.208045 0.26185 
0.0498611 0.0654603 0.0931544 
0.0574542 0.0493633 0.0552814 
0.0930923 0.106701 0.101835 
0.0836455 0.129259 0.12484 
0.0336985 0.0836244 0.0828032 
0.00188236 0.0240815 0.0252515 
0.014343 0.00233901 0.00623693 
0.0485536 0.0145906 0.0205033 
0.0782376 0.0339474 0.0345989 
0.0826832 0.0449409 0.0386928 
0.0487614 0.0399864 0.0418078 
