0.65372 0.382651 0.341606 
0.732511 0.368032 0.226081 
0.896473 0.398904 0.113937 
1.22617 0.563867 0.09301 
1.75142 0.905177 0.213426 
2.41309 1.38104 0.454668 
3.06452 1.86716 0.727579 
3.51739 2.20138 0.91338 
3.61479 2.25274 0.921811 
3.29851 1.98236 0.738975 
2.63836 1.46558 0.439403 
1.80775 0.863015 0.154606 
1.01577 0.353584 0.0128224 
0.426961 0.0611467 0.0796049 
0.105889 0.00942484 0.328334 
0.0104612 0.124851 0.654256 
0.0333617 0.282886 0.923678 
0.0674207 0.372495 1.03335 
0.0607794 0.346664 0.9519 
0.0357897 0.236519 0.726242 
0.0663912 0.126602 0.453917 
0.23044 0.107945 0.238013 
0.564566 0.234289 0.146779 
1.04464 0.501774 0.194444 
1.59865 0.857961 0.347351 
2.14059 1.23069 0.547481 
2.60412 1.55897 0.739347 
2.95774 1.81019 0.887878 
3.19662 1.97822 0.981998 
3.32094 2.06822 1.02668 
3.31842 2.08116 1.03125 
3.16467 2.00878 1.00161 
2.842 1.84181 0.93981 
2.36419 1.58467 0.848875 
1.78947 1.26532 0.737774 
1.2103 0.932144 0.621888 
0.722714 0.638238 0.518219 
0.391054 0.421599 0.438536 
0.226609 0.292483 0.385044 
0.190901 0.234355 0.351218 
0.219759 0.216533 0.326745 
0.253566 0.210157 0.302987 
0.257962 0.198666 0.275691 
0.227438 0.178936 0.244254 
0.17525 0.155538 0.209405 
0.11937 0.133791 0.171736 
0.072981 0.116009 0.132024 
0.0419729 0.101604 0.0923471 
0.0266972 0.0889952 0.0564121 
0.0241715 0.0771096 0.0284977 
0.0293745 0.0659229 0.011845 
0.0366678 0.0566784 0.00772644 
0.0422462 0.0521006 0.0155572 
0.0464803 0.0559074 0.0333422 
0.0537792 0.0708373 0.0576516 
0.0690218 0.0957878 0.0832943 
0.0926795 0.124235 0.103801 
0.118557 0.14603 0.113546 
0.13657 0.15245 0.110858 
0.139074 0.141568 0.0999913 
0.126141 0.120056 0.0899587 
0.105618 0.0995418 0.0900268 
0.0876675 0.0894049 0.104117 
0.0777724 0.0906431 0.127481 
0.0735842 0.0950908 0.147989 
0.06831 0.0909552 0.151788 
0.058603 0.0716285 0.130639 
0.0515579 0.0426546 0.0873817 
0.0657443 0.022793 0.0370556 
0.124865 0.0384201 0.00335818 
0.247059 0.113906 0.0120278 
0.435271 0.262226 0.0835429 
0.673295 0.47938 0.227172 
0.928904 0.744063 0.437523 
1.16216 1.02191 0.694033 
1.33521 1.27257 0.963583 
1.42048 1.45782 1.20629 
1.40547 1.54947 1.38397 
1.2946 1.53576 1.46962 
1.10825 1.42488 1.45498 
0.879416 1.24386 1.35292 
0.647644 1.0321 1.19302 
0.450621 0.830665 1.01152 
0.315157 0.670831 0.839584 
0.250505 0.566009 0.694958 
0.246955 0.51048 0.580113 
0.280753 0.485096 0.486813 
0.323668 0.467087 0.403841 
0.35332 0.43945 0.323719 
0.360094 0.396166 0.245592 
0.3482 0.341882 0.173995 
0.33123 0.287416 0.115195 
0.324871 0.24391 0.0734257 
0.340223 0.218399 0.0487273 
0.380268 0.212289 0.0370889 
0.440146 0.222628 0.0326467 
0.510077 0.244837 0.030918 
0.578902 0.27507 0.0314998 
0.636525 0.310863 0.0386052 
0.674742 0.349869 0.0586676 
0.687164 0.387815 0.095882 
0.669439 0.417477 0.148078 
0.620393 0.429965 0.205552 
0.543565 0.418064 0.253963 
0.44778 0.37981 0.279969 
0.345683 0.320093 0.276586 
0.25039 0.249157 0.245499 
0.171792 0.178839 0.195573 
0.114427 0.118712 0.139022 
0.0778664 0.0741332 0.0875973 
0.0589675 0.0466124 0.0502909 
0.0542104 0.0353202 0.0324062 
0.0606432 0.0380959 0.0349887 
0.0752938 0.0513213 0.0541493 
0.0942454 0.0694991 0.081074 
0.112786 0.0859564 0.104038 
0.126977 0.0951847 0.112689 
0.135539 0.0956392 0.102852 
0.140357 0.090835 0.0789042 
0.144784 0.0873445 0.0516223 
0.150612 0.0904571 0.0322317 
0.155858 0.100231 0.0261203 
0.155186 0.110806 0.0302629 
0.143061 0.113797 0.0360798 
0.117694 0.103748 0.0357526 
0.0831172 0.0820138 0.0276342 
0.047836 0.0564095 0.0171246 
0.0207897 0.0368699 0.0127042 
0.00708819 0.0300276 0.0202083 
0.00606522 0.0362143 0.0393849 
0.0125572 0.0504825 0.0647339 
0.0202875 0.0664373 0.0893862 
0.0252207 0.0800364 0.108893 
0.027245 0.0910773 0.122508 
0.0298369 0.102067 0.131877 
0.0383421 0.115849 0.138913 
0.0576313 0.133611 0.144592 
0.0896124 0.153999 0.149008 
0.131133 0.173196 0.151826 
0.173295 0.185726 0.152361 
0.203403 0.186126 0.149534 
0.209778 0.171561 0.142498 
0.187744 0.144513 0.132095 
0.143488 0.113719 0.121988 
0.0928901 0.091806 0.117926 
0.0550584 0.0898591 0.124761 
0.0436396 0.111548 0.142785 
0.0606893 0.150316 0.166025 
0.0965153 0.191714 0.184142 
0.135316 0.21986 0.187201 
0.163038 0.224458 0.170574 
0.172963 0.204595 0.137135 
0.166519 0.16767 0.0956578 
0.150068 0.124782 0.0566448 
0.130575 0.0856435 0.0279938 
0.112899 0.0556307 0.0125563 
0.0994617 0.0357208 0.00823291 
0.0911362 0.0242172 0.00995998 
0.0877709 0.018601 0.0123826 
0.0878533 0.0165403 0.0121154 
0.0881964 0.01616 0.00887836 
0.0848024 0.0161746 0.0051848 
0.0749432 0.0161479 0.00469043 
0.0590701 0.0165416 0.00984349 
0.0408609 0.0181028 0.0199606 
0.0250506 0.020756 0.0309127 
0.0146101 0.0229215 0.0369567 
0.00956011 0.0221901 0.0340321 
0.0083501 0.0172352 0.0227055 
0.0103183 0.00950966 0.00873936 
0.0165167 0.00296985 0.000433707 
0.0276001 0.00146699 0.00396541 
0.0405893 0.0056401 0.0196087 
0.048261 0.0121655 0.0415534 
0.0433819 0.0167109 0.0617617 
0.0256596 0.0187002 0.0752985 
0.00573761 0.0237199 0.0831527 
0.00145926 0.0404977 0.0901889 
0.0271308 0.0736155 0.0996573 
0.0825986 0.117243 0.108755 
0.150384 0.155485 0.109364 
0.204031 0.170497 0.0941741 
0.222744 0.153508 0.0638669 
0.202617 0.111107 0.0296016 
0.157166 0.0621205 0.00817796 
0.107626 0.0270405 0.0126457 
0.0704174 0.0170787 0.0445732 
0.0501361 0.0297352 0.0930203 
0.0413094 0.0527086 0.140515 
0.0355424 0.0723024 0.171791 
0.0278656 0.0803895 0.179962 
0.018381 0.0763615 0.167387 
0.00982621 0.0646101 0.142209 
0.00437008 0.0505882 0.113596 
0.0022519 0.0381131 0.0882525 
0.00243554 0.0286712 0.06912 
0.00385962 0.0220584 0.0559169 
0.0061004 0.0174825 0.0467567 
0.00928806 0.0145557 0.0400151 
0.0136156 0.013706 0.0354915 
0.0186641 0.0156264 0.0341125 
0.0228298 0.020024 0.0363652 
0.0235808 0.0248527 0.0408222 
0.0192043 0.0272699 0.0443017 
0.0114075 0.0261114 0.0438496 
0.00649835 0.0238225 0.0389263 
0.0129338 0.0255659 0.0317901 
0.03569 0.0354669 0.0257083 
0.0712644 0.0528415 0.0227339 
0.107781 0.0718439 0.0230973 
0.131183 0.0852287 0.0263443 
0.133458 0.0892212 0.0323682 
0.116822 0.0855074 0.0409162 
0.0910442 0.0792319 0.0507575 
0.0667265 0.0756965 0.0612447 
0.0501409 0.0790577 0.0766496 
0.0426337 0.0929858 0.108909 
0.042679 0.11993 0.172681 
0.0469743 0.156991 0.271973 
0.0503799 0.192134 0.38722 
0.0486864 0.208344 0.476654 
0.0469127 0.198945 0.498598 
0.0683232 0.185827 0.444515 
0.152878 0.223636 0.359164 
0.337381 0.377625 0.327427 
0.624023 0.681368 0.428651 
0.958586 1.09986 0.684449 
1.23978 1.5267 1.03487 
1.36269 1.82498 1.36173 
1.27362 1.89177 1.54694 
1.00171 1.70825 1.53035 
0.645187 1.34539 1.33304 
0.320165 0.923937 1.03649 
0.104808 0.555917 0.73577 
0.0124283 0.302295 0.497508 
0.00468679 0.16582 0.343296 
0.0283572 0.112561 0.258865 
0.0473073 0.100856 0.214627 
0.0517255 0.0996616 0.182909 
0.0473678 0.0925188 0.146435 
0.0407198 0.0742626 0.100503 
0.0329902 0.047797 0.0520694 
0.0233853 0.0217735 0.0155204 
0.0134756 0.00610645 0.00415088 
0.00655758 0.00511894 0.0202774 
0.00399962 0.0133084 0.050964 
0.00472147 0.018937 0.0744222 
0.00981185 0.0141799 0.0741536 
0.0270063 0.00348898 0.0505931 
0.0679846 0.00182584 0.0206947 
0.137964 0.0226547 0.00507254 
