0.120752 0.114001 0.0980828 
0.265559 0.165753 0.0685532 
0.46742 0.313678 0.136417 
0.628021 0.467951 0.241884 
0.674845 0.539895 0.303824 
0.603953 0.499959 0.281473 
0.474811 0.39071 0.201041 
0.363306 0.284744 0.122711 
0.315824 0.229791 0.0856646 
0.338436 0.228611 0.085529 
0.41522 0.259155 0.0967384 
0.526182 0.302836 0.105814 
0.649794 0.353542 0.120789 
0.761698 0.410662 0.156922 
0.844384 0.474675 0.222507 
0.902233 0.550966 0.318552 
0.962276 0.650598 0.444194 
1.05272 0.779401 0.595163 
1.17498 0.923371 0.756335 
1.29345 1.04618 0.899747 
1.35188 1.10415 0.993906 
1.30404 1.06824 1.01774 
1.13831 0.937937 0.968492 
0.884125 0.740763 0.859883 
0.600071 0.520721 0.714985 
0.349741 0.322448 0.559462 
0.175268 0.176363 0.41667 
0.0818638 0.0901896 0.303757 
0.0449517 0.0521915 0.229319 
0.0370785 0.0454236 0.194193 
0.0529132 0.0620469 0.194276 
0.108175 0.10393 0.221443 
0.211464 0.168096 0.261057 
0.336718 0.232761 0.290681 
0.426926 0.262128 0.28621 
0.430831 0.230431 0.234932 
0.342762 0.145953 0.146802 
0.213332 0.0545483 0.0547708 
0.124315 0.0190512 0.00239303 
0.145747 0.0868845 0.023698 
0.298038 0.26136 0.122649 
0.534771 0.489016 0.261574 
0.756833 0.673842 0.370501 
0.860994 0.722404 0.382944 
0.804467 0.602468 0.282714 
0.642641 0.374978 0.126496 
0.502076 0.165383 0.0151094 
0.496785 0.084251 0.0264967 
0.647311 0.154 0.161294 
0.866677 0.299704 0.346452 
1.02396 0.410107 0.493349 
1.0328 0.416846 0.560005 
0.896989 0.329809 0.567449 
0.688326 0.210328 0.565051 
0.488095 0.116316 0.582957 
0.342619 0.0674719 0.612793 
0.257255 0.0499234 0.625111 
0.215746 0.0426397 0.599927 
0.198381 0.0365045 0.542583 
0.187023 0.0339514 0.47734 
0.165129 0.0395977 0.431711 
0.124275 0.0579585 0.427878 
0.0753439 0.100975 0.484744 
0.0502748 0.192134 0.619829 
0.0843271 0.353231 0.838715 
0.186976 0.577162 1.11402 
0.324509 0.809853 1.37375 
0.43331 0.965522 1.52116 
0.460007 0.975075 1.4858 
0.400434 0.835378 1.2731 
0.305113 0.617644 0.969493 
0.242232 0.421321 0.689414 
0.244296 0.306169 0.501104 
0.282203 0.258113 0.392162 
0.291085 0.217978 0.304452 
0.228316 0.146436 0.204856 
0.11414 0.065198 0.123999 
0.0190968 0.0373841 0.126202 
0.00929159 0.107838 0.241514 
0.0965784 0.259916 0.4268 
0.232857 0.425441 0.591866 
0.346876 0.533082 0.663184 
0.389282 0.550457 0.627315 
0.353714 0.490729 0.523779 
0.26784 0.390688 0.406049 
0.170111 0.285819 0.308997 
0.0913618 0.199154 0.242091 
0.050252 0.143409 0.200648 
0.0585746 0.127345 0.178999 
0.124091 0.157646 0.176688 
0.242075 0.232727 0.196788 
0.383253 0.334234 0.239929 
0.499237 0.429989 0.301173 
0.554259 0.494855 0.374895 
0.55826 0.533013 0.461532 
0.561002 0.573008 0.562089 
0.600764 0.630756 0.659093 
0.655844 0.677058 0.706968 
0.655734 0.652516 0.655955 
0.549233 0.52469 0.498123 
0.360922 0.329707 0.289151 
0.174932 0.149946 0.114625 
0.0623921 0.047151 0.0269141 
0.0282663 0.0191602 0.0133353 
0.0268937 0.0203653 0.0238978 
0.0185205 0.0153336 0.0234441 
0.00286925 0.00586128 0.013058 
0.00496403 0.0129204 0.00925295 
0.0453914 0.048893 0.018872 
0.132598 0.116172 0.0428439 
0.273316 0.223488 0.0956135 
0.47078 0.384978 0.202958 
0.702555 0.592576 0.369709 
0.906529 0.793637 0.552114 
1.00368 0.90822 0.672054 
0.947654 0.879901 0.668331 
0.759439 0.717161 0.541336 
0.516087 0.489208 0.352625 
0.303188 0.281009 0.181846 
0.169775 0.145565 0.0785925 
0.117087 0.0882934 0.0456738 
0.12054 0.0868558 0.0591052 
0.158436 0.120735 0.098931 
0.221958 0.182535 0.160666 
0.30382 0.265941 0.240943 
0.384244 0.349784 0.318823 
0.432837 0.399899 0.358188 
0.425804 0.38954 0.332709 
0.361252 0.318386 0.248925 
0.258858 0.212224 0.143861 
0.147732 0.106388 0.0601698 
0.0559646 0.0303808 0.0231636 
0.00665483 0.00293769 0.0366524 
0.0125934 0.030067 0.0903583 
0.0651741 0.0979245 0.163038 
0.12916 0.169005 0.22166 
0.159086 0.197947 0.231988 
0.13246 0.164336 0.183739 
0.0706342 0.0935595 0.107031 
0.0229927 0.0395263 0.0546949 
0.0254192 0.0401189 0.059277 
0.0720221 0.0877036 0.106517 
0.12614 0.143362 0.15459 
0.155746 0.177038 0.17891 
0.155992 0.189761 0.192944 
0.14147 0.198528 0.223216 
0.125581 0.208462 0.270038 
0.1123 0.207209 0.300781 
0.102665 0.184279 0.282593 
0.0992442 0.14695 0.216047 
0.100485 0.112569 0.133591 
0.0962932 0.0894457 0.06925 
0.0761991 0.07139 0.0348911 
0.042562 0.0506166 0.0234633 
0.0117501 0.030454 0.0264786 
0.000261612 0.0225141 0.0428034 
0.01112 0.0341328 0.0734891 
0.0344182 0.0617786 0.114554 
0.0585856 0.0956436 0.157167 
0.0791174 0.127548 0.192669 
0.0985307 0.154254 0.215836 
0.121795 0.176161 0.224938 
0.152336 0.194829 0.220978 
0.188937 0.210618 0.207182 
0.223362 0.220642 0.187898 
0.241501 0.218568 0.166565 
0.229961 0.197525 0.143623 
0.184959 0.154976 0.11607 
0.117527 0.0971274 0.0807293 
0.0507998 0.0401604 0.0408362 
0.00891839 0.00499243 0.0097608 
0.00202706 0.00465294 0.00409078 
0.0178858 0.0318411 0.0282026 
0.0306392 0.0604131 0.0655531 
0.0236765 0.0651136 0.0894137 
0.00582365 0.0432886 0.0851127 
0.00174233 0.0156383 0.060938 
0.0241226 0.0040727 0.0367885 
0.0581603 0.0110338 0.0251309 
0.0766345 0.0223503 0.0250821 
0.0678624 0.0263101 0.0306102 
0.0439578 0.0235979 0.037083 
0.022916 0.0191999 0.0392821 
0.0104244 0.0131462 0.031252 
0.00294458 0.00471961 0.014466 
0.00111171 8.50644e-05 0.00180135 
0.00965406 0.0062867 0.0048591 
0.0245768 0.0180881 0.0178031 
0.0317741 0.0212362 0.023721 
0.0256445 0.0146398 0.0218803 
0.0226546 0.0211332 0.0390398 
0.045018 0.063739 0.100068 
0.089624 0.130703 0.18727 
0.123089 0.176188 0.243265 
0.115518 0.164918 0.225495 
0.0764694 0.112359 0.153499 
0.0508599 0.0720919 0.0909574 
0.0785239 0.0832517 0.079842 
0.160491 0.137053 0.10232 
0.261607 0.19504 0.112621 
0.337206 0.229337 0.096474 
0.355606 0.236864 0.0854013 
0.30762 0.222126 0.112554 
0.210388 0.183405 0.168118 
0.10392 0.122843 0.207737 
0.0307189 0.0597425 0.199525 
0.00669752 0.0204622 0.152646 
0.0123496 0.0138093 0.100335 
0.0180478 0.0239267 0.0653825 
0.01681 0.029815 0.0474474 
0.0260486 0.0258672 0.0363587 
0.0577532 0.0198575 0.0271788 
0.096566 0.0172454 0.0216354 
0.113779 0.0155962 0.0225348 
0.098145 0.0128846 0.0309885 
0.064981 0.0126359 0.0456299 
0.0363006 0.0175348 0.0610346 
0.0205627 0.0235901 0.069336 
0.0141622 0.0255796 0.0671671 
0.0141262 0.0250957 0.0596971 
0.0210373 0.0276406 0.054058 
0.0320884 0.0329048 0.0495643 
0.0397026 0.0338539 0.0390837 
0.0393207 0.0267669 0.0209808 
0.0337118 0.0170812 0.00463191 
0.0271547 0.0120417 0.000262977 
0.0194575 0.0111495 0.00618742 
0.00938156 0.00843685 0.010969 
0.00135772 0.00273207 0.0076742 
0.00448875 0.00100853 0.00141406 
0.0255151 0.011117 0.001713 
0.0658663 0.0348744 0.0114363 
0.124188 0.0691946 0.0258232 
0.196206 0.109922 0.0395402 
0.270099 0.151498 0.0508863 
0.326676 0.185494 0.0600084 
0.350068 0.20446 0.0670187 
0.340844 0.209368 0.0736036 
0.319389 0.212778 0.0850379 
0.316358 0.233614 0.10889 
0.354982 0.285403 0.150037 
0.43218 0.362595 0.20357 
0.510142 0.433748 0.250154 
0.532749 0.453546 0.262117 
0.464892 0.393997 0.222843 
0.324086 0.27126 0.14501 
0.170616 0.13864 0.0659844 
0.0613773 0.046915 0.0192339 
0.0120717 0.00957774 0.00942003 
0.00138152 0.00550669 0.0170479 
0.00235582 0.00887565 0.0242647 
