0.977632 1.11122 1.10537 
0.499577 0.652414 0.719063 
0.145013 0.236989 0.296012 
0.0103603 0.0440437 0.0796832 
0.0265061 0.0598128 0.115122 
0.0409561 0.110256 0.223522 
0.00581701 0.070508 0.215542 
0.0436576 0.00323494 0.0931087 
0.288903 0.0562866 0.00822055 
0.682961 0.250706 0.0523838 
0.980758 0.430949 0.152356 
0.982235 0.442065 0.190591 
0.729279 0.309788 0.170849 
0.447649 0.20128 0.204952 
0.312293 0.224329 0.347181 
0.302905 0.314497 0.502195 
0.284279 0.332963 0.526893 
0.183646 0.238028 0.395991 
0.0600804 0.127002 0.232252 
0.0201871 0.122026 0.178313 
0.105411 0.249144 0.2662 
0.271738 0.437153 0.417799 
0.4535 0.609571 0.549506 
0.620896 0.755261 0.658025 
0.777168 0.914616 0.811772 
0.920862 1.11624 1.07467 
1.02634 1.33452 1.43706 
1.06174 1.50177 1.8056 
1.02159 1.55726 2.0554 
0.940796 1.49226 2.10725 
0.874545 1.35643 1.97474 
0.855954 1.21795 1.74385 
0.863833 1.10751 1.50087 
0.833453 0.996175 1.27314 
0.711114 0.832151 1.03568 
0.507244 0.602004 0.76847 
0.292969 0.352262 0.497354 
0.138918 0.150273 0.278325 
0.0624302 0.0346813 0.156291 
0.0446894 0.0151508 0.152586 
0.0935342 0.109855 0.282005 
0.261946 0.350341 0.549589 
0.579789 0.723734 0.908218 
0.970536 1.1177 1.23172 
1.262 1.35526 1.36535 
1.30264 1.31219 1.23056 
1.07494 1.01 0.886998 
0.698889 0.596293 0.490516 
0.336583 0.239726 0.189921 
0.0993054 0.0403687 0.0553375 
0.0251229 0.0148127 0.0783472 
0.102432 0.12786 0.208675 
0.284494 0.317916 0.381268 
0.490839 0.507878 0.529627 
0.632404 0.627253 0.604155 
0.665724 0.648919 0.594326 
0.626795 0.608016 0.533765 
0.600743 0.577925 0.480644 
0.64928 0.619835 0.488609 
0.763017 0.744501 0.582735 
0.877149 0.90689 0.741612 
0.925333 1.02779 0.890939 
0.880135 1.02993 0.928699 
0.756197 0.87881 0.788392 
0.590009 0.610534 0.501426 
0.419287 0.321799 0.19698 
0.272429 0.118286 0.0227932 
0.168669 0.0568906 0.0481146 
0.125705 0.128805 0.233548 
0.164665 0.291499 0.487928 
0.29883 0.508389 0.747255 
0.507972 0.754051 0.998823 
0.725324 0.99197 1.24429 
0.86504 1.16927 1.46324 
0.880632 1.25026 1.62655 
0.804526 1.2548 1.73727 
0.725475 1.24955 1.83696 
0.716365 1.28756 1.95573 
0.774808 1.35181 2.05677 
0.82942 1.36222 2.0434 
0.803727 1.24434 1.83487 
0.678342 0.996574 1.44334 
0.499373 0.695193 0.979357 
0.335199 0.437896 0.581543 
0.228558 0.282555 0.336925 
0.184834 0.232861 0.257791 
0.193162 0.267622 0.316394 
0.244404 0.367662 0.482464 
0.32305 0.508697 0.720425 
0.390739 0.639982 0.964562 
0.396692 0.693528 1.12518 
0.319447 0.633049 1.14206 
0.198732 0.495116 1.03475 
0.115161 0.369591 0.887662 
0.130213 0.32966 0.775998 
0.248485 0.383789 0.711257 
0.44219 0.501924 0.668839 
0.701162 0.679155 0.662333 
1.0343 0.948047 0.764275 
1.40827 1.3099 1.0295 
1.70172 1.66405 1.39845 
1.75745 1.837 1.69805 
1.50675 1.70789 1.75904 
1.04328 1.3116 1.54068 
0.562703 0.815865 1.14678 
0.224528 0.399923 0.7341 
0.0695413 0.154502 0.414425 
0.0510643 0.0756766 0.22609 
0.110948 0.113612 0.157368 
0.207766 0.203884 0.167694 
0.296221 0.27323 0.198026 
0.325953 0.261395 0.196698 
0.285034 0.164388 0.155567 
0.23266 0.0486708 0.113674 
0.266959 0.00506459 0.114571 
0.452106 0.0826629 0.163636 
0.773696 0.26497 0.232427 
1.15185 0.496594 0.295554 
1.48478 0.720013 0.351679 
1.6904 0.896181 0.416426 
1.73629 1.0155 0.513812 
1.64913 1.09929 0.672859 
1.48889 1.17478 0.904257 
1.30152 1.23398 1.16064 
1.09766 1.22668 1.33653 
0.88087 1.11251 1.34029 
0.682518 0.918011 1.17739 
0.548113 0.725344 0.950247 
0.48893 0.600373 0.770361 
0.466626 0.544873 0.679807 
0.434301 0.520542 0.655104 
0.378175 0.496159 0.65596 
0.308754 0.453403 0.642889 
0.230888 0.367822 0.565912 
0.151797 0.227127 0.388994 
0.115518 0.0821558 0.155818 
0.191527 0.0472495 0.00756789 
0.399 0.207848 0.0865437 
0.649645 0.515446 0.39446 
0.792704 0.790357 0.751901 
0.731837 0.848593 0.918931 
0.500626 0.642946 0.779748 
0.233528 0.300743 0.435409 
0.0770737 0.0402919 0.133698 
0.118439 0.0360369 0.0950822 
0.35551 0.314788 0.360051 
0.693881 0.734924 0.760242 
0.975837 1.06435 1.03395 
1.05733 1.1226 1.00831 
0.900101 0.895845 0.714092 
0.599516 0.533389 0.343024 
0.31103 0.225568 0.0876461 
0.138292 0.0705106 0.00675191 
0.0841974 0.0420578 0.026633 
0.0932765 0.0634825 0.0502117 
0.120788 0.0924546 0.0504242 
0.157643 0.137263 0.0665516 
0.209738 0.216622 0.137435 
0.277714 0.327951 0.258027 
0.360778 0.454767 0.394392 
0.465496 0.587145 0.519947 
0.598036 0.722997 0.627299 
0.748391 0.853951 0.714519 
0.889017 0.960652 0.774409 
0.99216 1.02588 0.801148 
1.04837 1.04969 0.801747 
1.06904 1.04939 0.795406 
1.07263 1.04452 0.800218 
1.06697 1.04062 0.819889 
1.04101 1.02432 0.841007 
0.971084 0.971956 0.840802 
0.837828 0.864895 0.798501 
0.643951 0.702799 0.704685 
0.422246 0.508687 0.567059 
0.226533 0.322617 0.410766 
0.106066 0.183955 0.269417 
0.0764634 0.11003 0.168323 
0.109099 0.0872365 0.112492 
0.151722 0.0853131 0.0919359 
0.166029 0.0836043 0.0982612 
0.149515 0.0829397 0.130776 
0.124183 0.0917462 0.182884 
0.109734 0.106243 0.228581 
0.111583 0.111621 0.233948 
0.129407 0.102164 0.18723 
0.164558 0.0914386 0.113104 
0.211812 0.0964025 0.0517799 
0.249745 0.114908 0.0245848 
0.250814 0.125823 0.0221522 
0.20587 0.112119 0.0228105 
0.135621 0.0793262 0.0162179 
0.0751276 0.0501923 0.0092321 
0.0483534 0.0457317 0.0164504 
0.0576636 0.0736031 0.0501256 
0.0914702 0.12862 0.114108 
0.134252 0.195591 0.197801 
0.16955 0.25077 0.273365 
0.182474 0.26942 0.3064 
0.16767 0.241243 0.278873 
0.134749 0.179911 0.204584 
0.100768 0.113429 0.119603 
0.0756119 0.0632004 0.0557377 
0.0574771 0.0340347 0.0239651 
0.0426572 0.0229591 0.0212234 
0.0331104 0.0290048 0.0436891 
0.0291458 0.0463813 0.0832659 
0.0218823 0.0539989 0.113877 
0.00918031 0.0316491 0.100767 
0.0244866 0.000994665 0.0439147 
0.130853 0.0394273 0.0112864 
0.357164 0.221891 0.102722 
0.632258 0.527383 0.352412 
0.806395 0.813491 0.663605 
0.76846 0.913088 0.861317 
0.547957 0.773755 0.831011 
0.287522 0.498315 0.610027 
0.112522 0.245146 0.341705 
0.0436275 0.100012 0.148659 
0.0385009 0.0499811 0.0585554 
0.0823209 0.0546055 0.0356433 
0.195206 0.100073 0.0463202 
0.356138 0.175513 0.0751699 
0.470813 0.235954 0.101704 
0.45224 0.230552 0.101084 
0.320174 0.165987 0.0767428 
0.188635 0.110847 0.0680179 
0.151026 0.122853 0.106156 
0.19694 0.186136 0.1707 
0.245122 0.232886 0.20562 
0.235941 0.217317 0.178543 
0.177049 0.154808 0.113089 
0.112854 0.093203 0.0606032 
0.0721545 0.0612851 0.0484441 
0.0499363 0.0504497 0.060786 
0.0286531 0.0383797 0.0652919 
0.00704126 0.0214007 0.0516131 
0.00447282 0.0200244 0.04086 
0.0366981 0.05289 0.0582573 
0.0916291 0.109098 0.100518 
0.136171 0.152493 0.135375 
0.146751 0.154605 0.133898 
0.125485 0.118315 0.0980614 
0.0875527 0.0688101 0.054551 
0.0470411 0.03046 0.0281181 
0.0199639 0.0159865 0.0252177 
0.0229535 0.0252829 0.0356505 
0.052768 0.0429225 0.0413568 
0.0783315 0.0455095 0.029551 
0.0718224 0.0258629 0.00780727 
0.0416482 0.00425175 0.00099761 
0.0189657 0.00215838 0.0212459 
