1.04389 1.01725 0.96112 
1.14745 1.13925 1.05908 
1.26758 1.26463 1.1978 
1.41827 1.4216 1.40646 
1.59669 1.61281 1.66842 
1.78786 1.81613 1.92449 
1.97612 2.00207 2.10469 
2.15423 2.1537 2.16757 
2.32252 2.27379 2.12114 
2.47848 2.37389 2.01271 
2.60504 2.45438 1.89543 
2.66801 2.49149 1.79439 
2.62723 2.44311 1.69431 
2.45638 2.27143 1.55528 
2.15963 1.96872 1.34485 
1.77453 1.56944 1.0648 
1.3591 1.14053 0.755963 
0.97057 0.755429 0.47965 
0.647573 0.466677 0.288591 
0.404007 0.291754 0.205569 
0.234812 0.217236 0.220868 
0.12692 0.215333 0.306832 
0.0676961 0.26104 0.437834 
0.0475548 0.340647 0.602698 
0.0590405 0.450048 0.803684 
0.096713 0.587936 1.04544 
0.159361 0.75022 1.32262 
0.251446 0.928179 1.61346 
0.37907 1.1083 1.88122 
0.539496 1.27085 2.08092 
0.710038 1.38766 2.168 
0.846056 1.42361 2.10793 
0.894532 1.34637 1.88694 
0.819815 1.14355 1.52259 
0.628085 0.838769 1.0692 
0.374483 0.494969 0.611565 
0.144941 0.198218 0.244116 
0.0192862 0.0260607 0.0407846 
0.0341728 0.0149411 0.0277484 
0.165847 0.143638 0.172624 
0.342401 0.342215 0.396811 
0.479239 0.522688 0.606464 
0.519217 0.616284 0.728164 
0.456971 0.599068 0.733058 
0.335734 0.494299 0.639323 
0.219359 0.352297 0.494035 
0.155068 0.220549 0.346218 
0.147658 0.122014 0.227412 
0.160838 0.0552139 0.151548 
0.147471 0.0167497 0.133591 
0.0934153 0.0315722 0.212446 
0.0483775 0.167566 0.456844 
0.119709 0.516226 0.93996 
0.423601 1.1406 1.68818 
1.01438 2.01559 2.63114 
1.83117 2.99824 3.5884 
2.69766 3.85588 4.31401 
3.38403 4.34913 4.58787 
3.70373 4.33279 4.31208 
3.59529 3.82279 3.56142 
3.14575 2.99217 2.55849 
2.54488 2.09777 1.58474 
1.99801 1.37633 0.872408 
1.64499 0.962424 0.530028 
1.52363 0.86343 0.530822 
1.58603 0.992037 0.75728 
1.74681 1.22783 1.06856 
1.93106 1.47201 1.35475 
2.09988 1.67336 1.55918 
2.24969 1.82465 1.67194 
2.39623 1.94293 1.70958 
2.55578 2.04819 1.6951 
2.73115 2.14832 1.64501 
2.9046 2.23275 1.56394 
3.03848 2.27456 1.44637 
3.08484 2.24112 1.28444 
3.00303 2.11018 1.07896 
2.77926 1.88479 0.847224 
2.43837 1.59831 0.621653 
2.04012 1.30539 0.43818 
1.66012 1.0625 0.321051 
1.36401 0.908068 0.273677 
1.18591 0.850971 0.280826 
1.11893 0.870485 0.318809 
1.11887 0.924148 0.365135 
1.1189 0.959282 0.401886 
1.05195 0.927014 0.415138 
0.877035 0.799596 0.397867 
0.602521 0.588467 0.360294 
0.294786 0.353799 0.341646 
0.0615758 0.193802 0.410136 
0.00950213 0.209631 0.641595 
0.191092 0.457083 1.0813 
0.568358 0.909144 1.70827 
1.01647 1.45294 2.42484 
1.37157 1.92809 3.08247 
1.50151 2.19029 3.53387 
1.36355 2.16861 3.68623 
1.01917 1.88822 3.52937 
0.59981 1.44984 3.12795 
0.244227 0.980456 2.5863 
0.0414516 0.582966 2.00735 
0.00609038 0.30812 1.46544 
0.0916238 0.155869 1.00067 
0.22643 0.0963328 0.62867 
0.349151 0.0934393 0.353261 
0.426962 0.118877 0.172678 
0.454807 0.154441 0.0784327 
0.444707 0.188727 0.0524467 
0.415633 0.21476 0.0684277 
0.388024 0.23022 0.0986013 
0.380101 0.237263 0.121751 
0.402027 0.239005 0.127445 
0.44875 0.234188 0.114941 
0.497896 0.215678 0.0900081 
0.518792 0.177374 0.0642286 
0.491366 0.127255 0.0576224 
0.424112 0.0965876 0.0997397 
0.35685 0.133817 0.222225 
0.341272 0.27983 0.440766 
0.4072 0.535292 0.734141 
0.535238 0.841063 1.03557 
0.656794 1.09028 1.24934 
0.687807 1.17408 1.29226 
0.5805 1.04096 1.14192 
0.362571 0.736328 0.863545 
0.136573 0.395163 0.594356 
0.0340506 0.185006 0.485944 
0.146716 0.225697 0.630908 
0.473087 0.528258 1.0124 
0.912195 0.986715 1.50554 
1.30934 1.42779 1.93193 
1.52861 1.69119 2.13906 
1.51196 1.6973 2.06318 
1.29403 1.4692 1.74545 
0.969996 1.10425 1.29924 
0.640736 0.719039 0.853256 
0.370094 0.402695 0.504567 
0.176398 0.201277 0.302936 
0.0550773 0.131777 0.264076 
0.00903399 0.204649 0.391211 
0.0612176 0.431957 0.683354 
0.239625 0.81346 1.12376 
0.546519 1.31279 1.66064 
0.935733 1.84572 2.20043 
1.31687 2.29555 2.62658 
1.58731 2.55246 2.83881 
1.67511 2.55727 2.79312 
1.56883 2.32557 2.52048 
1.319 1.93953 2.11349 
1.01192 1.51196 1.68793 
0.73147 1.14178 1.3388 
0.528496 0.882148 1.11136 
0.410733 0.733596 0.997637 
0.353652 0.660342 0.955168 
0.322201 0.617062 0.934405 
0.290267 0.571185 0.900283 
0.249072 0.511557 0.839813 
0.203815 0.443709 0.757005 
0.164377 0.379035 0.662828 
0.137547 0.326359 0.568233 
0.124915 0.290081 0.483284 
0.125358 0.272934 0.41939 
0.137723 0.277995 0.388916 
0.160157 0.306052 0.399123 
0.186541 0.349647 0.443366 
0.204457 0.38973 0.497042 
0.199368 0.400908 0.524827 
0.165517 0.365842 0.49891 
0.117843 0.291714 0.419277 
0.095701 0.217429 0.323004 
0.151809 0.203304 0.273635 
0.328112 0.304676 0.332772 
0.629479 0.541495 0.527338 
1.01014 0.880588 0.830339 
1.38295 1.24209 1.16677 
1.65002 1.52894 1.44291 
1.74098 1.66548 1.5846 
1.6405 1.62624 1.56525 
1.39162 1.44139 1.41105 
1.0744 1.17812 1.18328 
0.771859 0.909705 0.949137 
0.540406 0.688478 0.756618 
0.397424 0.534121 0.623718 
0.3278 0.438851 0.542991 
0.301494 0.382043 0.494745 
0.290757 0.344329 0.460061 
0.279326 0.314772 0.427942 
0.262782 0.290658 0.395879 
0.244158 0.273462 0.366371 
0.229365 0.264779 0.342464 
0.224212 0.263868 0.324204 
0.232246 0.266621 0.306896 
0.252402 0.265559 0.281781 
0.277229 0.251388 0.239566 
0.293829 0.216812 0.176257 
0.288833 0.162035 0.0991362 
0.255923 0.0993818 0.029623 
0.201914 0.053642 0.00030618 
0.147157 0.0559921 0.045673 
0.118649 0.132387 0.188923 
0.138114 0.290414 0.429351 
0.210387 0.510218 0.735334 
0.317955 0.744459 1.04683 
0.425328 0.929459 1.28881 
0.492784 1.0055 1.39324 
0.494466 0.939838 1.32326 
0.432843 0.74335 1.0905 
0.341776 0.472239 0.756767 
0.274734 0.21162 0.416905 
0.281744 0.0455319 0.167509 
0.385113 0.0252285 0.0734478 
0.56595 0.149654 0.146278 
0.769111 0.367108 0.343577 
0.925146 0.597248 0.588596 
0.979075 0.763028 0.80052 
0.912349 0.818131 0.921904 
0.748277 0.758935 0.933047 
0.539937 0.618504 0.850525 
0.348012 0.448489 0.714289 
0.219486 0.29875 0.570991 
0.175545 0.202891 0.460028 
0.210976 0.172961 0.4053 
0.301832 0.201821 0.412494 
0.415897 0.269473 0.470446 
0.521654 0.350097 0.555336 
0.594086 0.418185 0.636955 
0.617679 0.453356 0.686144 
0.587613 0.443819 0.681912 
0.509794 0.388306 0.616501 
0.399971 0.29634 0.49722 
0.282012 0.186973 0.34501 
0.185298 0.0862717 0.190525 
0.140817 0.0235228 0.0686225 
0.175379 0.0258609 0.0117362 
0.304015 0.111331 0.0425162 
0.52231 0.281753 0.16694 
0.802205 0.518296 0.370279 
1.09503 0.783002 0.618612 
1.34306 1.02756 0.866935 
1.49648 1.20697 1.07174 
1.52882 1.29246 1.2031 
1.44356 1.27788 1.25095 
1.26878 1.17702 1.22345 
1.04318 1.01451 1.13959 
0.80149 0.816668 1.02149 
0.567091 0.607613 0.890915 
0.354532 0.411531 0.770422 
0.177441 0.256445 0.685267 
0.0539522 0.173183 0.660906 
0.00382854 0.186513 0.71432 
