1.78241 2.03109 1.78589 
1.53435 1.81395 1.64223 
1.03211 1.30063 1.2201 
0.511448 0.726079 0.714375 
0.201492 0.336772 0.349531 
0.173472 0.226477 0.217395 
0.33432 0.318958 0.254302 
0.53773 0.478562 0.348497 
0.688732 0.616685 0.44183 
0.760886 0.703787 0.527208 
0.756045 0.722481 0.583335 
0.681977 0.651494 0.555972 
0.56921 0.502845 0.417107 
0.485915 0.350606 0.222113 
0.520896 0.301495 0.085466 
0.755138 0.436924 0.0990063 
1.24438 0.784363 0.280899 
1.98956 1.31814 0.589897 
2.8726 1.94502 0.954842 
3.61581 2.47931 1.27556 
3.87178 2.68362 1.42838 
3.44852 2.41084 1.32649 
2.49469 1.74398 1.00046 
1.4407 0.975006 0.598979 
0.703197 0.404454 0.28199 
0.409836 0.141395 0.111052 
0.391987 0.091983 0.0532023 
0.414535 0.115381 0.0708742 
0.378013 0.148717 0.160488 
0.309116 0.179185 0.2875 
0.236776 0.166061 0.339595 
0.171359 0.0809408 0.227086 
0.216121 0.0402232 0.0511566 
0.603165 0.310835 0.102163 
1.4977 1.07202 0.595579 
2.72185 2.13323 1.38046 
3.72865 2.94765 1.96603 
3.94716 2.9999 1.91677 
3.22492 2.23983 1.25816 
1.95788 1.14279 0.480212 
0.785736 0.327018 0.115083 
0.136815 0.0850423 0.291752 
0.0118479 0.243632 0.681706 
0.127747 0.421319 0.848909 
0.21416 0.38758 0.639094 
0.186824 0.198622 0.258929 
0.112282 0.0571109 0.0347436 
0.0786116 0.0949306 0.124127 
0.112742 0.281955 0.429074 
0.183281 0.491982 0.725964 
0.248846 0.625275 0.855878 
0.311036 0.692563 0.835223 
0.448355 0.82944 0.853572 
0.798978 1.23801 1.18305 
1.46811 2.05859 2.02325 
2.40247 3.22036 3.32977 
3.34441 4.38509 4.73554 
3.94595 5.07872 5.67456 
3.98222 4.96455 5.68714 
3.49094 4.06458 4.71257 
2.71579 2.74739 3.14243 
1.91345 1.48912 1.5818 
1.20974 0.60536 0.501731 
0.624499 0.156905 0.0393677 
0.199713 0.0546688 0.0524785 
0.0614271 0.213575 0.317317 
0.329644 0.600313 0.679272 
0.962637 1.16162 1.06526 
1.69898 1.74537 1.41326 
2.17321 2.11964 1.62576 
2.12884 2.09019 1.59762 
1.57783 1.62924 1.29022 
0.802502 0.923098 0.7908 
0.20443 0.301822 0.308311 
0.092645 0.0824021 0.0907809 
0.533225 0.407821 0.296004 
1.34555 1.17735 0.891864 
2.24145 2.11701 1.6637 
3.00688 2.94564 2.33766 
3.59461 3.5183 2.73551 
4.06893 3.84828 2.84718 
4.46758 4.01204 2.77791 
4.71203 4.03727 2.6327 
4.64502 3.87304 2.44078 
4.15795 3.45465 2.16926 
3.29846 2.79232 1.79102 
2.27625 2.00513 1.33759 
1.37149 1.27848 0.897302 
0.813463 0.782916 0.570713 
0.698772 0.608161 0.421898 
0.975835 0.741675 0.455828 
1.48138 1.08683 0.626091 
1.99954 1.49806 0.856252 
2.32408 1.81693 1.05769 
2.31801 1.91026 1.14425 
1.96292 1.71529 1.05734 
1.37478 1.27783 0.802246 
0.75971 0.74815 0.467001 
0.314789 0.31328 0.1889 
0.128157 0.0956104 0.0736484 
0.147705 0.0887845 0.125208 
0.24078 0.181822 0.248904 
0.294218 0.250191 0.329779 
0.275594 0.237276 0.319244 
0.220309 0.166318 0.256722 
0.17761 0.0912461 0.21541 
0.173288 0.043942 0.228484 
0.212824 0.0232342 0.261411 
0.303164 0.0222367 0.248521 
0.461655 0.0590593 0.15899 
0.705598 0.183647 0.0415029 
1.03879 0.459855 0.018707 
1.44986 0.938011 0.23604 
1.92082 1.63189 0.792363 
2.43474 2.50581 1.68504 
2.9748 3.47268 2.79278 
3.51694 4.40403 3.9033 
4.02499 5.15477 4.77706 
4.45559 5.60176 5.22662 
4.77098 5.68431 5.18167 
4.94832 5.42437 4.70887 
4.97548 4.90952 3.97193 
4.83857 4.24763 3.15247 
4.5194 3.52539 2.38031 
4.01374 2.79912 1.71394 
3.35737 2.11321 1.16847 
2.6321 1.51534 0.750297 
1.93867 1.04579 0.463121 
1.35431 0.712879 0.290542 
0.908467 0.485761 0.189278 
0.594272 0.319626 0.112269 
0.400789 0.193022 0.0427662 
0.333983 0.122844 0.00409289 
0.406133 0.142365 0.0329433 
0.603273 0.261394 0.140206 
0.862285 0.443145 0.294437 
1.08441 0.617753 0.440656 
1.18227 0.721809 0.535729 
1.12677 0.732835 0.570382 
0.956703 0.673318 0.563588 
0.744363 0.585091 0.539923 
0.54738 0.49812 0.511517 
0.385984 0.418184 0.476461 
0.256925 0.337485 0.428063 
0.160772 0.252557 0.362801 
0.11178 0.172409 0.282407 
0.122204 0.112726 0.193967 
0.179294 0.0833508 0.110124 
0.239247 0.0788538 0.0457414 
0.248308 0.0803155 0.0107905 
0.181311 0.072607 0.00888383 
0.0738961 0.0705639 0.0490387 
0.0220569 0.132215 0.159862 
0.137026 0.33578 0.382344 
0.473261 0.722606 0.733405 
0.97419 1.24387 1.16663 
1.47849 1.75784 1.57042 
1.79265 2.0907 1.81627 
1.78913 2.1245 1.82582 
1.4706 1.85467 1.60907 
0.964316 1.38352 1.25044 
0.457017 0.862048 0.859243 
0.114254 0.422462 0.520237 
0.0273426 0.139609 0.271848 
0.200648 0.0302946 0.115175 
0.562483 0.0706239 0.0363194 
0.981535 0.207548 0.0198461 
1.29444 0.363417 0.0464195 
1.36228 0.454317 0.089457 
1.14556 0.432329 0.128452 
0.743028 0.323538 0.171669 
0.341197 0.215739 0.256797 
0.0933112 0.189114 0.413141 
0.0230783 0.247395 0.616081 
0.0389264 0.319272 0.786945 
0.0410213 0.332014 0.850274 
0.0118782 0.281062 0.795207 
0.00509849 0.22322 0.67728 
0.0606621 0.206958 0.560414 
0.149639 0.221685 0.463593 
0.205094 0.219044 0.365808 
0.192386 0.17244 0.252024 
0.135806 0.102715 0.140197 
0.0823693 0.0479839 0.0619422 
0.0572969 0.0230654 0.0284506 
0.0600989 0.0155707 0.0237878 
0.0869787 0.0110711 0.0263435 
0.13591 0.00760632 0.0275055 
0.188824 0.00647753 0.0312883 
0.2083 0.00384401 0.0471435 
0.169139 0.000131849 0.0865703 
0.0919886 0.00843842 0.154024 
0.0339075 0.0392881 0.227612 
0.0411449 0.0783197 0.255341 
0.11739 0.0969532 0.19561 
0.241721 0.0991244 0.08029 
0.407398 0.150333 0.029946 
0.626837 0.338222 0.178845 
0.8934 0.687664 0.561431 
1.14956 1.11484 1.06883 
1.30867 1.47519 1.52658 
1.31584 1.66523 1.82401 
1.1873 1.68298 1.9728 
0.990936 1.59772 2.04703 
0.792698 1.47284 2.07962 
0.622421 1.32306 2.02623 
0.481445 1.13653 1.82577 
0.368307 0.919948 1.48301 
0.2906 0.712264 1.08525 
0.258966 0.55976 0.74364 
0.280075 0.488494 0.525177 
0.355983 0.50094 0.435736 
0.480067 0.586495 0.450068 
0.624272 0.721784 0.540634 
0.732511 0.859512 0.675056 
0.73934 0.928916 0.798369 
0.610692 0.864453 0.835877 
0.378718 0.650697 0.730107 
0.14279 0.352005 0.489592 
0.0311794 0.101107 0.210481 
0.140724 0.0431286 0.0438903 
0.482154 0.257133 0.114979 
0.959295 0.697167 0.437382 
1.40129 1.19601 0.883632 
1.64157 1.54398 1.24536 
1.60269 1.60202 1.35349 
1.33222 1.37469 1.17668 
0.964002 0.991745 0.826653 
0.633798 0.615529 0.470992 
0.41011 0.346252 0.225224 
0.282325 0.190239 0.104476 
0.200195 0.0991322 0.05743 
0.125464 0.0341 0.0380154 
0.0585727 0.000432642 0.0493238 
0.0274636 0.0306681 0.127854 
0.0511936 0.136934 0.289285 
0.108642 0.277092 0.488358 
0.144589 0.371273 0.634849 
0.120622 0.366761 0.66191 
0.0732141 0.301456 0.593075 
0.115862 0.30048 0.542326 
0.35747 0.485767 0.629499 
0.790029 0.859558 0.870741 
1.24818 1.26478 1.14041 
1.49757 1.47434 1.2508 
1.39603 1.35068 1.0941 
0.998061 0.947943 0.729832 
0.514356 0.472214 0.343496 
0.16151 0.134414 0.111144 
0.0254974 0.0165286 0.0819847 
0.0401738 0.0498666 0.167992 
