1.2203 1.5474 1.68471 
0.731257 0.98706 1.20162 
0.232149 0.346004 0.535753 
0.0187956 0.0113813 0.0905593 
0.179442 0.15896 0.106769 
0.574077 0.681168 0.545126 
1.02876 1.37151 1.23381 
1.50374 2.12423 2.06699 
2.03448 2.91232 3.00329 
2.53281 3.60137 3.89006 
2.72805 3.88473 4.38998 
2.37766 3.49436 4.18498 
1.54521 2.49314 3.28244 
0.628586 1.31234 2.07948 
0.0744298 0.452083 1.07865 
0.0512683 0.127473 0.527105 
0.388249 0.194924 0.326911 
0.791505 0.381397 0.255673 
1.0779 0.534622 0.21417 
1.2123 0.652785 0.245436 
1.1999 0.746096 0.37475 
1.02804 0.756472 0.513859 
0.724924 0.630752 0.544433 
0.40933 0.41623 0.448996 
0.214233 0.228126 0.316482 
0.157634 0.13171 0.2398 
0.135755 0.107949 0.263764 
0.07208 0.151805 0.440769 
0.0440979 0.350666 0.863728 
0.211686 0.79437 1.55641 
0.607608 1.3966 2.32244 
1.03632 1.86595 2.78433 
1.223 1.92322 2.66492 
1.0722 1.56734 2.05875 
0.766752 1.10384 1.39265 
0.608761 0.890394 1.08001 
0.77039 1.05008 1.19865 
1.18593 1.42036 1.4939 
1.64279 1.74463 1.66601 
1.94484 1.88657 1.63334 
2.01501 1.88703 1.54566 
1.91612 1.88624 1.61073 
1.82655 2.03755 1.94803 
1.96706 2.45872 2.56764 
2.45812 3.16776 3.39157 
3.17232 3.99312 4.22932 
3.73285 4.56876 4.76606 
3.73656 4.51864 4.6884 
3.06493 3.74675 3.92744 
2.00962 2.5754 2.80054 
1.0689 1.55243 1.85014 
0.574554 1.05081 1.45336 
0.480577 1.009 1.53568 
0.495623 1.05169 1.66617 
0.416427 0.878537 1.46394 
0.344052 0.56212 0.951145 
0.592212 0.490096 0.539054 
1.37578 1.0081 0.66657 
2.5435 2.06791 1.40368 
3.58119 3.17376 2.34626 
3.91997 3.69239 2.89105 
3.35463 3.31534 2.68677 
2.2474 2.31508 1.90792 
1.29941 1.3537 1.11099 
1.01796 0.960504 0.768253 
1.32259 1.11912 0.881998 
1.66133 1.34803 1.04331 
1.53942 1.20028 0.882668 
0.953262 0.689023 0.45742 
0.325881 0.227032 0.181057 
0.0595012 0.180657 0.382407 
0.185753 0.519892 0.964233 
0.428085 0.894248 1.49559 
0.530232 0.992391 1.60252 
0.476103 0.792283 1.25175 
0.422613 0.499962 0.701175 
0.492633 0.31924 0.247217 
0.666979 0.306537 0.0353909 
0.844983 0.400155 0.0488465 
0.960587 0.523666 0.196046 
1.02932 0.642858 0.383778 
1.11192 0.757373 0.54593 
1.25937 0.877959 0.655944 
1.48685 1.02002 0.732968 
1.7704 1.19786 0.823235 
2.04566 1.40239 0.954582 
2.21581 1.58071 1.09968 
2.18961 1.65192 1.18736 
1.94004 1.5612 1.15913 
1.53557 1.32848 1.02291 
1.10705 1.04441 0.854998 
0.772963 0.814036 0.747007 
0.587258 0.696735 0.741998 
0.546355 0.689179 0.809923 
0.627271 0.751134 0.875933 
0.803097 0.838053 0.874034 
1.02422 0.914074 0.787631 
1.20643 0.951999 0.656313 
1.26189 0.936836 0.549736 
1.15185 0.869508 0.521076 
0.907005 0.756172 0.56241 
0.598504 0.591685 0.595884 
0.303798 0.37055 0.525556 
0.111185 0.13461 0.327378 
0.139063 0.00644248 0.10126 
0.502338 0.141283 0.0182602 
1.21312 0.604572 0.18648 
2.10134 1.27798 0.549324 
2.85699 1.89631 0.914301 
3.19143 2.20313 1.09157 
2.99975 2.10227 1.02105 
2.40362 1.69122 0.788225 
1.66056 1.17376 0.539169 
1.02455 0.73971 0.382938 
0.649314 0.494641 0.352031 
0.565206 0.455663 0.42242 
0.707161 0.581196 0.552525 
0.963371 0.803898 0.709041 
1.22831 1.05929 0.876464 
1.44657 1.31014 1.05997 
1.62246 1.55271 1.27934 
1.77619 1.78552 1.53938 
1.8732 1.95471 1.78256 
1.80366 1.93883 1.87455 
1.467 1.6279 1.67693 
0.905667 1.05398 1.17974 
0.342482 0.437003 0.568212 
0.0396304 0.0555245 0.121412 
0.0836365 0.0300209 0.00279015 
0.306852 0.225276 0.136698 
0.438195 0.37983 0.296885 
0.34529 0.342523 0.319663 
0.138523 0.189524 0.231998 
0.0514502 0.124881 0.186555 
0.227388 0.281703 0.294875 
0.608732 0.61425 0.528385 
1.00607 0.957679 0.760536 
1.26294 1.17687 0.885989 
1.3727 1.27254 0.908835 
1.46547 1.37286 0.943872 
1.69085 1.63192 1.1441 
2.0916 2.11135 1.60188 
2.55736 2.71919 2.27372 
2.88238 3.23899 2.96742 
2.88303 3.43341 3.41085 
2.50424 3.17273 3.3868 
1.85913 2.52268 2.87127 
1.17818 1.73198 2.08105 
0.687183 1.10507 1.37069 
0.483752 0.829087 1.02626 
0.503682 0.881036 1.10452 
0.610027 1.09298 1.4453 
0.726957 1.3143 1.83474 
0.888405 1.51572 2.1592 
1.15356 1.74227 2.41427 
1.48327 1.98421 2.59587 
1.7177 2.12062 2.62215 
1.69093 2.0064 2.38534 
1.37543 1.61627 1.87969 
0.919218 1.09965 1.26534 
0.541831 0.688255 0.790602 
0.380372 0.533794 0.62768 
0.409608 0.608266 0.752734 
0.489296 0.741399 0.965491 
0.489696 0.760075 1.03675 
0.391686 0.619079 0.874595 
0.285528 0.422731 0.58241 
0.278425 0.326251 0.364862 
0.396527 0.405174 0.36335 
0.565576 0.603412 0.559569 
0.676841 0.792463 0.816186 
0.669037 0.873621 0.996262 
0.5573 0.832729 1.0485 
0.403956 0.722257 1.00608 
0.273987 0.612154 0.935072 
0.207524 0.551962 0.887073 
0.209411 0.551113 0.872876 
0.250439 0.574294 0.854838 
0.2861 0.562703 0.77003 
0.288554 0.480586 0.586932 
0.263793 0.348899 0.350768 
0.233757 0.225391 0.158597 
0.205269 0.147354 0.0737858 
0.16694 0.102231 0.0690176 
0.117537 0.060076 0.0662547 
0.0826224 0.023294 0.0302244 
0.088577 0.0259443 0.00484296 
0.123095 0.0813202 0.0489645 
0.137676 0.147293 0.150396 
0.0993162 0.160681 0.224448 
0.0334521 0.105442 0.201786 
0.00297056 0.0335105 0.103883 
0.0411726 0.0104925 0.0198603 
0.113958 0.0471477 0.0136957 
0.157028 0.0942867 0.0668173 
0.148685 0.103545 0.112498 
0.137552 0.0813193 0.111353 
0.196987 0.078015 0.0817263 
0.360669 0.135998 0.0669516 
0.605784 0.261407 0.0953846 
0.882022 0.438435 0.176237 
1.13227 0.643074 0.308837 
1.28502 0.827349 0.468682 
1.26208 0.910604 0.589157 
1.03341 0.824431 0.589666 
0.670342 0.583479 0.446393 
0.320096 0.298769 0.231405 
0.107052 0.10305 0.0657673 
0.0570589 0.0586124 0.0274606 
0.113507 0.134126 0.103589 
0.203298 0.251666 0.220218 
0.26956 0.33757 0.302639 
0.264775 0.34141 0.311036 
0.167353 0.248627 0.24604 
0.0354672 0.10406 0.143188 
0.0174198 0.00860012 0.0563961 
0.252962 0.0538713 0.0239156 
0.730645 0.237402 0.0390133 
1.24755 0.447629 0.0611277 
1.53364 0.547489 0.0639053 
1.44093 0.481956 0.0685002 
1.03763 0.310656 0.120681 
0.542309 0.145173 0.232404 
0.171895 0.0596187 0.350824 
0.0259887 0.0536906 0.393335 
0.0716359 0.0851565 0.322375 
0.205369 0.124607 0.190973 
0.328188 0.176007 0.109349 
0.387811 0.251672 0.153384 
0.384297 0.341365 0.298153 
0.35683 0.418094 0.445641 
0.36008 0.472632 0.522148 
0.427382 0.52517 0.54083 
0.534442 0.588521 0.560013 
0.602716 0.629366 0.592545 
0.563427 0.59355 0.585949 
0.435296 0.483496 0.504821 
0.327656 0.39057 0.407834 
0.341085 0.418353 0.406657 
0.457244 0.568428 0.54553 
0.548126 0.731929 0.757432 
0.519574 0.823406 0.968867 
0.443997 0.913196 1.22763 
0.520643 1.18254 1.6688 
0.873323 1.70981 2.31431 
1.38152 2.30426 2.92362 
1.73104 2.59032 3.10292 
1.6588 2.30161 2.62058 
1.1709 1.52108 1.64136 
0.53912 0.643228 0.645428 
0.0960913 0.0944586 0.0919454 
