0.811587 0.966349 1.30958 
0.773443 1.19932 1.65132 
0.809603 1.40012 1.84473 
0.886259 1.50613 1.84912 
0.907788 1.44773 1.65704 
0.798793 1.1999 1.3011 
0.584876 0.830137 0.868441 
0.377412 0.474213 0.479407 
0.267237 0.241272 0.221413 
0.243127 0.140711 0.0978457 
0.229767 0.113 0.0556796 
0.201224 0.13242 0.0724152 
0.236784 0.265832 0.210075 
0.454671 0.620268 0.573202 
0.897746 1.23333 1.20644 
1.48718 2.01234 2.02323 
2.07133 2.7661 2.82009 
2.50192 3.28748 3.35857 
2.67548 3.42856 3.46379 
2.54628 3.14737 3.09791 
2.14182 2.52611 2.38139 
1.57205 1.74807 1.54542 
0.995668 1.02391 0.8287 
0.545294 0.499446 0.374976 
0.267652 0.206897 0.195095 
0.12809 0.0904646 0.207337 
0.0640162 0.0709538 0.307403 
0.030303 0.0897998 0.411964 
0.00828034 0.114352 0.468231 
0.000877444 0.134359 0.460056 
0.0371613 0.170668 0.420962 
0.166703 0.271729 0.422934 
0.414895 0.468785 0.518851 
0.726152 0.718669 0.679355 
0.968156 0.905985 0.798092 
1.02202 0.926874 0.778915 
0.87937 0.778447 0.622761 
0.644376 0.559792 0.42431 
0.446023 0.392715 0.293995 
0.373536 0.366566 0.309235 
0.502354 0.563352 0.543641 
0.928672 1.08069 1.0886 
1.69105 1.9432 1.96318 
2.61753 2.95206 2.96749 
3.30163 3.67472 3.67728 
3.3325 3.68799 3.68364 
2.6244 2.91063 2.9129 
1.53276 1.71401 1.72659 
0.618066 0.680065 0.684102 
0.253873 0.206813 0.167671 
0.411951 0.291305 0.183086 
0.769878 0.630263 0.458942 
0.995796 0.89453 0.699943 
0.957326 0.932966 0.76754 
0.727993 0.786439 0.687924 
0.45499 0.572482 0.550424 
0.236046 0.375604 0.416041 
0.0983511 0.226214 0.303083 
0.056973 0.1487 0.23011 
0.157132 0.195584 0.245803 
0.435118 0.410472 0.397094 
0.836737 0.753342 0.662873 
1.19833 1.08148 0.933011 
1.33958 1.23107 1.07335 
1.1934 1.13324 1.02183 
0.849505 0.854864 0.822869 
0.475499 0.532309 0.574911 
0.198893 0.27284 0.355607 
0.052792 0.110952 0.193522 
0.0042328 0.030832 0.0870854 
0.00932265 0.00616166 0.0288101 
0.0445045 0.0215068 0.0155204 
0.108794 0.077003 0.0545047 
0.211289 0.182218 0.162621 
0.350422 0.333426 0.339079 
0.494638 0.485697 0.525224 
0.589292 0.560739 0.610862 
0.603041 0.5131 0.521792 
0.58015 0.406127 0.32519 
0.635201 0.406594 0.231599 
0.867041 0.666743 0.450372 
1.25586 1.18292 1.01029 
1.64725 1.76901 1.71711 
1.8575 2.18538 2.29709 
1.812 2.30831 2.58835 
1.58595 2.18132 2.59903 
1.31395 1.9175 2.4057 
1.07159 1.57983 2.04097 
0.854471 1.17478 1.50881 
0.662738 0.747658 0.892149 
0.581647 0.447744 0.398843 
0.76226 0.474359 0.26974 
1.31962 0.95348 0.635129 
2.24067 1.85622 1.4492 
3.36475 3.00514 2.52676 
4.43012 4.13116 3.61018 
5.15346 4.94114 4.42003 
5.32164 5.19795 4.71703 
4.87512 4.81292 4.39784 
3.94326 3.90221 3.56856 
2.79681 2.74666 2.50989 
1.73226 1.65925 1.52956 
0.955023 0.847191 0.808713 
0.528955 0.362917 0.361327 
0.4019 0.15576 0.118295 
0.458581 0.145328 0.0273158 
0.555342 0.239353 0.0595225 
0.550766 0.315618 0.142856 
0.37692 0.260681 0.155657 
0.132107 0.0916024 0.0543594 
0.0818548 0.0345908 0.0132409 
0.481426 0.400858 0.361999 
1.31607 1.29178 1.28772 
2.20757 2.40073 2.56172 
2.63794 3.15659 3.60289 
2.33853 3.13549 3.88027 
1.5019 2.3801 3.30313 
0.623644 1.33944 2.2479 
0.127487 0.507665 1.23131 
0.106365 0.103324 0.559103 
0.359521 0.0337836 0.234271 
0.619414 0.08769 0.10831 
0.738976 0.125707 0.0579249 
0.718856 0.125102 0.0365617 
0.624721 0.114162 0.0304397 
0.506981 0.107661 0.0225702 
0.381746 0.0997288 0.00534216 
0.256681 0.0922757 0.0058574 
0.155849 0.114144 0.083264 
0.115363 0.210749 0.297308 
0.157962 0.415595 0.67362 
0.276715 0.728688 1.18759 
0.445408 1.11615 1.77098 
0.639072 1.52175 2.329 
0.835528 1.87182 2.75334 
0.997606 2.07546 2.93257 
1.0683 2.04466 2.78015 
0.999919 1.74527 2.28842 
0.795323 1.24655 1.57658 
0.522563 0.718578 0.878138 
0.292807 0.364173 0.447859 
0.2199 0.324496 0.434911 
0.373125 0.611064 0.80163 
0.725251 1.09133 1.33757 
1.12556 1.53356 1.76012 
1.35356 1.70787 1.85116 
1.25855 1.51156 1.56403 
0.884165 1.04 1.04075 
0.44762 0.528728 0.518966 
0.168072 0.189721 0.181501 
0.100884 0.0747776 0.0586567 
0.139515 0.0880341 0.0600643 
0.168158 0.123623 0.0980069 
0.187736 0.177628 0.17752 
0.283759 0.322549 0.368621 
0.495689 0.591818 0.703311 
0.750637 0.914458 1.11399 
0.928951 1.16719 1.47422 
0.97244 1.27553 1.69121 
0.917197 1.257 1.75758 
0.83795 1.17965 1.72594 
0.779628 1.09376 1.64483 
0.735004 0.998489 1.51566 
0.665834 0.857996 1.30184 
0.542902 0.648694 0.981453 
0.386845 0.405535 0.602503 
0.280762 0.225857 0.28447 
0.320727 0.20513 0.141764 
0.522738 0.343068 0.182181 
0.775752 0.515505 0.283619 
0.913814 0.56735 0.29562 
0.859589 0.456489 0.182774 
0.698079 0.304056 0.0654011 
0.596466 0.286161 0.104989 
0.643606 0.463696 0.340011 
0.767695 0.715517 0.632357 
0.811758 0.841305 0.777411 
0.691975 0.738804 0.675827 
0.489978 0.4963 0.414899 
0.397118 0.3243 0.196732 
0.560871 0.390346 0.182799 
0.961594 0.69316 0.382596 
1.41473 1.06773 0.662869 
1.6895 1.30409 0.85284 
1.65185 1.2842 0.858209 
1.33615 1.04597 0.710812 
0.910565 0.745784 0.536913 
0.565894 0.551061 0.470759 
0.395763 0.526732 0.559152 
0.346637 0.589463 0.715464 
0.285954 0.57811 0.773735 
0.14711 0.40454 0.626811 
0.0151653 0.152492 0.335046 
0.0406859 0.00548467 0.0826751 
0.245941 0.0517156 0.00129604 
0.444845 0.175854 0.0434518 
0.414148 0.186151 0.0608954 
0.165455 0.0589312 0.0103862 
0.00288758 0.0133106 0.0387126 
0.250378 0.294284 0.321464 
0.907078 0.881859 0.826595 
1.60037 1.45349 1.28342 
1.89922 1.65645 1.41071 
1.66981 1.40705 1.16199 
1.13366 0.921038 0.736173 
0.624354 0.48689 0.3745 
0.326154 0.243975 0.177985 
0.220278 0.157105 0.104068 
0.202392 0.134437 0.0790736 
0.197967 0.125374 0.0769273 
0.187201 0.129797 0.113897 
0.178134 0.165406 0.211792 
0.182919 0.24211 0.372112 
0.20561 0.347021 0.560334 
0.23976 0.445439 0.711526 
0.284843 0.51484 0.780899 
0.36459 0.585017 0.804209 
0.504976 0.717312 0.87969 
0.676371 0.916788 1.0547 
0.776916 1.07845 1.23668 
0.710063 1.05941 1.254 
0.489384 0.820653 1.02324 
0.246136 0.480513 0.640934 
0.116075 0.212985 0.297355 
0.12366 0.100794 0.111809 
0.183097 0.0952443 0.0639014 
0.198901 0.101087 0.0651468 
0.148436 0.0732943 0.0616314 
0.0743635 0.0313131 0.0587214 
0.0243093 0.00859828 0.0749446 
0.0119143 0.0120767 0.102893 
0.0221307 0.0253504 0.11748 
0.0330742 0.031792 0.105222 
0.0303219 0.027209 0.0755312 
0.0144295 0.0183756 0.0479712 
0.0047259 0.0172105 0.0347278 
0.0306694 0.0342408 0.034419 
0.107357 0.0708928 0.0384433 
0.213189 0.114927 0.0412423 
0.294916 0.145148 0.0446384 
0.30325 0.144346 0.0527722 
0.231549 0.111226 0.0638376 
0.123283 0.0618713 0.0685196 
0.0402232 0.0194835 0.0579204 
0.0184857 0.000642795 0.0334525 
0.0494032 0.00855948 0.00892554 
0.0968189 0.036056 0.00196735 
0.128059 0.0711536 0.0203519 
0.128883 0.0984214 0.0530683 
0.0986252 0.100281 0.0749339 
0.0469252 0.0681258 0.065786 
