1.25047 0.390446 0.161674 
0.675934 0.111946 0.226216 
0.260779 0.00893442 0.451395 
0.0645381 0.0976841 0.807303 
0.0790951 0.332126 1.2091 
0.236097 0.618932 1.54015 
0.439608 0.855875 1.69645 
0.608038 0.975934 1.63319 
0.7046 0.974855 1.38937 
0.742138 0.907455 1.07499 
0.762443 0.854153 0.823192 
0.803596 0.875208 0.728823 
0.874245 0.976909 0.803429 
0.948461 1.10778 0.970229 
0.982727 1.18699 1.10311 
0.944589 1.15029 1.09142 
0.836725 0.989215 0.898663 
0.703052 0.762786 0.585327 
0.612881 0.574535 0.283879 
0.630163 0.525448 0.13784 
0.782438 0.665986 0.235344 
1.04462 0.971376 0.570569 
1.34623 1.35325 1.05233 
1.59974 1.70264 1.55493 
1.73762 1.94346 1.98471 
1.74116 2.06982 2.3275 
1.64749 2.14826 2.65214 
1.53149 2.28295 3.06785 
1.47089 2.56059 3.65668 
1.51071 3.00121 4.41521 
1.64323 3.53883 5.23525 
1.81182 4.04108 5.93433 
1.93588 4.35892 6.32267 
1.94475 4.38374 6.27634 
1.8054 4.08697 5.78404 
1.53297 3.52658 4.94816 
1.182 2.82105 3.94285 
0.824846 2.10564 2.9512 
0.528418 1.49196 2.11111 
0.338531 1.04679 1.49143 
0.275318 0.793462 1.102 
0.336605 0.726969 0.922967 
0.503188 0.828518 0.931266 
0.741752 1.06971 1.1079 
1.006 1.40679 1.42557 
1.24022 1.77454 1.83041 
1.38916 2.09071 2.23597 
1.41328 2.2748 2.53933 
1.30319 2.27432 2.65392 
1.08494 2.08474 2.54208 
0.811491 1.75145 2.22923 
0.54312 1.35151 1.79195 
0.325862 0.964227 1.32643 
0.178394 0.645147 0.913818 
0.0929247 0.414921 0.598393 
0.0478722 0.265592 0.386023 
0.0241646 0.177409 0.258631 
0.0161941 0.13525 0.193623 
0.0326728 0.13626 0.177419 
0.0887256 0.186837 0.208149 
0.194826 0.293236 0.289541 
0.348689 0.45247 0.422108 
0.533561 0.64859 0.597493 
0.722727 0.855648 0.798647 
0.887463 1.04516 1.0048 
1.00499 1.19429 1.19796 
1.06378 1.29133 1.36743 
1.06486 1.33661 1.51033 
1.01921 1.33892 1.62797 
0.942449 1.30932 1.7202 
0.84882 1.25512 1.78081 
0.746965 1.17722 1.79706 
0.639356 1.07229 1.75495 
0.525569 0.939157 1.64863 
0.407501 0.785759 1.48931 
0.293075 0.632062 1.30796 
0.195453 0.505438 1.14795 
0.127369 0.429375 1.04871 
0.093819 0.411123 1.02782 
0.0886058 0.436309 1.07143 
0.0989353 0.475999 1.1402 
0.117304 0.504619 1.19005 
0.153847 0.51915 1.19692 
0.239409 0.546683 1.17109 
0.413084 0.632114 1.15031 
0.697134 0.809339 1.17358 
1.07211 1.07116 1.2503 
1.46872 1.3573 1.34437 
1.7865 1.57215 1.38605 
1.93469 1.62719 1.30794 
1.87629 1.48709 1.08557 
1.65123 1.19367 0.758389 
1.36353 0.852377 0.417181 
1.13642 0.586202 0.16295 
1.0573 0.480794 0.0598047 
1.14063 0.549318 0.107765 
1.32714 0.734426 0.249692 
1.51783 0.943595 0.406496 
1.62269 1.0963 0.519135 
1.59829 1.15727 0.573905 
1.45703 1.14071 0.599298 
1.24844 1.08853 0.640113 
1.02763 1.03941 0.72643 
0.830109 1.00752 0.855256 
0.66484 0.980702 0.992674 
0.524269 0.934733 1.09181 
0.400728 0.851866 1.11454 
0.29733 0.732026 1.04584 
0.227678 0.592087 0.896238 
0.206931 0.45658 0.69486 
0.24153 0.34699 0.47883 
0.32407 0.275391 0.283793 
0.435229 0.24372 0.137434 
0.550214 0.24642 0.0556745 
0.64552 0.273353 0.0408058 
0.703151 0.311479 0.0815976 
0.712107 0.345924 0.155918 
0.668592 0.361885 0.236082 
0.576399 0.348077 0.296074 
0.447524 0.300863 0.31875 
0.301863 0.22701 0.300594 
0.164536 0.14308 0.252048 
0.0604666 0.0707737 0.192827 
0.00751101 0.0296148 0.143772 
0.0107755 0.0300323 0.118748 
0.0608823 0.0701713 0.120557 
0.137473 0.138108 0.142934 
0.216775 0.218199 0.17707 
0.279865 0.297772 0.217974 
0.31778 0.370129 0.265845 
0.331347 0.432329 0.321211 
0.326668 0.480076 0.377649 
0.309656 0.504414 0.418624 
0.283191 0.493833 0.422805 
0.248142 0.441284 0.376072 
0.206511 0.351413 0.282729 
0.163376 0.242259 0.167667 
0.125526 0.139045 0.0665369 
0.0976228 0.0630833 0.00893743 
0.0790512 0.0225206 0.00454636 
0.0644058 0.0106589 0.0404183 
0.047878 0.0126721 0.0904792 
0.0286951 0.0160627 0.13067 
0.0136622 0.0180906 0.150369 
0.0146463 0.0258877 0.154154 
0.0422195 0.0500226 0.154686 
0.0992011 0.0962659 0.162671 
0.177827 0.160744 0.18036 
0.261935 0.230821 0.201484 
0.332661 0.290337 0.216041 
0.374586 0.325753 0.216054 
0.379711 0.330188 0.199117 
0.348369 0.304327 0.168803 
0.287831 0.254989 0.132916 
0.210018 0.192877 0.10105 
0.129366 0.130546 0.0824057 
0.0609895 0.0808292 0.0841783 
0.0187008 0.0553612 0.110543 
0.0123998 0.0627389 0.162162 
0.044968 0.106244 0.236068 
0.10973 0.181675 0.325692 
0.190182 0.276478 0.421033 
0.263413 0.371447 0.509405 
0.307157 0.445507 0.577361 
0.308327 0.482462 0.613923 
0.269267 0.477077 0.614217 
0.208284 0.437469 0.581756 
0.15338 0.382214 0.52787 
0.131544 0.333149 0.468058 
0.15835 0.307102 0.416706 
0.232579 0.310298 0.38248 
0.337944 0.337662 0.366295 
0.450491 0.3767 0.362405 
0.547768 0.41361 0.361835 
0.615661 0.438688 0.356545 
0.650526 0.448981 0.342723 
0.656748 0.447556 0.321997 
0.641722 0.440151 0.300067 
0.610966 0.430871 0.283215 
0.565703 0.418981 0.274205 
0.504039 0.398575 0.269742 
0.425179 0.361786 0.261203 
0.334502 0.304373 0.238762 
0.246416 0.230905 0.196993 
0.182631 0.156481 0.139019 
0.165792 0.103499 0.0769808 
0.21121 0.0947519 0.0288239 
0.320917 0.14619 0.0133426 
0.483119 0.262607 0.0458392 
0.67691 0.437265 0.135323 
0.878796 0.653793 0.282399 
1.06679 0.887795 0.476631 
1.22024 1.10727 0.693804 
1.31754 1.27385 0.895877 
1.33641 1.34823 1.037 
1.26002 1.3013 1.07653 
1.08759 1.12781 0.995148 
0.843124 0.855492 0.806555 
0.574997 0.542559 0.557341 
0.343007 0.26125 0.312697 
0.197052 0.0730486 0.133079 
0.157433 0.00650611 0.0522266 
0.207167 0.0483793 0.066748 
0.30071 0.152339 0.141714 
0.384762 0.260564 0.228573 
0.42045 0.327335 0.286006 
0.396145 0.333731 0.29406 
0.3261 0.288283 0.256552 
0.238026 0.216083 0.193265 
0.157871 0.143947 0.127806 
0.0998098 0.0893426 0.0775387 
0.0649022 0.0569977 0.0491956 
0.0464966 0.0423324 0.0402127 
0.0375529 0.0379932 0.0434676 
0.0355906 0.0396603 0.0527012 
0.0436053 0.0489953 0.0666945 
0.0678347 0.0734389 0.0911784 
0.114348 0.12358 0.137955 
0.186134 0.209059 0.22102 
0.281513 0.333958 0.350106 
0.394 0.492784 0.523174 
0.513304 0.668323 0.720621 
0.626956 0.83268 0.904637 
0.722127 0.952361 1.02637 
0.787541 0.997284 1.04109 
0.815757 0.951941 0.927449 
0.805952 0.824991 0.703188 
0.766321 0.652379 0.428289 
0.714121 0.489962 0.189892 
0.67149 0.395637 0.0714449 
0.657188 0.406704 0.117804 
0.67758 0.522655 0.313127 
0.722015 0.703041 0.584716 
0.766279 0.883403 0.83381 
0.783304 1.00259 0.979597 
0.755562 1.0278 0.99431 
0.682221 0.964424 0.911083 
0.577425 0.846533 0.800927 
0.461806 0.714962 0.732317 
0.35331 0.596624 0.735992 
0.262774 0.496462 0.793306 
0.195192 0.404246 0.851856 
0.15314 0.308949 0.856739 
0.138024 0.209964 0.778773 
0.147989 0.118538 0.625632 
0.175396 0.0506046 0.43358 
0.207821 0.0176451 0.248144 
0.233509 0.0218596 0.105652 
0.247705 0.0572112 0.0235795 
0.254511 0.113285 0.000712311 
0.261868 0.178037 0.0231513 
