2.25556 2.73558 2.60209 
1.47658 1.86284 1.84941 
1.01765 1.25546 1.28121 
0.834608 0.949133 0.971636 
0.850774 0.908903 0.911001 
1.06852 1.11343 1.06649 
1.5252 1.53504 1.38152 
2.13595 2.03915 1.72054 
2.61705 2.34967 1.85937 
2.63759 2.1936 1.60155 
2.12135 1.5545 0.96673 
1.42839 0.806828 0.279403 
1.1948 0.54873 0.0227601 
1.88888 1.19461 0.511989 
3.4114 2.62278 1.62331 
5.07363 4.1744 2.81161 
6.00308 5.04096 3.43767 
5.68968 4.76961 3.17613 
4.28053 3.52254 2.20506 
2.43824 1.92513 1.05218 
0.907764 0.651254 0.239884 
0.116745 0.0608366 0.00351929 
0.0495095 0.111496 0.258648 
0.400432 0.529232 0.775738 
0.833931 1.05191 1.37937 
1.16612 1.56542 2.02062 
1.3923 2.08119 2.70939 
1.60124 2.62677 3.40383 
1.86728 3.15682 3.96262 
2.19147 3.54728 4.19632 
2.51043 3.66309 3.97509 
2.74329 3.44053 3.31442 
2.83191 2.92363 2.38089 
2.75033 2.23581 1.41725 
2.49467 1.51792 0.63956 
2.07935 0.880808 0.169027 
1.54805 0.394389 0.024393 
0.982899 0.0972229 0.15292 
0.490371 1.65525e-05 0.463488 
0.162291 0.0759949 0.845828 
0.0309673 0.25246 1.18327 
0.0460644 0.420618 1.36939 
0.0974372 0.47266 1.33235 
0.0917758 0.365597 1.07025 
0.0520115 0.190996 0.694676 
0.161615 0.195437 0.450285 
0.676144 0.686948 0.651027 
1.71453 1.82792 1.5077 
3.07357 3.435 2.92713 
4.24819 4.96695 4.44897 
4.70358 5.77897 5.43349 
4.22225 5.5044 5.42151 
3.05169 4.28552 4.41819 
1.72737 2.67096 2.88197 
0.71946 1.26337 1.42818 
0.189863 0.394386 0.479121 
0.0187347 0.0471215 0.106766 
0.00738215 0.0118436 0.123773 
0.0424643 0.0868731 0.283094 
0.107541 0.167883 0.416842 
0.20425 0.222271 0.460614 
0.302645 0.239273 0.417707 
0.357728 0.214475 0.32551 
0.343467 0.156855 0.237536 
0.263072 0.0914564 0.210178 
0.14592 0.0567329 0.291513 
0.046437 0.0989662 0.509567 
0.0260783 0.247904 0.847786 
0.104892 0.472717 1.21401 
0.224386 0.665041 1.44856 
0.281878 0.698953 1.4088 
0.224939 0.5387 1.08614 
0.11098 0.288611 0.643184 
0.0576504 0.116679 0.309103 
0.126875 0.113316 0.211093 
0.262685 0.222461 0.294857 
0.34631 0.30943 0.402135 
0.307424 0.289302 0.418306 
0.179395 0.188513 0.347909 
0.055311 0.0960329 0.269136 
0.00170501 0.0724897 0.241215 
0.0138528 0.107844 0.260843 
0.0410845 0.150368 0.288469 
0.0433045 0.160694 0.295036 
0.0220016 0.138076 0.281246 
0.00409115 0.107234 0.266585 
0.00619471 0.0924484 0.273342 
0.0246961 0.108903 0.321426 
0.0634281 0.172814 0.426129 
0.157481 0.302415 0.582983 
0.343785 0.488539 0.742892 
0.592707 0.660177 0.810259 
0.783337 0.703453 0.697509 
0.78131 0.551709 0.416176 
0.564493 0.273 0.118816 
0.266088 0.0490129 0.0159415 
0.0734086 0.0339679 0.206229 
0.0725846 0.218042 0.571375 
0.191329 0.435766 0.855405 
0.287673 0.517065 0.87296 
0.281704 0.429725 0.652501 
0.199983 0.277386 0.381404 
0.114436 0.176609 0.2224 
0.0653484 0.154284 0.190996 
0.0458576 0.158174 0.195273 
0.0356389 0.137076 0.159336 
0.0259027 0.0892065 0.0877122 
0.0153183 0.0447203 0.0293434 
0.00472804 0.0327321 0.0196222 
0.00963837 0.0797902 0.0755142 
0.0679369 0.221493 0.223798 
0.214292 0.482987 0.494267 
0.435049 0.831936 0.866507 
0.652106 1.16015 1.2361 
0.76377 1.3335 1.45884 
0.714633 1.27902 1.44657 
0.535309 1.03404 1.22707 
0.318362 0.713761 0.91284 
0.153154 0.428481 0.612425 
0.0761965 0.224525 0.369218 
0.074816 0.0940696 0.176823 
0.129684 0.0302083 0.0397025 
0.246244 0.0618721 0.00471284 
0.440956 0.228758 0.124452 
0.699241 0.522064 0.388535 
0.954749 0.855636 0.696791 
1.11891 1.10436 0.910502 
1.13789 1.18122 0.942778 
1.02646 1.08817 0.8122 
0.851924 0.902665 0.618964 
0.68731 0.719354 0.470889 
0.5739 0.597103 0.421288 
0.514729 0.544009 0.457318 
0.490469 0.535005 0.529726 
0.477093 0.536799 0.589569 
0.453942 0.522381 0.607605 
0.404638 0.474544 0.575661 
0.319121 0.387111 0.502033 
0.201689 0.269687 0.409182 
0.0806061 0.152283 0.331076 
0.00598078 0.0787771 0.301547 
0.0252429 0.0826382 0.331556 
0.145029 0.156568 0.389698 
0.310045 0.244034 0.410166 
0.426387 0.271951 0.337412 
0.42166 0.208059 0.181253 
0.297365 0.0962448 0.0337574 
0.13028 0.0343075 0.0212741 
0.0220299 0.107562 0.220039 
0.0382177 0.3311 0.600041 
0.180114 0.643703 1.04042 
0.397663 0.949342 1.3999 
0.622024 1.16719 1.58573 
0.794319 1.25756 1.57863 
0.882045 1.22079 1.41487 
0.882162 1.08311 1.15419 
0.809854 0.880279 0.856194 
0.679712 0.644935 0.570876 
0.498784 0.405579 0.340793 
0.284876 0.20013 0.208911 
0.0922477 0.086733 0.217456 
0.00508208 0.124263 0.382881 
0.0839938 0.321775 0.657396 
0.306229 0.601427 0.919719 
0.562187 0.825864 1.02982 
0.723609 0.884469 0.921999 
0.727329 0.76725 0.656498 
0.602541 0.558547 0.373491 
0.428071 0.360299 0.185458 
0.271732 0.222253 0.107177 
0.165319 0.138358 0.0820209 
0.115666 0.0901471 0.0611926 
0.116477 0.0741734 0.0450682 
0.145253 0.0877045 0.0535444 
0.16517 0.107788 0.0793156 
0.147962 0.103081 0.0885741 
0.0982371 0.0662876 0.0634882 
0.0478817 0.0227279 0.0259626 
0.0230597 0.0014251 0.0108501 
0.0209449 0.00470945 0.0247045 
0.0208384 0.012612 0.0422345 
0.0115048 0.0114807 0.0405005 
0.00103336 0.00785474 0.0241508 
0.00485551 0.0146352 0.0132218 
0.0365356 0.0359551 0.0169571 
0.113264 0.0734745 0.0303847 
0.255764 0.138537 0.0519763 
0.46347 0.240912 0.0892907 
0.685398 0.359521 0.139776 
0.830207 0.436114 0.175374 
0.824907 0.415123 0.161453 
0.673959 0.297111 0.0965346 
0.459532 0.148299 0.0263537 
0.278509 0.0497334 0.00915298 
0.174281 0.0328664 0.0634955 
0.123859 0.0628686 0.151574 
0.0830914 0.0816993 0.214853 
0.0381655 0.0644623 0.225595 
0.0139682 0.035026 0.204465 
0.0390512 0.0324674 0.191726 
0.108253 0.0676159 0.205542 
0.17972 0.112768 0.229343 
0.205947 0.130564 0.237028 
0.169099 0.111091 0.226854 
0.092935 0.0829927 0.228884 
0.0265414 0.091163 0.278712 
0.0141973 0.161376 0.381846 
0.0697242 0.278832 0.500121 
0.168221 0.394216 0.571721 
0.259769 0.452112 0.550076 
0.298458 0.42359 0.434244 
0.268621 0.322228 0.270087 
0.189862 0.192983 0.121608 
0.0993758 0.0830411 0.0327959 
0.0297656 0.0181487 0.00777779 
0.000343229 0.00100426 0.0221338 
0.0194093 0.0244255 0.0507906 
0.0817133 0.0779705 0.0840816 
0.159084 0.140823 0.119484 
0.204431 0.178692 0.14573 
0.183629 0.163067 0.144102 
0.114152 0.101427 0.108205 
0.067072 0.0436195 0.0574378 
0.11666 0.0474206 0.024309 
0.276479 0.130192 0.0265956 
0.481387 0.252755 0.0538691 
0.633942 0.351124 0.0814456 
0.67309 0.384658 0.0943204 
0.606038 0.356859 0.0956045 
0.484614 0.297306 0.0948864 
0.358468 0.230927 0.0939315 
0.248685 0.165211 0.0857632 
0.155024 0.100134 0.0651468 
0.0767212 0.0426651 0.0373948 
0.0220189 0.00901028 0.0177054 
0.000773351 0.0144345 0.0237221 
0.0124145 0.0618427 0.0672778 
0.0427999 0.138466 0.148526 
0.0728126 0.22213 0.254274 
0.0915509 0.292836 0.362745 
0.104241 0.342934 0.453831 
0.12872 0.379027 0.517507 
0.181603 0.41271 0.55222 
0.262871 0.44599 0.554719 
0.350716 0.464242 0.514156 
0.412458 0.445518 0.421363 
0.424753 0.380206 0.287161 
0.38774 0.283249 0.149096 
0.322545 0.186501 0.053269 
0.255984 0.117725 0.0232736 
0.206076 0.0856357 0.044721 
