1.07784 0.892555 0.850647 
0.663836 0.529302 0.527007 
0.361641 0.262639 0.265859 
0.260947 0.1573 0.11245 
0.387523 0.229018 0.0810233 
0.69887 0.443807 0.154783 
1.10202 0.732118 0.293876 
1.48518 1.01133 0.447524 
1.75119 1.20871 0.566657 
1.84261 1.27904 0.615146 
1.75271 1.21398 0.578969 
1.52186 1.04262 0.47211 
1.22214 0.823187 0.336322 
0.93486 0.626743 0.231601 
0.727158 0.515739 0.217217 
0.634211 0.523668 0.328737 
0.652703 0.64361 0.560969 
0.747314 0.83126 0.866061 
0.866626 1.02178 1.16923 
0.960863 1.15306 1.3954 
0.994293 1.1853 1.49444 
0.949844 1.11001 1.45436 
0.828891 0.948079 1.29956 
0.650549 0.741451 1.07862 
0.451054 0.542684 0.849157 
0.278668 0.403188 0.664259 
0.179252 0.358884 0.560881 
0.174635 0.415018 0.549864 
0.245564 0.537645 0.610505 
0.334231 0.661456 0.695477 
0.372108 0.716944 0.749315 
0.321013 0.666566 0.735072 
0.20175 0.529142 0.655174 
0.0876935 0.374162 0.552071 
0.061915 0.284676 0.48494 
0.162497 0.308719 0.494528 
0.352443 0.429543 0.577745 
0.536976 0.574744 0.688745 
0.619482 0.659313 0.766157 
0.559737 0.634752 0.768624 
0.395134 0.512618 0.695847 
0.211077 0.349414 0.583518 
0.0827793 0.207345 0.479563 
0.031038 0.121474 0.421236 
0.0234874 0.096215 0.428844 
0.0180418 0.128962 0.515649 
0.0125141 0.235606 0.698427 
0.0586964 0.450389 0.992109 
0.225621 0.793532 1.38649 
0.536271 1.22878 1.82184 
0.925315 1.64683 2.18777 
1.25441 1.89743 2.35753 
1.38301 1.8604 2.24615 
1.25312 1.51633 1.86055 
0.933943 0.972568 1.31 
0.595421 0.42443 0.76592 
0.423633 0.0693329 0.389776 
0.526005 0.019385 0.266472 
0.879427 0.258153 0.377367 
1.34737 0.66098 0.62384 
1.75195 1.06276 0.884278 
1.95849 1.33385 1.07132 
1.92832 1.42574 1.16022 
1.71851 1.36961 1.17901 
1.43746 1.23797 1.17314 
1.18638 1.09682 1.16928 
1.0179 0.975063 1.15928 
0.927956 0.863301 1.11028 
0.877193 0.735776 0.991266 
0.823621 0.577667 0.797688 
0.746627 0.400138 0.55926 
0.651386 0.235602 0.327276 
0.556073 0.118531 0.150113 
0.474016 0.0653433 0.0516886 
0.404125 0.0661995 0.0246052 
0.335507 0.0930139 0.0400443 
0.261445 0.117387 0.0665028 
0.19089 0.126277 0.08536 
0.147355 0.125734 0.0951589 
0.154437 0.131894 0.105096 
0.217749 0.157311 0.125192 
0.316855 0.203205 0.161134 
0.414627 0.262597 0.216039 
0.479113 0.330242 0.294559 
0.503499 0.409712 0.402631 
0.510225 0.510588 0.540655 
0.535783 0.637162 0.695011 
0.605831 0.777583 0.836237 
0.716544 0.90276 0.928296 
0.833589 0.977252 0.944879 
0.908522 0.975557 0.882477 
0.902418 0.893759 0.761516 
0.804448 0.750661 0.615203 
0.638451 0.580374 0.474413 
0.457534 0.422801 0.358686 
0.330114 0.316482 0.277166 
0.320219 0.292617 0.234465 
0.46453 0.366532 0.232971 
0.751765 0.526693 0.268006 
1.11468 0.728413 0.321051 
1.4448 0.901915 0.360558 
1.63063 0.977589 0.354911 
1.60513 0.918379 0.291283 
1.37763 0.740342 0.186747 
1.02997 0.506269 0.0812299 
0.675794 0.293377 0.0145868 
0.405272 0.153753 0.00256518 
0.247398 0.0921653 0.0285963 
0.171427 0.0746123 0.0575588 
0.123084 0.0599327 0.061665 
0.0686361 0.0311683 0.0395895 
0.0162797 0.0046493 0.0149923 
0.00236935 0.0119779 0.0160448 
0.0560857 0.070312 0.0517867 
0.171232 0.164586 0.103462 
0.307148 0.255746 0.137811 
0.417972 0.309261 0.133107 
0.488045 0.323043 0.099418 
0.546789 0.334249 0.0785844 
0.651556 0.39945 0.123236 
0.849658 0.560765 0.267702 
1.14442 0.818986 0.507783 
1.48586 1.12857 0.799426 
1.78921 1.4147 1.07451 
1.96786 1.60044 1.26379 
1.96265 1.63047 1.31692 
1.75741 1.48473 1.21525 
1.38211 1.18368 0.977903 
0.909359 0.788068 0.6619 
0.44556 0.392069 0.35365 
0.111142 0.103802 0.147679 
0.00585991 0.0115575 0.113985 
0.166575 0.145214 0.265593 
0.538542 0.453306 0.544835 
0.983126 0.814935 0.842353 
1.32871 1.0889 1.04573 
1.4449 1.17868 1.09465 
1.30122 1.0778 1.01089 
0.976486 0.868334 0.883364 
0.61258 0.672277 0.815094 
0.34078 0.585401 0.864023 
0.22438 0.633346 1.01408 
0.248499 0.773862 1.19309 
0.354732 0.937138 1.32253 
0.489458 1.07187 1.36358 
0.630529 1.1653 1.32926 
0.779129 1.22935 1.25988 
0.933048 1.27274 1.18655 
1.07078 1.28802 1.11457 
1.16308 1.26638 1.03932 
1.20163 1.22584 0.97762 
1.21718 1.22298 0.982209 
1.26633 1.32975 1.11909 
1.39246 1.58536 1.41827 
1.58931 1.95704 1.83343 
1.7968 2.34171 2.24474 
1.93499 2.6133 2.51044 
1.95391 2.68811 2.53824 
1.86458 2.56722 2.33257 
1.731 2.33048 1.98872 
1.63057 2.0886 1.63961 
1.61057 1.92519 1.38916 
1.66691 1.86219 1.27052 
1.75261 1.86224 1.24713 
1.80377 1.85799 1.24679 
1.76536 1.78645 1.20323 
1.60735 1.61221 1.08284 
1.33226 1.33567 0.889623 
0.978191 0.990732 0.654927 
0.61493 0.635698 0.422586 
0.326899 0.337411 0.23566 
0.182292 0.149748 0.126509 
0.201041 0.0938994 0.111045 
0.342316 0.152107 0.189162 
0.524318 0.281355 0.351793 
0.667863 0.439953 0.589819 
0.736617 0.608744 0.896254 
0.747098 0.790734 1.25647 
0.742772 0.989123 1.63175 
0.753132 1.182 1.95114 
0.769472 1.31689 2.12562 
0.755032 1.33419 2.08437 
0.679321 1.20536 1.81513 
0.547368 0.95789 1.38205 
0.399788 0.666785 0.905418 
0.284358 0.416066 0.510837 
0.223467 0.255927 0.275729 
0.204595 0.183988 0.203334 
0.200899 0.160764 0.236398 
0.203085 0.144503 0.297796 
0.233901 0.118344 0.330834 
0.331188 0.0920286 0.317173 
0.512182 0.0823974 0.269309 
0.748636 0.0933748 0.211938 
0.975016 0.114182 0.169731 
1.1264 0.136912 0.168041 
1.17913 0.176623 0.238723 
1.16445 0.273774 0.418166 
1.14477 0.47242 0.732149 
1.16939 0.787047 1.17508 
1.23997 1.18059 1.69811 
1.30792 1.56932 2.21619 
1.30337 1.85265 2.63179 
1.17591 1.95125 2.86357 
0.92308 1.83428 2.86692 
0.594736 1.52629 2.64077 
0.276801 1.09673 2.22331 
0.0671875 0.64151 1.68284 
0.0544233 0.264562 1.10734 
0.302042 0.0613575 0.592597 
0.836397 0.103046 0.227304 
1.63598 0.420764 0.07599 
2.62439 0.993014 0.163849 
3.67199 1.74096 0.468127 
4.61081 2.53566 0.918888 
5.26346 3.21874 1.40961 
5.4828 3.63503 1.81702 
5.19419 3.67241 2.02908 
4.4282 3.29959 1.9772 
3.3292 2.58786 1.66366 
2.12835 1.70299 1.1714 
1.0811 0.861356 0.645149 
0.386969 0.260515 0.244845 
0.122985 0.010569 0.0869132 
0.222804 0.0974224 0.199344 
0.514349 0.397129 0.512809 
0.799965 0.735574 0.893152 
0.939823 0.964117 1.19952 
0.897487 1.01409 1.33975 
0.728605 0.906437 1.29815 
0.526621 0.718971 1.12741 
0.362715 0.536568 0.915643 
0.256448 0.414727 0.74939 
0.190357 0.373466 0.689903 
0.151989 0.416337 0.767467 
0.170215 0.553921 0.986827 
0.318736 0.811553 1.33313 
0.682815 1.21491 1.77271 
1.30912 1.76369 2.25107 
2.16816 2.41165 2.69501 
3.14971 3.06698 3.02398 
4.09245 3.61445 3.16943 
4.83168 3.94934 3.09568 
5.24423 4.00867 2.81336 
5.27539 3.78833 2.37982 
4.94391 3.342 1.88516 
4.32927 2.76416 1.42787 
3.54819 2.16345 1.08748 
2.7268 1.63455 0.903113 
1.9742 1.23664 0.865764 
1.36302 0.985157 0.927496 
