0.0750074 0.178386 1.03621 
0.174639 0.663105 1.82743 
0.88595 1.48918 2.63466 
1.63793 2.08616 2.93974 
1.88813 2.06413 2.5348 
1.52899 1.49304 1.66125 
0.910678 0.810774 0.817123 
0.506886 0.465524 0.403593 
0.551943 0.612836 0.500719 
0.944941 1.09297 0.915424 
1.43196 1.63905 1.39702 
1.84457 2.09099 1.80843 
2.1864 2.44811 2.14005 
2.54564 2.77486 2.41821 
2.96054 3.08708 2.62679 
3.36182 3.31732 2.70322 
3.61406 3.35995 2.58416 
3.59654 3.13819 2.2479 
3.26072 2.64464 1.72837 
2.64498 1.94769 1.10973 
1.86266 1.17909 0.51737 
1.07967 0.512609 0.105644 
0.478884 0.126104 0.0268185 
0.200706 0.136142 0.367807 
0.270954 0.521479 1.07211 
0.562555 1.08964 1.90541 
0.843364 1.54389 2.52763 
0.909889 1.64432 2.66734 
0.725394 1.36409 2.29349 
0.44946 0.912415 1.64451 
0.316615 0.584988 1.06924 
0.449216 0.548464 0.792514 
0.757699 0.732377 0.790169 
1.01407 0.913094 0.864264 
1.03443 0.906869 0.832743 
0.812173 0.701005 0.660278 
0.494769 0.423918 0.435648 
0.24236 0.208835 0.254319 
0.107693 0.0916467 0.138113 
0.0436563 0.0307906 0.0615246 
0.0175186 0.0122853 0.0391379 
0.111237 0.126685 0.175208 
0.500456 0.534575 0.617333 
1.31241 1.33475 1.4382 
2.47137 2.43294 2.52727 
3.66235 3.52006 3.57852 
4.46184 4.20004 4.20939 
4.5599 4.1996 4.1591 
3.92692 3.52312 3.44226 
2.81927 2.44614 2.34515 
1.63697 1.35846 1.26187 
0.741335 0.574875 0.491015 
0.334221 0.232222 0.132657 
0.423079 0.296139 0.121962 
0.841153 0.617242 0.320878 
1.30748 0.985878 0.579762 
1.53892 1.19427 0.761828 
1.39257 1.12329 0.775379 
0.948527 0.811053 0.619087 
0.447539 0.42838 0.386605 
0.113616 0.155519 0.19873 
0.00819881 0.0604361 0.116004 
0.038219 0.0868899 0.116264 
0.0872166 0.147325 0.149523 
0.123738 0.210656 0.196415 
0.190538 0.301251 0.267158 
0.322578 0.441157 0.365312 
0.506073 0.623466 0.481869 
0.712229 0.839472 0.626475 
0.935164 1.09705 0.833299 
1.16936 1.38267 1.10565 
1.35867 1.61189 1.35708 
1.40021 1.65129 1.43775 
1.22311 1.41899 1.24815 
0.866043 0.971276 0.836948 
0.468103 0.483544 0.383566 
0.175208 0.136239 0.0780028 
0.0455013 0.00498591 0.00453546 
0.0315677 0.0407074 0.118945 
0.0435251 0.138905 0.315447 
0.0336153 0.229573 0.512012 
0.035715 0.319127 0.689929 
0.132108 0.4618 0.872699 
0.372898 0.688279 1.07125 
0.71152 0.949187 1.24053 
1.01609 1.12588 1.28739 
1.16028 1.11338 1.13632 
1.12383 0.914392 0.807896 
1.01165 0.658628 0.437569 
0.965991 0.516442 0.200828 
1.04524 0.57125 0.193822 
1.17712 0.758545 0.366935 
1.22504 0.922202 0.567573 
1.10233 0.934679 0.653414 
0.83292 0.778282 0.58092 
0.518333 0.532078 0.407125 
0.257718 0.296846 0.22409 
0.0950456 0.131443 0.0933377 
0.0224881 0.0416882 0.0264335 
0.0122128 0.00606155 0.00500538 
0.0377136 0.000679993 0.00597911 
0.0764103 0.00722359 0.0118235 
0.11107 0.0142009 0.0114753 
0.1401 0.0227497 0.00365697 
0.183774 0.0508062 0.00107719 
0.269767 0.122696 0.0250108 
0.404041 0.24604 0.0884543 
0.5544 0.395764 0.181018 
0.666338 0.522669 0.270475 
0.699917 0.581942 0.32128 
0.65529 0.558609 0.315235 
0.565447 0.470945 0.259233 
0.465945 0.353462 0.177689 
0.37056 0.236423 0.0985435 
0.27241 0.136456 0.0423845 
0.165242 0.060005 0.0183106 
0.0643688 0.0127106 0.0259982 
0.0113411 0.0081174 0.0629631 
0.0610731 0.0726797 0.13553 
0.260385 0.24501 0.269379 
0.627049 0.565818 0.511886 
1.13271 1.05461 0.916216 
1.69061 1.67504 1.50152 
2.15664 2.30623 2.20191 
2.36343 2.75454 2.8441 
2.1992 2.8327 3.19969 
1.70015 2.48234 3.11191 
1.07875 1.85163 2.61738 
0.625462 1.23761 1.95194 
0.524577 0.90462 1.40987 
0.732238 0.919203 1.16426 
1.04325 1.1533 1.206 
1.30022 1.45169 1.44148 
1.53698 1.78306 1.81659 
1.8947 2.20341 2.30957 
2.39013 2.67479 2.80749 
2.79749 2.96882 3.05267 
2.80432 2.81042 2.79224 
2.30408 2.14313 2.01985 
1.52346 1.23366 1.04897 
0.846984 0.48525 0.303707 
0.516243 0.135331 0.00894414 
0.494537 0.126451 0.0701138 
0.588275 0.239593 0.227974 
0.65325 0.311191 0.296987 
0.681946 0.321602 0.258922 
0.754509 0.338862 0.191899 
0.974061 0.451396 0.185231 
1.44122 0.754522 0.326684 
2.19867 1.31318 0.686464 
3.11262 2.04643 1.22059 
3.8185 2.65165 1.68817 
3.88837 2.74196 1.75864 
3.16026 2.16266 1.30088 
1.93328 1.19631 0.583663 
0.793787 0.401602 0.125896 
0.190165 0.183758 0.274022 
0.143964 0.49311 0.899074 
0.357085 0.940791 1.52123 
0.569364 1.19879 1.745 
0.779635 1.26975 1.57489 
1.12408 1.37422 1.31965 
1.59491 1.62176 1.22642 
1.9449 1.84535 1.24441 
1.89565 1.77179 1.14042 
1.42171 1.32535 0.799146 
0.802967 0.73128 0.36726 
0.390176 0.318558 0.102901 
0.323134 0.23848 0.117137 
0.468292 0.380386 0.288099 
0.604036 0.539681 0.419984 
0.646276 0.64013 0.459358 
0.702858 0.7882 0.542118 
0.939469 1.13277 0.838658 
1.41532 1.69605 1.36964 
2.04502 2.34675 1.97814 
2.69914 2.92836 2.47608 
3.32565 3.40396 2.81422 
3.97005 3.87296 3.11059 
4.6778 4.44139 3.51053 
5.37371 5.06442 4.00703 
5.83648 5.50778 4.38664 
5.80776 5.47623 4.35916 
5.1618 4.81801 3.77356 
4.00836 3.64919 2.74937 
2.65077 2.30464 1.62139 
1.43193 1.15629 0.744126 
0.578029 0.432333 0.304616 
0.135806 0.151577 0.268037 
0.0160678 0.185566 0.463821 
0.0846261 0.372828 0.719457 
0.232721 0.599824 0.941753 
0.399767 0.817169 1.11476 
0.561497 1.01373 1.25246 
0.707283 1.18466 1.35857 
0.821377 1.31239 1.41553 
0.87515 1.36336 1.39453 
0.835467 1.2997 1.27232 
0.688562 1.10355 1.0482 
0.466463 0.803095 0.756647 
0.254532 0.480827 0.466942 
0.165358 0.250186 0.262074 
0.285641 0.206321 0.202879 
0.62512 0.377847 0.297621 
1.1023 0.710579 0.498063 
1.58093 1.09542 0.726135 
1.93476 1.42224 0.913433 
2.09553 1.62333 1.02732 
2.05536 1.68116 1.0698 
1.83791 1.60681 1.05753 
1.47995 1.41866 1.00309 
1.04388 1.1416 0.909547 
0.63443 0.818183 0.774844 
0.37716 0.508498 0.597812 
0.357361 0.272782 0.386144 
0.57079 0.155534 0.171053 
0.937551 0.188364 0.0209286 
1.36922 0.400561 0.0316083 
1.82384 0.809564 0.280175 
2.29719 1.38537 0.764054 
2.76683 2.02119 1.37311 
3.15279 2.54993 1.92545 
3.33633 2.80829 2.24793 
3.21975 2.70764 2.24774 
2.77997 2.26855 1.93661 
2.08913 1.61086 1.41202 
1.306 0.920091 0.824676 
0.644421 0.404619 0.346028 
0.312214 0.238884 0.12645 
0.42382 0.494053 0.239744 
0.927796 1.08849 0.640079 
1.60943 1.80474 1.1713 
2.19124 2.38534 1.6387 
2.48095 2.65928 1.9036 
2.47327 2.62107 1.94043 
2.34033 2.41552 1.82628 
2.32032 2.24567 1.68287 
2.57396 2.26365 1.61458 
3.08553 2.49867 1.66991 
3.65362 2.84411 1.8262 
3.97681 3.1011 1.9924 
3.80434 3.06691 2.03834 
3.08551 2.6417 1.85892 
2.0284 1.90113 1.44903 
1.0066 1.07579 0.930673 
0.347686 0.426016 0.4896 
0.141845 0.086527 0.252193 
0.220778 0.00110914 0.201404 
0.33296 0.00838244 0.213159 
0.370214 0.00802805 0.188303 
0.44422 0.0541486 0.156484 
