0.0371275 0.0354268 0.0286095 
0.0120647 0.0228052 0.0276528 
0.00986358 0.0328812 0.0566694 
0.0306518 0.0650441 0.108368 
0.113541 0.166364 0.224115 
0.265261 0.3393 0.396422 
0.40103 0.470478 0.49879 
0.422086 0.429077 0.399906 
0.34381 0.237423 0.153633 
0.283758 0.0777054 0.00152751 
0.306155 0.0980792 0.138392 
0.336162 0.2556 0.505804 
0.270867 0.390037 0.857782 
0.133032 0.416339 1.00595 
0.0483722 0.384937 0.95355 
0.0819693 0.370918 0.815681 
0.173922 0.390905 0.701459 
0.264879 0.466144 0.7143 
0.416024 0.693775 0.98467 
0.729632 1.15924 1.58263 
1.17012 1.77446 2.37208 
1.54493 2.27979 3.02658 
1.693 2.45545 3.25994 
1.64237 2.30687 3.04427 
1.53765 2.01082 2.58361 
1.44251 1.70547 2.09571 
1.27372 1.38188 1.65483 
0.938123 0.977685 1.23098 
0.490041 0.523397 0.818116 
0.125426 0.162967 0.484591 
0.0351812 0.0476785 0.319847 
0.273613 0.229136 0.365836 
0.738443 0.633245 0.592071 
1.23953 1.10089 0.90334 
1.59359 1.45668 1.16681 
1.70299 1.58523 1.26804 
1.58785 1.48445 1.17768 
1.35143 1.25347 0.969387 
1.1015 1.01451 0.758914 
0.891148 0.833354 0.616225 
0.72125 0.7051 0.533767 
0.582503 0.602649 0.4723 
0.48322 0.526216 0.425142 
0.439697 0.50443 0.43078 
0.451086 0.555743 0.525211 
0.491053 0.657128 0.68888 
0.524928 0.754281 0.846959 
0.53467 0.803351 0.925643 
0.527699 0.802505 0.908786 
0.523484 0.784112 0.840301 
0.536432 0.78213 0.777854 
0.574819 0.812341 0.751873 
0.647267 0.876069 0.76338 
0.750571 0.961331 0.798648 
0.841775 1.0272 0.828235 
0.839251 1.00212 0.802062 
0.681688 0.829377 0.675049 
0.401018 0.531755 0.455352 
0.127251 0.223034 0.219604 
0.00254503 0.037013 0.0636048 
0.0782333 0.0338144 0.0304854 
0.289501 0.170869 0.0885699 
0.52527 0.360895 0.180405 
0.722167 0.555709 0.292333 
0.897711 0.776472 0.474862 
1.09983 1.06526 0.78955 
1.32477 1.40499 1.22469 
1.48296 1.68581 1.65675 
1.45188 1.75992 1.90473 
1.17794 1.54879 1.84605 
0.739738 1.11365 1.50175 
0.312862 0.626724 1.02174 
0.0586779 0.264763 0.586953 
0.0227964 0.107448 0.308655 
0.12034 0.111008 0.190805 
0.217321 0.16598 0.163012 
0.242213 0.189748 0.148956 
0.233016 0.181773 0.12184 
0.275352 0.196744 0.107454 
0.391524 0.263347 0.134241 
0.500558 0.336779 0.18401 
0.499563 0.342981 0.203521 
0.375191 0.263948 0.165589 
0.212971 0.157064 0.100441 
0.0996713 0.0852134 0.0551043 
0.0508106 0.0554653 0.0397435 
0.0517874 0.0490146 0.0374979 
0.132069 0.0859372 0.0542179 
0.340947 0.209821 0.117776 
0.645495 0.401108 0.218052 
0.911733 0.56077 0.293682 
1.04059 0.634724 0.329199 
1.11317 0.744713 0.456374 
1.35215 1.13529 0.895825 
1.90987 1.94401 1.74391 
2.69928 3.01993 2.81187 
3.43861 3.98355 3.70038 
3.85299 4.47607 4.05845 
3.83805 4.37287 3.79882 
3.47109 3.80512 3.10567 
2.91794 3.02741 2.27468 
2.34182 2.27135 1.54385 
1.85867 1.67325 1.02216 
1.51922 1.26926 0.708601 
1.30366 1.02043 0.541932 
1.14495 0.853504 0.446975 
0.986363 0.714737 0.375253 
0.833097 0.611292 0.333597 
0.744717 0.601528 0.377154 
0.765247 0.729371 0.556683 
0.856809 0.956127 0.853903 
0.910304 1.15978 1.16434 
0.832869 1.2149 1.35408 
0.628814 1.08518 1.34786 
0.39257 0.843046 1.17235 
0.2243 0.602927 0.922187 
0.159892 0.440632 0.691055 
0.181523 0.373385 0.533554 
0.273532 0.394832 0.473015 
0.437739 0.498002 0.514826 
0.64775 0.653229 0.635353 
0.816637 0.786441 0.77098 
0.845602 0.813835 0.846304 
0.713784 0.711464 0.828043 
0.503415 0.539316 0.746468 
0.326953 0.388738 0.661336 
0.245607 0.320422 0.623141 
0.275739 0.369806 0.684704 
0.453566 0.594491 0.934068 
0.838271 1.06305 1.46335 
1.41298 1.75499 2.25822 
1.99984 2.48066 3.11765 
2.32718 2.9487 3.72484 
2.22297 2.95746 3.84406 
1.75099 2.53865 3.47562 
1.15351 1.91903 2.83352 
0.665467 1.35015 2.18356 
0.385391 0.971987 1.6963 
0.297608 0.804392 1.41328 
0.366151 0.811108 1.29319 
0.571116 0.935977 1.25713 
0.866291 1.09478 1.2116 
1.14615 1.18226 1.07988 
1.28894 1.12413 0.845412 
1.23759 0.926563 0.564039 
1.0322 0.665906 0.321131 
0.766599 0.429296 0.174073 
0.52253 0.268854 0.137532 
0.341642 0.202468 0.21073 
0.236862 0.231613 0.391341 
0.203949 0.33575 0.645287 
0.21597 0.452783 0.874389 
0.226371 0.492546 0.946632 
0.205003 0.399462 0.78954 
0.182489 0.213973 0.466417 
0.245266 0.0619943 0.153189 
0.459585 0.061545 0.0201441 
0.781905 0.220673 0.113102 
1.04955 0.421949 0.333182 
1.08541 0.516566 0.528635 
0.840357 0.449776 0.616586 
0.447313 0.306917 0.633106 
0.13109 0.239705 0.679196 
0.0470432 0.339815 0.820277 
0.183634 0.569004 1.02726 
0.399521 0.796294 1.19941 
0.543728 0.89637 1.23663 
0.548716 0.822645 1.09871 
0.43659 0.611331 0.817862 
0.26981 0.342462 0.477605 
0.113482 0.108061 0.187977 
0.0351048 0.00449042 0.0676469 
0.111106 0.124231 0.21936 
0.40114 0.519541 0.686062 
0.892137 1.14609 1.39993 
1.45701 1.8309 2.16151 
1.87784 2.31136 2.68718 
1.94556 2.35315 2.73006 
1.59027 1.89349 2.22379 
0.955379 1.11465 1.3564 
0.345476 0.375389 0.502516 
0.0614724 0.0226114 0.033709 
0.230492 0.203731 0.125015 
0.751372 0.807527 0.684451 
1.38277 1.55737 1.43341 
1.88684 2.16467 2.05534 
2.12145 2.43592 2.31549 
2.05407 2.30794 2.12494 
1.74176 1.84835 1.56704 
1.30799 1.23383 0.87403 
0.898677 0.678137 0.317634 
0.613041 0.31995 0.0475946 
0.46277 0.157927 0.00795314 
0.409948 0.106671 0.0277455 
0.442785 0.118908 0.0088157 
0.588467 0.231589 0.014258 
0.838343 0.480471 0.163812 
1.08913 0.79732 0.464959 
1.20424 1.03528 0.781231 
1.14758 1.10691 0.968828 
1.02989 1.06844 1.01142 
0.995713 1.0437 0.999636 
1.07045 1.07878 1.00237 
1.14019 1.10237 1.00039 
1.08424 1.03417 0.955748 
0.912528 0.910371 0.916993 
0.77308 0.888923 1.02747 
0.843847 1.13848 1.42602 
1.21595 1.71768 2.13541 
1.8364 2.52424 3.02118 
2.51401 3.32374 3.83531 
2.98937 3.84644 4.32419 
3.07083 3.92917 4.36228 
2.77076 3.62605 4.03373 
2.31653 3.18098 3.57755 
1.98674 2.847 3.20948 
1.89707 2.69497 2.96597 
1.93062 2.5876 2.71608 
1.87036 2.33657 2.32225 
1.59347 1.87934 1.78102 
1.14854 1.31351 1.21408 
0.680182 0.791939 0.751448 
0.309968 0.409449 0.444385 
0.0848816 0.178799 0.275671 
0.00246741 0.0773223 0.217093 
0.0471825 0.0880461 0.257645 
0.187831 0.194956 0.386345 
0.354597 0.357122 0.567934 
0.459352 0.515115 0.751095 
0.486722 0.651103 0.913942 
0.579102 0.848545 1.10486 
0.980099 1.2533 1.41298 
1.80786 1.9132 1.8545 
2.84354 2.63342 2.2745 
3.589 3.03861 2.40497 
3.61641 2.85035 2.07967 
2.90917 2.13272 1.40719 
1.86308 1.24901 0.703941 
0.955587 0.566373 0.238315 
0.421059 0.210795 0.0505247 
0.212835 0.0897606 0.0160674 
0.187256 0.081084 0.0314534 
0.246369 0.136293 0.0871727 
0.324059 0.224048 0.182233 
0.338235 0.267742 0.250428 
0.237408 0.205547 0.223897 
0.0841595 0.0924233 0.143084 
0.0334442 0.0828727 0.146275 
0.195435 0.285829 0.33131 
0.526421 0.650017 0.648606 
0.862034 1.0023 0.943187 
