1.79558 2.72887 3.36314 
1.76761 3.00906 3.90479 
2.0056 3.44783 4.49991 
2.17279 3.63236 4.70399 
2.00959 3.28422 4.2363 
1.5493 2.48854 3.21153 
1.0797 1.6309 2.07047 
0.910306 1.11653 1.2818 
1.14364 1.1034 1.05584 
1.61159 1.43241 1.26423 
1.99671 1.76743 1.57901 
2.03536 1.81912 1.69767 
1.66708 1.50344 1.50336 
1.0506 0.959581 1.09109 
0.457973 0.447231 0.68328 
0.121818 0.196378 0.497715 
0.118457 0.28488 0.626994 
0.341303 0.598197 0.978767 
0.576561 0.896525 1.31664 
0.642938 0.964253 1.39991 
0.510538 0.754095 1.1451 
0.313952 0.421079 0.691533 
0.246317 0.213589 0.31261 
0.415544 0.30226 0.237447 
0.771719 0.675133 0.517278 
1.14811 1.16297 1.02111 
1.36731 1.5518 1.53415 
1.33253 1.69215 1.87028 
1.06122 1.54885 1.93443 
0.667495 1.19447 1.73135 
0.318308 0.775065 1.34916 
0.178311 0.465103 0.934819 
0.348735 0.41055 0.654292 
0.812861 0.66317 0.627084 
1.41884 1.1353 0.855731 
1.93168 1.62062 1.20438 
2.14696 1.89529 1.46671 
2.00007 1.8444 1.49163 
1.59103 1.5203 1.27226 
1.10748 1.08869 0.92775 
0.711951 0.713767 0.604103 
0.473992 0.474857 0.384442 
0.369322 0.356976 0.267962 
0.318076 0.291472 0.204055 
0.240794 0.211741 0.141417 
0.121753 0.106575 0.0702496 
0.0380759 0.0422923 0.0390922 
0.0997878 0.11263 0.117572 
0.32624 0.333354 0.31358 
0.588688 0.588404 0.526751 
0.714152 0.716972 0.617381 
0.662307 0.67543 0.545881 
0.572852 0.593616 0.430937 
0.6114 0.645215 0.446171 
0.783062 0.870836 0.663471 
0.930813 1.1545 1.01746 
0.917662 1.36909 1.4133 
0.776867 1.50602 1.82427 
0.666108 1.64165 2.25724 
0.698263 1.80618 2.65353 
0.843267 1.9287 2.87952 
0.981425 1.9146 2.83679 
1.01796 1.74859 2.56386 
0.945308 1.51278 2.21895 
0.836744 1.33234 1.98023 
0.812751 1.32387 1.97126 
0.991481 1.56634 2.24324 
1.41381 2.0597 2.76167 
1.97756 2.67541 3.37519 
2.45294 3.16673 3.82714 
2.60132 3.28092 3.86379 
2.3231 2.91282 3.38876 
1.72377 2.18156 2.54035 
1.05021 1.36627 1.62041 
0.545431 0.746371 0.923928 
0.31995 0.455652 0.588759 
0.31655 0.437725 0.554891 
0.379732 0.516712 0.638849 
0.373646 0.525338 0.660638 
0.264752 0.403813 0.542558 
0.118038 0.211003 0.328207 
0.0243961 0.0546785 0.124084 
0.0245895 0.00272911 0.0139593 
0.0858222 0.042425 0.00859541 
0.139288 0.112158 0.0635136 
0.14661 0.176665 0.146731 
0.151342 0.287665 0.300489 
0.279801 0.578885 0.64046 
0.675851 1.18249 1.27621 
1.39182 2.10838 2.19714 
2.30157 3.16903 3.20839 
3.11222 4.0222 3.98273 
3.49592 4.33116 4.21765 
3.27154 3.95078 3.80345 
2.51418 3.01508 2.88894 
1.51575 1.86452 1.79968 
0.62852 0.865273 0.866629 
0.10381 0.243596 0.278764 
0.0214395 0.0309497 0.0411844 
0.318075 0.121773 0.0370424 
0.851337 0.370178 0.127637 
1.44207 0.651148 0.220902 
1.89685 0.869672 0.281413 
2.05171 0.954627 0.303068 
1.85023 0.87535 0.28478 
1.40444 0.674676 0.232319 
0.963428 0.473321 0.175045 
0.774236 0.412903 0.167021 
0.921271 0.56374 0.257702 
1.2723 0.870796 0.452896 
1.58452 1.19075 0.70288 
1.68769 1.39453 0.931275 
1.59195 1.44898 1.07997 
1.43879 1.41255 1.13374 
1.35706 1.36202 1.11212 
1.36017 1.32512 1.04516 
1.36161 1.27331 0.95495 
1.26769 1.16473 0.852329 
1.05276 0.988832 0.745977 
0.76514 0.778489 0.654648 
0.482581 0.587767 0.606614 
0.262753 0.453188 0.614781 
0.119586 0.364274 0.64345 
0.0366009 0.272026 0.611049 
0.00974802 0.143651 0.454686 
0.0829309 0.0231507 0.213452 
0.325644 0.0278562 0.040691 
0.74837 0.257102 0.104557 
1.23342 0.685276 0.449564 
1.57571 1.14954 0.946534 
1.62667 1.45925 1.38131 
1.41219 1.52889 1.5999 
1.10369 1.41229 1.58304 
0.870126 1.22261 1.4078 
0.7597 1.03472 1.16255 
0.712295 0.859143 0.899182 
0.653755 0.680191 0.639708 
0.557452 0.493435 0.401184 
0.435251 0.31175 0.208353 
0.310608 0.157734 0.0892068 
0.21346 0.0553569 0.0550361 
0.174501 0.0129936 0.075784 
0.202224 0.0117715 0.0878465 
0.281964 0.0371281 0.0629667 
0.422683 0.141387 0.0876659 
0.68795 0.446061 0.338755 
1.13002 1.02379 0.917941 
1.67101 1.7544 1.68671 
2.0855 2.3351 2.30073 
2.15159 2.48585 2.4571 
1.83177 2.1632 2.12497 
1.29244 1.56889 1.53307 
0.757042 0.966859 0.953954 
0.372485 0.523114 0.533123 
0.20912 0.30578 0.308555 
0.310349 0.351869 0.306782 
0.65821 0.647283 0.535644 
1.09312 1.04701 0.891108 
1.35201 1.30247 1.15665 
1.25833 1.23965 1.15968 
0.875066 0.908277 0.920824 
0.439816 0.52475 0.618145 
0.153299 0.276012 0.418557 
0.0607878 0.21265 0.38378 
0.123618 0.316746 0.525855 
0.324409 0.586774 0.863376 
0.63487 0.983096 1.34469 
0.913537 1.32283 1.74545 
0.944488 1.34357 1.75894 
0.651198 0.953576 1.27677 
0.246252 0.39853 0.567605 
0.0922665 0.103687 0.105428 
0.372097 0.303729 0.172515 
0.906242 0.831393 0.627863 
1.30999 1.27766 1.06413 
1.32327 1.34653 1.17054 
0.989366 1.05502 0.941515 
0.552348 0.635383 0.584816 
0.2282 0.302895 0.296731 
0.0743251 0.124911 0.140248 
0.0270598 0.0581344 0.0839921 
0.0140048 0.0513573 0.0925925 
0.0242894 0.0996846 0.163629 
0.0962356 0.225929 0.305256 
0.256803 0.432595 0.503766 
0.475108 0.674957 0.71549 
0.673227 0.878752 0.885939 
0.784261 0.98787 0.980094 
0.800275 0.998696 0.999069 
0.76318 0.948549 0.967363 
0.71463 0.873623 0.904182 
0.662275 0.782703 0.810327 
0.590491 0.667734 0.681442 
0.48899 0.527196 0.525307 
0.364213 0.373092 0.361465 
0.233313 0.223875 0.210444 
0.11897 0.100466 0.090263 
0.0458936 0.0244992 0.0177767 
0.0279685 0.00690771 0.000717118 
0.0529674 0.0333639 0.0247722 
0.0866043 0.0683782 0.0566692 
0.0983995 0.0810162 0.0675834 
0.0832164 0.0664903 0.0533463 
0.0567377 0.0415241 0.0301335 
0.0353438 0.0231114 0.0138947 
0.0273044 0.0175191 0.00866116 
0.0438016 0.0298145 0.0143987 
0.111707 0.0786449 0.0420176 
0.266914 0.195938 0.11765 
0.527093 0.406631 0.269507 
0.863307 0.701022 0.503749 
1.1939 1.0196 0.783988 
1.41099 1.26545 1.03126 
1.42911 1.3444 1.15322 
1.22988 1.2142 1.09222 
0.876446 0.91358 0.863695 
0.487811 0.550572 0.556909 
0.185979 0.253027 0.292519 
0.0430348 0.107692 0.160346 
0.0544674 0.121415 0.174586 
0.151309 0.226199 0.273576 
0.244891 0.325848 0.364333 
0.280248 0.357232 0.384108 
0.265287 0.326803 0.338289 
0.253743 0.295435 0.28739 
0.292838 0.321949 0.292929 
0.378803 0.411756 0.366735 
0.459942 0.514756 0.466238 
0.482688 0.570868 0.535353 
0.434634 0.557172 0.548826 
0.346247 0.495753 0.52218 
0.259292 0.426571 0.490195 
0.198736 0.378997 0.482187 
0.167952 0.361403 0.508789 
0.157022 0.362479 0.555544 
0.150557 0.357509 0.584761 
0.136304 0.324412 0.557754 
0.116752 0.266293 0.471063 
0.11298 0.218503 0.371681 
0.150802 0.225142 0.326617 
0.238259 0.302538 0.369931 
0.354116 0.42308 0.476408 
0.455322 0.53105 0.581891 
0.496111 0.572807 0.624876 
0.449154 0.520593 0.575338 
0.322216 0.383797 0.441692 
0.161804 0.208183 0.264889 
0.036572 0.0608362 0.104818 
0.00532088 0.00185914 0.0181571 
0.0863146 0.054198 0.0322523 
0.244048 0.187853 0.128107 
