1.09571 1.15942 1.28338 
0.763558 0.820687 0.967467 
0.449693 0.500428 0.646124 
0.203258 0.249358 0.375036 
0.0543156 0.0928775 0.183954 
0.00164185 0.0233378 0.0717621 
0.0162666 0.00970648 0.0184335 
0.0580329 0.0170726 0.00251152 
0.094604 0.0228972 0.0107704 
0.112208 0.0211478 0.0352627 
0.114399 0.0155482 0.0646139 
0.113465 0.0108984 0.0813543 
0.122562 0.0109046 0.0711622 
0.153323 0.023261 0.0380554 
0.217173 0.064755 0.0118917 
0.324711 0.157883 0.0380074 
0.479549 0.317164 0.151522 
0.668944 0.532674 0.351247 
0.858423 0.7627 0.590575 
0.997038 0.943131 0.792965 
1.03415 1.01124 0.8846 
0.941665 0.932968 0.827062 
0.731724 0.721026 0.634488 
0.461424 0.436484 0.369991 
0.220816 0.173866 0.126757 
0.106508 0.0350155 0.00312161 
0.187984 0.0984792 0.0779333 
0.477242 0.391354 0.388264 
0.913815 0.871625 0.911689 
1.37496 1.42982 1.55957 
1.71307 1.91567 2.19025 
1.81014 2.18599 2.64592 
1.62778 2.15774 2.80413 
1.22868 1.84275 2.62331 
0.755352 1.34534 2.15967 
0.372665 0.82089 1.54518 
0.199556 0.413738 0.936369 
0.262486 0.203801 0.458375 
0.492257 0.186306 0.169804 
0.763191 0.290307 0.0603074 
0.952446 0.421531 0.0746822 
0.989506 0.505237 0.145861 
0.87489 0.50977 0.220146 
0.665708 0.445939 0.26797 
0.442049 0.350793 0.283652 
0.273675 0.268937 0.281227 
0.200704 0.240041 0.290204 
0.231036 0.293216 0.349843 
0.348793 0.444179 0.498924 
0.525696 0.691852 0.761078 
0.729957 1.01496 1.13066 
0.931274 1.37198 1.56633 
1.10308 1.70709 1.99683 
1.22363 1.96155 2.33801 
1.27713 2.08712 2.51511 
1.25513 2.05699 2.48276 
1.15833 1.87164 2.23694 
0.998154 1.55882 1.81687 
0.796975 1.16883 1.29746 
0.586141 0.765829 0.774161 
0.400949 0.416029 0.342688 
0.273074 0.17373 0.0763399 
0.222035 0.0674383 0.00568859 
0.248438 0.0904984 0.107283 
0.332256 0.20151 0.308255 
0.438515 0.337685 0.509756 
0.529819 0.438696 0.624007 
0.581057 0.47166 0.610695 
0.588728 0.444322 0.494544 
0.568629 0.397221 0.351868 
0.541934 0.376677 0.269164 
0.517808 0.40298 0.293795 
0.484801 0.453773 0.404589 
0.419068 0.475576 0.521689 
0.306187 0.419416 0.553221 
0.162459 0.279841 0.453591 
0.039203 0.11179 0.259186 
0.00306803 0.0114951 0.078717 
0.100988 0.0691307 0.0411795 
0.329781 0.318739 0.228925 
0.629161 0.713532 0.631675 
0.903667 1.14045 1.14516 
1.06243 1.46618 1.61361 
1.05642 1.59106 1.89337 
0.895841 1.48563 1.90721 
0.642354 1.19595 1.66706 
0.382989 0.819951 1.26019 
0.198825 0.468428 0.809941 
0.139864 0.227262 0.429867 
0.212324 0.133445 0.188805 
0.37981 0.170375 0.0972397 
0.576888 0.281328 0.116073 
0.731476 0.394955 0.181266 
0.7897 0.453337 0.23322 
0.734685 0.432371 0.239298 
0.591462 0.347043 0.201573 
0.415269 0.24028 0.148614 
0.26805 0.161187 0.116925 
0.193771 0.143023 0.131614 
0.203574 0.190728 0.19509 
0.276501 0.282449 0.287766 
0.373612 0.382548 0.378739 
0.457446 0.45864 0.440119 
0.507622 0.494581 0.45809 
0.526767 0.494532 0.436328 
0.536243 0.47806 0.391623 
0.565393 0.470026 0.34496 
0.639531 0.490374 0.312851 
0.770955 0.54787 0.302803 
0.955169 0.639422 0.314408 
1.17253 0.75424 0.34481 
1.39432 0.880506 0.395397 
1.59139 1.01167 0.476079 
1.74277 1.14966 0.6044 
1.84099 1.30305 0.798665 
1.89132 1.47996 1.06679 
1.90436 1.67786 1.39502 
1.88537 1.87517 1.74221 
1.82659 2.03038 2.04448 
1.70887 2.09243 2.23151 
1.51374 2.02013 2.24989 
1.24014 1.80238 2.08412 
0.915243 1.46847 1.76504 
0.590548 1.0811 1.36046 
0.32298 0.713992 0.951357 
0.15043 0.424795 0.604593 
0.0758372 0.236867 0.354506 
0.0693267 0.138475 0.200531 
0.0868841 0.0976579 0.118976 
0.0939979 0.0824823 0.0802763 
0.0803199 0.0749331 0.0621265 
0.0581134 0.0725233 0.0536515 
0.0479734 0.0802177 0.0520619 
0.0625721 0.100505 0.0569027 
0.0986355 0.128611 0.0664006 
0.140468 0.154727 0.0772415 
0.170663 0.170057 0.0863205 
0.180231 0.171873 0.0923321 
0.172517 0.164633 0.0961284 
0.160119 0.157393 0.100075 
0.157993 0.159693 0.107135 
0.176793 0.178093 0.120163 
0.219018 0.214358 0.14148 
0.278421 0.265154 0.172553 
0.341858 0.322678 0.213456 
0.392551 0.375775 0.261858 
0.414084 0.411568 0.31177 
0.394836 0.418081 0.353206 
0.332545 0.388312 0.374427 
0.238019 0.325163 0.36734 
0.136048 0.244865 0.333934 
0.0610308 0.175309 0.289156 
0.0462286 0.147008 0.256126 
0.109116 0.178713 0.254097 
0.239393 0.264674 0.285541 
0.397519 0.372235 0.331376 
0.527674 0.454008 0.359462 
0.581015 0.470079 0.342674 
0.537758 0.408222 0.275445 
0.415751 0.289999 0.177761 
0.260403 0.158904 0.0838389 
0.122006 0.0581292 0.0234102 
0.0339514 0.0118644 0.00842466 
0.00385473 0.020699 0.0332921 
0.0202721 0.0712519 0.0862794 
0.0674967 0.150623 0.161711 
0.137053 0.25452 0.263278 
0.22901 0.384471 0.39688 
0.344728 0.538476 0.559919 
0.478365 0.703643 0.735973 
0.613746 0.856374 0.898454 
0.728044 0.969193 1.01955 
0.799005 1.01915 1.0779 
0.811654 0.993646 1.06165 
0.762654 0.893265 0.968855 
0.66241 0.73308 0.808761 
0.534672 0.542494 0.604298 
0.411997 0.360923 0.391401 
0.32608 0.22722 0.210805 
0.295495 0.165314 0.0934974 
0.317228 0.173657 0.0478072 
0.368257 0.226283 0.0574291 
0.417918 0.286787 0.0930377 
0.444281 0.32744 0.130183 
0.444166 0.341272 0.160971 
0.430315 0.339447 0.191471 
0.418243 0.336748 0.227925 
0.412698 0.336703 0.263811 
0.403714 0.327805 0.279359 
0.374758 0.29345 0.255142 
0.316328 0.227453 0.189656 
0.234509 0.142634 0.106666 
0.148256 0.0653361 0.0449521 
0.0779534 0.0195401 0.0360116 
0.0340795 0.012053 0.0844388 
0.0140362 0.0293624 0.164367 
0.00830892 0.0479795 0.234508 
0.00989661 0.0503801 0.261884 
0.018974 0.0351196 0.23904 
0.0393074 0.0146206 0.184652 
0.0701418 0.00342261 0.12882 
0.10133 0.00637067 0.0939038 
0.11718 0.0156407 0.0833453 
0.107622 0.0185325 0.0843297 
0.0790488 0.00996513 0.0806064 
0.0563166 0.000296017 0.0658614 
0.0727484 0.0124889 0.0490111 
0.152875 0.0700163 0.0490532 
0.29771 0.182963 0.0838584 
0.481165 0.340665 0.160217 
0.659699 0.514815 0.270439 
0.78978 0.670606 0.396076 
0.843931 0.779434 0.515382 
0.818017 0.826974 0.61008 
0.72808 0.814089 0.668762 
0.600532 0.75221 0.686846 
0.461736 0.656915 0.66475 
0.331397 0.542935 0.606054 
0.220837 0.421925 0.516641 
0.134643 0.302664 0.404883 
0.0735908 0.192623 0.282341 
0.0374606 0.0998341 0.164181 
0.0270896 0.0339919 0.0683285 
0.0450684 0.00577269 0.0126319 
0.0944356 0.023853 0.0101191 
0.17536 0.090322 0.0637786 
0.281203 0.196633 0.163304 
0.39648 0.322779 0.286038 
0.498881 0.441234 0.402671 
0.565426 0.52478 0.485858 
0.58026 0.555042 0.518294 
0.540304 0.527927 0.496951 
0.455962 0.453693 0.432053 
0.346748 0.352041 0.341857 
0.234308 0.244893 0.245955 
0.136267 0.150087 0.159847 
0.0632232 0.0781145 0.0923623 
0.0191059 0.0321425 0.0458761 
0.00332833 0.0100967 0.0182469 
0.0127731 0.00717484 0.00515151 
0.0425336 0.0176783 0.00192777 
0.0856742 0.0359297 0.00462186 
0.133143 0.0566747 0.0103652 
0.174866 0.0754832 0.0173541 
0.202147 0.0893381 0.024645 
0.210395 0.0971554 0.031849 
0.200664 0.0997602 0.0387474 
0.178877 0.0990409 0.0448905 
0.152834 0.0965342 0.0493521 
0.12844 0.0922096 0.0508531 
0.107245 0.0843232 0.0483549 
