1.60761 1.66466 1.49054 
2.06961 2.22089 2.13929 
2.38574 2.62218 2.64082 
2.45794 2.75346 2.85525 
2.26278 2.57186 2.71431 
1.8654 2.13423 2.26109 
1.39076 1.57894 1.64304 
0.961691 1.06005 1.0455 
0.642008 0.672793 0.601701 
0.424918 0.423938 0.341543 
0.270742 0.264724 0.212114 
0.155095 0.149972 0.142471 
0.0825446 0.0681323 0.0928178 
0.0608865 0.0249203 0.0561633 
0.0748972 0.0153514 0.0351246 
0.0959269 0.0258116 0.0352875 
0.116309 0.0617546 0.0807028 
0.161301 0.155138 0.215254 
0.253776 0.324894 0.464054 
0.36713 0.526799 0.784827 
0.427516 0.658764 1.07016 
0.378165 0.636934 1.2182 
0.243714 0.475098 1.21156 
0.11954 0.281587 1.12295 
0.0856732 0.166659 1.03725 
0.130496 0.149656 0.970086 
0.167348 0.160302 0.869469 
0.131088 0.129974 0.695824 
0.0533442 0.0720126 0.486905 
0.0338726 0.0630346 0.330055 
0.13477 0.147176 0.270128 
0.307057 0.271126 0.258282 
0.426513 0.325294 0.205797 
0.40371 0.251936 0.0911716 
0.260517 0.108923 0.00532796 
0.103428 0.0229433 0.0789014 
0.0269337 0.0770851 0.355428 
0.0415916 0.239895 0.73094 
0.0872452 0.39861 1.01918 
0.105672 0.459442 1.08629 
0.0956587 0.420585 0.940129 
0.10082 0.357178 0.705215 
0.152659 0.342857 0.515929 
0.236027 0.388265 0.424482 
0.317741 0.453825 0.395969 
0.407234 0.516522 0.378634 
0.574143 0.613544 0.371204 
0.884594 0.807782 0.419971 
1.30818 1.10445 0.554185 
1.69795 1.40993 0.734604 
1.88879 1.59148 0.87783 
1.8373 1.59189 0.936628 
1.66513 1.48353 0.94878 
1.54819 1.39539 0.992201 
1.54864 1.37718 1.08442 
1.55611 1.3401 1.13497 
1.40369 1.14567 1.01619 
1.04776 0.76238 0.695728 
0.63214 0.332701 0.300306 
0.371492 0.0756635 0.037191 
0.368568 0.11159 0.0365711 
0.538461 0.369396 0.254862 
0.697689 0.652628 0.519924 
0.716722 0.791374 0.667735 
0.594706 0.744246 0.648004 
0.415683 0.584387 0.523477 
0.260878 0.415128 0.391023 
0.164493 0.301386 0.307427 
0.125935 0.256589 0.27351 
0.133301 0.26517 0.267584 
0.168567 0.3078 0.286331 
0.209094 0.377537 0.360022 
0.244051 0.485776 0.532894 
0.289771 0.65066 0.819793 
0.374734 0.866587 1.1674 
0.499945 1.07895 1.45595 
0.61852 1.19857 1.55674 
0.664268 1.1576 1.41343 
0.605002 0.961832 1.08363 
0.467511 0.68959 0.701887 
0.312257 0.437249 0.393437 
0.188073 0.261885 0.210272 
0.110043 0.167384 0.134292 
0.0698469 0.130212 0.124326 
0.0546565 0.125908 0.150141 
0.0547816 0.133041 0.188076 
0.0648591 0.128817 0.205493 
0.0896921 0.0990545 0.17113 
0.148652 0.0575642 0.0885114 
0.263359 0.0475994 0.0126215 
0.431572 0.113153 0.0216987 
0.613307 0.262383 0.161842 
0.749122 0.456515 0.410194 
0.797444 0.632469 0.685121 
0.75656 0.736864 0.891911 
0.65365 0.745832 0.96994 
0.518271 0.665822 0.914999 
0.369641 0.525942 0.770975 
0.224442 0.367938 0.59976 
0.105314 0.231016 0.445851 
0.0329493 0.134119 0.316674 
0.0105493 0.0706565 0.194916 
0.0227622 0.0265849 0.0769959 
0.053243 0.00772081 0.00371817 
0.0987061 0.044079 0.0452352 
0.158937 0.156435 0.23872 
0.213855 0.31303 0.52797 
0.222188 0.426681 0.768262 
0.157797 0.41221 0.812405 
0.0536362 0.263449 0.620112 
0.00161438 0.0788909 0.301236 
0.091095 0.00235087 0.0501892 
0.331239 0.12055 0.0179094 
0.628743 0.402067 0.220159 
0.849832 0.728423 0.548938 
0.9195 0.987669 0.866368 
0.874496 1.14853 1.09656 
0.826186 1.25674 1.24528 
0.868971 1.36931 1.35014 
1.01485 1.49576 1.42424 
1.20494 1.59948 1.44946 
1.37619 1.64855 1.41685 
1.51582 1.65846 1.36212 
1.6558 1.6818 1.3518 
1.81988 1.75461 1.42767 
1.97643 1.85006 1.55959 
2.04018 1.88176 1.65043 
1.92196 1.75622 1.59294 
1.58982 1.43681 1.33897 
1.10138 0.977308 0.935594 
0.587492 0.505027 0.507356 
0.194563 0.162199 0.195193 
0.0143448 0.0355994 0.0850116 
0.0398449 0.112719 0.164631 
0.175606 0.291604 0.334647 
0.298273 0.440854 0.468315 
0.327928 0.47254 0.483535 
0.262237 0.381196 0.381126 
0.155432 0.228026 0.228454 
0.0677041 0.0903786 0.107231 
0.0281079 0.0167796 0.0654961 
0.0322626 0.0132062 0.101584 
0.0616201 0.0566163 0.179206 
0.0996485 0.116675 0.25513 
0.137213 0.173199 0.303022 
0.176902 0.227284 0.325959 
0.240159 0.303059 0.353356 
0.362859 0.432113 0.419933 
0.565985 0.621498 0.534694 
0.817038 0.827325 0.662237 
1.02262 0.964067 0.737546 
1.07586 0.955048 0.710142 
0.930806 0.789242 0.583873 
0.641877 0.535553 0.416939 
0.331242 0.298829 0.280219 
0.110214 0.153129 0.209584 
0.0191692 0.105961 0.191391 
0.0273231 0.115269 0.186969 
0.0774169 0.133988 0.167879 
0.129171 0.141547 0.132266 
0.17173 0.144933 0.0978612 
0.210402 0.161149 0.0866264 
0.249182 0.199934 0.112738 
0.282721 0.255273 0.174393 
0.299045 0.306473 0.249818 
0.289203 0.328941 0.304146 
0.257618 0.310853 0.309142 
0.224272 0.263691 0.262585 
0.21374 0.215459 0.1894 
0.237919 0.190387 0.122587 
0.286984 0.192633 0.0815063 
0.335866 0.207012 0.0652641 
0.359155 0.212721 0.0616091 
0.342397 0.196441 0.0589397 
0.285289 0.157153 0.0523439 
0.200052 0.104528 0.0439741 
0.107975 0.054668 0.0406734 
0.0341025 0.0242774 0.049555 
0.000580843 0.0245466 0.0730046 
0.0203205 0.0573272 0.106749 
0.0908348 0.113987 0.141964 
0.18866 0.175283 0.167846 
0.271283 0.214375 0.172886 
0.295556 0.208556 0.14891 
0.247309 0.157253 0.0998891 
0.157406 0.0899212 0.0469701 
0.0826256 0.0490228 0.0185292 
0.0620325 0.057175 0.0289724 
0.0879513 0.0986181 0.0662557 
0.119287 0.134584 0.102367 
0.122278 0.137658 0.116803 
0.0971654 0.111194 0.109714 
0.0680975 0.0785204 0.095519 
0.0540655 0.0597859 0.0903458 
0.0543639 0.062753 0.108769 
0.0596695 0.0913591 0.166781 
0.06993 0.153306 0.276258 
0.0964556 0.252138 0.428108 
0.146938 0.371734 0.581119 
0.211193 0.473232 0.674567 
0.263221 0.512962 0.661582 
0.278141 0.469306 0.539526 
0.249491 0.357705 0.354131 
0.193189 0.222382 0.17404 
0.135673 0.110535 0.0532017 
0.0953825 0.0463438 0.00518392 
0.0718612 0.0220501 0.0044712 
0.052008 0.0124727 0.0127943 
0.0301279 0.00320417 0.0128069 
0.024819 0.0104115 0.0248792 
0.0734771 0.0723587 0.0913803 
0.201366 0.213307 0.235716 
0.38749 0.407094 0.427077 
0.560265 0.575887 0.584692 
0.635881 0.634791 0.62713 
0.574322 0.551618 0.531638 
0.408094 0.372309 0.353724 
0.219304 0.188847 0.187997 
0.0844191 0.0761235 0.102433 
0.0310357 0.0493734 0.100497 
0.0356595 0.0713564 0.137075 
0.0546209 0.0934802 0.165114 
0.057747 0.0915921 0.168595 
0.0412848 0.0717026 0.159391 
0.0188262 0.0516966 0.152054 
0.00478046 0.0419679 0.145768 
0.00504052 0.0413949 0.128891 
0.0187493 0.0471558 0.0977876 
0.0441893 0.0643297 0.0692622 
0.0799593 0.103221 0.07253 
0.120763 0.16618 0.125493 
0.155402 0.238062 0.21565 
0.172042 0.291925 0.303702 
0.165776 0.306018 0.348277 
0.140574 0.277279 0.331972 
0.106354 0.222218 0.270026 
0.0775825 0.168381 0.199151 
0.0718983 0.142138 0.156299 
0.0998484 0.154197 0.157712 
0.148685 0.188031 0.187599 
0.181862 0.205695 0.206839 
0.167613 0.177179 0.182795 
0.113143 0.110761 0.118563 
0.0628225 0.0488666 0.0507062 
0.0543324 0.0264376 0.0129415 
0.0796186 0.0358806 0.00483227 
0.0971188 0.0412404 0.00392588 
0.0808908 0.0261039 0.00724803 
0.0467411 0.015475 0.0464899 
0.0261187 0.0425721 0.149885 
0.0259023 0.101809 0.29293 
