0.40648 0.368822 0.298877 
0.347445 0.240878 0.150092 
0.294331 0.152713 0.0567434 
0.225085 0.0945666 0.0164955 
0.141329 0.0603944 0.0174501 
0.0664231 0.0465633 0.0378431 
0.0343166 0.0512892 0.0545543 
0.076243 0.0778138 0.059537 
0.209945 0.138521 0.0744136 
0.431699 0.252719 0.149482 
0.710323 0.433553 0.340293 
0.986007 0.669171 0.670546 
1.18048 0.912195 1.10348 
1.22235 1.09053 1.54351 
1.08076 1.13932 1.87292 
0.789628 1.0371 2.0052 
0.443144 0.821859 1.9241 
0.157572 0.573662 1.68519 
0.0164459 0.372233 1.38071 
0.0306024 0.256291 1.09153 
0.138553 0.210718 0.855655 
0.24791 0.188329 0.668492 
0.29144 0.148755 0.507139 
0.261624 0.0860687 0.356907 
0.203026 0.0270932 0.221776 
0.171429 0.00513379 0.116273 
0.19091 0.0313631 0.0503379 
0.238999 0.0854478 0.0208537 
0.267686 0.130378 0.0145786 
0.241976 0.138104 0.0169838 
0.167093 0.106611 0.0188053 
0.0864572 0.0582811 0.0173278 
0.0547173 0.0243678 0.0155079 
0.106166 0.028603 0.0223628 
0.238279 0.0794538 0.0530838 
0.416536 0.170988 0.123764 
0.592434 0.286341 0.239065 
0.721837 0.399895 0.379634 
0.77607 0.48038 0.501253 
0.745933 0.499327 0.552557 
0.641886 0.444471 0.504528 
0.491384 0.330322 0.373364 
0.331645 0.196286 0.219125 
0.197587 0.0897111 0.11725 
0.109332 0.0424148 0.118535 
0.0664733 0.055144 0.221765 
0.0531506 0.0998101 0.375332 
0.0507988 0.137462 0.505542 
0.050223 0.140062 0.553474 
0.0560328 0.103509 0.499761 
0.0830941 0.0473209 0.367377 
0.150303 0.00546577 0.206933 
0.276513 0.0156537 0.076411 
0.477825 0.110207 0.0244602 
0.761103 0.306333 0.0788184 
1.11118 0.593797 0.237355 
1.47782 0.924372 0.462163 
1.77547 1.21358 0.682737 
1.90596 1.36347 0.815011 
1.80059 1.30339 0.795279 
1.46224 1.03127 0.615903 
0.981541 0.630953 0.34265 
0.511772 0.249908 0.0984582 
0.208752 0.0415273 0.0147746 
0.163276 0.0970304 0.170256 
0.359845 0.400197 0.546519 
0.683262 0.828895 1.0252 
0.970693 1.20514 1.43207 
1.08446 1.37205 1.61127 
0.971656 1.26316 1.49734 
0.684017 0.932698 1.15137 
0.350719 0.532594 0.741974 
0.117606 0.245598 0.475611 
0.0806619 0.203342 0.50461 
0.243373 0.426032 0.853923 
0.517013 0.812141 1.40239 
0.763791 1.18453 1.9311 
0.862855 1.37267 2.21933 
0.76744 1.29187 2.14382 
0.524593 0.979894 1.73234 
0.247294 0.572458 1.14454 
0.0538754 0.230779 0.590168 
0.00799133 0.0608931 0.22824 
0.092415 0.0688011 0.100826 
0.230325 0.174623 0.13474 
0.339443 0.274173 0.205321 
0.38477 0.308796 0.221428 
0.397438 0.300951 0.180841 
0.449482 0.335782 0.165824 
0.602662 0.502989 0.285976 
0.865217 0.836882 0.606213 
1.18364 1.29112 1.10338 
1.47246 1.76075 1.67417 
1.66063 2.13453 2.18486 
1.72455 2.3444 2.53081 
1.68941 2.38524 2.67277 
1.60343 2.29994 2.63613 
1.5057 2.1459 2.48192 
1.40932 1.96642 2.2722 
1.30698 1.78162 2.04871 
1.18948 1.59704 1.83091 
1.06054 1.41744 1.62588 
0.937165 1.25351 1.4387 
0.837771 1.1183 1.27603 
0.769211 1.01892 1.14362 
0.723038 0.951892 1.04246 
0.682869 0.905838 0.968225 
0.636241 0.869137 0.914225 
0.582189 0.83671 0.875589 
0.530421 0.811913 0.851548 
0.494472 0.803256 0.844582 
0.484405 0.818555 0.856937 
0.502929 0.859353 0.886168 
0.545059 0.917366 0.921714 
0.599294 0.973882 0.944522 
0.649114 1.00295 0.9312 
0.675508 0.978677 0.862455 
0.661663 0.885129 0.732977 
0.599097 0.72494 0.557928 
0.492306 0.521893 0.371637 
0.358759 0.314893 0.217557 
0.223494 0.145204 0.133299 
0.110813 0.0426905 0.137573 
0.0371146 0.0174063 0.225125 
0.00780088 0.0598448 0.371424 
0.0185726 0.14847 0.543875 
0.0595009 0.259922 0.713528 
0.119936 0.37707 0.862129 
0.192978 0.49234 0.982709 
0.27855 0.606402 1.07544 
0.383749 0.723938 1.1422 
0.519173 0.848452 1.18273 
0.691431 0.977756 1.1937 
0.894726 1.10151 1.17002 
1.1063 1.2019 1.10738 
1.28962 1.25766 1.00453 
1.40525 1.25057 0.864972 
1.42503 1.1722 0.697652 
1.34286 1.02838 0.516993 
1.17741 0.839847 0.341862 
0.966261 0.638535 0.193034 
0.754914 0.460353 0.088681 
0.585215 0.33611 0.0385849 
0.4865 0.282921 0.039457 
0.47053 0.299127 0.074891 
0.530353 0.365581 0.122371 
0.643216 0.454215 0.166058 
0.777457 0.541162 0.209366 
0.901813 0.618105 0.278887 
0.993623 0.69477 0.413845 
1.0421 0.789383 0.64283 
1.04541 0.91113 0.958408 
1.00444 1.04502 1.30457 
0.919092 1.15013 1.58792 
0.790954 1.17552 1.71177 
0.630872 1.08701 1.61898 
0.464487 0.889868 1.32206 
0.328137 0.632655 0.903624 
0.253668 0.387552 0.484196 
0.249791 0.216705 0.172077 
0.293029 0.143498 0.0198472 
0.337789 0.14594 0.00939439 
0.343406 0.17652 0.0723277 
0.303439 0.19676 0.133779 
0.258095 0.205371 0.155472 
0.27902 0.24268 0.155362 
0.432469 0.368704 0.195042 
0.74147 0.628337 0.343939 
1.16949 1.02426 0.640659 
1.63521 1.51183 1.0707 
2.04842 2.01546 1.56837 
2.34416 2.45347 2.03747 
2.49537 2.75664 2.37879 
2.5012 2.87509 2.51457 
2.36661 2.77985 2.40688 
2.09403 2.46926 2.07051 
1.69659 1.9826 1.57886 
1.22171 1.4104 1.05588 
0.761287 0.885011 0.647663 
0.430861 0.543643 0.475918 
0.3223 0.475147 0.589703 
0.456305 0.677886 0.939556 
0.766013 1.05512 1.39184 
1.12524 1.45489 1.78108 
1.40673 1.73506 1.97617 
1.5366 1.81902 1.92789 
1.51515 1.71425 1.67539 
1.39697 1.48917 1.31362 
1.24931 1.22842 0.944105 
1.11751 0.994599 0.636728 
1.01569 0.814898 0.41802 
0.940123 0.690579 0.282419 
0.888073 0.614301 0.211183 
0.8661 0.580497 0.185055 
0.884893 0.585046 0.187129 
0.949652 0.620606 0.201373 
1.0562 0.675303 0.213212 
1.19449 0.736062 0.213035 
1.35253 0.791741 0.198508 
1.51406 0.831718 0.172427 
1.65148 0.841887 0.137993 
1.72377 0.804749 0.0968014 
1.68782 0.707822 0.0522808 
1.521 0.556265 0.0148523 
1.24147 0.379253 0.00153253 
0.911225 0.222125 0.026548 
0.616854 0.126793 0.0883889 
0.438038 0.112819 0.164498 
0.420916 0.172051 0.221036 
0.568549 0.279489 0.233487 
0.847692 0.410298 0.20358 
1.20143 0.548415 0.158523 
1.55825 0.680402 0.131115 
1.83759 0.782427 0.134799 
1.96003 0.816485 0.153489 
1.86858 0.746093 0.156263 
1.55651 0.565519 0.128103 
1.08575 0.322458 0.094143 
0.579321 0.114179 0.117507 
0.18391 0.0528063 0.268861 
0.016931 0.216103 0.586233 
0.123326 0.610949 1.05122 
0.463013 1.16958 1.5966 
0.932786 1.77875 2.13862 
1.40831 2.32303 2.61134 
1.78421 2.71871 2.98121 
1.9964 2.92484 3.23697 
2.02464 2.93546 3.36884 
1.88376 2.76661 3.35763 
1.61322 2.44982 3.18407 
1.26839 2.03225 2.8509 
0.911188 1.57533 2.39856 
0.597349 1.14492 1.90005 
0.363963 0.795374 1.43672 
0.22475 0.558057 1.07148 
0.178462 0.444044 0.837241 
0.226484 0.4596 0.745409 
0.387068 0.621708 0.803115 
0.693476 0.958692 1.02143 
1.17346 1.49136 1.40568 
1.82145 2.20576 1.93537 
2.58203 3.03738 2.55219 
3.35782 3.88106 3.16985 
4.03985 4.62415 3.704 
4.54398 5.18479 4.10407 
4.83382 5.53349 4.36654 
4.91955 5.6872 4.52096 
4.83741 5.68294 4.59841 
4.62522 5.54971 4.60414 
4.30907 5.2965 4.51232 
3.90625 4.92149 4.28619 
