0.0931104 0.00130521 0.0764398 
0.035722 0.0709933 0.318625 
0.0185771 0.316628 0.849624 
0.132328 0.800056 1.68449 
0.463085 1.49859 2.69066 
1.00199 2.26105 3.59693 
1.58116 2.82531 4.08474 
1.93516 2.94074 3.95182 
1.87038 2.5337 3.25386 
1.40673 1.77905 2.29832 
0.77268 1.00309 1.46601 
0.264553 0.489359 0.987237 
0.0849676 0.336754 0.843083 
0.263424 0.45723 0.848833 
0.675152 0.67611 0.822624 
1.11194 0.836148 0.695042 
1.36448 0.846662 0.500561 
1.30599 0.692183 0.306897 
0.959872 0.433969 0.169091 
0.500736 0.195891 0.129431 
0.151006 0.10154 0.21518 
0.027073 0.179858 0.402442 
0.0671195 0.326779 0.590134 
0.118283 0.387359 0.648853 
0.0988897 0.297726 0.525789 
0.0643638 0.142108 0.299264 
0.112658 0.0599357 0.113014 
0.249152 0.10402 0.0534327 
0.369333 0.202333 0.0971958 
0.368816 0.249582 0.168607 
0.246308 0.211114 0.220981 
0.0944308 0.132176 0.2516 
0.0117188 0.0724405 0.262759 
0.035082 0.0562518 0.242592 
0.134623 0.076063 0.188558 
0.242595 0.113067 0.125972 
0.28977 0.144015 0.0870134 
0.249469 0.149912 0.080669 
0.174225 0.142463 0.0990801 
0.181659 0.18062 0.151933 
0.374101 0.339704 0.278461 
0.747741 0.645474 0.513035 
1.17366 1.0323 0.836765 
1.47397 1.368 1.16455 
1.53229 1.52794 1.38242 
1.35402 1.46224 1.40779 
1.04247 1.21361 1.23299 
0.724608 0.884737 0.928438 
0.48537 0.583234 0.605733 
0.34449 0.374537 0.36005 
0.270784 0.261261 0.223102 
0.213425 0.197064 0.158371 
0.137509 0.131701 0.107999 
0.0546191 0.0630921 0.0593766 
0.0276558 0.0537448 0.0714584 
0.130479 0.184372 0.225805 
0.379378 0.472427 0.537736 
0.69392 0.82776 0.910945 
0.932761 1.09434 1.18504 
0.983536 1.14927 1.23836 
0.833842 0.978838 1.06065 
0.569911 0.678199 0.748589 
0.315289 0.38961 0.447019 
0.162674 0.229595 0.283063 
0.139791 0.241518 0.316745 
0.21615 0.385171 0.514498 
0.334905 0.56363 0.759751 
0.445232 0.675255 0.909588 
0.513447 0.660808 0.871073 
0.513309 0.519201 0.648102 
0.424223 0.298237 0.336215 
0.259945 0.0863245 0.084922 
0.101157 0.00453519 0.0495865 
0.0740674 0.165966 0.329522 
0.264617 0.596714 0.897106 
0.644969 1.18306 1.56966 
1.10262 1.72343 2.08439 
1.56096 2.07205 2.25682 
2.06756 2.25243 2.1055 
2.74035 2.42514 1.83044 
3.6031 2.72672 1.6553 
4.46492 3.1218 1.66413 
4.97326 3.40014 1.76069 
4.82137 3.32131 1.7646 
3.95928 2.78985 1.5517 
2.65278 1.93171 1.13449 
1.34701 1.02667 0.643635 
0.426967 0.350866 0.241946 
0.0329511 0.0348089 0.0319464 
0.0453775 0.0236045 0.010299 
0.229935 0.153958 0.0907789 
0.417792 0.280457 0.173424 
0.5795 0.351528 0.205126 
0.754927 0.386755 0.187907 
0.934204 0.401105 0.143551 
1.02033 0.36694 0.0853798 
0.909891 0.253964 0.0309342 
0.604879 0.0962463 0.0318716 
0.242985 0.00507925 0.170335 
0.0207128 0.106545 0.509102 
0.0806735 0.459237 1.03823 
0.445474 1.01721 1.66534 
1.01977 1.65032 2.2502 
1.6326 2.19156 2.65002 
2.09494 2.48758 2.75568 
2.26555 2.45023 2.52582 
2.10922 2.09865 2.01669 
1.71132 1.55957 1.3776 
1.2272 1.00697 0.789774 
0.796483 0.574563 0.378691 
0.486751 0.307517 0.168097 
0.305984 0.189357 0.11368 
0.258183 0.210596 0.182454 
0.376461 0.408077 0.404232 
0.69326 0.834326 0.85077 
1.17416 1.48278 1.56076 
1.68583 2.23573 2.46727 
2.04482 2.88489 3.37802 
2.11966 3.21852 4.02698 
1.90477 3.12103 4.18106 
1.50608 2.62554 3.75582 
1.059 1.89451 2.87684 
0.656457 1.14631 1.83783 
0.341561 0.568347 0.962461 
0.145095 0.256213 0.44845 
0.110001 0.205221 0.300035 
0.276157 0.355589 0.394523 
0.646828 0.653921 0.614664 
1.16334 1.06936 0.915534 
1.6936 1.53921 1.26438 
2.04568 1.90756 1.54185 
2.03723 1.96356 1.55762 
1.61603 1.59765 1.21238 
0.942483 0.941106 0.646463 
0.326498 0.322976 0.186069 
0.032663 0.0456091 0.0995514 
0.113273 0.175597 0.390738 
0.414232 0.536329 0.82436 
0.722724 0.876489 1.1314 
0.89824 1.03066 1.17765 
0.895343 0.958168 0.97947 
0.732589 0.714282 0.649538 
0.485047 0.437822 0.378976 
0.27894 0.327419 0.415274 
0.228076 0.536615 0.937176 
0.342686 1.03583 1.87556 
0.513905 1.59056 2.87368 
0.60654 1.91626 3.48686 
0.576625 1.889 3.4788 
0.528904 1.64549 2.97463 
0.708904 1.52425 2.37576 
1.43093 1.90035 2.12757 
2.89145 2.96103 2.47117 
4.892 4.48595 3.27004 
6.70835 5.80338 4.01259 
7.38771 6.10387 4.08304 
6.40693 5.01751 3.21223 
4.16695 3.00238 1.76768 
1.80372 1.11697 0.560127 
0.397069 0.279786 0.252497 
0.260288 0.645113 0.877505 
0.915242 1.63745 1.89972 
1.66526 2.53833 2.72104 
2.14065 3.01622 3.1105 
2.36687 3.16673 3.20177 
2.49386 3.21149 3.21303 
2.60235 3.28481 3.27633 
2.73716 3.46736 3.49642 
2.97215 3.8575 4.01304 
3.34073 4.48889 4.88012 
3.73253 5.1962 5.89093 
3.92693 5.64062 6.60151 
3.7377 5.50346 6.57863 
3.11278 4.66683 5.65603 
2.14631 3.27037 4.0214 
1.085 1.68675 2.14796 
0.325588 0.444315 0.642171 
0.273815 0.0322614 0.0136723 
1.05142 0.604326 0.407239 
2.29659 1.802 1.47433 
3.32011 2.92198 2.55147 
3.55151 3.35391 3.06048 
2.90492 2.93975 2.82261 
1.77342 1.98362 2.06258 
0.714056 0.972017 1.17091 
0.117198 0.275806 0.4619 
0.074455 0.0265303 0.077505 
0.440317 0.158263 0.0139134 
0.964598 0.505949 0.181893 
1.40429 0.885466 0.454161 
1.60006 1.14784 0.702384 
1.52894 1.22273 0.83459 
1.31476 1.14263 0.82636 
1.15522 1.01451 0.721661 
1.17536 0.931016 0.588223 
1.31366 0.885457 0.457934 
1.3641 0.783389 0.315682 
1.16286 0.557382 0.155277 
0.746724 0.265992 0.0320134 
0.322706 0.0582755 0.0307158 
0.0852536 0.0349694 0.17215 
0.0709698 0.157809 0.36951 
0.176522 0.297776 0.49433 
0.280832 0.354246 0.481768 
0.332524 0.318209 0.366088 
0.34607 0.241718 0.22708 
0.355517 0.176697 0.120501 
0.385859 0.147664 0.0576554 
0.451371 0.162013 0.0306654 
0.560479 0.226442 0.0411528 
0.71377 0.347583 0.102603 
0.895491 0.516793 0.217217 
1.06764 0.695665 0.352581 
1.17988 0.824434 0.448884 
1.19755 0.85712 0.459987 
1.12635 0.794582 0.390271 
1.00824 0.681816 0.287279 
0.891054 0.573591 0.200847 
0.801692 0.505814 0.15784 
0.744091 0.494016 0.17256 
0.713445 0.541801 0.258931 
0.706249 0.637198 0.412603 
0.71766 0.743901 0.58516 
0.732377 0.808857 0.696185 
0.720951 0.788219 0.685261 
0.6518 0.671866 0.555269 
0.516907 0.489216 0.366303 
0.349782 0.294869 0.190782 
0.211764 0.143162 0.0722882 
0.151047 0.0643302 0.0160695 
0.169299 0.0544697 0.00499875 
0.225047 0.0837844 0.0177644 
0.268032 0.116847 0.0364886 
0.275466 0.134686 0.0506056 
0.266373 0.149249 0.066277 
0.285994 0.198616 0.11185 
0.367115 0.315725 0.219303 
0.493218 0.48719 0.385259 
0.597084 0.64142 0.549855 
0.604675 0.688932 0.626647 
0.490943 0.58786 0.566478 
0.300318 0.379206 0.399344 
0.117401 0.162597 0.216476 
0.0139253 0.0327629 0.107548 
0.00810495 0.0221973 0.101675 
0.0591982 0.0872711 0.154625 
0.101698 0.147575 0.190921 
0.0976714 0.150207 0.16731 
0.0627287 0.104228 0.101742 
0.0389733 0.0542689 0.0421169 
0.0468248 0.0285722 0.0151307 
