0.0208381 0.229559 0.615675 
0.0602674 0.380551 0.853027 
0.107655 0.467525 0.931995 
0.150797 0.451183 0.787193 
0.213783 0.384665 0.504927 
0.345244 0.395381 0.299959 
0.563144 0.58104 0.363247 
0.810374 0.907595 0.700015 
0.977617 1.21413 1.11184 
0.981664 1.33049 1.34879 
0.826066 1.20152 1.29485 
0.589877 0.910276 1.02581 
0.364682 0.597386 0.71318 
0.20256 0.364078 0.486974 
0.10942 0.235335 0.37613 
0.0671387 0.183903 0.341329 
0.0536027 0.16912 0.33287 
0.0508148 0.159175 0.317996 
0.047235 0.137606 0.279822 
0.0374051 0.102856 0.214379 
0.0199104 0.0624386 0.132725 
0.00189571 0.0252316 0.0571618 
0.014665 0.00171842 0.00965711 
0.122507 0.0130677 0.00450667 
0.395493 0.0917942 0.0506909 
0.84538 0.257463 0.151768 
1.37133 0.478843 0.290915 
1.77509 0.661048 0.412697 
1.86002 0.689206 0.435056 
1.55946 0.516438 0.311664 
1.00384 0.234586 0.112335 
0.463781 0.0543077 0.0407528 
0.186547 0.173836 0.327496 
0.230539 0.612627 1.03918 
0.428438 1.14924 1.95339 
0.527084 1.44926 2.64067 
0.401956 1.31 2.73423 
0.158654 0.82201 2.18712 
0.0210384 0.297194 1.30151 
0.108417 0.020361 0.506012 
0.321108 0.0462101 0.0747243 
0.448397 0.21265 0.0105298 
0.383969 0.325166 0.140008 
0.225565 0.315564 0.282672 
0.165071 0.241837 0.343791 
0.295958 0.179766 0.3071 
0.53562 0.147822 0.200023 
0.719742 0.126637 0.0786689 
0.74846 0.11038 0.0109592 
0.641191 0.112519 0.0352997 
0.482905 0.134609 0.128765 
0.353326 0.161309 0.23212 
0.30973 0.197997 0.31436 
0.401955 0.294792 0.402331 
0.662544 0.509039 0.537122 
1.06807 0.839219 0.710901 
1.52469 1.20928 0.868313 
1.91312 1.53036 0.980801 
2.16022 1.77777 1.10895 
2.27212 2.00157 1.37044 
2.30313 2.25985 1.83044 
2.29713 2.54356 2.41607 
2.25444 2.76436 2.93655 
2.14237 2.81073 3.19214 
1.92808 2.61879 3.08299 
1.60597 2.20619 2.6459 
1.20842 1.65981 2.01635 
0.798986 1.09812 1.3606 
0.448728 0.62829 0.816783 
0.203534 0.309818 0.457879 
0.0655004 0.138547 0.279132 
0.0078489 0.0644139 0.215669 
0.0119337 0.0352466 0.186904 
0.0869651 0.032767 0.143047 
0.247336 0.0703176 0.0829623 
0.470304 0.158994 0.0361955 
0.683599 0.280421 0.0321414 
0.803307 0.39376 0.0829859 
0.788588 0.465112 0.184318 
0.662796 0.48606 0.319022 
0.486956 0.466109 0.456097 
0.316717 0.414488 0.552238 
0.180117 0.333879 0.566108 
0.0846906 0.230585 0.481778 
0.0372132 0.128872 0.32718 
0.0584763 0.0769528 0.175734 
0.185355 0.139307 0.127507 
0.457345 0.374408 0.272835 
0.889204 0.802502 0.649262 
1.44338 1.37927 1.21261 
2.02476 1.99668 1.84341 
2.50944 2.51862 2.39129 
2.79268 2.83305 2.73375 
2.82551 2.88945 2.816 
2.61999 2.70257 2.65409 
2.22858 2.32919 2.30929 
1.7197 1.83973 1.85581 
1.16696 1.30357 1.36105 
0.651238 0.790006 0.883365 
0.258649 0.370655 0.477317 
0.0583537 0.10608 0.189717 
0.06547 0.016062 0.0404041 
0.219294 0.0575093 0.00380439 
0.406855 0.139619 0.0175349 
0.525883 0.177088 0.0233381 
0.540479 0.142499 0.00955616 
0.483589 0.0730521 0.0146362 
0.409186 0.0275601 0.0856144 
0.344023 0.0358928 0.229821 
0.28199 0.0844304 0.4029 
0.213179 0.139227 0.53782 
0.145671 0.174546 0.583898 
0.0978126 0.18382 0.528873 
0.0809058 0.180379 0.404167 
0.100876 0.201601 0.282639 
0.174972 0.308096 0.262908 
0.333816 0.558945 0.42911 
0.596677 0.969179 0.800297 
0.945553 1.48701 1.31046 
1.33061 2.01987 1.84547 
1.70463 2.49142 2.31215 
2.04957 2.87753 2.68069 
2.36529 3.18819 2.9655 
2.63054 3.41489 3.16692 
2.77634 3.49534 3.23135 
2.70359 3.33188 3.06796 
2.34267 2.85696 2.61357 
1.72007 2.10399 1.90167 
0.985174 1.23501 1.08784 
0.366021 0.494979 0.404827 
0.0642492 0.103151 0.0583333 
0.146894 0.137739 0.116197 
0.508611 0.489385 0.462937 
0.937262 0.923571 0.8605 
1.24128 1.21642 1.08373 
1.35099 1.27268 1.04082 
1.32958 1.15003 0.799294 
1.30043 0.987114 0.511757 
1.35238 0.899796 0.307874 
1.48467 0.917101 0.23001 
1.61411 0.98453 0.240901 
1.62836 1.01355 0.274539 
1.45279 0.93794 0.282614 
1.09753 0.747942 0.250576 
0.659986 0.491531 0.188746 
0.277276 0.246658 0.117312 
0.0532524 0.0791114 0.0562335 
0.00692408 0.00877963 0.0187339 
0.0800271 0.00622566 0.00558729 
0.198357 0.0245361 0.00496474 
0.33487 0.0436659 0.00361547 
0.516486 0.0881195 0.00234104 
0.766453 0.196617 0.0174626 
1.04076 0.368165 0.060907 
1.23241 0.539842 0.118244 
1.25395 0.627475 0.152993 
1.12312 0.596502 0.138838 
0.961894 0.493884 0.0872373 
0.901566 0.408336 0.0398094 
0.981893 0.399143 0.0333953 
1.13803 0.462308 0.0743393 
1.27814 0.557437 0.143827 
1.36855 0.655849 0.220306 
1.44869 0.759024 0.292386 
1.57439 0.876934 0.353782 
1.74792 0.994204 0.391439 
1.89116 1.05622 0.381088 
1.88156 0.991662 0.300531 
1.63447 0.768356 0.163455 
1.18409 0.450107 0.0523064 
0.696028 0.195016 0.100677 
0.374596 0.159667 0.39623 
0.316658 0.363201 0.86252 
0.435297 0.639017 1.2477 
0.534323 0.751165 1.2865 
0.475045 0.593836 0.928157 
0.281886 0.288787 0.416754 
0.0939242 0.0789201 0.118451 
0.0240012 0.114719 0.230417 
0.0679517 0.333889 0.629841 
0.136122 0.534818 0.991569 
0.151197 0.555952 1.05387 
0.109807 0.392722 0.79634 
0.0663302 0.170535 0.405938 
0.0765459 0.0299897 0.104702 
0.157068 0.0328639 0.00162806 
0.282071 0.146631 0.0644318 
0.404701 0.289771 0.188106 
0.482555 0.387558 0.278705 
0.494642 0.403027 0.294063 
0.44713 0.339341 0.238404 
0.371252 0.229559 0.141534 
0.315086 0.126218 0.0466814 
0.324804 0.0863275 0.00275978 
0.415244 0.143008 0.0437333 
0.548775 0.275779 0.158529 
0.649545 0.411054 0.283024 
0.652447 0.466202 0.336731 
0.546096 0.405488 0.281333 
0.372083 0.261296 0.15185 
0.194689 0.114257 0.0412999 
0.0876968 0.067572 0.0659828 
0.144408 0.232018 0.334912 
0.455808 0.687595 0.904579 
1.02237 1.39819 1.70223 
1.66889 2.14284 2.47423 
2.08644 2.57686 2.86175 
2.02616 2.44144 2.61809 
1.49931 1.77233 1.81666 
0.794956 0.910774 0.849081 
0.284972 0.282802 0.178124 
0.186256 0.130072 0.0417139 
0.476776 0.414316 0.35428 
0.993805 0.936885 0.858324 
1.5739 1.51531 1.34815 
2.10051 2.04854 1.75849 
2.46826 2.46305 2.08804 
2.56767 2.66156 2.29718 
2.34108 2.55926 2.30496 
1.84645 2.16136 2.06702 
1.24135 1.58131 1.6278 
0.689791 0.9759 1.09548 
0.2836 0.472494 0.590883 
0.0508928 0.161896 0.237725 
0.0211039 0.136661 0.181556 
0.250862 0.489812 0.564174 
0.760818 1.23423 1.42478 
1.44034 2.20823 2.6006 
2.03069 3.07851 3.7369 
2.23995 3.48188 4.43715 
1.92648 3.22535 4.4619 
1.21668 2.40492 3.83915 
0.459939 1.35812 2.82009 
0.0388516 0.484667 1.73114 
0.155885 0.0542467 0.833044 
0.732619 0.112437 0.261752 
1.47754 0.516017 0.0459035 
2.06498 1.04637 0.14828 
2.30329 1.51979 0.491631 
2.19564 1.84125 0.969041 
1.88339 1.99771 1.45746 
1.53853 2.01995 1.83967 
1.28317 1.94439 2.02316 
1.16687 1.79226 1.94986 
1.17982 1.57035 1.60933 
1.27004 1.29079 1.06807 
1.35902 0.999644 0.498487 
1.37121 0.792221 0.160829 
1.2766 0.78911 0.30426 
1.11473 1.06681 1.01569 
0.966829 1.57704 2.11047 
