0.182745 0.158098 0.103823 
0.445395 0.395219 0.324483 
0.816363 0.706463 0.538905 
1.19174 1.01002 0.708599 
1.52005 1.27334 0.849871 
1.69659 1.41271 0.92836 
1.60575 1.33189 0.884699 
1.26611 1.06252 0.761525 
0.888232 0.822247 0.760183 
0.753059 0.892556 1.12843 
1.01014 1.40644 1.95593 
1.56031 2.21584 3.03952 
2.10183 2.9383 3.92883 
2.30338 3.16218 4.1512 
2.00314 2.69862 3.50379 
1.31998 1.726 2.22722 
0.600773 0.713673 0.908735 
0.225854 0.151961 0.140958 
0.400002 0.269773 0.168389 
1.06815 0.939525 0.784137 
1.98987 1.81443 1.53501 
2.88515 2.55918 2.04172 
3.5403 2.99496 2.18141 
3.83659 3.09637 2.04353 
3.73953 2.91206 1.77042 
3.2919 2.50815 1.4459 
2.61116 1.96487 1.09579 
1.86465 1.38772 0.745256 
1.21417 0.890524 0.448969 
0.757919 0.553181 0.266016 
0.511633 0.394434 0.218532 
0.442993 0.390676 0.28633 
0.528058 0.525266 0.445504 
0.775579 0.815326 0.704585 
1.19188 1.27712 1.08585 
1.71738 1.8535 1.55661 
2.20259 2.37946 1.98235 
2.46442 2.64309 2.17271 
2.39049 2.51263 2.00575 
2.00864 2.02831 1.52752 
1.46493 1.37861 0.931867 
0.931824 0.780874 0.432706 
0.521691 0.36501 0.138543 
0.260919 0.141425 0.0261411 
0.118868 0.0489749 0.00860576 
0.0498454 0.0198755 0.0158729 
0.0184408 0.0122183 0.0224886 
0.00613267 0.00883735 0.0272654 
0.00747725 0.00563762 0.0285025 
0.0212088 0.00373718 0.0210286 
0.042233 0.00608203 0.00695524 
0.0620779 0.0162191 0.000161803 
0.077011 0.0371992 0.0159031 
0.0924513 0.0680102 0.0533712 
0.116686 0.0996711 0.0887178 
0.152358 0.11971 0.0920266 
0.197712 0.127605 0.0606914 
0.254212 0.145784 0.0378234 
0.325375 0.205956 0.0871907 
0.403726 0.314808 0.235526 
0.464384 0.433384 0.43387 
0.482141 0.499773 0.582576 
0.45836 0.480272 0.605785 
0.421911 0.397107 0.508127 
0.392574 0.300883 0.360771 
0.348273 0.21995 0.237243 
0.250703 0.151492 0.171636 
0.119666 0.109142 0.177822 
0.0669471 0.159067 0.284615 
0.216233 0.371212 0.515971 
0.561701 0.714915 0.822781 
0.918087 1.02301 1.06062 
1.04742 1.09999 1.07858 
0.85918 0.8884 0.851533 
0.485467 0.522891 0.514042 
0.156302 0.210905 0.248285 
0.0093361 0.0642304 0.138765 
0.020666 0.0474438 0.138052 
0.0908879 0.0651543 0.154123 
0.158337 0.0652762 0.142582 
0.222964 0.0560442 0.115489 
0.297982 0.0612452 0.0986696 
0.376657 0.0932826 0.111562 
0.444014 0.159899 0.173918 
0.491004 0.260052 0.291127 
0.504299 0.358977 0.41853 
0.462164 0.392387 0.4688 
0.364357 0.325838 0.388955 
0.264169 0.21167 0.233018 
0.248613 0.1661 0.136797 
0.369744 0.273739 0.20477 
0.594428 0.51299 0.420465 
0.827309 0.775773 0.666071 
0.985494 0.954955 0.820005 
1.05191 1.01089 0.832765 
1.06223 0.966254 0.727084 
1.05115 0.859086 0.554698 
1.01945 0.713878 0.366616 
0.949501 0.549739 0.208567 
0.840017 0.394559 0.113986 
0.716197 0.276628 0.084434 
0.609216 0.206016 0.0854477 
0.534021 0.174147 0.078502 
0.483956 0.169333 0.0594264 
0.434266 0.180505 0.0548407 
0.35104 0.187103 0.0810597 
0.220361 0.169387 0.126493 
0.0889788 0.147617 0.18762 
0.0597821 0.19283 0.300017 
0.204533 0.357604 0.493546 
0.461745 0.582476 0.709297 
0.648464 0.705422 0.802824 
0.61264 0.605723 0.674693 
0.379921 0.338649 0.394582 
0.12816 0.0956291 0.156497 
0.00940184 0.0168693 0.0914763 
0.0161563 0.0638906 0.145917 
0.0349942 0.0953623 0.167762 
0.010566 0.0518193 0.0986866 
0.0237967 0.0327789 0.0476408 
0.198698 0.1816 0.164024 
0.544153 0.50863 0.455334 
0.896307 0.83908 0.744566 
1.02201 0.938607 0.809634 
0.805322 0.710644 0.578399 
0.378425 0.31081 0.219582 
0.0894244 0.0856671 0.0574095 
0.297104 0.35605 0.357354 
1.11 1.17726 1.12059 
2.26142 2.25336 2.04065 
3.24026 3.09484 2.67838 
3.60113 3.32135 2.74126 
3.22518 2.88363 2.25505 
2.3469 2.0463 1.50249 
1.36172 1.17716 0.804832 
0.589941 0.531246 0.338424 
0.159413 0.175134 0.106586 
0.0349895 0.0482467 0.028592 
0.113891 0.0618721 0.0317428 
0.299342 0.155963 0.0829099 
0.521943 0.302346 0.175528 
0.72847 0.482076 0.308791 
0.871259 0.664132 0.471283 
0.916548 0.801179 0.628807 
0.864456 0.846386 0.725743 
0.755449 0.779096 0.708663 
0.645619 0.616795 0.56053 
0.564398 0.403894 0.322325 
0.494046 0.195234 0.0936599 
0.39931 0.059916 0.0221767 
0.29084 0.102814 0.285069 
0.266848 0.465532 1.04575 
0.484326 1.27155 2.37344 
1.06543 2.5311 4.15567 
2.00204 4.07413 6.07185 
3.12934 5.5766 7.67724 
4.18742 6.67913 8.5706 
4.92692 7.12751 8.55074 
5.19471 6.85366 7.67356 
4.96623 5.96801 6.1939 
4.32979 4.69297 4.44927 
3.44629 3.28845 2.75947 
2.50811 2.00431 1.38192 
1.7103 1.06081 0.510046 
1.22233 0.623585 0.262571 
1.1323 0.736552 0.619748 
1.37101 1.23709 1.34017 
1.69416 1.76046 1.98139 
1.80207 1.91965 2.11581 
1.54677 1.57433 1.63574 
1.04162 0.94504 0.866609 
0.545537 0.419141 0.313944 
0.229866 0.207358 0.231779 
0.0786681 0.198256 0.430585 
0.0193729 0.159892 0.525443 
0.0950997 0.0450264 0.354018 
0.432893 0.0353853 0.107601 
1.02425 0.275284 0.0530695 
1.59695 0.626481 0.195482 
1.78415 0.763132 0.286376 
1.45906 0.530046 0.16612 
0.896591 0.174861 0.0378719 
0.586077 0.190839 0.349695 
0.865272 0.913605 1.39322 
1.69839 2.24753 3.01427 
2.74486 3.73431 4.68671 
3.58925 4.84219 5.83563 
3.92314 5.21459 6.11707 
3.61434 4.75761 5.49946 
2.73482 3.62975 4.21012 
1.57604 2.20175 2.65067 
0.568006 0.946025 1.2781 
0.0569849 0.220466 0.419386 
0.0818979 0.0652977 0.107335 
0.36802 0.209399 0.100738 
0.572071 0.317275 0.113946 
0.55399 0.259046 0.0569346 
0.42988 0.158631 0.0611687 
0.403069 0.213961 0.293022 
0.580775 0.503865 0.770082 
0.935297 0.955635 1.35315 
1.37319 1.43934 1.87143 
1.79188 1.84887 2.2231 
2.08844 2.11161 2.37864 
2.17329 2.17804 2.34318 
2.01373 2.03684 2.14295 
1.66155 1.73088 1.82777 
1.22388 1.33747 1.4553 
0.804354 0.930079 1.06717 
0.470364 0.563743 0.691641 
0.257414 0.285514 0.367215 
0.174575 0.131755 0.142808 
0.1914 0.0997816 0.0410088 
0.237594 0.137296 0.0354468 
0.250354 0.19037 0.0920592 
0.239009 0.27253 0.237206 
0.284157 0.460318 0.54991 
0.440541 0.783829 1.04237 
0.636587 1.12006 1.54551 
0.705182 1.24009 1.76633 
0.550732 1.0125 1.52334 
0.282646 0.567085 0.945564 
0.146958 0.221528 0.407487 
0.298685 0.210686 0.226213 
0.644696 0.480391 0.403703 
0.923706 0.752491 0.661508 
0.941616 0.789014 0.719215 
0.726997 0.589531 0.534051 
0.470164 0.34591 0.286625 
0.330094 0.230851 0.166009 
0.303203 0.241469 0.187332 
0.266293 0.238851 0.211807 
0.139952 0.129209 0.130245 
0.0155286 0.00592187 0.0212318 
0.119093 0.109395 0.124184 
0.623301 0.62356 0.638356 
1.4597 1.48074 1.52242 
2.30442 2.35451 2.47849 
2.77097 2.86258 3.14335 
2.66136 2.81712 3.32624 
2.07628 2.32375 3.10197 
1.31502 1.6739 2.71233 
0.67222 1.14727 2.3906 
0.295361 0.882126 2.25316 
0.177986 0.873765 2.3031 
0.241806 1.04776 2.4912 
0.415255 1.32459 2.76304 
0.655246 1.63692 3.06647 
0.921465 1.91435 3.3359 
1.14657 2.07193 3.48283 
1.24027 2.02824 3.4146 
