0.239938 0.431999 1.32643 
0.241927 0.380629 1.44007 
0.265157 0.331753 1.4751 
0.296032 0.284041 1.41993 
0.326677 0.238423 1.28097 
0.354601 0.198449 1.08246 
0.38113 0.169558 0.86026 
0.409659 0.157393 0.651938 
0.443961 0.165636 0.487065 
0.486263 0.194048 0.381396 
0.535194 0.237701 0.336938 
0.584774 0.288754 0.348078 
0.62645 0.341926 0.411986 
0.655377 0.403114 0.539532 
0.679325 0.497439 0.760952 
0.724925 0.670263 1.1203 
0.834614 0.975303 1.65618 
1.05083 1.44982 2.37363 
1.39156 2.08572 3.21992 
1.82882 2.81178 4.07977 
2.28377 3.50087 4.79888 
2.64573 4.00475 5.23097 
2.80991 4.20449 5.2893 
2.71784 4.05438 4.97921 
2.38135 3.59882 4.39554 
1.87867 2.95445 3.68648 
1.32494 2.26679 3.00106 
0.831377 1.66206 2.44457 
0.471591 1.21499 2.05972 
0.268168 0.943582 1.83695 
0.202125 0.827723 1.74323 
0.237336 0.838082 1.75129 
0.34642 0.958844 1.85405 
0.525235 1.19312 2.05843 
0.789278 1.54982 2.36477 
1.15414 2.0206 2.74555 
1.6103 2.5609 3.13757 
2.10629 3.08736 3.45426 
2.55138 3.49566 3.61331 
2.84 3.69228 3.56603 
2.88895 3.62631 3.31352 
2.67093 3.30691 2.90255 
2.22847 2.79923 2.40526 
1.66072 2.20184 1.89517 
1.08858 1.61611 1.43107 
0.613452 1.11997 1.05273 
0.287503 0.754125 0.7838 
0.107334 0.522629 0.634095 
0.0312311 0.404119 0.597682 
0.00938236 0.367693 0.649903 
0.0111378 0.387092 0.749608 
0.036279 0.448432 0.849833 
0.106493 0.549459 0.913415 
0.243867 0.691733 0.925433 
0.44967 0.870362 0.895472 
0.695647 1.06717 0.848667 
0.932539 1.25154 0.81085 
1.11101 1.38896 0.795733 
1.204 1.4536 0.800002 
1.21943 1.43875 0.807525 
1.19763 1.36044 0.79943 
1.19449 1.25225 0.764523 
1.2572 1.15262 0.704716 
1.40155 1.08894 0.632567 
1.59992 1.06445 0.56212 
1.78593 1.05451 0.498462 
1.87702 1.01616 0.433362 
1.80792 0.909357 0.351755 
1.56156 0.720877 0.246877 
1.18177 0.477709 0.134387 
0.758563 0.239772 0.053531 
0.390816 0.0722311 0.0496259 
0.144226 0.0107989 0.144579 
0.0274451 0.0403832 0.313052 
0.000184234 0.102398 0.482792 
0.00875196 0.130178 0.565677 
0.0274987 0.0940382 0.506919 
0.0800364 0.0289678 0.325348 
0.225655 0.0253646 0.118292 
0.517535 0.183535 0.0221817 
0.957342 0.554518 0.145468 
1.47431 1.09989 0.508665 
1.94362 1.69469 1.02515 
2.23645 2.17469 1.53517 
2.27573 2.40478 1.87607 
2.0684 2.33373 1.95195 
1.6981 2.00859 1.7674 
1.28403 1.54472 1.41184 
0.929175 1.07103 1.00877 
0.684142 0.680486 0.661388 
0.541582 0.408651 0.422195 
0.457868 0.244005 0.295744 
0.385526 0.156123 0.262787 
0.298426 0.122085 0.305465 
0.200652 0.138478 0.419063 
0.121037 0.218635 0.609126 
0.101052 0.382671 0.882202 
0.181825 0.647385 1.23853 
0.391311 1.01776 1.66851 
0.730985 1.47859 2.14982 
1.16489 1.98686 2.64305 
1.61844 2.4707 3.08923 
1.99396 2.84143 3.41622 
2.20192 3.01977 3.55698 
2.19612 2.967 3.47482 
1.99516 2.70544 3.18296 
1.67736 2.31549 2.74659 
1.34965 1.90803 2.26397 
1.10506 1.58404 1.83422 
0.988941 1.40005 1.52614 
0.988596 1.35404 1.36106 
1.04808 1.39551 1.31457 
1.09776 1.45191 1.33323 
1.08343 1.45814 1.35695 
0.983312 1.37717 1.33809 
0.8092 1.20655 1.25209 
0.595488 0.972206 1.09902 
0.383504 0.715041 0.898337 
0.207708 0.47645 0.680342 
0.0875472 0.287215 0.476902 
0.0257145 0.161922 0.313632 
0.0115686 0.0990384 0.204845 
0.0275134 0.0853279 0.152022 
0.0558071 0.102337 0.145758 
0.0834458 0.132291 0.169966 
0.103634 0.161281 0.206465 
0.114015 0.17928 0.238354 
0.113728 0.17868 0.251997 
0.102286 0.154295 0.238935 
0.0821298 0.106809 0.19909 
0.0636328 0.0484101 0.144652 
0.0681821 0.00590081 0.101386 
0.124341 0.0158853 0.103374 
0.255543 0.110418 0.180133 
0.463797 0.298224 0.340721 
0.718641 0.551853 0.563742 
0.960003 0.810426 0.801313 
1.11705 1.00019 0.998045 
1.13587 1.06472 1.11696 
1.00289 0.990279 1.15892 
0.752466 0.813283 1.1648 
0.455025 0.60653 1.19878 
0.192304 0.4515 1.32137 
0.0314878 0.410385 1.56566 
0.00877794 0.509548 1.92687 
0.126289 0.738463 2.36755 
0.359145 1.06006 2.83235 
0.666317 1.42443 3.26363 
0.999841 1.77931 3.61106 
1.31068 2.07529 3.83421 
1.55272 2.26789 3.90126 
1.68739 2.32071 3.78934 
1.69051 2.21205 3.48938 
1.5604 1.94437 3.01514 
1.32416 1.55224 2.411 
1.03758 1.10247 1.75201 
0.77496 0.681898 1.13083 
0.608827 0.373361 0.633353 
0.584883 0.227603 0.311375 
0.702281 0.243676 0.165827 
0.909779 0.369023 0.150437 
1.12269 0.521885 0.19595 
1.25562 0.626836 0.242868 
1.25692 0.645986 0.264691 
1.12852 0.589754 0.268755 
0.921202 0.502328 0.276069 
0.708118 0.431774 0.295935 
0.550679 0.403699 0.3155 
0.474426 0.414308 0.314072 
0.465829 0.445096 0.293179 
0.488536 0.48633 0.298679 
0.507009 0.550332 0.412546 
0.503213 0.663043 0.710561 
0.478653 0.838671 1.20693 
0.44456 1.05586 1.82088 
0.409849 1.25469 2.39188 
0.375628 1.36044 2.74262 
0.338058 1.32137 2.75845 
0.294433 1.13701 2.43973 
0.245946 0.858858 1.89746 
0.195294 0.563384 1.2962 
0.143238 0.315524 0.7789 
0.0896846 0.14589 0.416531 
0.0398394 0.0533611 0.206448 
0.00903694 0.0252884 0.110095 
0.0180226 0.0551222 0.096838 
0.0772626 0.141558 0.161511 
0.170165 0.270986 0.307116 
0.251266 0.401925 0.512469 
0.26898 0.471881 0.716469 
0.205091 0.430745 0.837625 
0.106368 0.281702 0.819535 
0.0813145 0.0988371 0.671068 
0.252562 0.0010584 0.470556 
0.684176 0.0897397 0.326371 
1.32448 0.384292 0.315971 
2.00293 0.796473 0.441238 
2.49225 1.16442 0.629103 
2.60935 1.3326 0.779035 
2.30401 1.23578 0.83081 
1.68813 0.941448 0.814178 
0.989666 0.62758 0.852401 
0.45514 0.507136 1.11633 
0.250104 0.73707 1.7499 
0.404019 1.35385 2.79965 
0.819299 2.26054 4.17713 
1.33045 3.26441 5.66851 
1.77795 4.14358 6.98812 
2.06206 4.71446 7.85848 
2.15904 4.87838 8.0912 
2.10445 4.63733 7.64206 
1.96111 4.08022 6.62129 
1.79033 3.3482 5.25456 
1.63635 2.59152 3.80929 
1.5249 1.93165 2.51495 
1.47059 1.44041 1.50916 
1.48729 1.14149 0.828448 
1.5963 1.02987 0.440485 
1.82797 1.09582 0.294034 
2.21385 1.33792 0.35638 
2.76906 1.75614 0.618911 
3.47046 2.32962 1.07336 
4.24125 2.99502 1.68027 
4.9539 3.64388 2.35556 
5.45728 4.14765 2.98854 
5.62225 4.40275 3.48363 
5.38921 4.37452 3.80193 
4.79645 4.11703 3.97797 
3.97523 3.75675 4.10099 
3.11113 3.44605 4.27025 
2.38667 3.30727 4.54747 
1.92793 3.39189 4.92964 
1.77519 3.6705 5.35316 
1.88579 4.05442 5.72405 
2.16398 4.436 5.95768 
2.50238 4.72947 6.0107 
2.81836 4.89742 5.89448 
3.07387 4.95659 5.66943 
3.27586 4.96596 5.42664 
3.46211 5.00533 5.26592 
3.68155 5.15348 5.27732 
3.97741 5.47284 5.53037 
4.37814 6.00259 6.07053 
4.89581 6.75799 6.91963 
5.52746 7.73075 8.07457 
6.25389 8.88541 9.50018 
7.03349 10.151 11.1163 
7.79423 11.4132 12.7863 
8.4322 12.5161 14.3178 
8.82507 13.2824 15.486 
8.86283 13.553 16.0793 
