1.85036 1.18284 0.785884 
1.40839 0.886733 0.600579 
0.851514 0.45933 0.245489 
0.559481 0.26897 0.0799584 
0.67497 0.485382 0.327811 
1.02284 0.932755 0.856891 
1.30079 1.24881 1.27632 
1.34476 1.19352 1.25868 
1.2316 0.83376 0.804042 
1.16445 0.471652 0.241511 
1.28518 0.41585 0.00138895 
1.58411 0.795612 0.355833 
1.94885 1.53202 1.30011 
2.26867 2.4321 2.6026 
2.49731 3.29994 3.93677 
2.64663 3.99258 4.99804 
2.74494 4.42073 5.56867 
2.80313 4.53475 5.54796 
2.80955 4.32723 4.96997 
2.74971 3.84984 4.00193 
2.63177 3.21762 2.89938 
2.49656 2.58035 1.9162 
2.40717 2.07253 1.21218 
2.43429 1.77869 0.817927 
2.65164 1.73651 0.677189 
3.12563 1.95606 0.721092 
3.86582 2.40961 0.902484 
4.74139 2.98336 1.1655 
5.4406 3.44874 1.40093 
5.56606 3.52793 1.46153 
4.86421 3.05416 1.25152 
3.44489 2.11903 0.818227 
1.79978 1.07039 0.35122 
0.553411 0.323869 0.06674 
0.0934991 0.106288 0.0585449 
0.344352 0.320246 0.234653 
0.853494 0.635299 0.394007 
1.12524 0.736222 0.383767 
0.949468 0.538586 0.21328 
0.490249 0.214481 0.0374572 
0.0972239 0.0258757 0.0274111 
0.0151379 0.110573 0.233178 
0.22313 0.389132 0.544631 
0.503679 0.649989 0.775142 
0.646356 0.723754 0.796224 
0.600785 0.598308 0.617349 
0.469675 0.395086 0.357625 
0.387832 0.252839 0.146924 
0.418787 0.23314 0.0448301 
0.551186 0.319434 0.0368236 
0.762584 0.482703 0.0918589 
1.06061 0.731676 0.216239 
1.45736 1.09904 0.455684 
1.91682 1.58936 0.854076 
2.34251 2.14897 1.41368 
2.62373 2.68607 2.0884 
2.6964 3.11569 2.80361 
2.56639 3.38789 3.47703 
2.28704 3.48559 4.02808 
1.92369 3.41156 4.38453 
1.53603 3.18604 4.49862 
1.17837 2.8542 4.3692 
0.898537 2.48657 4.05403 
0.725134 2.16157 3.65871 
0.65241 1.93661 3.30185 
0.638471 1.82331 3.06873 
0.623773 1.78186 2.97352 
0.564783 1.74189 2.95325 
0.468681 1.64635 2.90571 
0.407859 1.49598 2.75613 
0.493161 1.35954 2.50766 
0.804825 1.32844 2.23261 
1.3169 1.43845 2.00582 
1.87361 1.6195 1.83537 
2.25184 1.7236 1.65377 
2.28047 1.61938 1.37974 
1.93768 1.28273 0.995479 
1.35952 0.814237 0.571343 
0.758494 0.374953 0.220946 
0.312191 0.0940459 0.0299325 
0.0910211 0.0111282 0.0137149 
0.054738 0.0771956 0.122629 
0.101745 0.195891 0.274545 
0.134494 0.274405 0.389429 
0.108849 0.263566 0.41656 
0.049644 0.176649 0.352988 
0.0298061 0.0799951 0.245104 
0.125097 0.0558011 0.163687 
0.366879 0.15249 0.159286 
0.715177 0.349429 0.225353 
1.06382 0.558221 0.297998 
1.27657 0.664124 0.29856 
1.2444 0.590699 0.196055 
0.947286 0.357748 0.0512003 
0.493876 0.0992086 0.00917389 
0.104503 0.0157985 0.230088 
0.0157954 0.26418 0.779046 
0.333215 0.830595 1.53374 
0.920786 1.47777 2.18573 
1.435 1.84166 2.3799 
1.53034 1.66179 1.94518 
1.11785 1.00286 1.06899 
0.470104 0.278605 0.255345 
0.0504876 0.00602412 0.0371211 
0.168378 0.437432 0.614374 
0.733337 1.35277 1.6898 
1.3219 2.19579 2.64961 
1.50946 2.46349 2.97024 
1.1902 2.04589 2.54678 
0.625384 1.2587 1.70632 
0.203753 0.57188 0.929377 
0.137182 0.27494 0.521511 
0.339368 0.334091 0.475972 
0.551845 0.506188 0.579134 
0.577151 0.569873 0.622019 
0.424648 0.481544 0.541636 
0.280467 0.366683 0.417154 
0.358434 0.3958 0.369838 
0.755977 0.657358 0.464149 
1.40408 1.10871 0.673348 
2.11965 1.61432 0.911065 
2.7078 2.02747 1.09069 
3.04817 2.26001 1.17042 
3.12516 2.30567 1.16132 
3.00147 2.21644 1.10302 
2.76457 2.05872 1.03158 
2.48219 1.88052 0.964602 
2.1852 1.70286 0.90786 
1.87408 1.52551 0.86448 
1.53754 1.33352 0.829355 
1.1762 1.10622 0.777524 
0.823712 0.837199 0.672593 
0.54662 0.555801 0.500281 
0.406768 0.322246 0.294326 
0.40535 0.186639 0.120063 
0.463996 0.147906 0.0280319 
0.479369 0.161618 0.0286641 
0.411396 0.193462 0.112599 
0.313877 0.253965 0.278325 
0.266643 0.365615 0.517557 
0.280178 0.501026 0.774466 
0.284388 0.580427 0.949963 
0.219443 0.55032 0.977224 
0.120649 0.454192 0.892737 
0.0877617 0.397036 0.806507 
0.165573 0.427927 0.785151 
0.276265 0.475268 0.776929 
0.292451 0.421983 0.674839 
0.177449 0.246326 0.455412 
0.0371519 0.0692877 0.23381 
0.023317 0.0483225 0.164123 
0.190376 0.227643 0.288748 
0.453199 0.501275 0.497951 
0.678566 0.718472 0.636323 
0.80467 0.812074 0.636016 
0.869724 0.823087 0.544141 
0.941222 0.821544 0.442294 
1.03891 0.830482 0.367832 
1.13232 0.833546 0.31859 
1.19819 0.835825 0.308373 
1.25928 0.888111 0.384742 
1.35754 1.03781 0.580515 
1.49397 1.26143 0.85944 
1.60158 1.45536 1.12353 
1.57926 1.49707 1.27488 
1.35711 1.32195 1.2682 
0.94874 0.961625 1.11671 
0.468383 0.536661 0.875563 
0.106637 0.221093 0.635427 
0.0586035 0.181035 0.51041 
0.416879 0.488235 0.584062 
1.08789 1.04982 0.831734 
1.80888 1.6251 1.10054 
2.28234 1.95125 1.19886 
2.34252 1.89931 1.03654 
2.03139 1.53858 0.690433 
1.53603 1.06323 0.334446 
1.05522 0.654819 0.103964 
0.704827 0.396258 0.0185599 
0.513782 0.284516 0.0155558 
0.476957 0.295253 0.0386513 
0.596991 0.423615 0.0904546 
0.87434 0.666544 0.208038 
1.25717 0.970312 0.39192 
1.60617 1.20172 0.557539 
1.73578 1.19705 0.570497 
1.53869 0.888295 0.369868 
1.10739 0.419362 0.093585 
0.725117 0.123908 0.0695408 
0.688292 0.324034 0.614186 
1.08692 1.08248 1.76379 
1.73625 2.12635 3.17723 
2.32352 3.03069 4.33487 
2.62689 3.50693 4.88678 
2.6058 3.53923 4.84767 
2.31978 3.27318 4.47765 
1.82138 2.81713 3.99505 
1.1673 2.18385 3.41711 
0.510981 1.41234 2.66349 
0.111531 0.689743 1.77099 
0.184308 0.295213 0.966111 
0.720607 0.398706 0.516981 
1.46875 0.918358 0.524868 
2.10872 1.57856 0.861651 
2.45043 2.10038 1.28892 
2.47619 2.33875 1.6165 
2.23551 2.27332 1.75817 
1.7591 1.93156 1.68711 
1.10343 1.36916 1.3985 
0.443627 0.718135 0.941068 
0.045856 0.195759 0.460171 
0.0849118 0.000447629 0.157284 
0.474241 0.163896 0.161387 
0.899605 0.506893 0.419326 
1.05158 0.759654 0.715312 
0.849648 0.749728 0.818167 
0.464017 0.502423 0.643031 
0.147327 0.191662 0.306201 
0.0560492 0.0103731 0.0416253 
0.203596 0.0670091 0.0466441 
0.521379 0.35249 0.360004 
0.913832 0.757221 0.841989 
1.25994 1.11469 1.26161 
1.41961 1.27137 1.43597 
1.30209 1.1709 1.33794 
0.953685 0.902132 1.10751 
0.56252 0.659189 0.963295 
0.343899 0.623069 1.07379 
0.391713 0.844751 1.46713 
0.623203 1.21619 2.02454 
0.86023 1.54849 2.54929 
0.967627 1.69521 2.86765 
0.927753 1.62994 2.90861 
0.804207 1.43132 2.7222 
0.660555 1.20799 2.43236 
0.538965 1.04392 2.16541 
0.521604 1.00954 2.00958 
0.770732 1.19046 2.01385 
1.42098 1.63756 2.17486 
2.35342 2.2297 2.37958 
3.0884 2.60519 2.37868 
3.03747 2.35356 1.92087 
2.04474 1.43519 1.04444 
0.769524 0.476949 0.280032 
0.441506 0.547052 0.459963 
2.01095 2.41463 2.13003 
5.32306 5.83579 4.99582 
9.04846 9.51735 7.93408 
11.5071 11.8857 9.66308 
11.7486 12.0806 9.56548 
10.0406 10.3927 8.00013 
