0.495533 0.195024 0.0704163 
1.00382 0.647732 0.377864 
1.40868 1.13655 0.812643 
1.56944 1.4421 1.13239 
1.46036 1.46737 1.2196 
1.11133 1.20642 1.05721 
0.611361 0.733648 0.697573 
0.1636 0.243212 0.292706 
0.041577 0.0178312 0.0894677 
0.392172 0.251051 0.289259 
1.05965 0.857231 0.859804 
1.65267 1.48947 1.50931 
1.83556 1.79329 1.89324 
1.57033 1.66429 1.86911 
1.08293 1.27094 1.56022 
0.628889 0.863603 1.20408 
0.325782 0.599767 0.979413 
0.188445 0.536011 0.96936 
0.238812 0.701936 1.2101 
0.504608 1.09561 1.68339 
0.916753 1.6015 2.2451 
1.28051 1.9849 2.63012 
1.40539 2.03843 2.60969 
1.26248 1.74818 2.17277 
0.991871 1.29632 1.53649 
0.768445 0.902181 0.969436 
0.697821 0.686089 0.617287 
0.837709 0.681961 0.493989 
1.24103 0.913016 0.583804 
1.88793 1.37302 0.878733 
2.5695 1.92332 1.30192 
2.92818 2.28433 1.65645 
2.7126 2.21549 1.72504 
2.01868 1.72746 1.44393 
1.23898 1.08633 0.958031 
0.735818 0.58468 0.492417 
0.561141 0.316492 0.183327 
0.498979 0.180615 0.0374517 
0.354818 0.0707995 0.0173857 
0.165928 0.0144706 0.114376 
0.127859 0.114499 0.323534 
0.355854 0.389725 0.580917 
0.754086 0.711195 0.765411 
1.11166 0.902637 0.778662 
1.29191 0.889715 0.622431 
1.3088 0.743741 0.397099 
1.23832 0.588149 0.222785 
1.09893 0.476329 0.152051 
0.851561 0.368004 0.14839 
0.511153 0.217764 0.146053 
0.215024 0.0635819 0.127879 
0.1337 0.00288103 0.135609 
0.299658 0.0779201 0.201698 
0.547384 0.208978 0.289199 
0.650659 0.265007 0.321423 
0.523853 0.196148 0.268246 
0.280637 0.0751232 0.178309 
0.101867 0.00505099 0.11575 
0.0640003 0.00910584 0.0863241 
0.0979412 0.0274996 0.050132 
0.0950714 0.0134645 0.00462137 
0.0401694 0.0164171 0.0370859 
0.0476741 0.168361 0.28606 
0.266111 0.580351 0.83986 
0.715336 1.21689 1.63722 
1.19266 1.84121 2.43134 
1.37305 2.11488 2.87417 
1.08025 1.83946 2.72593 
0.504863 1.16673 2.06478 
0.122396 0.553682 1.29152 
0.324002 0.435538 0.859733 
1.07981 0.881705 0.935268 
1.95543 1.55284 1.29451 
2.46382 1.99524 1.55061 
2.4201 1.98858 1.47867 
2.00585 1.64857 1.1457 
1.55664 1.25744 0.782784 
1.30784 1.02862 0.575322 
1.28616 0.993907 0.554651 
1.35784 1.03798 0.622206 
1.34989 1.00561 0.637575 
1.17061 0.813442 0.512578 
0.876117 0.516936 0.276447 
0.634922 0.281909 0.0655432 
0.595136 0.256 0.0170829 
0.752352 0.434454 0.142101 
0.943559 0.653266 0.309224 
0.986912 0.73576 0.378597 
0.842598 0.658064 0.357488 
0.644235 0.56703 0.403692 
0.576611 0.63086 0.655897 
0.720261 0.873265 1.06229 
0.999716 1.15281 1.39201 
1.25931 1.29519 1.42778 
1.37694 1.23823 1.15295 
1.31915 1.05592 0.756373 
1.12083 0.862682 0.462826 
0.841416 0.710826 0.358288 
0.543761 0.576383 0.362437 
0.291705 0.422979 0.344485 
0.136998 0.258741 0.250221 
0.0912012 0.127464 0.124728 
0.114149 0.0576025 0.0370117 
0.145412 0.0362224 0.00559054 
0.159099 0.0382417 0.00245057 
0.189167 0.0733827 0.0164317 
0.295594 0.191724 0.0936014 
0.499659 0.433337 0.301419 
0.746967 0.766785 0.646331 
0.930628 1.07619 1.02607 
0.9565 1.2183 1.27233 
0.80448 1.11454 1.26112 
0.546003 0.810406 1.00349 
0.304263 0.450895 0.636655 
0.179363 0.184236 0.31972 
0.19095 0.0718926 0.128999 
0.28449 0.0819982 0.0497151 
0.39329 0.162001 0.0582239 
0.495494 0.305122 0.188263 
0.616098 0.539948 0.496724 
0.786464 0.867063 0.968312 
1.00924 1.22369 1.47448 
1.24948 1.51193 1.83897 
1.43868 1.64999 1.94456 
1.48964 1.59918 1.78607 
1.33913 1.3687 1.44772 
1.0052 1.01837 1.04936 
0.600542 0.648868 0.700122 
0.267052 0.359715 0.465935 
0.0834394 0.197927 0.355866 
0.0341281 0.146597 0.338496 
0.0587183 0.16121 0.375165 
0.11489 0.207028 0.434397 
0.193175 0.263183 0.479518 
0.295729 0.314441 0.467173 
0.423217 0.361326 0.382698 
0.574171 0.431158 0.274624 
0.730206 0.550856 0.228799 
0.832982 0.693321 0.287914 
0.799277 0.764399 0.396975 
0.592832 0.670498 0.440751 
0.296544 0.417927 0.346767 
0.099523 0.145816 0.159442 
0.177074 0.0435631 0.0152212 
0.54387 0.206172 0.0353802 
1.0052 0.544031 0.223741 
1.26883 0.830973 0.455755 
1.15054 0.865881 0.573068 
0.715699 0.623817 0.50805 
0.239329 0.274005 0.33411 
0.0167849 0.0543461 0.203976 
0.182214 0.114196 0.239034 
0.668273 0.449051 0.465712 
1.29821 0.947317 0.83086 
1.89375 1.4692 1.248 
2.31234 1.8831 1.61953 
2.43606 2.06606 1.83708 
2.18658 1.92373 1.80087 
1.58905 1.45105 1.47556 
0.82711 0.790324 0.950003 
0.21139 0.219068 0.445352 
0.0400706 0.0363854 0.235044 
0.416356 0.387791 0.492373 
1.14592 1.13622 1.14888 
1.81636 1.896 1.88255 
2.04248 2.25148 2.29139 
1.7149 2.02403 2.15401 
1.05537 1.37743 1.57217 
0.431088 0.671323 0.870375 
0.0910933 0.195192 0.346705 
0.0452614 0.0129359 0.0982909 
0.148764 0.0151162 0.0447893 
0.26214 0.0708002 0.0670609 
0.333256 0.120049 0.104266 
0.377031 0.167492 0.157598 
0.425679 0.242033 0.257371 
0.494675 0.365022 0.432669 
0.557158 0.514954 0.666871 
0.541198 0.606228 0.857714 
0.393236 0.545802 0.864887 
0.1803 0.359517 0.660133 
0.101905 0.244484 0.428076 
0.331489 0.422471 0.445747 
0.812177 0.894695 0.80265 
1.24544 1.37195 1.25784 
1.33997 1.51148 1.43627 
1.08921 1.24739 1.1948 
0.777581 0.860245 0.768155 
0.692939 0.694508 0.525577 
0.8448 0.819473 0.598894 
0.98426 0.993882 0.784598 
0.890674 0.95751 0.810144 
0.606949 0.71834 0.649681 
0.380064 0.527648 0.537454 
0.393977 0.592237 0.682372 
0.590887 0.850345 1.0161 
0.75106 1.04049 1.24805 
0.714112 0.962658 1.1507 
0.502999 0.648683 0.766251 
0.257171 0.295677 0.344135 
0.089059 0.0756109 0.113179 
0.0167749 0.022501 0.125572 
0.000378727 0.0666369 0.281957 
0.00209901 0.129416 0.453705 
0.00930836 0.177858 0.570813 
0.0300548 0.223304 0.633751 
0.0867899 0.29965 0.685831 
0.202051 0.437549 0.778114 
0.367329 0.632841 0.931759 
0.523529 0.828456 1.112 
0.590435 0.940602 1.24263 
0.531691 0.920543 1.26094 
0.391779 0.795195 1.16536 
0.26169 0.642481 1.00962 
0.203737 0.52552 0.854824 
0.210406 0.455046 0.735487 
0.238333 0.417596 0.672183 
0.28184 0.432665 0.700673 
0.408471 0.56765 0.864335 
0.712754 0.883119 1.16346 
1.22112 1.35573 1.51552 
1.82741 1.85167 1.77838 
2.31445 2.1766 1.82362 
2.4537 2.16706 1.59926 
2.13073 1.77413 1.14841 
1.43391 1.11092 0.601805 
0.647317 0.436226 0.156077 
0.113867 0.0407352 0.00211904 
0.0196848 0.0611093 0.192876 
0.25769 0.359983 0.554654 
0.520834 0.625013 0.789165 
0.582347 0.653912 0.745888 
0.505396 0.561438 0.607805 
0.555079 0.665704 0.74575 
0.888305 1.13492 1.33036 
1.35197 1.76124 2.09459 
1.61377 2.11892 2.52494 
1.48266 1.95099 2.30948 
1.07209 1.38238 1.59289 
0.65457 0.763048 0.804328 
0.404862 0.348538 0.277998 
0.315362 0.158303 0.0572453 
0.319799 0.095565 0.00927144 
0.41492 0.115543 0.0356089 
0.620629 0.236134 0.131966 
0.864901 0.431424 0.29602 
0.985787 0.592984 0.45917 
0.880963 0.624592 0.53687 
0.628112 0.542135 0.511109 
0.416899 0.441915 0.427068 
0.355125 0.375886 0.319537 
