0.0460228 0.428036 1.81869 
0.143194 0.155723 1.08479 
0.463351 0.0566486 0.458981 
1.06474 0.269267 0.166372 
1.8786 0.79719 0.29 
2.71031 1.49202 0.735511 
3.31061 2.1139 1.27981 
3.48347 2.43983 1.67781 
3.17491 2.36374 1.77181 
2.49639 1.93711 1.54921 
1.6718 1.33269 1.125 
0.937604 0.755442 0.667081 
0.448422 0.350829 0.310479 
0.233029 0.157057 0.106533 
0.214974 0.118711 0.027012 
0.276443 0.143461 0.00902842 
0.324504 0.162344 0.00534214 
0.32468 0.158598 0.00781613 
0.29169 0.154754 0.0346425 
0.254192 0.175484 0.0979011 
0.223067 0.216912 0.179879 
0.185172 0.24498 0.237812 
0.123786 0.223091 0.234769 
0.0477337 0.148388 0.174928 
0.00557631 0.0699977 0.117286 
0.0716093 0.0741706 0.155111 
0.308886 0.24213 0.36974 
0.729168 0.603156 0.783198 
1.27218 1.10851 1.33533 
1.81659 1.6406 1.8981 
2.21925 2.05385 2.3207 
2.36605 2.22862 2.48498 
2.21326 2.11504 2.34738 
1.80316 1.74922 1.95147 
1.24869 1.23756 1.40896 
0.694159 0.71727 0.859491 
0.267372 0.309907 0.42547 
0.040815 0.0848764 0.177979 
0.0148799 0.0446024 0.123052 
0.127384 0.134028 0.210201 
0.283897 0.268709 0.358145 
0.396325 0.370065 0.488103 
0.414869 0.394523 0.55271 
0.341381 0.345494 0.549301 
0.219462 0.263319 0.51128 
0.106404 0.197596 0.480811 
0.0410126 0.175783 0.477103 
0.024799 0.186237 0.480159 
0.028394 0.188154 0.443808 
0.0208199 0.145347 0.334035 
0.00339403 0.0633375 0.168917 
0.0232862 0.00228641 0.0293225 
0.151528 0.0499758 0.0240473 
0.433435 0.265205 0.223314 
0.841627 0.625925 0.600822 
1.26622 1.01974 1.02619 
1.55683 1.29086 1.32131 
1.59738 1.32091 1.35257 
1.37061 1.09559 1.10442 
0.971709 0.715533 0.688703 
0.56146 0.343244 0.283775 
0.28613 0.118743 0.0410245 
0.211241 0.0939965 0.0145669 
0.304392 0.221465 0.151128 
0.469596 0.395655 0.33694 
0.605243 0.515518 0.46547 
0.649609 0.529469 0.484764 
0.593761 0.443803 0.40471 
0.46633 0.30175 0.272928 
0.30946 0.155008 0.142935 
0.162776 0.0454864 0.0534523 
0.0593443 0.000925095 0.0230217 
0.0273921 0.0376973 0.0536827 
0.0908319 0.163941 0.137371 
0.267218 0.381781 0.263659 
0.565481 0.690218 0.428868 
0.98401 1.08725 0.642306 
1.50616 1.56597 0.92173 
2.09148 2.10201 1.27457 
2.66778 2.63866 1.67347 
3.13512 3.08409 2.04462 
3.38964 3.33215 2.28419 
3.36237 3.30307 2.30128 
3.05385 2.98409 2.06533 
2.54241 2.44432 1.62888 
1.95708 1.81124 1.10897 
1.42745 1.21969 0.636018 
1.0379 0.761535 0.299565 
0.810608 0.463482 0.121608 
0.72294 0.301873 0.0696286 
0.742668 0.239243 0.0956005 
0.854966 0.255517 0.17223 
1.06376 0.353478 0.302511 
1.36991 0.538206 0.499089 
1.74531 0.788971 0.751291 
2.12441 1.04693 1.00597 
2.42173 1.23064 1.17873 
2.56602 1.27217 1.19196 
2.53078 1.15267 1.01822 
2.34307 0.915808 0.70312 
2.06693 0.650585 0.352846 
1.7721 0.452312 0.0910222 
1.50648 0.382248 0.00600572 
1.28583 0.445642 0.114461 
1.1024 0.596681 0.357899 
0.942729 0.764361 0.631846 
0.801467 0.883984 0.83175 
0.683259 0.919106 0.893513 
0.594462 0.866771 0.811752 
0.533428 0.748704 0.631449 
0.48788 0.597047 0.421314 
0.441564 0.442709 0.243599 
0.384884 0.309589 0.133428 
0.32135 0.213146 0.0934733 
0.265116 0.160274 0.101917 
0.231772 0.149211 0.127053 
0.229557 0.170763 0.141627 
0.257459 0.212497 0.132425 
0.311066 0.265281 0.103427 
0.39093 0.328652 0.0725679 
0.506257 0.410845 0.0633587 
0.670405 0.522205 0.0938752 
0.89088 0.665256 0.16715 
1.16052 0.827579 0.26738 
1.45538 0.982346 0.364497 
1.73973 1.09662 0.425699 
1.97408 1.14274 0.428734 
2.12157 1.10684 0.370658 
2.15181 0.991335 0.268432 
2.04499 0.81286 0.15229 
1.79938 0.598944 0.0560734 
1.44034 0.385336 0.00863509 
1.02383 0.21205 0.0277299 
0.626868 0.114995 0.115564 
0.323986 0.113097 0.255601 
0.158806 0.196492 0.41274 
0.126137 0.324482 0.540385 
0.176339 0.438589 0.595407 
0.241513 0.487115 0.556273 
0.269644 0.448997 0.434888 
0.247549 0.343149 0.273692 
0.200261 0.217088 0.127141 
0.169029 0.121034 0.0365111 
0.1829 0.0826115 0.012116 
0.241458 0.096522 0.0332337 
0.31776 0.133743 0.0652114 
0.377093 0.162517 0.0824375 
0.398034 0.166972 0.0824918 
0.382759 0.152417 0.0831287 
0.352237 0.13634 0.105435 
0.332035 0.133645 0.155563 
0.339322 0.147319 0.217835 
0.378679 0.170433 0.263815 
0.446792 0.196344 0.270888 
0.539632 0.227937 0.237575 
0.654844 0.277661 0.185233 
0.786892 0.357246 0.14507 
0.91922 0.46403 0.139135 
1.02123 0.574222 0.167642 
1.05558 0.649484 0.210387 
0.99425 0.654635 0.240527 
0.835078 0.576542 0.241107 
0.608378 0.432863 0.213681 
0.368183 0.265119 0.174435 
0.171535 0.120043 0.1419 
0.0565927 0.0299357 0.125374 
0.0311412 0.00258839 0.121446 
0.0767332 0.0245901 0.119336 
0.164185 0.0734548 0.109575 
0.269805 0.129676 0.0893434 
0.382596 0.182017 0.061983 
0.499817 0.225641 0.0336035 
0.616481 0.257921 0.0116229 
0.717949 0.277024 0.00682677 
0.781606 0.284221 0.0353709 
0.786564 0.28629 0.115214 
0.724626 0.293696 0.255362 
0.60541 0.314048 0.443424 
0.453004 0.345258 0.641236 
0.297099 0.374413 0.795182 
0.164084 0.384578 0.858433 
0.0718849 0.365602 0.813189 
0.0286866 0.321335 0.679367 
0.0335 0.267941 0.504038 
0.0772083 0.224616 0.338235 
0.144881 0.203828 0.215635 
0.220827 0.20837 0.145455 
0.295819 0.236818 0.121185 
0.372734 0.29179 0.135658 
0.465829 0.38271 0.189504 
0.591785 0.518941 0.286569 
0.756193 0.697048 0.420943 
0.943181 0.891555 0.567261 
1.11524 1.05734 0.683803 
1.22486 1.14459 0.728562 
1.23289 1.1191 0.679107 
1.12505 0.97757 0.544459 
0.919248 0.750478 0.362459 
0.661257 0.492094 0.184791 
0.411359 0.262896 0.0578788 
0.22686 0.111509 0.00812586 
0.145775 0.0617104 0.0360086 
0.175985 0.107385 0.11904 
0.293133 0.216231 0.221118 
0.448797 0.341316 0.305079 
0.587232 0.437282 0.344916 
0.664942 0.475556 0.333672 
0.66495 0.452249 0.283738 
0.599375 0.385267 0.21926 
0.499667 0.302757 0.164716 
0.400444 0.229838 0.136261 
0.325786 0.18099 0.140565 
0.284166 0.160833 0.180272 
0.271928 0.169672 0.259758 
0.280023 0.20709 0.384359 
0.298354 0.269541 0.551511 
0.316131 0.344207 0.739789 
0.321438 0.40611 0.905695 
0.304391 0.424537 0.994585 
0.26485 0.378298 0.963266 
0.22036 0.271981 0.803235 
0.207348 0.142631 0.551415 
0.271196 0.0504571 0.281093 
0.447271 0.0559779 0.0761312 
0.741166 0.19379 5.8421e-05 
1.11816 0.455314 0.0736836 
1.50799 0.788382 0.269845 
1.82393 1.11338 0.525418 
1.98875 1.34857 0.76366 
1.95773 1.4346 0.917576 
1.73139 1.35041 0.947133 
1.35512 1.11727 0.847337 
0.907554 0.792088 0.647436 
0.4818 0.452952 0.402699 
0.164073 0.180139 0.180215 
0.013786 0.0361888 0.040825 
0.0492382 0.0492302 0.0211941 
0.242983 0.204659 0.121941 
0.52959 0.449173 0.307278 
0.824966 0.707336 0.517557 
1.05169 0.905507 0.690148 
1.16148 0.994172 0.779747 
1.14667 0.960281 0.769744 
1.03711 0.826059 0.671534 
0.885457 0.637112 0.515167 
0.748037 0.446504 0.338086 
0.668437 0.300936 0.176975 
0.667959 0.231622 0.063121 
0.743093 0.249304 0.018389 
0.868496 0.342388 0.0497469 
1.00416 0.478932 0.144205 
