0.0901481 0.0223862 0.0189767 
0.195978 0.124063 0.137261 
0.228252 0.193556 0.242017 
0.170161 0.177366 0.253537 
0.0922029 0.117023 0.192653 
0.0470114 0.0651917 0.116986 
0.0229087 0.0284216 0.0540653 
0.00832673 0.00554655 0.0117958 
0.0674479 0.0521228 0.0289055 
0.302161 0.255773 0.167862 
0.717455 0.62161 0.433313 
1.14601 1.00155 0.717135 
1.34501 1.17869 0.865028 
1.19142 1.04842 0.820027 
0.785716 0.717228 0.691708 
0.364411 0.415557 0.66485 
0.114598 0.310614 0.832221 
0.0656011 0.397783 1.11742 
0.131211 0.55309 1.35501 
0.22388 0.66594 1.43377 
0.320985 0.7167 1.36274 
0.443364 0.748742 1.21998 
0.594961 0.792315 1.06291 
0.728587 0.822119 0.893471 
0.765919 0.778814 0.693091 
0.658821 0.627033 0.472019 
0.447821 0.398941 0.277017 
0.25932 0.183524 0.152029 
0.218424 0.0631219 0.0950733 
0.340678 0.0529771 0.0646697 
0.51723 0.112337 0.0468734 
0.630918 0.22457 0.120892 
0.686498 0.446779 0.427409 
0.792628 0.836429 1.01851 
0.992666 1.30912 1.71441 
1.14566 1.61184 2.15079 
1.04409 1.51835 2.05196 
0.68873 1.1007 1.51581 
0.414384 0.781876 1.01723 
0.666242 1.04333 1.0666 
1.59144 2.01224 1.79982 
2.83995 3.31159 2.86863 
3.79142 4.32691 3.72652 
4.01299 4.65065 4.038 
3.53813 4.31408 3.85118 
2.75022 3.64696 3.4348 
2.03343 2.95821 2.99711 
1.52695 2.34725 2.56079 
1.15247 1.76386 2.05623 
0.801095 1.17676 1.47524 
0.460137 0.651152 0.913804 
0.191829 0.284689 0.48904 
0.0511949 0.111122 0.244539 
0.058873 0.0867581 0.140394 
0.233624 0.155888 0.114801 
0.600191 0.301382 0.136217 
1.12927 0.519714 0.19696 
1.67586 0.761049 0.27512 
2.01505 0.920617 0.322837 
1.97954 0.907215 0.299239 
1.58512 0.722355 0.20926 
1.02621 0.467024 0.102243 
0.544179 0.2693 0.0318703 
0.285473 0.205117 0.0222228 
0.257816 0.278645 0.0718532 
0.384322 0.455263 0.178239 
0.575606 0.692329 0.343305 
0.761026 0.939729 0.552357 
0.888514 1.13394 0.758034 
0.926326 1.21423 0.895589 
0.870085 1.15156 0.918228 
0.738195 0.962115 0.825267 
0.559045 0.701638 0.674493 
0.370944 0.457131 0.580694 
0.231261 0.332668 0.683354 
0.200762 0.404589 1.06396 
0.292468 0.653771 1.64934 
0.43432 0.940744 2.19856 
0.505597 1.08144 2.43447 
0.433412 0.983709 2.24245 
0.258298 0.721539 1.76229 
0.0978385 0.467741 1.2758 
0.0417816 0.345613 0.985657 
0.0824406 0.341885 0.887395 
0.141484 0.354501 0.836554 
0.153084 0.30987 0.719589 
0.117882 0.228618 0.555556 
0.0886259 0.191992 0.454386 
0.118542 0.263645 0.505483 
0.222946 0.444413 0.711175 
0.374209 0.6824 1.00287 
0.519362 0.90769 1.2942 
0.604484 1.05923 1.51639 
0.596661 1.09756 1.62385 
0.497707 1.01174 1.59015 
0.347439 0.826128 1.41253 
0.219545 0.606146 1.12739 
0.209649 0.455153 0.822964 
0.404263 0.486481 0.625407 
0.824987 0.763249 0.643158 
1.3761 1.23319 0.891574 
1.85124 1.71708 1.25821 
2.02775 1.98818 1.55657 
1.80123 1.90563 1.64451 
1.26098 1.50523 1.51772 
0.641455 0.975244 1.30305 
0.182933 0.537708 1.16245 
0.00505423 0.328549 1.19029 
0.0771674 0.356216 1.37608 
0.28409 0.54163 1.63385 
0.51667 0.782 1.85073 
0.716909 0.986692 1.91968 
0.86316 1.08207 1.76349 
0.934794 1.01652 1.36994 
0.903234 0.785142 0.828252 
0.75838 0.455629 0.32559 
0.536991 0.156362 0.0737505 
0.314658 0.0125944 0.191067 
0.160535 0.0673891 0.617176 
0.094462 0.251004 1.13345 
0.0856622 0.430806 1.4899 
0.0906965 0.505661 1.55342 
0.0911917 0.46856 1.36993 
0.0982095 0.39087 1.10141 
0.128181 0.352109 0.900155 
0.180033 0.380425 0.823361 
0.23225 0.445573 0.838629 
0.25473 0.49275 0.88465 
0.224047 0.479765 0.91774 
0.139979 0.39628 0.91436 
0.0416078 0.268255 0.855187 
0.00827645 0.152946 0.726302 
0.128536 0.1197 0.538889 
0.445186 0.215694 0.339609 
0.914903 0.434568 0.192276 
1.4195 0.713662 0.141866 
1.82664 0.966639 0.188879 
2.05698 1.12959 0.292122 
2.11151 1.18898 0.395798 
2.04771 1.1765 0.461773 
1.9316 1.14081 0.487126 
1.8027 1.11739 0.497434 
1.6686 1.11288 0.521668 
1.52041 1.10787 0.567112 
1.35081 1.07372 0.613508 
1.16416 0.994194 0.631565 
0.977979 0.880497 0.611001 
0.817415 0.769148 0.573613 
0.703456 0.700695 0.558324 
0.64015 0.693094 0.590567 
0.612796 0.732354 0.665198 
0.603055 0.790685 0.760478 
0.607569 0.853948 0.86693 
0.636171 0.925775 0.993886 
0.684971 0.998687 1.13755 
0.713479 1.02509 1.2428 
0.661202 0.933195 1.21287 
0.500647 0.6907 0.981021 
0.278433 0.361173 0.590003 
0.0986693 0.091378 0.200831 
0.0560086 0.0264165 0.00710823 
0.173732 0.216416 0.11403 
0.39468 0.585797 0.472539 
0.62309 0.981449 0.912442 
0.778269 1.25746 1.24311 
0.825938 1.34024 1.35127 
0.779507 1.24446 1.24086 
0.680752 1.04335 1.00346 
0.573446 0.817754 0.748104 
0.485139 0.616285 0.538869 
0.428544 0.450441 0.379411 
0.416386 0.320477 0.245862 
0.466055 0.23952 0.129917 
0.579934 0.226673 0.0496384 
0.720939 0.277739 0.0239172 
0.8192 0.35215 0.0462554 
0.816513 0.398083 0.0895123 
0.710192 0.392313 0.132913 
0.552872 0.353058 0.177402 
0.409289 0.315207 0.234236 
0.313189 0.297987 0.305673 
0.260149 0.297048 0.381411 
0.230348 0.300201 0.449733 
0.210725 0.303023 0.50555 
0.199198 0.309957 0.547952 
0.197034 0.326229 0.575645 
0.200875 0.349887 0.586086 
0.199068 0.366846 0.57353 
0.17526 0.352611 0.525178 
0.12186 0.287317 0.42691 
0.0544502 0.178758 0.283887 
0.00749811 0.0700922 0.13683 
0.00679479 0.0157843 0.0479259 
0.0469352 0.0446913 0.0611492 
0.106981 0.149904 0.175727 
0.192872 0.315394 0.360043 
0.350095 0.540041 0.584261 
0.612627 0.818193 0.826562 
0.934767 1.09597 1.04614 
1.1953 1.27113 1.16996 
1.29816 1.26751 1.13438 
1.2775 1.12101 0.953124 
1.28425 0.97521 0.732967 
1.44099 0.963407 0.598985 
1.69764 1.07873 0.588462 
1.84043 1.16475 0.61804 
1.66579 1.05073 0.564124 
1.16702 0.712563 0.384292 
0.562534 0.310377 0.164737 
0.139043 0.0674392 0.0495752 
0.0475002 0.0986056 0.118587 
0.21863 0.332989 0.321938 
0.447742 0.582549 0.5215 
0.557292 0.68466 0.594605 
0.503993 0.602293 0.513803 
0.367656 0.419956 0.349859 
0.25899 0.260978 0.210406 
0.230837 0.198872 0.166845 
0.253713 0.221705 0.217338 
0.258553 0.260883 0.301206 
0.202528 0.252317 0.346553 
0.104026 0.182373 0.316343 
0.0221108 0.0883418 0.224408 
0.00220141 0.0202963 0.116572 
0.0373661 0.00038271 0.0365092 
0.0787944 0.0130546 0.00267498 
0.0827454 0.0284877 0.0080871 
0.048102 0.0316178 0.034304 
0.0105733 0.0289964 0.0636524 
0.00331565 0.0320254 0.0826916 
0.0248565 0.0389927 0.0818941 
0.044768 0.0365499 0.058751 
0.0394034 0.0189553 0.0241376 
0.0222181 0.00445345 0.00430947 
0.039346 0.0297881 0.031145 
0.132462 0.12319 0.121863 
0.29964 0.276397 0.260659 
0.487962 0.44049 0.398907 
0.626407 0.553169 0.480093 
0.673398 0.57832 0.474693 
0.639358 0.525718 0.397469 
0.566037 0.434868 0.291933 
0.484489 0.34013 0.196637 
0.39368 0.251433 0.125037 
0.279524 0.16626 0.0743573 
0.15086 0.0933455 0.0459897 
0.0505225 0.0565546 0.0489992 
0.0262274 0.0726996 0.0829135 
0.0884477 0.129231 0.125191 
0.195322 0.188319 0.144576 
0.277738 0.213449 0.128191 
