0.134598 0.0523447 0.0747677 
0.365513 0.280678 0.345928 
0.661681 0.626895 0.781527 
0.896607 0.962413 1.24698 
0.965044 1.16301 1.60045 
0.835347 1.16329 1.74794 
0.567571 0.982687 1.67389 
0.287517 0.712489 1.43731 
0.130365 0.473634 1.14102 
0.182652 0.367348 0.891109 
0.449918 0.440575 0.763681 
0.861753 0.677208 0.7878 
1.30656 1.01283 0.945179 
1.67625 1.36236 1.18241 
1.90123 1.64905 1.43108 
1.96538 1.82677 1.6313 
1.90141 1.89106 1.75223 
1.77332 1.87682 1.80189 
1.65379 1.84284 1.82003 
1.60289 1.84797 1.85609 
1.65327 1.92843 1.94338 
1.80576 2.08751 2.08503 
2.03637 2.3026 2.26022 
2.31021 2.54421 2.44559 
2.594 2.79279 2.63447 
2.85971 3.04075 2.83765 
3.0787 3.27844 3.06334 
3.215 3.47709 3.29212 
3.22864 3.58641 3.46908 
3.09299 3.55473 3.52462 
2.81705 3.36101 3.41312 
2.45497 3.0356 3.1427 
2.08996 2.65079 2.7729 
1.79644 2.28355 2.37989 
1.60205 1.97399 2.01343 
1.47508 1.70943 1.67739 
1.34833 1.44649 1.34838 
1.1657 1.15615 1.01715 
0.921059 0.858081 0.718533 
0.663468 0.617357 0.522927 
0.465865 0.504138 0.49179 
0.379941 0.544977 0.628939 
0.408793 0.701605 0.865131 
0.514503 0.893081 1.09038 
0.651325 1.04513 1.21344 
0.796939 1.13074 1.20771 
0.957785 1.17345 1.11287 
1.14637 1.21362 0.994334 
1.35089 1.26546 0.892613 
1.52331 1.29827 0.800031 
1.59705 1.25554 0.679016 
1.52289 1.09683 0.504307 
1.29846 0.831077 0.294562 
0.972613 0.518269 0.109229 
0.624117 0.240296 0.0141156 
0.330343 0.0623602 0.0417945 
0.143527 0.00905512 0.174335 
0.0822376 0.0646764 0.35699 
0.133833 0.189513 0.529017 
0.260332 0.336858 0.6489 
0.405676 0.462253 0.700532 
0.508483 0.528009 0.684155 
0.52281 0.510475 0.606129 
0.440287 0.411275 0.477726 
0.299164 0.263968 0.320768 
0.168973 0.125264 0.169338 
0.114233 0.0493139 0.0597109 
0.157099 0.0579237 0.0121891 
0.26345 0.126643 0.0181348 
0.364157 0.199022 0.0442486 
0.40045 0.223012 0.0543148 
0.365076 0.187303 0.0351526 
0.311903 0.133399 0.00883485 
0.325852 0.133634 0.0212729 
0.470198 0.246885 0.112699 
0.74291 0.478348 0.287904 
1.06861 0.767929 0.50513 
1.33157 1.01505 0.691604 
1.43127 1.12642 0.777842 
1.32982 1.06059 0.73173 
1.06658 0.845479 0.573612 
0.734362 0.561281 0.364664 
0.433038 0.299958 0.176035 
0.22651 0.124415 0.0564906 
0.124637 0.0482471 0.0158335 
0.0953817 0.0434418 0.0309211 
0.095246 0.0670936 0.0674052 
0.0975942 0.088815 0.102004 
0.102814 0.10306 0.131997 
0.127632 0.122293 0.168756 
0.184218 0.159593 0.223167 
0.264776 0.214706 0.29513 
0.341823 0.272961 0.374514 
0.382836 0.315982 0.451129 
0.36857 0.334684 0.524098 
0.302995 0.334315 0.60179 
0.209551 0.328237 0.691385 
0.11785 0.326005 0.786018 
0.0504903 0.325574 0.860432 
0.0179547 0.316089 0.880832 
0.0227315 0.289585 0.824703 
0.0669947 0.252888 0.698671 
0.156218 0.230192 0.542357 
0.294824 0.252582 0.413792 
0.476456 0.339432 0.362745 
0.676196 0.482535 0.40578 
0.851856 0.643361 0.516775 
0.956583 0.767146 0.63902 
0.958193 0.808217 0.713724 
0.85582 0.754005 0.710691 
0.684468 0.634536 0.644804 
0.503211 0.510581 0.568368 
0.370939 0.444526 0.541815 
0.32064 0.467974 0.597639 
0.345242 0.56347 0.717702 
0.403178 0.671694 0.838313 
0.441737 0.722145 0.88253 
0.426143 0.671586 0.802894 
0.358202 0.528734 0.610152 
0.273531 0.350274 0.370233 
0.218706 0.209605 0.169961 
0.221987 0.15618 0.0710412 
0.275641 0.189486 0.0794631 
0.340813 0.262969 0.148154 
0.371573 0.31455 0.209925 
0.342334 0.303852 0.218941 
0.261039 0.232838 0.17457 
0.160655 0.138492 0.11433 
0.0765164 0.0651301 0.0835975 
0.026289 0.0366861 0.104327 
0.00603715 0.0472396 0.163508 
0.00288162 0.0733881 0.226501 
0.0119732 0.0961261 0.262742 
0.042856 0.114407 0.264267 
0.109629 0.140924 0.245222 
0.213108 0.185567 0.225955 
0.330339 0.241495 0.216141 
0.421577 0.285809 0.209961 
0.451273 0.294344 0.195085 
0.408607 0.258719 0.165938 
0.313153 0.192359 0.129456 
0.202292 0.121425 0.0991914 
0.109966 0.0683357 0.083937 
0.0514375 0.0404109 0.0811784 
0.0225605 0.0308179 0.0807162 
0.0105938 0.0286947 0.0746138 
0.00614388 0.028914 0.0644388 
0.00765075 0.0341265 0.0597386 
0.0179475 0.0495877 0.0697337 
0.0390548 0.0773736 0.0959918 
0.0710461 0.115781 0.132432 
0.114917 0.163482 0.172006 
0.174314 0.222691 0.213267 
0.251861 0.29641 0.260253 
0.3418 0.380893 0.315317 
0.425789 0.460193 0.371306 
0.477634 0.509355 0.410768 
0.475901 0.506441 0.414699 
0.416475 0.44629 0.375796 
0.316337 0.346836 0.30742 
0.205891 0.243513 0.241971 
0.115099 0.17488 0.218889 
0.0620797 0.167326 0.268175 
0.0495165 0.225731 0.39684 
0.0679096 0.332405 0.58341 
0.10102 0.452727 0.782128 
0.13034 0.545096 0.935771 
0.13927 0.573515 0.993951 
0.118965 0.52073 0.931587 
0.0747836 0.397383 0.760334 
0.0280766 0.241181 0.526453 
0.00818233 0.102939 0.293621 
0.0358226 0.0238477 0.117209 
0.107333 0.015711 0.0227008 
0.191944 0.0566844 0.000161985 
0.247493 0.106909 0.0179707 
0.247144 0.135579 0.0472495 
0.200115 0.142442 0.081461 
0.151206 0.159138 0.13861 
0.156932 0.228513 0.244894 
0.251808 0.374558 0.410894 
0.425687 0.582169 0.616284 
0.626557 0.799764 0.813357 
0.787265 0.963406 0.94755 
0.859985 1.02795 0.982769 
0.838414 0.987374 0.917165 
0.756438 0.874202 0.781625 
0.666611 0.740508 0.623675 
0.612636 0.632878 0.4868 
0.610935 0.574514 0.395696 
0.648585 0.561385 0.3527 
0.694742 0.570634 0.343834 
0.716611 0.574131 0.348992 
0.691684 0.550088 0.35088 
0.612889 0.489322 0.340185 
0.488064 0.396534 0.317153 
0.336886 0.288454 0.290795 
0.186976 0.190038 0.276385 
0.0689272 0.128782 0.291193 
0.00949766 0.127203 0.348585 
0.0237045 0.194894 0.451755 
0.108564 0.323004 0.589484 
0.241821 0.484101 0.736306 
0.387405 0.638624 0.858055 
0.506308 0.746312 0.921465 
0.568883 0.778627 0.904635 
0.563771 0.727542 0.804523 
0.500117 0.607468 0.638685 
0.402594 0.449814 0.440571 
0.301645 0.292446 0.250012 
0.222882 0.168002 0.102182 
0.17947 0.0950683 0.0186532 
0.169766 0.0748812 0.00325005 
0.180345 0.0940041 0.0436027 
0.192715 0.131392 0.117316 
0.191006 0.166926 0.200203 
0.167931 0.188323 0.273616 
0.127163 0.194227 0.328543 
0.0815793 0.192825 0.36561 
0.0481755 0.196934 0.391668 
0.0414716 0.217643 0.414774 
0.0676939 0.258948 0.439662 
0.121776 0.31528 0.465298 
0.188339 0.372766 0.485158 
0.246492 0.413738 0.489855 
0.276895 0.422894 0.470998 
0.268616 0.392942 0.424894 
0.223222 0.327704 0.354797 
0.154481 0.241544 0.270938 
0.0837518 0.155262 0.188273 
0.032815 0.0899183 0.12267 
0.0169097 0.0607871 0.0867827 
0.0405475 0.0735153 0.0869978 
0.0973726 0.123623 0.122383 
0.173602 0.199123 0.185809 
0.253228 0.284899 0.266605 
0.322772 0.367061 0.353625 
0.374012 0.435836 0.437664 
0.404259 0.486411 0.512585 
0.414807 0.518063 0.575131 
0.408708 0.532368 0.623849 
0.388917 0.531388 0.657709 
0.357402 0.516425 0.674965 
0.315306 0.487643 0.672667 
0.263862 0.444508 0.647023 
0.205536 0.386852 0.594678 
0.144778 0.31618 0.514679 
0.0878637 0.236714 0.410595 
0.0416628 0.155719 0.291959 
0.0117005 0.0828217 0.174186 
0.000370096 0.0284308 0.0764466 
