0.00525047 0.0887955 0.307387 
0.0824009 0.269503 0.570911 
0.266756 0.559935 0.922297 
0.519897 0.89167 1.29233 
0.788777 1.191 1.61319 
1.01498 1.38841 1.81373 
1.14043 1.42378 1.81698 
1.11982 1.26472 1.56978 
0.9452 0.938932 1.10077 
0.669758 0.555195 0.560544 
0.402795 0.277308 0.187633 
0.258772 0.241391 0.187221 
0.282752 0.45877 0.58571 
0.410894 0.782573 1.17287 
0.512524 0.988003 1.60486 
0.493657 0.927216 1.62126 
0.378545 0.643308 1.22226 
0.295726 0.34679 0.666684 
0.378297 0.268847 0.291203 
0.663749 0.507396 0.293242 
1.07178 0.978592 0.634787 
1.46449 1.4908 1.11062 
1.73226 1.86882 1.50082 
1.84723 2.04312 1.69433 
1.86096 2.06163 1.72011 
1.85239 2.02881 1.68742 
1.8551 2.01058 1.68104 
1.8157 1.97011 1.68224 
1.62959 1.79345 1.58018 
1.24169 1.40019 1.27696 
0.727051 0.848569 0.803037 
0.266886 0.331406 0.333534 
0.0280201 0.0511491 0.0764089 
0.0477568 0.0763758 0.121234 
0.220472 0.299647 0.374874 
0.385948 0.523113 0.631748 
0.43651 0.592674 0.714606 
0.36447 0.479711 0.578812 
0.236256 0.269472 0.31868 
0.132129 0.0862189 0.0903232 
0.0966743 0.0137875 0.0113775 
0.123072 0.0557887 0.0972716 
0.170091 0.147886 0.262837 
0.196029 0.206838 0.380749 
0.190083 0.187186 0.362111 
0.18549 0.116028 0.216121 
0.244024 0.0837409 0.0532294 
0.410294 0.185358 0.0203717 
0.657487 0.440462 0.199177 
0.873276 0.753051 0.538036 
0.922834 0.961679 0.880333 
0.756003 0.955499 1.07573 
0.460428 0.75697 1.08049 
0.195215 0.491863 0.96039 
0.0614606 0.280649 0.810926 
0.0409031 0.166411 0.690937 
0.0586585 0.13993 0.627753 
0.0819652 0.198519 0.647329 
0.133989 0.343993 0.756424 
0.222226 0.527579 0.892993 
0.29374 0.640584 0.934785 
0.284603 0.595257 0.795418 
0.195842 0.410597 0.512995 
0.0930104 0.196302 0.223716 
0.0362511 0.0529668 0.0453124 
0.0412841 0.0101692 0.00376598 
0.11491 0.063561 0.075194 
0.288165 0.2317 0.26269 
0.568975 0.53045 0.588904 
0.866036 0.892227 1.01142 
1.01142 1.15918 1.38865 
0.905098 1.20327 1.57352 
0.639213 1.05992 1.54995 
0.450368 0.920158 1.45993 
0.525841 0.972028 1.48241 
0.850719 1.2456 1.68421 
1.23987 1.60667 1.98197 
1.50408 1.88201 2.22667 
1.57546 1.97533 2.30528 
1.48965 1.87615 2.17178 
1.28908 1.60156 1.82465 
0.97994 1.17305 1.30123 
0.585289 0.658894 0.706469 
0.209631 0.208906 0.217347 
0.0149308 0.00350118 0.0113134 
0.112084 0.137836 0.154303 
0.470658 0.545977 0.547806 
0.934689 1.04187 0.993185 
1.32756 1.44322 1.32333 
1.55076 1.67075 1.4907 
1.60423 1.75071 1.54898 
1.5396 1.74575 1.56804 
1.40829 1.69372 1.57146 
1.24412 1.60097 1.54212 
1.07122 1.47106 1.46618 
0.910379 1.32414 1.35953 
0.776298 1.18951 1.25665 
0.67375 1.08623 1.18403 
0.596133 1.01019 1.14382 
0.524221 0.933626 1.11362 
0.431197 0.818237 1.05713 
0.303123 0.641536 0.943633 
0.163329 0.421793 0.769843 
0.068428 0.215044 0.567415 
0.062707 0.0762915 0.386089 
0.128794 0.0191544 0.269881 
0.194382 0.0221523 0.256232 
0.206577 0.0843578 0.398416 
0.208043 0.269161 0.768819 
0.327694 0.668267 1.40347 
0.668563 1.29124 2.21082 
1.17919 1.97489 2.93217 
1.63391 2.42048 3.23231 
1.77188 2.3736 2.90188 
1.5028 1.82699 2.03724 
1.00178 1.06943 1.03656 
0.585938 0.503642 0.36848 
0.460147 0.356528 0.263142 
0.560292 0.527679 0.574428 
0.646933 0.7174 0.937877 
0.554428 0.711657 1.08188 
0.337457 0.54333 1.00151 
0.171827 0.384904 0.851777 
0.142963 0.323531 0.720015 
0.172473 0.287558 0.554304 
0.149755 0.190461 0.312327 
0.080351 0.0815821 0.106381 
0.0572408 0.0913863 0.119712 
0.107412 0.23762 0.370538 
0.137847 0.358602 0.625783 
0.0729581 0.292749 0.614637 
0.0104432 0.105301 0.329757 
0.174562 0.0776013 0.0737095 
0.686047 0.439015 0.178727 
1.39759 1.11979 0.685243 
1.98073 1.78326 1.30089 
2.17761 2.09591 1.65755 
1.9722 1.96598 1.59757 
1.54741 1.55378 1.24131 
1.11315 1.09975 0.833847 
0.774842 0.754004 0.551222 
0.5247 0.530436 0.41978 
0.320439 0.37458 0.366487 
0.172532 0.263053 0.324719 
0.1738 0.254188 0.307648 
0.437458 0.445691 0.393483 
0.973858 0.861104 0.628881 
1.61462 1.36582 0.936019 
2.08829 1.72026 1.13256 
2.21312 1.75561 1.0764 
2.02692 1.50962 0.801048 
1.7153 1.17432 0.489476 
1.41746 0.905911 0.30079 
1.13135 0.706822 0.235855 
0.815282 0.503471 0.186653 
0.533445 0.303111 0.0963027 
0.437105 0.219819 0.0297058 
0.589984 0.334663 0.0784712 
0.857381 0.572502 0.235561 
1.00897 0.757004 0.402108 
0.924933 0.779464 0.507197 
0.67711 0.681406 0.578195 
0.418364 0.570066 0.675884 
0.2334 0.48977 0.789116 
0.112472 0.40201 0.828591 
0.0308168 0.270606 0.724636 
0.000567768 0.124884 0.506502 
0.0365241 0.0271154 0.275133 
0.108231 0.00203168 0.113011 
0.157603 0.0201002 0.0335214 
0.157874 0.0418361 0.00619181 
0.133434 0.0572995 0.00665734 
0.120909 0.0799127 0.0337341 
0.131079 0.120741 0.0927579 
0.158425 0.182272 0.179546 
0.209728 0.267245 0.280867 
0.298434 0.373774 0.378851 
0.408728 0.477119 0.450015 
0.484849 0.530431 0.468944 
0.472651 0.499175 0.425735 
0.373861 0.400486 0.345859 
0.259214 0.30974 0.292934 
0.233974 0.329349 0.348474 
0.386366 0.540386 0.575554 
0.739468 0.953108 0.974726 
1.21466 1.47059 1.44953 
1.63471 1.89917 1.81847 
1.80063 2.03564 1.90001 
1.61718 1.79694 1.63327 
1.16885 1.28979 1.13635 
0.666228 0.744869 0.635318 
0.299982 0.360837 0.311912 
0.129875 0.191196 0.199107 
0.0944316 0.160077 0.204816 
0.104217 0.164601 0.218923 
0.116448 0.155031 0.19429 
0.137314 0.136874 0.146204 
0.183495 0.130151 0.106881 
0.258515 0.145664 0.097198 
0.35725 0.19042 0.129333 
0.471805 0.270818 0.20907 
0.581049 0.375236 0.31967 
0.641363 0.45926 0.411065 
0.605334 0.465654 0.424703 
0.462684 0.371684 0.342178 
0.263207 0.217254 0.208532 
0.0910585 0.0804833 0.101138 
0.00832505 0.0217071 0.0732683 
0.0184676 0.0490971 0.12756 
0.0789345 0.131592 0.236582 
0.142664 0.233825 0.374779 
0.186965 0.334095 0.523789 
0.212044 0.417931 0.657009 
0.224159 0.469075 0.736334 
0.224667 0.473441 0.732307 
0.210633 0.428873 0.645198 
0.180202 0.34745 0.504259 
0.136071 0.248869 0.348842 
0.0855743 0.152504 0.210432 
0.0392924 0.0735059 0.106238 
0.00991108 0.022502 0.0412637 
0.00995826 0.00542363 0.0119876 
0.0454521 0.0206177 0.00837401 
0.107954 0.0553534 0.0157269 
0.17456 0.0888131 0.0200695 
0.220857 0.104139 0.0164079 
0.237098 0.0998502 0.0114714 
0.232442 0.0884469 0.0147424 
0.225117 0.0844785 0.0266545 
0.230295 0.0961902 0.039735 
0.254542 0.126217 0.0515728 
0.294907 0.172113 0.0693172 
0.33985 0.221525 0.095716 
0.374514 0.252418 0.115844 
0.389616 0.247398 0.107981 
0.385885 0.211141 0.0708292 
0.369897 0.171174 0.0346244 
0.348174 0.159191 0.0402305 
0.326116 0.189776 0.1062 
0.308176 0.253 0.215036 
0.295185 0.323822 0.329032 
0.28444 0.381001 0.420429 
0.276592 0.422592 0.491215 
0.278585 0.463313 0.565734 
0.291723 0.511457 0.660022 
0.297346 0.547276 0.754854 
0.265218 0.531181 0.801668 
0.184633 0.44021 0.760444 
0.0846799 0.295805 0.633874 
0.0164222 0.151514 0.464583 
0.0121569 0.0526972 0.301422 
