1.24592 1.44457 1.41314 
1.12372 1.27982 1.17777 
0.769808 0.840811 0.689757 
0.354673 0.359686 0.234883 
0.0837107 0.0795066 0.0621045 
0.0615613 0.0933135 0.21385 
0.231802 0.297533 0.514701 
0.439501 0.491063 0.719038 
0.562464 0.534338 0.691352 
0.597876 0.438934 0.478716 
0.632481 0.324635 0.237303 
0.732613 0.296783 0.095742 
0.864807 0.359211 0.0742383 
0.927067 0.435954 0.112178 
0.86321 0.471807 0.159186 
0.749984 0.511914 0.239845 
0.766635 0.682204 0.43648 
1.06011 1.08127 0.807351 
1.61191 1.67143 1.30854 
2.21488 2.26019 1.78454 
2.58315 2.59635 2.04463 
2.52144 2.52289 1.98445 
2.04596 2.09154 1.67992 
1.3914 1.57037 1.391 
0.912558 1.33795 1.45977 
0.937836 1.71554 2.14521 
1.63585 2.81245 3.4744 
2.93618 4.45038 5.18741 
4.5273 6.20173 6.81173 
5.94344 7.53597 7.84199 
6.72892 8.02456 7.94802 
6.62595 7.51937 7.11516 
5.69404 6.21575 5.64506 
4.2813 4.55618 4.01061 
2.84669 3.01609 2.63622 
1.73469 1.89066 1.72146 
1.04629 1.20895 1.20599 
0.683544 0.818872 0.8867 
0.510885 0.564248 0.597004 
0.48742 0.410427 0.317886 
0.661638 0.426442 0.14841 
1.05338 0.659945 0.178302 
1.55311 1.03345 0.381738 
1.94638 1.3627 0.622859 
2.04684 1.4786 0.757657 
1.81767 1.33964 0.733695 
1.37897 1.03946 0.604012 
0.908895 0.718578 0.460812 
0.535309 0.47029 0.363665 
0.299293 0.31434 0.32195 
0.186918 0.231025 0.322311 
0.168288 0.196928 0.35122 
0.204582 0.187564 0.388732 
0.241584 0.168443 0.399326 
0.227594 0.111602 0.353716 
0.156706 0.0352091 0.272951 
0.0957864 0.0225956 0.247205 
0.157874 0.186241 0.395499 
0.431519 0.593068 0.786754 
0.915402 1.20579 1.38071 
1.50379 1.88406 2.03293 
2.03044 2.4439 2.55914 
2.34199 2.73639 2.81567 
2.36059 2.70295 2.75168 
2.10798 2.38583 2.41457 
1.68499 1.89813 1.91698 
1.22141 1.37305 1.38743 
0.823831 0.916531 0.926508 
0.54785 0.583099 0.584789 
0.40357 0.381324 0.367578 
0.378808 0.296882 0.257334 
0.45243 0.309926 0.233664 
0.58499 0.392283 0.275202 
0.70562 0.495908 0.349122 
0.729908 0.561362 0.412729 
0.617396 0.557998 0.441669 
0.425925 0.524578 0.462368 
0.298721 0.557562 0.543444 
0.368179 0.73325 0.731479 
0.645075 1.02359 0.982772 
0.996186 1.29412 1.17039 
1.24483 1.40697 1.18515 
1.31196 1.3439 1.04719 
1.26822 1.22877 0.912469 
1.24785 1.21611 0.947856 
1.30846 1.34454 1.17946 
1.37226 1.49334 1.45513 
1.30146 1.48345 1.55898 
1.03065 1.22858 1.37602 
0.631975 0.802823 0.967714 
0.261908 0.378325 0.511321 
0.0476562 0.102122 0.174592 
0.010772 0.015273 0.0292868 
0.075656 0.0582736 0.0456389 
0.136933 0.131675 0.138212 
0.129138 0.158003 0.217418 
0.0604212 0.115551 0.226755 
0.00221351 0.0406037 0.163181 
0.0443435 0.00115991 0.0727939 
0.235551 0.0496995 0.0151444 
0.540646 0.17935 0.014983 
0.845964 0.318713 0.0428186 
1.01906 0.379359 0.0480589 
0.987891 0.324808 0.0176889 
0.784493 0.203898 0.00181709 
0.521851 0.116802 0.0743649 
0.323186 0.139676 0.260653 
0.256164 0.269978 0.499684 
0.313041 0.434593 0.679174 
0.436247 0.547173 0.714303 
0.557759 0.563081 0.602744 
0.624215 0.492487 0.414335 
0.605266 0.375741 0.234542 
0.498635 0.254554 0.115974 
0.336899 0.162873 0.0722657 
0.184039 0.131128 0.101599 
0.109247 0.182796 0.203228 
0.146081 0.316753 0.368641 
0.265663 0.492554 0.563267 
0.389365 0.640387 0.72669 
0.438241 0.697105 0.799966 
0.386144 0.644693 0.760579 
0.277075 0.521433 0.636494 
0.192032 0.395014 0.48679 
0.188768 0.315944 0.36257 
0.260083 0.286085 0.277425 
0.343143 0.266798 0.209896 
0.371941 0.219691 0.134836 
0.329608 0.145016 0.0554119 
0.258127 0.0837572 0.00534637 
0.220519 0.0816653 0.0176925 
0.250954 0.148521 0.0894133 
0.334653 0.249958 0.177316 
0.428456 0.337585 0.231475 
0.496927 0.387528 0.235718 
0.531555 0.412962 0.218556 
0.543328 0.444374 0.227685 
0.544129 0.500827 0.29448 
0.536352 0.577745 0.418249 
0.515548 0.655216 0.57502 
0.477517 0.711947 0.733025 
0.421378 0.731638 0.859492 
0.348643 0.702858 0.921883 
0.263366 0.621575 0.896034 
0.175595 0.49927 0.783284 
0.104209 0.368422 0.622271 
0.0727466 0.274258 0.478557 
0.0961536 0.251392 0.411075 
0.165378 0.298559 0.435124 
0.243422 0.371864 0.509443 
0.282206 0.407954 0.561458 
0.253263 0.366085 0.537218 
0.169264 0.258542 0.440242 
0.0756105 0.142254 0.326977 
0.0158361 0.0745618 0.259363 
0.000337092 0.0692845 0.253223 
0.00711118 0.0921061 0.268489 
0.0121321 0.0986779 0.250547 
0.0164258 0.0772187 0.182787 
0.0408206 0.0534846 0.0988768 
0.0953621 0.0560767 0.0446539 
0.158957 0.0819384 0.0320182 
0.193303 0.0996539 0.0338357 
0.176709 0.0848411 0.0220834 
0.122096 0.0469244 0.00369695 
0.062473 0.0185055 0.0132335 
0.0223349 0.0212125 0.0714694 
0.00448369 0.0457126 0.156554 
4.3395e-06 0.0644705 0.218769 
0.00380617 0.059758 0.222421 
0.0172705 0.0371159 0.172672 
0.0388134 0.0145489 0.104982 
0.0572487 0.0033594 0.0532467 
0.0579365 0.00100296 0.0285541 
0.0368825 0.000192231 0.0232533 
0.00915767 0.00158378 0.0283501 
0.00172146 0.0153298 0.0431377 
0.03316 0.0490499 0.0689922 
0.0953404 0.0942927 0.0979684 
0.15412 0.126933 0.112286 
0.172484 0.124643 0.0984465 
0.138833 0.0869095 0.0626101 
0.0759964 0.0381542 0.0302473 
0.0229623 0.00954273 0.0276043 
0.00605757 0.0153476 0.0604473 
0.0238507 0.0441303 0.108311 
0.0544669 0.0700496 0.138506 
0.0743229 0.0726534 0.128758 
0.072528 0.0501406 0.0831724 
0.0537679 0.0190112 0.0316643 
0.0313803 0.00163986 0.0114854 
0.0163621 0.00932484 0.0400977 
0.0100043 0.0328283 0.098856 
0.00642688 0.0500533 0.144593 
0.00275929 0.0463753 0.143832 
0.00570455 0.0284632 0.0997394 
0.0268765 0.0170733 0.045475 
0.0739295 0.0276672 0.0119442 
0.149982 0.0617162 0.00520868 
0.259549 0.115959 0.0147985 
0.404697 0.191056 0.0353426 
0.565969 0.281814 0.0700249 
0.690083 0.360646 0.113074 
0.711642 0.383673 0.14039 
0.602221 0.325357 0.128183 
0.402446 0.208267 0.0803644 
0.199815 0.0911657 0.0290952 
0.0668427 0.0217102 0.00348602 
0.0162311 0.00157579 0.00196844 
0.0144811 0.0016733 0.00283341 
0.0367804 0.0115513 0.003493 
0.104465 0.0678438 0.0423975 
0.26427 0.225116 0.171265 
0.527824 0.491507 0.397237 
0.831854 0.79202 0.651261 
1.06297 1.00226 0.820897 
1.13098 1.03133 0.827028 
1.02876 0.884974 0.680192 
0.829382 0.655562 0.467712 
0.628318 0.451068 0.285125 
0.48401 0.32636 0.174264 
0.401004 0.269485 0.117431 
0.353679 0.238694 0.078673 
0.316728 0.204554 0.0422386 
0.277718 0.162572 0.0145724 
0.23461 0.121115 0.0028282 
0.191702 0.0889668 0.00342515 
0.157052 0.0728911 0.0111948 
0.136492 0.0768031 0.0297741 
0.126059 0.0962582 0.0654707 
0.112509 0.115822 0.112623 
0.085095 0.118176 0.15153 
0.0479915 0.0992387 0.164187 
0.0196098 0.0732248 0.150398 
0.0173591 0.0599336 0.125707 
0.0408029 0.0650763 0.103465 
0.0689418 0.0733002 0.0815579 
0.0767997 0.0635935 0.0501609 
0.0605219 0.036046 0.0142131 
0.0501192 0.0251736 0.00597195 
0.0946824 0.0822511 0.0684407 
0.226358 0.235176 0.217889 
0.430243 0.45782 0.418028 
0.646251 0.677364 0.593319 
0.803499 0.817055 0.675238 
0.860964 0.841311 0.64463 
0.825005 0.769445 0.536687 
0.735203 0.652392 0.408758 
0.633751 0.535721 0.301423 
0.542359 0.437789 0.22298 
0.462115 0.355191 0.162707 
