0.00610959 0.155732 0.655154 
0.142366 0.00698795 0.23382 
0.420253 0.0617307 0.0244195 
0.768066 0.276894 0.0288919 
1.16483 0.619413 0.226916 
1.64581 1.09913 0.615999 
2.21873 1.71651 1.18571 
2.76665 2.36836 1.83911 
3.04533 2.81547 2.34896 
2.82175 2.78968 2.4401 
2.07421 2.19738 1.9836 
1.08303 1.25394 1.15085 
0.293791 0.397316 0.360315 
0.0249723 0.00874992 0.0142602 
0.253985 0.16085 0.228873 
0.670585 0.609897 0.78845 
0.947581 1.02772 1.35075 
0.978314 1.24677 1.69889 
0.879057 1.30388 1.81856 
0.799803 1.2938 1.78453 
0.763545 1.22865 1.62938 
0.684483 1.05073 1.33943 
0.503455 0.747651 0.942587 
0.269764 0.410557 0.547266 
0.0906325 0.166169 0.272269 
0.0261333 0.0680087 0.150752 
0.0479772 0.0673755 0.118963 
0.0875412 0.0806527 0.0944768 
0.10272 0.0666801 0.0502882 
0.0962801 0.0383173 0.0115842 
0.0896861 0.0207404 0.000281406 
0.0998783 0.0216235 0.00519061 
0.142075 0.043958 0.00951139 
0.235458 0.107145 0.0284709 
0.38318 0.230103 0.0961849 
0.539541 0.385133 0.208435 
0.612199 0.484493 0.29521 
0.525188 0.441502 0.276849 
0.301726 0.264955 0.161731 
0.0851753 0.0902028 0.0783632 
0.057316 0.0951487 0.185871 
0.306509 0.360232 0.531937 
0.752376 0.79426 0.992309 
1.19088 1.19339 1.35473 
1.42446 1.38274 1.47437 
1.37905 1.32514 1.36696 
1.13059 1.1214 1.17204 
0.836584 0.919119 1.03331 
0.629469 0.807013 0.996774 
0.545477 0.767771 0.994539 
0.532673 0.714294 0.912571 
0.523577 0.577091 0.688698 
0.506456 0.373698 0.371896 
0.530393 0.201939 0.0986632 
0.642113 0.160759 0.000288002 
0.820778 0.267601 0.110714 
0.977429 0.444529 0.346875 
1.01712 0.579397 0.571876 
0.902478 0.602263 0.683328 
0.669956 0.517243 0.659798 
0.404961 0.382442 0.54667 
0.20676 0.268958 0.410376 
0.153833 0.224867 0.297567 
0.267207 0.253411 0.218463 
0.490543 0.314664 0.158458 
0.718082 0.357497 0.108412 
0.862992 0.361855 0.0857836 
0.907496 0.349139 0.118114 
0.887135 0.345558 0.198166 
0.834244 0.340907 0.263751 
0.751542 0.298895 0.242821 
0.644095 0.214801 0.131437 
0.559024 0.150437 0.0196468 
0.568173 0.191378 0.0213198 
0.698495 0.357945 0.164786 
0.882904 0.560441 0.350882 
0.991042 0.652732 0.426328 
0.923606 0.547165 0.314887 
0.697852 0.301295 0.101043 
0.461825 0.112171 0.00380844 
0.425456 0.218379 0.257175 
0.742881 0.760991 0.96531 
1.40587 1.67617 2.01051 
2.21332 2.68747 3.07271 
2.85471 3.42556 3.77129 
3.07781 3.62542 3.86554 
2.83809 3.27895 3.39048 
2.31713 2.6279 2.62521 
1.7846 1.98936 1.90392 
1.40417 1.54135 1.40591 
1.14065 1.23712 1.08551 
0.847321 0.915396 0.78993 
0.457618 0.506414 0.454235 
0.106125 0.14725 0.195981 
0.0575164 0.0955202 0.22254 
0.49009 0.508376 0.632362 
1.31639 1.27711 1.28892 
2.2005 2.06469 1.88383 
2.76551 2.51996 2.13972 
2.82474 2.49458 1.98453 
2.46167 2.09849 1.56356 
1.92416 1.57859 1.10413 
1.44892 1.14734 0.765489 
1.15789 0.897056 0.589178 
1.06961 0.826751 0.549146 
1.16201 0.907142 0.615166 
1.40655 1.10681 0.763829 
1.75499 1.37439 0.95233 
2.1168 1.62398 1.11066 
2.36645 1.75633 1.17338 
2.38352 1.70228 1.11933 
2.10272 1.45489 0.980671 
1.55321 1.07514 0.820201 
0.878442 0.682201 0.707012 
0.328776 0.441197 0.71375 
0.209806 0.541953 0.927023 
0.771641 1.14537 1.43868 
2.06059 2.28836 2.29188 
3.81235 3.78741 3.3964 
5.48868 5.22688 4.47966 
6.49242 6.09712 5.15165 
6.46043 6.04261 5.09194 
5.44657 5.0672 4.25236 
3.86794 3.54178 2.91856 
2.26177 1.99738 1.56218 
1.03012 0.849277 0.580564 
0.321051 0.236183 0.110744 
0.0619856 0.0477579 0.0332287 
0.0667802 0.0713081 0.124301 
0.145758 0.136265 0.218226 
0.191665 0.181616 0.271348 
0.220454 0.241037 0.32096 
0.3366 0.37944 0.40644 
0.630529 0.626646 0.524783 
1.08365 0.950855 0.646974 
1.56539 1.28661 0.766577 
1.92278 1.58379 0.922641 
2.07312 1.82125 1.15878 
2.01884 1.96958 1.44382 
1.79861 1.95716 1.63679 
1.45267 1.70586 1.56256 
1.03819 1.22468 1.16324 
0.647158 0.661764 0.591836 
0.370159 0.232224 0.134866 
0.230359 0.0652462 0.00327043 
0.170603 0.114072 0.172084 
0.123428 0.220108 0.419459 
0.0887593 0.263919 0.526115 
0.126404 0.249596 0.443816 
0.271926 0.253612 0.2892 
0.478196 0.319065 0.204363 
0.650872 0.415398 0.238505 
0.731665 0.485757 0.343229 
0.735906 0.507234 0.443622 
0.718233 0.501189 0.498947 
0.719008 0.50301 0.514205 
0.739694 0.529887 0.515687 
0.745485 0.563279 0.515023 
0.683156 0.551955 0.487653 
0.522909 0.449583 0.393352 
0.314016 0.275986 0.233814 
0.193466 0.139895 0.0863325 
0.299748 0.169654 0.0549527 
0.645954 0.395799 0.171486 
1.07932 0.706241 0.356031 
1.38461 0.934441 0.494186 
1.43835 0.995425 0.550819 
1.26753 0.92894 0.589006 
0.977642 0.818602 0.673389 
0.656351 0.699326 0.779372 
0.36328 0.566975 0.824842 
0.18606 0.463916 0.789802 
0.247597 0.507997 0.774258 
0.610018 0.795051 0.908225 
1.16509 1.26549 1.19984 
1.64983 1.69127 1.48847 
1.81001 1.82553 1.56425 
1.57696 1.58635 1.3416 
1.10127 1.10786 0.922315 
0.62239 0.622826 0.502041 
0.300966 0.296163 0.223371 
0.151945 0.150699 0.106591 
0.103544 0.117792 0.0913191 
0.0975975 0.134501 0.120707 
0.136371 0.194334 0.186692 
0.250431 0.322956 0.311482 
0.433985 0.517695 0.496529 
0.6151 0.7124 0.68845 
0.694203 0.804655 0.795068 
0.623251 0.730049 0.746254 
0.456101 0.522634 0.553319 
0.317784 0.302874 0.312249 
0.309809 0.193291 0.139574 
0.429066 0.228863 0.0914822 
0.5701 0.338149 0.135084 
0.610816 0.411223 0.194583 
0.514656 0.398206 0.229936 
0.372474 0.360331 0.28145 
0.352845 0.434343 0.444834 
0.590089 0.7327 0.793974 
1.07883 1.24455 1.30396 
1.64619 1.80616 1.82874 
2.03355 2.17275 2.15877 
2.04964 2.15949 2.135 
1.69492 1.76164 1.74973 
1.16208 1.16352 1.15993 
0.706235 0.622499 0.595526 
0.485599 0.315111 0.22853 
0.495034 0.261266 0.100407 
0.621586 0.364288 0.146266 
0.742275 0.500477 0.265431 
0.776249 0.5752 0.368331 
0.687905 0.536076 0.390883 
0.492535 0.386845 0.314581 
0.273429 0.207533 0.19499 
0.158495 0.128691 0.145069 
0.232833 0.237243 0.247161 
0.45508 0.486532 0.462893 
0.670474 0.710894 0.643041 
0.723978 0.749305 0.646091 
0.574866 0.569499 0.457125 
0.317332 0.285109 0.197036 
0.10563 0.0648759 0.0236184 
0.0569995 0.0215325 0.0207485 
0.197725 0.159214 0.159729 
0.463883 0.390929 0.338034 
0.734726 0.591831 0.4472 
0.880705 0.656388 0.427068 
0.820156 0.546196 0.292378 
0.569883 0.316628 0.129786 
0.253429 0.0993012 0.0591084 
0.0366068 0.0273738 0.160787 
0.0155497 0.138344 0.405841 
0.144639 0.334048 0.651604 
0.27846 0.451444 0.733391 
0.299114 0.396899 0.592574 
0.209454 0.220916 0.325611 
0.105201 0.0596869 0.099669 
0.0670362 0.00574318 0.0129819 
0.0910967 0.0400696 0.0350862 
0.117901 0.0811301 0.0722149 
0.106406 0.0779249 0.0703403 
0.067017 0.0444828 0.0461015 
0.0344891 0.0195765 0.0360413 
0.0295663 0.0181667 0.0441204 
0.0516927 0.0286016 0.0469055 
0.0951383 0.0412003 0.0332043 
0.158409 0.0628847 0.0203064 
0.237412 0.103139 0.0306003 
0.317263 0.155287 0.0629066 
0.376444 0.197656 0.0925514 
