0.60753 0.278008 0.0470244 
0.839008 0.412573 0.0921332 
1.05532 0.541238 0.146562 
1.18228 0.608792 0.177053 
1.17653 0.583601 0.162873 
1.04945 0.48037 0.115634 
0.863506 0.358643 0.0809102 
0.702246 0.295968 0.118247 
0.631578 0.351055 0.271111 
0.674601 0.538604 0.545408 
0.811783 0.828636 0.908581 
1.00061 1.16601 1.30619 
1.19714 1.49332 1.68141 
1.36505 1.76226 1.98432 
1.47165 1.93174 2.16993 
1.4835 1.96467 2.19647 
1.37405 1.83573 2.03552 
1.14288 1.55041 1.69366 
0.831538 1.16054 1.2298 
0.517996 0.757852 0.748795 
0.285697 0.44057 0.365322 
0.182858 0.268611 0.153582 
0.198434 0.235317 0.112619 
0.272166 0.275879 0.170723 
0.333318 0.3091 0.228808 
0.342614 0.286525 0.217535 
0.309964 0.217898 0.134097 
0.278328 0.158356 0.038222 
0.288097 0.168632 0.0132053 
0.348585 0.276141 0.118189 
0.435208 0.460979 0.359508 
0.510119 0.671268 0.692869 
0.547358 0.852526 1.04787 
0.543528 0.970117 1.35618 
0.509843 1.0141 1.56925 
0.457656 0.991396 1.66344 
0.393253 0.917754 1.63895 
0.326649 0.816772 1.51802 
0.283756 0.721935 1.34109 
0.305866 0.671954 1.15671 
0.430185 0.695323 1.00448 
0.662197 0.791788 0.898989 
0.960388 0.92525 0.825701 
1.24746 1.03714 0.754011 
1.44409 1.07499 0.660316 
1.50527 1.01901 0.545502 
1.43774 0.88995 0.434094 
1.29051 0.734163 0.355308 
1.12786 0.597556 0.320043 
1.0035 0.506343 0.31155 
0.948905 0.465804 0.298025 
0.975561 0.473569 0.259195 
1.08092 0.533268 0.207822 
1.24856 0.655209 0.189142 
1.44256 0.842126 0.255501 
1.60552 1.07107 0.430414 
1.67018 1.28761 0.684719 
1.58593 1.4217 0.941674 
1.34913 1.4205 1.11102 
1.01968 1.28075 1.13424 
0.710484 1.06075 1.01551 
0.54949 0.861495 0.819908 
0.628815 0.783424 0.639433 
0.964003 0.87964 0.545866 
1.48312 1.13021 0.557584 
2.05196 1.45144 0.638327 
2.52407 1.73497 0.725904 
2.79238 1.89514 0.770465 
2.81902 1.89914 0.757607 
2.63252 1.76657 0.704038 
2.29945 1.54422 0.63372 
1.89 1.2762 0.55561 
1.45693 0.989208 0.460717 
1.03486 0.698536 0.339283 
0.652213 0.423988 0.201955 
0.3404 0.198233 0.0852018 
0.130197 0.0578896 0.0337935 
0.037426 0.0229909 0.0717813 
0.0501319 0.0809193 0.183282 
0.129065 0.188414 0.317835 
0.2238 0.292213 0.417492 
0.295814 0.355825 0.447848 
0.33561 0.376506 0.41387 
0.365632 0.384212 0.353288 
0.429481 0.425982 0.315331 
0.573987 0.545971 0.339475 
0.831099 0.769858 0.444333 
1.20362 1.09636 0.626993 
1.65705 1.49457 0.866853 
2.12037 1.90658 1.12937 
2.49931 2.2572 1.3703 
2.702 2.47207 1.54376 
2.67 2.50028 1.61427 
2.40165 2.33226 1.56789 
1.95541 2.0035 1.41593 
1.42993 1.58149 1.18885 
0.929727 1.14234 0.924669 
0.53234 0.748981 0.659317 
0.270995 0.439923 0.423158 
0.136748 0.229478 0.241607 
0.0942129 0.114026 0.13434 
0.100452 0.0779233 0.110197 
0.119094 0.0970771 0.160848 
0.127244 0.142524 0.259754 
0.116606 0.186552 0.370174 
0.0908313 0.210302 0.459042 
0.0602166 0.20855 0.508484 
0.035021 0.188122 0.518113 
0.0200313 0.160901 0.498063 
0.0134888 0.136448 0.4592 
0.0112065 0.119128 0.407886 
0.0126851 0.110266 0.347625 
0.0237029 0.111342 0.283601 
0.0520142 0.123697 0.224152 
0.098495 0.144384 0.176966 
0.150885 0.162682 0.143648 
0.186746 0.162747 0.118741 
0.185969 0.133337 0.0958805 
0.14551 0.0790343 0.0772959 
0.0861276 0.0243762 0.0788426 
0.0453343 0.00585849 0.124885 
0.0598416 0.0547643 0.234347 
0.147797 0.180375 0.405974 
0.301115 0.363472 0.612298 
0.4913 0.563785 0.806805 
0.683505 0.736649 0.940927 
0.849413 0.849287 0.981975 
0.972211 0.888779 0.923294 
1.04376 0.860004 0.783174 
1.05958 0.777978 0.595407 
1.01752 0.661004 0.397882 
0.921366 0.528224 0.224571 
0.785655 0.400544 0.102271 
0.636396 0.301027 0.0498213 
0.50537 0.251876 0.0767861 
0.420852 0.268643 0.180895 
0.4002 0.355304 0.346551 
0.448149 0.503764 0.547606 
0.560035 0.698161 0.75516 
0.725475 0.920584 0.946992 
0.928373 1.15367 1.11286 
1.14337 1.37826 1.25178 
1.33363 1.56919 1.36313 
1.45601 1.69519 1.43858 
1.47539 1.72744 1.46275 
1.38282 1.65478 1.42433 
1.2068 1.49692 1.33086 
1.00832 1.30504 1.21531 
0.858243 1.1449 1.12599 
0.806316 1.06797 1.10214 
0.85734 1.08532 1.14886 
0.967827 1.1597 1.22799 
1.06603 1.22223 1.27344 
1.08548 1.20582 1.22423 
0.994738 1.07778 1.05681 
0.808547 0.853915 0.797858 
0.576213 0.587785 0.510539 
0.35561 0.342736 0.263245 
0.187865 0.163424 0.0993053 
0.0853216 0.0615818 0.0237067 
0.0360777 0.0206141 0.0108474 
0.0187048 0.0122791 0.024745 
0.0165519 0.0134964 0.0379314 
0.0239027 0.0143176 0.0395137 
0.0430949 0.0157409 0.0318333 
0.0773884 0.0224087 0.0219434 
0.125574 0.0365536 0.0148922 
0.181397 0.0564443 0.0118688 
0.236865 0.0785105 0.0119117 
0.286401 0.100393 0.0143105 
0.329328 0.122851 0.0200132 
0.369981 0.150025 0.0319787 
0.41596 0.188301 0.0547095 
0.47513 0.243792 0.0925458 
0.55174 0.318484 0.146372 
0.642475 0.406226 0.209958 
0.734264 0.491155 0.268865 
0.805986 0.551027 0.304551 
0.834769 0.565524 0.303113 
0.804883 0.525972 0.264191 
0.714993 0.440975 0.204043 
0.579805 0.334117 0.149676 
0.425029 0.23442 0.126584 
0.278298 0.164703 0.147047 
0.160729 0.134117 0.205759 
0.0827795 0.138126 0.284713 
0.0449956 0.164372 0.363276 
0.0413445 0.199588 0.426546 
0.0622258 0.233249 0.467309 
0.0958836 0.257183 0.482255 
0.129204 0.26385 0.467442 
0.149733 0.246843 0.418129 
0.149529 0.204737 0.334148 
0.129208 0.145861 0.226913 
0.0992925 0.0896465 0.121926 
0.0768214 0.0616206 0.052793 
0.0778923 0.083021 0.0481384 
0.10951 0.159834 0.117745 
0.165043 0.277278 0.245662 
0.225986 0.403399 0.394814 
0.269525 0.500844 0.521656 
0.278318 0.541534 0.593956 
0.247843 0.517414 0.603073 
0.187959 0.442409 0.564927 
0.118345 0.345163 0.50979 
0.0604183 0.256593 0.466696 
0.0297227 0.198413 0.450643 
0.0319693 0.177608 0.458677 
0.0635937 0.188247 0.475742 
0.11532 0.218123 0.485904 
0.176116 0.255719 0.482153 
0.235542 0.293786 0.469483 
0.284229 0.328583 0.460265 
0.313736 0.356722 0.465355 
0.317359 0.372836 0.48645 
0.292395 0.370267 0.514059 
0.242754 0.344585 0.532005 
0.179829 0.297542 0.52569 
0.120024 0.238486 0.4895 
0.0791344 0.181677 0.429468 
0.0658519 0.140446 0.360095 
0.0777038 0.121258 0.297398 
0.101927 0.121036 0.252112 
0.121369 0.129434 0.226487 
0.122728 0.134849 0.215749 
0.102915 0.130716 0.212515 
0.0700778 0.118333 0.210927 
0.0386037 0.104584 0.207983 
0.0208315 0.0961105 0.201966 
0.0201516 0.0938749 0.19014 
0.0295344 0.0919691 0.16854 
0.0364609 0.0818665 0.134931 
0.0315161 0.0597213 0.0932583 
0.0157164 0.0320492 0.0560303 
0.00228465 0.0157499 0.0417709 
0.0116747 0.0316489 0.0675752 
0.0623391 0.0945943 0.140227 
0.161909 0.205269 0.250815 
0.303004 0.348 0.37624 
0.465282 0.495588 0.487252 
0.622252 0.61858 0.559051 
0.749477 0.694532 0.579218 
0.83086 0.713479 0.549593 
0.861339 0.678372 0.482257 
0.846247 0.601825 0.392867 
0.798858 0.501819 0.295295 
0.737815 0.398616 0.199979 
0.685428 0.313712 0.115785 
0.666816 0.270193 0.053381 
0.708906 0.292999 0.0277864 
0.837648 0.407255 0.0584223 
