0.0956596 0.0304785 0.00672708 
0.0992881 0.105324 0.114094 
0.183401 0.375508 0.541295 
0.420105 0.819874 1.18527 
0.757118 1.28337 1.7907 
0.997736 1.51807 2.05064 
0.949472 1.35887 1.81197 
0.613697 0.888946 1.22229 
0.214786 0.411103 0.651501 
0.0157326 0.212499 0.412935 
0.0916066 0.329099 0.519968 
0.284171 0.537818 0.707342 
0.374868 0.582964 0.697272 
0.290228 0.40814 0.448688 
0.135879 0.169899 0.153611 
0.0517694 0.0465524 0.0126442 
0.0652066 0.0617271 0.0417742 
0.0937811 0.10019 0.103756 
0.067183 0.0694554 0.10092 
0.0135212 0.0126485 0.101863 
0.0181404 0.0551313 0.267942 
0.116763 0.258943 0.670184 
0.248897 0.546647 1.19201 
0.31604 0.764034 1.60665 
0.273186 0.804607 1.74097 
0.159946 0.675706 1.57652 
0.0537563 0.465855 1.22537 
0.00377839 0.26778 0.835246 
0.00560383 0.129157 0.512438 
0.0237754 0.0539373 0.302579 
0.0285405 0.0300801 0.212193 
0.016893 0.0533417 0.236149 
0.0134212 0.135329 0.370108 
0.060752 0.29839 0.606012 
0.206108 0.563114 0.921021 
0.483796 0.93371 1.27389 
0.893788 1.38535 1.61408 
1.38279 1.8556 1.89293 
1.8406 2.24351 2.06244 
2.12528 2.42652 2.06657 
2.11922 2.30547 1.85175 
1.79487 1.86759 1.41181 
1.2494 1.22731 0.838138 
0.673861 0.598987 0.315798 
0.262553 0.196607 0.0375824 
0.115491 0.11858 0.0844713 
0.200215 0.301513 0.368596 
0.399349 0.581603 0.695865 
0.604903 0.816524 0.904928 
0.783714 0.969759 0.968743 
0.965009 1.09264 0.975181 
1.17054 1.23087 1.01128 
1.35874 1.34938 1.06299 
1.43928 1.34956 1.02571 
1.34612 1.16311 0.815284 
1.10029 0.83242 0.472652 
0.802946 0.499061 0.160836 
0.564573 0.306806 0.0518085 
0.433271 0.302228 0.199611 
0.380465 0.41338 0.503521 
0.346316 0.515003 0.782727 
0.297524 0.519262 0.894269 
0.249683 0.422978 0.805852 
0.245287 0.289684 0.586969 
0.314703 0.195862 0.346553 
0.452689 0.185428 0.170482 
0.62311 0.256654 0.0931909 
0.782283 0.378003 0.105041 
0.902799 0.514712 0.177736 
0.984761 0.649061 0.288762 
1.05132 0.785811 0.433374 
1.13188 0.941903 0.620157 
1.23858 1.12444 0.852071 
1.34565 1.30704 1.10219 
1.38792 1.42239 1.30219 
1.29303 1.38846 1.36267 
1.03795 1.16401 1.22504 
0.687936 0.79565 0.912758 
0.372399 0.408899 0.534817 
0.200203 0.134504 0.22543 
0.180142 0.0234543 0.0607817 
0.220909 0.0241191 0.0214249 
0.216033 0.0422163 0.0305791 
0.136835 0.0265171 0.0287918 
0.0483151 0.00159571 0.0157449 
0.0397373 0.0257633 0.0293029 
0.141354 0.12421 0.0938086 
0.300522 0.260496 0.189675 
0.424742 0.362382 0.265133 
0.444164 0.370977 0.272927 
0.349344 0.277449 0.204585 
0.193962 0.131783 0.103386 
0.069204 0.0202767 0.0444707 
0.055761 0.0149928 0.0830024 
0.170945 0.119476 0.200846 
0.350082 0.257184 0.304254 
0.491404 0.329385 0.296015 
0.537725 0.303989 0.171414 
0.520501 0.250922 0.0439766 
0.518239 0.278913 0.0591833 
0.567899 0.42735 0.265108 
0.62211 0.620666 0.562278 
0.599682 0.734644 0.784543 
0.4763 0.709822 0.835234 
0.317341 0.599108 0.751355 
0.216935 0.506702 0.645192 
0.208427 0.486731 0.593213 
0.240488 0.504328 0.5817 
0.240715 0.489096 0.547033 
0.196253 0.416004 0.452925 
0.167862 0.331391 0.326053 
0.228616 0.309531 0.231363 
0.39588 0.395452 0.229668 
0.62387 0.588715 0.358193 
0.853552 0.864718 0.628429 
1.05889 1.1902 1.01326 
1.24327 1.51183 1.42514 
1.40139 1.7451 1.72413 
1.49679 1.79933 1.77987 
1.47951 1.63097 1.5526 
1.32191 1.27728 1.12429 
1.03858 0.838348 0.650483 
0.683102 0.428163 0.27686 
0.335817 0.138657 0.0891666 
0.0862974 0.0295181 0.114419 
1.35945e-05 0.117911 0.332466 
0.0753205 0.353775 0.664873 
0.228936 0.612717 0.968626 
0.342567 0.747829 1.08612 
0.346848 0.6837 0.943917 
0.270139 0.473532 0.617001 
0.203613 0.257592 0.2841 
0.214929 0.15325 0.100133 
0.293311 0.174826 0.0957266 
0.372467 0.248773 0.186133 
0.39696 0.293797 0.263684 
0.362373 0.282353 0.278481 
0.300783 0.238038 0.24659 
0.243102 0.195656 0.207795 
0.201131 0.174363 0.189772 
0.17619 0.179776 0.202473 
0.172379 0.215847 0.246311 
0.200768 0.290934 0.318566 
0.279977 0.421566 0.422312 
0.435826 0.634586 0.577978 
0.688248 0.952709 0.816761 
1.0212 1.35785 1.14255 
1.36059 1.76217 1.49135 
1.59502 2.03023 1.74029 
1.63883 2.05443 1.77843 
1.49036 1.82777 1.58433 
1.23495 1.45074 1.24041 
0.990152 1.06767 0.874726 
0.838605 0.788078 0.588166 
0.794032 0.648806 0.424967 
0.809103 0.622799 0.385249 
0.807139 0.645753 0.43957 
0.721733 0.642736 0.529185 
0.534932 0.559518 0.577098 
0.295756 0.395148 0.528552 
0.0963546 0.208123 0.392135 
0.0108966 0.0766046 0.234064 
0.0435758 0.0391566 0.123104 
0.134015 0.0709929 0.079567 
0.214894 0.11781 0.0770896 
0.262855 0.147965 0.0849496 
0.293998 0.167535 0.0973703 
0.319927 0.190894 0.122214 
0.322531 0.2109 0.155032 
0.276334 0.205393 0.176246 
0.185992 0.165988 0.171667 
0.0900703 0.10939 0.146011 
0.026941 0.0594899 0.113945 
0.00419909 0.026882 0.085365 
0.00372328 0.009826 0.0639547 
0.00855435 0.00704618 0.0530646 
0.0162351 0.0190368 0.0529307 
0.0285093 0.0377396 0.0532452 
0.0393521 0.0461801 0.0398656 
0.0397482 0.0351938 0.0147892 
0.0296172 0.0150849 0.000972263 
0.0181473 0.00267755 0.0156499 
0.0152447 0.000485155 0.0417266 
0.0332294 0.00275357 0.0434651 
0.0997204 0.0286241 0.0232791 
0.253518 0.13455 0.0525938 
0.504101 0.366561 0.218779 
0.785414 0.684767 0.521435 
0.965584 0.946824 0.82679 
0.932533 0.995905 0.949903 
0.69118 0.789766 0.805749 
0.375924 0.448559 0.487942 
0.153006 0.166475 0.195525 
0.0964728 0.0645291 0.0760331 
0.150972 0.118869 0.131239 
0.207778 0.219167 0.259772 
0.209574 0.282855 0.37174 
0.182742 0.310428 0.45435 
0.183013 0.346444 0.541183 
0.227612 0.41036 0.644096 
0.283416 0.474378 0.729093 
0.30749 0.497161 0.750574 
0.285876 0.463721 0.69412 
0.235266 0.391189 0.583148 
0.179733 0.306725 0.453628 
0.132232 0.226801 0.328951 
0.0927908 0.153563 0.214743 
0.057251 0.0849349 0.111058 
0.0289249 0.0295787 0.0303464 
0.0264589 0.0158185 0.00700667 
0.0770772 0.0802689 0.0828243 
0.190695 0.232981 0.266542 
0.333591 0.42498 0.497742 
0.434104 0.558804 0.660585 
0.429443 0.551415 0.657388 
0.318241 0.402878 0.488476 
0.16792 0.205298 0.262755 
0.0635846 0.0750753 0.118792 
0.0417921 0.0641708 0.120357 
0.0701899 0.129011 0.21763 
0.092846 0.183909 0.305996 
0.0986599 0.188326 0.325726 
0.145 0.186684 0.312001 
0.306575 0.263263 0.353949 
0.590151 0.453282 0.504995 
0.895375 0.693267 0.72834 
1.06827 0.859826 0.925342 
1.01085 0.864642 1.01658 
0.754269 0.720822 0.998943 
0.432275 0.523409 0.930721 
0.18114 0.368502 0.869293 
0.0551787 0.28918 0.828482 
0.0223045 0.259915 0.792194 
0.0234613 0.247653 0.755729 
0.0278099 0.247252 0.739373 
0.0381454 0.269246 0.757862 
0.0612722 0.306556 0.785273 
0.0875884 0.326356 0.762458 
0.0999956 0.297768 0.646306 
0.0929133 0.222416 0.452362 
0.074618 0.133071 0.24749 
0.0530609 0.0636635 0.0996217 
0.0290378 0.0256941 0.0327678 
0.0106207 0.0160753 0.0262099 
0.0308906 0.0424433 0.050133 
0.137288 0.129116 0.0954075 
0.347474 0.287718 0.166882 
0.609151 0.480329 0.252867 
0.81134 0.62093 0.311543 
0.852644 0.62838 0.297324 
0.715132 0.490674 0.205219 
