0.788103 0.670436 
0.567482 0.566352 
0.368876 0.447455 
0.224418 0.345102 
0.145164 0.278454 
0.124791 0.244592 
0.145947 0.221199 
0.189758 0.184606 
0.2512 0.135409 
0.352737 0.111802 
0.539082 0.172641 
0.844558 0.354798 
1.24888 0.634746 
1.65478 0.925839 
1.91338 1.11633 
1.89448 1.12409 
1.56643 0.93693 
1.03524 0.620362 
0.507245 0.290942 
0.184722 0.064576 
0.155102 0.00170475 
0.349125 0.0800763 
0.598723 0.215355 
0.750146 0.317303 
0.747567 0.341063 
0.634159 0.298836 
0.489422 0.23279 
0.365684 0.179554 
0.269777 0.153608 
0.186682 0.152028 
0.110708 0.165641 
0.0561157 0.184721 
0.0445375 0.19932 
0.0849324 0.199944 
0.163463 0.181178 
0.250076 0.145552 
0.315266 0.102938 
0.344454 0.0639587 
0.34349 0.0328784 
0.339088 0.00938704 
0.377706 0.00148412 
0.51453 0.0361213 
0.780941 0.148315 
1.14061 0.347079 
1.47369 0.585445 
1.62459 0.769652 
1.49769 0.812728 
1.13029 0.694207 
0.675666 0.47543 
0.302395 0.256137 
0.0927917 0.110383 
0.0250463 0.0560964 
0.042818 0.0760696 
0.133485 0.157172 
0.3357 0.302384 
0.675933 0.507207 
1.10604 0.734013 
1.50619 0.917938 
1.74754 1.00062 
1.75774 0.960002 
1.54454 0.814814 
1.17879 0.60998 
0.761055 0.398238 
0.388934 0.22301 
0.13266 0.104391 
0.0276719 0.0390822 
0.0848095 0.0210657 
0.299133 0.0645198 
0.638331 0.198389 
1.02562 0.431737 
1.35706 0.729476 
1.56123 1.03124 
1.64775 1.29309 
1.68542 1.50235 
1.72468 1.65368 
1.74743 1.72895 
1.69853 1.71606 
1.55682 1.63972 
1.36016 1.55124 
1.16217 1.47721 
0.982766 1.38942 
0.812499 1.24005 
0.652997 1.02513 
0.531812 0.801252 
0.472782 0.636817 
0.467595 0.557112 
0.491298 0.544252 
0.541489 0.581041 
0.643973 0.675125 
0.805904 0.82855 
0.966169 0.9899 
1.01156 1.05691 
0.869013 0.950842 
0.599783 0.703927 
0.393507 0.467434 
0.433421 0.405386 
0.730844 0.551054 
1.08648 0.762969 
1.2408 0.842062 
1.09104 0.711136 
0.767745 0.478316 
0.4936 0.31578 
0.372437 0.28345 
0.328092 0.290099 
0.240842 0.226702 
0.107527 0.106878 
0.0380355 0.0462924 
0.106104 0.112216 
0.244803 0.23183 
0.312891 0.271532 
0.247412 0.188542 
0.121364 0.072433 
0.0492027 0.0339268 
0.0624173 0.0806764 
0.0968821 0.123906 
0.0882059 0.0949307 
0.0492538 0.0258839 
0.0429155 0.0056381 
0.0963869 0.0740302 
0.164975 0.179447 
0.18315 0.238413 
0.136088 0.218997 
0.0688909 0.157049 
0.0301158 0.103405 
0.0216716 0.0765257 
0.0147864 0.0753052 
0.0120086 0.125641 
0.0795417 0.290458 
0.302897 0.614486 
0.700361 1.05343 
1.17735 1.46508 
1.57039 1.68598 
1.74758 1.63565 
1.6838 1.36328 
1.45707 1.00381 
1.18336 0.68825 
0.95011 0.481747 
0.792687 0.383568 
0.710154 0.364607 
0.688424 0.396699 
0.707828 0.454296 
0.737929 0.504298 
0.736665 0.507882 
0.664853 0.439244 
0.510699 0.305762 
0.306275 0.151123 
0.118415 0.0355622 
0.0127901 0.00350182 
0.012764 0.0584443 
0.0842736 0.162284 
0.160762 0.260545 
0.189262 0.315591 
0.160867 0.323274 
0.104567 0.303205 
0.0569436 0.276169 
0.0373757 0.250876 
0.0453922 0.228334 
0.0727902 0.212785 
0.114028 0.214305 
0.166899 0.24025 
0.225655 0.284084 
0.272603 0.321137 
0.277563 0.317426 
0.216662 0.254226 
0.108177 0.159591 
0.0334516 0.118048 
0.100616 0.227106 
0.353074 0.510156 
0.696318 0.855914 
0.931865 1.06248 
0.900188 0.981024 
0.616771 0.645629 
0.268665 0.262554 
0.0629845 0.0528962 
0.0649742 0.0850963 
0.173819 0.246883 
0.244 0.369564 
0.219702 0.37427 
0.156675 0.307766 
0.137742 0.262871 
0.190034 0.287123 
0.281971 0.365292 
0.374637 0.462423 
0.453616 0.558499 
0.514379 0.642297 
0.539268 0.693716 
0.505462 0.690671 
0.413171 0.633188 
0.294659 0.549879 
0.190535 0.474322 
0.120108 0.416609 
0.076583 0.36014 
0.0466915 0.284342 
0.0294331 0.188237 
0.0356714 0.093637 
0.0742291 0.0294663 
0.142041 0.014042 
0.227099 0.0489483 
0.317804 0.124639 
0.407587 0.228362 
0.491624 0.346414 
0.562514 0.461667 
0.612279 0.553582 
0.638617 0.604427 
0.64567 0.606344 
0.634783 0.561511 
0.59469 0.476176 
0.506257 0.358117 
0.364095 0.223325 
0.197618 0.104245 
0.0690736 0.0455915 
0.043302 0.0837543 
0.147796 0.222485 
0.350837 0.423452 
0.57342 0.62027 
0.728216 0.748399 
0.761936 0.773447 
0.676159 0.702067 
0.516482 0.570641 
0.341024 0.42106 
0.191824 0.280989 
0.0864188 0.161218 
0.0278637 0.0674732 
0.0169885 0.0113137 
0.0530095 0.00640186 
0.123486 0.0518555 
0.197248 0.119648 
0.233286 0.163425 
0.205055 0.14878 
0.123417 0.0829568 
0.0365755 0.015898 
0.000126095 0.00505854 
0.0366101 0.0695478 
0.117957 0.173398 
0.187842 0.254388 
0.205349 0.27279 
0.171331 0.23585 
0.116642 0.179254 
0.0694195 0.129957 
0.0363763 0.0896737 
0.0128971 0.0510315 
0.00295381 0.0212609 
0.0208952 0.0225232 
0.0719406 0.0676068 
0.137133 0.140083 
0.187115 0.20513 
0.216368 0.243772 
0.260503 0.274747 
0.368802 0.336259 
0.548859 0.440048 
0.735933 0.543066 
