0.420213 0.120552 
0.291552 0.132158 
0.146993 0.276075 
0.111088 0.611083 
0.2403 1.08583 
0.474251 1.54044 
0.681328 1.79242 
0.756918 1.74838 
0.687668 1.45566 
0.536129 1.05756 
0.377948 0.697058 
0.256519 0.448251 
0.184581 0.315303 
0.168412 0.27358 
0.214801 0.299708 
0.310928 0.366073 
0.405429 0.423847 
0.425732 0.415375 
0.332982 0.322405 
0.170741 0.205039 
0.0545249 0.177409 
0.0969962 0.322934 
0.328396 0.621681 
0.68257 0.962529 
1.05497 1.23005 
1.3673 1.37787 
1.57762 1.42012 
1.6504 1.3709 
1.552 1.21998 
1.29594 0.977442 
0.978763 0.719299 
0.735637 0.552419 
0.634682 0.516902 
0.617115 0.536947 
0.55974 0.49272 
0.404749 0.347342 
0.218361 0.18758 
0.112826 0.126032 
0.12306 0.173813 
0.184847 0.234125 
0.238669 0.227078 
0.322518 0.193854 
0.521736 0.245543 
0.823755 0.410697 
1.06257 0.569286 
1.04827 0.565786 
0.755104 0.377739 
0.359187 0.144695 
0.0813188 0.0271536 
0.00589453 0.0617296 
0.0568676 0.168138 
0.121939 0.273195 
0.165801 0.390822 
0.223077 0.574177 
0.314861 0.814461 
0.399282 1.00734 
0.402975 1.0199 
0.293566 0.796042 
0.128222 0.4211 
0.0374803 0.0991901 
0.143548 0.0417155 
0.46207 0.324456 
0.869451 0.819435 
1.17979 1.27378 
1.27493 1.48368 
1.17343 1.41775 
0.985882 1.19541 
0.817633 0.968722 
0.712381 0.827362 
0.66118 0.784776 
0.636548 0.812061 
0.621048 0.872547 
0.63139 0.947782 
0.725923 1.05261 
0.962304 1.21703 
1.3155 1.43321 
1.6403 1.62241 
1.75002 1.67856 
1.56077 1.55859 
1.15884 1.32008 
0.719195 1.06156 
0.370653 0.845593 
0.159948 0.709376 
0.12917 0.737618 
0.359969 1.05562 
0.875255 1.68028 
1.49969 2.37822 
1.89009 2.74534 
1.77945 2.50448 
1.21265 1.74794 
0.524781 0.871002 
0.0810132 0.262819 
0.0418201 0.0659413 
0.347901 0.197051 
0.848547 0.508232 
1.38104 0.864796 
1.7622 1.1162 
1.8188 1.1202 
1.51516 0.878732 
1.04303 0.617985 
0.717649 0.643718 
0.730284 1.06214 
0.988786 1.64722 
1.20566 2.00623 
1.14953 1.89327 
0.825418 1.38326 
0.432945 0.772062 
0.167836 0.326145 
0.0708771 0.117043 
0.0645852 0.0631292 
0.113554 0.0917017 
0.304832 0.226613 
0.733008 0.506719 
1.31469 0.848611 
1.77131 1.04883 
1.8442 0.96046 
1.52822 0.653104 
1.07105 0.359948 
0.745553 0.2599 
0.648262 0.338111 
0.711898 0.465358 
0.849989 0.56834 
1.02747 0.674303 
1.20268 0.80383 
1.27661 0.887103 
1.15881 0.828916 
0.877376 0.634089 
0.585136 0.423174 
0.439351 0.31556 
0.482563 0.324004 
0.63889 0.376981 
0.80268 0.41968 
0.913845 0.462541 
0.963466 0.534564 
0.961536 0.62121 
0.917314 0.66932 
0.839806 0.643929 
0.738818 0.56151 
0.622313 0.466095 
0.501059 0.386711 
0.397061 0.324354 
0.33609 0.268788 
0.321605 0.213536 
0.319341 0.15583 
0.280386 0.0965997 
0.187794 0.0491449 
0.0780071 0.0393995 
0.0093609 0.0824845 
0.0065344 0.15448 
0.0379689 0.197512 
0.0503467 0.166389 
0.026457 0.0765768 
0.0119406 0.00566553 
0.0899187 0.0457335 
0.329547 0.250406 
0.748015 0.616798 
1.30294 1.10007 
1.90754 1.63156 
2.4572 2.12679 
2.8609 2.49619 
3.06678 2.66911 
3.06536 2.61704 
2.86821 2.35557 
2.48812 1.92907 
1.9503 1.40168 
1.32543 0.860915 
0.736368 0.409714 
0.306664 0.127488 
0.0855075 0.0238157 
0.0224067 0.0333344 
0.0218179 0.0666671 
0.0255406 0.0740435 
0.0436284 0.0651437 
0.112868 0.0756757 
0.236154 0.122046 
0.365638 0.186585 
0.43854 0.237345 
0.424 0.25612 
0.339158 0.249264 
0.22824 0.235024 
0.129471 0.220537 
0.0586205 0.192152 
0.0177355 0.13393 
0.0116526 0.0595532 
0.0488023 0.0205181 
0.126235 0.0729301 
0.224271 0.232649 
0.325042 0.464658 
0.430644 0.711981 
0.548321 0.925112 
0.655915 1.06503 
0.699991 1.0993 
0.644227 1.01781 
0.512876 0.851421 
0.368955 0.656877 
0.250811 0.475212 
0.151602 0.316372 
0.0690539 0.190496 
0.0483639 0.134278 
0.140887 0.178693 
0.31929 0.289982 
0.466346 0.370805 
0.472716 0.342336 
0.338639 0.219501 
0.16365 0.090342 
0.0441705 0.0258244 
0.00190382 0.0267044 
0.00871446 0.0562562 
0.0489182 0.0984216 
0.135574 0.16726 
0.280595 0.274682 
0.471657 0.410099 
0.671191 0.54407 
0.815788 0.629343 
0.827203 0.605944 
0.670636 0.447659 
0.428353 0.228006 
0.282983 0.10965 
0.373148 0.216625 
0.649987 0.502493 
0.902585 0.770928 
0.944009 0.845607 
0.763682 0.71137 
0.496165 0.486917 
0.273689 0.291261 
0.141103 0.168718 
0.0951394 0.125195 
0.145648 0.176981 
0.299119 0.325141 
0.499984 0.501294 
0.632419 0.584824 
0.604472 0.498682 
0.428836 0.285141 
0.215429 0.0789651 
0.0841718 0.00244604 
0.0786879 0.0773593 
0.149143 0.221842 
0.206461 0.322156 
0.19569 0.31551 
0.130558 0.223455 
0.0697657 0.121064 
0.064074 0.0763551 
0.121584 0.110053 
0.214199 0.199333 
0.308729 0.309059 
0.390058 0.417581 
0.460426 0.519902 
0.52408 0.615641 
0.575527 0.69839 
0.600254 0.754747 
0.584117 0.769956 
