0.248783 0.183006 
0.458204 0.208291 
0.788417 0.34882 
1.21485 0.607309 
1.66603 0.948436 
2.03333 1.29804 
2.20206 1.55918 
2.09546 1.64314 
1.71392 1.50474 
1.14949 1.16699 
0.564557 0.722101 
0.139018 0.305801 
0.0065016 0.0535515 
0.206743 0.0563608 
0.675131 0.33386 
1.2734 0.834196 
1.84638 1.45784 
2.27851 2.09258 
2.52592 2.64453 
2.61409 3.05509 
2.60824 3.30256 
2.57552 3.39399 
2.55836 3.35458 
2.56869 3.21949 
2.60015 3.02864 
2.64642 2.82294 
2.71255 2.63975 
2.81236 2.50696 
2.95361 2.43606 
3.11993 2.41573 
3.26095 2.40894 
3.2991 2.35744 
3.15454 2.19705 
2.78036 1.88307 
2.19316 1.41835 
1.48324 0.870579 
0.794973 0.365534 
0.281226 0.0516176 
0.0488001 0.0453463 
0.118313 0.379833 
0.416942 0.980793 
0.807769 1.68415 
1.14248 2.29044 
1.31386 2.63372 
1.2862 2.63581 
1.0939 2.3244 
0.814016 1.81041 
0.529057 1.23852 
0.297454 0.734209 
0.141794 0.368903 
0.0547174 0.153383 
0.0145914 0.0557215 
0.00111994 0.030244 
0.00403521 0.0422836 
0.023259 0.0789137 
0.0632325 0.144558 
0.125899 0.247658 
0.206116 0.387349 
0.291197 0.547034 
0.364187 0.696983 
0.409179 0.803481 
0.416731 0.839813 
0.387995 0.794873 
0.336884 0.677316 
0.290107 0.515379 
0.284888 0.353426 
0.363861 0.245968 
0.566477 0.248888 
0.916788 0.407186 
1.40927 0.739586 
1.99689 1.22308 
2.58791 1.78382 
3.05796 2.30256 
3.27991 2.63995 
3.16621 2.67974 
2.70969 2.3767 
2.00384 1.78837 
1.22756 1.07102 
0.592727 0.432761 
0.271059 0.0577939 
0.329808 0.0331867 
0.705799 0.313174 
1.23165 0.740605 
1.70365 1.1173 
1.96039 1.28967 
1.93696 1.20782 
1.67266 0.931256 
1.27525 0.583438 
0.865053 0.284144 
0.528709 0.0974293 
0.301538 0.0195347 
0.178387 0.00537467 
0.137494 0.0104368 
0.158913 0.0197705 
0.228 0.0484513 
0.327498 0.118483 
0.429758 0.231812 
0.498949 0.35946 
0.504374 0.454139 
0.436938 0.477497 
0.317587 0.423777 
0.190888 0.324567 
0.105693 0.2316 
0.0925711 0.188265 
0.149883 0.207101 
0.245887 0.266297 
0.335578 0.326119 
0.382902 0.353761 
0.376125 0.340402 
0.328381 0.300231 
0.264609 0.254157 
0.204507 0.211845 
0.153309 0.166797 
0.106073 0.108858 
0.060808 0.0440735 
0.0285416 0.00409617 
0.0303471 0.0333611 
0.0815746 0.158873 
0.174769 0.362719 
0.275849 0.579124 
0.339668 0.723013 
0.336645 0.735203 
0.272534 0.616265 
0.186764 0.427005 
0.129258 0.254974 
0.130904 0.168362 
0.18733 0.18563 
0.265879 0.27681 
0.329116 0.390504 
0.357387 0.485185 
0.355539 0.544797 
0.342183 0.573507 
0.332757 0.580177 
0.330441 0.567806 
0.330409 0.535169 
0.331083 0.485615 
0.340746 0.432182 
0.372962 0.392801 
0.434495 0.379069 
0.516038 0.388028 
0.593752 0.403739 
0.640985 0.407363 
0.642058 0.388237 
0.599332 0.348908 
0.530516 0.302648 
0.459793 0.267142 
0.408762 0.258567 
0.39069 0.287167 
0.40788 0.353089 
0.450912 0.442596 
0.500251 0.52816 
0.532255 0.57675 
0.529749 0.566008 
0.492874 0.50066 
0.442913 0.417616 
0.414057 0.37269 
0.435362 0.412927 
0.512498 0.549019 
0.620614 0.744244 
0.713716 0.927704 
0.746094 1.02561 
0.694039 0.99415 
0.566233 0.837137 
0.398252 0.601202 
0.235666 0.353391 
0.115603 0.154194 
0.0556714 0.0386237 
0.0535296 0.0113747 
0.0943095 0.0540316 
0.159993 0.137601 
0.235743 0.233641 
0.311451 0.320502 
0.379911 0.384825 
0.434431 0.420393 
0.468019 0.426414 
0.474634 0.406163 
0.451416 0.365832 
0.400353 0.313143 
0.328348 0.255655 
0.245741 0.199256 
0.164135 0.147531 
0.0944448 0.102276 
0.0455027 0.064771 
0.0229166 0.036875 
0.0277882 0.0210951 
0.0554959 0.019462 
0.0954961 0.031845 
0.133223 0.0547858 
0.15429 0.0816877 
0.14973 0.10446 
0.119939 0.115967 
0.0751819 0.112273 
0.032063 0.0938733 
0.00734958 0.0655609 
0.0118892 0.0350811 
0.0471769 0.0109965 
0.105682 0.000306371 
0.174201 0.00638988 
0.238348 0.0278316 
0.286276 0.0585764 
0.310701 0.0895616 
0.30932 0.11151 
0.284334 0.118091 
0.241649 0.10839 
0.189838 0.087759 
0.138675 0.0665821 
0.0971436 0.0572115 
0.0713056 0.0699599 
0.062782 0.109417 
0.0685806 0.172341 
0.0824994 0.247965 
0.0976254 0.320807 
0.108908 0.375224 
0.114716 0.400181 
0.116764 0.392461 
0.118582 0.357057 
0.123493 0.304643 
0.133264 0.247404 
0.148093 0.195231 
0.167542 0.153876 
0.191135 0.125267 
0.217458 0.108781 
0.242015 0.101941 
0.255871 0.100114 
0.247814 0.0964082 
0.211014 0.0836159 
0.151517 0.0586894 
0.0926438 0.0275684 
0.0696021 0.00631939 
0.113432 0.0155297 
0.230874 0.0689239 
0.391948 0.161916 
0.535614 0.267762 
0.59509 0.345999 
0.532558 0.360963 
0.365407 0.301488 
0.168176 0.190752 
0.0460412 0.0796613 
0.0907075 0.0258347 
0.339432 0.068209 
0.756786 0.209812 
1.24736 0.416926 
1.69245 0.634325 
1.99314 0.808453 
2.10109 0.907389 
2.02645 0.929324 
1.8238 0.897735 
1.56613 0.847714 
1.31943 0.810876 
1.12676 0.805172 
1.00445 0.832289 
