1.24768 1.26876 0.91102 
0.742722 1.11554 1.13956 
0.561142 1.2331 1.59785 
0.517722 1.35622 1.97326 
0.403579 1.22869 1.97731 
0.183861 0.813221 1.54834 
0.0275627 0.32327 0.894597 
0.131413 0.0390549 0.334437 
0.492258 0.0596904 0.0578999 
0.856891 0.222599 0.0184537 
0.927181 0.279046 0.0531487 
0.639844 0.158081 0.0996994 
0.240414 0.0433127 0.266935 
0.0612253 0.168874 0.66759 
0.214325 0.54187 1.19706 
0.502656 0.892116 1.53058 
0.630206 0.918491 1.39012 
0.489884 0.586331 0.828001 
0.245917 0.173443 0.228119 
0.155166 0.022365 0.000906083 
0.329345 0.248267 0.25483 
0.66355 0.672229 0.741431 
0.959097 1.0055 1.09378 
1.08726 1.07995 1.11258 
1.04842 0.925314 0.857337 
0.919959 0.679464 0.522324 
0.781096 0.462129 0.26252 
0.679038 0.321785 0.120621 
0.629933 0.256345 0.0655216 
0.625173 0.247958 0.0580678 
0.637759 0.27682 0.0797307 
0.637153 0.3217 0.125145 
0.60509 0.360933 0.186832 
0.536246 0.373607 0.246722 
0.428796 0.341436 0.276946 
0.288725 0.260619 0.253965 
0.151719 0.161382 0.182678 
0.088589 0.108545 0.107509 
0.162233 0.160882 0.0869467 
0.359273 0.312043 0.143307 
0.567011 0.472582 0.235 
0.639981 0.526932 0.285674 
0.513896 0.425659 0.248339 
0.267044 0.23 0.144672 
0.0675828 0.0655337 0.0455402 
0.0475883 0.0276389 0.0193066 
0.210074 0.123184 0.0995281 
0.440376 0.289146 0.28803 
0.598115 0.451975 0.56338 
0.606256 0.565448 0.869664 
0.477898 0.608246 1.10769 
0.287098 0.573045 1.17037 
0.124322 0.474553 1.01715 
0.0609679 0.359724 0.720087 
0.123593 0.287447 0.421919 
0.282653 0.284782 0.232636 
0.47301 0.329143 0.162229 
0.6459 0.386309 0.155215 
0.812607 0.466752 0.183702 
1.03191 0.630264 0.291188 
1.34175 0.919163 0.534184 
1.69484 1.28202 0.883357 
1.9614 1.5699 1.19415 
2.00275 1.6217 1.28919 
1.75925 1.37324 1.08681 
1.29006 0.90703 0.669827 
0.745207 0.410727 0.242908 
0.293564 0.0772196 0.0129189 
0.0473544 0.00792038 0.0730423 
0.0185961 0.170234 0.358819 
0.127655 0.427998 0.695873 
0.257818 0.62439 0.905453 
0.320914 0.66601 0.901117 
0.292368 0.557685 0.719137 
0.20207 0.376147 0.474681 
0.103805 0.215703 0.287715 
0.0523785 0.147975 0.231828 
0.0923192 0.207661 0.323211 
0.243211 0.38826 0.530001 
0.479898 0.637749 0.782442 
0.729119 0.867285 0.98842 
0.899571 0.986097 1.06597 
0.930006 0.94771 0.98241 
0.818868 0.772755 0.770718 
0.615413 0.530392 0.507489 
0.386619 0.29628 0.269671 
0.188642 0.120749 0.103042 
0.0569005 0.0238834 0.0193551 
0.00861705 0.00836232 0.0130198 
0.0465818 0.0716349 0.0774847 
0.159574 0.207024 0.208552 
0.320554 0.394977 0.394149 
0.486389 0.593906 0.600248 
0.605976 0.74413 0.768795 
0.641841 0.792902 0.839201 
0.596605 0.729476 0.78529 
0.520398 0.600703 0.638373 
0.481613 0.48467 0.470466 
0.515538 0.435773 0.345432 
0.593165 0.446154 0.278671 
0.641155 0.458369 0.24008 
0.598687 0.417442 0.192956 
0.462708 0.314524 0.128096 
0.285601 0.186639 0.0634364 
0.133956 0.081655 0.0195292 
0.0471209 0.0257357 0.00259165 
0.024243 0.0170091 0.00895804 
0.0379583 0.0380147 0.0355894 
0.0560759 0.0678112 0.0785548 
0.0578102 0.0876362 0.124024 
0.041035 0.086279 0.150089 
0.0194638 0.0666327 0.143693 
0.0107208 0.0461435 0.115692 
0.0245003 0.048496 0.0981497 
0.0631881 0.0950483 0.128273 
0.133168 0.202314 0.233912 
0.246655 0.37722 0.424087 
0.399922 0.600071 0.676797 
0.546852 0.80753 0.927601 
0.608117 0.906843 1.08131 
0.529165 0.832762 1.06033 
0.343163 0.609289 0.863494 
0.172154 0.354915 0.582227 
0.147854 0.210418 0.347432 
0.311534 0.240824 0.243198 
0.579362 0.39316 0.257806 
0.803544 0.544165 0.309979 
0.875153 0.592968 0.320656 
0.784361 0.520767 0.265876 
0.6014 0.379652 0.174629 
0.412324 0.238299 0.090345 
0.269151 0.138288 0.0389275 
0.182242 0.0871792 0.0245368 
0.138875 0.0739371 0.0406275 
0.120254 0.0815792 0.075799 
0.108308 0.0906839 0.111946 
0.0908085 0.0840161 0.127078 
0.0688602 0.0570638 0.108364 
0.0579426 0.024269 0.064168 
0.0748171 0.00961106 0.0204079 
0.118701 0.0262551 0.00154204 
0.165753 0.0638228 0.0125275 
0.186012 0.0964593 0.0374789 
0.17022 0.105351 0.0550363 
0.14254 0.0956263 0.0561068 
0.145565 0.0924115 0.0492509 
0.206835 0.11873 0.0506139 
0.312284 0.173218 0.0679168 
0.408866 0.226599 0.0923188 
0.437938 0.241879 0.105535 
0.376915 0.204034 0.0968464 
0.257444 0.135035 0.0750364 
0.143995 0.0796083 0.0630206 
0.0879744 0.0711889 0.0780352 
0.0936009 0.105996 0.114769 
0.122353 0.147517 0.147645 
0.129571 0.157149 0.151019 
0.10031 0.124088 0.119319 
0.055908 0.0702459 0.0700402 
0.031381 0.0299703 0.0291946 
0.0474728 0.0249534 0.0136206 
0.0998676 0.0540479 0.0238981 
0.168383 0.100868 0.0496018 
0.232687 0.147773 0.0788972 
0.28088 0.184233 0.104446 
0.30823 0.206591 0.123589 
0.312726 0.214169 0.135725 
0.294462 0.207583 0.140581 
0.258981 0.190241 0.138624 
0.218449 0.169149 0.131884 
0.185877 0.151497 0.122933 
0.16598 0.139079 0.11244 
0.151954 0.126694 0.0984072 
0.132522 0.107306 0.0787652 
0.102543 0.0791317 0.0546944 
0.0668101 0.0475672 0.0308544 
0.0349713 0.0210366 0.0125493 
0.0147342 0.00590157 0.00303668 
0.00900156 0.00389704 0.00235777 
0.0152649 0.0110196 0.00662423 
0.0251499 0.0179948 0.00892465 
0.0277701 0.0158988 0.00492623 
0.0189873 0.00562711 4.0362e-05 
0.00780723 0.000105551 0.00731097 
0.00866548 0.011311 0.0321725 
0.0246799 0.0337837 0.0597713 
0.0425596 0.0470539 0.0652575 
0.048845 0.0394985 0.0416929 
0.0487209 0.0258483 0.0124965 
0.0616041 0.0329271 0.00788396 
0.0964198 0.0675158 0.030238 
0.137717 0.106591 0.0526293 
0.161529 0.124126 0.0548613 
0.161315 0.120839 0.0502369 
0.151441 0.118412 0.0652438 
0.146172 0.127046 0.0976345 
0.144031 0.131481 0.111896 
0.137388 0.115603 0.0848659 
0.131039 0.0926941 0.0457274 
0.141747 0.0989735 0.055454 
0.177901 0.154676 0.143281 
0.225732 0.237979 0.270504 
0.260464 0.301516 0.360649 
0.270259 0.312629 0.362281 
0.266674 0.276429 0.283063 
0.270844 0.224028 0.172501 
0.289256 0.182931 0.0807152 
0.302578 0.157603 0.0306746 
0.279985 0.13394 0.0176378 
0.208798 0.0998714 0.0255482 
0.112119 0.0609257 0.0422289 
0.0338335 0.0342566 0.061307 
0.00192304 0.0274023 0.0741643 
0.00683746 0.0278603 0.0682336 
0.0177496 0.0190289 0.0405852 
0.0165687 0.00375478 0.010869 
0.0100482 0.00300483 0.00947009 
0.0106822 0.0282372 0.0458688 
0.0168236 0.0631008 0.0940947 
0.0177651 0.0796848 0.117135 
0.0107876 0.0683469 0.103121 
0.0031776 0.0435589 0.0707962 
0.000495494 0.0241602 0.0442913 
0.0036044 0.0192638 0.0357676 
0.0163026 0.0324117 0.0521675 
0.0416717 0.0624481 0.0980554 
0.066471 0.0915785 0.156749 
0.0676757 0.0898186 0.183333 
0.0536644 0.0539544 0.143729 
0.0882669 0.0363579 0.0632294 
0.239881 0.103823 0.0109313 
0.488702 0.251154 0.0217973 
0.703273 0.376535 0.0554249 
0.740082 0.373835 0.0595485 
0.575391 0.251196 0.0641949 
0.327279 0.133661 0.170929 
0.143775 0.135243 0.425627 
0.0801997 0.242441 0.723866 
0.0875574 0.33819 0.877854 
0.0971665 0.329184 0.78497 
0.0902022 0.228923 0.516259 
0.0880043 0.11963 0.238535 
0.104034 0.0604938 0.0690177 
0.125464 0.048291 0.0119623 
0.133149 0.0495877 0.00829489 
0.121455 0.0438273 0.010764 
0.096717 0.0315474 0.00782599 
0.0680563 0.0197671 0.00419471 
0.0441143 0.0125563 0.00281083 
0.030462 0.0101652 0.00291242 
0.0242647 0.00887565 0.00235582 
