0.308421 0.029306 0.0386293 
0.227562 0.0330944 0.0457909 
0.180552 0.0837693 0.100284 
0.214378 0.213925 0.234718 
0.344622 0.43055 0.465353 
0.544838 0.703512 0.773797 
0.755514 0.971223 1.10388 
0.908382 1.16221 1.37759 
0.954352 1.22304 1.5237 
0.882016 1.13942 1.5055 
0.718986 0.940744 1.33423 
0.517 0.686416 1.06231 
0.329208 0.441347 0.760631 
0.190681 0.252411 0.491873 
0.11013 0.136179 0.292167 
0.0743836 0.0814824 0.167569 
0.0609374 0.0627809 0.103434 
0.0510073 0.0558457 0.0787737 
0.0369125 0.047831 0.0771422 
0.0217946 0.0383801 0.0896836 
0.0139553 0.0337744 0.111633 
0.0201776 0.039267 0.137122 
0.0416526 0.0543595 0.156961 
0.0736866 0.0728838 0.160999 
0.10805 0.0865782 0.143153 
0.135992 0.089304 0.105509 
0.150588 0.0795882 0.0587767 
0.148227 0.0608093 0.0187218 
0.129523 0.0396498 0.000358197 
0.099486 0.0236903 0.0124212 
0.0662548 0.0186274 0.0539839 
0.0380474 0.0255203 0.114011 
0.0195187 0.0391308 0.173942 
0.0102971 0.0491251 0.213083 
0.00826941 0.0453385 0.215963 
0.0173423 0.0258947 0.179548 
0.0552198 0.0038888 0.116964 
0.154294 0.00710341 0.0545985 
0.35088 0.0678199 0.0221659 
0.664732 0.205679 0.0395211 
1.0785 0.412306 0.107099 
1.53002 0.647735 0.206128 
1.92584 0.853498 0.309722 
2.17339 0.977923 0.399327 
2.21821 1.00126 0.477065 
2.06795 0.947064 0.56633 
1.79064 0.873081 0.699698 
1.48736 0.845779 0.900719 
1.25237 0.91126 1.16966 
1.13893 1.07653 1.48072 
1.14525 1.30885 1.79144 
1.22385 1.55135 2.0588 
1.30687 1.7459 2.25371 
1.33436 1.85251 2.36814 
1.27377 1.85867 2.41349 
1.12567 1.7774 2.41293 
0.916906 1.63786 2.39198 
0.687062 1.47374 2.37049 
0.474522 1.31357 2.35776 
0.306462 1.17515 2.35122 
0.194453 1.06423 2.33828 
0.135211 0.97665 2.30091 
0.114904 0.902483 2.22186 
0.115181 0.83097 2.09086 
0.119201 0.754826 1.909 
0.11625 0.6729 1.68965 
0.103897 0.590422 1.45556 
0.0872365 0.516726 1.23266 
0.0754932 0.461093 1.04248 
0.0771721 0.428149 0.895454 
0.0955879 0.414742 0.787887 
0.12672 0.410006 0.703914 
0.16061 0.399244 0.622571 
0.186019 0.370471 0.527513 
0.196283 0.320683 0.415247 
0.193225 0.258345 0.297573 
0.186432 0.199865 0.196103 
0.187562 0.160981 0.130815 
0.202559 0.14739 0.108395 
0.226788 0.150432 0.117262 
0.247208 0.151527 0.133069 
0.251489 0.13385 0.132295 
0.238775 0.0944692 0.106005 
0.224282 0.048615 0.0648635 
0.232745 0.0219705 0.0316342 
0.282988 0.0346935 0.0256391 
0.372804 0.0871602 0.0494608 
0.474735 0.157233 0.0869731 
0.547156 0.211628 0.113977 
0.555114 0.224426 0.113813 
0.488531 0.190866 0.0869977 
0.366879 0.128052 0.0488066 
0.228388 0.0635543 0.0179786 
0.111777 0.0209542 0.00595979 
0.042121 0.0120454 0.0144274 
0.0276215 0.038672 0.0409246 
0.0650687 0.0989526 0.0852926 
0.146183 0.189985 0.149479 
0.258823 0.303989 0.2303 
0.383952 0.422566 0.312457 
0.494616 0.517067 0.370332 
0.56209 0.55864 0.38018 
0.56775 0.532972 0.334943 
0.513133 0.449479 0.250418 
0.420505 0.337698 0.157275 
0.32256 0.232624 0.0840968 
0.247387 0.158574 0.0434252 
0.207664 0.121516 0.0299893 
0.19929 0.112813 0.030476 
0.207897 0.11904 0.0355149 
0.217455 0.129658 0.0441673 
0.216052 0.138374 0.0588671 
0.198003 0.140599 0.0774486 
0.164295 0.132377 0.0910278 
0.122835 0.113266 0.0905333 
0.0874575 0.0902488 0.076213 
0.0737194 0.0773714 0.0610888 
0.091682 0.0889706 0.0640515 
0.13939 0.130214 0.0969609 
0.201845 0.191909 0.155323 
0.257282 0.253977 0.219581 
0.28748 0.295669 0.266065 
0.285793 0.305748 0.279776 
0.258195 0.286252 0.260647 
0.217609 0.248507 0.220438 
0.176139 0.205397 0.174095 
0.140332 0.165456 0.132157 
0.111381 0.131674 0.0983265 
0.0882698 0.103816 0.0717161 
0.070426 0.0810844 0.0503919 
0.0580583 0.0630782 0.033399 
0.0509814 0.0493686 0.0208928 
0.047863 0.0392392 0.0136548 
0.0468153 0.0322878 0.0129449 
0.0465266 0.0290802 0.0203522 
0.046554 0.03065 0.0367986 
0.0464408 0.0368186 0.0607748 
0.0447483 0.0447919 0.0871706 
0.0393519 0.0496677 0.108217 
0.0291559 0.0470433 0.116668 
0.0158922 0.0360759 0.109537 
0.00431365 0.0207419 0.0899831 
0.000229262 0.00819503 0.0660178 
0.00746397 0.00510525 0.0466853 
0.0256263 0.0141674 0.0379093 
0.0499994 0.032764 0.0402649 
0.0735124 0.0543767 0.0496808 
0.0896319 0.0717933 0.0603904 
0.0947476 0.0803461 0.0683163 
0.0891107 0.0795967 0.0729931 
0.0761492 0.0727983 0.0770501 
0.0606486 0.0646065 0.083681 
0.046672 0.0583629 0.0937122 
0.0361415 0.0544571 0.104175 
0.0286463 0.0506342 0.109453 
0.0224154 0.0439836 0.104518 
0.0158244 0.0333653 0.0884187 
0.0086428 0.020814 0.06588 
0.00251577 0.0111089 0.0459115 
0.000571822 0.0097299 0.0379532 
0.00625824 0.020194 0.0474692 
0.0215911 0.0419761 0.0731973 
0.0453027 0.0699653 0.10746 
0.0718965 0.0959056 0.139461 
0.0927926 0.111536 0.160009 
0.0998511 0.11223 0.165314 
0.0897602 0.0992355 0.15787 
0.0664289 0.0789612 0.144019 
0.0391993 0.0593711 0.129944 
0.017519 0.0457349 0.119008 
0.00567943 0.0388393 0.112509 
0.00163062 0.0371599 0.113146 
0.000837173 0.0411873 0.12775 
0.00183407 0.0557853 0.165693 
0.00836509 0.0875318 0.232493 
0.0257078 0.138165 0.32255 
0.0540413 0.199246 0.416914 
0.0849101 0.253222 0.4893 
0.104785 0.281562 0.517749 
0.103765 0.274848 0.494829 
0.08269 0.237658 0.429932 
0.0526929 0.184757 0.342778 
0.027311 0.131767 0.253308 
0.0134508 0.0875331 0.174899 
0.00849035 0.0534849 0.114052 
0.00552758 0.028998 0.0740296 
0.00181308 0.0167848 0.0572689 
0.00275442 0.0228005 0.0638758 
0.0178108 0.050562 0.0883017 
0.0516364 0.0951345 0.118705 
0.0979183 0.142613 0.141243 
0.141148 0.176343 0.146841 
0.165164 0.185534 0.135392 
0.162182 0.170124 0.114248 
0.136139 0.138963 0.0924561 
0.0988957 0.10349 0.0753269 
0.0629476 0.071831 0.0629029 
0.0358284 0.0467992 0.0522568 
0.0190037 0.027693 0.0407211 
0.010328 0.0132946 0.0275448 
0.00719767 0.00373601 0.0139444 
0.00822497 0.000735992 0.0031101 
0.0131546 0.00698118 0.00083001 
0.0219775 0.0252283 0.0153279 
0.0341432 0.0569835 0.0544247 
0.0481624 0.100708 0.120297 
0.0615954 0.150455 0.205045 
0.0715041 0.196406 0.290939 
0.075408 0.227885 0.35647 
0.0723752 0.237586 0.385197 
0.063536 0.224542 0.372285 
0.0515472 0.194086 0.325245 
0.0393132 0.155038 0.259273 
0.028867 0.116086 0.190609 
0.0211258 0.0833672 0.131539 
0.0164312 0.0599266 0.0885592 
0.0151384 0.0463545 0.0629571 
0.0176433 0.0415848 0.0523474 
0.023934 0.0434605 0.0522581 
0.0332887 0.0493282 0.0576848 
0.0445751 0.0569029 0.0646382 
0.0569595 0.0651329 0.0713338 
0.0703638 0.0744692 0.0784684 
0.0851737 0.0862044 0.0883328 
0.101341 0.101171 0.103079 
0.117557 0.118554 0.122896 
0.131207 0.135558 0.144961 
0.13932 0.14825 0.163876 
0.140125 0.153288 0.173679 
0.134369 0.149691 0.170664 
0.12561 0.139629 0.155423 
0.119206 0.127612 0.132646 
0.120399 0.118393 0.108579 
0.1324 0.1148 0.0877651 
0.155242 0.116777 0.0713365 
0.185526 0.121884 0.0578236 
0.216693 0.126397 0.0453284 
0.239691 0.12602 0.0329933 
0.244654 0.116359 0.0209762 
0.224343 0.0943931 0.0102193 
0.178742 0.0614861 0.00362095 
0.118049 0.0261183 0.00796418 
0.0605732 0.00280381 0.033406 
0.0245569 0.00527758 0.0879452 
0.0178044 0.036825 0.168795 
0.0322883 0.0847573 0.257304 
0.0488994 0.124962 0.323775 
0.0504339 0.135545 0.341851 
0.0338947 0.110794 0.303804 
0.0124941 0.0650108 0.225694 
0.00507254 0.0226547 0.137964 
