0.686602 0.352728 0.121704 
0.494602 0.212946 0.0434055 
0.210774 0.0714118 0.0217228 
0.0580936 0.0796928 0.137248 
0.222547 0.341563 0.423918 
0.706571 0.815768 0.818298 
1.29632 1.3046 1.16229 
1.6894 1.56493 1.28681 
1.69612 1.47166 1.12869 
1.3612 1.10655 0.786563 
0.917216 0.699326 0.459988 
0.616051 0.467396 0.312217 
0.573052 0.479651 0.363782 
0.732005 0.643857 0.501399 
0.950988 0.810219 0.589385 
1.11582 0.890404 0.582406 
1.188 0.893225 0.541649 
1.17616 0.869637 0.552656 
1.09338 0.845122 0.637038 
0.952477 0.809518 0.743587 
0.784952 0.753357 0.809328 
0.638638 0.690282 0.812195 
0.549305 0.642087 0.769824 
0.52499 0.621144 0.714305 
0.55846 0.636149 0.683043 
0.632219 0.693197 0.711173 
0.694445 0.765157 0.795294 
0.655685 0.772877 0.862222 
0.463941 0.645617 0.815498 
0.20695 0.429696 0.649773 
0.099962 0.30795 0.504964 
0.307949 0.453451 0.559351 
0.757869 0.840081 0.844462 
1.1587 1.22415 1.18427 
1.24333 1.34557 1.34247 
0.995163 1.15005 1.22876 
0.63142 0.807506 0.952712 
0.383789 0.532674 0.695436 
0.322803 0.419189 0.563881 
0.381467 0.439397 0.568471 
0.487447 0.5453 0.687275 
0.622712 0.714701 0.894268 
0.770837 0.906761 1.12402 
0.866035 1.02903 1.25959 
0.831514 0.991257 1.20153 
0.658731 0.791025 0.956581 
0.428192 0.528283 0.644055 
0.253087 0.331796 0.407236 
0.211453 0.275258 0.316939 
0.320361 0.353803 0.35077 
0.543095 0.515231 0.444869 
0.800613 0.695884 0.550605 
0.988663 0.834144 0.645129 
1.01831 0.876369 0.707673 
0.870797 0.79798 0.711149 
0.625106 0.633511 0.653249 
0.422783 0.479926 0.590804 
0.379756 0.444727 0.616702 
0.501899 0.560238 0.772689 
0.671022 0.735932 0.976915 
0.724306 0.809521 1.05845 
0.576938 0.674078 0.89429 
0.29456 0.377516 0.53097 
0.056034 0.103172 0.172776 
0.0351976 0.043602 0.0407827 
0.291808 0.270488 0.22233 
0.741821 0.694069 0.623901 
1.20634 1.12078 1.03887 
1.49288 1.35323 1.26268 
1.47213 1.27928 1.19032 
1.13774 0.925975 0.866563 
0.631667 0.459551 0.47122 
0.198595 0.109024 0.225364 
0.0566065 0.0278208 0.248931 
0.24844 0.179557 0.467893 
0.595334 0.357902 0.669994 
0.823631 0.35917 0.693367 
0.783033 0.174109 0.58758 
0.564612 0.00937642 0.573968 
0.396483 0.0879949 0.810592 
0.410174 0.407006 1.18496 
0.514338 0.707335 1.37197 
0.510288 0.715378 1.14178 
0.325288 0.42558 0.621084 
0.107825 0.127034 0.220266 
0.0799002 0.132883 0.26852 
0.307406 0.482851 0.711 
0.630316 0.913382 1.16704 
0.810884 1.10481 1.27811 
0.733981 0.944205 0.993915 
0.472169 0.569179 0.54737 
0.194101 0.209658 0.207081 
0.0365543 0.0195573 0.0827653 
0.0457941 0.0325262 0.133057 
0.193032 0.21321 0.28818 
0.413294 0.507456 0.524483 
0.634976 0.851533 0.839649 
0.797518 1.16727 1.19676 
0.860583 1.37233 1.50943 
0.807566 1.40538 1.67631 
0.651066 1.25457 1.63593 
0.440742 0.976927 1.41254 
0.254929 0.688809 1.12538 
0.16093 0.512723 0.93859 
0.168738 0.506012 0.968855 
0.231073 0.634361 1.21904 
0.305481 0.825362 1.59949 
0.417277 1.0522 2.01623 
0.63992 1.35003 2.43036 
0.990823 1.73172 2.82172 
1.34925 2.09181 3.10543 
1.50691 2.22603 3.12119 
1.33192 1.98358 2.74545 
0.894235 1.41625 2.03 
0.42204 0.768506 1.2154 
0.125167 0.303887 0.581821 
0.0541747 0.127222 0.266176 
0.114392 0.157801 0.207669 
0.188683 0.248427 0.249922 
0.23359 0.31474 0.281836 
0.281495 0.368752 0.295093 
0.390288 0.469141 0.34563 
0.597367 0.657331 0.484906 
0.883245 0.914578 0.71076 
1.14565 1.14631 0.949308 
1.23064 1.21778 1.08172 
1.04811 1.0548 1.02747 
0.687061 0.741577 0.834847 
0.389069 0.496648 0.676381 
0.360954 0.504061 0.711977 
0.595594 0.745029 0.932097 
0.886384 1.00678 1.14672 
1.02049 1.07054 1.14838 
0.949458 0.891557 0.891804 
0.780233 0.602051 0.516468 
0.636282 0.364864 0.209249 
0.554082 0.244748 0.0595388 
0.496514 0.204787 0.033956 
0.4223 0.184065 0.0529343 
0.322541 0.154252 0.066293 
0.211376 0.117998 0.0676807 
0.109434 0.0849348 0.0695692 
0.0368599 0.0609909 0.0836082 
0.0039433 0.0505998 0.120299 
0.0011443 0.060247 0.19527 
0.00751946 0.10124 0.328234 
0.014709 0.187939 0.52871 
0.0355234 0.323002 0.773283 
0.0832639 0.477782 0.994964 
0.149947 0.595686 1.10807 
0.214651 0.629419 1.06238 
0.270338 0.580234 0.882255 
0.331019 0.496369 0.651047 
0.408575 0.430293 0.452733 
0.489361 0.398803 0.324114 
0.539209 0.381866 0.25344 
0.529305 0.350956 0.211152 
0.455278 0.293244 0.175789 
0.336904 0.214916 0.139009 
0.206849 0.132267 0.100232 
0.0982361 0.0628389 0.063072 
0.0325652 0.0187329 0.0335747 
0.0102435 0.00136441 0.0168318 
0.0117841 0.00132015 0.013897 
0.0132704 0.00599575 0.0222632 
0.00562252 0.00990283 0.0388673 
0.000441948 0.0184108 0.0623179 
0.016144 0.0411264 0.0928164 
0.0575192 0.0811498 0.130578 
0.109786 0.131355 0.174851 
0.153744 0.182063 0.224845 
0.184612 0.230491 0.279763 
0.211451 0.277854 0.333229 
0.237505 0.315567 0.365844 
0.247776 0.321158 0.350559 
0.22326 0.277771 0.277511 
0.166688 0.199732 0.177343 
0.107389 0.131166 0.110471 
0.0779097 0.112305 0.121162 
0.0902283 0.148428 0.199631 
0.138466 0.216418 0.294798 
0.220776 0.30083 0.367701 
0.350666 0.417499 0.430664 
0.542399 0.597219 0.532185 
0.783896 0.843992 0.702595 
1.02145 1.10546 0.910207 
1.17033 1.28181 1.06464 
1.15017 1.27309 1.06696 
0.93235 1.04214 0.876501 
0.575614 0.656004 0.551416 
0.219512 0.268485 0.227318 
0.0190372 0.0362422 0.0341617 
0.0463112 0.0155468 0.00603227 
0.231189 0.123534 0.0629272 
0.406444 0.211192 0.091713 
0.438469 0.193204 0.0543505 
0.328914 0.110043 0.0108868 
0.185055 0.0575283 0.0307615 
0.0945921 0.0666278 0.0980937 
0.0523624 0.0792027 0.130588 
0.0194374 0.0468262 0.0899526 
0.0190385 0.0162469 0.0371231 
0.122788 0.0770417 0.0534184 
0.335805 0.233592 0.131433 
0.541392 0.374656 0.185354 
0.597224 0.388656 0.165505 
0.474082 0.279355 0.115938 
0.272516 0.142459 0.099234 
0.112448 0.052782 0.105817 
0.0379277 0.01301 0.0813954 
0.0269347 0.00252884 0.0245314 
0.0497335 0.0246857 0.00196492 
0.0880092 0.0826907 0.0556138 
0.11794 0.141191 0.136764 
0.112818 0.1492 0.161311 
0.071317 0.0982405 0.108472 
0.0269044 0.0353428 0.0363534 
0.0208057 0.0166145 0.0107494 
0.0721377 0.0626796 0.0462794 
0.177715 0.16135 0.117162 
0.331456 0.297791 0.200875 
0.528302 0.466338 0.296528 
0.737242 0.647026 0.404095 
0.875377 0.777125 0.49406 
0.840706 0.771001 0.511296 
0.610101 0.599839 0.427944 
0.305346 0.351367 0.290567 
0.114526 0.169531 0.183354 
0.112409 0.11099 0.135027 
0.18551 0.101141 0.115357 
0.178591 0.0793629 0.172863 
0.0942313 0.148331 0.515369 
0.0797716 0.477414 1.31531 
0.209064 1.02864 2.3841 
0.358026 1.47248 3.15168 
0.354977 1.47156 3.10918 
0.202755 1.02726 2.28525 
0.0673473 0.469877 1.21501 
0.0584997 0.114184 0.438629 
0.11133 0.00538188 0.101587 
0.112472 0.0110498 0.0341754 
0.0640773 0.0493934 0.0739297 
0.0558428 0.135957 0.191362 
0.116296 0.25952 0.363603 
0.172887 0.331814 0.484866 
0.160794 0.289015 0.460448 
0.104623 0.174143 0.317125 
0.0663134 0.0773342 0.16178 
0.0585444 0.0331764 0.0641466 
0.0483007 0.0150777 0.0231948 
0.0212459 0.00215838 0.0189657 
