0.83568 0.274885 0.143002 
0.905386 0.353869 0.213942 
1.00976 0.464578 0.286254 
1.1434 0.611303 0.371506 
1.27489 0.780727 0.477915 
1.34763 0.931128 0.590297 
1.3006 1.00096 0.666163 
1.10406 0.93913 0.656715 
0.789445 0.740476 0.541146 
0.44976 0.460855 0.34958 
0.201791 0.19676 0.155695 
0.127453 0.0380121 0.0408112 
0.228687 0.021815 0.0514791 
0.425016 0.116869 0.177129 
0.596936 0.246617 0.360293 
0.649328 0.335215 0.530418 
0.557229 0.346698 0.638794 
0.369286 0.295176 0.675011 
0.171893 0.224906 0.660084 
0.0399238 0.177781 0.626239 
0.00364353 0.170201 0.598369 
0.0462937 0.190767 0.586441 
0.125848 0.214762 0.588322 
0.202154 0.222103 0.596415 
0.252997 0.207095 0.602273 
0.274423 0.176889 0.598049 
0.271688 0.143529 0.577313 
0.250579 0.116666 0.537509 
0.21464 0.100903 0.483432 
0.16746 0.0971814 0.428646 
0.115708 0.105285 0.392245 
0.069401 0.125228 0.39133 
0.0389807 0.157222 0.432746 
0.0312596 0.201223 0.508678 
0.0467933 0.25687 0.598814 
0.0802054 0.323748 0.678222 
0.123397 0.401289 0.726947 
0.17014 0.487757 0.736513 
0.219643 0.578508 0.71041 
0.276694 0.664469 0.659207 
0.34741 0.732186 0.593999 
0.432187 0.766433 0.522564 
0.519961 0.75542 0.450469 
0.588403 0.697183 0.385762 
0.612264 0.604663 0.34319 
0.577509 0.506796 0.343987 
0.494637 0.444113 0.410103 
0.40342 0.459324 0.555346 
0.36423 0.585283 0.777928 
0.437117 0.833623 1.05804 
0.65589 1.18725 1.3612 
1.00773 1.59894 1.64533 
1.42778 1.99718 1.86838 
1.81288 2.29921 1.99448 
2.05172 2.42973 1.99844 
2.06177 2.34158 1.86947 
1.82052 2.03317 1.61502 
1.37939 1.55655 1.26404 
0.854127 1.01167 0.867841 
0.39311 0.525495 0.495741 
0.13254 0.219604 0.223292 
0.152433 0.174043 0.113101 
0.447943 0.39835 0.191965 
0.926726 0.820748 0.432601 
1.43538 1.30307 0.750733 
1.8085 1.68147 1.02561 
1.92509 1.82264 1.1428 
1.75259 1.67629 1.04518 
1.36092 1.30113 0.768469 
0.89885 0.849304 0.439297 
0.539813 0.510383 0.228833 
0.417359 0.435488 0.278142 
0.576316 0.673964 0.629182 
0.959336 1.15164 1.1967 
1.4332 1.70124 1.79777 
1.84186 2.13081 2.22655 
2.0626 2.29853 2.3388 
2.04328 2.16096 2.10603 
1.80934 1.77723 1.61701 
1.44399 1.2736 1.03114 
1.05423 0.789793 0.510905 
0.736903 0.431676 0.165589 
0.554508 0.246398 0.0268735 
0.524004 0.222384 0.0580816 
0.618376 0.306732 0.184062 
0.779023 0.429579 0.324725 
0.936057 0.527255 0.420096 
1.0313 0.559298 0.442407 
1.03626 0.516387 0.39604 
0.957838 0.417556 0.308142 
0.829224 0.297747 0.213595 
0.690916 0.190816 0.139487 
0.57242 0.116134 0.0954384 
0.484272 0.0755061 0.0744517 
0.422947 0.0608968 0.0634842 
0.382287 0.0659858 0.0563732 
0.360879 0.09159 0.0591512 
0.358899 0.139713 0.0825723 
0.367774 0.201022 0.126827 
0.364105 0.248508 0.171844 
0.318722 0.248652 0.185697 
0.220928 0.189365 0.151642 
0.103728 0.108329 0.0979983 
0.0487457 0.0978766 0.106466 
0.157198 0.271494 0.282528 
0.493815 0.700175 0.694623 
1.03207 1.35085 1.31345 
1.63642 2.06712 1.99166 
2.1023 2.61533 2.50773 
2.24332 2.78368 2.66196 
1.98476 2.48788 2.37884 
1.41278 1.82635 1.75913 
0.748335 1.05033 1.04784 
0.253574 0.458123 0.528693 
0.115905 0.264238 0.396733 
0.367414 0.508709 0.673704 
0.878809 1.05001 1.20772 
1.42722 1.64082 1.7535 
1.79974 2.04388 2.08808 
1.87983 2.12874 2.10263 
1.67821 1.90673 1.82942 
1.30256 1.49733 1.40083 
0.891437 1.05455 0.97186 
0.551094 0.69588 0.650185 
0.324179 0.466683 0.465617 
0.196852 0.347624 0.384051 
0.129478 0.289235 0.347102 
0.0877834 0.248047 0.310033 
0.0578042 0.205346 0.258805 
0.0422363 0.165013 0.204109 
0.0477867 0.140202 0.164305 
0.0759394 0.142282 0.152582 
0.123392 0.179245 0.176405 
0.18909 0.260955 0.245892 
0.279313 0.402453 0.380395 
0.404194 0.618201 0.603851 
0.566311 0.907881 0.927993 
0.749095 1.24226 1.3323 
0.914386 1.56006 1.7541 
1.0134 1.7818 2.09852 
1.007 1.8371 2.26788 
0.884861 1.69383 2.19978 
0.673187 1.37531 1.89727 
0.426484 0.956878 1.43695 
0.20718 0.542329 0.949638 
0.0627265 0.229466 0.579291 
0.0102838 0.0781489 0.434965 
0.0347797 0.0927158 0.553232 
0.0997126 0.224472 0.88493 
0.164893 0.39233 1.31113 
0.203335 0.513353 1.6827 
0.210949 0.532119 1.86943 
0.206333 0.439042 1.80182 
0.222104 0.272338 1.49178 
0.292193 0.104249 1.02645 
0.440322 0.0172455 0.538937 
0.673422 0.0784304 0.166947 
0.98096 0.319802 0.0131357 
1.33854 0.729259 0.118882 
1.71315 1.2536 0.457638 
2.06804 1.81159 0.947376 
2.36692 2.31308 1.47614 
2.57808 2.67901 1.93183 
2.67888 2.85746 2.22763 
2.65977 2.83206 2.3174 
2.52615 2.62122 2.19918 
2.29689 2.26974 1.9089 
1.99954 1.83609 1.50799 
1.664 1.37939 1.06863 
1.31713 0.949595 0.659866 
0.980093 0.582257 0.336336 
0.669132 0.298322 0.131752 
0.398929 0.107798 0.0582407 
0.186716 0.0155803 0.111581 
0.0545035 0.0265991 0.279698 
0.0266544 0.146936 0.54956 
0.121214 0.378474 0.907665 
0.336503 0.707823 1.33278 
0.638624 1.09478 1.78507 
0.958344 1.4687 2.20012 
1.20431 1.73987 2.49574 
1.29267 1.82646 2.59366 
1.18344 1.6882 2.44912 
0.90701 1.35155 2.07499 
0.565037 0.911756 1.54715 
0.300474 0.506635 0.985644 
0.246429 0.270471 0.517523 
0.475245 0.286703 0.236175 
0.970386 0.55963 0.173962 
1.63333 1.01657 0.298319 
2.32109 1.53784 0.530807 
2.89643 1.99993 0.778921 
3.26893 2.31324 0.966648 
3.41213 2.44095 1.05274 
3.35502 2.39593 1.03292 
3.15718 2.22244 0.929649 
2.88172 1.974 0.777164 
2.57706 1.69705 0.609144 
2.27142 1.42452 0.452738 
1.97709 1.17741 0.328298 
1.69841 0.969275 0.251254 
1.43787 0.808766 0.232375 
1.19781 0.6983 0.274861 
0.978774 0.630685 0.369823 
0.777728 0.587566 0.49379 
0.588998 0.543148 0.611664 
0.408929 0.473551 0.68581 
0.241982 0.368259 0.688375 
0.104007 0.237625 0.611521 
0.0189179 0.111394 0.470779 
0.0084467 0.027526 0.300161 
0.0792458 0.0161703 0.141891 
0.214517 0.0869234 0.0361363 
0.376042 0.226285 0.0150971 
0.517226 0.406658 0.102092 
0.601443 0.601638 0.312352 
0.616645 0.79873 0.651111 
0.57914 1.00228 1.10714 
0.52539 1.2253 1.64445 
0.496794 1.47514 2.19813 
0.524785 1.741 2.68002 
0.621458 1.98959 2.99541 
0.776851 2.17093 3.06678 
0.961429 2.23211 2.85736 
1.13283 2.13485 2.38683 
1.24746 1.87235 1.73471 
1.27685 1.481 1.02968 
1.22456 1.04163 0.425683 
1.13459 0.665809 0.0679952 
1.0824 0.466475 0.0554531 
1.14653 0.519886 0.408953 
1.37093 0.833095 1.05814 
1.73654 1.33295 1.85495 
2.15937 1.88532 2.61335 
2.51902 2.33928 3.16322 
2.7055 2.57821 3.39851 
2.66136 2.55577 3.30165 
2.39929 2.30236 2.93657 
1.98948 1.90313 2.41684 
1.52671 1.46103 1.86507 
1.09564 1.06324 1.38011 
0.749508 0.763083 1.02164 
0.507243 0.579845 0.811996 
0.36415 0.510376 0.748656 
0.307434 0.544365 0.819348 
0.329684 0.676812 1.01366 
0.437083 0.914362 1.32784 
0.651172 1.27413 1.76208 
1.0034 1.77525 2.31218 
1.52267 2.42589 2.96086 
2.2188 3.21107 3.67481 
