0.353971 0.567777 0.993041 
0.366134 0.442479 0.676905 
0.33401 0.282477 0.348814 
0.263301 0.145582 0.13376 
0.187316 0.0586649 0.0737295 
0.18805 0.0486788 0.14982 
0.34137 0.136885 0.306231 
0.604742 0.278816 0.442497 
0.7885 0.349061 0.438537 
0.703459 0.250723 0.26549 
0.370049 0.0611876 0.0933101 
0.0544802 0.0228159 0.225922 
0.0508016 0.324761 0.838352 
0.412428 0.87737 1.73899 
0.918594 1.34224 2.43084 
1.31629 1.43102 2.47985 
1.57018 1.18099 1.8715 
1.84011 0.911233 1.01418 
2.21556 0.891712 0.383869 
2.52096 1.06775 0.15336 
2.43782 1.12979 0.146167 
1.83857 0.855516 0.113178 
0.980958 0.366968 0.0176275 
0.339886 0.037572 0.0444578 
0.220708 0.143906 0.359872 
0.518834 0.606841 0.895178 
0.843584 1.06327 1.37516 
0.871543 1.18075 1.5454 
0.593304 0.911373 1.36495 
0.252118 0.474102 0.995258 
0.0841899 0.1328 0.635328 
0.137535 0.00893395 0.387239 
0.31916 0.080862 0.262304 
0.559632 0.299522 0.263742 
0.876485 0.644227 0.40901 
1.2675 1.0549 0.658017 
1.58804 1.35985 0.859377 
1.60235 1.34638 0.831227 
1.20149 0.95313 0.536366 
0.570365 0.390243 0.170516 
0.104227 0.0264213 0.03489 
0.113556 0.10588 0.277699 
0.572085 0.543497 0.743307 
1.13683 0.994708 1.08986 
1.42981 1.15259 1.09123 
1.34689 1.02102 0.863256 
1.14297 0.93319 0.812725 
1.23 1.29718 1.33952 
1.84672 2.26558 2.51983 
2.84942 3.57745 4.0055 
3.77732 4.68707 5.20743 
4.14445 5.08776 5.63105 
3.74755 4.60695 5.13985 
2.77533 3.48005 3.98924 
1.65931 2.17522 2.63806 
0.797025 1.114 1.48814 
0.351605 0.482267 0.724019 
0.240255 0.226183 0.321377 
0.266715 0.178097 0.160695 
0.269296 0.187143 0.130742 
0.192645 0.175132 0.159929 
0.0774944 0.126279 0.19851 
0.00986749 0.0592771 0.206047 
0.0644391 0.0083639 0.164519 
0.259837 0.0085571 0.0943489 
0.54331 0.0793537 0.0472093 
0.819004 0.216869 0.0780353 
1.00753 0.403695 0.218881 
1.0947 0.627155 0.47045 
1.13226 0.887185 0.809292 
1.19438 1.18833 1.20078 
1.32981 1.5278 1.61053 
1.54321 1.89072 2.00947 
1.80438 2.24956 2.36852 
2.06228 2.56008 2.6463 
2.2523 2.7589 2.78406 
2.30758 2.77752 2.72284 
2.1845 2.57598 2.43905 
1.89056 2.17457 1.9724 
1.48856 1.65477 1.41916 
1.06666 1.12312 0.890911 
0.69485 0.664162 0.468297 
0.402142 0.317985 0.18411 
0.190108 0.0952917 0.0430663 
0.0650248 0.00813158 0.0531056 
0.05201 0.0795621 0.232286 
0.169624 0.314159 0.576992 
0.383469 0.652077 1.01649 
0.589503 0.958753 1.40473 
0.664953 1.08595 1.58257 
0.563063 0.976013 1.4824 
0.36856 0.721562 1.18957 
0.244276 0.50819 0.889613 
0.295654 0.468196 0.726506 
0.472204 0.570841 0.693594 
0.607094 0.657679 0.66358 
0.567136 0.596419 0.532397 
0.372779 0.405893 0.332273 
0.17509 0.231659 0.1979 
0.119549 0.204505 0.22506 
0.232399 0.328707 0.37467 
0.425994 0.501919 0.52001 
0.591168 0.623541 0.575616 
0.672692 0.66869 0.564768 
0.671535 0.667024 0.564011 
0.607084 0.63891 0.602843 
0.497332 0.572483 0.633598 
0.367412 0.456016 0.592712 
0.254848 0.310837 0.47224 
0.194361 0.181223 0.323684 
0.202003 0.0993005 0.203204 
0.280169 0.0703019 0.127213 
0.431921 0.089282 0.0800269 
0.655937 0.157912 0.0493066 
0.919349 0.274327 0.0413494 
1.14181 0.409272 0.0635663 
1.22235 0.503965 0.10326 
1.09933 0.502691 0.131951 
0.798008 0.394575 0.131026 
0.427205 0.227643 0.110478 
0.126686 0.0831701 0.101874 
0.00132662 0.0308327 0.133559 
0.0801201 0.0954809 0.210584 
0.315265 0.251766 0.313288 
0.612488 0.442228 0.410714 
0.873107 0.604316 0.475945 
1.02972 0.693623 0.494523 
1.06374 0.69664 0.466081 
1.00085 0.631023 0.403378 
0.889262 0.534452 0.330174 
0.772575 0.446322 0.274945 
0.671013 0.389891 0.258443 
0.579316 0.36374 0.280492 
0.480006 0.347622 0.317386 
0.362632 0.319452 0.336304 
0.239024 0.273433 0.3189 
0.151219 0.231132 0.277571 
0.172979 0.244689 0.255359 
0.399085 0.392074 0.314289 
0.907435 0.754788 0.51817 
1.69083 1.36708 0.905329 
2.59494 2.15209 1.44877 
3.32968 2.8983 2.0268 
3.59029 3.32798 2.44622 
3.23368 3.24324 2.53207 
2.38356 2.65408 2.23415 
1.37167 1.78469 1.66681 
0.548304 0.944764 1.04364 
0.100787 0.361537 0.55543 
0.00181309 0.0911356 0.282358 
0.0929888 0.0485378 0.190522 
0.210488 0.101025 0.189788 
0.260941 0.146137 0.196772 
0.227454 0.140187 0.168956 
0.141238 0.0910563 0.109637 
0.0528483 0.0372749 0.0537494 
0.00930784 0.0213112 0.040691 
0.03254 0.0613546 0.0840011 
0.104908 0.134767 0.1564 
0.175359 0.187732 0.204299 
0.190913 0.171416 0.186656 
0.140091 0.0864847 0.115518 
0.0812127 0.00799103 0.0720507 
0.129836 0.0670448 0.181177 
0.400311 0.386168 0.547136 
0.92858 0.996697 1.17832 
1.62405 1.78884 1.94817 
2.28699 2.53446 2.62781 
2.68874 2.97961 2.98285 
2.6738 2.95875 2.88217 
2.23073 2.46973 2.35712 
1.49989 1.6746 1.58282 
0.722939 0.836078 0.802287 
0.169473 0.231594 0.242014 
0.074285 0.0843998 0.0589248 
0.585987 0.51897 0.322195 
1.70455 1.5202 1.00362 
3.21565 2.89334 1.96081 
4.69351 4.27279 2.94186 
5.64754 5.23888 3.66022 
5.77674 5.52042 3.93351 
5.15528 5.14634 3.78997 
4.17596 4.40536 3.43323 
3.27069 3.62547 3.07224 
2.63606 2.95898 2.76358 
2.18861 2.35712 2.41424 
1.74947 1.7266 1.93107 
1.24829 1.08305 1.3516 
0.759565 0.546488 0.8221 
0.389508 0.21542 0.464145 
0.173551 0.0787644 0.283741 
0.0822419 0.0509594 0.204692 
0.0808117 0.0602166 0.158421 
0.144054 0.0802646 0.122943 
0.225142 0.0998473 0.101981 
0.260975 0.112876 0.117735 
0.244943 0.162484 0.241376 
0.27979 0.359991 0.584509 
0.507076 0.795402 1.18904 
0.943571 1.3938 1.89821 
1.39309 1.88825 2.38616 
1.56682 2.00387 2.40434 
1.33905 1.7219 2.05382 
0.894252 1.35515 1.78746 
0.588799 1.30345 2.05419 
0.624689 1.67275 2.8591 
0.847618 2.12326 3.66168 
0.894303 2.13932 3.77199 
0.577025 1.51637 2.94177 
0.136434 0.623053 1.6319 
0.0949851 0.175289 0.704463 
0.822473 0.701824 0.799851 
2.20562 2.15776 1.92428 
3.71382 3.98979 3.54704 
4.78328 5.54358 5.03721 
5.17618 6.44327 6.02557 
5.04763 6.68225 6.45185 
4.74273 6.46845 6.40226 
4.54383 6.03757 5.98251 
4.54458 5.56779 5.32167 
4.66511 5.16723 4.60348 
4.7296 4.8599 4.01118 
4.5493 4.56983 3.61743 
3.99869 4.15381 3.33994 
3.07538 3.49056 3.01459 
1.9233 2.57155 2.51911 
0.815871 1.54309 1.85804 
0.115685 0.697141 1.18701 
0.207006 0.417757 0.793181 
1.36668 1.05853 1.01632 
3.57365 2.74121 2.07943 
6.36129 5.16376 3.87962 
8.8764 7.5901 5.89955 
10.2113 9.12705 7.38449 
9.86099 9.18105 7.74223 
8.01164 7.80367 6.91104 
5.44334 5.66709 5.41205 
3.09399 3.66278 4.01541 
1.57432 2.39437 3.24621 
0.950072 1.91363 3.09148 
0.896842 1.85891 3.12126 
1.05498 1.84571 2.91025 
1.28462 1.77516 2.40339 
1.64126 1.81957 1.91999 
2.1529 2.14006 1.81131 
2.65267 2.63274 2.10211 
2.85197 2.96546 2.46278 
2.59006 2.87678 2.53888 
2.00687 2.43827 2.30762 
1.44811 2.00272 2.09314 
1.17378 1.86914 2.21184 
