0.390809 0.533017 0.522073 
0.914164 1.21179 1.23138 
1.65058 2.09844 2.14466 
2.29685 2.83981 2.91551 
2.5068 3.04905 3.1573 
2.15909 2.59677 2.72821 
1.44605 1.71681 1.85612 
0.712906 0.830927 0.979732 
0.2169 0.262286 0.450169 
0.0161305 0.0836037 0.349802 
0.0313099 0.178935 0.540845 
0.164857 0.399995 0.838774 
0.36271 0.666264 1.14091 
0.606916 0.967155 1.44165 
0.889184 1.31761 1.77855 
1.19542 1.7183 2.17325 
1.49472 2.13104 2.59353 
1.72788 2.46851 2.94157 
1.8122 2.61094 3.07948 
1.67871 2.45973 2.89523 
1.32631 2.00577 2.37922 
0.848561 1.3614 1.65594 
0.398785 0.718827 0.93443 
0.108222 0.252436 0.401139 
0.0170502 0.032994 0.129172 
0.0699802 0.0147443 0.0677797 
0.171356 0.0946467 0.109248 
0.246907 0.185581 0.169185 
0.267272 0.247556 0.21785 
0.234321 0.2717 0.255762 
0.161719 0.253775 0.276261 
0.0723132 0.191113 0.25813 
0.00713105 0.102832 0.193043 
0.022555 0.0429032 0.11415 
0.157539 0.0748082 0.0852632 
0.383763 0.212212 0.144943 
0.588865 0.379201 0.254053 
0.639102 0.450943 0.313377 
0.496002 0.365921 0.258676 
0.27994 0.207781 0.146446 
0.190289 0.152698 0.124688 
0.327534 0.304567 0.290207 
0.584788 0.574652 0.568209 
0.731467 0.741889 0.751859 
0.62235 0.651565 0.682871 
0.330417 0.36018 0.400581 
0.076025 0.083506 0.110469 
0.0312414 0.00474744 0.00477153 
0.192486 0.133074 0.111549 
0.423403 0.332773 0.304428 
0.591634 0.463189 0.435516 
0.655661 0.480413 0.448474 
0.648211 0.427813 0.383208 
0.617367 0.367623 0.308195 
0.596373 0.336983 0.266483 
0.603406 0.346996 0.269501 
0.636841 0.390549 0.310989 
0.665751 0.441871 0.373579 
0.645255 0.465559 0.433629 
0.556082 0.442465 0.475106 
0.425535 0.387024 0.501775 
0.304256 0.334895 0.532895 
0.228502 0.316716 0.587564 
0.2092 0.34471 0.671083 
0.242559 0.410551 0.763795 
0.308549 0.478799 0.812641 
0.358509 0.487764 0.74658 
0.331979 0.386874 0.532971 
0.212553 0.197759 0.239477 
0.0665022 0.0325601 0.026726 
0.00536873 0.0250613 0.0457785 
0.0941644 0.222602 0.317638 
0.292813 0.539926 0.707597 
0.486466 0.819027 1.02059 
0.570311 0.935907 1.12838 
0.511832 0.862723 1.02328 
0.352991 0.654671 0.781067 
0.173091 0.400641 0.496248 
0.0466446 0.182565 0.245862 
0.010144 0.0515525 0.0799399 
0.0436817 0.0126127 0.013108 
0.0842574 0.0271117 0.018963 
0.0802461 0.0488007 0.0509579 
0.0552445 0.0767245 0.0877146 
0.116896 0.171747 0.158012 
0.37736 0.40096 0.305506 
0.837513 0.747488 0.5171 
1.34248 1.07747 0.69377 
1.66799 1.21748 0.713873 
1.67707 1.08763 0.541649 
1.41521 0.770444 0.273698 
1.06748 0.451514 0.0706859 
0.824636 0.288131 0.0366376 
0.768659 0.316656 0.154411 
0.844476 0.45318 0.317785 
0.909473 0.558849 0.41033 
0.823838 0.521395 0.37021 
0.548617 0.328571 0.22701 
0.204298 0.10718 0.111459 
0.0319622 0.081687 0.21211 
0.25283 0.442727 0.665852 
0.918674 1.20747 1.44532 
1.87233 2.18972 2.3466 
2.84251 3.10747 3.10274 
3.57996 3.72972 3.52617 
3.93338 3.9485 3.56562 
3.85487 3.76284 3.26776 
3.38848 3.24425 2.72514 
2.66555 2.52633 2.06491 
1.87761 1.79028 1.44779 
1.20946 1.21187 1.02816 
0.770606 0.89404 0.888617 
0.577496 0.841642 1.00985 
0.592323 0.99678 1.30602 
0.776613 1.29771 1.69234 
1.11776 1.71182 2.12715 
1.6137 2.22121 2.59819 
2.22311 2.77272 3.06652 
2.81124 3.23088 3.41555 
3.14809 3.38862 3.46316 
3.00693 3.0686 3.06208 
2.33173 2.27176 2.23619 
1.34409 1.25184 1.23673 
0.462897 0.414128 0.434893 
0.0534694 0.0738313 0.0985352 
0.1894 0.250557 0.219633 
0.623806 0.670193 0.537029 
0.99139 0.9758 0.739037 
1.0635 0.970572 0.677279 
0.852576 0.702614 0.424681 
0.524812 0.360406 0.161362 
0.24822 0.110189 0.0183505 
0.110767 0.0151186 0.0124523 
0.122191 0.0551253 0.0879378 
0.234573 0.174327 0.185114 
0.358921 0.308695 0.272489 
0.413781 0.412177 0.349624 
0.399471 0.490501 0.444358 
0.407969 0.593982 0.589787 
0.516203 0.740454 0.769298 
0.673997 0.853613 0.889682 
0.7686 0.846831 0.869032 
0.864303 0.831184 0.80983 
1.34752 1.21555 1.07032 
2.7072 2.48208 2.06869 
5.03592 4.72788 3.90304 
7.69693 7.36525 6.10573 
9.54512 9.31624 7.79758 
9.6221 9.63397 8.18369 
7.81347 8.11079 7.04331 
4.97024 5.43476 4.87249 
2.4166 2.79998 2.60226 
1.20392 1.24975 1.0951 
1.59235 1.16483 0.727653 
3.02907 2.16785 1.27871 
4.55625 3.43941 2.14658 
5.3521 4.20975 2.7304 
5.09206 4.12501 2.73246 
3.98214 3.3124 2.22223 
2.53071 2.18274 1.48415 
1.24744 1.15363 0.803493 
0.435744 0.465834 0.335745 
0.136753 0.149864 0.0978292 
0.190941 0.095291 0.0288691 
0.355097 0.147961 0.0537434 
0.426097 0.188204 0.118422 
0.333268 0.17386 0.198748 
0.1594 0.141288 0.292601 
0.0676006 0.162117 0.401728 
0.169285 0.275564 0.511613 
0.429024 0.444325 0.58547 
0.689618 0.57575 0.583887 
0.800727 0.59585 0.497699 
0.738539 0.511569 0.363102 
0.615475 0.407755 0.243526 
0.58276 0.386582 0.19625 
0.711374 0.497793 0.247857 
0.933386 0.698374 0.379459 
1.07716 0.861453 0.519133 
0.984568 0.847292 0.565459 
0.645717 0.614098 0.459187 
0.239627 0.280643 0.252022 
0.0116214 0.0531855 0.0836509 
0.0712695 0.0546313 0.0611192 
0.303736 0.220062 0.159454 
0.488619 0.371151 0.255705 
0.498575 0.386505 0.256309 
0.373115 0.285211 0.172713 
0.224924 0.160497 0.0776791 
0.120545 0.0733402 0.0203463 
0.0596455 0.0250659 0.00130753 
0.0250381 0.00159721 0.0107573 
0.0132962 0.0123158 0.0683133 
0.0291946 0.0933391 0.23122 
0.0827377 0.291134 0.570254 
0.188841 0.624863 1.10597 
0.340768 1.02747 1.72376 
0.483016 1.32819 2.16026 
0.549421 1.35147 2.14794 
0.557247 1.0869 1.64756 
0.644832 0.758313 0.948199 
0.970898 0.678043 0.489827 
1.54836 0.988384 0.529662 
2.17965 1.52681 0.94569 
2.57463 1.94605 1.35329 
2.55593 1.98273 1.42354 
2.17447 1.63993 1.12243 
1.64401 1.14245 0.685914 
1.16898 0.734084 0.391765 
0.824287 0.510796 0.349771 
0.574388 0.41778 0.474893 
0.372568 0.363559 0.614055 
0.218387 0.308756 0.671075 
0.132158 0.258671 0.629075 
0.113445 0.217629 0.508997 
0.147418 0.184816 0.349523 
0.233301 0.182089 0.216767 
0.376935 0.250126 0.188465 
0.557461 0.405205 0.300631 
0.728788 0.616086 0.515235 
0.86386 0.831959 0.749863 
0.978047 1.01859 0.933139 
1.09476 1.15794 1.02955 
1.20286 1.23154 1.03244 
1.26805 1.22956 0.959756 
1.28144 1.17666 0.857654 
1.27862 1.13001 0.78768 
1.3091 1.14304 0.795924 
1.39881 1.23294 0.890596 
1.53812 1.37342 1.03733 
1.68123 1.49655 1.15781 
1.74387 1.49963 1.14046 
1.6256 1.28753 0.900092 
1.27716 0.857051 0.478352 
0.77037 0.355894 0.0914404 
0.292805 0.0316446 0.0328069 
0.0448232 0.0768228 0.466174 
0.109367 0.485312 1.27187 
0.396842 1.04081 2.08769 
0.707147 1.45036 2.52542 
0.859422 1.52176 2.40215 
0.795345 1.26078 1.8254 
0.591294 0.836338 1.09435 
0.386364 0.457502 0.508179 
0.289691 0.255089 0.215064 
0.331356 0.238767 0.182026 
0.472725 0.334075 0.272928 
0.642636 0.448277 0.356415 
0.762466 0.511558 0.367816 
0.761183 0.48466 0.305747 
0.605913 0.361929 0.199858 
