0.724504 0.921488 
0.600661 0.85997 
0.402084 0.700522 
0.206135 0.510274 
0.0723111 0.346309 
0.0251052 0.240081 
0.0547504 0.196317 
0.130528 0.201696 
0.21894 0.237426 
0.300047 0.291018 
0.376875 0.363636 
0.474102 0.469914 
0.624848 0.628881 
0.849338 0.848682 
1.13499 1.11263 
1.4298 1.37581 
1.65635 1.57733 
1.74278 1.66407 
1.65643 1.61409 
1.42193 1.44617 
1.11296 1.20984 
0.82108 0.961675 
0.617762 0.74191 
0.528826 0.564066 
0.532108 0.420949 
0.575916 0.299854 
0.605724 0.195377 
0.58542 0.112385 
0.505878 0.0601527 
0.381891 0.0446429 
0.243173 0.0655716 
0.124918 0.119745 
0.060695 0.207203 
0.0782309 0.335459 
0.197593 0.519218 
0.430563 0.775474 
0.778926 1.11491 
1.22935 1.53087 
1.74526 1.98897 
2.26084 2.42325 
2.68525 2.74555 
2.92237 2.87025 
2.9023 2.74674 
2.61134 2.38461 
2.10419 1.8564 
1.48958 1.27398 
0.894444 0.748963 
0.423417 0.356852 
0.131731 0.121349 
0.0210041 0.0223689 
0.0547562 0.0183479 
0.182426 0.0685899 
0.360484 0.146423 
0.564547 0.242697 
0.791714 0.364076 
1.0546 0.529091 
1.36868 0.760716 
1.73578 1.07341 
2.12922 1.45693 
2.48867 1.86524 
2.73105 2.22003 
2.77671 2.43238 
2.58207 2.43557 
2.16383 2.21396 
1.60193 1.8132 
1.01684 1.32542 
0.528746 0.855365 
0.215612 0.483575 
0.0897125 0.244059 
0.10494 0.12691 
0.19232 0.102728 
0.305089 0.153018 
0.446839 0.286208 
0.663483 0.526915 
1.00084 0.883523 
1.45291 1.31576 
1.93585 1.72775 
2.30979 1.99811 
2.44121 2.03424 
2.27085 1.81943 
1.84623 1.42338 
1.29865 0.968241 
0.779316 0.570874 
0.393273 0.295841 
0.167774 0.144158 
0.066264 0.0772288 
0.0296482 0.0531367 
0.0139997 0.04929 
0.00417005 0.0613664 
0.00451607 0.0887211 
0.0228531 0.124303 
0.0620322 0.158027 
0.120738 0.186813 
0.195175 0.217411 
0.275285 0.256118 
0.339343 0.294356 
0.357241 0.306248 
0.307254 0.265577 
0.197482 0.17177 
0.0741996 0.0632749 
0.00512575 0.00314586 
0.0437149 0.0422583 
0.196981 0.184363 
0.420157 0.378744 
0.644333 0.548243 
0.820143 0.635792 
0.948687 0.639422 
1.07912 0.613418 
1.27483 0.635959 
1.57074 0.764847 
1.94893 1.00864 
2.34642 1.32815 
2.6875 1.66272 
2.91866 1.96127 
3.02487 2.19833 
3.02041 2.36794 
2.9244 2.46431 
2.74015 2.46646 
2.45323 2.34029 
2.04991 2.05917 
1.54367 1.63102 
0.991556 1.11426 
0.487588 0.610292 
0.133517 0.232763 
0.000367925 0.0669142 
0.0996366 0.137722 
0.378017 0.401245 
0.737383 0.762026 
1.06975 1.10763 
1.29146 1.34537 
1.36379 1.42771 
1.29517 1.35954 
1.12827 1.18777 
0.919494 0.97891 
0.71896 0.793304 
0.55727 0.665269 
0.442619 0.596508 
0.368026 0.565063 
0.323835 0.544405 
0.307365 0.521111 
0.322703 0.499936 
0.370292 0.493305 
0.434583 0.503749 
0.481697 0.51396 
0.473424 0.494159 
0.391253 0.423009 
0.253974 0.306496 
0.113785 0.179147 
0.029662 0.084692 
0.0336984 0.0493196 
0.112814 0.0669599 
0.218411 0.106888 
0.296873 0.136597 
0.319228 0.141505 
0.290303 0.127179 
0.234575 0.105657 
0.173821 0.0811975 
0.116079 0.050227 
0.0631969 0.0156858 
0.0263443 0.000530533 
0.0310916 0.0432027 
0.102931 0.172464 
0.242618 0.378352 
0.412269 0.603257 
0.547201 0.764731 
0.58919 0.79837 
0.519576 0.693167 
0.369575 0.496024 
0.201126 0.283419 
0.0720915 0.120331 
0.00902296 0.0328903 
0.0028123 0.00863965 
0.025052 0.017747 
0.0497796 0.0361615 
0.0654832 0.055183 
0.073161 0.0758481 
0.0774167 0.0982705 
0.0802898 0.116932 
0.0816081 0.124586 
0.0822129 0.118852 
0.0845345 0.104297 
0.0894324 0.0885747 
0.0935205 0.0774074 
0.0915536 0.0737322 
0.0832893 0.0811267 
0.0786509 0.106376 
0.0947798 0.156251 
0.144681 0.229381 
0.224756 0.310089 
0.311011 0.371368 
0.368571 0.38778 
0.36986 0.350867 
0.310321 0.276454 
0.211719 0.197827 
0.110894 0.148149 
0.0409279 0.142715 
0.0158697 0.171828 
0.0272138 0.208143 
0.0526639 0.223313 
0.0705648 0.203533 
0.0710031 0.15514 
0.0578355 0.0981725 
0.0421572 0.0531341 
0.0328679 0.0296292 
0.0309957 0.0234415 
0.0310973 0.0227767 
0.0278679 0.0186939 
0.0225845 0.0126419 
0.0244243 0.0165009 
0.0455744 0.0456829 
0.0935567 0.110188 
0.166148 0.209331 
0.252355 0.332879 
0.33858 0.466892 
0.415581 0.599701 
0.481453 0.724033 
0.538899 0.834495 
0.589067 0.923114 
0.626524 0.976954 
0.639053 0.980349 
0.612819 0.921208 
0.540138 0.798251 
0.425672 0.625261 
0.287757 0.429798 
0.153981 0.246281 
0.0526945 0.105841 
0.00380116 0.0267759 
0.0124642 0.00938625 
0.0682774 0.0373702 
0.150363 0.0853387 
0.236393 0.129422 
0.311701 0.156545 
0.374402 0.168513 
0.434127 0.179391 
0.50506 0.207685 
0.596865 0.267106 
0.708273 0.360155 
0.826736 0.477224 
0.934157 0.601197 
1.0152 0.714794 
1.06309 0.806588 
1.07936 0.872462 
1.06788 0.911995 
1.02766 0.922541 
0.950142 0.895682 
0.824281 0.819655 
0.64751 0.687744 
0.436022 0.508292 
0.227172 0.309913 
0.0706794 0.13728 
0.0117018 0.037738 
