0.201 0.410689 
0.334972 0.515599 
0.474357 0.631184 
0.584491 0.765494 
0.62744 0.906962 
0.578958 1.02164 
0.450527 1.06617 
0.295417 1.00864 
0.183406 0.84496 
0.15692 0.603268 
0.206246 0.338039 
0.28968 0.11818 
0.378482 0.0071154 
0.475955 0.0326383 
0.588073 0.160441 
0.684684 0.300676 
0.709289 0.360472 
0.6382 0.308833 
0.520442 0.194271 
0.440019 0.0940729 
0.431915 0.0470812 
0.446552 0.0439781 
0.409398 0.0823788 
0.312383 0.210445 
0.233516 0.488088 
0.26217 0.89477 
0.413895 1.29152 
0.624329 1.49991 
0.815961 1.43463 
0.954609 1.16339 
1.04163 0.841139 
1.07359 0.591286 
1.03224 0.444609 
0.91471 0.368421 
0.757884 0.327191 
0.623173 0.310142 
0.56278 0.323219 
0.606663 0.381144 
0.771284 0.511089 
1.05724 0.744015 
1.42339 1.08058 
1.7711 1.46035 
1.97717 1.77501 
1.96475 1.92715 
1.75492 1.88971 
1.45197 1.71769 
1.17267 1.50431 
0.976266 1.3175 
0.846403 1.16451 
0.73021 1.00811 
0.594754 0.816459 
0.4528 0.601013 
0.343999 0.409218 
0.303546 0.285844 
0.36094 0.252737 
0.568635 0.333532 
1.00646 0.584059 
1.71396 1.06117 
2.58433 1.72578 
3.33007 2.37365 
3.60153 2.70015 
3.2065 2.4909 
2.26535 1.79394 
1.16558 0.918604 
0.337453 0.246777 
0.0145346 0.000865931 
0.143294 0.140575 
0.476734 0.441921 
0.753966 0.669041 
0.835222 0.704711 
0.7285 0.571166 
0.531011 0.36667 
0.34854 0.186541 
0.241635 0.0784753 
0.21274 0.0404541 
0.223762 0.0430089 
0.22639 0.0548126 
0.190261 0.05979 
0.118832 0.0626521 
0.0478414 0.0838551 
0.0271294 0.146317 
0.0930778 0.257905 
0.244104 0.397223 
0.433302 0.51356 
0.587322 0.548943 
0.646363 0.476127 
0.601523 0.327099 
0.499507 0.182372 
0.405952 0.117928 
0.356798 0.149065 
0.343308 0.224133 
0.343666 0.278573 
0.36049 0.295386 
0.413228 0.305795 
0.490225 0.329804 
0.52601 0.33193 
0.452406 0.257165 
0.282499 0.115054 
0.128843 0.00785614 
0.114606 0.0494402 
0.256533 0.248369 
0.441831 0.482452 
0.5274 0.600067 
0.460593 0.546444 
0.303588 0.390138 
0.154685 0.240623 
0.0657424 0.161831 
0.0361229 0.166548 
0.057353 0.260612 
0.128354 0.447588 
0.22127 0.676638 
0.264277 0.818788 
0.198774 0.746189 
0.0673296 0.463427 
0.0230756 0.14938 
0.215875 0.0353002 
0.646375 0.212623 
1.13367 0.551194 
1.4432 0.811525 
1.46367 0.8464 
1.27067 0.701861 
1.02734 0.53389 
0.833685 0.443436 
0.677146 0.40408 
0.516584 0.34272 
0.383376 0.262367 
0.3711 0.256025 
0.521852 0.393256 
0.745532 0.61376 
0.87825 0.759451 
0.828739 0.720121 
0.65821 0.537564 
0.509749 0.358051 
0.466898 0.289325 
0.490095 0.314253 
0.482814 0.337287 
0.398345 0.292654 
0.274117 0.196105 
0.181679 0.11052 
0.170087 0.0929982 
0.257983 0.181941 
0.448487 0.403311 
0.719489 0.747762 
1.00063 1.13099 
1.19117 1.40444 
1.22866 1.4425 
1.14259 1.23746 
1.02626 0.906477 
0.948307 0.598717 
0.895086 0.391563 
0.801686 0.267908 
0.630883 0.175113 
0.413553 0.0893564 
0.217024 0.0249931 
0.0874873 0.000839141 
0.026724 0.0138805 
0.0109432 0.044754 
0.0160479 0.0774049 
0.0251085 0.10854 
0.0270918 0.143492 
0.0200376 0.187061 
0.0117474 0.233438 
0.00895751 0.25981 
0.0084617 0.236635 
0.00928216 0.158373 
0.0333337 0.0672486 
0.116703 0.0314663 
0.26388 0.0826041 
0.41563 0.175787 
0.485355 0.229942 
0.444313 0.220088 
0.366239 0.221942 
0.371178 0.346937 
0.515341 0.62395 
0.736411 0.949408 
0.90692 1.16029 
0.937753 1.15886 
0.833473 0.973244 
0.664646 0.714345 
0.504477 0.489322 
0.390489 0.350496 
0.325449 0.299128 
0.294944 0.311499 
0.283399 0.357712 
0.285569 0.411072 
0.309077 0.45374 
0.361098 0.476447 
0.429262 0.473112 
0.482921 0.441583 
0.50252 0.394496 
0.505648 0.362883 
0.532047 0.375212 
0.595815 0.426681 
0.658357 0.476293 
0.658623 0.483251 
0.571623 0.444865 
0.431159 0.390975 
0.293549 0.341792 
0.187369 0.284083 
0.106857 0.200055 
0.0496174 0.114832 
0.0447578 0.0980412 
0.132108 0.205274 
0.315805 0.418184 
0.547658 0.649106 
0.760428 0.807849 
0.915546 0.864919 
1.0199 0.856886 
1.10519 0.843455 
1.19708 0.863833 
1.29533 0.919318 
1.36554 0.973896 
1.34435 0.964487 
1.1713 0.831802 
0.843809 0.571874 
0.451543 0.267494 
0.139551 0.0503941 
0.0101723 0.00542532 
0.0462828 0.100174 
0.133337 0.21467 
0.164142 0.248603 
0.124745 0.200547 
0.0798377 0.142632 
0.083088 0.127033 
0.114699 0.131808 
0.112323 0.104035 
0.0557358 0.0457174 
0.00727458 0.0390255 
0.0591094 0.173835 
0.238377 0.447394 
0.466368 0.739163 
0.614919 0.891723 
0.60914 0.827546 
0.483849 0.600754 
0.34796 0.346314 
0.295769 0.179593 
0.344706 0.131959 
0.443799 0.162325 
0.529108 0.214172 
0.56964 0.260088 
0.572037 0.305355 
0.557387 0.366251 
0.541046 0.452261 
0.528973 0.562753 
0.52207 0.689511 
0.517865 0.81746 
0.510108 0.926337 
0.491673 0.99707 
0.459963 1.0184 
0.419139 0.987066 
0.377515 0.903736 
