1.89334 1.82821 
2.22109 2.14127 
2.23666 2.17321 
2.02751 1.99517 
1.73138 1.72809 
1.45318 1.4778 
1.23353 1.29636 
1.05913 1.17121 
0.893746 1.04714 
0.714357 0.875076 
0.53417 0.654235 
0.395175 0.430943 
0.334617 0.257448 
0.355226 0.153933 
0.426251 0.108282 
0.509763 0.10216 
0.581028 0.126324 
0.623804 0.17135 
0.61678 0.217194 
0.540573 0.245453 
0.405885 0.261807 
0.267002 0.293942 
0.191353 0.357301 
0.205152 0.426056 
0.269042 0.448232 
0.311104 0.393095 
0.28662 0.27925 
0.211774 0.157163 
0.151187 0.0764121 
0.178927 0.0770461 
0.337993 0.195258 
0.61058 0.444338 
0.912783 0.774526 
1.13057 1.07038 
1.18833 1.2208 
1.10335 1.21032 
0.981294 1.14192 
0.954963 1.16405 
1.10698 1.36172 
1.41259 1.68899 
1.72457 1.9774 
1.82804 2.01993 
1.57542 1.70813 
1.03163 1.14973 
0.48926 0.652231 
0.282066 0.524971 
0.52076 0.828653 
0.991338 1.30313 
1.3276 1.56926 
1.30238 1.4313 
0.967623 0.998167 
0.542643 0.531808 
0.209164 0.212814 
0.0318159 0.0694934 
0.0392178 0.0979516 
0.307538 0.375191 
0.906127 0.993536 
1.75257 1.87667 
2.55455 2.69986 
2.94397 3.04841 
2.7171 2.70802 
1.98193 1.83788 
1.08687 0.870675 
0.38971 0.218441 
0.052507 0.0218024 
0.00914744 0.127995 
0.0934877 0.278282 
0.187857 0.319025 
0.267146 0.265247 
0.339943 0.207069 
0.38636 0.189458 
0.367528 0.185735 
0.280721 0.161475 
0.180374 0.132997 
0.133408 0.152458 
0.15851 0.246657 
0.215418 0.384119 
0.250452 0.502879 
0.245075 0.562154 
0.219905 0.563858 
0.200385 0.531982 
0.187288 0.482543 
0.161561 0.417954 
0.114081 0.346905 
0.0697956 0.304854 
0.0855265 0.353151 
0.222106 0.554133 
0.504759 0.933574 
0.890329 1.44641 
1.26245 1.96487 
1.47114 2.30892 
1.41007 2.32278 
1.09006 1.96529 
0.651682 1.35274 
0.292201 0.709501 
0.146947 0.245429 
0.209999 0.0423564 
0.354804 0.0321857 
0.436324 0.0778967 
0.390388 0.0852293 
0.255329 0.0541113 
0.116443 0.0420677 
0.0394115 0.0933308 
0.0495415 0.205604 
0.147912 0.3496 
0.317252 0.497102 
0.507418 0.62268 
0.647638 0.701648 
0.716152 0.7422 
0.807195 0.827823 
1.08957 1.0906 
1.64374 1.58852 
2.31768 2.18658 
2.76976 2.58584 
2.70252 2.51968 
2.09542 1.96041 
1.23235 1.15117 
0.508521 0.4384 
0.188749 0.0568248 
0.294921 0.0328494 
0.657696 0.237593 
1.04655 0.500904 
1.28804 0.697029 
1.33725 0.781908 
1.29276 0.799396 
1.33937 0.85685 
1.62198 1.05692 
2.11264 1.40401 
2.57333 1.75241 
2.67648 1.86471 
2.23189 1.57594 
1.3649 0.956761 
0.493539 0.332315 
0.0860127 0.102762 
0.355201 0.47435 
1.11607 1.30523 
1.91894 2.19431 
2.35687 2.74673 
2.31063 2.80811 
1.95852 2.49945 
1.58095 2.06258 
1.3471 1.67307 
1.24745 1.36741 
1.17674 1.09796 
1.04684 0.820686 
0.832263 0.533791 
0.558493 0.270414 
0.28979 0.0860968 
0.120429 0.0428195 
0.128283 0.163978 
0.299229 0.381421 
0.504916 0.547428 
0.587692 0.537818 
0.486662 0.359672 
0.279334 0.146737 
0.0992409 0.0375271 
0.0199173 0.059107 
0.0177285 0.129533 
0.029639 0.160592 
0.0291571 0.145455 
0.044664 0.14928 
0.113937 0.227331 
0.230477 0.361008 
0.343566 0.477722 
0.420875 0.537016 
0.508555 0.593375 
0.705376 0.755377 
1.04989 1.06281 
1.43234 1.40623 
1.64593 1.59122 
1.5523 1.50108 
1.2026 1.19686 
0.791363 0.85456 
0.493046 0.611729 
0.344461 0.48041 
0.269722 0.392542 
0.190974 0.299519 
0.100906 0.21449 
0.0424011 0.17485 
0.0442199 0.188948 
0.0882299 0.226247 
0.13023 0.247661 
0.139258 0.23527 
0.114963 0.196131 
0.0764034 0.147698 
0.04287 0.10441 
0.0253894 0.0749876 
0.0302232 0.0676776 
0.0649357 0.0962877 
0.138781 0.180076 
0.255532 0.333461 
0.403482 0.549287 
0.551303 0.787572 
0.655313 0.980074 
0.675098 1.05061 
0.590661 0.945839 
0.417696 0.671873 
0.215555 0.32182 
0.0726644 0.0599933 
0.0602783 0.0402004 
0.180407 0.297735 
0.358895 0.707542 
0.501137 1.06146 
0.559633 1.20474 
0.545664 1.11276 
0.483592 0.858753 
0.375116 0.538376 
0.221243 0.236678 
0.0672727 0.0390438 
8.89071e-05 0.0234341 
0.0838355 0.209285 
0.29676 0.516537 
0.537107 0.79721 
0.697307 0.929301 
0.738921 0.894458 
0.700822 0.770716 
0.638275 0.64912 
0.559941 0.554309 
0.432739 0.444999 
0.249154 0.288432 
0.0743148 0.122349 
0.00542291 0.0302435 
0.0773529 0.0552878 
0.218162 0.151896 
0.308401 0.231043 
0.285468 0.247523 
0.190433 0.234773 
0.121356 0.258743 
0.147239 0.347565 
0.258172 0.464497 
0.382056 0.538597 
0.446166 0.521486 
0.43664 0.429729 
0.410926 0.34292 
0.447842 0.349544 
0.571654 0.472682 
0.720826 0.640465 
0.802043 0.742335 
0.788335 0.732047 
0.765392 0.679784 
0.868055 0.713131 
1.15341 0.895012 
1.5271 1.15562 
1.79901 1.34692 
1.82442 1.36695 
1.604 1.2325 
1.25754 1.03626 
0.91164 0.846782 
0.619029 0.662569 
0.375702 0.4596 
0.18631 0.260159 
