1.00768 0.99924 0.866623 
1.87305 1.95618 1.85913 
2.51216 2.66262 2.62074 
2.61494 2.77435 2.77603 
2.23201 2.36903 2.40729 
1.71705 1.85157 1.93531 
1.45173 1.61396 1.73562 
1.62223 1.78355 1.87301 
2.19381 2.2362 2.15251 
3.00381 2.76335 2.34816 
3.83147 3.19029 2.35585 
4.42314 3.38861 2.18403 
4.54847 3.27173 1.88625 
4.10776 2.83412 1.5358 
3.20388 2.18088 1.22059 
2.09796 1.48017 1.00027 
1.08045 0.870692 0.85384 
0.360458 0.416686 0.698696 
0.0273 0.137089 0.483679 
0.0568088 0.0419518 0.254543 
0.328012 0.118707 0.111629 
0.662451 0.299881 0.106698 
0.90156 0.479428 0.194992 
0.982677 0.578984 0.286758 
0.950133 0.595182 0.329238 
0.896653 0.581806 0.333272 
0.902044 0.599234 0.338823 
1.0242 0.689945 0.376498 
1.31738 0.885694 0.460294 
1.81323 1.20258 0.592598 
2.45667 1.60442 0.754853 
3.06816 1.97602 0.895142 
3.40178 2.15873 0.943696 
3.2798 2.04167 0.858351 
2.70588 1.63991 0.662384 
1.87068 1.09489 0.437114 
1.04865 0.595713 0.272072 
0.460734 0.280629 0.213592 
0.189174 0.184894 0.252262 
0.181833 0.258956 0.354035 
0.322105 0.428117 0.502252 
0.507371 0.642804 0.711445 
0.689415 0.888431 1.0029 
0.867399 1.16261 1.3684 
1.05558 1.4497 1.75687 
1.25389 1.71338 2.09326 
1.43601 1.906 2.30955 
1.55662 1.98359 2.36521 
1.57245 1.92122 2.25366 
1.46661 1.72609 2.00283 
1.26023 1.44032 1.67024 
1.00188 1.12567 1.32572 
0.743252 0.837067 1.02486 
0.520197 0.604458 0.792146 
0.34871 0.434112 0.626521 
0.228099 0.318927 0.518015 
0.143578 0.242483 0.452767 
0.0751246 0.180293 0.405219 
0.0201159 0.114499 0.341654 
0.0128728 0.0591201 0.248678 
0.107788 0.0631046 0.158977 
0.321269 0.16676 0.13108 
0.582697 0.341254 0.185756 
0.758244 0.48053 0.264481 
0.748593 0.477784 0.271012 
0.57848 0.327565 0.169997 
0.387887 0.149784 0.0395675 
0.323368 0.0973984 0.00834424 
0.425419 0.226801 0.129676 
0.610945 0.453299 0.322965 
0.757524 0.633527 0.450046 
0.807058 0.696027 0.455919 
0.803895 0.702753 0.436725 
0.85088 0.795697 0.570371 
1.02902 1.08258 0.974129 
1.33789 1.55338 1.6102 
1.68967 2.08152 2.30559 
1.95733 2.49733 2.85497 
2.04617 2.6766 3.12166 
1.93822 2.58577 3.07362 
1.67782 2.26614 2.75662 
1.32194 1.79285 2.25732 
0.91655 1.26064 1.70046 
0.524406 0.800203 1.26194 
0.251932 0.567716 1.13111 
0.204322 0.66085 1.3944 
0.38299 1.01011 1.91934 
0.635953 1.36784 2.37351 
0.748025 1.45634 2.421 
0.613769 1.17549 1.96251 
0.328842 0.682508 1.21089 
0.100634 0.258827 0.524754 
0.0606182 0.0820117 0.143675 
0.161554 0.111487 0.0542801 
0.250331 0.176763 0.0798995 
0.225428 0.156749 0.0739227 
0.115704 0.0687187 0.0248469 
0.0220992 0.00496994 0.00296658 
0.0150499 0.0190197 0.0458972 
0.10925 0.0959281 0.11958 
0.32773 0.22664 0.185474 
0.757043 0.48446 0.284267 
1.50762 1.0023 0.534853 
2.60213 1.85744 1.03931 
3.89345 2.96428 1.77628 
5.08621 4.06743 2.57242 
5.84762 4.84242 3.17437 
5.93792 5.03802 3.37155 
5.30074 4.58301 3.09692 
4.08973 3.61424 2.456 
2.62731 2.42128 1.67471 
1.30089 1.33159 0.993119 
0.425092 0.583372 0.557304 
0.128029 0.245299 0.366978 
0.321641 0.225223 0.310918 
0.773556 0.360126 0.268866 
1.23562 0.52567 0.208407 
1.54931 0.688298 0.200379 
1.67005 0.866939 0.334739 
1.61737 1.04843 0.605479 
1.41466 1.14605 0.873094 
1.0796 1.05373 0.954688 
0.66431 0.75269 0.772987 
0.283713 0.363705 0.428819 
0.0773022 0.0794902 0.124506 
0.119642 0.0258293 0.00524348 
0.356003 0.17194 0.0613065 
0.626654 0.366327 0.168682 
0.767893 0.45966 0.21163 
0.712159 0.405493 0.166747 
0.512543 0.263726 0.0870325 
0.282801 0.125773 0.028791 
0.112322 0.0415109 0.00527377 
0.0262607 0.00775494 0.00268524 
0.00740322 0.00737383 0.0216287 
0.0352504 0.0410024 0.0863674 
0.0942416 0.114392 0.209212 
0.1561 0.205567 0.354289 
0.179975 0.263773 0.450077 
0.146011 0.251784 0.446042 
0.082634 0.18464 0.356261 
0.0464933 0.118186 0.245116 
0.073758 0.101512 0.174372 
0.159381 0.148254 0.168985 
0.280869 0.248591 0.225044 
0.421463 0.386487 0.327078 
0.555936 0.529973 0.44263 
0.63052 0.620691 0.516063 
0.592413 0.609184 0.504419 
0.455847 0.519097 0.440018 
0.320174 0.457948 0.440087 
0.291561 0.529803 0.616202 
0.375967 0.721946 0.951601 
0.462657 0.89134 1.27725 
0.429032 0.885296 1.39477 
0.265326 0.686312 1.2421 
0.0938227 0.437247 0.944306 
0.0652142 0.320209 0.701079 
0.23165 0.403877 0.619918 
0.505868 0.595748 0.64827 
0.729046 0.730174 0.653639 
0.782332 0.704108 0.562027 
0.656397 0.54473 0.422985 
0.436943 0.364276 0.349976 
0.230391 0.25607 0.403694 
0.0955069 0.22893 0.534353 
0.0307066 0.230303 0.634994 
0.00748005 0.217362 0.644558 
0.00191631 0.194292 0.592896 
0.000846161 0.18731 0.550803 
0.00272055 0.206807 0.553935 
0.0254956 0.246284 0.583998 
0.0938086 0.299115 0.605253 
0.193183 0.349097 0.591911 
0.249903 0.352025 0.522955 
0.198857 0.266426 0.386104 
0.0843372 0.121067 0.209359 
0.0511167 0.0200343 0.0664796 
0.191965 0.0423165 0.0179484 
0.422398 0.149254 0.0534467 
0.565239 0.239748 0.12962 
0.575753 0.307028 0.268624 
0.628895 0.485736 0.566691 
0.926422 0.887584 1.05355 
1.42881 1.403 1.55776 
1.83981 1.73202 1.77923 
1.89345 1.65838 1.54819 
1.63813 1.28453 1.01312 
1.40426 0.964281 0.545342 
1.48493 0.987983 0.436591 
1.8582 1.33024 0.673728 
2.21657 1.69215 0.986312 
2.24726 1.77087 1.09431 
1.88112 1.49216 0.918348 
1.30263 1.01879 0.589159 
0.7646 0.578265 0.295068 
0.409695 0.296811 0.13259 
0.237954 0.169918 0.0807566 
0.18811 0.141516 0.079575 
0.211186 0.175588 0.104642 
0.274223 0.255093 0.16599 
0.335093 0.345604 0.258278 
0.349796 0.392274 0.336492 
0.308851 0.359873 0.347002 
0.249619 0.265065 0.275125 
0.220213 0.161322 0.157656 
0.232787 0.0946465 0.0532432 
0.257287 0.0764776 0.00333149 
0.258176 0.0918913 0.0131846 
0.229523 0.121906 0.0576728 
0.193893 0.157373 0.10579 
0.180128 0.20876 0.159357 
0.21814 0.321995 0.287654 
0.353274 0.57938 0.613677 
0.636299 1.04615 1.21849 
1.06222 1.67185 2.00848 
1.5095 2.2385 2.67488 
1.77114 2.45307 2.84589 
1.69172 2.15529 2.36137 
1.29716 1.46704 1.44019 
0.783519 0.725638 0.559477 
0.366584 0.240874 0.120349 
0.137114 0.092602 0.184599 
0.050065 0.140039 0.499395 
0.0228657 0.196362 0.749234 
0.0161773 0.178739 0.784599 
0.0277516 0.116086 0.654785 
0.0481753 0.0656093 0.489293 
0.053133 0.0527062 0.380425 
0.0334549 0.0736528 0.350614 
0.0108222 0.119383 0.379136 
0.0172682 0.183879 0.43713 
0.0678469 0.26395 0.512273 
0.154426 0.361799 0.618041 
0.253699 0.480032 0.776678 
0.333843 0.604568 0.982848 
0.36325 0.697417 1.18465 
0.327619 0.71752 1.30841 
0.242324 0.65179 1.30575 
0.143371 0.523621 1.1787 
0.0639727 0.37389 0.968138 
0.0197063 0.238007 0.727148 
0.0123535 0.137119 0.501448 
0.0448404 0.0827023 0.321185 
0.136708 0.0881688 0.203685 
0.326149 0.176976 0.163172 
0.638353 0.366251 0.208303 
1.02538 0.621385 0.31415 
1.33926 0.829624 0.401406 
1.40523 0.855878 0.378271 
1.1625 0.659548 0.231851 
