1.16349 0.754316 0.625431 
1.27503 0.786923 0.711114 
1.35092 0.873477 0.872634 
1.35744 0.959561 1.02737 
1.26384 0.97469 1.07611 
1.06343 0.87273 0.952931 
0.783145 0.662603 0.675532 
0.475102 0.402334 0.345063 
0.203863 0.16897 0.0940004 
0.035037 0.0315506 0.0250803 
0.010361 0.028899 0.170805 
0.108823 0.142042 0.472088 
0.236009 0.282486 0.78373 
0.283017 0.336913 0.93507 
0.220851 0.256648 0.836818 
0.131293 0.106718 0.551029 
0.126792 0.0087217 0.242887 
0.24438 0.0319906 0.0492863 
0.444632 0.16199 0.00143956 
0.720609 0.38472 0.0800895 
1.16389 0.764778 0.312709 
1.86057 1.37864 0.758177 
2.70252 2.14642 1.36994 
3.34711 2.77144 1.91344 
3.4337 2.91711 2.0896 
2.88093 2.48616 1.78248 
1.97222 1.72386 1.18023 
1.14022 1.03166 0.631654 
0.664856 0.676178 0.379217 
0.566833 0.673975 0.434367 
0.744798 0.922765 0.690714 
1.14584 1.3824 1.10869 
1.76242 2.08418 1.74864 
2.48657 2.97387 2.62539 
3.03784 3.7996 3.56842 
3.10588 4.21248 4.2643 
2.60561 4.01457 4.45823 
1.79971 3.32468 4.12643 
1.14983 2.50351 3.46726 
1.00188 1.90064 2.73751 
1.35628 1.63656 2.09177 
1.89474 1.58222 1.55133 
2.2204 1.51769 1.09027 
2.11319 1.31459 0.726578 
1.62527 1.0025 0.529064 
0.991566 0.704181 0.551166 
0.461629 0.527558 0.771268 
0.17632 0.505082 1.09747 
0.140882 0.601827 1.42299 
0.270985 0.755976 1.67646 
0.459756 0.910275 1.8303 
0.622324 1.01835 1.87399 
0.700183 1.03356 1.78417 
0.646444 0.905186 1.52281 
0.442537 0.612947 1.07981 
0.168907 0.240247 0.543087 
0.0634781 0.0198035 0.132006 
0.448359 0.253448 0.117999 
1.49557 1.09395 0.634492 
2.99305 2.33984 1.50973 
4.35658 3.45916 2.29969 
4.96268 3.90046 2.55869 
4.57472 3.47791 2.15947 
3.5062 2.50778 1.39162 
2.37334 1.56631 0.739636 
1.64696 1.06806 0.521557 
1.37553 1.01204 0.685611 
1.27302 1.0768 0.91091 
1.04222 0.942107 0.896261 
0.63933 0.554865 0.591051 
0.28825 0.149588 0.207988 
0.279122 0.0482519 0.0438992 
0.730106 0.411205 0.2588 
1.47782 1.10901 0.76102 
2.15268 1.78426 1.25954 
2.38452 2.05772 1.444 
2.02066 1.75845 1.18432 
1.23226 1.04264 0.62867 
0.436083 0.319006 0.129166 
0.0573814 0.0065129 0.0247878 
0.267088 0.265689 0.411991 
0.870141 0.888297 1.06484 
1.44225 1.44333 1.58247 
1.63449 1.59059 1.67468 
1.41805 1.32442 1.3693 
1.07002 0.94586 0.966624 
0.912104 0.785346 0.77407 
1.03295 0.920954 0.853658 
1.23841 1.14152 1.00593 
1.25909 1.17166 0.988664 
1.00636 0.930869 0.746485 
0.63897 0.584359 0.434319 
0.399653 0.363361 0.240275 
0.396888 0.352915 0.210915 
0.534039 0.449228 0.252878 
0.625628 0.497682 0.280036 
0.566664 0.448346 0.325092 
0.397036 0.375008 0.489735 
0.226355 0.361644 0.792401 
0.119536 0.394114 1.08686 
0.0634352 0.377234 1.15564 
0.0336424 0.257787 0.90453 
0.0676958 0.117292 0.474382 
0.245228 0.123521 0.153154 
0.586146 0.375642 0.155578 
0.985468 0.797121 0.465525 
1.27897 1.19168 0.878216 
1.38916 1.41033 1.1872 
1.39537 1.45812 1.32725 
1.43909 1.43417 1.34828 
1.55575 1.38417 1.28639 
1.61698 1.24169 1.1033 
1.45545 0.929179 0.768182 
1.04592 0.498805 0.37147 
0.550752 0.138393 0.108897 
0.182377 0.0157609 0.119723 
0.0276004 0.120164 0.341328 
0.010306 0.271644 0.544589 
0.0134715 0.293951 0.531915 
0.0156175 0.176475 0.309494 
0.096415 0.0663034 0.0693767 
0.31761 0.108405 0.00605883 
0.617482 0.299635 0.147536 
0.834856 0.494939 0.351472 
0.839007 0.545218 0.448673 
0.636691 0.424635 0.384953 
0.358195 0.233398 0.237646 
0.146251 0.0934063 0.118114 
0.0565914 0.0490467 0.0723485 
0.0506452 0.0594218 0.0692025 
0.0628349 0.0657923 0.0629081 
0.0621139 0.0508163 0.0472932 
0.0548686 0.0345374 0.0465706 
0.0503151 0.0314512 0.0685372 
0.0441237 0.0316709 0.0871288 
0.0387516 0.0291136 0.0803103 
0.0626589 0.053787 0.0768731 
0.148126 0.154876 0.1474 
0.283643 0.341472 0.335272 
0.400445 0.54739 0.596682 
0.422581 0.66989 0.81852 
0.335189 0.651944 0.903973 
0.197462 0.526168 0.844233 
0.0857648 0.37902 0.711722 
0.0313773 0.280409 0.594794 
0.0197523 0.25367 0.546788 
0.0402203 0.301447 0.586809 
0.114672 0.43329 0.71974 
0.266682 0.649354 0.930514 
0.474053 0.905219 1.16205 
0.671054 1.11753 1.32556 
0.802746 1.22074 1.35672 
0.867919 1.21708 1.26659 
0.903366 1.16476 1.13051 
0.934567 1.11925 1.0232 
0.951239 1.09009 0.964295 
0.925721 1.04787 0.919819 
0.841093 0.958729 0.843259 
0.700206 0.808909 0.710768 
0.526026 0.613142 0.531228 
0.371433 0.419939 0.343248 
0.322317 0.30876 0.207318 
0.460924 0.357759 0.18326 
0.796852 0.586358 0.291491 
1.22669 0.919047 0.485899 
1.57662 1.21587 0.671878 
1.70914 1.35879 0.766643 
1.61058 1.32756 0.756282 
1.38811 1.20346 0.701911 
1.18273 1.10007 0.689292 
1.07271 1.07976 0.762386 
1.04099 1.12068 0.892194 
1.01957 1.15259 1.00242 
0.960625 1.12385 1.02895 
0.87162 1.04153 0.965709 
0.793124 0.956021 0.862674 
0.751454 0.911012 0.782616 
0.734263 0.906517 0.754834 
0.706498 0.903492 0.761279 
0.642875 0.858239 0.7584 
0.543689 0.752938 0.710425 
0.426111 0.601666 0.609202 
0.308943 0.436996 0.47375 
0.207499 0.292893 0.336812 
0.136617 0.192842 0.228042 
0.110992 0.14493 0.161974 
0.140844 0.145391 0.137785 
0.229813 0.190178 0.151384 
0.377584 0.28566 0.208533 
0.580705 0.445913 0.323927 
0.826793 0.67543 0.50462 
1.08818 0.952966 0.734531 
1.32531 1.234 0.977852 
1.50088 1.47142 1.19925 
1.59337 1.63547 1.37966 
1.59886 1.71524 1.51043 
1.52218 1.70424 1.57293 
1.36955 1.59019 1.52973 
1.15239 1.36536 1.34584 
0.897732 1.05079 1.02838 
0.649819 0.7079 0.648267 
0.453499 0.417202 0.314701 
0.329663 0.2338 0.112918 
0.265458 0.156139 0.0533529 
0.230313 0.136434 0.0757602 
0.202139 0.122831 0.103732 
0.176906 0.0935542 0.0993494 
0.155067 0.0559834 0.0732149 
0.127271 0.0241347 0.0551771 
0.0823064 0.00748017 0.067499 
0.0289713 0.0198407 0.124431 
0.000567874 0.0836 0.238657 
0.0290437 0.209532 0.40721 
0.114844 0.371327 0.588537 
0.22662 0.511695 0.711265 
0.328489 0.582788 0.724724 
0.39887 0.578396 0.643683 
0.421129 0.521731 0.533418 
0.37225 0.428772 0.446064 
0.244853 0.300603 0.379522 
0.0882342 0.158996 0.306315 
0.00792003 0.0730425 0.233902 
0.0931517 0.1214 0.21555 
0.329021 0.312121 0.290016 
0.591427 0.550193 0.421231 
0.752166 0.708716 0.519941 
0.801043 0.747128 0.536684 
0.856259 0.754121 0.524989 
1.03748 0.858282 0.595019 
1.31987 1.08604 0.794308 
1.51986 1.30934 1.03654 
1.44145 1.34279 1.15688 
1.05392 1.10389 1.04672 
0.535145 0.687718 0.742841 
0.138137 0.290864 0.393447 
0.000864467 0.0604904 0.141525 
0.0651732 0.00497194 0.0346025 
0.162031 0.0307563 0.0286537 
0.168413 0.0480605 0.0574208 
0.0906814 0.0373468 0.0877494 
0.0170035 0.0281882 0.117702 
0.00946554 0.0375916 0.144462 
0.0493012 0.0453824 0.153813 
0.0769191 0.0282161 0.143351 
0.0677119 0.00223476 0.142278 
0.0575803 0.0167034 0.191616 
0.0953686 0.100007 0.297146 
0.178498 0.216018 0.405284 
0.24282 0.282003 0.435047 
0.22071 0.238665 0.344972 
0.114082 0.111706 0.178653 
