0.0906005 0.0763486 0.258005 
0.124488 0.00401157 0.148282 
0.223255 0.0256522 0.13544 
0.352356 0.10588 0.179683 
0.449696 0.179573 0.217982 
0.466205 0.195189 0.205472 
0.398513 0.14604 0.140693 
0.292658 0.0709511 0.0604469 
0.217297 0.0264718 0.0106806 
0.224132 0.0506405 0.0151132 
0.320185 0.14211 0.0634158 
0.467483 0.266617 0.126113 
0.607768 0.383897 0.184179 
0.694761 0.474886 0.25052 
0.71375 0.549939 0.365548 
0.678616 0.63277 0.566719 
0.612297 0.732349 0.850848 
0.527289 0.82417 1.15549 
0.42122 0.85678 1.37613 
0.29013 0.78251 1.41442 
0.147915 0.593924 1.23234 
0.0344737 0.341568 0.880951 
0.00231604 0.118599 0.485154 
0.0870529 0.0182825 0.190425 
0.280396 0.0878398 0.0991793 
0.5251 0.305325 0.229977 
0.738127 0.592452 0.518921 
0.849777 0.854692 0.858323 
0.835582 1.02459 1.14836 
0.722465 1.08499 1.33424 
0.567945 1.0638 1.41437 
0.428468 1.01028 1.42392 
0.337813 0.970611 1.40951 
0.305895 0.97531 1.40958 
0.331165 1.03774 1.4452 
0.410268 1.15486 1.51727 
0.534148 1.30403 1.60601 
0.675379 1.43982 1.67355 
0.783209 1.5012 1.67431 
0.799352 1.43429 1.57403 
0.690582 1.22219 1.36933 
0.477037 0.902505 1.09465 
0.233142 0.55689 0.80858 
0.0547792 0.274021 0.565322 
0.01054 0.107168 0.389067 
0.107926 0.0531491 0.268645 
0.296361 0.0659109 0.175785 
0.503517 0.0938746 0.0925705 
0.678273 0.113557 0.0263414 
0.810137 0.13569 7.99319e-06 
0.913854 0.18169 0.0257197 
0.995045 0.25157 0.0844507 
1.0275 0.311348 0.131119 
0.963739 0.312985 0.125449 
0.774352 0.233954 0.067302 
0.487422 0.106339 0.00849746 
0.195976 0.0103801 0.0277618 
0.0213456 0.0316611 0.181623 
0.0506043 0.207507 0.463088 
0.285425 0.49763 0.797234 
0.634519 0.799496 1.07933 
0.955633 1.00026 1.23269 
1.12332 1.03391 1.24977 
1.08451 0.909795 1.19061 
0.873482 0.698132 1.14045 
0.583418 0.485172 1.15408 
0.316278 0.327782 1.22198 
0.141216 0.234136 1.27793 
0.0812015 0.177814 1.2413 
0.127115 0.131108 1.06723 
0.262427 0.0934354 0.775514 
0.478959 0.0970553 0.444446 
0.774377 0.188424 0.176464 
1.13645 0.398292 0.0557781 
1.52794 0.718564 0.118389 
1.88498 1.09819 0.344737 
2.1326 1.45932 0.673174 
2.21111 1.72524 1.02483 
2.10029 1.84744 1.32902 
1.82968 1.8208 1.54098 
1.469 1.68104 1.64764 
1.10237 1.48623 1.66126 
0.797072 1.29042 1.60516 
0.580873 1.12133 1.49856 
0.438573 0.972927 1.34843 
0.329537 0.816604 1.15216 
0.217785 0.625651 0.909118 
0.099443 0.400031 0.633422 
0.0130676 0.177902 0.35968 
0.0266428 0.0267961 0.137296 
0.20663 0.0177574 0.0154602 
0.583329 0.194181 0.0256283 
1.12849 0.549338 0.168977 
1.75524 1.0221 0.413417 
2.34053 1.51224 0.700701 
2.76113 1.90921 0.961056 
2.93012 2.12414 1.13128 
2.82167 2.11481 1.17167 
2.47697 1.89642 1.07712 
1.99055 1.53545 0.878537 
1.48214 1.12869 0.633123 
1.06282 0.774234 0.406062 
0.806113 0.543641 0.250051 
0.732631 0.46493 0.19088 
0.812791 0.521828 0.224878 
0.98502 0.668345 0.328297 
1.1808 0.850636 0.472211 
1.34502 1.02483 0.633392 
1.44346 1.16239 0.79446 
1.45733 1.24294 0.934522 
1.37373 1.24391 1.0199 
1.18381 1.13952 1.00707 
0.894725 0.916099 0.863265 
0.549227 0.597407 0.597307 
0.236633 0.262432 0.28153 
0.0790108 0.0370549 0.0454078 
0.189491 0.0536812 0.0343013 
0.618393 0.39296 0.347376 
1.3152 1.03639 0.984241 
2.13066 1.85734 1.82955 
2.86394 2.65995 2.68732 
3.33567 3.25033 3.35138 
3.45354 3.50784 3.68015 
3.24125 3.42441 3.64277 
2.82082 3.09768 3.31924 
2.3608 2.68581 2.8602 
2.01621 2.34809 2.42862 
1.88447 2.19618 2.14873 
1.98908 2.27094 2.07872 
2.28819 2.5452 2.20943 
2.69713 2.94295 2.48074 
3.11332 3.3638 2.80463 
3.43735 3.70548 3.08733 
3.58977 3.88248 3.2478 
3.52464 3.84146 3.23279 
3.23967 3.57256 3.02745 
2.77955 3.11319 2.65869 
2.22805 2.54029 2.18766 
1.68742 1.95015 1.6919 
1.24975 1.43128 1.24247 
0.970146 1.04046 0.885599 
0.852872 0.791908 0.636344 
0.856077 0.662981 0.485175 
0.91206 0.611475 0.411105 
0.952875 0.593966 0.392077 
0.930386 0.576795 0.407418 
0.825582 0.538446 0.434854 
0.649171 0.468901 0.449725 
0.438522 0.372047 0.431902 
0.252926 0.271122 0.378056 
0.163714 0.209946 0.309738 
0.234528 0.241531 0.267814 
0.493107 0.403276 0.292332 
0.905975 0.689508 0.39791 
1.37279 1.03864 0.559935 
1.75154 1.34734 0.721638 
1.90985 1.50941 0.819556 
1.78123 1.4617 0.813518 
1.39807 1.21357 0.7046 
0.882775 0.843883 0.532033 
0.398963 0.466994 0.352318 
0.0851568 0.184821 0.213034 
0.00204742 0.0483672 0.134941 
0.116726 0.0454964 0.109589 
0.328044 0.117418 0.110763 
0.517492 0.192482 0.111727 
0.59983 0.219475 0.0992055 
0.551226 0.185632 0.0783675 
0.406335 0.114096 0.0682152 
0.231372 0.0458247 0.0909612 
0.0897838 0.0170697 0.160826 
0.0170465 0.0433412 0.27701 
0.0133389 0.115636 0.423202 
0.0527399 0.207997 0.573039 
0.100687 0.290706 0.69871 
0.130178 0.342334 0.779112 
0.1306 0.356086 0.804778 
0.108011 0.339377 0.778526 
0.0793776 0.308508 0.712537 
0.0644581 0.281514 0.623601 
0.0784684 0.271971 0.528374 
0.12739 0.285434 0.439931 
0.206657 0.319 0.366116 
0.303061 0.363474 0.309539 
0.398964 0.407045 0.26871 
0.477359 0.439154 0.239795 
0.526239 0.453455 0.218545 
0.541132 0.4492 0.202042 
0.525331 0.430874 0.189857 
0.487976 0.406305 0.184185 
0.440633 0.38378 0.188775 
0.393411 0.369064 0.206965 
0.351965 0.363458 0.239732 
0.316659 0.363843 0.284811 
0.284282 0.364826 0.337403 
0.2514 0.361958 0.392033 
0.217377 0.354341 0.444525 
0.185315 0.345333 0.493212 
0.160739 0.341528 0.539388 
0.149701 0.351441 0.587677 
0.158516 0.385381 0.646743 
0.195829 0.456436 0.729534 
0.275036 0.580494 0.851227 
0.413465 0.772636 1.0234 
0.625819 1.03902 1.24522 
0.913215 1.36701 1.49546 
1.25326 1.71916 1.73083 
1.59809 2.03679 1.89457 
1.88434 2.25488 1.93461 
2.0531 2.32388 1.82498 
2.0714 2.22934 1.58066 
1.94515 1.99953 1.25745 
1.71643 1.69601 0.934455 
1.4457 1.39031 0.685338 
1.18774 1.13716 0.550867 
0.973018 0.956921 0.525509 
0.803911 0.835553 0.564674 
0.66622 0.741053 0.608772 
0.547893 0.646348 0.611514 
0.452359 0.545071 0.557813 
0.397446 0.451286 0.462927 
0.400336 0.384445 0.355783 
0.458796 0.350653 0.258868 
0.542486 0.33399 0.178506 
0.602453 0.305049 0.111432 
0.595065 0.241757 0.0612722 
0.506221 0.14804 0.0503001 
0.36007 0.0559516 0.11398 
0.205615 0.00740287 0.277794 
0.0889387 0.025973 0.529986 
0.0287806 0.0976561 0.809997 
0.0115693 0.175189 1.02512 
0.00921488 0.205751 1.09076 
0.00735635 0.165832 0.973449 
0.0240267 0.0808874 0.711585 
0.104504 0.0158616 0.400402 
0.293915 0.0407074 0.148193 
0.604435 0.19111 0.0278818 
0.998435 0.448095 0.0505074 
1.39949 0.748766 0.173699 
1.72597 1.02132 0.337213 
1.92803 1.22285 0.502061 
2.00673 1.35727 0.668999 
2.005 1.46317 0.866077 
1.97665 1.58006 1.11472 
1.95209 1.71406 1.39722 
1.92073 1.82481 1.648 
1.83974 1.84236 1.77659 
1.66384 1.70569 1.71145 
1.37912 1.4016 1.4405 
1.02171 0.9821 1.02534 
