1.94816 2.23193 1.82298 
0.996599 1.3153 1.19568 
0.303481 0.606385 0.722916 
0.165047 0.334434 0.533152 
0.593627 0.505854 0.601011 
1.27992 0.887196 0.75403 
1.79042 1.16618 0.801276 
1.84813 1.16004 0.671929 
1.47596 0.900766 0.438622 
0.921003 0.556053 0.222851 
0.466443 0.292635 0.0948248 
0.290276 0.201767 0.0589184 
0.436642 0.306196 0.103883 
0.855544 0.588417 0.236059 
1.4404 0.992615 0.456968 
2.04005 1.4111 0.719803 
2.47637 1.69775 0.921724 
2.60711 1.73281 0.955655 
2.42193 1.51177 0.793582 
2.08848 1.18323 0.534657 
1.86403 0.970667 0.35822 
1.89945 1.00714 0.394528 
2.09695 1.2181 0.616683 
2.17569 1.37621 0.861107 
1.91169 1.29519 0.96557 
1.33384 0.981638 0.890192 
0.690936 0.601584 0.708021 
0.235463 0.314463 0.502105 
0.0453873 0.158268 0.30339 
0.0357935 0.0866451 0.128917 
0.0969548 0.0735761 0.0366742 
0.189078 0.143328 0.0948042 
0.321808 0.306185 0.291463 
0.49257 0.507309 0.509094 
0.672124 0.664177 0.615831 
0.829508 0.738681 0.577973 
0.938146 0.747421 0.468024 
0.959029 0.708051 0.371128 
0.851391 0.608681 0.309793 
0.622089 0.445619 0.264796 
0.350973 0.267318 0.236033 
0.141197 0.146777 0.244456 
0.0382872 0.106486 0.275883 
0.0111228 0.0970598 0.264683 
0.0167643 0.0699439 0.169539 
0.0657684 0.0581299 0.0585745 
0.201271 0.152396 0.0774377 
0.41214 0.379692 0.296796 
0.589244 0.619493 0.593007 
0.596418 0.676307 0.717227 
0.401702 0.466437 0.526808 
0.136934 0.140627 0.167918 
0.0121437 0.00369532 0.0132328 
0.151438 0.281711 0.380331 
0.497329 0.939551 1.27153 
0.86564 1.70776 2.36244 
1.08889 2.2803 3.23424 
1.11404 2.49919 3.63265 
0.98996 2.38998 3.55359 
0.798416 2.0756 3.15028 
0.610901 1.68471 2.6006 
0.483803 1.31438 2.03919 
0.450701 1.02133 1.54576 
0.502358 0.813405 1.14546 
0.590788 0.659107 0.81973 
0.666709 0.525689 0.541432 
0.702349 0.406395 0.308027 
0.6704 0.302915 0.136368 
0.53152 0.201955 0.0386766 
0.29121 0.107037 0.0315777 
0.074784 0.0964985 0.168402 
0.0877472 0.297833 0.515418 
0.432846 0.745841 1.04586 
0.954005 1.26377 1.56189 
1.30894 1.54016 1.78073 
1.24662 1.37826 1.5556 
0.824298 0.879577 1.02206 
0.340288 0.361672 0.501846 
0.0566531 0.0844763 0.241341 
0.00216792 0.0604801 0.23773 
0.0336873 0.120597 0.308189 
0.0401422 0.127194 0.300678 
0.0455513 0.0937044 0.219694 
0.12812 0.114237 0.167445 
0.293867 0.226282 0.206564 
0.461174 0.369307 0.301576 
0.548454 0.45683 0.373072 
0.543274 0.455414 0.376406 
0.487569 0.391828 0.323649 
0.425082 0.310087 0.252179 
0.37503 0.23695 0.188977 
0.335874 0.176355 0.13961 
0.293384 0.120022 0.0992301 
0.230771 0.0634818 0.0707643 
0.147313 0.0180949 0.0705381 
0.0669019 0.00249773 0.107425 
0.0187855 0.0167082 0.154885 
0.0168735 0.0389211 0.16451 
0.0775394 0.0714643 0.133805 
0.256461 0.188483 0.158047 
0.633106 0.502653 0.378458 
1.22172 1.04818 0.843756 
1.89348 1.69255 1.41986 
2.41289 2.18741 1.85742 
2.58068 2.3316 1.96786 
2.3611 2.10176 1.74648 
1.88679 1.64259 1.34242 
1.35496 1.1488 0.930855 
0.914369 0.754244 0.614647 
0.617974 0.499379 0.414878 
0.439848 0.358281 0.309067 
0.320152 0.27748 0.258935 
0.218797 0.213525 0.225446 
0.1654 0.175211 0.199146 
0.265529 0.242746 0.232201 
0.61921 0.511625 0.412024 
1.18319 0.968249 0.756418 
1.7079 1.41063 1.12006 
1.86579 1.54182 1.24636 
1.51494 1.21288 0.978328 
0.865563 0.604429 0.450471 
0.356269 0.137368 0.0439879 
0.311798 0.146533 0.0946561 
0.684652 0.602733 0.604841 
1.11869 1.14526 1.2352 
1.26376 1.3906 1.58621 
1.04009 1.22271 1.50066 
0.633275 0.816804 1.12151 
0.28187 0.429787 0.703462 
0.0919931 0.19388 0.400497 
0.0270291 0.0859572 0.216297 
0.0180284 0.034757 0.0977309 
0.0487863 0.0150604 0.0249722 
0.144972 0.0459465 0.0113564 
0.313415 0.134848 0.0537248 
0.510245 0.247556 0.113056 
0.664858 0.329739 0.143512 
0.728873 0.34702 0.127564 
0.70609 0.30509 0.0811674 
0.642931 0.239812 0.0342801 
0.589794 0.190152 0.0105968 
0.563036 0.172767 0.0181969 
0.535628 0.173976 0.0494416 
0.463313 0.165595 0.0884667 
0.328462 0.13631 0.126217 
0.174133 0.118176 0.176447 
0.106876 0.187434 0.278975 
0.257242 0.429896 0.479725 
0.702477 0.879768 0.79169 
1.38574 1.46379 1.15918 
2.09456 1.99693 1.45698 
2.5443 2.25724 1.54248 
2.53532 2.11041 1.3413 
2.07576 1.60142 0.910811 
1.37248 0.940252 0.429891 
0.699467 0.388341 0.114249 
0.254636 0.130518 0.113371 
0.107678 0.217174 0.453384 
0.235669 0.585112 1.04387 
0.563284 1.10088 1.71782 
0.960685 1.58698 2.27387 
1.24871 1.8564 2.52753 
1.28007 1.79566 2.38926 
1.06288 1.46261 1.94092 
0.793397 1.09306 1.43146 
0.717774 0.956559 1.14631 
0.922394 1.15294 1.22133 
1.25592 1.53259 1.554 
1.47131 1.8279 1.8988 
1.45121 1.87908 2.06614 
1.29661 1.7459 2.04826 
1.20907 1.61948 1.97795 
1.30588 1.64635 1.99163 
1.54498 1.83441 2.13611 
1.79269 2.09106 2.37465 
1.93164 2.3105 2.6369 
1.91423 2.42176 2.84608 
1.75797 2.39173 2.92467 
1.52208 2.22318 2.81502 
1.2803 1.95747 2.51491 
1.08878 1.66136 2.08842 
0.967215 1.39581 1.63218 
0.912833 1.1925 1.2248 
0.92507 1.0525 0.900548 
0.996423 0.953455 0.658794 
1.07468 0.857062 0.494621 
1.06413 0.734044 0.432069 
0.906875 0.612106 0.540226 
0.678545 0.601051 0.905625 
0.57703 0.835112 1.55239 
0.772311 1.3456 2.35662 
1.23876 1.97244 3.04221 
1.7365 2.42258 3.30542 
1.98035 2.46037 3.00518 
1.85634 2.08209 2.27558 
1.49748 1.52317 1.45788 
1.15892 1.08586 0.889943 
1.01139 0.9303 0.71041 
1.03298 0.997781 0.822052 
1.07517 1.11114 1.02239 
1.01696 1.13971 1.17001 
0.85483 1.07382 1.23982 
0.660089 0.961419 1.24466 
0.479058 0.808421 1.14313 
0.303619 0.576735 0.865672 
0.143795 0.289638 0.446743 
0.0945173 0.102893 0.097271 
0.274126 0.206294 0.0760472 
0.663541 0.60987 0.434056 
1.03118 1.04534 0.893928 
1.0846 1.14811 1.04708 
0.747958 0.796099 0.731837 
0.281352 0.268542 0.223037 
0.0750235 0.0232429 0.00755021 
0.288394 0.277714 0.33609 
0.696086 0.806935 0.990997 
0.908464 1.16366 1.49874 
0.742323 1.09125 1.55814 
0.362838 0.712747 1.25302 
0.0764638 0.343829 0.882893 
0.0268572 0.176865 0.653443 
0.112533 0.168675 0.557319 
0.161197 0.183086 0.495756 
0.119641 0.16124 0.423832 
0.056408 0.130237 0.35142 
0.0307267 0.1058 0.26853 
0.0230858 0.0617322 0.149832 
0.00544084 0.00816272 0.0418838 
0.0342324 0.0490979 0.0874354 
0.221291 0.306062 0.405375 
0.593555 0.766275 0.933881 
0.999101 1.2246 1.41529 
1.18833 1.41033 1.5692 
1.02295 1.20654 1.31343 
0.619683 0.76514 0.838462 
0.27475 0.398401 0.463306 
0.220467 0.328829 0.388707 
0.43886 0.519721 0.557263 
0.709408 0.741495 0.739214 
0.831585 0.800656 0.755435 
0.79056 0.700687 0.622005 
0.71812 0.591821 0.492219 
0.733954 0.599428 0.487843 
0.854878 0.727521 0.608086 
1.03176 0.905986 0.781054 
1.2113 1.07358 0.950161 
1.3343 1.1878 1.08373 
1.31685 1.19273 1.13519 
1.09864 1.03834 1.05075 
0.727158 0.747167 0.831983 
0.360071 0.429495 0.56129 
