0.760989 0.607914 0.388886 
0.508663 0.410984 0.266506 
0.317728 0.259641 0.174424 
0.203982 0.162822 0.119642 
0.164816 0.116789 0.100198 
0.178365 0.106039 0.105514 
0.209185 0.108271 0.11977 
0.222033 0.103478 0.12786 
0.198606 0.083369 0.121315 
0.14774 0.0555479 0.101068 
0.101511 0.0390767 0.0755882 
0.0974452 0.0529916 0.0554979 
0.155718 0.103754 0.0476295 
0.264228 0.178655 0.0515098 
0.380863 0.249198 0.0597421 
0.453089 0.283302 0.0619073 
0.445322 0.260779 0.0504002 
0.359947 0.185065 0.0263185 
0.24073 0.0860422 0.00362554 
0.156097 0.0125069 0.00979452 
0.169647 0.0166731 0.0811906 
0.311343 0.135667 0.252361 
0.562266 0.375909 0.540857 
0.859434 0.705793 0.932627 
1.11825 1.0602 1.37541 
1.26292 1.35714 1.78647 
1.25264 1.52249 2.0754 
1.09377 1.51466 2.17493 
0.834474 1.33958 2.06661 
0.544969 1.04866 1.7886 
0.291937 0.719529 1.42059 
0.117111 0.427343 1.05263 
0.0281215 0.219634 0.753119 
0.00441037 0.106295 0.55155 
0.0145904 0.0683978 0.442803 
0.0365604 0.0792683 0.406882 
0.0705046 0.124839 0.42979 
0.138547 0.211674 0.512366 
0.271728 0.359325 0.663441 
0.491431 0.583333 0.884636 
0.794686 0.879875 1.15874 
1.14977 1.22024 1.44933 
1.50256 1.55601 1.71014 
1.78934 1.83003 1.89652 
1.95121 1.9878 1.97249 
1.94757 1.98798 1.91353 
1.76828 1.81364 1.71057 
1.44263 1.48395 1.37874 
1.03994 1.06024 0.966432 
0.655324 0.637295 0.553831 
0.38002 0.315371 0.232485 
0.265854 0.161198 0.0700104 
0.301711 0.177329 0.0776592 
0.417794 0.299765 0.202207 
0.519481 0.429674 0.35175 
0.534381 0.484085 0.443779 
0.44624 0.436726 0.447743 
0.29597 0.324616 0.395619 
0.150305 0.217004 0.353462 
0.0592422 0.167481 0.372303 
0.0302431 0.180923 0.450777 
0.035012 0.216708 0.534761 
0.0419022 0.225051 0.555183 
0.0492573 0.190917 0.480037 
0.0945536 0.154726 0.34672 
0.231097 0.194196 0.252408 
0.48651 0.376839 0.305615 
0.8302 0.711547 0.565359 
1.17228 1.12879 1.00171 
1.39754 1.50245 1.4995 
1.41752 1.70275 1.90355 
1.21351 1.65359 2.08263 
0.848664 1.3659 1.9815 
0.444152 0.932532 1.63831 
0.13152 0.489195 1.16274 
0.00356375 0.160946 0.688395 
0.084015 0.0181456 0.322579 
0.32595 0.058563 0.114279 
0.635732 0.219174 0.0502233 
0.909854 0.408553 0.0752607 
1.06937 0.544047 0.123896 
1.08038 0.578879 0.147919 
0.956362 0.511139 0.130084 
0.745369 0.375138 0.0819246 
0.509522 0.22203 0.0306066 
0.304977 0.0988215 0.00258973 
0.168349 0.0332939 0.0109112 
0.112274 0.0287576 0.0499891 
0.129585 0.0688086 0.0988964 
0.20316 0.129184 0.131622 
0.316749 0.191536 0.130563 
0.461548 0.252807 0.0974668 
0.634632 0.324916 0.0556541 
0.829408 0.423658 0.040332 
1.02366 0.552002 0.080047 
1.1745 0.688039 0.178695 
1.22797 0.787355 0.309215 
1.14282 0.8021 0.4245 
0.917685 0.70791 0.480648 
0.604779 0.522556 0.459155 
0.297316 0.302811 0.374612 
0.0923157 0.118582 0.26371 
0.0460501 0.0181601 0.163744 
0.146493 0.00529638 0.0954221 
0.319391 0.0422176 0.0606722 
0.465773 0.0764308 0.0544083 
0.510563 0.0741252 0.078859 
0.435945 0.0393943 0.147825 
0.283043 0.00849127 0.276753 
0.124322 0.0246309 0.465931 
0.0248631 0.110302 0.689732 
0.014042 0.2537 0.900725 
0.0798402 0.415392 1.04731 
0.183555 0.548674 1.09482 
0.282507 0.620578 1.03862 
0.347457 0.622762 0.903371 
0.368191 0.569547 0.731027 
0.349387 0.488003 0.565367 
0.303761 0.407972 0.441087 
0.248669 0.357554 0.38131 
0.207357 0.364278 0.40212 
0.210827 0.457449 0.518789 
0.294352 0.665746 0.747638 
0.485594 1.00706 1.10005 
0.787617 1.47337 1.57021 
1.16581 2.01878 2.1232 
1.5486 2.5602 2.69179 
1.84595 2.99477 3.18724 
1.97988 3.22977 3.52205 
1.91331 3.21261 3.63565 
1.66336 2.94749 3.51186 
1.29293 2.49165 3.18057 
0.886049 1.93406 2.70447 
0.519571 1.36737 2.15805 
0.243927 0.865086 1.60869 
0.0783679 0.471067 1.10651 
0.0179977 0.201292 0.684296 
0.0453414 0.0528136 0.363951 
0.139728 0.0132825 0.163023 
0.281236 0.066207 0.0958571 
0.449539 0.190394 0.167033 
0.62041 0.355798 0.360204 
0.763867 0.520991 0.63009 
0.847777 0.637826 0.906108 
0.848294 0.665227 1.11079 
0.763667 0.587251 1.18684 
0.623312 0.425017 1.11906 
0.483667 0.232688 0.938301 
0.408544 0.0759896 0.704193 
0.441662 0.00314933 0.47654 
0.5859 0.0243808 0.292292 
0.801682 0.111754 0.16019 
1.02603 0.21863 0.0724753 
1.2015 0.305646 0.0215815 
1.29886 0.357327 0.00829079 
1.32284 0.381383 0.0366119 
1.30152 0.395162 0.102098 
1.26898 0.411142 0.185168 
1.25174 0.431135 0.256111 
1.26353 0.45034 0.288723 
1.30639 0.465061 0.27307 
1.37342 0.47701 0.219221 
1.45123 0.49181 0.150644 
1.52276 0.514509 0.0923725 
1.57197 0.546437 0.0607989 
1.58958 0.585614 0.05949 
1.57737 0.630134 0.0819483 
1.54892 0.682774 0.119993 
1.52699 0.755242 0.174859 
1.53885 0.869992 0.266051 
1.61018 1.05654 0.431274 
1.75655 1.33968 0.712504 
1.97313 1.72129 1.13021 
2.22646 2.16379 1.65716 
2.4553 2.58711 2.20845 
2.58571 2.88698 2.65923 
2.55722 2.97103 2.88761 
2.34899 2.79703 2.82423 
1.99126 2.39354 2.48401 
1.55457 1.8512 1.96334 
1.12163 1.28842 1.40388 
0.75696 0.809423 0.941283 
0.490532 0.474918 0.662818 
0.321644 0.2968 0.590676 
0.236364 0.253221 0.691919 
0.223898 0.309932 0.903262 
0.28001 0.433716 1.15507 
0.396439 0.592752 1.38489 
0.546509 0.749811 1.54095 
0.680892 0.859602 1.58277 
0.7413 0.878032 1.48614 
0.687764 0.781643 1.25332 
0.524928 0.586434 0.922367 
0.310991 0.352864 0.566266 
0.140958 0.169851 0.276366 
0.109369 0.121824 0.132923 
0.269153 0.25302 0.174315 
0.606323 0.54634 0.379764 
1.04302 0.927942 0.675692 
1.46766 1.29627 0.964763 
1.77776 1.56194 1.16476 
1.91561 1.67941 1.23872 
1.88165 1.65642 1.20194 
1.72268 1.53928 1.10423 
1.50475 1.38487 0.99901 
1.28635 1.23602 0.917875 
1.10402 1.11193 0.863471 
0.972862 1.01413 0.820907 
0.894943 0.93856 0.775575 
0.866431 0.882431 0.72301 
0.878617 0.841826 0.665136 
0.915235 0.805548 0.599933 
0.951912 0.754609 0.517537 
0.96094 0.671587 0.409787 
0.919212 0.55437 0.286937 
0.814758 0.423553 0.186474 
0.650476 0.317379 0.163269 
0.448673 0.279099 0.265526 
0.26008 0.348685 0.514387 
0.173216 0.566104 0.903945 
0.310108 0.979337 1.42149 
0.793558 1.63955 2.06823 
1.6862 2.57092 2.85595 
2.9262 3.72381 3.77304 
4.30085 4.94259 4.74108 
5.49032 5.98276 5.60039 
6.17839 6.58829 6.15014 
6.18383 6.60001 6.23358 
5.54524 6.03863 5.82349 
4.5105 5.11143 5.0552 
3.4322 4.13254 4.18259 
2.62236 3.39589 3.4782 
2.24005 3.06669 3.1317 
2.26227 3.14361 3.19815 
2.53802 3.4993 3.61293 
2.88128 3.96279 4.24877 
3.14705 4.39071 4.97048 
3.25847 4.69345 5.65636 
3.1906 4.81887 6.18834 
2.94166 4.72438 6.43913 
2.52037 4.36898 6.28571 
1.95619 3.73511 5.65496 
1.31727 2.86362 4.57801 
0.714525 1.8733 3.21652 
0.281607 0.945926 1.83616 
0.13843 0.278967 0.73093 
0.356126 0.0263918 0.128972 
0.938484 0.252576 0.119743 
1.82348 0.915324 0.631322 
2.89821 1.87963 1.46276 
4.01786 2.95281 2.35401 
