1.37548 1.18247 0.72382 
1.50843 1.51304 1.30805 
1.60006 1.9037 2.09235 
1.59172 2.20496 2.7974 
1.44853 2.26006 3.10315 
1.18704 2.00284 2.83963 
0.869881 1.50986 2.10932 
0.574045 0.96593 1.24238 
0.359223 0.564207 0.603412 
0.25656 0.408121 0.381612 
0.273393 0.475914 0.508911 
0.396976 0.660204 0.752616 
0.593154 0.847625 0.902151 
0.813691 0.987368 0.911866 
1.01949 1.11048 0.906059 
1.20111 1.28947 1.05431 
1.37011 1.56182 1.4128 
1.52384 1.87042 1.84878 
1.62124 2.07355 2.10875 
1.60158 2.03053 1.98939 
1.43245 1.70431 1.4902 
1.14219 1.20173 0.835341 
0.811312 0.721605 0.349169 
0.540397 0.45552 0.279016 
0.421716 0.509875 0.68329 
0.513799 0.877092 1.43213 
0.804719 1.43919 2.28091 
1.18141 1.99138 2.95693 
1.45466 2.3025 3.23848 
1.45862 2.21764 3.02968 
1.16355 1.75159 2.40866 
0.703396 1.09265 1.60186 
0.284588 0.494189 0.873671 
0.0512432 0.129702 0.395327 
0.0181162 0.0211136 0.185053 
0.109366 0.0790411 0.150738 
0.24207 0.195236 0.180705 
0.372299 0.302689 0.206012 
0.484098 0.377561 0.209887 
0.563252 0.418177 0.212968 
0.593723 0.435019 0.259302 
0.570048 0.445757 0.393285 
0.500089 0.456438 0.615434 
0.397718 0.440753 0.844915 
0.289676 0.353948 0.941586 
0.24351 0.191256 0.801032 
0.382154 0.0440071 0.460433 
0.840744 0.0855644 0.119937 
1.66773 0.468636 0.0380384 
2.73697 1.19736 0.361229 
3.75396 2.07601 1.01011 
4.38028 2.78935 1.71014 
4.40743 3.07079 2.14985 
3.86427 2.8447 2.15688 
2.98584 2.24877 1.77542 
2.07349 1.53326 1.2083 
1.34911 0.920167 0.682909 
0.89249 0.515654 0.33738 
0.670551 0.309165 0.18528 
0.601297 0.225905 0.152288 
0.596891 0.182689 0.143482 
0.580251 0.125703 0.104948 
0.502654 0.0547626 0.0601584 
0.373036 0.0337115 0.107802 
0.271949 0.170219 0.373155 
0.316972 0.55574 0.92692 
0.585509 1.19088 1.71512 
1.04618 1.94767 2.55018 
1.55329 2.6054 3.18018 
1.91378 2.94703 3.40178 
1.98311 2.85993 3.15189 
1.73095 2.38288 2.52847 
1.24633 1.67941 1.73612 
0.692949 0.961677 0.993856 
0.243913 0.408063 0.453909 
0.0197966 0.107428 0.163095 
0.0457595 0.0433359 0.0721876 
0.24495 0.119178 0.0804943 
0.481007 0.215531 0.0944488 
0.635838 0.255646 0.0743682 
0.675413 0.241791 0.0450137 
0.654762 0.23606 0.0623456 
0.658334 0.298373 0.15865 
0.726889 0.431241 0.308132 
0.833079 0.577467 0.441767 
0.922432 0.671615 0.499867 
0.978743 0.700221 0.479269 
1.05533 0.720796 0.438461 
1.24507 0.825107 0.459283 
1.60835 1.07217 0.593246 
2.10545 1.43233 0.82328 
2.57987 1.77688 1.05875 
2.81775 1.92939 1.17056 
2.66707 1.76564 1.06082 
2.15009 1.30972 0.736889 
1.48138 0.751563 0.334858 
0.951568 0.346683 0.0524451 
0.740467 0.248503 0.0182153 
0.797827 0.398413 0.193775 
0.894416 0.573674 0.400222 
0.81108 0.56837 0.462009 
0.513797 0.36202 0.351859 
0.171549 0.131948 0.20892 
0.00785988 0.0976884 0.21118 
0.11558 0.330834 0.414009 
0.386473 0.690283 0.696098 
0.602676 0.931397 0.856328 
0.60528 0.892854 0.774527 
0.404158 0.609892 0.501929 
0.151205 0.271858 0.214343 
0.00991174 0.0683846 0.0746027 
0.0321955 0.0515404 0.117326 
0.142254 0.122158 0.243607 
0.233709 0.143519 0.321619 
0.282975 0.075916 0.301789 
0.36302 0.00548956 0.243438 
0.538889 0.0393586 0.231549 
0.755491 0.174537 0.271985 
0.851965 0.284134 0.282367 
0.711236 0.248156 0.199205 
0.398748 0.0966073 0.0877378 
0.134051 0.00369783 0.117879 
0.10266 0.120927 0.402494 
0.2873 0.413154 0.852488 
0.488274 0.671037 1.20916 
0.514138 0.696139 1.24472 
0.354004 0.477476 0.948554 
0.169156 0.189167 0.524819 
0.128995 0.0228362 0.21048 
0.263475 0.0281489 0.0917143 
0.467229 0.10999 0.0826462 
0.626844 0.162731 0.0613779 
0.72948 0.191946 0.0127998 
0.850833 0.303906 0.0410694 
1.05137 0.583421 0.252931 
1.29301 0.984262 0.631514 
1.45504 1.33456 1.01692 
1.42898 1.4511 1.20801 
1.20564 1.26722 1.10062 
0.884006 0.877354 0.757385 
0.601509 0.47212 0.363723 
0.444358 0.217187 0.1071 
0.403486 0.160771 0.0643687 
0.400524 0.226234 0.170144 
0.355919 0.284651 0.281165 
0.245683 0.250397 0.286623 
0.109434 0.134118 0.185445 
0.0144454 0.0247546 0.0791844 
0.0130583 0.0257552 0.0941251 
0.126968 0.197607 0.297482 
0.35729 0.53977 0.667994 
0.690517 1.00277 1.12687 
1.08054 1.50047 1.58411 
1.42757 1.91347 1.9567 
1.59894 2.10783 2.16217 
1.50598 1.99119 2.12643 
1.18722 1.58299 1.82559 
0.817516 1.03592 1.32914 
0.612266 0.567944 0.79133 
0.688498 0.340303 0.379077 
0.991278 0.372595 0.187937 
1.34188 0.559246 0.211128 
1.56088 0.763348 0.375716 
1.5646 0.901803 0.600133 
1.37548 0.959798 0.82144 
1.07201 0.949705 0.987146 
0.741665 0.875109 1.04608 
0.464488 0.734904 0.963669 
0.305469 0.548171 0.749501 
0.293301 0.362752 0.467641 
0.401233 0.238162 0.217468 
0.560387 0.220865 0.0957909 
0.701626 0.325611 0.155622 
0.785719 0.521305 0.374145 
0.796538 0.726653 0.648977 
0.72189 0.836949 0.843197 
0.562546 0.787654 0.868349 
0.36464 0.611813 0.746382 
0.222016 0.427157 0.586926 
0.215489 0.342697 0.486533 
0.333446 0.362309 0.441907 
0.460362 0.383915 0.369566 
0.46452 0.306307 0.219653 
0.313733 0.142734 0.0647343 
0.109648 0.0240613 0.0575855 
0.0039326 0.0803703 0.284043 
0.0708764 0.312012 0.653015 
0.249169 0.573682 0.940074 
0.397856 0.68712 0.955658 
0.409985 0.579987 0.690683 
0.286885 0.332664 0.31664 
0.12169 0.105196 0.0527014 
0.0193281 0.0192402 0.0233747 
0.0232054 0.0942717 0.219546 
0.101921 0.276622 0.569975 
0.197439 0.519057 1.03628 
0.290214 0.834376 1.63953 
0.425159 1.27579 2.39892 
0.670924 1.85854 3.24126 
1.03767 2.48577 3.96438 
1.42058 2.94634 4.29876 
1.63084 3.00878 4.04351 
1.51416 2.56657 3.19957 
1.07803 1.74002 2.01392 
0.521241 0.849249 0.891498 
0.121374 0.250947 0.206572 
0.0499786 0.132327 0.113797 
0.25646 0.402411 0.473281 
0.51692 0.764192 0.94359 
0.610709 0.92112 1.18981 
0.479264 0.76783 1.07333 
0.239914 0.427728 0.700686 
0.0588654 0.124458 0.31087 
0.0104567 0.00580808 0.0970533 
0.0483958 0.0631176 0.0963036 
0.0950323 0.190211 0.211687 
0.139294 0.300531 0.31991 
0.237437 0.386052 0.362216 
0.422991 0.478759 0.355235 
0.631889 0.577254 0.340707 
0.732451 0.624881 0.336493 
0.639497 0.55963 0.327362 
0.406137 0.380244 0.286004 
0.211493 0.166415 0.197937 
0.262905 0.0466967 0.0821007 
0.696939 0.152387 0.010281 
1.53472 0.581761 0.109696 
2.67527 1.36018 0.51556 
3.8909 2.38455 1.27036 
4.84198 3.39328 2.2339 
5.17227 4.03347 3.0988 
4.69411 4.0372 3.54137 
3.55397 3.40243 3.41578 
2.217 2.42313 2.8384 
1.22057 1.51124 2.08732 
0.850597 0.933888 1.40247 
0.994891 0.680672 0.861499 
1.29929 0.569615 0.429932 
1.49003 0.481665 0.110248 
1.5755 0.492552 0.017279 
1.75792 0.77526 0.289111 
2.16787 1.38042 0.922509 
2.70564 2.13244 1.71414 
3.15953 2.76887 2.39352 
3.48173 3.20189 2.84117 
3.9251 3.64097 3.18773 
4.86186 4.42787 3.68672 
6.41021 5.70033 4.45725 
8.19445 7.17014 5.31473 
9.47029 8.21892 5.83988 
9.54836 8.25867 5.64317 
