2.22646 1.88218 1.23022 
1.73445 1.45628 1.01523 
1.46636 1.25381 0.998509 
1.65909 1.51761 1.37274 
2.15419 2.08076 1.96311 
2.57914 2.54859 2.39785 
2.67764 2.65154 2.44383 
2.47565 2.42544 2.16796 
2.19247 2.10993 1.81801 
2.05128 1.93504 1.60325 
2.15963 1.99646 1.58637 
2.48912 2.25711 1.71812 
2.90279 2.59924 1.91352 
3.21149 2.87783 2.09557 
3.2638 2.97799 2.21002 
3.02857 2.86468 2.23148 
2.60115 2.58756 2.16037 
2.12547 2.23535 2.0127 
1.70635 1.88439 1.81545 
1.38145 1.57942 1.60483 
1.14726 1.33924 1.4115 
0.988972 1.16514 1.2428 
0.890324 1.0523 1.09668 
0.83591 1.00636 1.00247 
0.813756 1.04144 1.02204 
0.809351 1.14175 1.17198 
0.794768 1.22545 1.34202 
0.73728 1.17877 1.33787 
0.634551 0.96101 1.05825 
0.539684 0.679813 0.638725 
0.531971 0.53344 0.3829 
0.642865 0.643809 0.505257 
0.805568 0.930882 0.921353 
0.888278 1.15878 1.29886 
0.795074 1.12562 1.33636 
0.550292 0.831646 1.01799 
0.292677 0.481688 0.62087 
0.185518 0.331151 0.487961 
0.319706 0.515111 0.778375 
0.681672 0.990027 1.39051 
1.18994 1.59871 2.07283 
1.74659 2.17116 2.58905 
2.25669 2.57997 2.81081 
2.62002 2.74308 2.71767 
2.73377 2.61693 2.36028 
2.52927 2.20962 1.83332 
2.02408 1.60158 1.25994 
1.34463 0.941983 0.769263 
0.687097 0.402587 0.46045 
0.226637 0.103469 0.364229 
0.0304511 0.0536134 0.425003 
0.0381879 0.153942 0.528038 
0.127221 0.273583 0.574665 
0.212164 0.351615 0.56631 
0.302566 0.449346 0.633991 
0.483037 0.71253 0.977198 
0.837899 1.26397 1.73398 
1.36535 2.0834 2.84515 
1.9263 2.94207 3.98992 
2.2816 3.46375 4.67005 
2.25096 3.34389 4.47104 
1.91977 2.62746 3.38789 
1.6961 1.8055 1.95564 
2.06798 1.54756 0.979362 
3.18423 2.19747 0.983213 
4.62681 3.4511 1.81663 
5.64011 4.54308 2.78469 
5.66538 4.81273 3.2014 
4.72382 4.15638 2.86899 
3.3376 3.00117 2.09318 
2.114 1.90591 1.3239 
1.37669 1.19247 0.822987 
1.08948 0.869849 0.612078 
1.01575 0.780486 0.606622 
0.921451 0.759697 0.718593 
0.702297 0.709562 0.865117 
0.41238 0.613689 0.967256 
0.198983 0.51955 0.983999 
0.176779 0.484221 0.930262 
0.332405 0.514192 0.844317 
0.542473 0.559969 0.749553 
0.675647 0.566099 0.652871 
0.666294 0.505575 0.552734 
0.515046 0.368227 0.42819 
0.289404 0.168724 0.251114 
0.170963 0.0164157 0.060506 
0.447858 0.146233 0.0195117 
1.32999 0.773929 0.323601 
2.67999 1.83762 0.983791 
3.95485 2.90193 1.71157 
4.52455 3.4113 2.08823 
4.14537 3.11693 1.90039 
3.15194 2.27554 1.31254 
2.17622 1.42284 0.703197 
1.65853 0.950167 0.34939 
1.59241 0.884496 0.282781 
1.67219 1.01722 0.409509 
1.62115 1.1662 0.684539 
1.38198 1.28991 1.11916 
1.07654 1.41238 1.65409 
0.871248 1.52848 2.10584 
0.8836 1.60861 2.2811 
1.13182 1.64286 2.12704 
1.49255 1.62356 1.74481 
1.71707 1.49598 1.27423 
1.57885 1.19179 0.806963 
1.08486 0.751861 0.414474 
0.541953 0.385869 0.201346 
0.352559 0.344334 0.262856 
0.685284 0.695624 0.578746 
1.32825 1.24369 0.995179 
1.87367 1.69263 1.35494 
2.05258 1.89397 1.63897 
1.8968 1.91833 1.94105 
1.60437 1.89233 2.28647 
1.29783 1.80668 2.50705 
0.948257 1.52673 2.34738 
0.519955 0.996621 1.72523 
0.132856 0.39833 0.881102 
0.0273277 0.0643763 0.240496 
0.346627 0.204322 0.0931011 
0.961327 0.7068 0.375984 
1.5248 1.21153 0.751124 
1.7185 1.38641 0.893938 
1.46729 1.15939 0.728778 
0.950481 0.718028 0.422934 
0.436008 0.31784 0.189511 
0.109308 0.100786 0.112499 
0.0302835 0.0748818 0.149779 
0.201192 0.223527 0.271277 
0.630151 0.591359 0.555986 
1.31127 1.24134 1.12739 
2.15232 2.12815 1.98386 
2.94615 3.02978 2.89939 
3.4445 3.63168 3.51587 
3.49313 3.71416 3.57176 
3.12044 3.29201 3.08171 
2.50393 2.59099 2.31934 
1.84637 1.88929 1.62757 
1.27452 1.36565 1.22199 
0.841718 1.06934 1.13344 
0.598424 0.994002 1.28781 
0.619254 1.13937 1.60402 
0.932167 1.48639 2.01508 
1.42794 1.93621 2.43447 
1.87901 2.32195 2.75646 
2.08973 2.51875 2.92238 
2.04209 2.54441 2.97856 
1.8795 2.52388 3.03155 
1.73528 2.53126 3.11449 
1.59244 2.47867 3.10383 
1.34136 2.20091 2.81212 
0.977645 1.67533 2.20458 
0.702451 1.13784 1.52156 
0.7763 0.932715 1.14112 
1.25793 1.21374 1.27342 
1.90918 1.79396 1.77404 
2.3788 2.30007 2.26364 
2.47737 2.47243 2.43425 
2.26926 2.31472 2.2455 
1.92654 1.98566 1.85716 
1.54428 1.60366 1.42922 
1.11718 1.18539 1.01957 
0.65477 0.738202 0.642798 
0.254449 0.343559 0.356352 
0.0332286 0.113934 0.24562 
0.0106367 0.088483 0.341676 
0.0946353 0.209834 0.596577 
0.191123 0.412414 0.953879 
0.307358 0.706678 1.41658 
0.527433 1.14618 2.01085 
0.885488 1.70733 2.6756 
1.27741 2.22234 3.21224 
1.51131 2.45787 3.37768 
1.45348 2.28046 3.05407 
1.1344 1.76029 2.34405 
0.723526 1.12354 1.50851 
0.404713 0.601487 0.805518 
0.260705 0.302344 0.362091 
0.248432 0.190822 0.158364 
0.262085 0.161511 0.100343 
0.220804 0.130497 0.103157 
0.119477 0.0818758 0.129679 
0.0218109 0.0562126 0.181917 
0.0126143 0.106354 0.272305 
0.140549 0.253183 0.399277 
0.379881 0.46257 0.536675 
0.63199 0.652658 0.637699 
0.772987 0.730881 0.652312 
0.726659 0.646367 0.554035 
0.515675 0.428003 0.364025 
0.250269 0.178655 0.154179 
0.0601132 0.022419 0.0181473 
0.021355 0.036498 0.0205503 
0.128373 0.211031 0.15537 
0.315178 0.459552 0.345602 
0.496932 0.670518 0.491221 
0.606603 0.76909 0.535443 
0.619921 0.754736 0.500183 
0.565016 0.694975 0.464923 
0.511189 0.68576 0.51531 
0.541192 0.811177 0.712509 
0.718755 1.11982 1.09351 
1.05365 1.59906 1.65433 
1.46618 2.13366 2.28724 
1.78325 2.4965 2.74258 
1.81334 2.44578 2.72921 
1.48469 1.90963 2.14192 
0.933083 1.09977 1.21745 
0.428099 0.402639 0.418213 
0.173525 0.0997591 0.0942211 
0.161817 0.165386 0.223904 
0.222258 0.334687 0.481788 
0.204688 0.365986 0.555227 
0.106666 0.232023 0.390987 
0.0308125 0.0746447 0.157665 
0.0484227 0.0167606 0.0225243 
0.126751 0.0485148 0.00314135 
0.17977 0.0808476 0.016072 
0.162242 0.0650957 0.00951565 
0.102012 0.0342293 0.00909506 
0.05581 0.0430446 0.0508256 
0.0554309 0.100777 0.115093 
0.0990317 0.172908 0.14886 
0.175009 0.229144 0.134044 
0.274404 0.266311 0.104076 
0.380286 0.285846 0.0895494 
0.463754 0.274557 0.0741278 
0.508098 0.230931 0.0310884 
0.538217 0.209049 0.00264089 
0.613944 0.31314 0.115507 
0.782318 0.623181 0.486418 
1.03221 1.11244 1.09482 
1.29557 1.63663 1.74718 
1.49136 2.00926 2.17635 
1.56801 2.10105 2.19874 
1.51122 1.89168 1.81218 
1.32795 1.45689 1.18142 
1.04024 0.92569 0.546239 
0.700441 0.442854 0.119369 
0.401945 0.137784 0.0147509 
0.251939 0.0852553 0.214942 
0.308737 0.265437 0.581414 
0.53075 0.558772 0.91466 
0.78889 0.80103 1.05022 
0.94445 0.873766 0.940464 
0.933903 0.765539 0.665847 
0.793699 0.558257 0.367379 
0.61446 0.358201 0.15667 
0.47507 0.234325 0.0722197 
0.408401 0.202825 0.0962889 
