2.33452 0.953064 0.147717 
1.50835 0.54755 0.0410258 
0.662442 0.185859 0.0078464 
0.250847 0.156312 0.212456 
0.514696 0.600054 0.715525 
1.26261 1.32944 1.3414 
2.00457 1.93892 1.7759 
2.31256 2.1039 1.8022 
2.09084 1.79614 1.45367 
1.55755 1.24764 0.957232 
1.01698 0.737904 0.543902 
0.65435 0.41396 0.306633 
0.499849 0.272901 0.207682 
0.518644 0.261727 0.183796 
0.688533 0.359611 0.223601 
0.987118 0.564625 0.3481 
1.33103 0.825484 0.535535 
1.56514 1.01774 0.687499 
1.54666 1.01549 0.688965 
1.26406 0.804518 0.51532 
0.873941 0.522613 0.278682 
0.596717 0.365335 0.150461 
0.544948 0.425199 0.217003 
0.638975 0.612385 0.40306 
0.694489 0.738724 0.541198 
0.59922 0.686614 0.520467 
0.40534 0.498501 0.368231 
0.255795 0.309894 0.195909 
0.238915 0.214184 0.0853667 
0.32825 0.204257 0.0403938 
0.449355 0.228127 0.0316522 
0.568651 0.263938 0.0528624 
0.696106 0.321882 0.116197 
0.821407 0.39576 0.21532 
0.890037 0.454195 0.329559 
0.863593 0.494967 0.47226 
0.787286 0.583809 0.705213 
0.768083 0.805038 1.07182 
0.874216 1.16325 1.51307 
1.06453 1.54832 1.8744 
1.22511 1.81337 2.01897 
1.27226 1.88958 1.93833 
1.21479 1.82205 1.74546 
1.12235 1.69877 1.55807 
1.04666 1.55625 1.39343 
0.979051 1.35852 1.17768 
0.875843 1.06082 0.85104 
0.712769 0.684462 0.459707 
0.512265 0.328144 0.148093 
0.325237 0.108503 0.0640675 
0.192367 0.084606 0.261633 
0.120465 0.226173 0.675031 
0.0887612 0.442945 1.17204 
0.0737742 0.646026 1.63566 
0.0697111 0.794419 2.01273 
0.0882046 0.897139 2.30226 
0.139301 0.976956 2.50454 
0.212266 1.03105 2.58155 
0.276371 1.02498 2.46823 
0.303769 0.925775 2.12979 
0.292987 0.741912 1.61525 
0.268139 0.528448 1.05325 
0.255167 0.350134 0.58452 
0.266064 0.241438 0.285848 
0.315296 0.208049 0.152053 
0.448174 0.266339 0.147037 
0.731992 0.468025 0.267078 
1.19661 0.870171 0.552505 
1.78164 1.47683 1.04425 
2.36074 2.21615 1.73584 
2.83155 2.97249 2.55698 
3.1714 3.62307 3.37427 
3.38727 4.03406 3.99104 
3.42162 4.05309 4.17936 
3.15138 3.57367 3.78811 
2.51758 2.65743 2.88238 
1.65029 1.58028 1.77333 
0.82814 0.69701 0.851617 
0.291835 0.21016 0.334065 
0.107034 0.0663331 0.157563 
0.218162 0.0926766 0.126415 
0.603196 0.223844 0.152018 
1.31579 0.561889 0.322105 
2.34679 1.20177 0.734869 
3.4772 2.03022 1.30727 
4.33083 2.74158 1.7941 
4.6167 3.07003 2.00508 
4.3356 2.99921 1.97978 
3.75635 2.74368 1.93281 
3.19645 2.53986 2.03513 
2.81228 2.45814 2.25516 
2.5586 2.39032 2.39551 
2.30478 2.18337 2.26259 
1.9775 1.7805 1.81125 
1.61649 1.26391 1.16863 
1.32286 0.791447 0.550328 
1.16184 0.489924 0.140186 
1.10492 0.38266 0.00480578 
1.05552 0.39602 0.0854428 
0.928261 0.429716 0.262823 
0.707962 0.428558 0.442529 
0.445228 0.404294 0.600883 
0.217071 0.413686 0.776071 
0.105377 0.532707 1.03467 
0.194114 0.837008 1.43763 
0.537107 1.35969 1.99753 
1.08513 2.0238 2.62734 
1.64568 2.61569 3.12875 
1.95795 2.87017 3.27333 
1.85803 2.63783 2.94874 
1.39932 2.00149 2.25501 
0.816407 1.2322 1.45651 
0.362621 0.616253 0.820448 
0.161202 0.29588 0.472295 
0.176888 0.235669 0.369394 
0.292747 0.303456 0.380087 
0.401818 0.373813 0.382831 
0.45218 0.385967 0.323125 
0.451009 0.353258 0.224857 
0.452823 0.34448 0.170536 
0.530013 0.438716 0.248452 
0.715669 0.655844 0.474169 
0.94797 0.905314 0.739754 
1.07919 1.01772 0.859692 
0.974973 0.868386 0.712137 
0.638113 0.503286 0.367052 
0.24249 0.143643 0.0696543 
0.0267117 0.0376996 0.0626621 
0.1242 0.271699 0.38771 
0.470479 0.701883 0.842781 
0.860582 1.06531 1.13725 
1.09737 1.16897 1.10741 
1.10523 0.999686 0.810244 
0.936065 0.686774 0.439252 
0.695915 0.382579 0.164859 
0.469825 0.171643 0.0405491 
0.293204 0.0599063 0.0224389 
0.164742 0.0151094 0.0438193 
0.072803 0.00643161 0.0666686 
0.0161875 0.0206285 0.0860658 
0.0130004 0.0617121 0.112572 
0.0945751 0.144208 0.159387 
0.283626 0.280429 0.236719 
0.565854 0.46211 0.343363 
0.876765 0.648132 0.4555 
1.12553 0.777133 0.528203 
1.25381 0.810085 0.523068 
1.28882 0.775036 0.448742 
1.33457 0.765268 0.373318 
1.4876 0.871286 0.379907 
1.74299 1.0978 0.496652 
1.98712 1.35417 0.678594 
2.09873 1.54531 0.877134 
2.06095 1.67382 1.12488 
1.96197 1.83053 1.51725 
1.87989 2.06482 2.0739 
1.78285 2.27487 2.62095 
1.56419 2.25923 2.85444 
1.17596 1.8995 2.56916 
0.706999 1.28927 1.84564 
0.315377 0.6719 1.00685 
0.0943832 0.251297 0.37973 
0.0204582 0.0657795 0.0846515 
0.0249086 0.0294637 0.0275891 
0.086388 0.0603039 0.0549136 
0.232332 0.144417 0.091197 
0.461229 0.290301 0.145097 
0.693446 0.459375 0.229191 
0.816614 0.568113 0.309721 
0.776817 0.55617 0.333675 
0.61912 0.439077 0.283746 
0.443807 0.292512 0.195914 
0.331632 0.194136 0.130845 
0.307056 0.182363 0.13639 
0.353854 0.256519 0.230559 
0.446441 0.396224 0.402127 
0.561973 0.571183 0.614124 
0.67345 0.739043 0.80836 
0.745752 0.848552 0.920295 
0.747397 0.858306 0.906583 
0.669999 0.761537 0.771951 
0.538306 0.597136 0.575141 
0.400839 0.43416 0.40303 
0.304972 0.334893 0.32249 
0.271317 0.318534 0.338948 
0.284671 0.351726 0.393338 
0.308869 0.375744 0.405784 
0.314745 0.351007 0.336094 
0.299092 0.282724 0.211401 
0.281959 0.208086 0.096406 
0.292048 0.163412 0.0357117 
0.358696 0.168017 0.0263519 
0.511148 0.235977 0.0452675 
0.765834 0.386143 0.0926632 
1.09468 0.619647 0.192056 
1.40522 0.882256 0.34172 
1.57415 1.0669 0.479665 
1.52811 1.07994 0.51855 
1.30431 0.918578 0.425023 
1.0293 0.679603 0.256769 
0.835733 0.487509 0.112272 
0.803824 0.419833 0.0503796 
0.977372 0.506128 0.0734614 
1.40071 0.77801 0.186433 
2.08589 1.27334 0.440657 
2.91253 1.95293 0.880985 
3.58384 2.61824 1.43711 
3.75041 2.96124 1.89206 
3.25018 2.75806 2.00063 
2.26549 2.05529 1.6739 
1.23904 1.17381 1.06382 
0.595484 0.509126 0.467761 
0.485532 0.286144 0.134819 
0.740582 0.454956 0.130962 
1.04101 0.779653 0.347132 
1.14133 1.0183 0.607782 
0.990492 1.05379 0.779417 
0.702294 0.913169 0.817204 
0.442582 0.70683 0.753859 
0.327109 0.551547 0.662678 
0.380048 0.517295 0.615771 
0.549746 0.606761 0.647018 
0.752581 0.764573 0.733414 
0.917481 0.91138 0.810339 
1.0156 0.990304 0.818245 
1.06863 1.00176 0.75065 
1.13258 1.00167 0.664177 
1.25879 1.05736 0.636033 
1.44856 1.18786 0.69789 
1.63368 1.33568 0.801334 
1.70956 1.40145 0.850719 
1.60908 1.32314 0.783403 
1.36295 1.13723 0.631825 
1.09164 0.966474 0.512034 
0.92762 0.938034 0.544727 
0.926725 1.09496 0.771195 
1.03599 1.36645 1.12543 
1.13508 1.61038 1.47186 
1.11249 1.68941 1.67155 
0.924655 1.53324 1.63724 
0.61392 1.16558 1.36319 
0.289701 0.695956 0.929548 
0.0854082 0.279864 0.476085 
0.103197 0.0549537 0.143788 
0.365451 0.078613 0.00871642 
0.797765 0.303114 0.0511295 
1.25642 0.605479 0.182439 
1.58763 0.851247 0.305947 
1.68901 0.951523 0.363644 
1.54668 0.887638 0.344467 
1.23565 0.704667 0.268317 
