0.807668 0.945731 1.34759 
0.446802 0.507595 0.969036 
0.230651 0.162425 0.588031 
0.263216 0.00338041 0.27407 
0.587143 0.0907083 0.10121 
1.14759 0.415882 0.114384 
1.78605 0.882689 0.29787 
2.28088 1.3251 0.567342 
2.4302 1.56556 0.796957 
2.14624 1.49352 0.87359 
1.51427 1.12647 0.752715 
0.778618 0.618027 0.485845 
0.250251 0.20078 0.202131 
0.172477 0.0856485 0.0504363 
0.607317 0.364474 0.129589 
1.39992 0.964003 0.441323 
2.24169 1.67495 0.888827 
2.80392 2.24271 1.32064 
2.87853 2.47628 1.59772 
2.46061 2.32504 1.65194 
1.73754 1.89055 1.51056 
0.995724 1.37304 1.27847 
0.493221 0.981079 1.08878 
0.357515 0.846375 1.0446 
0.550118 0.978679 1.17654 
0.905252 1.27524 1.4327 
1.21676 1.57505 1.70397 
1.32999 1.73103 1.87285 
1.19894 1.66823 1.86419 
0.888724 1.40504 1.67483 
0.529269 1.03161 1.36964 
0.246851 0.65994 1.04799 
0.107583 0.372734 0.80076 
0.0986567 0.197727 0.68232 
0.152868 0.118561 0.711156 
0.199275 0.111199 0.892099 
0.209306 0.178431 1.23706 
0.211189 0.356079 1.76166 
0.26516 0.683707 2.45439 
0.416337 1.15847 3.23955 
0.656347 1.70548 3.9672 
0.919113 2.19014 4.45002 
1.11386 2.4712 4.53645 
1.17407 2.46548 4.18125 
1.09155 2.18624 3.47114 
0.915833 1.73297 2.58819 
0.723219 1.24147 1.73141 
0.578349 0.825681 1.04144 
0.512433 0.544076 0.567928 
0.526227 0.401981 0.288406 
0.606535 0.376342 0.154468 
0.737548 0.438057 0.12854 
0.897576 0.556561 0.189254 
1.04854 0.691325 0.31189 
1.13498 0.788017 0.449884 
1.10282 0.792626 0.539919 
0.930452 0.679217 0.531197 
0.650975 0.471544 0.417396 
0.346252 0.238967 0.245147 
0.111265 0.0640261 0.0891606 
0.00856274 0.000103869 0.00894326 
0.0410676 0.0466618 0.0164563 
0.160355 0.158719 0.0771499 
0.303625 0.283587 0.143071 
0.432908 0.398132 0.193256 
0.548961 0.518889 0.250626 
0.671385 0.676976 0.361292 
0.802489 0.876731 0.55038 
0.906251 1.07162 0.787971 
0.923857 1.181 0.994167 
0.819176 1.14185 1.08515 
0.621183 0.960915 1.0308 
0.426542 0.726669 0.882137 
0.35042 0.564969 0.744971 
0.45181 0.561762 0.713176 
0.683614 0.703465 0.805587 
0.907501 0.878626 0.950796 
0.972512 0.945319 1.03247 
0.811435 0.823276 0.965805 
0.492423 0.550383 0.753597 
0.188942 0.264897 0.4845 
0.0831833 0.12345 0.276043 
0.261506 0.207082 0.20208 
0.665657 0.474311 0.252491 
1.12768 0.788321 0.348306 
1.46471 0.998015 0.397597 
1.57637 1.02208 0.353479 
1.49149 0.888815 0.239554 
1.34509 0.715374 0.132864 
1.30532 0.644426 0.119933 
1.49111 0.773956 0.251877 
1.91693 1.11132 0.518225 
2.48234 1.56607 0.846277 
3.00479 1.98022 1.1235 
3.2827 2.18479 1.23682 
3.16964 2.06619 1.11976 
2.63703 1.62134 0.792791 
1.8019 0.978765 0.377919 
0.903826 0.370596 0.0725249 
0.232786 0.058507 0.0838695 
0.0318147 0.238958 0.546808 
0.412527 0.966419 1.4604 
1.31782 2.12775 2.67388 
2.54521 3.47831 3.93045 
3.8175 4.72287 4.95056 
4.86972 5.60709 5.52007 
5.51951 5.98529 5.54967 
5.70115 5.84518 5.08753 
5.46063 5.28953 4.28771 
4.92225 4.48908 3.35168 
4.24286 3.62679 2.46638 
3.56805 2.85109 1.75901 
3.00055 2.24898 1.27938 
2.58549 1.84161 1.00945 
2.3126 1.59766 0.890029 
2.13117 1.45568 0.850306 
1.97229 1.34682 0.828697 
1.77261 1.21305 0.78158 
1.49501 1.02016 0.684496 
1.14174 0.765891 0.53278 
0.755336 0.481752 0.344155 
0.404588 0.224669 0.158948 
0.157309 0.0566812 0.0309313 
0.0498222 0.0175632 0.00698952 
0.0678522 0.102746 0.103442 
0.151082 0.260165 0.292943 
0.222087 0.411311 0.512297 
0.225838 0.487627 0.689347 
0.157978 0.462802 0.774637 
0.065251 0.362577 0.759986 
0.0176478 0.246767 0.67444 
0.0687811 0.174886 0.562351 
0.227405 0.175767 0.458564 
0.454701 0.237327 0.375154 
0.685316 0.318829 0.304547 
0.856968 0.374954 0.233058 
0.932047 0.377047 0.154386 
0.903945 0.32265 0.0758914 
0.791921 0.233351 0.0168475 
0.632441 0.145849 0.00165162 
0.470868 0.10004 0.0506594 
0.351447 0.125228 0.169932 
0.303249 0.226249 0.342342 
0.326078 0.375488 0.525617 
0.386646 0.519054 0.663409 
0.433229 0.600126 0.709574 
0.425249 0.59082 0.655548 
0.361011 0.514106 0.543946 
0.28384 0.438937 0.455628 
0.258944 0.446637 0.472507 
0.333251 0.585711 0.634809 
0.503591 0.841832 0.917419 
0.714294 1.14169 1.23974 
0.885998 1.38861 1.50345 
0.956978 1.50834 1.63634 
0.911368 1.47906 1.61851 
0.779447 1.33169 1.48027 
0.614613 1.12603 1.27868 
0.465212 0.920749 1.06966 
0.358344 0.754175 0.890365 
0.30045 0.641098 0.756171 
0.28712 0.58016 0.667158 
0.311244 0.562691 0.616552 
0.364771 0.578263 0.596921 
0.437515 0.617784 0.60392 
0.518849 0.676496 0.638274 
0.603616 0.756419 0.705169 
0.697347 0.865186 0.809722 
0.814584 1.00952 0.949745 
0.969096 1.18624 1.11038 
1.16169 1.37712 1.2656 
1.37391 1.5522 1.38746 
1.572 1.68022 1.45765 
1.71832 1.73955 1.47355 
1.78303 1.72255 1.44415 
1.75026 1.63193 1.37892 
1.61811 1.4738 1.27833 
1.39664 1.25462 1.13407 
1.10749 0.985266 0.939647 
0.785021 0.68853 0.704175 
0.474966 0.402351 0.458583 
0.226596 0.172888 0.248126 
0.0786475 0.038488 0.113803 
0.0448025 0.012579 0.0728783 
0.106754 0.075558 0.109816 
0.220075 0.181458 0.183166 
0.331515 0.277055 0.244994 
0.400025 0.324145 0.262691 
0.411456 0.31394 0.23207 
0.37995 0.266672 0.175615 
0.335781 0.217202 0.127681 
0.306289 0.194537 0.114892 
0.300059 0.206038 0.142099 
0.302802 0.234528 0.190984 
0.287402 0.249755 0.231664 
0.233051 0.22804 0.240792 
0.14319 0.169372 0.216082 
0.0517546 0.101997 0.17886 
0.0125317 0.0707333 0.162573 
0.0750254 0.113936 0.193014 
0.257805 0.240716 0.271233 
0.532896 0.420967 0.369369 
0.830422 0.594838 0.442999 
1.06317 0.698266 0.454207 
1.16066 0.692232 0.392859 
1.09704 0.580803 0.283728 
0.899817 0.408476 0.174627 
0.635632 0.238278 0.1116 
0.380979 0.12235 0.114972 
0.1923 0.0804072 0.169821 
0.0893006 0.0964711 0.236029 
0.0571531 0.13358 0.271491 
0.0630625 0.15636 0.254496 
0.0761678 0.148138 0.19253 
0.0802017 0.114245 0.113731 
0.0746117 0.0724673 0.0481177 
0.0673146 0.0391496 0.0112816 
0.0662033 0.0205102 0.000238993 
0.0751067 0.0134911 0.00206151 
0.0950865 0.0131437 0.00732172 
0.127681 0.0194632 0.0180814 
0.17589 0.0381362 0.0451805 
0.241375 0.0750466 0.097806 
0.319946 0.12926 0.173664 
0.399144 0.190105 0.257041 
0.460457 0.240739 0.32599 
0.4857 0.265968 0.363549 
0.464523 0.259571 0.36578 
0.399428 0.227113 0.342264 
0.305939 0.183267 0.309881 
0.207714 0.145437 0.284274 
0.128317 0.126658 0.273471 
0.0826394 0.130379 0.275732 
0.0714896 0.148929 0.281183 
0.082232 0.166633 0.275992 
0.0962185 0.167454 0.248189 
0.100424 0.14505 0.194333 
0.0976883 0.11094 0.125198 
0.109416 0.0956761 0.0673128 
0.167675 0.139989 0.0573949 
0.299265 0.277762 0.129458 
0.509464 0.517832 0.298717 
0.774381 0.833869 0.549735 
1.04702 1.1689 0.835953 
1.27502 1.45418 1.09315 
1.42142 1.63453 1.26237 
1.478 1.68833 1.3123 
1.46405 1.63218 1.25005 
1.4115 1.50798 1.11463 
1.3448 1.3594 0.956295 
1.26692 1.21063 0.812706 
