0.650086 0.780121 0.813231 
0.427078 0.543864 0.674561 
0.226873 0.310865 0.517479 
0.0968168 0.121322 0.367139 
0.082794 0.0191466 0.2588 
0.210099 0.0362375 0.225659 
0.466488 0.175728 0.282115 
0.796622 0.40268 0.410788 
1.11391 0.649572 0.56243 
1.32816 0.837885 0.672923 
1.37883 0.908337 0.692008 
1.25865 0.845802 0.609665 
1.0154 0.685459 0.464483 
0.729819 0.495525 0.326616 
0.48036 0.344765 0.262573 
0.312778 0.272037 0.300874 
0.229681 0.274124 0.418395 
0.203024 0.316846 0.555105 
0.1989 0.36015 0.647523 
0.197644 0.379983 0.660014 
0.197508 0.373962 0.596011 
0.203058 0.350728 0.485978 
0.210679 0.315003 0.364657 
0.204841 0.262359 0.255409 
0.169278 0.188441 0.170981 
0.104387 0.104122 0.125145 
0.0358721 0.0416824 0.140526 
0.0051742 0.0429764 0.241693 
0.0455723 0.134559 0.43595 
0.15918 0.306036 0.696272 
0.310722 0.507595 0.961473 
0.443324 0.670542 1.15739 
0.507138 0.739404 1.22809 
0.483546 0.696734 1.15897 
0.391231 0.567052 0.979252 
0.272459 0.40003 0.744669 
0.169748 0.245136 0.512619 
0.107167 0.132681 0.323624 
0.0851475 0.0691563 0.195679 
0.0881011 0.0444241 0.128408 
0.0971565 0.0423563 0.10961 
0.0999728 0.0480498 0.119639 
0.0942346 0.0505817 0.134848 
0.0864891 0.0446165 0.133944 
0.0896035 0.0334914 0.107989 
0.120217 0.0321885 0.0689883 
0.195051 0.0655555 0.0493889 
0.324784 0.15881 0.0887995 
0.506718 0.32301 0.212632 
0.720153 0.543325 0.41412 
0.928467 0.778077 0.650792 
1.0886 0.970974 0.858713 
1.16427 1.07129 0.977607 
1.13706 1.05225 0.974136 
1.01101 0.919415 0.852523 
0.810104 0.706772 0.649478 
0.57141 0.464503 0.41847 
0.337089 0.24469 0.212055 
0.146838 0.0898251 0.0690878 
0.0309115 0.0257659 0.00921601 
0.00399729 0.0587864 0.0334372 
0.061754 0.176375 0.128483 
0.182405 0.351886 0.273267 
0.333999 0.552449 0.445836 
0.484598 0.747675 0.628705 
0.61049 0.915507 0.81029 
0.698642 1.04282 0.981707 
0.743563 1.12162 1.13115 
0.742546 1.1448 1.24028 
0.693809 1.10545 1.28634 
0.599097 1.00088 1.25034 
0.46813 0.8384 1.12711 
0.320395 0.638388 0.931518 
0.181509 0.431221 0.696554 
0.075226 0.248862 0.463548 
0.0151976 0.11487 0.268852 
0.000713896 0.037506 0.132884 
0.0182851 0.00887192 0.0561156 
0.0479004 0.0100971 0.0232222 
0.0709567 0.0200992 0.0130136 
0.0766478 0.0241491 0.00933842 
0.0645567 0.01865 0.0078044 
0.0427107 0.0101265 0.0151888 
0.0221452 0.00909237 0.0421703 
0.0106626 0.0222009 0.0937682 
0.00909971 0.0472641 0.163366 
0.0121795 0.0741896 0.234137 
0.0132082 0.0911714 0.287046 
0.00923866 0.0919516 0.310337 
0.00296141 0.0792725 0.30458 
7.86241e-05 0.0624377 0.280554 
0.00445981 0.0511484 0.252107 
0.0150837 0.0501852 0.229101 
0.0271493 0.0582866 0.214548 
0.0361467 0.0709602 0.206361 
0.0412376 0.0841041 0.200938 
0.0451284 0.0954783 0.195455 
0.050897 0.103706 0.18795 
0.0589239 0.106902 0.176594 
0.06676 0.102998 0.159798 
0.0718549 0.0916507 0.137298 
0.074427 0.0757206 0.110898 
0.0778722 0.0606267 0.0838685 
0.0867265 0.0521132 0.0596505 
0.10458 0.0545983 0.0414406 
0.133995 0.0714848 0.0331839 
0.177739 0.106254 0.0403482 
0.238466 0.161601 0.0680767 
0.315014 0.235431 0.116363 
0.397314 0.316217 0.175399 
0.464949 0.382652 0.22587 
0.4932 0.410632 0.246453 
0.465019 0.38522 0.22533 
0.38191 0.310348 0.168452 
0.265902 0.209182 0.0982411 
0.150142 0.113708 0.042492 
0.0633382 0.0494451 0.0199889 
0.0175502 0.0245803 0.0318006 
0.00631978 0.0296332 0.0632653 
0.0128373 0.0464904 0.0943825 
0.0214054 0.0598042 0.11114 
0.0245643 0.0634959 0.110843 
0.0228994 0.0599669 0.09981 
0.020449 0.055204 0.0872805 
0.0209321 0.0548277 0.0808695 
0.0274378 0.0634137 0.0858565 
0.0437679 0.0852387 0.1063 
0.0737134 0.123091 0.144452 
0.116955 0.174308 0.1974 
0.164659 0.227251 0.253853 
0.199842 0.262914 0.295465 
0.204796 0.263241 0.304316 
0.17211 0.222203 0.273046 
0.111798 0.152143 0.210897 
0.0484637 0.0798608 0.140659 
0.008855 0.0334226 0.0873063 
0.00703746 0.0272194 0.0649928 
0.0366421 0.0545763 0.0705086 
0.0752975 0.0925852 0.0871859 
0.0984033 0.116013 0.0963929 
0.0933878 0.111461 0.0889592 
0.0656241 0.0832356 0.0693762 
0.0330156 0.0481827 0.0507985 
0.0136734 0.0238535 0.0449695 
0.0150581 0.0180583 0.0540839 
0.0311502 0.026045 0.069674 
0.0483982 0.0359859 0.0786147 
0.055585 0.0381698 0.0718212 
0.0509208 0.0315833 0.0499737 
0.0422725 0.0240279 0.0230088 
0.0412246 0.0264225 0.00421417 
0.0553378 0.0454445 0.0028755 
0.0834753 0.0791784 0.019831 
0.116578 0.118087 0.0480871 
0.142751 0.150174 0.0774382 
0.153206 0.166871 0.0998163 
0.145664 0.16618 0.112126 
0.123898 0.151782 0.115416 
0.0946229 0.129506 0.111882 
0.0642258 0.104016 0.102518 
0.037229 0.0778265 0.0873056 
0.0165244 0.0525632 0.0674227 
0.00395775 0.0305535 0.0470601 
2.49827e-05 0.0148804 0.0327493 
0.0030141 0.00788727 0.0303663 
0.00925021 0.00993923 0.042216 
0.015562 0.0201606 0.0666393 
0.0227764 0.0387151 0.100232 
0.037058 0.0680291 0.140169 
0.0665992 0.110628 0.183944 
0.114764 0.164326 0.22659 
0.17456 0.218857 0.258643 
0.229633 0.258179 0.268466 
0.262671 0.268678 0.248983 
0.266077 0.248157 0.204278 
0.247096 0.208655 0.150153 
0.223067 0.169936 0.106624 
0.209769 0.147539 0.0866717 
0.211249 0.143692 0.0890463 
0.218349 0.147501 0.100345 
0.216444 0.143806 0.104718 
0.19602 0.123826 0.094053 
0.158311 0.090042 0.0716858 
0.112951 0.0529406 0.0481224 
0.0709366 0.0234238 0.0331228 
0.0388793 0.00695871 0.0301547 
0.0179415 0.00268218 0.036099 
0.00623598 0.00615654 0.0446449 
0.00126579 0.0124033 0.0499317 
0.000538699 0.0173126 0.0484334 
0.00132118 0.0180748 0.0394591 
0.00131522 0.0139656 0.0253407 
0.000268613 0.00732096 0.0112541 
0.000614737 0.00312009 0.00366206 
0.00567503 0.00630095 0.00716396 
0.0164505 0.0182194 0.0213831 
0.02986 0.0350556 0.0403099 
0.0403503 0.0498148 0.0551239 
0.0439039 0.0568029 0.0590442 
0.0413931 0.0555585 0.0513024 
0.0387703 0.0516385 0.0378966 
0.0439271 0.0536979 0.0286269 
0.0620311 0.0683029 0.0317323 
0.0916619 0.0950207 0.0486737 
0.123701 0.124605 0.0720932 
0.144281 0.14234 0.0891349 
0.141584 0.136092 0.0893957 
0.113469 0.104772 0.072789 
0.0705848 0.0607693 0.0509167 
0.0313603 0.0229034 0.0392647 
0.0117518 0.0041797 0.0452378 
0.0188323 0.00463701 0.06213 
0.0553358 0.0166082 0.0753833 
0.130703 0.0378827 0.076441 
0.262972 0.0781819 0.0712074 
0.45948 0.148258 0.0740727 
0.685812 0.23882 0.0926414 
0.854537 0.311947 0.118736 
0.861921 0.321607 0.135631 
0.663773 0.252214 0.13412 
0.336638 0.139694 0.1204 
0.0619218 0.0477307 0.110811 
0.0201851 0.0136484 0.130503 
0.260245 0.0166984 0.234788 
0.646237 0.0111461 0.53778 
0.939311 0.00349562 1.19209 
0.964575 0.0920633 2.27306 
0.735058 0.3988 3.60774 
0.429542 0.921142 4.69677 
0.240817 1.43824 4.89062 
0.225698 1.60744 3.82902 
0.290536 1.2433 1.90139 
0.322868 0.580675 0.34191 
0.33763 0.262367 0.716206 
0.481681 0.960461 3.96957 
0.870943 2.84403 9.61287 
1.40861 5.29763 15.6741 
1.78118 7.17576 19.6079 
1.68369 7.4905 19.6847 
1.10195 6.06481 15.9747 
0.388171 3.65758 10.2523 
0.0178525 1.44376 4.88242 
0.201755 0.233239 1.46542 
0.690183 0.0245055 0.164467 
0.975241 0.215357 0.0766796 
0.753607 0.247021 0.199524 
0.253055 0.0996847 0.142733 
0.10245 0.206916 0.0747901 
0.805376 0.894545 0.156154 
2.2452 1.90219 0.200278 
3.66703 2.49121 0.0466633 
