2.40532 2.30857 2.16015 
1.59989 1.57978 1.51711 
0.862964 0.873753 0.879937 
0.440403 0.4273 0.457112 
0.32796 0.248907 0.257394 
0.390003 0.233169 0.197179 
0.475514 0.264637 0.190749 
0.474233 0.257507 0.177739 
0.349153 0.178903 0.139764 
0.157674 0.0748677 0.125028 
0.0240443 0.0543124 0.232502 
0.0554438 0.210345 0.532891 
0.264097 0.538712 0.989236 
0.562227 0.929768 1.45799 
0.825405 1.23752 1.77195 
0.962957 1.36038 1.83035 
0.9483 1.27683 1.63239 
0.809657 1.03406 1.25572 
0.604557 0.718798 0.818844 
0.395429 0.430356 0.451216 
0.233692 0.256437 0.264861 
0.153372 0.246311 0.314732 
0.168353 0.385099 0.557252 
0.267866 0.588409 0.845313 
0.415967 0.738718 0.994632 
0.563923 0.75481 0.8997 
0.669188 0.642642 0.610549 
0.704162 0.477534 0.291064 
0.653831 0.332247 0.0858589 
0.520057 0.2248 0.0194436 
0.33642 0.13519 0.0183352 
0.168379 0.056981 0.0131896 
0.0799407 0.0141541 0.001341 
0.0908053 0.0277685 0.0157358 
0.166922 0.0825343 0.0604172 
0.251849 0.13618 0.0959428 
0.304963 0.157974 0.0842009 
0.318615 0.15704 0.0382598 
0.318178 0.183314 0.0313301 
0.353688 0.30562 0.160396 
0.475507 0.572387 0.485378 
0.695824 0.969545 0.977215 
0.969225 1.41033 1.51498 
1.2215 1.77993 1.94799 
1.40481 2.00554 2.18308 
1.52493 2.09131 2.22803 
1.61821 2.09285 2.16279 
1.70767 2.06347 2.07378 
1.77581 2.01583 2.00151 
1.76742 1.91578 1.92254 
1.62344 1.70974 1.76903 
1.33943 1.38167 1.48738 
1.00842 1.00414 1.10691 
0.784555 0.718223 0.74883 
0.764202 0.62633 0.538215 
0.888687 0.689989 0.490768 
0.98496 0.752882 0.499454 
0.923085 0.684645 0.446522 
0.731803 0.497807 0.318676 
0.552174 0.313817 0.197943 
0.486106 0.225547 0.151873 
0.500971 0.213367 0.162198 
0.476208 0.195771 0.170996 
0.335488 0.14562 0.179369 
0.151213 0.153963 0.285292 
0.144238 0.390538 0.624429 
0.557204 0.985566 1.26263 
1.44638 1.89296 2.10692 
2.53166 2.82403 2.88983 
3.27849 3.34621 3.26825 
3.23516 3.14414 3.01947 
2.38751 2.26982 2.21279 
1.2055 1.15118 1.20095 
0.303302 0.311094 0.403524 
0.000499368 0.0197578 0.0471638 
0.163494 0.170263 0.0720087 
0.421929 0.449049 0.253546 
0.507465 0.607139 0.398391 
0.407195 0.595359 0.446905 
0.263843 0.505808 0.443329 
0.192349 0.437412 0.449817 
0.194951 0.416642 0.485727 
0.205683 0.406621 0.518183 
0.175396 0.360643 0.493539 
0.110926 0.267024 0.386561 
0.0523141 0.156657 0.231103 
0.0273398 0.0739924 0.100813 
0.0302116 0.0400743 0.0523738 
0.0388582 0.0427101 0.0859157 
0.043712 0.0589172 0.159594 
0.0546103 0.0824088 0.238144 
0.0933909 0.139468 0.334714 
0.209693 0.306352 0.533967 
0.513813 0.722723 0.992059 
1.14878 1.54138 1.87314 
2.15089 2.77607 3.19356 
3.29598 4.14616 4.66422 
4.1254 5.11503 5.72268 
4.21704 5.19422 5.83946 
3.50258 4.30434 4.90208 
2.33381 2.86195 3.33184 
1.22205 1.48722 1.79608 
0.49305 0.590059 0.76223 
0.161873 0.194813 0.281573 
0.0780488 0.0957287 0.133447 
0.126311 0.11311 0.105163 
0.278407 0.192214 0.120921 
0.51234 0.326763 0.175436 
0.753587 0.473712 0.240747 
0.913546 0.566439 0.268867 
0.956508 0.573146 0.241995 
0.909608 0.511299 0.178202 
0.822694 0.420412 0.101273 
0.735746 0.346942 0.039856 
0.670404 0.34308 0.0506509 
0.622674 0.438777 0.197476 
0.558696 0.59686 0.480525 
0.442209 0.719205 0.805236 
0.284249 0.725604 1.04984 
0.154833 0.626655 1.16329 
0.12555 0.505168 1.18172 
0.198585 0.428504 1.1569 
0.302788 0.393692 1.09614 
0.359598 0.355522 0.979418 
0.342525 0.28493 0.80825 
0.274708 0.188416 0.613763 
0.190904 0.0899398 0.428006 
0.119359 0.0189915 0.273104 
0.0894862 0.0121018 0.177004 
0.12776 0.0965281 0.16992 
0.228215 0.253037 0.24637 
0.333111 0.403911 0.345194 
0.361586 0.460229 0.393239 
0.277006 0.397239 0.377784 
0.140235 0.289401 0.368079 
0.0925166 0.266219 0.455639 
0.252047 0.410161 0.662476 
0.58334 0.66528 0.893975 
0.863674 0.841018 0.983313 
0.83613 0.752138 0.81904 
0.468807 0.416833 0.478068 
0.0738765 0.124602 0.236 
0.101233 0.241333 0.381404 
0.730755 0.866875 0.942767 
1.64436 1.66771 1.58559 
2.23983 2.09883 1.83805 
2.12042 1.85169 1.48631 
1.40558 1.11162 0.771667 
0.585781 0.381067 0.187231 
0.098022 0.0551608 0.0666981 
0.0353139 0.15609 0.353528 
0.202727 0.425518 0.72935 
0.368954 0.606223 0.918497 
0.436515 0.619203 0.866055 
0.427973 0.53037 0.684213 
0.391613 0.42635 0.499959 
0.350277 0.345303 0.368439 
0.308644 0.286972 0.284528 
0.269846 0.243465 0.227263 
0.23736 0.212132 0.185626 
0.212416 0.194299 0.161967 
0.192756 0.188972 0.162219 
0.169619 0.184667 0.179879 
0.130023 0.160885 0.190522 
0.0720579 0.107938 0.170916 
0.0180791 0.0465284 0.125786 
0.00248249 0.0173748 0.0872478 
0.0405389 0.0443133 0.0822616 
0.112176 0.110166 0.10493 
0.177245 0.170927 0.124533 
0.202424 0.190114 0.116802 
0.176496 0.161131 0.0853958 
0.114784 0.109079 0.0605519 
0.0585261 0.079571 0.0825033 
0.0582051 0.114888 0.176029 
0.135964 0.220681 0.324143 
0.257216 0.34962 0.464155 
0.349611 0.429083 0.524007 
0.360349 0.416648 0.475694 
0.296596 0.330962 0.35497 
0.211859 0.230161 0.22862 
0.159717 0.166135 0.146701 
0.160698 0.158475 0.124145 
0.19989 0.196731 0.15144 
0.242281 0.251676 0.205625 
0.252966 0.286811 0.253383 
0.217301 0.275842 0.262256 
0.15041 0.220122 0.221749 
0.084794 0.146964 0.15134 
0.0448292 0.0864437 0.0826755 
0.0324597 0.0499885 0.0352049 
0.0340115 0.0303313 0.010388 
0.0344513 0.0163394 0.00371541 
0.0255704 0.00492708 0.0153469 
0.00961906 0.00290338 0.0485293 
1.50193e-05 0.0203576 0.10005 
0.0117308 0.0579207 0.152105 
0.0438249 0.0974244 0.17561 
0.0753526 0.111632 0.150372 
0.0850796 0.0902584 0.0881804 
0.071539 0.0518362 0.0290704 
0.0474729 0.0221271 0.00431967 
0.0224646 0.00699585 0.0069884 
0.00550352 0.000101944 0.0115971 
0.0193528 0.0124222 0.0192663 
0.0865696 0.0691096 0.0608262 
0.189507 0.1655 0.145258 
0.265125 0.247464 0.226471 
0.263121 0.260299 0.245693 
0.201961 0.210557 0.199398 
0.146702 0.156765 0.140754 
0.136198 0.140786 0.114406 
0.153427 0.150864 0.114131 
0.162597 0.152795 0.109101 
0.147851 0.131664 0.0860213 
0.115727 0.0963973 0.0537916 
0.0888683 0.0669584 0.0281605 
0.093984 0.0612799 0.0229791 
0.118315 0.0702006 0.0372026 
0.0997472 0.0615651 0.0539985 
0.0519972 0.0742793 0.0963605 
0.194403 0.290987 0.272396 
0.766203 0.859371 0.654309 
1.57678 1.55239 1.0622 
1.94366 1.79639 1.12497 
1.41038 1.2893 0.722069 
0.455852 0.477284 0.222466 
0.0257133 0.0487453 0.0160958 
0.25881 0.0262851 0.00600845 
0.327205 0.0342012 0.20187 
0.0370011 0.722456 1.84352 
0.849432 3.87702 6.71312 
3.98832 9.77265 14.1326 
7.6109 14.8335 19.4135 
7.78023 14.1429 17.5988 
3.62318 7.48946 9.54938 
0.093755 1.08205 2.09408 
2.86213 0.650778 0.0514876 
10.2414 3.70047 0.468719 
13.4135 2.98583 0.240151 
7.4024 0.0884905 10.7409 
0.227527 11.6548 57.5838 
6.87439 55.0618 155.361 
32.3316 124.994 279.291 
62.9799 188.197 369.126 
77.6863 207.31 371.726 
67.2744 172.16 285.155 
41.4527 106.98 160.531 
17.3826 47.6035 59.616 
4.40174 13.7081 10.3967 
0.533097 2.04723 0.0985002 
