0.282286 0.12805 0.0550697 
0.367422 0.204921 0.140327 
0.469725 0.319148 0.294875 
0.611777 0.486214 0.520561 
0.795924 0.69438 0.773038 
0.984608 0.892503 0.966522 
1.10508 1.00364 1.01155 
1.08457 0.963661 0.867363 
0.897927 0.764268 0.576952 
0.594152 0.47007 0.257813 
0.279012 0.1927 0.0466748 
0.0624271 0.0345892 0.0279797 
0.00542039 0.0382845 0.190671 
0.0994338 0.17306 0.440914 
0.284465 0.362687 0.660328 
0.486925 0.530998 0.769852 
0.652697 0.636384 0.760979 
0.762329 0.680919 0.683684 
0.827515 0.697007 0.608321 
0.873289 0.721995 0.587102 
0.913601 0.771995 0.631671 
0.933784 0.827075 0.711462 
0.894962 0.839097 0.771327 
0.763241 0.762825 0.762016 
0.544926 0.592308 0.669139 
0.297661 0.373985 0.521729 
0.101936 0.181051 0.371371 
0.0100198 0.0649693 0.255651 
0.0121368 0.0232703 0.17675 
0.0498023 0.0138637 0.117857 
0.0692739 0.00859933 0.0884683 
0.0746752 0.0437047 0.160507 
0.139211 0.223401 0.458175 
0.364768 0.667847 1.09795 
0.817865 1.43835 2.11398 
1.48338 2.48733 3.41568 
2.26006 3.65926 4.80054 
2.99264 4.73436 6.00922 
3.51918 5.48811 6.79238 
3.71494 5.74596 6.96802 
3.52479 5.42712 6.46596 
2.98085 4.57468 5.35884 
2.19952 3.36079 3.8662 
1.35363 2.05224 2.31135 
0.625027 0.935928 1.02816 
0.15365 0.228724 0.24915 
0.0018707 0.0104914 0.0277843 
0.144179 0.209817 0.235479 
0.481725 0.645594 0.633744 
0.875079 1.10227 0.982003 
1.1867 1.40586 1.128 
1.32212 1.47296 1.0441 
1.25589 1.31909 0.804457 
1.03101 1.02954 0.525608 
0.731711 0.710069 0.3045 
0.443788 0.441423 0.182108 
0.223211 0.256922 0.143234 
0.0863088 0.148103 0.143531 
0.0201783 0.0875586 0.142904 
0.000783933 0.0512808 0.125635 
0.00612197 0.0281244 0.0997223 
0.0200361 0.0160335 0.0821171 
0.0306839 0.0138183 0.0837766 
0.0300865 0.0177558 0.105151 
0.0174544 0.0257153 0.14303 
0.00312085 0.0438295 0.200766 
0.00688851 0.0875595 0.291374 
0.0476543 0.172743 0.428217 
0.129288 0.300885 0.608105 
0.23413 0.450128 0.799916 
0.331977 0.581549 0.950905 
0.399065 0.658708 1.0107 
0.430771 0.666365 0.958273 
0.436764 0.614469 0.812989 
0.42537 0.526923 0.622757 
0.395396 0.427546 0.439097 
0.34435 0.334455 0.296557 
0.281889 0.261986 0.206829 
0.230524 0.221641 0.165956 
0.210185 0.218256 0.166053 
0.221563 0.245776 0.202705 
0.243945 0.287553 0.272668 
0.248391 0.320836 0.363626 
0.215362 0.323627 0.446766 
0.146896 0.284337 0.484839 
0.0688655 0.2121 0.455325 
0.0208521 0.138378 0.369877 
0.0351233 0.102 0.269539 
0.116734 0.125467 0.197263 
0.242007 0.202924 0.172026 
0.37845 0.310028 0.185297 
0.50593 0.421727 0.21527 
0.615981 0.516808 0.239298 
0.692431 0.569298 0.237157 
0.702087 0.548543 0.19559 
0.615097 0.440422 0.120433 
0.438745 0.271336 0.0431746 
0.228955 0.105291 0.00642429 
0.0643915 0.00996366 0.0361599 
0.00403614 0.0196771 0.127069 
0.0602723 0.123559 0.253301 
0.199766 0.279272 0.387381 
0.362379 0.433163 0.504629 
0.485237 0.53533 0.57587 
0.52589 0.55311 0.57082 
0.478496 0.484446 0.479618 
0.373383 0.360456 0.330375 
0.257265 0.228477 0.177965 
0.167076 0.125474 0.0695015 
0.115893 0.062874 0.0178021 
0.0966635 0.0319478 0.0046273 
0.0936328 0.0186768 0.00452602 
0.0905916 0.0129421 0.00446566 
0.0758654 0.0097237 0.00654795 
0.0484752 0.00943308 0.0199457 
0.0225927 0.0194323 0.0523717 
0.0218972 0.0509021 0.104341 
0.063303 0.108977 0.166333 
0.142636 0.184858 0.221913 
0.23603 0.260111 0.258554 
0.316794 0.321172 0.279319 
0.37319 0.370336 0.303595 
0.412618 0.422113 0.352973 
0.450763 0.487947 0.432522 
0.496551 0.562937 0.523019 
0.545115 0.625672 0.590752 
0.582584 0.650823 0.607314 
0.596776 0.624442 0.565233 
0.584344 0.551115 0.480111 
0.54936 0.44935 0.380397 
0.49657 0.340539 0.293537 
0.427279 0.240543 0.237191 
0.342363 0.158583 0.217739 
0.248559 0.100205 0.231747 
0.159887 0.0678897 0.265896 
0.0911339 0.0579597 0.297104 
0.0493756 0.0594353 0.299177 
0.0319952 0.0599799 0.257417 
0.0322486 0.0552484 0.181468 
0.0449658 0.051506 0.102462 
0.0658908 0.0569155 0.0520966 
0.087373 0.0698423 0.0394543 
0.0986573 0.0775996 0.046484 
0.0931969 0.0685073 0.0468019 
0.0752441 0.0448352 0.0299218 
0.0569054 0.0221191 0.0080156 
0.0473078 0.0148418 0.000548404 
0.0450588 0.0233372 0.0140599 
0.0418319 0.0350723 0.0369907 
0.0324485 0.0376655 0.0519502 
0.0201338 0.0294761 0.0507862 
0.0120617 0.0182822 0.0384048 
0.0113225 0.0120286 0.0251685 
0.0142034 0.0121495 0.0178105 
0.0145842 0.0145487 0.0165036 
0.00990935 0.0147948 0.0176279 
0.00314158 0.0117917 0.0177361 
8.37289e-05 0.00774597 0.0157016 
0.00507177 0.00580195 0.0125936 
0.0180826 0.00757726 0.0101403 
0.0347644 0.0123533 0.00948508 
0.0491977 0.0185624 0.0118131 
0.0573689 0.0260841 0.0200325 
0.0586495 0.0364824 0.0382671 
0.0545612 0.050381 0.067775 
0.0470776 0.0651448 0.103151 
0.0386804 0.0764385 0.134212 
0.0330976 0.0824266 0.153088 
0.0338438 0.08534 0.159332 
0.04059 0.0878593 0.15741 
0.0473886 0.0884224 0.149761 
0.0461325 0.0815864 0.133881 
0.0335054 0.064106 0.107031 
0.0158777 0.0409031 0.0732157 
0.00778805 0.0247512 0.0443983 
0.0239552 0.0289101 0.0337291 
0.0689192 0.0576192 0.0460811 
0.130976 0.101345 0.0736542 
0.186267 0.141198 0.100707 
0.212524 0.160653 0.114509 
0.203047 0.15612 0.114006 
0.169434 0.137512 0.108613 
0.13115 0.118626 0.108226 
0.102285 0.107001 0.114424 
0.0867576 0.102368 0.121507 
0.0821001 0.102091 0.124707 
0.0835685 0.104546 0.124841 
0.0844879 0.106843 0.124412 
0.0772305 0.103072 0.121981 
0.0584173 0.0888169 0.113667 
0.0335071 0.067656 0.100048 
0.0138019 0.0505214 0.0885986 
0.00757975 0.0470174 0.087367 
0.0145636 0.0578165 0.0970342 
0.0286507 0.0756684 0.110326 
0.0439923 0.0921806 0.118486 
0.057339 0.102405 0.117063 
0.0663764 0.104477 0.106271 
0.0689258 0.0981384 0.0885202 
0.0649926 0.0852767 0.0673706 
0.0582848 0.070572 0.0476528 
0.0540265 0.0591839 0.0337223 
0.0553712 0.0530512 0.0260162 
0.0638189 0.0511029 0.0207311 
0.0840401 0.0549125 0.0157027 
0.124747 0.0725028 0.0169425 
0.187782 0.111062 0.0353007 
0.253502 0.162149 0.0720817 
0.284557 0.198263 0.109199 
0.25571 0.19294 0.120408 
0.181099 0.14702 0.0964157 
0.102242 0.0889572 0.0555699 
0.0468517 0.046071 0.0258774 
0.0134554 0.0228069 0.0193141 
0.00224786 0.0107749 0.0270177 
0.0333497 0.0057561 0.0350364 
0.101838 0.00339067 0.0442571 
0.137327 0.00423378 0.0949631 
0.0798232 0.0648232 0.28795 
0.0149356 0.320391 0.738394 
0.136505 0.847859 1.41478 
0.470008 1.43731 1.99542 
0.70167 1.61376 2.0164 
0.505071 1.10822 1.34379 
0.134693 0.356779 0.488379 
0.462654 0.275494 0.205582 
2.074 1.25582 0.616999 
4.29107 2.4713 0.9512 
5.46793 2.59248 0.554313 
4.58027 1.37421 0.122331 
2.38114 0.15019 1.27384 
0.603429 0.264504 4.33818 
0.0545908 1.21119 6.98321 
0.0835796 1.21315 6.22164 
0.311813 0.155356 2.36249 
2.31916 1.17593 0.00719302 
8.43936 7.85117 3.49836 
18.3175 19.1678 11.0548 
27.3545 28.3043 15.0933 
29.7898 28.047 10.3767 
23.8708 18.0397 1.91862 
13.6205 5.93605 2.69688 
5.12282 0.489378 21.2972 
1.29992 3.49902 51.4441 
0.644706 9.00895 75.0581 
0.539788 10.1949 77.0062 
0.612973 6.11435 57.4292 
2.24367 1.35927 30.0929 
5.57049 0.122304 9.66521 
8.33976 1.98935 1.11455 
8.16278 3.60494 0.0714882 
