1.3735 0.79467 0.285745 
2.09439 1.38787 0.601628 
2.60624 1.84236 0.850917 
2.76238 1.98699 0.911939 
2.55652 1.79135 0.769629 
2.10769 1.36511 0.510322 
1.58625 0.882145 0.253322 
1.13259 0.488578 0.0788119 
0.812882 0.252315 0.00496472 
0.622842 0.168974 0.0168038 
0.519142 0.197031 0.10431 
0.452646 0.287536 0.269054 
0.389499 0.396248 0.499723 
0.31857 0.487589 0.751254 
0.247916 0.540322 0.955828 
0.194423 0.552904 1.05895 
0.173941 0.541527 1.04964 
0.199572 0.530856 0.961627 
0.288239 0.544588 0.849005 
0.465963 0.60125 0.756756 
0.760991 0.713707 0.704905 
1.18304 0.887328 0.691329 
1.69819 1.11369 0.70545 
2.21491 1.36178 0.739389 
2.59711 1.57507 0.787913 
2.71241 1.68601 0.841345 
2.50211 1.65024 0.884425 
2.03085 1.48125 0.906767 
1.46776 1.25148 0.91287 
0.993147 1.04597 0.915333 
0.692136 0.9011 0.914981 
0.52234 0.785689 0.892867 
0.384354 0.646507 0.829447 
0.227877 0.473297 0.731543 
0.0917034 0.314159 0.632742 
0.0452568 0.225616 0.563546 
0.101902 0.215816 0.528613 
0.200137 0.24763 0.523555 
0.272842 0.299592 0.572828 
0.332395 0.416075 0.736834 
0.485418 0.688441 1.06692 
0.858164 1.17856 1.5466 
1.4878 1.8464 2.07339 
2.25604 2.53275 2.49366 
2.91232 3.00768 2.65963 
3.18455 3.0662 2.48148 
2.92574 2.6363 1.97122 
2.21051 1.84452 1.26907 
1.31037 0.982365 0.616756 
0.552232 0.368471 0.255265 
0.152787 0.184286 0.293094 
0.138712 0.395684 0.642061 
0.387777 0.809124 1.07818 
0.730669 1.20423 1.38126 
1.02915 1.43859 1.44523 
1.19959 1.47083 1.29186 
1.20792 1.32745 1.01126 
1.0651 1.06582 0.697715 
0.821461 0.755178 0.420909 
0.547774 0.465069 0.22446 
0.309702 0.252081 0.129146 
0.15433 0.15025 0.133729 
0.111044 0.169271 0.217445 
0.189806 0.293506 0.344239 
0.368217 0.477504 0.466531 
0.583927 0.649216 0.533235 
0.753943 0.734449 0.508557 
0.816444 0.69525 0.39511 
0.764069 0.554029 0.241625 
0.641916 0.38135 0.122037 
0.513618 0.254199 0.095797 
0.422766 0.213896 0.175326 
0.37479 0.249347 0.320388 
0.344865 0.31052 0.459525 
0.301 0.339485 0.524221 
0.227059 0.301676 0.479754 
0.133864 0.203553 0.34139 
0.0526322 0.0886119 0.169335 
0.0137636 0.0122513 0.0417549 
0.0240715 0.00797368 0.0156873 
0.0597382 0.0661805 0.0963959 
0.0830127 0.141814 0.235568 
0.0717889 0.187221 0.362115 
0.0384988 0.186176 0.425854 
0.0217532 0.162772 0.423715 
0.0565888 0.159018 0.391314 
0.146951 0.200279 0.369693 
0.261099 0.275822 0.374581 
0.351095 0.347019 0.38965 
0.380234 0.37347 0.384037 
0.340351 0.336832 0.337405 
0.251569 0.248538 0.255044 
0.148714 0.141197 0.166458 
0.0642643 0.0526055 0.111745 
0.0170391 0.011679 0.123879 
0.0105377 0.0305364 0.213418 
0.0378567 0.101903 0.360063 
0.0865903 0.200316 0.515234 
0.140676 0.288525 0.618603 
0.182547 0.331215 0.625212 
0.199432 0.312286 0.529809 
0.190756 0.244382 0.370994 
0.168843 0.161095 0.208843 
0.15028 0.0958791 0.0904583 
0.14499 0.0640902 0.0290612 
0.152159 0.061201 0.0099833 
0.164389 0.0741574 0.0123686 
0.17404 0.0921983 0.024095 
0.176684 0.109074 0.0403366 
0.171719 0.120666 0.0559189 
0.161715 0.124746 0.0647115 
0.150358 0.122441 0.0653708 
0.139647 0.116842 0.0627858 
0.129488 0.109115 0.0614971 
0.120761 0.097491 0.0596433 
0.116878 0.080643 0.0516618 
0.118798 0.0602346 0.036096 
0.118301 0.0390271 0.0186822 
0.101425 0.0190646 0.00838804 
0.0645232 0.00545808 0.0132134 
0.0267641 0.0110974 0.0399025 
0.0197608 0.0508148 0.0925067 
0.0577193 0.123945 0.164916 
0.117226 0.202494 0.234173 
0.152014 0.243562 0.267642 
0.133277 0.221499 0.244914 
0.0767005 0.150976 0.176317 
0.0279567 0.0765335 0.0981095 
0.0202851 0.0364528 0.0461696 
0.0463742 0.0350543 0.0323649 
0.0709196 0.0485437 0.0450206 
0.0675717 0.0545159 0.0690256 
0.0411002 0.0526138 0.101261 
0.0156401 0.0573873 0.145439 
0.00766882 0.0766976 0.19629 
0.0148984 0.10261 0.235374 
0.0284887 0.123038 0.245523 
0.0474213 0.136308 0.227354 
0.0749775 0.149176 0.198127 
0.104087 0.161925 0.17394 
0.115166 0.161778 0.155365 
0.0948851 0.135622 0.131607 
0.0559619 0.0880586 0.0963698 
0.0325452 0.0424766 0.0564649 
0.0513485 0.0216403 0.0247932 
0.106083 0.0276228 0.00789069 
0.160631 0.0416457 0.002532 
0.177754 0.0428907 0.00327922 
0.146625 0.0267957 0.0104142 
0.0869133 0.00667354 0.0293231 
0.0308961 0.000686144 0.0635225 
0.00213552 0.018444 0.109973 
0.00631206 0.0576979 0.161249 
0.03545 0.109836 0.211216 
0.0769912 0.166297 0.257981 
0.120048 0.220617 0.301576 
0.157287 0.267014 0.339391 
0.184845 0.299595 0.364545 
0.202346 0.314343 0.369603 
0.212926 0.312211 0.35272 
0.222323 0.299919 0.320544 
0.23687 0.287161 0.285094 
0.260984 0.282125 0.257563 
0.294344 0.287829 0.243791 
0.328963 0.299825 0.242594 
0.348473 0.305592 0.245093 
0.333783 0.288168 0.235901 
0.275554 0.236244 0.200362 
0.185278 0.155946 0.137284 
0.092938 0.0727175 0.0664026 
0.0288336 0.016696 0.0188088 
0.00350416 0.0011203 0.0137979 
0.00406602 0.0134211 0.042351 
0.00981635 0.0281632 0.0743293 
0.0102932 0.0290295 0.0834798 
0.00805309 0.0183153 0.0663589 
0.00753712 0.00737648 0.0388095 
0.00720144 0.00235924 0.0175864 
0.00538279 0.00192778 0.00777165 
0.0104458 0.00652148 0.0061696 
0.038373 0.0241125 0.0118623 
0.0957218 0.0625456 0.0293067 
0.164944 0.115747 0.0604267 
0.209852 0.159903 0.0955415 
0.200441 0.167064 0.114868 
0.137632 0.127179 0.102349 
0.0571192 0.0605724 0.0612613 
0.00743232 0.00857446 0.0169535 
0.0171233 0.00622076 0.000724441 
0.0750384 0.0563085 0.0254051 
0.138992 0.125845 0.0733571 
0.16686 0.169651 0.109311 
0.146052 0.163063 0.108343 
0.0985189 0.117154 0.074423 
0.0593732 0.0652586 0.0336213 
0.0491151 0.0349266 0.0102429 
0.0622348 0.0301159 0.00891978 
0.0776548 0.0356179 0.0168645 
0.0778152 0.0346411 0.019671 
0.0601789 0.022263 0.0136458 
0.0360667 0.00636753 0.0055868 
0.0226074 0.000425475 0.00484684 
0.0348572 0.01609 0.0170793 
0.0803125 0.0586892 0.0429321 
0.155236 0.124474 0.078661 
0.243571 0.199652 0.116536 
0.320579 0.263672 0.147028 
0.361384 0.297338 0.164086 
0.35105 0.291468 0.16943 
0.291386 0.250226 0.170072 
0.201198 0.187678 0.170158 
0.109243 0.121321 0.165972 
0.0415248 0.0663489 0.150412 
0.0083648 0.0311546 0.121967 
0.000459755 0.0146071 0.0876318 
0.000647913 0.00885916 0.0573893 
0.00508711 0.00917942 0.0384479 
0.0337322 0.0223567 0.035039 
0.114138 0.060881 0.0485626 
0.248633 0.123904 0.072348 
0.397785 0.185983 0.0885979 
0.502469 0.212536 0.0800203 
0.527461 0.191221 0.0502495 
0.484438 0.144815 0.0273038 
0.41338 0.108094 0.0369441 
0.346086 0.0934817 0.0710967 
0.290956 0.0854344 0.0912121 
0.247412 0.0691217 0.0699603 
0.222509 0.0564842 0.0265234 
0.226176 0.0765268 0.0130165 
0.255118 0.141877 0.0642776 
0.290724 0.232013 0.164855 
0.314741 0.310725 0.265364 
0.321557 0.354255 0.324766 
0.312885 0.359846 0.333564 
0.286753 0.334432 0.30437 
0.23906 0.285337 0.253436 
0.174951 0.222939 0.19515 
0.111369 0.163215 0.144646 
0.0644974 0.119473 0.113731 
0.0374858 0.0919399 0.101595 
0.0233451 0.0699805 0.0947439 
0.0169899 0.0454186 0.0800834 
0.0193557 0.0209155 0.0575304 
0.029604 0.00470709 0.0388981 
0.0387179 0.000512032 0.0361525 
0.0355304 0.0053722 0.0522058 
0.0191219 0.0159271 0.0811875 
0.00290832 0.03339 0.114153 
0.00520444 0.0610856 0.143562 
0.0351558 0.0982118 0.164443 
