2.47528 2.93744 2.58563 
2.37905 2.68838 2.21279 
2.14856 2.2731 1.69779 
1.85232 1.78885 1.1545 
1.55215 1.32641 0.684604 
1.28233 0.941681 0.34552 
1.04689 0.64859 0.142834 
0.832073 0.431692 0.0457467 
0.623811 0.267203 0.01285 
0.420336 0.139927 0.0133852 
0.235179 0.0492235 0.0353376 
0.0919426 0.0046729 0.0807969 
0.0149417 0.0166698 0.155142 
0.0194204 0.0875015 0.257438 
0.103776 0.20629 0.376391 
0.245934 0.348996 0.492416 
0.406343 0.483503 0.583965 
0.539119 0.579027 0.635619 
0.609549 0.61776 0.645548 
0.611883 0.60502 0.630157 
0.579012 0.573389 0.623881 
0.577598 0.577437 0.672706 
0.687998 0.678703 0.821437 
0.974968 0.924241 1.09685 
1.4593 1.32496 1.49124 
2.10048 1.8411 1.95262 
2.79685 2.38149 2.38785 
3.40497 2.82013 2.6821 
3.77453 3.02905 2.73262 
3.79119 2.92005 2.48761 
3.41589 2.48202 1.97558 
2.7075 1.79859 1.31071 
1.81777 1.03459 0.666653 
0.954727 0.390548 0.223605 
0.322036 0.0378989 0.106224 
0.0535172 0.0582483 0.336539 
0.167548 0.411748 0.822297 
0.561378 0.94977 1.38779 
1.05057 1.46929 1.83652 
1.43955 1.78818 2.02128 
1.59453 1.81063 1.89354 
1.4881 1.55578 1.51304 
1.19676 1.13864 1.01556 
0.854621 0.713738 0.554435 
0.586785 0.408251 0.241977 
0.454876 0.274797 0.114948 
0.439855 0.283289 0.135881 
0.467157 0.351348 0.22491 
0.457238 0.39433 0.303583 
0.372453 0.368147 0.328791 
0.235344 0.284439 0.302703 
0.110977 0.194215 0.258436 
0.06657 0.153112 0.233535 
0.133233 0.18961 0.247596 
0.290997 0.292924 0.295125 
0.482749 0.423883 0.354096 
0.645557 0.538743 0.401738 
0.739734 0.610527 0.426884 
0.760735 0.63724 0.433049 
0.731858 0.636377 0.433709 
0.687096 0.633058 0.445505 
0.656283 0.650041 0.483844 
0.658798 0.702893 0.56084 
0.703749 0.79807 0.682446 
0.790683 0.930371 0.842884 
0.907744 1.07975 1.019 
1.02997 1.21157 1.17045 
1.12319 1.28469 1.24993 
1.15561 1.26681 1.2215 
1.11269 1.15036 1.07835 
1.00657 0.959573 0.84979 
0.873061 0.743175 0.591951 
0.756745 0.555268 0.365903 
0.691526 0.433662 0.213628 
0.686744 0.386344 0.14364 
0.725242 0.392051 0.132649 
0.773133 0.413541 0.141437 
0.795591 0.416301 0.136342 
0.771208 0.383835 0.105672 
0.699299 0.323096 0.0633943 
0.598025 0.258421 0.0388509 
0.494814 0.217401 0.0581365 
0.413406 0.215603 0.127033 
0.363332 0.247793 0.224889 
0.336858 0.290314 0.313247 
0.315032 0.31359 0.354918 
0.279547 0.297974 0.332912 
0.223579 0.243886 0.258418 
0.155205 0.170441 0.163399 
0.0916722 0.103807 0.0827229 
0.0486947 0.0629048 0.0369825 
0.0319631 0.0512935 0.0260016 
0.0359184 0.0593491 0.0353862 
0.0494131 0.0736421 0.0498297 
0.0633329 0.0860986 0.0632979 
0.0749651 0.0970044 0.0799038 
0.0875578 0.11155 0.106928 
0.107626 0.134631 0.147049 
0.143548 0.16908 0.196398 
0.206283 0.218402 0.249455 
0.309458 0.29029 0.305878 
0.465326 0.395829 0.372779 
0.67626 0.542688 0.459719 
0.926156 0.725927 0.569581 
1.17828 0.922979 0.69186 
1.3834 1.09749 0.803489 
1.49602 1.2113 0.877273 
1.49116 1.2387 0.893265 
1.37335 1.17577 0.846881 
1.17367 1.04048 0.749943 
0.936961 0.864589 0.62501 
0.706208 0.6819 0.496551 
0.510981 0.518426 0.383249 
0.363738 0.387764 0.294177 
0.263025 0.291798 0.229233 
0.199856 0.224704 0.182456 
0.163448 0.177693 0.146199 
0.144465 0.142738 0.114479 
0.135975 0.114621 0.0846176 
0.133414 0.0914069 0.0570775 
0.134492 0.0737738 0.0340599 
0.139165 0.0636641 0.0177181 
0.149218 0.062757 0.00882425 
0.167137 0.0712618 0.00636506 
0.194493 0.0874183 0.00804652 
0.230522 0.10783 0.011292 
0.2716 0.12843 0.0141999 
0.311905 0.145654 0.0160843 
0.344987 0.157375 0.0175082 
0.36561 0.163308 0.019943 
0.371182 0.164837 0.0252648 
0.3623 0.164396 0.0352384 
0.34233 0.164638 0.051055 
0.31624 0.167609 0.0729422 
0.289107 0.17415 0.0998869 
0.26478 0.183676 0.129558 
0.245153 0.194447 0.158543 
0.2303 0.204357 0.18297 
0.219484 0.212064 0.199488 
0.212629 0.218096 0.206398 
0.211528 0.225371 0.2046 
0.219947 0.238624 0.197876 
0.242128 0.262573 0.192116 
0.279985 0.29923 0.193331 
0.330224 0.345406 0.204862 
0.383082 0.391755 0.224834 
0.42402 0.424395 0.245312 
0.438345 0.429177 0.25438 
0.41709 0.397353 0.241116 
0.361436 0.33031 0.201716 
0.283284 0.240939 0.143651 
0.201326 0.150398 0.0849524 
0.13425 0.081109 0.0479247 
0.0942431 0.0488965 0.0498089 
0.0837876 0.0578998 0.0952148 
0.0969271 0.100659 0.174643 
0.123746 0.163078 0.270021 
0.155279 0.231327 0.363854 
0.186306 0.296841 0.446342 
0.215234 0.357079 0.516311 
0.242224 0.412561 0.576269 
0.267491 0.462988 0.625928 
0.29091 0.505314 0.65931 
0.312433 0.534648 0.667443 
0.331962 0.546521 0.644182 
0.347964 0.538284 0.590467 
0.355791 0.508766 0.513945 
0.347752 0.457377 0.424826 
0.316255 0.384599 0.331697 
0.258974 0.294354 0.240455 
0.182802 0.196402 0.156247 
0.103387 0.105865 0.0854774 
0.0395163 0.038654 0.0350213 
0.0051361 0.00474217 0.00869009 
0.00352764 0.00342583 0.0039464 
0.0268919 0.0238145 0.0120772 
0.0611411 0.0504107 0.022309 
0.0926427 0.0702878 0.0270827 
0.113115 0.0776611 0.0248081 
0.120848 0.073918 0.0185813 
0.11902 0.0643916 0.0125618 
0.113082 0.054762 0.00915533 
0.108507 0.0490695 0.00878287 
0.108981 0.0492629 0.0113816 
0.114801 0.0551013 0.0174064 
0.122066 0.0638689 0.0270978 
0.123888 0.0706568 0.0389263 
0.114021 0.0701818 0.0491868 
0.0912581 0.0597711 0.0536664 
0.0615514 0.0415551 0.0502431 
0.0357109 0.0218816 0.0402633 
0.0235738 0.00787805 0.0275601 
0.0283547 0.003413 0.0160156 
0.0450683 0.00732322 0.0076812 
0.0640388 0.0150146 0.00269254 
0.07679 0.0218888 0.000447228 
0.0800571 0.025801 0.00051737 
0.075503 0.0269486 0.00244133 
0.0663234 0.0260227 0.00502219 
0.0542188 0.0228713 0.00642053 
0.0393445 0.0170738 0.00543329 
0.0227848 0.00964833 0.00283637 
0.00863785 0.00377065 0.00120299 
0.00313436 0.00321931 0.00287159 
0.0109672 0.00952361 0.00764327 
0.0316874 0.0203222 0.0124499 
0.0592305 0.0306925 0.0137774 
0.0851824 0.0367104 0.0111431 
0.103383 0.0384172 0.00860839 
0.112444 0.0396111 0.0125114 
0.114558 0.044386 0.0265747 
0.111993 0.0530831 0.0479288 
0.104488 0.0610311 0.0673843 
0.0898176 0.0614563 0.0744509 
0.0671035 0.0507509 0.0641728 
0.0400096 0.0323292 0.041315 
0.0168994 0.0160512 0.0189181 
0.00717547 0.0131155 0.0117053 
0.0158576 0.0293587 0.0279836 
0.0398584 0.0610239 0.0645889 
0.0684973 0.0956511 0.107696 
0.0882497 0.117812 0.139151 
0.0892827 0.116776 0.145209 
0.0704255 0.0922785 0.123482 
0.0402083 0.0556009 0.0848594 
0.0136767 0.0254866 0.0494737 
0.00659559 0.0206619 0.0383398 
0.0295013 0.0520779 0.0641497 
0.0837321 0.117954 0.125105 
0.160543 0.203532 0.204522 
0.243335 0.285662 0.276636 
0.31226 0.340604 0.316423 
0.349944 0.35221 0.309449 
0.34678 0.317498 0.257562 
0.304061 0.247435 0.177905 
0.233644 0.162551 0.0956358 
0.153864 0.0850982 0.0335606 
0.083079 0.0309918 0.0034079 
0.0334761 0.00500111 0.00263978 
0.00791908 0.00114707 0.0179762 
0.0011052 0.00768643 0.0333967 
0.00399317 0.0137316 0.0382028 
0.00874341 0.0139123 0.0310358 
0.0115086 0.00899825 0.0183978 
0.012227 0.00310114 0.00953052 
0.0126902 7.6588e-05 0.0112885 
0.014915 0.00163375 0.0257959 
0.0207614 0.00767786 0.051064 
0.031985 0.0173686 0.0826204 
0.0493277 0.0291443 0.114331 
0.070555 0.0397301 0.138642 
