1.43669 1.47829 1.39239 
0.924043 0.973246 0.904099 
0.381382 0.422275 0.375592 
0.0587953 0.0881283 0.0661764 
0.0389524 0.033583 0.0139885 
0.182802 0.105213 0.055904 
0.264481 0.109764 0.0342227 
0.190665 0.034245 0.00758674 
0.107788 0.102306 0.258262 
0.278437 0.58454 1.04983 
0.814089 1.50449 2.32043 
1.50812 2.51017 3.5941 
1.95084 3.06831 4.23997 
1.85183 2.8534 3.90857 
1.28345 2.00511 2.79412 
0.619023 1.02425 1.49784 
0.224335 0.395505 0.60338 
0.187428 0.261668 0.312889 
0.315572 0.406427 0.414797 
0.362852 0.511215 0.550909 
0.250981 0.42591 0.51374 
0.0909478 0.228918 0.335301 
0.0273837 0.0791283 0.157478 
0.0869497 0.0449393 0.0636194 
0.175629 0.0738979 0.0359554 
0.19969 0.0942209 0.0360655 
0.164329 0.107573 0.0779958 
0.148662 0.169328 0.201688 
0.20229 0.297235 0.39255 
0.288949 0.429067 0.560023 
0.333532 0.479295 0.609634 
0.3036 0.421536 0.525389 
0.228183 0.301043 0.370729 
0.148201 0.177405 0.219889 
0.0768182 0.0798263 0.109069 
0.0183832 0.0228754 0.0536863 
0.00277402 0.0376512 0.0822802 
0.0691066 0.153418 0.220377 
0.209455 0.343161 0.436917 
0.35177 0.512668 0.630889 
0.423774 0.572515 0.698467 
0.438612 0.531237 0.62627 
0.50441 0.50987 0.517911 
0.733349 0.650091 0.520914 
1.12908 0.991376 0.712173 
1.55414 1.42127 1.03346 
1.80632 1.73827 1.32414 
1.7449 1.77864 1.42501 
1.38013 1.51999 1.28228 
0.876132 1.0997 0.985487 
0.473514 0.743054 0.717606 
0.375073 0.645319 0.650252 
0.649486 0.87322 0.850052 
1.19781 1.33735 1.2523 
1.79928 1.84596 1.71093 
2.21479 2.2053 2.08446 
2.29654 2.30883 2.29998 
2.04716 2.16829 2.35999 
1.59695 1.87541 2.29779 
1.11493 1.52529 2.12215 
0.714494 1.15948 1.80224 
0.42125 0.775663 1.31712 
0.218902 0.39336 0.734889 
0.114022 0.101927 0.236584 
0.140162 0.0184239 0.0236277 
0.29267 0.173612 0.156667 
0.477597 0.441157 0.471748 
0.556671 0.607572 0.682592 
0.461214 0.540657 0.606003 
0.256721 0.298694 0.310113 
0.0858261 0.0734461 0.0457801 
0.0529808 0.0309049 0.0325348 
0.172896 0.209514 0.304698 
0.41451 0.548801 0.736346 
0.753374 0.96866 1.16879 
1.15312 1.39064 1.49006 
1.51405 1.70623 1.62441 
1.68914 1.78632 1.51585 
1.58594 1.56814 1.17045 
1.2541 1.13331 0.704769 
0.858786 0.67447 0.307626 
0.56376 0.36632 0.119897 
0.441184 0.263686 0.144559 
0.480891 0.315118 0.276022 
0.653862 0.452171 0.411003 
0.937197 0.645521 0.523664 
1.27867 0.879938 0.641465 
1.57211 1.10684 0.77326 
1.71389 1.25861 0.886049 
1.7116 1.32785 0.960071 
1.72957 1.42191 1.05443 
1.98606 1.70584 1.29343 
2.55437 2.25236 1.76061 
3.23791 2.9261 2.38779 
3.66021 3.42701 2.95049 
3.53335 3.48835 3.19737 
2.89031 3.07443 3.01853 
2.06666 2.40113 2.51055 
1.42826 1.7521 1.88231 
1.08506 1.25893 1.29446 
0.861189 0.858134 0.789671 
0.549785 0.461877 0.37083 
0.189863 0.148135 0.114229 
0.0699578 0.141541 0.156469 
0.441948 0.578968 0.53971 
1.23358 1.3029 1.0855 
2.05188 1.91832 1.46802 
2.47164 2.07995 1.45112 
2.33038 1.74045 1.06806 
1.78222 1.14066 0.572699 
1.12204 0.58753 0.220779 
0.579512 0.244964 0.0924286 
0.237891 0.0959715 0.0953901 
0.0726935 0.0436872 0.101658 
0.021511 0.019716 0.0713143 
0.0274397 0.0162479 0.0675968 
0.0535369 0.0515402 0.175084 
0.0828674 0.123729 0.401829 
0.114345 0.199715 0.650928 
0.159237 0.248411 0.792995 
0.232461 0.280073 0.780084 
0.329372 0.336895 0.687323 
0.405183 0.432843 0.630593 
0.39941 0.516734 0.646112 
0.308363 0.522441 0.669214 
0.22628 0.457713 0.631835 
0.272562 0.410525 0.54903 
0.450849 0.441986 0.483125 
0.603452 0.492793 0.443291 
0.55153 0.438503 0.369249 
0.294632 0.248115 0.230375 
0.0442932 0.054316 0.103581 
0.0330834 0.033904 0.109416 
0.292101 0.223549 0.270741 
0.627109 0.476652 0.46604 
0.80398 0.603502 0.538188 
0.740766 0.535978 0.436878 
0.530516 0.35506 0.246882 
0.319238 0.188776 0.0965676 
0.19033 0.110296 0.0602398 
0.14755 0.120937 0.136874 
0.161046 0.188854 0.283957 
0.201149 0.277833 0.447617 
0.239987 0.351301 0.574413 
0.250443 0.378537 0.626464 
0.220343 0.353392 0.603358 
0.166021 0.304434 0.54672 
0.125856 0.279559 0.514841 
0.137698 0.316483 0.546916 
0.219076 0.422952 0.644572 
0.361373 0.57703 0.77792 
0.534183 0.740103 0.904094 
0.691871 0.870579 0.984822 
0.782548 0.933154 0.996954 
0.766735 0.906969 0.935862 
0.644827 0.796789 0.815177 
0.472879 0.641803 0.666084 
0.341269 0.5074 0.533558 
0.31887 0.453348 0.462858 
0.403766 0.495614 0.476759 
0.5238 0.591995 0.556972 
0.58684 0.665209 0.64603 
0.538644 0.647794 0.673982 
0.389291 0.520606 0.597894 
0.20185 0.324619 0.43109 
0.0561098 0.138134 0.238654 
0.00191405 0.0271003 0.0942865 
0.0264135 0.000356113 0.0282387 
0.0681249 0.0118387 0.0140343 
0.0791109 0.0152428 0.00890481 
0.0784327 0.0170241 0.00397011 
0.133956 0.0671149 0.0275966 
0.28646 0.197241 0.103025 
0.501427 0.380523 0.216817 
0.701366 0.556694 0.333426 
0.833831 0.68423 0.427218 
0.897699 0.758051 0.490281 
0.917415 0.790821 0.522337 
0.915656 0.798945 0.532348 
0.90912 0.802268 0.543614 
0.902565 0.809613 0.571228 
0.87189 0.79378 0.587892 
0.772171 0.703333 0.536464 
0.586026 0.521081 0.395383 
0.359562 0.30146 0.217689 
0.171365 0.128885 0.0838562 
0.0650713 0.0419022 0.0241443 
0.0265089 0.0170159 0.011153 
0.0244607 0.0233784 0.0235125 
0.0508494 0.0641612 0.080816 
0.111391 0.150845 0.198243 
0.197072 0.260195 0.332948 
0.285155 0.342841 0.407352 
0.359604 0.368318 0.382189 
0.410727 0.341463 0.28572 
0.41942 0.279583 0.175679 
0.368096 0.20081 0.0998115 
0.279005 0.143542 0.0989605 
0.22436 0.17139 0.215466 
0.275766 0.328958 0.463226 
0.43816 0.588229 0.787815 
0.638873 0.851262 1.07743 
0.782785 1.01387 1.2282 
0.81814 1.03012 1.20394 
0.758061 0.925454 1.0422 
0.653427 0.762754 0.816293 
0.551514 0.599746 0.593316 
0.472992 0.466808 0.412705 
0.414443 0.368115 0.285325 
0.362615 0.293861 0.203338 
0.305248 0.231529 0.15187 
0.236044 0.172513 0.11721 
0.158637 0.11582 0.0905871 
0.0873513 0.0678496 0.068368 
0.0379528 0.0355915 0.0495314 
0.0143342 0.0189568 0.0338209 
0.00802445 0.0132792 0.0245455 
0.011805 0.0190982 0.0310238 
0.0258854 0.040924 0.0594919 
0.0457418 0.0712552 0.0969596 
0.0539276 0.0855535 0.113126 
0.0375358 0.0664246 0.0903241 
0.0106681 0.0297679 0.0482789 
0.003962 0.0114695 0.0249366 
0.0279175 0.0246252 0.0309787 
0.0597816 0.0441962 0.038699 
0.0741053 0.042206 0.0237081 
0.0745043 0.0250711 0.00243751 
0.0837981 0.0217061 0.0112473 
0.112189 0.0427248 0.0554026 
0.15165 0.0702769 0.0992122 
0.198049 0.088618 0.109841 
0.258449 0.106104 0.0941859 
0.328829 0.137693 0.08383 
0.379313 0.177909 0.0958149 
0.375923 0.203962 0.120222 
0.313945 0.201055 0.139317 
0.221598 0.174427 0.145399 
0.134019 0.138941 0.140817 
0.070865 0.10635 0.131718 
0.0344766 0.0821764 0.124304 
0.0171753 0.0654623 0.119527 
0.00785333 0.0491319 0.10902 
0.00111733 0.028182 0.0832287 
0.00505346 0.0107172 0.0468431 
0.0329185 0.0134592 0.0195392 
0.0809583 0.0404746 0.0159461 
0.120259 0.0716428 0.0290897 
0.120119 0.0800473 0.0391852 
0.07969 0.0594972 0.0355004 
0.0299265 0.0285937 0.0232318 
