0.263947 0.179171 0.0497376 
0.0880608 0.0644551 0.022487 
0.000109168 0.0115511 0.0422619 
0.115508 0.0989316 0.146141 
0.395914 0.287638 0.287444 
0.602166 0.39858 0.337933 
0.506562 0.299781 0.247983 
0.188831 0.131674 0.204027 
0.0452793 0.251544 0.519905 
0.409694 0.857446 1.27551 
1.16473 1.6844 2.09506 
1.79977 2.17092 2.40179 
1.88275 1.97402 1.95346 
1.43499 1.27903 1.08178 
0.829239 0.572393 0.356968 
0.399285 0.169756 0.0560905 
0.23324 0.0391439 0.02298 
0.301908 0.0418165 0.00963469 
0.626918 0.195818 0.0209702 
1.21079 0.605687 0.245379 
1.85372 1.19228 0.714578 
2.18285 1.62829 1.16093 
1.94851 1.60774 1.25752 
1.27638 1.14769 0.948351 
0.58398 0.580813 0.495327 
0.236338 0.256496 0.21933 
0.279181 0.265469 0.230098 
0.474468 0.430535 0.391615 
0.551615 0.51377 0.49481 
0.422153 0.416879 0.438522 
0.200752 0.221326 0.276891 
0.0731952 0.0886713 0.144465 
0.154373 0.138376 0.155241 
0.435779 0.39108 0.349421 
0.819448 0.781881 0.694362 
1.17906 1.2 1.10703 
1.40689 1.52507 1.47685 
1.44434 1.66203 1.69519 
1.29928 1.57582 1.69526 
1.03702 1.30451 1.48028 
0.740847 0.934605 1.11691 
0.47174 0.561107 0.707033 
0.262114 0.269805 0.370354 
0.137942 0.141874 0.237482 
0.131014 0.244303 0.417688 
0.264293 0.591852 0.932251 
0.532597 1.11681 1.66634 
0.900056 1.68623 2.39987 
1.30633 2.15718 2.90931 
1.67049 2.4279 3.06892 
1.90592 2.46191 2.88915 
1.9586 2.29069 2.48635 
1.8438 1.9997 2.01594 
1.64124 1.69507 1.6068 
1.44814 1.46343 1.32772 
1.33188 1.35167 1.19839 
1.31286 1.37152 1.22125 
1.36756 1.50349 1.38846 
1.4336 1.68377 1.64906 
1.4242 1.79908 1.87968 
1.26599 1.72476 1.91671 
0.947313 1.39977 1.65156 
0.542051 0.886944 1.12241 
0.188102 0.366456 0.52462 
0.0276388 0.0530413 0.115192 
0.133964 0.07592 0.0610003 
0.459704 0.391883 0.327792 
0.84459 0.796918 0.694489 
1.09608 1.04538 0.897511 
1.0998 1.00216 0.807273 
0.880456 0.715694 0.502372 
0.568634 0.359931 0.186404 
0.309715 0.1041 0.0265187 
0.193073 0.0227313 0.0543218 
0.241232 0.101725 0.198072 
0.431592 0.29693 0.385696 
0.707445 0.5668 0.602963 
0.978316 0.85753 0.859382 
1.14372 1.08901 1.12301 
1.14729 1.18617 1.31306 
1.01589 1.13305 1.36213 
0.838741 0.988228 1.27594 
0.704461 0.842009 1.12701 
0.657474 0.760493 0.997972 
0.698156 0.761179 0.932611 
0.789079 0.811421 0.918369 
0.843448 0.827914 0.887614 
0.745354 0.705135 0.746258 
0.452386 0.41065 0.455751 
0.110222 0.0885448 0.127216 
0.0184399 0.0253687 0.00437058 
0.398549 0.426257 0.274545 
1.15106 1.17603 0.849454 
1.86343 1.84885 1.36135 
2.10832 2.01721 1.44169 
1.77234 1.59626 1.04325 
1.11521 0.898815 0.486338 
0.526694 0.357343 0.175184 
0.229432 0.187537 0.26166 
0.18505 0.292925 0.570335 
0.2294 0.444097 0.818634 
0.257444 0.513456 0.884636 
0.284886 0.546435 0.87217 
0.371977 0.650159 0.956031 
0.521718 0.84964 1.19356 
0.657177 1.05356 1.47914 
0.685109 1.13811 1.65115 
0.573223 1.04872 1.62413 
0.37071 0.827074 1.42851 
0.166024 0.559964 1.15265 
0.0319679 0.317186 0.868768 
0.00387538 0.133579 0.60958 
0.0877644 0.0261955 0.387635 
0.265216 0.00362486 0.211012 
0.485629 0.0556595 0.0823103 
0.675023 0.154944 0.00959922 
0.77973 0.288003 0.036233 
0.807422 0.475638 0.238224 
0.807703 0.73274 0.644555 
0.79942 0.995468 1.13709 
0.732729 1.11921 1.46537 
0.553765 1.00124 1.43141 
0.315494 0.729221 1.10439 
0.195471 0.579404 0.834538 
0.36243 0.813049 0.996598 
0.806424 1.43749 1.66918 
1.30957 2.16384 2.54733 
1.60027 2.61349 3.17344 
1.54868 2.58623 3.27062 
1.23024 2.15924 2.8877 
0.828742 1.56912 2.27528 
0.496702 1.02539 1.66266 
0.290286 0.618117 1.14481 
0.190243 0.345233 0.723622 
0.148584 0.176007 0.393967 
0.120153 0.0814317 0.170145 
0.0808393 0.0348205 0.0548916 
0.0357074 0.012906 0.0166073 
0.00594464 0.00282736 0.00913946 
0.00306163 0.00503988 0.010342 
0.0295332 0.0370801 0.0419748 
0.122359 0.14679 0.158979 
0.386045 0.414768 0.416823 
0.939032 0.909853 0.828802 
1.78099 1.60405 1.33035 
2.69906 2.31909 1.77804 
3.33165 2.77978 2.00247 
3.37469 2.76432 1.89655 
2.77941 2.24879 1.48438 
1.79252 1.43725 0.920265 
0.818894 0.655333 0.412914 
0.210753 0.180065 0.119726 
0.10917 0.108783 0.0740548 
0.406688 0.334334 0.188233 
0.832702 0.63068 0.328931 
1.11311 0.794187 0.412216 
1.11682 0.752713 0.447212 
0.898582 0.574203 0.496125 
0.614916 0.382037 0.593675 
0.392315 0.259532 0.709447 
0.263614 0.224278 0.790693 
0.209903 0.27094 0.832212 
0.233579 0.409545 0.887393 
0.370206 0.648158 1.00439 
0.63686 0.952799 1.16439 
0.994949 1.25308 1.30083 
1.37739 1.50149 1.38218 
1.7397 1.71713 1.4622 
2.06606 1.95586 1.63697 
2.32983 2.23745 1.9549 
2.47528 2.5143 2.37477 
2.45984 2.71591 2.80462 
2.31043 2.81263 3.16421 
2.11911 2.82516 3.40425 
1.97125 2.77785 3.48516 
1.87831 2.65934 3.36836 
1.78119 2.43703 3.04444 
1.6133 2.10307 2.56389 
1.35736 1.69819 2.02756 
1.05015 1.29229 1.5404 
0.74783 0.948313 1.16961 
0.495088 0.703589 0.936425 
0.323454 0.576115 0.83436 
0.265487 0.576573 0.847915 
0.350173 0.702839 0.953494 
0.56395 0.912943 1.10296 
0.811546 1.10486 1.21135 
0.941023 1.14782 1.18049 
0.852602 0.973472 0.965236 
0.609547 0.658399 0.632602 
0.424125 0.399181 0.339438 
0.492027 0.367265 0.220891 
0.818916 0.569861 0.289432 
1.22492 0.867688 0.458328 
1.53962 1.14416 0.67274 
1.78148 1.43949 0.992399 
2.11195 1.88147 1.50566 
2.59892 2.47252 2.15408 
3.05131 2.97751 2.68115 
3.12925 3.07205 2.80895 
2.64492 2.63298 2.49557 
1.76373 1.88847 2.01638 
0.912401 1.27408 1.77249 
0.479991 1.11905 1.98794 
0.567352 1.42611 2.54721 
0.961926 1.89893 3.08321 
1.31366 2.16063 3.2219 
1.36174 1.99182 2.80606 
1.07368 1.44712 1.97535 
0.638292 0.805512 1.08093 
0.331978 0.396527 0.49119 
0.337277 0.402362 0.39351 
0.624199 0.753135 0.70462 
0.975425 1.18308 1.14397 
1.14086 1.40922 1.41779 
1.00998 1.30612 1.385 
0.677102 0.957845 1.09939 
0.361569 0.568086 0.72466 
0.257825 0.315565 0.409573 
0.433261 0.266309 0.217767 
0.834619 0.387397 0.139459 
1.3662 0.618028 0.143903 
1.95539 0.923883 0.220464 
2.5579 1.30294 0.393856 
3.12531 1.76355 0.723739 
3.58435 2.29954 1.27915 
3.8458 2.85951 2.06319 
3.82671 3.31363 2.91617 
3.47539 3.46403 3.50624 
2.80632 3.14578 3.49487 
1.93538 2.37458 2.79737 
1.07142 1.40389 1.70747 
0.432924 0.596894 0.727236 
0.130364 0.191058 0.216699 
0.107542 0.15559 0.168591 
0.196276 0.264414 0.298773 
0.240376 0.303294 0.335556 
0.188182 0.217105 0.221758 
0.0904872 0.088625 0.0746298 
0.0251474 0.0119617 0.00677226 
0.0213944 0.00122722 0.0159166 
0.0435595 0.00762788 0.0320892 
0.0396822 0.00291006 0.0357158 
0.00795069 0.0357211 0.109055 
0.0183658 0.204672 0.370274 
0.162577 0.568567 0.853267 
0.46844 1.06823 1.4388 
0.852977 1.52912 1.898 
1.1595 1.75348 2.02308 
1.25382 1.63998 1.75509 
1.10579 1.24517 1.21946 
