0.452685 0.450115 0.386255 
0.444811 0.436799 0.317706 
0.568517 0.541143 0.328073 
0.895971 0.843063 0.488701 
1.49545 1.42249 0.883285 
2.33995 2.27496 1.54897 
3.22333 3.21848 2.37721 
3.80505 3.91423 3.08962 
3.80286 4.045 3.36869 
3.19378 3.53318 3.07011 
2.24387 2.60969 2.33677 
1.32986 1.66315 1.50605 
0.704467 0.99426 0.887526 
0.396169 0.674361 0.59605 
0.288536 0.589434 0.551255 
0.259072 0.580238 0.595534 
0.243576 0.541774 0.607712 
0.214074 0.438155 0.546533 
0.15268 0.284078 0.443204 
0.0683945 0.135493 0.375071 
0.0134258 0.0691802 0.417944 
0.0451896 0.126565 0.579284 
0.161112 0.261782 0.763784 
0.286087 0.362883 0.828288 
0.336615 0.344801 0.699806 
0.292224 0.222825 0.445878 
0.197973 0.0880031 0.218601 
0.109034 0.0158834 0.124434 
0.0520735 0.0119778 0.151263 
0.0389445 0.0422897 0.215011 
0.08982 0.090964 0.254902 
0.217095 0.167243 0.270075 
0.389626 0.266088 0.28214 
0.534708 0.350672 0.29769 
0.586818 0.385727 0.319575 
0.529944 0.373768 0.369265 
0.395182 0.346259 0.467933 
0.24015 0.334347 0.600191 
0.148298 0.373515 0.730509 
0.224614 0.531035 0.874004 
0.533181 0.881632 1.1259 
0.99634 1.40792 1.57419 
1.37177 1.92338 2.15987 
1.39427 2.14397 2.64324 
1.00625 1.90089 2.75244 
0.476255 1.32375 2.40579 
0.272314 0.815427 1.80975 
0.763477 0.809949 1.33619 
1.96838 1.48726 1.27182 
3.52457 2.64862 1.63188 
4.88066 3.82641 2.16591 
5.57244 4.54037 2.53348 
5.42234 4.53584 2.5159 
4.57479 3.87597 2.12572 
3.37829 2.86038 1.56122 
2.19956 1.84328 1.06041 
1.27662 1.06828 0.76402 
0.67609 0.604425 0.669693 
0.343513 0.387125 0.680285 
0.182614 0.304311 0.689175 
0.10861 0.265915 0.643183 
0.0668344 0.233175 0.55979 
0.0358177 0.215225 0.504313 
0.0248279 0.2447 0.541691 
0.060541 0.342885 0.685072 
0.164047 0.493496 0.874121 
0.334325 0.645825 1.00595 
0.550037 0.745792 1.0012 
0.781062 0.766551 0.852836 
0.993285 0.712341 0.619661 
1.14515 0.600221 0.379131 
1.19014 0.446327 0.188321 
1.09438 0.270925 0.0806435 
0.860608 0.109607 0.0811617 
0.54186 0.0113474 0.208899 
0.23393 0.0212191 0.460392 
0.0447438 0.159976 0.795164 
0.046325 0.409437 1.1397 
0.228355 0.706033 1.4059 
0.486346 0.949385 1.51317 
0.669154 1.03678 1.41235 
0.670003 0.918489 1.11215 
0.501692 0.64119 0.694893 
0.296341 0.340253 0.299774 
0.222809 0.173014 0.0670301 
0.377606 0.230313 0.0675625 
0.723582 0.482487 0.260032 
1.11297 0.794177 0.506424 
1.37344 0.999844 0.645383 
1.40143 0.997939 0.58886 
1.21136 0.811565 0.387399 
0.920111 0.579234 0.216308 
0.680806 0.475843 0.275766 
0.603709 0.606336 0.657079 
0.704318 0.936415 1.26271 
0.901664 1.30563 1.84233 
1.06338 1.51649 2.12985 
1.07373 1.44501 1.99366 
0.893039 1.10667 1.50337 
0.581274 0.643128 0.876333 
0.272551 0.243617 0.348963 
0.110661 0.0501636 0.0598058 
0.178955 0.0993898 0.00975226 
0.463415 0.32607 0.104528 
0.866918 0.614996 0.233084 
1.26074 0.863479 0.326855 
1.54201 1.02125 0.37519 
1.67146 1.09733 0.408349 
1.67988 1.14091 0.470827 
1.64101 1.20669 0.595446 
1.61993 1.31553 0.77901 
1.6243 1.43007 0.968651 
1.59569 1.46818 1.07732 
1.4557 1.35568 1.03183 
1.17423 1.08349 0.824071 
0.802842 0.722298 0.523617 
0.444518 0.381345 0.238978 
0.188818 0.146248 0.0587212 
0.0682953 0.0449148 0.0159709 
0.0639065 0.0574458 0.0916192 
0.138686 0.146118 0.238681 
0.261072 0.275032 0.405542 
0.402197 0.412389 0.551699 
0.523394 0.52813 0.657993 
0.578724 0.597603 0.727802 
0.539092 0.609271 0.774002 
0.418597 0.567911 0.797818 
0.273734 0.487822 0.776716 
0.165617 0.379898 0.675421 
0.114166 0.247439 0.480347 
0.0924259 0.104776 0.240879 
0.0751253 0.00718131 0.083619 
0.0903675 0.0479718 0.161214 
0.203126 0.289414 0.53482 
0.42854 0.667125 1.06695 
0.668605 0.975067 1.44623 
0.767689 0.998434 1.38972 
0.6609 0.714284 0.895709 
0.468596 0.370211 0.316725 
0.419533 0.326525 0.136031 
0.654257 0.767142 0.596831 
1.09146 1.53012 1.4952 
1.48537 2.21504 2.32242 
1.61803 2.47467 2.63547 
1.45229 2.24304 2.3457 
1.13112 1.73535 1.71881 
0.859685 1.26821 1.14706 
0.784553 1.07092 0.912467 
0.939931 1.20382 1.09249 
1.25335 1.57686 1.59411 
1.58299 2.01037 2.22576 
1.78041 2.30926 2.76242 
1.76818 2.34615 3.01602 
1.58896 2.1257 2.91083 
1.38126 1.78445 2.52186 
1.29613 1.51854 2.0414 
1.4225 1.48943 1.69228 
1.76877 1.76332 1.63629 
2.27778 2.29078 1.90701 
2.82747 2.90454 2.3754 
3.22449 3.34418 2.77263 
3.25261 3.34798 2.8047 
2.79686 2.80553 2.33347 
1.95806 1.86886 1.50371 
1.03365 0.900062 0.684978 
0.343777 0.254302 0.232963 
0.0338233 0.0568609 0.24685 
0.0191191 0.159052 0.526232 
0.108235 0.303588 0.761791 
0.177978 0.343195 0.785966 
0.242519 0.322525 0.667954 
0.37976 0.377776 0.596014 
0.614308 0.575887 0.682777 
0.874906 0.845467 0.872536 
1.05005 1.0403 1.00749 
1.072 1.05404 0.964717 
0.952848 0.883473 0.740648 
0.757827 0.608434 0.435901 
0.55492 0.32997 0.182485 
0.382325 0.122625 0.0803124 
0.246167 0.0233906 0.175451 
0.137406 0.0452675 0.470293 
0.0530041 0.193394 0.940347 
0.0106589 0.470315 1.54157 
0.049018 0.86891 2.20835 
0.208952 1.35952 2.85258 
0.50203 1.88126 3.37432 
0.885739 2.34686 3.68555 
1.26823 2.66453 3.73751 
1.54912 2.77141 3.53801 
1.67429 2.66271 3.14942 
1.66495 2.39764 2.66772 
1.59611 2.07309 2.19067 
1.53883 1.77749 1.78817 
1.5112 1.55328 1.48708 
1.4742 1.39054 1.27598 
1.37077 1.25133 1.12405 
1.1756 1.10471 1.00308 
0.924103 0.951247 0.903028 
0.707309 0.825715 0.835123 
0.633847 0.775792 0.817121 
0.772686 0.825537 0.84459 
1.1097 0.951536 0.873308 
1.55836 1.1045 0.846619 
2.02602 1.27063 0.764264 
2.47123 1.50635 0.724782 
2.87672 1.87732 0.864192 
3.15697 2.33186 1.21134 
3.12908 2.65218 1.60441 
2.64578 2.59506 1.80112 
1.79878 2.1339 1.7216 
0.954055 1.54691 1.57306 
0.500603 1.19782 1.66943 
0.514626 1.18314 2.07549 
0.706721 1.22502 2.45049 
0.77219 0.983244 2.32099 
0.806821 0.499962 1.56665 
1.29799 0.278708 0.624067 
2.60299 0.832256 0.150389 
4.40956 2.11043 0.438859 
5.78695 3.4103 1.15839 
5.88184 3.91858 1.675 
4.63495 3.38641 1.62312 
2.82423 2.28685 1.16111 
1.39206 1.33187 0.709965 
0.717349 0.867839 0.520245 
0.511398 0.743152 0.5395 
0.344892 0.692963 0.653412 
0.18288 0.737634 0.935456 
0.369469 1.13577 1.56521 
1.14377 1.97926 2.50788 
2.25932 2.92854 3.36163 
3.11733 3.41467 3.60588 
3.24974 3.10962 3.03221 
2.6549 2.1879 1.92919 
1.70996 1.14987 0.849808 
0.837943 0.428414 0.206303 
0.278916 0.156341 0.0602265 
0.0927566 0.226279 0.221618 
0.248523 0.471183 0.471984 
0.649029 0.762492 0.69339 
1.12086 1.00963 0.869336 
1.47425 1.15815 1.04558 
1.61609 1.20952 1.28656 
1.59452 1.19882 1.5955 
1.53956 1.13292 1.83502 
1.61238 1.00201 1.78162 
2.03891 0.910531 1.35494 
3.10408 1.15851 0.814892 
4.93032 2.05021 0.638589 
7.13189 3.49242 1.07976 
