0.531715 0.148574 0.212179 
0.566184 0.191538 0.220919 
0.604626 0.239615 0.20077 
0.641281 0.300024 0.175249 
0.678091 0.380445 0.170951 
0.721575 0.484608 0.208202 
0.781172 0.611901 0.297392 
0.867009 0.759188 0.440931 
0.985705 0.922784 0.638673 
1.13554 1.09997 0.89379 
1.30411 1.29025 1.21588 
1.47069 1.49607 1.61843 
1.61272 1.72131 2.10939 
1.71298 1.96652 2.67695 
1.76343 2.22114 3.27635 
1.76374 2.45684 3.82614 
1.71585 2.62691 4.22014 
1.61868 2.67597 4.3556 
1.46729 2.55891 4.16908 
1.25844 2.26226 3.66552 
0.99937 1.81748 2.92558 
0.713864 1.29749 2.08521 
0.439857 0.795528 1.29434 
0.217768 0.394929 0.672864 
0.0752898 0.144275 0.283628 
0.0175063 0.049588 0.13229 
0.0282485 0.0849046 0.187552 
0.0809429 0.211234 0.404011 
0.150574 0.389827 0.731232 
0.218408 0.582479 1.10679 
0.268327 0.744466 1.44722 
0.282286 0.824294 1.65614 
0.244607 0.780539 1.65654 
0.157336 0.611016 1.43347 
0.056789 0.374514 1.05776 
0.0149099 0.18341 0.667884 
0.115421 0.161026 0.411112 
0.411531 0.381546 0.373694 
0.887609 0.825716 0.540425 
1.44953 1.38005 0.808249 
1.95376 1.88285 1.0456 
2.26284 2.19273 1.16126 
2.29893 2.243 1.14243 
2.0692 2.05582 1.04376 
1.65351 1.7151 0.940909 
1.1658 1.32 0.881963 
0.711621 0.946467 0.866045 
0.360788 0.633227 0.856304 
0.141155 0.389876 0.811722 
0.0477692 0.213705 0.714215 
0.0572006 0.102091 0.576492 
0.139862 0.0559189 0.43207 
0.268002 0.0770744 0.318819 
0.419543 0.164536 0.266188 
0.577848 0.310791 0.288621 
0.727799 0.498167 0.382267 
0.850677 0.696091 0.523171 
0.922539 0.86288 0.669458 
0.919777 0.955153 0.771283 
0.830461 0.942955 0.787723 
0.664565 0.823108 0.703394 
0.455237 0.622595 0.53571 
0.248831 0.38972 0.328998 
0.0894377 0.178911 0.139995 
0.00749194 0.0382705 0.0232957 
0.0178886 0.00435016 0.0217898 
0.124263 0.100213 0.159954 
0.32049 0.329123 0.434834 
0.58389 0.661782 0.804795 
0.865082 1.02615 1.18534 
1.08782 1.31509 1.46474 
1.1697 1.42027 1.5433 
1.06042 1.28284 1.38275 
0.777979 0.934556 1.03858 
0.417781 0.50124 0.651172 
0.121512 0.158319 0.392217 
0.016482 0.0560639 0.38987 
0.155862 0.251996 0.670733 
0.492509 0.685956 1.14926 
0.901004 1.21003 1.66885 
1.23545 1.65542 2.0709 
1.39156 1.90029 2.2556 
1.34198 1.90651 2.20728 
1.13191 1.71419 1.98007 
0.844755 1.40653 1.66013 
0.561279 1.06882 1.3275 
0.332823 0.761251 1.03351 
0.176344 0.511703 0.796275 
0.0852861 0.323034 0.608556 
0.0449528 0.185667 0.450782 
0.0440008 0.0892981 0.305132 
0.0797368 0.0314085 0.16798 
0.158248 0.0211012 0.0564561 
0.290106 0.0758408 0.00396498 
0.481592 0.209912 0.0432697 
0.723317 0.418424 0.183888 
0.981945 0.666188 0.396981 
1.20233 0.891149 0.619302 
1.32327 1.02475 0.777187 
1.30174 1.02065 0.818695 
1.13341 0.876445 0.736101 
0.857988 0.636008 0.566665 
0.545506 0.371211 0.372822 
0.270657 0.153201 0.214254 
0.0875242 0.0277219 0.12643 
0.0152624 0.00423409 0.113318 
0.0380211 0.0597451 0.152889 
0.115946 0.152005 0.209295 
0.201637 0.235781 0.246549 
0.257019 0.277884 0.241036 
0.266222 0.267678 0.190349 
0.239809 0.219276 0.114227 
0.207023 0.162703 0.0443749 
0.197988 0.126565 0.00616251 
0.225167 0.121796 0.00301377 
0.276688 0.138212 0.0158049 
0.327999 0.158141 0.0203736 
0.364893 0.177802 0.0113584 
0.399972 0.218173 0.0124056 
0.466764 0.312468 0.0606346 
0.591893 0.475567 0.173726 
0.764805 0.678461 0.325374 
0.930415 0.851809 0.452955 
1.01542 0.923087 0.498187 
0.973221 0.864521 0.453434 
0.815494 0.7161 0.376464 
0.605635 0.562419 0.355912 
0.417061 0.475681 0.446625 
0.287036 0.46503 0.620645 
0.201782 0.471517 0.77356 
0.12549 0.416539 0.788647 
0.0511334 0.271503 0.61876 
0.0316381 0.097926 0.329973 
0.162046 0.0252989 0.0745173 
0.518761 0.176626 0.00767218 
1.09479 0.588187 0.200423 
1.77561 1.17464 0.601063 
2.37468 1.76079 1.06509 
2.70995 2.15937 1.42928 
2.6787 2.24943 1.58297 
2.29365 2.01628 1.50039 
1.66982 1.54296 1.22907 
0.978917 0.970426 0.855947 
0.397459 0.452465 0.476797 
0.065967 0.119893 0.178736 
0.0615871 0.0541824 0.0282276 
0.380783 0.266396 0.0547823 
0.934507 0.6859 0.233365 
1.56548 1.17194 0.481679 
2.09349 1.55651 0.686264 
2.37816 1.70792 0.752207 
2.37184 1.58561 0.650302 
2.13362 1.25461 0.431493 
1.79461 0.849415 0.197377 
1.49334 0.506954 0.0443819 
1.31725 0.307102 0.0162614 
1.27999 0.251455 0.0918712 
1.33894 0.284645 0.209751 
1.43273 0.336553 0.307831 
1.51148 0.356965 0.352307 
1.54645 0.327677 0.344039 
1.52444 0.256419 0.308662 
1.44173 0.165642 0.282739 
1.30458 0.0834142 0.301252 
1.13122 0.0340538 0.383456 
0.947232 0.0255964 0.516471 
0.7751 0.0408055 0.647372 
0.630279 0.0456664 0.700203 
0.533468 0.0210286 0.621793 
0.532053 0.00133737 0.434379 
0.707077 0.0881549 0.256045 
1.14558 0.415092 0.262087 
1.88481 1.07472 0.599505 
2.86476 2.05221 1.30462 
3.9299 3.21412 2.27801 
4.88969 4.36475 3.33291 
5.60149 5.33198 4.28097 
6.01677 6.02122 4.99356 
6.15721 6.40195 5.40249 
6.04383 6.44966 5.45869 
5.64529 6.10725 5.10664 
4.90095 5.31645 4.31781 
3.81183 4.1079 3.16807 
2.52804 2.67696 1.89071 
1.34838 1.36607 0.836893 
0.605194 0.535842 0.337997 
0.495377 0.392868 0.543314 
0.968708 0.885103 1.33813 
1.75419 1.73823 2.40243 
2.51318 2.61273 3.37778 
3.02123 3.27986 4.0377 
3.26282 3.70592 4.35821 
3.38706 4.0022 4.45831 
3.56782 4.29168 4.46832 
3.87007 4.59316 4.42475 
4.20712 4.79899 4.25814 
4.40198 4.74876 3.86664 
4.29688 4.33714 3.21105 
3.83657 3.58234 2.36339 
3.08502 2.62181 1.48525 
2.18716 1.65396 0.761878 
1.31498 0.870349 0.337696 
0.628129 0.410262 0.282013 
0.251851 0.341799 0.5843 
0.259815 0.657102 1.16407 
0.656043 1.27509 1.88753 
1.36679 2.05793 2.59603 
2.25731 2.8483 3.15014 
3.17311 3.51829 3.47693 
3.98497 4.00477 3.59289 
4.61132 4.30751 3.58143 
5.00927 4.45109 3.53219 
5.15064 4.43927 3.47863 
5.0106 4.23822 3.37653 
4.58292 3.80384 3.13947 
3.90901 3.13357 2.70817 
3.09161 2.30237 2.1061 
2.27282 1.45237 1.4436 
1.58326 0.738725 0.868174 
1.09256 0.264541 0.493908 
0.791904 0.0444796 0.353369 
0.617306 0.0150765 0.396453 
0.495268 0.0793868 0.529161 
0.38053 0.155276 0.663576 
0.266151 0.201387 0.750797 
0.167954 0.214722 0.785955 
0.101241 0.212151 0.793303 
0.0674541 0.213208 0.807432 
0.0561116 0.233759 0.862382 
0.0551404 0.289027 0.990726 
0.0597682 0.398922 1.22778 
0.0756913 0.589954 1.61431 
0.118488 0.891948 2.19272 
0.21184 1.32955 2.99382 
0.383008 1.9086 4.01446 
0.651584 2.59885 5.19168 
1.01178 3.31974 6.38587 
1.41711 3.94037 7.3885 
1.78134 4.30422 7.96441 
2.00446 4.27818 7.92282 
2.01766 3.81019 7.19276 
1.82637 2.96876 5.86898 
1.526 1.94018 4.20187 
1.27656 0.977458 2.52831 
1.24312 0.318261 1.16832 
1.52853 0.106172 0.329617 
2.12998 0.348966 0.0584283 
2.9394 0.929921 0.2526 
3.78592 1.66312 0.724238 
4.49892 2.3648 1.27888 
4.96266 2.90918 1.77627 
