1.16559 0.824245 0.525973 
0.877078 0.542053 0.303822 
0.416424 0.181978 0.064191 
0.0957783 0.0496089 0.0804036 
0.132559 0.309473 0.466256 
0.48786 0.841241 1.05228 
0.904212 1.32414 1.50038 
1.10512 1.47724 1.56087 
0.986847 1.24983 1.24541 
0.65619 0.815886 0.777741 
0.311947 0.408988 0.394797 
0.0922608 0.159229 0.189364 
0.0105148 0.0552941 0.110127 
0.00305093 0.0205277 0.0693551 
0.0184556 0.00318126 0.0294645 
0.0658119 0.0049798 0.00288929 
0.194215 0.0516997 0.00502354 
0.434087 0.153541 0.0288661 
0.750101 0.287581 0.0568323 
1.03991 0.403635 0.0762342 
1.1849 0.447195 0.0773747 
1.13133 0.398185 0.0531349 
0.957551 0.313419 0.0216969 
0.877527 0.338319 0.0537571 
1.15746 0.654798 0.259049 
1.97404 1.37446 0.716891 
3.28871 2.43873 1.39526 
4.81611 3.59985 2.12793 
6.1177 4.5105 2.68009 
6.7825 4.87925 2.86526 
6.60638 4.60586 2.63885 
5.68011 3.82336 2.11409 
4.34134 2.82831 1.49868 
3.01446 1.94024 0.99544 
2.02005 1.3637 0.720462 
1.45243 1.12003 0.673503 
1.18746 1.07671 0.764314 
1.0074 1.05003 0.872892 
0.757964 0.917467 0.90948 
0.434373 0.673441 0.845105 
0.146942 0.401756 0.703337 
0.00750832 0.196083 0.528142 
0.0341805 0.0932032 0.355225 
0.146749 0.065351 0.204784 
0.241436 0.0634514 0.090628 
0.268679 0.0624502 0.0265854 
0.248996 0.0695391 0.0202967 
0.230565 0.101082 0.0652006 
0.24379 0.163696 0.147036 
0.293869 0.259145 0.26215 
0.37907 0.395618 0.424056 
0.49629 0.578114 0.641734 
0.623696 0.781251 0.886014 
0.711547 0.940057 1.08224 
0.711371 0.984563 1.14854 
0.628429 0.898188 1.05466 
0.546292 0.748178 0.85207 
0.589319 0.655318 0.6489 
0.843676 0.721788 0.549032 
1.29499 0.969759 0.600111 
1.82687 1.33077 0.780646 
2.27715 1.685 1.02292 
2.51183 1.91877 1.24819 
2.47514 1.96749 1.39409 
2.19798 1.8297 1.42846 
1.77207 1.55587 1.35236 
1.30838 1.22297 1.19516 
0.898268 0.905844 1.0028 
0.591017 0.655229 0.821912 
0.393743 0.489768 0.686345 
0.288901 0.402952 0.611425 
0.253491 0.375626 0.59443 
0.264525 0.381484 0.614238 
0.29209 0.384491 0.629594 
0.300062 0.343773 0.588524 
0.269636 0.239457 0.459955 
0.228556 0.104005 0.271898 
0.244524 0.0182335 0.114009 
0.365961 0.0515321 0.0786071 
0.555919 0.187812 0.176125 
0.696048 0.316358 0.307045 
0.682992 0.320324 0.336796 
0.539252 0.194517 0.219769 
0.423212 0.0752294 0.055623 
0.506878 0.13617 0.0141192 
0.82135 0.435184 0.190261 
1.2119 0.850957 0.520349 
1.44659 1.1665 0.829461 
1.38244 1.22172 0.958097 
1.05118 1.00708 0.857426 
0.613183 0.641947 0.594047 
0.243244 0.285039 0.292225 
0.0437988 0.0564175 0.0718784 
0.0250009 0.00506394 0.00837263 
0.128826 0.108206 0.109423 
0.265037 0.287452 0.311858 
0.350118 0.445325 0.513899 
0.345555 0.517205 0.636267 
0.274581 0.505079 0.667197 
0.196656 0.46013 0.649269 
0.154716 0.427339 0.621823 
0.143898 0.407909 0.581517 
0.134548 0.378779 0.50401 
0.124937 0.344255 0.398441 
0.16245 0.354774 0.32484 
0.301517 0.461488 0.344042 
0.535259 0.649157 0.44863 
0.772317 0.821872 0.552502 
0.890849 0.867413 0.559603 
0.826554 0.745614 0.448421 
0.617278 0.518544 0.288736 
0.367847 0.295616 0.174038 
0.172419 0.148106 0.137622 
0.0646121 0.0725232 0.134904 
0.0296812 0.0286611 0.105722 
0.0503781 0.00419015 0.0507057 
0.132618 0.0375035 0.0449855 
0.287873 0.178383 0.176064 
0.497641 0.428021 0.463061 
0.701601 0.715956 0.826263 
0.824926 0.934129 1.12804 
0.822946 0.999715 1.25062 
0.707566 0.900442 1.15754 
0.536391 0.694583 0.905134 
0.374244 0.470735 0.603836 
0.255791 0.296718 0.355798 
0.175818 0.19131 0.20719 
0.111795 0.134928 0.144086 
0.0564979 0.105075 0.129133 
0.0290455 0.101888 0.143093 
0.0526944 0.13957 0.192652 
0.121685 0.215076 0.281616 
0.19322 0.290975 0.382006 
0.217063 0.315657 0.441175 
0.176838 0.263971 0.420423 
0.104554 0.158911 0.325705 
0.0567702 0.0549264 0.201014 
0.0770176 0.00195581 0.095545 
0.176422 0.0230739 0.0383712 
0.339401 0.116235 0.0368455 
0.536335 0.26347 0.084921 
0.727526 0.43145 0.163467 
0.86395 0.569833 0.236606 
0.900389 0.625284 0.262043 
0.822055 0.572597 0.218413 
0.66455 0.439748 0.127705 
0.504521 0.300983 0.0485679 
0.419647 0.236535 0.041385 
0.44249 0.285377 0.131267 
0.540754 0.423759 0.295617 
0.640008 0.583765 0.4819 
0.675117 0.698487 0.640157 
0.633869 0.742181 0.74784 
0.558944 0.736469 0.811283 
0.505318 0.718243 0.843739 
0.488787 0.697205 0.838732 
0.472603 0.643586 0.766249 
0.406313 0.521468 0.60301 
0.279809 0.336928 0.372504 
0.137938 0.149618 0.150745 
0.0399414 0.0297099 0.0201255 
0.0060602 0.000470426 0.00824241 
0.00765117 0.0260412 0.072066 
0.00919982 0.0575724 0.14586 
0.01297 0.0867455 0.20358 
0.0548918 0.146861 0.269439 
0.156259 0.260707 0.367728 
0.286044 0.395334 0.471989 
0.376961 0.477241 0.514972 
0.380066 0.455107 0.45204 
0.303441 0.346014 0.310189 
0.200127 0.219802 0.170011 
0.12243 0.140209 0.0990219 
0.0875757 0.120456 0.102143 
0.080428 0.12893 0.131703 
0.0800906 0.128808 0.137865 
0.0795309 0.108995 0.107546 
0.0826721 0.0824836 0.0622101 
0.0897326 0.0642992 0.0289912 
0.0913736 0.0566007 0.0186397 
0.0789265 0.0538168 0.0269308 
0.0584817 0.0571836 0.0497248 
0.0517057 0.0802911 0.0930186 
0.0798147 0.138909 0.16938 
0.143984 0.233966 0.284687 
0.218913 0.341656 0.423959 
0.26536 0.419203 0.546036 
0.254248 0.426355 0.596913 
0.188294 0.353671 0.543148 
0.106693 0.239064 0.406045 
0.0643661 0.152643 0.262379 
0.0934153 0.149611 0.195806 
0.174348 0.224051 0.230623 
0.246078 0.308041 0.308898 
0.2532 0.325649 0.340002 
0.19043 0.256363 0.28056 
0.101904 0.147772 0.168356 
0.037359 0.0666129 0.0792826 
0.0115795 0.0400429 0.0553429 
0.00613137 0.0447298 0.0764502 
0.00209339 0.04495 0.0949002 
0.000465394 0.0301598 0.0851767 
0.00987066 0.0139304 0.0571427 
0.0254529 0.00760264 0.0318265 
0.0307041 0.00695446 0.0176907 
0.0190082 0.00406199 0.0112901 
0.00367764 0.00135204 0.00995281 
0.00135471 0.00683812 0.0150542 
0.0107257 0.0199372 0.0258326 
0.0166965 0.0313626 0.0387453 
0.0181863 0.0402252 0.0559493 
0.0452013 0.0655182 0.0890652 
0.138138 0.132251 0.1478 
0.303111 0.24176 0.223197 
0.487481 0.357097 0.285553 
0.605937 0.423048 0.303649 
0.600434 0.406705 0.269299 
0.482578 0.322449 0.204069 
0.320612 0.218503 0.141986 
0.184636 0.139571 0.107048 
0.102126 0.10348 0.110422 
0.0610046 0.111858 0.168903 
0.0453476 0.173602 0.315709 
0.0573187 0.303376 0.575222 
0.102573 0.489401 0.914188 
0.164501 0.669803 1.22214 
0.206221 0.757791 1.36075 
0.202973 0.704622 1.25646 
0.167946 0.542378 0.958949 
0.140436 0.362317 0.610155 
0.148148 0.246737 0.347767 
0.18325 0.215732 0.224226 
0.214222 0.230628 0.200663 
0.216514 0.239309 0.203646 
0.189358 0.215941 0.184741 
0.146604 0.165795 0.138343 
0.0988598 0.106032 0.0825581 
0.0500458 0.0512351 0.0363804 
0.010556 0.0155499 0.0133338 
0.00663189 0.0175894 0.0234764 
0.0669003 0.0706706 0.0677181 
0.192499 0.162537 0.12635 
0.340277 0.248953 0.161101 
0.442136 0.277791 0.141145 
0.450025 0.228687 0.0745672 
0.368835 0.131831 0.0116197 
0.248415 0.0450877 0.00801442 
0.143582 0.00855715 0.0774213 
0.0787062 0.0181246 0.178103 
0.044529 0.0399983 0.248222 
0.0220674 0.0477573 0.257053 
