0.272478 0.613259 0.929556 
0.629741 1.05191 1.38686 
1.16692 1.63911 1.92947 
1.74244 2.23355 2.42847 
2.20758 2.69804 2.77422 
2.45848 2.94426 2.91175 
2.46458 2.95234 2.8491 
2.26625 2.7628 2.63985 
1.94981 2.45129 2.35424 
1.6146 2.10148 2.05565 
1.34525 1.78595 1.79063 
1.19445 1.55585 1.58919 
1.17578 1.43503 1.46577 
1.26513 1.41647 1.41578 
1.41106 1.46418 1.4118 
1.5541 1.52528 1.40845 
1.65014 1.55163 1.35995 
1.68791 1.52139 1.24312 
1.69009 1.44718 1.07068 
1.6958 1.36404 0.883558 
1.73477 1.3044 0.725552 
1.81043 1.27737 0.617262 
1.9038 1.26771 0.548055 
1.99472 1.2547 0.491385 
2.08293 1.23517 0.430628 
2.19001 1.23022 0.374016 
2.338 1.26804 0.346025 
2.52011 1.35491 0.36225 
2.68801 1.45852 0.409345 
2.76984 1.51995 0.448444 
2.70996 1.48854 0.441413 
2.50283 1.35482 0.379521 
2.19591 1.15595 0.290569 
1.85836 0.948554 0.217097 
1.53891 0.76973 0.182325 
1.24488 0.617027 0.172062 
0.958436 0.463955 0.149354 
0.67559 0.298655 0.092211 
0.434391 0.153124 0.0243632 
0.305142 0.0957152 0.0117647 
0.345234 0.187628 0.122713 
0.550572 0.433421 0.377911 
0.84143 0.762903 0.726322 
1.09709 1.06047 1.06535 
1.21819 1.22399 1.2927 
1.17514 1.21435 1.35594 
1.01161 1.06473 1.26964 
0.804615 0.848759 1.0948 
0.613426 0.634804 0.901283 
0.454099 0.4597 0.740889 
0.313511 0.335044 0.644164 
0.185237 0.271487 0.63172 
0.0940261 0.29327 0.71985 
0.0873258 0.42643 0.909209 
0.200313 0.6692 1.16508 
0.422492 0.970847 1.41057 
0.692581 1.24101 1.54804 
0.926567 1.389 1.50347 
1.0594 1.36942 1.26882 
1.07246 1.2047 0.915152 
0.991279 0.97035 0.565393 
0.860239 0.753413 0.340295 
0.714911 0.610405 0.306641 
0.57037 0.548585 0.454103 
0.428392 0.536856 0.709434 
0.292099 0.534042 0.97609 
0.173553 0.514493 1.17626 
0.0885767 0.477028 1.2752 
0.0449811 0.436561 1.28044 
0.0356594 0.408324 1.22269 
0.0432486 0.396547 1.13233 
0.05312 0.393576 1.02478 
0.0644969 0.387255 0.899939 
0.0906888 0.369584 0.75232 
0.147467 0.340473 0.583101 
0.237396 0.305073 0.405895 
0.341275 0.268024 0.243269 
0.423539 0.229721 0.117222 
0.449483 0.187503 0.0401125 
0.404293 0.14044 0.0110992 
0.302259 0.0932857 0.0188813 
0.180266 0.055697 0.047722 
0.0792609 0.0367434 0.0831455 
0.0248088 0.038938 0.11576 
0.0181712 0.0570211 0.143697 
0.0423015 0.0831425 0.173927 
0.077313 0.114522 0.220763 
0.114154 0.156764 0.299237 
0.157433 0.218819 0.413879 
0.216937 0.302518 0.548498 
0.295971 0.395298 0.665394 
0.386715 0.473925 0.71901 
0.476759 0.519333 0.679989 
0.561453 0.533363 0.556741 
0.651129 0.544531 0.39997 
0.765311 0.595683 0.28385 
0.915706 0.718272 0.271332 
1.08915 0.908081 0.381597 
1.24363 1.11819 0.577769 
1.32308 1.2758 0.782328 
1.28496 1.31557 0.912626 
1.12551 1.21232 0.918479 
0.887879 0.995809 0.803439 
0.647061 0.739468 0.620439 
0.478178 0.52857 0.445295 
0.423562 0.423234 0.341571 
0.475171 0.433976 0.333356 
0.581322 0.521163 0.39799 
0.674557 0.618156 0.481337 
0.706698 0.66643 0.527614 
0.672908 0.644847 0.508738 
0.611688 0.57787 0.438028 
0.580062 0.518187 0.360803 
0.617097 0.513149 0.326833 
0.716497 0.574092 0.36016 
0.825199 0.666828 0.443958 
0.87058 0.729681 0.529614 
0.801632 0.708864 0.564635 
0.619956 0.58996 0.522319 
0.381359 0.406242 0.415261 
0.166329 0.219127 0.285551 
0.0369773 0.0837941 0.179751 
0.00668873 0.0222024 0.125915 
0.0404676 0.0198938 0.126866 
0.0839973 0.0462122 0.171101 
0.100984 0.0815631 0.249856 
0.0939614 0.131442 0.365375 
0.0961662 0.217661 0.52366 
0.14237 0.354444 0.7182 
0.2404 0.528159 0.919099 
0.363049 0.696437 1.07847 
0.464548 0.808045 1.15078 
0.508435 0.829938 1.1155 
0.487121 0.763485 0.987202 
0.421333 0.640376 0.807279 
0.342971 0.503179 0.623534 
0.275745 0.38488 0.471265 
0.226841 0.299764 0.365985 
0.192199 0.247592 0.308117 
0.167239 0.223143 0.291631 
0.152432 0.22147 0.308076 
0.149917 0.235826 0.344277 
0.156435 0.253433 0.379434 
0.161168 0.256717 0.388863 
0.152079 0.232234 0.355654 
0.125935 0.181413 0.283311 
0.0930871 0.123794 0.199159 
0.0719621 0.0880378 0.14327 
0.0767551 0.0952402 0.147561 
0.107647 0.145477 0.217278 
0.151064 0.216891 0.32641 
0.189566 0.278068 0.430148 
0.213506 0.305424 0.487014 
0.225591 0.294414 0.477837 
0.235468 0.2583 0.41155 
0.249374 0.216931 0.316336 
0.263489 0.184124 0.22314 
0.266476 0.16203 0.151763 
0.249602 0.145168 0.106646 
0.217327 0.130173 0.0826665 
0.190898 0.123991 0.0754145 
0.201952 0.144717 0.0885611 
0.278802 0.213938 0.133542 
0.431743 0.344298 0.221855 
0.643947 0.528644 0.354784 
0.872261 0.736698 0.51694 
1.05867 0.922012 0.678008 
1.14932 1.03732 0.802591 
1.11432 1.05209 0.863525 
0.9602 0.964418 0.852084 
0.728291 0.801295 0.780159 
0.478729 0.607075 0.673916 
0.266875 0.425887 0.562973 
0.123845 0.287032 0.470958 
0.0509702 0.200254 0.411544 
0.0300714 0.161597 0.389994 
0.0419166 0.164083 0.406795 
0.0805067 0.205088 0.459451 
0.154107 0.285449 0.54096 
0.273186 0.401769 0.636957 
0.434334 0.538525 0.725204 
0.611851 0.666881 0.779868 
0.763436 0.752574 0.779702 
0.847179 0.769097 0.716317 
0.839997 0.708877 0.598153 
0.747259 0.586356 0.447919 
0.599081 0.431676 0.29466 
0.436537 0.278788 0.164189 
0.295798 0.154105 0.0719442 
0.197727 0.0704905 0.0207206 
0.146063 0.0278046 0.00317582 
0.132404 0.0179017 0.00711888 
0.143648 0.0306011 0.0209658 
0.168079 0.057927 0.0373635 
0.19856 0.0957023 0.0542038 
0.233251 0.143098 0.0734174 
0.274924 0.201262 0.0986332 
0.329445 0.271837 0.132902 
0.403343 0.355628 0.177317 
0.500467 0.451346 0.230733 
0.61838 0.55448 0.290245 
0.745947 0.656613 0.351812 
0.863609 0.745708 0.410609 
0.947081 0.80777 0.461147 
0.973765 0.829895 0.49761 
0.929961 0.804087 0.514903 
0.816312 0.730693 0.510421 
0.649405 0.620108 0.485881 
0.458628 0.49167 0.448117 
0.27903 0.369572 0.407883 
0.142339 0.276704 0.376634 
0.0689516 0.228373 0.362355 
0.0634336 0.228088 0.366253 
0.114828 0.267008 0.381996 
0.201382 0.327278 0.398045 
0.2978 0.387947 0.402184 
0.382413 0.431238 0.386228 
0.441954 0.446934 0.348835 
0.472819 0.433657 0.295308 
0.479124 0.397182 0.234797 
0.46891 0.347038 0.176459 
0.450228 0.292979 0.126473 
0.428403 0.242527 0.0870665 
0.405041 0.199959 0.0575242 
0.378634 0.166465 0.0361245 
0.346197 0.140915 0.0216654 
0.305244 0.120777 0.0137475 
0.25549 0.103034 0.0119152 
0.199819 0.0850983 0.0145302 
0.144222 0.0656991 0.0184155 
0.0966924 0.045578 0.0197996 
0.0654028 0.0277168 0.0162371 
0.0567309 0.0169016 0.00850361 
0.0737832 0.018653 0.00136765 
0.115878 0.0378273 0.00267581 
0.179061 0.077345 0.0210418 
0.257349 0.13746 0.0631074 
0.344147 0.215742 0.131492 
0.43335 0.307659 0.224125 
0.519808 0.407404 0.334964 
0.599142 0.5086 0.455514 
0.667131 0.604623 0.576381 
0.719001 0.688548 0.688304 
0.749034 0.752969 0.782561 
0.750865 0.790099 0.85103 
0.718698 0.792556 0.886456 
0.649416 0.755018 0.883336 
0.545075 0.676483 0.839527 
0.414865 0.562375 0.758108 
0.27538 0.425355 0.648506 
0.148392 0.283862 0.525788 
