0.631639 0.915371 0.960932 
0.953993 1.28725 1.37599 
1.31513 1.64125 1.74386 
1.66679 1.94922 2.03631 
1.97592 2.22334 2.29448 
2.19266 2.45584 2.55526 
2.2259 2.56076 2.75914 
1.97716 2.39451 2.73966 
1.4317 1.8698 2.33566 
0.739803 1.0861 1.55953 
0.200425 0.357107 0.682526 
0.114528 0.0682205 0.130134 
0.580817 0.426405 0.217528 
1.3832 1.27848 0.90583 
2.08451 2.16117 1.7852 
2.29196 2.58187 2.33159 
1.90993 2.33437 2.25424 
1.18819 1.6098 1.66308 
0.533507 0.827484 0.936404 
0.240299 0.337882 0.424155 
0.340998 0.231397 0.237612 
0.654001 0.36381 0.260915 
0.949082 0.52263 0.312965 
1.09368 0.580477 0.293934 
1.09846 0.542381 0.219331 
1.06334 0.494407 0.162922 
1.07585 0.513606 0.18126 
1.13073 0.600627 0.270877 
1.12976 0.676339 0.372922 
0.969597 0.647154 0.417411 
0.650613 0.49233 0.379632 
0.307621 0.298464 0.30658 
0.123434 0.202655 0.285811 
0.191526 0.285169 0.374545 
0.442256 0.500092 0.544358 
0.691184 0.701456 0.68883 
0.766784 0.744631 0.694229 
0.620687 0.588133 0.526181 
0.349606 0.326606 0.271558 
0.125834 0.135535 0.101328 
0.0880928 0.163591 0.170525 
0.259301 0.438336 0.515563 
0.535271 0.841693 1.01596 
0.746627 1.17023 1.44904 
0.758244 1.24689 1.60796 
0.552261 1.02252 1.41537 
0.2467 0.609135 0.967194 
0.0314643 0.221369 0.480254 
0.0528227 0.0560314 0.173864 
0.321978 0.186036 0.159926 
0.717991 0.541799 0.41284 
1.08288 0.985822 0.827965 
1.32467 1.40707 1.30358 
1.44214 1.75405 1.77155 
1.47296 2.00203 2.17071 
1.44427 2.12153 2.42395 
1.37718 2.09359 2.46396 
1.30729 1.93819 2.27731 
1.26098 1.69859 1.90813 
1.20609 1.39471 1.42124 
1.05966 1.01817 0.882799 
0.775725 0.592365 0.385283 
0.42128 0.220657 0.061644 
0.140036 0.0385868 0.027548 
0.0329958 0.102718 0.286302 
0.0901656 0.341212 0.704743 
0.245908 0.629465 1.10723 
0.475855 0.905766 1.40116 
0.80595 1.19459 1.60792 
1.22574 1.52097 1.78155 
1.62945 1.83245 1.92257 
1.87902 2.03079 1.98585 
1.93096 2.07704 1.95939 
1.8851 2.04529 1.9087 
1.89798 2.06174 1.92935 
2.04947 2.19379 2.05917 
2.28858 2.39712 2.23986 
2.48765 2.55542 2.35786 
2.52957 2.55773 2.31833 
2.35244 2.34848 2.094 
1.95168 1.93901 1.7314 
1.38254 1.40511 1.32946 
0.771523 0.876359 1.00243 
0.295491 0.497286 0.830972 
0.102612 0.357688 0.818197 
0.219546 0.435986 0.884616 
0.528116 0.611171 0.919652 
0.844759 0.746184 0.858408 
1.04161 0.777106 0.720373 
1.10865 0.733672 0.575237 
1.11517 0.682651 0.470748 
1.12355 0.658917 0.397353 
1.14134 0.651818 0.32598 
1.14234 0.646502 0.273869 
1.11375 0.659805 0.317087 
1.07288 0.724761 0.522938 
1.04537 0.84469 0.866002 
1.04008 0.975038 1.21802 
1.04727 1.05669 1.43105 
1.05176 1.06419 1.44033 
1.04006 1.01879 1.29665 
0.999458 0.959745 1.11099 
0.921484 0.911358 0.974198 
0.812879 0.87952 0.922475 
0.703598 0.87523 0.961976 
0.646392 0.9385 1.11166 
0.71334 1.14107 1.41814 
0.987422 1.56059 1.9272 
1.5305 2.22822 2.62799 
2.31826 3.06547 3.4022 
3.17702 3.85033 4.01664 
3.79325 4.26345 4.18902 
3.84205 4.03151 3.72376 
3.19024 3.11115 2.6613 
2.04039 1.79258 1.34338 
0.878916 0.61375 0.31245 
0.212962 0.0879689 0.0536309 
0.257756 0.401022 0.71384 
0.813779 1.29849 1.99248 
1.44366 2.266 3.30713 
1.80126 2.86794 4.13104 
1.82423 2.96966 4.25234 
1.64446 2.68526 3.77799 
1.36654 2.16913 2.94541 
0.987384 1.50652 1.96548 
0.528248 0.796454 1.02383 
0.16376 0.252183 0.337974 
0.121753 0.10839 0.0957985 
0.426109 0.384207 0.285413 
0.79515 0.785153 0.628994 
0.868597 0.919028 0.76935 
0.557844 0.647691 0.572151 
0.147013 0.214807 0.240381 
0.0264923 0.00875078 0.11029 
0.328981 0.199056 0.327785 
0.825294 0.601604 0.721466 
1.15066 0.873558 0.97414 
1.11159 0.815902 0.900633 
0.796374 0.503555 0.573772 
0.445524 0.174431 0.225963 
0.248036 0.0258854 0.0576186 
0.234639 0.0932376 0.115577 
0.3102 0.266861 0.298155 
0.361518 0.39635 0.445011 
0.352054 0.399895 0.445335 
0.338749 0.311674 0.307177 
0.398094 0.235793 0.144507 
0.524513 0.241078 0.0827019 
0.607927 0.293528 0.156121 
0.533856 0.301169 0.294476 
0.312413 0.228753 0.411283 
0.0882078 0.150584 0.494471 
0.00396649 0.17179 0.596359 
0.0626409 0.304851 0.74295 
0.142131 0.446938 0.879771 
0.138814 0.483263 0.918788 
0.0681798 0.392254 0.821355 
0.0176982 0.239951 0.619144 
0.0358348 0.0994783 0.372511 
0.104733 0.0132493 0.145816 
0.211433 0.0288752 0.02878 
0.394716 0.219206 0.135911 
0.686921 0.617602 0.527921 
1.02502 1.13222 1.11631 
1.25828 1.5598 1.67137 
1.263 1.71544 1.95874 
1.04397 1.55915 1.88831 
0.719706 1.20122 1.54337 
0.420036 0.798037 1.0845 
0.206079 0.451927 0.640644 
0.0745014 0.196726 0.282184 
0.0088625 0.0436073 0.0587685 
0.0082976 0.00912266 0.0173665 
0.0731337 0.0933336 0.163239 
0.181714 0.248296 0.41599 
0.292297 0.388654 0.632118 
0.366127 0.443347 0.693314 
0.385891 0.399423 0.583504 
0.35657 0.298754 0.384875 
0.297227 0.197651 0.202702 
0.236416 0.131403 0.0923359 
0.213249 0.112073 0.0477247 
0.275816 0.149938 0.0444399 
0.46558 0.265293 0.0819099 
0.783343 0.46803 0.179875 
1.15425 0.718903 0.335496 
1.43209 0.917605 0.491223 
1.47039 0.951855 0.558769 
1.22673 0.784009 0.490461 
0.812071 0.49882 0.333487 
0.425151 0.25465 0.206255 
0.215494 0.168388 0.206689 
0.191814 0.233463 0.331775 
0.249656 0.341507 0.480615 
0.277101 0.379561 0.535461 
0.235201 0.312143 0.449002 
0.15737 0.189509 0.273614 
0.0995564 0.0996187 0.12633 
0.101737 0.115879 0.124738 
0.179524 0.267056 0.327302 
0.322797 0.52345 0.695992 
0.487577 0.797163 1.09828 
0.601386 0.972695 1.36415 
0.602144 0.971035 1.38254 
0.488257 0.807462 1.17539 
0.328957 0.587203 0.883821 
0.215864 0.43179 0.667958 
0.199395 0.399064 0.603438 
0.27043 0.467848 0.66092 
0.394523 0.587658 0.7684 
0.548014 0.726528 0.875694 
0.714713 0.867097 0.959066 
0.861038 0.97573 0.99044 
0.93544 1.00174 0.934969 
0.901374 0.916261 0.787843 
0.766913 0.743133 0.597183 
0.578855 0.543574 0.433734 
0.39092 0.37222 0.33612 
0.237811 0.249347 0.289219 
0.130618 0.16683 0.251491 
0.0651929 0.109153 0.195937 
0.0307462 0.0669116 0.127567 
0.0149434 0.0391018 0.0742333 
0.00804656 0.0318892 0.0695104 
0.00759256 0.0572658 0.139431 
0.020104 0.127021 0.290232 
0.0536623 0.237965 0.493464 
0.102868 0.35655 0.6789 
0.142163 0.423695 0.75598 
0.142746 0.391229 0.668325 
0.101773 0.266224 0.445898 
0.0499038 0.116362 0.200003 
0.0223228 0.0196738 0.0482942 
0.0235298 0.00311705 0.0302914 
0.0280071 0.0322648 0.092766 
0.0164223 0.0593126 0.154917 
0.00344365 0.072812 0.181289 
0.0245629 0.0973087 0.191752 
0.0986111 0.153414 0.215175 
0.207741 0.229471 0.249723 
0.313661 0.293583 0.26975 
0.391826 0.327703 0.260483 
0.452056 0.347853 0.238936 
0.528281 0.393368 0.243768 
0.645156 0.495398 0.307715 
0.788945 0.649491 0.435029 
0.909481 0.813587 0.597761 
0.954017 0.933354 0.751271 
0.903384 0.974281 0.857226 
0.779108 0.93531 0.898281 
0.620733 0.83826 0.877399 
