1.69675 1.10816 0.693788 
2.25959 1.60292 1.07693 
2.60027 1.9587 1.39703 
2.63074 2.07168 1.54455 
2.35619 1.91934 1.47749 
1.86716 1.55994 1.2295 
1.29988 1.10241 0.890167 
0.783419 0.662408 0.569383 
0.397758 0.325377 0.362206 
0.160255 0.131568 0.327644 
0.0430577 0.0850431 0.485662 
0.00834555 0.176439 0.827703 
0.0405323 0.403553 1.33118 
0.158297 0.777495 1.96937 
0.401874 1.31206 2.71317 
0.804834 2.00393 3.52642 
1.36697 2.81586 4.35948 
2.04237 3.67214 5.14533 
2.74718 4.46867 5.80106 
3.38132 5.09321 6.23586 
3.85333 5.44874 6.36599 
4.09947 5.47399 6.13581 
4.09366 5.1578 5.54055 
3.84928 4.54478 4.64195 
3.41496 3.72954 3.56633 
2.86475 2.8378 2.47849 
2.28287 1.99648 1.53625 
1.74535 1.30186 0.842577 
1.30404 0.79834 0.417619 
0.979386 0.477689 0.205751 
0.764352 0.298294 0.114469 
0.635926 0.212948 0.0641676 
0.566721 0.189157 0.0215553 
0.531191 0.212222 0.000238658 
0.506935 0.274105 0.0330213 
0.476322 0.360968 0.137584 
0.432609 0.451759 0.298962 
0.388611 0.529816 0.478117 
0.380383 0.597623 0.636861 
0.458867 0.681018 0.759147 
0.669593 0.816397 0.853793 
1.02881 1.02676 0.938657 
1.5074 1.3006 1.01946 
2.02976 1.58591 1.07877 
2.48769 1.80305 1.0826 
2.76496 1.87116 1.00054 
2.76807 1.73899 0.829163 
2.45905 1.4111 0.607677 
1.8823 0.961075 0.418989 
1.17137 0.523002 0.372414 
0.521073 0.255512 0.568815 
0.122936 0.283004 1.05558 
0.0848203 0.634358 1.78788 
0.374335 1.21057 2.6179 
0.823182 1.80722 3.32745 
1.20095 2.19248 3.70053 
1.32629 2.20934 3.60865 
1.15717 1.85102 3.06925 
0.80931 1.26826 2.24556 
0.49184 0.701831 1.38452 
0.396168 0.374009 0.720865 
0.599825 0.394158 0.392262 
1.03494 0.723209 0.402914 
1.53135 1.20767 0.645847 
1.90302 1.65762 0.964887 
2.0285 1.92541 1.22173 
1.8879 1.95007 1.33829 
1.54934 1.75655 1.30317 
1.12404 1.42307 1.15117 
0.719124 1.04062 0.93429 
0.407735 0.683314 0.700188 
0.220697 0.396357 0.483439 
0.152006 0.196797 0.305671 
0.169192 0.0796575 0.177617 
0.224607 0.0250166 0.0998158 
0.268555 0.00629604 0.0639377 
0.26496 0.000972754 0.0582399 
0.205765 0.00165565 0.076906 
0.116302 0.0214351 0.12731 
0.0452669 0.0873848 0.227418 
0.0405472 0.222052 0.390849 
0.121754 0.421665 0.606905 
0.265115 0.645085 0.829844 
0.411679 0.823946 0.989018 
0.496882 0.8923 1.01913 
0.485753 0.820671 0.895252 
0.392771 0.634117 0.651264 
0.273285 0.401693 0.368148 
0.19067 0.201875 0.136826 
0.179234 0.0838332 0.0161693 
0.226388 0.0475678 0.0100693 
0.285683 0.0539804 0.0753368 
0.31225 0.0568625 0.152958 
0.29726 0.0352466 0.201924 
0.27838 0.00558324 0.215771 
0.318781 0.00755053 0.215302 
0.467565 0.0747491 0.226661 
0.72621 0.21032 0.261377 
1.04132 0.382545 0.310505 
1.32725 0.541366 0.353511 
1.50449 0.643759 0.372959 
1.53221 0.67233 0.36449 
1.41932 0.63824 0.337377 
1.21248 0.570473 0.308326 
0.971806 0.500755 0.294776 
0.748248 0.453325 0.312206 
0.572095 0.443198 0.375831 
0.453481 0.480752 0.504308 
0.390311 0.577824 0.722727 
0.377685 0.751068 1.06265 
0.414351 1.01976 1.55654 
0.503381 1.39649 2.22358 
0.64597 1.87141 3.0467 
0.830335 2.39528 3.94821 
1.02221 2.87238 4.77963 
1.16628 3.17528 5.34328 
1.20451 3.18607 5.45094 
1.10683 2.85167 5.0032 
0.897773 2.22637 4.05287 
0.658462 1.47208 2.81324 
0.494623 0.804994 1.59471 
0.482209 0.407235 0.690437 
0.620852 0.346552 0.263134 
0.826162 0.548282 0.289426 
0.971298 0.837553 0.589441 
0.95753 1.03038 0.924431 
0.77295 1.02407 1.10957 
0.503022 0.838228 1.08456 
0.284907 0.587686 0.912139 
0.231695 0.407927 0.716564 
0.370681 0.378853 0.604063 
0.630427 0.488804 0.61035 
0.881364 0.653219 0.697496 
1.0039 0.769935 0.791429 
0.945103 0.775547 0.831022 
0.735845 0.672531 0.79959 
0.465434 0.518018 0.725671 
0.233412 0.387189 0.659399 
0.10611 0.334673 0.6421 
0.0971648 0.372983 0.685737 
0.174918 0.474027 0.769559 
0.28626 0.587362 0.851369 
0.382193 0.663435 0.885552 
0.43447 0.671819 0.840328 
0.44002 0.609736 0.709659 
0.415497 0.500729 0.517649 
0.386464 0.385596 0.314277 
0.375553 0.308344 0.162 
0.393217 0.300671 0.115233 
0.433995 0.369636 0.198577 
0.479893 0.493432 0.392773 
0.509801 0.628146 0.636435 
0.510715 0.72391 0.845643 
0.484841 0.744138 0.944916 
0.44842 0.679544 0.896608 
0.422713 0.5509 0.715634 
0.42245 0.399999 0.462999 
0.448667 0.273619 0.221375 
0.489805 0.20752 0.0636453 
0.529294 0.215899 0.0272459 
0.553653 0.288286 0.103399 
0.555706 0.393267 0.243723 
0.532226 0.487717 0.380572 
0.48037 0.530204 0.453431 
0.39813 0.495974 0.432014 
0.289815 0.388365 0.327264 
0.171734 0.240178 0.184957 
0.0711392 0.101374 0.0633793 
0.0157768 0.0167348 0.00470741 
0.0192628 0.00462676 0.0147845 
0.072531 0.0497005 0.0634082 
0.148796 0.115205 0.106282 
0.220002 0.168012 0.116055 
0.273566 0.200043 0.1025 
0.317023 0.231185 0.107344 
0.366832 0.291247 0.175532 
0.42996 0.393697 0.3213 
0.493165 0.520565 0.512357 
0.529482 0.630224 0.684006 
0.517867 0.682964 0.774681 
0.460821 0.665853 0.759389 
0.385415 0.598786 0.659305 
0.325655 0.51792 0.522954 
0.299031 0.449835 0.394364 
0.295255 0.396365 0.291358 
0.286115 0.340904 0.207375 
0.248878 0.269543 0.131298 
0.184959 0.188805 0.0666431 
0.119382 0.125136 0.0341971 
0.0818694 0.106709 0.0572159 
0.0848196 0.142551 0.142819 
0.115401 0.215786 0.275245 
0.147106 0.295811 0.425557 
0.160472 0.358866 0.568359 
0.156048 0.400447 0.691289 
0.150103 0.430875 0.790804 
0.158329 0.45979 0.860678 
0.182377 0.484089 0.885965 
0.210863 0.489879 0.849758 
0.233729 0.466468 0.748041 
0.257453 0.42005 0.59995 
0.307793 0.375124 0.443711 
0.416696 0.361711 0.319525 
0.602174 0.397554 0.250579 
0.854939 0.477893 0.234432 
1.14018 0.579217 0.249208 
1.41219 0.67328 0.269081 
1.63154 0.741354 0.278608 
1.77475 0.779908 0.277998 
1.83277 0.795505 0.278011 
1.8024 0.793733 0.288978 
1.67929 0.770167 0.310779 
1.45917 0.710094 0.329584 
1.1488 0.598966 0.324243 
0.781001 0.439443 0.280738 
0.42322 0.265655 0.208118 
0.169825 0.143855 0.145936 
0.114662 0.153311 0.154886 
0.311918 0.351679 0.290515 
0.743057 0.740192 0.57105 
1.30914 1.24834 0.957246 
1.85773 1.75038 1.35838 
2.2359 2.10969 1.66482 
2.3458 2.23065 1.79175 
2.17659 2.09276 1.7117 
1.79897 1.75113 1.45983 
1.32821 1.30626 1.11207 
0.877076 0.861585 0.750843 
0.521691 0.491033 0.437742 
0.2921 0.228802 0.204392 
0.183589 0.0788316 0.0597186 
0.174873 0.0308508 0.00228438 
0.240255 0.0702171 0.0264809 
0.351714 0.177332 0.119362 
0.476196 0.322247 0.254078 
0.576598 0.464043 0.389452 
0.62074 0.560518 0.48091 
0.594878 0.585022 0.499041 
0.512869 0.540287 0.444848 
0.412885 0.458888 0.350707 
0.340462 0.387194 0.263825 
0.325503 0.360177 0.220139 
0.365999 0.381469 0.224009 
0.428934 0.421542 0.247071 
0.46952 0.436691 0.248523 
0.458657 0.398425 0.20524 
0.402435 0.315162 0.132482 
0.340974 0.231542 0.0803564 
0.325758 0.203904 0.105807 
0.387931 0.265593 0.235808 
0.516276 0.403062 0.444331 
