0.368309 0.525148 0.654577 
0.249384 0.26594 0.259817 
0.397147 0.339885 0.227009 
0.928549 0.838336 0.613431 
1.88848 1.74128 1.3445 
3.18893 2.92344 2.27972 
4.49383 4.08553 3.18528 
5.23491 4.74914 3.70407 
4.91639 4.4874 3.50226 
3.55576 3.30576 2.57304 
1.83821 1.80315 1.39589 
0.714671 0.83342 0.676226 
0.695716 0.861858 0.797452 
1.45901 1.58903 1.48544 
2.15544 2.22838 2.05049 
2.14748 2.2021 2.0083 
1.50066 1.60142 1.48204 
0.806371 0.998268 1.00561 
0.570446 0.845718 0.961778 
0.781408 1.08012 1.23756 
1.02424 1.2737 1.40852 
0.942637 1.10962 1.20297 
0.562411 0.676319 0.75504 
0.205117 0.333185 0.436861 
0.147424 0.34724 0.499754 
0.380457 0.673957 0.888271 
0.661852 1.04742 1.35168 
0.757097 1.23407 1.67954 
0.624998 1.19542 1.82448 
0.401051 1.04498 1.84237 
0.237614 0.892068 1.76554 
0.175192 0.745937 1.55887 
0.155156 0.558537 1.19326 
0.122855 0.32723 0.735474 
0.0860788 0.123399 0.335037 
0.0740533 0.0167718 0.10924 
0.0785197 0.0024337 0.0567259 
0.0705763 0.0308924 0.103427 
0.0606267 0.0916555 0.214951 
0.0914374 0.213983 0.411884 
0.155521 0.367855 0.655416 
0.169405 0.42294 0.779092 
0.0870999 0.282487 0.624739 
0.0232147 0.0589032 0.265871 
0.183201 0.0342487 0.0210984 
0.620182 0.375693 0.164673 
1.09645 0.906856 0.624534 
1.25795 1.2287 1.02627 
0.970882 1.09578 1.06147 
0.457219 0.645302 0.777665 
0.0796758 0.236393 0.479367 
0.0147202 0.0953378 0.382715 
0.154273 0.154239 0.426073 
0.296765 0.213118 0.413336 
0.380574 0.191919 0.271012 
0.514053 0.188791 0.113379 
0.808493 0.324026 0.0823533 
1.21525 0.578902 0.185003 
1.53063 0.800711 0.30597 
1.55405 0.843736 0.342341 
1.25207 0.692316 0.292954 
0.787861 0.460243 0.228405 
0.393964 0.287983 0.210294 
0.199588 0.237433 0.251925 
0.161821 0.26649 0.333088 
0.152062 0.288914 0.423136 
0.102909 0.258243 0.487746 
0.0723189 0.207274 0.499174 
0.17664 0.22139 0.464984 
0.472943 0.375366 0.446355 
0.902278 0.68015 0.526253 
1.33049 1.07121 0.740289 
1.63757 1.44431 1.03752 
1.78401 1.71724 1.3177 
1.81734 1.87605 1.51102 
1.83046 1.97359 1.62263 
1.91022 2.08649 1.7083 
2.10384 2.26497 1.81734 
2.39735 2.49849 1.95141 
2.6924 2.69907 2.05241 
2.80908 2.71694 2.01876 
2.56935 2.4184 1.762 
1.9483 1.80685 1.29091 
1.16298 1.08066 0.749573 
0.564494 0.528851 0.337717 
0.378751 0.318248 0.15862 
0.527889 0.369567 0.145812 
0.71815 0.456197 0.156017 
0.712435 0.426054 0.12709 
0.513567 0.312743 0.118318 
0.293947 0.236915 0.194682 
0.187483 0.240861 0.311792 
0.180501 0.253825 0.351797 
0.182272 0.201409 0.261419 
0.14443 0.0991623 0.114296 
0.0859218 0.0202371 0.0258797 
0.0365553 0.00532888 0.0388281 
0.0054457 0.041226 0.116668 
0.00613245 0.113763 0.223145 
0.0679671 0.232461 0.356838 
0.190518 0.381873 0.498297 
0.303942 0.482635 0.570777 
0.314624 0.447845 0.502398 
0.206123 0.286626 0.325041 
0.0788198 0.123885 0.172822 
0.0700523 0.0943066 0.159868 
0.230688 0.218276 0.270862 
0.480248 0.388915 0.38591 
0.674798 0.473469 0.403344 
0.712625 0.41868 0.322852 
0.588066 0.270246 0.218785 
0.372404 0.118334 0.161776 
0.16092 0.0363835 0.176478 
0.0278574 0.0525374 0.249444 
0.00488003 0.149289 0.345735 
0.0828736 0.280768 0.417865 
0.232556 0.406202 0.430144 
0.430677 0.525675 0.401447 
0.671223 0.686111 0.421059 
0.951642 0.940852 0.597671 
1.24796 1.29051 0.968868 
1.50412 1.65594 1.44775 
1.6473 1.90795 1.8549 
1.61838 1.9314 2.01145 
1.39902 1.68183 1.82859 
1.02609 1.21024 1.3492 
0.594819 0.657141 0.738276 
0.248805 0.222313 0.236802 
0.144578 0.105806 0.0851084 
0.380851 0.41768 0.419367 
0.914238 1.08597 1.17281 
1.52636 1.83382 2.05153 
1.90852 2.28969 2.64709 
1.85048 2.2042 2.66017 
1.40516 1.62941 2.09397 
0.874899 0.899863 1.25748 
0.596507 0.401159 0.555684 
0.692473 0.306214 0.229766 
1.00438 0.498979 0.253696 
1.25877 0.730119 0.439945 
1.29828 0.836291 0.618512 
1.16924 0.825347 0.725948 
1.02133 0.793898 0.77328 
0.952859 0.802513 0.779534 
0.947721 0.830981 0.746061 
0.927654 0.822694 0.670235 
0.841466 0.751468 0.567279 
0.71363 0.656207 0.487464 
0.628434 0.626878 0.516699 
0.666539 0.745455 0.733867 
0.833425 1.00983 1.12964 
1.03342 1.30138 1.55881 
1.12325 1.44457 1.80158 
1.01407 1.32808 1.70932 
0.736819 0.986252 1.31155 
0.412548 0.569364 0.790095 
0.160969 0.238942 0.356639 
0.0366632 0.0899629 0.152777 
0.0409292 0.15428 0.239952 
0.169008 0.441656 0.635875 
0.422455 0.94372 1.31736 
0.774754 1.59213 2.1791 
1.14673 2.23798 3.01878 
1.43913 2.70801 3.60845 
1.59633 2.90446 3.81718 
1.63408 2.85799 3.68214 
1.61057 2.68908 3.36725 
1.58689 2.52776 3.05708 
1.61761 2.46474 2.87929 
1.74623 2.53994 2.88501 
1.96371 2.72297 3.04159 
2.16142 2.88596 3.21481 
2.1663 2.83894 3.19712 
1.87358 2.45831 2.82903 
1.35988 1.81158 2.14004 
0.845624 1.13821 1.36152 
0.527174 0.679129 0.769903 
0.442016 0.512832 0.50011 
0.488632 0.548525 0.502453 
0.551067 0.65217 0.652409 
0.586595 0.75299 0.86475 
0.613395 0.83872 1.09706 
0.657179 0.89552 1.28784 
0.729307 0.892025 1.34658 
0.832215 0.817358 1.2216 
0.949989 0.702777 0.957035 
1.02782 0.589179 0.663149 
0.987931 0.485582 0.433329 
0.794651 0.3769 0.297854 
0.510097 0.270322 0.24771 
0.272155 0.215161 0.276495 
0.198333 0.261426 0.381403 
0.294963 0.397639 0.530738 
0.45134 0.538504 0.654055 
0.525371 0.584908 0.684061 
0.451016 0.505332 0.61408 
0.282381 0.363862 0.509543 
0.142599 0.267415 0.45495 
0.122107 0.277325 0.481991 
0.209629 0.361168 0.543189 
0.309331 0.423428 0.551999 
0.325109 0.385712 0.452046 
0.241677 0.251898 0.262101 
0.144505 0.116787 0.075542 
0.175271 0.123837 0.0275234 
0.457254 0.398224 0.243285 
1.02145 0.972679 0.767428 
1.75302 1.72585 1.49215 
2.3914 2.38062 2.14626 
2.6259 2.61263 2.406 
2.27611 2.24711 2.09845 
1.45086 1.41725 1.35683 
0.544646 0.538612 0.582176 
0.0299181 0.0780581 0.206926 
0.170499 0.266455 0.424103 
0.858716 0.961302 1.07872 
1.68894 1.74998 1.78641 
2.20476 2.20512 2.17424 
2.14889 2.11406 2.07465 
1.57471 1.55572 1.5711 
0.788521 0.818091 0.908526 
0.182971 0.234085 0.349613 
0.0488259 0.025998 0.0568978 
0.440628 0.21796 0.0425413 
1.15367 0.643942 0.192695 
1.83612 1.04934 0.349844 
2.18831 1.23909 0.411576 
2.12408 1.18044 0.383131 
1.7776 0.984391 0.341107 
1.36315 0.788001 0.341178 
1.0268 0.654888 0.366451 
0.813385 0.582079 0.372759 
0.722706 0.56681 0.365704 
0.735353 0.617381 0.395278 
0.776946 0.692155 0.465553 
0.723301 0.68398 0.49288 
0.510693 0.52378 0.400244 
0.236892 0.29133 0.240317 
0.0919132 0.164423 0.167492 
0.159201 0.2328 0.265899 
0.323686 0.403618 0.450753 
0.416728 0.531334 0.585235 
0.425019 0.61018 0.66642 
0.494411 0.769804 0.824033 
0.7185 1.06819 1.11712 
0.982449 1.35209 1.39307 
1.06372 1.38031 1.40901 
0.867411 1.07354 1.08483 
0.518123 0.59961 0.59285 
0.222401 0.210369 0.193125 
0.0829468 0.030807 0.015906 
