0.705088 0.716212 0.394893 
1.02513 0.995257 0.574621 
1.05751 1.00882 0.580467 
0.782846 0.755378 0.415452 
0.377343 0.39535 0.201104 
0.0748446 0.125891 0.08163 
0.00508112 0.0456914 0.122197 
0.128267 0.115327 0.286466 
0.292798 0.225854 0.498737 
0.354999 0.304322 0.723874 
0.279772 0.375015 0.995791 
0.171657 0.542962 1.37821 
0.224448 0.918529 1.89393 
0.609807 1.52925 2.47523 
1.35757 2.26938 2.97079 
2.30018 2.92312 3.2108 
3.13111 3.26088 3.09787 
3.55689 3.16 2.66987 
3.45104 2.67397 2.08965 
2.90834 2.00019 1.55882 
2.16817 1.36508 1.20653 
1.47046 0.906427 1.02828 
0.948248 0.632328 0.918367 
0.615206 0.471395 0.76897 
0.423388 0.356682 0.556352 
0.323463 0.270273 0.346669 
0.286005 0.226038 0.225297 
0.294816 0.229049 0.219036 
0.341512 0.260491 0.279327 
0.426327 0.295156 0.33082 
0.548031 0.319893 0.330313 
0.680571 0.329692 0.283965 
0.764131 0.314913 0.222643 
0.736052 0.266091 0.173129 
0.584224 0.194181 0.149863 
0.36992 0.134337 0.156496 
0.187053 0.115332 0.179606 
0.0888543 0.123726 0.184446 
0.0548645 0.113252 0.139339 
0.0388049 0.0684768 0.0661845 
0.0525775 0.0619707 0.065942 
0.188085 0.224854 0.264238 
0.525941 0.622331 0.690934 
1.0023 1.13555 1.1938 
1.38195 1.48502 1.4942 
1.41222 1.42406 1.38276 
1.04814 0.957552 0.906619 
0.527275 0.375003 0.366753 
0.185553 0.0315709 0.0925235 
0.166221 0.0598056 0.179451 
0.315351 0.294506 0.443147 
0.392732 0.504573 0.655032 
0.394931 0.708268 0.840143 
0.639382 1.23235 1.3258 
1.4806 2.41139 2.45334 
2.91058 4.19063 4.19925 
4.43553 6.01661 6.05973 
5.36766 7.1429 7.32073 
5.28499 7.10196 7.49408 
4.27947 5.96661 6.57855 
2.83331 4.23821 4.98785 
1.48379 2.51167 3.26542 
0.554784 1.18952 1.82196 
0.1003 0.39822 0.837684 
0.00886577 0.071216 0.31171 
0.135207 0.0759781 0.161912 
0.372404 0.294991 0.296157 
0.657918 0.642095 0.630093 
0.949978 1.04268 1.06984 
1.21195 1.4185 1.49936 
1.42053 1.7018 1.80369 
1.58387 1.86746 1.9196 
1.73891 1.94439 1.86639 
1.9135 1.9808 1.71834 
2.07985 1.98757 1.53731 
2.14758 1.91595 1.32891 
2.01748 1.70028 1.06563 
1.66299 1.33444 0.75371 
1.17719 0.917377 0.47906 
0.74817 0.629192 0.389794 
0.579696 0.65577 0.629195 
0.810847 1.11186 1.26482 
1.47691 1.99804 2.24734 
2.50996 3.19168 3.40464 
3.74738 4.4581 4.46873 
4.93614 5.4882 5.14508 
5.76783 5.98901 5.232 
5.98477 5.82413 4.75323 
5.52493 5.12606 4.00829 
4.59007 4.26418 3.44989 
3.54414 3.63407 3.41302 
2.6937 3.39841 3.87259 
2.1277 3.39263 4.43742 
1.74733 3.28846 4.61905 
1.42808 2.8743 4.17309 
1.13465 2.20261 3.23829 
0.891116 1.49505 2.18268 
0.690008 0.93569 1.32568 
0.480521 0.563063 0.778224 
0.249542 0.325017 0.480369 
0.07398 0.180478 0.323741 
0.057093 0.122999 0.225561 
0.213994 0.134755 0.138263 
0.440723 0.164133 0.0520173 
0.602557 0.162585 0.00249032 
0.643225 0.124106 0.0421748 
0.608914 0.0752094 0.174373 
0.586074 0.0391762 0.322482 
0.628031 0.0246245 0.386299 
0.723035 0.0370238 0.331641 
0.804173 0.0770715 0.214136 
0.791915 0.128743 0.121248 
0.664083 0.178709 0.114553 
0.512847 0.264986 0.231241 
0.515543 0.480874 0.500539 
0.801464 0.885937 0.90734 
1.31648 1.39808 1.33416 
1.82697 1.80165 1.58633 
2.08426 1.89941 1.52569 
2.00679 1.67176 1.19201 
1.71824 1.28659 0.777659 
1.42939 0.96119 0.476494 
1.29591 0.824163 0.364948 
1.36887 0.894197 0.42044 
1.62638 1.13991 0.611843 
2.00324 1.51087 0.92596 
2.38901 1.90998 1.30371 
2.64264 2.18455 1.59643 
2.6591 2.19926 1.63724 
2.44297 1.9413 1.37804 
2.11145 1.5478 0.951039 
1.81236 1.21533 0.584028 
1.62597 1.06695 0.442259 
1.53058 1.08665 0.530328 
1.44789 1.16101 0.719086 
1.31972 1.17782 0.854466 
1.15524 1.10185 0.857538 
1.01994 0.981849 0.753875 
0.979716 0.896891 0.629391 
1.04141 0.887622 0.55565 
1.13578 0.924127 0.540931 
1.1603 0.933119 0.539127 
1.05142 0.85921 0.500524 
0.828213 0.707022 0.415207 
0.573819 0.532251 0.314229 
0.377948 0.400707 0.24074 
0.295745 0.360217 0.229702 
0.351812 0.443859 0.311727 
0.563597 0.678257 0.516716 
0.936095 1.06263 0.849509 
1.41573 1.52463 1.24967 
1.85053 1.90322 1.58277 
2.02416 2.00563 1.69644 
1.78159 1.72853 1.51945 
1.17391 1.16549 1.13434 
0.498024 0.605305 0.757924 
0.158837 0.387133 0.621993 
0.419054 0.689362 0.823881 
1.215 1.40178 1.25396 
2.18937 2.18841 1.66418 
2.92483 2.70462 1.83556 
3.19754 2.80497 1.71812 
3.06227 2.58876 1.43711 
2.73697 2.27456 1.1759 
2.42125 2.0354 1.04957 
2.20381 1.93044 1.07205 
2.09244 1.94832 1.21136 
2.08006 2.07016 1.44282 
2.15959 2.27305 1.73723 
2.29116 2.49104 2.01625 
2.38759 2.60837 2.15328 
2.35408 2.517 2.04422 
2.14705 2.19016 1.68657 
1.7955 1.7019 1.18988 
1.37241 1.17917 0.708088 
0.954243 0.735524 0.356445 
0.604737 0.438419 0.176618 
0.37862 0.313973 0.155543 
0.315633 0.357471 0.25696 
0.414857 0.52939 0.433046 
0.614275 0.750953 0.622551 
0.806478 0.923503 0.760262 
0.889953 0.971417 0.804011 
0.820964 0.879446 0.758209 
0.629159 0.695205 0.67006 
0.390369 0.495314 0.597666 
0.181711 0.341202 0.572818 
0.0499977 0.254003 0.584173 
0.00579554 0.21887 0.589637 
0.0341252 0.207175 0.546772 
0.106879 0.197309 0.440849 
0.190702 0.182533 0.294761 
0.253923 0.167127 0.1571 
0.276362 0.158757 0.0764053 
0.25821 0.162755 0.0754495 
0.219111 0.178641 0.138462 
0.184013 0.197813 0.218172 
0.164673 0.204536 0.260711 
0.15219 0.183675 0.236679 
0.128043 0.133167 0.160438 
0.0842949 0.0714892 0.0833076 
0.0342949 0.0305357 0.0619434 
0.00316732 0.0354654 0.121664 
0.00585023 0.0858412 0.240314 
0.0323158 0.15399 0.364538 
0.0546324 0.20479 0.447527 
0.0533109 0.225468 0.483443 
0.0442302 0.24548 0.516877 
0.0838089 0.329698 0.620028 
0.242844 0.54258 0.847039 
0.562488 0.901683 1.18976 
1.02293 1.35312 1.56581 
1.54923 1.79282 1.85642 
2.04957 2.1239 1.97686 
2.45348 2.30746 1.92989 
2.72146 2.36678 1.7983 
2.82952 2.3462 1.6807 
2.75914 2.26726 1.62422 
2.51115 2.12203 1.60718 
2.12654 1.90073 1.5751 
1.68157 1.61592 1.48588 
1.2518 1.29733 1.32451 
0.877881 0.971151 1.09171 
0.566278 0.654391 0.79852 
0.31831 0.370141 0.479962 
0.148973 0.157563 0.203891 
0.0735955 0.0555506 0.0483454 
0.0851557 0.0750227 0.0568065 
0.159593 0.193842 0.211558 
0.288724 0.382335 0.450265 
0.496392 0.626895 0.706365 
0.803153 0.917242 0.93211 
1.16578 1.20771 1.08918 
1.46112 1.40323 1.13355 
1.55228 1.40476 1.02853 
1.39292 1.18753 0.784076 
1.07782 0.842508 0.482383 
0.78772 0.53564 0.253594 
0.668489 0.408808 0.208274 
0.740358 0.496108 0.372648 
0.902894 0.714033 0.672264 
1.01946 0.924129 0.973268 
1.00768 1.01632 1.15152 
0.873058 0.957668 1.14696 
0.679261 0.786626 0.977172 
0.494582 0.572412 0.712647 
0.357407 0.373775 0.436383 
0.27362 0.219918 0.212349 
0.230765 0.114169 0.0737216 
0.20969 0.0474877 0.0265508 
0.189405 0.0104394 0.0592016 
