1.20849 0.413417 0.2339 
1.6047 0.551138 0.382536 
1.90252 0.642011 0.502038 
2.03352 0.649809 0.554521 
1.97396 0.56857 0.53221 
1.74819 0.425359 0.462048 
1.41296 0.265593 0.390696 
1.03451 0.130725 0.358956 
0.672795 0.0427826 0.381442 
0.379537 0.00446251 0.443214 
0.204457 0.0115052 0.513245 
0.196271 0.0648882 0.563682 
0.388959 0.171277 0.58186 
0.777039 0.330701 0.569595 
1.29646 0.522275 0.534766 
1.82956 0.702167 0.484741 
2.2397 0.81947 0.42675 
2.42209 0.841532 0.371569 
2.34434 0.771786 0.332766 
2.05509 0.647673 0.318528 
1.65741 0.52064 0.322706 
1.26441 0.433076 0.326186 
0.962393 0.407757 0.312968 
0.797031 0.453379 0.291226 
0.779807 0.575291 0.300506 
0.899292 0.776647 0.392628 
1.12476 1.04606 0.593984 
1.40367 1.34433 0.876072 
1.66608 1.6094 1.16192 
1.84604 1.78722 1.37346 
1.91396 1.87286 1.49302 
1.89831 1.93081 1.59443 
1.87522 2.07051 1.81354 
1.92407 2.38196 2.26628 
2.07291 2.86718 2.96149 
2.26928 3.41288 3.76479 
2.39933 3.82815 4.44206 
2.34733 3.93089 4.76207 
2.06093 3.63531 4.60154 
1.58317 2.99201 3.99534 
1.03365 2.16127 3.10962 
0.552907 1.33978 2.16082 
0.243682 0.683965 1.3299 
0.139516 0.267486 0.71376 
0.209994 0.0838305 0.326007 
0.390366 0.0786421 0.129515 
0.615144 0.187076 0.0731341 
0.841826 0.359772 0.114955 
1.06197 0.575038 0.231173 
1.30169 0.841253 0.417575 
1.61069 1.18997 0.686562 
2.0367 1.65563 1.05547 
2.58782 2.24203 1.52315 
3.19919 2.88911 2.04307 
3.72896 3.46403 2.51268 
4.00068 3.79533 2.79628 
3.88267 3.74459 2.77986 
3.36654 3.28192 2.43164 
2.59666 2.52038 1.83176 
1.82405 1.68203 1.14837 
1.30085 1.00752 0.568977 
1.16886 0.655643 0.22422 
1.40208 0.64604 0.144757 
1.83231 0.871812 0.269944 
2.23852 1.16664 0.493813 
2.44627 1.3826 0.714792 
2.38513 1.43733 0.862237 
2.08515 1.31759 0.897171 
1.63291 1.05662 0.805227 
1.12529 0.712663 0.599755 
0.647118 0.361687 0.334405 
0.270196 0.094558 0.105925 
0.0535293 0.000614895 0.028362 
0.029878 0.133301 0.181825 
0.185756 0.476841 0.564776 
0.457709 0.943019 1.08525 
0.760589 1.41133 1.60433 
1.03743 1.79374 2.00871 
1.29731 2.08227 2.26634 
1.60907 2.34409 2.42787 
2.04719 2.66337 2.57367 
2.6221 3.06683 2.74376 
3.24267 3.48402 2.89954 
3.74026 3.77092 2.94336 
3.94437 3.78407 2.78168 
3.76556 3.45916 2.38873 
3.23762 2.84721 1.82983 
2.49774 2.09003 1.23206 
1.72134 1.35454 0.72425 
1.05191 0.766245 0.383397 
0.561527 0.375469 0.215414 
0.252866 0.164536 0.172599 
0.088035 0.0797898 0.189473 
0.019591 0.0642285 0.213737 
0.00752987 0.0754591 0.219549 
0.021884 0.088725 0.204863 
0.0405189 0.0936878 0.182278 
0.0501039 0.0919942 0.170754 
0.0497645 0.0954853 0.189074 
0.0509591 0.120603 0.248328 
0.0692339 0.177314 0.343115 
0.111307 0.257714 0.446321 
0.166951 0.333412 0.51428 
0.213448 0.367296 0.504718 
0.231627 0.335848 0.401287 
0.223195 0.249588 0.231929 
0.216558 0.157975 0.0689089 
0.254967 0.132931 0.00677506 
0.372266 0.237234 0.125995 
0.570004 0.493071 0.457884 
0.809504 0.866353 0.966327 
1.02399 1.27445 1.55412 
1.14478 1.6136 2.09115 
1.12875 1.79411 2.45349 
0.974887 1.76954 2.55976 
0.724283 1.55049 2.39369 
0.445565 1.19968 2.00693 
0.212124 0.81124 1.50197 
0.078733 0.480656 1.00016 
0.0641204 0.274556 0.604709 
0.144894 0.210523 0.370881 
0.26448 0.255438 0.295031 
0.356794 0.345095 0.327548 
0.377887 0.418621 0.404584 
0.332434 0.452485 0.48357 
0.280373 0.476273 0.5641 
0.31564 0.559255 0.682114 
0.522418 0.771405 0.879538 
0.92789 1.13749 1.1661 
1.4759 1.60928 1.4964 
2.03813 2.07369 1.77834 
2.46126 2.39632 1.91199 
2.62917 2.4802 1.83946 
2.51004 2.30976 1.57838 
2.16515 1.95691 1.21893 
1.71608 1.54603 0.884216 
1.28873 1.19682 0.674316 
0.963805 0.975277 0.623593 
0.757352 0.876719 0.693034 
0.636016 0.845449 0.798892 
0.551796 0.81487 0.858823 
0.472527 0.742901 0.828993 
0.391541 0.624553 0.71426 
0.316672 0.480695 0.551882 
0.252864 0.337011 0.3846 
0.194384 0.210103 0.241744 
0.132144 0.108133 0.137001 
0.06771 0.0399289 0.0773454 
0.0194488 0.019763 0.0701984 
0.0126783 0.0600568 0.120057 
0.0593451 0.156315 0.217279 
0.142788 0.277547 0.330619 
0.22116 0.373522 0.413985 
0.250059 0.398318 0.427306 
0.210412 0.33659 0.359489 
0.122582 0.21494 0.237701 
0.0362314 0.0894151 0.114956 
0.0017771 0.0156669 0.0422294 
0.0416798 0.0198699 0.0417655 
0.139657 0.0878928 0.0976359 
0.253514 0.178013 0.168316 
0.341664 0.247356 0.212085 
0.385436 0.274566 0.208963 
0.393884 0.26566 0.166865 
0.390863 0.242453 0.111029 
0.395836 0.224248 0.0661667 
0.412414 0.216014 0.0434036 
0.431258 0.209641 0.0385409 
0.443004 0.19477 0.0395946 
0.450332 0.169803 0.0364196 
0.470087 0.145194 0.0261445 
0.524069 0.137712 0.0128921 
0.624685 0.160527 0.00435835 
0.764343 0.21565 0.00849591 
0.914504 0.292492 0.0315183 
1.03465 0.372097 0.0764491 
1.08674 0.434012 0.141375 
1.04883 0.462602 0.217971 
0.922733 0.450928 0.291869 
0.732999 0.401602 0.345807 
0.518096 0.324911 0.364803 
0.317548 0.235193 0.341303 
0.160424 0.14704 0.278411 
0.0596704 0.0729387 0.190395 
0.0136674 0.0230641 0.100763 
0.0127771 0.00652655 0.0385016 
0.0465876 0.032324 0.0328192 
0.108158 0.108291 0.106437 
0.193824 0.237309 0.2677 
0.299366 0.411493 0.502768 
0.414734 0.606788 0.770904 
0.520389 0.782056 1.00767 
0.588954 0.887257 1.14057 
0.594962 0.882524 1.11716 
0.531325 0.763031 0.936812 
0.42436 0.57635 0.668828 
0.334642 0.416308 0.438922 
0.334813 0.38617 0.379271 
0.469323 0.543005 0.559816 
0.717479 0.853235 0.937443 
0.987017 1.1916 1.35867 
1.15184 1.39497 1.62546 
1.11943 1.34813 1.59524 
0.889405 1.05292 1.25997 
0.563476 0.636074 0.755969 
0.294839 0.285443 0.294926 
0.203839 0.149569 0.0546131 
0.311116 0.2599 0.0924947 
0.529813 0.521663 0.330474 
0.720671 0.775958 0.613986 
0.773564 0.891724 0.804081 
0.664144 0.831003 0.845823 
0.45403 0.65282 0.777752 
0.241847 0.46255 0.687543 
0.102537 0.345639 0.65008 
0.0541756 0.327373 0.687557 
0.0673738 0.376548 0.769543 
0.102034 0.440385 0.843002 
0.14127 0.481867 0.867015 
0.20014 0.496334 0.831047 
0.308115 0.503045 0.751479 
0.481897 0.524061 0.655381 
0.708343 0.567071 0.564768 
0.946862 0.621398 0.489402 
1.14671 0.665637 0.428264 
1.26701 0.679153 0.375106 
1.28901 0.650353 0.32362 
1.21732 0.57919 0.2704 
1.07323 0.475347 0.215981 
0.885895 0.354626 0.164628 
0.684959 0.235068 0.122987 
0.496011 0.133108 0.0975018 
0.338088 0.0599095 0.0911187 
0.222521 0.0186992 0.100773 
0.15293 0.00434744 0.117393 
0.126475 0.00595519 0.129248 
0.136097 0.0117457 0.127611 
0.172838 0.0140886 0.111956 
0.227102 0.0120394 0.0914975 
0.288443 0.00994452 0.0814958 
0.34465 0.0129663 0.095693 
0.381937 0.0224475 0.138893 
0.387638 0.0343487 0.204092 
0.355195 0.0420957 0.276149 
0.289003 0.0421207 0.340051 
0.205724 0.0382334 0.388877 
0.129917 0.0413214 0.426582 
0.0848994 0.0637151 0.463847 
0.0828703 0.111099 0.509433 
0.119456 0.17681 0.562238 
0.17596 0.242392 0.608913 
