2.41365 1.84851 0.984358 
3.26866 2.50414 1.4 
4.09928 3.14251 1.81582 
4.67505 3.63666 2.17583 
4.80903 3.88852 2.44693 
4.47321 3.89236 2.64549 
3.82063 3.74223 2.83395 
3.10018 3.57403 3.08214 
2.52411 3.47992 3.41175 
2.17271 3.45063 3.75689 
1.98819 3.38555 3.97466 
1.84896 3.16749 3.91601 
1.66531 2.75322 3.52277 
1.43121 2.21544 2.88377 
1.20663 1.70523 2.20163 
1.05929 1.36412 1.68666 
1.01694 1.2496 1.44992 
1.05931 1.3187 1.46261 
1.14088 1.46483 1.59355 
1.21855 1.57284 1.68559 
1.26799 1.56303 1.62495 
1.28806 1.41524 1.38005 
1.29614 1.17183 1.00476 
1.31555 0.916377 0.607155 
1.36037 0.732934 0.293843 
1.42927 0.668507 0.120191 
1.51571 0.726398 0.083287 
1.62462 0.894233 0.165708 
1.7733 1.17413 0.388028 
1.96334 1.57285 0.80633 
2.14062 2.04676 1.43336 
2.18619 2.45389 2.14369 
1.9719 2.58419 2.66779 
1.4632 2.28408 2.72612 
0.793271 1.59521 2.22841 
0.225831 0.78091 1.3761 
0.000388191 0.183709 0.557376 
0.16266 0.00212753 0.0942872 
0.521803 0.164952 0.0404387 
0.786602 0.413244 0.195479 
0.778872 0.520919 0.312737 
0.547704 0.46037 0.305749 
0.29385 0.375791 0.274312 
0.184672 0.411782 0.354646 
0.232099 0.575072 0.563801 
0.331855 0.756139 0.792081 
0.401458 0.866331 0.929247 
0.468832 0.934708 0.974532 
0.629007 1.0649 1.01418 
0.924547 1.30479 1.10243 
1.27448 1.56863 1.1828 
1.51889 1.6909 1.13518 
1.53344 1.55946 0.898594 
1.31241 1.20686 0.546407 
0.961153 0.789093 0.246109 
0.621284 0.484599 0.147984 
0.395166 0.399872 0.299979 
0.316411 0.539621 0.643411 
0.366203 0.836163 1.06767 
0.506623 1.1974 1.46812 
0.702287 1.53966 1.77342 
0.917339 1.79612 1.94547 
1.0959 1.91138 1.97158 
1.15445 1.84217 1.86385 
1.01678 1.58115 1.66851 
0.687304 1.19461 1.47197 
0.304099 0.832303 1.37847 
0.0986739 0.666693 1.44634 
0.255336 0.777277 1.61688 
0.765037 1.06803 1.70992 
1.40133 1.30882 1.53269 
1.85667 1.29463 1.04755 
1.93918 1.00184 0.459944 
1.67742 0.607413 0.12201 
1.26579 0.351893 0.295762 
0.91896 0.36226 0.950609 
0.760719 0.5787 1.75682 
0.812567 0.830312 2.28544 
1.04916 0.980504 2.27013 
1.44451 1.02093 1.75253 
1.96612 1.05072 1.02868 
2.53477 1.1712 0.451012 
3.00169 1.38365 0.22282 
3.1836 1.56948 0.311087 
2.95132 1.5699 0.517422 
2.31903 1.3066 0.64032 
1.46644 0.850842 0.606341 
0.665424 0.386891 0.484599 
0.15178 0.0998559 0.398414 
0.023428 0.0741411 0.423241 
0.223197 0.269582 0.549409 
0.60162 0.573835 0.716607 
1.00595 0.877696 0.87063 
1.3368 1.11943 0.99322 
1.54598 1.27814 1.09044 
1.59648 1.33493 1.15633 
1.44053 1.24707 1.14613 
1.06055 0.976198 0.994466 
0.547773 0.562087 0.68332 
0.12168 0.166834 0.307166 
0.0167308 0.0100434 0.0558911 
0.296162 0.21246 0.096405 
0.766034 0.680365 0.441582 
1.10298 1.15541 0.930121 
1.10372 1.40318 1.3444 
0.830758 1.37444 1.56125 
0.529838 1.20548 1.60943 
0.425964 1.0913 1.61286 
0.603019 1.16983 1.6979 
1.03606 1.49012 1.93085 
1.66128 2.01579 2.28404 
2.36675 2.60697 2.61879 
2.94634 3.02219 2.72195 
3.14723 3.01777 2.42771 
2.83023 2.51457 1.75887 
2.09728 1.68487 0.95266 
1.24353 0.855154 0.31658 
0.565748 0.296777 0.0265485 
0.19742 0.0825001 0.041308 
0.0929387 0.107465 0.187182 
0.129673 0.213751 0.305955 
0.214562 0.295827 0.333292 
0.324495 0.330951 0.283995 
0.485214 0.358469 0.210694 
0.722225 0.442 0.18293 
1.01612 0.626512 0.271104 
1.29754 0.906995 0.514197 
1.49934 1.23508 0.890744 
1.62355 1.55714 1.32068 
1.74046 1.83383 1.68957 
1.89561 2.01275 1.87322 
2.01702 2.0037 1.77275 
1.9445 1.72736 1.38029 
1.57941 1.21756 0.837137 
1.00649 0.65811 0.395483 
0.451278 0.27466 0.257972 
0.108061 0.161251 0.412388 
0.00962011 0.214523 0.629603 
0.0551594 0.248947 0.655718 
0.139241 0.176755 0.431164 
0.234837 0.0723544 0.131694 
0.364212 0.0717837 0.000287232 
0.524438 0.22787 0.139116 
0.664272 0.465987 0.448545 
0.726825 0.660536 0.737334 
0.69673 0.734736 0.87294 
0.60258 0.692634 0.841328 
0.485514 0.582183 0.703146 
0.37221 0.447545 0.523764 
0.26964 0.312206 0.343559 
0.174337 0.18931 0.18983 
0.0868198 0.096287 0.0936127 
0.0246036 0.0584263 0.0855407 
0.0209141 0.0971006 0.17368 
0.0993161 0.207696 0.324088 
0.240487 0.345325 0.465668 
0.378101 0.439897 0.525655 
0.439743 0.4392 0.475348 
0.400409 0.345701 0.348374 
0.298051 0.211434 0.211353 
0.19909 0.0961674 0.111743 
0.152737 0.0321941 0.0529783 
0.176058 0.0270931 0.0184598 
0.26805 0.0872063 0.0110655 
0.418887 0.220714 0.0575094 
0.598309 0.410523 0.169958 
0.745905 0.59345 0.310812 
0.791948 0.683599 0.406774 
0.702426 0.630309 0.404616 
0.509649 0.459837 0.315027 
0.298163 0.260999 0.202419 
0.153901 0.124828 0.131346 
0.113521 0.0860239 0.118193 
0.148607 0.109027 0.127671 
0.194025 0.125477 0.113584 
0.200487 0.093099 0.068596 
0.173553 0.0310709 0.0408595 
0.167172 0.00240218 0.0984324 
0.233165 0.0542436 0.263478 
0.368625 0.166432 0.470756 
0.512057 0.259544 0.596685 
0.597488 0.263856 0.549361 
0.617439 0.18928 0.348494 
0.631124 0.126546 0.120477 
0.705103 0.170669 0.00392228 
0.84143 0.333586 0.0442836 
0.962862 0.52654 0.169013 
0.970129 0.628261 0.260588 
0.819352 0.576936 0.256332 
0.554543 0.40897 0.187778 
0.27666 0.223005 0.137789 
0.0832597 0.111123 0.167712 
0.0224991 0.110968 0.278206 
0.0781176 0.197454 0.419842 
0.179766 0.301151 0.526 
0.235526 0.341737 0.542964 
0.187693 0.276017 0.45752 
0.0718422 0.146664 0.323472 
0.0292597 0.0895936 0.261991 
0.232587 0.263398 0.404356 
0.751882 0.725992 0.792042 
1.46008 1.35162 1.31037 
2.07217 1.87545 1.73121 
2.31251 2.0551 1.85486 
2.09118 1.83007 1.64417 
1.55217 1.35081 1.23843 
0.959837 0.857121 0.837211 
0.522676 0.513464 0.559263 
0.292827 0.334392 0.395471 
0.19751 0.238814 0.276506 
0.142415 0.155945 0.168821 
0.0856953 0.0793136 0.102109 
0.0363933 0.0379856 0.1157 
0.01058 0.0391299 0.194379 
0.00455999 0.0507194 0.264895 
0.0093537 0.0395746 0.256487 
0.044211 0.0235583 0.168995 
0.171589 0.087354 0.0916117 
0.472558 0.343036 0.15852 
0.989255 0.855262 0.46944 
1.66578 1.57419 1.01977 
2.33166 2.32159 1.67979 
2.75803 2.85312 2.24083 
2.77066 2.97399 2.51082 
2.35283 2.64197 2.40708 
1.66409 1.98966 1.99024 
0.955459 1.24985 1.42059 
0.437362 0.635549 0.87097 
0.188041 0.252119 0.453587 
0.151478 0.0853878 0.19682 
0.205699 0.0515643 0.0680989 
0.243494 0.0629041 0.0151859 
0.219626 0.0712945 0.000452462 
0.153989 0.0775939 0.0151457 
0.103819 0.112254 0.0703482 
0.122562 0.200228 0.17085 
0.22316 0.329855 0.290895 
0.365767 0.449073 0.376294 
0.482449 0.499211 0.381257 
0.52599 0.465596 0.31546 
0.504164 0.400481 0.25653 
0.465903 0.387896 0.302543 
0.4483 0.470711 0.491031 
0.43643 0.603911 0.751261 
0.383016 0.685927 0.941223 
0.276749 0.651871 0.952631 
0.190859 0.547988 0.802402 
0.250488 0.51227 0.63014 
0.531403 0.665835 0.595332 
0.97488 1.00297 0.75336 
1.40016 1.37522 1.00971 
