0.0466416 0.0689861 0.123684 
0.0535008 0.0797983 0.0966188 
0.0397756 0.0898147 0.129368 
0.0311033 0.0877169 0.157572 
0.122092 0.141138 0.199945 
0.428574 0.374087 0.378746 
0.982183 0.858473 0.808662 
1.64994 1.50855 1.45415 
2.168 2.08552 2.09571 
2.3008 2.34001 2.45879 
2.01529 2.19216 2.41109 
1.51031 1.78778 2.05392 
1.05263 1.36472 1.61665 
0.76509 1.05136 1.25433 
0.577757 0.800819 0.951994 
0.387387 0.525666 0.627839 
0.240851 0.27676 0.310979 
0.330175 0.258344 0.189392 
0.797527 0.65133 0.467818 
1.55355 1.41868 1.1711 
2.28624 2.27207 2.06635 
2.64126 2.81693 2.75661 
2.42396 2.76393 2.87995 
1.70692 2.09329 2.31729 
0.810577 1.10092 1.30891 
0.15538 0.274159 0.374447 
0.0205474 0.00950063 0.0112991 
0.347764 0.336094 0.344154 
0.778297 0.891148 1.02503 
0.950767 1.22123 1.51706 
0.813555 1.16087 1.53018 
0.644971 0.930449 1.20779 
0.75828 0.873146 0.916007 
1.19958 1.12333 0.892591 
1.73274 1.53313 1.10624 
2.0709 1.86034 1.38285 
2.07636 1.95678 1.57176 
1.77313 1.79281 1.58413 
1.27329 1.40952 1.37761 
0.748538 0.926811 1.00371 
0.399905 0.545205 0.64378 
0.331034 0.416897 0.485782 
0.423986 0.473905 0.515445 
0.433775 0.468442 0.50253 
0.289947 0.273831 0.284666 
0.268301 0.119232 0.0457656 
0.75566 0.416438 0.203248 
1.79562 1.29449 0.950675 
2.91677 2.35117 1.95238 
3.47491 2.93725 2.56892 
3.17686 2.70359 2.40817 
2.26689 1.85861 1.63805 
1.25017 0.924069 0.778429 
0.50213 0.305017 0.248945 
0.1293 0.0953839 0.13166 
0.0820085 0.189147 0.279113 
0.277156 0.452565 0.527131 
0.608012 0.772194 0.773817 
0.933252 1.0331 0.942406 
1.1351 1.14519 0.971376 
1.18323 1.09922 0.860881 
1.11091 0.957112 0.683773 
0.9439 0.777946 0.521368 
0.69373 0.578316 0.398836 
0.416882 0.368454 0.292069 
0.226904 0.193408 0.181867 
0.214894 0.119374 0.0946793 
0.383011 0.20543 0.116936 
0.68625 0.511737 0.388125 
1.10945 1.096 1.03678 
1.63819 1.92528 2.04162 
2.14267 2.76819 3.12195 
2.36332 3.24246 3.82262 
2.09591 3.06521 3.80276 
1.40876 2.29843 3.09629 
0.637276 1.33028 2.08948 
0.132733 0.589172 1.22777 
0.0127781 0.260069 0.727108 
0.14216 0.243696 0.525417 
0.308691 0.328133 0.442257 
0.386384 0.364962 0.346789 
0.364299 0.321711 0.213615 
0.292017 0.246192 0.0979632 
0.228576 0.213918 0.08717 
0.207085 0.269673 0.230705 
0.206036 0.373323 0.467584 
0.1656 0.413612 0.635241 
0.0697036 0.318778 0.600726 
0.0110125 0.16113 0.400779 
0.128659 0.113079 0.222046 
0.450012 0.269991 0.217166 
0.81409 0.53215 0.353177 
0.989517 0.69037 0.460874 
0.876605 0.625708 0.419509 
0.579947 0.404522 0.264046 
0.288865 0.184115 0.116732 
0.115148 0.0604079 0.0544698 
0.0526442 0.0210042 0.0635749 
0.0550369 0.0112532 0.0917083 
0.111242 0.00441863 0.10076 
0.252788 0.0150066 0.0749547 
0.52644 0.0864718 0.0243691 
0.963019 0.27674 0.00173747 
1.52502 0.611119 0.0797139 
2.0537 1.00996 0.268753 
2.31673 1.29307 0.470905 
2.20019 1.33092 0.570707 
1.88703 1.22307 0.595675 
1.77954 1.27517 0.743778 
2.15231 1.72472 1.19325 
2.85739 2.47286 1.87851 
3.42039 3.12866 2.49518 
3.47136 3.34938 2.75283 
3.07366 3.12369 2.60691 
2.60884 2.70569 2.22939 
2.3603 2.30673 1.79025 
2.25489 1.91077 1.3272 
2.01322 1.39737 0.832101 
1.49602 0.779048 0.391477 
0.856666 0.250938 0.165239 
0.377378 0.00992973 0.222253 
0.21352 0.0730052 0.447374 
0.306149 0.28832 0.640173 
0.486063 0.484985 0.685468 
0.61043 0.579522 0.607343 
0.616817 0.565932 0.484088 
0.511564 0.466712 0.359917 
0.347109 0.321357 0.248082 
0.19531 0.191287 0.175331 
0.107299 0.132346 0.178433 
0.0847211 0.151957 0.256898 
0.093531 0.207111 0.356981 
0.104835 0.249971 0.415901 
0.117732 0.268982 0.413985 
0.151398 0.288125 0.379858 
0.234834 0.342876 0.357421 
0.408966 0.465169 0.378159 
0.713739 0.674463 0.454285 
1.13856 0.954959 0.574765 
1.57768 1.23382 0.69839 
1.86933 1.40928 0.769969 
1.93215 1.44216 0.775734 
1.88441 1.43354 0.793527 
1.9868 1.57257 0.95558 
2.3913 1.94318 1.30788 
2.91262 2.35938 1.68828 
3.09855 2.44608 1.79251 
2.61444 1.96541 1.43445 
1.59529 1.09031 0.764115 
0.580373 0.30877 0.183903 
0.0531451 0.00496871 0.00148238 
0.0432022 0.133418 0.166214 
0.192414 0.324844 0.367604 
0.181563 0.293277 0.373504 
0.0422986 0.0982602 0.229667 
0.0604078 0.0202118 0.139239 
0.448724 0.251894 0.222524 
1.158 0.750759 0.440984 
1.9498 1.33043 0.701045 
2.56315 1.80173 0.938406 
2.8086 2.02094 1.08928 
2.60204 1.90029 1.06401 
2.00351 1.46107 0.822205 
1.22575 0.870613 0.457671 
0.542292 0.363986 0.151228 
0.135569 0.0910431 0.0217084 
0.0132917 0.0377181 0.0435663 
0.0544093 0.0869208 0.109959 
0.120408 0.133422 0.145557 
0.136775 0.143123 0.148301 
0.108924 0.139342 0.154844 
0.0859115 0.159872 0.195726 
0.0995813 0.215343 0.271217 
0.124766 0.267441 0.342324 
0.107141 0.254383 0.348558 
0.0407373 0.158269 0.261111 
0.00215373 0.0436709 0.124088 
0.0823803 0.00657447 0.0225514 
0.286966 0.0812526 0.00202074 
0.530142 0.21916 0.0392099 
0.735331 0.367557 0.103038 
0.914499 0.541147 0.218072 
1.12449 0.786172 0.43242 
1.35957 1.08204 0.723806 
1.52073 1.31297 0.97065 
1.50084 1.35446 1.03892 
1.28379 1.17827 0.893093 
0.952476 0.866678 0.616181 
0.616521 0.539235 0.334159 
0.345767 0.278163 0.132593 
0.15851 0.108569 0.0306239 
0.046123 0.0208409 0.00459602 
0.00252861 0.00350039 0.0271334 
0.045419 0.0705112 0.101876 
0.213472 0.264027 0.273617 
0.52072 0.609368 0.58786 
0.892671 1.04311 1.01404 
1.1618 1.39457 1.4094 
1.16889 1.4782 1.59023 
0.899286 1.2379 1.46965 
0.513291 0.803042 1.13338 
0.218211 0.389391 0.776655 
0.099641 0.140898 0.570748 
0.0833811 0.0701083 0.5923 
0.0590876 0.134664 0.853715 
0.0164471 0.327235 1.34263 
0.0375808 0.654776 1.9861 
0.16651 1.04219 2.59157 
0.324815 1.31109 2.89222 
0.381704 1.30063 2.71704 
0.293498 1.01318 2.13527 
0.14354 0.617712 1.41532 
0.0416851 0.302433 0.826609 
0.0163732 0.140567 0.480427 
0.0294795 0.104852 0.348368 
0.0749171 0.175579 0.385284 
0.212738 0.380997 0.581879 
0.483344 0.718253 0.897082 
0.812974 1.07453 1.19508 
1.04029 1.27366 1.30549 
1.04516 1.21254 1.1569 
0.841396 0.939872 0.833451 
0.54728 0.601625 0.495427 
0.285133 0.324923 0.256163 
0.113244 0.153084 0.131172 
0.0294506 0.0631332 0.0756 
0.0122652 0.0196253 0.0479262 
0.0533398 0.0143311 0.0477942 
0.156101 0.0668486 0.110216 
0.299695 0.181652 0.254298 
0.40636 0.297342 0.420302 
0.377432 0.304979 0.477631 
0.205793 0.164491 0.347386 
0.0523847 0.0112771 0.13616 
0.153833 0.0927327 0.100397 
0.598371 0.537498 0.41509 
1.1945 1.18302 0.968896 
1.60034 1.67162 1.42628 
1.6036 1.74234 1.51481 
1.2714 1.42525 1.24069 
0.841271 0.96191 0.826651 
0.506899 0.578439 0.483765 
0.319277 0.354144 0.276286 
0.237505 0.257519 0.169085 
0.203702 0.229806 0.12545 
0.166234 0.21546 0.126946 
0.0943621 0.168884 0.144626 
0.0156975 0.0863906 0.147141 
0.0151307 0.0225749 0.135872 
0.149108 0.0346402 0.135717 
0.356284 0.103819 0.144999 
