0.970016 1.05383 0.9463 
1.30872 1.41787 1.26382 
1.46222 1.54152 1.38935 
1.42126 1.4485 1.36389 
1.1987 1.17933 1.19938 
0.810826 0.761449 0.863838 
0.350027 0.295625 0.408586 
0.0298778 0.0161107 0.0624549 
0.104336 0.197719 0.134624 
0.705647 0.959675 0.779777 
1.73133 2.13576 1.83551 
2.86195 3.32222 2.87901 
3.69371 4.07023 3.46044 
3.919 4.10486 3.34931 
3.47712 3.45846 2.6488 
2.59109 2.44934 1.72411 
1.64002 1.50115 0.986716 
0.929255 0.898795 0.659447 
0.532993 0.653861 0.681887 
0.343897 0.592061 0.832573 
0.266185 0.578204 0.961984 
0.334673 0.649666 1.11383 
0.626681 0.91946 1.41351 
1.07888 1.36358 1.84775 
1.44334 1.74479 2.18632 
1.46422 1.7805 2.15163 
1.10232 1.39337 1.67528 
0.574388 0.791076 0.98522 
0.171522 0.301631 0.441103 
0.0433571 0.131367 0.278724 
0.141836 0.259144 0.483153 
0.331644 0.517104 0.8576 
0.52076 0.738477 1.18099 
0.692128 0.840284 1.31834 
0.85167 0.815878 1.24107 
0.981496 0.694642 0.99748 
1.0445 0.516858 0.677756 
1.01327 0.324751 0.383854 
0.883418 0.155864 0.202371 
0.671086 0.0409463 0.18699 
0.41787 0.0128431 0.355625 
0.204469 0.114913 0.692728 
0.144705 0.388241 1.14579 
0.339686 0.837394 1.62429 
0.813145 1.40319 2.02164 
1.47741 1.97217 2.26162 
2.16184 2.42115 2.33756 
2.68688 2.66335 2.30482 
2.93367 2.66371 2.22329 
2.87071 2.42426 2.09616 
2.5396 1.97014 1.86435 
2.02865 1.36109 1.47314 
1.45487 0.716386 0.961821 
0.950006 0.213823 0.497 
0.638337 0.0375055 0.307724 
0.605359 0.293167 0.555687 
0.867267 0.941232 1.22511 
1.35002 1.78979 2.10509 
1.88819 2.55594 2.87752 
2.2623 2.9726 3.26195 
2.28552 2.89852 3.14083 
1.90786 2.38087 2.60133 
1.2638 1.63045 1.87619 
0.608007 0.913961 1.22195 
0.169143 0.423757 0.805922 
0.0260857 0.204448 0.657035 
0.0946316 0.172063 0.685528 
0.219983 0.195315 0.741501 
0.292411 0.17982 0.687712 
0.305363 0.115906 0.47547 
0.333355 0.0781126 0.194655 
0.45891 0.175096 0.0435841 
0.697321 0.464389 0.198821 
0.966433 0.882729 0.662092 
1.12929 1.25861 1.21972 
1.09205 1.42076 1.57501 
0.888672 1.32473 1.55622 
0.679104 1.08783 1.22484 
0.650395 0.898618 0.801716 
0.890021 0.880096 0.494863 
1.32455 1.01979 0.382137 
1.76566 1.20918 0.419998 
2.02793 1.33987 0.525627 
2.03682 1.3725 0.639667 
1.85474 1.33494 0.731363 
1.61015 1.26837 0.774782 
1.38838 1.17662 0.740859 
1.17873 1.02721 0.620054 
0.924914 0.804189 0.451488 
0.621728 0.554712 0.317195 
0.345464 0.365603 0.283889 
0.177085 0.278006 0.332494 
0.108838 0.234983 0.354796 
0.0613425 0.14591 0.253465 
0.0155569 0.0257123 0.071071 
0.111326 0.0555409 0.00950568 
0.566611 0.458798 0.280428 
1.45058 1.27084 0.896365 
2.51744 2.21526 1.59791 
3.28629 2.8318 2.00931 
3.34242 2.78234 1.91108 
2.6331 2.09766 1.40849 
1.52121 1.16746 0.85952 
0.550754 0.480905 0.621927 
0.104813 0.316917 0.815493 
0.211438 0.610976 1.2719 
0.619832 1.07496 1.69251 
1.04496 1.44581 1.87704 
1.35792 1.65168 1.84268 
1.58423 1.78132 1.75523 
1.77194 1.93133 1.75919 
1.90548 2.108 1.87476 
1.95843 2.27807 2.05098 
2.00016 2.48768 2.29894 
2.1994 2.88817 2.74395 
2.68375 3.60928 3.51925 
3.38615 4.59246 4.59155 
4.04324 5.55479 5.68898 
4.3669 6.13672 6.41587 
4.24095 6.11727 6.47429 
3.77472 5.52636 5.82605 
3.18556 4.58552 4.68925 
2.63335 3.55337 3.39787 
2.14941 2.60597 2.23983 
1.6911 1.81675 1.36932 
1.23715 1.20219 0.809847 
0.825215 0.762613 0.503435 
0.514247 0.487097 0.360587 
0.332016 0.346353 0.297189 
0.267712 0.305831 0.26396 
0.306712 0.354881 0.265561 
0.455199 0.516458 0.353326 
0.718091 0.814827 0.584048 
1.05231 1.22307 0.964758 
1.35307 1.64074 1.4225 
1.50381 1.93205 1.82594 
1.45537 2.00208 2.04848 
1.26375 1.85114 2.02997 
1.04706 1.563 1.79576 
0.896748 1.24027 1.42744 
0.820654 0.944653 1.01676 
0.763363 0.688176 0.637919 
0.6736 0.46638 0.343282 
0.549545 0.2864 0.161231 
0.427972 0.161936 0.0853448 
0.345632 0.0936937 0.0724168 
0.318219 0.06782 0.0684265 
0.34396 0.0720606 0.0468557 
0.406211 0.100979 0.0197954 
0.466411 0.140571 0.00946639 
0.472476 0.160883 0.0168515 
0.397819 0.141319 0.0280202 
0.277662 0.104216 0.046259 
0.192269 0.106265 0.098301 
0.198328 0.181002 0.194938 
0.273643 0.291146 0.293217 
0.334613 0.350674 0.318545 
0.311264 0.302872 0.237123 
0.206378 0.177239 0.103428 
0.087584 0.069593 0.0273935 
0.0312887 0.0689164 0.0905881 
0.0746513 0.200756 0.291711 
0.206863 0.427655 0.565331 
0.38708 0.68735 0.842931 
0.563302 0.925705 1.09459 
0.684199 1.10488 1.32337 
0.711315 1.19839 1.53327 
0.634847 1.19093 1.70661 
0.484179 1.08624 1.80674 
0.321432 0.913332 1.79796 
0.215523 0.720874 1.66637 
0.207975 0.558985 1.42989 
0.2906 0.458495 1.13465 
0.411036 0.421143 0.841202 
0.504002 0.426319 0.60595 
0.526858 0.446659 0.46331 
0.47567 0.459532 0.413719 
0.375837 0.449535 0.423957 
0.261126 0.407847 0.443302 
0.158195 0.334517 0.429324 
0.0818483 0.241189 0.367758 
0.036197 0.14775 0.273434 
0.0171905 0.0727457 0.174003 
0.0162783 0.0251774 0.0913255 
0.0253325 0.00429064 0.0343278 
0.0407822 0.00610915 0.0044265 
0.0649026 0.0296876 0.00364861 
0.103756 0.0771157 0.0353612 
0.161976 0.146921 0.0964828 
0.23607 0.22671 0.169815 
0.311519 0.293535 0.227157 
0.369462 0.325548 0.244773 
0.400739 0.317285 0.219394 
0.414666 0.284214 0.169404 
0.430822 0.249838 0.119089 
0.457477 0.225539 0.0810739 
0.475703 0.201661 0.0534685 
0.447165 0.15872 0.031618 
0.345313 0.0903844 0.0203042 
0.188916 0.0210684 0.03658 
0.0492118 0.00419716 0.105823 
0.0154513 0.0966189 0.254455 
0.134314 0.318349 0.495 
0.367134 0.623175 0.803867 
0.605992 0.909887 1.11117 
0.745085 1.07848 1.32544 
0.7512 1.09257 1.38556 
0.672419 0.994037 1.29674 
0.581889 0.85643 1.11597 
0.516733 0.724494 0.903237 
0.469692 0.598382 0.689203 
0.425494 0.46674 0.484561 
0.385417 0.337621 0.303605 
0.35184 0.229291 0.164425 
0.30922 0.145159 0.0711222 
0.247243 0.0814605 0.0152442 
0.206725 0.0651317 0.00447087 
0.276567 0.161139 0.0758558 
0.513532 0.412063 0.257358 
0.856284 0.761877 0.509718 
1.13636 1.05804 0.7233 
1.19742 1.15402 0.793882 
1.01596 1.02184 0.708225 
0.708883 0.76501 0.549321 
0.429143 0.524014 0.415985 
0.260521 0.375744 0.34504 
0.205834 0.32066 0.315492 
0.249349 0.344138 0.314495 
0.398625 0.459668 0.374527 
0.653802 0.678538 0.531942 
0.951495 0.949626 0.756405 
1.16586 1.15394 0.939913 
1.18481 1.17759 0.969999 
0.994156 0.99905 0.820474 
0.691381 0.709547 0.574924 
0.41971 0.451248 0.365575 
0.283631 0.330689 0.285991 
0.310392 0.374172 0.346799 
0.467898 0.541344 0.492824 
0.701326 0.763856 0.648428 
0.95252 0.972313 0.751328 
1.16161 1.10541 0.764091 
1.27286 1.11793 0.676617 
1.25438 0.996686 0.509818 
1.11593 0.772322 0.313938 
0.903948 0.509571 0.150766 
0.674305 0.276663 0.0639882 
0.465137 0.114846 0.0578656 
0.290314 0.0289836 0.101281 
0.152578 0.000966801 0.153338 
0.0592016 0.0104394 0.189405 
