0.299668 0.246108 0.3187 
0.978938 0.739206 0.665729 
1.58007 1.15051 0.87916 
1.76281 1.21229 0.775421 
1.60547 1.0374 0.512796 
1.45677 0.958703 0.421368 
1.55509 1.17248 0.675726 
1.81618 1.55883 1.14182 
1.97363 1.84149 1.54049 
1.87857 1.88899 1.74042 
1.63966 1.83936 1.87608 
1.50322 1.9522 2.19318 
1.64564 2.37579 2.80795 
2.07721 3.05227 3.61544 
2.67607 3.78699 4.38259 
3.24655 4.3507 4.88009 
3.55606 4.53152 4.93896 
3.40464 4.18076 4.46529 
2.74809 3.30104 3.49006 
1.77674 2.11282 2.22767 
0.837501 0.989022 1.03796 
0.227941 0.259159 0.259546 
0.0273088 0.027154 0.0246793 
0.097717 0.147375 0.203539 
0.227691 0.361192 0.514816 
0.278714 0.468311 0.704927 
0.230927 0.4112 0.667908 
0.136475 0.250367 0.452942 
0.0538221 0.089298 0.194089 
0.0159289 0.013031 0.0271594 
0.0334558 0.0633703 0.0355488 
0.108372 0.239886 0.23199 
0.239877 0.509301 0.565376 
0.420005 0.815338 0.942364 
0.625108 1.08977 1.2583 
0.811481 1.2665 1.43031 
0.922372 1.29716 1.42034 
0.909598 1.16524 1.23943 
0.76464 0.897362 0.937157 
0.542612 0.56817 0.588631 
0.35683 0.289631 0.283835 
0.333894 0.176585 0.110953 
0.548656 0.297741 0.128675 
0.981469 0.641625 0.340822 
1.52922 1.12405 0.695501 
2.06035 1.6326 1.11334 
2.47099 2.07379 1.52268 
2.70796 2.3924 1.87507 
2.76106 2.56393 2.13775 
2.65044 2.58421 2.2836 
2.42202 2.47054 2.296 
2.13985 2.26398 2.18268 
1.86476 2.01715 1.97854 
1.63177 1.773 1.73113 
1.44993 1.55748 1.48567 
1.32455 1.39371 1.2854 
1.26945 1.31216 1.17483 
1.28409 1.32735 1.17855 
1.31828 1.39525 1.2592 
1.27944 1.40881 1.30591 
1.10014 1.26556 1.19698 
0.80765 0.959081 0.901748 
0.516777 0.601067 0.523162 
0.342649 0.341105 0.226082 
0.31932 0.258907 0.113246 
0.401923 0.329202 0.165217 
0.528996 0.471035 0.284874 
0.657022 0.604872 0.377744 
0.735901 0.663519 0.390116 
0.692502 0.591286 0.30841 
0.487202 0.383474 0.165978 
0.198262 0.135623 0.0519026 
0.0193241 0.0159066 0.0695753 
0.13367 0.146455 0.247944 
0.571064 0.500637 0.49899 
1.18524 0.92912 0.69536 
1.76937 1.29299 0.805476 
2.19183 1.56453 0.936083 
2.43207 1.79578 1.21821 
2.51422 2.00343 1.64368 
2.43799 2.10611 2.02048 
2.19337 1.99046 2.10192 
1.8449 1.64897 1.78363 
1.5851 1.25852 1.20912 
1.66591 1.11003 0.703562 
2.21988 1.41682 0.578564 
3.10202 2.13461 0.933272 
3.90597 2.93976 1.58157 
4.18761 3.40803 2.16092 
3.74909 3.27868 2.35627 
2.76369 2.60927 2.08427 
1.64408 1.70944 1.51043 
0.768494 0.921029 0.904872 
0.283296 0.424582 0.464419 
0.106135 0.200489 0.231246 
0.0712893 0.126137 0.135199 
0.0663148 0.0951829 0.0880454 
0.0661939 0.0696709 0.0469704 
0.0858765 0.0609385 0.0207022 
0.127027 0.0874155 0.0419021 
0.165767 0.148631 0.135967 
0.174045 0.222679 0.298986 
0.14348 0.277418 0.488337 
0.0913737 0.286518 0.632618 
0.0482846 0.244164 0.66525 
0.0375745 0.170599 0.567962 
0.0592142 0.101482 0.391416 
0.088006 0.0640953 0.227074 
0.0906292 0.0577223 0.143655 
0.0547025 0.0585202 0.140518 
0.00974924 0.0500018 0.163162 
0.0167549 0.0510053 0.167802 
0.121796 0.105815 0.168391 
0.303715 0.234502 0.213517 
0.465733 0.389453 0.316033 
0.495976 0.472247 0.415073 
0.360245 0.411529 0.42053 
0.146431 0.234523 0.300843 
0.00836356 0.0584797 0.124314 
0.046673 0.00212027 0.0106554 
0.231525 0.0983153 0.0416953 
0.438953 0.287224 0.214306 
0.561832 0.482434 0.461885 
0.583617 0.6302 0.69925 
0.551012 0.707696 0.845784 
0.496761 0.692659 0.837916 
0.410747 0.568972 0.662571 
0.283772 0.368558 0.393032 
0.151688 0.18081 0.165994 
0.0720571 0.090157 0.0862897 
0.0614871 0.10053 0.141238 
0.0802274 0.140538 0.222014 
0.0931787 0.156626 0.243272 
0.136106 0.193069 0.239729 
0.299791 0.361863 0.335302 
0.634614 0.722999 0.612811 
1.06938 1.19377 1.01368 
1.43056 1.57962 1.36307 
1.55347 1.7034 1.49475 
1.39346 1.52474 1.36791 
1.04814 1.15775 1.08836 
0.680521 0.783826 0.829055 
0.412482 0.534081 0.713925 
0.271419 0.427282 0.745811 
0.215444 0.395603 0.823025 
0.19231 0.360107 0.826037 
0.171887 0.287613 0.705209 
0.139922 0.192882 0.504277 
0.0914902 0.109551 0.314698 
0.053268 0.076385 0.216832 
0.105957 0.147794 0.260617 
0.350344 0.387915 0.476049 
0.813457 0.81614 0.862344 
1.37495 1.34048 1.34304 
1.80438 1.76115 1.74679 
1.90457 1.87801 1.87741 
1.64639 1.62863 1.64583 
1.17773 1.1362 1.15009 
0.70501 0.62154 0.618633 
0.360393 0.258145 0.257562 
0.165614 0.093088 0.131735 
0.0947021 0.0797821 0.168764 
0.142983 0.159382 0.254658 
0.322799 0.299883 0.318818 
0.602073 0.470847 0.34509 
0.872257 0.610749 0.334123 
1.00225 0.646243 0.28087 
0.937467 0.552567 0.190618 
0.745179 0.38628 0.0983954 
0.555921 0.245048 0.0521378 
0.456915 0.188976 0.0701999 
0.439045 0.201063 0.121806 
0.434882 0.220007 0.155108 
0.391022 0.201627 0.142465 
0.301739 0.146358 0.0960965 
0.193591 0.081142 0.0461414 
0.099375 0.031233 0.0130001 
0.045253 0.00960722 0.000495147 
0.0455627 0.0206274 0.00599361 
0.104875 0.068422 0.032057 
0.235582 0.168297 0.0927204 
0.471579 0.349354 0.209779 
0.836921 0.627377 0.392728 
1.27607 0.95817 0.612304 
1.62682 1.22564 0.798356 
1.70286 1.30261 0.877797 
1.43616 1.14366 0.823521 
0.94481 0.823179 0.669023 
0.45406 0.482713 0.481628 
0.140752 0.239902 0.327682 
0.0361327 0.13541 0.255049 
0.052532 0.14404 0.287903 
0.0879384 0.22341 0.427226 
0.113889 0.360359 0.66543 
0.182517 0.582885 1.00822 
0.355347 0.921211 1.46713 
0.617062 1.34064 2.00734 
0.854764 1.71231 2.50395 
0.931865 1.87318 2.78011 
0.796519 1.74038 2.71987 
0.524554 1.37688 2.35466 
0.257205 0.943659 1.83753 
0.0954619 0.584659 1.33265 
0.047411 0.351157 0.927171 
0.0620116 0.219358 0.632231 
0.0982041 0.158358 0.440204 
0.157675 0.169389 0.360916 
0.258195 0.263766 0.402818 
0.383345 0.413961 0.531513 
0.463729 0.536022 0.65891 
0.418809 0.532306 0.68441 
0.239 0.371426 0.562915 
0.0429705 0.143028 0.348229 
0.038459 0.0257505 0.169253 
0.373343 0.160993 0.13887 
0.969229 0.512094 0.253952 
1.49612 0.839992 0.377089 
1.57495 0.866274 0.348452 
1.0956 0.530969 0.162365 
0.381522 0.121643 0.0487354 
0.00954943 0.111994 0.341492 
0.386637 0.796129 1.19971 
1.42779 2.01696 2.41157 
2.61047 3.23375 3.47344 
3.34988 3.88142 3.90414 
3.37173 3.72532 3.54633 
2.80621 2.94673 2.62791 
2.00243 1.94935 1.5717 
1.27378 1.08899 0.733722 
0.765028 0.525511 0.257575 
0.475365 0.244967 0.0978895 
0.355754 0.170372 0.137957 
0.387856 0.25552 0.29398 
0.59743 0.504628 0.543575 
1.00692 0.925176 0.884771 
1.57431 1.46844 1.28055 
2.17676 2.01676 1.64523 
2.658 2.43052 1.88231 
2.89967 2.61212 1.93314 
2.86188 2.53658 1.79497 
2.57839 2.24212 1.50807 
2.13089 1.80694 1.13811 
1.62115 1.32731 0.762434 
1.14171 0.891432 0.449654 
0.750532 0.553024 0.235687 
0.465759 0.323738 0.117909 
0.278535 0.186868 0.0716224 
0.162417 0.110897 0.0653954 
0.0798581 0.058391 0.0663258 
0.013902 0.0147299 0.0593573 
0.015906 0.030807 0.0829468 
