0.859377 0.512427 0.234047 
0.561586 0.230203 0.0719478 
0.324369 0.0572984 0.0279384 
0.169967 0.0109216 0.0955593 
0.0878818 0.0628097 0.228911 
0.0553318 0.163161 0.369732 
0.0537269 0.265611 0.474227 
0.0720126 0.3414 0.52786 
0.10073 0.38215 0.546698 
0.128732 0.398587 0.571175 
0.151295 0.421441 0.657556 
0.186385 0.502581 0.866657 
0.284662 0.707504 1.24557 
0.517976 1.09191 1.80173 
0.943195 1.6661 2.47798 
1.55627 2.36421 3.14505 
2.26343 3.04013 3.62597 
2.8929 3.50361 3.75317 
3.2513 3.58936 3.43977 
3.20381 3.23156 2.73346 
2.74043 2.5077 1.82276 
1.99347 1.62578 0.984677 
1.19342 0.854421 0.489635 
0.580979 0.423721 0.501746 
0.315291 0.439989 1.0173 
0.420105 0.852072 1.86826 
0.789985 1.48218 2.7886 
1.24827 2.10378 3.51317 
1.62474 2.52874 3.86635 
1.81592 2.6657 3.80589 
1.80511 2.52992 3.41078 
1.64282 2.21026 2.82785 
1.40672 1.81695 2.20702 
1.16453 1.43723 1.65344 
0.954822 1.1148 1.21079 
0.787153 0.853912 0.873024 
0.653215 0.637561 0.61061 
0.539348 0.446928 0.396292 
0.434599 0.274018 0.221485 
0.333837 0.126158 0.101972 
0.238243 0.025244 0.0760769 
0.155578 0.00494519 0.198272 
0.101168 0.106648 0.528348 
0.0986163 0.372179 1.11422 
0.177558 0.830587 1.96792 
0.365237 1.47884 3.03955 
0.670882 2.26181 4.20083 
1.06732 3.06254 5.25229 
1.48049 3.71535 5.96359 
1.79924 4.04748 6.1417 
1.91046 3.94039 5.70502 
1.74972 3.38681 4.73003 
1.34291 2.51269 3.44231 
0.811639 1.54447 2.14584 
0.330413 0.72724 1.1155 
0.0500981 0.228061 0.499573 
0.0260557 0.071661 0.279334 
0.192213 0.143876 0.3058 
0.400095 0.263606 0.394423 
0.504885 0.286192 0.426988 
0.451181 0.18205 0.406054 
0.308583 0.0471226 0.434148 
0.234887 0.0401785 0.632898 
0.386711 0.283863 1.05145 
0.828134 0.786639 1.61856 
1.48859 1.42931 2.16617 
2.19175 2.0213 2.50979 
2.73637 2.39214 2.53943 
2.98284 2.4664 2.27058 
2.90109 2.28408 1.83034 
2.56194 1.96271 1.39088 
2.08695 1.62929 1.08905 
1.5905 1.36235 0.973316 
1.14451 1.17156 0.999111 
0.775869 1.0174 1.06678 
0.486427 0.851511 1.07681 
0.275558 0.651988 0.974615 
0.150079 0.435795 0.767416 
0.11836 0.246175 0.511156 
0.176221 0.125519 0.277896 
0.296166 0.0897221 0.120394 
0.428505 0.117602 0.0501497 
0.516075 0.161036 0.0387027 
0.517033 0.17123 0.040845 
0.425198 0.127737 0.0266984 
0.276899 0.0539308 0.00356773 
0.13837 0.00836022 0.0132245 
0.0772205 0.0543821 0.104826 
0.130875 0.22378 0.299612 
0.288179 0.495033 0.56992 
0.49433 0.799255 0.846584 
0.676619 1.05063 1.05062 
0.776921 1.1839 1.12977 
0.773817 1.17857 1.0785 
0.684579 1.05908 0.932425 
0.549649 0.87557 0.744702 
0.4112 0.679393 0.561458 
0.297756 0.506805 0.409509 
0.219991 0.375162 0.298146 
0.17487 0.287089 0.226938 
0.151927 0.235524 0.190579 
0.137753 0.206509 0.178427 
0.119197 0.181938 0.173499 
0.0878133 0.145791 0.156835 
0.0461609 0.0937422 0.117796 
0.0125789 0.0408469 0.0641372 
0.0190568 0.0203179 0.0234433 
0.0990925 0.0702069 0.0319363 
0.268381 0.212133 0.11471 
0.507311 0.432443 0.267676 
0.756488 0.677227 0.451928 
0.932363 0.867201 0.605499 
0.960516 0.928818 0.668641 
0.81344 0.828734 0.611392 
0.534031 0.594953 0.450081 
0.229775 0.312483 0.243941 
0.0356423 0.0928602 0.072388 
0.0599036 0.0300476 0.00310764 
0.337394 0.162763 0.0658726 
0.81261 0.460597 0.243922 
1.36076 0.839365 0.485439 
1.83616 1.19659 0.727456 
2.12484 1.44917 0.919346 
2.17839 1.55666 1.0356 
2.01787 1.52344 1.07537 
1.71235 1.3845 1.05354 
1.34697 1.18605 0.990891 
0.995953 0.970503 0.907763 
0.708634 0.769624 0.821088 
0.507947 0.603398 0.742352 
0.3954 0.48086 0.67525 
0.357284 0.400925 0.61479 
0.370281 0.354144 0.550406 
0.40734 0.326748 0.47305 
0.444635 0.306482 0.38229 
0.468379 0.287596 0.28817 
0.478843 0.272544 0.206015 
0.4897 0.270467 0.148202 
0.523272 0.294931 0.120171 
0.604014 0.36299 0.12474 
0.75204 0.494217 0.170824 
0.976502 0.705304 0.276306 
1.26777 0.997188 0.456846 
1.58964 1.33856 0.703508 
1.87714 1.65733 0.964703 
2.04728 1.85311 1.15137 
2.02545 1.83404 1.17257 
1.78015 1.56478 0.98738 
1.3486 1.09976 0.642868 
0.835529 0.577373 0.269923 
0.378989 0.170436 0.0315408 
0.0959794 0.0135942 0.047522 
0.0346073 0.144761 0.336411 
0.158084 0.491737 0.807192 
0.368665 0.910367 1.30446 
0.55711 1.25187 1.68026 
0.649949 1.4229 1.85328 
0.631053 1.41037 1.82806 
0.531876 1.26641 1.6734 
0.40329 1.07124 1.48102 
0.289158 0.898048 1.32959 
0.214768 0.794719 1.26699 
0.189503 0.781315 1.30751 
0.213783 0.853108 1.43347 
0.281319 0.981823 1.59622 
0.376119 1.11696 1.72134 
0.471116 1.19501 1.72652 
0.535237 1.16077 1.55324 
0.54854 0.994588 1.20071 
0.517031 0.731216 0.742976 
0.476541 0.456559 0.314928 
0.480609 0.279614 0.068326 
0.576795 0.290302 0.115169 
0.782858 0.522015 0.483093 
1.0745 0.935566 1.10186 
1.39047 1.43087 1.82539 
1.65234 1.8803 2.47879 
1.79056 2.16967 2.91115 
1.76647 2.23174 3.03603 
1.58321 2.06212 2.84846 
1.2831 1.71506 2.41712 
0.93355 1.28276 1.85782 
0.60695 0.866655 1.29836 
0.360818 0.54942 0.845452 
0.223975 0.375725 0.562128 
0.192343 0.346037 0.46006 
0.234889 0.42386 0.506873 
0.306999 0.552578 0.643993 
0.366234 0.675366 0.808022 
0.384909 0.75134 0.948394 
0.355613 0.763277 1.03653 
0.288854 0.716043 1.0656 
0.205168 0.628475 1.04371 
0.125782 0.523388 0.985142 
0.0656045 0.419871 0.90366 
0.0304654 0.329847 0.809642 
0.0183147 0.258453 0.710313 
0.0227301 0.206354 0.611154 
0.0368964 0.172231 0.516849 
0.0567972 0.154539 0.431342 
0.0829202 0.152513 0.357523 
0.119994 0.166484 0.297211 
0.174441 0.197359 0.251455 
0.249873 0.245018 0.220654 
0.342193 0.306041 0.204067 
0.437016 0.372124 0.199033 
0.512062 0.430952 0.200915 
0.545317 0.470457 0.204658 
0.526498 0.485297 0.207784 
0.466498 0.48236 0.213266 
0.398888 0.48143 0.230126 
0.370425 0.509007 0.270469 
0.422827 0.58684 0.343721 
0.573346 0.72028 0.450891 
0.80365 0.892697 0.582211 
1.06354 1.06974 0.71992 
1.289 1.21221 0.844954 
1.42649 1.29124 0.943747 
1.45195 1.29801 1.01105 
1.37552 1.24313 1.04721 
1.23134 1.1471 1.05236 
1.06019 1.02916 1.02264 
0.896628 0.902686 0.953071 
0.768165 0.780936 0.847095 
0.704636 0.68852 0.727234 
0.746979 0.668296 0.638307 
0.943203 0.77395 0.637004 
1.32711 1.04686 0.769044 
1.8884 1.48701 1.04365 
2.55239 2.03479 1.4191 
3.18635 2.57768 1.80948 
3.63685 2.98376 2.11246 
3.78416 3.14883 2.24644 
3.5886 3.03514 2.17983 
3.10503 2.68266 1.93876 
2.45803 2.18773 1.59052 
1.79028 1.66099 1.21261 
1.21054 1.1864 0.863983 
0.766085 0.800975 0.572011 
0.449527 0.50203 0.339047 
0.230207 0.272676 0.16074 
0.0878291 0.10712 0.0422919 
0.0272344 0.0192649 0.00128051 
0.066966 0.0300933 0.0550123 
0.211691 0.143465 0.200943 
0.429055 0.32795 0.404131 
0.648904 0.519107 0.60244 
0.788717 0.644072 0.729823 
0.79218 0.655946 0.746418 
0.6585 0.558078 0.658574 
0.444331 0.403062 0.516276 
