1.08334 0.669768 0.299345 
0.915457 0.586762 0.34424 
0.690198 0.473196 0.384393 
0.4565 0.341765 0.381662 
0.249748 0.199936 0.306724 
0.0998485 0.0704183 0.172797 
0.0408638 0.00209281 0.0470904 
0.105662 0.0547038 0.0244529 
0.303017 0.260891 0.173323 
0.593169 0.590024 0.486131 
0.885395 0.943026 0.868115 
1.06958 1.19011 1.17676 
1.06976 1.23459 1.29217 
0.888494 1.06558 1.17772 
0.611875 0.766015 0.895445 
0.367724 0.468965 0.568012 
0.25921 0.287458 0.312159 
0.31256 0.259432 0.183811 
0.469027 0.338787 0.164969 
0.623471 0.433775 0.194 
0.683868 0.46531 0.214467 
0.616242 0.408964 0.209917 
0.452911 0.299278 0.205955 
0.267292 0.201261 0.24458 
0.137318 0.17268 0.352179 
0.120136 0.240796 0.522146 
0.245936 0.401639 0.719244 
0.522269 0.632729 0.897552 
0.935166 0.904009 1.01796 
1.44212 1.17925 1.05651 
1.96535 1.41265 1.00463 
2.39909 1.55152 0.867525 
2.63693 1.55087 0.664932 
2.61002 1.39428 0.432097 
2.31649 1.10784 0.215858 
1.82541 0.756576 0.0634326 
1.25267 0.42345 0.00793851 
0.721563 0.182217 0.0585392 
0.327619 0.0777442 0.201005 
0.121122 0.12145 0.407832 
0.108709 0.299292 0.651151 
0.265472 0.583427 0.910782 
0.547442 0.939615 1.17404 
0.899743 1.32849 1.42971 
1.26222 1.7046 1.66166 
1.57672 2.01872 1.84693 
1.79746 2.22581 1.9596 
1.90151 2.29622 1.97856 
1.89366 2.22496 1.89557 
1.80208 2.03371 1.71997 
1.66519 1.7636 1.47736 
1.51518 1.46109 1.20202 
1.36533 1.16288 0.925994 
1.20726 0.886944 0.670344 
1.02009 0.634699 0.444162 
0.78792 0.403422 0.252461 
0.518114 0.202426 0.108106 
0.251403 0.0633098 0.0389411 
0.0579261 0.0371366 0.0833753 
0.0189124 0.178229 0.275041 
0.199632 0.521376 0.624758 
0.622532 1.06228 1.11002 
1.24944 1.74863 1.67705 
1.97929 2.48417 2.25216 
2.66447 3.14398 2.75508 
3.14511 3.59868 3.10923 
3.2951 3.74495 3.25092 
3.06702 3.53778 3.14246 
2.5181 3.01437 2.79015 
1.80121 2.29649 2.25859 
1.11664 1.56152 1.66705 
0.639252 0.985904 1.15924 
0.451128 0.68109 0.852793 
0.512473 0.651402 0.790739 
0.68708 0.796665 0.921346 
0.811862 0.961439 1.12064 
0.776328 1.00816 1.24906 
0.572269 0.878236 1.2145 
0.289844 0.611361 1.00976 
0.0647875 0.315752 0.706797 
0.00632288 0.107571 0.413357 
0.1431 0.0522941 0.217002 
0.41231 0.137081 0.14617 
0.693424 0.284884 0.166329 
0.866246 0.399154 0.209402 
0.863836 0.414051 0.217574 
0.696822 0.325075 0.176908 
0.441614 0.18713 0.123745 
0.201958 0.0839565 0.122403 
0.0636541 0.085978 0.227667 
0.0624672 0.217334 0.452385 
0.176946 0.446473 0.756541 
0.345676 0.702377 1.06225 
0.498199 0.906527 1.28605 
0.584531 1.00474 1.37214 
0.591086 0.985043 1.31159 
0.538554 0.875849 1.1406 
0.465822 0.728357 0.921484 
0.409388 0.593171 0.717078 
0.38795 0.501915 0.570021 
0.397824 0.460261 0.493964 
0.419062 0.452644 0.477101 
0.427554 0.454061 0.493369 
0.40672 0.442505 0.515023 
0.353798 0.406971 0.521713 
0.279019 0.349034 0.50418 
0.199402 0.279149 0.463296 
0.131062 0.210684 0.406586 
0.0839029 0.154828 0.344328 
0.0608237 0.118267 0.286539 
0.060934 0.103685 0.241172 
0.0842245 0.11171 0.213185 
0.134507 0.142455 0.20401 
0.218482 0.195366 0.211186 
0.340905 0.267336 0.228342 
0.498052 0.350315 0.246015 
0.672986 0.430261 0.253629 
0.835854 0.488936 0.242501 
0.950502 0.508715 0.208987 
0.985738 0.478907 0.156479 
0.926924 0.400907 0.0952198 
0.782758 0.289601 0.0398105 
0.583825 0.170014 0.00543335 
0.37317 0.0702966 0.00427064 
0.19278 0.0137651 0.0431709 
0.0715961 0.0128676 0.122594 
0.0194445 0.0668169 0.236275 
0.0281836 0.163099 0.371472 
0.0782195 0.281956 0.510601 
0.146922 0.402414 0.635247 
0.21567 0.5081 0.732029 
0.273498 0.590774 0.797442 
0.316757 0.649803 0.837806 
0.345629 0.687442 0.862685 
0.359619 0.702514 0.874935 
0.354902 0.687078 0.864418 
0.325701 0.629704 0.811546 
0.269383 0.524719 0.700538 
0.191939 0.381672 0.534552 
0.109292 0.227498 0.341713 
0.0421674 0.0977982 0.16598 
0.00684667 0.0211315 0.0470125 
0.00777768 0.00589243 0.00133077 
0.037208 0.0383261 0.0167108 
0.0819693 0.0927024 0.0626631 
0.131978 0.146158 0.108862 
0.183737 0.187904 0.138805 
0.236513 0.21767 0.151075 
0.285477 0.237134 0.150799 
0.319055 0.243245 0.140766 
0.324226 0.229647 0.119865 
0.296212 0.194339 0.0885217 
0.244318 0.145677 0.0539668 
0.188128 0.100113 0.0287723 
0.146033 0.0725757 0.0230189 
0.124655 0.067317 0.0371404 
0.11725 0.0769791 0.062466 
0.111813 0.0906776 0.0896863 
0.101736 0.104097 0.118124 
0.0902157 0.123041 0.157615 
0.0855666 0.157809 0.221101 
0.0926543 0.213776 0.314011 
0.108628 0.286366 0.428991 
0.126441 0.363921 0.549421 
0.141937 0.434466 0.657341 
0.156898 0.489244 0.738298 
0.174718 0.520205 0.780057 
0.193223 0.516006 0.769539 
0.202995 0.464051 0.695259 
0.195043 0.360845 0.557321 
0.172477 0.223749 0.378014 
0.155342 0.0926856 0.201896 
0.171731 0.0157735 0.0800743 
0.239241 0.0250745 0.0455595 
0.349795 0.117738 0.0952708 
0.469804 0.2559 0.191627 
0.55687 0.386279 0.28368 
0.582087 0.466921 0.334142 
0.543209 0.484247 0.334936 
0.461408 0.45165 0.302897 
0.366588 0.394457 0.261792 
0.283354 0.334395 0.225587 
0.226407 0.283906 0.194559 
0.204176 0.250146 0.164017 
0.222149 0.239944 0.135141 
0.279134 0.257646 0.116997 
0.358762 0.296583 0.117814 
0.426326 0.333473 0.13409 
0.439778 0.335345 0.148946 
0.373125 0.279199 0.143848 
0.238638 0.172957 0.116285 
0.0911821 0.0618847 0.0895846 
0.00728758 0.0121354 0.105161 
0.0477093 0.077751 0.199476 
0.224029 0.26928 0.379131 
0.488915 0.542675 0.609893 
0.75628 0.815773 0.827404 
0.94038 1.00385 0.964327 
0.992802 1.0554 0.979377 
0.918815 0.970436 0.873331 
0.767318 0.794173 0.685275 
0.602895 0.592453 0.473171 
0.476198 0.422953 0.289885 
0.406733 0.315766 0.165959 
0.383158 0.269582 0.10489 
0.376733 0.261186 0.0897277 
0.358566 0.260754 0.0952358 
0.312269 0.245223 0.0993181 
0.238223 0.20532 0.0898244 
0.15043 0.145831 0.0659936 
0.0694839 0.0812794 0.0359446 
0.0151692 0.0297318 0.0122217 
0.000825674 0.00682502 0.00700454 
0.030194 0.0211953 0.0280061 
0.0967269 0.0719573 0.0757614 
0.185152 0.148634 0.142904 
0.274991 0.233664 0.215813 
0.345476 0.307083 0.278436 
0.380883 0.35225 0.317304 
0.374903 0.360893 0.325997 
0.332632 0.335619 0.307247 
0.269202 0.288739 0.271591 
0.20506 0.237559 0.232906 
0.159263 0.197856 0.202705 
0.143137 0.178219 0.185784 
0.156871 0.177712 0.179292 
0.190485 0.187815 0.175565 
0.228682 0.197497 0.167127 
0.257295 0.198753 0.151084 
0.268307 0.189826 0.130627 
0.261402 0.174796 0.113019 
0.241925 0.16027 0.105515 
0.216957 0.151428 0.111663 
0.191883 0.149696 0.130036 
0.16905 0.153084 0.155841 
0.148625 0.158525 0.184193 
0.130487 0.164536 0.213066 
0.115697 0.172594 0.24437 
0.106687 0.186621 0.282781 
0.106271 0.211058 0.333141 
0.116203 0.248635 0.397721 
0.136116 0.298789 0.474446 
0.163215 0.357215 0.556528 
0.192723 0.416448 0.633473 
0.218786 0.467193 0.693083 
0.235601 0.500107 0.724088 
0.238641 0.507828 0.718885 
0.225855 0.486887 0.675767 
0.198567 0.439006 0.599857 
0.161626 0.37113 0.502186 
0.122446 0.293888 0.396926 
