1.94589 1.19178 0.646109 
2.47701 1.5114 0.764539 
2.98192 1.83821 0.923844 
3.2121 2.04019 1.09168 
2.97756 1.98349 1.19116 
2.30149 1.63952 1.16118 
1.42586 1.11478 0.99478 
0.666579 0.583693 0.730662 
0.242117 0.194459 0.427898 
0.197541 0.0234434 0.158422 
0.442328 0.0854144 0.00891651 
0.832091 0.352252 0.0566663 
1.22647 0.749032 0.313583 
1.51651 1.15157 0.68652 
1.65009 1.42652 1.00978 
1.65643 1.50584 1.14377 
1.63182 1.43034 1.06262 
1.66602 1.3096 0.85466 
1.75784 1.22619 0.640056 
1.80198 1.17275 0.484595 
1.67254 1.0777 0.380198 
1.33325 0.886147 0.288134 
0.876614 0.614793 0.187893 
0.464906 0.339414 0.0903379 
0.233568 0.142797 0.021069 
0.233499 0.0740743 0.000726669 
0.434739 0.140427 0.0361566 
0.76069 0.317654 0.120752 
1.11622 0.559928 0.238569 
1.40082 0.802814 0.366599 
1.52267 0.968488 0.472103 
1.42939 0.987448 0.513274 
1.14656 0.838145 0.457948 
0.786857 0.57738 0.315716 
0.498429 0.321752 0.14954 
0.373377 0.1758 0.0401634 
0.389336 0.161151 0.0264606 
0.4401 0.212096 0.0789559 
0.428265 0.240844 0.132574 
0.333418 0.207104 0.142622 
0.202718 0.131494 0.110314 
0.0932806 0.0581859 0.0657681 
0.0301621 0.0159619 0.0384087 
0.00581141 0.00814814 0.0419691 
0.0017669 0.0239584 0.0756273 
0.00960324 0.0540343 0.132014 
0.0411358 0.100562 0.204892 
0.117495 0.172359 0.287789 
0.235147 0.262278 0.361207 
0.341731 0.332363 0.389483 
0.366218 0.341154 0.352963 
0.289616 0.297712 0.294205 
0.174587 0.27092 0.30942 
0.104226 0.317314 0.457329 
0.0968207 0.40065 0.668715 
0.109125 0.415177 0.77678 
0.131159 0.310338 0.66842 
0.244017 0.176157 0.405406 
0.545666 0.175554 0.178947 
1.02056 0.387446 0.141888 
1.5132 0.731822 0.293166 
1.84672 1.0491 0.51453 
1.9592 1.23335 0.687936 
1.92705 1.28822 0.76859 
1.88962 1.29476 0.78567 
1.9775 1.36663 0.824114 
2.28217 1.61844 1.00192 
2.81645 2.10329 1.39923 
3.45116 2.72149 1.94882 
3.91263 3.20354 2.40266 
3.91561 3.25096 2.46851 
3.36213 2.75558 2.03729 
2.43265 1.90126 1.29218 
1.47484 1.04112 0.580322 
0.781498 0.455165 0.158049 
0.440855 0.198731 0.0397427 
0.354522 0.145496 0.0637295 
0.363211 0.14204 0.0746557 
0.356282 0.117906 0.0373156 
0.300229 0.0817207 0.00418653 
0.209944 0.056984 0.015125 
0.114908 0.0434113 0.0489685 
0.0419859 0.0285643 0.0600037 
0.00600547 0.0116882 0.0358209 
0.00229735 0.00293115 0.00701292 
0.0113495 0.00487444 0.00735876 
0.0214066 0.00688422 0.0367435 
0.051327 0.00187395 0.0653427 
0.145609 0.0032163 0.0667773 
0.336417 0.0384666 0.042223 
0.602993 0.124869 0.0167167 
0.867085 0.251848 0.0192957 
1.03187 0.384767 0.0649673 
1.03389 0.481188 0.144551 
0.872438 0.507161 0.225086 
0.608055 0.455268 0.270324 
0.34433 0.367163 0.281393 
0.199831 0.340233 0.326062 
0.262887 0.486301 0.510957 
0.535468 0.846327 0.893543 
0.905845 1.32465 1.40155 
1.19268 1.71699 1.8456 
1.25017 1.83431 2.03647 
1.06026 1.63126 1.91648 
0.736001 1.23162 1.59111 
0.432725 0.829384 1.23499 
0.242798 0.552304 0.959409 
0.158297 0.400702 0.757182 
0.119004 0.298791 0.561394 
0.0880596 0.194687 0.347651 
0.0822889 0.111063 0.175305 
0.135969 0.105804 0.129014 
0.243388 0.192559 0.223238 
0.34449 0.30848 0.371115 
0.371491 0.364291 0.454087 
0.308464 0.322645 0.421938 
0.201114 0.220818 0.318957 
0.110436 0.119865 0.215412 
0.0685365 0.0491728 0.133216 
0.0862932 0.014241 0.0564931 
0.186752 0.0433367 0.00248605 
0.395115 0.186017 0.0406576 
0.674944 0.438104 0.211063 
0.893975 0.683851 0.436592 
0.898955 0.756745 0.556967 
0.656309 0.587568 0.473933 
0.314992 0.28703 0.252177 
0.106024 0.061501 0.0579874 
0.160339 0.0380471 0.00100029 
0.414663 0.172096 0.0504509 
0.683559 0.316071 0.10113 
0.812049 0.358655 0.0933231 
0.766389 0.294695 0.0522849 
0.610044 0.187256 0.0303969 
0.425081 0.0944278 0.0437985 
0.260275 0.0364365 0.0719789 
0.13079 0.00889061 0.0959302 
0.0454604 0.00762898 0.118182 
0.0305256 0.0436273 0.15339 
0.126771 0.141744 0.213922 
0.350689 0.31641 0.299701 
0.64749 0.536075 0.387919 
0.900044 0.723677 0.440033 
1.02255 0.823941 0.446685 
1.06019 0.880011 0.473418 
1.16404 1.00998 0.626871 
1.42436 1.2677 0.933716 
1.72914 1.53291 1.25736 
1.83078 1.58687 1.38269 
1.58345 1.32774 1.21684 
1.09869 0.891224 0.889183 
0.639217 0.525174 0.621184 
0.370371 0.352231 0.505155 
0.252103 0.292472 0.448926 
0.172228 0.221456 0.342805 
0.12423 0.149554 0.22803 
0.19907 0.195228 0.248714 
0.421638 0.400489 0.451621 
0.665511 0.637918 0.693819 
0.76414 0.729987 0.777428 
0.675365 0.627736 0.646139 
0.502423 0.438641 0.418463 
0.378271 0.30419 0.252553 
0.381928 0.302306 0.228409 
0.56126 0.464609 0.358429 
0.951206 0.808261 0.637966 
1.49062 1.27711 1.01709 
1.94152 1.67084 1.34038 
1.99322 1.72657 1.4 
1.52858 1.34348 1.11171 
0.783842 0.72001 0.628539 
0.191056 0.218799 0.234415 
0.0271193 0.067574 0.104075 
0.214038 0.195219 0.176274 
0.451575 0.3536 0.260165 
0.511161 0.367501 0.236131 
0.388018 0.25034 0.134334 
0.213895 0.115144 0.0464327 
0.0925557 0.0348819 0.0122933 
0.0404398 0.00700522 0.00768763 
0.0377017 0.00962037 0.00589002 
0.077129 0.0411174 0.0117312 
0.154214 0.101546 0.0381617 
0.24304 0.168257 0.0795631 
0.307211 0.210112 0.12005 
0.330241 0.216502 0.151725 
0.324736 0.200712 0.171598 
0.314987 0.180846 0.170831 
0.3172 0.167454 0.142901 
0.331625 0.164945 0.10054 
0.34369 0.171996 0.070775 
0.332038 0.177579 0.0681878 
0.283112 0.164959 0.0798857 
0.202801 0.126112 0.0817258 
0.113668 0.071895 0.0664169 
0.0412803 0.0271628 0.053108 
0.00350568 0.0164625 0.0718108 
0.00715259 0.0508611 0.139327 
0.0455076 0.120702 0.245012 
0.0966381 0.197164 0.353982 
0.13137 0.245445 0.424639 
0.130993 0.24413 0.42944 
0.0992292 0.196481 0.366464 
0.0562943 0.125295 0.257571 
0.0220924 0.0581128 0.138472 
0.00470504 0.014598 0.0459405 
0.000576933 0.000321135 0.00304448 
0.00173925 0.00630547 0.00696058 
0.00487355 0.0162647 0.0309159 
0.0185034 0.0210421 0.0448522 
0.0614349 0.02914 0.0396986 
0.147404 0.0597487 0.032067 
0.264606 0.120772 0.0441108 
0.370539 0.192966 0.0788483 
0.413913 0.238718 0.115475 
0.370344 0.230222 0.127984 
0.262588 0.171897 0.107529 
0.146936 0.0968509 0.0675629 
0.0758162 0.0414533 0.0298466 
0.0657783 0.0210386 0.00756305 
0.0935979 0.0257407 0.000981136 
0.119315 0.0351623 0.00504131 
0.115882 0.0356601 0.0167142 
0.0841722 0.0267052 0.034641 
0.0458011 0.0155616 0.0551968 
0.022618 0.00840255 0.0723274 
0.0204615 0.00588176 0.0818822 
0.0295507 0.00535273 0.0851185 
0.0377128 0.0053079 0.0869033 
0.041533 0.00645958 0.0900799 
0.0481434 0.0114919 0.0939394 
0.075144 0.0315644 0.104263 
0.152594 0.0965765 0.147986 
0.312421 0.247299 0.268331 
0.554182 0.495798 0.485888 
0.813798 0.783961 0.753635 
0.98349 0.995814 0.961567 
0.987694 1.03576 1.00856 
0.849522 0.907417 0.883335 
0.677099 0.713362 0.674867 
0.578652 0.573718 0.501537 
0.587737 0.543246 0.429991 
0.660566 0.596758 0.45325 
0.727536 0.673353 0.525085 
0.73935 0.721427 0.598683 
0.678239 0.712151 0.639423 
0.550092 0.635532 0.624928 
0.379135 0.500476 0.551006 
0.204945 0.337154 0.438109 
0.0714611 0.188877 0.323705 
0.00798625 0.0925234 0.241455 
