0.628752 0.432589 0.352597 
1.06542 0.666871 0.418059 
1.44446 0.854775 0.43413 
1.65212 0.943454 0.408554 
1.61927 0.907401 0.365034 
1.35422 0.761456 0.332008 
0.950551 0.562627 0.333461 
0.55315 0.394125 0.389042 
0.292735 0.332341 0.516469 
0.224581 0.408105 0.720536 
0.30894 0.583107 0.96777 
0.444177 0.761379 1.17271 
0.528602 0.837551 1.22637 
0.510944 0.756599 1.06377 
0.403188 0.546077 0.722803 
0.258387 0.297057 0.339815 
0.13517 0.105567 0.0724393 
0.0701456 0.0152006 0.00195698 
0.0690606 0.00132928 0.0891241 
0.118514 0.00726229 0.217171 
0.210772 0.00332521 0.285824 
0.361837 0.0192632 0.279435 
0.599288 0.117733 0.255964 
0.918516 0.32554 0.273262 
1.24443 0.583246 0.325249 
1.44874 0.768592 0.351049 
1.42997 0.786501 0.308534 
1.19512 0.648971 0.234816 
0.861677 0.464807 0.221525 
0.566353 0.340113 0.31739 
0.36283 0.284086 0.455485 
0.212636 0.220455 0.494422 
0.0821323 0.101911 0.35424 
0.0412408 0.0100533 0.120467 
0.242868 0.120709 9.04912e-05 
0.776749 0.54176 0.147289 
1.52788 1.16764 0.510503 
2.18647 1.6997 0.848692 
2.42808 1.83918 0.916426 
2.1288 1.50165 0.662279 
1.44566 0.878327 0.271056 
0.705541 0.300265 0.0194704 
0.198049 0.0215193 0.0734358 
0.0273171 0.0863058 0.389886 
0.10873 0.355438 0.779931 
0.276275 0.636221 1.05517 
0.399198 0.801661 1.13481 
0.431548 0.827966 1.05485 
0.391474 0.761177 0.910295 
0.318363 0.667322 0.795194 
0.250937 0.604345 0.773534 
0.22888 0.614145 0.870888 
0.290604 0.714107 1.06721 
0.448613 0.881083 1.29223 
0.659092 1.04448 1.44151 
0.824084 1.10994 1.4214 
0.844223 1.01231 1.20364 
0.690834 0.765201 0.853088 
0.436487 0.464681 0.502002 
0.209633 0.233862 0.278452 
0.104671 0.143939 0.232328 
0.122221 0.172799 0.310457 
0.189259 0.235474 0.400858 
0.235599 0.259608 0.414027 
0.25238 0.239097 0.338742 
0.279863 0.220011 0.230732 
0.343575 0.237388 0.150317 
0.408511 0.26858 0.109345 
0.402571 0.253178 0.0772181 
0.29241 0.164869 0.0383431 
0.141489 0.0665164 0.0406847 
0.0887573 0.0864935 0.176914 
0.250329 0.319737 0.499236 
0.614638 0.728309 0.937386 
1.0189 1.13154 1.30368 
1.24114 1.3136 1.40604 
1.15138 1.17867 1.19379 
0.808545 0.831756 0.816018 
0.4219 0.511386 0.530129 
0.201973 0.419071 0.521404 
0.218649 0.580335 0.776035 
0.377593 0.847043 1.10918 
0.521698 1.02891 1.31714 
0.557969 1.03399 1.3194 
0.501419 0.903361 1.1773 
0.4181 0.73293 0.997303 
0.344497 0.576257 0.826964 
0.267979 0.42241 0.640318 
0.176551 0.254275 0.409306 
0.112001 0.111922 0.175182 
0.162049 0.0888517 0.0436535 
0.393316 0.261518 0.107378 
0.785954 0.616821 0.366112 
1.22818 1.0413 0.711939 
1.57585 1.3807 0.989345 
1.73087 1.52401 1.08384 
1.68329 1.45364 0.979232 
1.49395 1.23456 0.752637 
1.23893 0.960085 0.519655 
0.961874 0.698689 0.371044 
0.671057 0.479349 0.340742 
0.380348 0.318254 0.417163 
0.153227 0.252944 0.575755 
0.0991988 0.341562 0.797542 
0.307146 0.616028 1.05768 
0.75843 1.02578 1.30335 
1.29454 1.42992 1.45722 
1.68405 1.66406 1.46084 
1.757 1.6441 1.3287 
1.51285 1.42788 1.16038 
1.11806 1.17886 1.08437 
0.790357 1.05104 1.1652 
0.654462 1.08048 1.3456 
0.676026 1.16729 1.47628 
0.716314 1.16113 1.41895 
0.65422 0.980668 1.14672 
0.474275 0.671991 0.76419 
0.257218 0.364314 0.431413 
0.096647 0.166778 0.252343 
0.024113 0.0957271 0.215459 
0.00700235 0.0897645 0.230015 
0.0101776 0.0904859 0.221738 
0.0532111 0.110431 0.203915 
0.203113 0.224941 0.263438 
0.506324 0.495186 0.475507 
0.921755 0.891187 0.820986 
1.31673 1.28284 1.17635 
1.53417 1.50885 1.38446 
1.48266 1.4717 1.35082 
1.18765 1.19176 1.09591 
0.773908 0.789478 0.73402 
0.395888 0.414759 0.402226 
0.159777 0.170906 0.189757 
0.0803702 0.0751072 0.106596 
0.093041 0.0713796 0.100354 
0.109513 0.0819622 0.103218 
0.0804205 0.0627123 0.0780033 
0.0239037 0.0275453 0.0364578 
0.00379235 0.0288653 0.0219121 
0.0774036 0.112191 0.0721868 
0.252822 0.279993 0.190778 
0.483186 0.488561 0.34489 
0.694731 0.674023 0.486445 
0.824156 0.784654 0.577071 
0.843116 0.799688 0.601355 
0.762839 0.73029 0.566269 
0.62311 0.609047 0.493281 
0.472508 0.474955 0.408573 
0.347793 0.358874 0.333592 
0.262191 0.274868 0.278722 
0.209101 0.22164 0.243542 
0.176496 0.191306 0.222563 
0.157914 0.176202 0.209773 
0.15066 0.168041 0.197574 
0.147652 0.155205 0.175274 
0.137473 0.128415 0.136003 
0.115989 0.093565 0.0900886 
0.0950704 0.0758098 0.0687826 
0.0933974 0.102375 0.105346 
0.115251 0.174629 0.203784 
0.140821 0.257191 0.324423 
0.141847 0.299448 0.404901 
0.108025 0.272717 0.402048 
0.0565655 0.189953 0.319689 
0.0161387 0.0933611 0.202221 
0.00459113 0.0267124 0.106201 
0.023111 0.0177935 0.075881 
0.0663782 0.0766639 0.133282 
0.129891 0.196477 0.27422 
0.204441 0.349002 0.463564 
0.268791 0.484781 0.63819 
0.295747 0.550175 0.728589 
0.269946 0.515768 0.693074 
0.201032 0.395532 0.542682 
0.120549 0.241962 0.339003 
0.0655555 0.120272 0.165441 
0.0595355 0.0763036 0.0869062 
0.0995487 0.113433 0.117158 
0.156192 0.19044 0.21115 
0.189771 0.245295 0.291032 
0.175952 0.234421 0.294772 
0.122486 0.161085 0.215754 
0.0616423 0.0698193 0.102977 
0.023907 0.0106772 0.0215153 
0.0164153 0.00344164 0.00601266 
0.0238324 0.0300327 0.0432535 
0.0267197 0.0560028 0.0913996 
0.0183228 0.0585281 0.113758 
0.00733582 0.0392568 0.10024 
0.00899167 0.0176999 0.0663437 
0.0336797 0.0148315 0.0369917 
0.0804225 0.0393636 0.0289597 
0.138937 0.0848391 0.0428393 
0.1992 0.137698 0.0673978 
0.259883 0.187345 0.0895669 
0.324511 0.227153 0.0998508 
0.38578 0.246569 0.0914135 
0.415803 0.228931 0.0624206 
0.380496 0.1669 0.0279877 
0.272554 0.0849677 0.0297509 
0.132882 0.0413605 0.121571 
0.0346211 0.0951096 0.328917 
0.0365692 0.258932 0.6119 
0.141748 0.478179 0.870031 
0.293656 0.657527 0.995145 
0.412115 0.717436 0.936122 
0.441679 0.639235 0.72712 
0.380709 0.46958 0.461026 
0.276501 0.287013 0.232097 
0.193846 0.15709 0.0897214 
0.176932 0.103267 0.0290269 
0.225011 0.105236 0.0138042 
0.294656 0.119923 0.00887783 
0.328638 0.111634 0.00148633 
0.295602 0.0755427 0.00427101 
0.213688 0.040675 0.0423842 
0.137837 0.047624 0.131457 
0.117425 0.113808 0.257594 
0.158411 0.213667 0.374749 
0.223447 0.294261 0.428292 
0.269111 0.316567 0.392477 
0.283687 0.286126 0.29151 
0.289471 0.244046 0.182722 
0.310756 0.227125 0.113918 
0.342519 0.23557 0.0920086 
0.35099 0.237239 0.0886995 
0.303924 0.200802 0.0731707 
0.201974 0.125741 0.0394731 
0.0850451 0.0451371 0.00745943 
0.00950701 0.00271059 0.00271559 
0.0124757 0.0229554 0.0351028 
0.0868573 0.0940715 0.0905739 
0.184312 0.174016 0.139305 
0.245404 0.216282 0.154249 
0.236547 0.198704 0.128383 
0.167804 0.135047 0.0783258 
0.0810914 0.06195 0.0311854 
0.020876 0.0132001 0.00551215 
0.00879679 0.00106524 0.00187461 
0.0357562 0.0148803 0.0083002 
0.0724371 0.0331022 0.012592 
0.0905943 0.0388892 0.0107817 
0.0816369 0.0298525 0.00730073 
0.0585067 0.0158607 0.00849404 
0.0397883 0.00703121 0.0146143 
0.0347456 0.00522676 0.0182879 
0.0490187 0.011486 0.0144052 
0.102929 0.0413932 0.013037 
0.229731 0.122762 0.036678 
0.439398 0.265366 0.0961405 
0.681608 0.431164 0.168487 
