0.252419 0.786581 1.31312 
0.457466 1.12086 1.6098 
0.762111 1.53264 1.93562 
1.03802 1.85928 2.13911 
1.18446 1.98953 2.13567 
1.1664 1.90024 1.93156 
1.01616 1.64634 1.59989 
0.802328 1.31769 1.23104 
0.588046 0.992913 0.891065 
0.405588 0.717344 0.610966 
0.261825 0.513326 0.405734 
0.167885 0.407849 0.301528 
0.16846 0.450886 0.344885 
0.34423 0.704379 0.582144 
0.77701 1.20315 1.02036 
1.49264 1.911 1.5972 
2.41519 2.70342 2.18528 
3.36493 3.39571 2.63623 
4.11027 3.8089 2.84401 
4.45317 3.84181 2.79212 
4.30685 3.51095 2.55645 
3.72717 2.93716 2.26075 
2.88384 2.28717 2.01031 
1.98895 1.70275 1.84193 
1.22011 1.25436 1.71808 
0.672493 0.938068 1.56474 
0.353701 0.708011 1.32646 
0.211319 0.518073 1.00352 
0.171102 0.347249 0.650699 
0.166865 0.199698 0.343473 
0.155502 0.0888762 0.136945 
0.12063 0.0227018 0.0436737 
0.0702643 9.4518e-05 0.040052 
0.0301712 0.0165669 0.0904555 
0.0319237 0.0690539 0.168844 
0.0972495 0.153278 0.263849 
0.225437 0.256331 0.368646 
0.392061 0.353474 0.468473 
0.561618 0.415523 0.538403 
0.707095 0.4239 0.553821 
0.823595 0.38279 0.505136 
0.926434 0.318575 0.405133 
1.03477 0.265494 0.283395 
1.15222 0.246422 0.171814 
1.2581 0.261131 0.0908387 
1.31593 0.289189 0.0443719 
1.29389 0.304932 0.0246693 
1.18511 0.294926 0.0224409 
1.01611 0.268056 0.0355895 
0.839697 0.253957 0.0725093 
0.717244 0.292262 0.149825 
0.699235 0.418789 0.286977 
0.811706 0.654231 0.500196 
1.05141 0.997975 0.797183 
1.38839 1.42696 1.17274 
1.77312 1.8985 1.60567 
2.14593 2.35658 2.0581 
2.44778 2.74138 2.47911 
2.63189 3.00179 2.81412 
2.67459 3.10848 3.01874 
2.58259 3.0635 3.07305 
2.39287 2.90152 2.9896 
2.16305 2.67992 2.80982 
1.95359 2.4595 2.58826 
1.80756 2.28279 2.37085 
1.73617 2.15958 2.17765 
1.71689 2.06674 1.99909 
1.70534 1.96282 1.80774 
1.65575 1.81023 1.57884 
1.54036 1.59382 1.30795 
1.35907 1.32727 1.01606 
1.13638 1.04541 0.740588 
0.908797 0.78827 0.518248 
0.710056 0.585656 0.370088 
0.561073 0.449363 0.29578 
0.467523 0.374565 0.27831 
0.423839 0.347233 0.294519 
0.419878 0.352533 0.325166 
0.446642 0.380509 0.360393 
0.499228 0.42809 0.400144 
0.57713 0.498557 0.451708 
0.683173 0.600134 0.526962 
0.822394 0.744725 0.640616 
1.0015 0.946838 0.809265 
1.22863 1.22219 1.05028 
1.51274 1.58547 1.37965 
1.86168 2.04688 1.80838 
2.27886 2.60758 2.33741 
2.75844 3.25397 2.95168 
3.27985 3.95179 3.61414 
3.80278 4.64156 4.26213 
4.26512 5.23839 4.80917 
4.58709 5.64027 5.15554 
4.68507 5.74721 5.209 
4.49541 5.48984 4.9125 
4.00283 4.86009 4.271 
3.26239 3.93123 3.36573 
2.40149 2.8546 2.34605 
1.59412 1.82745 1.39593 
1.01131 1.03826 0.683022 
0.764734 0.608354 0.307393 
0.867365 0.553288 0.270468 
1.22975 0.78152 0.478015 
1.69536 1.13222 0.777642 
2.10009 1.43669 1.01607 
2.32962 1.57708 1.09253 
2.3504 1.51836 0.986441 
2.20393 1.30299 0.749975 
1.97228 1.01593 0.472466 
1.73539 0.740349 0.236208 
1.54115 0.525804 0.0849512 
1.39874 0.380682 0.0174252 
1.29166 0.286211 0.00376094 
1.19726 0.218581 0.0111808 
1.09973 0.164459 0.0227575 
0.991764 0.122691 0.0399689 
0.869319 0.0955324 0.0711228 
0.728626 0.0793682 0.116342 
0.570992 0.0637243 0.160791 
0.412816 0.0399475 0.181237 
0.291405 0.0126275 0.161498 
0.257189 0.00352863 0.105932 
0.350783 0.0420203 0.0409651 
0.574566 0.145385 0.00231897 
0.875762 0.300936 0.0152654 
1.15554 0.463432 0.080659 
1.3059 0.573511 0.176454 
1.2593 0.5895 0.274236 
1.0252 0.514248 0.359419 
0.690953 0.398605 0.440144 
0.382671 0.315838 0.53712 
0.20451 0.319798 0.660667 
0.18937 0.411969 0.79206 
0.288777 0.539047 0.8851 
0.407073 0.624109 0.890207 
0.458339 0.61241 0.78636 
0.41124 0.502723 0.598789 
0.296287 0.344609 0.38885 
0.175462 0.204941 0.221556 
0.0982253 0.127273 0.131921 
0.0740428 0.110863 0.111793 
0.0768125 0.120719 0.123982 
0.0727588 0.117893 0.131556 
0.0483646 0.0868268 0.121261 
0.0184869 0.0419148 0.106908 
0.0121289 0.0126405 0.114554 
0.0498447 0.0216694 0.163486 
0.130266 0.0722474 0.256773 
0.233202 0.150885 0.384711 
0.333184 0.238707 0.533774 
0.411447 0.320337 0.691409 
0.459268 0.384755 0.843562 
0.475003 0.42164 0.970126 
0.461903 0.420507 1.04579 
0.430352 0.375945 1.04865 
0.400977 0.294929 0.971435 
0.401884 0.198857 0.827281 
0.457451 0.1166 0.645684 
0.573975 0.0720149 0.461068 
0.731933 0.0737982 0.300904 
0.891331 0.113774 0.179359 
1.00812 0.173643 0.0980183 
1.05245 0.234986 0.0510694 
1.01892 0.286503 0.0311608 
0.924717 0.32564 0.033288 
0.79894 0.355714 0.0557894 
0.670274 0.381446 0.0985411 
0.559022 0.405214 0.159132 
0.47513 0.424971 0.22882 
0.42027 0.434042 0.291029 
0.391005 0.423066 0.324733 
0.381256 0.384071 0.312651 
0.38396 0.31567 0.250923 
0.392677 0.227358 0.155207 
0.403786 0.140822 0.0595087 
0.419246 0.0874343 0.00776618 
0.449155 0.102668 0.0417187 
0.512573 0.218872 0.189638 
0.634635 0.457494 0.458974 
0.838577 0.821349 0.833641 
1.13341 1.28805 1.27557 
1.50124 1.80719 1.73053 
1.89076 2.30492 2.13876 
2.22315 2.69805 2.44959 
2.41236 2.91602 2.63662 
2.39444 2.92368 2.70711 
2.15473 2.73554 2.69979 
1.73992 2.41367 2.66975 
1.24754 2.04827 2.66529 
0.795065 1.72798 2.70697 
0.480689 1.51183 2.77891 
0.351985 1.41437 2.83658 
0.394977 1.40866 2.82751 
0.546556 1.44388 2.71475 
0.722789 1.46799 2.49191 
0.849844 1.44546 2.18408 
0.885303 1.36423 1.83586 
0.823917 1.23229 1.49407 
0.689457 1.06833 1.19337 
0.519323 0.892084 0.949845 
0.349622 0.718085 0.762584 
0.206076 0.553733 0.619536 
0.102541 0.40116 0.504041 
0.0454844 0.261388 0.400127 
0.0406331 0.139178 0.296767 
0.0973966 0.0465846 0.191691 
0.227896 0.00309466 0.0941719 
0.440246 0.0310923 0.0250349 
0.729171 0.147481 0.012325 
1.06935 0.35472 0.0829766 
1.41636 0.635608 0.25304 
1.71656 0.954778 0.519962 
1.92224 1.26646 0.859379 
2.00495 1.52487 1.22685 
1.96102 1.69274 1.56368 
1.80734 1.74573 1.80616 
1.57175 1.67408 1.89847 
1.28479 1.48424 1.80865 
0.977061 1.20177 1.54359 
0.68093 0.872059 1.15533 
0.430677 0.553984 0.730938 
0.256613 0.30423 0.364786 
0.174888 0.15779 0.12323 
0.1811 0.115898 0.0197589 
0.255343 0.150825 0.0159644 
0.377752 0.226166 0.0492186 
0.542825 0.318824 0.0702215 
0.757902 0.42533 0.0659059 
1.02158 0.546181 0.0533832 
1.29598 0.661028 0.0529192 
1.4983 0.719687 0.0655318 
1.52915 0.666194 0.0781442 
1.33001 0.487486 0.0956878 
0.93522 0.252706 0.172417 
0.478879 0.105731 0.407235 
0.140835 0.200288 0.890324 
0.0567094 0.608514 1.62737 
0.245137 1.26017 2.49401 
0.599144 1.95813 3.26295 
0.948988 2.47022 3.70245 
1.15737 2.64693 3.69506 
1.18747 2.49546 3.30623 
1.10428 2.16646 2.75882 
1.01566 1.86452 2.32567 
0.998103 1.73937 2.20101 
1.05665 1.82142 2.42094 
1.13894 2.0316 2.86959 
1.18358 2.24672 3.3557 
1.16308 2.37199 3.70835 
1.09255 2.37831 3.84054 
1.00591 2.2929 3.75833 
