0.336478 0.537847 0.55719 
0.461863 0.619802 0.596763 
0.467333 0.581772 0.552056 
0.443706 0.519069 0.490971 
0.501064 0.523082 0.468865 
0.647614 0.593682 0.480766 
0.778473 0.647971 0.479593 
0.778542 0.609509 0.435523 
0.636619 0.48917 0.374722 
0.464066 0.382505 0.359185 
0.40491 0.389282 0.427531 
0.521338 0.53029 0.553825 
0.75161 0.732922 0.664091 
0.964542 0.889866 0.694965 
1.05138 0.931405 0.638892 
0.978479 0.850992 0.535715 
0.777294 0.680442 0.427664 
0.508732 0.46105 0.333282 
0.24356 0.245561 0.269572 
0.0568154 0.109958 0.285547 
0.00464307 0.126923 0.443351 
0.0799675 0.297883 0.739769 
0.194042 0.511088 1.04722 
0.230338 0.596886 1.16421 
0.146871 0.462408 0.966656 
0.0350064 0.192023 0.536151 
0.0632926 0.00852361 0.137455 
0.33887 0.110528 0.0448907 
0.804067 0.518658 0.354641 
1.26107 1.05831 0.931733 
1.50446 1.48568 1.51937 
1.45088 1.64616 1.9068 
1.1697 1.54532 2.02781 
0.811368 1.30346 1.94474 
0.508018 1.05678 1.76751 
0.319793 0.886454 1.58282 
0.244 0.808402 1.43048 
0.25338 0.802637 1.31572 
0.32346 0.843538 1.22961 
0.434645 0.909515 1.15924 
0.560627 0.975287 1.08604 
0.662001 1.00354 0.982039 
0.695221 0.951026 0.816438 
0.63314 0.791507 0.578169 
0.483593 0.541797 0.303366 
0.291848 0.269403 0.0830739 
0.121915 0.0683351 0.0314237 
0.0256891 0.0115537 0.221363 
0.0181804 0.108344 0.625629 
0.0740921 0.295991 1.10773 
0.146631 0.473632 1.47945 
0.194374 0.556877 1.59486 
0.19921 0.518348 1.42214 
0.17119 0.393979 1.04994 
0.152004 0.265308 0.63442 
0.227985 0.243977 0.33468 
0.539946 0.467221 0.279685 
1.25284 1.07882 0.564186 
2.45959 2.16189 1.23322 
4.0523 3.6339 2.23084 
5.65865 5.18044 3.34879 
6.73997 6.32042 4.25041 
6.84614 6.61819 4.60519 
5.88472 5.93059 4.27074 
4.20863 4.51349 3.39058 
2.43392 2.89092 2.31914 
1.09946 1.56543 1.41723 
0.40517 0.772544 0.866959 
0.199537 0.44064 0.633994 
0.185542 0.347097 0.576059 
0.157299 0.316997 0.58341 
0.0978583 0.315755 0.640398 
0.117165 0.410388 0.794492 
0.33148 0.67983 1.09725 
0.782945 1.15285 1.56979 
1.4173 1.78416 2.18596 
2.08999 2.44511 2.8485 
2.59308 2.93465 3.37644 
2.72499 3.04347 3.55292 
2.39742 2.66827 3.24052 
1.71476 1.90324 2.48974 
0.949115 1.02202 1.54276 
0.402761 0.338371 0.709319 
0.241221 0.0345745 0.198657 
0.409394 0.0768603 0.0280281 
0.685452 0.270927 0.0636571 
0.832154 0.409105 0.147903 
0.744437 0.404222 0.212758 
0.501275 0.32615 0.305272 
0.296096 0.32879 0.521107 
0.299123 0.526498 0.904219 
0.546587 0.907011 1.38786 
0.927292 1.3372 1.81905 
1.26399 1.64968 2.04774 
1.42189 1.74228 2.01486 
1.36951 1.62157 1.77743 
1.16628 1.37341 1.46095 
0.905952 1.09882 1.18407 
0.662808 0.865811 1.01065 
0.468157 0.698788 0.948194 
0.318796 0.593679 0.971598 
0.204134 0.538097 1.04445 
0.130592 0.523798 1.12915 
0.120441 0.545938 1.19163 
0.180182 0.589418 1.20379 
0.26819 0.615755 1.14317 
0.306257 0.573472 0.995688 
0.242347 0.437907 0.768423 
0.109343 0.247923 0.503643 
0.0104758 0.0925768 0.269879 
0.0298487 0.0432222 0.121945 
0.151658 0.0902647 0.0613214 
0.273839 0.152519 0.0415238 
0.306468 0.15673 0.0205481 
0.253759 0.107276 0.00608527 
0.196063 0.0728633 0.0404336 
0.197325 0.106624 0.139697 
0.240742 0.188129 0.259009 
0.256563 0.247719 0.329247 
0.201973 0.240076 0.326933 
0.103962 0.184344 0.29725 
0.0282621 0.134415 0.302653 
0.0190344 0.12287 0.35485 
0.072134 0.141262 0.405074 
0.154025 0.165959 0.398718 
0.230794 0.186523 0.329607 
0.278423 0.20336 0.237342 
0.281653 0.209621 0.161165 
0.240255 0.191805 0.108954 
0.178743 0.15248 0.0719642 
0.13816 0.12252 0.0566416 
0.145408 0.138316 0.0873497 
0.186626 0.202181 0.174112 
0.215166 0.268996 0.284861 
0.193009 0.278674 0.358934 
0.130321 0.207821 0.353587 
0.0871872 0.0939824 0.279517 
0.134111 0.0107409 0.191729 
0.30173 0.0148779 0.144507 
0.55641 0.107882 0.150606 
0.816259 0.238578 0.177772 
0.993405 0.339829 0.181286 
1.03469 0.369342 0.142142 
0.939563 0.327368 0.0795779 
0.751243 0.245254 0.0309406 
0.532118 0.159674 0.0189207 
0.338449 0.0932438 0.0346582 
0.204601 0.0522234 0.0502027 
0.138867 0.0365702 0.0488886 
0.127827 0.0496447 0.0476039 
0.145681 0.098982 0.0917706 
0.166133 0.189782 0.225703 
0.173991 0.318781 0.459702 
0.171572 0.473136 0.756216 
0.174565 0.631637 1.0416 
0.196517 0.763332 1.23259 
0.230514 0.825657 1.26245 
0.245049 0.773611 1.10179 
0.20801 0.589618 0.777583 
0.131679 0.323298 0.386697 
0.102474 0.104571 0.0826887 
0.251186 0.092835 0.0135097 
0.657374 0.369195 0.224491 
1.24887 0.843349 0.59365 
1.79169 1.26777 0.876462 
2.01278 1.38422 0.865552 
1.78339 1.10969 0.559762 
1.21759 0.60929 0.194119 
0.595618 0.180424 0.0763689 
0.169349 0.0332628 0.344633 
0.0105763 0.149714 0.847671 
0.0176041 0.334065 1.25579 
0.0469107 0.395525 1.31119 
0.0339723 0.293057 1.00745 
0.00524601 0.1278 0.560123 
0.00561535 0.0207768 0.2183 
0.0379489 0.00687457 0.0896127 
0.0721963 0.0329398 0.108948 
0.0952469 0.0358102 0.140551 
0.138746 0.0144427 0.105238 
0.260599 0.0395569 0.0369764 
0.505326 0.207646 0.0491515 
0.874704 0.577396 0.250167 
1.31616 1.12028 0.662116 
1.72587 1.70668 1.18569 
1.97411 2.14423 1.63497 
1.95969 2.26522 1.83141 
1.67143 2.01976 1.70347 
1.20923 1.50954 1.32328 
0.736632 0.930172 0.853011 
0.393327 0.46152 0.444483 
0.23289 0.186957 0.171186 
0.227431 0.0924019 0.0345422 
0.318312 0.122715 0.015048 
0.456017 0.230889 0.105235 
0.597801 0.381607 0.295743 
0.68754 0.530007 0.544671 
0.665651 0.622671 0.778696 
0.521855 0.636189 0.936195 
0.346835 0.617947 1.0138 
0.320878 0.680003 1.07109 
0.620938 0.934286 1.18659 
1.29635 1.40862 1.39893 
2.19895 2.00228 1.67351 
3.02555 2.51488 1.91088 
3.45917 2.73722 1.9895 
3.3307 2.55741 1.8252 
2.70595 2.02562 1.4246 
1.84598 1.33761 0.902071 
1.06436 0.737928 0.435095 
0.567784 0.392737 0.169248 
0.374911 0.310336 0.132234 
0.354516 0.363672 0.227083 
0.344121 0.399228 0.319119 
0.260996 0.350015 0.347984 
0.133545 0.265908 0.365017 
0.0468512 0.242832 0.458972 
0.0580909 0.318041 0.639261 
0.150101 0.426564 0.793778 
0.251736 0.457639 0.774239 
0.298527 0.358905 0.539423 
0.279568 0.191572 0.221503 
0.233751 0.0825639 0.0409483 
0.203828 0.113035 0.132412 
0.193494 0.243693 0.432181 
0.169929 0.34832 0.73023 
0.110992 0.329119 0.843423 
0.0490563 0.208122 0.754303 
0.0600404 0.106117 0.591643 
0.198825 0.126811 0.48144 
0.443597 0.261035 0.425662 
0.712998 0.411792 0.33829 
0.946579 0.517549 0.20079 
1.16189 0.638372 0.15797 
1.41251 0.893734 0.417106 
1.6772 1.29587 1.01646 
1.80531 1.65507 1.69378 
1.61267 1.69084 2.02604 
1.07163 1.28388 1.75991 
0.416679 0.639445 1.04769 
0.0318146 0.182993 0.359983 
0.178233 0.245626 0.129874 
0.781853 0.79931 0.427987 
1.46683 1.46998 0.939678 
1.81597 1.8164 1.24324 
1.65021 1.63978 1.13379 
1.11603 1.08368 0.730106 
0.540381 0.480198 0.320311 
0.192524 0.100452 0.120989 
0.133515 0.00581076 0.153292 
0.234403 0.0758716 0.295869 
