1.17872 1.26871 1.12955 
1.06016 1.13525 0.927938 
0.647052 0.701407 0.488927 
0.322277 0.346878 0.190984 
0.471665 0.416488 0.318526 
1.14578 0.913493 0.798567 
1.97523 1.4771 1.24833 
2.42467 1.66911 1.29593 
2.18838 1.3254 0.890309 
1.41316 0.677824 0.333708 
0.57105 0.150561 0.0175238 
0.0879251 0.00990386 0.0975084 
0.0397898 0.173356 0.394085 
0.174351 0.347 0.605102 
0.225397 0.3613 0.632857 
0.211254 0.377554 0.708109 
0.417843 0.744901 1.172 
1.07511 1.6259 2.10884 
2.04808 2.75324 3.18749 
2.86063 3.57263 3.88397 
3.04825 3.66015 3.89111 
2.52057 3.04128 3.34204 
1.61678 2.14126 2.66102 
0.831949 1.44139 2.20726 
0.471652 1.15473 2.03767 
0.505577 1.1627 1.95569 
0.679015 1.19457 1.73797 
0.737552 1.05415 1.31504 
0.586964 0.727185 0.787569 
0.313595 0.344289 0.324691 
0.0996363 0.0742922 0.0544812 
0.105129 0.0257586 0.00994905 
0.371432 0.192071 0.128656 
0.779752 0.448135 0.284218 
1.09157 0.605078 0.342369 
1.08015 0.52242 0.241108 
0.704869 0.237162 0.0699042 
0.206869 0.0145787 0.0831605 
0.005044 0.227963 0.583262 
0.405845 1.08946 1.695 
1.33068 2.41753 3.18319 
2.31118 3.66526 4.49913 
2.80101 4.24675 5.08579 
2.56188 3.92518 4.7322 
1.79941 2.94474 3.69079 
0.955197 1.81119 2.46718 
0.37195 0.935413 1.47846 
0.121515 0.438778 0.862367 
0.0789793 0.218033 0.53586 
0.0946992 0.1254 0.368355 
0.0926025 0.0799793 0.289382 
0.0653011 0.0670826 0.284684 
0.0398142 0.0997307 0.355993 
0.0600768 0.200352 0.508061 
0.167258 0.38962 0.749539 
0.361998 0.658091 1.07222 
0.580721 0.941539 1.4195 
0.723773 1.13945 1.6894 
0.72128 1.17564 1.78936 
0.580764 1.05226 1.70318 
0.377714 0.84961 1.50956 
0.201455 0.670971 1.33046 
0.101217 0.577431 1.24958 
0.070377 0.564107 1.26971 
0.0740963 0.591455 1.34026 
0.0911779 0.634386 1.41588 
0.130176 0.696512 1.47924 
0.2067 0.778661 1.51174 
0.312303 0.848164 1.46832 
0.415322 0.85694 1.30943 
0.4921 0.791641 1.06007 
0.544483 0.68916 0.810178 
0.578487 0.590398 0.633383 
0.578765 0.491101 0.513325 
0.525668 0.360737 0.375265 
0.437661 0.208664 0.193531 
0.371175 0.102054 0.0404786 
0.359595 0.097004 0.00907182 
0.366225 0.167196 0.104178 
0.323704 0.229704 0.24049 
0.218917 0.239968 0.343567 
0.112033 0.23033 0.415189 
0.0627011 0.243985 0.483346 
0.067211 0.266497 0.526791 
0.097393 0.261995 0.499031 
0.18199 0.263291 0.422184 
0.397106 0.369729 0.401271 
0.752601 0.624039 0.508501 
1.11788 0.917667 0.675955 
1.30156 1.06116 0.745484 
1.213 0.956314 0.630089 
0.933071 0.68038 0.399222 
0.631802 0.400871 0.196955 
0.440496 0.233275 0.102412 
0.405248 0.191794 0.0894151 
0.525976 0.246693 0.100841 
0.795986 0.386181 0.124271 
1.19588 0.613744 0.187306 
1.67561 0.912403 0.305687 
2.167 1.23643 0.458517 
2.61582 1.53702 0.608122 
2.99318 1.7837 0.726775 
3.27335 1.95885 0.801904 
3.40597 2.04039 0.828 
3.31771 1.99725 0.802354 
2.95295 1.80483 0.726248 
2.32945 1.46943 0.606032 
1.5653 1.04385 0.454608 
0.844122 0.618365 0.294474 
0.327249 0.284148 0.155568 
0.0699143 0.0882088 0.0620012 
0.00533272 0.0130476 0.0167856 
0.0115604 0.000152944 0.00269549 
0.00809874 3.10357e-05 0.00233245 
0.00532848 0.00632669 0.0155559 
0.0730766 0.0462067 0.0516678 
0.264327 0.141974 0.105116 
0.561386 0.284996 0.149441 
0.880617 0.44336 0.164907 
1.11746 0.583671 0.167633 
1.19229 0.677021 0.195806 
1.07921 0.691816 0.258854 
0.822038 0.603618 0.310374 
0.532252 0.429318 0.288049 
0.34817 0.245721 0.184267 
0.356249 0.150772 0.0661248 
0.52458 0.186145 0.0150002 
0.712605 0.294302 0.0471586 
0.765205 0.360295 0.100314 
0.622412 0.307144 0.100671 
0.35802 0.160986 0.0422361 
0.119922 0.0307751 0.00162784 
0.0234608 0.0227286 0.0760671 
0.0796811 0.160843 0.300557 
0.208559 0.376313 0.615754 
0.323232 0.574381 0.915927 
0.416091 0.724545 1.13975 
0.569182 0.893108 1.32439 
0.869356 1.17867 1.56752 
1.30034 1.60249 1.92615 
1.72254 2.06293 2.35063 
1.97748 2.41076 2.72334 
2.02423 2.57579 2.96038 
1.96891 2.61164 3.06183 
1.95134 2.60873 3.05643 
2.0022 2.57264 2.9165 
2.01512 2.40671 2.56125 
1.85527 2.02062 1.96091 
1.48714 1.44549 1.22458 
1.00072 0.832858 0.561088 
0.534534 0.347316 0.142181 
0.192778 0.0707325 0.00453731 
0.0290826 0.00187318 0.0761625 
0.0729272 0.114547 0.271222 
0.33136 0.381936 0.535992 
0.751859 0.741536 0.812265 
1.2031 1.06824 0.998714 
1.52396 1.22098 0.990782 
1.61416 1.1356 0.770309 
1.48765 0.87179 0.440404 
1.24491 0.566612 0.15666 
0.997653 0.342716 0.0219232 
0.810076 0.252075 0.0438971 
0.688002 0.280967 0.172476 
0.608859 0.385399 0.352783 
0.575894 0.530327 0.547238 
0.666861 0.726836 0.743583 
1.01674 1.0405 0.966881 
1.69384 1.52613 1.2616 
2.54491 2.11102 1.61853 
3.18627 2.55264 1.91314 
3.23214 2.57475 1.95943 
2.60223 2.0993 1.66825 
1.61404 1.34542 1.15221 
0.747323 0.672706 0.650442 
0.298504 0.315588 0.345369 
0.244021 0.267731 0.264002 
0.384981 0.389746 0.338707 
0.555606 0.566133 0.505899 
0.681667 0.734772 0.709385 
0.717152 0.825714 0.849118 
0.624964 0.766146 0.81394 
0.443881 0.578765 0.608459 
0.313744 0.424626 0.411077 
0.370301 0.483426 0.442827 
0.609278 0.777069 0.754974 
0.883528 1.13676 1.16482 
1.04256 1.35668 1.41714 
1.05558 1.366 1.40237 
0.992081 1.24508 1.21328 
0.911378 1.10077 1.01187 
0.804256 0.9599 0.871561 
0.639323 0.78424 0.749392 
0.432912 0.555727 0.579159 
0.250132 0.319431 0.362707 
0.145099 0.148229 0.174177 
0.11846 0.085796 0.0979574 
0.13421 0.127583 0.169842 
0.161993 0.239068 0.36018 
0.193334 0.376397 0.592831 
0.226059 0.494982 0.780918 
0.249524 0.558572 0.865206 
0.250674 0.554468 0.838927 
0.227325 0.49972 0.742736 
0.188826 0.426629 0.632575 
0.146561 0.360586 0.547201 
0.109833 0.311786 0.499098 
0.088761 0.281512 0.48308 
0.0905744 0.264984 0.480581 
0.106742 0.245383 0.457616 
0.110779 0.197927 0.378792 
0.0817039 0.115861 0.243528 
0.0329014 0.0330083 0.107113 
0.00741628 0.00432251 0.0450444 
0.0338199 0.0498275 0.0804051 
0.0888004 0.121733 0.152602 
0.115495 0.143222 0.175635 
0.086559 0.0891162 0.133212 
0.0450341 0.0227473 0.10467 
0.0730408 0.0426111 0.184442 
0.213135 0.187804 0.376582 
0.418096 0.395679 0.576792 
0.578508 0.550853 0.660855 
0.604234 0.574973 0.587905 
0.48937 0.47581 0.42015 
0.309718 0.323784 0.254632 
0.161881 0.192263 0.147309 
0.0972222 0.117238 0.0991507 
0.0984161 0.0958101 0.0938184 
0.106441 0.102411 0.123518 
0.07363 0.102184 0.171567 
0.0137366 0.07032 0.192554 
0.0247264 0.0300123 0.146802 
0.258001 0.0803984 0.0727301 
0.822435 0.357147 0.105261 
1.66787 0.919127 0.381872 
2.54795 1.65162 0.905609 
3.13056 2.29773 1.50671 
3.19908 2.61942 1.95736 
2.79062 2.55708 2.13685 
2.16603 2.25682 2.1008 
1.65219 1.96467 2.01959 
1.4805 1.89067 2.06908 
1.69736 2.1194 2.34895 
2.14734 2.57004 2.82991 
2.53031 3.00707 3.32691 
2.55451 3.14158 3.55273 
2.13867 2.81739 3.2862 
1.50532 2.15295 2.55677 
1.03571 1.48327 1.66694 
0.969967 1.11262 0.993588 
