1.46915 1.23148 
1.56006 1.07869 
1.6467 0.932469 
1.6317 0.762547 
1.48051 0.577671 
1.22645 0.414836 
0.937138 0.306781 
0.670187 0.254536 
0.44825 0.226339 
0.266805 0.183946 
0.123436 0.116991 
0.0426729 0.0596032 
0.0745274 0.075287 
0.26458 0.218072 
0.615215 0.49519 
1.06635 0.857229 
1.51329 1.22463 
1.8554 1.53522 
2.04762 1.78199 
2.12191 2.01436 
2.16299 2.29857 
2.25047 2.65996 
2.4025 3.04411 
2.55643 3.32523 
2.60044 3.36234 
2.43832 3.0739 
2.04869 2.48838 
1.50339 1.74067 
0.934942 1.01545 
0.473857 0.468484 
0.19322 0.168446 
0.0900272 0.0871057 
0.107984 0.136796 
0.181352 0.228119 
0.270411 0.313814 
0.36972 0.398143 
0.490993 0.51423 
0.638086 0.689198 
0.793031 0.919648 
0.920888 1.16921 
0.987306 1.38506 
0.975612 1.52088 
0.893202 1.55343 
0.765595 1.48679 
0.623988 1.34569 
0.494066 1.16402 
0.390786 0.974261 
0.319309 0.801289 
0.279309 0.660494 
0.269675 0.558884 
0.291849 0.49747 
0.351397 0.474177 
0.457868 0.487122 
0.622754 0.537688 
0.855169 0.631688 
1.15539 0.776401 
1.50794 0.972863 
1.87769 1.20643 
2.21305 1.44189 
2.45806 1.62916 
2.57048 1.72026 
2.53821 1.69048 
2.38476 1.55179 
2.15944 1.34917 
1.91564 1.13977 
1.6885 0.96599 
1.48403 0.837673 
1.28544 0.733805 
1.07191 0.621856 
0.837824 0.482396 
0.600886 0.323928 
0.39494 0.179812 
0.252985 0.0904198 
0.191019 0.0819416 
0.201604 0.153796 
0.259273 0.280184 
0.333139 0.422901 
0.399252 0.547305 
0.447204 0.633566 
0.479858 0.679535 
0.508725 0.696437 
0.548663 0.701412 
0.614367 0.710931 
0.719115 0.737276 
0.874757 0.788097 
1.09149 0.86768 
1.37627 0.978099 
1.72954 1.11897 
2.1403 1.28544 
2.58125 1.46531 
3.00578 1.63681 
3.35001 1.76914 
3.54192 1.82698 
3.51792 1.77887 
3.24363 1.60775 
2.73226 1.3207 
2.05273 0.953968 
1.3209 0.570144 
0.673077 0.245722 
0.227872 0.0506093 
0.0489585 0.02488 
0.123285 0.161298 
0.365117 0.402374 
0.64662 0.656439 
0.844253 0.829178 
0.882482 0.858695 
0.756519 0.738605 
0.524979 0.517849 
0.277258 0.276943 
0.0922377 0.0922956 
0.00811951 0.00627584 
0.0161155 0.0170078 
0.0773439 0.0905029 
0.150338 0.185562 
0.212578 0.275992 
0.265136 0.358154 
0.32078 0.442 
0.385844 0.533967 
0.448958 0.624417 
0.484461 0.688548 
0.468348 0.700492 
0.396324 0.651521 
0.291858 0.560198 
0.198138 0.466952 
0.157981 0.415297 
0.193586 0.430586 
0.298342 0.509109 
0.44497 0.62376 
0.603282 0.741592 
0.754458 0.840824 
0.892005 0.91612 
1.01043 0.970288 
1.09298 1.00112 
1.11121 0.995488 
1.03975 0.936449 
0.876724 0.817875 
0.653619 0.654637 
0.425255 0.479582 
0.244489 0.329116 
0.13824 0.228065 
0.100521 0.184387 
0.105759 0.195692 
0.131198 0.259963 
0.172039 0.380612 
0.240343 0.562295 
0.351901 0.802795 
0.513349 1.08957 
0.718971 1.40465 
0.95675 1.73342 
1.21539 2.06877 
1.4847 2.40628 
1.74948 2.73419 
1.98377 3.02693 
2.15318 3.24899 
2.2259 3.36761 
2.1862 3.36683 
2.04176 3.25419 
1.82068 3.05686 
1.56041 2.81027 
1.29516 2.54552 
1.04761 2.28101 
0.827052 2.02054 
0.633071 1.75759 
0.461843 1.48346 
0.312237 1.19617 
0.189023 0.906139 
0.101378 0.635068 
0.0568733 0.407985 
0.0540529 0.242166 
0.0785554 0.139447 
0.106548 0.0867743 
0.114971 0.0646174 
0.0934 0.0577175 
0.0507176 0.0613726 
0.0126292 0.0800184 
0.0114295 0.120373 
0.0735274 0.184617 
0.210495 0.267927 
0.41637 0.360782 
0.670456 0.453412 
0.943401 0.539775 
1.20506 0.620584 
1.43354 0.706367 
1.62397 0.820207 
1.79354 0.99705 
1.97821 1.27529 
2.21857 1.67944 
2.53844 2.19911 
2.92496 2.7751 
3.32142 3.30344 
3.63923 3.66111 
3.78662 3.74617 
3.70251 3.51589 
3.38064 3.00563 
2.87288 2.31907 
2.27086 1.59335 
1.67494 0.954504 
1.16441 0.481843 
0.78062 0.194589 
0.526745 0.0624106 
0.379898 0.0306871 
0.306657 0.0464261 
0.274629 0.0736461 
0.257435 0.0950491 
0.235452 0.104769 
0.196367 0.100565 
0.137894 0.0817698 
0.0715431 0.0537531 
0.0240156 0.0344699 
0.0331476 0.0568588 
0.137848 0.162917 
0.364407 0.389515 
0.713223 0.750013 
1.15011 1.21817 
1.60574 1.72147 
1.98595 2.15013 
2.19382 2.38447 
2.1605 2.33655 
1.87531 1.99283 
1.40102 1.43736 
0.861636 0.837405 
0.400737 0.387764 
0.125419 0.23264 
0.0628731 0.401639 
0.154341 0.795355 
0.291928 1.23255 
0.378165 1.53638 
0.3734 1.61333 
0.304125 1.48257 
0.232135 1.24443 
0.211229 1.01454 
0.264686 0.868276 
0.39705 0.826886 
0.623024 0.882001 
0.979511 1.02686 
1.49946 1.26202 
2.16032 1.57019 
2.84859 1.88686 
3.38006 2.10295 
3.58015 2.11381 
3.38371 1.89082 
2.89212 1.52749 
2.34589 1.22167 
2.02074 1.19377 
2.10181 1.5823 
2.60326 2.37329 
3.37198 3.40055 
4.1653 4.41304 
4.75558 5.17104 
5.00862 5.52375 
4.90753 5.4388 
