0.346033 0.0863097 
0.361431 0.0810513 
0.347381 0.0857022 
0.333482 0.104461 
0.339654 0.143077 
0.359982 0.205444 
0.377469 0.292512 
0.389819 0.400601 
0.416412 0.518022 
0.476763 0.622206 
0.560477 0.680958 
0.620619 0.661717 
0.604104 0.54981 
0.497405 0.367365 
0.345594 0.174933 
0.2223 0.0443351 
0.176218 0.0183088 
0.208263 0.0941833 
0.303763 0.250954 
0.47839 0.488789 
0.769415 0.824368 
1.1606 1.22936 
1.51884 1.57716 
1.6377 1.68156 
1.38679 1.42865 
0.846206 0.894999 
0.293512 0.333828 
0.0344704 0.0226422 
0.209146 0.0925603 
0.72341 0.47204 
1.34025 0.96869 
1.83612 1.39915 
2.10175 1.66496 
2.14379 1.74917 
2.02843 1.6785 
1.82815 1.49687 
1.59781 1.25581 
1.37154 1.00499 
1.16545 0.778006 
0.980662 0.58475 
0.806492 0.417229 
0.625077 0.263454 
0.421945 0.122895 
0.207035 0.02452 
0.03898 0.0448247 
0.0288493 0.306592 
0.299871 0.933651 
0.908514 1.96358 
1.77195 3.26589 
2.66106 4.53522 
3.28473 5.39468 
3.42751 5.56834 
3.05686 5.02028 
2.33057 3.96778 
1.50398 2.759 
0.806906 1.70041 
0.372103 0.947273 
0.241348 0.509009 
0.405219 0.326983 
0.816111 0.338285 
1.36439 0.479807 
1.86838 0.662386 
2.12999 0.775668 
2.04099 0.742106 
1.65765 0.573177 
1.1706 0.366469 
0.783291 0.236564 
0.594601 0.237978 
0.574838 0.344794 
0.636733 0.493576 
0.722651 0.638698 
0.835349 0.772614 
1.01221 0.914575 
1.29339 1.10219 
1.7114 1.39438 
2.27829 1.85365 
2.94457 2.48579 
3.55938 3.17634 
3.89772 3.69971 
3.77397 3.82891 
3.16979 3.47725 
2.2686 2.75969 
1.35791 1.923 
0.671234 1.2028 
0.287011 0.718299 
0.145782 0.469455 
0.149197 0.410652 
0.251776 0.523345 
0.479516 0.828659 
0.874159 1.33838 
1.41525 1.99035 
1.98417 2.62555 
2.40354 3.03799 
2.53095 3.07767 
2.34346 2.74237 
1.95185 2.19049 
1.53509 1.65841 
1.24468 1.33583 
1.14387 1.28163 
1.20865 1.42558 
1.36723 1.63407 
1.53931 1.78353 
1.65842 1.8026 
1.68317 1.68063 
1.60301 1.45599 
1.43411 1.19235 
1.20528 0.948142 
0.945519 0.753465 
0.683243 0.608648 
0.449201 0.501311 
0.268981 0.422869 
0.149612 0.37337 
0.0816676 0.362062 
0.0618144 0.40988 
0.106788 0.540371 
0.22968 0.745981 
0.3973 0.953979 
0.526441 1.04502 
0.54561 0.940504 
0.469525 0.692011 
0.401027 0.473075 
0.441443 0.45191 
0.590987 0.647013 
0.740374 0.901799 
0.764892 1.00929 
0.629026 0.875793 
0.404708 0.579739 
0.199188 0.288431 
0.0738282 0.125143 
0.0265209 0.104539 
0.0319901 0.167711 
0.0796458 0.254173 
0.169578 0.337587 
0.285581 0.412839 
0.388689 0.474305 
0.444293 0.517855 
0.452886 0.556579 
0.448522 0.618919 
0.463491 0.719617 
0.493173 0.829673 
0.495736 0.88006 
0.428755 0.805854 
0.291094 0.599659 
0.133243 0.330551 
0.0254884 0.10859 
0.00805211 0.0165313 
0.062554 0.0572382 
0.128292 0.156343 
0.152107 0.219849 
0.133766 0.204558 
0.130878 0.147765 
0.217556 0.132695 
0.426313 0.216492 
0.715512 0.378083 
0.985085 0.527866 
1.12786 0.57137 
1.0818 0.476809 
0.855777 0.297425 
0.525619 0.139471 
0.211763 0.105807 
0.0429677 0.24924 
0.101596 0.546335 
0.362045 0.889348 
0.668694 1.10876 
0.805636 1.05027 
0.649347 0.694791 
0.30148 0.240877 
0.0699772 0.0465018 
0.266192 0.413519 
0.951464 1.34592 
1.843 2.48034 
2.47961 3.27937 
2.53204 3.36653 
2.01638 2.75515 
1.25161 1.80613 
0.617003 0.967892 
0.313128 0.509589 
0.293346 0.427332 
0.372367 0.539657 
0.391137 0.653098 
0.31447 0.670976 
0.220989 0.602945 
0.222974 0.511547 
0.379217 0.451763 
0.65046 0.437952 
0.919102 0.446183 
1.05988 0.441218 
1.01473 0.404782 
0.818691 0.342318 
0.561277 0.266555 
0.322284 0.181974 
0.139845 0.0940516 
0.029621 0.0350235 
0.0181758 0.0689228 
0.141521 0.252281 
0.404499 0.575917 
0.746928 0.944583 
1.06126 1.22445 
1.25499 1.32557 
1.30569 1.25232 
1.26472 1.08543 
1.21394 0.921871 
1.21531 0.827199 
1.28403 0.825255 
1.38596 0.905046 
1.44853 1.01914 
1.38684 1.08336 
1.15081 1.00897 
0.773717 0.767096 
0.376891 0.431658 
0.104513 0.14416 
0.0269324 0.0130435 
0.0960147 0.0352709 
0.201132 0.119626 
0.278793 0.19255 
0.36736 0.276286 
0.544557 0.44929 
0.805243 0.722143 
1.01066 0.964388 
0.983278 0.98347 
0.677734 0.707004 
0.267561 0.300282 
0.0474653 0.0901197 
0.216594 0.338588 
0.725088 1.05347 
1.31798 1.99416 
1.73456 2.85384 
1.88163 3.44243 
1.83174 3.71389 
1.67523 3.65613 
1.40262 3.21136 
0.957899 2.3555 
0.409106 1.26814 
0.029131 0.376913 
0.140897 0.14177 
0.821475 0.703901 
1.74213 1.70732 
2.34072 2.49771 
2.22619 2.57753 
1.48037 1.94987 
0.589638 1.06545 
0.0613345 0.434173 
0.0562101 0.250742 
0.33796 0.342437 
0.54231 0.429913 
0.493701 0.414016 
0.297132 0.421248 
0.174095 0.607323 
0.239643 0.94932 
0.42721 1.23718 
0.592707 1.25955 
