0.939583 0.820656 
0.648104 0.457093 
0.222169 0.0756971 
0.0407748 0.0513333 
0.318161 0.525478 
0.889238 1.24036 
1.32617 1.71423 
1.29121 1.61855 
0.813774 1.03144 
0.254787 0.359538 
0.00190058 0.0144158 
0.166471 0.126096 
0.540346 0.520075 
0.837181 0.944094 
0.987824 1.31686 
1.20654 1.76506 
1.75743 2.42591 
2.64518 3.22943 
3.54299 3.90087 
4.04433 4.19574 
4.00107 4.12664 
3.62292 3.93851 
3.25562 3.85265 
3.07047 3.84411 
2.95795 3.67689 
2.68829 3.14764 
2.14691 2.28735 
1.42654 1.34177 
0.736172 0.584439 
0.250488 0.150426 
0.0271068 0.00851172 
0.0163531 0.0398668 
0.113477 0.125725 
0.207596 0.189759 
0.22056 0.204773 
0.146693 0.19279 
0.0877232 0.229062 
0.246352 0.434284 
0.835562 0.926649 
1.91498 1.72839 
3.26032 2.68187 
4.40662 3.47022 
4.89516 3.77947 
4.56239 3.50293 
3.63592 2.81563 
2.5554 2.04426 
1.67963 1.44576 
1.1233 1.0848 
0.812498 0.885498 
0.639827 0.761818 
0.555577 0.687854 
0.554224 0.673348 
0.631892 0.716418 
0.780628 0.800981 
1.00413 0.926596 
1.30721 1.11422 
1.65685 1.36792 
1.96422 1.63563 
2.12558 1.8246 
2.0987 1.87267 
1.94554 1.81081 
1.79448 1.74889 
1.74877 1.78978 
1.82235 1.952 
1.95553 2.17086 
2.07837 2.35875 
2.14488 2.44583 
2.11378 2.37111 
1.93459 2.08207 
1.59306 1.59411 
1.17192 1.05188 
0.826066 0.677347 
0.657636 0.598969 
0.615813 0.722616 
0.548954 0.803544 
0.368441 0.671009 
0.142943 0.376727 
0.0163181 0.115951 
0.0520493 0.0251437 
0.187746 0.084916 
0.332603 0.204683 
0.461436 0.342689 
0.588032 0.506124 
0.684807 0.667735 
0.688802 0.74931 
0.594768 0.708278 
0.492525 0.600374 
0.473486 0.519369 
0.519006 0.490344 
0.521419 0.45962 
0.416674 0.388089 
0.260866 0.313324 
0.159512 0.296631 
0.147175 0.333367 
0.164434 0.349755 
0.142564 0.287289 
0.0797017 0.16573 
0.0275771 0.0573543 
0.0279387 0.0196358 
0.079561 0.0642572 
0.154754 0.172189 
0.225491 0.311522 
0.271254 0.438725 
0.278996 0.50557 
0.24881 0.485058 
0.196882 0.392406 
0.144707 0.274111 
0.103744 0.1743 
0.0727046 0.111002 
0.0472938 0.0776242 
0.0267577 0.057022 
0.0111053 0.0344343 
0.000872782 0.0115239 
0.00657756 0.0208399 
0.0513832 0.117944 
0.147395 0.331615 
0.261519 0.602813 
0.318818 0.78667 
0.263663 0.752519 
0.126506 0.508804 
0.0156706 0.223193 
0.0233776 0.0936644 
0.135704 0.181705 
0.244528 0.36957 
0.253095 0.480629 
0.16447 0.436347 
0.0636338 0.298209 
0.0225964 0.176419 
0.0357589 0.121356 
0.0485163 0.10782 
0.0377662 0.105898 
0.0548413 0.145155 
0.187697 0.301372 
0.479643 0.622195 
0.880016 1.06629 
1.27343 1.5154 
1.56707 1.85353 
1.76216 2.04847 
1.94388 2.16546 
2.19625 2.3016 
2.52274 2.50168 
2.84801 2.72973 
3.08688 2.90671 
3.19401 2.95732 
3.14217 2.8195 
2.88019 2.44145 
2.35761 1.81901 
1.61487 1.06031 
0.831782 0.389158 
0.247951 0.0331301 
0.00792952 0.0700095 
0.0775722 0.376238 
0.307462 0.732466 
0.563585 0.982148 
0.787162 1.0927 
0.948162 1.08927 
0.98861 0.973804 
0.85085 0.737527 
0.560451 0.435858 
0.248257 0.202465 
0.0627124 0.153183 
0.0583088 0.278655 
0.176842 0.453898 
0.327366 0.559325 
0.463205 0.577646 
0.58319 0.569283 
0.69441 0.581788 
0.806296 0.615032 
0.947372 0.665878 
1.14185 0.760797 
1.3486 0.914052 
1.45141 1.07166 
1.3482 1.13344 
1.0541 1.0398 
0.697521 0.821146 
0.414359 0.562161 
0.266094 0.342566 
0.255385 0.220172 
0.369842 0.230806 
0.563699 0.352871 
0.717906 0.473873 
0.694351 0.45191 
0.480598 0.261809 
0.258677 0.0687483 
0.270881 0.103259 
0.586135 0.429005 
1.01187 0.845409 
1.2576 1.04827 
1.18851 0.900268 
0.917938 0.544995 
0.668593 0.262503 
0.565241 0.221909 
0.559739 0.365706 
0.526403 0.505691 
0.403169 0.509208 
0.245202 0.401384 
0.167619 0.317198 
0.248898 0.372922 
0.474066 0.572452 
0.746772 0.812017 
0.950227 0.962542 
1.01369 0.957744 
0.943509 0.824233 
0.803183 0.643616 
0.664753 0.491531 
0.572617 0.407116 
0.540013 0.402071 
0.559745 0.472397 
0.603448 0.585185 
0.617482 0.666455 
0.547283 0.636952 
0.389398 0.485936 
0.215711 0.302001 
0.121545 0.20161 
0.134116 0.212438 
0.182827 0.243777 
0.17959 0.195487 
0.128827 0.0925068 
0.136996 0.0821009 
0.296414 0.276428 
0.565197 0.606225 
0.779644 0.853707 
0.794089 0.841884 
0.606379 0.5886 
0.346847 0.275066 
0.155192 0.0759603 
0.0772207 0.0301831 
0.0732334 0.0659087 
0.100311 0.119822 
0.158962 0.201546 
0.253853 0.336775 
0.334579 0.475275 
0.316006 0.49806 
0.180641 0.341821 
0.0470354 0.106403 
0.100466 0.00597711 
0.431193 0.189798 
0.942124 0.610186 
1.42434 1.07099 
1.72321 1.3977 
1.83667 1.55721 
1.88298 1.64078 
2.0083 1.77519 
2.31321 2.05408 
2.79883 2.49372 
3.31926 2.98316 
3.59792 3.27505 
3.37345 3.10172 
2.60968 2.38581 
1.5806 1.36394 
0.714838 0.471049 
