1.21138 2.09971 2.33586 
1.33089 2.12322 2.2026 
1.34061 1.96594 1.89287 
1.26379 1.68202 1.48541 
1.1378 1.34241 1.06681 
1.00329 1.01578 0.70948 
0.894193 0.752373 0.455306 
0.830089 0.574167 0.309386 
0.812542 0.474266 0.246018 
0.826937 0.425746 0.224942 
0.849838 0.396656 0.211034 
0.859418 0.364638 0.188203 
0.844565 0.324392 0.160735 
0.808434 0.284777 0.1423 
0.764923 0.258283 0.140518 
0.730503 0.250233 0.148111 
0.716423 0.254988 0.147182 
0.725662 0.26129 0.123565 
0.75544 0.262056 0.080059 
0.80226 0.260619 0.0373186 
0.865296 0.2684 0.020177 
0.946046 0.296024 0.0388998 
1.04544 0.345303 0.0800642 
1.16093 0.408532 0.115427 
1.28475 0.474863 0.123326 
1.40235 0.536992 0.106511 
1.49028 0.591175 0.0918338 
1.51596 0.630412 0.110726 
1.444 0.638642 0.174699 
1.25162 0.595126 0.264963 
0.948407 0.490269 0.345162 
0.588017 0.342783 0.388577 
0.259619 0.20319 0.399656 
0.0569878 0.135988 0.413613 
0.0381461 0.187988 0.474131 
0.197526 0.362006 0.605308 
0.467617 0.613396 0.797532 
0.749982 0.872165 1.01576 
0.957769 1.07639 1.22201 
1.04606 1.19595 1.39466 
1.01643 1.23409 1.5318 
0.899991 1.2107 1.63931 
0.735326 1.14292 1.71516 
0.555772 1.03686 1.7427 
0.388117 0.89299 1.69664 
0.25386 0.716262 1.55676 
0.164716 0.521161 1.32108 
0.115019 0.330376 1.01486 
0.0838697 0.174444 0.695855 
0.0574204 0.0992636 0.45619 
0.0653304 0.177603 0.415453 
0.206848 0.509215 0.696455 
0.637816 1.19417 1.38122 
1.5081 2.27958 2.4593 
2.87097 3.70242 3.7941 
4.61107 5.26363 5.13354 
6.43713 6.66002 6.17362 
7.95606 7.57159 6.65575 
8.80251 7.77058 6.45757 
8.76747 7.20335 5.63562 
7.86881 6.00789 4.40081 
6.33593 4.46125 3.03969 
4.52233 2.88445 1.81898 
2.78961 1.54791 0.914123 
1.41125 0.612405 0.384174 
0.524678 0.117295 0.190009 
0.13333 0.004295 0.234486 
0.140658 0.155796 0.401691 
0.394975 0.431481 0.583724 
0.732006 0.698371 0.696634 
1.01111 0.856254 0.692144 
1.14383 0.858558 0.567276 
1.11017 0.722583 0.366437 
0.955904 0.520791 0.168651 
0.768274 0.351371 0.0594601 
0.637427 0.297872 0.0975764 
0.61968 0.395869 0.292132 
0.71892 0.622355 0.601862 
0.893079 0.91145 0.955494 
1.07924 1.18605 1.28118 
1.22243 1.38816 1.52969 
1.29405 1.49437 1.68248 
1.29457 1.5137 1.7459 
1.24407 1.47408 1.73969 
1.16877 1.40701 1.68716 
1.08981 1.33651 1.60953 
1.01692 1.27354 1.52253 
0.947105 1.21505 1.43329 
0.868108 1.14714 1.33841 
0.766186 1.05223 1.22607 
0.635912 0.919088 1.0834 
0.487055 0.751087 0.906212 
0.343531 0.567969 0.705242 
0.233323 0.39877 0.504669 
0.174396 0.269338 0.333166 
0.165251 0.191488 0.212456 
0.1865 0.159955 0.149468 
0.212763 0.158086 0.135404 
0.227212 0.167749 0.150945 
0.229436 0.176972 0.174057 
0.231985 0.181475 0.186844 
0.2486 0.180997 0.179585 
0.282223 0.17453 0.151836 
0.320373 0.158452 0.111351 
0.340401 0.128841 0.0717589 
0.321319 0.0863508 0.0499011 
0.255934 0.0407522 0.0636356 
0.157793 0.0127719 0.13054 
0.0605863 0.0322056 0.267119 
0.0106899 0.132375 0.48728 
0.0550772 0.341481 0.798549 
0.227096 0.671735 1.19524 
0.532604 1.10805 1.64972 
0.939759 1.59978 2.10561 
1.37712 2.06103 2.47888 
1.74487 2.38468 2.67267 
1.94109 2.47187 2.60681 
1.89765 2.27001 2.2545 
1.61283 1.8046 1.66992 
1.1633 1.18627 0.988784 
0.684226 0.582943 0.393245 
0.320806 0.163003 0.0505309 
0.171189 0.033278 0.0519172 
0.248486 0.201413 0.381866 
0.481424 0.581189 0.932656 
0.752563 1.03615 1.5546 
0.95239 1.43626 2.11257 
1.02049 1.69799 2.5193 
0.955765 1.79244 2.73494 
0.798219 1.72844 2.74642 
0.600328 1.53124 2.55136 
0.406782 1.2338 2.16239 
0.249273 0.881539 1.62602 
0.149637 0.537314 1.0349 
0.120791 0.273012 0.514573 
0.161795 0.146584 0.184783 
0.252948 0.177847 0.115033 
0.359329 0.33977 0.299976 
0.44436 0.571831 0.667587 
0.485477 0.80687 1.11277 
0.481019 0.994838 1.53582 
0.44405 1.1116 1.8669 
0.389201 1.15333 2.07121 
0.323661 1.12637 2.14164 
0.248785 1.04203 2.09002 
0.168763 0.917525 1.94174 
0.0964042 0.777028 1.73169 
0.0488624 0.646532 1.49707 
0.0356573 0.543208 1.26711 
0.0491225 0.466813 1.05514 
0.0667162 0.401097 0.859083 
0.0656348 0.326101 0.670956 
0.0401063 0.233558 0.48872 
0.00867056 0.134453 0.321824 
0.00530359 0.0530508 0.186262 
0.0596194 0.011547 0.0933755 
0.179195 0.0163504 0.0415992 
0.345619 0.0556162 0.0178748 
0.526292 0.109082 0.00739701 
0.693204 0.162055 0.00329328 
0.83561 0.212653 0.00790556 
0.958596 0.267249 0.0247986 
1.07006 0.328795 0.0493117 
1.1669 0.388523 0.0676347 
1.23113 0.428569 0.0673306 
1.2386 0.433677 0.051266 
1.17343 0.402062 0.0416148 
1.03751 0.345915 0.0667518 
0.849464 0.280972 0.137844 
0.636311 0.214673 0.232719 
0.426748 0.144776 0.302342 
0.251798 0.0719251 0.299946 
0.14983 0.0167819 0.215379 
0.166217 0.025683 0.0909707 
0.339835 0.154679 0.00579336 
0.678841 0.436922 0.0354286 
1.1391 0.851822 0.210107 
1.62163 1.31632 0.494983 
1.99735 1.70751 0.802966 
2.15253 1.90876 1.03281 
2.03594 1.85893 1.11368 
1.68541 1.58197 1.03623 
1.21915 1.18254 0.857376 
0.792092 0.807099 0.676157 
0.534146 0.585114 0.58923 
0.497181 0.574907 0.644504 
0.636825 0.740025 0.815598 
0.840212 0.96998 1.01327 
0.987273 1.13726 1.13139 
1.01295 1.16099 1.10332 
0.934828 1.04161 0.934946 
0.830282 0.847255 0.693999 
0.779503 0.663949 0.464457 
0.813142 0.545185 0.299901 
0.899232 0.494666 0.208711 
0.974009 0.487808 0.176497 
0.988317 0.505878 0.198724 
0.931902 0.548238 0.287875 
0.820776 0.61192 0.44474 
0.668821 0.663935 0.622275 
0.481503 0.646503 0.727463 
0.288918 0.530728 0.681157 
0.192246 0.386193 0.503935 
0.370124 0.403543 0.360008 
1.00957 0.82651 0.506552 
2.18342 1.81277 1.15873 
3.75026 3.3046 2.34704 
5.35722 5.00061 3.86135 
6.56823 6.46355 5.32717 
7.05731 7.31225 6.37519 
6.75688 7.38892 6.80523 
5.87386 6.80687 6.65152 
4.76719 5.85993 6.12228 
3.7643 4.85833 5.46449 
3.02458 3.99181 4.84175 
2.51794 3.2896 4.28983 
2.1089 2.6773 3.75538 
1.67622 2.07329 3.1727 
1.19092 1.45747 2.52298 
0.717677 0.879167 1.84717 
0.358476 0.417086 1.22014 
0.186951 0.12959 0.713525 
0.213553 0.0269909 0.369811 
0.391571 0.0737089 0.193779 
0.647615 0.208338 0.155639 
0.912881 0.36572 0.200157 
1.14093 0.492851 0.261097 
1.31086 0.558611 0.281384 
1.42177 0.558965 0.234213 
1.4846 0.516728 0.134988 
1.51476 0.473885 0.0357159 
1.52787 0.477594 0.00264976 
1.5395 0.565056 0.0879295 
1.56758 0.753087 0.30887 
1.63288 1.0348 0.642849 
1.75333 1.38183 1.0366 
1.93315 1.74981 1.42292 
2.15437 2.08686 1.738 
2.38013 2.34619 1.93561 
2.57248 2.50111 1.99651 
2.71626 2.55609 1.93113 
2.83339 2.54613 1.77338 
2.97627 2.5216 1.56646 
3.2018 2.52553 1.34698 
3.54087 2.57629 1.13605 
3.98133 2.66683 0.943653 
4.47275 2.78003 0.783741 
4.94723 2.90891 0.689392 
5.34099 3.0658 0.715406 
5.60412 3.2723 0.922225 
5.69694 3.53503 1.34637 
