0.395133 0.549379 0.724439 
0.185412 0.311122 0.375707 
0.107386 0.305753 0.38505 
0.072568 0.338552 0.469639 
0.041012 0.30878 0.47244 
0.0129311 0.222353 0.389742 
0.000133952 0.134796 0.294654 
0.0384285 0.121572 0.28222 
0.193004 0.259484 0.43733 
0.492798 0.561625 0.766992 
0.851551 0.913288 1.13933 
1.09622 1.1188 1.34012 
1.10218 1.05187 1.2387 
0.88947 0.756906 0.900249 
0.579622 0.396112 0.526329 
0.288198 0.121514 0.303396 
0.0855294 0.0165696 0.320017 
0.0295881 0.12066 0.582778 
0.164735 0.431467 1.02988 
0.452317 0.849284 1.49985 
0.736398 1.16595 1.74884 
0.835744 1.18406 1.5918 
0.695769 0.88407 1.07144 
0.443383 0.465163 0.472406 
0.284082 0.20148 0.132816 
0.342685 0.241562 0.209297 
0.589958 0.523299 0.592077 
0.89479 0.851588 1.01563 
1.12848 1.04531 1.24574 
1.23133 1.03492 1.19819 
1.2133 0.865965 0.937467 
1.11793 0.640864 0.599299 
0.989016 0.453617 0.307402 
0.856775 0.352169 0.127173 
0.7386 0.335883 0.0639847 
0.644666 0.378439 0.0919441 
0.583666 0.458028 0.188777 
0.567585 0.575024 0.352156 
0.612139 0.745218 0.586944 
0.72719 0.972779 0.876252 
0.897078 1.22165 1.16236 
1.06525 1.40815 1.35476 
1.14799 1.43059 1.36431 
1.0878 1.23274 1.15155 
0.913352 0.86567 0.768259 
0.740063 0.4876 0.357186 
0.679985 0.26943 0.0824103 
0.727616 0.262117 0.0191479 
0.74583 0.349999 0.0962976 
0.596339 0.3574 0.163011 
0.298445 0.219971 0.129658 
0.0435091 0.0476663 0.0427795 
0.032781 0.0121604 0.0184335 
0.298208 0.180904 0.116678 
0.684056 0.469758 0.298024 
0.988964 0.739441 0.488807 
1.1073 0.90497 0.65011 
1.0457 0.948127 0.766333 
0.853745 0.868957 0.80113 
0.586487 0.680731 0.718924 
0.336154 0.466001 0.569663 
0.259186 0.402469 0.524401 
0.524175 0.68425 0.782751 
1.20093 1.38141 1.41276 
2.17974 2.35464 2.26357 
3.1872 3.29771 3.02821 
3.89294 3.87915 3.40722 
4.05002 3.89408 3.25856 
3.60241 3.3478 2.6502 
2.71014 2.44011 1.80615 
1.67526 1.46744 0.993882 
0.801293 0.694874 0.418933 
0.263663 0.264324 0.175783 
0.0683138 0.181296 0.262934 
0.113258 0.368722 0.626765 
0.289071 0.730538 1.1867 
0.533204 1.17555 1.82814 
0.811257 1.60574 2.39714 
1.07314 1.91356 2.73722 
1.24514 2.01409 2.75985 
1.26662 1.88755 2.49132 
1.12976 1.58825 2.0507 
0.884572 1.21042 1.57629 
0.60954 0.841525 1.16148 
0.372926 0.53552 0.83894 
0.207208 0.311053 0.602231 
0.10685 0.16266 0.432508 
0.0478973 0.07554 0.313756 
0.0137449 0.0373932 0.236951 
0.00419938 0.0392893 0.19504 
0.0210522 0.0660243 0.173408 
0.0514852 0.0919925 0.149261 
0.0742034 0.0954724 0.10751 
0.0819632 0.0778697 0.0567377 
0.0882809 0.0606734 0.0206196 
0.105678 0.0589774 0.0097708 
0.12644 0.0665483 0.0113693 
0.141112 0.0786444 0.0171561 
0.176178 0.124403 0.0548365 
0.287262 0.250508 0.167269 
0.484395 0.44871 0.342108 
0.665647 0.607841 0.474328 
0.668752 0.581769 0.439028 
0.439223 0.350385 0.237792 
0.156445 0.117444 0.0708891 
0.150012 0.203664 0.220658 
0.631653 0.78179 0.808567 
1.47524 1.68136 1.63795 
2.2626 2.45917 2.28614 
2.57234 2.69803 2.39207 
2.26832 2.29092 1.90834 
1.55957 1.48835 1.1192 
0.815431 0.695388 0.424774 
0.310166 0.197154 0.0707164 
0.0915323 0.0187388 0.0251798 
0.043014 0.000506518 0.0796779 
0.0543678 5.42934e-05 0.0771498 
0.134656 0.0336802 0.0658683 
0.357674 0.222229 0.231108 
0.699151 0.59409 0.658446 
0.961605 0.964053 1.16916 
0.916818 1.05664 1.4288 
0.551985 0.781762 1.25503 
0.146734 0.370013 0.814521 
0.0537231 0.190893 0.485893 
0.378425 0.41525 0.513109 
0.884234 0.864578 0.800193 
1.21723 1.19412 1.04252 
1.20914 1.20363 1.02986 
0.961062 0.961063 0.800838 
0.678888 0.663382 0.53089 
0.490493 0.441912 0.333074 
0.436012 0.328581 0.20473 
0.577641 0.367867 0.143328 
1.04104 0.689856 0.257359 
1.9144 1.43306 0.726133 
3.11948 2.59663 1.64435 
4.40249 3.97871 2.90485 
5.45907 5.26096 4.22391 
6.07969 6.16125 5.28053 
6.20432 6.53434 5.85673 
5.87418 6.367 5.88505 
5.15492 5.71087 5.40133 
4.11512 4.64504 4.48823 
2.87914 3.31858 3.29392 
1.68144 2.01458 2.1011 
0.817955 1.10806 1.30982 
0.478543 0.86835 1.24325 
0.59434 1.24523 1.89179 
0.872485 1.86597 2.85635 
1.02716 2.30509 3.61439 
1.00107 2.40529 3.907 
0.962771 2.3498 3.89058 
1.10178 2.43296 3.91987 
1.45621 2.78128 4.19922 
1.93661 3.28941 4.63802 
2.44929 3.75882 4.98256 
2.91565 4.01933 5.00999 
3.17448 3.92201 4.59412 
2.97602 3.33219 3.69518 
2.19722 2.26201 2.4174 
1.08805 1.0283 1.09561 
0.214789 0.166053 0.204897 
0.0432554 0.0461201 0.0367268 
0.526776 0.52719 0.414756 
1.12788 1.03398 0.794881 
1.28959 1.05316 0.736111 
0.911566 0.587133 0.30687 
0.379989 0.116846 0.00494373 
0.152925 0.111485 0.24858 
0.331273 0.573499 0.939684 
0.618453 1.05478 1.53202 
0.658796 1.10026 1.53276 
0.390033 0.672823 0.950416 
0.0800459 0.169859 0.278946 
0.0537004 0.0532535 0.0622887 
0.395996 0.456713 0.452627 
0.896725 1.10693 1.1339 
1.24791 1.57854 1.62287 
1.2844 1.62106 1.64562 
1.0612 1.28752 1.28165 
0.745549 0.816369 0.820947 
0.465337 0.429587 0.521654 
0.253814 0.22782 0.481383 
0.101896 0.219863 0.672071 
0.0292195 0.395537 1.03551 
0.0982281 0.752378 1.52958 
0.368905 1.26814 2.10945 
0.832539 1.86121 2.69193 
1.36182 2.37241 3.14088 
1.71899 2.59056 3.2871 
1.66639 2.34767 2.99952 
1.15906 1.66991 2.30519 
0.477977 0.873188 1.47639 
0.127835 0.454268 0.952093 
0.492799 0.767989 1.06404 
1.50128 1.71771 1.75199 
2.6153 2.75639 2.54382 
3.20117 3.25705 2.87979 
2.98244 2.96218 2.52958 
2.19355 2.12851 1.73545 
1.33885 1.2666 0.9668 
0.81661 0.745248 0.537903 
0.727983 0.606749 0.436795 
0.942893 0.675701 0.45952 
1.25283 0.763618 0.443161 
1.4552 0.764223 0.361292 
1.38852 0.636125 0.259523 
1.00561 0.392829 0.176662 
0.457123 0.136737 0.144708 
0.0560417 0.0473259 0.213793 
0.0787213 0.262307 0.419123 
0.544614 0.737392 0.712303 
1.17311 1.23246 0.953012 
1.56756 1.46135 0.996918 
1.48318 1.28834 0.807262 
0.981973 0.819745 0.492997 
0.378999 0.333097 0.24531 
0.0273793 0.0991976 0.218534 
0.0839292 0.20984 0.428094 
0.413645 0.521768 0.730484 
0.709631 0.765968 0.913693 
0.742419 0.753069 0.849028 
0.529129 0.509354 0.583518 
0.27509 0.223304 0.283917 
0.162724 0.0638164 0.0861701 
0.212891 0.0609978 0.00819813 
0.342628 0.156626 0.00816556 
0.507863 0.325535 0.0909451 
0.738352 0.59648 0.308626 
1.03683 0.952476 0.648897 
1.30051 1.26381 0.968835 
1.38933 1.37165 1.09048 
1.268 1.24376 0.973129 
1.05182 1.02334 0.771106 
0.902717 0.910322 0.707526 
0.889673 0.995941 0.889257 
0.947655 1.20182 1.2305 
0.950022 1.35259 1.52415 
0.812257 1.29898 1.57515 
0.551462 1.00697 1.30534 
0.280288 0.582551 0.799715 
0.146852 0.230004 0.288927 
0.248527 0.152419 0.05773 
0.567027 0.434017 0.296782 
0.971052 0.976369 0.975892 
1.28899 1.54104 1.83443 
1.40178 1.87932 2.51526 
1.29616 1.8665 2.76229 
1.05286 1.55492 2.55055 
0.786305 1.11777 2.06591 
