0.315808 0.203202 0.237883 
0.342364 0.255778 0.286278 
0.296631 0.239239 0.248467 
0.175603 0.142906 0.125682 
0.0548753 0.0479723 0.0156475 
0.0196746 0.0586825 0.0430036 
0.08831 0.211089 0.259404 
0.196499 0.435003 0.592032 
0.25967 0.604018 0.885682 
0.254522 0.630524 1.00564 
0.238456 0.522554 0.918968 
0.286244 0.358994 0.697793 
0.408323 0.217801 0.45882 
0.534712 0.12797 0.296973 
0.582371 0.0798705 0.254831 
0.542827 0.0685732 0.328558 
0.51253 0.124114 0.49189 
0.644984 0.308119 0.724848 
1.06569 0.685611 1.0346 
1.80412 1.28625 1.44796 
2.77037 2.06601 1.96607 
3.77721 2.88896 2.51136 
4.59873 3.55513 2.92338 
5.04798 3.87832 3.03049 
5.04309 3.77469 2.75556 
4.62923 3.30386 2.17524 
3.94579 2.635 1.48695 
3.16127 1.963 0.908829 
2.41299 1.42788 0.579807 
1.77757 1.07623 0.512284 
1.27532 0.871872 0.609353 
0.895073 0.739656 0.727511 
0.621685 0.617042 0.751731 
0.453714 0.489425 0.647411 
0.408509 0.395153 0.465728 
0.517092 0.40217 0.305369 
0.807454 0.5686 0.256339 
1.27333 0.901127 0.353291 
1.84165 1.32853 0.554918 
2.37391 1.71519 0.760511 
2.72635 1.92759 0.867739 
2.83754 1.92096 0.84605 
2.7652 1.77195 0.765022 
2.62658 1.61208 0.733616 
2.49651 1.514 0.790768 
2.3738 1.44756 0.858938 
2.2569 1.36159 0.828582 
2.23713 1.30538 0.7019 
2.47775 1.44069 0.638889 
3.06324 1.89985 0.832134 
3.85618 2.61643 1.31572 
4.5156 3.30289 1.89407 
4.68581 3.61557 2.26584 
4.21023 3.37324 2.23355 
3.21328 2.65687 1.82199 
2.01704 1.73745 1.23024 
0.981741 0.918359 0.689632 
0.377319 0.412162 0.349755 
0.32858 0.303481 0.252101 
0.815072 0.571315 0.365548 
1.69315 1.12157 0.628074 
2.72574 1.80512 0.963187 
3.62417 2.43005 1.27679 
4.11295 2.79333 1.46114 
4.0177 2.74662 1.42748 
3.34807 2.27554 1.15956 
2.32084 1.53498 0.74512 
1.28173 0.791067 0.341976 
0.54834 0.284843 0.0855686 
0.264198 0.105938 0.00654882 
0.356924 0.168559 0.0305231 
0.619027 0.301966 0.0607804 
0.842104 0.375114 0.0659941 
0.911498 0.358305 0.0919369 
0.819613 0.293787 0.193755 
0.623738 0.227518 0.362094 
0.398355 0.170878 0.515592 
0.208629 0.113414 0.56273 
0.10075 0.0562391 0.473994 
0.0971705 0.0283003 0.306894 
0.195443 0.076572 0.175987 
0.375683 0.246224 0.200703 
0.614501 0.565427 0.463314 
0.8935 1.03411 0.98456 
1.19247 1.6106 1.71006 
1.47236 2.20121 2.50863 
1.66754 2.67019 3.19603 
1.70438 2.88111 3.59093 
1.54163 2.7564 3.5846 
1.20419 2.31933 3.18607 
0.781788 1.68874 2.51462 
0.390346 1.02953 1.74772 
0.122866 0.491398 1.05919 
0.0184073 0.165709 0.574976 
0.0552741 0.0656222 0.345607 
0.160428 0.123048 0.327978 
0.236811 0.212394 0.394011 
0.217156 0.218584 0.39695 
0.125832 0.128981 0.281781 
0.091548 0.0737505 0.15532 
0.266849 0.246809 0.226297 
0.693326 0.738807 0.629563 
1.22771 1.41842 1.27483 
1.61495 1.98424 1.86737 
1.66477 2.16417 2.10283 
1.38404 1.89908 1.87623 
0.9525 1.35931 1.33229 
0.573893 0.797751 0.734386 
0.341278 0.382236 0.286135 
0.221806 0.141448 0.052209 
0.142078 0.0301842 0.00350876 
0.0731293 0.0162684 0.0989457 
0.0428366 0.104319 0.316395 
0.0893227 0.298839 0.627466 
0.216535 0.566503 0.970184 
0.390479 0.839419 1.25887 
0.565975 1.04935 1.42062 
0.712432 1.15796 1.4243 
0.820929 1.16336 1.28461 
0.896773 1.08846 1.04805 
0.949403 0.965714 0.774216 
0.986051 0.82598 0.518276 
1.0086 0.691756 0.316377 
1.01147 0.573653 0.178572 
0.980739 0.470592 0.0939479 
0.897589 0.373968 0.0446311 
0.748738 0.274863 0.0179295 
0.541736 0.17282 0.00934202 
0.31533 0.0833632 0.0201314 
0.131867 0.0378258 0.056937 
0.0476724 0.0681091 0.131445 
0.0774246 0.17895 0.249741 
0.182992 0.32824 0.391324 
0.305218 0.441944 0.499685 
0.418913 0.466199 0.508696 
0.560592 0.418978 0.39629 
0.794604 0.390445 0.219092 
1.14218 0.480863 0.0871932 
1.54232 0.725688 0.0920807 
1.88922 1.0745 0.248494 
2.11592 1.43998 0.498327 
2.24684 1.76704 0.764609 
2.37527 2.06093 1.00231 
2.59579 2.36194 1.20954 
2.95031 2.70067 1.40668 
3.40711 3.06476 1.60814 
3.85103 3.37884 1.79756 
4.08272 3.5012 1.91128 
3.87305 3.26643 1.85191 
3.10208 2.59352 1.554 
1.91221 1.60629 1.0737 
0.72806 0.649478 0.617432 
0.0602812 0.129959 0.443189 
0.192439 0.260415 0.677661 
0.98118 0.897851 1.19392 
1.93594 1.62067 1.6707 
2.52749 2.00007 1.80582 
2.49692 1.86175 1.51851 
1.95222 1.34861 0.981692 
1.22142 0.765185 0.471926 
0.609701 0.351501 0.172737 
0.244224 0.161001 0.08644 
0.084035 0.104297 0.100025 
0.0375138 0.0845049 0.122939 
0.0713116 0.0995659 0.175356 
0.232688 0.238855 0.365879 
0.586994 0.592221 0.788928 
1.12942 1.14794 1.42303 
1.73735 1.75404 2.10066 
2.19813 2.17172 2.57096 
2.30337 2.19415 2.62301 
1.96562 1.76725 2.20334 
1.29688 1.04545 1.46197 
0.596148 0.344693 0.695822 
0.230166 0.00507584 0.213493 
0.451377 0.225156 0.189564 
1.24977 0.954555 0.585827 
2.3364 1.9098 1.18132 
3.28436 2.71253 1.69217 
3.74728 3.07347 1.91107 
3.61712 2.91418 1.78819 
3.02776 2.36141 1.41733 
2.22646 1.63829 0.955108 
1.42641 0.942691 0.538363 
0.746411 0.394823 0.251421 
0.255312 0.0668752 0.145858 
0.0489271 0.0390379 0.273775 
0.264888 0.408312 0.688684 
0.993838 1.21652 1.39447 
2.13498 2.33452 2.26679 
3.31632 3.40175 3.01474 
3.99948 3.92587 3.26231 
3.78027 3.55682 2.767 
2.71952 2.38868 1.66268 
1.433 1.03675 0.514039 
0.779897 0.333228 0.0412228 
1.29668 0.778587 0.630898 
2.7856 2.14765 1.99534 
4.40939 3.60068 3.30469 
5.25525 4.26073 3.75291 
4.93431 3.81143 3.12348 
3.75417 2.63769 1.88807 
2.38147 1.43392 0.773641 
1.34123 0.666532 0.202929 
0.777409 0.35714 0.0938205 
0.587147 0.296415 0.125554 
0.687137 0.38873 0.139614 
1.12039 0.768663 0.277643 
1.95282 1.6272 0.785109 
3.13349 2.97905 1.74114 
4.47225 4.59739 2.97541 
5.7123 6.11645 4.17522 
6.59244 7.15858 5.01314 
6.88157 7.41886 5.21149 
6.45832 6.76598 4.62245 
5.43843 5.37762 3.37583 
4.20591 3.77013 1.95509 
3.21663 2.56805 1.00218 
2.67314 2.09779 0.88986 
2.37198 2.14399 1.40942 
1.91984 2.14012 1.91051 
1.1526 1.67144 1.82991 
0.349316 0.839794 1.14852 
0.00666498 0.149614 0.361997 
0.377715 0.0368604 0.0161899 
1.22318 0.49962 0.263395 
2.00783 1.15364 0.823852 
2.33074 1.59475 1.30133 
2.17709 1.68418 1.48821 
1.80776 1.5315 1.40557 
1.47596 1.29788 1.15907 
1.26941 1.07307 0.840529 
1.15938 0.90009 0.545883 
1.09984 0.814811 0.383875 
1.03734 0.800505 0.390123 
0.883673 0.744269 0.454818 
0.577112 0.527889 0.414147 
0.209592 0.201451 0.250956 
0.042447 0.021094 0.163945 
0.3132 0.240167 0.376312 
0.985268 0.834129 0.86749 
1.70565 1.46028 1.34142 
2.04925 1.72782 1.50019 
1.83562 1.52069 1.33844 
1.23196 1.05605 1.13241 
0.578893 0.644745 1.13131 
0.139744 0.424023 1.28937 
0.000891358 0.326042 1.32719 
0.1517 0.264826 1.04728 
0.594154 0.302049 0.565086 
1.35402 0.615529 0.229539 
