3.00764 2.0472 1.2455 
2.86989 2.24609 1.62503 
2.44475 2.23034 1.88638 
1.95311 2.11655 2.04436 
1.56631 1.99812 2.12438 
1.33749 1.88415 2.10276 
1.26574 1.76329 1.95409 
1.37395 1.68489 1.72839 
1.68073 1.73169 1.53799 
2.09755 1.90095 1.44798 
2.39798 2.04044 1.39393 
2.34308 1.94251 1.23463 
1.87009 1.52538 0.899143 
1.16158 0.922611 0.475309 
0.516006 0.384348 0.141973 
0.134015 0.0827066 0.0109723 
0.0135994 0.00739994 0.0400648 
0.0321993 0.0390976 0.101556 
0.108408 0.105337 0.1276 
0.272022 0.249193 0.17661 
0.584891 0.545837 0.353721 
1.01652 0.967826 0.673427 
1.4177 1.35096 1.01048 
1.62244 1.503 1.19044 
1.57367 1.35047 1.12959 
1.35247 0.986823 0.891774 
1.0964 0.589337 0.620882 
0.897262 0.293721 0.426125 
0.76717 0.133776 0.324674 
0.676075 0.0707119 0.271179 
0.59887 0.05446 0.220299 
0.526167 0.0558686 0.15876 
0.450125 0.0626647 0.0960116 
0.360386 0.0690488 0.0448323 
0.257627 0.0759655 0.0151833 
0.161395 0.0910131 0.0143303 
0.0960449 0.11662 0.0399004 
0.0688847 0.137858 0.0729707 
0.0651534 0.129808 0.0897346 
0.0638926 0.0839948 0.0918794 
0.0566842 0.0297199 0.129049 
0.0538369 0.0286811 0.285686 
0.0802006 0.14545 0.632831 
0.169381 0.41443 1.1747 
0.356454 0.82124 1.82475 
0.664634 1.30466 2.42762 
1.09106 1.77841 2.81947 
1.60567 2.16751 2.90027 
2.16709 2.44341 2.68227 
2.73969 2.6337 2.28479 
3.29193 2.79278 1.87176 
3.77731 2.95048 1.56655 
4.12265 3.07862 1.39721 
4.24651 3.10562 1.30626 
4.10337 2.97096 1.21288 
3.72349 2.67915 1.07983 
3.21588 2.31236 0.938884 
2.72453 1.99037 0.86131 
2.35908 1.80206 0.897531 
2.142 1.75332 1.02968 
2.00985 1.76795 1.17306 
1.87064 1.74409 1.22999 
1.67419 1.62529 1.1584 
1.43726 1.42976 0.999049 
1.20572 1.21524 0.835031 
0.9974 1.01696 0.717928 
0.78852 0.822144 0.629805 
0.555904 0.60408 0.516684 
0.321911 0.372189 0.356126 
0.145604 0.177492 0.186701 
0.0686672 0.066338 0.0704295 
0.0793739 0.0363059 0.0323867 
0.135453 0.0441755 0.0420216 
0.215995 0.0540258 0.0495834 
0.342582 0.0709715 0.0325591 
0.554295 0.130855 0.00666891 
0.876865 0.269284 0.00301355 
1.32 0.505604 0.0441605 
1.88422 0.842148 0.136938 
2.53989 1.25475 0.272038 
3.18794 1.6737 0.420894 
3.65966 1.98784 0.539504 
3.78837 2.09272 0.589373 
3.50835 1.95292 0.56255 
2.89775 1.6241 0.485686 
2.13025 1.21525 0.398037 
1.38184 0.826207 0.325211 
0.766444 0.510015 0.270102 
0.331594 0.276647 0.220749 
0.0883373 0.119304 0.163705 
0.0326602 0.0375461 0.0985036 
0.138853 0.0421085 0.0503382 
0.338331 0.137861 0.0663046 
0.517958 0.297174 0.183006 
0.565787 0.454129 0.385951 
0.450317 0.542453 0.606222 
0.265783 0.5527 0.770099 
0.174926 0.544383 0.854912 
0.268607 0.582459 0.890021 
0.467562 0.658082 0.906359 
0.582458 0.690767 0.903244 
0.494435 0.623291 0.87469 
0.273078 0.499338 0.847324 
0.096835 0.417549 0.855837 
0.0587053 0.406394 0.873254 
0.0830905 0.383472 0.805603 
0.0602907 0.279523 0.606832 
0.0409245 0.194157 0.404725 
0.236625 0.368839 0.460337 
0.782946 0.946562 0.937731 
1.511 1.75048 1.69144 
2.00528 2.34366 2.31182 
1.93901 2.36295 2.42957 
1.37813 1.82845 2.01079 
0.755776 1.13382 1.3675 
0.530457 0.723175 0.880424 
0.831804 0.749018 0.699463 
1.39101 1.00179 0.68478 
1.78384 1.13614 0.603967 
1.75582 0.966409 0.371847 
1.36931 0.584121 0.117008 
0.89451 0.238375 0.0464444 
0.574647 0.117853 0.255943 
0.464656 0.221101 0.651485 
0.448273 0.395589 1.02694 
0.381992 0.481235 1.21293 
0.226095 0.428217 1.17471 
0.0610059 0.306413 1.00029 
0.00100199 0.225823 0.814168 
0.0983004 0.251142 0.697192 
0.313821 0.373355 0.663958 
0.553112 0.534314 0.686559 
0.716532 0.661726 0.722199 
0.732541 0.692403 0.724849 
0.585315 0.598013 0.658152 
0.34781 0.423372 0.526488 
0.190942 0.306426 0.403329 
0.323919 0.432381 0.413067 
0.870536 0.92116 0.654138 
1.75931 1.71942 1.1124 
2.72014 2.58785 1.63845 
3.40879 3.21043 2.01842 
3.58307 3.35857 2.09245 
3.21639 3.00178 1.8379 
2.48528 2.30113 1.3659 
1.65735 1.50683 0.846633 
0.961685 0.836527 0.422642 
0.512648 0.402566 0.161791 
0.307084 0.207836 0.0608408 
0.26936 0.185968 0.0765059 
0.305725 0.249282 0.154563 
0.341933 0.321549 0.243793 
0.337716 0.352626 0.300593 
0.285077 0.323279 0.296849 
0.200588 0.246817 0.2344 
0.116342 0.164523 0.153181 
0.0666419 0.126192 0.114207 
0.0685794 0.156708 0.156288 
0.106504 0.230189 0.25673 
0.138462 0.280737 0.337548 
0.128947 0.253078 0.32519 
0.0829945 0.153545 0.216146 
0.0454204 0.0493772 0.0830265 
0.0588898 0.00901484 0.0082309 
0.121375 0.0401632 0.00983887 
0.192665 0.0935988 0.0402205 
0.250155 0.134611 0.0629304 
0.333874 0.204913 0.122081 
0.520144 0.396311 0.315301 
0.834101 0.746336 0.681245 
1.18391 1.15673 1.11337 
1.39364 1.42838 1.40118 
1.32425 1.40017 1.38066 
0.98571 1.07674 1.06562 
0.542549 0.633216 0.642551 
0.204512 0.291605 0.33285 
0.0901963 0.172496 0.241124 
0.169363 0.239381 0.31159 
0.317075 0.365372 0.412608 
0.420527 0.449776 0.461682 
0.448634 0.484351 0.483583 
0.44295 0.529306 0.567116 
0.461175 0.641359 0.775163 
0.533451 0.825487 1.09 
0.661717 1.04391 1.43026 
0.845415 1.25905 1.71103 
1.09905 1.46514 1.89285 
1.44245 1.68344 1.98747 
1.86696 1.92664 2.02557 
2.2951 2.15606 2.01307 
2.56486 2.26278 1.90751 
2.47887 2.10585 1.64124 
1.93304 1.61776 1.19766 
1.0624 0.925174 0.698877 
0.271435 0.37336 0.417952 
0.0493935 0.367846 0.648953 
0.635622 1.08532 1.47809 
1.77505 2.2609 2.62375 
2.80309 3.26588 3.51892 
3.06541 3.48844 3.64213 
2.38393 2.76316 2.8801 
1.19915 1.50989 1.63389 
0.257383 0.449594 0.558691 
0.0816202 0.107133 0.123877 
0.640117 0.486528 0.332576 
1.44865 1.15234 0.804289 
1.97658 1.60806 1.11757 
2.00242 1.63771 1.10872 
1.66304 1.35787 0.899757 
1.23733 1.01107 0.693013 
0.91098 0.740832 0.565068 
0.718879 0.547123 0.448246 
0.648127 0.406295 0.275952 
0.737661 0.381087 0.109315 
1.05402 0.586484 0.103227 
1.57884 1.04815 0.347594 
2.14034 1.60769 0.748016 
2.47512 1.98541 1.07039 
2.38385 1.9644 1.1189 
1.86645 1.5531 0.898024 
1.14312 1.00143 0.625473 
0.548367 0.655775 0.584194 
0.358283 0.747149 0.920456 
0.642735 1.24477 1.5277 
1.2228 1.86522 2.09471 
1.76504 2.23598 2.29071 
1.96833 2.11839 1.97269 
1.73328 1.55117 1.28078 
1.20364 0.818116 0.553319 
0.652081 0.259032 0.11281 
0.296577 0.0557928 0.0682376 
0.183196 0.144696 0.272919 
0.211232 0.308891 0.462904 
0.2569 0.364682 0.463636 
0.278068 0.289249 0.30407 
0.31574 0.198393 0.159392 
0.410864 0.214074 0.185768 
0.530256 0.347753 0.391693 
0.578117 0.49741 0.646024 
0.483037 0.54803 0.799401 
0.277812 0.477209 0.804674 
0.0954417 0.37294 0.736939 
0.0796698 0.355238 0.710468 
0.28247 0.476095 0.776208 
0.629329 0.682205 0.887235 
0.973216 0.862262 0.949058 
1.1871 0.9288 0.898784 
1.22489 0.867083 0.745112 
1.12127 0.726106 0.548943 
0.955749 0.579641 0.37792 
0.821495 0.49788 0.278594 
