0.543528 0.653571 0.679165 
0.132686 0.338915 0.538615 
0.0527178 0.259678 0.538226 
0.216966 0.358331 0.634992 
0.500678 0.546037 0.765084 
0.788343 0.736204 0.868697 
1.00927 0.876047 0.919273 
1.15188 0.964877 0.942655 
1.25363 1.04959 1.01118 
1.37194 1.19647 1.2089 
1.54884 1.45093 1.58217 
1.78606 1.80587 2.10228 
2.04239 2.19662 2.66386 
2.25398 2.52667 3.12383 
2.36595 2.71072 3.36145 
2.35793 2.71172 3.32785 
2.25104 2.55307 3.05946 
2.09546 2.30282 2.65245 
1.94876 2.043 2.21747 
1.85766 1.84261 1.84216 
1.84975 1.74578 1.57869 
1.93219 1.7729 1.45354 
2.0906 1.92413 1.48222 
2.28517 2.17691 1.67196 
2.44946 2.47973 2.00922 
2.50155 2.75285 2.44391 
2.37129 2.9053 2.88694 
2.03483 2.86621 3.22955 
1.53755 2.61579 3.37737 
0.987678 2.19757 3.28224 
0.517388 1.70243 2.95601 
0.227735 1.23127 2.46151 
0.145223 0.855665 1.88784 
0.213787 0.596632 1.32295 
0.327582 0.430499 0.83417 
0.388264 0.315545 0.460133 
0.357658 0.222793 0.212102 
0.279376 0.154312 0.0803241 
0.258832 0.140838 0.0420353 
0.411205 0.221784 0.0690727 
0.801509 0.41888 0.133808 
1.40408 0.716765 0.212602 
2.09997 1.06003 0.286909 
2.71442 1.36865 0.343253 
3.07915 1.56542 0.373448 
3.09381 1.60355 0.375388 
2.76101 1.48229 0.35338 
2.18122 1.24413 0.316887 
1.51166 0.956132 0.277962 
0.908611 0.685231 0.24919 
0.478238 0.479204 0.243804 
0.254359 0.360269 0.27753 
0.207304 0.33051 0.369397 
0.273808 0.382354 0.538435 
0.390748 0.506336 0.795632 
0.517404 0.692005 1.13401 
0.639373 0.922944 1.52175 
0.756956 1.17051 1.90261 
0.867688 1.39162 2.20503 
0.954228 1.53415 2.35846 
0.985158 1.55028 2.31297 
0.929012 1.41432 2.05697 
0.774182 1.13786 1.62702 
0.543222 0.77452 1.1046 
0.292091 0.409181 0.597743 
0.0928056 0.133459 0.211725 
0.00736524 0.0165289 0.018413 
0.0658948 0.0835581 0.0363614 
0.259194 0.310733 0.229452 
0.547094 0.637389 0.523577 
0.875198 0.987562 0.832748 
1.18971 1.29042 1.08319 
1.44441 1.4927 1.22746 
1.60154 1.56297 1.24759 
1.63279 1.49229 1.15139 
1.52507 1.29491 0.967048 
1.28939 1.00902 0.738012 
0.966032 0.693413 0.51694 
0.619282 0.416846 0.356669 
0.320676 0.240669 0.298416 
0.126652 0.200511 0.360385 
0.0603981 0.294558 0.531319 
0.10581 0.483668 0.772085 
0.215686 0.703527 1.02526 
0.330075 0.884265 1.22969 
0.397249 0.970744 1.3358 
0.389923 0.937367 1.31751 
0.311934 0.793633 1.17836 
0.194029 0.579438 0.95022 
0.0805294 0.351606 0.684887 
0.0113159 0.165466 0.439969 
0.00554283 0.0573022 0.263129 
0.0539588 0.0344494 0.180344 
0.124509 0.0781385 0.193786 
0.180594 0.159355 0.29143 
0.204567 0.261182 0.46433 
0.21439 0.395946 0.721732 
0.262488 0.605878 1.09316 
0.413871 0.943448 1.61243 
0.712198 1.43898 2.28919 
1.15092 2.07209 3.08301 
1.66605 2.76376 3.89655 
2.15656 3.3958 4.5955 
2.523 3.84981 5.04891 
2.70493 4.04682 5.1716 
2.69826 3.969 4.94909 
2.54581 3.65552 4.4354 
2.30979 3.17938 3.72839 
2.04377 2.62061 2.93784 
1.77929 2.04978 2.1615 
1.53058 1.52533 1.47557 
1.30882 1.09778 0.935372 
1.1323 0.810203 0.576839 
1.02363 0.689146 0.412262 
0.995932 0.730206 0.422139 
1.03827 0.888902 0.551408 
1.11165 1.08687 0.718556 
1.16077 1.23524 0.839221 
1.13673 1.26683 0.856499 
1.01953 1.16262 0.764134 
0.828729 0.959432 0.61009 
0.616407 0.734234 0.476407 
0.445478 0.571162 0.44255 
0.362795 0.52544 0.547998 
0.379016 0.599889 0.771241 
0.463913 0.744205 1.03561 
0.559146 0.877288 1.24047 
0.603109 0.922905 1.30446 
0.557467 0.843226 1.20159 
0.424352 0.655842 0.973602 
0.247289 0.427387 0.713176 
0.0959524 0.247423 0.525946 
0.041786 0.194941 0.489308 
0.134978 0.312201 0.626508 
0.391611 0.595785 0.905711 
0.794036 1.0053 1.26048 
1.30091 1.48174 1.61813 
1.85979 1.96483 1.92112 
2.41613 2.40238 2.13421 
2.9173 2.75184 2.24028 
3.31402 2.97931 2.23354 
3.56329 3.06094 2.11709 
3.63425 2.98748 1.90506 
3.51526 2.76863 1.62428 
3.21876 2.43331 1.31095 
2.78166 2.02507 1.00282 
2.26091 1.59515 0.732089 
1.7253 1.19614 0.523253 
1.24425 0.876096 0.394754 
0.874053 0.670777 0.358778 
0.643816 0.593172 0.414966 
0.546012 0.624288 0.540951 
0.537928 0.713099 0.68914 
0.556957 0.791204 0.79814 
0.545437 0.799116 0.817415 
0.473822 0.711716 0.732201 
0.350033 0.547948 0.571879 
0.209807 0.357879 0.393801 
0.0940823 0.194262 0.250904 
0.0274384 0.0862636 0.163689 
0.0106917 0.0320403 0.115753 
0.0311651 0.0144278 0.0769065 
0.0823407 0.0283051 0.038853 
0.178424 0.0998093 0.038678 
0.352785 0.282267 0.151717 
0.639687 0.628301 0.454012 
1.04924 1.15267 0.973599 
1.54958 1.80672 1.65766 
2.06628 2.47945 2.37483 
2.49995 3.02685 2.95411 
2.75467 3.31739 3.2437 
2.76663 3.27516 3.16491 
2.52342 2.9048 2.73945 
2.06918 2.2902 2.08117 
1.49458 1.56907 1.35719 
0.914047 0.892611 0.734148 
0.435431 0.383058 0.328842 
0.130222 0.102323 0.179323 
0.0143642 0.041255 0.24472 
0.0479615 0.132764 0.431436 
0.155445 0.283306 0.633807 
0.258295 0.409657 0.772207 
0.305406 0.465604 0.813833 
0.286995 0.448537 0.770647 
0.227169 0.386733 0.68073 
0.162581 0.318177 0.586761 
0.121756 0.274339 0.523745 
0.116713 0.275769 0.518476 
0.147803 0.335678 0.592787 
0.212615 0.461358 0.759635 
0.30826 0.646763 1.00862 
0.424327 0.860273 1.29026 
0.534375 1.04061 1.51567 
0.597713 1.11244 1.5829 
0.576356 1.02073 1.42429 
0.459382 0.767269 1.05192 
0.278549 0.426592 0.573667 
0.102127 0.126795 0.1644 
0.00706842 0.000154247 0.000664956 
0.043689 0.126361 0.187668 
0.212072 0.496279 0.712685 
0.462405 1.01356 1.44625 
0.717512 1.53209 2.18954 
0.904429 1.91048 2.74571 
0.979414 2.05945 2.98485 
0.9371 1.9643 2.87835 
0.803968 1.67796 2.49367 
0.622955 1.29237 1.95746 
0.437278 0.902318 1.40533 
0.278904 0.576166 0.939233 
0.163669 0.342595 0.607078 
0.0926087 0.195386 0.408274 
0.0576667 0.11089 0.317121 
0.0488716 0.0679489 0.308661 
0.0594297 0.0596025 0.372083 
0.0860457 0.0908461 0.505252 
0.124619 0.165055 0.696232 
0.165055 0.269156 0.90683 
0.190545 0.369274 1.07307 
0.184267 0.422414 1.12716 
0.140813 0.398915 1.03082 
0.0745965 0.301806 0.799802 
0.017493 0.169355 0.502673 
0.00416003 0.0569368 0.231151 
0.0523972 0.00800032 0.0576096 
0.150841 0.031773 0.00388999 
0.262827 0.101425 0.0389342 
0.344932 0.172885 0.104393 
0.368829 0.210963 0.150069 
0.333194 0.205757 0.156762 
0.260196 0.171027 0.135334 
0.182304 0.12999 0.108457 
0.130564 0.101852 0.0920795 
0.130784 0.0982778 0.0898034 
0.203848 0.127557 0.0997863 
0.360966 0.196324 0.122889 
0.590204 0.302135 0.161813 
0.843228 0.422018 0.212149 
1.03876 0.510864 0.256492 
1.09208 0.5193 0.27168 
0.960469 0.424889 0.247112 
0.677475 0.255879 0.199729 
0.349298 0.086942 0.170747 
0.108517 0.00398395 0.202578 
0.0488019 0.0577738 0.311062 
0.17923 0.23619 0.47375 
0.425613 0.473466 0.643988 
0.676355 0.689896 0.781309 
0.842697 0.835559 0.876698 
0.897136 0.911155 0.956123 
0.871797 0.956985 1.06267 
