0.856512 1.11935 1.38547 
1.52997 1.66273 1.70301 
1.92017 1.86188 1.69131 
1.87699 1.64054 1.36953 
1.48597 1.18067 0.996178 
0.991842 0.794258 0.893628 
0.652482 0.7253 1.21985 
0.594594 0.993915 1.83458 
0.744377 1.37631 2.35875 
0.882733 1.54826 2.41288 
0.806803 1.31546 1.88935 
0.49392 0.772576 1.06017 
0.138873 0.260091 0.417765 
0.0214356 0.134082 0.347358 
0.301257 0.51871 0.872744 
0.901677 1.22954 1.66353 
1.56619 1.91279 2.27949 
2.0259 2.27347 2.44722 
2.14148 2.21914 2.17251 
1.93299 1.84765 1.65543 
1.51621 1.33809 1.12556 
1.02176 0.849387 0.730189 
0.555843 0.48282 0.519474 
0.207327 0.296715 0.488961 
0.0658437 0.330873 0.622722 
0.209236 0.606866 0.907799 
0.648854 1.09873 1.32061 
1.27141 1.7004 1.80399 
1.84444 2.23236 2.26084 
2.1172 2.50793 2.58092 
1.96396 2.42708 2.68887 
1.46233 2.02924 2.57666 
0.840808 1.46163 2.29225 
0.33922 0.890345 1.89608 
0.0953361 0.428584 1.43023 
0.130596 0.130396 0.931287 
0.404089 0.0256369 0.466675 
0.850428 0.132642 0.139138 
1.36788 0.424402 0.0318622 
1.80917 0.797114 0.137763 
2.03659 1.10531 0.350695 
2.016 1.25442 0.541079 
1.84661 1.25982 0.644157 
1.66833 1.20016 0.669592 
1.52545 1.11129 0.63435 
1.3373 0.950314 0.520226 
1.0255 0.688263 0.328275 
0.66543 0.427169 0.163454 
0.476621 0.37649 0.209164 
0.626584 0.665415 0.561925 
1.03538 1.16885 1.08125 
1.39339 1.54938 1.44071 
1.40015 1.51306 1.37679 
1.01007 1.05496 0.918673 
0.463863 0.470459 0.38366 
0.0924186 0.129442 0.142555 
0.0789943 0.219176 0.3648 
0.370376 0.658425 0.944055 
0.766622 1.20745 1.62106 
1.07434 1.64197 2.16377 
1.20018 1.85441 2.4654 
1.1518 1.84881 2.53016 
0.990991 1.68372 2.40773 
0.790755 1.42533 2.14524 
0.612879 1.13123 1.78055 
0.49568 0.849032 1.35739 
0.443607 0.611066 0.931878 
0.425438 0.424905 0.559263 
0.392371 0.27564 0.276438 
0.312205 0.148387 0.102152 
0.196318 0.0554523 0.0542364 
0.0972872 0.0410495 0.159442 
0.0799413 0.155948 0.439142 
0.188685 0.42295 0.883693 
0.42596 0.816177 1.43853 
0.739107 1.25618 2.00563 
1.01913 1.61681 2.45191 
1.13437 1.7572 2.63322 
1.00646 1.59023 2.45205 
0.681019 1.15421 1.93028 
0.319686 0.618657 1.23191 
0.0996015 0.19458 0.590491 
0.0972133 0.00882821 0.181626 
0.251122 0.041005 0.0374381 
0.422284 0.163875 0.0619724 
0.490419 0.241931 0.119285 
0.419995 0.214625 0.12278 
0.271178 0.121637 0.0751248 
0.158496 0.0643582 0.0459378 
0.172929 0.124452 0.103026 
0.312197 0.291847 0.243058 
0.480852 0.465778 0.382551 
0.570769 0.538274 0.427045 
0.546524 0.482949 0.354855 
0.450363 0.359817 0.227986 
0.337517 0.241887 0.122894 
0.233606 0.157575 0.0651356 
0.159465 0.107358 0.0361465 
0.160667 0.104601 0.0213915 
0.269093 0.163662 0.0248797 
0.433171 0.250275 0.0406184 
0.524571 0.282033 0.0419055 
0.447959 0.207202 0.0184567 
0.244666 0.0760305 0.00915783 
0.0715405 0.0114607 0.0730072 
0.071271 0.102635 0.226014 
0.264495 0.334377 0.424751 
0.556413 0.617048 0.618046 
0.823361 0.864287 0.796055 
0.98246 1.02885 0.968495 
1.0008 1.08086 1.10093 
0.878778 0.989336 1.10249 
0.650359 0.751839 0.903754 
0.393452 0.439393 0.552652 
0.214864 0.189876 0.221004 
0.201699 0.132962 0.0962926 
0.373844 0.303659 0.245255 
0.676541 0.617106 0.563411 
1.01566 0.922852 0.847902 
1.30319 1.0919 0.93055 
1.48049 1.07409 0.773077 
1.51501 0.900033 0.471934 
1.39185 0.646675 0.190418 
1.11967 0.399878 0.0715174 
0.748423 0.230081 0.175095 
0.374323 0.176585 0.4565 
0.110736 0.234475 0.787154 
0.0315811 0.351687 1.01098 
0.12523 0.450166 1.01948 
0.299308 0.469855 0.811281 
0.440468 0.408504 0.496624 
0.48665 0.323112 0.233593 
0.457477 0.286488 0.131662 
0.425267 0.333828 0.191099 
0.458061 0.44535 0.324381 
0.579098 0.574638 0.436963 
0.759418 0.685438 0.491791 
0.931886 0.757178 0.502874 
1.01537 0.765352 0.481438 
0.950187 0.679357 0.408703 
0.738527 0.497961 0.272916 
0.463054 0.287446 0.126179 
0.257737 0.170143 0.0859052 
0.238351 0.256029 0.26246 
0.432776 0.565696 0.671611 
0.753656 1.00128 1.20426 
1.03371 1.38547 1.67375 
1.11415 1.54836 1.90623 
0.942445 1.4181 1.82296 
0.610604 1.06185 1.47439 
0.29022 0.642115 1.00708 
0.105874 0.311801 0.580162 
0.0573913 0.128741 0.285975 
0.0606994 0.0570218 0.129228 
0.0529798 0.0363315 0.0659002 
0.0435915 0.0375809 0.0519554 
0.0685168 0.0573021 0.0600295 
0.123887 0.0845143 0.0715635 
0.164041 0.0952062 0.0740911 
0.153749 0.0767219 0.0692399 
0.101776 0.0431105 0.0740396 
0.0453845 0.0237931 0.108333 
0.0199553 0.043142 0.178205 
0.0435356 0.105314 0.263803 
0.107498 0.18358 0.318315 
0.17014 0.226142 0.294673 
0.180012 0.198117 0.201968 
0.132171 0.135944 0.141024 
0.0983535 0.14394 0.249718 
0.174667 0.303793 0.57076 
0.382526 0.574874 0.966345 
0.626343 0.798732 1.19203 
0.75935 0.820457 1.08589 
0.698443 0.616626 0.702272 
0.490029 0.319457 0.274956 
0.286877 0.134667 0.0626503 
0.264695 0.230298 0.213438 
0.527618 0.659963 0.720524 
1.04646 1.33932 1.44792 
1.66612 2.07987 2.18917 
2.18674 2.67427 2.74743 
2.46729 2.99073 3.0141 
2.47789 3.01334 2.99685 
2.27717 2.80849 2.77687 
1.95581 2.46301 2.44005 
1.59412 2.04716 2.04259 
1.2411 1.60755 1.61771 
0.90828 1.16925 1.18917 
0.588802 0.746942 0.777067 
0.301389 0.3728 0.410132 
0.111294 0.111677 0.138036 
0.079596 0.0212987 0.00991281 
0.178539 0.0799711 0.0206598 
0.28098 0.172563 0.0893539 
0.26653 0.180857 0.119014 
0.140401 0.0947436 0.086737 
0.0238496 0.0142085 0.0580615 
0.0182629 0.0313156 0.100946 
0.0998095 0.128274 0.200286 
0.166968 0.210867 0.277119 
0.175112 0.229269 0.285325 
0.187316 0.231828 0.261143 
0.280719 0.287226 0.264583 
0.430505 0.379484 0.293168 
0.518748 0.41291 0.283386 
0.458361 0.323599 0.200419 
0.284652 0.161314 0.101292 
0.113322 0.0432236 0.0863456 
0.0241063 0.0347582 0.189578 
0.00459458 0.0933019 0.333265 
0.00192963 0.130238 0.400465 
0.00280284 0.112927 0.350058 
0.0461092 0.0959074 0.258855 
0.167416 0.16071 0.257384 
0.352019 0.339278 0.429243 
0.549133 0.596045 0.762779 
0.722742 0.870032 1.17849 
0.882528 1.12381 1.58789 
1.0719 1.35646 1.92994 
1.33116 1.57927 2.16703 
1.66032 1.77945 2.26068 
1.99746 1.90119 2.16125 
2.23067 1.86654 1.83483 
2.25411 1.63393 1.31642 
2.04066 1.25295 0.740266 
1.67019 0.858091 0.297076 
1.27938 0.589215 0.126562 
0.97293 0.499816 0.225451 
0.774189 0.53433 0.454133 
0.648613 0.590407 0.640861 
0.561151 0.60233 0.694246 
0.509736 0.573191 0.634681 
0.517047 0.54469 0.537289 
0.602194 0.549025 0.453962 
0.758577 0.588248 0.38484 
0.951488 0.650968 0.314492 
1.13567 0.741493 0.26772 
1.27475 0.881613 0.317135 
1.33643 1.06573 0.513285 
1.26996 1.20917 0.795078 
1.01978 1.17264 0.993126 
0.605593 0.888957 0.968416 
0.193535 0.482524 0.767304 
0.0311352 0.220335 0.607371 
0.243116 0.286284 0.666415 
0.678747 0.591622 0.884948 
1.00545 0.842046 1.01388 
0.992058 0.814292 0.872948 
0.695655 0.549816 0.532783 
0.359608 0.264229 0.21752 
0.161667 0.107779 0.0617517 
