1.21057 1.43964 
1.04265 0.830106 
1.07273 0.480119 
1.24957 0.48677 
1.45542 0.816839 
1.56382 1.30467 
1.50343 1.71479 
1.28407 1.84585 
0.96864 1.62147 
0.624633 1.12076 
0.307726 0.539993 
0.0923745 0.113744 
0.102114 0.0320493 
0.475033 0.374969 
1.25693 1.07494 
2.29793 1.92042 
3.25392 2.61541 
3.72782 2.88876 
3.47866 2.61275 
2.56973 1.8729 
1.36472 0.951365 
0.378094 0.231872 
0.0667411 0.0699491 
0.664257 0.677142 
2.11375 2.04816 
4.09728 3.94104 
6.13026 5.91688 
7.69255 7.44723 
8.37654 8.08085 
8.0196 7.61949 
6.76483 6.21491 
5.00189 4.31438 
3.20162 2.46603 
1.73331 1.09177 
0.768398 0.359302 
0.302101 0.203798 
0.232824 0.436662 
0.419051 0.840269 
0.697909 1.20997 
0.911272 1.38179 
0.965651 1.28237 
0.880426 0.969553 
0.758298 0.600037 
0.684556 0.322047 
0.647648 0.178913 
0.563876 0.111719 
0.383366 0.0518051 
0.167273 0.00328989 
0.0544352 0.0330068 
0.147651 0.187627 
0.426018 0.429931 
0.75792 0.65659 
0.99347 0.772901 
1.05419 0.752024 
0.95789 0.635447 
0.780836 0.491149 
0.601672 0.372754 
0.466825 0.304372 
0.386791 0.286476 
0.351504 0.309067 
0.350596 0.366191 
0.388912 0.469101 
0.487825 0.647547 
0.664573 0.925958 
0.896719 1.27978 
1.10145 1.60658 
1.16313 1.75328 
1.00878 1.60345 
0.680682 1.17076 
0.339516 0.621222 
0.177457 0.191779 
0.296916 0.0550887 
0.645064 0.226602 
1.05209 0.575971 
1.33866 0.921385 
1.41003 1.12856 
1.27835 1.15112 
1.01974 1.01062 
0.717064 0.759126 
0.431501 0.460999 
0.207427 0.193687 
0.0867728 0.0441951 
0.110561 0.087107 
0.304176 0.35373 
0.657555 0.812984 
1.11343 1.37595 
1.57177 1.92087 
1.91289 2.32738 
2.03522 2.50869 
1.89492 2.43297 
1.52825 2.12829 
1.04187 1.67049 
0.571371 1.15937 
0.226367 0.691528 
0.0500784 0.337105 
0.0143665 0.126123 
0.0517075 0.0489614 
0.103508 0.0712264 
0.153962 0.155227 
0.228196 0.27457 
0.357334 0.412649 
0.535568 0.548511 
0.701029 0.644719 
0.759984 0.652775 
0.648002 0.540805 
0.392855 0.329812 
0.128995 0.108838 
0.0331183 0.00207967 
0.207083 0.0931371 
0.590537 0.355848 
0.982635 0.653992 
1.17227 0.825431 
1.08056 0.791489 
0.801124 0.602579 
0.510308 0.384456 
0.331924 0.238425 
0.271459 0.184549 
0.258807 0.185543 
0.238372 0.208684 
0.217573 0.256933 
0.242003 0.346316 
0.33754 0.466048 
0.478312 0.568942 
0.602418 0.601056 
0.652908 0.539851 
0.608734 0.407425 
0.488375 0.252934 
0.33266 0.123487 
0.183906 0.0453605 
0.0742271 0.0235284 
0.0255929 0.0540846 
0.0560811 0.13925 
0.183888 0.294682 
0.422479 0.540436 
0.766415 0.874663 
1.17704 1.24618 
1.58396 1.5557 
1.91107 1.70281 
2.1139 1.65405 
2.19704 1.47344 
2.19236 1.27602 
2.11675 1.13574 
1.95423 1.03213 
1.68615 0.891555 
1.34038 0.685441 
1.00315 0.484644 
0.771455 0.409693 
0.686292 0.522393 
0.711566 0.765783 
0.781778 1.01197 
0.876518 1.1721 
1.05377 1.2666 
1.40777 1.39515 
1.97699 1.63675 
2.66848 1.96503 
3.26184 2.24643 
3.51242 2.32447 
3.30712 2.1335 
2.7731 1.76286 
2.24698 1.42012 
2.09409 1.30586 
2.47988 1.47771 
3.24744 1.7993 
3.99379 2.01782 
4.30059 1.92342 
3.96793 1.48359 
3.10398 0.862268 
2.02955 0.314858 
1.08018 0.0334837 
0.442705 0.0458023 
0.119096 0.228337 
0.0103986 0.414432 
0.0325147 0.512869 
0.170828 0.551814 
0.448495 0.626356 
0.860544 0.805749 
1.34339 1.08093 
1.79829 1.38341 
2.1299 1.63643 
2.26216 1.7822 
2.14171 1.77721 
1.76314 1.59391 
1.20881 1.25036 
0.644912 0.832988 
0.237962 0.464154 
0.0474545 0.226752 
0.00279776 0.120416 
0.00160754 0.0996899 
0.0332351 0.149515 
0.190359 0.303137 
0.546975 0.574699 
1.03409 0.890565 
1.45831 1.11982 
1.65762 1.19242 
1.63758 1.17998 
1.54969 1.24018 
1.54084 1.47107 
1.63214 1.82371 
1.74153 2.16175 
1.80807 2.40249 
1.8816 2.59613 
2.09574 2.8735 
2.56176 3.32325 
3.27423 3.90552 
4.07938 4.44846 
4.7039 4.70438 
4.83802 4.4396 
4.27536 3.55703 
3.06983 2.22051 
1.59922 0.880208 
0.429448 0.0995641 
0.00805639 0.226321 
0.382421 1.12733 
1.16705 2.22635 
1.80982 2.87119 
1.96449 2.77376 
1.68533 2.1786 
1.31018 1.62641 
1.15725 1.51379 
1.29693 1.81039 
1.56324 2.14168 
1.74716 2.1298 
1.77778 1.69382 
1.75053 1.09048 
1.8223 0.717207 
2.09314 0.865655 
2.55983 1.58755 
3.13152 2.69923 
3.65848 3.86538 
3.96419 4.71746 
3.90875 4.99812 
3.47956 4.69493 
2.83939 4.0727 
2.26162 3.53685 
1.97618 3.38806 
2.04703 3.64609 
2.38664 4.08748 
2.88313 4.4631 
3.5033 4.70027 
4.26327 4.9145 
5.10451 5.2403 
5.82173 5.6576 
6.14176 5.97846 
5.89821 5.99368 
5.14858 5.63394 
4.13763 5.00999 
3.15344 4.32496 
2.3982 3.75366 
1.94458 3.37292 
1.75383 3.15346 
1.70594 2.98653 
