0.402751 0.937816 
0.482737 0.91118 
0.581746 0.864502 
0.670457 0.797487 
0.727981 0.721636 
0.751355 0.659977 
0.759024 0.642215 
0.788296 0.698712 
0.888655 0.856512 
1.1118 1.13703 
1.49777 1.55163 
2.05772 2.09234 
2.75835 2.72086 
3.5171 3.36421 
4.21574 3.9258 
4.73201 4.31232 
4.97822 4.46635 
4.92947 4.38825 
4.62794 4.13454 
4.16151 3.79219 
3.62805 3.44152 
3.10329 3.12653 
2.6262 2.84657 
2.20469 2.57138 
1.83355 2.2686 
1.51163 1.92815 
1.24866 1.5709 
1.06005 1.23957 
0.95523 0.97871 
0.92761 0.815157 
0.951975 0.748125 
0.990048 0.751334 
1.00124 0.78387 
0.954241 0.803796 
0.836105 0.779681 
0.65664 0.697771 
0.446841 0.564246 
0.250577 0.402254 
0.110533 0.243736 
0.0524299 0.117759 
0.0742409 0.0398644 
0.14669 0.00815691 
0.226551 0.00916008 
0.276908 0.0302663 
0.283481 0.0700521 
0.257413 0.137734 
0.223047 0.240219 
0.199113 0.365386 
0.186591 0.47574 
0.172024 0.521785 
0.143763 0.471005 
0.108305 0.334981 
0.0924538 0.174209 
0.126596 0.071825 
0.218778 0.0874955 
0.338362 0.218305 
0.424424 0.393032 
0.418863 0.508272 
0.306943 0.48945 
0.140085 0.342644 
0.023484 0.165598 
0.0705221 0.107827 
0.3457 0.298128 
0.825918 0.776521 
1.40133 1.466 
1.91654 2.19861 
2.23217 2.78226 
2.27714 3.0753 
2.0685 3.03413 
1.69304 2.71603 
1.26428 2.2423 
0.878429 1.7453 
0.589902 1.32608 
0.413593 1.03872 
0.346193 0.900824 
0.389703 0.915786 
0.561488 1.08923 
0.884378 1.42846 
1.36206 1.92556 
1.95349 2.53512 
2.56176 3.16186 
3.04785 3.67037 
3.26941 3.91936 
3.13306 3.81092 
2.63995 3.33544 
1.90271 2.5901 
1.12053 1.75762 
0.51647 1.04834 
0.259071 0.627084 
0.401081 0.555984 
0.862296 0.778398 
1.46425 1.15011 
2.00036 1.50137 
2.30952 1.70008 
2.32279 1.68952 
2.06858 1.48984 
1.64285 1.17167 
1.16409 0.819958 
0.733901 0.505304 
0.415014 0.270054 
0.227697 0.127667 
0.158614 0.0693491 
0.174926 0.0729713 
0.238166 0.111722 
0.314545 0.161208 
0.380029 0.203785 
0.420355 0.229331 
0.42827 0.233309 
0.401307 0.214486 
0.342157 0.174517 
0.260723 0.11951 
0.174642 0.061438 
0.105656 0.0170064 
0.0724226 0.00349862 
0.0835875 0.0336477 
0.135341 0.112427 
0.214859 0.237287 
0.307209 0.400998 
0.401429 0.594757 
0.492603 0.809462 
0.579716 1.03454 
0.661495 1.25535 
0.733041 1.45138 
0.78509 1.59722 
0.806197 1.6676 
0.786794 1.64521 
0.723311 1.52802 
0.620513 1.3319 
0.491155 1.08631 
0.353609 0.825098 
0.229205 0.577401 
0.140422 0.363694 
0.109146 0.197724 
0.152803 0.0904677 
0.277423 0.0509421 
0.470265 0.0820803 
0.697547 0.175007 
0.911607 0.307218 
1.06619 0.447398 
1.13237 0.564422 
1.10644 0.635304 
1.00589 0.648737 
0.858097 0.605126 
0.689711 0.515973 
0.522497 0.403223 
0.37413 0.295679 
0.258405 0.219724 
0.181692 0.186825 
0.138728 0.18602 
0.114086 0.189311 
0.0917368 0.169479 
0.0669118 0.119229 
0.0501471 0.0571469 
0.0582355 0.0144107 
0.0978869 0.0110466 
0.155705 0.0400091 
0.204797 0.0727623 
0.225348 0.083882 
0.224062 0.0766754 
0.236155 0.0894193 
0.305663 0.175078 
0.456231 0.366697 
0.672621 0.65178 
0.906521 0.973755 
1.1037 1.26105 
1.23533 1.4666 
1.31412 1.59447 
1.38638 1.69858 
1.50629 1.85485 
1.70797 2.12219 
1.98985 2.51198 
2.317 2.97953 
2.63678 3.43932 
2.89788 3.79511 
3.06412 3.97117 
3.11937 3.9327 
3.06534 3.69018 
2.91669 3.29002 
2.69731 2.79848 
2.4392 2.28615 
2.18213 1.81707 
1.97129 1.44208 
1.85094 1.19389 
1.85486 1.08253 
1.99735 1.09298 
2.26912 1.18884 
2.64033 1.32446 
3.06868 1.46267 
3.50715 1.58967 
3.9061 1.71702 
4.20946 1.86661 
4.35151 2.04565 
4.26403 2.22764 
3.89953 2.35565 
3.26435 2.37124 
2.44356 2.25448 
1.59652 2.0489 
0.914245 1.85121 
0.551757 1.76712 
0.567874 1.85906 
0.905537 2.11919 
1.42513 2.48568 
1.97226 2.88965 
2.44113 3.29803 
2.79922 3.72058 
3.06613 4.17656 
3.26925 4.64823 
3.41085 5.0591 
3.46723 5.29753 
3.41467 5.27288 
3.25845 4.96902 
3.04443 4.46363 
2.84988 3.90636 
2.76492 3.47341 
2.87511 3.32129 
3.24382 3.55102 
3.88611 4.17967 
4.73543 5.1176 
5.62353 6.16284 
6.30279 7.03353 
6.52256 7.44684 
6.134 7.22191 
5.16832 6.35742 
3.83781 5.03747 
2.45154 3.55665 
1.28976 2.20301 
0.506408 1.16185 
0.107623 0.485517 
0.00220253 0.128286 
0.0760368 0.00607323 
0.238096 0.0368065 
0.420546 0.147145 
0.558454 0.26704 
0.589401 0.343036 
0.488739 0.376646 
0.314506 0.458099 
0.214511 0.752549 
0.36818 1.42196 
0.884686 2.51512 
1.71918 3.89291 
2.66747 5.24664 
3.45332 6.21453 
3.86274 6.54014 
3.84681 6.18688 
3.53304 5.34592 
3.14161 4.33595 
2.8607 3.45349 
2.75679 2.85558 
2.77021 2.53155 
2.79103 2.36586 
2.76238 2.24464 
