5.05585 3.97894 
5.6599 4.62405 
6.0244 5.11862 
6.20971 5.49995 
6.16829 5.68276 
5.76124 5.48456 
4.89996 4.78068 
3.69878 3.67008 
2.47628 2.48009 
1.57298 1.57284 
1.14155 1.11817 
1.09278 1.03234 
1.21399 1.104 
1.32074 1.15503 
1.3211 1.10256 
1.1991 0.932841 
0.98783 0.672097 
0.762196 0.388107 
0.629274 0.189065 
0.696508 0.190129 
1.02305 0.45837 
1.57103 0.963641 
2.18323 1.56082 
2.62412 2.02908 
2.69334 2.17387 
2.34922 1.94053 
1.74007 1.45048 
1.10577 0.919064 
0.629705 0.518459 
0.363504 0.299419 
0.266336 0.22182 
0.289328 0.238644 
0.413316 0.34216 
0.621634 0.539794 
0.862838 0.804197 
1.05592 1.05854 
1.13383 1.21262 
1.0813 1.215 
0.935499 1.07771 
0.755616 0.859447 
0.589437 0.627564 
0.457859 0.429544 
0.359441 0.288806 
0.284576 0.215645 
0.227369 0.213307 
0.1887 0.270808 
0.170929 0.35449 
0.169302 0.415544 
0.16722 0.413505 
0.14421 0.338176 
0.102618 0.217739 
0.101297 0.118095 
0.258446 0.136398 
0.687448 0.371634 
1.3858 0.859486 
2.16758 1.50579 
2.7265 2.08951 
2.81184 2.36679 
2.38739 2.21419 
1.64698 1.70154 
0.883738 1.04143 
0.326528 0.464917 
0.0572207 0.117135 
0.0304308 0.0250598 
0.140446 0.123591 
0.277365 0.300268 
0.357113 0.437799 
0.341423 0.457731 
0.258889 0.365397 
0.209425 0.268191 
0.318043 0.324969 
0.635946 0.625541 
1.05654 1.0807 
1.34341 1.43722 
1.2894 1.44603 
0.89124 1.06229 
0.379028 0.500192 
0.0583555 0.0843861 
0.0952637 0.0242626 
0.422128 0.297294 
0.821163 0.712254 
1.08742 1.06389 
1.13481 1.24294 
0.993508 1.24339 
0.745233 1.10697 
0.467789 0.875643 
0.220712 0.586703 
0.0566638 0.294769 
0.024448 0.0794462 
0.144418 0.0114502 
0.373356 0.0957523 
0.604424 0.250415 
0.72935 0.362631 
0.72287 0.384657 
0.661779 0.370947 
0.639896 0.403583 
0.658273 0.480266 
0.619507 0.500363 
0.448956 0.381816 
0.208818 0.178224 
0.0610262 0.0470118 
0.106896 0.0905329 
0.282935 0.249633 
0.429514 0.37082 
0.446689 0.36236 
0.363123 0.261054 
0.269424 0.159191 
0.22794 0.10993 
0.263213 0.123086 
0.400606 0.216927 
0.65786 0.419115 
0.981359 0.699506 
1.22032 0.930492 
1.20724 0.953299 
0.895406 0.709918 
0.431744 0.322514 
0.0846079 0.0373902 
0.059015 0.0551326 
0.331533 0.364804 
0.649747 0.724328 
0.728755 0.838149 
0.498324 0.609725 
0.174544 0.241873 
0.0698418 0.0679309 
0.309775 0.25528 
0.726524 0.662566 
1.0209 0.981345 
1.01645 1.0061 
0.76476 0.770002 
0.447509 0.457253 
0.219798 0.231452 
0.137805 0.148982 
0.173436 0.179092 
0.245967 0.247737 
0.255995 0.266803 
0.154596 0.182829 
0.0208607 0.0454517 
0.0474859 0.0133719 
0.391549 0.238938 
1.0029 0.710108 
1.60514 1.21003 
1.87453 1.45766 
1.67045 1.31408 
1.12463 0.876271 
0.53317 0.393853 
0.162536 0.0997516 
0.119596 0.0913788 
0.347568 0.322556 
0.706 0.671201 
1.05859 1.01409 
1.32157 1.26588 
1.46856 1.38174 
1.51224 1.34958 
1.48341 1.19384 
1.4139 0.984504 
1.31923 0.820535 
1.18535 0.774056 
0.97817 0.832344 
0.686658 0.89994 
0.371061 0.876406 
0.160076 0.745003 
0.17306 0.586173 
0.42098 0.502726 
0.78057 0.53505 
1.07954 0.649598 
1.22233 0.796697 
1.24111 0.958578 
1.23088 1.13292 
1.24293 1.28485 
1.24374 1.3402 
1.16672 1.23877 
0.988579 0.991459 
0.752065 0.679963 
0.526737 0.40189 
0.358957 0.215951 
0.255664 0.129437 
0.201294 0.122718 
0.181757 0.180403 
0.198832 0.30973 
0.276079 0.545321 
0.461036 0.94312 
0.820632 1.56042 
1.42124 2.41909 
2.29137 3.46236 
3.38362 4.5352 
4.56784 5.42321 
5.67418 5.95182 
6.56143 6.0865 
7.15346 5.94509 
7.41242 5.69016 
7.28736 5.38262 
6.71289 4.93315 
5.68174 4.20791 
4.32447 3.19514 
2.90269 2.0722 
1.69767 1.10607 
0.876714 0.478709 
0.441428 0.192791 
0.286489 0.12718 
0.306189 0.174894 
0.46261 0.340616 
0.777282 0.730203 
1.27012 1.45511 
1.89778 2.52197 
2.53427 3.77118 
3.00738 4.89901 
3.16936 5.56176 
2.95771 5.51976 
2.41345 4.75115 
1.66368 3.4778 
0.898211 2.09224 
0.34231 1.01598 
0.190692 0.535381 
0.497685 0.675561 
1.10745 1.19088 
1.73035 1.71698 
2.14272 2.00691 
2.32596 2.06086 
2.38934 2.02103 
2.36254 1.9417 
2.12226 1.70507 
1.57316 1.20327 
0.871696 0.575602 
0.381764 0.180438 
0.352979 0.274165 
0.667381 0.736789 
0.951829 1.16379 
0.937203 1.23491 
0.670046 0.964449 
0.380636 0.599769 
0.217296 0.344549 
0.164791 0.233681 
0.182952 0.237083 
0.327658 0.383562 
0.68403 0.725084 
1.21336 1.21183 
1.72255 1.66661 
2.00109 1.9067 
1.9732 1.87661 
1.71436 1.65362 
1.34355 1.3415 
0.925735 0.981768 
0.487451 0.578401 
0.116337 0.204006 
0.0124256 0.0585812 
0.388883 0.37757 
1.27455 1.23091 
2.40916 2.39554 
3.37511 3.45766 
3.88394 4.09198 
3.96131 4.27584 
