1.21055 0.905562 
1.89151 1.51237 
2.45138 2.03338 
2.73155 2.31594 
2.6425 2.26765 
2.21054 1.90109 
1.5802 1.34176 
0.952633 0.777768 
0.489238 0.371531 
0.243692 0.187631 
0.166194 0.182414 
0.165358 0.25458 
0.171502 0.312782 
0.158445 0.314125 
0.130026 0.262751 
0.106338 0.190683 
0.125017 0.142742 
0.237022 0.164907 
0.475926 0.286505 
0.819144 0.502863 
1.18626 0.778829 
1.48961 1.07641 
1.69253 1.37727 
1.81384 1.66883 
1.87357 1.90619 
1.84485 2.00249 
1.67476 1.88094 
1.35739 1.55006 
0.973636 1.12116 
0.641287 0.734289 
0.419475 0.457263 
0.271556 0.261709 
0.133871 0.10588 
0.0209359 0.0362573 
0.0484688 0.187332 
0.333497 0.656528 
0.85834 1.36441 
1.43101 2.04167 
1.79124 2.37708 
1.78048 2.21665 
1.43954 1.65772 
0.962507 0.971684 
0.555216 0.425599 
0.313994 0.139655 
0.207817 0.0685349 
0.153573 0.0887185 
0.103316 0.102742 
0.0692747 0.0834055 
0.0817981 0.0491843 
0.139383 0.0201976 
0.208963 0.00486543 
0.27266 0.0198328 
0.36003 0.102553 
0.516341 0.283177 
0.730439 0.533685 
0.902689 0.751894 
0.905533 0.816557 
0.695385 0.68015 
0.371039 0.417629 
0.113421 0.179093 
0.0519135 0.0806501 
0.173644 0.12706 
0.351615 0.230574 
0.457153 0.300424 
0.45197 0.315681 
0.387866 0.319 
0.334431 0.349907 
0.313179 0.391427 
0.2948 0.38422 
0.250385 0.29438 
0.202731 0.170291 
0.229742 0.131468 
0.41209 0.287032 
0.759632 0.640012 
1.172 1.05352 
1.47374 1.31784 
1.514 1.28288 
1.26499 0.961783 
0.842413 0.523068 
0.427597 0.173389 
0.152641 0.0234204 
0.0397848 0.0416214 
0.0318692 0.119693 
0.0664377 0.175523 
0.116982 0.198772 
0.175356 0.215163 
0.217943 0.229067 
0.209093 0.214707 
0.143013 0.161851 
0.0742263 0.118113 
0.0941959 0.173477 
0.266368 0.393481 
0.573603 0.759177 
0.920947 1.16581 
1.18977 1.48121 
1.30228 1.61886 
1.25451 1.57507 
1.1024 1.41033 
0.915536 1.19486 
0.731721 0.961569 
0.544784 0.702861 
0.33658 0.414338 
0.12886 0.14777 
0.006088 0.0188403 
0.0739902 0.143993 
0.3712 0.541341 
0.802951 1.0748 
1.16489 1.50259 
1.25986 1.61444 
1.03003 1.36516 
0.602769 0.904082 
0.209928 0.474375 
0.0386124 0.255806 
0.124664 0.266374 
0.361293 0.387159 
0.600305 0.475329 
0.754918 0.466901 
0.827214 0.393781 
0.859579 0.321977 
0.874229 0.282918 
0.861642 0.262506 
0.818871 0.246979 
0.785704 0.267585 
0.831176 0.390412 
0.99579 0.654933 
1.24101 1.01682 
1.45385 1.3493 
1.50822 1.50797 
1.34084 1.41409 
0.991551 1.10023 
0.584828 0.692066 
0.265381 0.340709 
0.124366 0.146165 
0.156515 0.113881 
0.272196 0.167068 
0.357294 0.205499 
0.343151 0.172641 
0.241519 0.0872819 
0.124683 0.0212306 
0.0706329 0.043766 
0.114502 0.174642 
0.235249 0.374795 
0.376533 0.572541 
0.480824 0.701705 
0.516772 0.729413 
0.490505 0.664633 
0.438641 0.54846 
0.405044 0.431373 
0.411819 0.347475 
0.443771 0.300472 
0.460945 0.271316 
0.432058 0.240954 
0.360939 0.207517 
0.282008 0.182606 
0.229503 0.173257 
0.210114 0.171159 
0.203356 0.161038 
0.184592 0.136883 
0.145251 0.106036 
0.094064 0.0776768 
0.0466126 0.0524383 
0.0183628 0.0272345 
0.0230057 0.00747653 
0.0668063 0.00742236 
0.1381 0.0348238 
0.205541 0.0782303 
0.234779 0.114157 
0.212178 0.127375 
0.153194 0.12172 
0.0878512 0.110935 
0.0388371 0.102481 
0.0118422 0.0926741 
0.0013402 0.0753917 
0.000574997 0.0519127 
0.00647654 0.0321007 
0.0195354 0.0282908 
0.0416283 0.0476233 
0.0725601 0.0862379 
0.106914 0.128289 
0.135161 0.153304 
0.149487 0.149571 
0.148149 0.122527 
0.133329 0.088952 
0.10669 0.0621723 
0.0704603 0.0435427 
0.0329019 0.0276168 
0.00835212 0.0125792 
0.00783958 0.00368233 
0.0297711 0.00821495 
0.0617352 0.0296369 
0.0911331 0.0658286 
0.112817 0.110317 
0.128939 0.155697 
0.147649 0.200308 
0.184855 0.253835 
0.261243 0.331558 
0.386203 0.434764 
0.537437 0.533509 
0.658669 0.5743 
0.687098 0.515373 
0.594508 0.363353 
0.410199 0.17861 
0.206759 0.0413598 
0.0584663 0.00297876 
0.00118291 0.0575478 
0.0188619 0.151232 
0.0624394 0.219867 
0.0871014 0.229061 
0.0841554 0.193103 
0.0868334 0.162946 
0.144015 0.190453 
0.276999 0.289702 
0.450474 0.420816 
0.584684 0.511346 
0.606877 0.505191 
0.505188 0.40452 
0.339956 0.269877 
0.20035 0.175541 
0.142062 0.156767 
0.158092 0.193578 
0.202088 0.241124 
0.235162 0.272936 
0.251238 0.295375 
0.264332 0.325141 
0.279662 0.358934 
0.280968 0.367885 
0.245275 0.321542 
0.169329 0.218521 
0.0824951 0.0969809 
0.0327213 0.0151878 
0.0539307 0.0145748 
0.139332 0.0908709 
0.242575 0.194878 
0.307268 0.263785 
0.302588 0.260661 
0.239447 0.194136 
0.159357 0.107449 
0.107299 0.0486829 
0.105478 0.0427168 
0.140948 0.0794856 
0.174974 0.123531 
0.171804 0.139831 
0.126935 0.118827 
0.0683053 0.0796138 
0.0273158 0.0483451 
0.0119588 0.0369574 
0.0152891 0.0490485 
0.0477714 0.10375 
0.144877 0.237134 
0.326622 0.462344 
0.550026 0.726471 
