3.35139 2.76863 
4.03781 3.44451 
4.70725 4.07969 
4.93574 4.32033 
4.45686 3.93072 
3.38208 2.98744 
2.14534 1.85257 
1.22537 0.951711 
0.868173 0.5366 
0.997158 0.594534 
1.32927 0.926196 
1.57463 1.2938 
1.58316 1.53304 
1.38134 1.59318 
1.12169 1.528 
0.989177 1.45842 
1.09695 1.50456 
1.40732 1.69904 
1.73028 1.9381 
1.82874 2.03113 
1.57891 1.83411 
1.06837 1.36595 
0.548175 0.809285 
0.274494 0.396576 
0.362923 0.277582 
0.751706 0.461903 
1.26916 0.850235 
1.73056 1.30133 
2.00139 1.68178 
2.01773 1.88771 
1.78878 1.859 
1.39818 1.60218 
0.991892 1.20835 
0.728293 0.831348 
0.695416 0.611877 
0.848935 0.589359 
1.03393 0.6773 
1.09038 0.733965 
0.960389 0.670594 
0.708226 0.502348 
0.448772 0.308897 
0.261201 0.159638 
0.157091 0.0743522 
0.103586 0.0342429 
0.0635276 0.0129735 
0.0280076 0.00245507 
0.029196 0.0234381 
0.114335 0.10784 
0.283469 0.252297 
0.451017 0.386867 
0.498345 0.414288 
0.389027 0.301944 
0.223539 0.127346 
0.159552 0.0141108 
0.281624 0.0280095 
0.567009 0.157616 
0.967658 0.391703 
1.47702 0.770104 
2.08245 1.31897 
2.67671 1.94863 
3.07422 2.46303 
3.1464 2.69922 
2.93364 2.65435 
2.61791 2.47545 
2.40137 2.34855 
2.41671 2.40996 
2.71028 2.72302 
3.23838 3.26295 
3.84194 3.87933 
4.25849 4.30354 
4.2329 4.26916 
3.67752 3.68797 
2.74939 2.73158 
1.7676 1.73473 
1.03058 0.994819 
0.667126 0.623876 
0.609754 0.54243 
0.678623 0.580688 
0.701552 0.591626 
0.598306 0.510347 
0.396064 0.353224 
0.184079 0.181758 
0.0438033 0.0568539 
0.00012856 0.00395945 
0.0245703 0.006812 
0.0857072 0.0357764 
0.205394 0.0913776 
0.468312 0.223869 
0.9624 0.501147 
1.68381 0.940246 
2.48029 1.457 
3.0917 1.88366 
3.27757 2.05255 
2.95145 1.88921 
2.23074 1.45159 
1.37106 0.89642 
0.634824 0.404611 
0.178565 0.111205 
0.014968 0.063781 
0.0491264 0.213013 
0.151187 0.437109 
0.222748 0.5994 
0.228867 0.617342 
0.188354 0.500304 
0.137738 0.327128 
0.0992141 0.181546 
0.0756895 0.0991485 
0.0690229 0.0656221 
0.0957226 0.0563425 
0.180004 0.0720262 
0.329539 0.135435 
0.517126 0.255623 
0.686505 0.398747 
0.781008 0.499304 
0.776347 0.507 
0.69403 0.427017 
0.584463 0.314368 
0.493899 0.229295 
0.445803 0.202532 
0.451073 0.243839 
0.523352 0.367204 
0.663513 0.578697 
0.819839 0.825731 
0.882786 0.980033 
0.757594 0.914986 
0.469071 0.630492 
0.188895 0.296906 
0.129685 0.147692 
0.382703 0.301915 
0.843617 0.675991 
1.29148 1.05863 
1.54268 1.26811 
1.54611 1.25209 
1.36373 1.07092 
1.09036 0.818006 
0.795479 0.560222 
0.517127 0.330962 
0.283946 0.155046 
0.132332 0.0706589 
0.0993142 0.122143 
0.188569 0.317556 
0.336614 0.584906 
0.434018 0.792447 
0.423501 0.855957 
0.396267 0.844609 
0.555061 0.947183 
1.02261 1.28252 
1.66692 1.73321 
2.15131 2.00466 
2.19914 1.88309 
1.81745 1.43037 
1.25486 0.908125 
0.762694 0.52782 
0.431929 0.311299 
0.24786 0.186841 
0.22058 0.149681 
0.386096 0.263594 
0.691487 0.521391 
0.959668 0.779266 
1.02206 0.872446 
0.869684 0.77075 
0.641857 0.587118 
0.485919 0.456486 
0.473958 0.456911 
0.64435 0.639851 
1.03236 1.04701 
1.57786 1.61522 
2.0285 2.087 
2.04909 2.12502 
1.51819 1.60408 
0.710749 0.787346 
0.121166 0.15428 
0.0593973 0.012749 
0.413516 0.272801 
0.799539 0.588112 
0.915235 0.68566 
0.742678 0.548357 
0.460785 0.328992 
0.236329 0.162257 
0.119092 0.0816695 
0.0841013 0.0659914 
0.107828 0.10092 
0.187582 0.182228 
0.317392 0.291324 
0.472414 0.395208 
0.618016 0.469337 
0.727002 0.511364 
0.790073 0.534384 
0.81449 0.551949 
0.811013 0.566067 
0.779344 0.563331 
0.708593 0.523789 
0.593934 0.438969 
0.449084 0.322384 
0.299511 0.201131 
0.167611 0.0993349 
0.0683708 0.0312852 
0.0129438 0.00390649 
0.00471407 0.0152799 
0.0293314 0.0487261 
0.0572976 0.076884 
0.0641515 0.0795748 
0.0479006 0.0580476 
0.0245447 0.0296956 
0.00892356 0.0101725 
0.00334331 0.0023524 
0.00380313 0.000376467 
0.0139466 0.00126304 
0.0522406 0.0136818 
0.145582 0.0581732 
0.310735 0.155993 
0.532267 0.308811 
0.752954 0.482428 
0.891404 0.612903 
0.884435 0.639913 
0.728971 0.547306 
0.492027 0.379295 
0.277132 0.216636 
0.166775 0.127994 
0.178056 0.130656 
0.25979 0.186838 
0.331697 0.235312 
0.339092 0.234412 
0.286179 0.186754 
0.225024 0.130105 
0.209745 0.103726 
0.253836 0.118405 
0.325805 0.154332 
0.382207 0.184401 
0.403231 0.197688 
0.40106 0.204417 
0.404798 0.228201 
0.442931 0.297982 
0.529589 0.435352 
0.64914 0.629262 
0.749794 0.817804 
0.769268 0.913126 
0.686463 0.867558 
0.550992 0.721744 
0.451698 0.579298 
0.447782 0.526336 
0.526994 0.571941 
0.62394 0.657876 
0.670411 0.712512 
0.631142 0.693233 
0.509628 0.59428 
0.338605 0.436594 
0.168061 0.258395 
0.0497725 0.106159 
0.0166088 0.0192241 
0.0648327 0.0114156 
