1.37844 1.33629 
1.10578 1.11343 
0.793908 0.828828 
0.50519 0.546 
0.279225 0.309983 
0.12962 0.147501 
0.0550722 0.0765653 
0.0508903 0.11001 
0.109572 0.245304 
0.211418 0.448659 
0.317653 0.651361 
0.378816 0.770841 
0.359122 0.750682 
0.262367 0.596281 
0.139334 0.380547 
0.0665479 0.210733 
0.105411 0.172674 
0.265448 0.284712 
0.494509 0.488646 
0.702414 0.682175 
0.80413 0.772253 
0.758221 0.718352 
0.582074 0.54471 
0.341547 0.322185 
0.126629 0.137298 
0.0272353 0.0674668 
0.115428 0.169382 
0.431253 0.473949 
0.967992 0.977993 
1.65981 1.63166 
2.38266 2.33227 
2.97858 2.93829 
3.30175 3.30717 
3.26928 3.344 
2.89252 3.03763 
2.27239 2.46546 
1.56059 1.76425 
0.906031 1.08242 
0.411504 0.536664 
0.116266 0.189311 
0.00466569 0.049028 
0.0286546 0.0857615 
0.130385 0.248252 
0.257644 0.477656 
0.3727 0.717544 
0.458033 0.92316 
0.519881 1.07035 
0.586676 1.16067 
0.699085 1.21824 
0.892369 1.27707 
1.17719 1.36311 
1.52758 1.47865 
1.88228 1.59647 
2.16004 1.66698 
2.28354 1.63638 
2.20356 1.46918 
1.91596 1.16704 
1.46678 0.776893 
0.944295 0.384557 
0.459756 0.0947125 
0.12041 0.00171969 
0.000275046 0.158928 
0.11585 0.555272 
0.415296 1.10776 
0.788412 1.67599 
1.09936 2.09943 
1.23465 2.24937 
1.14883 2.07821 
0.886237 1.6444 
0.564083 1.09652 
0.319542 0.616929 
0.243897 0.346264 
0.337262 0.323691 
0.509915 0.473893 
0.632299 0.649769 
0.60829 0.710468 
0.431828 0.594586 
0.195193 0.350445 
0.0437533 0.108508 
0.101476 0.0120504 
0.406594 0.1433 
0.889699 0.482292 
1.40282 0.916355 
1.78219 1.29166 
1.91325 1.4792 
1.76964 1.42431 
1.41336 1.1606 
0.961857 0.787184 
0.539953 0.423765 
0.237265 0.164753 
0.0857339 0.0504602 
0.0619477 0.0637448 
0.109015 0.149089 
0.166334 0.242705 
0.194408 0.299659 
0.185674 0.307458 
0.15935 0.282943 
0.145305 0.256947 
0.165984 0.255699 
0.224856 0.287872 
0.305644 0.342091 
0.38102 0.394308 
0.425415 0.420102 
0.425557 0.405634 
0.384357 0.352514 
0.317393 0.275306 
0.244743 0.193918 
0.182682 0.125233 
0.139308 0.0781594 
0.115829 0.0541498 
0.112261 0.0522288 
0.134064 0.0752166 
0.195648 0.133184 
0.31796 0.241474 
0.519926 0.413251 
0.806458 0.649376 
1.15802 0.930304 
1.5273 1.21471 
1.8468 1.44731 
2.04669 1.57457 
2.07744 1.56265 
1.92795 1.41029 
1.63087 1.15043 
1.25176 0.839495 
0.866681 0.538626 
0.537917 0.295183 
0.298307 0.131744 
0.149304 0.0457896 
0.0707356 0.0178968 
0.0352201 0.0231339 
0.0198412 0.0404259 
0.0112664 0.0571381 
0.00488778 0.0689056 
0.00104704 0.0764422 
0.0012862 0.0815298 
0.00607673 0.0841246 
0.0141673 0.081835 
0.0231449 0.0718379 
0.0306628 0.053829 
0.0356602 0.0317248 
0.0389233 0.0125497 
0.0428094 0.00310731 
0.0506228 0.00701202 
0.0662591 0.0245073 
0.0939719 0.0549671 
0.137247 0.0991663 
0.196083 0.158173 
0.263834 0.228846 
0.326608 0.299922 
0.367713 0.353605 
0.376192 0.373754 
0.354259 0.35582 
0.317526 0.310895 
0.28612 0.259697 
0.271707 0.219936 
0.269593 0.196086 
0.262282 0.179143 
0.232569 0.156154 
0.176723 0.12155 
0.107911 0.0811911 
0.0474854 0.0465116 
0.0112689 0.0247095 
0.00166585 0.0140175 
0.0112517 0.00809557 
0.0337969 0.00503278 
0.072683 0.0121218 
0.139345 0.0414391 
0.243176 0.0998296 
0.381502 0.182296 
0.537741 0.274951 
0.688492 0.365014 
0.812972 0.448722 
0.897347 0.52964 
0.932475 0.608578 
0.910365 0.674414 
0.82566 0.705177 
0.682696 0.680324 
0.501679 0.595395 
0.316294 0.467659 
0.161467 0.328284 
0.0586888 0.207208 
0.00938339 0.122047 
0.000996135 0.0778831 
0.020217 0.0747037 
0.0619045 0.112757 
0.12612 0.188936 
0.206419 0.287209 
0.281171 0.374049 
0.318503 0.40824 
0.294758 0.363391 
0.214302 0.249568 
0.115041 0.117452 
0.0524944 0.0380333 
0.0700745 0.0668563 
0.173572 0.213137 
0.326117 0.432366 
0.46714 0.647243 
0.54389 0.785019 
0.536804 0.810311 
0.464903 0.736435 
0.370299 0.611745 
0.293078 0.491398 
0.251817 0.411157 
0.23944 0.375943 
0.233801 0.365707 
0.214261 0.351834 
0.173977 0.313626 
0.122263 0.247071 
0.0780654 0.164055 
0.0600272 0.0851391 
0.078798 0.0308426 
0.134333 0.0151096 
0.217567 0.0422623 
0.314097 0.106922 
0.407754 0.195815 
0.483193 0.290669 
0.527709 0.371781 
0.53276 0.421961 
0.49548 0.430343 
0.419971 0.395314 
0.317897 0.325668 
0.207677 0.239211 
0.111685 0.158629 
0.0513778 0.105287 
0.0413303 0.0927623 
0.0841449 0.122472 
0.168583 0.18334 
0.27229 0.255885 
0.368522 0.319142 
0.434356 0.357489 
0.457066 0.364604 
0.436325 0.343362 
0.381927 0.302501 
0.308753 0.252219 
0.231481 0.20085 
0.161042 0.153635 
0.103473 0.113245 
0.0606186 0.0809875 
0.0316138 0.0576628 
0.0142834 0.0437161 
0.00605212 0.0388982 
0.00439801 0.0419075 
0.00702618 0.0503388 
0.0119167 0.0609843 
0.0173215 0.0703532 
0.0217519 0.0752658 
0.0240159 0.0734707 
0.0233705 0.064265 
0.0198051 0.0490004 
0.014353 0.0312114 
0.00921866 0.0160602 
