0.590037 0.837523 1.19086 
0.447317 0.508971 0.729132 
0.280191 0.185501 0.263118 
0.246208 0.0506923 0.0133748 
0.450118 0.201845 0.0730132 
0.814027 0.536855 0.319908 
1.09981 0.804698 0.506899 
1.0846 0.797806 0.470734 
0.750522 0.529376 0.281659 
0.31398 0.228412 0.185438 
0.0496962 0.138539 0.369756 
0.063618 0.299765 0.766245 
0.228909 0.523821 1.08811 
0.336171 0.585202 1.08155 
0.290648 0.430276 0.75139 
0.159637 0.197583 0.34296 
0.0566664 0.0528836 0.109247 
0.021266 0.0320766 0.100996 
0.0228628 0.0498253 0.173207 
0.0491305 0.0340549 0.169281 
0.146421 0.0187989 0.0782441 
0.356935 0.0958606 0.0169828 
0.63128 0.290493 0.0821049 
0.82776 0.504232 0.238618 
0.815579 0.589994 0.355718 
0.587937 0.484564 0.340312 
0.276701 0.266186 0.224045 
0.0529495 0.0831536 0.119674 
0.00425153 0.028917 0.104882 
0.0958698 0.0856077 0.160433 
0.234887 0.175758 0.215396 
0.356867 0.247036 0.229335 
0.448794 0.296117 0.214573 
0.508315 0.326995 0.191643 
0.511107 0.318639 0.154299 
0.433069 0.250467 0.0929909 
0.293307 0.146173 0.0348165 
0.155136 0.0682036 0.0319597 
0.078531 0.0618943 0.103935 
0.0795531 0.117521 0.209409 
0.139495 0.197269 0.293145 
0.241178 0.29148 0.358904 
0.380553 0.431802 0.480082 
0.542304 0.642507 0.725915 
0.67929 0.885613 1.07376 
0.730583 1.06227 1.39376 
0.663802 1.07239 1.52242 
0.500378 0.881269 1.36628 
0.306501 0.547284 0.964515 
0.168817 0.204301 0.480157 
0.17602 0.0167132 0.133112 
0.401588 0.121554 0.107216 
0.872026 0.567799 0.466576 
1.52764 1.27415 1.11583 
2.21081 2.03638 1.8287 
2.71231 2.59984 2.34141 
2.86541 2.77243 2.47152 
2.63309 2.51785 2.20036 
2.12643 1.96838 1.66999 
1.53628 1.34403 1.0936 
1.02691 0.83146 0.638226 
0.670348 0.507976 0.360876 
0.459986 0.354733 0.23438 
0.365364 0.321543 0.217156 
0.35992 0.366803 0.286214 
0.403914 0.444629 0.408243 
0.432063 0.48752 0.508388 
0.389448 0.437277 0.50268 
0.284397 0.301058 0.37321 
0.186545 0.157025 0.195893 
0.156952 0.0857612 0.0774234 
0.185082 0.0990487 0.0684135 
0.206165 0.147812 0.149303 
0.176868 0.194494 0.291274 
0.118568 0.255456 0.499151 
0.0829966 0.36154 0.774516 
0.0914277 0.493483 1.05324 
0.121402 0.580506 1.21545 
0.144211 0.567022 1.17723 
0.154544 0.467026 0.967337 
0.15951 0.347116 0.705826 
0.161113 0.271304 0.513866 
0.175255 0.279708 0.453494 
0.267478 0.413217 0.542401 
0.538003 0.722463 0.790167 
1.03031 1.21368 1.18475 
1.63425 1.77549 1.63998 
2.09848 2.18914 1.99117 
2.19136 2.2669 2.09499 
1.90643 2.02892 1.97192 
1.52854 1.75035 1.84787 
1.45772 1.78699 2.0089 
1.88949 2.27959 2.55096 
2.60695 2.98024 3.23589 
3.09108 3.38536 3.61508 
2.9042 3.11247 3.3621 
2.04926 2.22275 2.54806 
0.992206 1.19902 1.60569 
0.30658 0.57115 0.987268 
0.232724 0.50241 0.809207 
0.528669 0.702035 0.808501 
0.730168 0.736913 0.650725 
0.572096 0.446486 0.289417 
0.198454 0.0796699 0.0257458 
0.00792555 0.0514278 0.217315 
0.30995 0.570131 0.928364 
1.09009 1.46812 1.84969 
2.03528 2.33796 2.53215 
2.74496 2.80812 2.69253 
2.95609 2.73521 2.34203 
2.65613 2.22448 1.69983 
2.04937 1.52801 1.02709 
1.41592 0.905551 0.509544 
0.955336 0.512683 0.218187 
0.715302 0.361353 0.123703 
0.63789 0.365921 0.143076 
0.654705 0.431039 0.197392 
0.732317 0.507638 0.248915 
0.844179 0.583866 0.298373 
0.931521 0.644693 0.356335 
0.914844 0.651633 0.415525 
0.750712 0.560199 0.440004 
0.485702 0.36219 0.382294 
0.267169 0.128941 0.234295 
0.287461 0.014266 0.0786486 
0.658661 0.171242 0.0652283 
1.27718 0.604262 0.283106 
1.80847 1.08721 0.63067 
1.87999 1.28229 0.847778 
1.38052 1.0154 0.73514 
0.603533 0.464542 0.364408 
0.0612565 0.0495399 0.0474922 
0.097216 0.0926637 0.0674995 
0.633227 0.558614 0.429307 
1.26599 1.10891 0.870347 
1.60008 1.39544 1.10074 
1.51058 1.30785 1.025 
1.14505 0.981699 0.75775 
0.7374 0.627571 0.476465 
0.437166 0.37477 0.28567 
0.272129 0.241943 0.195137 
0.207154 0.194923 0.172992 
0.20325 0.198674 0.188325 
0.232192 0.226022 0.215022 
0.266979 0.248884 0.225827 
0.279496 0.241544 0.201303 
0.250717 0.19455 0.144765 
0.181512 0.122369 0.0837366 
0.0961973 0.0581868 0.055573 
0.0374975 0.0411291 0.0897284 
0.0493491 0.0997428 0.195701 
0.145903 0.231633 0.355504 
0.283678 0.38769 0.519987 
0.371426 0.482876 0.618755 
0.33324 0.446754 0.594338 
0.183267 0.286676 0.448428 
0.0344945 0.103111 0.260047 
0.0109617 0.023056 0.14321 
0.134484 0.097374 0.165247 
0.300036 0.257239 0.294712 
0.371067 0.374766 0.428012 
0.299403 0.368494 0.469333 
0.151967 0.254456 0.391933 
0.0349507 0.111762 0.239876 
0.0100101 0.0178552 0.089739 
0.0763428 0.0121373 0.00872299 
0.197542 0.0892216 0.0222671 
0.319782 0.200728 0.0974182 
0.381765 0.274828 0.163223 
0.348398 0.267838 0.172126 
0.250898 0.210893 0.151371 
0.173224 0.189817 0.181162 
0.177779 0.262977 0.311734 
0.248693 0.404118 0.509225 
0.319009 0.534554 0.690162 
0.344833 0.601833 0.798513 
0.336883 0.613512 0.837659 
0.326792 0.604544 0.840081 
0.328935 0.597783 0.831249 
0.343855 0.601048 0.824217 
0.376423 0.616992 0.821707 
0.427752 0.634397 0.804714 
0.475118 0.620112 0.733885 
0.480901 0.542837 0.586243 
0.427714 0.409148 0.390887 
0.335764 0.264057 0.212691 
0.242675 0.152742 0.0979293 
0.173422 0.0896958 0.0463034 
0.13077 0.0643151 0.0343931 
0.105052 0.0627081 0.0484983 
0.0892365 0.0788826 0.0876898 
0.0938414 0.117828 0.15157 
0.152323 0.197572 0.23993 
0.298175 0.33601 0.353725 
0.518356 0.517053 0.477122 
0.730114 0.67215 0.562304 
0.824099 0.717566 0.556474 
0.749525 0.626778 0.458433 
0.56191 0.464529 0.33941 
0.382782 0.34025 0.292491 
0.305835 0.322006 0.355816 
0.333098 0.390579 0.484809 
0.391138 0.468795 0.594982 
0.40256 0.490027 0.628529 
0.345189 0.443528 0.586577 
0.253569 0.366479 0.511149 
0.176154 0.303149 0.444722 
0.13752 0.273418 0.40419 
0.13575 0.271902 0.382485 
0.159817 0.283489 0.363759 
0.197043 0.292081 0.333454 
0.228222 0.281136 0.281684 
0.230971 0.239784 0.208552 
0.196222 0.173923 0.128904 
0.137248 0.10508 0.0646269 
0.0779655 0.0531856 0.0273659 
0.0349879 0.02322 0.0120984 
0.0121967 0.00986666 0.00904542 
0.00559832 0.00768633 0.0143294 
0.00725485 0.0111324 0.023946 
0.00884784 0.0118946 0.026583 
0.00836894 0.00650771 0.0149601 
0.0112458 0.00385455 0.00115435 
0.0202687 0.0151234 0.00681224 
0.0301485 0.0375688 0.0359039 
0.0410565 0.0594022 0.0695028 
0.0715232 0.0814416 0.0925649 
0.140848 0.120219 0.113938 
0.23614 0.183837 0.151242 
0.315221 0.258471 0.206994 
0.354658 0.330534 0.273317 
0.381209 0.410099 0.351973 
0.435308 0.511081 0.448517 
0.506825 0.608644 0.542749 
0.529276 0.6386 0.583954 
0.447721 0.554083 0.531305 
0.281532 0.376986 0.395662 
0.111566 0.184936 0.233493 
0.0132558 0.0516219 0.102717 
0.00845054 0.00352108 0.0291398 
0.0687867 0.0219321 0.00647772 
0.145593 0.0684027 0.0130357 
0.196296 0.107483 0.0265247 
0.202029 0.122496 0.0361448 
0.174899 0.122095 0.049037 
0.14473 0.127309 0.0792398 
0.129803 0.144339 0.12353 
0.121002 0.152861 0.153141 
0.0991142 0.128387 0.138746 
0.064276 0.0747661 0.0837639 
0.0400947 0.0264911 0.0256123 
