0.240692 1.00237 1.52827 
0.216875 1.2059 2.08059 
0.174516 1.28754 2.42415 
0.141505 1.26757 2.49921 
0.136603 1.19597 2.34046 
0.168694 1.12459 2.04593 
0.243435 1.08439 1.7223 
0.364853 1.0769 1.4398 
0.52537 1.07883 1.21715 
0.6933 1.05426 1.03457 
0.815912 0.970751 0.859711 
0.845343 0.816722 0.67135 
0.77089 0.61211 0.471798 
0.629049 0.402037 0.284188 
0.478675 0.232312 0.136845 
0.360679 0.123111 0.0456276 
0.277638 0.0641701 0.00940985 
0.210685 0.0389437 0.0249665 
0.156476 0.0585135 0.109452 
0.150074 0.174606 0.308253 
0.254415 0.456686 0.674979 
0.524304 0.9449 1.23091 
0.966377 1.60534 1.92587 
1.51312 2.31152 2.62395 
2.02433 2.86746 3.13077 
2.32771 3.07666 3.26527 
2.29554 2.83792 2.95301 
1.92143 2.21628 2.28676 
1.33925 1.42918 1.49808 
0.754684 0.7351 0.836435 
0.329211 0.292861 0.43213 
0.104102 0.0963291 0.247775 
0.0206424 0.0329276 0.156063 
0.00683998 0.00633697 0.0698583 
0.0439924 0.00996155 0.0053324 
0.15572 0.0932343 0.0297038 
0.343558 0.270233 0.160737 
0.543158 0.470829 0.327084 
0.649818 0.584826 0.429776 
0.594819 0.557986 0.443414 
0.409554 0.453786 0.461003 
0.224292 0.426471 0.639251 
0.197038 0.620749 1.08182 
0.417909 1.06617 1.7418 
0.853117 1.63937 2.4125 
1.36558 2.12394 2.82266 
1.79299 2.33069 2.78489 
2.02401 2.19601 2.30349 
2.02569 1.79479 1.56771 
1.82604 1.2745 0.838597 
1.48817 0.774658 0.315421 
1.0957 0.386836 0.0706424 
0.735049 0.153923 0.0703631 
0.462562 0.0751233 0.228998 
0.279452 0.105114 0.447385 
0.148936 0.168797 0.631297 
0.0482612 0.20255 0.712435 
0.00102084 0.191943 0.671967 
0.0488747 0.166306 0.542145 
0.18959 0.154287 0.377243 
0.351082 0.149517 0.220441 
0.435364 0.123514 0.0971367 
0.392131 0.0674818 0.0304032 
0.252993 0.0129237 0.0470885 
0.100923 0.00831703 0.158994 
0.0108396 0.0785929 0.340206 
0.0124746 0.208248 0.531205 
0.0929201 0.358658 0.67194 
0.219911 0.496308 0.735313 
0.361447 0.606144 0.733757 
0.493761 0.68604 0.698725 
0.602075 0.735441 0.654467 
0.678634 0.749973 0.60562 
0.719376 0.723748 0.542312 
0.721241 0.655239 0.45444 
0.682741 0.552324 0.344436 
0.607258 0.432928 0.230846 
0.505015 0.319171 0.139882 
0.391127 0.227188 0.0890857 
0.28184 0.160038 0.074462 
0.192292 0.11049 0.0726854 
0.135147 0.0720299 0.0594152 
0.116399 0.0476065 0.0301345 
0.128842 0.0469432 0.00550877 
0.15093 0.074895 0.0154629 
0.157923 0.123077 0.0747306 
0.140013 0.173382 0.169675 
0.1108 0.208942 0.265374 
0.0949784 0.221074 0.325214 
0.104456 0.207759 0.328483 
0.125841 0.170222 0.27746 
0.132314 0.114583 0.194007 
0.108424 0.0555111 0.109116 
0.0638623 0.0132728 0.0494274 
0.024677 0.00285014 0.0266456 
0.0127495 0.0246205 0.0359851 
0.0326753 0.0657845 0.0640344 
0.0741404 0.110654 0.0986806 
0.122783 0.149792 0.133139 
0.168547 0.181458 0.163751 
0.20714 0.207557 0.187534 
0.23722 0.229705 0.203121 
0.25744 0.247813 0.212446 
0.265286 0.260077 0.219323 
0.257644 0.263334 0.225735 
0.232578 0.254142 0.229838 
0.192056 0.230973 0.227548 
0.144642 0.196767 0.215973 
0.10495 0.159732 0.196008 
0.086221 0.129888 0.172376 
0.0882732 0.111666 0.150542 
0.0924885 0.0987722 0.132449 
0.0754959 0.079889 0.115991 
0.0357167 0.054549 0.101082 
0.00634097 0.0433726 0.0963551 
0.0324366 0.0750868 0.115042 
0.124919 0.154822 0.158261 
0.236275 0.244563 0.20225 
0.290727 0.283561 0.209616 
0.248281 0.238137 0.161707 
0.142164 0.134621 0.0815909 
0.0503498 0.039483 0.019466 
0.0270022 0.00238179 0.00916383 
0.0604706 0.0172142 0.0377825 
0.0964367 0.0387071 0.0607288 
0.0976905 0.0346375 0.0480535 
0.0775245 0.0179292 0.0143665 
0.0763376 0.0269018 0.00153815 
0.112316 0.0783874 0.0333418 
0.160708 0.145598 0.090032 
0.180615 0.183007 0.127955 
0.156357 0.169258 0.121127 
0.108848 0.122669 0.0811677 
0.0694804 0.077248 0.039125 
0.0497372 0.0498704 0.0142524 
0.0392818 0.0338214 0.00405218 
0.0285397 0.0191525 0.000131429 
0.024055 0.00969521 0.00396866 
0.0375243 0.015273 0.0214161 
0.0643389 0.0320115 0.0458726 
0.0813413 0.0399561 0.0568615 
0.0700823 0.0254902 0.0416567 
0.0400872 0.00342797 0.0163716 
0.0245209 0.0103378 0.0188371 
0.0503232 0.071425 0.0752438 
0.11216 0.172907 0.172211 
0.17505 0.26736 0.262149 
0.201662 0.307229 0.297392 
0.178709 0.276643 0.262674 
0.121954 0.19703 0.180687 
0.060803 0.107594 0.0917715 
0.0184981 0.0402812 0.0282382 
0.00205912 0.00687254 0.00156239 
0.00467865 0.00149229 0.00538584 
0.0145813 0.0108535 0.0258863 
0.0230544 0.0234734 0.0505877 
0.0277397 0.0338786 0.0722846 
0.0312535 0.0423099 0.089221 
0.0377451 0.0522633 0.103613 
0.0505135 0.0681091 0.119803 
0.0721854 0.0940135 0.142674 
0.106075 0.133743 0.176479 
0.155386 0.189404 0.223374 
0.218343 0.257539 0.28052 
0.282304 0.32447 0.336402 
0.324078 0.366759 0.37058 
0.321081 0.361506 0.361688 
0.267794 0.30247 0.301994 
0.183616 0.208949 0.207514 
0.102641 0.116742 0.111945 
0.0522037 0.0559658 0.045916 
0.0386365 0.0343248 0.0184622 
0.0512372 0.0397139 0.0170878 
0.0761203 0.0561504 0.0242158 
0.10304 0.0743771 0.0313798 
0.121043 0.088378 0.0378289 
0.116122 0.0888707 0.0407708 
0.0820119 0.068609 0.0343194 
0.0348886 0.036283 0.0206615 
0.0107885 0.0194021 0.0175923 
0.0398194 0.045056 0.0472952 
0.118432 0.113229 0.113003 
0.207785 0.189919 0.187287 
0.262414 0.230304 0.227307 
0.263794 0.213016 0.206647 
0.229141 0.155561 0.137018 
0.19018 0.0983372 0.06132 
0.163938 0.0721868 0.0232879 
0.142379 0.0769167 0.0371917 
0.108004 0.0871031 0.0803183 
0.0585824 0.0782156 0.113117 
0.0168579 0.0500471 0.110601 
0.0155718 0.0278284 0.0801176 
0.0708013 0.0409506 0.0522694 
0.167087 0.098225 0.0543851 
0.266812 0.180389 0.0895991 
0.334648 0.254166 0.137285 
0.35643 0.293937 0.170717 
0.340242 0.293826 0.1751 
0.304491 0.264907 0.153469 
0.265546 0.224709 0.12098 
0.231811 0.188192 0.0956547 
0.203096 0.163569 0.0914803 
0.173208 0.152002 0.114605 
0.1361 0.149931 0.161673 
0.0935848 0.152733 0.220363 
0.0576577 0.156977 0.272534 
0.0424548 0.159227 0.299456 
0.0514038 0.153744 0.288079 
0.0724099 0.134163 0.237122 
0.0871258 0.0998785 0.160341 
0.0854733 0.0602305 0.08275 
0.0710076 0.0292093 0.0281157 
0.0538956 0.0139276 0.00438173 
0.0429357 0.0104201 0.000449177 
0.0474635 0.0154234 0.00194997 
0.0841001 0.0436798 0.0148611 
0.17292 0.128112 0.0718377 
0.319001 0.293785 0.207201 
0.496901 0.526236 0.418389 
0.659068 0.767323 0.65174 
0.765431 0.948038 0.831745 
0.806493 1.03031 0.910066 
0.797739 1.02064 0.890264 
0.75488 0.949028 0.810185 
0.679493 0.840889 0.70688 
0.568645 0.709488 0.599637 
0.431602 0.565968 0.497532 
0.291019 0.425696 0.409646 
0.169703 0.302797 0.342437 
0.0823423 0.205231 0.293606 
0.0396993 0.139419 0.256699 
0.0507426 0.114098 0.23103 
0.110911 0.130797 0.220287 
0.189716 0.169866 0.219529 
0.240748 0.19449 0.21015 
0.233158 0.176687 0.17444 
0.175139 0.120504 0.114582 
0.105182 0.0574521 0.0528578 
0.0608428 0.0197064 0.0124429 
0.0558195 0.0193046 0.00112657 
0.0814113 0.0497132 0.0135529 
0.120714 0.0985544 0.0427452 
0.157314 0.152882 0.0830334 
0.176115 0.195818 0.123085 
0.165918 0.207873 0.143924 
0.126871 0.178687 0.13045 
0.0744191 0.11835 0.0861581 
0.0325609 0.0549745 0.0348493 
0.0206867 0.0189006 0.00623787 
0.0443868 0.0262355 0.0176315 
