0.312822 0.771012 1.57428 
0.279717 0.762028 1.56199 
0.252034 0.73215 1.47663 
0.243335 0.705762 1.36009 
0.254034 0.693738 1.24364 
0.27271 0.689153 1.13603 
0.284495 0.673708 1.02614 
0.279642 0.629207 0.895689 
0.256097 0.546599 0.73331 
0.215872 0.428927 0.542703 
0.161004 0.28989 0.343174 
0.0952755 0.151849 0.164852 
0.0319754 0.0444779 0.0413398 
0.000432259 0.00124751 0.00084504 
0.0420646 0.050224 0.0562056 
0.193113 0.200249 0.196277 
0.462226 0.430044 0.383922 
0.818124 0.690166 0.565652 
1.19911 0.922332 0.692917 
1.54311 1.08969 0.747453 
1.82243 1.20235 0.758018 
2.0619 1.32199 0.797712 
2.32714 1.53905 0.959618 
2.68671 1.93096 1.31922 
3.16784 2.52036 1.89879 
3.72938 3.253 2.6482 
4.26652 4.00531 3.44948 
4.64474 4.61792 4.14349 
4.74633 4.94118 4.57013 
4.50926 4.87704 4.61122 
3.94514 4.40582 4.22542 
3.13456 3.5935 3.46655 
2.20676 2.57991 2.47855 
1.31217 1.55028 1.46486 
0.593364 0.694043 0.636364 
0.156754 0.15813 0.151191 
0.0480912 0.00664202 0.0661826 
0.238336 0.201447 0.319655 
0.628215 0.614568 0.755546 
1.07567 1.07214 1.18238 
1.44034 1.41528 1.4443 
1.62864 1.55333 1.47432 
1.61943 1.48605 1.30677 
1.45808 1.28557 1.04502 
1.22247 1.04866 0.802114 
0.980345 0.845481 0.645165 
0.76206 0.691963 0.571352 
0.562958 0.559069 0.525357 
0.370765 0.409786 0.44498 
0.196613 0.238405 0.306469 
0.0857062 0.0856779 0.142689 
0.0972024 0.0193217 0.0244685 
0.264484 0.0918973 0.0178845 
0.562055 0.303058 0.144112 
0.903158 0.590707 0.365619 
1.17343 0.857337 0.605305 
1.28273 1.01584 0.785196 
1.20517 1.02773 0.861159 
0.984871 0.913155 0.835436 
0.706704 0.730905 0.744593 
0.452151 0.544642 0.635232 
0.267323 0.3971 0.544053 
0.158477 0.304381 0.491415 
0.110485 0.266726 0.485719 
0.109684 0.281831 0.52915 
0.153567 0.348793 0.617765 
0.2432 0.461534 0.737063 
0.368647 0.600673 0.86017 
0.502222 0.734101 0.954537 
0.606848 0.828896 0.995806 
0.654215 0.867459 0.98065 
0.639935 0.856803 0.929741 
0.585441 0.824507 0.877998 
0.525945 0.803778 0.857378 
0.492617 0.81667 0.88173 
0.499291 0.864461 0.941281 
0.539426 0.928877 1.0083 
0.592337 0.981622 1.04983 
0.633514 0.996525 1.04108 
0.643909 0.959102 0.974158 
0.615325 0.870695 0.859748 
0.551313 0.746614 0.721595 
0.46414 0.609406 0.586407 
0.369218 0.479937 0.473186 
0.279312 0.3701 0.386804 
0.201227 0.28066 0.318984 
0.136546 0.205231 0.256109 
0.0853662 0.137687 0.189162 
0.049847 0.0780287 0.119693 
0.0345186 0.0328084 0.0583016 
0.0430211 0.0101881 0.0171971 
0.0740424 0.0136057 0.00230741 
0.120079 0.0387967 0.0102075 
0.170463 0.0761249 0.0312514 
0.216783 0.116226 0.0559048 
0.257214 0.155089 0.0798269 
0.297571 0.19606 0.105388 
0.349624 0.249053 0.140603 
0.428586 0.328681 0.197751 
0.550554 0.451897 0.292267 
0.72854 0.633717 0.439994 
0.965454 0.879592 0.650625 
1.24528 1.17592 0.918242 
1.52765 1.48415 1.21403 
1.75238 1.74474 1.48756 
1.8563 1.89341 1.6796 
1.79743 1.88452 1.74248 
1.57503 1.71073 1.65875 
1.23417 1.40851 1.44852 
0.85086 1.04562 1.16168 
0.503963 0.696234 0.858959 
0.2476 0.415936 0.591405 
0.0969866 0.227789 0.387492 
0.0328929 0.124141 0.251809 
0.0197105 0.0801312 0.17295 
0.0257742 0.0697362 0.134244 
0.0352926 0.0759206 0.121438 
0.0477789 0.0917057 0.125 
0.0686289 0.11486 0.138514 
0.0988091 0.14192 0.156444 
0.130558 0.166147 0.173679 
0.151071 0.180343 0.18708 
0.150877 0.181875 0.197377 
0.131103 0.176008 0.209534 
0.105061 0.175011 0.230768 
0.0932517 0.193202 0.267022 
0.114509 0.240451 0.319628 
0.177754 0.317293 0.383788 
0.278014 0.413807 0.449552 
0.397971 0.512498 0.504769 
0.513758 0.593714 0.538759 
0.602216 0.64136 0.545315 
0.646904 0.646952 0.52411 
0.641252 0.611027 0.48026 
0.588696 0.541953 0.422421 
0.500558 0.452947 0.360173 
0.392743 0.358369 0.301562 
0.28208 0.270339 0.25153 
0.182935 0.196487 0.211686 
0.104677 0.139372 0.181406 
0.0506046 0.0975963 0.159694 
0.0186826 0.0680525 0.14681 
0.003777 0.0481914 0.144618 
0.00037456 0.037144 0.155224 
0.00450599 0.0351693 0.178471 
0.0141392 0.0419744 0.209845 
0.0283165 0.0552787 0.240441 
0.0460566 0.0708995 0.259691 
0.0659477 0.0845462 0.259833 
0.0865358 0.0941521 0.239779 
0.106819 0.101002 0.206065 
0.126129 0.108673 0.170063 
0.143429 0.120416 0.142864 
0.156897 0.136825 0.130651 
0.164573 0.155484 0.132998 
0.165912 0.172724 0.14465 
0.16295 0.185994 0.159153 
0.159675 0.194854 0.171845 
0.159494 0.199836 0.180601 
0.16239 0.20034 0.184708 
0.164062 0.193722 0.183612 
0.158195 0.176866 0.177052 
0.140635 0.149376 0.166481 
0.112629 0.115822 0.156058 
0.0806613 0.0847893 0.151457 
0.0528495 0.0647138 0.15641 
0.0344268 0.0590611 0.169111 
0.0254918 0.0642164 0.181405 
0.0224454 0.0717204 0.182203 
0.0216615 0.0734388 0.163596 
0.0223138 0.0661821 0.125969 
0.026183 0.0527837 0.0786999 
0.0349071 0.0393004 0.0358198 
0.0472782 0.0307222 0.00927458 
0.0590364 0.0283043 0.0038355 
0.0653779 0.0299799 0.0162975 
0.0640602 0.0328201 0.0386217 
0.0565967 0.0352548 0.0624125 
0.0468489 0.0375962 0.0820705 
0.0386196 0.0412367 0.095675 
0.0344654 0.0478893 0.104362 
0.0363507 0.0595311 0.111267 
0.0465493 0.0782557 0.120233 
0.066701 0.104832 0.133864 
0.0948882 0.136167 0.151143 
0.123317 0.163856 0.166185 
0.139865 0.176331 0.17002 
0.134181 0.164828 0.155568 
0.104898 0.129863 0.123168 
0.0625162 0.0833418 0.0825848 
0.0247554 0.0436409 0.0491176 
0.00661325 0.0259042 0.0355314 
0.0116757 0.0337173 0.0448968 
0.0308367 0.0578339 0.0692229 
0.0493274 0.0827955 0.0947909 
0.0567953 0.0966262 0.110315 
0.0529867 0.0967346 0.112219 
0.0452018 0.0883654 0.103881 
0.0402987 0.0778533 0.090515 
0.0383216 0.0668165 0.074545 
0.0333541 0.0522276 0.055335 
0.0211217 0.0321056 0.0330172 
0.0070688 0.011681 0.0124698 
0.0077717 0.00426232 0.00329919 
0.0433431 0.0251135 0.0150625 
0.125228 0.0821281 0.0510062 
0.247367 0.169665 0.104967 
0.386546 0.269717 0.163753 
0.511639 0.359518 0.213287 
0.596003 0.420627 0.244317 
0.626077 0.44431 0.254298 
0.602682 0.431302 0.245283 
0.536477 0.387975 0.220521 
0.441959 0.322612 0.182826 
0.333684 0.244098 0.135653 
0.225341 0.162491 0.0851689 
0.129749 0.089188 0.0406176 
0.057644 0.0349491 0.01167 
0.0149813 0.00625239 0.00396281 
0.000557025 0.00229374 0.0157 
0.00614795 0.0149487 0.0377551 
0.0198122 0.0321807 0.0575636 
0.0307849 0.0431698 0.0647951 
0.0332928 0.0424475 0.0558611 
0.0274326 0.0311609 0.0351926 
0.0172915 0.0154769 0.0131231 
0.00817017 0.00365955 0.00182602 
0.00486554 0.00351991 0.0112075 
0.0115723 0.0209158 0.0460128 
0.032294 0.0587992 0.104447 
0.0701477 0.116046 0.178124 
0.125056 0.186141 0.253294 
0.191162 0.256904 0.313603 
0.256318 0.312664 0.344346 
0.305145 0.339053 0.337274 
0.324839 0.328681 0.29402 
0.310755 0.284674 0.226143 
0.268472 0.219783 0.15114 
0.211017 0.151133 0.085949 
0.152851 0.093321 0.0410372 
0.104147 0.053528 0.0179657 
0.0683445 0.0309472 0.011273 
0.043579 0.0200309 0.0130056 
0.0261208 0.0149434 0.0169832 
0.013243 0.0125382 0.0207181 
0.0042465 0.0129342 0.0249586 
0.000242307 0.0186527 0.0323299 
0.00398785 0.0336948 0.0463395 
0.020074 0.0627966 0.0706146 
0.0543011 0.109893 0.107321 
0.110953 0.175113 0.154494 
