0.416125 0.447772 0.476411 
0.458064 0.397788 0.36294 
0.448916 0.332606 0.257988 
0.371872 0.241512 0.156593 
0.247779 0.138805 0.0701439 
0.120659 0.0530654 0.0173309 
0.0321167 0.00836942 0.00960199 
0.000516207 0.0102062 0.0417174 
0.016621 0.0448224 0.0937968 
0.0564759 0.091509 0.14341 
0.101844 0.139245 0.180047 
0.154828 0.196963 0.213264 
0.238032 0.291198 0.269886 
0.380966 0.452597 0.381832 
0.601397 0.698846 0.570704 
0.892376 1.02282 0.836191 
1.22157 1.39131 1.15282 
1.54238 1.75397 1.47553 
1.81036 2.05782 1.75113 
1.99692 2.26074 1.93134 
2.09441 2.33962 1.98343 
2.11199 2.29164 1.89662 
2.06575 2.13053 1.68392 
1.96905 1.88123 1.37981 
1.82791 1.57508 1.03422 
1.64303 1.24618 0.702591 
1.41615 0.927931 0.433171 
1.1565 0.648538 0.254394 
0.883085 0.426307 0.16731 
0.621562 0.266648 0.147529 
0.39701 0.162922 0.157289 
0.226245 0.101205 0.162733 
0.113032 0.0667049 0.147906 
0.0483662 0.0487237 0.118381 
0.0160723 0.0426512 0.0936482 
0.00210073 0.0499297 0.0943188 
0.00414567 0.0779713 0.132871 
0.0368969 0.1404 0.212861 
0.128529 0.25524 0.334219 
0.307045 0.437916 0.497155 
0.58054 0.689011 0.698724 
0.920742 0.982267 0.923239 
1.2605 1.2617 1.13486 
1.51079 1.45429 1.28164 
1.59294 1.49635 1.31355 
1.4723 1.36236 1.20665 
1.1767 1.08102 0.979632 
0.789387 0.728445 0.691558 
0.41848 0.40011 0.419854 
0.156998 0.174357 0.229307 
0.0516143 0.0849834 0.147713 
0.0930845 0.114867 0.159884 
0.229826 0.211368 0.221214 
0.395174 0.313496 0.281787 
0.534199 0.376647 0.307846 
0.61899 0.384393 0.290907 
0.649169 0.345282 0.24294 
0.64201 0.280454 0.183616 
0.620104 0.21105 0.128534 
0.603029 0.151993 0.0847095 
0.604946 0.113108 0.0538008 
0.635671 0.103448 0.0384314 
0.701052 0.133093 0.0454904 
0.800082 0.209199 0.0830854 
0.919853 0.328023 0.152869 
1.03266 0.468645 0.243405 
1.09995 0.594536 0.330369 
1.08464 0.665075 0.385286 
0.967859 0.652761 0.388728 
0.76171 0.55716 0.340173 
0.509788 0.40698 0.258094 
0.272505 0.247803 0.169782 
0.102895 0.121479 0.0972447 
0.0249454 0.0486005 0.0483703 
0.0261711 0.0238539 0.0189017 
0.0683626 0.0258966 0.00287197 
0.109772 0.0340856 0.00260167 
0.12535 0.0403834 0.029381 
0.113739 0.0490819 0.0930857 
0.0891643 0.0664842 0.188192 
0.0664458 0.0902323 0.287817 
0.050843 0.10776 0.352753 
0.0391059 0.105572 0.351825 
0.0284693 0.081869 0.281086 
0.0241206 0.0518126 0.169028 
0.0376618 0.0401219 0.0637421 
0.0772937 0.0654646 0.00957013 
0.137913 0.127529 0.0269159 
0.199863 0.205813 0.105795 
0.238399 0.270681 0.214286 
0.23757 0.298929 0.314596 
0.198947 0.283958 0.377343 
0.139649 0.235705 0.388729 
0.0819439 0.17282 0.350954 
0.0420079 0.113605 0.278877 
0.0246569 0.0706927 0.194928 
0.0255228 0.0499958 0.122412 
0.0370542 0.0514617 0.0776378 
0.0535165 0.0697344 0.0635607 
0.0727707 0.0952769 0.0690238 
0.0958616 0.117627 0.0755867 
0.126466 0.130788 0.0690978 
0.170796 0.13796 0.0492688 
0.236735 0.151841 0.031015 
0.330938 0.189047 0.0363604 
0.454418 0.261143 0.0817322 
0.599041 0.367343 0.168215 
0.747479 0.493047 0.280082 
0.877291 0.614857 0.391624 
0.967347 0.709063 0.477723 
1.00359 0.759179 0.522487 
0.98179 0.759439 0.522471 
0.906976 0.713905 0.484542 
0.790728 0.632971 0.420949 
0.64827 0.529657 0.344573 
0.496247 0.417148 0.266157 
0.351052 0.307583 0.193626 
0.226867 0.211261 0.13252 
0.133147 0.13555 0.0864302 
0.0724214 0.0836855 0.0570319 
0.0399634 0.0543651 0.0439964 
0.0262306 0.0428527 0.0453009 
0.0212104 0.0432703 0.0580085 
0.0182773 0.0507826 0.0791002 
0.0153589 0.0624878 0.106008 
0.0132163 0.077043 0.137076 
0.0128415 0.0941816 0.172452 
0.014341 0.114984 0.215101 
0.0177471 0.142148 0.27033 
0.0238615 0.178371 0.342038 
0.0330708 0.22216 0.4262 
0.0426841 0.26363 0.505727 
0.0462285 0.285136 0.552537 
0.0377619 0.269634 0.539436 
0.0197825 0.213616 0.457183 
0.00822815 0.135736 0.325992 
0.0277255 0.0724888 0.191563 
0.0967104 0.0602637 0.104793 
0.21113 0.113594 0.0959155 
0.339349 0.214258 0.159151 
0.434872 0.319921 0.258024 
0.460864 0.387749 0.347877 
0.410792 0.397742 0.400675 
0.311085 0.360793 0.416539 
0.2042 0.307687 0.416728 
0.124387 0.268694 0.425811 
0.0829667 0.258585 0.456583 
0.0715454 0.275541 0.506469 
0.0773868 0.310562 0.563899 
0.0967036 0.356755 0.616492 
0.135274 0.410596 0.654416 
0.197672 0.466365 0.669152 
0.276109 0.511695 0.652781 
0.349492 0.530644 0.60141 
0.394002 0.512943 0.520488 
0.396722 0.461577 0.426077 
0.361816 0.391738 0.338544 
0.305473 0.321509 0.271924 
0.244856 0.261651 0.226854 
0.189934 0.212398 0.192936 
0.143113 0.168838 0.15895 
0.104287 0.129194 0.122845 
0.075054 0.0982875 0.0934476 
0.0581225 0.0833382 0.0825916 
0.0534463 0.0862612 0.0941538 
0.0559646 0.0997318 0.118964 
0.0579935 0.110846 0.139739 
0.0545263 0.109552 0.142207 
0.0466235 0.0949604 0.123876 
0.0396676 0.0745332 0.0940885 
0.0379887 0.0572386 0.0660096 
0.0408587 0.0466804 0.047251 
0.0438276 0.0399758 0.0363301 
0.0446021 0.0330382 0.0270061 
0.0482685 0.0273485 0.0161728 
0.0665376 0.0318953 0.00844051 
0.110213 0.0578454 0.0135695 
0.179726 0.109503 0.0388229 
0.260814 0.178398 0.0823156 
0.329261 0.245344 0.132535 
0.362425 0.289596 0.174399 
0.350514 0.299242 0.197394 
0.300763 0.276277 0.200207 
0.232492 0.233742 0.189263 
0.166779 0.187623 0.173125 
0.117267 0.14907 0.157198 
0.0868426 0.121244 0.142073 
0.0704903 0.101298 0.125631 
0.0609983 0.0847278 0.106348 
0.0534755 0.0687571 0.085114 
0.0466888 0.0531539 0.0646713 
0.0418033 0.0391164 0.0477655 
0.0404053 0.0278126 0.0356471 
0.0432849 0.0196657 0.0277919 
0.0503175 0.0144669 0.0226083 
0.0609539 0.011825 0.018427 
0.0746556 0.0114909 0.0142389 
0.0908324 0.0133351 0.00995791 
0.108215 0.016964 0.00616494 
0.124081 0.0212226 0.00350232 
0.134223 0.0241606 0.00222767 
0.134426 0.0240505 0.00254002 
0.123295 0.0213295 0.00571426 
0.104793 0.0202283 0.0150586 
0.0883563 0.0284193 0.035283 
0.0857023 0.0541259 0.0698783 
0.105898 0.102182 0.118022 
0.151762 0.171671 0.173551 
0.21961 0.256593 0.22725 
0.301422 0.348277 0.270886 
0.386506 0.43667 0.299596 
0.461028 0.509184 0.310722 
0.507394 0.549432 0.300871 
0.507676 0.540238 0.265541 
0.452649 0.472514 0.203775 
0.351913 0.355523 0.124978 
0.236304 0.219825 0.0509986 
0.146809 0.10705 0.00846306 
0.11374 0.0498285 0.0138933 
0.139004 0.0540421 0.0614696 
0.194535 0.0960034 0.123505 
0.239491 0.137587 0.165328 
0.24506 0.149376 0.165328 
0.209654 0.125951 0.12641 
0.154513 0.083651 0.0711951 
0.104866 0.0446819 0.0254764 
0.0725115 0.0213462 0.00288217 
0.0532303 0.012403 0.00152321 
0.038993 0.0121194 0.0128499 
0.0321479 0.0215575 0.0330534 
0.0475992 0.0505243 0.0664022 
0.100243 0.10795 0.118151 
0.188605 0.189636 0.184434 
0.289671 0.275249 0.249217 
0.370776 0.338639 0.291951 
0.409964 0.363887 0.3 
0.40893 0.354348 0.27583 
0.388559 0.327614 0.233513 
0.371126 0.300865 0.188116 
0.363544 0.278583 0.146938 
0.354456 0.252028 0.109073 
0.32632 0.209843 0.0721148 
0.271922 0.150345 0.038876 
0.202146 0.0854426 0.0177465 
0.139665 0.0335647 0.0164602 
0.104262 0.0077337 0.0349243 
0.101009 0.00797162 0.063399 
0.118991 0.0229011 0.087632 
0.139748 0.0380481 0.0969339 
0.14817 0.0440811 0.0892959 
0.138642 0.0397301 0.070555 
