0.93185 0.89402 0.942902 
1.31593 1.25281 1.24647 
1.52503 1.4801 1.4972 
1.47035 1.47326 1.56667 
1.1806 1.23792 1.42005 
0.785605 0.885505 1.13484 
0.452684 0.57767 0.854772 
0.319955 0.456616 0.715863 
0.450374 0.588973 0.782904 
0.805849 0.933558 1.01844 
1.24373 1.34356 1.29591 
1.55611 1.6183 1.45779 
1.5639 1.59996 1.39697 
1.22875 1.26809 1.1152 
0.699948 0.762466 0.717377 
0.236715 0.302619 0.344249 
0.0428711 0.0538269 0.0956378 
0.137959 0.0403144 0.00204989 
0.369228 0.167864 0.0515759 
0.546539 0.319252 0.22207 
0.575645 0.426946 0.471782 
0.484365 0.471187 0.707604 
0.354383 0.444327 0.800321 
0.253694 0.351169 0.675288 
0.22717 0.245896 0.405005 
0.310401 0.233163 0.189293 
0.510087 0.390204 0.203235 
0.764852 0.674272 0.43987 
0.956768 0.927787 0.706598 
0.995814 1.00307 0.793395 
0.899698 0.891124 0.655034 
0.773173 0.718464 0.430524 
0.695006 0.610611 0.289055 
0.632766 0.56609 0.26732 
0.488906 0.477236 0.262376 
0.242866 0.277822 0.174314 
0.0411973 0.0608952 0.0397231 
0.125429 0.0369243 0.016075 
0.64065 0.360353 0.23497 
1.4848 0.979324 0.668904 
2.32984 1.64055 1.13338 
2.80552 2.04424 1.41488 
2.71265 2.02576 1.4107 
2.12305 1.63618 1.1752 
1.31615 1.08503 0.857819 
0.613177 0.606397 0.599501 
0.219547 0.34224 0.46419 
0.157625 0.301586 0.435084 
0.30366 0.394647 0.454 
0.484385 0.502529 0.464929 
0.570369 0.53936 0.438171 
0.52267 0.482183 0.37393 
0.385606 0.36616 0.294621 
0.246928 0.257094 0.232941 
0.193434 0.21769 0.218221 
0.278399 0.280555 0.263332 
0.503016 0.434667 0.356591 
0.811268 0.62761 0.463529 
1.10364 0.784038 0.540188 
1.27439 0.837146 0.554031 
1.26102 0.761372 0.502798 
1.07645 0.587507 0.419505 
0.799013 0.387345 0.357653 
0.526013 0.235499 0.363563 
0.327057 0.17447 0.453094 
0.230442 0.205633 0.606743 
0.240642 0.304502 0.781895 
0.355126 0.438509 0.92883 
0.557414 0.571363 1.00109 
0.799302 0.661389 0.96416 
1.0043 0.671765 0.810032 
1.10207 0.593356 0.571538 
1.06605 0.457343 0.317974 
0.919639 0.317724 0.123073 
0.709433 0.214805 0.0243843 
0.478564 0.154499 0.00794737 
0.266701 0.123894 0.032421 
0.125863 0.124527 0.0697829 
0.118644 0.185401 0.124946 
0.286261 0.340382 0.220449 
0.612177 0.592947 0.367393 
1.01662 0.901885 0.551485 
1.38778 1.19617 0.739469 
1.62314 1.39976 0.889416 
1.65536 1.44899 0.954814 
1.46339 1.3071 0.893528 
1.08318 0.986655 0.694082 
0.615965 0.569947 0.405651 
0.211095 0.197381 0.136845 
0.00928106 0.0087545 0.00513338 
0.0692031 0.0649081 0.0640585 
0.327643 0.305419 0.26364 
0.628296 0.578897 0.478561 
0.806604 0.729716 0.585788 
0.777757 0.683923 0.53591 
0.573944 0.480305 0.371186 
0.31224 0.233017 0.185727 
0.117788 0.0562629 0.0620945 
0.0509837 0.000185436 0.0273363 
0.0819042 0.0346415 0.0515738 
0.126313 0.086275 0.0828622 
0.119659 0.102231 0.0915831 
0.0779795 0.0966676 0.0942667 
0.0971566 0.144729 0.140312 
0.281729 0.323077 0.269543 
0.650927 0.638146 0.471152 
1.09819 1.00051 0.67832 
1.447 1.2738 0.808704 
1.56734 1.36563 0.822747 
1.46004 1.28763 0.752022 
1.23984 1.13453 0.671738 
1.03642 1.00318 0.640315 
0.903775 0.92475 0.658835 
0.811663 0.865429 0.683086 
0.708743 0.781405 0.670049 
0.582995 0.665908 0.611292 
0.463392 0.545692 0.526363 
0.377026 0.443553 0.433716 
0.317848 0.355104 0.335729 
0.258632 0.263201 0.231536 
0.185385 0.168002 0.137407 
0.113904 0.0963662 0.0872326 
0.0742748 0.0804072 0.108693 
0.0829859 0.127147 0.196002 
0.128676 0.207006 0.303674 
0.179472 0.269789 0.368781 
0.202643 0.275537 0.348393 
0.183683 0.219713 0.248136 
0.135645 0.137467 0.122111 
0.0935022 0.0839785 0.0418992 
0.0944317 0.101791 0.0535055 
0.154518 0.194958 0.150687 
0.25768 0.326428 0.28173 
0.365118 0.439687 0.382557 
0.437541 0.489332 0.411924 
0.453133 0.460985 0.36726 
0.410957 0.371309 0.276746 
0.32428 0.253775 0.178718 
0.214552 0.142582 0.102938 
0.10887 0.0624196 0.0617025 
0.0340641 0.0236048 0.050524 
0.00393906 0.020434 0.0548057 
0.00962384 0.0350559 0.0598957 
0.0269528 0.0497918 0.0618435 
0.0389099 0.061979 0.0727062 
0.051767 0.0870611 0.113067 
0.0864169 0.142651 0.192855 
0.152518 0.226218 0.295242 
0.232958 0.309412 0.381054 
0.295182 0.357118 0.414115 
0.316583 0.353435 0.386322 
0.298109 0.309906 0.319978 
0.256698 0.25133 0.247376 
0.209961 0.196883 0.188895 
0.16886 0.153715 0.14757 
0.139013 0.122013 0.117689 
0.12201 0.0999072 0.093391 
0.114255 0.083629 0.0707206 
0.108386 0.0679428 0.0476027 
0.0990061 0.0499523 0.0254183 
0.0868745 0.0317616 0.0088971 
0.0767245 0.0178141 0.00165933 
0.0718448 0.0102092 0.00199729 
0.0717003 0.00782844 0.00471074 
0.0737089 0.00917354 0.00696645 
0.075416 0.0139798 0.0107456 
0.0747959 0.0216003 0.0192744 
0.0700404 0.0292683 0.0325092 
0.0602802 0.0330626 0.0468095 
0.0466072 0.0304608 0.0579503 
0.0323843 0.0220085 0.063613 
0.0226253 0.0113548 0.0638505 
0.0220659 0.00385491 0.0604501 
0.0317896 0.00372925 0.0558105 
0.0465663 0.0109318 0.0515401 
0.0564504 0.0205399 0.0477824 
0.0532135 0.0262399 0.0440587 
0.0374467 0.0259014 0.0408705 
0.020938 0.0252866 0.0409336 
0.0214332 0.0365415 0.0494592 
0.0502851 0.0697261 0.0718652 
0.0987209 0.120075 0.107215 
0.135533 0.161979 0.141672 
0.127663 0.163008 0.152998 
0.0751149 0.115008 0.13003 
0.0268889 0.0538918 0.0904079 
0.0497009 0.0385326 0.0716749 
0.16618 0.0976373 0.0959012 
0.320869 0.195345 0.143358 
0.415817 0.256983 0.169151 
0.389434 0.235383 0.150022 
0.265163 0.152035 0.110026 
0.125921 0.072652 0.0947555 
0.0443245 0.0461183 0.122818 
0.0357635 0.06951 0.168647 
0.0674975 0.105704 0.192015 
0.0995246 0.123567 0.176832 
0.114361 0.118394 0.138496 
0.118317 0.10365 0.101577 
0.125652 0.0944117 0.0798638 
0.142696 0.098985 0.0767033 
0.161415 0.117735 0.0938555 
0.16586 0.144241 0.132366 
0.148067 0.16987 0.187063 
0.119828 0.191171 0.246046 
0.1061 0.212299 0.296895 
0.123296 0.237767 0.331301 
0.163887 0.263355 0.344042 
0.203275 0.27653 0.331061 
0.220202 0.26597 0.290988 
0.208893 0.229332 0.228154 
0.174978 0.173323 0.15377 
0.127028 0.110557 0.0849421 
0.0752003 0.057418 0.0409997 
0.0327489 0.0294064 0.0349999 
0.0108849 0.0314683 0.0631688 
0.00979482 0.0515076 0.102772 
0.0182171 0.0677312 0.125583 
0.0245531 0.0661893 0.118052 
0.0268193 0.0509623 0.0892164 
0.0296497 0.036095 0.0587418 
0.033674 0.0292659 0.0386577 
0.0325469 0.0261498 0.0278279 
0.0219933 0.0201981 0.0215148 
0.00823643 0.0135424 0.0209393 
0.0031155 0.0146513 0.0304742 
0.0105133 0.0261236 0.0476167 
0.0208331 0.0385922 0.0603342 
0.0212531 0.039135 0.0570874 
0.0104195 0.0252668 0.0396056 
0.00082845 0.00954765 0.0253672 
0.006701 0.0107788 0.0374609 
0.0313553 0.0411988 0.0904809 
0.0666654 0.100111 0.181688 
0.101821 0.175073 0.290156 
0.129447 0.245765 0.382502 
0.144212 0.288793 0.424295 
0.14049 0.285875 0.395435 
0.115661 0.234329 0.302675 
0.075751 0.15197 0.179558 
0.035137 0.0696986 0.0706718 
0.0088398 0.0155405 0.00955156 
0.00456917 0.0019435 0.00507253 
0.0210725 0.0243055 0.0434392 
0.0518085 0.0680643 0.100098 
0.0888707 0.116434 0.151069 
0.124774 0.154658 0.178732 
0.153268 0.172211 0.174163 
0.170197 0.165007 0.138985 
0.173846 0.136884 0.0859417 
0.164443 0.0982118 0.0351558 
