0.338407 0.168964 0.0637998 
0.353762 0.258058 0.230344 
0.412106 0.45978 0.536858 
0.526475 0.78212 0.983143 
0.736199 1.20441 1.50439 
1.05865 1.65161 1.96527 
1.41708 1.98413 2.20093 
1.63079 2.03485 2.08694 
1.51912 1.70595 1.61543 
1.0576 1.07218 0.937597 
0.452062 0.398908 0.330123 
0.0452806 0.0273083 0.0782658 
0.0998884 0.17732 0.325731 
0.60881 0.796169 0.979562 
1.28201 1.56955 1.74253 
1.73353 2.10522 2.26976 
1.73262 2.16521 2.35379 
1.3283 1.78046 2.01396 
0.768549 1.17988 1.44011 
0.309111 0.617718 0.855091 
0.0748472 0.241665 0.405139 
0.0511078 0.0725422 0.133653 
0.159109 0.0607386 0.0171248 
0.327328 0.147595 0.0134259 
0.513878 0.291417 0.0897461 
0.690819 0.460823 0.2228 
0.826194 0.62119 0.385401 
0.890767 0.738839 0.544321 
0.881826 0.799783 0.674544 
0.824868 0.809309 0.76061 
0.734786 0.758636 0.769471 
0.585411 0.610639 0.646413 
0.353602 0.365234 0.395903 
0.109611 0.155259 0.189502 
0.0249189 0.221614 0.328812 
0.229696 0.70784 0.995011 
0.645431 1.45052 1.99066 
0.998329 2.02456 2.78414 
1.04059 2.06371 2.8953 
0.762005 1.56096 2.27903 
0.373173 0.849896 1.33417 
0.0975959 0.304011 0.549921 
0.00633475 0.0702942 0.156776 
0.0365471 0.0614187 0.0784532 
0.104655 0.123927 0.124576 
0.160335 0.164994 0.167751 
0.169191 0.161609 0.177983 
0.117591 0.134854 0.182488 
0.0545825 0.141791 0.228268 
0.076909 0.237899 0.33538 
0.223678 0.39886 0.445628 
0.40192 0.505271 0.452512 
0.465341 0.461981 0.339397 
0.376763 0.335693 0.273031 
0.256628 0.320174 0.480236 
0.250667 0.533803 0.991182 
0.379157 0.88645 1.55697 
0.548772 1.19046 1.89303 
0.68859 1.38202 1.99627 
0.813748 1.56592 2.14601 
0.937403 1.81897 2.54975 
0.976731 2.00862 3.03235 
0.816457 1.88283 3.14603 
0.474317 1.35441 2.60697 
0.152085 0.652511 1.59698 
0.0740552 0.154204 0.623433 
0.270075 0.0644447 0.100198 
0.537843 0.266981 0.0649052 
0.628786 0.471468 0.25467 
0.468276 0.482572 0.396414 
0.198432 0.332714 0.415939 
0.0223947 0.192547 0.418033 
0.0185444 0.187972 0.523736 
0.100963 0.306652 0.745804 
0.145218 0.458522 1.00187 
0.138512 0.600411 1.21997 
0.195763 0.783651 1.41285 
0.419738 1.07183 1.64218 
0.748273 1.41888 1.91452 
0.964747 1.6553 2.13149 
0.897482 1.63043 2.16687 
0.627129 1.38324 2.00073 
0.470714 1.14889 1.7585 
0.70434 1.15071 1.58891 
1.26265 1.36045 1.49798 
1.72704 1.48504 1.33244 
1.66809 1.23859 0.963773 
1.05189 0.658205 0.493117 
0.316884 0.13644 0.234829 
0.0171598 0.0976725 0.444865 
0.346187 0.605487 1.04183 
0.980694 1.2796 1.61447 
1.38 1.61063 1.74168 
1.2463 1.37734 1.33537 
0.726977 0.786274 0.687353 
0.222796 0.242994 0.1941 
0.0378887 0.0109256 0.0381719 
0.197291 0.069477 0.11076 
0.529715 0.236053 0.191344 
0.855937 0.365599 0.163508 
1.09035 0.432024 0.0697724 
1.21802 0.47284 0.0125637 
1.23681 0.51025 0.0456276 
1.13956 0.533289 0.154799 
0.933216 0.528087 0.305384 
0.661342 0.506536 0.484335 
0.41464 0.513386 0.704665 
0.31922 0.613674 0.983291 
0.483474 0.855861 1.30892 
0.912248 1.21721 1.6157 
1.45547 1.57647 1.79056 
1.86355 1.76273 1.73206 
1.93379 1.66335 1.42817 
1.63589 1.30342 0.982454 
1.11558 0.82639 0.554607 
0.586686 0.398285 0.263819 
0.212126 0.12244 0.137115 
0.0565298 0.0222603 0.133141 
0.111239 0.0758942 0.199296 
0.340892 0.252858 0.305757 
0.70896 0.524228 0.440572 
1.17059 0.849974 0.586741 
1.64694 1.16204 0.706746 
2.01509 1.36671 0.749815 
2.1462 1.38234 0.683794 
1.98075 1.19477 0.530038 
1.57604 0.878335 0.362404 
1.07117 0.55005 0.257353 
0.599558 0.296174 0.240544 
0.238583 0.148069 0.291673 
0.0353447 0.124719 0.403607 
0.0446042 0.270304 0.617408 
0.300401 0.618972 0.976879 
0.744468 1.12178 1.45042 
1.21599 1.63784 1.92141 
1.54887 2.02494 2.27305 
1.68972 2.24209 2.47932 
1.71297 2.35416 2.60302 
1.72049 2.43795 2.70867 
1.73951 2.49716 2.78952 
1.72561 2.47481 2.78178 
1.65376 2.33805 2.63873 
1.5837 2.13489 2.38101 
1.6187 1.95959 2.07668 
1.79208 1.8609 1.7789 
1.99422 1.78349 1.4842 
2.02251 1.60372 1.14995 
1.72996 1.23847 0.756638 
1.1568 0.739172 0.360651 
0.531 0.285486 0.0838057 
0.123063 0.0691573 0.0335122 
0.0623935 0.153227 0.212117 
0.26058 0.423017 0.496819 
0.499833 0.673209 0.718191 
0.604759 0.757464 0.775395 
0.551694 0.674189 0.689105 
0.439708 0.527394 0.552798 
0.375951 0.417819 0.440169 
0.388372 0.369536 0.358564 
0.427356 0.341909 0.277304 
0.427313 0.28955 0.181474 
0.361974 0.204661 0.0908873 
0.25611 0.114819 0.0365122 
0.159685 0.0543504 0.0301862 
0.109748 0.0374796 0.0564985 
0.10536 0.0491212 0.0857479 
0.112728 0.0576359 0.0938069 
0.0976905 0.0422002 0.0782628 
0.057927 0.0131982 0.0618198 
0.0248216 0.00494703 0.076663 
0.0345927 0.0455872 0.138497 
0.0982428 0.132971 0.232664 
0.195517 0.237122 0.324402 
0.289722 0.320383 0.380135 
0.345494 0.354074 0.37987 
0.341168 0.325345 0.319015 
0.277543 0.241631 0.211288 
0.180517 0.133398 0.0933872 
0.0906385 0.0456326 0.0175705 
0.0420135 0.0160643 0.0264967 
0.0450733 0.054307 0.126472 
0.0850332 0.137935 0.280975 
0.133849 0.226527 0.429022 
0.164942 0.28176 0.514124 
0.163128 0.282323 0.507122 
0.128674 0.230142 0.415349 
0.0763492 0.148323 0.277666 
0.0287251 0.070647 0.146724 
0.00372849 0.0239649 0.0630085 
0.0024614 0.0121807 0.0335214 
0.00892996 0.0161707 0.0325076 
0.00706526 0.0151822 0.0292866 
0.0015899 0.0128987 0.0220649 
0.0185781 0.0395149 0.0437089 
0.0790759 0.121468 0.128593 
0.170688 0.246531 0.270421 
0.248688 0.360959 0.412974 
0.268286 0.403881 0.483518 
0.218584 0.349268 0.440254 
0.131354 0.224986 0.300839 
0.0626854 0.10107 0.139273 
0.0606116 0.0540729 0.0520021 
0.133184 0.120101 0.101898 
0.235641 0.262807 0.269469 
0.295173 0.389599 0.455878 
0.265323 0.41735 0.550541 
0.165123 0.335488 0.511331 
0.0617116 0.20627 0.384193 
0.0104029 0.103495 0.249035 
0.0123957 0.054371 0.153499 
0.0291839 0.0380875 0.096822 
0.0293078 0.0264644 0.0599894 
0.0139249 0.012877 0.0336087 
0.00165643 0.00496796 0.0175027 
0.00127962 0.00489784 0.00953352 
0.00637919 0.00700355 0.00617021 
0.0117519 0.010689 0.0102975 
0.0242584 0.0249216 0.0290578 
0.0514523 0.0546279 0.0609501 
0.0831586 0.0861327 0.0891698 
0.094074 0.09379 0.0928111 
0.0712835 0.0660175 0.0667257 
0.0361351 0.0229072 0.0290305 
0.0297582 0.00189993 0.00618631 
0.0723618 0.0227225 0.00933423 
0.140563 0.0687357 0.0264822 
0.188827 0.104825 0.0380443 
0.190576 0.110306 0.0363009 
0.155209 0.0913879 0.0270225 
0.111096 0.0677381 0.0178208 
0.0829125 0.0581773 0.015382 
0.0859658 0.0805656 0.0356845 
0.128183 0.151393 0.104365 
0.203412 0.270172 0.232754 
0.283658 0.403753 0.392172 
0.330199 0.498003 0.521868 
0.321551 0.515138 0.57102 
0.271356 0.461775 0.535043 
0.217199 0.380051 0.451883 
0.19148 0.312461 0.366628 
0.200157 0.2738 0.300712 
0.222859 0.250249 0.249088 
0.229398 0.218977 0.198359 
0.200471 0.169037 0.144393 
0.140549 0.108808 0.0951913 
0.0740232 0.0566745 0.0601268 
0.0262343 0.0243546 0.0384828 
0.00570547 0.00932386 0.0211253 
0.00427902 0.00393426 0.0051257 
0.0115169 0.00843873 0.00299267 
0.0232318 0.0285937 0.0299265 
