0.77943 0.547519 
0.646003 0.444662 
0.506923 0.334281 
0.371968 0.227327 
0.255325 0.139594 
0.175709 0.0911126 
0.152762 0.103541 
0.198947 0.193036 
0.308964 0.358781 
0.452671 0.572844 
0.578872 0.780398 
0.632983 0.915853 
0.582677 0.930519 
0.437985 0.817864 
0.25275 0.621111 
0.104318 0.41772 
0.0621344 0.289946 
0.163388 0.299423 
0.408945 0.47931 
0.778115 0.84271 
1.24717 1.39239 
1.79451 2.11581 
2.38729 2.96336 
2.96149 3.82616 
3.41628 4.53838 
3.63661 4.91797 
3.53851 4.8351 
3.11335 4.27527 
2.44402 3.36043 
1.68005 2.3112 
0.98245 1.36499 
0.466014 0.689317 
0.167391 0.331721 
0.0510045 0.226588 
0.0438385 0.248616 
0.0766545 0.28061 
0.110542 0.261327 
0.140315 0.19541 
0.180647 0.130162 
0.248083 0.119135 
0.349767 0.193596 
0.481793 0.352598 
0.633204 0.569418 
0.789899 0.804762 
0.935729 1.01797 
1.05231 1.17349 
1.12117 1.24535 
1.13022 1.22364 
1.08339 1.1234 
1.00842 0.991527 
0.957305 0.90444 
0.995504 0.951462 
1.18015 1.20498 
1.5334 1.68634 
2.0212 2.34191 
2.54898 3.04293 
2.98121 3.61548 
3.18267 3.89403 
3.06788 3.78013 
2.63852 3.28191 
1.99051 2.51577 
1.28402 1.66674 
0.686823 0.922651 
0.314566 0.409999 
0.194374 0.159369 
0.267173 0.113585 
0.42541 0.171048 
0.565699 0.239809 
0.629981 0.274653 
0.617052 0.281239 
0.563764 0.291149 
0.51164 0.327655 
0.480548 0.385088 
0.463719 0.433584 
0.443188 0.443417 
0.411651 0.410585 
0.384024 0.365452 
0.390638 0.358306 
0.457386 0.431043 
0.586916 0.592528 
0.753306 0.811635 
0.91266 1.03 
1.02145 1.18519 
1.05099 1.23147 
0.991687 1.15099 
0.849886 0.956161 
0.644707 0.687987 
0.409241 0.412164 
0.192642 0.209289 
0.0548907 0.154828 
0.049621 0.291041 
0.200448 0.602775 
0.484524 1.01296 
0.835941 1.40616 
1.17029 1.67258 
1.41794 1.75123 
1.5475 1.64945 
1.56741 1.42944 
1.50814 1.17146 
1.39912 0.936378 
1.25578 0.747316 
1.08214 0.596169 
0.882593 0.464585 
0.670871 0.342757 
0.468893 0.235049 
0.297623 0.153197 
0.168352 0.106098 
0.081351 0.0948432 
0.0317522 0.114951 
0.016447 0.161293 
0.0357097 0.230129 
0.088573 0.316629 
0.166729 0.411015 
0.253041 0.497767 
0.32693 0.559573 
0.373414 0.583826 
0.389924 0.567618 
0.386774 0.51854 
0.381505 0.451499 
0.390847 0.383841 
0.424502 0.331214 
0.482945 0.305266 
0.55883 0.31283 
0.640234 0.355651 
0.714188 0.430013 
0.769982 0.526599 
0.802268 0.63163 
0.813668 0.730258 
0.815392 0.811609 
0.823744 0.872705 
0.851528 0.91754 
0.896855 0.949793 
0.935922 0.962852 
0.927567 0.935441 
0.832609 0.840206 
0.640993 0.664419 
0.39052 0.430659 
0.160554 0.200131 
0.036604 0.0489088 
0.0615783 0.0257694 
0.203524 0.117304 
0.365233 0.247344 
0.437125 0.318591 
0.365072 0.275231 
0.190252 0.146588 
0.0317624 0.039388 
0.0182831 0.0778632 
0.209716 0.326558 
0.558605 0.744993 
0.936627 1.20477 
1.20906 1.55957 
1.30887 1.72389 
1.26372 1.7114 
1.16197 1.61114 
1.08506 1.52118 
1.0539 1.48521 
1.02409 1.47232 
0.928549 1.40853 
0.73417 1.23439 
0.471974 0.948576 
0.221518 0.610893 
0.0628652 0.307256 
0.0298199 0.102817 
0.0940722 0.0129696 
0.186955 0.00615508 
0.241316 0.0308151 
0.226531 0.0463548 
0.158491 0.040518 
0.0844067 0.0278363 
0.0561112 0.0354915 
0.107801 0.0870422 
0.246676 0.191337 
0.455554 0.338638 
0.701533 0.502886 
0.945313 0.648643 
1.14866 0.741182 
1.2796 0.757096 
1.31574 0.691567 
1.24633 0.559316 
1.07474 0.38948 
0.822229 0.217849 
0.531649 0.0800896 
0.266188 0.00668653 
0.09765 0.0175219 
0.083864 0.114737 
0.243398 0.276852 
0.541732 0.460631 
0.900035 0.615012 
1.2256 0.703341 
1.44903 0.721746 
1.54784 0.700635 
1.54386 0.685532 
1.47824 0.707477 
1.38194 0.76158 
1.26041 0.808199 
1.10062 0.796719 
0.892269 0.697187 
0.647203 0.520395 
0.403606 0.315149 
0.213189 0.145843 
0.119718 0.0639437 
0.140467 0.0876972 
0.258339 0.197134 
0.426253 0.343102 
0.581417 0.464833 
0.665545 0.510551 
0.645887 0.456435 
0.5299 0.318439 
0.365733 0.150795 
0.224635 0.0279725 
0.170315 0.0145707 
0.229147 0.136001 
0.377224 0.365142 
0.552197 0.633002 
0.683793 0.858206 
0.726033 0.979537 
0.674101 0.975228 
0.559618 0.862507 
0.431864 0.683676 
0.339403 0.49139 
0.32217 0.341544 
0.412681 0.291657 
0.636153 0.395064 
1.00046 0.683491 
1.47731 1.1418 
1.98766 1.69014 
2.40779 2.191 
2.60328 2.48783 
2.48152 2.464 
2.03951 2.09626 
1.38218 1.47609 
0.698336 0.785959 
0.201085 0.238482 
0.0559908 0.0034676 
0.325347 0.152333 
0.948976 0.639792 
1.76608 1.32587 
2.56698 2.02563 
3.15484 2.56633 
3.39754 2.83359 
3.25664 2.79551 
2.7895 2.50279 
2.1277 2.06874 
1.43935 1.6359 
0.884442 1.33707 
0.573271 1.25918 
0.538237 1.41935 
0.727982 1.76136 
1.02794 2.17627 
1.3027 2.54211 
1.44559 2.76817 
