0.0725785 0.106741 
0.0038351 0.000889969 
0.0933755 0.0957643 
0.251961 0.276567 
0.410909 0.446284 
0.518345 0.550034 
0.502357 0.532372 
0.334469 0.365911 
0.138679 0.138561 
0.146461 0.0320995 
0.466336 0.14445 
0.919511 0.356724 
1.17197 0.441912 
1.04498 0.311717 
0.660143 0.103067 
0.281239 0.00399445 
0.0809667 0.0546009 
0.103413 0.174963 
0.385188 0.34946 
0.98745 0.684995 
1.85936 1.24648 
2.73711 1.89047 
3.26978 2.3315 
3.27463 2.38008 
2.85645 2.08761 
2.28795 1.66657 
1.80415 1.31165 
1.49907 1.10364 
1.34691 1.02495 
1.25773 1.00239 
1.1235 0.938224 
0.874929 0.759349 
0.53686 0.480716 
0.220142 0.213596 
0.034819 0.0849261 
0.00476957 0.138046 
0.0685027 0.312136 
0.150589 0.507046 
0.214779 0.652173 
0.253027 0.719715 
0.255659 0.707677 
0.223713 0.645516 
0.210014 0.615558 
0.314645 0.728796 
0.600381 1.03227 
0.997149 1.4229 
1.30784 1.67639 
1.34198 1.60302 
1.06761 1.20347 
0.637588 0.675956 
0.266395 0.26426 
0.0788658 0.0911677 
0.0638744 0.120842 
0.140608 0.247185 
0.239384 0.389084 
0.322884 0.508029 
0.366317 0.575422 
0.350327 0.560068 
0.276999 0.453023 
0.177908 0.290197 
0.0958803 0.139647 
0.0567002 0.0616815 
0.0578524 0.0741481 
0.086089 0.151048 
0.151021 0.258785 
0.300713 0.398909 
0.589233 0.609045 
1.01077 0.909782 
1.46277 1.24906 
1.78553 1.5076 
1.8512 1.566 
1.62974 1.37506 
1.19526 0.984103 
0.691516 0.526461 
0.277848 0.16784 
0.0577084 0.0178175 
0.0194045 0.0503342 
0.0545057 0.123925 
0.0654428 0.121718 
0.0604189 0.0800921 
0.12208 0.147033 
0.280574 0.395147 
0.448357 0.703818 
0.504671 0.862971 
0.430796 0.791503 
0.334696 0.625784 
0.341156 0.585883 
0.476648 0.773377 
0.663729 1.104 
0.805608 1.40827 
0.862613 1.56971 
0.862024 1.57702 
0.855593 1.48171 
0.866896 1.33073 
0.86436 1.13566 
0.783163 0.892174 
0.589397 0.62333 
0.334315 0.400663 
0.137256 0.311204 
0.0967711 0.387404 
0.206428 0.561753 
0.355998 0.697305 
0.41927 0.679911 
0.349537 0.499775 
0.202161 0.255359 
0.0739213 0.0758824 
0.0198636 0.0243007 
0.0205026 0.058616 
0.0225604 0.0832393 
0.00999838 0.0471643 
0.0347075 0.00149212 
0.172657 0.0588703 
0.441601 0.284182 
0.756459 0.61354 
0.968854 0.880301 
0.96461 0.934756 
0.744868 0.762925 
0.433461 0.512755 
0.212847 0.413929 
0.237593 0.655256 
0.575739 1.2985 
1.1963 2.2632 
1.98922 3.36492 
2.79581 4.37243 
3.44234 5.0664 
3.78719 5.30166 
3.7847 5.06731 
3.53351 4.51068 
3.25108 3.88173 
3.15128 3.40003 
3.29294 3.12364 
3.5254 2.92786 
3.59694 2.62521 
3.34695 2.13075 
2.81893 1.52896 
2.20531 0.99209 
1.69236 0.641013 
1.34805 0.477222 
1.12475 0.422083 
0.93488 0.396075 
0.723731 0.367036 
0.505832 0.359206 
0.363211 0.441399 
0.398447 0.687021 
0.649896 1.10023 
1.0305 1.56114 
1.36782 1.87103 
1.53833 1.89692 
1.57634 1.69341 
1.6383 1.47108 
1.84181 1.42162 
2.13208 1.55578 
2.30733 1.70117 
2.18114 1.65405 
1.73485 1.34421 
1.13557 0.879962 
0.622812 0.460524 
0.36813 0.2473 
0.407235 0.291863 
0.66611 0.548337 
1.03246 0.928869 
1.41141 1.34594 
1.7392 1.71992 
1.969 1.97185 
2.05875 2.03187 
1.97743 1.86864 
1.72368 1.51532 
1.33867 1.06436 
0.900662 0.629344 
0.50239 0.298963 
0.2229 0.110859 
0.10744 0.0545772 
0.163665 0.0943744 
0.372349 0.197049 
0.699361 0.350335 
1.09321 0.558139 
1.46869 0.809443 
1.70319 1.04391 
1.67675 1.15617 
1.34986 1.05815 
0.822076 0.760393 
0.307701 0.397374 
0.024413 0.156984 
0.0643121 0.155771 
0.334908 0.351445 
0.609958 0.560946 
0.667565 0.584133 
0.450847 0.368055 
0.158237 0.105785 
0.168097 0.167286 
0.782187 0.848102 
1.93658 2.08348 
3.1345 3.37649 
3.73173 4.07139 
3.39443 3.80532 
2.34754 2.76954 
1.18766 1.54793 
0.428524 0.677105 
0.181513 0.314302 
0.210477 0.262387 
0.231337 0.248908 
0.144072 0.161317 
0.0318742 0.0628654 
0.0187548 0.060718 
0.162621 0.196985 
0.450131 0.439417 
0.836701 0.726252 
1.26744 0.999458 
1.67487 1.21161 
1.97939 1.32454 
2.10514 1.31217 
2.0076 1.16914 
1.70229 0.922696 
1.2718 0.636174 
0.832551 0.390985 
0.47909 0.256106 
0.256194 0.272871 
0.177558 0.4589 
0.244481 0.796468 
0.418572 1.1913 
0.587244 1.46101 
0.607986 1.42434 
0.431197 1.05276 
0.176636 0.534217 
0.0549346 0.152449 
0.191024 0.075073 
0.522038 0.247875 
0.863484 0.481673 
1.06553 0.626263 
1.1165 0.672339 
1.13132 0.729203 
1.25912 0.932108 
1.57022 1.34188 
1.9809 1.87629 
2.27685 2.31992 
2.25 2.43981 
1.85497 2.1425 
1.24448 1.54043 
0.650982 0.868602 
0.238531 0.339275 
0.0564435 0.0613281 
0.0838651 0.0446149 
0.262447 0.221337 
0.486883 0.457665 
0.62403 0.600382 
0.594253 0.56751 
0.433901 0.401322 
0.253339 0.215509 
0.131789 0.0898421 
0.0690385 0.0272869 
0.0344774 0.00178861 
