4.18366 2.1527 
4.27224 2.11582 
3.86503 1.78266 
3.00967 1.24221 
1.9606 0.69156 
1.039 0.323388 
0.448498 0.207848 
0.185133 0.260791 
0.102499 0.32463 
0.060019 0.292803 
0.019954 0.174025 
0.0250847 0.053866 
0.10897 0.0058895 
0.240906 0.038319 
0.350282 0.110693 
0.38777 0.183889 
0.357154 0.249716 
0.298578 0.32486 
0.254119 0.431671 
0.249188 0.586625 
0.294348 0.794498 
0.393678 1.03916 
0.54878 1.27469 
0.754367 1.42936 
0.985399 1.42812 
1.18706 1.22916 
1.29079 0.864646 
1.26435 0.465144 
1.15923 0.234178 
1.0953 0.352104 
1.16928 0.847832 
1.35977 1.5367 
1.52681 2.10276 
1.52141 2.28946 
1.30689 2.05508 
0.978367 1.56907 
0.671347 1.06665 
0.459477 0.69963 
0.33421 0.496942 
0.257319 0.420833 
0.208388 0.424094 
0.18506 0.458294 
0.186138 0.46907 
0.214954 0.422024 
0.287477 0.335281 
0.410744 0.264814 
0.549922 0.250181 
0.644633 0.293581 
0.684228 0.407812 
0.758029 0.664955 
0.994067 1.1521 
1.42044 1.84953 
1.89125 2.56386 
2.17168 3.01706 
2.11312 3.03088 
1.75521 2.64047 
1.2716 2.04268 
0.832471 1.44653 
0.51419 0.964656 
0.3062 0.608771 
0.166757 0.345813 
0.067227 0.149571 
0.0114996 0.0275977 
0.0365985 0.0260564 
0.184218 0.199795 
0.443262 0.544969 
0.712289 0.945902 
0.842479 1.20979 
0.747828 1.19048 
0.482708 0.89993 
0.202448 0.499853 
0.0391243 0.178067 
0.0116333 0.0238594 
0.0462607 0.0038525 
0.0661204 0.0313072 
0.0516119 0.0443707 
0.0285255 0.0314413 
0.0229172 0.0106048 
0.038121 0.00111773 
0.0645254 0.0080392 
0.0978753 0.0219855 
0.14823 0.0334529 
0.237469 0.0530539 
0.382543 0.111805 
0.564709 0.224578 
0.709817 0.347083 
0.718704 0.38756 
0.547559 0.289335 
0.271083 0.110921 
0.0502317 0.00424715 
0.00877035 0.0833028 
0.12428 0.300779 
0.24471 0.467226 
0.229609 0.419318 
0.0925531 0.192579 
0.0123926 0.0343513 
0.196719 0.229446 
0.710358 0.875313 
1.40747 1.78587 
2.01478 2.59466 
2.29499 2.97302 
2.17146 2.80617 
1.74187 2.22185 
1.19541 1.48123 
0.704761 0.826329 
0.359591 0.381013 
0.163681 0.143734 
0.0737295 0.0445488 
0.0425028 0.0108888 
0.0413601 0.00215888 
0.059786 0.00803602 
0.0941826 0.0299021 
0.13869 0.0662172 
0.182804 0.108903 
0.213809 0.146014 
0.221122 0.165401 
0.201163 0.159319 
0.160386 0.130343 
0.112706 0.0937551 
0.0723239 0.0713988 
0.0520037 0.0821904 
0.0756376 0.142215 
0.19417 0.276233 
0.474941 0.520374 
0.949282 0.894751 
1.55223 1.35922 
2.1199 1.80091 
2.47297 2.0867 
2.53111 2.15018 
2.36304 2.03905 
2.1348 1.88433 
2.01426 1.82883 
2.11182 1.97742 
2.46412 2.37624 
3.00837 2.97843 
3.54125 3.59466 
3.74878 3.9117 
3.37571 3.65036 
2.44595 2.78781 
1.32328 1.64286 
0.500293 0.698107 
0.260677 0.27547 
0.503609 0.33901 
0.873594 0.586092 
1.05229 0.71661 
0.947803 0.62929 
0.668475 0.414704 
0.387523 0.227407 
0.245199 0.182543 
0.307867 0.315379 
0.526515 0.55685 
0.716146 0.73165 
0.658869 0.658839 
0.332534 0.35575 
0.0613499 0.16545 
0.358155 0.597979 
1.49946 1.91937 
3.19119 3.82221 
4.6734 5.51757 
5.22844 6.23349 
4.67151 5.72409 
3.41523 4.37601 
2.09968 2.8667 
1.15536 1.70977 
0.657315 1.05486 
0.492717 0.809403 
0.577442 0.856944 
0.891803 1.1367 
1.36304 1.5693 
1.79387 1.98904 
1.95569 2.20195 
1.75916 2.11882 
1.32347 1.81955 
0.873301 1.48038 
0.565432 1.23581 
0.402708 1.1009 
0.293262 1.00607 
0.172986 0.887014 
0.0662464 0.736075 
0.0384567 0.579648 
0.105397 0.427724 
0.201816 0.265054 
0.247248 0.101276 
0.245319 0.0240439 
0.310783 0.179132 
0.57884 0.661572 
1.06371 1.39399 
1.59481 2.10602 
1.90554 2.46457 
1.82092 2.28198 
1.39869 1.65242 
0.90857 0.909838 
0.662177 0.433169 
0.820575 0.436396 
1.31412 0.881672 
1.91382 1.55179 
2.38432 2.20625 
2.60956 2.70868 
2.62425 3.05951 
2.55473 3.34009 
2.51902 3.61785 
2.54496 3.86942 
2.55038 3.96581 
2.3994 3.73893 
2.00558 3.10234 
1.41386 2.14939 
0.794342 1.14411 
0.341119 0.387934 
0.148114 0.0464251 
0.159862 0.0655288 
0.23429 0.23954 
0.257925 0.368265 
0.213801 0.373672 
0.156577 0.298692 
0.139461 0.223394 
0.171229 0.192406 
0.232585 0.205963 
0.31303 0.248677 
0.418266 0.304932 
0.546189 0.350895 
0.67077 0.353897 
0.758509 0.296507 
0.796455 0.199371 
0.795807 0.108261 
0.769271 0.0532354 
0.716911 0.0270863 
0.644255 0.0120149 
0.589503 0.0242107 
0.614096 0.11687 
0.747047 0.323288 
0.932198 0.592423 
1.04143 0.791795 
0.96289 0.796872 
0.700706 0.602992 
0.401563 0.364086 
0.275948 0.312719 
0.462185 0.606017 
0.924284 1.20033 
1.45151 1.84312 
1.76311 2.19842 
1.66232 2.04085 
1.15971 1.40958 
0.499963 0.628308 
0.0662422 0.162897 
0.191746 0.376561 
0.963629 1.3096 
2.13151 2.61593 
3.19834 3.7139 
3.67153 4.08502 
3.33899 3.55375 
2.39439 2.37951 
