1.963 1.54524 0.810501 
1.69772 1.18618 0.514491 
1.47034 0.974243 0.397621 
1.28183 0.88614 0.408232 
1.13401 0.901856 0.536482 
1.03263 1.01163 0.803051 
0.988582 1.21037 1.21832 
1.01635 1.4849 1.74358 
1.11409 1.78716 2.26525 
1.22994 2.00749 2.59748 
1.25615 1.99324 2.54284 
1.08907 1.64019 2.01535 
0.727496 1.00861 1.15785 
0.317304 0.355022 0.342402 
0.0721385 0.0110521 0.000701093 
0.113627 0.171771 0.369881 
0.370121 0.756974 1.33416 
0.63678 1.46659 2.48947 
0.748022 1.98739 3.3864 
0.69856 2.17718 3.76788 
0.600979 2.08622 3.64113 
0.540751 1.83974 3.17821 
0.498147 1.52829 2.57399 
0.426899 1.21075 1.9799 
0.393852 0.984231 1.51459 
0.598305 0.992096 1.26936 
1.20766 1.31821 1.26336 
2.15014 1.86556 1.40043 
3.07911 2.36567 1.50841 
3.57845 2.54839 1.45951 
3.45072 2.33594 1.26854 
2.84085 1.88453 1.06623 
2.09221 1.43362 0.962097 
1.47433 1.10691 0.929731 
1.03183 0.855071 0.83727 
0.670575 0.583541 0.601589 
0.35242 0.311916 0.304801 
0.164953 0.173346 0.13192 
0.187514 0.24189 0.173063 
0.327235 0.390867 0.301753 
0.359542 0.385706 0.294397 
0.180746 0.163057 0.105696 
0.00452452 0.00240019 0.0124599 
0.240162 0.353657 0.428721 
1.11334 1.4285 1.52422 
2.39052 2.93861 3.00744 
3.49783 4.25252 4.2974 
3.9385 4.83875 4.92875 
3.62235 4.59192 4.81609 
2.83508 3.78528 4.17616 
1.94852 2.77767 3.26716 
1.18958 1.80041 2.24738 
0.64221 0.978006 1.24953 
0.36898 0.442139 0.487306 
0.445588 0.329724 0.192912 
0.868371 0.652697 0.423061 
1.47761 1.21553 0.958274 
2.01983 1.70934 1.4317 
2.30373 1.90932 1.57856 
2.30416 1.7955 1.38194 
2.13733 1.51065 1.01453 
1.96017 1.22999 0.67311 
1.8888 1.06568 0.463161 
1.9703 1.05025 0.392884 
2.18081 1.15764 0.422762 
2.42808 1.31892 0.501641 
2.5748 1.43743 0.576845 
2.49984 1.42597 0.603753 
2.17136 1.25607 0.564952 
1.67549 0.979144 0.480957 
1.1736 0.697245 0.397158 
0.825486 0.509542 0.358721 
0.741824 0.481275 0.397469 
0.982963 0.646802 0.534109 
1.55465 1.00879 0.772256 
2.35745 1.50131 1.06921 
3.13763 1.95363 1.31321 
3.55292 2.13912 1.36178 
3.38739 1.93051 1.14688 
2.76723 1.44631 0.762181 
2.14852 1.02043 0.424566 
2.01181 0.963807 0.30842 
2.48515 1.30409 0.395577 
3.22704 1.74963 0.49796 
3.68688 1.92956 0.446971 
3.51847 1.69624 0.265783 
2.79604 1.21824 0.148679 
1.88644 0.801333 0.267381 
1.14217 0.627303 0.597555 
0.691342 0.644067 0.928074 
0.453309 0.666361 1.03093 
0.294654 0.558898 0.833225 
0.161193 0.340876 0.460346 
0.0939806 0.151136 0.141075 
0.149987 0.12398 0.0542267 
0.31232 0.274397 0.212974 
0.47338 0.479471 0.459565 
0.516434 0.580221 0.588151 
0.431494 0.530385 0.520531 
0.349303 0.455776 0.388034 
0.435941 0.547452 0.424824 
0.730917 0.872965 0.750693 
1.08909 1.29163 1.24877 
1.296 1.5701 1.66629 
1.24865 1.5896 1.84284 
1.0258 1.43894 1.83996 
0.793338 1.31066 1.85332 
0.660903 1.32083 2.01252 
0.633699 1.43186 2.26775 
0.673179 1.5249 2.4474 
0.761249 1.51414 2.39914 
0.889037 1.38737 2.08232 
1.00784 1.16986 1.56767 
1.03056 0.888111 0.988534 
0.901094 0.576663 0.490453 
0.656152 0.295781 0.186128 
0.405247 0.114064 0.115008 
0.243526 0.0631139 0.228648 
0.183041 0.113347 0.422376 
0.165885 0.200045 0.597277 
0.138979 0.276751 0.708698 
0.113346 0.347916 0.77209 
0.151669 0.454525 0.83361 
0.300346 0.628559 0.932618 
0.535909 0.857296 1.07738 
0.780348 1.08806 1.24193 
0.969703 1.26669 1.38146 
1.10386 1.3709 1.45415 
1.22344 1.40584 1.43386 
1.33842 1.37202 1.30978 
1.38923 1.24974 1.08618 
1.29019 1.0253 0.792321 
1.01554 0.730552 0.489331 
0.640041 0.44261 0.250165 
0.292787 0.232976 0.116111 
0.0719288 0.11648 0.0701441 
0.000246018 0.0559136 0.0608532 
0.0475181 0.0156282 0.0567856 
0.174272 0.000419435 0.0715164 
0.343911 0.0344055 0.128879 
0.505306 0.108399 0.208921 
0.591799 0.165795 0.244727 
0.560902 0.15448 0.186825 
0.439495 0.091614 0.0701044 
0.316141 0.0620349 0.00146676 
0.269697 0.135597 0.0624747 
0.295663 0.280905 0.216814 
0.308519 0.373087 0.325101 
0.23069 0.30852 0.273563 
0.0869789 0.125311 0.10346 
0.00383003 0.00255548 0.0064364 
0.0982765 0.115456 0.165332 
0.355304 0.467314 0.573213 
0.616413 0.858457 1.00358 
0.70139 1.0342 1.17653 
0.55536 0.885708 0.981877 
0.286982 0.526104 0.560853 
0.069234 0.182502 0.178501 
0.00262002 0.0143247 0.0111152 
0.0629916 0.0208268 0.039143 
0.160744 0.096526 0.118491 
0.233273 0.151396 0.133218 
0.281605 0.174973 0.0795283 
0.337384 0.20629 0.0269634 
0.415279 0.268985 0.0275082 
0.50177 0.344869 0.0708552 
0.577224 0.397937 0.111321 
0.633526 0.406898 0.11678 
0.666779 0.371261 0.0875746 
0.662263 0.298348 0.043354 
0.598732 0.198348 0.00806862 
0.472292 0.0933895 0.0076844 
0.312223 0.0196019 0.0658009 
0.166748 0.0063286 0.183761 
0.0699478 0.0481977 0.321125 
0.0226855 0.102586 0.406974 
0.00479263 0.12245 0.386663 
0.00103389 0.0956684 0.267696 
0.0107711 0.0522318 0.12068 
0.0347668 0.0331698 0.0303937 
0.0615524 0.0542752 0.0387332 
0.0736118 0.0995789 0.126735 
0.0651063 0.144658 0.243296 
0.0475406 0.180757 0.347614 
0.038124 0.218657 0.430496 
0.0504845 0.279207 0.508968 
0.101674 0.38662 0.610493 
0.219706 0.563475 0.758043 
0.426459 0.814613 0.954384 
0.7019 1.1037 1.16743 
0.970099 1.35011 1.33212 
1.13582 1.46597 1.38078 
1.1479 1.41274 1.28748 
1.03184 1.22891 1.09051 
0.861362 1.0013 0.87005 
0.698994 0.804584 0.696994 
0.5625 0.662053 0.594567 
0.440871 0.555723 0.541032 
0.330592 0.46546 0.503771 
0.248456 0.394041 0.470277 
0.210779 0.357298 0.450669 
0.207929 0.356662 0.455886 
0.205476 0.366165 0.476297 
0.171889 0.347531 0.481188 
0.105231 0.278921 0.439 
0.0349703 0.172471 0.341144 
0.000416647 0.0677413 0.21094 
0.0255086 0.00715358 0.0911233 
0.106261 0.00973445 0.0182307 
0.213153 0.0585627 0.00137084 
0.303277 0.110153 0.0215204 
0.338087 0.122884 0.054098 
0.301912 0.0878093 0.0976127 
0.211324 0.0380063 0.180611 
0.106872 0.0249068 0.333888 
0.0330012 0.0793069 0.549505 
0.0251888 0.193769 0.769687 
0.114714 0.345185 0.926647 
0.33493 0.531734 1.00115 
0.701469 0.775369 1.03826 
1.16692 1.07433 1.09453 
1.59501 1.35279 1.16455 
1.80476 1.47587 1.16702 
1.67816 1.3411 1.01658 
1.25277 0.972888 0.716343 
0.71342 0.526124 0.375614 
0.276141 0.182729 0.127973 
0.0540162 0.0278512 0.0272126 
0.0122512 0.0137638 0.0218741 
0.0373024 0.0341091 0.0268534 
0.0436938 0.0263338 0.0105919 
0.021777 0.00410322 0.00699915 
0.00321014 0.00545361 0.0501081 
0.00413924 0.030944 0.115411 
0.0123493 0.0442874 0.139326 
0.0187465 0.0259414 0.0943714 
0.0391382 0.00661034 0.0307337 
0.0916739 0.0346471 0.0311049 
0.158885 0.11364 0.123312 
0.18929 0.185688 0.2445 
0.148014 0.18576 0.296943 
0.0630499 0.110967 0.238943 
0.0109057 0.0292754 0.119661 
0.0499035 0.017263 0.0284095 
0.169292 0.0932446 0.0171772 
0.308877 0.216085 0.0764053 
0.430273 0.348544 0.18102 
0.566362 0.515234 0.347864 
0.796876 0.790834 0.636051 
1.17018 1.22476 1.08345 
1.64044 1.7703 1.63883 
