0.73379 0.825128 1.27514 
0.585362 0.808099 1.42036 
0.433667 0.793671 1.52455 
0.360931 0.808032 1.56717 
0.409049 0.85312 1.52953 
0.559175 0.903699 1.40241 
0.743405 0.920942 1.19397 
0.88046 0.874199 0.932299 
0.914595 0.757781 0.659269 
0.8375 0.593546 0.41708 
0.684821 0.419444 0.234443 
0.513764 0.272358 0.119716 
0.376704 0.175362 0.0642426 
0.304068 0.134774 0.0527665 
0.301044 0.145172 0.0737703 
0.353985 0.196281 0.123539 
0.439193 0.276681 0.202797 
0.529639 0.373813 0.310008 
0.600022 0.473502 0.437149 
0.632594 0.562216 0.57102 
0.623965 0.631827 0.698412 
0.589205 0.683177 0.810557 
0.558277 0.724481 0.903306 
0.563326 0.764079 0.973311 
0.621511 0.801596 1.01386 
0.722437 0.82358 1.01432 
0.828206 0.807478 0.96434 
0.887778 0.732822 0.860418 
0.859547 0.59413 0.710899 
0.731506 0.408902 0.536733 
0.529494 0.216597 0.367843 
0.309888 0.0687181 0.236928 
0.140213 0.0137628 0.172833 
0.0757779 0.0822437 0.194778 
0.140999 0.276271 0.307889 
0.3209 0.566126 0.500295 
0.564035 0.894253 0.742434 
0.795097 1.18607 0.989978 
0.934833 1.3671 1.19228 
0.925197 1.38557 1.30761 
0.756056 1.23724 1.32341 
0.485107 0.983621 1.27394 
0.237581 0.750214 1.24275 
0.173486 0.692839 1.33826 
0.42271 0.933597 1.6425 
1.00982 1.48896 2.15242 
1.80828 2.22912 2.748 
2.56165 2.90381 3.21819 
2.98018 3.23983 3.3475 
2.87625 3.07149 3.02714 
2.26919 2.43586 2.32911 
1.39529 1.57257 1.49237 
0.606122 0.817617 0.817174 
0.202941 0.44253 0.5201 
0.295886 0.526384 0.63052 
0.764398 0.931173 0.987991 
1.33629 1.39012 1.33978 
1.73393 1.65254 1.47808 
1.8021 1.60052 1.33649 
1.5528 1.2788 0.996949 
1.1197 0.83753 0.617381 
0.667825 0.438361 0.335866 
0.318475 0.183428 0.210505 
0.12308 0.0974938 0.219215 
0.0784682 0.151522 0.300618 
0.152828 0.294556 0.397077 
0.29883 0.47022 0.473323 
0.454826 0.619542 0.5124 
0.551562 0.687798 0.509125 
0.536104 0.646517 0.476359 
0.404048 0.520901 0.459297 
0.216184 0.398972 0.538174 
0.0813964 0.405722 0.804417 
0.110183 0.649345 1.31598 
0.364591 1.16825 2.05704 
0.83346 1.90983 2.92919 
1.44456 2.75274 3.78312 
2.1013 3.55774 4.47467 
2.71851 4.21665 4.91444 
3.23784 4.67434 5.08551 
3.62112 4.91852 5.02422 
3.83594 4.953 4.78145 
3.85031 4.77734 4.39106 
3.64325 4.38766 3.86486 
3.22376 3.79659 3.21436 
2.64379 3.05612 2.48156 
1.99348 2.26433 1.7545 
1.37811 1.54617 1.15176 
0.88682 1.01386 0.779352 
0.567446 0.725204 0.681297 
0.418577 0.66124 0.812351 
0.400613 0.735865 1.05111 
0.458431 0.833989 1.25061 
0.543347 0.859944 1.30226 
0.624122 0.772717 1.18057 
0.684366 0.592278 0.946383 
0.712487 0.377462 0.708674 
0.694687 0.190856 0.56727 
0.61846 0.071106 0.567262 
0.485378 0.0255173 0.686399 
0.32347 0.0416677 0.856648 
0.18775 0.105585 1.00297 
0.144258 0.212885 1.07681 
0.244207 0.36734 1.06973 
0.502327 0.571554 1.00655 
0.891553 0.818913 0.927626 
1.35578 1.09239 0.870927 
1.83101 1.36853 0.859749 
2.26123 1.62106 0.896641 
2.60193 1.82112 0.962949 
2.81544 1.93742 1.02505 
2.86945 1.9424 1.04828 
2.74671 1.82642 1.01527 
2.46254 1.61294 0.940064 
2.07685 1.36306 0.867973 
1.68739 1.16082 0.857711 
1.40193 1.08317 0.953455 
1.3013 1.16902 1.16183 
1.41212 1.40408 1.44672 
1.70229 1.72885 1.74372 
2.09865 2.06331 1.9843 
2.51459 2.33355 2.11573 
2.87327 2.48824 2.10919 
3.11959 2.50272 1.95887 
3.22335 2.3768 1.6802 
3.17962 2.13332 1.31168 
3.00887 1.8176 0.916086 
2.75393 1.4923 0.572314 
2.46941 1.22255 0.353651 
2.20419 1.05434 0.299795 
1.98412 0.996352 0.397914 
1.80455 1.01666 0.585731 
1.63713 1.0574 0.777112 
1.44711 1.05994 0.897011 
1.21182 0.987667 0.907596 
0.931774 0.836264 0.814272 
0.631518 0.630547 0.653327 
0.352852 0.413471 0.472406 
0.144107 0.233963 0.31515 
0.0475212 0.136037 0.213993 
0.0854092 0.148113 0.187752 
0.247737 0.272331 0.239134 
0.487185 0.477954 0.351679 
0.728256 0.705398 0.490529 
0.891483 0.884024 0.61138 
0.924449 0.958436 0.676314 
0.82453 0.910722 0.668808 
0.640039 0.766149 0.59882 
0.447238 0.578439 0.494571 
0.314349 0.402778 0.38641 
0.271415 0.271968 0.293462 
0.301451 0.188547 0.221315 
0.355842 0.135165 0.170587 
0.383538 0.0942141 0.148128 
0.357444 0.0632964 0.17092 
0.285554 0.0577669 0.258708 
0.204724 0.101239 0.420342 
0.1641 0.212305 0.643913 
0.207656 0.396038 0.8982 
0.361473 0.643147 1.14477 
0.626131 0.933394 1.35262 
0.972855 1.23832 1.50622 
1.3445 1.52205 1.60348 
1.66514 1.7438 1.64798 
1.86043 1.86634 1.64326 
1.8838 1.86967 1.59357 
1.73673 1.76252 1.50844 
1.47041 1.58221 1.40426 
1.16458 1.37953 1.29849 
0.892997 1.19541 1.19936 
0.694214 1.04353 1.09956 
0.563701 0.910096 0.981133 
0.470145 0.770976 0.830179 
0.383143 0.613862 0.651287 
0.293096 0.449615 0.470068 
0.21137 0.304964 0.320039 
0.154255 0.202968 0.222228 
0.126167 0.147009 0.17247 
0.116713 0.121174 0.14665 
0.113578 0.106599 0.120781 
0.118984 0.100072 0.0909871 
0.153416 0.118705 0.0775935 
0.240254 0.185159 0.109089 
0.381236 0.303798 0.197181 
0.542215 0.446572 0.32164 
0.663111 0.561346 0.436932 
0.688718 0.598987 0.49676 
0.601044 0.541279 0.47957 
0.431443 0.410733 0.397924 
0.244222 0.256306 0.287045 
0.102648 0.125918 0.1829 
0.0392848 0.044606 0.106009 
0.047594 0.0107477 0.0600899 
0.0957105 0.0080745 0.0413996 
0.148801 0.0204115 0.0467724 
0.184078 0.0374128 0.0722992 
0.192391 0.0506742 0.106114 
0.172847 0.049982 0.127036 
0.131353 0.0296393 0.117654 
0.0872846 0.00443813 0.0875825 
0.081377 0.0229205 0.0906484 
0.172814 0.162816 0.219099 
0.419387 0.503428 0.570701 
0.847339 1.08559 1.20217 
1.42718 1.88007 2.09254 
2.07075 2.78259 3.13592 
2.65375 3.63965 4.16758 
3.05433 4.29376 5.01078 
3.19082 4.62843 5.52425 
3.04381 4.59615 5.63321 
2.65648 4.22262 5.33777 
2.11677 3.59122 4.70243 
1.53032 2.81701 3.83549 
0.993705 2.01975 2.8662 
0.574682 1.30201 1.9236 
0.30272 0.734634 1.11799 
0.1701 0.34981 0.5248 
0.141555 0.141189 0.172828 
0.169076 0.0710673 0.0405372 
0.207826 0.0841158 0.064705 
0.229161 0.125566 0.162074 
0.22739 0.15903 0.25846 
0.218226 0.177207 0.31405 
0.229102 0.199972 0.333061 
0.284549 0.259446 0.35246 
0.392576 0.378683 0.415371 
0.538441 0.55493 0.54353 
0.689242 0.756686 0.723649 
0.807257 0.936099 0.914003 
0.865165 1.04943 1.06542 
0.855442 1.07405 1.14316 
0.790033 1.01368 1.13771 
0.692188 0.891388 1.0612 
0.586139 0.73687 0.935514 
0.489738 0.57588 0.78141 
0.411653 0.425906 0.614575 
0.351685 0.296826 0.447717 
0.302435 0.193013 0.293764 
0.252394 0.114664 0.165878 
0.191503 0.0589091 0.074011 
0.118643 0.0221844 0.0210512 
0.0473364 0.00366392 0.00183719 
0.00463691 0.00735419 0.00594996 
0.0210101 0.0402623 0.0224594 
0.114841 0.106608 0.0438095 
0.279915 0.201358 0.0669905 
0.483867 0.307634 0.0919678 
0.679792 0.400562 0.118758 
0.825454 0.456232 0.144996 
0.90001 0.461261 0.165412 
0.909567 0.418055 0.17359 
