0.00378111 0.014325 0.0264525 
0.00919704 0.01072 0.0301277 
0.011725 0.0413146 0.106435 
0.0845601 0.215871 0.38262 
0.374148 0.685148 1.00648 
0.923823 1.46225 1.97001 
1.53655 2.28484 2.96401 
1.86238 2.71368 3.47388 
1.67419 2.45127 3.13248 
1.0755 1.612 2.05647 
0.427898 0.673188 0.833244 
0.0609957 0.122706 0.113539 
0.0388244 0.109166 0.138469 
0.179031 0.391786 0.605879 
0.26136 0.598601 0.97325 
0.207207 0.535514 0.908748 
0.0951927 0.291951 0.506359 
0.0575966 0.108397 0.131245 
0.176281 0.163416 0.0842321 
0.437249 0.450097 0.379176 
0.73569 0.799687 0.776714 
0.923556 1.00681 0.997341 
0.900704 0.970574 0.928717 
0.704235 0.765637 0.6844 
0.505512 0.588785 0.493157 
0.481451 0.606691 0.514837 
0.659986 0.821069 0.725926 
0.89189 1.07097 0.959878 
0.984457 1.17238 1.05602 
0.865184 1.06303 0.978204 
0.618812 0.822639 0.805913 
0.384494 0.575398 0.635663 
0.238421 0.392136 0.508332 
0.170725 0.277337 0.419324 
0.142998 0.213876 0.361809 
0.14097 0.192279 0.335747 
0.173974 0.202789 0.327401 
0.240772 0.222574 0.308132 
0.304375 0.222128 0.262171 
0.304561 0.184889 0.20726 
0.211598 0.13009 0.189689 
0.0829818 0.126402 0.269432 
0.0496727 0.26284 0.495298 
0.202282 0.559498 0.848904 
0.471326 0.887602 1.18856 
0.652703 1.02067 1.29099 
0.596227 0.829424 1.026 
0.3707 0.442752 0.523072 
0.208885 0.176111 0.127559 
0.274253 0.260213 0.134967 
0.501707 0.636128 0.544507 
0.680779 1.02501 1.07604 
0.674411 1.18966 1.42659 
0.537003 1.12341 1.51245 
0.440837 1.01553 1.49375 
0.523793 1.07405 1.60551 
0.799655 1.37276 1.96073 
1.16267 1.80826 2.45915 
1.44809 2.16195 2.84121 
1.51976 2.23064 2.85381 
1.35279 1.95875 2.42819 
1.05148 1.4754 1.73432 
0.775777 0.995433 1.05488 
0.643159 0.674343 0.588938 
0.696788 0.553592 0.368319 
0.935449 0.616936 0.337786 
1.3216 0.844724 0.464971 
1.7427 1.18402 0.739249 
2.00796 1.4976 1.08749 
1.94489 1.60331 1.34887 
1.52907 1.40007 1.37007 
0.919304 0.958542 1.12817 
0.36312 0.484824 0.755054 
0.0562862 0.187736 0.440288 
0.0509864 0.150985 0.297093 
0.24396 0.290083 0.295217 
0.441212 0.419979 0.309957 
0.483111 0.399225 0.250812 
0.362259 0.248657 0.157976 
0.224852 0.128892 0.161051 
0.226422 0.174772 0.32222 
0.375207 0.347851 0.531328 
0.535998 0.477115 0.595587 
0.59183 0.453883 0.450491 
0.567453 0.353948 0.250498 
0.56379 0.333931 0.210436 
0.597343 0.425002 0.361461 
0.569862 0.486016 0.507419 
0.429268 0.391463 0.449166 
0.323018 0.236298 0.232102 
0.524448 0.301302 0.137171 
1.1715 0.791414 0.418994 
2.0873 1.61695 1.06376 
2.87932 2.4397 1.79826 
3.22587 2.92571 2.30851 
3.08104 2.95761 2.44165 
2.63755 2.64207 2.23808 
2.13224 2.16798 1.83443 
1.69424 1.67842 1.36667 
1.33934 1.24432 0.935948 
1.05151 0.900227 0.607867 
0.837821 0.667668 0.407121 
0.715585 0.548596 0.316046 
0.679398 0.523469 0.301575 
0.704764 0.57674 0.35998 
0.785942 0.726968 0.536729 
0.957477 1.02217 0.894665 
1.26314 1.49157 1.45034 
1.69179 2.08811 2.12695 
2.13838 2.6704 2.76001 
2.43456 3.0477 3.15624 
2.43993 3.06958 3.17627 
2.1352 2.71023 2.80125 
1.64962 2.09523 2.1496 
1.19673 1.44795 1.43073 
0.958529 0.982185 0.854104 
0.995977 0.804499 0.541071 
1.23888 0.88218 0.487708 
1.54289 1.08462 0.593808 
1.75966 1.25899 0.730462 
1.78281 1.29459 0.802383 
1.57304 1.15642 0.777719 
1.17382 0.888827 0.683375 
0.704856 0.590612 0.57639 
0.313008 0.363971 0.504863 
0.0948122 0.257348 0.476322 
0.0431393 0.239232 0.454167 
0.0637119 0.228385 0.391422 
0.057088 0.167271 0.284742 
0.0102612 0.0880109 0.207541 
0.0273216 0.114414 0.283516 
0.263672 0.382417 0.602195 
0.800412 0.928337 1.13544 
1.55701 1.6376 1.73387 
2.32654 2.31132 2.22508 
2.91739 2.80588 2.53867 
3.28505 3.12716 2.74608 
3.54325 3.3999 2.97988 
3.85434 3.74948 3.3132 
4.29847 4.20325 3.70861 
4.81573 4.67703 4.06078 
5.23754 5.02554 4.26587 
5.36761 5.10395 4.25345 
5.07116 4.81846 3.98626 
4.34271 4.16745 3.46755 
3.32252 3.26008 2.76228 
2.24408 2.28769 1.99872 
1.3356 1.45052 1.32906 
0.731941 0.879425 0.868117 
0.442115 0.595363 0.647092 
0.376312 0.521037 0.60619 
0.407715 0.53318 0.630589 
0.438945 0.531748 0.61728 
0.44315 0.491721 0.537529 
0.455646 0.462273 0.448212 
0.520447 0.509157 0.435815 
0.635215 0.646146 0.536905 
0.743448 0.8162 0.705615 
0.778487 0.936954 0.854638 
0.716638 0.965103 0.92621 
0.597082 0.925229 0.929761 
0.502086 0.889668 0.925338 
0.512368 0.930556 0.976767 
0.65111 1.06643 1.103 
0.841823 1.22554 1.24582 
0.929097 1.26365 1.28029 
0.786649 1.06041 1.09244 
0.445108 0.641927 0.690954 
0.110373 0.210601 0.250487 
0.0211815 0.0173125 0.0100832 
0.260042 0.167794 0.0891192 
0.695132 0.541832 0.388852 
1.10138 0.900792 0.678465 
1.33094 1.07185 0.7801 
1.38142 1.04048 0.67816 
1.34431 0.905117 0.479697 
1.32092 0.780696 0.306261 
1.36221 0.733784 0.224406 
1.42826 0.754678 0.23471 
1.38696 0.758918 0.287214 
1.10918 0.650998 0.322759 
0.634861 0.447626 0.349482 
0.241986 0.345232 0.493639 
0.27487 0.60254 0.926431 
0.8324 1.28798 1.67802 
1.61857 2.13286 2.5108 
2.13946 2.67617 3.01899 
2.08406 2.60244 2.90949 
1.53572 1.96918 2.2227 
0.843276 1.12987 1.29873 
0.321499 0.455372 0.533537 
0.0738726 0.116027 0.143475 
0.0406409 0.0689447 0.10348 
0.132893 0.177728 0.243952 
0.287072 0.315557 0.384733 
0.434449 0.396341 0.41823 
0.491075 0.378124 0.332006 
0.412504 0.273556 0.188896 
0.242074 0.14324 0.0740359 
0.0797614 0.0502756 0.031119 
0.00291531 0.014022 0.0364157 
0.0293087 0.0178668 0.0400128 
0.149963 0.0616076 0.0365254 
0.368799 0.18913 0.0903198 
0.691071 0.45204 0.287547 
1.08436 0.851186 0.665447 
1.47355 1.32125 1.18292 
1.77767 1.76315 1.73753 
1.9381 2.07508 2.1904 
1.90995 2.15916 2.38797 
1.65404 1.93937 2.21244 
1.17519 1.42202 1.67008 
0.585339 0.759781 0.954445 
0.115766 0.237876 0.400218 
0.034306 0.152879 0.320378 
0.505661 0.648487 0.823322 
1.48041 1.61357 1.73176 
2.67769 2.70543 2.65471 
3.67679 3.48909 3.1706 
4.09192 3.63464 3.03193 
3.76681 3.09069 2.30084 
2.88591 2.14027 1.34356 
1.90268 1.27269 0.655611 
1.28605 0.907248 0.582187 
1.24038 1.13732 1.10135 
1.61238 1.69237 1.84078 
2.05606 2.15835 2.33865 
2.29456 2.26945 2.34783 
2.24286 2.02342 1.93761 
1.93503 1.56675 1.34633 
1.42203 1.03237 0.775822 
0.792134 0.512555 0.327368 
0.24063 0.126042 0.0630678 
0.00173696 0.00155407 0.0269253 
0.139998 0.144195 0.171707 
0.443117 0.371117 0.33236 
0.598316 0.462222 0.358554 
0.497359 0.388646 0.281881 
0.328598 0.339131 0.290016 
0.345275 0.488383 0.498157 
0.577691 0.774393 0.781757 
0.812906 0.951877 0.886837 
0.839448 0.857507 0.702076 
0.660037 0.577981 0.38013 
0.4533 0.346777 0.180023 
0.373488 0.314075 0.223741 
0.426363 0.443088 0.424976 
0.518536 0.599563 0.619102 
0.575348 0.692127 0.715415 
0.595058 0.722181 0.729827 
0.622049 0.742976 0.724236 
