1.25549 1.73713 2.17477 
1.18736 1.61561 1.97093 
1.19611 1.47514 1.64957 
1.31523 1.36825 1.29572 
1.53423 1.33163 1.00177 
1.80861 1.37457 0.826602 
2.08253 1.48574 0.787122 
2.30705 1.64723 0.879816 
2.44489 1.83815 1.09961 
2.46865 2.02521 1.43092 
2.36435 2.1561 1.82151 
2.14192 2.17217 2.17336 
1.84019 2.03707 2.37169 
1.51454 1.75961 2.33724 
1.21166 1.39174 2.06527 
0.950943 1.00341 1.62528 
0.727895 0.653928 1.12573 
0.533944 0.377567 0.669473 
0.371409 0.185118 0.323922 
0.250616 0.0711735 0.112605 
0.178375 0.0196347 0.0212721 
0.15647 0.00900135 0.010152 
0.192807 0.0211658 0.0298847 
0.306749 0.0508356 0.0407791 
0.513164 0.10789 0.0299988 
0.796174 0.209013 0.0157611 
1.10069 0.363071 0.0314935 
1.35421 0.559107 0.0983332 
1.50121 0.766069 0.210346 
1.52506 0.951528 0.354772 
1.45264 1.11751 0.560687 
1.35285 1.33139 0.931891 
1.32669 1.71422 1.61302 
1.47073 2.36776 2.68534 
1.81374 3.27609 4.06072 
2.27011 4.26135 5.46815 
2.66405 5.04796 6.56506 
2.82455 5.40151 7.10035 
2.68186 5.24056 7.00952 
2.28942 4.64337 6.38602 
1.76483 3.76764 5.38464 
1.21443 2.76863 4.1574 
0.70611 1.77649 2.85991 
0.293557 0.91648 1.67568 
0.0449659 0.315877 0.791697 
0.0351623 0.0706493 0.32527 
0.300325 0.194929 0.263837 
0.78648 0.591879 0.46817 
1.33226 1.0688 0.734307 
1.71652 1.40121 0.877574 
1.76618 1.43201 0.807548 
1.46382 1.1581 0.567511 
0.965975 0.734691 0.306095 
0.497616 0.369137 0.173975 
0.200591 0.175197 0.207599 
0.0693716 0.114432 0.303085 
0.0265777 0.0792536 0.318459 
0.0448515 0.0276886 0.212614 
0.174045 0.0233022 0.0791934 
0.446308 0.140621 0.0390813 
0.779401 0.351216 0.109602 
1.00576 0.527733 0.193907 
1.0101 0.565012 0.196366 
0.830628 0.481746 0.128195 
0.616205 0.39044 0.085474 
0.486979 0.373902 0.13224 
0.441978 0.405606 0.225601 
0.394798 0.392782 0.263564 
0.281916 0.284381 0.196179 
0.128167 0.126922 0.0786553 
0.0176371 0.0205917 0.0180404 
0.0176582 0.032971 0.0772652 
0.134117 0.156275 0.230926 
0.326622 0.334587 0.401484 
0.551192 0.518387 0.526681 
0.785239 0.691887 0.59447 
1.02061 0.858657 0.626806 
1.24297 1.01159 0.641466 
1.42155 1.11943 0.630429 
1.51725 1.14004 0.569317 
1.50031 1.04734 0.444673 
1.36413 0.851173 0.275559 
1.12817 0.598017 0.113868 
0.832946 0.354398 0.0236011 
0.534599 0.18521 0.0527071 
0.301156 0.138225 0.214204 
0.201581 0.235247 0.483673 
0.275956 0.460779 0.805411 
0.493929 0.746223 1.09643 
0.73816 0.970134 1.25398 
0.852567 1.00392 1.18857 
0.745881 0.798123 0.887663 
0.472137 0.445248 0.465043 
0.200833 0.140623 0.126 
0.0798974 0.0407439 0.0346587 
0.11073 0.132326 0.178543 
0.164432 0.246861 0.36692 
0.133076 0.227575 0.394208 
0.0594057 0.0914195 0.228979 
0.0971193 0.0136303 0.0393033 
0.333467 0.139342 0.0187299 
0.665262 0.416963 0.18777 
0.871648 0.634837 0.379578 
0.814273 0.626691 0.42336 
0.55544 0.427963 0.324038 
0.277826 0.221686 0.243712 
0.107774 0.145234 0.313157 
0.0368567 0.173522 0.487498 
0.00458092 0.192331 0.601762 
0.0140421 0.154936 0.553676 
0.128244 0.132779 0.406202 
0.356129 0.210437 0.305434 
0.581785 0.361613 0.319366 
0.643288 0.458493 0.378939 
0.487531 0.404186 0.372484 
0.229615 0.234741 0.271957 
0.0456271 0.0770471 0.149794 
0.0109565 0.0166869 0.0846489 
0.0540355 0.0272692 0.079336 
0.0642956 0.032143 0.0834427 
0.0231191 0.0114738 0.0758867 
0.00866118 0.0192548 0.090605 
0.0773674 0.0914997 0.149028 
0.172219 0.169095 0.195621 
0.179224 0.152267 0.147345 
0.0769268 0.0443181 0.0298632 
0.000216516 0.0123094 0.0386129 
0.120622 0.257294 0.406885 
0.452543 0.796158 1.16732 
0.796872 1.38205 2.04132 
0.903248 1.67456 2.60027 
0.700742 1.51893 2.58235 
0.366158 1.07192 2.08442 
0.16135 0.65622 1.45912 
0.202329 0.487391 1.023 
0.379246 0.526756 0.842889 
0.482341 0.570906 0.764766 
0.393816 0.462005 0.61238 
0.175851 0.22221 0.355086 
0.0145821 0.0262269 0.121346 
0.102531 0.0760199 0.0916147 
0.544672 0.483128 0.376952 
1.30695 1.20713 0.950737 
2.20049 2.05043 1.64315 
2.92388 2.71467 2.19587 
3.18697 2.92557 2.3743 
2.87082 2.58206 2.09704 
2.11108 1.82971 1.49731 
1.22449 0.985339 0.852133 
0.52131 0.351597 0.41397 
0.142811 0.0551102 0.266799 
0.0349953 0.0211685 0.311887 
0.0501898 0.0812813 0.378645 
0.0732045 0.109234 0.357652 
0.0771957 0.0826308 0.253779 
0.0954277 0.0502936 0.142238 
0.162266 0.0625002 0.0899536 
0.279527 0.129505 0.112333 
0.422418 0.227718 0.183884 
0.562181 0.327803 0.271388 
0.67803 0.411462 0.35255 
0.751627 0.467238 0.411879 
0.759326 0.480648 0.431962 
0.680427 0.437338 0.398093 
0.52042 0.339775 0.313671 
0.324677 0.217967 0.207173 
0.159046 0.116001 0.117388 
0.067043 0.0621987 0.0674393 
0.0459398 0.0541493 0.0544601 
0.0712616 0.0782972 0.0679492 
0.143678 0.141754 0.115154 
0.297006 0.270857 0.216799 
0.544567 0.465353 0.36807 
0.820119 0.658265 0.50906 
0.992925 0.742127 0.552747 
0.962372 0.654171 0.458113 
0.743509 0.437841 0.275144 
0.454701 0.210949 0.10675 
0.219872 0.0681588 0.0211454 
0.0852408 0.0169451 0.00578366 
0.0242849 0.00589578 0.00758819 
0.00224809 6.29556e-05 0.00575178 
0.0165959 0.0139616 0.0309329 
0.0771509 0.0746166 0.114974 
0.167336 0.170986 0.238088 
0.241049 0.252066 0.336218 
0.25756 0.270784 0.355494 
0.214599 0.223195 0.293061 
0.150668 0.1503 0.192773 
0.120531 0.111821 0.11602 
0.161181 0.153422 0.115171 
0.263557 0.278065 0.211469 
0.368509 0.433525 0.375567 
0.402044 0.535448 0.530934 
0.33308 0.523815 0.597271 
0.202006 0.408987 0.547314 
0.0851374 0.260424 0.42359 
0.0282271 0.148668 0.299578 
0.0225459 0.104082 0.230539 
0.0485298 0.131228 0.241849 
0.12569 0.24194 0.343844 
0.294751 0.445313 0.527154 
0.544512 0.69852 0.734381 
0.776259 0.892557 0.861864 
0.865549 0.919776 0.826215 
0.767822 0.769077 0.645326 
0.557904 0.547063 0.444005 
0.363815 0.395928 0.363805 
0.267083 0.387793 0.458582 
0.264669 0.492452 0.670073 
0.307304 0.629106 0.889971 
0.352977 0.733486 1.03597 
0.38623 0.784778 1.08338 
0.41374 0.800217 1.05909 
0.463306 0.825433 1.02683 
0.575955 0.914483 1.05946 
0.765874 1.08143 1.1834 
0.971278 1.25323 1.32841 
1.06448 1.29213 1.35216 
0.945942 1.1023 1.15231 
0.644464 0.730731 0.770919 
0.311421 0.348086 0.375551 
0.0971072 0.110237 0.120743 
0.0304345 0.0372219 0.0299716 
0.0305959 0.0390278 0.0249485 
0.0370148 0.0579112 0.0641113 
0.107536 0.160679 0.220841 
0.363544 0.463569 0.593942 
0.82967 0.96079 1.13806 
1.33988 1.447 1.61024 
1.62356 1.63838 1.72209 
1.50628 1.39562 1.37434 
1.0465 0.846245 0.758352 
0.492138 0.298128 0.230117 
0.104818 0.0258033 0.0679822 
0.00287645 0.108839 0.313191 
0.132641 0.431411 0.796494 
0.355223 0.805098 1.29004 
0.554769 1.0958 1.64667 
0.690322 1.27071 1.8408 
0.782482 1.36766 1.92345 
0.8722 1.43835 1.95429 
0.985444 1.5069 1.95654 
1.11431 1.55468 1.9061 
1.21606 1.5301 1.7511 
1.23348 1.38139 1.45411 
1.13164 1.09918 1.03631 
0.926279 0.738584 0.588844 
0.6771 0.395826 0.231658 
0.447287 0.15163 0.0443245 
0.265729 0.0286344 0.0255741 
