1.67304 2.25086 2.51778 
2.02959 2.6908 3.08878 
2.25439 3.01869 3.61126 
2.19157 3.01079 3.79032 
1.80918 2.56905 3.43 
1.25587 1.82519 2.59758 
0.771287 1.07163 1.60519 
0.504851 0.552702 0.797071 
0.412072 0.303503 0.326714 
0.335268 0.187001 0.119915 
0.187845 0.0792621 0.029039 
0.0543161 0.00733321 0.00227011 
0.108681 0.107533 0.105818 
0.435288 0.458992 0.403792 
0.91943 0.958486 0.832162 
1.29957 1.3507 1.19066 
1.33827 1.39325 1.26685 
0.990401 1.03752 1.00234 
0.455281 0.493809 0.57234 
0.0658837 0.115336 0.293494 
0.0678663 0.155125 0.394435 
0.434442 0.564634 0.814309 
0.874069 1.01336 1.21833 
1.06001 1.15484 1.2649 
0.911865 0.938441 0.922773 
0.674147 0.680415 0.544038 
0.692771 0.793248 0.584795 
1.07859 1.39538 1.19639 
1.58103 2.16709 2.06212 
1.80482 2.6026 2.64315 
1.56073 2.42541 2.6083 
1.00966 1.7804 2.05436 
0.487022 1.05871 1.35461 
0.222712 0.577496 0.842866 
0.235182 0.42544 0.642534 
0.435524 0.536986 0.714822 
0.750558 0.811202 0.956711 
1.12218 1.12969 1.21761 
1.44775 1.33601 1.3058 
1.59567 1.29811 1.09488 
1.4959 1.01924 0.658755 
1.18899 0.648234 0.249572 
0.781972 0.351441 0.0903892 
0.38526 0.188796 0.190363 
0.0979117 0.124749 0.377545 
0.00099372 0.120791 0.488185 
0.102372 0.166755 0.486475 
0.287263 0.229789 0.415798 
0.380208 0.237122 0.304227 
0.297714 0.151735 0.163461 
0.125421 0.0381465 0.0447773 
0.0143768 0.00209426 0.0246068 
0.0111615 0.0610802 0.113442 
0.0308267 0.118785 0.221809 
0.00747381 0.0947571 0.256975 
0.0243161 0.0491796 0.239234 
0.23479 0.12705 0.279262 
0.642735 0.366428 0.42926 
1.00591 0.60294 0.594143 
1.01898 0.617121 0.635226 
0.628444 0.397652 0.570295 
0.164539 0.240124 0.639373 
0.127441 0.542975 1.12655 
0.787588 1.45737 2.07971 
1.93923 2.70077 3.18972 
3.01918 3.70941 3.95849 
3.49313 4.01356 4.03071 
3.19765 3.53578 3.42258 
2.38505 2.59001 2.47341 
1.47989 1.61628 1.58123 
0.781142 0.890855 0.951462 
0.346276 0.436154 0.551119 
0.0981462 0.154446 0.266641 
0.000529933 0.0178469 0.0918765 
0.122852 0.128296 0.168869 
0.551871 0.606498 0.652334 
1.25665 1.42775 1.52547 
2.04072 2.35791 2.52878 
2.6239 3.04706 3.2653 
2.78812 3.21351 3.41196 
2.48691 2.79481 2.89918 
1.85889 1.9777 1.95079 
1.15053 1.09701 0.964627 
0.595963 0.463503 0.302805 
0.315573 0.214384 0.109541 
0.28645 0.271207 0.262924 
0.403514 0.433969 0.49341 
0.59296 0.553727 0.594901 
0.891424 0.660439 0.580934 
1.41572 0.940112 0.665379 
2.23094 1.56423 1.07389 
3.21941 2.49812 1.82758 
4.07155 3.44625 2.67021 
4.43269 3.99511 3.203 
4.11432 3.86276 3.13408 
3.22093 3.08103 2.46678 
2.10159 1.98487 1.50056 
1.16073 1.01988 0.651488 
0.656096 0.500481 0.216948 
0.606582 0.472333 0.23559 
0.8426 0.747517 0.518069 
1.13489 1.05837 0.803489 
1.30727 1.21027 0.918624 
1.28366 1.14586 0.838632 
1.08115 0.918608 0.641401 
0.779997 0.629628 0.424311 
0.483187 0.373328 0.250915 
0.269182 0.203661 0.14162 
0.159357 0.121652 0.0856257 
0.127551 0.0908685 0.0570972 
0.143932 0.0759908 0.0339527 
0.205451 0.0734669 0.0135609 
0.31904 0.104001 0.0114889 
0.462774 0.176344 0.0416659 
0.579641 0.264774 0.097317 
0.618145 0.325751 0.152102 
0.575177 0.333668 0.178901 
0.493659 0.297334 0.167368 
0.420095 0.244596 0.12677 
0.367935 0.195874 0.0761383 
0.318997 0.152749 0.0325323 
0.252766 0.107758 0.00608762 
0.170484 0.0605707 0.00127581 
0.0934462 0.021829 0.0160412 
0.0437767 0.00244721 0.0370753 
0.0331915 0.0077001 0.0469251 
0.0724944 0.0521184 0.0554388 
0.181275 0.175116 0.127508 
0.36611 0.414696 0.350259 
0.577512 0.740494 0.734178 
0.709805 1.02416 1.14431 
0.688287 1.12353 1.37424 
0.583783 1.03643 1.3378 
0.622259 0.965092 1.1941 
1.03155 1.18438 1.24666 
1.83621 1.80296 1.67908 
2.78929 2.63633 2.37139 
3.51536 3.31686 2.97396 
3.74623 3.54405 3.16698 
3.45873 3.26125 2.87111 
2.83223 2.63808 2.25136 
2.10164 1.91881 1.56033 
1.43624 1.28171 0.980099 
0.907624 0.794524 0.569218 
0.521261 0.449207 0.302035 
0.260733 0.216565 0.131811 
0.117818 0.0828945 0.0315593 
0.0996057 0.0566727 0.00293249 
0.204235 0.141873 0.054737 
0.376773 0.293373 0.163273 
0.497658 0.404448 0.254029 
0.452643 0.371069 0.246046 
0.246948 0.197586 0.136935 
0.0409718 0.0290356 0.0341655 
0.0307818 0.0386806 0.0669364 
0.263022 0.257074 0.247586 
0.574749 0.524143 0.438896 
0.739292 0.63749 0.489684 
0.680853 0.55641 0.408018 
0.540854 0.447786 0.377619 
0.532816 0.521863 0.581693 
0.73718 0.82454 1.00792 
1.03375 1.18964 1.43264 
1.21856 1.38427 1.59891 
1.17735 1.29636 1.41559 
0.95672 0.996517 1.0029 
0.691082 0.647288 0.573763 
0.480825 0.374706 0.288287 
0.343622 0.223209 0.207901 
0.26234 0.198296 0.338189 
0.241867 0.301062 0.653042 
0.292736 0.493562 1.05152 
0.37354 0.657233 1.33369 
0.395328 0.647606 1.30051 
0.313216 0.430109 0.929061 
0.198844 0.147241 0.434551 
0.186927 0.0115837 0.112829 
0.338254 0.115286 0.0977218 
0.571159 0.354326 0.275525 
0.737999 0.541437 0.429909 
0.757836 0.575452 0.444436 
0.666954 0.495424 0.358763 
0.559218 0.401103 0.269413 
0.504094 0.359333 0.227 
0.519557 0.385645 0.232222 
0.589104 0.472395 0.282898 
0.67514 0.596486 0.381147 
0.722618 0.705359 0.499199 
0.682215 0.73129 0.574106 
0.554641 0.645799 0.559146 
0.412817 0.500591 0.476463 
0.366729 0.403522 0.407833 
0.490014 0.443562 0.430045 
0.761948 0.624855 0.554119 
1.06324 0.854377 0.711664 
1.23232 0.989372 0.790596 
1.16859 0.930336 0.706558 
0.939859 0.723387 0.487065 
0.806515 0.594166 0.310022 
1.08428 0.833491 0.42263 
1.89117 1.56331 0.948013 
2.97622 2.56355 1.72587 
3.81841 3.35023 2.36213 
3.96099 3.48947 2.4918 
3.3171 2.89777 2.04231 
2.20057 1.87815 1.26792 
1.08917 0.886438 0.542916 
0.343036 0.248968 0.114283 
0.0755024 0.0398126 0.00670562 
0.192427 0.138947 0.0947796 
0.498447 0.358213 0.226794 
0.792081 0.538694 0.30378 
0.935727 0.599389 0.300073 
0.898536 0.548178 0.249412 
0.752405 0.457379 0.212383 
0.612867 0.409731 0.236029 
0.556938 0.441821 0.323758 
0.573923 0.520452 0.432389 
0.585605 0.569656 0.499731 
0.519515 0.531086 0.488002 
0.371925 0.409604 0.411129 
0.203584 0.261477 0.316396 
0.0793389 0.138141 0.23322 
0.0243959 0.0523093 0.149484 
0.0441963 0.00848733 0.0548781 
0.164857 0.0499797 0.000818382 
0.417359 0.237924 0.0824731 
0.767838 0.562761 0.333809 
1.08628 0.89427 0.649976 
1.21707 1.05347 0.84448 
1.09469 0.95133 0.800354 
0.790355 0.656735 0.563873 
0.449856 0.331715 0.292487 
0.19237 0.108338 0.1228 
0.0569707 0.0202342 0.0876918 
0.0159268 0.0231034 0.134545 
0.0171127 0.0546733 0.193851 
0.0197364 0.0767068 0.227208 
0.0113802 0.0824819 0.232112 
0.00402772 0.0828652 0.223947 
0.0133352 0.0893086 0.220845 
0.0408945 0.108238 0.241363 
0.0808406 0.150093 0.307691 
0.143249 0.237418 0.438542 
0.258957 0.391236 0.626707 
0.446689 0.59995 0.821995 
0.671948 0.804724 0.948753 
0.847794 0.927081 0.955517 
0.888835 0.920057 0.852663 
0.772915 0.796348 0.698496 
0.555366 0.611682 0.549745 
