0.345948 0.209067 0.200805 
0.368178 0.177823 0.120516 
0.346192 0.130589 0.0679347 
0.291297 0.0843253 0.05725 
0.230445 0.0665203 0.100971 
0.200287 0.110682 0.212852 
0.235638 0.246102 0.406377 
0.355801 0.484524 0.687223 
0.555003 0.80967 1.04276 
0.801975 1.17539 1.43442 
1.04893 1.51439 1.79845 
1.24537 1.75488 2.05754 
1.35086 1.83992 2.142 
1.34313 1.74422 2.01515 
1.22194 1.48431 1.69392 
1.00965 1.11826 1.25387 
0.748067 0.73198 0.81042 
0.489145 0.412506 0.477554 
0.279239 0.215652 0.319008 
0.14249 0.143269 0.317196 
0.0737724 0.145862 0.382606 
0.0491489 0.155554 0.406833 
0.0507982 0.135071 0.334508 
0.0905372 0.113102 0.210822 
0.21229 0.178262 0.168562 
0.465193 0.426783 0.352484 
0.860099 0.890662 0.820742 
1.33823 1.49163 1.48439 
1.77784 2.05604 2.12866 
2.04215 2.38961 2.51118 
2.04386 2.37213 2.48297 
1.78845 2.01688 2.06182 
1.37019 1.46048 1.4162 
0.924661 0.891497 0.77325 
0.567689 0.462521 0.308617 
0.355662 0.235631 0.0810556 
0.283987 0.184464 0.0399803 
0.314084 0.238527 0.0863379 
0.404252 0.333247 0.13945 
0.524697 0.435145 0.16988 
0.654491 0.536124 0.189701 
0.77247 0.633109 0.220806 
0.85467 0.713928 0.269633 
0.880692 0.758498 0.322934 
0.841768 0.749559 0.359666 
0.742936 0.681868 0.364751 
0.599277 0.564412 0.335018 
0.432423 0.418219 0.277727 
0.271718 0.274192 0.207101 
0.156513 0.170633 0.141645 
0.131068 0.145894 0.100379 
0.227944 0.224181 0.0960482 
0.446979 0.400529 0.128161 
0.744751 0.636149 0.182172 
1.04571 0.871136 0.238058 
1.27215 1.0497 0.283435 
1.37656 1.14313 0.32092 
1.35756 1.15637 0.362647 
1.25131 1.11542 0.415256 
1.10645 1.04612 0.467531 
0.959436 0.95971 0.492128 
0.824167 0.853866 0.462405 
0.697913 0.725471 0.37334 
0.575014 0.583396 0.251668 
0.457106 0.451194 0.147515 
0.354097 0.358272 0.112355 
0.277786 0.326411 0.176578 
0.234322 0.360488 0.33879 
0.220746 0.448058 0.570414 
0.227022 0.566299 0.830128 
0.241441 0.691331 1.079 
0.255993 0.805259 1.28965 
0.268994 0.89888 1.44798 
0.284022 0.970431 1.54991 
0.306249 1.02205 1.59658 
0.338582 1.05591 1.5905 
0.379894 1.07164 1.53375 
0.425825 1.06566 1.42826 
0.470378 1.03205 1.27739 
0.506057 0.964133 1.08801 
0.522512 0.856458 0.872033 
0.506731 0.708053 0.647285 
0.448225 0.527031 0.437064 
0.348492 0.334473 0.267421 
0.228113 0.162925 0.160713 
0.122925 0.0460245 0.125782 
0.0668109 0.00163546 0.148968 
0.0698253 0.0182798 0.193403 
0.107761 0.0568706 0.212528 
0.134855 0.0723207 0.175872 
0.115671 0.0455042 0.0946845 
0.0559926 0.00510474 0.0298842 
0.00902422 0.0209432 0.0711731 
0.0475869 0.166809 0.29248 
0.216566 0.471773 0.705513 
0.495819 0.889616 1.23823 
0.799473 1.3076 1.75348 
1.01487 1.59269 2.10111 
1.05883 1.65086 2.1781 
0.918232 1.46749 1.96747 
0.652517 1.10935 1.5394 
0.360327 0.69111 1.01847 
0.132449 0.327307 0.536237 
0.0176064 0.0942033 0.19104 
0.0150937 0.0153578 0.0283629 
0.0903136 0.0696824 0.0426826 
0.198257 0.211088 0.193222 
0.301074 0.38831 0.424105 
0.374937 0.558896 0.682001 
0.409868 0.696784 0.927788 
0.408339 0.794924 1.14118 
0.384932 0.86359 1.3187 
0.364823 0.924285 1.46681 
0.377815 1.00002 1.59335 
0.447602 1.10479 1.70069 
0.580188 1.2362 1.78317 
0.757411 1.37451 1.82903 
0.939812 1.48842 1.82524 
1.07869 1.54543 1.76294 
1.13265 1.52251 1.64106 
1.08178 1.41307 1.46713 
0.933811 1.22821 1.25534 
0.720564 0.992728 1.02304 
0.486966 0.738286 0.787721 
0.27779 0.496839 0.565721 
0.126587 0.295773 0.372674 
0.0491806 0.154581 0.22397 
0.0418376 0.0821238 0.133508 
0.0836449 0.0746709 0.110595 
0.143019 0.116411 0.156833 
0.187909 0.184011 0.265131 
0.197148 0.254243 0.421012 
0.16796 0.310675 0.60402 
0.114906 0.345201 0.787234 
0.0600703 0.354057 0.936271 
0.0205325 0.333188 1.01273 
0.00197403 0.279316 0.986029 
0.00302335 0.198054 0.850785 
0.0258415 0.112214 0.638783 
0.0819385 0.059612 0.413195 
0.184889 0.0755494 0.242178 
0.332914 0.168107 0.164408 
0.495418 0.304104 0.168685 
0.61815 0.420245 0.203722 
0.649078 0.457348 0.21441 
0.569971 0.397145 0.180898 
0.411244 0.275961 0.132817 
0.237348 0.163799 0.127628 
0.110894 0.121664 0.20819 
0.0596055 0.166026 0.370224 
0.0681824 0.264233 0.563062 
0.0982204 0.361764 0.722141 
0.118578 0.419372 0.808499 
0.122567 0.432888 0.826975 
0.121516 0.424392 0.812831 
0.124824 0.416583 0.800884 
0.127046 0.413686 0.802357 
0.114141 0.403461 0.805003 
0.0820563 0.374954 0.791329 
0.0484307 0.333256 0.756282 
0.0437699 0.297021 0.709776 
0.0871692 0.281647 0.665524 
0.166762 0.284751 0.629996 
0.242826 0.288346 0.603005 
0.273221 0.276265 0.587703 
0.242039 0.25067 0.59664 
0.169249 0.231565 0.643434 
0.0943716 0.238395 0.724287 
0.0479599 0.269486 0.806268 
0.0334945 0.298148 0.837153 
0.0323975 0.290674 0.774897 
0.0253348 0.232718 0.617225 
0.0105261 0.142877 0.408864 
0.00425557 0.0622992 0.219062 
0.02513 0.0282403 0.103756 
0.0771699 0.0517053 0.0777178 
0.146309 0.114856 0.1139 
0.211938 0.18738 0.16697 
0.261951 0.246719 0.201889 
0.297781 0.286414 0.208074 
0.326101 0.309014 0.19359 
0.346323 0.313644 0.169508 
0.346634 0.291701 0.139554 
0.313228 0.235345 0.102395 
0.245247 0.150966 0.061437 
0.162538 0.0647861 0.0308936 
0.0990486 0.0140357 0.0312752 
0.0863364 0.0289717 0.077307 
0.139128 0.118194 0.167844 
0.252371 0.266803 0.285471 
0.40949 0.446993 0.405688 
0.593147 0.632151 0.508719 
0.789434 0.804736 0.586199 
0.983581 0.954782 0.63994 
1.15346 1.07356 0.675833 
1.26928 1.14982 0.698311 
1.3028 1.17229 0.708652 
1.24108 1.13636 0.70651 
1.09546 1.0488 0.691883 
0.899075 0.926457 0.665405 
0.693597 0.789417 0.627213 
0.512732 0.653151 0.576177 
0.371642 0.524703 0.510883 
0.267152 0.404693 0.432053 
0.186827 0.29287 0.34463 
0.120139 0.19284 0.257773 
0.0648878 0.11262 0.182293 
0.0260001 0.0607561 0.126734 
0.00898083 0.0407463 0.094088 
0.013287 0.0474544 0.0808081 
0.0302482 0.0679299 0.0785752 
0.0467936 0.086406 0.07801 
0.0524887 0.0909537 0.0726803 
0.0454893 0.0784302 0.0616336 
0.033827 0.0552471 0.049207 
0.0311975 0.0335356 0.0419577 
0.0494744 0.0245525 0.044003 
0.0919603 0.0327008 0.0533312 
0.151119 0.0535433 0.0618464 
0.212324 0.0773636 0.0602913 
0.261948 0.0966662 0.0460294 
0.295408 0.113088 0.0287266 
0.320187 0.13857 0.0287462 
0.351216 0.188516 0.0668324 
0.400513 0.26997 0.149815 
0.467107 0.372223 0.261422 
0.534016 0.467166 0.365863 
0.575245 0.521133 0.424322 
0.569366 0.512145 0.415378 
0.511504 0.441948 0.346472 
0.416231 0.334955 0.248573 
0.30977 0.224803 0.157428 
0.21706 0.137736 0.0942497 
0.152246 0.0838702 0.0590334 
0.11778 0.0609505 0.0401469 
0.110307 0.0653772 0.0314029 
0.126581 0.0998135 0.0421228 
0.163772 0.170146 0.0913997 
0.214579 0.274204 0.190597 
0.263242 0.392572 0.328053 
0.288582 0.491317 0.469037 
0.274375 0.537491 0.572811 
0.220367 0.517892 0.615728 
0.145267 0.448023 0.604642 
0.0781565 0.364569 0.571832 
0.0432587 0.306107 0.555615 
0.0480693 0.294547 0.579951 
0.08243 0.328294 0.645325 
0.127933 0.388932 0.733743 
0.169641 0.45395 0.820855 
0.201277 0.505627 0.885415 
