0.357956 0.423985 0.475496 
0.370598 0.413601 0.443496 
0.382229 0.416578 0.435504 
0.373648 0.391835 0.396202 
0.298898 0.295806 0.289099 
0.168492 0.157482 0.153842 
0.059923 0.0596189 0.0641023 
0.0296221 0.0402991 0.0367218 
0.049037 0.0516503 0.0234847 
0.0579446 0.0389366 0.00363314 
0.0587727 0.0295109 0.0400271 
0.114931 0.0998897 0.198665 
0.25792 0.263553 0.430639 
0.444751 0.445425 0.597185 
0.629955 0.590587 0.638589 
0.833975 0.750566 0.671306 
1.08356 1.00277 0.857857 
1.3005 1.29643 1.18758 
1.32718 1.45141 1.44997 
1.10399 1.34965 1.45792 
0.775952 1.08617 1.25611 
0.560437 0.871848 1.0567 
0.517786 0.79774 0.986269 
0.514361 0.757864 0.961936 
0.426177 0.621687 0.835965 
0.3122 0.419693 0.600422 
0.326048 0.297934 0.386818 
0.488181 0.315766 0.285908 
0.630408 0.36804 0.244142 
0.594442 0.334383 0.16631 
0.428644 0.249582 0.0684609 
0.33113 0.268561 0.0739989 
0.41568 0.477616 0.272846 
0.591574 0.796021 0.637598 
0.686975 1.07684 1.08716 
0.642761 1.25826 1.57955 
0.545526 1.37778 2.0964 
0.492722 1.46332 2.55919 
0.478797 1.47007 2.82787 
0.430777 1.3491 2.82185 
0.321947 1.14698 2.62538 
0.2138 0.994261 2.43294 
0.187615 0.98349 2.36941 
0.261742 1.07535 2.36913 
0.390133 1.14125 2.24529 
0.529479 1.09968 1.88773 
0.68675 1.0039 1.39646 
0.890424 0.987594 1.01569 
1.11703 1.11583 0.919282 
1.25713 1.28581 1.04247 
1.17621 1.28774 1.12516 
0.839052 0.993447 0.94533 
0.388099 0.505634 0.534872 
0.0763269 0.10822 0.16451 
0.075313 0.0314706 0.0934799 
0.319939 0.240854 0.318127 
0.555682 0.466407 0.573398 
0.571705 0.462681 0.592905 
0.397191 0.242594 0.361958 
0.250137 0.0401721 0.102781 
0.284945 0.0438097 0.0220515 
0.417309 0.196712 0.108448 
0.430618 0.286718 0.198173 
0.247447 0.216013 0.210602 
0.0495322 0.133263 0.264106 
0.0955477 0.270652 0.53335 
0.433512 0.668917 1.01587 
0.829336 1.0995 1.47738 
0.993052 1.27027 1.64055 
0.86142 1.09732 1.42284 
0.648298 0.772598 0.996335 
0.628012 0.580384 0.634975 
0.877137 0.652217 0.503807 
1.21172 0.876116 0.562995 
1.35356 1.01385 0.638706 
1.16122 0.905694 0.58336 
0.730732 0.590834 0.394007 
0.300358 0.257319 0.199355 
0.0622214 0.0828654 0.136906 
0.0528924 0.117262 0.240241 
0.20384 0.303115 0.441075 
0.462646 0.578301 0.661191 
0.827385 0.919163 0.870357 
1.25822 1.27693 1.0466 
1.60338 1.51945 1.12021 
1.67556 1.49936 1.01127 
1.42114 1.19836 0.731638 
0.983893 0.770317 0.409925 
0.575575 0.411288 0.18319 
0.300218 0.199855 0.079647 
0.132574 0.0895454 0.0365227 
0.0472767 0.0368531 0.0174514 
0.102105 0.0764947 0.0594614 
0.351803 0.241199 0.183758 
0.708844 0.448288 0.3066 
0.95344 0.531355 0.300542 
0.91363 0.405308 0.152378 
0.624468 0.171705 0.0176205 
0.297899 0.0363658 0.0860642 
0.147716 0.131202 0.402294 
0.249302 0.426564 0.834256 
0.535988 0.793028 1.20186 
0.878819 1.10862 1.40768 
1.153 1.30269 1.45086 
1.26675 1.34243 1.36568 
1.18431 1.22901 1.18984 
0.951227 1.01979 0.98551 
0.692071 0.83145 0.850273 
0.563171 0.79452 0.876718 
0.680962 0.983806 1.09157 
1.05912 1.36765 1.42544 
1.58003 1.8012 1.73047 
2.02448 2.07538 1.83877 
2.1702 2.01856 1.64798 
1.91837 1.60455 1.19539 
1.35901 0.984878 0.657388 
0.717759 0.404839 0.251896 
0.226927 0.0657294 0.114205 
0.0229448 0.0422859 0.248984 
0.121763 0.292032 0.574555 
0.438707 0.697578 0.977147 
0.812482 1.08997 1.31725 
1.05089 1.28347 1.43768 
1.02312 1.16524 1.24267 
0.748386 0.78857 0.80007 
0.38669 0.356518 0.332789 
0.117027 0.0744265 0.0601954 
0.00990358 0.000110114 0.0297803 
0.0101482 0.0353618 0.109494 
0.0274266 0.0530592 0.14121 
0.0300694 0.0199227 0.0893077 
0.0597519 0.00403988 0.0454737 
0.176521 0.0879866 0.114714 
0.394362 0.284323 0.310185 
0.653672 0.518985 0.542808 
0.846174 0.681003 0.692655 
0.879897 0.696328 0.693946 
0.740355 0.572451 0.569939 
0.497436 0.380557 0.396653 
0.256851 0.198211 0.236802 
0.11091 0.0776325 0.11729 
0.124073 0.064254 0.0695897 
0.319677 0.205944 0.157541 
0.634732 0.495948 0.417068 
0.898804 0.807224 0.760056 
0.923705 0.939859 0.984719 
0.666902 0.785876 0.931911 
0.296915 0.444869 0.635706 
0.0558758 0.143147 0.294235 
0.0416859 0.0278135 0.0859151 
0.139843 0.0563471 0.0311821 
0.174911 0.0900587 0.0329132 
0.113787 0.0699173 0.0186652 
0.114056 0.083131 0.0174388 
0.385978 0.270557 0.110061 
1.00525 0.682994 0.330103 
1.8231 1.21141 0.612592 
2.52447 1.63255 0.821866 
2.7948 1.73521 0.834449 
2.50159 1.45298 0.627717 
1.77709 0.91697 0.312322 
0.938777 0.380959 0.0703825 
0.301775 0.0675538 0.0372317 
0.0225058 0.052276 0.222674 
0.0709868 0.262098 0.530581 
0.307785 0.557585 0.840646 
0.577091 0.816313 1.07597 
0.766255 0.976703 1.22547 
0.838683 1.05214 1.33747 
0.843318 1.11862 1.49089 
0.876068 1.25801 1.73184 
0.992564 1.47155 2.00028 
1.13672 1.63732 2.12254 
1.16551 1.57938 1.91931 
0.970902 1.21788 1.36775 
0.594581 0.671078 0.672467 
0.217752 0.19707 0.151379 
0.0194102 0.00235314 0.00489126 
0.0312694 0.0818174 0.16316 
0.130863 0.243632 0.360678 
0.178006 0.302281 0.386651 
0.151485 0.254025 0.284743 
0.146332 0.262156 0.309783 
0.246328 0.471747 0.677192 
0.417545 0.84429 1.33988 
0.533399 1.17211 1.99482 
0.493802 1.24584 2.29952 
0.313549 1.01252 2.10178 
0.107373 0.600526 1.51249 
0.00513973 0.222635 0.810155 
0.0737804 0.0503481 0.279062 
0.290391 0.135904 0.0807857 
0.567674 0.40665 0.203803 
0.81299 0.722876 0.498071 
0.989713 0.967508 0.775284 
1.13885 1.11379 0.920086 
1.33634 1.22228 0.940688 
1.61322 1.36985 0.927571 
1.90777 1.57375 0.963994 
2.10076 1.77969 1.06934 
2.11461 1.92391 1.21694 
1.99373 2.00658 1.39132 
1.88672 2.09858 1.61219 
1.92738 2.26334 1.89099 
2.10468 2.46074 2.16335 
2.24079 2.53311 2.28025 
2.1169 2.30995 2.09494 
1.65407 1.75584 1.58734 
0.993471 1.03099 0.915222 
0.401386 0.400788 0.333418 
0.0807741 0.0638042 0.0363339 
0.0503812 0.037452 0.0450266 
0.176501 0.180818 0.217957 
0.29896 0.312992 0.3616 
0.330768 0.324203 0.352946 
0.274065 0.21648 0.201936 
0.187117 0.0812938 0.0357024 
0.152866 0.0461907 0.0225293 
0.249725 0.205719 0.267174 
0.502294 0.551369 0.725366 
0.833019 0.944181 1.1981 
1.07779 1.17722 1.4361 
1.08898 1.11113 1.30291 
0.853385 0.782879 0.87608 
0.513491 0.385382 0.394026 
0.263801 0.124827 0.0825886 
0.219247 0.0827434 0.00943018 
0.376836 0.206446 0.0908162 
0.678434 0.412974 0.22215 
1.06585 0.66857 0.377517 
1.44995 0.948692 0.571215 
1.66248 1.1515 0.750792 
1.52339 1.12053 0.786186 
1.02064 0.802551 0.602174 
0.409988 0.366314 0.301997 
0.0635751 0.102655 0.106312 
0.158996 0.164966 0.141959 
0.516497 0.420847 0.31357 
0.774398 0.592441 0.416204 
0.736659 0.543567 0.366687 
0.532887 0.399004 0.28431 
0.435235 0.371643 0.329086 
0.55082 0.507512 0.49745 
0.72526 0.641138 0.622624 
0.734261 0.595402 0.573572 
0.523272 0.379715 0.407779 
0.23783 0.164996 0.29813 
0.0513885 0.089126 0.331069 
0.0106275 0.130614 0.419722 
0.0527371 0.180279 0.426788 
0.126893 0.199508 0.343559 
