0.0554741 0.189187 0.706574 
0.0269502 0.121643 0.622511 
0.0435677 0.0361428 0.43309 
0.180685 0.0100837 0.23018 
0.466303 0.0879128 0.0841331 
0.860603 0.256823 0.0160145 
1.27435 0.459922 0.005435 
1.61092 0.632098 0.0198689 
1.80658 0.734203 0.0430226 
1.8492 0.767281 0.0858531 
1.77118 0.763399 0.177184 
1.62603 0.762752 0.342493 
1.46389 0.791636 0.584031 
1.31727 0.852124 0.872761 
1.20003 0.926034 1.15569 
1.11487 0.988244 1.37472 
1.06207 1.02083 1.48798 
1.04379 1.02083 1.48395 
1.06292 0.999079 1.38258 
1.11899 0.972734 1.22412 
1.20484 0.956792 1.05271 
1.30583 0.959141 0.902697 
1.4013 0.980036 0.792979 
1.46677 1.01383 0.728615 
1.47672 1.0504 0.705573 
1.40952 1.07601 0.714883 
1.25536 1.07547 0.745578 
1.02467 1.03725 0.788139 
0.750899 0.960093 0.839533 
0.482347 0.857233 0.90829 
0.264232 0.755093 1.01619 
0.120392 0.68678 1.19391 
0.0469774 0.68411 1.47064 
0.0235139 0.771285 1.86024 
0.0338751 0.95989 2.34765 
0.0808421 1.24263 2.88018 
0.181522 1.58576 3.36885 
0.345737 1.92608 3.70452 
0.554297 2.18084 3.78879 
0.756226 2.27337 3.57124 
0.890445 2.16532 3.07611 
0.918357 1.87714 2.40173 
0.844702 1.48213 1.68773 
0.712855 1.07494 1.06318 
0.580397 0.732828 0.602296 
0.494964 0.493437 0.310761 
0.487333 0.360225 0.147106 
0.581318 0.326079 0.0616525 
0.803686 0.392274 0.0259251 
1.17667 0.565276 0.0353845 
1.69168 0.833578 0.0896401 
2.28261 1.14513 0.170786 
2.82352 1.40814 0.240097 
3.16235 1.52225 0.257465 
3.17903 1.42496 0.209665 
2.83879 1.12667 0.126575 
2.2127 0.713338 0.0729362 
1.45489 0.314934 0.119617 
0.748112 0.0560368 0.310562 
0.24281 0.0118865 0.642403 
0.0144107 0.187351 1.06474 
0.0520229 0.523138 1.49772 
0.277193 0.921861 1.85671 
0.580526 1.28095 2.07372 
0.86014 1.5204 2.11005 
1.04886 1.59861 1.95991 
1.1243 1.51532 1.6487 
1.10366 1.30548 1.22914 
1.02989 1.02793 0.775921 
0.955554 0.751574 0.37561 
0.927579 0.539214 0.108635 
0.97382 0.430358 0.0250634 
1.09317 0.427987 0.123645 
1.25362 0.497052 0.347434 
1.40243 0.579426 0.603589 
1.48694 0.620789 0.801015 
1.47691 0.595581 0.886563 
1.3759 0.515308 0.859638 
1.21592 0.416109 0.759055 
1.0409 0.336577 0.635261 
0.892283 0.303811 0.530215 
0.805848 0.337225 0.477766 
0.815757 0.461814 0.516666 
0.952267 0.710952 0.694282 
1.22393 1.10573 1.04562 
1.59209 1.61989 1.55573 
1.9606 2.15864 2.13473 
2.20051 2.57741 2.63331 
2.20675 2.74069 2.90065 
1.95601 2.58968 2.85475 
1.52682 2.17553 2.52184 
1.06289 1.63455 2.02005 
0.698372 1.11953 1.49869 
0.490894 0.730589 1.07265 
0.404557 0.487418 0.790548 
0.351627 0.354207 0.648399 
0.26269 0.292797 0.628326 
0.137907 0.303601 0.729459 
0.0477088 0.42776 0.970537 
0.0864183 0.714116 1.3687 
0.311424 1.1775 1.91521 
0.704984 1.77587 2.56586 
1.17681 2.41651 3.24841 
1.59991 2.98235 3.87647 
1.85724 3.36217 4.36007 
1.87879 3.47456 4.61332 
1.65946 3.28482 4.5676 
1.25819 2.81657 4.1945 
0.781379 2.15505 3.53026 
0.353752 1.43432 2.684 
0.0817144 0.804172 1.81592 
0.0197801 0.384589 1.08856 
0.153715 0.226681 0.6121 
0.409636 0.29938 0.410369 
0.686266 0.509079 0.423583 
0.895227 0.741855 0.543829 
0.990306 0.906922 0.663334 
0.973914 0.961993 0.712604 
0.882418 0.913685 0.675145 
0.762474 0.799801 0.57955 
0.651941 0.667062 0.479328 
0.572419 0.555437 0.431937 
0.531914 0.492569 0.483517 
0.531561 0.495061 0.659882 
0.57099 0.571003 0.961409 
0.650202 0.719908 1.36023 
0.768407 0.929763 1.80073 
0.921038 1.17393 2.20609 
1.09631 1.41175 2.49303 
1.2733 1.59579 2.59359 
1.42408 1.68533 2.47784 
1.521 1.66176 2.16845 
1.5473 1.53842 1.7384 
1.50545 1.35841 1.28943 
1.41782 1.17912 0.918108 
1.31793 1.04986 0.683491 
1.23647 0.993341 0.591282 
1.18967 1.00047 0.60117 
1.176 1.04026 0.652165 
1.18165 1.07804 0.691591 
1.18997 1.09097 0.692959 
1.18847 1.07314 0.656154 
1.17023 1.02979 0.594512 
1.13115 0.967241 0.520032 
1.06714 0.886462 0.436525 
0.974321 0.783948 0.342952 
0.851962 0.657753 0.241602 
0.705634 0.513198 0.143266 
0.547671 0.363862 0.0650219 
0.394294 0.227372 0.0222353 
0.260848 0.11898 0.020394 
0.157512 0.0466994 0.0519525 
0.0871863 0.0100533 0.0996798 
0.0459457 0.00204159 0.144018 
0.0254843 0.0125215 0.170262 
0.0165565 0.0313046 0.172409 
0.012358 0.0502146 0.152942 
0.0108437 0.0641607 0.119832 
0.0151855 0.0715041 0.082732 
0.0321155 0.0738072 0.0498129 
0.0686934 0.074904 0.0258685 
0.128758 0.0794048 0.0117726 
0.210588 0.0911514 0.00532395 
0.306904 0.112428 0.00349683 
0.407437 0.144502 0.00570036 
0.503075 0.189221 0.0167871 
0.589618 0.250395 0.0478442 
0.668991 0.333247 0.113142 
0.746729 0.441148 0.223405 
0.826573 0.570739 0.378082 
0.905021 0.708371 0.560927 
0.969265 0.830972 0.74236 
1.00046 0.912376 0.888847 
0.981255 0.932956 0.975541 
0.903889 0.888075 0.996274 
0.774785 0.791121 0.966162 
0.613451 0.669654 0.915833 
0.446608 0.556553 0.880301 
0.300485 0.480099 0.887473 
0.194331 0.456657 0.950511 
0.136864 0.487942 1.06607 
0.1261 0.563154 1.21821 
0.152413 0.665179 1.3865 
0.204328 0.779222 1.55572 
0.27555 0.900982 1.72372 
0.370111 1.04032 1.90331 
0.501742 1.21681 2.11516 
0.685389 1.44677 2.37303 
0.923234 1.72649 2.66685 
1.19225 2.02055 2.95334 
1.44176 2.26374 3.16127 
1.60575 2.37944 3.21268 
1.62665 2.30858 3.05258 
1.48059 2.03642 2.67406 
1.19133 1.60415 2.12693 
0.8251 1.09848 1.50498 
0.467584 0.622933 0.916679 
0.193134 0.262889 0.451415 
0.0398335 0.0591104 0.154667 
0.000898494 0.000135973 0.0209469 
0.0348143 0.0350131 0.00519304 
0.0879232 0.0990889 0.0459467 
0.118217 0.14077 0.0897978 
0.109755 0.138093 0.107528 
0.0726587 0.0996556 0.0970626 
0.0309631 0.0519633 0.0744684 
0.00613414 0.0211444 0.05918 
0.00526764 0.0186396 0.0613477 
0.0195597 0.0374178 0.0771451 
0.0325375 0.0591537 0.0931247 
0.0320968 0.0668863 0.0957582 
0.0186108 0.055161 0.0798432 
0.00427864 0.031957 0.0509211 
0.0047915 0.012445 0.0213226 
0.0296283 0.0101607 0.00399936 
0.0783278 0.0327476 0.00962219 
0.145865 0.0856262 0.0492969 
0.233271 0.180127 0.139667 
0.354663 0.337675 0.303432 
0.532871 0.582726 0.559987 
0.78311 0.924628 0.907936 
1.0933 1.33789 1.30918 
1.41434 1.75477 1.68714 
1.66984 2.07958 1.94592 
1.78401 2.22211 2.00558 
1.71482 2.13531 1.8374 
1.47499 1.8381 1.48092 
1.12916 1.41064 1.03245 
0.768342 0.963743 0.609694 
0.474871 0.597816 0.308997 
0.295177 0.370523 0.175083 
0.231835 0.286527 0.194808 
0.254824 0.309659 0.313719 
0.322239 0.387044 0.463708 
0.398213 0.471461 0.587672 
0.46069 0.532883 0.652302 
0.499493 0.558481 0.648402 
0.510459 0.546459 0.583979 
0.491479 0.500159 0.47634 
0.442564 0.425663 0.346626 
0.368051 0.332137 0.216744 
0.277723 0.232229 0.106955 
0.185174 0.14055 0.032924 
0.104267 0.0703521 0.00252406 
0.0457518 0.0299164 0.0137045 
0.01542 0.020257 0.0546166 
0.0137046 0.0349311 0.106386 
0.0360297 0.0620408 0.148093 
0.0739446 0.0883039 0.163019 
0.118122 0.104877 0.144856 
0.163998 0.113777 0.102173 
