0.289114 0.187732 0.337415 
0.295576 0.0167395 0.110865 
0.773831 0.331991 0.264832 
1.85904 1.34843 1.04575 
3.41364 3.00528 2.47714 
4.99649 4.90307 4.27925 
6.01191 6.4116 5.91702 
6.00035 6.94087 6.80046 
4.91401 6.25249 6.57179 
3.18237 4.61563 5.31596 
1.48699 2.67463 3.53199 
0.380141 1.09263 1.85324 
0.0197052 0.217252 0.705523 
0.204226 0.00194696 0.151336 
0.633323 0.195376 0.00667903 
1.13294 0.585528 0.0779723 
1.66164 1.08007 0.28915 
2.16973 1.61625 0.625484 
2.5341 2.08102 1.02836 
2.66999 2.37556 1.40114 
2.67462 2.54428 1.71672 
2.78745 2.77638 2.06984 
3.15547 3.22311 2.57478 
3.63797 3.80271 3.20145 
3.87659 4.20982 3.73319 
3.58661 4.14292 3.90752 
2.79209 3.53724 3.60782 
1.78957 2.59369 2.93137 
0.907428 1.61164 2.1001 
0.314112 0.81352 1.33034 
0.0308036 0.307318 0.774782 
0.0640668 0.150931 0.53002 
0.468905 0.385955 0.632341 
1.27399 0.989024 1.01847 
2.37494 1.81863 1.51472 
3.52623 2.64825 1.91066 
4.44027 3.27139 2.0779 
4.89814 3.58237 2.03197 
4.8 3.57284 1.88471 
4.16847 3.27951 1.73845 
3.14574 2.75452 1.61801 
1.97875 2.07835 1.48509 
0.955616 1.37348 1.29977 
0.297699 0.780886 1.06685 
0.0752944 0.411375 0.838644 
0.211787 0.313765 0.689011 
0.566913 0.479431 0.685518 
1.0235 0.864924 0.871199 
1.51238 1.40454 1.25179 
1.97802 2.00616 1.78273 
2.33962 2.54656 2.35904 
2.49478 2.88504 2.82142 
2.36702 2.90219 2.99451 
1.96132 2.55352 2.75986 
1.38722 1.91301 2.13604 
0.828134 1.17174 1.31014 
0.462918 0.568617 0.573023 
0.374596 0.272222 0.170122 
0.501596 0.284152 0.15681 
0.675308 0.443605 0.37104 
0.733311 0.548452 0.561714 
0.631052 0.507725 0.582092 
0.460496 0.397993 0.488724 
0.355577 0.371068 0.459539 
0.368527 0.498176 0.608979 
0.43387 0.701047 0.877159 
0.451465 0.835173 1.09583 
0.396018 0.833342 1.1539 
0.332776 0.75555 1.08669 
0.325978 0.697729 1.00387 
0.351858 0.671516 0.95145 
0.324038 0.597963 0.870429 
0.2039 0.420736 0.693966 
0.0605798 0.19844 0.457675 
0.000450997 0.0569605 0.282472 
0.046391 0.0512993 0.244205 
0.118629 0.102275 0.28465 
0.154467 0.0930407 0.275153 
0.231729 0.0228435 0.16668 
0.538442 0.0413898 0.0577003 
1.1956 0.315753 0.103267 
2.10585 0.864577 0.364309 
2.98003 1.52428 0.752884 
3.51458 2.06625 1.11329 
3.55805 2.33817 1.33712 
3.14821 2.31092 1.40101 
2.44203 2.0353 1.32518 
1.63369 1.59228 1.13259 
0.907547 1.0813 0.855814 
0.403425 0.615682 0.557707 
0.174502 0.287625 0.31474 
0.166569 0.122272 0.16968 
0.254924 0.0716752 0.10699 
0.322824 0.0610033 0.0791193 
0.321882 0.0440991 0.0534284 
0.273921 0.0211165 0.0317471 
0.228314 0.014526 0.0311368 
0.217035 0.0356717 0.0544828 
0.234955 0.0705973 0.0813402 
0.247614 0.090099 0.0836495 
0.217725 0.073609 0.0510116 
0.137565 0.0324643 0.00810769 
0.0461987 0.0159084 0.012273 
0.010589 0.0865414 0.126088 
0.0735128 0.271124 0.372925 
0.206256 0.519847 0.701278 
0.314652 0.715353 0.990113 
0.311763 0.743358 1.10732 
0.209589 0.584393 0.993331 
0.147792 0.354067 0.712491 
0.311957 0.244642 0.427177 
0.785263 0.396231 0.303271 
1.45103 0.79192 0.410544 
2.04044 1.26159 0.687012 
2.3014 1.59182 0.98454 
2.15493 1.65166 1.15267 
1.71456 1.44105 1.10446 
1.17152 1.05042 0.843244 
0.667074 0.597599 0.462153 
0.266824 0.204074 0.12436 
0.0325642 0.00450623 0.0140884 
0.0835506 0.135181 0.257888 
0.553956 0.671541 0.850373 
1.46585 1.54997 1.63456 
2.63254 2.54423 2.35818 
3.69502 3.33735 2.77876 
4.28698 3.66079 2.76295 
4.22006 3.42164 2.33503 
3.57148 2.74715 1.66186 
2.64114 1.9366 0.996995 
1.83467 1.36536 0.621326 
1.5376 1.38256 0.793899 
1.9916 2.19873 1.68387 
3.16735 3.75501 3.2563 
4.69218 5.63708 5.16367 
5.94339 7.15803 6.77575 
6.33662 7.6587 7.43258 
5.65618 6.878 6.81347 
4.18188 5.12257 5.15594 
2.50162 3.08292 3.12819 
1.15464 1.42478 1.432 
0.37622 0.461048 0.434544 
0.0941528 0.112395 0.0803512 
0.102248 0.106824 0.0793665 
0.228734 0.206243 0.162309 
0.390663 0.301288 0.209909 
0.555525 0.374439 0.225862 
0.688227 0.426532 0.248746 
0.735858 0.442958 0.297339 
0.656123 0.410513 0.372228 
0.462598 0.351238 0.481576 
0.241588 0.329751 0.649486 
0.10634 0.410744 0.888006 
0.109768 0.590775 1.15255 
0.195624 0.771975 1.33233 
0.252976 0.828717 1.31476 
0.238502 0.731017 1.09447 
0.244061 0.60931 0.82987 
0.421346 0.672162 0.765257 
0.815093 1.01983 1.04635 
1.26303 1.5125 1.57094 
1.47857 1.82986 2.01706 
1.27109 1.70253 2.05767 
0.725446 1.13865 1.60868 
0.181823 0.45492 0.910731 
0.0159145 0.0728021 0.368803 
0.384269 0.232434 0.271033 
1.12794 0.844195 0.607469 
1.8963 1.57971 1.11936 
2.37815 2.10747 1.512 
2.46111 2.2797 1.64319 
2.22941 2.15355 1.55689 
1.85228 1.88593 1.38946 
1.47706 1.62182 1.26566 
1.18867 1.44767 1.25709 
1.01757 1.3935 1.38308 
0.956438 1.44228 1.60993 
0.976519 1.54195 1.85228 
1.05161 1.6369 2.00903 
1.17848 1.70712 2.02673 
1.368 1.77508 1.93382 
1.60696 1.86482 1.80551 
1.83004 1.95315 1.69091 
1.94019 1.96807 1.57484 
1.86929 1.84249 1.40846 
1.62781 1.57322 1.17103 
1.29981 1.23032 0.899175 
0.987867 0.910282 0.660681 
0.753884 0.676846 0.505635 
0.600218 0.537518 0.442537 
0.496649 0.465707 0.453356 
0.419689 0.436983 0.520617 
0.365876 0.441887 0.632615 
0.333735 0.46946 0.764111 
0.305306 0.490891 0.863729 
0.25638 0.471644 0.875765 
0.184725 0.402306 0.78263 
0.116594 0.308922 0.621838 
0.0760395 0.224708 0.453039 
0.0541335 0.156425 0.308688 
0.0253347 0.093057 0.186367 
0.000447109 0.0522418 0.0923286 
0.0465906 0.100278 0.0765485 
0.228145 0.297902 0.199047 
0.516787 0.612951 0.448982 
0.774056 0.899855 0.708803 
0.848122 0.992255 0.822736 
0.704881 0.835752 0.718198 
0.467461 0.535548 0.464276 
0.323797 0.27231 0.210051 
0.388324 0.166825 0.0647933 
0.638158 0.214701 0.0324584 
0.95992 0.331256 0.0466733 
1.24016 0.439823 0.0506165 
1.41476 0.514661 0.0376269 
1.45908 0.558515 0.0288055 
1.36419 0.565853 0.0335313 
1.14001 0.522332 0.043263 
0.83541 0.434704 0.0571742 
0.535833 0.345404 0.097585 
0.322629 0.304842 0.187961 
0.224252 0.325199 0.314354 
0.204008 0.364118 0.416264 
0.196496 0.358746 0.426543 
0.159486 0.279994 0.328762 
0.0964136 0.156509 0.177909 
0.0373926 0.0487786 0.0623325 
0.00737622 0.00359536 0.0416815 
0.0152994 0.0346741 0.119068 
0.0650724 0.14032 0.269047 
0.160303 0.324247 0.483215 
0.287053 0.584158 0.777069 
0.398112 0.878013 1.1469 
0.435604 1.11605 1.5258 
0.390149 1.20797 1.79587 
0.3427 1.13394 1.85828 
0.432914 0.972088 1.70218 
0.759447 0.847203 1.41046 
1.28578 0.836772 1.09782 
1.83105 0.911149 0.835282 
2.1611 0.956474 0.622088 
2.11919 0.861722 0.420579 
1.71241 0.605348 0.218575 
1.10816 0.284146 0.0678776 
0.553656 0.0700853 0.0703486 
0.265481 0.122033 0.319247 
0.33743 0.497024 0.828921 
0.700387 1.10313 1.49295 
1.15245 1.72175 2.10162 
1.4556 2.101 2.4246 
1.46034 2.08288 2.32643 
