0.132492 0.106345 0.113596 
0.108032 0.10844 0.0278888 
0.274146 0.37033 0.241776 
0.616617 0.850155 0.706774 
1.04678 1.41283 1.26833 
1.43972 1.88644 1.73382 
1.68783 2.13297 1.95342 
1.7416 2.09863 1.87492 
1.61832 1.82213 1.55019 
1.37969 1.40354 1.09785 
1.09638 0.956221 0.6476 
0.821395 0.568084 0.295445 
0.583141 0.286681 0.0864203 
0.393195 0.124678 0.021935 
0.255474 0.0719286 0.0770974 
0.167609 0.102885 0.214192 
0.117033 0.178954 0.388638 
0.0820868 0.253698 0.553083 
0.0447165 0.286995 0.666226 
0.00900413 0.264073 0.705935 
0.00972945 0.206384 0.678529 
0.0978783 0.162586 0.615363 
0.305807 0.1805 0.555696 
0.612725 0.275779 0.525211 
0.936713 0.418403 0.523897 
1.16588 0.548247 0.531245 
1.21577 0.611674 0.524551 
1.07982 0.595755 0.496707 
0.839906 0.536785 0.460354 
0.62617 0.496206 0.435652 
0.546891 0.518997 0.431501 
0.628762 0.602089 0.435465 
0.803302 0.694472 0.421499 
0.94794 0.73003 0.371279 
0.95788 0.672466 0.293905 
0.807005 0.543298 0.228319 
0.563473 0.414229 0.22369 
0.352811 0.36751 0.308086 
0.291232 0.447754 0.464843 
0.426891 0.633799 0.632786 
0.71941 0.846954 0.732772 
1.06454 0.990578 0.707348 
1.34619 0.998414 0.552238 
1.48604 0.865498 0.322583 
1.46686 0.646605 0.110405 
1.32314 0.425591 0.00465135 
1.11111 0.273843 0.0533041 
0.878444 0.219735 0.244766 
0.65026 0.242917 0.515409 
0.434981 0.293075 0.777712 
0.241116 0.320497 0.955024 
0.0903142 0.30139 1.00777 
0.0158351 0.245578 0.941508 
0.0459336 0.184767 0.79609 
0.182115 0.150052 0.623696 
0.386788 0.152555 0.467229 
0.590662 0.178464 0.349062 
0.719351 0.20088 0.273511 
0.726989 0.200651 0.2385 
0.618996 0.182627 0.246851 
0.450492 0.176165 0.308586 
0.299528 0.218308 0.43227 
0.228622 0.32934 0.61169 
0.255418 0.496178 0.818516 
0.348744 0.67518 1.00855 
0.451801 0.81413 1.14015 
0.518216 0.880737 1.19453 
0.539002 0.880144 1.18487 
0.54437 0.850393 1.14798 
0.580264 0.838712 1.12297 
0.675459 0.873775 1.13071 
0.820828 0.951558 1.16676 
0.974139 1.04321 1.21164 
1.08709 1.11883 1.25016 
1.13709 1.17078 1.28576 
1.14371 1.22148 1.34012 
1.15988 1.311 1.43901 
1.2434 1.47319 1.59506 
1.42523 1.71471 1.79897 
1.69074 2.00756 2.02321 
1.98093 2.29591 2.23249 
2.21021 2.51059 2.39124 
2.29183 2.5845 2.46417 
2.164 2.46719 2.41479 
1.81295 2.14124 2.21206 
1.28964 1.63993 1.8495 
0.712551 1.05804 1.36821 
0.24736 0.542068 0.865563 
0.059406 0.251275 0.474127 
0.249996 0.297592 0.312335 
0.802851 0.689875 0.428634 
1.57102 1.31412 0.770606 
2.31991 1.96732 1.20026 
2.81378 2.43477 1.55147 
2.90751 2.57506 1.70077 
2.59929 2.37073 1.61447 
2.01884 1.92066 1.3494 
1.36013 1.38211 1.01154 
0.795726 0.89678 0.699773 
0.416363 0.539701 0.466511 
0.220518 0.312283 0.312448 
0.148666 0.173036 0.210028 
0.134192 0.0801654 0.134918 
0.140132 0.0192443 0.0847416 
0.166152 0.00409679 0.0769111 
0.231055 0.0577071 0.13214 
0.348735 0.190183 0.257365 
0.514295 0.388263 0.438749 
0.706127 0.620246 0.646652 
0.898413 0.850212 0.847157 
1.07389 1.05194 1.01304 
1.22965 1.21618 1.13031 
1.3749 1.35063 1.20054 
1.52438 1.47546 1.24096 
1.69137 1.61712 1.2827 
1.88219 1.80077 1.36513 
2.09143 2.04022 1.52356 
2.29761 2.32577 1.77094 
2.46067 2.61443 2.07971 
2.52575 2.83025 2.37494 
2.43703 2.88163 2.549 
2.16104 2.69547 2.49969 
1.71124 2.25634 2.17929 
1.15968 1.63059 1.63072 
0.623477 0.956657 0.986786 
0.225404 0.397679 0.423714 
0.0437922 0.0744689 0.0859934 
0.0782966 0.012802 0.019735 
0.253516 0.136398 0.152894 
0.462531 0.313572 0.337556 
0.627202 0.433537 0.433847 
0.738822 0.467989 0.388478 
0.852456 0.480114 0.261727 
1.03725 0.574628 0.186356 
1.31472 0.819812 0.282997 
1.62673 1.19104 0.582983 
1.85683 1.57215 1.00444 
1.89314 1.81416 1.39408 
1.69325 1.81476 1.60741 
1.30976 1.57031 1.5792 
0.861516 1.17145 1.34584 
0.470743 0.750072 1.01351 
0.207088 0.413987 0.697984 
0.0712351 0.208151 0.47417 
0.0216533 0.119111 0.360277 
0.0190557 0.109258 0.335649 
0.0547557 0.151063 0.370804 
0.145332 0.237853 0.446194 
0.303276 0.369502 0.550545 
0.510933 0.531121 0.667575 
0.720844 0.686382 0.76799 
0.883951 0.793453 0.817131 
0.984969 0.832312 0.794206 
1.05778 0.822192 0.708374 
1.16724 0.814143 0.59814 
1.36691 0.861108 0.512103 
1.65909 0.983658 0.482347 
1.98208 1.15299 0.507075 
2.2333 1.30199 0.553172 
2.31523 1.35816 0.57666 
2.17953 1.27966 0.548218 
1.84718 1.07513 0.468751 
1.39723 0.798429 0.367038 
0.932755 0.522846 0.282508 
0.541944 0.309809 0.244373 
0.271574 0.187292 0.259023 
0.121675 0.146552 0.311395 
0.0593882 0.155422 0.377265 
0.0421347 0.17865 0.437459 
0.0378881 0.193852 0.4852 
0.0338803 0.196045 0.523421 
0.0323124 0.191284 0.555993 
0.0388378 0.186255 0.580687 
0.0528057 0.181866 0.589555 
0.0656846 0.174553 0.57608 
0.0674694 0.162456 0.542538 
0.054899 0.149781 0.500454 
0.034368 0.144644 0.462643 
0.0171919 0.151949 0.432969 
0.0114642 0.168012 0.403224 
0.0176105 0.183082 0.361891 
0.0314121 0.191299 0.309803 
0.0515544 0.200424 0.270293 
0.0845549 0.232073 0.283208 
0.142048 0.309569 0.382835 
0.23208 0.440265 0.572298 
0.351391 0.604542 0.811535 
0.484789 0.759972 1.02868 
0.611536 0.858883 1.15007 
0.712758 0.868672 1.13265 
0.774009 0.783472 0.981527 
0.782974 0.623049 0.745874 
0.728286 0.423728 0.498452 
0.605219 0.22919 0.311197 
0.426751 0.0846699 0.236709 
0.230621 0.0314636 0.298356 
0.0722143 0.0967982 0.48656 
0.00199623 0.279539 0.759334 
0.0387329 0.539982 1.04869 
0.155782 0.804408 1.27583 
0.291466 0.988249 1.374 
0.379456 1.02948 1.31155 
0.381756 0.915335 1.10411 
0.304991 0.687342 0.808695 
0.191487 0.421499 0.501425 
0.0923866 0.194359 0.249242 
0.0400101 0.0528006 0.0887111 
0.0350508 0.00164421 0.0201932 
0.0534572 0.0122951 0.0174041 
0.0660615 0.0447077 0.0453841 
0.0582681 0.0699664 0.0776892 
0.0392529 0.0828257 0.105781 
0.0369202 0.0997947 0.137897 
0.0817406 0.145046 0.188997 
0.186941 0.23134 0.26681 
0.334128 0.345527 0.361123 
0.472654 0.447534 0.443341 
0.537274 0.487182 0.479724 
0.481328 0.434926 0.454716 
0.313302 0.313363 0.393336 
0.118015 0.211398 0.368355 
0.0455038 0.267185 0.482714 
0.26328 0.619611 0.829663 
0.886378 1.34542 1.44642 
1.91471 2.41023 2.28383 
3.20877 3.65906 3.20919 
4.51957 4.85496 4.04429 
5.56413 5.75196 4.6229 
6.11599 6.17203 4.84281 
6.07384 6.05474 4.69093 
5.48275 5.46284 4.23443 
4.50505 4.54759 3.58707 
3.35921 3.49388 2.86923 
2.25416 2.46897 2.17843 
1.34206 1.59074 1.57714 
0.699045 0.91861 1.09517 
0.330393 0.460959 0.738433 
0.19004 0.190022 0.497827 
0.204432 0.0579215 0.356082 
0.294786 0.0112755 0.293409 
0.395151 0.00356053 0.29267 
0.464911 0.00403786 0.342866 
0.494209 0.00140911 0.438954 
0.501088 0.00111858 0.57742 
0.520881 0.0173408 0.74962 
0.590917 0.0628553 0.936578 
0.735708 0.14089 1.10843 
0.95805 0.242198 1.22959 
1.23934 0.348517 1.26822 
1.54846 0.440852 1.20681 
1.85422 0.50858 1.04998 
