0.184815 0.177362 0.169279 
0.0762142 0.155558 0.252945 
0.238421 0.395583 0.573517 
0.452772 0.644379 0.856713 
0.56199 0.729021 0.922892 
0.586307 0.691724 0.83197 
0.623203 0.681234 0.770906 
0.713538 0.784669 0.862142 
0.843787 1.00068 1.11309 
1.03062 1.3266 1.50214 
1.33576 1.79683 2.03543 
1.79278 2.42009 2.69752 
2.35692 3.11574 3.38477 
2.92716 3.72649 3.91613 
3.3702 4.06833 4.10203 
3.511 3.9696 3.81021 
3.17595 3.33573 3.02791 
2.34492 2.26382 1.92923 
1.27706 1.09702 0.872164 
0.410649 0.278176 0.238263 
0.0584477 0.0587389 0.187788 
0.180488 0.325221 0.553241 
0.464633 0.724784 0.995862 
0.61827 0.962467 1.27584 
0.567277 0.974099 1.36887 
0.407596 0.850953 1.35332 
0.242565 0.673422 1.25216 
0.109886 0.458443 1.02336 
0.024836 0.227998 0.67138 
0.0187187 0.0547508 0.305637 
0.108226 0.0120056 0.0669772 
0.260252 0.105525 0.019343 
0.419664 0.278836 0.126399 
0.564118 0.471871 0.30908 
0.709117 0.651786 0.498361 
0.861129 0.794935 0.644528 
0.986912 0.869796 0.715488 
1.03656 0.851862 0.706768 
0.985245 0.742771 0.63855 
0.84983 0.565923 0.526168 
0.685889 0.359634 0.36506 
0.587805 0.194266 0.168938 
0.673096 0.181785 0.0205027 
1.01215 0.418381 0.0462658 
1.52833 0.873829 0.301259 
1.97489 1.34169 0.675108 
2.06774 1.54808 0.94455 
1.70119 1.36066 0.951597 
1.0536 0.906132 0.73595 
0.461211 0.466826 0.48224 
0.160321 0.246384 0.339588 
0.135265 0.23172 0.307611 
0.199813 0.270051 0.294381 
0.199439 0.247726 0.24781 
0.121945 0.172345 0.195701 
0.0409035 0.105355 0.171859 
0.00427748 0.068485 0.154912 
0.00042335 0.0403998 0.107336 
0.00373485 0.0146024 0.0472434 
0.0134993 0.0178177 0.0395767 
0.0428189 0.0667086 0.11214 
0.0919891 0.133156 0.208389 
0.145067 0.167633 0.239211 
0.185157 0.148744 0.171881 
0.209267 0.104393 0.0616089 
0.237303 0.0943633 0.00770188 
0.309201 0.176364 0.0858358 
0.458224 0.371636 0.304692 
0.671115 0.641541 0.601297 
0.873397 0.892872 0.869582 
0.961985 1.01661 1.0048 
0.86442 0.939619 0.941888 
0.590847 0.668276 0.683834 
0.256113 0.313414 0.32804 
0.0422117 0.0652822 0.0610853 
0.078011 0.0789066 0.0608331 
0.301366 0.318988 0.328176 
0.464866 0.534214 0.61962 
0.362775 0.472963 0.633502 
0.0924411 0.177913 0.330259 
0.0314217 0.017651 0.0355862 
0.468136 0.337053 0.143136 
1.24292 1.0555 0.688748 
1.81887 1.66937 1.26714 
1.76218 1.70329 1.40958 
1.15183 1.15331 1.02576 
0.503265 0.469578 0.449567 
0.30493 0.127054 0.0829781 
0.638998 0.242147 0.0478824 
1.20555 0.574567 0.17485 
1.63572 0.818376 0.249538 
1.75745 0.848174 0.209394 
1.62572 0.733262 0.13004 
1.38936 0.600826 0.0972919 
1.16036 0.519294 0.126395 
0.971384 0.477924 0.175001 
0.806381 0.433117 0.197095 
0.654226 0.366346 0.186111 
0.540033 0.312242 0.186305 
0.506328 0.331415 0.260213 
0.556286 0.440992 0.4222 
0.618348 0.569317 0.597312 
0.588393 0.601171 0.669904 
0.429713 0.492138 0.59974 
0.233083 0.337897 0.487306 
0.156781 0.306449 0.497535 
0.283356 0.480854 0.701998 
0.530616 0.772035 1.0093 
0.720389 1.00796 1.27711 
0.755028 1.123 1.4982 
0.729075 1.24832 1.84623 
0.848413 1.58521 2.49242 
1.2142 2.16269 3.34987 
1.67532 2.71942 4.01353 
1.9079 2.85577 4.00724 
1.67635 2.35396 3.1622 
1.0584 1.39799 1.80896 
0.440565 0.499434 0.607461 
0.282554 0.179999 0.137097 
0.831112 0.651587 0.553397 
1.98231 1.71407 1.54168 
3.35666 2.90462 2.55509 
4.5009 3.75876 3.13434 
5.08082 4.01121 3.1039 
4.98115 3.6547 2.57548 
4.30527 2.88052 1.82276 
3.30498 1.96612 1.13057 
2.27391 1.16264 0.685182 
1.43883 0.614025 0.527087 
0.893078 0.333908 0.569779 
0.609799 0.254145 0.679309 
0.526365 0.319253 0.780956 
0.627375 0.551152 0.92025 
0.939797 1.01012 1.21014 
1.43244 1.66506 1.68127 
1.92701 2.29878 2.16539 
2.15027 2.58327 2.35625 
1.92701 2.31233 2.04472 
1.34688 1.59675 1.33156 
0.727544 0.819832 0.597118 
0.38515 0.363591 0.221538 
0.418047 0.344592 0.300576 
0.691755 0.589389 0.614824 
1.00003 0.836416 0.857541 
1.21342 0.940794 0.87952 
1.28902 0.903962 0.73209 
1.20209 0.770558 0.531032 
0.93426 0.56042 0.335873 
0.539987 0.308172 0.164306 
0.179827 0.117319 0.0682161 
0.0338391 0.115501 0.132241 
0.157536 0.335306 0.378995 
0.42857 0.657046 0.703415 
0.648737 0.894881 0.936499 
0.707798 0.951231 0.987241 
0.656389 0.887636 0.915548 
0.632103 0.847869 0.861362 
0.726781 0.921007 0.910345 
0.925397 1.08233 1.03592 
1.15407 1.25056 1.1582 
1.35611 1.37036 1.22591 
1.50223 1.41939 1.2204 
1.5417 1.35535 1.10451 
1.39021 1.11055 0.827593 
1.00947 0.683377 0.423687 
0.5046 0.228841 0.0859416 
0.106521 0.00401258 0.0742653 
0.0102932 0.164753 0.484742 
0.20556 0.595357 1.09794 
0.471901 0.96174 1.49484 
0.561168 0.97322 1.37947 
0.402576 0.623822 0.828192 
0.14356 0.191647 0.235123 
0.00441396 0.00304555 0.000620953 
0.10035 0.183792 0.239129 
0.390527 0.608242 0.74363 
0.762264 1.04939 1.1936 
1.12863 1.35462 1.39021 
1.44237 1.4942 1.32914 
1.6532 1.49309 1.11155 
1.69864 1.36572 0.831293 
1.55621 1.1257 0.543 
1.29075 0.828228 0.291397 
1.02714 0.566948 0.125125 
0.862168 0.415611 0.0693555 
0.795718 0.374997 0.0991107 
0.741108 0.377929 0.152988 
0.603893 0.344905 0.175833 
0.367839 0.243825 0.151727 
0.124676 0.113412 0.106838 
0.0186863 0.0360227 0.0875326 
0.135172 0.0742189 0.127229 
0.416982 0.214583 0.218763 
0.69062 0.369696 0.314266 
0.795785 0.446847 0.361308 
0.708231 0.424957 0.348261 
0.541904 0.364609 0.313538 
0.433447 0.34194 0.305989 
0.427968 0.376776 0.336508 
0.470707 0.425925 0.370282 
0.488048 0.436166 0.363077 
0.457333 0.392095 0.300248 
0.403264 0.31546 0.203212 
0.351807 0.234284 0.107716 
0.304956 0.162994 0.0402915 
0.253289 0.105531 0.00854538 
0.195524 0.0638124 0.00370321 
0.139925 0.0385443 0.0100319 
0.0942584 0.0272095 0.0165319 
0.0607356 0.0255245 0.0228184 
0.0389258 0.0299106 0.0334384 
0.0313739 0.0392251 0.0485684 
0.049471 0.059554 0.0660504 
0.116398 0.1103 0.0946448 
0.260322 0.220152 0.158914 
0.497902 0.407976 0.281783 
0.819334 0.661511 0.457289 
1.18219 0.93028 0.639012 
1.50939 1.13525 0.754983 
1.69459 1.19154 0.740894 
1.63769 1.04709 0.578758 
1.31598 0.729863 0.32447 
0.836786 0.362982 0.0965888 
0.396155 0.104768 0.00966993 
0.148559 0.0387966 0.0882164 
0.101737 0.112757 0.240936 
0.143848 0.196674 0.335105 
0.171167 0.2069 0.307618 
0.176663 0.167461 0.203366 
0.219039 0.155556 0.110735 
0.337653 0.211486 0.0763405 
0.521416 0.316335 0.0876696 
0.742359 0.437729 0.116593 
0.98098 0.566166 0.155139 
1.2105 0.70617 0.216198 
1.385 0.859372 0.327326 
1.46364 1.02548 0.525068 
1.4334 1.19256 0.817675 
1.29377 1.3051 1.12666 
1.03935 1.26747 1.29366 
0.690479 1.0268 1.20176 
0.336557 0.663977 0.910975 
0.107549 0.368874 0.644587 
0.0737672 0.293475 0.608281 
0.183109 0.428973 0.817926 
0.313172 0.633127 1.1073 
0.376892 0.762778 1.28645 
0.365238 0.76503 1.27585 
0.306204 0.662446 1.10976 
0.220049 0.497429 0.861922 
0.123597 0.310811 0.59435 
