0.833749 0.77554 0.566867 
1.12315 1.06365 0.750908 
1.4128 1.31203 0.872714 
1.71115 1.51951 0.938877 
2.02466 1.6995 0.972197 
2.33763 1.86198 0.996352 
2.60473 2.00208 1.02699 
2.76402 2.10106 1.06939 
2.76732 2.1387 1.12073 
2.61068 2.10917 1.17528 
2.34274 2.02834 1.22955 
2.04207 1.92618 1.28522 
1.77775 1.83046 1.34984 
1.5805 1.75445 1.43556 
1.44039 1.69462 1.55269 
1.3242 1.63242 1.69327 
1.19602 1.53385 1.81012 
1.03546 1.35544 1.81381 
0.860719 1.07373 1.61259 
0.754318 0.73606 1.19023 
0.863268 0.492646 0.670047 
1.33824 0.554532 0.29535 
2.21463 1.06444 0.302175 
3.30438 1.94944 0.750244 
4.20126 2.87613 1.43728 
4.45248 3.38639 1.98567 
3.82948 3.16342 2.06805 
2.52509 2.25723 1.62149 
1.11219 1.09435 0.89111 
0.245889 0.236217 0.263707 
0.284859 0.0399692 0.0118032 
1.09075 0.46002 0.137167 
2.14986 1.12761 0.419751 
2.92232 1.63245 0.612032 
3.15766 1.78352 0.612916 
2.96498 1.66867 0.496897 
2.63991 1.51574 0.412674 
2.4303 1.50602 0.46405 
2.41552 1.68084 0.66202 
2.52794 1.95942 0.94276 
2.63035 2.19863 1.19824 
2.57953 2.24772 1.30365 
2.28026 2.00911 1.17047 
1.74447 1.50822 0.822832 
1.11283 0.91411 0.424461 
0.583287 0.45136 0.188179 
0.278876 0.24598 0.214365 
0.175546 0.242928 0.405691 
0.16847 0.284159 0.554672 
0.205915 0.272161 0.528101 
0.338305 0.248998 0.367847 
0.62603 0.314474 0.217189 
1.01653 0.486501 0.167811 
1.33945 0.663269 0.192696 
1.43234 0.720177 0.213524 
1.26424 0.623211 0.198433 
0.938063 0.440033 0.17595 
0.59288 0.260617 0.173232 
0.317417 0.12984 0.174467 
0.137769 0.0491621 0.148252 
0.0460556 0.00932898 0.0941673 
0.019042 6.32513e-05 0.0436003 
0.0295398 0.0040832 0.0234928 
0.0743145 0.0129627 0.0397798 
0.196241 0.0553039 0.0965889 
0.449954 0.184028 0.207414 
0.81764 0.410208 0.367346 
1.16232 0.65099 0.521253 
1.29353 0.765778 0.583255 
1.10879 0.665356 0.504418 
0.687074 0.396128 0.324569 
0.248418 0.121778 0.157501 
0.0130969 0.0187144 0.123499 
0.0694502 0.166281 0.280054 
0.334874 0.499955 0.586208 
0.619201 0.846023 0.911293 
0.74325 1.01759 1.09203 
0.644261 0.92491 1.02563 
0.405291 0.63275 0.745146 
0.185873 0.31501 0.407049 
0.103778 0.131775 0.182623 
0.165721 0.129368 0.140653 
0.303479 0.248707 0.227707 
0.465485 0.418827 0.355487 
0.657253 0.625681 0.494046 
0.889885 0.884517 0.673035 
1.11205 1.16418 0.905231 
1.22532 1.36941 1.13328 
1.17976 1.41331 1.26387 
1.03976 1.29952 1.2473 
0.932673 1.11882 1.11387 
0.924585 0.963732 0.936736 
0.954725 0.854179 0.771542 
0.900103 0.74695 0.633255 
0.703912 0.604393 0.515083 
0.437376 0.440766 0.41172 
0.238191 0.303548 0.322418 
0.191868 0.22278 0.24456 
0.267731 0.186821 0.175381 
0.357596 0.163051 0.119172 
0.370555 0.134474 0.0871821 
0.300979 0.117016 0.0907888 
0.224185 0.148516 0.139391 
0.235258 0.262066 0.242769 
0.380548 0.459227 0.402776 
0.626401 0.69627 0.591036 
0.881397 0.896674 0.739222 
1.05528 0.993631 0.773054 
1.11465 0.980657 0.679673 
1.09609 0.928348 0.549228 
1.06731 0.941322 0.535832 
1.0674 1.07896 0.750458 
1.07576 1.30231 1.16761 
1.03457 1.49447 1.6265 
0.902894 1.5408 1.93071 
0.693563 1.40443 1.9687 
0.463542 1.14021 1.76569 
0.272658 0.84645 1.44191 
0.150089 0.602948 1.12698 
0.0919764 0.441994 0.899482 
0.0798049 0.358664 0.779955 
0.0952085 0.333993 0.756199 
0.121573 0.34761 0.806625 
0.141851 0.379607 0.908886 
0.14251 0.413193 1.04221 
0.120704 0.44136 1.19172 
0.0857767 0.469443 1.3509 
0.0527216 0.50675 1.51454 
0.0325035 0.550812 1.66285 
0.0252184 0.576162 1.74921 
0.0224063 0.540902 1.70765 
0.0247083 0.416826 1.48743 
0.0680613 0.229235 1.10017 
0.227423 0.0696431 0.64207 
0.565877 0.0482364 0.256427 
1.04727 0.20274 0.0467133 
1.49534 0.441145 0.00670596 
1.67516 0.592212 0.0379991 
1.46443 0.543587 0.0494476 
0.969381 0.345796 0.04418 
0.462177 0.173016 0.101848 
0.180665 0.170272 0.27374 
0.174573 0.341037 0.512144 
0.338634 0.591789 0.725561 
0.578295 0.878108 0.906066 
0.919565 1.27999 1.17675 
1.44956 1.91046 1.68029 
2.16792 2.74983 2.40501 
2.91933 3.5851 3.12707 
3.47395 4.12441 3.53981 
3.66296 4.17825 3.45838 
3.44673 3.75012 2.92386 
2.89957 2.99297 2.14261 
2.18175 2.11506 1.34675 
1.52894 1.32109 0.6978 
1.20344 0.78376 0.270459 
1.36379 0.596605 0.0702263 
1.92725 0.7146 0.0438632 
2.56879 0.955069 0.0952447 
2.90581 1.09917 0.130606 
2.74045 1.02941 0.112495 
2.16338 0.787392 0.0713253 
1.44653 0.506691 0.058737 
0.838661 0.293868 0.0891791 
0.439777 0.167399 0.128373 
0.223746 0.0896711 0.134148 
0.133989 0.0327539 0.100094 
0.141228 0.00408771 0.0570946 
0.231333 0.0213247 0.0394646 
0.375101 0.0822319 0.0573223 
0.532617 0.167051 0.099769 
0.685673 0.262781 0.153986 
0.854605 0.37525 0.213084 
1.07835 0.517277 0.269241 
1.38 0.693117 0.312243 
1.75046 0.899697 0.34529 
2.15506 1.13758 0.40102 
2.54186 1.40742 0.528953 
2.83771 1.68435 0.750201 
2.94651 1.89536 1.01423 
2.77606 1.93558 1.20424 
2.29659 1.72994 1.20362 
1.59376 1.30048 0.980689 
0.86295 0.779986 0.622622 
0.324335 0.34561 0.282872 
0.10128 0.111801 0.0787711 
0.147643 0.0650497 0.0243333 
0.286283 0.0972003 0.0567935 
0.338655 0.111583 0.128477 
0.247861 0.107022 0.267107 
0.0973392 0.159333 0.531907 
0.0145778 0.31621 0.899968 
0.0503398 0.512618 1.20689 
0.143287 0.604409 1.23633 
0.194796 0.503356 0.911448 
0.170337 0.283853 0.416599 
0.121856 0.14116 0.106405 
0.114447 0.220207 0.241876 
0.146436 0.471684 0.767869 
0.15837 0.682135 1.33561 
0.122344 0.661825 1.56617 
0.103324 0.415329 1.33276 
0.206495 0.130916 0.823047 
0.453532 0.00248903 0.348454 
0.723863 0.0624664 0.0948913 
0.841716 0.185126 0.0373687 
0.736105 0.240033 0.0560445 
0.515311 0.226743 0.0956081 
0.378112 0.257779 0.200405 
0.447193 0.425928 0.419106 
0.682088 0.705043 0.712114 
0.939252 0.978712 0.968263 
1.10202 1.14879 1.10083 
1.15666 1.20865 1.11429 
1.17101 1.22891 1.0868 
1.22907 1.29841 1.11074 
1.38524 1.48034 1.25342 
1.64528 1.79044 1.54245 
1.9529 2.17504 1.94371 
2.19159 2.50183 2.33744 
2.23775 2.60828 2.54582 
2.05926 2.41173 2.43587 
1.78196 2.00267 2.03181 
1.6424 1.62287 1.53027 
1.83598 1.51851 1.18267 
2.37177 1.77244 1.12864 
3.04903 2.2449 1.30977 
3.57139 2.66235 1.52294 
3.70863 2.78042 1.56129 
3.39658 2.50741 1.33783 
2.73268 1.92556 0.91966 
1.90263 1.22408 0.471354 
1.09989 0.600817 0.15598 
0.475103 0.185658 0.0524244 
0.116498 0.0118864 0.128909 
0.045593 0.0335542 0.278742 
0.217708 0.167787 0.390522 
0.530008 0.335998 0.408795 
0.847113 0.48784 0.353207 
1.0471 0.606524 0.293771 
1.07124 0.700606 0.302912 
0.945702 0.784981 0.410089 
0.753225 0.855874 0.580109 
0.569838 0.87688 0.73089 
0.416031 0.799048 0.792832 
0.266645 0.616317 0.781397 
0.112761 0.415607 0.824018 
0.0144604 0.361205 1.09239 
0.0815677 0.592805 1.65913 
0.382623 1.09753 2.38065 
0.857102 1.66558 2.92353 
