0.185161 0.266802 0.45256 
0.0703043 0.0198394 0.0474925 
0.120847 0.0739698 0.0731177 
0.202695 0.212301 0.231087 
0.262105 0.292909 0.295607 
0.40608 0.398111 0.325527 
0.790246 0.721464 0.547274 
1.43056 1.33044 1.07322 
2.125 2.04289 1.74266 
2.5709 2.53499 2.22549 
2.58581 2.58527 2.2831 
2.23677 2.23693 1.94953 
1.75941 1.73583 1.478 
1.34738 1.31062 1.11437 
1.0204 1.00781 0.91161 
0.692857 0.728752 0.745675 
0.351724 0.407444 0.493267 
0.144446 0.137277 0.190108 
0.283295 0.125699 0.031697 
0.858134 0.525665 0.228812 
1.717 1.28223 0.830616 
2.49749 2.09856 1.6295 
2.79328 2.554 2.22104 
2.38776 2.34394 2.23069 
1.43901 1.52417 1.60188 
0.460709 0.562791 0.720274 
0.0258075 0.073729 0.197629 
0.357196 0.371637 0.418526 
1.14712 1.21565 1.22469 
1.8024 1.99918 2.04231 
1.91729 2.23276 2.3486 
1.54447 1.88033 2.04507 
1.04843 1.27663 1.42561 
0.751215 0.785801 0.855544 
0.733498 0.56553 0.520617 
0.899435 0.586476 0.424577 
1.11638 0.750851 0.5015 
1.2607 0.937967 0.660693 
1.22431 1.01333 0.782191 
0.98979 0.909348 0.779133 
0.698268 0.715315 0.693687 
0.546253 0.606904 0.662553 
0.562 0.633249 0.734307 
0.546442 0.627992 0.767337 
0.324229 0.417993 0.594569 
0.0401541 0.114167 0.293352 
0.098135 0.091282 0.197366 
0.730058 0.597674 0.557524 
1.6592 1.41181 1.20988 
2.27291 1.9692 1.66081 
2.15916 1.86641 1.54167 
1.45262 1.21698 0.954108 
0.659431 0.503151 0.345246 
0.197385 0.122051 0.0742939 
0.130605 0.1082 0.137277 
0.277346 0.245219 0.283401 
0.457609 0.343586 0.314952 
0.597428 0.36656 0.23145 
0.671944 0.35233 0.13499 
0.652613 0.31345 0.0840294 
0.537615 0.242202 0.0675014 
0.386205 0.165217 0.07251 
0.27901 0.139369 0.119615 
0.244368 0.187528 0.222436 
0.237753 0.258696 0.338701 
0.193 0.263861 0.383099 
0.0969803 0.160542 0.299601 
0.0398302 0.0239349 0.135347 
0.207256 0.0466963 0.0502212 
0.782256 0.433605 0.227442 
1.77516 1.22771 0.723614 
2.91074 2.20172 1.3779 
3.7261 2.95062 1.88987 
3.86408 3.1564 2.03049 
3.32628 2.80641 1.80275 
2.45005 2.16635 1.40344 
1.63561 1.5482 1.04323 
1.08584 1.10722 0.817848 
0.768052 0.829325 0.728434 
0.554343 0.644279 0.758545 
0.35688 0.506201 0.883776 
0.16525 0.396593 1.0341 
0.0290163 0.320281 1.11725 
0.0289913 0.321676 1.10837 
0.216299 0.457865 1.0799 
0.528966 0.708262 1.10335 
0.783671 0.926898 1.13593 
0.805536 0.938129 1.04832 
0.590513 0.702309 0.774987 
0.316168 0.364153 0.406944 
0.170598 0.11837 0.116256 
0.182533 0.0407356 0.00612247 
0.232954 0.0625206 0.0501773 
0.210419 0.0828675 0.152621 
0.118651 0.065872 0.227633 
0.0363386 0.0323612 0.226301 
0.017873 0.00856909 0.142835 
0.0608432 0.0175914 0.0360174 
0.140706 0.0938003 0.0205018 
0.230018 0.252736 0.178648 
0.283786 0.436186 0.457071 
0.253052 0.527057 0.678061 
0.143303 0.453153 0.686814 
0.0361125 0.266467 0.489032 
0.0151187 0.0937412 0.231272 
0.0751376 0.0134432 0.0559811 
0.14406 0.0112298 0.000786512 
0.207859 0.0598838 0.0358146 
0.372453 0.198623 0.151993 
0.752221 0.486612 0.366387 
1.29847 0.883099 0.646903 
1.7825 1.22132 0.881149 
1.97632 1.33353 0.955585 
1.83624 1.19245 0.859071 
1.49592 0.915221 0.6911 
1.11118 0.650269 0.579156 
0.761456 0.496264 0.612532 
0.498001 0.519939 0.843989 
0.411943 0.77975 1.2937 
0.578139 1.26313 1.89593 
0.930099 1.80551 2.45269 
1.25001 2.13841 2.7063 
1.32875 2.07505 2.51498 
1.13364 1.65752 1.96808 
0.805655 1.11035 1.31712 
0.509811 0.655506 0.791641 
0.316255 0.381863 0.480186 
0.215471 0.267718 0.356925 
0.194887 0.271956 0.368015 
0.259032 0.367502 0.464071 
0.3868 0.508466 0.57839 
0.51074 0.616322 0.62928 
0.56043 0.626161 0.572686 
0.518347 0.538742 0.443361 
0.424278 0.413844 0.327218 
0.332925 0.315006 0.290138 
0.276798 0.266833 0.335077 
0.261776 0.257288 0.418164 
0.277132 0.261661 0.488953 
0.298833 0.254426 0.509368 
0.296888 0.211221 0.450823 
0.267167 0.127488 0.304784 
0.268441 0.0525594 0.118837 
0.403837 0.0892297 0.0121291 
0.719127 0.316142 0.111989 
1.09779 0.679386 0.43285 
1.29196 0.977266 0.815221 
1.11926 1.00138 1.02052 
0.65398 0.722814 0.920724 
0.193477 0.328766 0.602751 
0.00158087 0.0604314 0.288859 
0.0905046 0.0256336 0.170848 
0.269122 0.17556 0.320051 
0.374585 0.417842 0.698761 
0.403445 0.683518 1.17734 
0.42257 0.883009 1.53305 
0.434444 0.887727 1.5299 
0.393883 0.641566 1.10698 
0.319891 0.277224 0.497076 
0.30285 0.0421607 0.0850098 
0.377881 0.0703486 0.0920679 
0.45163 0.258452 0.403137 
0.403837 0.393334 0.711665 
0.235679 0.371046 0.804514 
0.069698 0.256283 0.687052 
0.00944151 0.15697 0.481633 
0.0426088 0.104632 0.284229 
0.0887446 0.0685982 0.132963 
0.100179 0.0320633 0.0473615 
0.0911556 0.0105181 0.0348711 
0.0957397 0.0149202 0.067404 
0.131482 0.0359399 0.0946637 
0.194619 0.0632016 0.0912327 
0.259568 0.0921266 0.0718993 
0.282774 0.110331 0.0615246 
0.235214 0.103886 0.073693 
0.140348 0.0841244 0.120107 
0.0587593 0.0823121 0.207042 
0.024204 0.102595 0.302054 
0.0157103 0.104151 0.331562 
0.0107368 0.0579328 0.250654 
0.0446887 0.0085706 0.112917 
0.179761 0.0419665 0.0346439 
0.408673 0.179344 0.072646 
0.619226 0.329015 0.158564 
0.679007 0.367184 0.176201 
0.552127 0.261584 0.0953431 
0.324374 0.101791 0.00880805 
0.12346 0.0129621 0.0376004 
0.026299 0.0523027 0.214045 
0.0301844 0.181005 0.456199 
0.0841354 0.311161 0.63664 
0.138922 0.372514 0.670975 
0.188794 0.359115 0.566545 
0.285561 0.338988 0.417361 
0.501568 0.414015 0.351728 
0.850823 0.640639 0.453399 
1.23736 0.970235 0.70506 
1.50088 1.27419 1.00482 
1.53791 1.44499 1.25005 
1.38846 1.48465 1.41907 
1.20856 1.5055 1.58802 
1.16931 1.66183 1.88849 
1.38495 2.08346 2.45031 
1.90343 2.83584 3.34242 
2.69791 3.87153 4.49601 
3.61745 4.97133 5.64145 
4.36602 5.76004 6.35641 
4.61217 5.87251 6.27561 
4.20053 5.19445 5.3457 
3.28477 3.97287 3.90338 
2.23527 2.66882 2.47424 
1.3908 1.66511 1.44852 
0.881613 1.084 0.910034 
0.660671 0.842848 0.729095 
0.648044 0.82486 0.761807 
0.798275 0.958109 0.931468 
1.04295 1.15998 1.1594 
1.23894 1.28803 1.30596 
1.23521 1.20895 1.24006 
0.997043 0.915163 0.957955 
0.638235 0.538808 0.593675 
0.320805 0.237262 0.299619 
0.133009 0.0761185 0.132725 
0.0603614 0.0216526 0.0585196 
0.0452586 0.0186761 0.0369981 
0.0550338 0.0567072 0.0822431 
0.107199 0.175855 0.250321 
0.248265 0.426368 0.584639 
0.493944 0.803404 1.05227 
0.763603 1.1891 1.50072 
0.889933 1.3746 1.69545 
0.752399 1.20657 1.47375 
0.433432 0.757168 0.915591 
0.20415 0.32052 0.33952 
0.293553 0.180562 0.0691028 
0.658679 0.363846 0.179303 
1.01501 0.644459 0.486877 
1.10715 0.792957 0.778995 
0.925154 0.780462 0.999335 
0.648721 0.722444 1.18933 
0.428471 0.67898 1.31414 
0.274299 0.586135 1.24555 
0.138356 0.387894 0.941314 
0.030885 0.166275 0.576223 
0.0115439 0.0871602 0.428137 
0.0994499 0.232869 0.63081 
0.241385 0.525752 1.06443 
0.367061 0.810378 1.47953 
0.439895 0.974073 1.69257 
0.449521 0.986809 1.66569 
