0.344462 0.178288 0.318452 
0.525512 0.147929 0.141903 
0.727382 0.165557 0.0458874 
0.923205 0.208094 0.00708565 
1.106 0.264806 0.00124116 
1.29874 0.344375 0.0102024 
1.54943 0.475596 0.0278301 
1.90814 0.701716 0.0714749 
2.38938 1.06065 0.187689 
2.93363 1.54642 0.42825 
3.39896 2.07352 0.797734 
3.61116 2.48755 1.21708 
3.46088 2.63997 1.55075 
2.98479 2.48368 1.68951 
2.36234 2.11165 1.6219 
1.81978 1.70102 1.4341 
1.5077 1.40542 1.24447 
1.43609 1.27898 1.13536 
1.49886 1.27889 1.13308 
1.55322 1.32466 1.23178 
1.49595 1.35747 1.42003 
1.30129 1.36242 1.68192 
1.016 1.3539 1.97954 
0.721657 1.34346 2.2398 
0.482549 1.31094 2.36084 
0.308856 1.19873 2.24102 
0.167587 0.946249 1.82808 
0.0440659 0.559025 1.1769 
0.00562113 0.16638 0.482798 
0.194524 0.0011008 0.0431764 
0.721384 0.2732 0.127281 
1.52427 1.00015 0.804565 
2.32106 1.92518 1.84749 
2.73634 2.62277 2.81032 
2.54248 2.75327 3.27074 
1.83395 2.28907 3.08234 
0.978917 1.52933 2.44926 
0.367565 0.878965 1.75873 
0.15488 0.566077 1.30176 
0.206218 0.525736 1.1051 
0.273662 0.528145 0.993607 
0.227083 0.411823 0.796494 
0.13167 0.205408 0.497795 
0.129148 0.0514358 0.212425 
0.269736 0.0412981 0.0490324 
0.466632 0.134483 0.0129223 
0.596193 0.22044 0.0296167 
0.615748 0.229607 0.0338039 
0.574149 0.173402 0.0213381 
0.525036 0.0978826 0.0333469 
0.458388 0.0342159 0.124102 
0.330468 0.0100955 0.357668 
0.150107 0.0892304 0.808795 
0.0144293 0.359725 1.5178 
0.046222 0.854101 2.41052 
0.29281 1.47634 3.26589 
0.683313 2.02157 3.79571 
1.0777 2.2877 3.79957 
1.35548 2.1909 3.27942 
1.47047 1.79814 2.42849 
1.4459 1.26878 1.51441 
1.33762 0.766984 0.75219 
1.20511 0.409026 0.247631 
1.10534 0.261303 0.020444 
1.09823 0.361619 0.0601315 
1.24128 0.72498 0.358219 
1.55587 1.31323 0.886406 
1.97261 1.98447 1.53467 
2.30292 2.47931 2.07218 
2.29983 2.50847 2.20994 
1.81967 1.94165 1.78225 
0.991097 0.984915 0.941811 
0.237436 0.177775 0.188909 
0.0732489 0.135208 0.136731 
0.775192 1.16134 1.12336 
2.15703 2.99986 2.93922 
3.62787 4.91953 4.88679 
4.51133 6.09931 6.15313 
4.41748 6.06741 6.25133 
3.4343 4.92413 5.25369 
2.04033 3.23873 3.69955 
0.818915 1.71578 2.27144 
0.157954 0.842628 1.44871 
0.102455 0.707194 1.32428 
0.417915 1.0545 1.6524 
0.79056 1.5062 2.05864 
1.01674 1.78446 2.26237 
1.06715 1.8093 2.18198 
1.02199 1.65062 1.89599 
0.965919 1.41912 1.53479 
0.932378 1.1926 1.19853 
0.915833 1.00756 0.93758 
0.909546 0.882455 0.769589 
0.924473 0.832971 0.697312 
0.977914 0.86871 0.716587 
1.06499 0.978485 0.816188 
1.13518 1.11334 0.967104 
1.10102 1.18426 1.10753 
0.894495 1.09728 1.15 
0.5419 0.822065 1.0286 
0.187022 0.44105 0.757474 
0.0167379 0.120314 0.440859 
0.134304 0.00823883 0.212146 
0.488774 0.143517 0.150528 
0.923225 0.449358 0.247032 
1.29256 0.807829 0.439358 
1.54662 1.14021 0.671221 
1.72673 1.43281 0.923263 
1.90615 1.70704 1.19955 
2.12552 1.96636 1.48569 
2.34705 2.15222 1.70772 
2.44478 2.14247 1.73287 
2.2628 1.82285 1.4474 
1.73908 1.20946 0.884765 
1.00617 0.517702 0.289923 
0.351185 0.070771 0.00813162 
0.0292881 0.0759966 0.235025 
0.0814033 0.453124 0.832781 
0.323925 0.88567 1.40193 
0.514215 1.06375 1.57321 
0.52807 0.90133 1.26992 
0.398399 0.546595 0.720624 
0.226665 0.216639 0.244914 
0.092675 0.0393825 0.0300531 
0.0417991 0.0295113 0.0760929 
0.113829 0.161183 0.292881 
0.343283 0.422243 0.607469 
0.722225 0.797227 0.983858 
1.17071 1.21989 1.37326 
1.54716 1.55781 1.67128 
1.69582 1.65437 1.73597 
1.51972 1.41602 1.47047 
1.06033 0.904216 0.926038 
0.528088 0.360669 0.342129 
0.214425 0.100085 0.0480745 
0.297423 0.298153 0.247067 
0.68356 0.828876 0.835003 
1.04959 1.31772 1.42995 
1.08758 1.40901 1.63055 
0.753104 1.03825 1.30901 
0.29404 0.473746 0.694531 
0.0375227 0.0951361 0.184006 
0.134335 0.110117 0.0535782 
0.47852 0.444368 0.307179 
0.835116 0.856681 0.744434 
1.0259 1.13485 1.13659 
1.01385 1.20179 1.34942 
0.860124 1.09003 1.35359 
0.641149 0.86523 1.17771 
0.409749 0.586001 0.876839 
0.206847 0.310604 0.52945 
0.0780084 0.105575 0.229246 
0.0616744 0.0239895 0.0506271 
0.158219 0.0683373 0.00814586 
0.313299 0.177776 0.0481566 
0.43934 0.261715 0.0877545 
0.467795 0.261341 0.0759459 
0.395173 0.192242 0.030017 
0.282851 0.129876 0.0158848 
0.205177 0.144331 0.0858295 
0.188349 0.237438 0.225416 
0.196036 0.338446 0.35704 
0.174738 0.363607 0.398717 
0.111927 0.285599 0.327078 
0.0476519 0.151225 0.192181 
0.0310714 0.038568 0.0793319 
0.0714305 0.00105286 0.0585969 
0.134372 0.0474661 0.160385 
0.181377 0.159802 0.377124 
0.205194 0.313347 0.667122 
0.224906 0.475018 0.952589 
0.25204 0.593956 1.13105 
0.268657 0.613106 1.11672 
0.242808 0.506653 0.895553 
0.168587 0.316057 0.553544 
0.0944249 0.150761 0.250076 
0.109409 0.141405 0.144154 
0.285991 0.364078 0.310194 
0.612359 0.777373 0.687581 
0.968028 1.21872 1.09751 
1.17825 1.48084 1.3319 
1.12468 1.43403 1.2732 
0.832369 1.1113 0.967108 
0.45709 0.684566 0.586319 
0.174418 0.341882 0.303506 
0.060266 0.163411 0.174221 
0.0624013 0.0988861 0.129394 
0.0788218 0.0564845 0.0782377 
0.0615189 0.009465 0.0162875 
0.0495215 0.0169977 0.0300168 
0.11301 0.148416 0.197225 
0.27574 0.397392 0.4905 
0.490874 0.674483 0.785892 
0.679897 0.878776 0.967595 
0.784975 0.97132 1.02186 
0.790923 0.984078 1.03058 
0.720426 0.974027 1.08173 
0.628891 0.981605 1.19199 
0.600025 1.02719 1.30934 
0.715778 1.12253 1.37308 
0.995253 1.26131 1.35861 
1.34942 1.39608 1.27139 
1.61164 1.44513 1.12028 
1.64312 1.34664 0.914854 
1.43177 1.1157 0.684969 
1.09468 0.840816 0.482598 
0.77982 0.613506 0.347236 
0.558345 0.45824 0.269667 
0.404507 0.334091 0.201878 
0.268322 0.204386 0.111859 
0.154587 0.0979071 0.0279326 
0.124799 0.0951248 0.0241903 
0.225892 0.252874 0.160051 
0.424382 0.542304 0.43197 
0.612864 0.85611 0.775706 
0.681706 1.07154 1.1028 
0.593374 1.11276 1.33087 
0.405925 0.974505 1.39429 
0.239405 0.71167 1.2558 
0.213479 0.416963 0.933641 
0.388924 0.194386 0.522497 
0.736267 0.125039 0.171904 
1.14525 0.231922 0.0163496 
1.47389 0.465229 0.0990716 
1.61377 0.723807 0.345527 
1.535 0.903828 0.608543 
1.28726 0.946396 0.755502 
0.963127 0.857949 0.73999 
0.651498 0.695423 0.613701 
0.406237 0.52784 0.476285 
0.238989 0.3979 0.402143 
0.132229 0.306751 0.396299 
0.0627744 0.229982 0.406783 
0.0220047 0.149587 0.376558 
0.0184338 0.0734019 0.289588 
0.0592061 0.02501 0.176414 
0.126843 0.0156739 0.0825661 
0.177681 0.0281511 0.0325492 
0.172867 0.031242 0.0190072 
0.120339 0.0133464 0.0198516 
0.0870764 0.00248589 0.0228787 
0.158517 0.049362 0.0353947 
0.367268 0.182013 0.0720237 
0.648057 0.368516 0.132603 
0.865022 0.523466 0.191088 
0.902287 0.561974 0.209491 
0.752318 0.464611 0.170563 
0.529642 0.301311 0.102807 
0.392371 0.188778 0.070502 
0.428108 0.207472 0.126903 
0.591524 0.340088 0.263832 
