1.15273 2.47455 2.88531 
1.59863 3.22855 3.68505 
1.97344 3.85138 4.34876 
2.21293 4.26236 4.81053 
2.29608 4.43577 5.05526 
2.25089 4.40362 5.11462 
2.137 4.23447 5.04373 
2.01481 3.99988 4.89163 
1.9187 3.74677 4.68198 
1.84856 3.48939 4.41397 
1.78123 3.2215 4.08006 
1.69183 2.93792 3.68792 
1.57102 2.65124 3.27325 
1.43021 2.39583 2.89812 
1.29596 2.21994 2.63796 
1.20011 2.17135 2.56309 
1.16979 2.28052 2.7178 
1.21732 2.54255 3.09737 
1.32905 2.9012 3.62754 
1.45775 3.24452 4.15904 
1.52852 3.4249 4.49358 
1.46553 3.30847 4.4469 
1.23322 2.83918 3.9306 
0.869493 2.08454 3.01249 
0.484564 1.22886 1.91381 
0.215232 0.503962 0.929553 
0.154296 0.0856521 0.302793 
0.297353 0.0117523 0.116846 
0.545354 0.171953 0.265963 
0.768403 0.379742 0.523163 
0.894303 0.485775 0.667254 
0.963881 0.464188 0.596314 
1.11217 0.419059 0.364988 
1.48166 0.508655 0.131329 
2.11982 0.837157 0.05348 
2.92622 1.38246 0.202015 
3.68454 2.00264 0.535968 
4.16163 2.51191 0.945162 
4.21524 2.77474 1.3208 
3.85012 2.76147 1.60613 
3.19773 2.53961 1.80159 
2.44155 2.21794 1.93347 
1.73704 1.88556 2.01698 
1.16777 1.58162 2.04072 
0.748711 1.30389 1.97833 
0.457819 1.0379 1.81289 
0.267809 0.781151 1.55406 
0.161447 0.548781 1.23844 
0.13205 0.364744 0.916822 
0.179654 0.25078 0.639049 
0.308718 0.220926 0.443164 
0.523902 0.279551 0.348738 
0.818368 0.417136 0.35172 
1.15739 0.60349 0.42188 
1.47049 0.786099 0.508153 
1.6657 0.902092 0.555324 
1.66609 0.902978 0.527137 
1.4504 0.779071 0.423236 
1.07171 0.566952 0.27856 
0.639357 0.333289 0.145181 
0.272528 0.145169 0.0696549 
0.0529837 0.0468056 0.0822629 
0.00333152 0.0563935 0.203679 
0.0978453 0.179074 0.457577 
0.289769 0.417718 0.869532 
0.530987 0.765663 1.44256 
0.772661 1.18421 2.12233 
0.957138 1.58721 2.78211 
1.02227 1.85706 3.25251 
0.928568 1.89577 3.39272 
0.695276 1.68482 3.16717 
0.415141 1.31312 2.6792 
0.225568 0.946445 2.13389 
0.243707 0.74911 1.74465 
0.502399 0.801728 1.63429 
0.929117 1.06421 1.78548 
1.38424 1.4051 2.06529 
1.73554 1.67617 2.30369 
1.92149 1.78486 2.377 
1.96478 1.72336 2.25203 
1.93297 1.54612 1.97659 
1.87902 1.32126 1.63638 
1.80505 1.09307 1.31141 
1.67206 0.876893 1.05477 
1.44328 0.679441 0.894171 
1.12601 0.519895 0.840734 
0.780751 0.430972 0.891332 
0.492414 0.438941 1.02312 
0.324913 0.539804 1.19036 
0.289641 0.691814 1.33348 
0.345668 0.831689 1.40033 
0.427248 0.904578 1.36865 
0.478564 0.889266 1.25648 
0.47578 0.804926 1.1144 
0.428719 0.698623 1.00436 
0.367868 0.623462 0.97685 
0.327976 0.619435 1.05628 
0.335945 0.703388 1.23794 
0.40401 0.867362 1.49312 
0.525636 1.08133 1.77703 
0.673355 1.29806 2.03651 
0.801558 1.46137 2.21824 
0.858158 1.51968 2.27931 
0.80491 1.4441 2.20014 
0.639424 1.24488 1.99574 
0.407711 0.977872 1.7191 
0.19806 0.734599 1.45184 
0.115132 0.616212 1.28204 
0.242834 0.699505 1.27539 
0.610615 1.00746 1.45001 
1.17688 1.49593 1.76512 
1.83618 2.06202 2.12936 
2.44762 2.57175 2.42709 
2.8744 2.89804 2.55436 
3.0219 2.95681 2.45213 
2.8631 2.73039 2.12517 
2.44436 2.271 1.63984 
1.87015 1.68356 1.10133 
1.27116 1.09307 0.618648 
0.765465 0.607442 0.270569 
0.425996 0.288799 0.0855059 
0.266127 0.143818 0.0430106 
0.248992 0.135946 0.0949452 
0.315574 0.212625 0.195247 
0.417379 0.333205 0.322782 
0.536633 0.482839 0.485161 
0.683353 0.6654 0.70166 
0.871814 0.880903 0.975488 
1.09173 1.10302 1.27294 
1.29398 1.27371 1.52454 
1.40327 1.32255 1.6514 
1.3541 1.20324 1.60494 
1.13087 0.92686 1.39797 
0.787811 0.570603 1.10766 
0.433903 0.252182 0.844933 
0.187316 0.079799 0.703854 
0.122026 0.102603 0.717156 
0.235016 0.288243 0.842094 
0.451472 0.540043 0.984606 
0.664161 0.744471 1.04844 
0.784397 0.823024 0.98218 
0.777159 0.761409 0.799181 
0.664426 0.603449 0.562349 
0.500647 0.41806 0.345933 
0.339431 0.261639 0.198416 
0.211969 0.157315 0.126793 
0.126018 0.0986071 0.106949 
0.0788238 0.0685668 0.108454 
0.0693642 0.0574854 0.115269 
0.0992894 0.0669593 0.130074 
0.163698 0.100688 0.163247 
0.242511 0.152817 0.218134 
0.303204 0.205505 0.285018 
0.316344 0.238871 0.347789 
0.274184 0.245704 0.396752 
0.198535 0.238833 0.436352 
0.130551 0.244082 0.480939 
0.107462 0.282528 0.541252 
0.140681 0.353973 0.611741 
0.209181 0.433311 0.668629 
0.272115 0.482871 0.681203 
0.292312 0.473271 0.629689 
0.25606 0.400046 0.518693 
0.178125 0.286594 0.378159 
0.0910764 0.172757 0.251506 
0.0272099 0.0964764 0.177624 
0.00399056 0.078361 0.175598 
0.0194952 0.115498 0.238245 
0.0572886 0.185071 0.335693 
0.095675 0.254297 0.426461 
0.116337 0.292364 0.471906 
0.110102 0.281104 0.449715 
0.0797409 0.221875 0.362299 
0.0397981 0.136383 0.236748 
0.0127591 0.0599884 0.115355 
0.0213191 0.0286732 0.0395911 
0.0787112 0.064269 0.0339973 
0.181223 0.164442 0.0970649 
0.306993 0.302309 0.203012 
0.422388 0.436 0.312948 
0.493486 0.523773 0.389705 
0.497846 0.538203 0.409894 
0.432191 0.47437 0.36933 
0.313976 0.350418 0.281703 
0.177384 0.201927 0.172866 
0.0656033 0.0729279 0.0736738 
0.0212821 0.00603477 0.0134551 
0.0763687 0.0330317 0.0147969 
0.242166 0.166304 0.0891572 
0.500984 0.391674 0.232425 
0.802438 0.664775 0.42076 
1.06924 0.915266 0.609696 
1.21678 1.06351 0.741604 
1.18564 1.05006 0.764902 
0.976602 0.86926 0.661215 
0.669197 0.589424 0.467407 
0.405179 0.341072 0.27533 
0.332983 0.267667 0.199972 
0.533121 0.455663 0.324987 
0.963394 0.879466 0.652713 
1.46076 1.39666 1.08959 
1.80922 1.80477 1.48123 
1.84386 1.93491 1.6823 
1.53518 1.73276 1.62412 
1.00486 1.28183 1.34248 
0.462695 0.756674 0.952205 
0.100909 0.334959 0.586584 
0.00641718 0.119139 0.338403 
0.137763 0.108496 0.233426 
0.371666 0.227978 0.243034 
0.582947 0.386429 0.318294 
0.70724 0.524861 0.419391 
0.754536 0.629928 0.524656 
0.776885 0.715019 0.621747 
0.820334 0.791083 0.695449 
0.893912 0.850096 0.724978 
0.970185 0.869574 0.692781 
1.00892 0.829949 0.596595 
0.983521 0.729688 0.454536 
0.893733 0.588018 0.298966 
0.761289 0.435545 0.16306 
0.615925 0.300593 0.0681649 
0.482262 0.199598 0.0183571 
0.373626 0.135212 0.00342513 
0.292754 0.100504 0.00694585 
0.235882 0.08515 0.0144866 
0.196909 0.0801744 0.0183319 
0.170183 0.0799778 0.0178378 
0.151952 0.082202 0.0168307 
0.140851 0.086667 0.0203997 
0.137452 0.0943193 0.0328864 
0.142875 0.106508 0.0575261 
0.156874 0.124515 0.0970203 
0.17645 0.149323 0.154036 
0.196229 0.181881 0.231205 
0.211114 0.224092 0.330858 
0.220284 0.280113 0.454697 
0.230133 0.35664 0.602999 
0.253564 0.460674 0.772604 
0.304638 0.594505 0.953717 
0.390514 0.749979 1.12726 
0.505042 0.905781 1.26547 
0.628315 1.03095 1.33765 
0.733611 1.0947 1.31997 
0.798778 1.07873 1.2054 
0.816228 0.986037 1.00887 
0.796053 0.841557 0.764814 
0.760447 0.683739 0.51769 
0.732304 0.550769 0.309427 
0.723839 0.467356 0.168391 
0.730874 0.43743 0.103385 
