0.153542 0.225561 0.531831 
0.0528333 0.107187 0.395722 
0.00669273 0.0474406 0.313081 
0.00430817 0.0338344 0.272335 
0.0204894 0.0368394 0.240038 
0.0278798 0.0264921 0.180189 
0.022725 0.00292584 0.0889341 
0.0525026 0.0258138 0.0271278 
0.224338 0.21935 0.125367 
0.676464 0.735593 0.544151 
1.51402 1.68121 1.39625 
2.73603 3.03959 2.66622 
4.19483 4.63303 4.17376 
5.61954 6.1561 5.61117 
6.7025 7.27468 6.64668 
7.21175 7.74778 7.04769 
7.07543 7.51437 6.76488 
6.39858 6.70536 5.93929 
5.40888 5.58078 4.83571 
4.36372 4.42875 3.74126 
3.46478 3.47493 2.87796 
2.81363 2.83571 2.35993 
2.41398 2.51958 2.19654 
2.20419 2.45857 2.32189 
2.09641 2.5469 2.62878 
2.00731 2.67336 2.99686 
1.87689 2.74581 3.31655 
1.67902 2.7112 3.51308 
1.42631 2.571 3.56892 
1.16953 2.38713 3.5355 
0.989336 2.27156 3.52375 
0.979866 2.35711 3.66956 
1.22435 2.75323 4.08099 
1.76517 3.49742 4.78356 
2.57351 4.51752 5.68454 
3.52963 5.6219 6.57495 
4.42896 6.53174 7.17821 
5.02604 6.9567 7.23774 
5.11252 6.69595 6.6166 
4.60349 5.72698 5.36881 
3.59121 4.23906 3.74556 
2.33175 2.58531 2.1225 
1.15925 1.16333 0.87054 
0.360781 0.27199 0.222475 
0.0693078 0.00778736 0.194626 
0.225434 0.247929 0.598642 
0.623839 0.724612 1.13564 
1.01652 1.15042 1.52563 
1.21866 1.33282 1.61133 
1.16777 1.22777 1.39337 
0.91777 0.919036 0.99218 
0.585009 0.548249 0.567596 
0.2838 0.239828 0.242073 
0.0841157 0.0569912 0.0622764 
0.00337798 0.00011457 0.00697441 
0.0225624 0.0337032 0.0240211 
0.107772 0.117546 0.0688413 
0.223838 0.223813 0.123722 
0.338582 0.336869 0.193575 
0.424777 0.444915 0.288355 
0.466127 0.535129 0.407299 
0.466366 0.597372 0.534966 
0.453783 0.63239 0.649158 
0.473248 0.655616 0.732929 
0.564869 0.690341 0.781417 
0.738228 0.751892 0.799021 
0.957093 0.832165 0.789778 
1.14708 0.896077 0.748985 
1.22804 0.896348 0.663968 
1.15886 0.802482 0.526134 
0.972498 0.62961 0.348328 
0.778999 0.448985 0.175658 
0.727456 0.368211 0.0787913 
0.937767 0.484174 0.127052 
1.43216 0.82832 0.351058 
2.1023 1.33293 0.714181 
2.73536 1.84134 1.112 
3.09494 2.16513 1.40711 
3.02308 2.16603 1.48787 
2.51484 1.82358 1.32389 
1.7263 1.25274 0.988616 
0.908804 0.65863 0.633627 
0.300173 0.247821 0.423468 
0.0263264 0.139225 0.46189 
0.0614087 0.318677 0.746166 
0.262922 0.65828 1.17228 
0.458529 0.987478 1.58712 
0.535628 1.17653 1.85946 
0.487338 1.18937 1.93317 
0.396246 1.08268 1.83805 
0.37267 0.958642 1.65806 
0.486629 0.902394 1.47909 
0.730838 0.939222 1.34624 
1.02994 1.03074 1.25146 
1.28392 1.10562 1.15271 
1.41759 1.1028 1.0086 
1.40978 1.0022 0.806757 
1.29182 0.829568 0.571196 
1.12269 0.637649 0.348178 
0.958265 0.478119 0.181761 
0.830532 0.379831 0.0939769 
0.743503 0.342432 0.0792418 
0.682468 0.344505 0.113001 
0.628088 0.358533 0.166808 
0.567252 0.363717 0.220126 
0.496925 0.35132 0.263276 
0.421823 0.322554 0.292691 
0.349365 0.282954 0.304506 
0.285438 0.237791 0.292558 
0.232805 0.190858 0.252528 
0.191926 0.145925 0.188558 
0.162766 0.108331 0.116277 
0.146319 0.0848381 0.0584628 
0.145468 0.0819611 0.0351197 
0.165599 0.104625 0.0541877 
0.215019 0.156568 0.109104 
0.304196 0.241702 0.184658 
0.442244 0.363658 0.266501 
0.630251 0.521325 0.346981 
0.853826 0.701579 0.422921 
1.07984 0.874389 0.487717 
1.2621 0.996619 0.52551 
1.35691 1.02706 0.514921 
1.34311 0.94811 0.443421 
1.23684 0.783296 0.324855 
1.09161 0.599095 0.207996 
0.980617 0.485902 0.166947 
0.967106 0.523448 0.273717 
1.07568 0.745097 0.564025 
1.27821 1.11774 1.01297 
1.50174 1.54793 1.53407 
1.65592 1.91321 2.00447 
1.6683 2.10592 2.30678 
1.51255 2.07135 2.36969 
1.21794 1.82483 2.19053 
0.857431 1.44204 1.83133 
0.520399 1.02877 1.39242 
0.282207 0.683641 0.976271 
0.182049 0.468726 0.656923 
0.215415 0.39674 0.464634 
0.340624 0.435697 0.387485 
0.494313 0.525456 0.384715 
0.610056 0.598954 0.404625 
0.636294 0.602607 0.401729 
0.551625 0.512762 0.350676 
0.375191 0.345716 0.255471 
0.168095 0.157952 0.151695 
0.0212918 0.0333282 0.0988051 
0.0288209 0.0573581 0.161718 
0.252472 0.284892 0.385721 
0.691034 0.713243 0.773672 
1.26925 1.27358 1.27581 
1.85553 1.84738 1.79849 
2.30512 2.30416 2.23045 
2.51306 2.54649 2.4774 
2.45485 2.5444 2.49218 
2.19688 2.34507 2.28938 
1.87086 2.05364 1.93928 
1.62195 1.79273 1.54366 
1.55151 1.65641 1.202 
1.67776 1.67614 0.979999 
1.93055 1.8117 0.891414 
2.18193 1.97023 0.899627 
2.29969 2.04563 0.93799 
2.2013 1.96225 0.940328 
1.88555 1.70482 0.868593 
1.4297 1.32254 0.725832 
0.954469 0.906301 0.549508 
0.57371 0.549955 0.389538 
0.350898 0.313156 0.282602 
0.280307 0.202028 0.235563 
0.298902 0.175125 0.225908 
0.321704 0.170741 0.218578 
0.284591 0.14262 0.19065 
0.176854 0.087904 0.151423 
0.0505041 0.0544326 0.14688 
0.00188187 0.122579 0.243721 
0.131025 0.367086 0.497122 
0.493168 0.813698 0.915055 
1.0621 1.41014 1.43653 
1.72358 2.02798 1.93807 
2.30663 2.5002 2.27166 
2.64404 2.68253 2.32148 
2.63755 2.51278 2.05507 
2.29809 2.04015 1.54344 
1.74144 1.40886 0.937766 
1.14081 0.802419 0.411608 
0.659665 0.374618 0.0950756 
0.396206 0.19887 0.0313855 
0.362621 0.25647 0.173622 
0.501756 0.462947 0.418335 
0.725317 0.713506 0.655166 
0.951094 0.923361 0.807564 
1.12399 1.04747 0.849248 
1.21912 1.07886 0.796488 
1.23495 1.03522 0.687603 
1.18543 0.944936 0.562898 
1.09475 0.83807 0.452734 
0.993105 0.742051 0.374369 
0.911707 0.679687 0.334574 
0.877612 0.668653 0.335068 
0.911022 0.722896 0.378841 
1.0256 0.855054 0.475034 
1.22864 1.0764 0.638925 
1.5168 1.39068 0.884305 
1.8672 1.78217 1.20949 
2.22974 2.20464 1.58359 
2.52973 2.58056 1.94224 
2.68528 2.81649 2.19904 
2.63483 2.83188 2.27141 
2.36277 2.59041 2.1119 
1.9105 2.12062 1.73258 
1.36846 1.51712 1.21251 
0.853274 0.921044 0.683791 
0.47912 0.484874 0.298329 
0.330247 0.329267 0.182129 
0.437594 0.501578 0.388974 
0.762251 0.948198 0.869211 
1.19294 1.51499 1.4702 
1.56808 1.98645 1.97808 
1.72729 2.16047 2.19416 
1.58054 1.93526 2.01904 
1.16498 1.36888 1.50522 
0.65359 0.674753 0.846182 
0.297594 0.142618 0.29778 
0.319037 0.013421 0.0642017 
0.802639 0.366715 0.204124 
1.64401 1.07891 0.606402 
2.58568 1.87684 1.04928 
3.32591 2.46081 1.3118 
3.64546 2.63428 1.2778 
3.48863 2.37564 0.979247 
2.96308 1.82248 0.56213 
2.26866 1.18715 0.201542 
1.60134 0.655812 0.0170963 
1.08309 0.322913 0.031726 
0.7442 0.183814 0.185765 
0.549957 0.172524 0.3858 
0.442728 0.211533 0.55411 
0.372462 0.245387 0.654003 
0.306998 0.249523 0.687704 
0.23062 0.223759 0.679864 
0.143044 0.183942 0.661837 
0.0620933 0.157047 0.662791 
0.0227817 0.175327 0.704203 
0.0643123 0.263723 0.792718 
0.206082 0.422382 0.912338 
0.425764 0.615001 1.02317 
0.656093 0.774711 1.07336 
0.807921 0.830129 1.0228 
0.811216 0.741059 0.867912 
