0.40273 0.420162 0.321265 
0.641053 0.506271 0.303094 
1.15084 0.788106 0.438832 
1.94389 1.30372 0.76027 
2.85019 1.93596 1.1725 
3.59584 2.48921 1.54114 
3.94406 2.80058 1.77528 
3.83062 2.82868 1.86304 
3.4144 2.68013 1.8682 
2.98383 2.54196 1.8902 
2.75669 2.54052 1.98838 
2.721 2.62943 2.11586 
2.65825 2.61551 2.13414 
2.33865 2.31891 1.91919 
1.7211 1.73283 1.47348 
0.987956 1.04117 0.939114 
0.397368 0.481785 0.496542 
0.0943408 0.179676 0.239126 
0.0403244 0.0908707 0.131971 
0.0983139 0.0876184 0.0805625 
0.169248 0.0886299 0.0344082 
0.247046 0.109904 0.0250894 
0.360901 0.20254 0.108626 
0.492641 0.359562 0.279479 
0.568876 0.496481 0.449653 
0.530589 0.522739 0.515242 
0.397592 0.426229 0.443696 
0.264382 0.291784 0.302846 
0.243743 0.249344 0.217473 
0.409858 0.401493 0.297872 
0.763181 0.769942 0.584815 
1.2148 1.27347 1.02709 
1.60378 1.74778 1.49593 
1.76573 2.01438 1.83647 
1.62522 1.96992 1.93512 
1.2412 1.63596 1.76299 
0.764742 1.13528 1.37518 
0.34907 0.624364 0.884692 
0.0863355 0.2363 0.435053 
0.0011773 0.0524601 0.163905 
0.0715146 0.0850073 0.142577 
0.243158 0.266128 0.320693 
0.440024 0.469338 0.53883 
0.585846 0.573336 0.627811 
0.632124 0.529138 0.523681 
0.571351 0.375587 0.299704 
0.429628 0.195483 0.0933432 
0.253219 0.0595053 0.00409413 
0.098037 0.00259771 0.0492313 
0.0123621 0.0287493 0.187901 
0.00813162 0.114161 0.359775 
0.0454955 0.205918 0.501783 
0.0624242 0.243653 0.56064 
0.0373564 0.208397 0.523093 
0.0219242 0.150742 0.437081 
0.0961782 0.151108 0.379429 
0.281604 0.238808 0.38429 
0.503812 0.356366 0.408716 
0.649143 0.413648 0.381336 
0.656038 0.373161 0.281665 
0.548273 0.272802 0.15806 
0.393247 0.172981 0.0697861 
0.252793 0.105633 0.0330361 
0.178967 0.0845369 0.0361748 
0.225819 0.140602 0.0885587 
0.422608 0.309333 0.221292 
0.720895 0.571099 0.429922 
0.988059 0.823512 0.637 
1.08158 0.937962 0.734933 
0.947394 0.853867 0.671065 
0.656905 0.620972 0.486791 
0.359603 0.358467 0.277919 
0.198216 0.178259 0.125273 
0.240786 0.132196 0.0577731 
0.45186 0.202057 0.0611539 
0.708379 0.321725 0.107068 
0.862906 0.419947 0.179717 
0.831288 0.466563 0.288969 
0.645048 0.488369 0.457954 
0.418965 0.531138 0.681989 
0.256295 0.595945 0.88964 
0.176961 0.617699 0.958641 
0.131774 0.521684 0.802137 
0.0767202 0.310541 0.463724 
0.0233896 0.0906629 0.126122 
0.0169842 5.52899e-05 0.00160793 
0.0764356 0.0987533 0.182577 
0.166955 0.322358 0.576427 
0.23068 0.537146 0.977786 
0.236051 0.639588 1.21117 
0.194889 0.612777 1.22658 
0.139769 0.507429 1.08956 
0.0939591 0.385424 0.902456 
0.0618381 0.279934 0.732311 
0.0397798 0.192776 0.588141 
0.0338108 0.117168 0.444173 
0.073693 0.0661466 0.28505 
0.213352 0.0875648 0.144296 
0.506676 0.248342 0.106087 
0.965109 0.589277 0.258878 
1.53021 1.08381 0.631721 
2.09095 1.64003 1.1672 
2.53312 2.14453 1.75114 
2.77618 2.50455 2.26265 
2.77631 2.65699 2.60029 
2.52232 2.56453 2.68815 
2.05407 2.23422 2.49637 
1.48401 1.74823 2.07664 
0.972649 1.25486 1.56505 
0.650439 0.89818 1.12066 
0.544483 0.735085 0.837179 
0.575496 0.711017 0.700363 
0.628479 0.713521 0.622548 
0.642264 0.660475 0.521814 
0.661976 0.56837 0.394036 
0.830404 0.568913 0.343616 
1.31483 0.85603 0.549585 
2.18274 1.56013 1.15386 
3.28433 2.6006 2.11099 
4.24376 3.63322 3.11398 
4.62426 4.18954 3.70778 
4.19517 3.95972 3.56343 
3.10584 3.01512 2.71703 
1.80879 1.77617 1.56403 
0.775454 0.735964 0.5951 
0.230112 0.164148 0.0892961 
0.103565 0.0221793 0.00918831 
0.194652 0.109352 0.139887 
0.347282 0.254935 0.295132 
0.489088 0.384359 0.404092 
0.571827 0.473184 0.469608 
0.560539 0.521602 0.521208 
0.509765 0.596196 0.6249 
0.594097 0.833496 0.873986 
0.97581 1.31596 1.29028 
1.60563 1.92082 1.72369 
2.19081 2.34576 1.91502 
2.4121 2.34636 1.72213 
2.1818 1.95329 1.27792 
1.67338 1.42335 0.874722 
1.12086 0.980393 0.680113 
0.65497 0.659107 0.616301 
0.36344 0.434167 0.559257 
0.433616 0.439296 0.611283 
1.09893 0.939526 1.07314 
2.3679 2.02112 2.08546 
3.84152 3.34676 3.33169 
4.88717 4.30185 4.17712 
5.0569 4.43786 4.15906 
4.36907 3.79215 3.36279 
3.22211 2.80053 2.3369 
2.07566 1.93284 1.65989 
1.20104 1.40573 1.56295 
0.647562 1.16972 1.88381 
0.342807 1.07468 2.2874 
0.191274 1.01098 2.50517 
0.124736 0.936354 2.42932 
0.119246 0.838299 2.0791 
0.180698 0.706304 1.53917 
0.302151 0.537389 0.93102 
0.439628 0.359787 0.406926 
0.549609 0.24678 0.124314 
0.644412 0.285683 0.175057 
0.771037 0.492181 0.496533 
0.915833 0.738212 0.848969 
0.975253 0.809365 0.9394 
0.891696 0.60943 0.655554 
0.827498 0.335903 0.220228 
1.12671 0.397594 0.0745493 
2.01164 1.07179 0.525413 
3.28843 2.19904 1.45173 
4.38635 3.23042 2.35535 
4.73471 3.61349 2.73014 
4.14899 3.1788 2.42491 
2.91921 2.21468 1.70487 
1.59381 1.22804 1.01254 
0.67249 0.626669 0.663424 
0.393792 0.535694 0.693307 
0.677651 0.804734 0.909366 
1.21636 1.15377 1.06797 
1.66787 1.36021 1.05103 
1.83759 1.36856 0.919242 
1.72471 1.25108 0.806007 
1.42933 1.08101 0.761136 
1.04737 0.865261 0.710698 
0.652053 0.596621 0.568251 
0.322481 0.326062 0.351275 
0.129453 0.139905 0.159966 
0.0820189 0.071492 0.0605109 
0.115025 0.0699842 0.0291479 
0.144714 0.0645083 0.0120885 
0.129684 0.0354131 0.000608961 
0.0799751 0.0129161 0.0249708 
0.0295541 0.0298197 0.0993227 
0.0140882 0.0976204 0.204835 
0.0621951 0.218314 0.323876 
0.187777 0.395256 0.466901 
0.384874 0.625943 0.659085 
0.630063 0.891682 0.911482 
0.882869 1.15432 1.20615 
1.08138 1.35776 1.4957 
1.15463 1.44019 1.71192 
1.06366 1.36415 1.78863 
0.838905 1.1467 1.69557 
0.56896 0.858271 1.46022 
0.343929 0.585134 1.15803 
0.204303 0.385497 0.87534 
0.135064 0.270071 0.667715 
0.0976224 0.212491 0.538199 
0.0653441 0.175859 0.449167 
0.0358033 0.136149 0.358217 
0.0164157 0.0882221 0.248389 
0.00576455 0.0396222 0.134763 
0.000668236 0.014452 0.0616022 
0.0256095 0.0686219 0.102883 
0.1347 0.274751 0.338887 
0.352547 0.648179 0.781479 
0.607413 1.07364 1.29987 
0.754461 1.3404 1.65443 
0.697967 1.2974 1.65957 
0.490042 0.98791 1.33784 
0.288082 0.616414 0.90308 
0.209113 0.373862 0.581629 
0.236818 0.299185 0.45011 
0.269771 0.301144 0.434122 
0.237683 0.282613 0.42773 
0.154977 0.222042 0.388459 
0.0766986 0.152998 0.335192 
0.0326702 0.105773 0.29974 
0.015164 0.0884349 0.304217 
0.0124192 0.10675 0.367026 
0.0299306 0.172184 0.496892 
0.0729288 0.278462 0.666691 
0.121358 0.381539 0.80497 
0.138161 0.420268 0.833457 
0.106414 0.365223 0.725057 
0.050998 0.245173 0.526351 
0.0168496 0.122217 0.320493 
0.0283018 0.0428915 0.166811 
0.0760746 0.0165206 0.0751479 
0.142326 0.0356168 0.0316814 
0.226805 0.102479 0.0364136 
0.338701 0.223824 0.105708 
0.464812 0.381356 0.240941 
0.556643 0.521238 0.407286 
0.560164 0.586455 0.554084 
0.464878 0.565176 0.656311 
0.322782 0.502906 0.727002 
0.210818 0.457958 0.781137 
0.167228 0.441948 0.793186 
0.167903 0.413401 0.710508 
