1.05938 0.824271 0.625197 
1.22126 0.845516 0.54267 
1.1827 0.733219 0.38605 
0.881232 0.464281 0.164586 
0.429033 0.158817 0.00616969 
0.0888378 0.0447126 0.110094 
0.0845124 0.275658 0.570889 
0.39524 0.748594 1.2137 
0.746386 1.12904 1.64552 
0.838489 1.11509 1.54916 
0.606994 0.710094 0.975979 
0.258156 0.227719 0.338643 
0.052104 0.00827129 0.0765387 
0.0624502 0.12166 0.297843 
0.151028 0.345609 0.733924 
0.155027 0.419455 1.0276 
0.0664031 0.298391 1.05118 
0.0188551 0.159382 0.952816 
0.121438 0.186681 0.934477 
0.332179 0.381036 1.02849 
0.499042 0.578723 1.09757 
0.510477 0.631801 1.01937 
0.400631 0.553255 0.835051 
0.324617 0.501544 0.71644 
0.45118 0.654393 0.817258 
0.869771 1.10297 1.17603 
1.55254 1.82591 1.74006 
2.34674 2.69714 2.42461 
2.98463 3.47957 3.10119 
3.15457 3.8472 3.54256 
2.67018 3.51966 3.46274 
1.66642 2.48993 2.71692 
0.645674 1.1669 1.52066 
0.24844 0.237881 0.44384 
0.843204 0.262797 0.0895971 
2.23092 1.27548 0.667323 
3.72111 2.71967 1.81261 
4.55422 3.79928 2.82724 
4.36272 3.98579 3.1595 
3.342 3.30729 2.74836 
2.04927 2.24065 1.98725 
1.02736 1.34176 1.38252 
0.526781 0.906884 1.19715 
0.463221 0.871508 1.32855 
0.566222 0.951469 1.45871 
0.586816 0.885872 1.3268 
0.444712 0.617388 0.923559 
0.249464 0.310615 0.486729 
0.196926 0.213774 0.31715 
0.414858 0.467924 0.554948 
0.868636 1.00252 1.07967 
1.39085 1.58741 1.60136 
1.79329 1.98457 1.8592 
1.95845 2.07131 1.76813 
1.85356 1.85788 1.41913 
1.5037 1.43209 0.974218 
0.987957 0.91101 0.566546 
0.457603 0.427676 0.268259 
0.113405 0.113226 0.102698 
0.110295 0.0436515 0.0542968 
0.450402 0.186966 0.0723521 
0.964624 0.414599 0.0950204 
1.4126 0.584762 0.0921864 
1.62346 0.629427 0.0853241 
1.56889 0.571701 0.115066 
1.33136 0.472284 0.185723 
1.02209 0.369745 0.247884 
0.724587 0.270156 0.24194 
0.488426 0.177915 0.158646 
0.342935 0.118015 0.0538133 
0.297848 0.120851 0.00268161 
0.332467 0.18953 0.0395902 
0.396737 0.288083 0.137027 
0.43399 0.36284 0.233878 
0.41015 0.375505 0.279048 
0.329164 0.32188 0.255393 
0.22948 0.230554 0.178691 
0.168965 0.151425 0.0871547 
0.20403 0.140299 0.03075 
0.364221 0.237363 0.0552024 
0.628598 0.441464 0.177154 
0.919145 0.695075 0.363082 
1.12422 0.897997 0.533451 
1.14819 0.95259 0.600667 
0.964318 0.819619 0.522911 
0.640292 0.550088 0.337452 
0.316197 0.266823 0.144185 
0.139409 0.0993735 0.043327 
0.189581 0.110408 0.0692293 
0.439173 0.263774 0.171694 
0.775147 0.456792 0.2607 
1.06515 0.589943 0.275949 
1.22163 0.619853 0.221583 
1.22644 0.563027 0.143059 
1.11505 0.464193 0.0799241 
0.944763 0.365772 0.0441002 
0.768536 0.29677 0.0346488 
0.619588 0.271607 0.0571995 
0.506029 0.28694 0.119595 
0.417211 0.321335 0.213436 
0.339222 0.347367 0.310887 
0.267726 0.350266 0.384536 
0.208466 0.336426 0.428538 
0.170913 0.326286 0.46024 
0.167116 0.342241 0.505483 
0.214096 0.399958 0.582459 
0.324755 0.498514 0.689618 
0.484769 0.607442 0.79698 
0.639634 0.666975 0.850415 
0.717465 0.619093 0.801748 
0.677302 0.455679 0.653158 
0.5394 0.239353 0.475005 
0.367175 0.0674075 0.366471 
0.219073 0.00326703 0.381157 
0.116815 0.0351477 0.481233 
0.0529228 0.0965585 0.564092 
0.0165221 0.124571 0.540613 
0.00429292 0.102 0.399704 
0.0112742 0.0548172 0.211504 
0.0234122 0.0212265 0.07694 
0.0269389 0.0256747 0.0684433 
0.0229563 0.0725341 0.199413 
0.0264791 0.151391 0.429428 
0.0483691 0.243231 0.690941 
0.0801334 0.327144 0.920723 
0.0994536 0.390735 1.08431 
0.0932366 0.440401 1.18512 
0.0787072 0.502408 1.25438 
0.104374 0.610073 1.32674 
0.225595 0.781541 1.41422 
0.464765 0.999146 1.49267 
0.779939 1.20428 1.50946 
1.07032 1.31942 1.41302 
1.22965 1.29589 1.19377 
1.22059 1.16251 0.914737 
1.11396 1.03543 0.706325 
1.05124 1.06539 0.714653 
1.14644 1.34311 1.02227 
1.39679 1.82243 1.58366 
1.67267 2.31978 2.21731 
1.79998 2.60249 2.67081 
1.67888 2.52009 2.73803 
1.3544 2.09952 2.37395 
0.988076 1.54 1.73866 
0.750252 1.102 1.1276 
0.71064 0.955809 0.813008 
0.80578 1.08925 0.891214 
0.901717 1.33641 1.24009 
0.895416 1.49974 1.61413 
0.773249 1.46994 1.80109 
0.5911 1.26127 1.72546 
0.411716 0.959794 1.44293 
0.262425 0.649263 1.06375 
0.141495 0.376593 0.682859 
0.0495358 0.164094 0.359015 
0.00658399 0.0326764 0.127854 
0.0403 0.00444445 0.012695 
0.16062 0.0847809 0.017553 
0.343746 0.245396 0.114541 
0.536819 0.42661 0.245033 
0.679744 0.560288 0.341194 
0.731016 0.599673 0.356903 
0.682785 0.537886 0.288554 
0.558589 0.405451 0.172614 
0.399557 0.252035 0.0631115 
0.250106 0.126 0.00471954 
0.149966 0.0622842 0.0166177 
0.135203 0.0826008 0.0936439 
0.248308 0.206801 0.222382 
0.544435 0.463293 0.399744 
1.06377 0.872872 0.631537 
1.75689 1.39315 0.897776 
2.41707 1.86526 1.11286 
2.72388 2.04813 1.14461 
2.43789 1.77448 0.919917 
1.62266 1.12518 0.538921 
0.676043 0.439212 0.25879 
0.0814168 0.0902564 0.304613 
0.0558525 0.195355 0.656868 
0.404071 0.527861 1.03877 
0.714666 0.73456 1.15686 
0.715833 0.659525 0.983729 
0.468127 0.468549 0.803153 
0.248735 0.468946 0.9611 
0.276854 0.815773 1.55533 
0.543343 1.38084 2.34713 
0.861893 1.87375 2.95181 
1.04252 2.06655 3.11133 
1.01563 1.92054 2.82131 
0.830789 1.54993 2.26057 
0.580902 1.10793 1.6419 
0.339799 0.70601 1.11398 
0.149675 0.399623 0.742871 
0.0342177 0.204512 0.526651 
0.00182114 0.106571 0.410536 
0.035167 0.0675615 0.314931 
0.0915005 0.0461352 0.189238 
0.127245 0.028739 0.0585138 
0.125921 0.035672 0.0062507 
0.0984983 0.083294 0.0857258 
0.0609803 0.139709 0.23825 
0.0291433 0.139249 0.319189 
0.0453038 0.0640134 0.236985 
0.187092 0.00464688 0.0752908 
0.501068 0.101459 0.0504128 
0.899142 0.391392 0.312707 
1.15 0.723522 0.784666 
1.04318 0.874131 1.22253 
0.612745 0.783138 1.46204 
0.189078 0.667238 1.59467 
0.173678 0.854879 1.87063 
0.707483 1.47137 2.41028 
1.53544 2.27785 3.02072 
2.19837 2.83201 3.31741 
2.37626 2.82601 3.04145 
2.08155 2.29634 2.27176 
1.57118 1.54513 1.35031 
1.11108 0.889521 0.61915 
0.816932 0.476232 0.215937 
0.662023 0.279679 0.0709544 
0.571812 0.212835 0.0457077 
0.4919 0.218131 0.0611818 
0.402999 0.284971 0.130059 
0.324246 0.429912 0.314844 
0.323389 0.681793 0.673319 
0.502982 1.07138 1.22667 
0.942318 1.61178 1.95543 
1.63392 2.28139 2.81834 
2.47646 3.03195 3.77881 
3.33325 3.8138 4.80846 
4.0967 4.58107 5.84742 
4.69698 5.26072 6.7492 
5.06235 5.72264 7.27875 
5.09767 5.80746 7.20686 
4.72767 5.41674 6.45595 
3.97366 4.59733 5.18441 
2.98449 3.53938 3.72595 
1.98044 2.47855 2.41581 
1.15245 1.58184 1.43365 
0.599262 0.909414 0.778597 
0.338369 0.466523 0.373667 
0.347821 0.268332 0.183474 
0.574559 0.333953 0.228926 
0.905527 0.615039 0.497036 
1.16791 0.953818 0.859069 
1.21276 1.15192 1.10784 
1.0403 1.11641 1.10185 
0.846295 0.949463 0.883408 
0.90793 0.877585 0.6475 
1.36765 1.06039 0.576984 
2.08461 1.44089 0.690915 
