3.25042 2.68938 1.93227 
3.14806 2.60331 1.85522 
2.63152 2.21446 1.59835 
2.01906 1.81352 1.39513 
1.60323 1.63235 1.39281 
1.4831 1.69708 1.54517 
1.53137 1.82588 1.64865 
1.51219 1.77403 1.50309 
1.264 1.42222 1.0774 
0.818889 0.869153 0.546388 
0.378083 0.36055 0.16323 
0.16737 0.112675 0.069546 
0.280279 0.167717 0.200013 
0.619147 0.385646 0.356167 
0.966589 0.563118 0.376012 
1.1258 0.575138 0.250334 
1.02902 0.435591 0.0995785 
0.750844 0.253257 0.0560712 
0.436582 0.138793 0.164548 
0.206333 0.134127 0.368186 
0.0969736 0.199901 0.559536 
0.0713956 0.257785 0.643603 
0.0816562 0.263336 0.59056 
0.134903 0.265925 0.473919 
0.297694 0.397195 0.461382 
0.614187 0.760905 0.714921 
1.00112 1.29085 1.23317 
1.24086 1.72017 1.77551 
1.13127 1.74736 1.99184 
0.688288 1.29531 1.69809 
0.19524 0.621797 1.05545 
0.00194947 0.137486 0.458112 
0.226646 0.0689484 0.20953 
0.646158 0.283082 0.291947 
0.898998 0.447592 0.448085 
0.81243 0.363831 0.470452 
0.532117 0.132999 0.384382 
0.337042 0.00139488 0.347951 
0.34865 0.0746411 0.416286 
0.438543 0.216789 0.459837 
0.409744 0.230314 0.333437 
0.236292 0.104657 0.0976785 
0.107113 0.0620048 0.0328247 
0.24819 0.360689 0.414113 
0.722198 1.06577 1.2698 
1.39579 2.00391 2.35064 
2.06935 2.91335 3.31961 
2.61415 3.62089 3.97179 
2.99763 4.09528 4.30544 
3.21919 4.37799 4.43377 
3.25888 4.49947 4.46081 
3.09396 4.46117 4.43097 
2.74552 4.26794 4.3546 
2.28741 3.94668 4.23978 
1.80105 3.5225 4.08138 
1.32459 2.98677 3.8285 
0.854653 2.30988 3.38777 
0.407284 1.50864 2.69056 
0.0833673 0.717684 1.7875 
0.066608 0.190994 0.89281 
0.526523 0.198365 0.320732 
1.47586 0.859398 0.327318 
2.68578 2.02029 0.946708 
3.74512 3.27466 1.93425 
4.25781 4.14578 2.87208 
4.06313 4.33216 3.38452 
3.32513 3.85903 3.32835 
2.42107 3.03545 2.83852 
1.71047 2.25809 2.21822 
1.35794 1.81102 1.77243 
1.32481 1.7888 1.69792 
1.48811 2.14184 2.05688 
1.7448 2.74333 2.78053 
2.0141 3.40557 3.66361 
2.18747 3.88207 4.38996 
2.13379 3.93507 4.64858 
1.78451 3.46573 4.30813 
1.21071 2.59892 3.51512 
0.602167 1.62705 2.60951 
0.161787 0.84421 1.90756 
0.00368757 0.399269 1.52251 
0.111935 0.259641 1.35064 
0.351387 0.272708 1.19919 
0.519655 0.265778 0.94035 
0.458326 0.153069 0.605104 
0.19837 0.023027 0.393688 
0.0139537 0.130905 0.590947 
0.261243 0.727985 1.38125 
1.06696 1.80087 2.64052 
2.13481 2.94955 3.88223 
2.89414 3.58206 4.48382 
2.9094 3.32537 4.08774 
2.2032 2.31488 2.86849 
1.21368 1.10163 1.42757 
0.445105 0.255544 0.390796 
0.13049 0.0046888 0.0361938 
0.163801 0.183344 0.226567 
0.285619 0.464152 0.633643 
0.311627 0.629469 1.01306 
0.225981 0.670763 1.31164 
0.121962 0.698075 1.58303 
0.0867371 0.789519 1.8458 
0.129775 0.914331 2.02313 
0.191716 0.969429 1.99851 
0.206014 0.875217 1.71898 
0.154277 0.643255 1.25106 
0.0720053 0.366414 0.747824 
0.0120537 0.154165 0.365002 
0.0106135 0.0767047 0.197721 
0.0838423 0.153963 0.269776 
0.235905 0.366947 0.54532 
0.447597 0.655148 0.926191 
0.656713 0.910082 1.25248 
0.773581 1.0091 1.35618 
0.740367 0.892941 1.16457 
0.579098 0.619161 0.766642 
0.371669 0.324028 0.359207 
0.19108 0.118404 0.102817 
0.0636735 0.0223597 0.0202784 
0.00273642 0.00411289 0.0343661 
0.056553 0.0665512 0.0933863 
0.284418 0.26385 0.236928 
0.662599 0.612692 0.523252 
1.02961 0.999134 0.902076 
1.16764 1.21077 1.18978 
0.976571 1.09707 1.20007 
0.577326 0.710908 0.910657 
0.227562 0.282227 0.495276 
0.113712 0.0361231 0.182137 
0.211911 0.0246007 0.075522 
0.343405 0.124635 0.107785 
0.355084 0.183045 0.146347 
0.240995 0.149672 0.126041 
0.103068 0.078669 0.076533 
0.0249991 0.0333279 0.0490058 
0.00537004 0.019676 0.049645 
0.00248253 0.0115549 0.0514694 
0.0127648 0.0123239 0.0484841 
0.0850693 0.0680643 0.0745395 
0.262607 0.219151 0.166454 
0.522297 0.447475 0.317617 
0.771096 0.670926 0.468534 
0.89816 0.786236 0.538172 
0.841782 0.72937 0.473814 
0.628516 0.51953 0.294423 
0.358638 0.257082 0.0978828 
0.142367 0.0639462 0.00797284 
0.0316136 0.00130726 0.0829169 
0.00511832 0.0354525 0.262907 
0.0164353 0.0875249 0.418153 
0.0460697 0.115048 0.460547 
0.0991809 0.137239 0.408928 
0.169764 0.188792 0.349337 
0.245623 0.280173 0.353348 
0.368926 0.427742 0.45604 
0.663761 0.705952 0.700432 
1.24692 1.21874 1.15482 
2.07594 1.97882 1.84171 
2.89682 2.81635 2.6446 
3.38016 3.43801 3.31406 
3.34297 3.6083 3.60096 
2.85944 3.29662 3.40992 
2.17501 2.67098 2.84628 
1.52639 1.97044 2.13557 
1.03251 1.38209 1.50013 
0.714991 1.00364 1.08203 
0.572634 0.869182 0.931814 
0.612723 0.973202 1.02937 
0.822423 1.26789 1.30649 
1.13542 1.65859 1.66713 
1.44198 2.02441 2.01061 
1.6365 2.25852 2.25455 
1.66256 2.30211 2.34903 
1.52655 2.15398 2.2792 
1.28068 1.85803 2.06058 
0.99396 1.48194 1.73236 
0.727593 1.09747 1.35051 
0.520291 0.765072 0.978729 
0.38245 0.521395 0.674126 
0.29822 0.370858 0.469196 
0.236905 0.286965 0.358829 
0.172315 0.228041 0.304027 
0.100726 0.162289 0.255326 
0.043825 0.0868324 0.183456 
0.0312714 0.026079 0.0960575 
0.0749414 0.00950233 0.0273708 
0.15807 0.0469144 0.00876782 
0.253242 0.124076 0.0453448 
0.356462 0.224661 0.120256 
0.502551 0.356681 0.221674 
0.735389 0.54908 0.359488 
1.04773 0.808344 0.54331 
1.34589 1.07213 0.737104 
1.48824 1.21848 0.847147 
1.38349 1.14768 0.782563 
1.06886 0.875882 0.550883 
0.691805 0.54733 0.292038 
0.402648 0.335008 0.19211 
0.251821 0.307923 0.333775 
0.182744 0.385057 0.617173 
0.118218 0.419315 0.832053 
0.0499319 0.332922 0.823056 
0.0475254 0.182053 0.604397 
0.190641 0.102596 0.332542 
0.497318 0.19797 0.176353 
0.908608 0.46652 0.20188 
1.32432 0.811677 0.352294 
1.64641 1.10499 0.510897 
1.80363 1.2487 0.581036 
1.76318 1.20878 0.531077 
1.5394 1.01668 0.394047 
1.19202 0.7464 0.236641 
0.804719 0.476889 0.117711 
0.454252 0.25897 0.0578173 
0.192721 0.10782 0.0380427 
0.0496281 0.0218268 0.0278112 
0.0368365 0.0033534 0.016597 
0.140335 0.056483 0.0197361 
0.307919 0.165422 0.0542912 
0.457631 0.282712 0.112054 
0.514839 0.34842 0.159383 
0.453743 0.328012 0.164565 
0.309182 0.235055 0.124597 
0.149685 0.118915 0.0655286 
0.0366176 0.0314901 0.0197614 
0.00205704 0.00416906 0.0068307 
0.0534362 0.0494857 0.0358237 
0.184498 0.171608 0.118023 
0.371468 0.361485 0.263197 
0.560705 0.577266 0.453448 
0.675865 0.739949 0.6241 
0.658136 0.76907 0.687571 
0.512602 0.640816 0.596093 
0.313926 0.415902 0.3903 
0.156204 0.202674 0.180836 
0.0882274 0.0821257 0.0698766 
0.0939594 0.0620215 0.0805751 
0.132535 0.098892 0.157307 
0.189089 0.156487 0.229512 
0.278607 0.234335 0.27074 
0.401732 0.339473 0.297538 
0.50961 0.442706 0.322625 
0.527182 0.479626 0.324565 
0.419204 0.405293 0.27129 
0.233781 0.248445 0.169604 
0.0773319 0.105609 0.0806888 
0.0393326 0.0719435 0.0759118 
0.128603 0.16554 0.169841 
0.269143 0.309184 0.294881 
0.354661 0.386438 0.348491 
0.321123 0.33031 0.280042 
