0.266792 0.198751 0.114682 
0.166691 0.127999 0.0890112 
0.133833 0.0490489 0.0130309 
0.288861 0.111878 0.0339475 
0.642614 0.382714 0.233887 
1.08592 0.796965 0.570362 
1.49647 1.23931 0.943273 
1.80132 1.60958 1.25981 
1.94201 1.8157 1.43845 
1.83836 1.76306 1.40484 
1.43907 1.40506 1.1286 
0.8222 0.822899 0.676321 
0.234847 0.252141 0.228418 
0.00087591 0.00386147 0.0304593 
0.318939 0.287551 0.268903 
1.0684 1.01892 0.905273 
1.79734 1.77559 1.59916 
1.99231 2.03243 1.87591 
1.4855 1.5743 1.49958 
0.638805 0.726094 0.728356 
0.0647494 0.111463 0.135776 
0.0919948 0.104799 0.0996445 
0.497077 0.512412 0.465167 
0.783429 0.821948 0.751673 
0.702274 0.748096 0.679202 
0.449904 0.478225 0.428547 
0.365975 0.38413 0.36966 
0.534888 0.585159 0.617626 
0.762143 0.87838 0.944824 
0.899116 1.06246 1.1086 
1.06117 1.20406 1.15171 
1.44845 1.50874 1.30787 
2.0024 1.98136 1.66005 
2.35009 2.32409 1.99337 
2.14421 2.21881 2.02165 
1.43273 1.67259 1.70888 
0.650757 1.03483 1.31256 
0.24213 0.67331 1.116 
0.298535 0.658135 1.15707 
0.548954 0.757434 1.22761 
0.656475 0.701922 1.10429 
0.51012 0.432347 0.756562 
0.272352 0.120953 0.352902 
0.205235 0.00230369 0.106288 
0.461349 0.189981 0.117717 
0.988788 0.610195 0.328293 
1.577 1.06577 0.585136 
1.98775 1.36842 0.761616 
2.08925 1.45437 0.851274 
1.91425 1.40692 0.963992 
1.60636 1.3654 1.21386 
1.30324 1.39416 1.58729 
1.06061 1.43282 1.92019 
0.873143 1.37391 2.02024 
0.740937 1.1813 1.82235 
0.691288 0.924102 1.4299 
0.739282 0.704765 1.01782 
0.851746 0.574311 0.709252 
0.962947 0.517988 0.532273 
1.01658 0.496314 0.45363 
0.988516 0.479724 0.423589 
0.888707 0.457437 0.403074 
0.758861 0.438168 0.383242 
0.651123 0.438635 0.38544 
0.576638 0.446969 0.417748 
0.480129 0.401908 0.426876 
0.310661 0.252742 0.331625 
0.138389 0.067119 0.139078 
0.153086 0.0398768 0.00474317 
0.478077 0.324432 0.11607 
0.979549 0.834358 0.487108 
1.32268 1.25875 0.897906 
1.26899 1.32437 1.07667 
0.907829 1.04419 0.945129 
0.561943 0.687947 0.671718 
0.473784 0.520999 0.498962 
0.620428 0.604471 0.551042 
0.82891 0.840081 0.801973 
1.00635 1.14053 1.16805 
1.20368 1.49618 1.57383 
1.47826 1.8912 1.93859 
1.7648 2.22326 2.16049 
1.91645 2.35079 2.16016 
1.84919 2.21163 1.94004 
1.6159 1.87512 1.58591 
1.34563 1.48226 1.20892 
1.1329 1.14634 0.886057 
0.985887 0.90251 0.640521 
0.864801 0.733559 0.464215 
0.767475 0.644201 0.371456 
0.787411 0.722982 0.454749 
1.07303 1.11675 0.875 
1.67993 1.8908 1.73498 
2.42625 2.8707 2.90483 
2.92133 3.64277 3.97936 
2.81636 3.78816 4.47804 
2.09278 3.1906 4.16544 
1.11265 2.14029 3.218 
0.352137 1.12139 2.08414 
0.0480011 0.469746 1.16962 
0.0769156 0.203905 0.626522 
0.154772 0.144937 0.389396 
0.13696 0.160723 0.354038 
0.134752 0.287526 0.496277 
0.372084 0.643972 0.84105 
0.946645 1.2562 1.35523 
1.7062 1.96368 1.88766 
2.31891 2.47639 2.2133 
2.4689 2.53516 2.15126 
2.05113 2.07256 1.68186 
1.25603 1.27699 0.984188 
0.486647 0.5079 0.35249 
0.135967 0.095421 0.0268979 
0.352505 0.148226 0.0516513 
0.95595 0.507753 0.270156 
1.56931 0.882143 0.460078 
1.86776 1.04945 0.493365 
1.7574 0.972425 0.393909 
1.37084 0.760205 0.269463 
0.924169 0.546357 0.20397 
0.571923 0.399861 0.2076 
0.359025 0.322849 0.245398 
0.265469 0.301171 0.293616 
0.272404 0.343761 0.367322 
0.386254 0.478177 0.504409 
0.608901 0.713537 0.726888 
0.888978 1.00287 1.00713 
1.10589 1.23537 1.25818 
1.11869 1.2765 1.36023 
0.86423 1.04991 1.22587 
0.43816 0.619313 0.880682 
0.0805071 0.202717 0.501701 
0.0436019 0.0745766 0.354561 
0.418258 0.393877 0.634939 
1.05112 1.07732 1.31518 
1.63113 1.82749 2.12543 
1.88631 2.30894 2.70477 
1.73908 2.34253 2.81659 
1.31315 1.98071 2.47228 
0.818554 1.43611 1.89253 
0.425134 0.942353 1.35868 
0.203012 0.64004 1.05653 
0.130348 0.531703 0.990479 
0.134735 0.511483 1.00629 
0.144384 0.453585 0.915386 
0.127551 0.307837 0.645576 
0.0947207 0.128708 0.299374 
0.0660859 0.0137778 0.0638285 
0.0469454 0.0175738 0.0547706 
0.0403612 0.125329 0.239902 
0.0658198 0.288742 0.490675 
0.137991 0.455982 0.680891 
0.226241 0.566793 0.739574 
0.264317 0.559426 0.657433 
0.219979 0.420347 0.489106 
0.139976 0.220494 0.342202 
0.102156 0.0694233 0.315706 
0.127277 0.0208767 0.417501 
0.161469 0.0375758 0.551915 
0.148485 0.0532635 0.606327 
0.0941549 0.0473517 0.546641 
0.0446807 0.042167 0.420437 
0.0220153 0.046705 0.284363 
0.00984992 0.0391629 0.159135 
5.41404e-05 0.0124206 0.0588323 
0.0199069 0.00827788 0.0300864 
0.0920824 0.0792951 0.126659 
0.181906 0.219921 0.342032 
0.213706 0.357154 0.588661 
0.152143 0.420648 0.760393 
0.0585595 0.415898 0.815736 
0.0546672 0.420851 0.797559 
0.225461 0.512426 0.778102 
0.551581 0.698693 0.792865 
0.921826 0.913588 0.822749 
1.19891 1.06277 0.822658 
1.28283 1.07419 0.756301 
1.14582 0.927501 0.613591 
0.841475 0.663519 0.416514 
0.485681 0.372245 0.217119 
0.201667 0.150277 0.0753895 
0.0518479 0.0436162 0.0191368 
0.0113879 0.0248519 0.0227833 
0.0129588 0.0346884 0.03775 
0.0195121 0.0490134 0.0491012 
0.0486553 0.0967882 0.0916075 
0.127698 0.207559 0.199228 
0.239298 0.352344 0.34452 
0.324931 0.452009 0.443649 
0.34137 0.44836 0.429138 
0.3058 0.362341 0.315633 
0.285519 0.283301 0.195527 
0.352587 0.310439 0.179694 
0.553023 0.508202 0.346507 
0.911774 0.905809 0.733647 
1.4518 1.51651 1.35015 
2.19049 2.33366 2.1678 
3.0948 3.28759 3.08286 
4.01652 4.19383 3.88482 
4.67302 4.75805 4.28951 
4.74368 4.68992 4.06504 
4.07275 3.89553 3.19966 
2.84129 2.61083 1.98275 
1.5278 1.32474 0.886289 
0.623237 0.490921 0.283377 
0.305353 0.236494 0.210444 
0.359543 0.322366 0.383962 
0.425237 0.397176 0.467967 
0.331569 0.306681 0.349834 
0.201661 0.171214 0.175636 
0.255476 0.191691 0.145117 
0.552797 0.419959 0.303555 
0.945532 0.729557 0.535535 
1.24338 0.969623 0.718051 
1.36836 1.09039 0.826878 
1.33984 1.11176 0.890704 
1.17319 1.03143 0.900878 
0.869857 0.836525 0.831932 
0.518179 0.615553 0.756926 
0.339695 0.597379 0.883728 
0.560508 1.00516 1.40817 
1.20966 1.84038 2.30239 
2.06333 2.82423 3.26118 
2.80871 3.57426 3.88255 
3.26268 3.85266 3.92449 
3.4302 3.66293 3.4184 
3.38015 3.15051 2.58303 
3.11764 2.46034 1.66922 
2.60743 1.69962 0.874283 
1.898 0.984489 0.328908 
1.16683 0.444637 0.0775441 
0.609894 0.145721 0.044 
0.297166 0.0354805 0.0677772 
0.164268 0.0168781 0.047826 
0.149557 0.0907694 0.0752447 
0.313849 0.397765 0.387018 
0.798399 1.08105 1.13569 
1.65654 2.09218 2.18132 
2.72662 3.13684 3.12072 
3.66659 3.82337 3.54642 
4.12103 3.88888 3.31175 
3.90078 3.33233 2.59295 
3.07727 2.39218 1.74156 
1.95767 1.42106 1.0784 
0.949513 0.731585 0.761353 
0.360655 0.461282 0.750862 
0.237009 0.509109 0.850335 
0.360983 0.608239 0.821199 
0.442272 0.532369 0.555895 
0.364875 0.298718 0.204429 
0.273364 0.177497 0.112842 
