0.982142 1.71803 2.72287 
1.33983 2.13079 3.03331 
1.6997 2.49991 3.22808 
2.01313 2.78332 3.29659 
2.23034 2.94882 3.24619 
2.31328 2.98036 3.0973 
2.24741 2.88078 2.87646 
2.04787 2.67083 2.61 
1.75702 2.38427 2.31986 
1.4332 2.06018 2.02197 
1.134 1.73428 1.72637 
0.899807 1.43186 1.43877 
0.744209 1.1648 1.1628 
0.654854 0.933847 0.902837 
0.604405 0.735296 0.666666 
0.56632 0.568937 0.46727 
0.528163 0.443525 0.322857 
0.496672 0.37707 0.254725 
0.493372 0.391861 0.283139 
0.544256 0.506499 0.421747 
0.669124 0.727909 0.670992 
0.874528 1.04531 1.01119 
1.15097 1.42698 1.39726 
1.47306 1.82092 1.75938 
1.80224 2.16193 2.01515 
2.09369 2.38743 2.09564 
2.30851 2.45984 1.97889 
2.42745 2.38612 1.71422 
2.45745 2.21982 1.4169 
2.42285 2.03659 1.22342 
2.34249 1.8899 1.22105 
2.20789 1.77236 1.38886 
1.9839 1.61357 1.59186 
1.64205 1.32799 1.64575 
1.21209 0.892356 1.42603 
0.814321 0.402983 0.959464 
0.636257 0.0644568 0.435448 
0.847927 0.0982259 0.118087 
1.49494 0.613934 0.201789 
2.43544 1.52007 0.694428 
3.37182 2.53647 1.4009 
3.9742 3.31291 2.02037 
4.03275 3.59128 2.30036 
3.55233 3.31974 2.15653 
2.73493 2.65581 1.69211 
1.86413 1.86473 1.11633 
1.16565 1.18194 0.622749 
0.728411 0.723367 0.305026 
0.524782 0.486619 0.152401 
0.499286 0.421605 0.109123 
0.65092 0.50571 0.142329 
1.04423 0.764589 0.26679 
1.73984 1.22668 0.514195 
2.69625 1.8517 0.877974 
3.71893 2.49414 1.28144 
4.50478 2.9391 1.59811 
4.76857 2.99797 1.71445 
4.38382 2.60943 1.59488 
3.45701 1.88375 1.30577 
2.29015 1.06036 0.981183 
1.24851 0.398831 0.749308 
0.602708 0.0617963 0.663576 
0.426034 0.0525324 0.679706 
0.594858 0.237604 0.692379 
0.881464 0.436465 0.608925 
1.08055 0.523521 0.414885 
1.09906 0.485294 0.191502 
0.968712 0.406168 0.0749334 
0.789747 0.400301 0.182423 
0.652602 0.53657 0.549247 
0.587651 0.801009 1.11076 
0.565864 1.11183 1.73421 
0.536282 1.36814 2.27629 
0.466205 1.49781 2.63295 
0.357175 1.4794 2.76146 
0.233941 1.3369 2.67685 
0.123592 1.12267 2.43817 
0.0439444 0.90436 2.1368 
0.0066027 0.758248 1.88565 
0.0253911 0.760412 1.80027 
0.11774 0.968152 1.9674 
0.295463 1.39518 2.40967 
0.552149 1.99404 3.06449 
0.857126 2.65841 3.79113 
1.15978 3.24733 4.40685 
1.40058 3.6221 4.73912 
1.52345 3.68299 4.67646 
1.48832 3.39681 4.20377 
1.28517 2.81086 3.4144 
0.947282 2.0501 2.49404 
0.554424 1.29234 1.67522 
0.215479 0.720742 1.16852 
0.0298242 0.463752 1.09023 
0.0431249 0.546187 1.41588 
0.222702 0.877478 1.98552 
0.470402 1.28852 2.56499 
0.669256 1.60284 2.93822 
0.738653 1.70746 2.98749 
0.666879 1.58838 2.72439 
0.504463 1.31656 2.26169 
0.326531 0.998681 1.74829 
0.19037 0.724677 1.30599 
0.114171 0.540587 0.99906 
0.086356 0.455388 0.84318 
0.0943735 0.468157 0.836174 
0.150519 0.59151 0.983459 
0.29582 0.852866 1.29925 
0.577361 1.27119 1.78311 
1.01059 1.82322 2.38811 
1.5479 2.42111 3.00387 
2.07403 2.92016 3.47142 
2.43726 3.16116 3.63153 
2.50838 3.0342 3.38972 
2.24218 2.5355 2.76784 
1.71003 1.78634 1.91274 
1.08136 0.996639 1.04919 
0.555867 0.382947 0.392087 
0.276197 0.077048 0.0580045 
0.265098 0.0717867 0.0217282 
0.421942 0.235038 0.143508 
0.582328 0.386946 0.254639 
0.609117 0.399632 0.255064 
0.46487 0.264581 0.168013 
0.226421 0.090773 0.120556 
0.036013 0.0363863 0.261852 
0.0193874 0.214514 0.666938 
0.217763 0.626261 1.2812 
0.569079 1.15617 1.93563 
0.943453 1.62809 2.422 
1.20816 1.88732 2.58561 
1.28556 1.8652 2.38759 
1.17708 1.59734 1.9105 
0.94825 1.19431 1.31207 
0.689667 0.786665 0.756267 
0.476454 0.473273 0.355369 
0.343937 0.293939 0.144309 
0.285685 0.231521 0.0899668 
0.269223 0.235442 0.122962 
0.258834 0.252053 0.174202 
0.234386 0.248366 0.20143 
0.1987 0.221275 0.198525 
0.171826 0.191543 0.188185 
0.176634 0.187994 0.204424 
0.223968 0.230523 0.273682 
0.305243 0.319729 0.402153 
0.395737 0.436675 0.573001 
0.465691 0.55098 0.752576 
0.492445 0.632037 0.901615 
0.46756 0.658328 0.986904 
0.397046 0.6224 0.990188 
0.297031 0.531727 0.912673 
0.188405 0.406487 0.774336 
0.0923422 0.274687 0.607879 
0.0263871 0.164792 0.448439 
0.000526176 0.0972134 0.322303 
0.0142753 0.0778549 0.239241 
0.0570778 0.0971582 0.192125 
0.113245 0.135744 0.16393 
0.169644 0.173934 0.138113 
0.221922 0.20006 0.106545 
0.275612 0.213431 0.0710978 
0.341862 0.221476 0.0391868 
0.431073 0.234175 0.0172309 
0.548719 0.259819 0.00659472 
0.69538 0.304192 0.00424857 
0.869692 0.37232 0.00704822 
1.0711 0.470241 0.0164587 
1.30008 0.604707 0.0406083 
1.55552 0.78034 0.0921444 
1.83084 0.99519 0.182355 
2.11022 1.23634 0.31371 
2.36661 1.47746 0.474078 
2.56251 1.68039 0.636027 
2.65542 1.80237 0.763216 
2.60858 1.8085 0.822914 
2.40535 1.68633 0.800173 
2.06205 1.4562 0.707313 
1.63251 1.17188 0.583702 
1.19953 0.908811 0.485194 
0.854359 0.743697 0.467439 
0.671072 0.732872 0.569971 
0.685928 0.897816 0.806817 
0.889254 1.22224 1.16554 
1.23183 1.6599 1.61272 
1.64141 2.14807 2.102 
2.04193 2.62108 2.58163 
2.36867 3.01984 3.0003 
2.57623 3.29707 3.31187 
2.63995 3.41951 3.47971 
2.55383 3.36932 3.48107 
2.32777 3.14591 3.311 
1.98592 2.76789 2.98493 
1.56561 2.27389 2.53895 
1.11531 1.72022 2.02678 
0.689695 1.174 1.51271 
0.341071 0.701738 1.06053 
0.108336 0.355304 0.720542 
0.00670862 0.15933 0.517711 
0.0224324 0.104629 0.445451 
0.115861 0.151113 0.467969 
0.233447 0.240465 0.531548 
0.325293 0.314928 0.58152 
0.361791 0.335593 0.579104 
0.342273 0.293137 0.511968 
0.291513 0.206772 0.394691 
0.245299 0.112072 0.259383 
0.231732 0.0433352 0.140786 
0.257381 0.0185671 0.0623543 
0.30518 0.0337437 0.0290369 
0.344825 0.0682126 0.0290921 
0.349607 0.0973852 0.0428999 
0.310158 0.105391 0.0536406 
0.237623 0.0910267 0.0543807 
0.155331 0.0647156 0.0486197 
0.0850666 0.0396158 0.0451721 
0.0370942 0.0231729 0.0511926 
0.0100977 0.0144613 0.0676348 
0.000202159 0.0083854 0.0894286 
0.0117732 0.0031035 0.10959 
0.0612414 0.00496251 0.124245 
0.16976 0.0270175 0.13534 
0.34815 0.0815354 0.149475 
0.583268 0.170871 0.173609 
0.834908 0.282291 0.210082 
1.04667 0.39016 0.2536 
1.16634 0.464904 0.291852 
1.16613 0.484674 0.309802 
1.05316 0.444422 0.296072 
0.865647 0.358405 0.248799 
0.657289 0.255065 0.178191 
0.47723 0.166388 0.104039 
0.354261 0.116035 0.0485388 
0.291059 0.111002 0.0271815 
0.26935 0.140237 0.0419739 
0.262248 0.180748 0.080705 
0.247556 0.208573 0.123288 
0.216382 0.209824 0.152595 
0.174514 0.187129 0.164626 
0.13775 0.15903 0.172803 
0.124903 0.153133 0.203823 
0.152142 0.196268 0.286454 
0.230139 0.305459 0.438023 
0.363029 0.482475 0.654518 
0.547339 0.712974 0.908853 
0.770307 0.969949 1.15848 
1.00908 1.22033 1.35956 
1.2331 1.43305 1.482 
1.41058 1.58625 1.51905 
1.51725 1.6715 1.48746 
1.54373 1.69365 1.41865 
1.49847 1.66711 1.34559 
