0.508149 0.293488 0.0826309 
0.317483 0.15054 0.0551074 
0.215955 0.0802741 0.0716483 
0.202077 0.0563459 0.0661676 
0.27011 0.0747287 0.0323843 
0.385927 0.129728 0.00610934 
0.457976 0.174887 0.0101352 
0.394081 0.167142 0.065149 
0.238198 0.188316 0.273468 
0.241789 0.494583 0.844506 
0.736266 1.36537 1.95044 
1.86215 2.82712 3.49254 
3.38082 4.49842 5.00948 
4.75194 5.73571 5.87398 
5.4371 6.00294 5.66776 
5.20575 5.19351 4.45298 
4.23533 3.67742 2.73795 
2.96957 2.06729 1.17855 
1.86142 0.88722 0.236521 
1.16685 0.352306 0.00422857 
0.886809 0.353647 0.25667 
0.85263 0.606076 0.645903 
0.875924 0.840134 0.898917 
0.863957 0.925526 0.916678 
0.838593 0.877639 0.752435 
0.869129 0.778619 0.520056 
0.988642 0.691336 0.310074 
1.16463 0.629217 0.162107 
1.33873 0.585058 0.0855196 
1.48824 0.571198 0.0849548 
1.64911 0.624636 0.160327 
1.88227 0.775072 0.290936 
2.21856 1.01291 0.434171 
2.63042 1.28985 0.549455 
3.04599 1.54697 0.623382 
3.38225 1.7387 0.666078 
3.56734 1.8331 0.681533 
3.54759 1.80178 0.648259 
3.29562 1.62445 0.538401 
2.82932 1.31138 0.358797 
2.22859 0.920098 0.167913 
1.62595 0.542654 0.044427 
1.15991 0.265377 0.0326918 
0.906083 0.12483 0.112808 
0.826621 0.0883948 0.219316 
0.784777 0.0786107 0.294339 
0.639553 0.0387044 0.3417 
0.366627 5.08293e-05 0.447018 
0.101829 0.0854168 0.735794 
0.0435852 0.413123 1.27122 
0.276109 0.960389 1.95221 
0.669907 1.51402 2.51025 
0.963962 1.78557 2.65127 
0.96577 1.61779 2.26095 
0.691327 1.10882 1.51027 
0.329765 0.546281 0.765166 
0.0863788 0.21325 0.367144 
0.0525426 0.227818 0.45072 
0.190426 0.518834 0.909434 
0.399857 0.911307 1.49233 
0.587607 1.23239 1.94075 
0.7013 1.38064 2.09468 
0.737589 1.35013 1.94132 
0.736375 1.21438 1.59614 
0.760233 1.07768 1.22422 
0.865771 1.02073 0.948454 
1.08217 1.07631 0.809206 
1.39659 1.23683 0.792014 
1.73357 1.45775 0.86905 
1.94303 1.64058 0.996396 
1.84784 1.63925 1.0852 
1.37113 1.34149 1.01987 
0.664479 0.791858 0.747383 
0.100016 0.236457 0.359045 
0.0716437 0.00210829 0.061783 
0.722854 0.271048 0.0340818 
1.81232 0.928576 0.282882 
2.83731 1.6184 0.629096 
3.333 1.97097 0.837297 
3.13289 1.83127 0.781346 
2.41964 1.32439 0.516091 
1.56276 0.734376 0.213351 
0.883652 0.308653 0.0294627 
0.508142 0.130885 0.0107082 
0.373341 0.128005 0.094173 
0.339375 0.170414 0.179921 
0.303465 0.172374 0.205358 
0.243652 0.126304 0.170247 
0.189855 0.0707427 0.111719 
0.170866 0.0387426 0.064617 
0.18733 0.0331637 0.0411073 
0.225336 0.041364 0.0381678 
0.287407 0.0668803 0.0581857 
0.405304 0.144006 0.120485 
0.617816 0.31748 0.250628 
0.93016 0.60095 0.453721 
1.29151 0.950018 0.695249 
1.61452 1.27752 0.911513 
1.82454 1.50336 1.04733 
1.89972 1.60001 1.0918 
1.87199 1.5984 1.08209 
1.7935 1.55392 1.07298 
1.69927 1.50369 1.09761 
1.59191 1.44554 1.14601 
1.45114 1.34633 1.16934 
1.25473 1.16805 1.1039 
0.99784 0.897501 0.907464 
0.703492 0.56739 0.596842 
0.419026 0.255237 0.262978 
0.196507 0.0515447 0.0391194 
0.0657438 0.00894411 0.0265116 
0.0187503 0.105904 0.223675 
0.0199036 0.256125 0.515718 
0.0361663 0.36222 0.739679 
0.0639056 0.376584 0.782584 
0.130728 0.326399 0.643959 
0.271082 0.288461 0.424678 
0.495019 0.336591 0.259229 
0.773659 0.499354 0.241954 
1.05109 0.751336 0.389286 
1.27328 1.03435 0.646987 
1.41408 1.28782 0.924551 
1.48271 1.46938 1.13369 
1.51079 1.56008 1.21747 
1.53034 1.56046 1.16589 
1.55756 1.48515 1.01558 
1.5898 1.3576 0.83118 
1.61212 1.20229 0.672195 
1.60534 1.03508 0.561777 
1.55193 0.859116 0.479138 
1.44148 0.672985 0.384535 
1.27691 0.48572 0.259122 
1.07623 0.322759 0.125715 
0.865192 0.212407 0.0306849 
0.664717 0.162872 0.00305659 
0.484573 0.15323 0.0295634 
0.328447 0.149622 0.068546 
0.20219 0.131608 0.0863528 
0.113744 0.103062 0.0794692 
0.0657947 0.0804503 0.0653895 
0.05339 0.0763497 0.0604413 
0.072243 0.0974896 0.0723216 
0.127337 0.154458 0.111194 
0.228317 0.263956 0.198081 
0.373101 0.433814 0.352887 
0.534664 0.642467 0.569284 
0.662523 0.833073 0.800215 
0.699292 0.932977 0.971772 
0.608741 0.89451 1.02474 
0.409431 0.739652 0.964542 
0.193602 0.577578 0.885641 
0.0983817 0.562526 0.936234 
0.22025 0.792834 1.22137 
0.524552 1.21263 1.70066 
0.838432 1.60772 2.16924 
0.96536 1.7319 2.36548 
0.846768 1.48609 2.1439 
0.630437 1.00598 1.58147 
0.568261 0.573994 0.927763 
0.813435 0.416848 0.436641 
1.28248 0.549174 0.213289 
1.6988 0.78342 0.188144 
1.78567 0.88702 0.215762 
1.46006 0.754852 0.200351 
0.887016 0.46879 0.148478 
0.367087 0.217036 0.126922 
0.147494 0.150791 0.1814 
0.287326 0.287399 0.289916 
0.654581 0.519698 0.383438 
1.03819 0.709917 0.409492 
1.28738 0.791567 0.383653 
1.38463 0.80579 0.385898 
1.41485 0.851427 0.501052 
1.46924 0.99254 0.745939 
1.56501 1.19756 1.03953 
1.64025 1.35764 1.24388 
1.61709 1.36788 1.25068 
1.47116 1.20483 1.05146 
1.24802 0.939472 0.740048 
1.0209 0.681001 0.44809 
0.835958 0.503083 0.264922 
0.693888 0.411183 0.19987 
0.573753 0.366231 0.204853 
0.465187 0.330706 0.226098 
0.376596 0.293865 0.238728 
0.320783 0.264224 0.244649 
0.30359 0.251759 0.251702 
0.330584 0.26435 0.263358 
0.417724 0.316001 0.285953 
0.581089 0.422937 0.332696 
0.804512 0.576331 0.405292 
1.01996 0.717617 0.467955 
1.14178 0.760982 0.456671 
1.15234 0.673355 0.344392 
1.17239 0.55369 0.216291 
1.43096 0.620458 0.266174 
2.11581 1.0746 0.672767 
3.19789 1.92291 1.43199 
4.37687 2.9124 2.29472 
5.21924 3.65553 2.8932 
5.40414 3.86496 2.97482 
4.8971 3.51658 2.55641 
3.93121 2.8219 1.87953 
2.8357 2.05771 1.22367 
1.86056 1.40685 0.744441 
1.11169 0.91802 0.447572 
0.591818 0.564247 0.267831 
0.267041 0.310338 0.148867 
0.102604 0.137337 0.0667378 
0.073117 0.0393709 0.0170825 
0.169824 0.0202866 0.000888713 
0.400615 0.0873797 0.0141584 
0.767736 0.235913 0.0456272 
1.23732 0.449156 0.112122 
1.7361 0.736403 0.333709 
2.18075 1.16726 0.957896 
2.50078 1.81932 2.212 
2.62706 2.63556 4.01324 
2.48224 3.33306 5.79365 
2.03073 3.52659 6.71718 
1.36748 3.0345 6.24659 
0.731175 2.09508 4.61753 
0.362884 1.23398 2.74705 
0.305038 0.846167 1.57365 
0.354857 0.877414 1.37845 
0.271645 0.935273 1.69077 
0.0634591 0.73439 1.83496 
0.0455779 0.421091 1.56506 
0.560809 0.43218 1.18809 
1.60634 1.0274 1.12936 
2.74179 1.97848 1.44793 
3.39418 2.73059 1.79524 
3.28639 2.86364 1.79463 
2.60479 2.39929 1.39597 
1.79468 1.70145 0.859208 
1.22337 1.14202 0.463388 
1.01741 0.883869 0.298004 
1.13771 0.923279 0.322175 
1.50986 1.22952 0.535687 
2.03668 1.76617 1.00617 
2.52512 2.38909 1.71512 
2.69106 2.80158 2.42735 
2.31907 2.69376 2.77353 
1.46822 1.98295 2.50506 
0.540847 0.949721 1.70403 
0.130788 0.142638 0.773666 
0.726384 0.100433 0.217983 
2.42917 1.05415 0.359107 
4.83618 2.77011 1.15591 
7.16432 4.62321 2.21907 
8.59244 5.88822 3.02208 
