0.00369756 0.0352235 0.150984 
0.0343589 0.0451476 0.21899 
0.0621789 0.109655 0.368544 
0.0954246 0.244758 0.599161 
0.18649 0.457643 0.86889 
0.354422 0.699418 1.0826 
0.529981 0.856663 1.12346 
0.594778 0.819095 0.931147 
0.488483 0.578181 0.571014 
0.276056 0.259263 0.219261 
0.0982652 0.0393383 0.0526066 
0.0499784 0.0155322 0.125229 
0.110858 0.145347 0.340344 
0.196374 0.30961 0.539599 
0.260522 0.422282 0.621508 
0.323917 0.470108 0.581226 
0.399746 0.461401 0.461873 
0.432239 0.383378 0.309077 
0.360226 0.253406 0.197631 
0.247897 0.200992 0.272068 
0.293578 0.424905 0.680278 
0.637163 0.991881 1.39782 
1.14847 1.67099 2.12433 
1.46748 2.03773 2.43329 
1.31983 1.81993 2.10614 
0.800122 1.16067 1.34007 
0.306471 0.509236 0.596774 
0.171785 0.227038 0.218793 
0.368807 0.299907 0.187866 
0.582481 0.430569 0.24613 
0.547144 0.380737 0.216432 
0.290641 0.198363 0.17726 
0.0708497 0.133936 0.346696 
0.122241 0.384627 0.843889 
0.477084 0.932753 1.57625 
0.987292 1.58804 2.31782 
1.46408 2.13583 2.85593 
1.79098 2.44751 3.07679 
1.9482 2.50192 2.97035 
1.97732 2.35164 2.60169 
1.93573 2.07828 2.07918 
1.86542 1.75645 1.51915 
1.77864 1.43216 1.01069 
1.65815 1.11972 0.598083 
1.4727 0.817165 0.292002 
1.20626 0.531902 0.0981987 
0.885777 0.297527 0.0355605 
0.579326 0.159704 0.11792 
0.353506 0.131048 0.305223 
0.225842 0.158261 0.476749 
0.17046 0.158652 0.489538 
0.185385 0.122076 0.31409 
0.346583 0.181947 0.132928 
0.762914 0.549696 0.271059 
1.44629 1.32794 0.961221 
2.22227 2.35901 2.12029 
2.79274 3.26535 3.3393 
2.92059 3.67363 4.11785 
2.5832 3.44582 4.1639 
1.96789 2.73749 3.53447 
1.32839 1.8619 2.54344 
0.833547 1.09366 1.54807 
0.517639 0.558624 0.781862 
0.331629 0.248427 0.312909 
0.217893 0.0955807 0.0936876 
0.145326 0.0325491 0.0297617 
0.103245 0.0118061 0.0282099 
0.0872865 0.00717877 0.0263752 
0.0978558 0.015912 0.00851143 
0.145151 0.0595161 0.00647616 
0.247353 0.17359 0.0790993 
0.419954 0.387374 0.277678 
0.665377 0.705733 0.616643 
0.972019 1.10637 1.06659 
1.32297 1.55359 1.57236 
1.7042 2.01549 2.08084 
2.09902 2.46623 2.55485 
2.46795 2.8683 2.96159 
2.73458 3.15492 3.25176 
2.80468 3.24328 3.36207 
2.62068 3.08494 3.2547 
2.21364 2.71716 2.96506 
1.70518 2.26515 2.60859 
1.25003 1.8829 2.32852 
0.961776 1.67547 2.22119 
0.874905 1.66118 2.2965 
0.959199 1.79224 2.49706 
1.15852 2.00264 2.74828 
1.4178 2.23977 2.99388 
1.68496 2.46254 3.19572 
1.89827 2.61994 3.31007 
1.97978 2.63745 3.26942 
1.85394 2.43428 2.99603 
1.49488 1.97563 2.45377 
0.973763 1.32934 1.70941 
0.45409 0.670623 0.945108 
0.109312 0.201355 0.381977 
0.0107315 0.0264325 0.150204 
0.0814214 0.0874392 0.207274 
0.165843 0.218178 0.380588 
0.157389 0.276425 0.500768 
0.071028 0.235945 0.50893 
0.00822468 0.170838 0.457325 
0.0669408 0.173479 0.433709 
0.282662 0.292714 0.496449 
0.626885 0.524418 0.658581 
1.029 0.821989 0.890313 
1.39693 1.10309 1.11552 
1.64983 1.2746 1.22963 
1.76545 1.28995 1.16331 
1.79926 1.19321 0.946693 
1.83652 1.08997 0.69783 
1.91095 1.0592 0.531985 
1.97324 1.09416 0.481365 
1.94318 1.13067 0.503404 
1.78643 1.12061 0.550154 
1.5367 1.06559 0.6085 
1.25539 0.987464 0.675183 
0.985706 0.889291 0.719166 
0.74393 0.756516 0.690769 
0.536352 0.586803 0.567652 
0.371135 0.405889 0.38196 
0.255127 0.252268 0.199899 
0.183269 0.14846 0.0762614 
0.13111 0.0854387 0.0243229 
0.0680566 0.039694 0.0257883 
0.00669357 0.025546 0.0786935 
0.0599168 0.147089 0.248343 
0.42613 0.579341 0.661872 
1.2533 1.44194 1.41332 
2.45925 2.63876 2.43232 
3.67904 3.81571 3.43812 
4.43543 4.52109 4.05659 
4.42848 4.47442 4.03775 
3.71672 3.73663 3.40923 
2.65095 2.65015 2.447 
1.63417 1.61195 1.49659 
0.908729 0.864991 0.789379 
0.507814 0.443634 0.375917 
0.346068 0.25882 0.183725 
0.328292 0.210825 0.116627 
0.391712 0.241065 0.114691 
0.491584 0.32129 0.157305 
0.585807 0.43074 0.242676 
0.645445 0.554741 0.37642 
0.671206 0.694732 0.571166 
0.687889 0.864135 0.839867 
0.717623 1.06481 1.17416 
0.757282 1.26434 1.52081 
0.780298 1.39821 1.78124 
0.75915 1.40185 1.84942 
0.687705 1.25259 1.67346 
0.585347 0.99016 1.29882 
0.481818 0.696931 0.853288 
0.397143 0.450677 0.475642 
0.332106 0.284903 0.238971 
0.273166 0.184698 0.126454 
0.205261 0.115306 0.0729233 
0.124934 0.0563519 0.0307636 
0.0483103 0.0156907 0.00415693 
0.00712209 0.0159505 0.0288966 
0.0292205 0.0666308 0.121671 
0.114572 0.144412 0.244928 
0.229601 0.200321 0.319225 
0.331883 0.19497 0.279258 
0.409802 0.141498 0.13769 
0.505381 0.124175 0.00993843 
0.696325 0.266295 0.0668602 
1.03673 0.646215 0.420642 
1.48687 1.20445 1.00689 
1.89071 1.72353 1.56692 
2.04958 1.93889 1.79221 
1.86273 1.72811 1.55282 
1.41706 1.21814 1.01235 
0.926434 0.690126 0.497694 
0.565856 0.356763 0.230176 
0.364264 0.229858 0.184117 
0.253232 0.198019 0.204847 
0.18604 0.193401 0.222264 
0.174022 0.240423 0.299155 
0.219479 0.356307 0.482805 
0.267502 0.471329 0.68478 
0.255315 0.489912 0.758995 
0.185423 0.404154 0.669881 
0.120364 0.306469 0.532269 
0.126401 0.309829 0.503747 
0.267074 0.512903 0.710728 
0.640099 1.03912 1.2905 
1.33515 2.00621 2.39095 
2.28086 3.34697 3.98301 
3.15356 4.66044 5.64602 
3.53127 5.35406 6.66084 
3.21569 5.05574 6.47629 
2.41429 3.93353 5.16847 
1.583 2.59298 3.43482 
1.07521 1.62928 2.0934 
0.929394 1.24284 1.53212 
0.953188 1.22749 1.56446 
0.952197 1.25367 1.72619 
0.858296 1.13271 1.66932 
0.691161 0.865547 1.33 
0.479206 0.541309 0.843566 
0.252441 0.249404 0.387667 
0.0718473 0.0587621 0.0909482 
0.00160081 0.0051376 0.00327237 
0.0326325 0.0578287 0.0853679 
0.0700218 0.126494 0.234323 
0.0405897 0.15238 0.3705 
0.0150523 0.204835 0.524755 
0.180374 0.445571 0.811123 
0.643996 0.945165 1.26829 
1.25603 1.52524 1.72302 
1.65951 1.82635 1.85941 
1.56759 1.59537 1.48816 
1.0276 0.944689 0.778542 
0.418776 0.323115 0.203795 
0.168859 0.191407 0.203023 
0.431297 0.670559 0.836305 
0.991421 1.45702 1.72837 
1.456 2.05849 2.34121 
1.54291 2.13715 2.34025 
1.23916 1.69362 1.77313 
0.74464 0.997131 0.97182 
0.299788 0.374937 0.310133 
0.0515074 0.0394484 0.0122251 
0.0319784 0.042939 0.106369 
0.21219 0.32512 0.484273 
0.547671 0.770592 0.976706 
0.974458 1.23371 1.39927 
1.38216 1.552 1.58562 
1.62077 1.5881 1.4404 
1.56602 1.30174 1.00343 
1.20699 0.80236 0.471039 
0.684852 0.323609 0.125432 
0.235255 0.109181 0.186283 
0.055884 0.269469 0.669415 
0.184128 0.703562 1.35235 
0.474845 1.14884 1.8851 
0.701017 1.33685 1.98708 
0.706603 1.15664 1.60799 
0.49969 0.716191 0.950058 
0.225157 0.26424 0.341281 
0.052896 0.0328184 0.0464671 
0.0702743 0.10613 0.132233 
0.240622 0.386321 0.452098 
0.433658 0.659962 0.742763 
0.506243 0.726702 0.778753 
0.402431 0.532444 0.517357 
0.216111 0.230375 0.153861 
0.1479 0.10199 0.0222665 
0.354965 0.357497 0.367669 
