0.038122 0.0704632 0.0153549 
0.050314 0.021594 0.0341703 
0.25494 0.127091 0.179753 
0.601258 0.330387 0.362128 
0.971416 0.535092 0.478987 
1.24495 0.665242 0.478943 
1.3656 0.714106 0.398122 
1.36524 0.74422 0.338987 
1.32796 0.834168 0.398747 
1.31987 1.00808 0.593627 
1.33597 1.20068 0.834083 
1.30376 1.28858 0.9744 
1.14183 1.17137 0.908049 
0.83126 0.848243 0.645269 
0.447507 0.435516 0.318262 
0.128636 0.109791 0.107289 
0.000199281 0.0112812 0.134102 
0.105461 0.167643 0.390326 
0.383448 0.48326 0.743908 
0.703774 0.795581 1.01559 
0.932272 0.960259 1.07562 
0.98837 0.915828 0.904705 
0.868161 0.698846 0.591785 
0.63183 0.413132 0.280863 
0.371692 0.178778 0.103542 
0.178898 0.0877965 0.131343 
0.11818 0.179779 0.361806 
0.212022 0.437055 0.731942 
0.434439 0.793484 1.14436 
0.717051 1.15297 1.49485 
0.969656 1.41577 1.69697 
1.11123 1.50808 1.70214 
1.09949 1.40584 1.51179 
0.945187 1.14225 1.1768 
0.704046 0.794285 0.781965 
0.450926 0.453827 0.419855 
0.249725 0.196009 0.163493 
0.132956 0.0583658 0.0484356 
0.097971 0.0373987 0.0696483 
0.117595 0.100358 0.191739 
0.157157 0.203963 0.365837 
0.189586 0.311009 0.54533 
0.203551 0.399183 0.695222 
0.203583 0.46114 0.794049 
0.203908 0.498636 0.830956 
0.219292 0.515331 0.802266 
0.256958 0.512674 0.711259 
0.313324 0.491214 0.572004 
0.377224 0.456201 0.414243 
0.437656 0.422929 0.283522 
0.490764 0.416029 0.23146 
0.540597 0.459714 0.296092 
0.592105 0.562109 0.479743 
0.641003 0.702782 0.737096 
0.668932 0.83364 0.984347 
0.650082 0.89704 1.13028 
0.567589 0.85398 1.11652 
0.429641 0.706616 0.945775 
0.273114 0.50017 0.680735 
0.149463 0.300761 0.412102 
0.0997442 0.161286 0.213173 
0.134224 0.096354 0.107601 
0.230229 0.0822911 0.0693028 
0.349786 0.0816356 0.0527176 
0.464729 0.0745407 0.0315891 
0.571411 0.0744023 0.0189941 
0.684616 0.116014 0.0547165 
0.815453 0.224193 0.16913 
0.949913 0.385218 0.349481 
1.04482 0.542347 0.533375 
1.04615 0.621106 0.636533 
0.919865 0.57077 0.599782 
0.677425 0.398393 0.428372 
0.381708 0.176297 0.201336 
0.130003 0.0187395 0.0453389 
0.0218517 0.0386532 0.0850513 
0.124572 0.302845 0.391501 
0.448211 0.802468 0.948524 
0.937346 1.44844 1.64911 
1.48256 2.09328 2.32306 
1.94974 2.57342 2.78798 
2.21999 2.76008 2.9083 
2.22757 2.60223 2.64293 
1.98151 2.1456 2.06313 
1.56064 1.51842 1.33158 
1.08296 0.887127 0.647547 
0.661802 0.398953 0.178666 
0.368018 0.134436 0.00625486 
0.213841 0.0891741 0.106359 
0.163039 0.190137 0.372301 
0.158795 0.335965 0.665878 
0.153422 0.440767 0.872417 
0.125715 0.461991 0.935944 
0.0806277 0.403567 0.863341 
0.0362685 0.298984 0.702774 
0.0086847 0.187603 0.512736 
0.00334256 0.0973213 0.338371 
0.0156197 0.0393511 0.203072 
0.0363537 0.0123751 0.112631 
0.0568119 0.00943738 0.0636401 
0.0707543 0.023085 0.0497974 
0.0757674 0.0490317 0.0655038 
0.0770143 0.0906766 0.10969 
0.0925729 0.163964 0.190752 
0.154245 0.297376 0.328475 
0.297106 0.52111 0.546776 
0.537961 0.845809 0.856041 
0.8534 1.24117 1.23306 
1.17374 1.63015 1.61284 
1.40315 1.90896 1.90283 
1.46044 1.98793 2.01743 
1.3195 1.83323 1.91628 
1.02527 1.48577 1.62511 
0.673853 1.04492 1.22626 
0.367094 0.625143 0.823404 
0.167726 0.309154 0.499466 
0.0802353 0.122352 0.289422 
0.0657313 0.039119 0.179644 
0.0778271 0.0124349 0.129432 
0.0950554 0.00633428 0.0992891 
0.130314 0.0125453 0.0698828 
0.214487 0.0452603 0.0441821 
0.36782 0.121939 0.0362174 
0.578575 0.244753 0.0564502 
0.801802 0.394126 0.103165 
0.97773 0.536701 0.163675 
1.05837 0.641487 0.222847 
1.02797 0.69455 0.272976 
0.908191 0.704913 0.31943 
0.747287 0.69966 0.379288 
0.599734 0.711281 0.473683 
0.505568 0.763036 0.617023 
0.477344 0.858239 0.807449 
0.498997 0.977686 1.02267 
0.536407 1.08658 1.22381 
0.555391 1.14887 1.36702 
0.539849 1.14371 1.41935 
0.502072 1.07676 1.3723 
0.479568 0.980303 1.24639 
0.518324 0.900468 1.08351 
0.649128 0.876452 0.929857 
0.868145 0.921449 0.817405 
1.13207 1.01513 0.753111 
1.37151 1.11189 0.720656 
1.5168 1.16047 0.692184 
1.52392 1.12489 0.642404 
1.38865 0.996572 0.557736 
1.14379 0.794046 0.4384 
0.843893 0.553934 0.296711 
0.546585 0.319954 0.155675 
0.298478 0.13419 0.0479299 
0.127953 0.0299017 0.0106326 
0.0426888 0.0233204 0.0724897 
0.0298416 0.10519 0.235992 
0.0598212 0.237996 0.46558 
0.0959977 0.365521 0.693288 
0.109396 0.434692 0.844217 
0.0916269 0.419676 0.870144 
0.0570104 0.333297 0.771653 
0.0302967 0.217057 0.594587 
0.0270433 0.115345 0.403135 
0.0411233 0.0513157 0.247559 
0.0503699 0.0212464 0.147369 
0.0376626 0.0100331 0.0981617 
0.0108632 0.0134878 0.0919974 
0.00308561 0.0470559 0.131765 
0.0487075 0.131622 0.227057 
0.151028 0.267185 0.376664 
0.268077 0.417909 0.555873 
0.333098 0.525623 0.723603 
0.300683 0.546562 0.846936 
0.187091 0.485209 0.923423 
0.0726088 0.397352 0.980233 
0.058405 0.355647 1.0468 
0.20377 0.400156 1.12098 
0.486873 0.510596 1.15809 
0.818327 0.62334 1.0977 
1.09985 0.682844 0.913229 
1.28666 0.688942 0.647864 
1.40775 0.701266 0.404459 
1.52817 0.792524 0.288495 
1.68145 0.982452 0.339058 
1.82535 1.2036 0.496865 
1.86033 1.33189 0.637306 
1.70515 1.2695 0.652679 
1.37841 1.02658 0.531328 
1.02418 0.742127 0.378829 
0.85213 0.620126 0.361488 
1.02022 0.812566 0.602886 
1.53002 1.31909 1.09641 
2.20327 1.96732 1.68911 
2.76128 2.49103 2.14963 
2.96642 2.6647 2.28266 
2.74669 2.41955 2.02602 
2.23352 1.87781 1.47897 
1.69364 1.28963 0.850826 
1.39475 0.910601 0.362483 
1.47828 0.885967 0.153595 
1.90227 1.19702 0.237971 
2.47501 1.68709 0.519193 
2.95201 2.14323 0.847975 
3.1423 2.38804 1.08811 
2.97578 2.34075 1.16241 
2.51021 2.029 1.06597 
1.88814 1.55825 0.850409 
1.27211 1.06025 0.592401 
0.787967 0.644776 0.361542 
0.494827 0.371209 0.199948 
0.386235 0.246818 0.120219 
0.415573 0.247795 0.121104 
0.531857 0.351077 0.211876 
0.70966 0.560161 0.430347 
0.959199 0.909594 0.839874 
1.31063 1.44222 1.50019 
1.77898 2.16787 2.42211 
2.32802 3.02503 3.52897 
2.85539 3.87005 4.64954 
3.21357 4.50736 5.55451 
3.26308 4.75377 6.02732 
2.93611 4.51051 5.94105 
2.27957 3.80972 5.30749 
1.45407 2.81204 4.27549 
0.685225 1.75406 3.07874 
0.186117 0.867797 1.95549 
0.0837815 0.306559 1.07488 
0.380102 0.10755 0.499899 
0.961582 0.203508 0.19864 
1.65051 0.473021 0.0930838 
2.27284 0.802441 0.117238 
2.71318 1.12919 0.253697 
2.93584 1.44768 0.530093 
2.96839 1.77924 0.979055 
2.86226 2.12684 1.58606 
2.6546 2.44311 2.25763 
2.35257 2.63317 2.83271 
1.94744 2.59404 3.13672 
1.44827 2.27148 3.05396 
0.912979 1.70361 2.58252 
0.455567 1.0265 1.84398 
0.220835 0.435739 1.04312 
0.335415 0.120481 0.397388 
0.856955 0.199294 0.0686191 
1.74466 0.684931 0.124478 
2.86428 1.48957 0.5395 
4.02494 2.46299 1.22591 
5.03175 3.4432 2.07343 
5.7336 4.29742 2.97844 
6.05001 4.93989 3.85291 
5.97208 5.32633 4.61641 
5.54429 5.43615 5.18369 
4.84082 5.25804 5.46279 
