0.260089 1.23993 
0.262751 1.32011 
0.385579 1.47942 
0.604875 1.68269 
0.882406 1.88505 
1.16549 2.03588 
1.39713 2.08897 
1.53229 2.01582 
1.55065 1.81512 
1.4579 1.51296 
1.27624 1.15398 
1.03297 0.789057 
0.756508 0.466011 
0.481415 0.225584 
0.254055 0.0993979 
0.127325 0.104805 
0.140835 0.235723 
0.296058 0.455164 
0.543943 0.698071 
0.79752 0.888607 
0.966543 0.966622 
0.996003 0.910363 
0.886848 0.743047 
0.688151 0.519696 
0.467724 0.301986 
0.280242 0.134916 
0.150633 0.0362922 
0.0780382 0.000911663 
0.0518721 0.0127727 
0.0657418 0.0558948 
0.119863 0.118089 
0.212878 0.188401 
0.331752 0.253216 
0.448994 0.295966 
0.530893 0.302178 
0.553454 0.267999 
0.518565 0.208307 
0.462874 0.160442 
0.454732 0.180715 
0.578568 0.332887 
0.910194 0.670482 
1.4902 1.21786 
2.30472 1.95696 
3.28164 2.82586 
4.30539 3.73129 
5.24584 4.57123 
5.99081 5.25929 
6.4703 5.74161 
6.66487 6.00141 
6.59859 6.05211 
6.32317 5.92529 
5.90229 5.66092 
5.40204 5.30471 
4.88828 4.91193 
4.42675 4.55238 
4.08035 4.30815 
3.89894 4.25767 
3.90179 4.44576 
4.0587 4.84905 
4.28064 5.35514 
4.43209 5.77496 
4.37012 5.89732 
4.00139 5.57281 
3.33314 4.79205 
2.48882 3.71523 
1.67063 2.62625 
1.07791 1.82169 
0.818451 1.48345 
0.859853 1.5996 
1.05057 1.97676 
1.20161 2.33951 
1.18382 2.46355 
0.985738 2.27177 
0.701371 1.84636 
0.460729 1.3603 
0.349988 0.976365 
0.37016 0.772893 
0.453396 0.729981 
0.516878 0.768266 
0.513313 0.804162 
0.447358 0.786934 
0.357617 0.706872 
0.289129 0.587578 
0.282174 0.480145 
0.381445 0.462432 
0.64547 0.629528 
1.1316 1.06065 
1.85245 1.76696 
2.72929 2.6492 
3.58184 3.50139 
4.17756 4.07624 
4.32583 4.18943 
3.96912 3.80988 
3.21798 3.08355 
2.30655 2.27225 
1.49004 1.63651 
0.938486 1.32308 
0.681126 1.314 
0.624188 1.45843 
0.623444 1.56295 
0.566282 1.4887 
0.42022 1.207 
0.230457 0.79422 
0.0797359 0.381224 
0.0408718 0.0920073 
0.148476 0.00266253 
0.398164 0.132164 
0.762865 0.455603 
1.20848 0.921633 
1.69743 1.4617 
2.18197 1.99197 
2.59887 2.41832 
2.87687 2.65355 
2.95824 2.64514 
2.82426 2.39996 
2.50875 1.98948 
2.0895 1.52741 
1.6598 1.12764 
1.29442 0.862546 
1.02715 0.742398 
0.85001 0.724481 
0.73084 0.743953 
0.636612 0.747577 
0.549122 0.713012 
0.467284 0.647829 
0.399915 0.575254 
0.357547 0.519186 
0.349178 0.497162 
0.383576 0.521253 
0.470369 0.600867 
0.6171 0.741889 
0.823 0.941779 
1.07401 1.1849 
1.34323 1.44256 
1.59721 1.67868 
1.80427 1.85803 
1.94061 1.95304 
1.99191 1.94731 
1.95188 1.83643 
1.82069 1.62804 
1.6052 1.34171 
1.32089 1.00809 
0.99377 0.666408 
0.659923 0.360142 
0.361488 0.131099 
0.138651 0.0124572 
0.0190664 0.0210623 
0.00788577 0.150258 
0.0829597 0.366263 
0.199127 0.611847 
0.302121 0.819192 
0.347681 0.929364 
0.317834 0.911356 
0.226802 0.772462 
0.113773 0.555094 
0.0262915 0.32147 
0.00223574 0.132947 
0.0580127 0.0322625 
0.186319 0.0341714 
0.361782 0.125406 
0.550076 0.271434 
0.716705 0.426745 
0.834021 0.546485 
0.886818 0.598119 
0.876549 0.571295 
0.82258 0.482637 
0.757991 0.371941 
0.718948 0.288721 
0.730408 0.27287 
0.794511 0.337627 
0.888394 0.463616 
0.974239 0.608061 
1.01755 0.725304 
1.00447 0.788264 
0.948693 0.79976 
0.884446 0.788444 
0.849853 0.792906 
0.870338 0.843504 
0.950557 0.95111 
1.07714 1.10623 
1.22779 1.28544 
1.37978 1.45922 
1.5137 1.59766 
1.61314 1.67408 
1.66441 1.66894 
1.65865 1.57493 
1.59563 1.40101 
1.48573 1.17206 
1.34745 0.922705 
1.20096 0.687193 
1.06075 0.489849 
0.930875 0.339721 
0.804718 0.231128 
0.669446 0.149584 
0.514383 0.0816274 
0.341309 0.0260167 
0.172723 0.00185862 
0.0520268 0.0475926 
0.0306714 0.206365 
0.143372 0.500026 
0.381693 0.903206 
0.682229 1.33414 
0.941929 1.67402 
1.05916 1.81162 
0.98217 1.69343 
0.738353 1.35203 
0.425408 0.895103 
0.166559 0.459071 
0.0535668 0.152259 
0.109088 0.0185977 
0.288198 0.0394691 
0.514467 0.166758 
0.72508 0.36087 
0.895798 0.60653 
1.03262 0.897266 
1.14143 1.20412 
1.20303 1.45791 
1.17675 1.56677 
1.03457 1.46597 
0.803204 1.17136 
0.581239 0.799012 
0.511107 0.529648 
0.713559 0.528698 
1.21842 0.861656 
1.93224 1.45159 
2.66544 2.10511 
3.20856 2.59617 
3.41949 2.76537 
3.27739 2.58418 
2.87796 2.15412 
2.37755 1.64633 
1.91943 1.21802 
1.58111 0.949662 
1.36437 0.830532 
1.22342 0.790327 
1.10697 0.751159 
0.988012 0.668802 
0.868778 0.544902 
0.765729 0.41182 
0.690113 0.305921 
0.637564 0.246695 
0.590741 0.230541 
0.529902 0.237482 
0.443289 0.243211 
0.332188 0.229406 
0.210257 0.189211 
0.0992873 0.128173 
0.023479 0.0620544 
0.00333897 0.0126797 
0.0503117 0.00265493 
0.163842 0.0500536 
