0.789924 0.931031 
0.73684 0.816996 
0.710126 0.69749 
0.621468 0.546382 
0.475474 0.389076 
0.32531 0.262081 
0.207523 0.172753 
0.123469 0.0995053 
0.077708 0.0331937 
0.115857 0.0136897 
0.297641 0.109098 
0.611857 0.337784 
0.921651 0.604333 
1.02697 0.733747 
0.82562 0.608544 
0.437702 0.301009 
0.157418 0.0631086 
0.238388 0.145232 
0.683893 0.580643 
1.23524 1.13344 
1.58599 1.48013 
1.6385 1.47818 
1.5684 1.27854 
1.63746 1.17492 
1.93549 1.33251 
2.29824 1.65359 
2.46941 1.89566 
2.33338 1.90559 
1.99201 1.73411 
1.63741 1.54214 
1.37723 1.42832 
1.1856 1.36062 
0.991609 1.25289 
0.779372 1.07397 
0.596537 0.872354 
0.488919 0.714011 
0.447244 0.615889 
0.416492 0.538661 
0.348005 0.432037 
0.243134 0.284056 
0.151269 0.132724 
0.120697 0.0319918 
0.142289 0.00244329 
0.147348 0.0166578 
0.0834744 0.0420482 
0.00658051 0.0998829 
0.08159 0.265621 
0.455097 0.588341 
1.09939 1.00316 
1.78132 1.33836 
2.20512 1.4314 
2.21319 1.25241 
1.8738 0.91939 
1.39625 0.595606 
0.971514 0.373545 
0.682085 0.251176 
0.527443 0.199972 
0.490712 0.22901 
0.556283 0.367203 
0.676538 0.590991 
0.760317 0.795104 
0.725257 0.857023 
0.56502 0.735082 
0.352588 0.497246 
0.174428 0.255482 
0.0722414 0.0850217 
0.0499789 0.0103437 
0.110187 0.0418044 
0.247245 0.182286 
0.401504 0.38166 
0.46048 0.51748 
0.351578 0.473458 
0.141545 0.261424 
0.0131098 0.0466655 
0.11072 0.0187125 
0.402118 0.220202 
0.700679 0.504725 
0.827668 0.665846 
0.75239 0.607441 
0.58487 0.397611 
0.453432 0.179705 
0.39886 0.0491655 
0.371376 0.00996146 
0.30518 0.0225835 
0.187758 0.0688782 
0.068495 0.163949 
0.0111691 0.314302 
0.0363535 0.478179 
0.105542 0.58064 
0.16742 0.580717 
0.230141 0.530554 
0.385755 0.561242 
0.74329 0.790132 
1.31328 1.21907 
1.94591 1.70849 
2.38916 2.05015 
2.43289 2.08229 
2.03609 1.77036 
1.3551 1.21752 
0.664578 0.617313 
0.223905 0.174696 
0.158694 0.0203067 
0.413531 0.151556 
0.798308 0.439282 
1.10149 0.707422 
1.20182 0.838024 
1.11161 0.830046 
0.936347 0.777534 
0.793697 0.794927 
0.750629 0.946 
0.806778 1.21342 
0.913511 1.51158 
1.00504 1.72761 
1.02657 1.77278 
0.953232 1.62369 
0.794863 1.33156 
0.586008 0.993551 
0.37157 0.706743 
0.201121 0.537333 
0.12697 0.514483 
0.183733 0.627283 
0.346125 0.808955 
0.508628 0.935695 
0.539634 0.884133 
0.391409 0.632175 
0.161775 0.308351 
0.0230603 0.110201 
0.068648 0.141633 
0.229676 0.32359 
0.348815 0.47214 
0.329687 0.465104 
0.207959 0.331289 
0.0923274 0.192642 
0.0619883 0.143527 
0.120031 0.186106 
0.21234 0.251656 
0.268985 0.261298 
0.249778 0.184397 
0.188154 0.0736708 
0.18976 0.0440828 
0.345667 0.17756 
0.61937 0.420432 
0.841954 0.59546 
0.857774 0.555291 
0.678786 0.332239 
0.468715 0.11162 
0.367459 0.0442774 
0.358642 0.104868 
0.329975 0.1527 
0.239139 0.114221 
0.178043 0.073031 
0.269503 0.179459 
0.536008 0.502456 
0.888943 0.98211 
1.21708 1.49355 
1.45014 1.92033 
1.5539 2.18205 
1.52418 2.25035 
1.41701 2.17267 
1.34704 2.05243 
1.39537 1.95732 
1.50404 1.83876 
1.49707 1.57453 
1.24068 1.1151 
0.784116 0.576748 
0.330412 0.168507 
0.0692195 0.0234619 
0.0429573 0.107415 
0.160234 0.283759 
0.30787 0.446705 
0.435118 0.585473 
0.549347 0.739963 
0.665037 0.922332 
0.773557 1.09099 
0.851162 1.18751 
0.876858 1.18161 
0.839318 1.07988 
0.744054 0.912462 
0.633276 0.73805 
0.595955 0.664478 
0.728366 0.827214 
1.04829 1.28984 
1.43374 1.93029 
1.66703 2.4427 
1.58485 2.51433 
1.2302 2.07081 
0.870286 1.38077 
0.828723 0.894796 
1.23128 0.913981 
1.86755 1.35336 
2.31541 1.81255 
2.2591 1.90551 
1.73138 1.55846 
1.05299 1.01187 
0.538308 0.559646 
0.280236 0.319356 
0.221729 0.256084 
0.366705 0.360678 
0.816016 0.705984 
1.56006 1.29367 
2.31178 1.91082 
2.65451 2.23133 
2.39727 2.09253 
1.75441 1.64393 
1.14829 1.20134 
0.848084 0.970056 
0.808589 0.921131 
0.815508 0.901485 
0.723344 0.810494 
0.543818 0.660824 
0.364353 0.514859 
0.242498 0.408788 
0.179516 0.336889 
0.151164 0.276025 
0.135631 0.208214 
0.125513 0.133419 
0.136317 0.0769847 
0.199051 0.0773381 
0.319043 0.145004 
0.433059 0.227426 
0.433982 0.235097 
0.27837 0.132614 
0.0825805 0.0137314 
0.0793071 0.0619703 
0.42359 0.394299 
1.01072 0.917674 
1.50445 1.35334 
1.59207 1.4422 
1.2437 1.1557 
0.720991 0.706642 
0.325006 0.345917 
0.147232 0.157239 
0.0772792 0.0622797 
0.0228327 0.00449148 
0.05446 0.0685065 
0.29319 0.372702 
0.688181 0.859902 
0.980898 1.25737 
0.932981 1.2934 
0.572734 0.954739 
0.181597 0.507378 
0.0341174 0.257066 
0.17166 0.300026 
0.428608 0.502869 
0.639045 0.689741 
0.781939 0.813635 
0.942943 0.95356 
1.19421 1.19332 
1.54335 1.53707 
1.95847 1.9184 
2.36951 2.23438 
