1.58995 1.20266 
1.62662 1.38894 
1.31939 1.22841 
0.807817 0.808269 
0.337589 0.360095 
0.0759456 0.0803985 
0.0158548 0.0042521 
0.0504881 0.03836 
0.121102 0.0925299 
0.277948 0.163747 
0.601851 0.302319 
1.08157 0.521166 
1.57489 0.752652 
1.8886 0.88984 
1.90719 0.866156 
1.67386 0.709551 
1.37328 0.540582 
1.22472 0.514476 
1.34042 0.725105 
1.63519 1.11798 
1.86786 1.48698 
1.81981 1.59794 
1.49686 1.37626 
1.18192 1.00361 
1.25707 0.809275 
1.90852 1.01558 
2.95297 1.5488 
3.94397 2.09288 
4.48434 2.35208 
4.49362 2.29558 
4.22223 2.17199 
4.02319 2.28964 
4.08429 2.76055 
4.3255 3.41677 
4.50335 3.94083 
4.40105 4.07677 
3.95263 3.75727 
3.24267 3.08903 
2.42923 2.25941 
1.66834 1.456 
1.07599 0.833197 
0.714469 0.497112 
0.584008 0.478925 
0.625381 0.711847 
0.749851 1.05241 
0.886901 1.3529 
1.01188 1.53492 
1.1291 1.60487 
1.234 1.60852 
1.30103 1.57897 
1.30811 1.52426 
1.25968 1.44372 
1.17731 1.33699 
1.0808 1.20238 
0.996949 1.04933 
0.976078 0.917632 
1.05569 0.855203 
1.17748 0.847156 
1.17193 0.783253 
0.900675 0.552941 
0.45799 0.210028 
0.194406 0.0138278 
0.45564 0.236526 
1.24151 0.885246 
2.12912 1.62682 
2.57369 2.0254 
2.32339 1.88034 
1.57417 1.34722 
0.759913 0.756281 
0.217006 0.341395 
0.0204411 0.132569 
0.0583036 0.0459135 
0.188944 0.0102657 
0.32608 0.000251392 
0.439738 0.00252865 
0.540057 0.00734204 
0.669198 0.0399948 
0.874322 0.16652 
1.15722 0.437769 
1.44592 0.822844 
1.62622 1.20534 
1.61164 1.45088 
1.39536 1.48703 
1.05187 1.33642 
0.698975 1.09235 
0.446178 0.863001 
0.346798 0.715135 
0.37059 0.64238 
0.420215 0.577508 
0.399368 0.451041 
0.294848 0.261679 
0.201208 0.0973781 
0.246433 0.0709438 
0.465216 0.210093 
0.73463 0.403523 
0.852367 0.475358 
0.708424 0.342643 
0.395378 0.111212 
0.140842 0.000835267 
0.11239 0.151037 
0.278409 0.48924 
0.461136 0.795953 
0.52747 0.90949 
0.524095 0.870351 
0.622295 0.864857 
0.931325 1.02832 
1.36603 1.30232 
1.69329 1.47821 
1.70906 1.37718 
1.38818 0.999789 
0.890521 0.523407 
0.43796 0.166294 
0.171373 0.0387614 
0.0922195 0.093093 
0.114188 0.195453 
0.166724 0.251657 
0.260173 0.28493 
0.459452 0.404747 
0.792123 0.692722 
1.17689 1.10161 
1.44604 1.45787 
1.45403 1.57381 
1.18433 1.38061 
0.763368 0.973847 
0.370593 0.538563 
0.122917 0.223041 
0.0254822 0.0647441 
0.0119636 0.0126592 
0.0183424 0.00153965 
0.0208943 0.0012609 
0.0233952 0.00981139 
0.0326932 0.0227272 
0.0580045 0.0256965 
0.122611 0.0149205 
0.252012 0.00939566 
0.434428 0.0307183 
0.59823 0.072643 
0.649157 0.102344 
0.547751 0.0982097 
0.352102 0.078641 
0.174159 0.0800921 
0.0856452 0.10532 
0.0673313 0.110017 
0.0528053 0.0600843 
0.0159884 0.00292727 
0.00418006 0.0605791 
0.0815697 0.327226 
0.250445 0.76513 
0.440286 1.21082 
0.573535 1.49575 
0.629844 1.56707 
0.640481 1.49758 
0.633066 1.39325 
0.601855 1.30503 
0.535762 1.22406 
0.456483 1.13292 
0.406768 1.03373 
0.398232 0.926697 
0.38812 0.789237 
0.326318 0.604057 
0.228892 0.41109 
0.193817 0.311918 
0.328147 0.399087 
0.647497 0.66827 
1.04249 1.00042 
1.34896 1.23951 
1.46555 1.30172 
1.41958 1.22259 
1.32676 1.10526 
1.28219 1.02172 
1.27922 0.95707 
1.22647 0.843308 
1.04334 0.643394 
0.742983 0.400143 
0.426155 0.201606 
0.196674 0.0999429 
0.0835243 0.0687954 
0.0428585 0.0445997 
0.0289669 0.00902834 
0.0538891 0.0235765 
0.17032 0.172509 
0.394239 0.463159 
0.648771 0.780862 
0.795016 0.951619 
0.734428 0.869535 
0.496707 0.585305 
0.231686 0.279284 
0.101398 0.134145 
0.154927 0.203064 
0.290761 0.376024 
0.34538 0.472964 
0.240807 0.392789 
0.065082 0.198622 
0.0064177 0.0658666 
0.186543 0.131702 
0.536714 0.37286 
0.834753 0.620929 
0.881456 0.705402 
0.662955 0.596652 
0.352364 0.418375 
0.152203 0.322096 
0.128026 0.348329 
0.184703 0.406908 
0.190101 0.384356 
0.109283 0.25972 
0.0192354 0.113673 
0.0105476 0.0376354 
0.0943703 0.051529 
0.206532 0.112301 
0.282912 0.18293 
0.31136 0.268515 
0.313166 0.37982 
0.298365 0.481349 
0.261209 0.501356 
0.217769 0.403498 
0.225363 0.240135 
0.341915 0.120713 
0.558263 0.119241 
0.777144 0.210504 
0.871558 0.296063 
0.778567 0.293916 
0.552897 0.211343 
0.343377 0.14505 
0.317029 0.219008 
0.581724 0.511197 
1.13979 1.01066 
1.87809 1.61499 
2.59444 2.16203 
3.06492 2.4895 
3.14193 2.50974 
2.83768 2.26461 
2.33115 1.91638 
1.87393 1.66205 
1.64782 1.61986 
1.67405 1.77092 
1.8388 2.00149 
2.00259 2.20515 
2.09321 2.35043 
2.10844 2.45576 
2.05045 2.50977 
1.88021 2.43253 
1.5498 2.13171 
1.07896 1.60568 
0.5879 0.989699 
0.238042 0.488834 
0.123992 0.245904 
0.209034 0.252552 
0.357939 0.372098 
0.435769 0.447262 
0.390813 0.402424 
0.263678 0.268073 
