0.839694 1.09313 0.939308 
1.2281 1.55277 1.38376 
1.60684 2.00072 1.85651 
1.75891 2.18807 2.11105 
1.51699 1.91617 1.9237 
0.938507 1.23577 1.30635 
0.325326 0.48123 0.567068 
0.0234207 0.0557134 0.110665 
0.16643 0.137106 0.13588 
0.59703 0.569518 0.506584 
1.02231 1.02345 0.902341 
1.23733 1.25245 1.08146 
1.22251 1.21974 1.01547 
1.08 1.03736 0.825366 
0.917605 0.833856 0.64192 
0.784799 0.676 0.52808 
0.675446 0.567391 0.484543 
0.5598 0.478905 0.480545 
0.417673 0.379349 0.475425 
0.259805 0.261091 0.440665 
0.12333 0.149878 0.383507 
0.0400492 0.0838478 0.345174 
0.0082354 0.0764467 0.36356 
0.00437631 0.105958 0.437357 
0.0260019 0.149401 0.53431 
0.110278 0.220529 0.632218 
0.291727 0.356638 0.736636 
0.536274 0.557797 0.848609 
0.73173 0.749487 0.926971 
0.765887 0.827173 0.907645 
0.626284 0.750169 0.772736 
0.418352 0.584707 0.587499 
0.27338 0.441038 0.447032 
0.233344 0.367392 0.382993 
0.229586 0.318687 0.341449 
0.175692 0.235886 0.266559 
0.072969 0.141699 0.192647 
0.0156251 0.135949 0.225865 
0.0945059 0.290738 0.424898 
0.304513 0.562492 0.715236 
0.546153 0.816572 0.937374 
0.707703 0.934291 0.978079 
0.745335 0.895256 0.850632 
0.701681 0.773275 0.662072 
0.66281 0.671315 0.523958 
0.685729 0.650498 0.488358 
0.740069 0.687932 0.53198 
0.716847 0.687339 0.574501 
0.528153 0.556943 0.529394 
0.231397 0.314491 0.377331 
0.0442105 0.117099 0.204047 
0.187659 0.149968 0.142067 
0.673693 0.450492 0.24783 
1.24374 0.839551 0.434828 
1.54083 1.04612 0.541893 
1.37448 0.920511 0.474493 
0.853171 0.545589 0.280921 
0.293036 0.1633 0.101736 
0.00746347 0.00594348 0.0619511 
0.148401 0.179114 0.212737 
0.680853 0.657865 0.552017 
1.44939 1.3457 1.06564 
2.25222 2.11626 1.7242 
2.88341 2.81457 2.43718 
3.16767 3.26279 3.02997 
3.02095 3.3199 3.30383 
2.51277 2.97448 3.15823 
1.85636 2.38128 2.6743 
1.29439 1.7795 2.07147 
0.959095 1.3464 1.564 
0.829316 1.11328 1.24203 
0.807994 1.00388 1.06726 
0.813174 0.92407 0.949701 
0.787532 0.805055 0.812732 
0.668758 0.603203 0.616362 
0.424194 0.327297 0.378988 
0.136902 0.0900023 0.203501 
0.00376925 0.0811993 0.242802 
0.177985 0.416329 0.575258 
0.593927 0.984391 1.08873 
0.978326 1.47618 1.51449 
1.06659 1.60692 1.61806 
0.820496 1.33919 1.38384 
0.444308 0.903947 1.02493 
0.203604 0.61248 0.81495 
0.223685 0.630783 0.891445 
0.425448 0.8893 1.18059 
0.617944 1.1679 1.47625 
0.65523 1.26963 1.59555 
0.54011 1.15381 1.49714 
0.40284 0.939115 1.28504 
0.375608 0.784971 1.10535 
0.474548 0.757848 1.02636 
0.601447 0.801017 1.0054 
0.658179 0.821847 0.960015 
0.643998 0.79016 0.857982 
0.628702 0.742228 0.732603 
0.645828 0.706655 0.626159 
0.644116 0.658755 0.543845 
0.554533 0.559537 0.470438 
0.382896 0.42013 0.413399 
0.214929 0.306674 0.409881 
0.140334 0.287469 0.495007 
0.197573 0.395164 0.680129 
0.39265 0.63872 0.96183 
0.7359 1.01963 1.32678 
1.22526 1.50528 1.72415 
1.7951 1.98988 2.03965 
2.31232 2.31491 2.12928 
2.64699 2.35926 1.91038 
2.74749 2.12014 1.4335 
2.63752 1.70281 0.863172 
2.34497 1.23053 0.380217 
1.86023 0.77109 0.0912031 
1.19593 0.357868 0.018398 
0.497116 0.0745316 0.159658 
0.0537509 0.0809574 0.531233 
0.122836 0.492432 1.11742 
0.666724 1.18808 1.76215 
1.27823 1.77117 2.15487 
1.47229 1.8376 2.0336 
1.17373 1.40595 1.50589 
0.937747 1.09257 1.16445 
1.57495 1.72856 1.74596 
3.39982 3.62237 3.49411 
5.76942 6.10683 5.7712 
7.41106 7.86498 7.3582 
7.33472 7.84952 7.29201 
5.56387 6.0413 5.56509 
3.07367 3.41893 3.10483 
1.04425 1.21745 1.08614 
0.100265 0.13694 0.180143 
0.105611 0.0907446 0.297154 
0.513398 0.526519 0.8756 
0.842928 0.911207 1.34946 
0.910022 0.999258 1.43442 
0.77438 0.821247 1.15258 
0.587854 0.548625 0.7151 
0.486429 0.366772 0.376145 
0.535223 0.381162 0.298357 
0.698478 0.558624 0.465079 
0.854113 0.742918 0.697057 
0.878221 0.764447 0.783365 
0.751547 0.575145 0.636806 
0.585801 0.29093 0.348555 
0.525045 0.0939272 0.0995491 
0.604306 0.0770811 0.00995797 
0.707004 0.173284 0.0562884 
0.676088 0.235381 0.120905 
0.475459 0.18912 0.121559 
0.23286 0.10562 0.0965043 
0.109426 0.116251 0.158776 
0.133635 0.260678 0.36212 
0.197131 0.446552 0.625995 
0.238885 0.587752 0.821597 
0.404967 0.768743 0.938345 
0.949922 1.20763 1.12568 
1.92058 1.99412 1.51811 
2.95375 2.86808 2.0149 
3.46538 3.32773 2.28812 
3.11194 3.02895 2.06563 
2.08906 2.09943 1.41168 
0.971195 1.04591 0.696978 
0.254827 0.343762 0.277023 
0.0410628 0.109529 0.209783 
0.100546 0.132319 0.281911 
0.16499 0.154174 0.268909 
0.131968 0.0875601 0.137589 
0.0540751 0.00911737 0.0220121 
0.0202619 0.0246053 0.0639743 
0.0716712 0.169641 0.299889 
0.185088 0.399539 0.661041 
0.293871 0.625591 1.03023 
0.333991 0.761082 1.29273 
0.304796 0.769468 1.37332 
0.298719 0.697315 1.26763 
0.459674 0.664431 1.05717 
0.893755 0.808871 0.888755 
1.59403 1.21119 0.910437 
2.41329 1.82544 1.17875 
3.09023 2.45338 1.58985 
3.34446 2.81246 1.91022 
3.03306 2.70137 1.92546 
2.27164 2.15328 1.60222 
1.38558 1.42453 1.109 
0.692279 0.804448 0.66798 
0.306963 0.425785 0.391528 
0.157432 0.255921 0.263847 
0.156285 0.231373 0.240981 
0.299516 0.336171 0.306726 
0.579816 0.534788 0.420985 
0.868289 0.698575 0.481763 
0.969163 0.684569 0.412575 
0.812249 0.498539 0.282989 
0.540749 0.318773 0.271536 
0.364779 0.310281 0.462821 
0.343328 0.434631 0.710583 
0.349419 0.48995 0.759068 
0.249618 0.345642 0.514302 
0.0783803 0.104029 0.165799 
0.0130925 0.0110017 0.0210418 
0.19758 0.224805 0.231925 
0.612979 0.686554 0.688094 
1.10464 1.19072 1.14375 
1.49692 1.54154 1.40859 
1.67729 1.64444 1.4277 
1.61517 1.50323 1.24268 
1.3526 1.18682 0.933614 
0.988093 0.80368 0.595016 
0.640149 0.467975 0.318061 
0.394563 0.251937 0.155468 
0.276669 0.16251 0.100913 
0.27471 0.170868 0.116867 
0.381395 0.261303 0.183505 
0.596254 0.43659 0.306197 
0.880398 0.668285 0.467171 
1.12237 0.855847 0.584397 
1.1774 0.865823 0.550325 
0.970649 0.642181 0.340597 
0.578244 0.289693 0.0891076 
0.200669 0.0318686 0.0272377 
0.0301971 0.0505791 0.302974 
0.11387 0.334539 0.827418 
0.328019 0.676217 1.30245 
0.486646 0.832337 1.43236 
0.486769 0.71192 1.14712 
0.364915 0.428122 0.643222 
0.229905 0.179232 0.212929 
0.154685 0.0822582 0.0246181 
0.13453 0.111143 0.0440021 
0.13337 0.171182 0.132532 
0.145573 0.207452 0.193255 
0.199163 0.235245 0.222066 
0.307465 0.285989 0.250884 
0.437771 0.353108 0.281483 
0.539937 0.403667 0.29019 
0.604183 0.432938 0.280515 
0.684165 0.490051 0.304142 
0.858636 0.640836 0.41684 
1.1632 0.903088 0.616194 
1.54496 1.21361 0.827414 
1.87237 1.45366 0.950795 
1.99846 1.51368 0.926622 
1.84566 1.35591 0.766481 
1.46051 1.03778 0.536588 
0.994168 0.68142 0.316163 
0.613977 0.408157 0.164126 
0.410282 0.282799 0.111135 
0.371119 0.303256 0.168063 
0.433748 0.429309 0.328403 
0.549745 0.611682 0.555366 
