0.748979 0.147327 0.0451033 
0.549596 0.0964835 0.113827 
0.3955 0.102483 0.251704 
0.300291 0.171316 0.455775 
0.258389 0.287696 0.698285 
0.249828 0.418711 0.930985 
0.250437 0.525473 1.10011 
0.242511 0.577745 1.16579 
0.220514 0.564427 1.11662 
0.189195 0.495052 0.972297 
0.156363 0.392686 0.773963 
0.125944 0.283334 0.567991 
0.0963719 0.187839 0.391466 
0.0649561 0.11919 0.264692 
0.0340529 0.0836443 0.191092 
0.0132966 0.0820551 0.161367 
0.015336 0.109374 0.158697 
0.0478794 0.153776 0.163929 
0.108075 0.198527 0.161098 
0.183552 0.227803 0.142743 
0.25913 0.233667 0.112555 
0.323675 0.219146 0.0826276 
0.371737 0.19444 0.0655207 
0.399503 0.168572 0.0655207 
0.400063 0.142901 0.0753099 
0.364234 0.112132 0.0812346 
0.288599 0.0726331 0.0740783 
0.185514 0.0314795 0.0574217 
0.0862643 0.00799971 0.0465707 
0.0319247 0.0245353 0.0576699 
0.0548179 0.0913955 0.0943236 
0.160816 0.196252 0.141809 
0.323475 0.30621 0.174231 
0.49421 0.382576 0.1708 
0.622954 0.399761 0.130538 
0.677763 0.356918 0.0751893 
0.653346 0.275847 0.0379613 
0.566211 0.187731 0.0452594 
0.442216 0.118062 0.103248 
0.30566 0.0791109 0.197589 
0.175826 0.0730529 0.30572 
0.0702538 0.101094 0.412794 
0.00885563 0.170099 0.520367 
0.0127975 0.29067 0.642145 
0.0965348 0.467296 0.789879 
0.257232 0.687383 0.958944 
0.468928 0.917563 1.12339 
0.687138 1.11177 1.24439 
0.864009 1.22854 1.28807 
0.96782 1.24933 1.2428 
0.997203 1.18795 1.12669 
0.98202 1.08565 0.980637 
0.968978 0.993165 0.850585 
0.997827 0.947834 0.767556 
1.07942 0.956732 0.735318 
1.18696 0.993962 0.731288 
1.26591 1.01365 0.719646 
1.25892 0.972571 0.66984 
1.13441 0.851746 0.571508 
0.905032 0.666984 0.439144 
0.62679 0.463615 0.305087 
0.378794 0.298133 0.204804 
0.232608 0.215192 0.161514 
0.224813 0.229991 0.176777 
0.344285 0.323066 0.230483 
0.538472 0.448722 0.289503 
0.734537 0.552754 0.321001 
0.865576 0.591939 0.305117 
0.8915 0.54808 0.242509 
0.807927 0.432261 0.154351 
0.642095 0.278944 0.0749901 
0.439601 0.132929 0.0398058 
0.248009 0.0341494 0.0723888 
0.103119 0.00557844 0.175658 
0.0217271 0.0482358 0.330554 
0.0021984 0.144841 0.503451 
0.0315424 0.270402 0.659896 
0.0954127 0.404989 0.779052 
0.18609 0.542434 0.861991 
0.304074 0.69007 0.929093 
0.451912 0.858882 1.00686 
0.62347 1.04898 1.11023 
0.795573 1.23896 1.2298 
0.929016 1.3868 1.33149 
0.98127 1.44418 1.37011 
0.925942 1.37818 1.31053 
0.768511 1.18915 1.14567 
0.548327 0.914502 0.90195 
0.323857 0.615522 0.629479 
0.147941 0.353415 0.382313 
0.0462221 0.166797 0.198637 
0.0106144 0.0616604 0.089925 
0.0109661 0.0175981 0.0426605 
0.0174791 0.00524814 0.0299008 
0.0203119 0.00459304 0.0261712 
0.0348961 0.0145305 0.0189717 
0.0901979 0.0497141 0.0126583 
0.207033 0.127475 0.0237833 
0.378946 0.252205 0.0700316 
0.566594 0.40535 0.157336 
0.709532 0.546573 0.271203 
0.750834 0.626962 0.377715 
0.663954 0.609971 0.436072 
0.469916 0.491589 0.418611 
0.236413 0.309911 0.328771 
0.0574018 0.137379 0.20641 
0.0198715 0.0561734 0.115145 
0.170532 0.125834 0.115926 
0.496342 0.35745 0.239366 
0.927706 0.707004 0.471056 
1.3635 1.0917 0.757466 
1.70719 1.42176 1.029 
1.89843 1.63273 1.22792 
1.92735 1.70388 1.3275 
1.82784 1.65673 1.33506 
1.65615 1.53771 1.28081 
1.46686 1.39622 1.20123 
1.29675 1.26834 1.12564 
1.16106 1.1711 1.07035 
1.05915 1.10547 1.03925 
0.983554 1.06285 1.02692 
0.927249 1.03102 1.02175 
0.887418 0.998388 1.00884 
0.866881 0.957829 0.974114 
0.874619 0.910682 0.909894 
0.925431 0.869851 0.820323 
1.03738 0.859424 0.723465 
1.22603 0.90897 0.647945 
1.49626 1.04321 0.624408 
1.83475 1.27041 0.674534 
2.20663 1.57399 0.801541 
2.5591 1.91129 0.985633 
2.83195 2.22073 1.18634 
2.97261 2.43646 1.35189 
2.95111 2.5064 1.43363 
2.76981 2.40822 1.40149 
2.46377 2.15739 1.25488 
2.09037 1.80306 1.02399 
1.71114 1.41219 0.759445 
1.37278 1.04767 0.513785 
1.09591 0.749535 0.322803 
0.877227 0.52818 0.195754 
0.704082 0.372232 0.119183 
0.572986 0.265704 0.0715206 
0.500043 0.203382 0.039197 
0.514951 0.19427 0.0241328 
0.639887 0.250555 0.0381378 
0.865015 0.369506 0.0885759 
1.13666 0.521463 0.165911 
1.36875 0.654347 0.243008 
1.47517 0.715028 0.288492 
1.40765 0.676576 0.286816 
1.17898 0.555269 0.252256 
0.858308 0.40596 0.226714 
0.539982 0.296573 0.260425 
0.302196 0.274732 0.385081 
0.17662 0.344445 0.593919 
0.143567 0.465294 0.84009 
0.152501 0.574076 1.05488 
0.154098 0.616629 1.17676 
0.125209 0.572702 1.17675 
0.0741878 0.461523 1.06791 
0.0267497 0.327075 0.895377 
0.00388284 0.213106 0.71354 
0.00686308 0.142712 0.562901 
0.0186164 0.113375 0.45827 
0.0196699 0.108659 0.392954 
0.00753108 0.11776 0.354369 
0.0060447 0.149689 0.340255 
0.0572359 0.232213 0.364717 
0.198723 0.394924 0.449693 
0.438808 0.64567 0.606557 
0.743595 0.954419 0.819169 
1.04458 1.25546 1.03987 
1.26424 1.46917 1.20308 
1.3473 1.53366 1.25105 
1.28221 1.43067 1.15918 
1.10259 1.19278 0.947453 
0.869246 0.888681 0.672364 
0.643412 0.594845 0.403574 
0.465375 0.368086 0.197607 
0.348005 0.231681 0.0810838 
0.285032 0.178852 0.0496541 
0.265641 0.187813 0.0798342 
0.285038 0.23772 0.144968 
0.345354 0.316957 0.226485 
0.448783 0.421665 0.316364 
0.589495 0.548552 0.412445 
0.750261 0.68808 0.511514 
0.905207 0.822188 0.604845 
1.02607 0.927191 0.678394 
1.08849 0.980137 0.717224 
1.07695 0.966222 0.711933 
0.988714 0.884932 0.663984 
0.836625 0.752381 0.586926 
0.648536 0.59767 0.501807 
0.460719 0.453078 0.42809 
0.305713 0.341711 0.374659 
0.200022 0.269204 0.336823 
0.139363 0.225123 0.30235 
0.105487 0.193982 0.263556 
0.080739 0.168744 0.22711 
0.0603183 0.156825 0.213348 
0.0532817 0.173307 0.243458 
0.0716344 0.225607 0.322039 
0.116317 0.301208 0.427375 
0.171738 0.369036 0.517859 
0.214008 0.395503 0.552403 
0.227087 0.365128 0.512768 
0.214414 0.291471 0.413863 
0.196821 0.210498 0.295911 
0.198147 0.160817 0.204221 
0.229519 0.164214 0.169689 
0.284102 0.219015 0.201067 
0.345734 0.308941 0.290797 
0.404066 0.419111 0.426974 
0.464139 0.546771 0.60141 
0.543025 0.699472 0.808651 
0.656132 0.883248 1.0386 
0.803135 1.09017 1.26999 
0.963148 1.29426 1.47066 
1.10183 1.45828 1.60531 
1.18549 1.54716 1.6465 
1.19398 1.54074 1.58362 
1.12687 1.44039 1.42638 
1.00188 1.26834 1.20281 
0.848519 1.06164 0.953663 
0.700219 0.863774 0.725379 
0.587166 0.716508 0.563228 
0.531044 0.653417 0.505135 
0.542372 0.695568 0.576238 
0.620554 0.848912 0.783706 
0.755634 1.10222 1.11164 
0.929714 1.42489 1.51723 
1.11678 1.76593 1.93132 
1.28222 2.05766 2.26742 
1.3857 2.22778 2.44082 
1.39061 2.2196 2.39458 
1.27886 2.01445 2.12242 
1.06417 1.64518 1.67721 
0.794879 1.19147 1.15752 
0.540849 0.755146 0.675315 
0.368484 0.425077 0.317862 
0.315275 0.247375 0.121096 
0.377098 0.215047 0.066161 
0.514443 0.280568 0.0987619 
0.672936 0.382637 0.15914 
0.805893 0.471808 0.206297 
0.887301 0.522851 0.225736 
0.911562 0.53184 0.221324 
0.885415 0.505627 0.201277 
