0.451757 1.04093 1.75394 
0.438097 0.911484 1.51378 
0.361541 0.737858 1.25712 
0.242672 0.550087 1.02171 
0.119627 0.368512 0.811028 
0.0312479 0.216585 0.642282 
0.000132689 0.124668 0.567713 
0.0228045 0.115715 0.644862 
0.0718456 0.184901 0.883484 
0.109858 0.293916 1.21922 
0.109371 0.389313 1.53959 
0.0692068 0.433921 1.74308 
0.0183811 0.428696 1.787 
0.00364198 0.408519 1.69274 
0.0648146 0.41423 1.5121 
0.209972 0.460677 1.28619 
0.405366 0.524316 1.02864 
0.589197 0.561051 0.742518 
0.70471 0.543872 0.453611 
0.734272 0.494312 0.230768 
0.712341 0.483176 0.172301 
0.706484 0.594546 0.359896 
0.77583 0.871679 0.803871 
0.931946 1.27755 1.41282 
1.12666 1.69649 2.01064 
1.27489 1.98 2.39926 
1.29931 2.0141 2.4396 
1.17171 1.77335 2.11173 
0.929293 1.33444 1.52474 
0.659654 0.844461 0.872134 
0.464962 0.461714 0.3552 
0.425565 0.298883 0.110292 
0.580257 0.393633 0.170715 
0.927437 0.714283 0.474149 
1.43569 1.18795 0.904152 
2.0462 1.728 1.3408 
2.66141 2.2446 1.6966 
3.13788 2.64222 1.92689 
3.31375 2.82443 2.01984 
3.08028 2.72167 1.97989 
2.46077 2.33209 1.81704 
1.63184 1.74287 1.54666 
0.850225 1.10524 1.19723 
0.321661 0.571073 0.818237 
0.10241 0.230172 0.477592 
0.101505 0.0857162 0.240049 
0.1703 0.0740245 0.13184 
0.201942 0.107939 0.117805 
0.173976 0.121473 0.122384 
0.12903 0.103245 0.0946489 
0.131825 0.105769 0.0672999 
0.232704 0.214381 0.144681 
0.441479 0.479858 0.410333 
0.712699 0.858805 0.82914 
0.957064 1.21865 1.24158 
1.08561 1.4162 1.46792 
1.05988 1.38794 1.43169 
0.906159 1.17513 1.19221 
0.684187 0.872129 0.870563 
0.447536 0.561395 0.559288 
0.235694 0.298701 0.304756 
0.0924478 0.140133 0.151744 
0.0687018 0.14909 0.165066 
0.188435 0.352314 0.381445 
0.40987 0.689594 0.744606 
0.633114 1.02678 1.11284 
0.762741 1.24093 1.35447 
0.773525 1.30567 1.44656 
0.716628 1.29468 1.47902 
0.658289 1.29671 1.55613 
0.611473 1.32263 1.68789 
0.532457 1.29595 1.77431 
0.389621 1.13814 1.69708 
0.229724 0.863107 1.43028 
0.156816 0.579801 1.06404 
0.227491 0.393324 0.72184 
0.369735 0.306437 0.460683 
0.429777 0.232579 0.258865 
0.321985 0.113318 0.0962951 
0.131495 0.00928421 0.0221812 
0.0482878 0.0503021 0.114675 
0.1834 0.284576 0.366633 
0.45046 0.589845 0.633718 
0.636034 0.754719 0.726926 
0.590297 0.659489 0.572775 
0.35415 0.381682 0.283134 
0.117442 0.134631 0.0690066 
0.0729163 0.11452 0.0910991 
0.30468 0.396518 0.384799 
0.77525 0.935089 0.892695 
1.36869 1.6128 1.52363 
1.93013 2.27256 2.16452 
2.29876 2.73892 2.66667 
2.36118 2.87008 2.87611 
2.11353 2.63445 2.71845 
1.67803 2.14677 2.26477 
1.24056 1.61325 1.70434 
0.94661 1.21521 1.23426 
0.833913 1.01789 0.952024 
0.847499 0.968028 0.829536 
0.911702 0.967531 0.773158 
0.991109 0.953991 0.708356 
1.0939 0.927312 0.622233 
1.22995 0.917672 0.545263 
1.37596 0.939756 0.506146 
1.48486 0.978787 0.50637 
1.52422 1.01108 0.528882 
1.49614 1.02416 0.556731 
1.41592 1.0105 0.575018 
1.28189 0.951521 0.561563 
1.08458 0.827065 0.493114 
0.853894 0.651548 0.37225 
0.682927 0.491153 0.242708 
0.676409 0.423802 0.162702 
0.852977 0.467614 0.154225 
1.0962 0.55123 0.182817 
1.21822 0.566776 0.194832 
1.09495 0.461782 0.174224 
0.759126 0.282826 0.155905 
0.371998 0.130403 0.180629 
0.101209 0.0713896 0.242512 
0.00905674 0.0917618 0.288483 
0.037096 0.127016 0.271676 
0.0866667 0.133893 0.203898 
0.119783 0.136243 0.155372 
0.197416 0.208646 0.202837 
0.427798 0.415457 0.371816 
0.867 0.753323 0.616728 
1.44734 1.13655 0.846549 
1.98705 1.43293 0.971996 
2.27766 1.52736 0.944719 
2.19495 1.37861 0.773243 
1.76795 1.04161 0.516415 
1.16889 0.6465 0.26177 
0.632274 0.344168 0.0953027 
0.345311 0.240418 0.0687959 
0.363506 0.347412 0.175884 
0.592552 0.577983 0.352361 
0.846717 0.791415 0.50826 
0.95359 0.869666 0.577199 
0.846236 0.779094 0.549917 
0.588461 0.577827 0.466163 
0.320593 0.366145 0.372852 
0.165458 0.219118 0.286885 
0.158451 0.151091 0.196542 
0.243372 0.131305 0.0968129 
0.326089 0.126819 0.0191525 
0.340316 0.131534 0.0207967 
0.280157 0.160211 0.139056 
0.185983 0.221064 0.351734 
0.104871 0.296956 0.580933 
0.0588686 0.35252 0.739124 
0.0403523 0.359038 0.781045 
0.0298047 0.314973 0.723505 
0.0168628 0.24673 0.624321 
0.0082009 0.191417 0.541999 
0.0193947 0.175452 0.505526 
0.0599834 0.202289 0.508739 
0.123657 0.253786 0.524123 
0.189666 0.301257 0.521849 
0.233383 0.318998 0.483188 
0.238973 0.29446 0.405364 
0.20701 0.232168 0.299892 
0.15346 0.150972 0.187234 
0.101392 0.076288 0.0896858 
0.0706424 0.03078 0.0245115 
0.0710161 0.0275803 0.000139719 
0.101166 0.0683452 0.0172994 
0.151172 0.145116 0.0734218 
0.206023 0.24323 0.165395 
0.249866 0.344198 0.287226 
0.272213 0.429975 0.425165 
0.274144 0.489217 0.557128 
0.268884 0.522208 0.660058 
0.274209 0.539929 0.720842 
0.303016 0.557494 0.742307 
0.361771 0.587662 0.739833 
0.457087 0.638496 0.73132 
0.597974 0.712057 0.726353 
0.78384 0.799367 0.719592 
0.987505 0.875463 0.692366 
1.1557 0.905497 0.624439 
1.23582 0.864627 0.510885 
1.20889 0.756926 0.370987 
1.09838 0.614648 0.239344 
0.948896 0.478093 0.146236 
0.798305 0.376645 0.106747 
0.668209 0.326563 0.127369 
0.570584 0.336946 0.214817 
0.511929 0.405988 0.367063 
0.489911 0.510255 0.553353 
0.496761 0.610557 0.715408 
0.534818 0.683033 0.806048 
0.623094 0.745799 0.833827 
0.773406 0.842731 0.861323 
0.952882 0.989613 0.946053 
1.07985 1.13726 1.07711 
1.07392 1.19746 1.17276 
0.919757 1.11266 1.14504 
0.680724 0.902192 0.970282 
0.44825 0.643259 0.703013 
0.279755 0.413614 0.4319 
0.184292 0.255463 0.229404 
0.155168 0.184248 0.137001 
0.197573 0.211753 0.178157 
0.316243 0.345138 0.363436 
0.485198 0.563143 0.672504 
0.643896 0.802583 1.03383 
0.72846 0.976219 1.33186 
0.705109 1.01011 1.44859 
0.578753 0.876732 1.31996 
0.386357 0.613017 0.977655 
0.194958 0.320554 0.551335 
0.094889 0.136799 0.219597 
0.16094 0.169281 0.121721 
0.389158 0.419245 0.274951 
0.668432 0.75609 0.556164 
0.838162 0.98483 0.774245 
0.803212 0.972348 0.79139 
0.607467 0.735373 0.605632 
0.393985 0.416587 0.333354 
0.285771 0.171888 0.112758 
0.296371 0.0673616 0.0117006 
0.344388 0.0647689 0.00794988 
0.341783 0.0856369 0.0375711 
0.26445 0.0805569 0.0529311 
0.150507 0.0483275 0.0431684 
0.0524595 0.0130073 0.0203401 
0.00312066 0.000671089 0.00323041 
0.0187817 0.0357642 0.0146036 
0.113322 0.140904 0.0789185 
0.291933 0.321384 0.206005 
0.52822 0.543595 0.370379 
0.754889 0.734669 0.511155 
0.887297 0.815334 0.56279 
0.86824 0.747376 0.498129 
0.704845 0.563259 0.352475 
0.474928 0.357919 0.21073 
0.297528 0.245833 0.163984 
0.278117 0.303604 0.258844 
0.451694 0.525447 0.466324 
0.755142 0.817151 0.689559 
1.05277 1.03927 0.811941 
1.20879 1.08172 0.762798 
1.16334 0.925261 0.560344 
0.958153 0.646519 0.300178 
0.693271 0.361878 0.0946297 
0.45266 0.154202 0.00738477 
0.263007 0.0405504 0.032521 
0.116598 0.000627221 0.128081 
0.0255741 0.0286344 0.265729 
