0.468452 0.557333 0.620723 
0.528064 0.684985 0.821698 
0.545002 0.772542 0.991157 
0.533994 0.802321 1.07807 
0.51217 0.763857 1.04664 
0.488943 0.658978 0.894331 
0.462408 0.504528 0.657018 
0.423611 0.330392 0.397854 
0.364949 0.171991 0.18397 
0.286866 0.0594055 0.0616047 
0.199002 0.00784186 0.0413856 
0.116026 0.0142138 0.100391 
0.0514577 0.0614942 0.198675 
0.0130349 0.12801 0.300256 
0.00122646 0.196118 0.38688 
0.0103506 0.255658 0.458111 
0.0309389 0.301575 0.520114 
0.0524723 0.329137 0.572173 
0.0662956 0.331537 0.600598 
0.0684801 0.302342 0.584213 
0.0617567 0.241393 0.507962 
0.0552925 0.159877 0.376227 
0.0617094 0.0805653 0.217705 
0.0921334 0.0319938 0.0786391 
0.151277 0.0388579 0.00730571 
0.234718 0.112884 0.0367292 
0.329539 0.248042 0.172812 
0.417992 0.421813 0.392086 
0.482736 0.601695 0.64906 
0.511921 0.75441 0.889712 
0.502829 0.854883 1.06627 
0.463388 0.892612 1.14893 
0.411281 0.874005 1.13196 
0.370451 0.820149 1.03319 
0.365024 0.760238 0.8876 
0.411386 0.721877 0.736339 
0.510444 0.720745 0.61402 
0.643307 0.753262 0.537793 
0.773603 0.795998 0.502382 
0.857607 0.81364 0.483847 
0.85965 0.773577 0.45151 
0.76674 0.661317 0.383406 
0.595425 0.489381 0.278105 
0.386981 0.294773 0.15689 
0.192757 0.125697 0.0549617 
0.0566977 0.0238028 0.0060697 
0.00323706 0.0104337 0.0283281 
0.035086 0.0826197 0.11785 
0.139323 0.218828 0.252157 
0.295884 0.389488 0.400146 
0.482844 0.566147 0.532923 
0.677106 0.725914 0.630869 
0.853697 0.851967 0.6856 
0.988065 0.933142 0.698282 
1.06286 0.964834 0.676643 
1.07607 0.950832 0.632172 
1.04492 0.903942 0.577813 
1.00192 0.843693 0.525948 
0.983671 0.791487 0.486796 
1.01782 0.765282 0.467558 
1.11367 0.775969 0.472442 
1.26012 0.826055 0.502975 
1.42992 0.909767 0.557757 
1.58757 1.01344 0.63122 
1.69726 1.11614 0.712061 
1.72983 1.19174 0.78291 
1.66825 1.21382 0.822826 
1.51192 1.16326 0.812997 
1.27845 1.036 0.744126 
1.00147 0.84749 0.622358 
0.723628 0.63059 0.470414 
0.486108 0.426932 0.322368 
0.318456 0.274735 0.21349 
0.232499 0.198115 0.169256 
0.222468 0.202001 0.198165 
0.27003 0.27368 0.290923 
0.350758 0.388686 0.425136 
0.438816 0.517386 0.572257 
0.509337 0.63004 0.703634 
0.540603 0.700659 0.794647 
0.518389 0.711296 0.827961 
0.442061 0.657114 0.796878 
0.328529 0.549861 0.707968 
0.209319 0.416136 0.580536 
0.119519 0.28895 0.441331 
0.0830795 0.195523 0.315828 
0.102548 0.147541 0.220261 
0.1594 0.139229 0.158498 
0.224648 0.153748 0.124789 
0.273008 0.173291 0.109675 
0.292374 0.186672 0.105067 
0.284602 0.19117 0.106334 
0.259897 0.189904 0.112055 
0.230259 0.188244 0.123153 
0.20568 0.19132 0.141812 
0.192654 0.202033 0.169068 
0.192732 0.218446 0.200846 
0.200867 0.231863 0.225179 
0.206463 0.22911 0.225032 
0.199696 0.200872 0.188348 
0.180894 0.152294 0.120459 
0.165507 0.107237 0.0491547 
0.177704 0.0992778 0.0150428 
0.233527 0.151624 0.0495973 
0.324459 0.258219 0.153776 
0.415245 0.380683 0.292436 
0.461381 0.46643 0.410523 
0.436747 0.478055 0.462012 
0.35213 0.414523 0.433044 
0.249795 0.309262 0.344606 
0.17601 0.206567 0.234861 
0.150451 0.133738 0.135728 
0.155028 0.0894658 0.0611829 
0.151243 0.0563837 0.0139089 
0.114076 0.0267628 0.0012757 
0.0575011 0.0198383 0.0438519 
0.0319806 0.0753362 0.166055 
0.094015 0.225897 0.373923 
0.267592 0.467479 0.636986 
0.523074 0.749251 0.890158 
0.787162 0.99149 1.05818 
0.977314 1.12134 1.08936 
1.03948 1.1053 0.978871 
0.968354 0.960588 0.768562 
0.802067 0.741871 0.525165 
0.598906 0.513935 0.310857 
0.411383 0.326598 0.162253 
0.270498 0.203092 0.0861278 
0.183893 0.142955 0.0691421 
0.143288 0.132571 0.0919829 
0.133823 0.155011 0.138856 
0.140348 0.194716 0.199012 
0.149972 0.237742 0.263036 
0.152803 0.270974 0.319216 
0.142742 0.283102 0.353783 
0.118619 0.267556 0.355208 
0.0846126 0.225415 0.319687 
0.0488377 0.165866 0.254106 
0.0200825 0.103151 0.174313 
0.00396973 0.0510545 0.0992028 
0.0005059 0.017608 0.0434997 
0.00450363 0.00280737 0.0129152 
0.00888208 0.00055856 0.00405025 
0.00910565 0.00363671 0.00870244 
0.00608203 0.0085319 0.0196622 
0.00549351 0.0170246 0.0342726 
0.0136489 0.0334042 0.0536314 
0.0323172 0.0592331 0.0783966 
0.0560241 0.0894798 0.104676 
0.0740442 0.113226 0.123601 
0.0763881 0.119209 0.125675 
0.060313 0.103032 0.107432 
0.0331959 0.0713701 0.075853 
0.00962392 0.0400089 0.0469831 
0.00408499 0.0263505 0.0386994 
0.023406 0.0404933 0.0614363 
0.0632676 0.0799961 0.112183 
0.110614 0.131197 0.175252 
0.150243 0.176051 0.229356 
0.17162 0.200409 0.256992 
0.172324 0.199308 0.251215 
0.15702 0.17715 0.216834 
0.133579 0.143768 0.166417 
0.109162 0.109329 0.114011 
0.0882468 0.0807967 0.0699768 
0.0727683 0.0610721 0.0389539 
0.0632375 0.0501473 0.0209551 
0.059612 0.0468669 0.0140507 
0.0614683 0.0500812 0.016655 
0.0677015 0.0586804 0.0280212 
0.0761396 0.0707323 0.0468421 
0.0833693 0.0825519 0.0692756 
0.0851193 0.0888187 0.0884082 
0.0776026 0.0844531 0.0964317 
0.0597536 0.0677046 0.0887653 
0.0352397 0.0424648 0.0673647 
0.0123845 0.0175357 0.0403538 
0.000896584 0.00231429 0.0175339 
0.00659558 0.00122561 0.00467764 
0.0274729 0.0108758 0.000910184 
0.0542364 0.0224163 0.0012391 
0.0755002 0.0276697 0.00194844 
0.0841881 0.0243772 0.00392351 
0.0807171 0.0165411 0.0107654 
0.0712337 0.0100732 0.0235325 
0.0632454 0.00809315 0.0375282 
0.0625597 0.0102273 0.0449894 
0.0730101 0.0158942 0.041821 
0.0966914 0.0270861 0.0320189 
0.131741 0.0464193 0.0249139 
0.168501 0.0715693 0.0270586 
0.189366 0.0924317 0.0362381 
0.176983 0.0963948 0.0437606 
0.128367 0.079543 0.043414 
0.0643592 0.0541262 0.0384739 
0.0235368 0.043324 0.0392128 
0.0399533 0.0644543 0.052322 
0.118222 0.113138 0.0722235 
0.224987 0.162615 0.0835969 
0.306021 0.18113 0.0741784 
0.31913 0.154842 0.0464213 
0.259913 0.0978329 0.0165454 
0.161846 0.0407637 0.00101471 
0.0714794 0.00772593 0.00309781 
0.0183079 0.000978968 0.0131986 
0.00167938 0.00616808 0.0238083 
0.00203779 0.012179 0.0446607 
0.00397777 0.0265147 0.101086 
0.0106259 0.0711015 0.212769 
0.0384698 0.161274 0.369179 
0.0993582 0.286278 0.524047 
0.18643 0.408941 0.61745 
0.27558 0.486007 0.611315 
0.339947 0.493515 0.51229 
0.364878 0.438358 0.365489 
0.352695 0.349487 0.225299 
0.316591 0.258327 0.125884 
0.271029 0.183863 0.0710103 
0.225965 0.130475 0.0450827 
0.186246 0.094697 0.0313528 
0.153089 0.0719014 0.0220879 
0.1251 0.0582088 0.0169195 
0.0994712 0.049885 0.016735 
0.0746572 0.0442448 0.0212629 
0.0532449 0.0419842 0.0309765 
0.0415763 0.047194 0.0482088 
0.0448652 0.0632351 0.0746747 
0.0614427 0.0880304 0.108838 
0.0818845 0.114253 0.147914 
0.0948244 0.135109 0.193186 
0.0946389 0.149746 0.251036 
0.0839133 0.161754 0.324632 
0.0686908 0.171559 0.401938 
0.0520289 0.171314 0.453448 
0.0331915 0.149854 0.447256 
0.0133605 0.104991 0.372799 
0.000645029 0.0509466 0.253271 
0.00665555 0.0111719 0.13348 
0.035736 0.000627446 0.0510026 
0.0774023 0.0136009 0.014538 
0.111815 0.0300972 0.00788202 
0.126099 0.0366423 0.0144355 
0.127185 0.0420207 0.0374539 
0.137619 0.0711006 0.0951011 
0.175664 0.139928 0.194258 
0.236595 0.234335 0.309341 
0.292738 0.31334 0.38977 
0.313493 0.336903 0.393423 
0.288104 0.295002 0.318148 
0.231255 0.213123 0.203647 
0.167835 0.130484 0.102225 
