1.58087 1.58666 1.49022 
2.25124 2.13009 1.92285 
2.52479 2.2765 2.00703 
2.3178 1.98174 1.73909 
1.77992 1.41775 1.28067 
1.15843 0.827833 0.825414 
0.648303 0.380363 0.485268 
0.330637 0.121793 0.274259 
0.196216 0.0167299 0.159618 
0.195386 0.00430209 0.10442 
0.279095 0.0325068 0.0746692 
0.427686 0.0796231 0.0430159 
0.655602 0.16695 0.012127 
0.971895 0.339672 0.0291029 
1.31714 0.609428 0.152615 
1.54855 0.906528 0.389012 
1.52127 1.10304 0.661735 
1.2125 1.10242 0.852773 
0.766883 0.915163 0.881725 
0.402039 0.64697 0.752531 
0.250559 0.413578 0.536078 
0.280225 0.265982 0.317629 
0.354909 0.186628 0.155283 
0.363949 0.138692 0.0672802 
0.300694 0.109603 0.0394246 
0.243383 0.118758 0.0443662 
0.284977 0.203732 0.0695093 
0.476526 0.403676 0.138562 
0.803732 0.737484 0.302809 
1.18648 1.1766 0.601323 
1.50456 1.63962 1.02799 
1.66059 2.03636 1.54449 
1.65448 2.33853 2.12574 
1.60227 2.6047 2.77466 
1.65747 2.91309 3.46627 
1.88158 3.2489 4.06725 
2.17442 3.45783 4.33338 
2.33441 3.33328 4.03628 
2.2062 2.78259 3.1477 
1.79635 1.93677 1.93305 
1.27027 1.10813 0.858552 
0.845981 0.623267 0.357529 
0.673956 0.65103 0.607857 
0.780716 1.13417 1.458 
1.089 1.84591 2.5284 
1.47577 2.51265 3.40514 
1.82416 2.92541 3.81015 
2.04962 2.99488 3.67586 
2.10338 2.74748 3.11963 
1.96704 2.28429 2.35774 
1.65239 1.73083 1.60861 
1.21113 1.1991 1.02265 
0.741112 0.769529 0.655707 
0.365549 0.485561 0.482083 
0.178795 0.350325 0.429621 
0.189357 0.325717 0.417488 
0.309688 0.345195 0.385233 
0.412224 0.344706 0.309197 
0.412962 0.29588 0.204573 
0.316253 0.216355 0.112541 
0.189528 0.14899 0.0770103 
0.0999221 0.128607 0.121461 
0.0716628 0.162644 0.236197 
0.0910828 0.234252 0.380003 
0.1368 0.315902 0.494776 
0.198214 0.380176 0.529461 
0.270879 0.406308 0.465478 
0.344489 0.386153 0.329089 
0.400029 0.327138 0.17788 
0.416925 0.246909 0.0663103 
0.382539 0.162783 0.0157314 
0.299468 0.0865566 0.0129975 
0.188578 0.0284804 0.0351028 
0.0839126 0.0014155 0.0726378 
0.018058 0.0157004 0.129994 
0.00581916 0.0687574 0.208168 
0.038304 0.142206 0.29332 
0.0910233 0.211254 0.363238 
0.137987 0.257874 0.402421 
0.162685 0.278036 0.411178 
0.163929 0.282212 0.405423 
0.15693 0.292194 0.411606 
0.165973 0.332312 0.456927 
0.207087 0.412856 0.552429 
0.271202 0.514522 0.676252 
0.325 0.590726 0.77409 
0.333758 0.593478 0.785375 
0.288726 0.506318 0.681077 
0.216165 0.359542 0.486624 
0.162981 0.217936 0.274545 
0.173372 0.151908 0.132784 
0.27156 0.208453 0.12603 
0.453118 0.391123 0.265938 
0.682368 0.653743 0.502191 
0.899755 0.914219 0.742186 
1.04445 1.0894 0.894989 
1.0842 1.13522 0.916565 
1.03145 1.06569 0.826695 
0.932657 0.937348 0.687251 
0.840359 0.813735 0.562304 
0.789805 0.737615 0.491667 
0.790606 0.723766 0.489584 
0.826414 0.762518 0.553219 
0.856482 0.821751 0.662692 
0.827202 0.852155 0.776185 
0.702411 0.808619 0.83943 
0.498041 0.682667 0.815361 
0.286657 0.517313 0.711513 
0.154119 0.381279 0.575915 
0.136473 0.317104 0.459939 
0.192138 0.308384 0.380644 
0.23727 0.297937 0.317176 
0.213786 0.240689 0.241894 
0.129885 0.142225 0.153203 
0.0423624 0.0503024 0.078705 
0.00570789 0.0130677 0.0497576 
0.0368918 0.0450754 0.0752982 
0.118386 0.126259 0.137918 
0.221518 0.223783 0.209664 
0.321537 0.311077 0.268944 
0.397442 0.372128 0.306261 
0.430506 0.398627 0.32143 
0.411535 0.389932 0.319912 
0.349432 0.354697 0.310003 
0.268188 0.307231 0.298355 
0.192166 0.25856 0.284779 
0.132825 0.210434 0.261582 
0.0879865 0.158503 0.219957 
0.0517359 0.101405 0.15886 
0.0246628 0.0473528 0.0891805 
0.0169062 0.0133195 0.0305159 
0.0436174 0.0182344 0.00349358 
0.115973 0.0739118 0.021709 
0.231211 0.17676 0.0853407 
0.366379 0.303615 0.177994 
0.481616 0.415943 0.269578 
0.53516 0.473865 0.326875 
0.503671 0.454458 0.328213 
0.395494 0.363623 0.273915 
0.247921 0.233721 0.185622 
0.11029 0.108621 0.0951428 
0.0233167 0.0254361 0.0302906 
0.0049446 0.00219044 0.0055633 
0.0467734 0.0347667 0.0203848 
0.119819 0.101422 0.0627306 
0.186892 0.172098 0.11504 
0.21831 0.220181 0.160697 
0.205332 0.23316 0.189713 
0.16404 0.217031 0.201339 
0.125869 0.191079 0.201875 
0.119107 0.175397 0.198822 
0.152275 0.178743 0.195401 
0.209552 0.194308 0.189181 
0.260628 0.205576 0.175327 
0.278349 0.197832 0.151676 
0.253164 0.167536 0.121686 
0.195998 0.123592 0.0929193 
0.12906 0.0802659 0.0718771 
0.0720616 0.0475571 0.0591119 
0.0336752 0.0265146 0.0489896 
0.0127346 0.0125774 0.0350613 
0.00541697 0.00301817 0.0170193 
0.0108554 0.00146045 0.00333937 
0.0310054 0.0157261 0.00695059 
0.0663859 0.0510312 0.0365305 
0.11188 0.10357 0.0889038 
0.155765 0.158897 0.147442 
0.183398 0.197211 0.188714 
0.184954 0.20414 0.195283 
0.162876 0.180688 0.1671 
0.13217 0.143747 0.122073 
0.110566 0.114332 0.0832748 
0.105174 0.102069 0.0625039 
0.107449 0.0995624 0.0545859 
0.101491 0.0915416 0.0467009 
0.0782595 0.0694761 0.0320479 
0.0435333 0.0383858 0.014461 
0.0144241 0.0121694 0.0025232 
0.00870272 0.00426048 0.00253558 
0.0341903 0.0207947 0.0168597 
0.0833644 0.0578009 0.0446558 
0.136029 0.101912 0.0805071 
0.169758 0.135641 0.11333 
0.17221 0.146314 0.1306 
0.146451 0.132754 0.126174 
0.106017 0.104045 0.104045 
0.0655051 0.0720853 0.0744602 
0.0343563 0.0450911 0.0471528 
0.016088 0.0267725 0.0282684 
0.0120874 0.0204686 0.0223175 
0.0292603 0.0345539 0.0353629 
0.0852383 0.0828758 0.074154 
0.197292 0.173173 0.138086 
0.352635 0.286957 0.208717 
0.489295 0.373356 0.251233 
0.526013 0.378736 0.237547 
0.432489 0.296095 0.174953 
0.269756 0.18064 0.105444 
0.142564 0.10128 0.0658895 
0.102003 0.0739336 0.0513125 
0.106156 0.057232 0.0318222 
0.0870234 0.0212535 0.00820748 
0.042114 0.00133597 0.0289024 
0.0348369 0.0577679 0.129366 
0.103445 0.184538 0.263103 
0.198044 0.28898 0.325215 
0.229557 0.282243 0.259955 
0.169157 0.175633 0.125707 
0.0746251 0.0644945 0.0318298 
0.0190505 0.0226388 0.0226254 
0.0178209 0.0386058 0.0510759 
0.0352916 0.0586885 0.0629636 
0.0408371 0.0608274 0.0671189 
0.0349442 0.0617926 0.0999602 
0.0287081 0.0701657 0.150004 
0.0240695 0.0686224 0.161047 
0.0205652 0.0471648 0.109492 
0.0234707 0.0253067 0.039963 
0.0344857 0.0254374 0.00789919 
0.045437 0.0416124 0.0147681 
0.0506037 0.0521062 0.0239805 
0.0551339 0.0506354 0.0198205 
0.0614975 0.0463978 0.0173012 
0.0597377 0.0428756 0.022802 
0.0453227 0.0386011 0.0229165 
0.0325747 0.0408169 0.0164099 
0.028224 0.0497922 0.0196634 
0.0127227 0.0385778 0.0277438 
0.00542259 0.00294246 0.0142683 
0.15929 0.0513241 0.00149859 
0.704178 0.369605 0.07884 
1.68493 0.994373 0.273442 
2.74545 1.62388 0.425431 
3.28225 1.77939 0.32497 
2.92766 1.26704 0.059507 
1.90083 0.460191 0.134091 
0.834907 0.0187077 1.05818 
0.236046 0.272536 2.72547 
0.125265 0.914728 4.28953 
0.183207 1.33083 4.7899 
0.154657 1.19214 3.95582 
0.049175 0.688364 2.38888 
0.00069748 0.233945 0.987332 
0.0515345 0.0534531 0.244012 
0.125679 0.0764993 0.0638287 
0.152289 0.133984 0.100237 
0.136981 0.146153 0.126659 
0.115197 0.126807 0.110343 
0.0955197 0.101713 0.0859921 
0.0721065 0.0810895 0.0695785 
0.0553785 0.0771034 0.0662796 
