0.661228 0.689034 0.609948 
0.598322 0.532648 0.386585 
0.46957 0.351513 0.199428 
0.318187 0.216659 0.126448 
0.194195 0.163885 0.172334 
0.113774 0.15985 0.249881 
0.0616342 0.139932 0.251823 
0.0228741 0.0787978 0.153364 
0.00269972 0.0177366 0.0417751 
0.0133605 0.0190893 0.0357789 
0.0502801 0.0985102 0.171977 
0.0900636 0.207972 0.371275 
0.112001 0.282428 0.512806 
0.116302 0.295253 0.533805 
0.12125 0.268753 0.46126 
0.147513 0.24229 0.364745 
0.204124 0.23802 0.293801 
0.27963 0.250605 0.255217 
0.341088 0.258057 0.230808 
0.350596 0.241676 0.205483 
0.296302 0.204414 0.183123 
0.208303 0.172714 0.182837 
0.134607 0.172825 0.217875 
0.0988681 0.200969 0.273861 
0.0899546 0.224103 0.312142 
0.0940985 0.216848 0.302861 
0.120171 0.190716 0.254548 
0.176461 0.17512 0.203931 
0.231325 0.172678 0.175757 
0.225662 0.15096 0.160853 
0.14134 0.0885389 0.137728 
0.0460346 0.0191392 0.107392 
0.0490283 0.0139438 0.0967572 
0.204651 0.116021 0.128638 
0.462333 0.297187 0.195918 
0.709326 0.478951 0.266108 
0.855004 0.589443 0.305232 
0.877797 0.601822 0.296484 
0.810675 0.532568 0.244859 
0.699627 0.417665 0.173029 
0.575043 0.291708 0.112782 
0.447715 0.179886 0.0933394 
0.320198 0.0993919 0.129978 
0.200005 0.0617518 0.216847 
0.10385 0.069862 0.326335 
0.0497456 0.113189 0.419488 
0.0445734 0.171366 0.469719 
0.0783073 0.227385 0.485539 
0.12859 0.276463 0.505797 
0.17212 0.320256 0.562103 
0.198345 0.356844 0.643426 
0.218444 0.382538 0.702876 
0.259383 0.401376 0.700461 
0.34422 0.425051 0.634953 
0.480334 0.46296 0.536089 
0.671966 0.519476 0.436959 
0.935274 0.601202 0.360959 
1.27836 0.717301 0.33214 
1.65748 0.872468 0.397424 
1.97482 1.07656 0.64373 
2.14669 1.36579 1.17581 
2.16861 1.77655 2.01667 
2.08376 2.24608 2.96895 
1.88664 2.54233 3.59396 
1.50776 2.37459 3.44597 
0.943624 1.66601 2.4551 
0.386164 0.730152 1.10708 
0.147978 0.105715 0.160307 
0.396402 0.135067 0.0763889 
0.960318 0.675617 0.672361 
1.43626 1.2345 1.32444 
1.51042 1.39351 1.51556 
1.18657 1.1116 1.20178 
0.724689 0.657935 0.70916 
0.400334 0.321414 0.365333 
0.335548 0.214753 0.267936 
0.507681 0.301384 0.341932 
0.832534 0.508769 0.501919 
1.19464 0.762707 0.69937 
1.44006 0.955644 0.861801 
1.4333 0.974801 0.885413 
1.18724 0.818391 0.741971 
0.927417 0.665223 0.568367 
0.957657 0.763237 0.587352 
1.38817 1.19241 0.89505 
1.97321 1.72904 1.32563 
2.25684 1.98178 1.55577 
1.94416 1.71209 1.3754 
1.16946 1.04852 0.871623 
0.396748 0.383125 0.346416 
0.0325656 0.0419859 0.0516833 
0.112518 0.0433457 0.00378255 
0.341283 0.157812 0.0429586 
0.408366 0.173118 0.0399713 
0.253129 0.0808372 0.0161472 
0.0582675 0.029497 0.0738152 
0.0500377 0.151716 0.257545 
0.331718 0.466126 0.516727 
0.860832 0.911723 0.784703 
1.50415 1.41151 1.04742 
2.0824 1.87791 1.31698 
2.41387 2.19857 1.56839 
2.40073 2.28155 1.7415 
2.12068 2.14364 1.8114 
1.82023 1.93833 1.83421 
1.77 1.86485 1.90486 
2.077 2.02265 2.06702 
2.60285 2.33373 2.26334 
3.0526 2.59382 2.36755 
3.16308 2.60768 2.26736 
2.85337 2.30911 1.9384 
2.24538 1.79044 1.46524 
1.56471 1.23477 0.998631 
1.00855 0.806863 0.674551 
0.668555 0.577603 0.546661 
0.536447 0.522945 0.577101 
0.557361 0.578778 0.685806 
0.677502 0.697547 0.813144 
0.856856 0.864099 0.9462 
1.05199 1.06817 1.09537 
1.195 1.26486 1.24849 
1.19939 1.36432 1.3452 
1.00745 1.27403 1.30028 
0.652962 0.974193 1.06834 
0.276796 0.563744 0.701149 
0.0532898 0.218613 0.338499 
0.0677777 0.0753471 0.121203 
0.251467 0.133804 0.091811 
0.441935 0.270055 0.173149 
0.517674 0.349382 0.245923 
0.479774 0.330437 0.248378 
0.410985 0.266319 0.203852 
0.371298 0.222279 0.16807 
0.346505 0.213223 0.175103 
0.293894 0.22435 0.24414 
0.217206 0.269304 0.414148 
0.177921 0.39579 0.727276 
0.2305 0.619795 1.15161 
0.356518 0.866876 1.53453 
0.470885 1.00245 1.67349 
0.49313 0.935831 1.46811 
0.410808 0.697433 1.01309 
0.277682 0.412696 0.534465 
0.159872 0.201877 0.223675 
0.0882817 0.102764 0.120206 
0.0544035 0.0762599 0.132838 
0.0358612 0.0662188 0.149767 
0.0185467 0.046355 0.122706 
0.00336693 0.0245462 0.0695235 
0.00564448 0.0241247 0.0303727 
0.0482341 0.0654251 0.0320105 
0.140724 0.148855 0.0744132 
0.255076 0.241447 0.129169 
0.329418 0.286655 0.152548 
0.312259 0.245912 0.119228 
0.210077 0.138673 0.0528077 
0.0871782 0.0348352 0.0147364 
0.0157025 0.000892987 0.0531805 
0.0273728 0.0537243 0.162884 
0.108711 0.163474 0.295994 
0.226001 0.287201 0.403531 
0.342177 0.389306 0.459104 
0.419304 0.440603 0.453421 
0.429526 0.423125 0.388845 
0.378036 0.349104 0.288919 
0.308819 0.265588 0.199465 
0.274946 0.224618 0.161889 
0.298775 0.244291 0.18155 
0.361538 0.301561 0.228296 
0.427069 0.360148 0.268439 
0.468714 0.39845 0.290503 
0.474521 0.4108 0.299845 
0.437146 0.392097 0.297086 
0.350369 0.332185 0.269923 
0.221601 0.229841 0.207333 
0.0875459 0.111197 0.119952 
0.0088037 0.0278874 0.0438103 
0.0319071 0.0241878 0.0174289 
0.142693 0.09491 0.0476773 
0.261001 0.178807 0.0993374 
0.299658 0.208155 0.127721 
0.240199 0.171958 0.124117 
0.14482 0.121276 0.118236 
0.0864857 0.104467 0.129154 
0.0751702 0.108796 0.12936 
0.0657875 0.0851557 0.0816433 
0.0328585 0.0286378 0.0126224 
0.0128002 0.00822435 0.0206765 
0.057219 0.0950515 0.182261 
0.156493 0.267788 0.450559 
0.233201 0.411695 0.66858 
0.219712 0.422745 0.698503 
0.132111 0.306567 0.539168 
0.0559917 0.167392 0.315438 
0.0581929 0.102582 0.158891 
0.118413 0.1162 0.105791 
0.155332 0.140779 0.109188 
0.126923 0.141732 0.138089 
0.101457 0.186571 0.243847 
0.20492 0.383475 0.503392 
0.468322 0.728521 0.883734 
0.732634 1.02971 1.18681 
0.758665 1.03947 1.18462 
0.479464 0.705555 0.844783 
0.122852 0.266817 0.396573 
0.0138404 0.039741 0.122877 
0.230036 0.0995325 0.0875993 
0.5076 0.227583 0.121042 
0.53671 0.200468 0.08199 
0.304326 0.0592935 0.0470705 
0.0654148 0.0112164 0.163261 
0.000692894 0.110675 0.374623 
0.0298798 0.181304 0.441783 
0.0159591 0.0998791 0.2673 
0.031487 0.024729 0.0680618 
0.271826 0.204526 0.112547 
0.72741 0.609843 0.363431 
1.0993 0.912995 0.527521 
1.10726 0.864343 0.442409 
0.787581 0.560057 0.251995 
0.408776 0.271413 0.154604 
0.167052 0.125568 0.139584 
0.0643945 0.0690039 0.0952328 
0.0346018 0.0601561 0.0546881 
0.0511001 0.128083 0.144502 
0.0909731 0.2415 0.325162 
0.104605 0.278126 0.384525 
0.0770299 0.18616 0.235774 
0.0522185 0.0669792 0.0531751 
0.0548751 0.0285674 0.0226419 
0.0519568 0.04796 0.0984736 
0.0254485 0.0508258 0.125952 
0.00484809 0.0360271 0.0824193 
0.00586173 0.0492758 0.0509695 
0.101469 0.176905 0.0813678 
0.675375 0.715921 0.290702 
2.37705 2.15499 0.977586 
5.40161 4.57476 2.24864 
8.71263 6.99037 3.46157 
10.3767 7.73871 3.50237 
9.12517 5.9853 2.04432 
5.64081 2.80883 0.349426 
2.07711 0.423175 0.283751 
0.212541 0.17008 2.35267 
0.152236 1.42446 5.00854 
0.751289 2.50484 6.12781 
0.978361 2.39659 5.00877 
0.679371 1.41766 2.74803 
0.258871 0.466756 0.892292 
0.0326823 0.0395596 0.0921257 
0.006742 0.026869 0.0183818 
