1.86444 2.31684 2.44998 
0.965162 1.39938 1.76347 
0.294933 0.567672 0.993457 
0.060446 0.0800671 0.385446 
0.311544 0.0645491 0.115012 
0.891985 0.434844 0.185821 
1.49246 0.917818 0.423919 
1.79914 1.20241 0.595242 
1.65828 1.12541 0.573485 
1.15348 0.764373 0.42739 
0.545914 0.366498 0.349244 
0.121632 0.167408 0.47888 
0.0471859 0.237705 0.772172 
0.313343 0.464968 1.02708 
0.774858 0.663536 1.04314 
1.2362 0.70944 0.778349 
1.52805 0.599805 0.379606 
1.55182 0.417143 0.0776935 
1.2987 0.256023 0.044105 
0.854253 0.180585 0.317093 
0.388581 0.234266 0.829312 
0.124876 0.471656 1.48799 
0.284085 0.968181 2.23476 
1.01306 1.7866 3.04683 
2.31299 2.91423 3.89199 
3.99298 4.20835 4.67925 
5.67941 5.39083 5.24565 
6.90505 6.1169 5.39889 
7.27095 6.10801 5.00477 
6.62294 5.29443 4.07854 
5.14727 3.88498 2.82199 
3.31039 2.30282 1.56527 
1.65595 1.00299 0.628145 
0.572197 0.273458 0.178634 
0.166888 0.141183 0.180996 
0.304268 0.428248 0.462338 
0.737795 0.89036 0.834734 
1.22526 1.32531 1.17452 
1.57456 1.60025 1.41936 
1.65693 1.63931 1.53172 
1.43663 1.43232 1.49613 
1.00047 1.05969 1.3504 
0.527175 0.674553 1.18912 
0.184914 0.419002 1.10495 
0.032771 0.337056 1.11787 
0.0146505 0.369369 1.17343 
0.0455119 0.434769 1.21832 
0.0974171 0.511612 1.2695 
0.201887 0.636286 1.39574 
0.381472 0.831159 1.62812 
0.595283 1.0485 1.89605 
0.756364 1.19052 2.05724 
0.796277 1.17986 1.99267 
0.710067 1.01005 1.68153 
0.547692 0.739481 1.20509 
0.374153 0.450829 0.69738 
0.237683 0.214706 0.28762 
0.160387 0.0708201 0.057692 
0.141204 0.0193448 0.0162174 
0.1632 0.0228879 0.095805 
0.209571 0.0312427 0.18807 
0.288167 0.0268438 0.210844 
0.444434 0.0581322 0.166431 
0.736702 0.220467 0.141664 
1.17505 0.580658 0.239728 
1.66731 1.09537 0.490371 
2.02938 1.59436 0.80872 
2.07668 1.85964 1.0401 
1.74483 1.75711 1.06317 
1.15019 1.32908 0.877502 
0.537245 0.77858 0.611289 
0.144205 0.354661 0.443173 
0.0801054 0.218344 0.493956 
0.291754 0.374858 0.76056 
0.624375 0.699813 1.12744 
0.915168 1.02099 1.4349 
1.05609 1.19657 1.55509 
1.00864 1.15778 1.43878 
0.794362 0.919077 1.1246 
0.485119 0.568482 0.719268 
0.191677 0.240094 0.357989 
0.0360826 0.0675818 0.154744 
0.108167 0.132043 0.160502 
0.427967 0.431171 0.3506 
0.937651 0.888153 0.648495 
1.52665 1.39261 0.969523 
2.07296 1.84651 1.25695 
2.47892 2.19098 1.49296 
2.68951 2.40723 1.68647 
2.69271 2.50028 1.85061 
2.5086 2.47925 1.98307 
2.17688 2.34718 2.05919 
1.74996 2.10698 2.04318 
1.29123 1.77781 1.91218 
0.869929 1.40501 1.67566 
0.546076 1.04967 1.37347 
0.350716 0.762189 1.05447 
0.276332 0.561008 0.755798 
0.286425 0.433112 0.498789 
0.337315 0.352558 0.296664 
0.395858 0.298798 0.157814 
0.442848 0.262342 0.0803231 
0.465416 0.239966 0.0494863 
0.449756 0.228061 0.046731 
0.383828 0.219103 0.0608752 
0.270995 0.202745 0.0876323 
0.143896 0.17231 0.119167 
0.0604364 0.133132 0.13983 
0.0723208 0.102818 0.135972 
0.182706 0.0974512 0.10815 
0.330603 0.114079 0.0703598 
0.425973 0.129461 0.0375651 
0.413677 0.120436 0.0161363 
0.311528 0.0858453 0.00499484 
0.188216 0.0459037 0.000861034 
0.104839 0.0208714 0.000183213 
0.0775484 0.0159258 0.00124995 
0.0914396 0.0309254 0.0126045 
0.139267 0.0812638 0.061832 
0.236297 0.19979 0.19002 
0.395754 0.410549 0.427818 
0.595816 0.698183 0.769037 
0.777179 1.00377 1.16332 
0.876183 1.25246 1.53375 
0.863667 1.39016 1.80628 
0.758442 1.40364 1.93363 
0.610614 1.31714 1.90637 
0.473054 1.17544 1.75212 
0.380931 1.02559 1.52449 
0.346892 0.903683 1.28403 
0.369347 0.830516 1.08013 
0.44766 0.819253 0.94699 
0.594087 0.888966 0.91564 
0.827877 1.06454 1.02107 
1.14432 1.34637 1.27797 
1.47753 1.66536 1.63043 
1.69973 1.8743 1.92788 
1.68505 1.81691 1.98246 
1.40609 1.4455 1.6947 
0.979243 0.88781 1.14835 
0.597905 0.380249 0.572518 
0.392524 0.100821 0.180669 
0.339381 0.0447632 0.0243228 
0.309045 0.0639514 0.000292162 
0.213162 0.037199 0.00219954 
0.105542 0.00259357 0.0542032 
0.13352 0.114059 0.277286 
0.38489 0.461339 0.716097 
0.78161 0.935266 1.21265 
1.12525 1.27921 1.47871 
1.25136 1.28569 1.32092 
1.15145 0.960088 0.815487 
0.961615 0.511586 0.271019 
0.842374 0.192896 0.0110462 
0.859583 0.132213 0.159406 
0.956607 0.2824 0.589102 
1.02134 0.497018 1.04398 
0.981909 0.647752 1.31353 
0.857651 0.692584 1.3336 
0.735364 0.665677 1.1733 
0.695253 0.622205 0.956249 
0.743396 0.59126 0.788095 
0.801427 0.569115 0.730062 
0.763917 0.54947 0.812968 
0.584789 0.561573 1.06348 
0.33043 0.683325 1.51669 
0.157123 1.01277 2.20322 
0.220801 1.60678 3.11317 
0.573495 2.41815 4.15292 
1.11362 3.27178 5.12409 
1.62799 3.91011 5.75821 
1.90689 4.10253 5.81781 
1.86194 3.76577 5.22406 
1.56821 3.01724 4.12807 
1.20216 2.11551 2.85865 
0.925092 1.3217 1.76222 
0.801524 0.779047 1.03937 
0.803781 0.49125 0.691385 
0.873645 0.392637 0.599367 
0.969186 0.427885 0.649538 
1.06121 0.56977 0.794095 
1.11044 0.781922 1.01619 
1.07356 0.990497 1.2637 
0.93801 1.1066 1.43413 
0.740335 1.07734 1.42807 
0.541119 0.915619 1.22051 
0.385747 0.689418 0.88999 
0.295698 0.488913 0.584869 
0.287209 0.389644 0.443462 
0.371553 0.412852 0.505042 
0.520581 0.495992 0.664017 
0.648858 0.515275 0.721622 
0.669743 0.384137 0.539565 
0.596744 0.169974 0.202234 
0.580816 0.110827 0.0373192 
0.813266 0.471632 0.424074 
1.362 1.33107 1.50238 
2.09572 2.48283 3.01591 
2.77768 3.55303 4.43809 
3.246 4.24354 5.29491 
3.51606 4.49914 5.43254 
3.72401 4.47577 5.03766 
3.98149 4.36854 4.43785 
4.27222 4.25854 3.87132 
4.45263 4.08031 3.38796 
4.32601 3.69357 2.89826 
3.74095 2.99008 2.28783 
2.69632 1.9935 1.52543 
1.42781 0.926471 0.733845 
0.395817 0.187712 0.188348 
0.0951932 0.178663 0.194919 
0.738776 1.02569 0.86966 
2.03523 2.39468 1.97026 
3.2914 3.60858 2.96727 
3.84043 4.06495 3.37796 
3.50071 3.66511 3.12806 
2.69422 2.89292 2.62013 
2.10689 2.44084 2.40837 
2.15534 2.6686 2.73572 
2.68895 3.33702 3.33537 
3.15129 3.82628 3.66997 
3.03873 3.63448 3.38534 
2.2734 2.73763 2.57398 
1.22746 1.5561 1.64727 
0.446209 0.627146 0.985911 
0.323519 0.28713 0.705073 
0.937665 0.568488 0.695685 
2.07155 1.27927 0.809796 
3.32715 2.11801 0.961969 
4.26932 2.75668 1.08524 
4.59188 2.93787 1.07771 
4.27426 2.61159 0.866636 
3.62531 2.01748 0.53176 
3.12655 1.58336 0.313612 
3.13485 1.65296 0.440628 
3.65444 2.24105 0.921407 
4.36534 3.02976 1.5143 
4.88917 3.61971 1.91987 
5.06886 3.82292 2.01953 
5.03506 3.75522 1.94189 
5.03215 3.67786 1.91321 
5.18432 3.75696 2.0493 
5.40693 3.95091 2.27581 
5.50875 4.08808 2.4186 
5.36114 4.02659 2.35268 
4.98345 3.74979 2.0777 
4.50192 3.34565 1.68591 
4.05045 2.9245 1.28316 
3.6971 2.55296 0.934461 
3.42607 2.2372 0.65775 
3.1619 1.94568 0.449285 
