1.7807 2.40107 2.31041 
1.73505 2.37779 2.31747 
1.62957 2.27237 2.25739 
1.48824 2.12229 2.16657 
1.35005 1.98081 2.09335 
1.25872 1.90069 2.08245 
1.25043 1.9188 2.1622 
1.3457 2.04814 2.33936 
1.54872 2.27972 2.60191 
1.85219 2.59071 2.92584 
2.24105 2.95136 3.28004 
2.6902 3.3257 3.62624 
3.15767 3.66743 3.91653 
3.58149 3.91861 4.09467 
3.88844 4.01822 4.10599 
4.01604 3.92119 3.9145 
3.93844 3.61939 3.51966 
3.6815 3.15212 2.96301 
3.3163 2.59767 2.31958 
2.93159 2.04751 1.67659 
2.59809 1.57489 1.10876 
2.34257 1.21278 0.661137 
2.14431 0.951249 0.345564 
1.95455 0.753759 0.149693 
1.72737 0.582158 0.0510419 
1.44547 0.416698 0.0273309 
1.12867 0.261608 0.058423 
0.822956 0.135999 0.122026 
0.578227 0.0582306 0.190271 
0.4274 0.0344567 0.233759 
0.376298 0.0576524 0.233576 
0.406425 0.115431 0.194255 
0.485645 0.198998 0.147445 
0.579509 0.305779 0.140317 
0.6586 0.434056 0.21249 
0.701732 0.574665 0.373647 
0.697351 0.707252 0.594988 
0.644601 0.805004 0.81991 
0.553241 0.845432 0.988212 
0.44087 0.820865 1.06129 
0.327992 0.743562 1.03736 
0.234078 0.64488 0.953093 
0.177597 0.570816 0.87446 
0.178893 0.574863 0.88049 
0.260054 0.705628 1.04065 
0.435679 0.986557 1.38586 
0.695232 1.39168 1.87924 
0.987668 1.83092 2.40218 
1.2239 2.16238 2.77461 
1.30604 2.2396 2.81696 
1.17538 1.98094 2.43694 
0.854381 1.4278 1.70067 
0.454182 0.754322 0.843078 
0.134393 0.210656 0.195774 
0.0292774 0.0174974 0.0532352 
0.177767 0.260977 0.536587 
0.497758 0.843646 1.52399 
0.823732 1.5222 2.6884 
0.991834 2.01782 3.63034 
0.928476 2.14564 4.04442 
0.694445 1.89846 3.84076 
0.459455 1.44358 3.16636 
0.419396 1.03708 2.32289 
0.698908 0.901256 1.6273 
1.28872 1.12676 1.28454 
2.04752 1.64366 1.32756 
2.76391 2.26747 1.6398 
3.2448 2.78915 2.03456 
3.38708 3.06151 2.34394 
3.20286 3.04387 2.47648 
2.79486 2.79414 2.4271 
2.30268 2.42404 2.25 
1.8501 2.04725 2.0192 
1.51598 1.74522 1.79865 
1.33425 1.55965 1.63111 
1.31218 1.50427 1.54134 
1.44929 1.58076 1.54318 
1.74331 1.786 1.64194 
2.18039 2.1066 1.82983 
2.71755 2.50652 2.07842 
3.27097 2.91821 2.33499 
3.72233 3.24745 2.52843 
3.94679 3.39533 2.58662 
3.85551 3.29191 2.46092 
3.43538 2.92778 2.14819 
2.76622 2.36733 1.69893 
2.00297 1.73377 1.20462 
1.32561 1.16846 0.767122 
0.876393 0.781364 0.46321 
0.711774 0.614902 0.320858 
0.790481 0.637658 0.318148 
1.00136 0.768557 0.402867 
1.21494 0.916541 0.519599 
1.33276 1.01464 0.628794 
1.31342 1.03397 0.710108 
1.16973 0.977284 0.754088 
0.94666 0.862854 0.753258 
0.696218 0.711522 0.7013 
0.461017 0.542727 0.600136 
0.268813 0.376378 0.467075 
0.133543 0.233725 0.333695 
0.0576058 0.133387 0.234735 
0.0336087 0.0846654 0.193152 
0.0468131 0.0835178 0.2105 
0.0794187 0.114754 0.268146 
0.115637 0.159276 0.337727 
0.14511 0.201811 0.394181 
0.163228 0.234946 0.424518 
0.169246 0.258443 0.429324 
0.164446 0.275877 0.41847 
0.151888 0.291481 0.404785 
0.137375 0.308871 0.399006 
0.13011 0.331577 0.407488 
0.141967 0.364397 0.432548 
0.185639 0.414793 0.474753 
0.272836 0.493995 0.536508 
0.41335 0.617634 0.626244 
0.614747 0.805238 0.761799 
0.881507 1.07739 0.970394 
1.21244 1.44933 1.28232 
1.59621 1.92109 1.71726 
2.00643 2.46691 2.26675 
2.39961 3.02958 2.88107 
2.7195 3.52601 3.47085 
2.90941 3.86668 3.92855 
2.9297 3.9842 4.16454 
2.77319 3.85909 4.14222 
2.46995 3.52905 3.89364 
2.07743 3.0749 3.50565 
1.65983 2.58896 3.08246 
1.26713 2.14141 2.70364 
0.924505 1.76154 2.39874 
0.636031 1.44132 2.14905 
0.397633 1.15595 1.91158 
0.209183 0.887193 1.64952 
0.078229 0.636736 1.35314 
0.0147855 0.424829 1.04372 
0.0224971 0.278073 0.762477 
0.0923356 0.214359 0.551878 
0.201741 0.231844 0.437462 
0.318707 0.305908 0.416594 
0.409335 0.395562 0.458664 
0.447737 0.458289 0.518029 
0.426187 0.468438 0.555373 
0.360762 0.430199 0.556927 
0.286684 0.375898 0.539406 
0.241788 0.347155 0.535383 
0.245089 0.367851 0.566639 
0.283819 0.425854 0.623066 
0.319677 0.477379 0.663207 
0.31285 0.473561 0.638596 
0.248787 0.392738 0.526891 
0.148815 0.256383 0.351144 
0.0560619 0.116949 0.170888 
0.00611192 0.0254091 0.0496998 
0.00371509 0.000709611 0.0199369 
0.023034 0.0218834 0.0670301 
0.0315448 0.0472694 0.142143 
0.0198175 0.0461743 0.193261 
0.0145363 0.0202889 0.193858 
0.064035 0.000463228 0.15197 
0.205488 0.0223809 0.0969157 
0.436292 0.0992406 0.0556136 
0.70984 0.21099 0.0356996 
0.9599 0.317876 0.0262196 
1.13941 0.389626 0.0137354 
1.25046 0.431294 0.0011506 
1.3475 0.488579 0.0148996 
1.5113 0.627619 0.093921 
1.80684 0.899093 0.265854 
2.24663 1.3056 0.524608 
2.77707 1.78983 0.823481 
3.2937 2.25025 1.08932 
3.67762 2.57706 1.25112 
3.83621 2.6915 1.26825 
3.73145 2.57115 1.14428 
3.38645 2.25217 0.921063 
2.87175 1.81137 0.658904 
2.2808 1.33954 0.415155 
1.70588 0.918351 0.231762 
1.22148 0.607272 0.134214 
0.875778 0.439019 0.135786 
0.68656 0.417611 0.238082 
0.638888 0.515388 0.423749 
0.686037 0.671735 0.646683 
0.758742 0.801568 0.832209 
0.78642 0.820168 0.898054 
0.726922 0.681395 0.795025 
0.592352 0.413525 0.549856 
0.454675 0.130207 0.282852 
0.421389 0.000834449 0.179369 
0.587403 0.184905 0.417392 
0.985722 0.758069 1.08157 
1.56478 1.66813 2.1087 
2.20794 2.74725 3.29776 
2.78633 3.77669 4.38368 
3.21506 4.57055 5.13812 
3.4809 5.03594 5.44697 
3.62895 5.18454 5.33202 
3.72405 5.10282 4.92034 
3.81803 4.91021 4.39171 
3.9446 4.73137 3.93441 
4.13673 4.6847 3.71619 
4.4392 4.86766 3.855 
4.89181 5.32171 4.37589 
5.4853 5.98549 5.16642 
6.12201 6.67157 5.96859 
6.6202 7.10346 6.44209 
6.77561 7.01649 6.29386 
6.45417 6.28034 5.41862 
5.66489 4.97737 3.97259 
4.57173 3.3896 2.33068 
3.43966 1.89853 0.942211 
2.54676 0.849782 0.157861 
2.10491 0.448151 0.113571 
2.21431 0.720739 0.717626 
2.85107 1.54292 1.72617 
3.87442 2.69396 2.85087 
5.04776 3.9122 3.84324 
6.08082 4.94085 4.53301 
6.69874 5.57115 4.83178 
6.7248 5.68529 4.72512 
6.14148 5.28594 4.26448 
5.09433 4.49208 3.55459 
3.83041 3.49407 2.7289 
2.6014 2.4861 1.91588 
1.58239 1.60945 1.21054 
0.843206 0.93204 0.663788 
0.372514 0.463706 0.289562 
0.122477 0.184853 0.0777297 
0.0397784 0.0657235 0.00230192 
0.0732094 0.0722574 0.0263662 
0.17564 0.172943 0.114449 
0.322294 0.359919 0.257272 
0.544073 0.676724 0.496164 
0.946 1.22439 0.921642 
1.67589 2.12006 1.62903 
2.83796 3.41285 2.64314 
4.39138 5.00011 3.85403 
6.09952 6.60285 5.01212 
7.57793 7.83493 5.8031 
8.43346 8.34683 5.97615 
8.43017 7.97694 5.46271 
7.59509 6.83143 4.42207 
6.20727 5.24891 3.18666 
4.67598 3.66563 2.13187 
3.37218 2.44749 1.53198 
2.49711 1.76696 1.46706 
2.04495 1.57441 1.81577 
1.86347 1.66379 2.32691 
1.76768 1.7898 2.73025 
