2.65394 1.58836 0.894919 
3.29205 2.16264 1.3281 
3.87781 2.75682 1.82056 
4.4162 3.35394 2.35609 
4.7855 3.81839 2.8177 
4.7703 3.92721 3.00541 
4.22071 3.51938 2.76099 
3.22099 2.65838 2.11715 
2.09517 1.64193 1.31664 
1.21 0.815224 0.650573 
0.743532 0.350086 0.261209 
0.625079 0.192148 0.100386 
0.666357 0.191768 0.0556188 
0.719583 0.248517 0.0756785 
0.72286 0.331454 0.166072 
0.655346 0.413423 0.307145 
0.506302 0.440537 0.426095 
0.29511 0.373455 0.45356 
0.0929626 0.233448 0.38158 
0.00147283 0.0945279 0.257807 
0.0998463 0.0363587 0.141704 
0.396087 0.101389 0.0766248 
0.805479 0.273991 0.0852399 
1.17211 0.483066 0.166379 
1.34083 0.635946 0.294216 
1.24912 0.677715 0.437856 
0.969787 0.633589 0.591869 
0.658914 0.588765 0.780166 
0.446754 0.614948 1.01797 
0.364506 0.709098 1.26728 
0.362507 0.800716 1.43659 
0.386454 0.818159 1.43569 
0.432013 0.752125 1.24403 
0.533345 0.662908 0.93668 
0.70947 0.63012 0.643962 
0.925262 0.688821 0.471831 
1.10127 0.801548 0.439829 
1.16067 0.88455 0.480759 
1.0744 0.865745 0.499656 
0.87332 0.731497 0.445343 
0.625851 0.532536 0.342176 
0.404153 0.352873 0.266287 
0.262497 0.269536 0.294531 
0.231735 0.325661 0.464602 
0.315755 0.517101 0.758755 
0.481298 0.784421 1.10026 
0.654877 1.01876 1.36244 
0.747854 1.10179 1.41164 
0.704745 0.974206 1.18744 
0.537435 0.682548 0.766775 
0.314695 0.353871 0.338044 
0.121673 0.111614 0.0812469 
0.031612 0.00897668 0.050482 
0.103427 0.0365425 0.165522 
0.373724 0.175307 0.311256 
0.818993 0.418644 0.435616 
1.3203 0.736402 0.55199 
1.68946 1.03629 0.66713 
1.76453 1.18776 0.732462 
1.50745 1.10237 0.676191 
1.02681 0.801041 0.478905 
0.513586 0.411501 0.21536 
0.144073 0.102375 0.0256522 
0.010961 0.00154665 0.0393459 
0.103483 0.140253 0.300187 
0.324877 0.438987 0.728706 
0.534115 0.738775 1.14334 
0.609293 0.876902 1.34384 
0.520714 0.785714 1.22917 
0.371114 0.556935 0.880958 
0.348679 0.403806 0.534985 
0.589311 0.512666 0.428217 
1.03874 0.880402 0.619326 
1.44598 1.28233 0.932728 
1.52993 1.42603 1.09137 
1.19873 1.17834 0.93689 
0.632675 0.67198 0.549573 
0.154845 0.201675 0.171081 
0.00448676 0.00927489 0.0131697 
0.202472 0.142346 0.123527 
0.592998 0.478717 0.401406 
0.985766 0.854142 0.711087 
1.26534 1.16598 0.975877 
1.40347 1.38534 1.18607 
1.40845 1.50609 1.34448 
1.28237 1.50183 1.41881 
1.02593 1.33598 1.35003 
0.675363 1.01235 1.10955 
0.322278 0.611049 0.749374 
0.0782219 0.260972 0.388825 
0.000295204 0.0581021 0.13792 
0.046287 0.00162146 0.0249747 
0.115615 0.0152628 0.000143418 
0.146768 0.0359562 0.00832195 
0.168697 0.0718197 0.045167 
0.242107 0.160364 0.129451 
0.355309 0.279781 0.233298 
0.408108 0.336313 0.276437 
0.321591 0.264424 0.21437 
0.149458 0.124095 0.115158 
0.0444778 0.0595476 0.107087 
0.101112 0.145372 0.232665 
0.253221 0.296704 0.380247 
0.347547 0.357224 0.392942 
0.304065 0.266339 0.242038 
0.177793 0.111396 0.0631013 
0.0707084 0.0151029 0.0102432 
0.0240415 0.00578519 0.0974142 
0.0184854 0.0201493 0.202108 
0.0490916 0.00959768 0.209122 
0.149798 0.00217134 0.121512 
0.329203 0.0501131 0.0298866 
0.509294 0.143406 0.00172977 
0.56135 0.202254 0.0221098 
0.419918 0.161233 0.0375256 
0.168199 0.0582596 0.0438031 
0.00740007 0.0360907 0.122751 
0.113568 0.235234 0.377517 
0.479139 0.648743 0.804738 
0.875924 1.06774 1.22169 
1.00932 1.20723 1.3587 
0.768115 0.946636 1.08539 
0.347067 0.471391 0.570199 
0.098752 0.147757 0.183336 
0.228377 0.214806 0.192852 
0.619382 0.5819 0.536618 
0.955374 0.928982 0.896681 
1.00355 0.998798 0.993926 
0.778838 0.787342 0.803106 
0.46668 0.478775 0.503845 
0.237668 0.249082 0.277453 
0.148365 0.155296 0.18447 
0.168502 0.17002 0.20413 
0.237208 0.250632 0.31657 
0.28333 0.34975 0.505726 
0.245682 0.401959 0.711437 
0.127696 0.35788 0.835354 
0.0304912 0.243324 0.817358 
0.0884762 0.154897 0.690497 
0.339473 0.171734 0.544763 
0.66049 0.27379 0.442347 
0.849772 0.358437 0.377027 
0.785349 0.337261 0.307394 
0.514879 0.212661 0.212786 
0.208381 0.0683977 0.114451 
0.0347692 0.000290246 0.0548425 
0.0693533 0.0562724 0.0646272 
0.283779 0.225022 0.145474 
0.593778 0.46279 0.278151 
0.910856 0.723601 0.443744 
1.16304 0.96358 0.628149 
1.28807 1.11993 0.79265 
1.23272 1.10453 0.846568 
0.987663 0.858161 0.69203 
0.639849 0.448808 0.348503 
0.374585 0.111871 0.0403302 
0.37945 0.136384 0.100261 
0.698607 0.639116 0.699641 
1.16539 1.41525 1.62916 
1.49768 2.03194 2.37237 
1.495 2.12378 2.46568 
1.17487 1.65354 1.85416 
0.739983 0.924087 0.933992 
0.423481 0.349122 0.251999 
0.352887 0.187714 0.129953 
0.521889 0.437553 0.510376 
0.841493 0.910699 1.08725 
1.19325 1.37613 1.5489 
1.4552 1.65919 1.73199 
1.52736 1.67728 1.62876 
1.37304 1.44293 1.32042 
1.04548 1.04943 0.918408 
0.663085 0.630576 0.532036 
0.343893 0.301278 0.242872 
0.150309 0.112058 0.0807313 
0.0817869 0.0475311 0.0202922 
0.108452 0.0664353 0.0136283 
0.212964 0.153798 0.0458616 
0.415413 0.352494 0.175888 
0.773547 0.754703 0.52434 
1.35919 1.45282 1.20199 
2.21504 2.4693 2.21537 
3.30346 3.69906 3.40896 
4.47104 4.89863 4.48595 
5.46289 5.74517 5.1097 
6.01042 5.96425 5.05181 
5.97191 5.48302 4.32681 
5.44 4.51508 3.23206 
4.71252 3.48176 2.22628 
4.10673 2.77165 1.67229 
3.73986 2.48967 1.60231 
3.46132 2.40335 1.70499 
3.00949 2.15565 1.58364 
2.2631 1.57731 1.0915 
1.36187 0.826449 0.451712 
0.592489 0.234726 0.0485227 
0.155362 0.0116985 0.0802954 
0.0290368 0.0815689 0.391679 
0.0402918 0.186616 0.625719 
0.0552364 0.142627 0.541591 
0.118141 0.0189725 0.22176 
0.436759 0.115093 0.0286273 
1.24278 0.778209 0.38552 
2.62463 2.19005 1.54187 
4.41947 4.2235 3.42348 
6.21465 6.42148 5.59995 
7.47489 8.12509 7.39453 
7.76064 8.73509 8.14512 
6.94061 8.00266 7.53031 
5.27935 6.18305 5.77136 
3.33858 3.93732 3.55009 
1.73548 2.02113 1.66518 
0.87674 0.934753 0.634696 
0.797946 0.727574 0.485605 
1.19373 1.05514 0.837775 
1.63392 1.44445 1.20438 
1.83823 1.59731 1.30548 
1.80866 1.52364 1.18729 
1.70967 1.41032 1.07357 
1.61987 1.35815 1.08933 
1.42878 1.25868 1.12192 
1.00768 0.949656 0.963274 
0.457573 0.474145 0.581587 
0.11117 0.123101 0.210411 
0.232349 0.170963 0.131402 
0.727665 0.579641 0.378737 
1.20284 1.00761 0.695688 
1.31594 1.12348 0.79061 
1.05111 0.885499 0.604451 
0.651896 0.511268 0.313182 
0.349017 0.226541 0.110371 
0.204052 0.095057 0.0408268 
0.183002 0.0692794 0.0382004 
0.284627 0.121392 0.0559258 
0.53793 0.268409 0.110035 
0.904132 0.495086 0.213663 
1.24734 0.715285 0.325394 
1.42952 0.836784 0.386945 
1.41827 0.846329 0.393305 
1.2865 0.810277 0.402798 
1.11592 0.793323 0.475375 
0.918573 0.788118 0.606919 
0.663185 0.732767 0.727187 
0.381188 0.605932 0.770314 
0.238104 0.510244 0.761743 
0.467378 0.645895 0.836151 
1.18483 1.16166 1.14388 
2.24034 1.99838 1.70856 
3.26986 2.88191 2.36968 
3.93745 3.50164 2.8823 
4.16357 3.72807 3.09432 
