0.863257 0.74196 0.527915 
0.992494 0.912011 0.656055 
0.978096 0.945985 0.687441 
0.822244 0.830363 0.602945 
0.582391 0.610959 0.43469 
0.342992 0.368036 0.246338 
0.175919 0.177201 0.0996859 
0.110378 0.0771811 0.0266202 
0.127196 0.0605053 0.0210461 
0.178118 0.0892143 0.0527128 
0.21689 0.123562 0.0920856 
0.223597 0.145739 0.130233 
0.209689 0.165787 0.182509 
0.203736 0.208918 0.275713 
0.229122 0.294494 0.428223 
0.288013 0.420515 0.635631 
0.36029 0.56251 0.869898 
0.416376 0.686371 1.09159 
0.435251 0.766914 1.26769 
0.417448 0.801719 1.3853 
0.38679 0.81323 1.45465 
0.380893 0.838463 1.50061 
0.435368 0.911422 1.5475 
0.568526 1.04619 1.60489 
0.772489 1.2281 1.6611 
1.01396 1.41678 1.68751 
1.24446 1.56022 1.65151 
1.41654 1.61407 1.5322 
1.49977 1.55841 1.33137 
1.49019 1.4048 1.07491 
1.40919 1.19065 0.803885 
1.29213 0.963757 0.559596 
1.17211 0.763762 0.369185 
1.06656 0.609364 0.238448 
0.973218 0.496807 0.155022 
0.877325 0.410083 0.100547 
0.766176 0.337205 0.0659584 
0.642578 0.283445 0.0618258 
0.529048 0.273307 0.116954 
0.458986 0.338415 0.263599 
0.458324 0.496238 0.514831 
0.527221 0.730697 0.845341 
0.632712 0.98659 1.1876 
0.71843 1.18387 1.44912 
0.728596 1.24769 1.54592 
0.635249 1.14111 1.43784 
0.454912 0.884388 1.1487 
0.245584 0.550849 0.760605 
0.0847138 0.240411 0.384244 
0.0384006 0.0428171 0.118687 
0.136102 0.00708735 0.0185822 
0.361736 0.129623 0.0820259 
0.663514 0.363685 0.261482 
0.976059 0.643089 0.489477 
1.24389 0.90799 0.705753 
1.43674 1.12219 0.874729 
1.5525 1.27738 0.98897 
1.60979 1.38627 1.06152 
1.63546 1.47046 1.1138 
1.6529 1.54904 1.16534 
1.67462 1.63154 1.22835 
1.70028 1.71599 1.30655 
1.71875 1.79045 1.39571 
1.71262 1.83633 1.48386 
1.6632 1.83208 1.55103 
1.55511 1.75718 1.57047 
1.38036 1.59726 1.51393 
1.14222 1.35058 1.36173 
0.858652 1.03435 1.11471 
0.563576 0.687645 0.802079 
0.303222 0.36656 0.478642 
0.125582 0.129909 0.209187 
0.0643566 0.0188467 0.0447411 
0.123431 0.0389897 0.00165626 
0.270408 0.15508 0.0549083 
0.445257 0.303376 0.150412 
0.582593 0.417615 0.23057 
0.637699 0.455989 0.259363 
0.602857 0.415071 0.233564 
0.50521 0.323888 0.175459 
0.38806 0.223077 0.113983 
0.287264 0.142593 0.067536 
0.216579 0.0908846 0.0386715 
0.16889 0.059491 0.0211246 
0.129286 0.0363839 0.0107244 
0.0889002 0.0167096 0.0103308 
0.0499236 0.00374201 0.0253762 
0.0203882 0.00175891 0.0551534 
0.00525584 0.00882865 0.0885544 
0.00209368 0.0164738 0.108898 
0.0044667 0.0164131 0.104584 
0.00908249 0.00816938 0.0772788 
0.0196735 0.00058922 0.0412129 
0.0437764 0.00551359 0.0140687 
0.0848593 0.028347 0.00616948 
0.13626 0.062755 0.0154151 
0.182046 0.0934788 0.0306761 
0.204613 0.105253 0.040313 
0.194015 0.0917959 0.0397241 
0.15317 0.0594734 0.033725 
0.0962894 0.024294 0.03376 
0.0423258 0.00499348 0.0529151 
0.00763002 0.0163139 0.101707 
0.00131532 0.0651376 0.185683 
0.0243642 0.149737 0.304213 
0.0713936 0.261019 0.449781 
0.133439 0.384727 0.608064 
0.200742 0.504266 0.759696 
0.265207 0.604036 0.884015 
0.322258 0.672678 0.963805 
0.37149 0.705174 0.989151 
0.415588 0.702902 0.958924 
0.457693 0.671768 0.879736 
0.498506 0.619581 0.763479 
0.534803 0.554131 0.624913 
0.560308 0.482638 0.479981 
0.568354 0.411939 0.344398 
0.554532 0.348149 0.231593 
0.517776 0.295137 0.149837 
0.459766 0.252699 0.0997512 
0.38405 0.216339 0.0741929 
0.296335 0.179907 0.0615583 
0.205783 0.140072 0.0513083 
0.125309 0.0996158 0.0385607 
0.0688052 0.0666556 0.0248383 
0.0455551 0.0496972 0.0146828 
0.0550809 0.0518065 0.0109346 
0.0864703 0.0682399 0.0123809 
0.123575 0.0893932 0.0152526 
0.153128 0.106768 0.0166201 
0.170488 0.117442 0.0162984 
0.179685 0.124285 0.0158925 
0.189061 0.133228 0.0170801 
0.207016 0.15121 0.0223487 
0.240863 0.186518 0.0384248 
0.297302 0.248991 0.0781477 
0.380122 0.345741 0.155565 
0.483393 0.471872 0.27406 
0.584788 0.602427 0.415031 
0.647531 0.694928 0.537846 
0.635451 0.706543 0.595898 
0.535113 0.618474 0.561537 
0.370376 0.451705 0.443855 
0.196442 0.261016 0.28596 
0.0733725 0.108031 0.141879 
0.0343471 0.0294355 0.0479683 
0.0694226 0.0210368 0.00787124 
0.135881 0.0478516 6.25524e-05 
0.18791 0.0720555 0.000354138 
0.204999 0.0784526 0.00142621 
0.200106 0.0801244 0.0152361 
0.203908 0.102411 0.0584346 
0.238383 0.159102 0.133951 
0.299182 0.238941 0.223684 
0.358085 0.311221 0.297376 
0.381717 0.344662 0.330047 
0.352247 0.325307 0.314956 
0.276706 0.262076 0.26406 
0.181244 0.178868 0.198104 
0.0966309 0.100916 0.135038 
0.0448448 0.0445719 0.0842945 
0.0329604 0.0146125 0.0480175 
0.0544888 0.00716094 0.0250503 
0.0946924 0.0140117 0.0132554 
0.136566 0.0259218 0.00939376 
0.165986 0.0350138 0.00892717 
0.17547 0.0370027 0.00772989 
0.16564 0.0326045 0.00478276 
0.143432 0.0265907 0.00297425 
0.117533 0.0242102 0.00645787 
0.0936225 0.0272138 0.016451 
0.0726471 0.0328203 0.0294539 
0.0533403 0.0370304 0.0402525 
0.0367852 0.0399447 0.0478172 
0.0288027 0.0484037 0.0590011 
0.0373649 0.0727166 0.0858694 
0.0662391 0.11877 0.137237 
0.109561 0.18094 0.209947 
0.152049 0.241526 0.286527 
0.175813 0.278273 0.341948 
0.169858 0.275867 0.355969 
0.136153 0.234262 0.32358 
0.0882599 0.168602 0.257181 
0.0435073 0.100994 0.179571 
0.0139212 0.0495291 0.112522 
0.00156095 0.0211664 0.0678671 
0.000514149 0.0119409 0.0455117 
0.0031945 0.0129234 0.0379026 
0.0061362 0.017157 0.0367899 
0.0116021 0.0232093 0.0378593 
0.0247576 0.0341119 0.0413354 
0.049179 0.0536575 0.0496609 
0.0840816 0.0831789 0.0647312 
0.124924 0.120798 0.0865495 
0.166563 0.163047 0.113619 
0.206588 0.207255 0.144195 
0.24655 0.252852 0.177194 
0.290067 0.30053 0.211984 
0.338657 0.349564 0.247016 
0.387646 0.394911 0.278188 
0.425132 0.426389 0.298436 
0.435774 0.431561 0.299751 
0.40845 0.401733 0.277317 
0.343677 0.337868 0.233524 
0.255808 0.252322 0.178848 
0.167555 0.164388 0.128233 
0.0994778 0.0918301 0.0947444 
0.0608622 0.043625 0.0844606 
0.0476992 0.0183925 0.0956624 
0.048374 0.0086671 0.121835 
0.0520947 0.00683414 0.155052 
0.0537867 0.00809019 0.18684 
0.0531718 0.00955658 0.207342 
0.0512536 0.00891039 0.206596 
0.049086 0.0060828 0.180302 
0.0499203 0.00713609 0.137024 
0.0606222 0.0248954 0.0994637 
0.0876376 0.0718371 0.0946891 
0.128502 0.147815 0.136842 
0.166776 0.232452 0.214118 
0.178592 0.291617 0.29158 
0.150191 0.297429 0.330753 
0.0943203 0.248857 0.313589 
0.0501862 0.176362 0.25338 
0.0618987 0.12418 0.18408 
0.147753 0.12118 0.135991 
0.282834 0.161657 0.11661 
0.41036 0.211299 0.111252 
0.476455 0.234539 0.101777 
0.464525 0.222416 0.0868144 
0.404322 0.199218 0.0857845 
0.34904 0.202677 0.122902 
0.337543 0.25336 0.204468 
0.369396 0.337246 0.308737 
0.409739 0.414702 0.397475 
0.417945 0.448226 0.440598 
0.376994 0.427253 0.434818 
0.302203 0.371939 0.402376 
0.225776 0.31521 0.372031 
0.172212 0.278872 0.358017 
0.144551 0.262383 0.353006 
0.130189 0.250936 0.338935 
0.118349 0.233663 0.305353 
0.112892 0.215868 0.260105 
0.129842 0.215674 0.224555 
0.182493 0.248772 0.218089 
0.266848 0.313932 0.244202 
0.35895 0.390252 0.287898 
0.425878 0.447452 0.324872 
0.442247 0.461289 0.334871 
0.40146 0.424062 0.310418 
