0.118844 0.243058 0.373823 
0.0226369 0.162699 0.327841 
0.00299513 0.0853827 0.273787 
0.0542414 0.0192216 0.225961 
0.210576 0.0453877 0.266597 
0.503368 0.257831 0.483392 
0.87275 0.639868 0.852583 
1.15519 1.01743 1.19437 
1.18507 1.16211 1.27723 
0.923555 0.966823 1.00217 
0.50343 0.54507 0.510728 
0.15384 0.167445 0.114216 
0.0562869 0.0758377 0.0821178 
0.226173 0.309542 0.443505 
0.504834 0.677159 0.95758 
0.678504 0.903292 1.28536 
0.638682 0.835534 1.23013 
0.452103 0.541859 0.855155 
0.284742 0.228145 0.39905 
0.258215 0.0678942 0.0867115 
0.367958 0.0965276 0.00120977 
0.515432 0.234403 0.0912784 
0.599993 0.380317 0.25972 
0.586493 0.482362 0.437569 
0.509596 0.544529 0.599007 
0.42942 0.588706 0.73436 
0.380935 0.617752 0.824167 
0.360364 0.615729 0.845139 
0.359661 0.58285 0.800077 
0.406978 0.558754 0.727407 
0.554969 0.591477 0.661815 
0.817751 0.677107 0.586549 
1.13 0.748304 0.451456 
1.38723 0.742489 0.256747 
1.52984 0.676129 0.0987996 
1.57726 0.630577 0.0948187 
1.578 0.659749 0.252566 
1.54024 0.727978 0.440254 
1.42033 0.746793 0.504695 
1.17162 0.658138 0.407777 
0.799243 0.471912 0.234258 
0.383852 0.245315 0.087639 
0.0712951 0.0587995 0.0132393 
0.0217554 0.0047156 0.0153242 
0.310535 0.144354 0.093071 
0.829633 0.430151 0.218731 
1.29751 0.685527 0.307389 
1.42781 0.719696 0.271114 
1.14587 0.499749 0.125986 
0.652714 0.197112 0.00850809 
0.258204 0.0355516 0.0451273 
0.133344 0.0881647 0.211543 
0.212867 0.233884 0.353269 
0.315421 0.304287 0.349762 
0.327864 0.245213 0.230432 
0.268265 0.128636 0.117919 
0.208004 0.0424421 0.0889394 
0.179597 0.00841547 0.123645 
0.166772 0.00131075 0.173172 
0.148523 0.00216591 0.22267 
0.123393 0.00636769 0.266818 
0.102718 0.00521159 0.266124 
0.110306 0.00137401 0.184085 
0.189227 0.0436479 0.0714043 
0.37246 0.203006 0.0634477 
0.616484 0.477665 0.249119 
0.779042 0.733341 0.544862 
0.713406 0.784208 0.734002 
0.42602 0.570549 0.658789 
0.139356 0.25744 0.37705 
0.157346 0.129116 0.119417 
0.615298 0.349491 0.0816128 
1.32809 0.802058 0.249654 
1.88852 1.16462 0.423063 
1.95653 1.16595 0.411793 
1.50826 0.804589 0.219188 
0.839407 0.337717 0.0353656 
0.324335 0.0506805 0.0432171 
0.143009 0.0187262 0.224104 
0.212649 0.0855691 0.366533 
0.3675 0.0815583 0.293667 
0.58966 0.0621918 0.0950869 
1.03849 0.303534 0.106044 
1.82811 1.01678 0.600926 
2.77848 2.0436 1.46795 
3.43113 2.86192 2.2035 
3.37826 2.96211 2.29241 
2.62511 2.28135 1.65855 
1.63053 1.28735 0.762307 
0.955932 0.608234 0.228959 
0.829231 0.533165 0.334711 
1.01671 0.830746 0.814477 
1.09805 1.02435 1.14541 
0.861416 0.836505 1.01507 
0.454391 0.392814 0.545152 
0.198101 0.0498338 0.119099 
0.291474 0.0691991 0.0376169 
0.683398 0.446201 0.326845 
1.1739 0.987197 0.807022 
1.5884 1.48948 1.27544 
1.85899 1.84426 1.61621 
1.98988 2.02254 1.79145 
1.99099 2.02021 1.79092 
1.84927 1.83223 1.61113 
1.54442 1.46464 1.26828 
1.08882 0.964508 0.821577 
0.570218 0.448831 0.390548 
0.160582 0.10101 0.144546 
0.0518496 0.099938 0.235691 
0.335003 0.499789 0.689925 
0.916765 1.15518 1.34155 
1.56326 1.78196 1.89683 
2.04821 2.12882 2.10573 
2.28 2.12351 1.91056 
2.30762 1.87893 1.45512 
2.22909 1.57691 0.965116 
2.10482 1.34556 0.613276 
1.9421 1.21928 0.464446 
1.73387 1.17755 0.504904 
1.50242 1.20434 0.700019 
1.31592 1.31887 1.02835 
1.26383 1.55713 1.47186 
1.393 1.91402 1.97451 
1.6444 2.2934 2.41286 
1.85988 2.52841 2.62788 
1.88115 2.48088 2.51592 
1.66245 2.13914 2.10323 
1.28748 1.61834 1.52744 
0.882249 1.06791 0.943831 
0.5313 0.591351 0.45572 
0.283158 0.252704 0.1275 
0.197617 0.118244 0.0233281 
0.32745 0.235032 0.182889 
0.630069 0.54986 0.546856 
0.931071 0.884214 0.941317 
1.0277 1.03903 1.18034 
0.852775 0.946327 1.20131 
0.528951 0.711775 1.09341 
0.251645 0.502943 0.991221 
0.122254 0.403616 0.951579 
0.100296 0.383135 0.941134 
0.106293 0.394396 0.930932 
0.146998 0.473943 0.976018 
0.321194 0.722399 1.1791 
0.698724 1.17734 1.56538 
1.20002 1.70931 1.99486 
1.60646 2.05935 2.21412 
1.7078 2.00863 2.02716 
1.46219 1.54635 1.4533 
1.02802 0.892252 0.737886 
0.639358 0.347988 0.195026 
0.4349 0.095793 0.00128251 
0.386065 0.104968 0.101487 
0.370434 0.207557 0.291791 
0.302507 0.257082 0.394542 
0.196295 0.227242 0.373432 
0.120618 0.185564 0.310889 
0.116156 0.198666 0.299804 
0.161572 0.269155 0.360199 
0.204976 0.346396 0.439829 
0.210958 0.377008 0.471502 
0.178026 0.342682 0.426087 
0.127072 0.265216 0.326587 
0.0843095 0.188151 0.226141 
0.0696291 0.149453 0.170104 
0.0883432 0.158641 0.166293 
0.128882 0.193353 0.18421 
0.172394 0.220495 0.185039 
0.208786 0.224983 0.156801 
0.243784 0.220031 0.122839 
0.289875 0.231563 0.118636 
0.350288 0.273937 0.161924 
0.410096 0.337479 0.240978 
0.441019 0.393297 0.323236 
0.417659 0.409242 0.372203 
0.336461 0.368777 0.364132 
0.224223 0.283395 0.300332 
0.126925 0.189081 0.208389 
0.0849191 0.126643 0.127914 
0.113175 0.119534 0.0886631 
0.199284 0.164765 0.096623 
0.314419 0.239453 0.135933 
0.424894 0.313653 0.180969 
0.499876 0.36112 0.208605 
0.518591 0.366446 0.205863 
0.477594 0.329237 0.173109 
0.392945 0.263911 0.123231 
0.293277 0.193346 0.0758382 
0.205995 0.137433 0.0466394 
0.144061 0.102152 0.0370129 
0.102324 0.077911 0.0334627 
0.0675623 0.0514566 0.0217665 
0.0344304 0.0221491 0.00480192 
0.0112105 0.00471398 0.00345532 
0.00856381 0.012707 0.0348741 
0.0246852 0.0404476 0.0896782 
0.0454472 0.0656224 0.134819 
0.0590353 0.0708572 0.141296 
0.0660928 0.0599463 0.108951 
0.0736986 0.0520349 0.0662019 
0.0833662 0.062623 0.0488696 
0.0892488 0.0907108 0.0760082 
0.0874319 0.120047 0.135716 
0.0840203 0.1304 0.188504 
0.0938519 0.112804 0.192196 
0.132241 0.0809329 0.136671 
0.205153 0.0667 0.0579836 
0.30142 0.0961825 0.0112269 
0.391708 0.163373 0.0226828 
0.439328 0.228745 0.0682921 
0.420348 0.248679 0.100112 
0.339722 0.20997 0.0915796 
0.229267 0.13732 0.0553936 
0.127129 0.0689495 0.0217306 
0.0553869 0.0264705 0.00675036 
0.0150711 0.00760068 0.00526713 
0.000332037 0.00334142 0.00867333 
0.0124628 0.0146987 0.0203583 
0.0555214 0.0476498 0.0478527 
0.120592 0.0952287 0.0836732 
0.183769 0.13517 0.1047 
0.226192 0.15237 0.0977777 
0.252109 0.159181 0.0817657 
0.279176 0.183301 0.0936223 
0.311071 0.232995 0.148294 
0.327955 0.28156 0.217904 
0.308084 0.291685 0.255922 
0.253184 0.251575 0.239305 
0.186655 0.182347 0.183273 
0.130047 0.114141 0.120178 
0.0880537 0.0631851 0.0737262 
0.0553236 0.0313023 0.0534702 
0.0292868 0.016549 0.0611241 
0.011849 0.0160189 0.0904988 
0.00334433 0.021888 0.123568 
0.000867939 0.0234934 0.137624 
0.00212336 0.0165182 0.122916 
0.00779398 0.00807022 0.092479 
0.0214038 0.0122691 0.0729758 
0.0501153 0.0420577 0.0855988 
0.102718 0.10193 0.132409 
0.178024 0.180707 0.194103 
0.251571 0.248462 0.2382 
0.281916 0.268502 0.236296 
0.242157 0.223927 0.183639 
0.148944 0.136085 0.105257 
0.0548992 0.0519413 0.0387229 
0.00719593 0.00840412 0.00669444 
0.0127788 0.00786974 0.00518434 
0.0419416 0.0260223 0.0158503 
0.0595721 0.0373425 0.0240169 
