0.810588 0.936724 0.98058 
1.44602 1.44073 1.39415 
1.94576 1.79514 1.63475 
2.07813 1.8313 1.59199 
1.79492 1.53579 1.28616 
1.23958 1.04419 0.851274 
0.646734 0.555761 0.462595 
0.216526 0.237832 0.262754 
0.045015 0.172997 0.318659 
0.125435 0.35049 0.604443 
0.378169 0.674964 0.999437 
0.674706 0.986513 1.3145 
0.868266 1.11491 1.36937 
0.856291 0.972157 1.10268 
0.650943 0.627039 0.637019 
0.387971 0.281412 0.22227 
0.238815 0.136946 0.0722742 
0.286184 0.250101 0.216923 
0.471757 0.501319 0.495601 
0.660341 0.704568 0.695811 
0.752616 0.752667 0.710145 
0.741991 0.671094 0.580929 
0.683306 0.556705 0.423516 
0.630317 0.486704 0.328394 
0.606784 0.483102 0.328058 
0.614736 0.532959 0.418228 
0.643235 0.610378 0.572543 
0.66509 0.676915 0.734547 
0.645474 0.688617 0.828582 
0.573243 0.629007 0.811526 
0.481409 0.533897 0.716372 
0.419087 0.46222 0.623226 
0.393531 0.42911 0.571732 
0.350598 0.379072 0.511502 
0.234105 0.250624 0.363642 
0.0775975 0.0833122 0.147464 
0.0304716 0.0526556 0.0395053 
0.267783 0.368769 0.278712 
0.840544 1.10005 0.973828 
1.58857 2.0643 1.9691 
2.19867 2.88824 2.88771 
2.38036 3.20825 3.33414 
2.04146 2.87899 3.11769 
1.34515 2.05303 2.35073 
0.613178 1.08709 1.37027 
0.142641 0.344218 0.547832 
0.0542867 0.0176954 0.110107 
0.260313 0.0730397 0.0658444 
0.554755 0.320105 0.256561 
0.751337 0.548338 0.476417 
0.775212 0.634567 0.581587 
0.66423 0.571273 0.536382 
0.508409 0.427838 0.394523 
0.392196 0.295905 0.250673 
0.37741 0.257767 0.197882 
0.509287 0.375153 0.301237 
0.804925 0.672489 0.577942 
1.21716 1.10804 0.979927 
1.61719 1.56268 1.39512 
1.84152 1.88037 1.68607 
1.78915 1.95035 1.75631 
1.49274 1.77231 1.60137 
1.09647 1.44854 1.30406 
0.753917 1.10933 0.977914 
0.534534 0.838272 0.708013 
0.416176 0.65899 0.535271 
0.354933 0.57786 0.481281 
0.350743 0.620783 0.568895 
0.442461 0.816186 0.805534 
0.646853 1.14303 1.14703 
0.912981 1.50568 1.4897 
1.14011 1.77043 1.71202 
1.23841 1.83485 1.73492 
1.1753 1.67271 1.55195 
0.97806 1.32932 1.21441 
0.710426 0.891115 0.800269 
0.452725 0.462438 0.398537 
0.288065 0.151912 0.106248 
0.27843 0.0478907 0.0116278 
0.431531 0.179601 0.155482 
0.686312 0.492492 0.498796 
0.940004 0.867251 0.930267 
1.1019 1.17513 1.31357 
1.13217 1.32944 1.53965 
1.04018 1.3018 1.55272 
0.857923 1.10938 1.35118 
0.622165 0.801184 0.984305 
0.378609 0.455851 0.551639 
0.188734 0.175024 0.187435 
0.115545 0.0530368 0.0147042 
0.1899 0.130423 0.0841079 
0.384359 0.364157 0.339166 
0.61956 0.642644 0.639507 
0.802707 0.84162 0.833928 
0.873936 0.887316 0.839191 
0.832306 0.788794 0.676939 
0.727702 0.622097 0.449195 
0.62494 0.477815 0.270481 
0.561329 0.404042 0.198659 
0.523728 0.379957 0.206615 
0.462914 0.339436 0.213588 
0.340965 0.233174 0.157907 
0.179731 0.0863774 0.0607846 
0.0667266 0.00148309 0.0278641 
0.0989459 0.0890281 0.174596 
0.298063 0.370314 0.524068 
0.56877 0.733248 0.961185 
0.749637 0.992299 1.29322 
0.727925 1.01677 1.37921 
0.524623 0.823941 1.22496 
0.273829 0.556619 0.964138 
0.114102 0.366067 0.745759 
0.0891623 0.304955 0.629714 
0.140534 0.318173 0.575522 
0.182618 0.321327 0.51477 
0.178208 0.28004 0.423872 
0.149208 0.220651 0.331285 
0.13259 0.182739 0.270999 
0.139289 0.175307 0.243273 
0.152724 0.176679 0.220454 
0.153494 0.163714 0.180401 
0.136994 0.132926 0.127312 
0.111057 0.0975242 0.0835609 
0.0851213 0.0726901 0.0681773 
0.0640245 0.0652182 0.0831317 
0.0479524 0.0710655 0.113463 
0.0353163 0.0779237 0.136022 
0.0274823 0.0724845 0.131951 
0.0321522 0.0507684 0.0989619 
0.0580617 0.0230131 0.0557978 
0.100624 0.00567802 0.0322099 
0.134051 0.00699821 0.0493642 
0.127587 0.022671 0.106531 
0.0791465 0.0477935 0.185112 
0.032025 0.0894838 0.263463 
0.0469913 0.159921 0.325898 
0.146176 0.252541 0.359419 
0.281969 0.329603 0.34944 
0.367672 0.343367 0.287738 
0.34688 0.276791 0.187548 
0.237494 0.163114 0.0853175 
0.110348 0.061138 0.0189462 
0.0274354 0.00880553 1.53565e-05 
0.00092747 0.000700441 0.00892762 
0.00506726 0.00837167 0.0195306 
0.0158073 0.0164291 0.0271384 
0.0319805 0.0345935 0.0498382 
0.0631036 0.0778635 0.103429 
0.108289 0.142821 0.179365 
0.153078 0.207007 0.2491 
0.182887 0.247823 0.287179 
0.193479 0.257752 0.287614 
0.188994 0.243446 0.261148 
0.175775 0.21675 0.223267 
0.161081 0.189452 0.186951 
0.154233 0.172227 0.161611 
0.163735 0.172168 0.151898 
0.191746 0.189192 0.155502 
0.232712 0.216666 0.164858 
0.277736 0.246814 0.173345 
0.319261 0.274955 0.179646 
0.352009 0.298621 0.185781 
0.372214 0.314737 0.192253 
0.378516 0.319771 0.19642 
0.373717 0.312652 0.194961 
0.364291 0.29652 0.18663 
0.356877 0.277227 0.172657 
0.354165 0.26007 0.155604 
0.353073 0.247265 0.138232 
0.346688 0.237671 0.122946 
0.329219 0.228876 0.111916 
0.300526 0.219852 0.107378 
0.266043 0.211226 0.110672 
0.231883 0.202477 0.119552 
0.200154 0.189588 0.126525 
0.169127 0.166971 0.121736 
0.136981 0.132461 0.0997189 
0.104651 0.0906313 0.06489 
0.0766459 0.0521109 0.0314317 
0.0610457 0.0299222 0.0169389 
0.0663694 0.0330283 0.0314709 
0.0921976 0.0574777 0.0665345 
0.120609 0.082676 0.0944035 
0.124213 0.08437 0.0875975 
0.0934179 0.0615723 0.050265 
0.0575058 0.0509374 0.0304452 
0.0681713 0.102487 0.0878639 
0.149974 0.228427 0.2351 
0.264905 0.374731 0.408354 
0.333789 0.452747 0.506056 
0.301687 0.409223 0.467587 
0.186842 0.270659 0.320608 
0.0667072 0.121088 0.154796 
0.0150817 0.0363545 0.0509417 
0.047431 0.0343763 0.0306252 
0.117973 0.0778306 0.0614418 
0.163617 0.115815 0.0982467 
0.15404 0.124359 0.118547 
0.108887 0.116367 0.128668 
0.0728286 0.119651 0.145603 
0.0726696 0.144712 0.173728 
0.0945223 0.170724 0.19549 
0.101252 0.16387 0.185081 
0.0725353 0.112635 0.135161 
0.0267291 0.0448902 0.0709402 
0.00195244 0.00645878 0.0337601 
0.0172862 0.0205962 0.0468061 
0.0560037 0.0694943 0.0966081 
0.0867704 0.115337 0.148186 
0.0961544 0.135665 0.175592 
0.0963159 0.135637 0.175976 
0.103861 0.130289 0.158762 
0.118464 0.123476 0.130079 
0.125359 0.107836 0.0916952 
0.11463 0.0802621 0.0498228 
0.0925076 0.0501937 0.0168653 
0.0736424 0.0313884 0.00220376 
0.0666061 0.0294819 0.00466111 
0.0689607 0.0396542 0.0161057 
0.0731743 0.0533062 0.0297973 
0.0731369 0.063273 0.0422246 
0.0655224 0.0640014 0.0488792 
0.0496572 0.0523122 0.0440068 
0.0291497 0.0313198 0.0274617 
0.0115531 0.0110847 0.00885388 
0.00277602 0.000939706 0.000171291 
0.00214833 0.000702136 0.00345112 
0.006873 0.00311868 0.0090126 
0.0225469 0.00704501 0.00825532 
0.0641292 0.0247013 0.006216 
0.139393 0.0699973 0.017531 
0.229848 0.137751 0.048911 
0.293613 0.198171 0.0882339 
0.294316 0.216891 0.113448 
0.230783 0.182699 0.111799 
0.138768 0.115964 0.0889659 
0.0636023 0.0511047 0.0605805 
0.0299745 0.0119103 0.0379868 
0.0333434 0.00126107 0.0230513 
0.0533613 0.00837735 0.0133272 
0.0721141 0.021166 0.00804052 
0.0830791 0.0327677 0.00850429 
0.0892295 0.0414254 0.015423 
0.0956721 0.0476769 0.0277465 
0.102538 0.051585 0.0435372 
0.103003 0.051617 0.0609045 
0.0888627 0.0465833 0.0786046 
0.0596792 0.0392747 0.0967099 
0.0264775 0.0370556 0.11624 
0.00492215 0.0466587 0.136723 
0.00342663 0.067191 0.153661 
