2.68127 3.62383 3.39609 
2.71358 3.50533 3.14292 
2.75832 3.3521 2.85126 
2.79234 3.16978 2.55241 
2.78537 2.95369 2.26036 
2.70459 2.6923 1.975 
2.52336 2.37457 1.68989 
2.23119 1.99786 1.39975 
1.84035 1.57337 1.10512 
1.3863 1.12803 0.815002 
0.921482 0.702863 0.548567 
0.505313 0.347995 0.33573 
0.193421 0.114615 0.214391 
0.0280994 0.043905 0.221983 
0.0299217 0.154244 0.381531 
0.190626 0.430014 0.6864 
0.469363 0.817049 1.09091 
0.796318 1.2294 1.51357 
1.08671 1.56854 1.85532 
1.26352 1.7505 2.02816 
1.28135 1.73165 1.98403 
1.14115 1.5226 1.7322 
0.888307 1.18414 1.33748 
0.594663 0.80642 0.899497 
0.332509 0.479708 0.521279 
0.152096 0.268154 0.27949 
0.0710773 0.195576 0.206923 
0.0774441 0.246291 0.291676 
0.141232 0.377675 0.48984 
0.22781 0.537421 0.74371 
0.307375 0.678588 0.997427 
0.359057 0.768448 1.20581 
0.37115 0.790868 1.33715 
0.340098 0.744562 1.37362 
0.270187 0.640146 1.31232 
0.17449 0.497795 1.16701 
0.076276 0.34555 0.967957 
0.00922922 0.21709 0.757282 
0.014616 0.147776 0.579964 
0.134266 0.168824 0.473617 
0.400039 0.30082 0.461428 
0.822702 0.548591 0.550623 
1.38458 0.899211 0.735464 
2.03982 1.32394 1.00146 
2.72339 1.78361 1.32797 
3.36599 2.23601 1.68903 
3.9095 2.64321 2.05411 
4.31718 2.97679 2.39069 
4.57549 3.21935 2.66773 
4.68858 3.36212 2.85791 
4.67022 3.40091 2.93736 
4.53885 3.33464 2.88567 
4.32022 3.17084 2.69194 
4.05687 2.93916 2.3708 
3.81823 2.70675 1.98372 
3.7006 2.58263 1.65079 
3.8075 2.69764 1.5344 
4.20858 3.15514 1.78589 
4.88956 3.96657 2.46791 
5.71857 5.00291 3.48858 
6.45684 5.99864 4.59128 
6.82702 6.62671 5.42561 
6.62309 6.62777 5.685 
5.81606 5.93965 5.25342 
4.5988 4.75933 4.28646 
3.33388 3.49255 3.17409 
2.41529 2.59975 2.38948 
2.10315 2.40413 2.28902 
2.41246 2.95355 2.9588 
3.11322 4.00523 4.18223 
3.8428 5.14002 5.54183 
4.27188 5.94701 6.6007 
4.23938 6.18626 7.07318 
3.79359 5.85622 6.90839 
3.13193 5.14833 6.26294 
2.48538 4.32934 5.39562 
2.01411 3.61991 4.54753 
1.76153 3.12416 3.8621 
1.67184 2.82624 3.36657 
1.64307 2.6342 3.00228 
1.5796 2.4375 2.67563 
1.42466 2.15401 2.30599 
1.17378 1.75836 1.85902 
0.87756 1.29262 1.36173 
0.63508 0.858205 0.896881 
0.569703 0.584743 0.573864 
0.781928 0.577711 0.481069 
1.29175 0.861869 0.637344 
2.00128 1.35066 0.969264 
2.70922 1.86747 1.33419 
3.18491 2.21959 1.58591 
3.27275 2.29288 1.65205 
2.97289 2.116 1.57946 
2.45002 1.854 1.51669 
1.95919 1.728 1.63677 
1.72411 1.9003 2.03904 
1.83114 2.3855 2.68333 
2.1934 3.03529 3.39367 
2.60062 3.60416 3.9311 
2.82421 3.86048 4.09819 
2.72133 3.6861 3.82278 
2.28838 3.11832 3.18267 
1.64665 2.32232 2.36608 
0.979167 1.51721 1.59452 
0.457033 0.896676 1.04753 
0.189456 0.57759 0.819311 
0.209754 0.587646 0.91394 
0.487925 0.88083 1.26579 
0.950964 1.36129 1.76565 
1.49811 1.90316 2.28141 
2.01152 2.36726 2.67572 
2.37161 2.62332 2.82949 
2.48362 2.5823 2.67437 
2.30998 2.23016 2.22397 
1.89222 1.64472 1.58429 
1.34533 0.978979 0.927764 
0.820067 0.409929 0.433669 
0.447224 0.072661 0.218612 
0.289838 0.0106101 0.290799 
0.326874 0.166695 0.552232 
0.474825 0.418672 0.848039 
0.633292 0.638523 1.03698 
0.72917 0.744524 1.04716 
0.73834 0.722147 0.891787 
0.679588 0.610013 0.643955 
0.591593 0.466363 0.390805 
0.510247 0.33823 0.194078 
0.457948 0.247922 0.0743375 
0.44524 0.197224 0.0190123 
0.477017 0.179373 0.00190803 
0.555447 0.188026 0.000167484 
0.677515 0.218803 0.00150669 
0.830833 0.265993 0.0028142 
0.992568 0.319516 0.00521584 
1.13328 0.36514 0.00986946 
1.22372 0.387631 0.0160999 
1.24141 0.375014 0.0218483 
1.1752 0.322628 0.0260734 
1.02768 0.236394 0.0323235 
0.815951 0.13435 0.0515779 
0.570172 0.0449185 0.101814 
0.32926 0.00109583 0.203096 
0.134213 0.0320339 0.370029 
0.0209676 0.155613 0.605773 
0.0149651 0.375224 0.901111 
0.127958 0.681048 1.23842 
0.355775 1.05292 1.59668 
0.675769 1.46137 1.95331 
1.04495 1.8664 2.28172 
1.40226 2.2172 2.54833 
1.67832 2.45747 2.71388 
1.81228 2.53774 2.74176 
1.77038 2.4311 2.61043 
1.5584 2.14509 2.32396 
1.22151 1.72358 1.91506 
0.831492 1.23697 1.43925 
0.466199 0.764837 0.962975 
0.189357 0.377486 0.550213 
0.0368093 0.121736 0.250865 
0.0115998 0.0133962 0.0919253 
0.0869505 0.0362352 0.0717444 
0.215002 0.146869 0.158815 
0.339605 0.28545 0.297714 
0.411558 0.391572 0.423641 
0.403423 0.422407 0.482958 
0.319154 0.367063 0.452283 
0.193458 0.250278 0.346985 
0.0788889 0.121888 0.213505 
0.0244041 0.0351784 0.107837 
0.0545533 0.023693 0.0702454 
0.159543 0.0878782 0.108817 
0.301627 0.198226 0.199772 
0.434686 0.312677 0.30311 
0.526597 0.398333 0.38394 
0.572724 0.445839 0.427831 
0.594486 0.470021 0.44339 
0.625655 0.498733 0.453419 
0.69524 0.557798 0.481698 
0.815761 0.660068 0.542722 
0.9806 0.80201 0.637611 
1.16819 0.966158 0.755003 
1.34842 1.12585 0.87419 
1.48839 1.25023 0.96919 
1.55774 1.30993 1.01419 
1.53481 1.28413 0.99059 
1.4134 1.1677 0.893902 
1.20687 0.975004 0.736945 
0.946549 0.737484 0.547031 
0.673695 0.495068 0.357778 
0.427945 0.284852 0.1992 
0.237003 0.131658 0.0901572 
0.111195 0.0434637 0.0352687 
0.0440932 0.0123219 0.0261291 
0.0186162 0.0199896 0.0458834 
0.0172083 0.0473085 0.0766419 
0.0337678 0.0855905 0.10886 
0.0827855 0.14594 0.149606 
0.199255 0.260204 0.224215 
0.424534 0.46851 0.366634 
0.780254 0.794995 0.599421 
1.24185 1.2224 0.912418 
1.72845 1.68129 1.25344 
2.1208 2.06496 1.54023 
2.3043 2.26744 1.69108 
2.21775 2.22723 1.65955 
1.88199 1.9539 1.4545 
1.39198 1.52304 1.13483 
0.8763 1.04369 0.783673 
0.447037 0.618096 0.478886 
0.167844 0.316479 0.277107 
0.0542709 0.177105 0.216947 
0.0984063 0.222671 0.33124 
0.293754 0.472388 0.650745 
0.638154 0.933463 1.18828 
1.11117 1.57377 1.90929 
1.64486 2.29654 2.71004 
2.11673 2.94335 3.42658 
2.38245 3.33795 3.88197 
2.33965 3.3571 3.9555 
1.98936 2.99323 3.63941 
1.45591 2.37121 3.05027 
0.945444 1.70318 2.38349 
0.657217 1.19877 1.83043 
0.69123 0.974936 1.49949 
1.00113 1.01185 1.38188 
1.41886 1.17796 1.37874 
1.73889 1.30936 1.37233 
1.81772 1.29961 1.29988 
1.63677 1.15125 1.18819 
1.29858 0.963755 1.1313 
0.963296 0.86862 1.22663 
0.763824 0.95093 1.50845 
0.745337 1.20113 1.91694 
0.856969 1.52044 2.31926 
0.992223 1.77194 2.56857 
1.04967 1.84606 2.56783 
0.979821 1.70563 2.30605 
0.797852 1.39215 1.85333 
0.563591 0.997448 1.32404 
0.34647 0.621279 0.831034 
0.195705 0.336704 0.452687 
0.127384 0.175219 0.22213 
0.128214 0.130506 0.134552 
0.168296 0.172039 0.161838 
0.214711 0.259649 0.265499 
0.241491 0.354676 0.404928 
0.235344 0.42756 0.542884 
0.197959 0.463046 0.650821 
0.145326 0.462959 0.714197 
0.103849 0.445143 0.735311 
0.103385 0.43743 0.730874 
