0.530555 0.150346 0.0994655 
0.77579 0.305128 0.14103 
0.772144 0.355182 0.181994 
0.525466 0.2364 0.118508 
0.212173 0.0634234 0.0257776 
0.0230104 0.00556876 0.0638136 
0.0179174 0.134803 0.324501 
0.1178 0.382524 0.759097 
0.210439 0.616249 1.22299 
0.247058 0.738425 1.56578 
0.247906 0.723365 1.68947 
0.245783 0.596935 1.56639 
0.244785 0.410043 1.24632 
0.226623 0.225761 0.851398 
0.17834 0.101203 0.529346 
0.111243 0.0605079 0.372201 
0.0686298 0.0909077 0.368665 
0.122404 0.1794 0.44632 
0.339608 0.348205 0.565328 
0.714254 0.62903 0.757063 
1.11683 0.985627 1.05647 
1.33886 1.2769 1.40539 
1.2375 1.33379 1.65186 
0.867552 1.10003 1.66811 
0.463097 0.695942 1.46825 
0.257559 0.326431 1.19657 
0.298101 0.117498 0.998061 
0.434378 0.0485649 0.914025 
0.498725 0.0481539 0.911937 
0.502218 0.140259 0.998325 
0.649696 0.46832 1.26409 
1.15257 1.15349 1.79056 
2.01304 2.12445 2.51095 
2.9753 3.09412 3.18575 
3.67922 3.71818 3.5402 
3.87682 3.8002 3.44731 
3.54312 3.37739 2.99466 
2.83162 2.64346 2.38693 
1.95699 1.80805 1.788 
1.11413 1.02044 1.24824 
0.464942 0.391621 0.764348 
0.141986 0.0411503 0.386083 
0.215766 0.0814906 0.245559 
0.640454 0.537293 0.471177 
1.2449 1.28421 1.06902 
1.80693 2.0861 1.88827 
2.16655 2.7162 2.70469 
2.29046 3.06676 3.34754 
2.24596 3.16786 3.76868 
2.12553 3.1229 4.02018 
1.99068 3.02766 4.18129 
1.85905 2.92211 4.28848 
1.71278 2.77865 4.2963 
1.51458 2.52237 4.08683 
1.2417 2.08907 3.54474 
0.926666 1.50103 2.67226 
0.653232 0.891269 1.65133 
0.483377 0.425937 0.767183 
0.385181 0.180004 0.229361 
0.265792 0.0949559 0.0458793 
0.102395 0.0714281 0.0680646 
0.0205946 0.0902454 0.147457 
0.193558 0.212558 0.233645 
0.639059 0.456907 0.330753 
1.13962 0.713492 0.408229 
1.40035 0.820418 0.403321 
1.29697 0.726442 0.312593 
0.961564 0.55051 0.239903 
0.633173 0.467157 0.320185 
0.450171 0.549612 0.598552 
0.39168 0.738159 1.00008 
0.378257 0.939151 1.41089 
0.374701 1.11438 1.76229 
0.385234 1.26399 2.0282 
0.393725 1.3585 2.17047 
0.35942 1.33336 2.12812 
0.280055 1.16268 1.87615 
0.231222 0.918945 1.48172 
0.317245 0.739232 1.08492 
0.577411 0.72639 0.816342 
0.942283 0.879702 0.726231 
1.27823 1.10964 0.778028 
1.47361 1.30914 0.895347 
1.49673 1.41794 1.01698 
1.39525 1.44143 1.12514 
1.25221 1.42591 1.238 
1.13052 1.4126 1.37534 
1.03518 1.39817 1.51886 
0.91585 1.32821 1.59772 
0.715102 1.13698 1.52165 
0.43401 0.813032 1.24956 
0.158844 0.437356 0.842254 
0.00969484 0.147249 0.444612 
0.0389104 0.0389457 0.194989 
0.170044 0.0893672 0.130872 
0.251947 0.178515 0.176947 
0.198393 0.205675 0.231438 
0.084038 0.191018 0.266971 
0.0880463 0.253102 0.340922 
0.321611 0.474189 0.504146 
0.704618 0.790418 0.711922 
1.02273 1.0294 0.84387 
1.11772 1.06504 0.817543 
1.02412 0.930691 0.669849 
0.917435 0.77272 0.513784 
0.930488 0.696989 0.420911 
1.02392 0.672317 0.366364 
1.03384 0.589165 0.300809 
0.8404 0.405636 0.265934 
0.492275 0.22626 0.415446 
0.177435 0.232848 0.900782 
0.076098 0.531526 1.72085 
0.225312 1.0516 2.67332 
0.500004 1.57873 3.45467 
0.715672 1.89364 3.83453 
0.769112 1.91338 3.78126 
0.71192 1.73801 3.46139 
0.702593 1.57259 3.12178 
0.872073 1.5779 2.9328 
1.20532 1.75341 2.8902 
1.5344 1.9377 2.83659 
1.65348 1.9285 2.58743 
1.46648 1.63278 2.07313 
1.05082 1.13195 1.39421 
0.591685 0.615958 0.750892 
0.249878 0.247095 0.305824 
0.0736634 0.0666171 0.09012 
0.013248 0.0104123 0.0210999 
0.000629491 2.51989e-05 0.00267615 
0.00976785 0.0158266 0.0120478 
0.0500659 0.0903983 0.0983617 
0.121155 0.244283 0.305739 
0.189866 0.43851 0.60159 
0.214293 0.592231 0.879396 
0.182882 0.643794 1.03035 
0.123217 0.594075 1.01652 
0.0748864 0.497071 0.886207 
0.0611212 0.4173 0.731685 
0.0863699 0.394794 0.633278 
0.146473 0.432748 0.624885 
0.223312 0.495386 0.682835 
0.270503 0.513896 0.733002 
0.231804 0.422591 0.688562 
0.107113 0.230147 0.523292 
0.00793902 0.0711397 0.334801 
0.118169 0.158448 0.319204 
0.555317 0.630962 0.63515 
1.24433 1.41012 1.25187 
1.93413 2.20778 1.92613 
2.36349 2.70647 2.3545 
2.43658 2.76922 2.38206 
2.25784 2.50398 2.09013 
2.0145 2.14531 1.70222 
1.83285 1.87926 1.41444 
1.72999 1.75901 1.29976 
1.66239 1.73883 1.32825 
1.58411 1.74296 1.42854 
1.45866 1.69708 1.51612 
1.25207 1.53467 1.49832 
0.955414 1.2248 1.3061 
0.624192 0.814345 0.950201 
0.373729 0.426277 0.537494 
0.306128 0.186122 0.207671 
0.425639 0.131857 0.037738 
0.625969 0.192752 0.00408919 
0.768675 0.258747 0.0341065 
0.783873 0.272231 0.0864331 
0.704401 0.255826 0.175315 
0.610428 0.259282 0.321813 
0.54518 0.289812 0.495278 
0.483551 0.300575 0.61589 
0.377603 0.245963 0.619857 
0.225118 0.140499 0.519326 
0.0857348 0.054059 0.392392 
0.0250541 0.0438232 0.311112 
0.0450327 0.0938073 0.281787 
0.0784064 0.131173 0.261328 
0.0615899 0.111214 0.233354 
0.0157853 0.086157 0.259412 
0.0481914 0.178485 0.438799 
0.258013 0.468838 0.802338 
0.626883 0.896405 1.24019 
0.997044 1.26844 1.54329 
1.16821 1.38342 1.53867 
1.04134 1.174 1.21377 
0.6958 0.758591 0.732232 
0.338764 0.364056 0.331058 
0.164186 0.179215 0.176985 
0.225167 0.243193 0.279777 
0.41047 0.439447 0.508948 
0.538595 0.590164 0.689278 
0.497901 0.581458 0.708732 
0.328068 0.434874 0.575984 
0.181633 0.280088 0.400406 
0.196532 0.252401 0.313078 
0.383079 0.392245 0.381337 
0.619376 0.622072 0.572066 
0.757395 0.813936 0.783856 
0.7437 0.885967 0.917077 
0.646315 0.844821 0.925576 
0.570085 0.746944 0.818414 
0.550865 0.630944 0.630355 
0.534392 0.494694 0.402292 
0.452118 0.332199 0.184792 
0.304393 0.174216 0.0377452 
0.161717 0.0764474 0.0021782 
0.0927663 0.0695304 0.0668277 
0.108711 0.138239 0.179131 
0.184429 0.263079 0.309405 
0.317619 0.473149 0.505466 
0.539109 0.830994 0.862876 
0.850656 1.34338 1.41629 
1.16414 1.88826 2.05192 
1.3286 2.25179 2.54035 
1.23887 2.26461 2.67979 
0.925695 1.9226 2.43175 
0.537964 1.38583 1.93605 
0.232367 0.863241 1.40504 
0.0721654 0.488942 0.998813 
0.0184798 0.286246 0.777 
0.00361202 0.219194 0.730529 
0.00630026 0.256333 0.825757 
0.0644945 0.384618 1.01038 
0.230115 0.580659 1.19852 
0.517017 0.790015 1.28435 
0.882675 0.944605 1.19641 
1.24477 0.999716 0.947985 
1.51226 0.953415 0.631689 
1.61769 0.836086 0.357775 
1.54732 0.689569 0.188815 
1.35881 0.55651 0.12242 
1.16481 0.476256 0.122618 
1.07545 0.471009 0.156491 
1.13113 0.524512 0.200599 
1.28131 0.58107 0.226666 
1.43542 0.585024 0.202726 
1.54589 0.537056 0.122477 
1.64409 0.510505 0.0307769 
1.78857 0.59534 0.00376988 
1.97246 0.80741 0.0862848 
2.08628 1.04673 0.241535 
1.98689 1.15569 0.368302 
1.62083 1.03874 0.381122 
1.09155 0.743859 0.286495 
0.604326 0.434146 0.185687 
0.329857 0.270363 0.196568 
0.296084 0.298907 0.356797 
0.389512 0.430881 0.587412 
0.454261 0.521447 0.747811 
0.403885 0.482041 0.741409 
0.263832 0.340088 0.591524 
