0.951364 0.841134 0.632142 
0.823063 0.729924 0.561799 
0.675325 0.613614 0.524826 
0.524316 0.522775 0.536578 
0.399718 0.470181 0.574642 
0.314914 0.43975 0.592977 
0.251799 0.394489 0.547904 
0.176778 0.302096 0.424463 
0.0804253 0.16656 0.252749 
0.00629797 0.0431161 0.103539 
0.0308316 0.0142359 0.0568905 
0.192854 0.127787 0.151312 
0.4275 0.337361 0.341337 
0.579899 0.505105 0.502889 
0.518856 0.493318 0.506773 
0.270605 0.290623 0.325982 
0.0427741 0.0601707 0.0902753 
0.0818322 0.0370167 0.0156272 
0.461676 0.333362 0.236061 
0.99254 0.8188 0.673326 
1.35572 1.20287 1.07558 
1.36365 1.26714 1.2117 
1.11224 1.0407 1.05148 
0.881373 0.754291 0.764034 
0.878922 0.621191 0.543567 
1.07449 0.662755 0.444407 
1.2712 0.741074 0.386227 
1.31934 0.739591 0.298952 
1.24563 0.687227 0.229835 
1.18504 0.70452 0.294049 
1.21816 0.853274 0.535418 
1.29535 1.06204 0.858094 
1.30685 1.19483 1.09823 
1.19856 1.17223 1.15111 
1.0104 1.02017 1.02873 
0.820289 0.820428 0.81594 
0.670961 0.635382 0.593385 
0.549559 0.478919 0.400507 
0.421646 0.339347 0.247872 
0.275493 0.21383 0.141742 
0.13729 0.119963 0.0910745 
0.0491858 0.08064 0.0973639 
0.0328627 0.101298 0.144594 
0.0744423 0.162676 0.202781 
0.147293 0.236669 0.243989 
0.246861 0.307469 0.25616 
0.391159 0.371718 0.240862 
0.577106 0.416805 0.199951 
0.742878 0.409771 0.132687 
0.79371 0.323785 0.0533818 
0.681269 0.18131 0.00758273 
0.457787 0.0597104 0.0538741 
0.241187 0.0354918 0.21177 
0.118356 0.112144 0.42159 
0.0819708 0.206351 0.565327 
0.0643654 0.218097 0.546791 
0.0306748 0.126781 0.371274 
0.029612 0.0218876 0.155568 
0.143107 0.0311001 0.0506317 
0.384059 0.204627 0.131318 
0.651692 0.461216 0.340562 
0.798707 0.648519 0.5356 
0.747914 0.663037 0.597671 
0.544379 0.519173 0.510655 
0.301132 0.31341 0.347231 
0.109977 0.138574 0.194257 
0.0111491 0.0421032 0.10204 
0.0248875 0.0490926 0.0950859 
0.165924 0.181965 0.195593 
0.399384 0.422649 0.399377 
0.603858 0.664431 0.626596 
0.630999 0.748686 0.734534 
0.438649 0.593149 0.62401 
0.159426 0.289836 0.346819 
0.00688024 0.0503965 0.087043 
0.0909487 0.0287597 0.00921445 
0.321627 0.189773 0.116009 
0.495897 0.354768 0.261276 
0.478587 0.376248 0.306411 
0.303869 0.268584 0.26028 
0.119656 0.178761 0.265566 
0.0539637 0.246655 0.456849 
0.135638 0.498431 0.83862 
0.318975 0.85646 1.29201 
0.552014 1.22118 1.67735 
0.804861 1.52555 1.91589 
1.04197 1.72275 1.98562 
1.19433 1.75714 1.87535 
1.18686 1.58271 1.57793 
1.00904 1.22285 1.13422 
0.757312 0.799435 0.659984 
0.592572 0.478598 0.298466 
0.635 0.367863 0.130397 
0.881295 0.45479 0.129984 
1.21024 0.636775 0.208328 
1.46191 0.801152 0.291174 
1.52036 0.877793 0.350269 
1.35015 0.838225 0.376375 
0.99438 0.682154 0.354603 
0.56075 0.448285 0.285647 
0.194392 0.225855 0.217535 
0.0203176 0.118812 0.22365 
0.0726131 0.169465 0.329443 
0.26779 0.314072 0.467755 
0.460231 0.42769 0.525705 
0.545452 0.427669 0.447474 
0.529861 0.343779 0.29298 
0.515738 0.295487 0.195809 
0.622236 0.402038 0.261368 
0.904758 0.699331 0.49275 
1.32003 1.11629 0.793833 
1.7457 1.51317 1.03291 
2.03751 1.7523 1.11751 
2.09733 1.76481 1.03865 
1.92007 1.58083 0.865482 
1.5929 1.30688 0.697061 
1.24664 1.06502 0.604499 
0.993227 0.937428 0.606864 
0.890981 0.952127 0.696029 
0.946268 1.10166 0.874058 
1.12198 1.35159 1.14679 
1.33035 1.61887 1.46632 
1.43605 1.7616 1.69214 
1.31575 1.63951 1.65131 
0.960284 1.23144 1.28181 
0.523276 0.700347 0.729056 
0.233125 0.307533 0.274173 
0.217001 0.220001 0.127898 
0.397748 0.382288 0.271858 
0.569817 0.578621 0.496072 
0.580801 0.624047 0.589976 
0.441955 0.500164 0.501096 
0.279255 0.325512 0.331185 
0.202313 0.223564 0.21269 
0.223198 0.225935 0.200503 
0.272443 0.274363 0.255556 
0.267133 0.284844 0.296777 
0.175802 0.214832 0.266513 
0.0507037 0.0996472 0.174583 
0.00188821 0.0346524 0.0959678 
0.105882 0.0965492 0.109308 
0.312926 0.257906 0.217045 
0.461284 0.391652 0.334284 
0.420269 0.390607 0.379802 
0.227339 0.286897 0.377173 
0.0587582 0.226079 0.435931 
0.0484958 0.304848 0.612719 
0.152257 0.450804 0.808765 
0.210976 0.490143 0.839316 
0.140369 0.338009 0.619466 
0.0345417 0.107624 0.274539 
0.0823068 0.0294379 0.0626069 
0.403504 0.273711 0.189331 
0.968838 0.842146 0.679616 
1.64078 1.58858 1.38344 
2.25498 2.30777 2.07147 
2.67846 2.82196 2.54485 
2.84907 3.04293 2.71402 
2.79817 2.99436 2.61686 
2.61802 2.76646 2.35689 
2.37138 2.4229 2.00184 
2.03098 1.95366 1.54357 
1.5361 1.34237 0.975821 
0.92039 0.680899 0.407066 
0.358494 0.181655 0.0580756 
0.0538784 0.0362929 0.106381 
0.0720329 0.249748 0.518984 
0.292091 0.623393 1.04805 
0.523599 0.912453 1.40739 
0.664811 1.00923 1.4733 
0.752319 0.989475 1.33921 
0.87719 1.00072 1.19549 
1.07077 1.11276 1.15509 
1.27089 1.26498 1.1772 
1.38267 1.33972 1.1412 
1.35709 1.27276 0.982113 
1.21152 1.09115 0.746246 
0.997329 0.862571 0.521312 
0.78159 0.646269 0.347529 
0.67385 0.521877 0.24053 
0.834733 0.642415 0.29921 
1.38355 1.17806 0.717601 
2.23741 2.12573 1.5956 
3.04661 3.16065 2.70497 
3.36093 3.7467 3.50306 
2.95207 3.49915 3.48507 
2.02849 2.51263 2.60426 
1.12492 1.34027 1.36376 
0.720532 0.602029 0.459521 
0.893563 0.541738 0.270522 
1.30525 0.905764 0.632605 
1.51659 1.22216 1.06056 
1.34185 1.20028 1.17544 
0.928554 0.895146 0.948084 
0.542281 0.547557 0.600046 
0.32199 0.327076 0.341871 
0.250167 0.24356 0.227837 
0.296678 0.24984 0.210538 
0.500577 0.345059 0.253225 
0.877983 0.544377 0.35227 
1.30387 0.792245 0.486134 
1.56172 0.970189 0.600061 
1.53235 1.00566 0.656504 
1.30396 0.942443 0.673422 
1.07569 0.883341 0.692749 
0.970412 0.880406 0.72477 
0.958764 0.902527 0.744876 
0.942984 0.899288 0.741249 
0.873256 0.866068 0.74322 
0.773016 0.836348 0.790501 
0.682979 0.828305 0.88041 
0.611453 0.816432 0.953016 
0.536061 0.753107 0.929255 
0.432554 0.609832 0.769155 
0.296267 0.402955 0.508604 
0.149552 0.19224 0.250943 
0.0372171 0.0542951 0.113834 
0.00313391 0.0393979 0.15926 
0.0521692 0.134854 0.353595 
0.130475 0.26646 0.590516 
0.159021 0.348329 0.76267 
0.108774 0.34971 0.828655 
0.0516115 0.324372 0.827002 
0.122024 0.369543 0.830439 
0.398301 0.536623 0.875914 
0.800799 0.765005 0.923386 
1.11644 0.907698 0.881536 
1.15539 0.846061 0.690826 
0.908611 0.599017 0.396818 
0.550795 0.315396 0.13526 
0.277442 0.142034 0.0231814 
0.142292 0.0960679 0.0539025 
0.0680536 0.0811096 0.110921 
0.00810471 0.0347647 0.100743 
0.0545547 0.0377712 0.0688381 
0.343718 0.24441 0.165884 
0.855332 0.695643 0.488127 
1.34866 1.22349 0.957723 
1.54016 1.56819 1.37251 
1.35401 1.59822 1.57514 
0.985198 1.40837 1.56722 
0.71237 1.2027 1.46127 
0.658996 1.09655 1.34085 
0.737062 1.04308 1.1893 
0.796288 0.938379 0.954468 
0.793124 0.765964 0.656131 
0.809135 0.61985 0.400739 
0.937138 0.600392 0.286554 
1.18178 0.714055 0.313386 
1.46156 0.87686 0.396073 
1.66569 0.986809 0.449521 
