0.437276 0.402563 0.529443 
0.747728 0.789897 0.910091 
1.00634 1.09595 1.21399 
1.20424 1.24467 1.30402 
1.36253 1.25862 1.18902 
1.47091 1.19099 0.964634 
1.48882 1.07436 0.722974 
1.3967 0.926615 0.514539 
1.22766 0.776947 0.362615 
1.04326 0.6655 0.283765 
0.88653 0.619416 0.291859 
0.768305 0.64369 0.401347 
0.700454 0.744058 0.641274 
0.730267 0.94874 1.05438 
0.919016 1.28183 1.64718 
1.26689 1.69532 2.31258 
1.66096 2.03737 2.81396 
1.92175 2.12569 2.89841 
1.92644 1.88695 2.48032 
1.69454 1.42968 1.73167 
1.35309 0.966428 0.97601 
1.02561 0.655033 0.470834 
0.761404 0.511412 0.271604 
0.554643 0.45634 0.273168 
0.394195 0.413681 0.342101 
0.274833 0.352806 0.398902 
0.180351 0.268933 0.415105 
0.0922392 0.169041 0.392221 
0.0298373 0.0921891 0.368308 
0.0701093 0.122659 0.423574 
0.308449 0.35562 0.647636 
0.779757 0.829797 1.08162 
1.39379 1.47182 1.673 
1.93623 2.08899 2.26494 
2.16125 2.43366 2.63444 
1.94334 2.3335 2.59236 
1.38163 1.81592 2.11071 
0.747915 1.11422 1.37512 
0.296123 0.518708 0.6849 
0.0973024 0.186558 0.259418 
0.0496612 0.0776032 0.115514 
0.0290523 0.0559085 0.115356 
0.00487581 0.0314383 0.115849 
0.0155553 0.00397028 0.0707017 
0.0754681 0.00607594 0.0176336 
0.143368 0.0427752 0.00516911 
0.172507 0.0888098 0.0421313 
0.156655 0.11708 0.0973691 
0.11733 0.114342 0.128974 
0.0708995 0.0828121 0.11668 
0.0278694 0.0430689 0.0779917 
0.0107338 0.0298948 0.0540625 
0.045893 0.0678762 0.072536 
0.131855 0.145465 0.121595 
0.229409 0.220584 0.162962 
0.292615 0.256601 0.169448 
0.305845 0.250746 0.146873 
0.288245 0.228909 0.123439 
0.269768 0.220799 0.127025 
0.269087 0.242718 0.173347 
0.288062 0.294189 0.263212 
0.315324 0.359071 0.378501 
0.332289 0.409875 0.482487 
0.323305 0.421244 0.536362 
0.286539 0.386826 0.524236 
0.234344 0.322683 0.462315 
0.180931 0.252464 0.382052 
0.132081 0.191207 0.305578 
0.0909808 0.145789 0.238361 
0.0738054 0.128368 0.182449 
0.113871 0.162376 0.151199 
0.243232 0.268668 0.166294 
0.464925 0.44235 0.237149 
0.742336 0.645164 0.343619 
1.02057 0.82985 0.447684 
1.26629 0.985389 0.538703 
1.49025 1.16422 0.678065 
1.72383 1.45207 0.98722 
1.96038 1.88238 1.55469 
2.11476 2.35669 2.31467 
2.05605 2.65364 3.00537 
1.7121 2.55556 3.28154 
1.16958 2.01986 2.93645 
0.670191 1.25962 2.07776 
0.471202 0.641579 1.10354 
0.655187 0.447761 0.462433 
1.04229 0.67244 0.358218 
1.29972 1.02355 0.624804 
1.18544 1.14479 0.877167 
0.735619 0.888481 0.821109 
0.236742 0.417623 0.47049 
0.00230244 0.0589607 0.102812 
0.14311 0.0429577 0.0131441 
0.516739 0.351917 0.289767 
0.871793 0.779692 0.786178 
1.03758 1.11285 1.26955 
1.00334 1.26278 1.5847 
0.861811 1.2639 1.70412 
0.707648 1.18802 1.6697 
0.581702 1.07411 1.51988 
0.478171 0.921623 1.27172 
0.380747 0.727064 0.951503 
0.295513 0.520602 0.624631 
0.262976 0.372136 0.388109 
0.336491 0.357995 0.324976 
0.531566 0.504749 0.450615 
0.78584 0.752491 0.692119 
0.978342 0.977325 0.923489 
1.00653 1.06525 1.03573 
0.856034 0.978289 0.98869 
0.600749 0.760758 0.810281 
0.344928 0.497924 0.563904 
0.175991 0.282055 0.329253 
0.163534 0.207089 0.201675 
0.362328 0.350626 0.265644 
0.766869 0.70944 0.522094 
1.25056 1.14127 0.835834 
1.59248 1.41567 1.0007 
1.63047 1.3891 0.91617 
1.4246 1.16244 0.719462 
1.25388 1.04235 0.7094 
1.40732 1.29739 1.08804 
1.94134 1.9159 1.75068 
2.62455 2.5938 2.33608 
3.11438 2.96438 2.50172 
3.19718 2.85738 2.17195 
2.89456 2.37329 1.55011 
2.39125 1.7567 0.926675 
1.88817 1.2192 0.483937 
1.49712 0.849394 0.244173 
1.21939 0.628563 0.141381 
0.991064 0.493972 0.109823 
0.755937 0.395811 0.12079 
0.515541 0.321966 0.170229 
0.319102 0.286595 0.252094 
0.212172 0.304567 0.350355 
0.207463 0.385816 0.460998 
0.305169 0.549432 0.615416 
0.511936 0.813206 0.855848 
0.804969 1.13919 1.16242 
1.07946 1.39677 1.4125 
1.17358 1.42251 1.44988 
0.988105 1.15462 1.22438 
0.594762 0.716482 0.865614 
0.21967 0.358377 0.611637 
0.108562 0.305658 0.658418 
0.38345 0.636245 1.05309 
0.983629 1.25232 1.67577 
1.70142 1.925 2.27817 
2.27595 2.38033 2.56644 
2.5071 2.4184 2.34499 
2.34648 2.02857 1.67011 
1.91349 1.41385 0.873915 
1.41787 0.874863 0.379101 
1.04119 0.627729 0.423104 
0.862955 0.700779 0.92286 
0.867949 0.976181 1.58328 
0.995419 1.3029 2.11994 
1.17248 1.5677 2.39173 
1.31996 1.69635 2.38222 
1.35843 1.64056 2.12832 
1.23179 1.3908 1.69196 
0.937505 0.994751 1.16381 
0.546987 0.552595 0.650123 
0.203458 0.195062 0.248675 
0.073303 0.0508314 0.0415545 
0.238616 0.182879 0.079418 
0.592987 0.506909 0.322901 
0.866952 0.78887 0.602751 
0.82782 0.800751 0.711136 
0.495398 0.534737 0.597112 
0.135026 0.240942 0.454504 
0.000124727 0.199401 0.552177 
0.0939671 0.448887 0.958303 
0.221023 0.777292 1.47193 
0.255954 0.979246 1.84413 
0.289632 1.06271 2.01682 
0.472314 1.16096 2.09523 
0.766624 1.28976 2.12221 
0.938886 1.28161 1.97298 
0.812223 0.988769 1.51671 
0.479416 0.500806 0.838447 
0.229806 0.109148 0.239629 
0.280137 0.0557643 0.00401525 
0.594696 0.332776 0.173988 
0.94624 0.713464 0.54352 
1.1156 0.947011 0.837687 
1.0341 0.923631 0.895188 
0.778247 0.695841 0.720623 
0.474959 0.393895 0.422414 
0.22805 0.146039 0.13949 
0.1153 0.0628606 0.0194828 
0.207002 0.2413 0.207014 
0.529596 0.711089 0.765986 
0.983468 1.33907 1.55921 
1.32766 1.82048 2.23183 
1.31728 1.85066 2.40462 
0.913656 1.37741 1.96713 
0.366336 0.696366 1.20369 
0.0556039 0.261945 0.60279 
0.210768 0.353984 0.497023 
0.743641 0.882868 0.842119 
1.32869 1.48374 1.30189 
1.64199 1.79267 1.52719 
1.5575 1.67031 1.38224 
1.17305 1.22953 0.971863 
0.69599 0.704033 0.511408 
0.306117 0.292087 0.176376 
0.0834784 0.0751402 0.0291791 
0.0100672 0.0231432 0.0303313 
0.0129432 0.0478121 0.0916523 
0.0204539 0.0660012 0.132969 
0.00780382 0.0459595 0.120569 
0.00199518 0.0117059 0.0720231 
0.0370096 0.00161384 0.0258005 
0.102422 0.0209417 0.00410436 
0.146452 0.041346 0.00751933 
0.135225 0.0479757 0.0421303 
0.0999198 0.0739805 0.13554 
0.117624 0.177286 0.31284 
0.252013 0.388484 0.56208 
0.516533 0.68933 0.836026 
0.876656 1.03155 1.08602 
1.26152 1.35671 1.28162 
1.57363 1.59889 1.39898 
1.71795 1.69464 1.41091 
1.65059 1.6141 1.30345 
1.40688 1.38476 1.09652 
1.08195 1.08076 0.839419 
0.786712 0.791937 0.590684 
0.611215 0.597525 0.405165 
0.593395 0.540132 0.321606 
0.688708 0.593786 0.336216 
0.775413 0.659461 0.386728 
0.729266 0.62555 0.387839 
0.525975 0.461079 0.303807 
0.274059 0.251501 0.185347 
0.135776 0.132449 0.125786 
0.204953 0.180864 0.178064 
0.446921 0.360915 0.311403 
0.7353 0.558881 0.437819 
0.935984 0.662083 0.474462 
0.972642 0.620188 0.393546 
0.846031 0.460266 0.235179 
0.615486 0.260377 0.0819428 
0.363212 0.102917 0.0106711 
0.159656 0.0342861 0.0504917 
0.0408852 0.0509497 0.174064 
0.00419581 0.1163 0.326307 
0.0280885 0.199174 0.471438 
0.111641 0.312943 0.628034 
