1.3072 1.01458 0.682751 
1.5733 1.24354 0.879585 
1.64317 1.31799 0.956942 
1.47441 1.19406 0.877762 
1.09984 0.892013 0.658093 
0.631861 0.502313 0.368029 
0.240102 0.167764 0.115532 
0.087899 0.0289299 0.00512176 
0.244336 0.146371 0.0797428 
0.627795 0.448906 0.281806 
1.0375 0.760831 0.475983 
1.26988 0.907925 0.535845 
1.23976 0.828475 0.433252 
1.01243 0.598503 0.251346 
0.728563 0.352827 0.105348 
0.499919 0.180381 0.0455775 
0.369197 0.090698 0.0358588 
0.348211 0.0666476 0.0207253 
0.464166 0.126906 0.00170353 
0.746545 0.319838 0.0388935 
1.16511 0.65365 0.179076 
1.5911 1.03949 0.388347 
1.83663 1.31296 0.558553 
1.7587 1.32866 0.584972 
1.36075 1.06345 0.453968 
0.820569 0.655758 0.274193 
0.41226 0.342573 0.220088 
0.352989 0.317258 0.410095 
0.669327 0.59683 0.798096 
1.18918 1.00857 1.17638 
1.68366 1.33156 1.32315 
2.05054 1.49041 1.19727 
2.37416 1.62531 1.00665 
2.79968 1.95651 1.06158 
3.34191 2.55722 1.5206 
3.82248 3.24938 2.24975 
4.00276 3.72312 2.91696 
3.77967 3.76393 3.2249 
3.25261 3.37828 3.07438 
2.61309 2.73132 2.55257 
1.99141 2.00147 1.82388 
1.41626 1.30719 1.0598 
0.895116 0.737232 0.438001 
0.487389 0.385074 0.127351 
0.270962 0.305385 0.202431 
0.247388 0.437462 0.555386 
0.310192 0.607848 0.924646 
0.325376 0.643714 1.05799 
0.240842 0.498175 0.881858 
0.110775 0.26608 0.528454 
0.0208638 0.0814389 0.205165 
0.00562376 0.00530101 0.034786 
0.0405621 0.00690621 0.00270739 
0.0940538 0.0304815 0.0260947 
0.161953 0.0573489 0.0488877 
0.248563 0.102153 0.0719007 
0.335387 0.170519 0.117436 
0.391663 0.243075 0.19108 
0.418753 0.304239 0.282655 
0.470021 0.37319 0.389463 
0.612912 0.493205 0.522411 
0.865648 0.686261 0.684203 
1.16741 0.917331 0.844393 
1.40505 1.10101 0.940122 
1.47144 1.14602 0.908544 
1.31805 1.00921 0.732245 
0.980772 0.728567 0.466832 
0.571317 0.413808 0.224682 
0.232535 0.192478 0.11441 
0.0726018 0.139736 0.172647 
0.114903 0.239529 0.340889 
0.297944 0.40637 0.5092 
0.523111 0.548177 0.591559 
0.711177 0.618692 0.571729 
0.828623 0.624963 0.491252 
0.877355 0.599139 0.404884 
0.869403 0.567065 0.346221 
0.810368 0.534908 0.320463 
0.701778 0.495223 0.314351 
0.558869 0.446276 0.31326 
0.428713 0.414348 0.322821 
0.386862 0.459393 0.382849 
0.501879 0.646213 0.550874 
0.787454 0.992012 0.853046 
1.18284 1.43358 1.24046 
1.58384 1.85049 1.59803 
1.9009 2.13114 1.80821 
2.09554 2.22744 1.81792 
2.16968 2.15627 1.65424 
2.1276 1.95842 1.38522 
1.9524 1.6607 1.07018 
1.62259 1.27625 0.742528 
1.16033 0.838037 0.429241 
0.67306 0.429283 0.175701 
0.340777 0.171253 0.0416986 
0.326164 0.156737 0.0608646 
0.648951 0.366901 0.194 
1.12494 0.645682 0.327332 
1.45115 0.781849 0.341571 
1.40384 0.658915 0.211366 
0.999488 0.352305 0.045566 
0.478937 0.0771216 0.0123137 
0.124179 0.0189771 0.198071 
0.0650447 0.192854 0.524724 
0.229572 0.449942 0.80481 
0.446379 0.611026 0.885895 
0.577999 0.594986 0.753999 
0.575627 0.44079 0.516468 
0.455825 0.241489 0.305897 
0.268711 0.0796569 0.205544 
0.0914508 0.0127705 0.243076 
0.0143457 0.0780841 0.413903 
0.0889834 0.273543 0.68092 
0.273433 0.528752 0.956608 
0.443192 0.720228 1.11812 
0.481677 0.747341 1.07489 
0.37653 0.611686 0.839951 
0.229775 0.423024 0.535265 
0.167964 0.317995 0.316376 
0.233982 0.359225 0.274766 
0.35789 0.499127 0.393321 
0.426716 0.630857 0.579079 
0.382218 0.672695 0.732928 
0.258658 0.613409 0.797845 
0.138161 0.494079 0.762582 
0.0777689 0.361404 0.642234 
0.075949 0.240809 0.466158 
0.0947752 0.141675 0.277232 
0.100661 0.0703731 0.123634 
0.0848114 0.0298335 0.035212 
0.061349 0.0139931 0.00506025 
0.0620507 0.0158441 0.00112095 
0.130126 0.0435739 0.000176333 
0.297359 0.117437 0.00664131 
0.547174 0.239084 0.0338808 
0.80047 0.366513 0.0728334 
0.956032 0.433656 0.0917087 
0.962685 0.405237 0.0719173 
0.857261 0.310162 0.0349771 
0.730098 0.214084 0.0206028 
0.653745 0.160399 0.0374322 
0.645845 0.146831 0.0495403 
0.692242 0.162343 0.0258216 
0.786551 0.234543 0.00180406 
0.931067 0.421009 0.076824 
1.10045 0.741728 0.33175 
1.22173 1.12208 0.739648 
1.20882 1.41437 1.15915 
1.0274 1.4913 1.42662 
0.72884 1.33452 1.47117 
0.420241 1.04432 1.35527 
0.196447 0.765415 1.21033 
0.089623 0.591089 1.12738 
0.0688702 0.51779 1.09489 
0.0774531 0.473315 1.02752 
0.0729955 0.385553 0.849907 
0.0489354 0.240125 0.564296 
0.0383228 0.0975775 0.259346 
0.105293 0.0702834 0.0702668 
0.31836 0.270431 0.121454 
0.701883 0.742788 0.470169 
1.19006 1.41031 1.06187 
1.631 2.07702 1.72309 
1.86446 2.51394 2.2225 
1.83137 2.59169 2.38977 
1.62804 2.36819 2.22054 
1.45019 2.05715 1.88438 
1.46036 1.89087 1.61855 
1.67758 1.97464 1.58071 
1.96978 2.234 1.76329 
2.14857 2.48263 2.0217 
2.09327 2.55356 2.18541 
1.8195 2.4019 2.17157 
1.45366 2.11675 2.02769 
1.13982 1.84375 1.88099 
0.948491 1.67848 1.83437 
0.849621 1.60777 1.8867 
0.761338 1.53768 1.93672 
0.628375 1.3789 1.86399 
0.467241 1.11883 1.61936 
0.350226 0.829029 1.25685 
0.350935 0.614463 0.893733 
0.49587 0.551212 0.641158 
0.75163 0.654576 0.555847 
1.04919 0.887432 0.632992 
1.32511 1.19148 0.828378 
1.54907 1.5138 1.08518 
1.71467 1.80859 1.34611 
1.80323 2.0188 1.54901 
1.76554 2.06995 1.62536 
1.55768 1.90483 1.5239 
1.20506 1.54049 1.25181 
0.819308 1.08551 0.889989 
0.528456 0.679813 0.550175 
0.378001 0.401335 0.303237 
0.305655 0.230928 0.149452 
0.220277 0.110409 0.0614095 
0.10134 0.0258407 0.045175 
0.013418 0.0210357 0.141034 
0.0267061 0.130123 0.35865 
0.13485 0.311862 0.625213 
0.253857 0.461936 0.814219 
0.29359 0.489151 0.831044 
0.228847 0.379841 0.672825 
0.116371 0.202178 0.418451 
0.0584377 0.0642081 0.17837 
0.139618 0.059846 0.0507678 
0.364299 0.219245 0.0911702 
0.630661 0.477917 0.283474 
0.778153 0.696684 0.531013 
0.699854 0.748005 0.704525 
0.438326 0.617858 0.735129 
0.17032 0.429305 0.672707 
0.0759697 0.348381 0.640785 
0.202718 0.447525 0.718592 
0.446429 0.652246 0.863052 
0.659186 0.818773 0.949259 
0.772964 0.863141 0.88921 
0.826284 0.819869 0.713075 
0.889772 0.788836 0.541581 
0.982929 0.838415 0.486977 
1.06379 0.959953 0.579009 
1.08556 1.10245 0.773679 
1.05241 1.23917 1.02083 
1.0245 1.40335 1.32344 
1.08176 1.67171 1.74198 
1.28563 2.11675 2.34466 
1.65862 2.75642 3.13703 
2.17054 3.51777 4.01154 
2.72139 4.22808 4.75022 
3.13959 4.65232 5.09614 
3.22939 4.58518 4.87453 
2.87069 3.96542 4.10207 
2.11647 2.94057 3.00806 
1.20512 1.81819 1.93285 
0.45072 0.912531 1.15518 
0.0693972 0.382027 0.762811 
0.0639829 0.174116 0.657188 
0.254172 0.11561 0.678402 
0.424639 0.0686184 0.737963 
0.46904 0.0205032 0.847412 
0.421566 0.0430881 1.03494 
0.375528 0.179869 1.25183 
0.384471 0.380505 1.37629 
0.435046 0.542082 1.31665 
0.490614 0.601984 1.10574 
0.533996 0.57873 0.880431 
0.560369 0.52338 0.756071 
0.549841 0.44879 0.718663 
0.481711 0.328663 0.647111 
0.393616 0.172724 0.449724 
