0.182324 0.475797 1.07189 
0.249386 0.426913 1.00757 
0.258966 0.328646 0.862565 
0.192617 0.201485 0.683297 
0.0856943 0.102434 0.53988 
0.0306757 0.119812 0.510681 
0.148394 0.344754 0.655621 
0.534706 0.827526 0.987126 
1.20666 1.5398 1.45386 
2.07699 2.36603 1.95001 
2.9739 3.13436 2.35101 
3.69979 3.67643 2.56131 
4.10211 3.88842 2.55127 
4.12304 3.76412 2.36431 
3.80675 3.38533 2.09098 
3.26555 2.87709 1.82374 
2.62627 2.35242 1.6156 
1.98538 1.87404 1.46252 
1.39334 1.44945 1.31637 
0.870956 1.05725 1.12029 
0.442648 0.686603 0.847613 
0.162365 0.365887 0.524694 
0.111477 0.162306 0.225036 
0.364024 0.150452 0.0365135 
0.935299 0.365881 0.0174667 
1.74393 0.770761 0.165152 
2.61519 1.2545 0.414962 
3.33246 1.6732 0.671933 
3.71527 1.90802 0.856293 
3.68417 1.90989 0.935481 
3.27869 1.70608 0.924353 
2.62312 1.37008 0.858152 
1.86664 0.980243 0.762796 
1.13701 0.598112 0.64792 
0.530491 0.277362 0.52752 
0.128059 0.0852472 0.446575 
0.00564962 0.104284 0.482001 
0.213101 0.396496 0.703817 
0.728265 0.94674 1.11614 
1.42339 1.62815 1.62126 
2.08317 2.22747 2.04216 
2.4819 2.53071 2.20157 
2.48337 2.42537 2.01468 
2.10461 1.95797 1.53826 
1.50259 1.30975 0.943996 
0.89055 0.703706 0.431264 
0.434383 0.298356 0.131597 
0.188903 0.128622 0.0594334 
0.104401 0.120783 0.130826 
0.087484 0.161016 0.228966 
0.0698316 0.168438 0.271242 
0.0419893 0.129724 0.240207 
0.0396168 0.0841725 0.170187 
0.102195 0.0805966 0.109442 
0.237296 0.139573 0.087041 
0.412431 0.242899 0.102419 
0.573814 0.349685 0.136397 
0.674715 0.422336 0.169723 
0.69463 0.444476 0.195207 
0.641141 0.42294 0.218126 
0.538717 0.377742 0.24849 
0.414783 0.329563 0.292413 
0.291675 0.29286 0.348291 
0.187372 0.277394 0.40975 
0.122397 0.295776 0.473815 
0.12701 0.371262 0.550033 
0.242061 0.539079 0.664531 
0.508941 0.836526 0.853605 
0.949147 1.28246 1.14573 
1.54104 1.85404 1.53822 
2.20651 2.47378 1.98092 
2.81925 3.01872 2.37947 
3.23755 3.35395 2.62229 
3.35127 3.37977 2.62247 
3.12346 3.07209 2.35604 
2.60683 2.49657 1.8775 
1.92655 1.78855 1.30384 
1.23668 1.10699 0.773854 
0.669361 0.582283 0.400459 
0.297891 0.279532 0.236332 
0.12632 0.189667 0.26481 
0.105051 0.247553 0.416099 
0.16137 0.365522 0.59874 
0.230274 0.467231 0.732656 
0.27454 0.510234 0.7726 
0.290004 0.492566 0.716656 
0.298346 0.44505 0.600139 
0.332895 0.414663 0.479148 
0.423066 0.445158 0.409806 
0.581691 0.560393 0.429339 
0.797956 0.754417 0.543999 
1.03754 0.990732 0.726677 
1.2503 1.21109 0.924356 
1.38398 1.35186 1.07318 
1.40049 1.36362 1.1173 
1.2893 1.22848 1.02709 
1.07302 0.96903 0.811774 
0.801769 0.645059 0.521844 
0.537565 0.337065 0.237814 
0.333661 0.120643 0.0457313 
0.216948 0.0402421 0.00594499 
0.18089 0.0929155 0.127236 
0.192448 0.23017 0.359345 
0.209979 0.378682 0.610447 
0.20341 0.4714 0.784117 
0.166533 0.474603 0.819134 
0.115606 0.398082 0.712727 
0.0766775 0.284778 0.516239 
0.0709896 0.187658 0.307282 
0.108435 0.147822 0.154783 
0.192159 0.184645 0.0949604 
0.327704 0.298609 0.126981 
0.525322 0.478531 0.224101 
0.789155 0.70419 0.349064 
1.09918 0.943222 0.465184 
1.40164 1.15025 0.54259 
1.62168 1.27735 0.564072 
1.69705 1.29553 0.532249 
1.61373 1.21417 0.472765 
1.41817 1.0813 0.425535 
1.19334 0.958229 0.422978 
1.01097 0.881748 0.466436 
0.891264 0.839944 0.518759 
0.798959 0.781888 0.523536 
0.679645 0.657987 0.442695 
0.510392 0.463567 0.287694 
0.326288 0.252515 0.120017 
0.200739 0.107317 0.0164559 
0.191712 0.083926 0.0207521 
0.293145 0.17058 0.115486 
0.429595 0.292299 0.235717 
0.502223 0.361099 0.316434 
0.456967 0.338732 0.340815 
0.328333 0.268446 0.354726 
0.227655 0.25283 0.436569 
0.281687 0.391294 0.643061 
0.559641 0.717167 0.967694 
1.03261 1.17281 1.33829 
1.58663 1.63482 1.65212 
2.07756 1.97038 1.82305 
2.39435 2.09142 1.81184 
2.4992 1.98157 1.62796 
2.4316 1.69178 1.31288 
2.2828 1.31672 0.924014 
2.15715 0.966513 0.529704 
2.13471 0.740716 0.209305 
2.24452 0.704821 0.0443145 
2.45465 0.871132 0.0941268 
2.68376 1.19161 0.366365 
2.83354 1.57163 0.802251 
2.83199 1.90493 1.29191 
2.66761 2.11593 1.71599 
2.39553 2.1875 1.99217 
2.10947 2.15829 2.10109 
1.89359 2.09145 2.07911 
1.78104 2.03377 1.98536 
1.74286 1.98987 1.86456 
1.71213 1.92532 1.72682 
1.62725 1.79434 1.5529 
1.46837 1.57385 1.31852 
1.26726 1.2838 1.02158 
1.08862 0.983996 0.697462 
0.99618 0.750837 0.414449 
1.02252 0.646308 0.25122 
1.15536 0.692796 0.265393 
1.34271 0.862846 0.465923 
1.51124 1.08672 0.801499 
1.58996 1.27504 1.17205 
1.53221 1.34931 1.46151 
1.33052 1.26988 1.57994 
1.02007 1.05033 1.497 
0.668093 0.751439 1.25103 
0.351474 0.455943 0.928817 
0.130047 0.234944 0.626095 
0.0267081 0.121345 0.408524 
0.0231822 0.102581 0.292157 
0.0729652 0.134651 0.250402 
0.124411 0.16808 0.239296 
0.142375 0.171012 0.223785 
0.11894 0.138271 0.19035 
0.0706957 0.0851685 0.143046 
0.0271276 0.0340298 0.0918107 
0.017335 0.00357982 0.0449989 
0.0600405 0.00579907 0.0109565 
0.157637 0.0469393 0.00273219 
0.293153 0.126235 0.0357572 
0.430904 0.230381 0.115027 
0.524361 0.329811 0.220737 
0.533729 0.385927 0.307893 
0.448843 0.371587 0.328052 
0.304509 0.294131 0.263387 
0.17344 0.202039 0.148712 
0.132065 0.162669 0.0599274 
0.213426 0.218596 0.0691757 
0.376435 0.35021 0.193584 
0.518289 0.475454 0.374798 
0.533218 0.496729 0.509536 
0.388348 0.37141 0.516297 
0.168475 0.159708 0.394856 
0.0527763 0.0110629 0.235654 
0.22533 0.0870769 0.167904 
0.764905 0.462219 0.277322 
1.57856 1.06325 0.546931 
2.423 1.68877 0.860629 
3.00805 2.10241 1.06814 
3.12852 2.1481 1.07002 
2.75444 1.82262 0.869721 
2.03454 1.26741 0.563302 
1.21762 0.690024 0.278192 
0.539455 0.263911 0.102789 
0.134828 0.0615145 0.0493868 
0.0121987 0.0493454 0.067196 
0.0895792 0.135451 0.0896129 
0.259678 0.233428 0.0820758 
0.445345 0.306149 0.0624072 
0.621638 0.371895 0.0868493 
0.804568 0.479841 0.215951 
1.02346 0.67594 0.482617 
1.29671 0.979062 0.878217 
1.6221 1.37582 1.35912 
1.98111 1.83029 1.8651 
2.34916 2.2986 2.33784 
2.70331 2.73971 2.73191 
3.02345 3.11896 3.01684 
3.2886 3.4064 3.17391 
3.47298 3.57441 3.19235 
3.54662 3.59852 3.06852 
3.4818 3.4627 2.80855 
3.26332 3.16705 2.43256 
2.89793 2.73422 1.97728 
2.4183 2.21044 1.49395 
1.87896 1.65899 1.04024 
1.34486 1.14728 0.668048 
0.876277 0.731383 0.411143 
0.515111 0.443524 0.277858 
0.277222 0.287178 0.251984 
0.153068 0.241194 0.301576 
0.115741 0.270798 0.391705 
0.132597 0.340497 0.495629 
0.175572 0.423764 0.600286 
0.226568 0.506746 0.705454 
0.277263 0.586615 0.819233 
0.325648 0.667501 0.953453 
0.372541 0.756837 1.1209 
0.419917 0.862861 1.33342 
0.470333 0.991965 1.59852 
0.525356 1.14436 1.91316 
0.582064 1.30872 2.25681 
0.629492 1.45906 2.58822 
0.648832 1.55786 2.85039 
0.619943 1.56697 2.98435 
