2.14352 1.91275 1.21 
1.86073 1.66106 1.02597 
1.60607 1.49979 0.992721 
1.40822 1.41879 1.03294 
1.2491 1.36844 1.05813 
1.14868 1.38003 1.11998 
1.19517 1.59189 1.41801 
1.48652 2.14672 2.14063 
2.03585 3.04898 3.27397 
2.72686 4.10865 4.54557 
3.35933 5.0211 5.5541 
3.74901 5.52116 5.98471 
3.8085 5.5 5.75458 
3.56053 5.01839 5.00756 
3.09222 4.23498 3.99748 
2.49708 3.31822 2.9607 
1.84611 2.39663 2.04928 
1.19622 1.55541 1.32772 
0.614073 0.854605 0.798636 
0.187565 0.343884 0.431305 
0.0101386 0.0650494 0.189774 
0.142927 0.0435669 0.0589421 
0.57359 0.272269 0.0544287 
1.19564 0.693353 0.202167 
1.82588 1.19213 0.496735 
2.26102 1.61717 0.870869 
2.3531 1.82809 1.20522 
2.06937 1.75101 1.37737 
1.50685 1.41149 1.31959 
0.853051 0.925272 1.05051 
0.311852 0.451426 0.666203 
0.028597 0.131437 0.299856 
0.0454999 0.0404505 0.0702566 
0.300897 0.166482 0.0372593 
0.666318 0.421086 0.17799 
1.00288 0.677577 0.395781 
1.21496 0.826796 0.56706 
1.28119 0.83022 0.611457 
1.24973 0.740705 0.544929 
1.19765 0.668144 0.470788 
1.1745 0.700124 0.499741 
1.16565 0.828996 0.651271 
1.1056 0.947389 0.820963 
0.937797 0.928859 0.856368 
0.675356 0.735114 0.687897 
0.405979 0.455004 0.397636 
0.226593 0.231669 0.153319 
0.161693 0.139369 0.0617958 
0.147065 0.129423 0.0840917 
0.105805 0.103991 0.100886 
0.0472165 0.0444231 0.0620781 
0.0808384 0.0534856 0.0571524 
0.313488 0.252662 0.219767 
0.722015 0.633026 0.561282 
1.13447 1.02103 0.916961 
1.35127 1.20864 1.07639 
1.2948 1.12339 0.970502 
1.04617 0.869913 0.722638 
0.748242 0.611977 0.516899 
0.489586 0.430474 0.430868 
0.286098 0.30203 0.404847 
0.150094 0.19385 0.356105 
0.136805 0.141785 0.289769 
0.299133 0.215679 0.282997 
0.60575 0.421822 0.379265 
0.93136 0.667991 0.528055 
1.14836 0.839058 0.636948 
1.23213 0.901406 0.666756 
1.27168 0.923805 0.659865 
1.37316 0.996429 0.679654 
1.55016 1.13522 0.738139 
1.70442 1.2653 0.789423 
1.71076 1.29086 0.784433 
1.52283 1.17654 0.719267 
1.20291 0.964684 0.62742 
0.857834 0.724223 0.53345 
0.555433 0.494277 0.426372 
0.307389 0.282521 0.28554 
0.122877 0.109058 0.128664 
0.0504348 0.0274345 0.0189603 
0.138067 0.0783008 0.00857476 
0.347736 0.220157 0.0738473 
0.535731 0.330439 0.124606 
0.551788 0.304318 0.0965751 
0.372375 0.159826 0.0321718 
0.129831 0.0303622 0.0476456 
0.0032166 0.0402255 0.204544 
0.0833659 0.19228 0.423474 
0.34269 0.388225 0.54822 
0.71266 0.552731 0.505106 
1.15523 0.715366 0.388279 
1.64381 0.956591 0.373524 
2.09642 1.28259 0.545318 
2.36764 1.57342 0.811473 
2.33438 1.66518 0.98377 
1.99678 1.48366 0.936396 
1.49274 1.10209 0.693911 
1.00974 0.680327 0.388722 
0.671533 0.353202 0.151439 
0.488481 0.163266 0.0351241 
0.394071 0.0745958 0.0174877 
0.319493 0.0322733 0.0513006 
0.241765 0.00870072 0.107675 
0.178335 0.00659585 0.182009 
0.150769 0.0326059 0.272282 
0.159219 0.0765789 0.360233 
0.186872 0.116414 0.415915 
0.217763 0.136819 0.418545 
0.241961 0.137094 0.370072 
0.246796 0.121551 0.28931 
0.216147 0.0907724 0.198443 
0.148228 0.0489202 0.118993 
0.0705793 0.0158316 0.0755671 
0.0258926 0.0212833 0.0914102 
0.0371078 0.0817701 0.172489 
0.0908288 0.186752 0.298254 
0.159634 0.31191 0.433706 
0.235295 0.44108 0.550434 
0.329169 0.56583 0.631946 
0.43735 0.663184 0.661061 
0.51641 0.68736 0.614905 
0.508643 0.600424 0.485415 
0.398836 0.418337 0.306874 
0.24452 0.222207 0.154352 
0.144929 0.114764 0.104048 
0.173416 0.156028 0.187442 
0.329892 0.330661 0.377733 
0.546434 0.566682 0.613814 
0.732145 0.780815 0.834001 
0.819118 0.913369 0.992835 
0.783562 0.937616 1.06028 
0.642368 0.854072 1.02017 
0.43938 0.684932 0.877461 
0.231459 0.47139 0.666331 
0.0740276 0.265721 0.444042 
0.00321518 0.113006 0.267032 
0.0198328 0.0307063 0.163065 
0.088607 0.00326473 0.121356 
0.160531 0.0008942 0.111171 
0.206159 0.00945479 0.114735 
0.231976 0.0427896 0.143631 
0.262216 0.121042 0.219541 
0.301569 0.23313 0.335511 
0.318091 0.324502 0.439092 
0.270447 0.332674 0.46286 
0.158572 0.244774 0.380481 
0.0469526 0.122054 0.235423 
0.0296584 0.0611697 0.110939 
0.160471 0.120919 0.0658886 
0.407098 0.277673 0.0942092 
0.669429 0.447345 0.141895 
0.84644 0.551576 0.159802 
0.897264 0.569806 0.14087 
0.852714 0.538544 0.112931 
0.778382 0.509306 0.103984 
0.72586 0.507477 0.117561 
0.707655 0.522752 0.136767 
0.704193 0.528248 0.144489 
0.686928 0.504597 0.136976 
0.637446 0.45048 0.121948 
0.553695 0.378301 0.10915 
0.446321 0.304367 0.104062 
0.331809 0.241589 0.107575 
0.226421 0.196427 0.118073 
0.141579 0.168057 0.132409 
0.0809355 0.148435 0.145278 
0.0410008 0.12483 0.149002 
0.0170686 0.0873116 0.136685 
0.0119641 0.0395493 0.10941 
0.0398771 0.00451726 0.0821115 
0.118474 0.0156986 0.079304 
0.252291 0.0950929 0.118996 
0.421001 0.234211 0.197455 
0.585122 0.396354 0.292014 
0.707226 0.54096 0.383006 
0.772085 0.649154 0.473303 
0.789655 0.727227 0.581771 
0.779906 0.785998 0.712674 
0.753322 0.81759 0.831053 
0.702752 0.793438 0.873162 
0.612146 0.687245 0.789893 
0.475216 0.504098 0.590057 
0.309662 0.290865 0.34774 
0.1542 0.116196 0.16415 
0.0476838 0.0310407 0.107312 
0.00649894 0.0379352 0.170055 
0.0216359 0.095022 0.277305 
0.0789804 0.154515 0.340702 
0.179201 0.20264 0.321313 
0.330033 0.26219 0.250417 
0.5158 0.353987 0.191313 
0.683276 0.458907 0.178606 
0.773364 0.526355 0.19351 
0.775956 0.525946 0.197036 
0.748803 0.487312 0.182111 
0.769832 0.479312 0.185829 
0.862089 0.542938 0.247235 
0.964501 0.644192 0.356246 
0.979082 0.695796 0.449621 
0.850506 0.628376 0.460333 
0.606935 0.445827 0.372927 
0.335568 0.22127 0.235522 
0.128583 0.0493834 0.12554 
0.0497809 0.0033492 0.107368 
0.134275 0.123146 0.215379 
0.394342 0.420136 0.458563 
0.806662 0.870091 0.820143 
1.29006 1.39325 1.24184 
1.70641 1.85116 1.61559 
1.90491 2.08775 1.81298 
1.79434 2.00456 1.74955 
1.40047 1.62237 1.44064 
0.868038 1.08121 1.0006 
0.396591 0.570837 0.579748 
0.140803 0.234187 0.284496 
0.132609 0.105428 0.137512 
0.275137 0.118432 0.0979588 
0.414249 0.171268 0.112804 
0.439325 0.196239 0.153259 
0.342915 0.188162 0.214212 
0.201345 0.180695 0.290796 
0.101401 0.200561 0.361902 
0.0772748 0.241244 0.397358 
0.103342 0.273939 0.380692 
0.133261 0.277722 0.325221 
0.139589 0.25641 0.267547 
0.121568 0.227998 0.242233 
0.0890165 0.202472 0.257706 
0.0504996 0.17356 0.292414 
0.0172734 0.131407 0.3131 
0.00844459 0.0791702 0.29908 
0.0409198 0.0338244 0.253748 
0.109859 0.0106892 0.197747 
0.181851 0.00907839 0.153425 
0.213404 0.0141163 0.133744 
0.182812 0.0123764 0.140936 
0.11012 0.00604201 0.171012 
0.0490489 0.0128356 0.21766 
0.0551379 0.0514274 0.272289 
0.149315 0.122797 0.321487 
0.298742 0.201151 0.346257 
0.428761 0.243594 0.327821 
0.463848 0.217085 0.260914 
0.376278 0.127777 0.167537 
0.210357 0.0304464 0.098271 
0.0609014 0.0046197 0.112793 
0.016452 0.108195 0.246992 
0.107231 0.340447 0.488674 
0.296571 0.642871 0.781381 
0.518641 0.936667 1.0546 
0.725861 1.1653 1.25695 
