0.493591 0.172097 0.350938 
0.809215 0.246707 0.119374 
1.21954 0.472935 0.0589645 
1.52421 0.737126 0.162741 
1.4959 0.840789 0.288701 
1.08975 0.689192 0.316293 
0.535111 0.409349 0.279902 
0.17757 0.246976 0.318922 
0.19917 0.333074 0.49859 
0.485971 0.56464 0.713693 
0.760934 0.719277 0.788819 
0.82892 0.667527 0.655449 
0.69598 0.46133 0.405847 
0.494419 0.24198 0.183246 
0.343275 0.105936 0.0548925 
0.286318 0.0688555 0.00427913 
0.316488 0.117558 0.0126184 
0.408892 0.247097 0.102124 
0.524781 0.44065 0.292074 
0.618002 0.648524 0.545742 
0.667226 0.819716 0.792621 
0.700697 0.954331 1.00254 
0.772824 1.10605 1.21709 
0.91022 1.32325 1.49668 
1.08603 1.59207 1.84159 
1.2464 1.8381 2.16823 
1.34923 1.9729 2.35382 
1.36941 1.93328 2.29968 
1.28219 1.69496 1.97298 
1.07265 1.28509 1.4283 
0.7763 0.799629 0.809734 
0.490966 0.384373 0.305879 
0.3144 0.152998 0.0476789 
0.257923 0.100263 0.0172408 
0.24067 0.111909 0.0686333 
0.189575 0.0854729 0.0670787 
0.136758 0.0400076 0.0133871 
0.191076 0.0843231 0.0154701 
0.403799 0.270918 0.136217 
0.681838 0.505103 0.297161 
0.854402 0.621424 0.355383 
0.822857 0.542779 0.261065 
0.634555 0.343627 0.105953 
0.420275 0.16052 0.0119914 
0.28417 0.068952 0.00460517 
0.254613 0.0579846 0.0191997 
0.303903 0.0927967 0.0109424 
0.378608 0.159884 0.016219 
0.417644 0.247904 0.0943095 
0.380473 0.319107 0.234987 
0.281628 0.327592 0.349175 
0.185897 0.262119 0.34951 
0.150219 0.15792 0.230628 
0.170765 0.0694899 0.0766797 
0.196871 0.0403039 0.00138965 
0.192658 0.0887181 0.0704944 
0.170825 0.198701 0.253584 
0.166182 0.315038 0.435339 
0.195946 0.367163 0.489192 
0.263932 0.327181 0.372285 
0.40064 0.258991 0.171563 
0.678223 0.302813 0.0589691 
1.16047 0.587249 0.182648 
1.81754 1.12412 0.567409 
2.48418 1.76459 1.08737 
2.92093 2.26143 1.52761 
2.95521 2.4096 1.70172 
2.59797 2.17108 1.55553 
2.03491 1.6889 1.18782 
1.49666 1.18043 0.773434 
1.12031 0.801199 0.45138 
0.909426 0.584943 0.264442 
0.790723 0.47968 0.17905 
0.686469 0.415629 0.141098 
0.55153 0.345951 0.112655 
0.390478 0.258881 0.0786198 
0.268557 0.179652 0.0419269 
0.284009 0.154536 0.0155103 
0.484236 0.207602 0.00804174 
0.790981 0.303364 0.0133011 
1.02904 0.36542 0.0193492 
1.05873 0.345952 0.0293679 
0.894339 0.276181 0.0641695 
0.69473 0.241859 0.136492 
0.636283 0.307758 0.226534 
0.782884 0.464584 0.291092 
1.05314 0.640837 0.299764 
1.29244 0.759464 0.26263 
1.3839 0.79121 0.227145 
1.31976 0.770265 0.251311 
1.18881 0.763964 0.370114 
1.09304 0.814527 0.567459 
1.06198 0.894998 0.76832 
1.03876 0.921305 0.867802 
0.947067 0.819238 0.792582 
0.769596 0.591083 0.555946 
0.561482 0.322593 0.261855 
0.397342 0.12777 0.0521199 
0.31792 0.0847909 0.0361833 
0.325901 0.211405 0.24921 
0.413237 0.478815 0.652017 
0.574735 0.83332 1.15599 
0.799088 1.21003 1.65285 
1.06415 1.54548 2.04026 
1.34674 1.79131 2.24 
1.62334 1.91708 2.20752 
1.84835 1.90029 1.93969 
1.94007 1.7245 1.48943 
1.81393 1.40206 0.977808 
1.45137 1.0011 0.572501 
0.94217 0.63786 0.41749 
0.453261 0.426314 0.552062 
0.143826 0.423136 0.887496 
0.0924629 0.6107 1.26821 
0.285339 0.922286 1.56669 
0.658496 1.28017 1.73524 
1.14229 1.6181 1.78866 
1.65791 1.87898 1.75643 
2.07408 1.99936 1.65304 
2.2065 1.91423 1.48459 
1.94178 1.6183 1.28424 
1.43518 1.26197 1.15264 
1.16998 1.16855 1.25286 
1.69451 1.66011 1.71014 
3.14386 2.75212 2.45029 
4.95522 3.98433 3.1283 
6.12567 4.62994 3.28938 
5.89956 4.20301 2.70487 
4.33741 2.85995 1.61108 
2.27939 1.33063 0.609004 
0.744417 0.41984 0.272025 
0.277943 0.489808 0.772864 
0.732448 1.30844 1.80958 
1.53147 2.29638 2.83698 
2.10107 2.90878 3.38672 
2.15076 2.88728 3.26898 
1.71882 2.30538 2.59853 
1.06724 1.46743 1.69211 
0.518781 0.736271 0.900203 
0.290254 0.35359 0.440608 
0.386173 0.334897 0.31819 
0.62081 0.504493 0.380216 
0.762595 0.642924 0.455036 
0.694137 0.630035 0.455799 
0.467888 0.484238 0.38437 
0.231586 0.301398 0.278707 
0.101921 0.168707 0.177392 
0.0882662 0.114053 0.111651 
0.113875 0.104563 0.0909713 
0.106703 0.086881 0.0869269 
0.0803926 0.048122 0.0589062 
0.127037 0.0463321 0.0155994 
0.315735 0.160598 0.0304693 
0.594469 0.390082 0.16254 
0.815228 0.614924 0.362284 
0.879501 0.68934 0.489512 
0.846571 0.581853 0.444311 
0.861678 0.400811 0.265147 
0.969106 0.270832 0.0834555 
1.03635 0.213151 0.00338775 
0.903447 0.178621 0.056073 
0.594006 0.1757 0.252063 
0.327468 0.299958 0.609286 
0.298118 0.60081 1.08304 
0.467977 0.952531 1.49955 
0.608551 1.11741 1.63337 
0.538772 0.960222 1.3947 
0.297272 0.585313 0.931465 
0.0888477 0.253822 0.525131 
0.0985596 0.178679 0.380671 
0.367903 0.398477 0.511027 
0.808545 0.809172 0.792808 
1.28194 1.26783 1.09423 
1.65757 1.65727 1.34363 
1.83681 1.89162 1.51083 
1.77326 1.91227 1.56753 
1.49976 1.70956 1.48748 
1.13755 1.35149 1.28208 
0.855763 0.973801 1.02013 
0.778995 0.710871 0.794394 
0.895849 0.607012 0.654658 
1.05394 0.588488 0.572599 
1.07363 0.536377 0.480525 
0.89331 0.397764 0.3459 
0.606689 0.222497 0.199299 
0.358023 0.0933303 0.0896896 
0.217163 0.0406409 0.031057 
0.165267 0.0386613 0.00571201 
0.168921 0.0609452 0.00182419 
0.216154 0.100533 0.0196566 
0.276256 0.139031 0.0492768 
0.286263 0.14935 0.0862936 
0.233132 0.164838 0.187448 
0.226286 0.306341 0.460555 
0.411552 0.663563 0.929186 
0.775361 1.1266 1.40358 
1.0782 1.39587 1.56266 
1.05045 1.235 1.24204 
0.672237 0.728803 0.645684 
0.228648 0.252041 0.21955 
0.0649479 0.151428 0.274062 
0.292344 0.457003 0.725224 
0.731115 0.900024 1.20326 
1.10441 1.17989 1.39132 
1.25265 1.18926 1.2488 
1.18139 1.01203 0.948515 
0.972996 0.776187 0.668114 
0.705093 0.550745 0.468867 
0.439419 0.355627 0.329572 
0.232159 0.207314 0.228008 
0.116984 0.122892 0.16558 
0.0844503 0.0976875 0.14349 
0.100082 0.108786 0.151913 
0.145894 0.144269 0.186023 
0.228466 0.210145 0.250468 
0.336615 0.296103 0.332577 
0.405436 0.347378 0.381319 
0.354708 0.302555 0.342645 
0.190754 0.186868 0.243873 
0.0692169 0.165465 0.243951 
0.219126 0.462206 0.561072 
0.750564 1.16606 1.2899 
1.50467 2.08305 2.25162 
2.10687 2.79731 3.03891 
2.21695 2.93602 3.26594 
1.77848 2.43433 2.83502 
1.05228 1.57363 1.99387 
0.408797 0.764027 1.13981 
0.0691686 0.268327 0.552733 
0.0111664 0.0944981 0.277958 
0.0789794 0.0995637 0.208519 
0.149274 0.154688 0.230065 
0.194585 0.211213 0.281297 
0.229408 0.255723 0.322002 
0.246259 0.261277 0.306606 
0.224558 0.208716 0.219987 
0.181825 0.135383 0.121006 
0.181765 0.124071 0.110624 
0.274509 0.222556 0.232769 
0.43424 0.379715 0.411203 
0.567598 0.477261 0.502506 
0.588613 0.433373 0.423526 
0.486132 0.275094 0.227858 
0.322316 0.108406 0.0544972 
0.173176 0.0202058 0.00108862 
0.0745245 0.0117373 0.0474722 
0.0212832 0.024527 0.0992592 
0.00849028 0.0227274 0.0980357 
0.0601622 0.040299 0.0815623 
0.207694 0.141888 0.135538 
0.43707 0.339674 0.294304 
