0.145542 0.174987 0.0851949 
0.302284 0.386593 0.285801 
0.549361 0.718223 0.637444 
0.8758 1.15277 1.12173 
1.23844 1.63017 1.66585 
1.5688 2.05835 2.15801 
1.79372 2.34147 2.48301 
1.8613 2.41357 2.56287 
1.75984 2.26206 2.38411 
1.52067 1.93024 1.99939 
1.20436 1.49864 1.50461 
0.877899 1.05548 1.00385 
0.593945 0.669982 0.578379 
0.379885 0.378661 0.271199 
0.238295 0.186491 0.0888434 
0.154922 0.0779542 0.0142821 
0.108903 0.030541 0.0220459 
0.0815029 0.0250039 0.0888718 
0.061803 0.0499081 0.197358 
0.0486005 0.10049 0.333573 
0.0478702 0.173296 0.481534 
0.0661447 0.259381 0.618472 
0.102629 0.340143 0.71493 
0.145004 0.389772 0.742184 
0.172999 0.385365 0.685557 
0.169183 0.320541 0.557335 
0.130729 0.214225 0.400472 
0.0737131 0.106997 0.277145 
0.0253902 0.0440181 0.244299 
0.00809234 0.0524865 0.32708 
0.0249928 0.126631 0.504529 
0.05786 0.23014 0.716678 
0.0793325 0.315739 0.890675 
0.0722015 0.350852 0.972646 
0.0428384 0.334145 0.948748 
0.0193437 0.293354 0.845347 
0.035073 0.26653 0.710435 
0.108037 0.278966 0.588483 
0.229496 0.330099 0.50307 
0.369024 0.397622 0.455117 
0.492611 0.45484 0.434353 
0.582156 0.489384 0.4342 
0.644212 0.51136 0.459798 
0.702986 0.546413 0.52473 
0.782501 0.618649 0.639697 
0.889165 0.73422 0.80117 
1.00527 0.875234 0.987374 
1.097 1.0071 1.16403 
1.132 1.09462 1.29651 
1.09647 1.11764 1.3618 
1.00233 1.07831 1.35462 
0.881221 0.997001 1.28558 
0.769045 0.90039 1.17386 
0.689486 0.808692 1.03883 
0.644906 0.728598 0.894933 
0.61846 0.654589 0.751179 
0.58536 0.576622 0.61403 
0.526882 0.48915 0.490752 
0.440036 0.396467 0.390673 
0.338678 0.311925 0.323514 
0.246419 0.251968 0.295746 
0.185406 0.228366 0.307038 
0.166465 0.242473 0.348707 
0.184766 0.284031 0.40512 
0.222355 0.334806 0.457727 
0.255977 0.375421 0.490396 
0.266808 0.392669 0.494242 
0.248385 0.384657 0.470312 
0.209947 0.361918 0.42914 
0.173962 0.343981 0.387146 
0.168436 0.352219 0.360845 
0.216287 0.401124 0.360603 
0.325306 0.490927 0.386001 
0.482615 0.604626 0.424709 
0.656556 0.711417 0.455855 
0.806505 0.776384 0.457386 
0.897693 0.773541 0.415106 
0.915212 0.697088 0.329756 
0.870683 0.565584 0.218592 
0.797569 0.416181 0.109928 
0.736261 0.290579 0.0324161 
0.715436 0.218652 0.00373804 
0.738654 0.20729 0.0240889 
0.783045 0.239672 0.0775166 
0.810848 0.284915 0.140089 
0.787917 0.312884 0.190412 
0.69986 0.306812 0.21738 
0.558156 0.268354 0.222345 
0.394238 0.214206 0.216365 
0.245594 0.167418 0.215229 
0.141018 0.147896 0.234558 
0.0912051 0.165359 0.285439 
0.0873328 0.215945 0.370068 
0.106741 0.282682 0.47793 
0.122897 0.340052 0.585056 
0.116314 0.362641 0.65942 
0.0829863 0.336028 0.672801 
0.0369639 0.265465 0.614696 
0.00477987 0.176796 0.500589 
0.0125335 0.106808 0.368311 
0.0708152 0.0861134 0.262535 
0.165598 0.123207 0.214838 
0.261759 0.199252 0.230173 
0.319537 0.277733 0.287257 
0.316177 0.324269 0.352188 
0.260643 0.325341 0.396801 
0.19205 0.294978 0.411114 
0.161567 0.265734 0.403671 
0.207261 0.26977 0.391547 
0.335595 0.321409 0.387628 
0.519214 0.410732 0.393173 
0.711006 0.510462 0.398981 
0.865588 0.590503 0.392665 
0.956556 0.631289 0.366434 
0.982102 0.629548 0.320868 
0.959248 0.595728 0.263736 
0.912626 0.546901 0.206023 
0.864578 0.499884 0.158006 
0.829996 0.467123 0.126936 
0.815279 0.45516 0.116188 
0.818977 0.464294 0.125226 
0.832649 0.488798 0.150184 
0.842407 0.518151 0.185429 
0.832308 0.539882 0.22603 
0.78963 0.543486 0.270071 
0.710222 0.52374 0.319195 
0.60133 0.481739 0.376557 
0.480272 0.423352 0.443134 
0.369379 0.356383 0.514798 
0.289193 0.288214 0.582336 
0.252239 0.224876 0.634781 
0.259085 0.171068 0.664204 
0.297604 0.1301 0.669144 
0.345926 0.103337 0.654822 
0.378961 0.0898194 0.630324 
0.377156 0.087003 0.604605 
0.334388 0.0926141 0.583325 
0.261052 0.106183 0.56744 
0.179737 0.128495 0.553296 
0.114552 0.15863 0.533613 
0.0792627 0.190573 0.499315 
0.0709407 0.21265 0.442584 
0.0732791 0.211743 0.360997 
0.0679461 0.180892 0.261245 
0.0470481 0.125707 0.159925 
0.0185996 0.064672 0.0794831 
0.00111237 0.0216222 0.0398051 
0.0105603 0.0137385 0.048952 
0.0483828 0.0419859 0.0979918 
0.0990716 0.0903212 0.163578 
0.140007 0.135241 0.218125 
0.158167 0.160989 0.243208 
0.163277 0.171827 0.239538 
0.188236 0.193695 0.228052 
0.27473 0.263035 0.240736 
0.450617 0.40753 0.304874 
0.710921 0.628217 0.427858 
1.01299 0.892364 0.589848 
1.28937 1.14152 0.74829 
1.47284 1.31194 0.853048 
1.52211 1.35866 0.866035 
1.43627 1.27243 0.776956 
1.25192 1.08218 0.608203 
1.02532 0.842186 0.406534 
0.808832 0.610035 0.225024 
0.633306 0.425797 0.103118 
0.503842 0.301433 0.053448 
0.409212 0.224297 0.0608441 
0.337737 0.171271 0.0931071 
0.289405 0.124974 0.117647 
0.276798 0.0831405 0.115681 
0.314497 0.0567414 0.0876263 
0.403983 0.0592504 0.048363 
0.524159 0.0944725 0.016395 
0.63459 0.150762 0.00349166 
0.690984 0.205102 0.0100995 
0.664956 0.2343 0.0277246 
0.557282 0.226347 0.0454048 
0.39748 0.185398 0.0557273 
0.230307 0.128108 0.0572126 
0.0968262 0.074389 0.0528552 
0.0198858 0.0383782 0.0469649 
0.000281014 0.0243622 0.0428025 
0.0232703 0.0286455 0.0421112 
0.0698337 0.0447676 0.0459319 
0.125885 0.0682059 0.0553622 
0.185452 0.0980003 0.0714207 
0.248092 0.135192 0.0941802 
0.313733 0.179814 0.121937 
0.378631 0.228565 0.151067 
0.434627 0.274536 0.176717 
0.471868 0.309125 0.194068 
0.483402 0.325235 0.199747 
0.469067 0.320123 0.192908 
0.436177 0.296277 0.175568 
0.395914 0.259593 0.151999 
0.357001 0.215874 0.127467 
0.320626 0.168136 0.107108 
0.28081 0.117151 0.0956244 
0.231281 0.0654105 0.0976884 
0.174921 0.0216503 0.117964 
0.128624 0.00151546 0.159574 
0.118081 0.0218807 0.221093 
0.16352 0.0908631 0.293957 
0.264544 0.199586 0.362884 
0.39444 0.32186 0.410445 
0.509328 0.42346 0.42404 
0.5681 0.476488 0.401364 
0.551906 0.47089 0.350996 
0.472121 0.417071 0.287875 
0.363188 0.339362 0.226795 
0.266077 0.26537 0.178101 
0.212711 0.217472 0.147487 
0.219021 0.209489 0.138324 
0.287069 0.247142 0.153044 
0.410834 0.328817 0.19148 
0.579689 0.444829 0.247402 
0.77769 0.576475 0.306799 
0.981482 0.697761 0.350731 
1.16107 0.7812 0.362229 
1.28525 0.805879 0.33357 
1.32966 0.763974 0.269724 
1.28371 0.662568 0.186204 
1.15325 0.520492 0.103001 
0.958874 0.362499 0.0381517 
0.731508 0.213835 0.0039073 
0.507445 0.0969558 0.00623994 
0.323883 0.0303165 0.0464748 
0.215043 0.0279881 0.123222 
0.208314 0.0988249 0.233325 
0.319868 0.244473 0.371435 
0.549548 0.456297 0.528531 
0.875746 0.712229 0.690315 
1.25245 0.975653 0.836943 
1.61195 1.19893 0.94565 
1.87626 1.33326 0.996813 
1.97711 1.34334 0.981841 
1.87893 1.22189 0.909173 
1.59537 0.996447 0.804209 
1.18956 0.723278 0.701304 
0.755251 0.468556 0.630111 
0.384563 0.284116 0.602309 
0.136571 0.188876 0.605614 
0.0209088 0.165143 0.608996 
0.00365389 0.171762 0.577594 
0.0310405 0.167294 0.490649 
0.057496 0.131108 0.353775 
0.0632838 0.0715587 0.199196 
0.0542897 0.0177691 0.0732861 
0.0475561 0.000652862 0.0170315 
0.0540658 0.034474 0.0486407 
