0.596076 0.514789 0.345126 
0.741238 0.693878 0.481346 
0.777707 0.769521 0.53487 
0.692538 0.71375 0.479852 
0.550754 0.577908 0.367216 
0.446849 0.446136 0.272033 
0.427612 0.362281 0.219533 
0.457081 0.304256 0.172168 
0.45595 0.229591 0.0935558 
0.374681 0.13745 0.0145827 
0.230954 0.0759935 0.0193927 
0.0871461 0.0904021 0.160151 
0.00599962 0.176692 0.395218 
0.0298632 0.294857 0.62157 
0.182853 0.417984 0.76417 
0.465248 0.550982 0.821928 
0.83636 0.698611 0.828034 
1.22089 0.835162 0.788175 
1.55721 0.927794 0.680842 
1.84477 0.988523 0.515875 
2.12712 1.07876 0.365505 
2.41098 1.24028 0.313053 
2.60464 1.42207 0.369425 
2.55574 1.49278 0.453576 
2.17115 1.34199 0.46317 
1.51437 0.978018 0.362704 
0.793214 0.533089 0.204186 
0.248024 0.176984 0.0727655 
0.0259671 0.0152041 0.0187652 
0.120479 0.0426352 0.0314849 
0.397596 0.16865 0.0605327 
0.681674 0.286145 0.0597888 
0.850097 0.341612 0.0271696 
0.88368 0.362851 0.0146049 
0.843136 0.420864 0.0902309 
0.795446 0.552915 0.271837 
0.757862 0.71832 0.49413 
0.708411 0.836384 0.657323 
0.64025 0.871378 0.720818 
0.593288 0.874533 0.744114 
0.632095 0.939716 0.82561 
0.804398 1.1258 1.00475 
1.1225 1.42568 1.23466 
1.55967 1.79047 1.44457 
2.03089 2.14949 1.60351 
2.37544 2.39673 1.70617 
2.40381 2.39353 1.71403 
2.02234 2.04241 1.55007 
1.34241 1.393 1.17761 
0.65382 0.669238 0.681385 
0.253993 0.161651 0.253579 
0.264336 0.0581 0.0850522 
0.578868 0.345208 0.252632 
0.965348 0.840918 0.683041 
1.21556 1.30868 1.19893 
1.23665 1.56805 1.60431 
1.05991 1.55896 1.77109 
0.80572 1.35843 1.70051 
0.635424 1.14903 1.52822 
0.692318 1.13562 1.45195 
1.03862 1.43693 1.61086 
1.61891 2.01387 1.99408 
2.27766 2.68394 2.44426 
2.82411 3.21261 2.75148 
3.10804 3.42274 2.77022 
3.07061 3.26352 2.48932 
2.75316 2.81498 2.02802 
2.26477 2.23779 1.57362 
1.72584 1.69613 1.29406 
1.21948 1.28944 1.26202 
0.78025 1.02541 1.42322 
0.420332 0.84401 1.62499 
0.159693 0.670866 1.69292 
0.0267835 0.465009 1.51858 
0.0327848 0.239959 1.11814 
0.153181 0.0580314 0.634335 
0.338681 0.00278325 0.274116 
0.54005 0.13182 0.200342 
0.717259 0.424464 0.428841 
0.830247 0.761663 0.799754 
0.839549 0.973398 1.0615 
0.736228 0.941962 1.02861 
0.578563 0.692095 0.70808 
0.488513 0.391766 0.298411 
0.588933 0.2503 0.0569003 
0.919301 0.38346 0.131075 
1.39626 0.743915 0.474962 
1.85406 1.16334 0.900348 
2.1361 1.46508 1.20954 
2.16964 1.55883 1.30499 
1.97723 1.45738 1.20766 
1.63651 1.2291 0.999451 
1.2385 0.94797 0.760048 
0.876379 0.684238 0.550745 
0.646069 0.51879 0.433534 
0.62044 0.53189 0.473022 
0.797926 0.75113 0.694924 
1.07863 1.10515 1.0373 
1.31418 1.44287 1.35572 
1.40426 1.61827 1.49734 
1.35298 1.57154 1.38959 
1.23047 1.34008 1.07371 
1.08403 1.00555 0.667093 
0.897237 0.642494 0.29838 
0.638681 0.312488 0.063169 
0.337538 0.0799795 0.00647293 
0.0927055 0.000795213 0.113811 
0.000282024 0.0809954 0.310705 
0.0762541 0.256069 0.490497 
0.252264 0.426588 0.570135 
0.43909 0.52264 0.534462 
0.586902 0.536649 0.429048 
0.69136 0.501674 0.310961 
0.761314 0.450157 0.208901 
0.794703 0.39688 0.127016 
0.781358 0.348813 0.0725391 
0.714992 0.313197 0.0640492 
0.597328 0.290954 0.110925 
0.44086 0.274686 0.198015 
0.280371 0.268462 0.304564 
0.179963 0.310095 0.438125 
0.209555 0.456533 0.634378 
0.391152 0.725287 0.905399 
0.657923 1.04148 1.1831 
0.875869 1.25538 1.32901 
0.928064 1.23909 1.22823 
0.797462 0.989384 0.896729 
0.574082 0.640818 0.497509 
0.37678 0.365285 0.230301 
0.261455 0.241621 0.179334 
0.201931 0.214578 0.256413 
0.155917 0.180609 0.297189 
0.14018 0.113981 0.223863 
0.23082 0.107036 0.121516 
0.486466 0.286182 0.159025 
0.875006 0.688982 0.435337 
1.27908 1.21987 0.895263 
1.57319 1.71736 1.37952 
1.69934 2.06191 1.74567 
1.68295 2.23369 1.95014 
1.59458 2.29314 2.04211 
1.50122 2.3211 2.10153 
1.43657 2.365 2.17777 
1.3934 2.41302 2.25851 
1.33567 2.40246 2.27506 
1.23104 2.26331 2.14399 
1.08956 1.9789 1.83062 
0.975491 1.61926 1.39258 
0.973117 1.31233 0.960985 
1.13258 1.17013 0.665758 
1.445 1.23103 0.565682 
1.86225 1.4593 0.63782 
2.32394 1.7806 0.816573 
2.75159 2.1027 1.02674 
3.02644 2.31117 1.18342 
3.00888 2.28349 1.19325 
2.62121 1.95239 0.998738 
1.93184 1.3778 0.642134 
1.14995 0.745029 0.271821 
0.511768 0.262335 0.0534844 
0.144468 0.0325028 0.0498586 
0.0193757 0.00845473 0.180146 
0.0234856 0.0664991 0.300097 
0.0737078 0.122202 0.326693 
0.174674 0.185269 0.293153 
0.388534 0.322085 0.297367 
0.763496 0.581636 0.410195 
1.2839 0.954916 0.631094 
1.86506 1.38416 0.911165 
2.37887 1.79029 1.19579 
2.69301 2.09197 1.441 
2.71695 2.22125 1.60748 
2.44319 2.14799 1.66367 
1.95854 1.90236 1.60659 
1.40818 1.56952 1.47619 
0.928732 1.25131 1.34149 
0.594515 1.0223 1.26825 
0.41104 0.913131 1.29616 
0.349193 0.924636 1.43725 
0.382651 1.04677 1.68109 
0.497826 1.25913 1.99035 
0.67914 1.51858 2.29346 
0.89611 1.75931 2.49677 
1.11028 1.91694 2.52325 
1.29287 1.95882 2.35314 
1.4307 1.89051 2.03058 
1.51402 1.73273 1.62814 
1.52443 1.49644 1.2027 
1.44203 1.18725 0.785749 
1.26459 0.834585 0.413088 
1.01372 0.50677 0.151915 
0.723591 0.286256 0.0816566 
0.441192 0.22812 0.237602 
0.257806 0.348674 0.573456 
0.329517 0.649422 0.98208 
0.810094 1.12392 1.34938 
1.69181 1.7078 1.58514 
2.68539 2.22187 1.61912 
3.30748 2.41382 1.40984 
3.184 2.1248 0.996942 
2.3439 1.44969 0.541553 
1.22721 0.712815 0.264584 
0.367539 0.238416 0.287644 
0.0188395 0.113843 0.516307 
0.0527543 0.171538 0.703613 
0.179408 0.196922 0.657865 
0.231169 0.136478 0.398269 
0.233236 0.102132 0.114867 
0.264283 0.218511 0.00940687 
0.342546 0.534152 0.216511 
0.486693 1.10001 0.868707 
0.826195 2.06117 2.14266 
1.54088 3.55567 4.11692 
2.63345 5.46599 6.53321 
3.80141 7.31869 8.76549 
4.61665 8.52968 10.1493 
4.86959 8.80981 10.4214 
4.70751 8.32206 9.83479 
4.40095 7.422 8.81575 
4.00176 6.27667 7.53085 
3.30504 4.80556 5.85098 
2.18767 3.01566 3.76001 
0.939844 1.31809 1.72254 
0.170086 0.388605 0.519127 
0.31988 0.632268 0.62751 
1.26681 1.7846 1.75969 
2.42208 3.08337 3.05444 
3.21581 3.86572 3.76848 
3.48248 4.01754 3.8101 
3.41402 3.88308 3.64308 
3.2275 3.80872 3.73297 
2.94759 3.81806 4.11423 
2.4893 3.68996 4.44105 
1.85822 3.25669 4.3593 
1.20496 2.576 3.79011 
0.712884 1.86746 2.93046 
0.503361 1.37522 2.10252 
0.654103 1.30387 1.63324 
1.21556 1.77644 1.76539 
2.10919 2.72055 2.52147 
3.01714 3.77157 3.58894 
3.48961 4.39474 4.41596 
3.2785 4.23654 4.54948 
2.58563 3.40826 3.954 
1.91905 2.39408 3.00454 
1.64707 1.64506 2.16591 
1.69103 1.26498 1.69734 
1.67475 1.09247 1.65657 
1.36165 1.03155 2.08998 
0.905182 1.20749 3.06853 
0.659009 1.75417 4.45852 
