1.19264 0.990794 0.615901 
0.520767 0.520431 0.389271 
0.203471 0.289318 0.318787 
0.0722859 0.235802 0.43324 
0.039012 0.317266 0.708062 
0.0547136 0.432557 0.965809 
0.0695838 0.438191 0.962901 
0.0992555 0.312319 0.651315 
0.27924 0.258334 0.317085 
0.755825 0.552564 0.370253 
1.49271 1.25651 0.962157 
2.2337 2.11653 1.83547 
2.69916 2.77389 2.56118 
2.81241 3.05628 2.89449 
2.72676 3.06177 2.90229 
2.668 3.01611 2.82177 
2.78276 3.10152 2.86904 
3.09239 3.38226 3.14668 
3.49147 3.78024 3.60489 
3.74626 4.05985 4.00912 
3.56868 3.90322 4.00407 
2.81424 3.12908 3.34576 
1.66748 1.90745 2.15345 
0.600244 0.730788 0.913635 
0.0766649 0.101536 0.166535 
0.239898 0.186524 0.127337 
0.8467 0.735919 0.571493 
1.48239 1.31394 1.06008 
1.84779 1.61554 1.27818 
1.89187 1.61225 1.20352 
1.74005 1.46398 1.01972 
1.53652 1.33167 0.910251 
1.34307 1.25999 0.921686 
1.14381 1.19214 0.974573 
0.909664 1.05894 0.964735 
0.650758 0.849958 0.850925 
0.418122 0.617804 0.670789 
0.263456 0.429142 0.49624 
0.194464 0.309988 0.375417 
0.166492 0.231148 0.305742 
0.124602 0.148502 0.256316 
0.0625583 0.0640295 0.218077 
0.0376158 0.043486 0.229084 
0.115477 0.159115 0.339041 
0.295344 0.405696 0.543053 
0.494221 0.67866 0.759724 
0.608423 0.844461 0.887237 
0.588476 0.836188 0.882608 
0.460034 0.686824 0.78351 
0.291715 0.48673 0.660997 
0.154311 0.3209 0.563076 
0.0927785 0.231784 0.497896 
0.105322 0.20944 0.447304 
0.141518 0.203334 0.383486 
0.143643 0.16203 0.286714 
0.108294 0.0830769 0.16647 
0.0967313 0.0208742 0.063032 
0.166341 0.0306862 0.0131001 
0.298646 0.108035 0.0136004 
0.41936 0.201556 0.0350196 
0.495691 0.288255 0.0743616 
0.590657 0.412735 0.175014 
0.796477 0.629392 0.373394 
1.11304 0.908882 0.628327 
1.40676 1.12214 0.8224 
1.50016 1.13199 0.847403 
1.30862 0.906289 0.692815 
0.903181 0.548359 0.454844 
0.457207 0.224691 0.264565 
0.134319 0.0584667 0.202477 
0.00771581 0.0720587 0.264707 
0.0608167 0.211446 0.395903 
0.25171 0.421685 0.55527 
0.576661 0.706827 0.761256 
1.07036 1.11923 1.07385 
1.73595 1.68042 1.52022 
2.46918 2.30243 2.02494 
3.06253 2.79395 2.41867 
3.31186 2.96786 2.53797 
3.14865 2.76915 2.33986 
2.68581 2.31324 1.93113 
2.13981 1.80559 1.49074 
1.70201 1.42132 1.16485 
1.4622 1.24305 1.023 
1.41455 1.27237 1.0758 
1.49671 1.45566 1.28673 
1.61481 1.68708 1.55167 
1.66286 1.82198 1.70408 
1.56155 1.7396 1.59876 
1.30092 1.42166 1.223 
0.944588 0.969039 0.720827 
0.587737 0.533359 0.291985 
0.307965 0.226284 0.0574168 
0.14316 0.0795928 0.00939044 
0.0904586 0.0621179 0.0638874 
0.109234 0.111879 0.137154 
0.135822 0.160728 0.179772 
0.12202 0.160715 0.173495 
0.0724844 0.109743 0.125003 
0.0352707 0.048234 0.0617345 
0.0438158 0.0173515 0.0154331 
0.0731261 0.0189172 0.00033666 
0.0687063 0.024521 0.0110386 
0.0235656 0.0236804 0.041776 
0.0115167 0.0479373 0.0965936 
0.122073 0.132207 0.170708 
0.352306 0.253418 0.22814 
0.572083 0.324613 0.217455 
0.616728 0.269571 0.127074 
0.434698 0.114114 0.0291054 
0.156423 0.00193306 0.0585599 
0.0138902 0.104359 0.327624 
0.165922 0.48387 0.829856 
0.562136 1.0132 1.40215 
0.956515 1.42225 1.78407 
1.08162 1.46736 1.76368 
0.873994 1.12709 1.33766 
0.572963 0.674958 0.767963 
0.574134 0.529135 0.450081 
1.11029 0.946049 0.644188 
2.01616 1.79134 1.26691 
2.80827 2.60373 1.93394 
3.04305 2.92696 2.24042 
2.64537 2.63281 2.04559 
1.91777 1.96168 1.52428 
1.25051 1.27962 0.97513 
0.832475 0.809411 0.596791 
0.619166 0.571743 0.429241 
0.517024 0.520274 0.452176 
0.533339 0.663998 0.677119 
0.730064 1.03347 1.11968 
1.06883 1.55471 1.70137 
1.35262 2.00189 2.21304 
1.35073 2.1099 2.40465 
0.995577 1.76291 2.14217 
0.469631 1.10079 1.51234 
0.100937 0.450925 0.791165 
0.14411 0.125479 0.283893 
0.610348 0.225591 0.138375 
1.27185 0.597863 0.270993 
1.83243 0.978152 0.472684 
2.12241 1.20195 0.609178 
2.15913 1.29687 0.729478 
2.04914 1.38657 0.976395 
1.86989 1.5301 1.39754 
1.67194 1.6812 1.86463 
1.5695 1.79622 2.1859 
1.74644 1.9284 2.27553 
2.29926 2.16418 2.18947 
3.07274 2.47313 2.012 
3.71471 2.67768 1.75668 
3.95084 2.61342 1.40271 
3.81158 2.30575 0.992984 
3.57115 1.95339 0.640799 
3.47088 1.73828 0.430331 
3.52512 1.68427 0.350451 
3.5822 1.70708 0.353331 
3.50917 1.74938 0.446065 
3.26936 1.80901 0.668638 
2.85719 1.8452 0.972945 
2.25347 1.73353 1.17721 
1.49771 1.37443 1.09771 
0.760195 0.83506 0.733553 
0.257577 0.331778 0.293518 
0.0667966 0.051895 0.0275722 
0.0642341 0.0180657 0.0452088 
0.0920872 0.144853 0.29724 
0.165485 0.39004 0.687924 
0.45403 0.785763 1.14514 
1.02864 1.30191 1.57409 
1.66218 1.73231 1.80646 
1.94534 1.794 1.67713 
1.64014 1.3797 1.18624 
0.922129 0.701532 0.563055 
0.259302 0.153713 0.126119 
0.0345649 0.00641544 0.0485427 
0.260355 0.213298 0.244332 
0.627973 0.498641 0.474994 
0.812225 0.621355 0.564874 
0.736635 0.56372 0.52389 
0.579747 0.490646 0.48314 
0.562942 0.552456 0.532179 
0.74562 0.7365 0.627232 
1.00657 0.898028 0.650299 
1.18832 0.912291 0.539872 
1.23841 0.783165 0.3493 
1.22475 0.616246 0.181923 
1.25256 0.518239 0.0942387 
1.38846 0.541424 0.0836619 
1.64057 0.70136 0.156605 
1.95786 0.99153 0.359266 
2.22207 1.34359 0.701362 
2.27438 1.59689 1.0617 
2.01551 1.57214 1.22506 
1.51256 1.22158 1.05967 
0.983474 0.70102 0.660024 
0.632812 0.260834 0.286635 
0.48775 0.0485624 0.147026 
0.409293 0.0219335 0.236733 
0.269058 0.0486773 0.389143 
0.092457 0.0607319 0.454416 
0.00830923 0.0871525 0.410079 
0.0742865 0.156363 0.318603 
0.192267 0.218424 0.228672 
0.214422 0.195399 0.147368 
0.112042 0.0911072 0.0851021 
0.010581 0.0121875 0.0788633 
0.0561136 0.0643299 0.149172 
0.265514 0.240513 0.253364 
0.513158 0.424577 0.310236 
0.647322 0.499484 0.278166 
0.607294 0.443033 0.197983 
0.443406 0.325099 0.150988 
0.253883 0.229866 0.177088 
0.113802 0.187642 0.236838 
0.0476919 0.170648 0.251631 
0.0459774 0.140729 0.181496 
0.0966398 0.0990859 0.0718187 
0.2019 0.0961377 0.0327349 
0.367427 0.197103 0.171852 
0.581233 0.437152 0.535471 
0.813958 0.806319 1.09825 
1.04415 1.26673 1.78941 
1.26845 1.76301 2.5089 
1.46587 2.20078 3.11416 
1.55624 2.43298 3.42136 
1.4328 2.31907 3.27757 
1.07367 1.84553 2.68096 
0.617643 1.19114 1.83577 
0.288382 0.633668 1.05254 
0.209594 0.350544 0.549806 
0.296755 0.298197 0.329482 
0.35025 0.292395 0.238895 
0.258524 0.204214 0.145635 
0.0982854 0.0674838 0.0434088 
0.0374022 0.00277883 8.50137e-05 
0.161582 0.0685464 0.0409691 
0.406896 0.210535 0.116348 
0.637441 0.341911 0.178015 
0.754585 0.434657 0.25033 
0.734584 0.518326 0.39902 
0.611501 0.619574 0.640937 
0.475991 0.745866 0.916362 
0.49179 0.938212 1.16621 
0.8595 1.3073 1.42403 
1.69693 1.97301 1.80891 
2.91541 2.94229 2.41443 
4.21436 4.04543 3.20083 
5.22934 5.00703 3.99419 
5.73519 5.60421 4.59194 
5.75563 5.78788 4.88225 
