0.449697 1.20796 2.15259 
0.367616 1.28361 2.24831 
0.356055 1.37763 2.27575 
0.401545 1.43587 2.17134 
0.481129 1.42113 1.91491 
0.569386 1.32358 1.53555 
0.644583 1.16294 1.10497 
0.693932 0.983144 0.720228 
0.717507 0.8409 0.478963 
0.728883 0.789624 0.451804 
0.749649 0.861097 0.657997 
0.796976 1.04888 1.05144 
0.868584 1.30034 1.52428 
0.934486 1.52506 1.93206 
0.94488 1.62286 2.13747 
0.855583 1.52502 2.05974 
0.659661 1.23092 1.70925 
0.405051 0.818582 1.18834 
0.18156 0.417042 0.652339 
0.0778017 0.148796 0.245228 
0.129924 0.0707693 0.040479 
0.294371 0.147723 0.0178205 
0.466442 0.276277 0.0884074 
0.538983 0.348082 0.153433 
0.468235 0.315589 0.161616 
0.305787 0.22051 0.132311 
0.17424 0.167125 0.132866 
0.198616 0.256519 0.227204 
0.433522 0.521738 0.429113 
0.828912 0.902385 0.688385 
1.25343 1.27204 0.915669 
1.55971 1.50025 1.02827 
1.65324 1.51268 0.989084 
1.52826 1.31835 0.818585 
1.25751 0.995049 0.578163 
0.949263 0.647741 0.338549 
0.700032 0.365834 0.152043 
0.566654 0.199601 0.0408121 
0.565004 0.16134 0.00276148 
0.686384 0.242805 0.0278456 
0.915671 0.434373 0.114497 
1.23899 0.733853 0.277269 
1.63777 1.14034 0.541041 
2.07498 1.63695 0.922959 
2.48389 2.17265 1.40971 
2.77023 2.65602 1.94227 
2.83353 2.97032 2.41965 
2.60474 3.00982 2.72553 
2.08693 2.72521 2.76961 
1.37861 2.15684 2.52556 
0.661941 1.43611 2.04659 
0.151286 0.748392 1.44953 
0.0180986 0.269815 0.873814 
0.323134 0.104948 0.434026 
0.988059 0.25312 0.186666 
1.82181 0.617424 0.122908 
2.59108 1.04959 0.185781 
3.10326 1.40786 0.299927 
3.26544 1.602 0.399815 
3.09744 1.60992 0.44699 
2.70076 1.466 0.434153 
2.20515 1.23401 0.379066 
1.72044 0.979825 0.313041 
1.31208 0.754242 0.268121 
1.00227 0.587273 0.266094 
0.785953 0.489878 0.311844 
0.647466 0.457979 0.392669 
0.569472 0.476242 0.483539 
0.534343 0.521795 0.555984 
0.523085 0.568731 0.586949 
0.516281 0.593265 0.564443 
0.497541 0.57825 0.489039 
0.457058 0.516054 0.372598 
0.393214 0.409933 0.236318 
0.312582 0.274864 0.108925 
0.230086 0.137931 0.0238306 
0.169647 0.0365483 0.0132663 
0.162819 0.0119295 0.0990159 
0.241836 0.0969365 0.282443 
0.426475 0.301464 0.538812 
0.709628 0.602106 0.820299 
1.05024 0.942969 1.06834 
1.38052 1.25002 1.23111 
1.62695 1.45438 1.27896 
1.73642 1.51481 1.21147 
1.69459 1.42953 1.05408 
1.52773 1.2326 0.846955 
1.28782 0.977935 0.631575 
1.02959 0.718991 0.440457 
0.791401 0.493318 0.29259 
0.588359 0.317475 0.194668 
0.4185 0.19225 0.146272 
0.276135 0.113536 0.146328 
0.163691 0.082214 0.197785 
0.0953408 0.10747 0.307709 
0.0907482 0.201556 0.481609 
0.162596 0.368618 0.713923 
0.30491 0.593926 0.979916 
0.489077 0.840578 1.23515 
0.670812 1.05743 1.42563 
0.805788 1.19611 1.50586 
0.866919 1.22954 1.45671 
0.855176 1.16319 1.29452 
0.799 1.03364 1.06662 
0.743125 0.8955 0.835487 
0.732515 0.802937 0.658579 
0.798476 0.793438 0.571801 
0.951784 0.879327 0.581941 
1.18364 1.04855 0.669623 
1.47193 1.27276 0.800733 
1.78861 1.51858 0.941505 
2.10432 1.75657 1.07059 
2.388 1.9637 1.18184 
2.60261 2.11848 1.27573 
2.70235 2.19321 1.34499 
2.63809 2.15257 1.36552 
2.37531 1.96511 1.30288 
1.91949 1.62578 1.13424 
1.33476 1.17621 0.87262 
0.73925 0.705371 0.574478 
0.270869 0.322597 0.320051 
0.0355642 0.112852 0.174811 
0.0651004 0.0997012 0.155965 
0.309636 0.239947 0.227415 
0.67066 0.454829 0.327885 
1.05382 0.677654 0.413073 
1.40772 0.885704 0.481855 
1.7249 1.09531 0.568106 
2.00894 1.32605 0.705483 
2.23641 1.56306 0.892907 
2.34624 1.74784 1.08749 
2.2679 1.80627 1.23008 
1.96998 1.69443 1.28347 
1.49442 1.4294 1.25404 
0.950546 1.08335 1.18135 
0.470918 0.745784 1.10522 
0.155692 0.480169 1.03635 
0.0380506 0.302724 0.952483 
0.086558 0.192642 0.82136 
0.235789 0.120745 0.631662 
0.421748 0.0734442 0.408428 
0.601794 0.0567878 0.20279 
0.754349 0.0827063 0.0650303 
0.86806 0.152032 0.0204237 
0.9335 0.248145 0.0623073 
0.943263 0.344223 0.16257 
0.896937 0.416325 0.28842 
0.803857 0.452195 0.413766 
0.680317 0.451644 0.521764 
0.543824 0.421873 0.60326 
0.409095 0.373445 0.656927 
0.287621 0.319061 0.691592 
0.188488 0.272903 0.726309 
0.117604 0.24806 0.784905 
0.0759347 0.253559 0.88797 
0.0606494 0.29544 1.04942 
0.0714476 0.383492 1.28111 
0.118064 0.537732 1.59954 
0.219859 0.78404 2.0225 
0.391351 1.13349 2.5489 
0.618983 1.55412 3.13071 
0.846318 1.95649 3.65951 
0.985697 2.21297 3.98814 
0.959613 2.21157 3.98766 
0.752513 1.91943 3.61329 
0.440115 1.41816 2.94099 
0.171494 0.884556 2.14995 
0.106564 0.521887 1.4577 
0.340627 0.476867 1.04204 
0.857512 0.78509 0.988141 
1.53592 1.36829 1.2787 
2.20176 2.07516 1.81761 
2.69469 2.73689 2.4641 
2.91583 3.21072 3.0623 
2.842 3.40347 3.46734 
2.5139 3.28167 3.5754 
2.01431 2.87587 3.35464 
1.4463 2.27554 2.85925 
0.911556 1.60643 2.20915 
0.487952 0.991294 1.53933 
0.21272 0.512453 0.949064 
0.0825123 0.200209 0.486354 
0.0737687 0.0553747 0.177444 
0.170213 0.0859147 0.0717772 
0.37452 0.322298 0.254174 
0.691127 0.790778 0.798423 
1.09212 1.46042 1.68657 
1.49712 2.20828 2.7558 
1.79186 2.84107 3.72578 
1.88038 3.17133 4.30592 
1.73597 3.1032 4.32322 
1.4132 2.67229 3.79384 
1.01239 2.01652 2.89913 
0.625672 1.30475 1.89116 
0.307258 0.675674 0.993352 
0.0867358 0.222266 0.351085 
0.0031593 0.0117557 0.0376988 
0.115841 0.0999193 0.0784261 
0.467425 0.508299 0.452534 
1.02126 1.17553 1.07015 
1.62842 1.93027 1.75843 
2.06772 2.52858 2.29532 
2.15 2.75283 2.49247 
1.82496 2.51804 2.28406 
1.21883 1.91756 1.76298 
0.574164 1.17615 1.13622 
0.128061 0.53855 0.62401 
0.00445833 0.161448 0.362236 
0.181763 0.0682102 0.361379 
0.543053 0.180055 0.534434 
0.963832 0.389454 0.764628 
1.37751 0.624624 0.968258 
1.78574 0.872605 1.12316 
2.22281 1.16178 1.26055 
2.709 1.52637 1.43587 
3.22334 1.97553 1.69506 
3.70426 2.47694 2.04602 
4.06857 2.95555 2.44135 
4.23602 3.30696 2.7805 
4.1534 3.42674 2.9383 
3.8162 3.25094 2.81554 
3.28151 2.79221 2.39075 
2.66137 2.14929 1.74375 
2.08988 1.47727 1.0331 
1.67345 0.928596 0.435726 
1.44865 0.595054 0.0805612 
1.37239 0.482284 0.0110358 
1.35193 0.528097 0.190954 
1.29665 0.647923 0.539954 
1.16096 0.775882 0.96956 
0.95494 0.878346 1.39866 
0.723042 0.940588 1.74969 
0.511228 0.947188 1.94457 
0.346815 0.878203 1.91815 
0.241132 0.726553 1.64918 
0.206064 0.522103 1.1893 
0.266361 0.340697 0.66653 
0.45584 0.287021 0.254398 
0.800425 0.459334 0.1199 
1.3017 0.916898 0.377344 
1.93337 1.66796 1.06991 
2.65197 2.68067 2.18162 
3.41189 3.90343 3.66317 
4.17193 5.27636 5.44861 
4.88872 6.72516 7.4507 
5.50343 8.14422 9.54139 
5.9359 9.38716 11.5379 
6.09677 10.2811 13.2149 
5.91726 10.6668 14.3473 
5.38369 10.4512 14.7708 
4.558 9.64665 14.4338 
