0.189647 0.0875267 0.030238 
0.130153 0.0194315 0.0608321 
0.0969584 0.00268982 0.175382 
0.0841321 0.0110602 0.301134 
0.0827001 0.0165195 0.373234 
0.0973104 0.0110608 0.365559 
0.159266 0.0171122 0.298561 
0.320174 0.0754974 0.219446 
0.621557 0.214365 0.167287 
1.05474 0.418166 0.146497 
1.53857 0.620889 0.128489 
1.93809 0.736064 0.0837856 
2.12413 0.712302 0.0250945 
2.04528 0.582108 0.0302656 
1.76909 0.468824 0.221993 
1.46145 0.537109 0.706248 
1.30729 0.906145 1.49935 
1.41237 1.57106 2.48617 
1.74075 2.3791 3.43958 
2.12528 3.07975 4.09884 
2.34855 3.42814 4.27192 
2.25193 3.29096 3.91223 
1.81591 2.70342 3.13362 
1.17175 1.85165 2.16002 
0.541925 0.993475 1.23745 
0.142213 0.357795 0.550498 
0.0929218 0.0671316 0.175777 
0.376537 0.110638 0.0824855 
0.853682 0.369107 0.168174 
1.32386 0.67355 0.308324 
1.60291 0.871397 0.400727 
1.588 0.87772 0.39376 
1.28926 0.697591 0.294766 
0.820477 0.415758 0.158968 
0.354791 0.159686 0.0632355 
0.0632198 0.0506658 0.0738539 
0.0593131 0.16206 0.22114 
0.369907 0.500542 0.491968 
0.939778 1.01512 0.842546 
1.66244 1.62503 1.22246 
2.41878 2.24929 1.59475 
3.10558 2.82315 1.94053 
3.64602 3.29777 2.24812 
3.98677 3.63145 2.49763 
4.09306 3.78498 2.65482 
3.94997 3.72828 2.68055 
3.57011 3.45521 2.55076 
3.00013 2.99582 2.27439 
2.31853 2.41661 1.89794 
1.62195 1.80636 1.49406 
1.00467 1.25386 1.14006 
0.539388 0.827244 0.896882 
0.265582 0.562672 0.796284 
0.187873 0.463835 0.838586 
0.281879 0.509089 0.998222 
0.50347 0.660938 1.23255 
0.797797 0.874059 1.49072 
1.10651 1.10093 1.72161 
1.37371 1.29641 1.88156 
1.55231 1.42327 1.94222 
1.61155 1.45911 1.89741 
1.54478 1.40281 1.76617 
1.37357 1.27683 1.58897 
1.14423 1.12177 1.41604 
0.914854 0.983151 1.29065 
0.736156 0.894691 1.23357 
0.633875 0.865417 1.23597 
0.600991 0.877167 1.26429 
0.603995 0.894128 1.2755 
0.600253 0.879889 1.23549 
0.557846 0.813666 1.13218 
0.468379 0.698139 0.978094 
0.347497 0.556166 0.802554 
0.22454 0.419337 0.638656 
0.12786 0.314816 0.511606 
0.0732849 0.256547 0.432957 
0.0603026 0.243623 0.401515 
0.0758826 0.264662 0.408519 
0.102309 0.304568 0.443498 
0.124514 0.350036 0.498084 
0.133969 0.391964 0.567019 
0.128825 0.425248 0.647371 
0.111852 0.447708 0.73764 
0.0880877 0.459653 0.837866 
0.0631196 0.464245 0.950567 
0.0418425 0.467682 1.08137 
0.0273538 0.478169 1.23816 
0.0202408 0.503649 1.42836 
0.0190007 0.549259 1.65497 
0.0218003 0.615453 1.91218 
0.0284911 0.696876 2.18148 
0.0411559 0.78151 2.42926 
0.0626324 0.850507 2.60802 
0.094927 0.880857 2.66406 
0.140863 0.853467 2.55353 
0.210498 0.766543 2.26412 
0.329078 0.648933 1.8341 
0.539043 0.564031 1.35689 
0.889201 0.596328 0.962452 
1.41115 0.820913 0.777329 
2.09281 1.2674 0.877258 
2.86469 1.89654 1.25393 
3.61094 2.60436 1.81341 
4.20462 3.2558 2.40964 
4.55271 3.73371 2.89884 
4.62898 3.98025 3.19006 
4.47856 4.01116 3.26943 
4.19271 3.89807 3.18976 
3.86802 3.73031 3.03489 
3.57148 3.57723 2.87926 
3.32708 3.46866 2.76225 
3.12594 3.39849 2.68553 
2.94864 3.34308 2.62772 
2.78351 3.27948 2.56285 
2.63066 3.19281 2.47105 
2.49325 3.07259 2.33888 
2.36673 2.90665 2.15566 
2.23766 2.68293 1.9149 
2.09561 2.40184 1.62403 
1.95022 2.0918 1.31672 
1.83944 1.81393 1.0558 
1.81782 1.646 0.917524 
1.92631 1.6473 0.958467 
2.15798 1.8204 1.17954 
2.44112 2.09223 1.50793 
2.65486 2.33064 1.81281 
2.67598 2.39521 1.95409 
2.43683 2.20091 1.84431 
1.96455 1.76261 1.49259 
1.37787 1.19461 1.00528 
0.839057 0.661729 0.539159 
0.482979 0.304862 0.229332 
0.359379 0.179339 0.129321 
0.418401 0.238393 0.195212 
0.545662 0.368707 0.320624 
0.625411 0.455481 0.399876 
0.595601 0.438753 0.381432 
0.466159 0.330917 0.28243 
0.296065 0.191467 0.161558 
0.149694 0.0813087 0.0736926 
0.0620071 0.028225 0.0379778 
0.0311486 0.0224819 0.0373149 
0.0354944 0.0381816 0.0430685 
0.0565827 0.0592603 0.0423449 
0.0898482 0.0901033 0.0473077 
0.138787 0.146219 0.0826855 
0.202462 0.236537 0.164491 
0.269701 0.353228 0.287294 
0.324898 0.476006 0.427858 
0.358954 0.585062 0.559309 
0.37509 0.671254 0.663765 
0.38563 0.737454 0.736108 
0.40528 0.79431 0.781063 
0.449405 0.857856 0.810569 
0.539102 0.951497 0.844752 
0.705028 1.10666 0.91241 
0.979065 1.35374 1.04406 
1.37152 1.70199 1.25603 
1.84578 2.11872 1.53329 
2.3101 2.52381 1.82387 
2.63986 2.80984 2.05222 
2.72524 2.88215 2.14774 
2.52184 2.70005 2.07405 
2.07674 2.29714 1.84367 
1.51475 1.77005 1.51135 
0.991028 1.24196 1.15128 
0.633395 0.819511 0.8309 
0.501658 0.563125 0.593655 
0.579944 0.480815 0.45531 
0.800313 0.54268 0.410934 
1.08155 0.704134 0.445212 
1.36304 0.924965 0.539846 
1.61971 1.17691 0.675838 
1.85573 1.44013 0.832404 
2.08463 1.69472 0.986135 
2.30845 1.91461 1.11329 
2.50712 2.06888 1.19585 
2.64275 2.13066 1.22905 
2.67597 2.08896 1.2262 
2.58508 1.95657 1.21655 
2.37771 1.76783 1.23417 
2.08796 1.56518 1.3007 
1.76064 1.3797 1.4092 
1.43154 1.2161 1.51849 
1.11649 1.05202 1.56425 
0.816712 0.854946 1.48538 
0.537965 0.609594 1.25546 
0.310156 0.340608 0.903715 
0.191178 0.115115 0.512985 
0.246573 0.019216 0.192333 
0.511716 0.117064 0.0347291 
0.956672 0.412586 0.0787865 
1.47634 0.834877 0.29238 
1.91721 1.2574 0.585669 
2.13272 1.54404 0.847054 
2.04279 1.60152 0.985384 
1.66964 1.41461 0.960364 
1.13288 1.04963 0.790301 
0.606337 0.626935 0.537526 
0.256449 0.276642 0.281036 
0.188345 0.0968588 0.0892685 
0.419878 0.129965 0.00319893 
0.889528 0.36234 0.0336023 
1.48946 0.74252 0.169721 
2.10636 1.20626 0.392361 
2.65272 1.69647 0.683834 
3.07883 2.17099 1.02999 
3.36622 2.59835 1.41455 
3.51193 2.94852 1.81065 
3.51607 3.1876 2.17662 
3.38045 3.2823 2.46112 
3.11793 3.21314 2.6172 
2.76349 2.98848 2.619 
2.37561 2.64911 2.4721 
2.02177 2.25776 2.21123 
1.75264 1.87666 1.88601 
1.57874 1.54481 1.54265 
1.46497 1.26796 1.21187 
1.34951 1.0272 0.908815 
1.17866 0.800754 0.642366 
0.938062 0.584041 0.424485 
0.66114 0.39479 0.271139 
0.409067 0.260203 0.194117 
0.235216 0.197043 0.192062 
0.157705 0.20124 0.251124 
0.158348 0.256346 0.357748 
0.207384 0.354264 0.513717 
0.294066 0.509423 0.737515 
0.43807 0.749987 1.04381 
0.670696 1.08705 1.41112 
0.998323 1.48269 1.76251 
1.3759 1.844 1.98183 
1.71308 2.05524 1.96568 
1.91273 2.03348 1.68365 
1.91827 1.77381 1.20746 
1.73962 1.35438 0.684924 
1.4429 0.89736 0.270265 
1.11381 0.511038 0.0517713 
0.820414 0.248889 0.0207997 
0.596268 0.106629 0.0978772 
0.446242 0.0498785 0.193334 
0.361142 0.0457581 0.25905 
0.32602 0.0752773 0.299255 
0.319448 0.124514 0.341595 
0.313296 0.171821 0.398476 
0.282321 0.189332 0.451373 
0.220628 0.160274 0.467662 
0.150611 0.0955267 0.431237 
0.112335 0.0308345 0.358141 
0.137627 0.00277613 0.283595 
0.22937 0.0222969 0.23274 
