0.0511018 0.0165726 0.120091 
0.0663957 0.0934014 0.249031 
0.0796932 0.127395 0.289439 
0.0368177 0.114476 0.293361 
0.00102528 0.14338 0.36782 
0.0248554 0.255811 0.535866 
0.0800433 0.386497 0.699728 
0.102003 0.432571 0.734978 
0.0732562 0.364198 0.614813 
0.043259 0.25745 0.442354 
0.0685263 0.221304 0.364503 
0.146763 0.297336 0.451353 
0.217125 0.427921 0.647142 
0.221067 0.513022 0.823809 
0.156202 0.492749 0.877439 
0.071171 0.381617 0.785017 
0.0158145 0.238826 0.592178 
0.00265795 0.118187 0.367512 
0.013404 0.0446682 0.171226 
0.031256 0.0218264 0.0473495 
0.0584008 0.0425864 0.0160957 
0.10694 0.0888166 0.0572335 
0.188924 0.136489 0.111022 
0.327623 0.18329 0.12239 
0.572938 0.278514 0.104099 
0.983166 0.510601 0.153156 
1.56802 0.939046 0.38306 
2.24103 1.52031 0.8168 
2.8378 2.10037 1.33617 
3.20034 2.49449 1.7412 
3.26321 2.59496 1.87559 
3.07308 2.42171 1.71708 
2.73447 2.08412 1.36862 
2.33727 1.69862 0.974355 
1.92424 1.33207 0.637066 
1.50751 1.00148 0.391746 
1.09902 0.706002 0.2305 
0.722062 0.450905 0.137803 
0.404109 0.247987 0.104963 
0.171231 0.105717 0.123557 
0.0534341 0.0264181 0.175632 
0.088043 0.0117493 0.234075 
0.30503 0.0656645 0.272814 
0.69741 0.188034 0.278347 
1.19965 0.364197 0.254844 
1.69634 0.561291 0.220179 
2.06268 0.736661 0.19541 
2.21515 0.853855 0.193467 
2.14352 0.896347 0.21327 
1.90721 0.871296 0.242308 
1.60045 0.802035 0.264967 
1.30803 0.714222 0.270005 
1.07595 0.62421 0.253088 
0.910338 0.538648 0.218842 
0.801824 0.470174 0.192503 
0.758002 0.462918 0.242764 
0.820173 0.605922 0.495064 
1.04399 1.00551 1.0987 
1.44317 1.70707 2.13008 
1.9287 2.60378 3.47277 
2.3013 3.41129 4.77059 
2.3369 3.77091 5.53824 
1.93447 3.45424 5.41008 
1.22072 2.53723 4.37897 
0.507562 1.39585 2.84127 
0.102702 0.493403 1.38486 
0.105755 0.0996219 0.453725 
0.35328 0.151044 0.127716 
0.559976 0.352929 0.164867 
0.537667 0.425746 0.24257 
0.314442 0.293524 0.191294 
0.0768701 0.0872018 0.0589083 
0.013994 0.00588341 0.00997268 
0.202854 0.176216 0.184263 
0.602291 0.603837 0.61984 
1.11203 1.20189 1.24944 
1.62056 1.83221 1.9249 
2.01774 2.33262 2.44997 
2.20507 2.55441 2.64053 
2.13254 2.42662 2.41456 
1.84299 2.01371 1.86141 
1.47649 1.50921 1.223 
1.2104 1.14542 0.774679 
1.16242 1.06562 0.672927 
1.31838 1.24082 0.869622 
1.53723 1.48904 1.15073 
1.63635 1.58923 1.27485 
1.50386 1.41832 1.1227 
1.16161 1.02223 0.763041 
0.737776 0.575405 0.396016 
0.377365 0.262828 0.21723 
0.162257 0.17104 0.297766 
0.0918148 0.258909 0.557185 
0.115282 0.410255 0.833487 
0.172204 0.513666 0.986908 
0.213853 0.514106 0.965792 
0.211941 0.419953 0.80697 
0.165693 0.280185 0.591373 
0.100256 0.150455 0.391979 
0.0483007 0.0630087 0.2416 
0.0300577 0.0177105 0.133494 
0.055174 0.00337719 0.0514618 
0.138743 0.028692 0.00364242 
0.294291 0.120944 0.0228574 
0.4927 0.280047 0.123276 
0.637543 0.436981 0.255917 
0.616727 0.482795 0.324072 
0.409359 0.36483 0.264565 
0.14035 0.157577 0.119644 
0.00188195 0.0194174 0.0148109 
0.0959898 0.0598449 0.0490462 
0.349052 0.244927 0.203008 
0.585523 0.437331 0.360788 
0.684247 0.527004 0.422887 
0.658609 0.515471 0.391497 
0.593775 0.475639 0.343761 
0.532167 0.449375 0.333773 
0.442474 0.405301 0.336489 
0.297129 0.297881 0.289481 
0.154623 0.149229 0.175882 
0.141567 0.054494 0.0536422 
0.345314 0.102695 0.00464684 
0.72438 0.295526 0.0634031 
1.12238 0.541316 0.19461 
1.36954 0.721291 0.327942 
1.38452 0.764233 0.406028 
1.20529 0.675576 0.407513 
0.944756 0.516871 0.344485 
0.717156 0.364183 0.251503 
0.584212 0.272017 0.17233 
0.544547 0.254923 0.140508 
0.560376 0.290762 0.159614 
0.597432 0.344016 0.201342 
0.651016 0.396726 0.230493 
0.743676 0.466249 0.240414 
0.901013 0.595799 0.268483 
1.12656 0.823715 0.375824 
1.39374 1.15329 0.604837 
1.65726 1.54294 0.945055 
1.87224 1.92031 1.3297 
2.00777 2.20874 1.66257 
2.04943 2.35087 1.85717 
1.99417 2.32094 1.86749 
1.84442 2.12585 1.69912 
1.60671 1.7998 1.40106 
1.2957 1.39606 1.04588 
0.940638 0.977575 0.706877 
0.588444 0.606253 0.439101 
0.29845 0.331674 0.268287 
0.126668 0.18079 0.189211 
0.103194 0.150992 0.172936 
0.212202 0.209119 0.180249 
0.387852 0.299379 0.177076 
0.536181 0.361833 0.146965 
0.578995 0.357292 0.0958022 
0.496216 0.285741 0.0451713 
0.335371 0.183387 0.01576 
0.176689 0.0971843 0.0117096 
0.0801888 0.0579614 0.0231398 
0.0610994 0.0793607 0.0538567 
0.11322 0.183303 0.152931 
0.246276 0.414993 0.407579 
0.482651 0.808841 0.875219 
0.804947 1.31923 1.49426 
1.11491 1.78844 2.06001 
1.27189 2.01324 2.31998 
1.19975 1.88147 2.13869 
0.963908 1.46485 1.60114 
0.730231 0.975241 0.959537 
0.629241 0.612204 0.461249 
0.649921 0.433423 0.201419 
0.664551 0.355881 0.113692 
0.558659 0.268832 0.0796896 
0.340154 0.140976 0.0385883 
0.129739 0.029354 0.00556588 
0.0536222 0.00571161 0.015128 
0.143812 0.0875102 0.0708141 
0.326231 0.23283 0.14979 
0.486505 0.38226 0.237655 
0.54455 0.494833 0.343534 
0.485169 0.552913 0.4827 
0.34421 0.552368 0.654369 
0.179771 0.500026 0.838535 
0.0501281 0.417222 1.00552 
0.000511838 0.335577 1.12138 
0.0541583 0.283365 1.15041 
0.207063 0.27528 1.0691 
0.427738 0.313039 0.889816 
0.660973 0.388685 0.669436 
0.836022 0.481473 0.483436 
0.885316 0.555716 0.381587 
0.778085 0.576388 0.365294 
0.556371 0.541785 0.407168 
0.341332 0.503312 0.488031 
0.281781 0.538433 0.606368 
0.456562 0.680971 0.746616 
0.793535 0.863583 0.845145 
1.08161 0.937654 0.80848 
1.09841 0.782011 0.593222 
0.781896 0.429949 0.288988 
0.315849 0.106064 0.120774 
0.0402351 0.115348 0.337247 
0.224793 0.638786 1.04232 
0.862369 1.57587 2.08537 
1.64307 2.55884 3.0994 
2.14292 3.14726 3.67977 
2.09659 3.07989 3.59809 
1.55702 2.41587 2.91793 
0.834053 1.47687 1.94321 
0.274094 0.643213 1.04001 
0.053566 0.150579 0.449868 
0.123963 0.0123909 0.205425 
0.311029 0.0860992 0.178404 
0.4585 0.202982 0.202007 
0.505593 0.263505 0.176372 
0.473216 0.256797 0.100373 
0.411757 0.227529 0.0349075 
0.367646 0.232951 0.0416953 
0.37729 0.311572 0.139546 
0.462743 0.463816 0.295483 
0.616468 0.646419 0.445977 
0.793091 0.78955 0.532204 
0.928313 0.834931 0.529092 
0.976043 0.771008 0.45177 
0.932735 0.63736 0.338406 
0.830567 0.49604 0.227124 
0.711646 0.396432 0.147469 
0.607485 0.360358 0.126974 
0.533242 0.388443 0.19286 
0.490252 0.470866 0.355977 
0.473557 0.594805 0.593973 
0.489568 0.756343 0.863326 
0.578115 0.976285 1.13876 
0.810217 1.29526 1.43424 
1.23646 1.72605 1.76345 
1.80827 2.18806 2.06494 
2.34435 2.49527 2.18 
2.60214 2.44746 1.94605 
2.42876 1.98171 1.35465 
1.8807 1.26134 0.631076 
1.2063 0.60523 0.130962 
0.690863 0.28908 0.105198 
0.480597 0.367707 0.515612 
0.519488 0.659488 1.05792 
0.636437 0.901277 1.37917 
0.697143 0.944061 1.31746 
0.694993 0.837784 0.983635 
0.722085 0.75697 0.64372 
0.864558 0.846069 0.514991 
1.11689 1.10975 0.631447 
1.37991 1.42014 0.857195 
