0.508652 0.52022 0.845216 
0.359423 0.366284 0.706862 
0.142746 0.087153 0.347297 
0.184137 0.0443442 0.146312 
0.853138 0.627576 0.503643 
2.23743 1.90765 1.48673 
3.94912 3.4682 2.69737 
5.25546 4.58805 3.49298 
5.49648 4.68291 3.41711 
4.52109 3.70088 2.51931 
2.81848 2.17023 1.31422 
1.21714 0.842808 0.404143 
0.350492 0.193619 0.0633597 
0.286357 0.163294 0.119974 
0.593453 0.331272 0.215094 
0.757235 0.33814 0.180741 
0.576718 0.171345 0.176596 
0.229083 0.0837356 0.470056 
0.0134399 0.272994 1.09786 
0.0576143 0.657179 1.75666 
0.247356 0.949283 2.03141 
0.384615 0.924843 1.73854 
0.376963 0.610712 1.06745 
0.283388 0.236947 0.415579 
0.217084 0.0316409 0.089432 
0.232237 0.0569561 0.124201 
0.298352 0.205869 0.328516 
0.359804 0.323696 0.467917 
0.409632 0.3377 0.429769 
0.517647 0.308401 0.275024 
0.800558 0.389947 0.179567 
1.35341 0.734109 0.319266 
2.16962 1.38271 0.754984 
3.08478 2.19532 1.36488 
3.79214 2.86431 1.8685 
3.96477 3.04963 1.9652 
3.44886 2.59044 1.53848 
2.40223 1.65495 0.789428 
1.24203 0.680905 0.157132 
0.397711 0.10126 0.0284954 
0.0459607 0.0513134 0.443563 
0.0466832 0.305769 1.0557 
0.124759 0.503162 1.40403 
0.114755 0.449091 1.26751 
0.0457644 0.226529 0.793012 
0.0308761 0.0502897 0.314633 
0.121389 0.0507664 0.0697971 
0.276546 0.196051 0.0701724 
0.431719 0.373069 0.183322 
0.547123 0.492111 0.279496 
0.590945 0.514926 0.300543 
0.524204 0.43604 0.246807 
0.344612 0.28506 0.15454 
0.139995 0.143141 0.0890023 
0.0610261 0.115674 0.119525 
0.212564 0.256225 0.266763 
0.565794 0.513443 0.470504 
0.978564 0.761975 0.622362 
1.30127 0.892499 0.641355 
1.47075 0.880895 0.526624 
1.52349 0.786434 0.347907 
1.53783 0.695016 0.191186 
1.56129 0.656856 0.10499 
1.57282 0.657891 0.0812078 
1.50062 0.637902 0.0767041 
1.2822 0.541411 0.0559348 
0.92413 0.365214 0.0204137 
0.515851 0.166484 0.00210621 
0.187761 0.0281453 0.032435 
0.0493519 0.0145794 0.121322 
0.150673 0.149605 0.261727 
0.47734 0.41646 0.439486 
0.963924 0.764153 0.628567 
1.5177 1.12172 0.787614 
2.05243 1.42927 0.883219 
2.51341 1.66599 0.921879 
2.86516 1.83743 0.940733 
3.05236 1.9269 0.952603 
2.99288 1.87484 0.913679 
2.63711 1.63058 0.769336 
2.04156 1.22694 0.531511 
1.36703 0.783902 0.287317 
0.789275 0.427805 0.122176 
0.408585 0.217137 0.0559747 
0.236699 0.151596 0.0721874 
0.240057 0.225359 0.185823 
0.366681 0.433218 0.436661 
0.539529 0.721778 0.801864 
0.664682 0.972303 1.14891 
0.677993 1.06729 1.31355 
0.584866 0.978412 1.23121 
0.446047 0.780991 0.98265 
0.330434 0.590206 0.719048 
0.290163 0.497224 0.561945 
0.367521 0.556484 0.570542 
0.59401 0.79665 0.765071 
0.963613 1.21291 1.14168 
1.41595 1.75126 1.66087 
1.86577 2.32423 2.24712 
2.2598 2.85925 2.82172 
2.60555 3.33373 3.33872 
2.9412 3.75752 3.78263 
3.26833 4.11434 4.12682 
3.50063 4.31415 4.29492 
3.4786 4.20828 4.17047 
3.06496 3.67934 3.66563 
2.27244 2.7564 2.80967 
1.32146 1.66228 1.78603 
0.547477 0.726003 0.867374 
0.193574 0.195493 0.272496 
0.2433 0.0855816 0.044235 
0.44157 0.18884 0.0457795 
0.500815 0.248983 0.0824866 
0.326585 0.158406 0.0521442 
0.0774623 0.0217142 0.00493368 
0.0174816 0.0438853 0.0745175 
0.291568 0.345905 0.348297 
0.804803 0.856786 0.783838 
1.2866 1.35334 1.2262 
1.47438 1.60152 1.49774 
1.2801 1.49482 1.49268 
0.839629 1.11129 1.22799 
0.432686 0.67183 0.838604 
0.328339 0.427789 0.520896 
0.636945 0.528797 0.438026 
1.24284 0.934629 0.625263 
1.85837 1.42757 0.95725 
2.17788 1.73224 1.21616 
2.04531 1.67577 1.22706 
1.53248 1.28354 0.966662 
0.880066 0.747528 0.56718 
0.346041 0.295671 0.218011 
0.0648046 0.0575984 0.0425723 
0.00549291 0.0150938 0.0374499 
0.0437528 0.0594393 0.10921 
0.0814608 0.102008 0.173271 
0.117091 0.147828 0.233657 
0.212291 0.270963 0.373559 
0.392264 0.513742 0.658646 
0.583262 0.807404 1.04056 
0.660347 1.00295 1.36364 
0.568561 0.997953 1.48684 
0.397616 0.8414 1.41174 
0.327098 0.707551 1.287 
0.48466 0.754228 1.27634 
0.843754 0.993843 1.41376 
1.24479 1.28935 1.58075 
1.50722 1.46451 1.61479 
1.53257 1.42129 1.43672 
1.33265 1.1767 1.08892 
0.995172 0.82301 0.681938 
0.636553 0.473735 0.32755 
0.370626 0.236226 0.114932 
0.287071 0.199175 0.113473 
0.426776 0.407837 0.356954 
0.761266 0.831754 0.806089 
1.19801 1.36037 1.33607 
1.62025 1.84788 1.78466 
1.93946 2.18235 2.03457 
2.124 2.32791 2.06506 
2.18618 2.31273 1.93583 
2.14344 2.18125 1.72714 
1.98611 1.95208 1.48737 
1.6796 1.6134 1.22141 
1.21536 1.16803 0.926099 
0.695023 0.711835 0.657771 
0.375776 0.478319 0.580413 
0.577261 0.754646 0.911804 
1.43904 1.65455 1.74045 
2.69955 2.90857 2.8388 
3.74469 3.91282 3.68962 
3.9815 4.09523 3.79833 
3.26482 3.3335 3.06746 
1.99991 2.04916 1.8869 
0.825851 0.881437 0.837217 
0.174583 0.241959 0.279462 
0.0787809 0.133527 0.194601 
0.307885 0.309734 0.346577 
0.60682 0.529058 0.525512 
0.813689 0.662253 0.633879 
0.851569 0.657844 0.632311 
0.711229 0.510907 0.507222 
0.46042 0.28305 0.310294 
0.21715 0.0915234 0.165309 
0.0684658 0.0247918 0.175723 
0.0146005 0.0695867 0.324897 
0.00282781 0.141923 0.495395 
0.00188516 0.183944 0.588707 
0.0217737 0.20698 0.603518 
0.0680383 0.24063 0.592915 
0.109406 0.271841 0.575762 
0.109792 0.259193 0.519711 
0.0794823 0.196924 0.404142 
0.0729485 0.13736 0.26817 
0.132477 0.139596 0.179371 
0.244036 0.206963 0.165438 
0.35108 0.28451 0.191575 
0.402849 0.312618 0.202999 
0.385845 0.275095 0.177221 
0.319604 0.199697 0.132325 
0.235638 0.125234 0.0961557 
0.160446 0.0736346 0.0785532 
0.106775 0.0451971 0.0708566 
0.0725078 0.0289584 0.0609731 
0.0507607 0.0155405 0.0435558 
0.0477358 0.00739661 0.0217395 
0.0896437 0.0222902 0.00736154 
0.201809 0.0824126 0.0182389 
0.37075 0.189489 0.0647166 
0.526903 0.305348 0.13137 
0.577497 0.364349 0.176881 
0.475316 0.320216 0.164603 
0.269525 0.192053 0.100407 
0.0912131 0.0644575 0.0360489 
0.0783948 0.0339672 0.0269057 
0.296002 0.145333 0.0841006 
0.708043 0.371698 0.171839 
1.21153 0.649171 0.252999 
1.69206 0.924115 0.331761 
2.05481 1.16551 0.443857 
2.22251 1.33896 0.602158 
2.13186 1.38481 0.755808 
1.76104 1.24172 0.811719 
1.17859 0.908118 0.707489 
0.560419 0.483961 0.472775 
0.127209 0.137633 0.220875 
0.0202627 0.00416422 0.0711522 
0.204899 0.0901614 0.0637292 
0.489824 0.268537 0.136225 
0.664239 0.377713 0.181607 
0.654948 0.354462 0.143938 
0.584236 0.301147 0.0846422 
0.681999 0.433597 0.172025 
1.10925 0.933675 0.58693 
1.81184 1.79345 1.38444 
2.51075 2.75813 2.3971 
2.85293 3.43112 3.27057 
2.63249 3.49761 3.64544 
1.92702 2.92024 3.37453 
1.0503 1.96516 2.61592 
0.370581 1.04829 1.73683 
0.138435 0.525056 1.11356 
0.414445 0.550682 0.963238 
1.06817 1.03809 1.26944 
1.79965 1.68578 1.79224 
2.22082 2.088 2.16512 
2.05224 1.94843 2.09093 
1.34626 1.30276 1.55709 
0.51317 0.544764 0.886614 
0.041904 0.155645 0.516275 
0.116501 0.323894 0.648098 
