0.658155 1.07676 1.3116 
1.19164 1.82948 2.16038 
1.72659 2.55377 2.95459 
2.06082 2.97211 3.3805 
2.07719 2.92653 3.26422 
1.79578 2.44404 2.6422 
1.36218 1.71952 1.74021 
0.975183 1.0238 0.871334 
0.789389 0.581441 0.301855 
0.84215 0.477273 0.147142 
1.04195 0.634338 0.341825 
1.22286 0.869105 0.690904 
1.23553 0.991965 0.970701 
1.02757 0.901697 1.02946 
0.673386 0.629736 0.843616 
0.340272 0.31775 0.511257 
0.209447 0.144541 0.194222 
0.390712 0.239945 0.0409323 
0.870194 0.625469 0.125266 
1.51293 1.20552 0.424686 
2.11634 1.80868 0.840857 
2.48906 2.25741 1.24799 
2.52107 2.43478 1.54511 
2.21796 2.32196 1.69048 
1.68933 1.99475 1.7068 
1.10092 1.58554 1.65971 
0.613122 1.22977 1.62219 
0.330538 1.01958 1.64207 
0.279061 0.980712 1.72542 
0.413476 1.07716 1.8404 
0.646229 1.23606 1.93634 
0.882318 1.37928 1.96731 
1.04701 1.44855 1.90953 
1.0999 1.41751 1.7667 
1.03594 1.29089 1.5644 
0.878373 1.09599 1.3389 
0.668101 0.871908 1.12631 
0.452006 0.6593 0.955181 
0.27108 0.49124 0.842353 
0.149739 0.38522 0.790371 
0.0895846 0.338232 0.786565 
0.0713748 0.328211 0.805645 
0.0661975 0.323666 0.817742 
0.0516415 0.298888 0.800554 
0.024491 0.247395 0.750057 
0.00195909 0.185428 0.682731 
0.00965185 0.142105 0.626029 
0.0630066 0.14117 0.601322 
0.154069 0.18551 0.609714 
0.252959 0.25484 0.630856 
0.32416 0.318893 0.637105 
0.347757 0.358014 0.614888 
0.332099 0.377711 0.579235 
0.309783 0.407348 0.570874 
0.319751 0.483537 0.636234 
0.386873 0.628524 0.801709 
0.510762 0.836321 1.05697 
0.66819 1.07329 1.35596 
0.824442 1.29053 1.63322 
0.945344 1.4398 1.82558 
1.00506 1.48602 1.88891 
0.990856 1.41456 1.80632 
0.908169 1.23545 1.58933 
0.78546 0.98474 1.27541 
0.672577 0.719884 0.921518 
0.626092 0.504841 0.591582 
0.683071 0.386802 0.338217 
0.836106 0.374745 0.185288 
1.02711 0.433801 0.1216 
1.16919 0.502616 0.111926 
1.18825 0.526601 0.120878 
1.06148 0.488051 0.13546 
0.829281 0.414378 0.171628 
0.573213 0.359315 0.260565 
0.373953 0.369678 0.424439 
0.274801 0.459326 0.658607 
0.270709 0.605673 0.931874 
0.324176 0.767496 1.20276 
0.392367 0.908649 1.43834 
0.446164 1.01081 1.62203 
0.472488 1.06959 1.74699 
0.465927 1.08231 1.80409 
0.422423 1.0411 1.77727 
0.342135 0.938239 1.65192 
0.237175 0.778539 1.43019 
0.13348 0.586336 1.14029 
0.0606102 0.398871 0.830756 
0.0344658 0.249092 0.552094 
0.0459413 0.1501 0.337498 
0.0659195 0.0927478 0.194833 
0.0653285 0.0581419 0.113636 
0.0373064 0.0356576 0.0802809 
0.00589297 0.0331492 0.0896285 
0.0142194 0.0718513 0.145324 
0.0986746 0.169387 0.249798 
0.264609 0.322386 0.392309 
0.478061 0.500282 0.544354 
0.678235 0.654676 0.666522 
0.803692 0.739298 0.723561 
0.818486 0.729951 0.69951 
0.725653 0.63437 0.60487 
0.562915 0.487717 0.472132 
0.384389 0.336704 0.342004 
0.238085 0.220549 0.247101 
0.149583 0.157601 0.200768 
0.117893 0.142839 0.195595 
0.122891 0.155517 0.210972 
0.138411 0.171416 0.224584 
0.143821 0.17302 0.221602 
0.129699 0.153731 0.197949 
0.0977228 0.116602 0.158268 
0.0576788 0.0708397 0.111938 
0.0240208 0.0287483 0.0700339 
0.0120803 0.00322359 0.0434969 
0.0328132 0.00428623 0.0409101 
0.0865929 0.0343439 0.0650237 
0.15954 0.0847614 0.109837 
0.226708 0.137607 0.161575 
0.262968 0.173903 0.205104 
0.256526 0.184643 0.233034 
0.216447 0.17739 0.251523 
0.168205 0.173025 0.277866 
0.139032 0.193587 0.330185 
0.142228 0.248589 0.415285 
0.170608 0.328681 0.522453 
0.202951 0.410631 0.627313 
0.218272 0.470085 0.703456 
0.207907 0.493909 0.734956 
0.178192 0.485228 0.723086 
0.14405 0.459817 0.68458 
0.119885 0.437679 0.643444 
0.114307 0.434942 0.620735 
0.130334 0.459014 0.626388 
0.167764 0.50701 0.655603 
0.223717 0.566606 0.690747 
0.290792 0.619211 0.708405 
0.355956 0.64578 0.689383 
0.40338 0.634102 0.627597 
0.420846 0.584267 0.533196 
0.4056 0.508659 0.427661 
0.365254 0.425622 0.333055 
0.312981 0.350241 0.261514 
0.260567 0.287968 0.211213 
0.214163 0.234962 0.170907 
0.174874 0.18422 0.129504 
0.142301 0.132589 0.0840377 
0.117207 0.0836101 0.0410915 
0.10114 0.0447976 0.0116578 
0.0940202 0.0221874 0.00383819 
0.0926078 0.0165713 0.0184967 
0.0916483 0.0238075 0.0500263 
0.086899 0.0381336 0.09047 
0.0775139 0.0553986 0.133371 
0.065942 0.0738847 0.174855 
0.0556748 0.0927837 0.212114 
0.0488054 0.110208 0.241335 
0.0451461 0.122575 0.257138 
0.0430885 0.125782 0.254123 
0.0410455 0.117207 0.229661 
0.03825 0.0972473 0.186384 
0.0346252 0.0696381 0.13306 
0.0303052 0.0405346 0.083129 
0.0254275 0.0167102 0.0510296 
0.0202701 0.00340873 0.0473625 
0.0153763 0.00254747 0.0747303 
0.0114107 0.0120636 0.126232 
0.00886649 0.0268647 0.187603 
0.00789175 0.0410431 0.242226 
0.0083119 0.0502242 0.276734 
0.00969149 0.0528275 0.284731 
0.0113346 0.0497722 0.26735 
0.0123602 0.0431873 0.231143 
0.0120341 0.0351422 0.184859 
0.0102406 0.0270474 0.13664 
0.00766145 0.0196745 0.0924297 
0.00537076 0.0134432 0.0558114 
0.00413921 0.00887535 0.0291311 
0.00418406 0.0073615 0.0155017 
0.005784 0.012054 0.0205818 
0.010217 0.0279834 0.0524658 
0.0197907 0.060306 0.118461 
0.0362106 0.110652 0.219387 
0.0580483 0.173407 0.344403 
0.0793939 0.234849 0.470339 
0.0915152 0.277094 0.567736 
0.0873535 0.285803 0.611902 
0.0663311 0.257701 0.593648 
0.036169 0.203285 0.523706 
0.0100324 0.142568 0.427961 
0.000305122 0.0958247 0.335729 
0.0124923 0.0743476 0.267228 
0.0426159 0.0761639 0.226673 
0.0792307 0.0886859 0.204061 
0.108551 0.0963846 0.183885 
0.119901 0.089215 0.15564 
0.109291 0.0677372 0.120592 
0.0804134 0.0430557 0.0917682 
0.0435768 0.0322471 0.0876828 
0.0132559 0.0515762 0.123135 
0.00467323 0.110133 0.201388 
0.0297339 0.205941 0.311036 
0.093097 0.325584 0.428646 
0.189695 0.44736 0.525884 
0.30494 0.546942 0.578249 
0.417984 0.603836 0.572234 
0.50713 0.606722 0.508746 
0.555639 0.556174 0.402147 
0.556047 0.464128 0.27577 
0.511726 0.3504 0.155508 
0.435304 0.237285 0.0632189 
0.344488 0.143682 0.011457 
0.256575 0.0803571 0.00078857 
0.183487 0.0478036 0.0205097 
0.129186 0.0375505 0.0528233 
0.0905215 0.0366302 0.0793562 
0.0611387 0.0335805 0.0877762 
0.0364734 0.0234527 0.0758924 
0.0171897 0.00952675 0.0514613 
0.00915626 0.000892111 0.0277762 
0.0200203 0.00714355 0.0171107 
0.0544865 0.0330151 0.0251601 
0.111231 0.0758702 0.0491344 
0.183349 0.127384 0.0802758 
0.261909 0.178301 0.109246 
0.340061 0.223268 0.13126 
0.414706 0.262591 0.147972 
0.484406 0.299671 0.164944 
0.545015 0.335705 0.186218 
0.586541 0.365327 0.209475 
0.594455 0.376679 0.225228 
0.555965 0.356841 0.221279 
0.468285 0.300028 0.190318 
0.343951 0.213725 0.136265 
0.209277 0.118562 0.075092 
0.0957215 0.0410634 0.0288377 
0.0279734 0.00253681 0.0154563 
0.0146042 0.00972507 0.0397975 
0.0457726 0.0520423 0.0906431 
0.0987216 0.106691 0.145529 
0.147886 0.148882 0.180912 
0.174588 0.162028 0.182522 
0.172266 0.143305 0.15087 
0.145963 0.102708 0.0996599 
0.107632 0.0569828 0.0485192 
0.0701721 0.0218998 0.0140811 
0.0428198 0.00642109 0.00377372 
0.0291657 0.0108104 0.0148115 
0.0276685 0.028646 0.038019 
0.0337 0.051032 0.0637907 
0.041961 0.0707132 0.0868054 
0.0483549 0.0843232 0.107245 
