0.153827 0.0897528 0.0326404 
0.0384569 0.0333087 0.0189519 
0.0453531 0.0424165 0.0266654 
0.182765 0.153857 0.100541 
0.397402 0.360227 0.271405 
0.587679 0.590814 0.513281 
0.660402 0.745858 0.743823 
0.593564 0.764281 0.87695 
0.448731 0.664583 0.880983 
0.320749 0.52528 0.794789 
0.271464 0.429704 0.698739 
0.299038 0.419368 0.665481 
0.351025 0.474802 0.712674 
0.359958 0.524915 0.780913 
0.286049 0.489783 0.766707 
0.153563 0.346003 0.607922 
0.0493161 0.161928 0.352462 
0.0603445 0.0497129 0.128531 
0.189305 0.0611185 0.0290174 
0.334118 0.133073 0.0293584 
0.3702 0.152799 0.0348962 
0.263591 0.0814887 0.00753942 
0.102513 0.00434466 0.0261473 
0.0211325 0.0556712 0.211885 
0.100801 0.303386 0.604502 
0.338257 0.705451 1.11932 
0.677333 1.15336 1.60868 
1.03996 1.5314 1.9434 
1.33178 1.74316 2.04537 
1.46029 1.72811 1.88995 
1.38863 1.49687 1.52171 
1.17847 1.15359 1.06751 
0.958191 0.851475 0.693388 
0.827041 0.692679 0.506823 
0.782957 0.658927 0.4855 
0.744971 0.64321 0.50745 
0.646262 0.555719 0.4614 
0.507124 0.40629 0.338022 
0.422867 0.292868 0.225205 
0.48158 0.313067 0.221522 
0.680102 0.475162 0.346749 
0.900434 0.67503 0.517689 
0.968489 0.755278 0.601356 
0.773071 0.61502 0.508933 
0.382171 0.308175 0.273706 
0.0667257 0.0575455 0.0591788 
0.168291 0.140981 0.0716147 
0.8528 0.69019 0.411531 
1.91966 1.53953 0.964817 
2.85232 2.27193 1.43886 
3.1313 2.47517 1.55059 
2.59449 2.03171 1.23353 
1.55322 1.20413 0.688421 
0.563582 0.438707 0.226601 
0.0481152 0.0548431 0.042695 
0.0733592 0.0769446 0.112015 
0.415132 0.309909 0.274913 
0.783845 0.535236 0.392107 
0.997682 0.640967 0.420991 
1.01531 0.622104 0.383631 
0.885357 0.522411 0.30957 
0.690794 0.395116 0.220939 
0.509427 0.288597 0.143929 
0.389289 0.235892 0.106518 
0.354613 0.256594 0.130287 
0.440046 0.382794 0.246939 
0.700682 0.674584 0.523069 
1.15279 1.17565 1.03582 
1.69014 1.8271 1.78616 
2.0855 2.43293 2.62394 
2.12218 2.74589 3.27794 
1.76073 2.62647 3.49769 
1.18953 2.14544 3.20777 
0.705055 1.54211 2.55564 
0.518843 1.07226 1.81789 
0.642407 0.864122 1.23857 
0.919305 0.878039 0.915028 
1.14881 0.971783 0.793495 
1.19451 1.00002 0.746555 
1.0215 0.880674 0.659166 
0.686744 0.618874 0.480276 
0.330136 0.315706 0.247681 
0.161839 0.161686 0.0947248 
0.388635 0.368256 0.205989 
1.05792 1.01369 0.689881 
1.91884 1.89067 1.42672 
2.47961 2.53172 2.0497 
2.3373 2.50848 2.1732 
1.58954 1.84651 1.76219 
0.945769 1.18749 1.32063 
1.30662 1.43713 1.63104 
3.04572 3.07101 3.15094 
5.59349 5.65919 5.55108 
7.74865 8.07049 7.84356 
8.50219 9.23166 9.04213 
7.67115 8.79914 8.79387 
5.83976 7.20486 7.45838 
3.79216 5.16482 5.66699 
2.04458 3.20607 3.86794 
0.818496 1.59494 2.25463 
0.234907 0.516386 0.971528 
0.346438 0.12718 0.216664 
0.979959 0.394545 0.0913008 
1.69509 0.988875 0.424731 
2.03092 1.45181 0.83965 
1.82893 1.51127 1.02133 
1.30631 1.23593 0.922691 
0.834093 0.910647 0.733147 
0.668229 0.796687 0.689635 
0.855667 0.98975 0.914001 
1.30009 1.42425 1.36839 
1.84341 1.94031 1.89986 
2.29957 2.34774 2.31733 
2.48972 2.48802 2.4702 
2.31623 2.29808 2.30684 
1.82719 1.84078 1.88734 
1.19891 1.26928 1.34386 
0.634763 0.743914 0.816303 
0.256728 0.361079 0.404015 
0.0694708 0.138604 0.153784 
0.00736332 0.0495321 0.0713785 
0.00594722 0.0588733 0.130356 
0.034077 0.13007 0.268621 
0.0785384 0.213835 0.393474 
0.124139 0.257788 0.421443 
0.163245 0.246912 0.341501 
0.217459 0.234034 0.245659 
0.329657 0.312619 0.279454 
0.519499 0.53902 0.533974 
0.745077 0.869146 0.962962 
0.915369 1.1694 1.39535 
0.949467 1.29801 1.63643 
0.833157 1.19436 1.58311 
0.626191 0.911597 1.27526 
0.41736 0.574279 0.856562 
0.267311 0.298317 0.480845 
0.185252 0.133002 0.23124 
0.151517 0.0615207 0.102718 
0.154805 0.0453287 0.0457458 
0.202589 0.0640242 0.0222281 
0.297277 0.117133 0.0257424 
0.411865 0.199706 0.0619715 
0.499023 0.288486 0.12356 
0.526556 0.355103 0.18832 
0.500139 0.387317 0.236142 
0.449689 0.392517 0.261103 
0.397642 0.382187 0.267184 
0.345033 0.357755 0.256739 
0.287246 0.313478 0.226335 
0.237601 0.251707 0.174412 
0.230079 0.193057 0.112381 
0.294434 0.167946 0.0650712 
0.423328 0.191662 0.0533484 
0.560729 0.242783 0.0709722 
0.62784 0.269942 0.0830851 
0.574234 0.231783 0.0603229 
0.416686 0.139682 0.0222297 
0.231217 0.0591799 0.0395834 
0.101156 0.0597032 0.17724 
0.064869 0.155948 0.424374 
0.107679 0.298432 0.684156 
0.198063 0.422609 0.8417 
0.324317 0.505251 0.849541 
0.49245 0.571239 0.751546 
0.692242 0.64904 0.629624 
0.873224 0.726084 0.532017 
0.960089 0.750182 0.449702 
0.896928 0.673014 0.350426 
0.685962 0.494012 0.226127 
0.395799 0.270129 0.109162 
0.136662 0.0891028 0.0507411 
0.0136664 0.0255927 0.0849805 
0.0745331 0.101426 0.203209 
0.274772 0.266745 0.350052 
0.487204 0.416 0.443771 
0.568099 0.443051 0.417949 
0.454235 0.314995 0.269942 
0.225903 0.116127 0.0850672 
0.0708737 0.0123363 0.0034712 
0.148603 0.135556 0.129354 
0.450016 0.46617 0.43978 
0.785264 0.825135 0.779795 
0.939317 1.01273 0.976806 
0.867776 0.985685 0.99057 
0.734251 0.895149 0.950424 
0.730004 0.923721 1.0186 
0.853249 1.07465 1.20117 
0.896242 1.14498 1.31053 
0.678145 0.936169 1.1435 
0.280158 0.490712 0.704401 
0.0121793 0.0936388 0.235554 
0.122263 0.0192874 0.0116695 
0.544619 0.277618 0.102768 
0.947382 0.613824 0.337128 
1.02813 0.747048 0.47938 
0.762185 0.601091 0.428677 
0.384448 0.321822 0.256979 
0.163373 0.110445 0.0958579 
0.198565 0.0598697 0.0159607 
0.396902 0.126474 0.00387884 
0.590781 0.211668 0.0156543 
0.663167 0.247072 0.0260854 
0.592781 0.220175 0.0338673 
0.428525 0.154364 0.0434855 
0.243208 0.0825506 0.055236 
0.0976751 0.0310257 0.0670747 
0.0200364 0.00992279 0.0756834 
0.000393197 0.00985562 0.0743086 
0.0049425 0.0112543 0.0565674 
0.00493802 0.00452706 0.0284233 
0.000608066 0.0043115 0.0155119 
0.0182804 0.0407172 0.0518506 
0.0793432 0.12969 0.152645 
0.167512 0.246969 0.292086 
0.229392 0.333797 0.409086 
0.217216 0.338968 0.445104 
0.138234 0.265453 0.389266 
0.0572256 0.174966 0.290744 
0.0387097 0.136386 0.219888 
0.08363 0.163527 0.209384 
0.132493 0.208665 0.234278 
0.136921 0.222211 0.252435 
0.117211 0.210236 0.256865 
0.134146 0.219895 0.275349 
0.208007 0.271351 0.320165 
0.286259 0.324141 0.357804 
0.300327 0.321508 0.342317 
0.239011 0.254639 0.26914 
0.15134 0.167423 0.179816 
0.0889856 0.106687 0.118164 
0.0688783 0.0898481 0.101308 
0.0897619 0.120731 0.134691 
0.154324 0.20692 0.227439 
0.25356 0.337937 0.368595 
0.34321 0.458588 0.498762 
0.364182 0.494568 0.53694 
0.296158 0.418064 0.451619 
0.181451 0.279306 0.296841 
0.0891489 0.164236 0.166724 
0.0584005 0.122119 0.114505 
0.0758042 0.134388 0.117856 
0.0990126 0.145961 0.116761 
0.0977004 0.121476 0.0785941 
0.0784934 0.0769702 0.0297579 
0.0776588 0.0649142 0.0313671 
0.126818 0.126377 0.122927 
0.21797 0.248694 0.280689 
0.300171 0.36542 0.425486 
0.31564 0.401952 0.475355 
0.245812 0.330059 0.401254 
0.128107 0.187853 0.244048 
