0.379066 0.267629 0.0851791 
0.607644 0.433001 0.176247 
0.813986 0.55931 0.246865 
0.932899 0.597015 0.274049 
0.911776 0.522861 0.25876 
0.736438 0.35042 0.215755 
0.465173 0.142702 0.170849 
0.234175 0.0096355 0.167539 
0.197487 0.0647795 0.260776 
0.424475 0.35206 0.484883 
0.837794 0.799448 0.817986 
1.25658 1.2505 1.18084 
1.5181 1.55944 1.47943 
1.57887 1.67611 1.65831 
1.51792 1.65668 1.72285 
1.45568 1.60371 1.71949 
1.46671 1.59354 1.69888 
1.54852 1.64286 1.69045 
1.64567 1.71887 1.69576 
1.68854 1.76473 1.691 
1.61846 1.71914 1.63227 
1.40347 1.53412 1.4701 
1.05703 1.2007 1.17885 
0.650924 0.772599 0.78859 
0.298049 0.360578 0.391835 
0.0978093 0.0838328 0.106654 
0.0761432 0.00308644 0.0122828 
0.169374 0.0851245 0.10138 
0.270682 0.22845 0.284893 
0.303754 0.329396 0.444485 
0.264268 0.33655 0.493215 
0.202063 0.259794 0.409124 
0.171748 0.145285 0.236306 
0.201019 0.0499052 0.0665022 
0.297063 0.0305905 0.00780456 
0.469149 0.136851 0.140355 
0.734297 0.393546 0.472615 
1.09665 0.780995 0.927954 
1.51947 1.23018 1.37829 
1.91654 1.6401 1.70412 
2.17718 1.90965 1.83979 
2.21743 1.97253 1.78238 
2.02928 1.825 1.57633 
1.69345 1.53261 1.29401 
1.34046 1.20401 1.01604 
1.08306 0.93958 0.805154 
0.967163 0.786294 0.681391 
0.97227 0.729767 0.618274 
1.04866 0.723323 0.567309 
1.15201 0.724388 0.492362 
1.25021 0.710557 0.388084 
1.31257 0.674861 0.274877 
1.30798 0.618616 0.183052 
1.22255 0.552954 0.1395 
1.07971 0.501453 0.158334 
0.936761 0.49126 0.232579 
0.850903 0.533805 0.331523 
0.838121 0.612047 0.413229 
0.860761 0.689814 0.451324 
0.858077 0.738337 0.456877 
0.793958 0.754973 0.471309 
0.678128 0.753747 0.528074 
0.544868 0.738257 0.614861 
0.419509 0.692528 0.678224 
0.313378 0.609367 0.677104 
0.247258 0.527721 0.636978 
0.261204 0.526014 0.64219 
0.381223 0.657049 0.758554 
0.570485 0.87882 0.954011 
0.724894 1.0563 1.09967 
0.73571 1.04953 1.06247 
0.572963 0.819942 0.812649 
0.317037 0.465609 0.453125 
0.109452 0.157353 0.149008 
0.0616713 0.0294008 0.0195178 
0.190063 0.106559 0.0761677 
0.417369 0.310474 0.241789 
0.62852 0.524725 0.419806 
0.735524 0.66424 0.555517 
0.711821 0.706031 0.651261 
0.587045 0.675712 0.738633 
0.419145 0.614148 0.839455 
0.264602 0.551504 0.946393 
0.157553 0.499427 1.03185 
0.103301 0.457713 1.07236 
0.0910142 0.428418 1.06936 
0.118691 0.427776 1.05204 
0.203349 0.480516 1.05606 
0.353221 0.589036 1.08632 
0.522429 0.701103 1.09322 
0.60839 0.722618 0.998008 
0.524582 0.591197 0.766327 
0.295274 0.35445 0.470303 
0.0704033 0.165139 0.265042 
0.0217176 0.171382 0.275411 
0.202417 0.389318 0.484891 
0.499117 0.677674 0.733531 
0.720403 0.843092 0.836136 
0.739937 0.78374 0.719231 
0.574738 0.552147 0.462854 
0.355219 0.304034 0.228029 
0.239054 0.19862 0.148749 
0.343 0.332372 0.27574 
0.717719 0.728426 0.589448 
1.34097 1.34617 1.03499 
2.10507 2.07622 1.53093 
2.81287 2.7321 1.95423 
3.22209 3.08423 2.14818 
3.15166 2.95984 1.98992 
2.59739 2.36111 1.489 
1.76183 1.50207 0.828054 
0.948492 0.702556 0.277263 
0.385016 0.198157 0.0231936 
0.114118 0.0151993 0.0503383 
0.0337952 0.0117405 0.183188 
0.0256792 0.0314511 0.248174 
0.0374973 0.0178549 0.201274 
0.0620986 0.000617782 0.115564 
0.0826961 0.0124392 0.0759231 
0.0738212 0.0497088 0.107344 
0.0469529 0.102269 0.189723 
0.0556775 0.179344 0.298629 
0.132561 0.28113 0.405564 
0.236196 0.363353 0.459234 
0.286637 0.364922 0.409671 
0.252453 0.278396 0.267604 
0.179606 0.169723 0.118203 
0.127516 0.111253 0.0505253 
0.103567 0.11018 0.0761711 
0.0901559 0.128679 0.137481 
0.126633 0.171513 0.197709 
0.317375 0.317311 0.29748 
0.718906 0.630265 0.498341 
1.22135 1.04345 0.776394 
1.57654 1.35969 0.999327 
1.57685 1.39444 1.0281 
1.22141 1.12634 0.840218 
0.711401 0.708559 0.546284 
0.286632 0.33842 0.289415 
0.0625093 0.118662 0.136985 
0.00160927 0.0294849 0.0649628 
0.00678264 0.00329173 0.0244159 
0.019235 0.00214231 0.00138927 
0.0370048 0.0269061 0.0120566 
0.0721358 0.0785496 0.0597537 
0.117341 0.13531 0.116132 
0.155767 0.170977 0.146551 
0.185474 0.182204 0.143212 
0.218878 0.186541 0.125694 
0.258046 0.195179 0.112785 
0.280976 0.196775 0.102681 
0.260748 0.173365 0.0837991 
0.198779 0.129186 0.0591203 
0.135059 0.0973647 0.0518029 
0.121733 0.114534 0.0839191 
0.183695 0.188419 0.152046 
0.301339 0.29002 0.226519 
0.427597 0.376084 0.274811 
0.52062 0.419108 0.2852 
0.564048 0.419053 0.269449 
0.563009 0.391503 0.24596 
0.526326 0.347962 0.222014 
0.454441 0.287306 0.190731 
0.344296 0.204609 0.142958 
0.206134 0.108118 0.0823716 
0.075399 0.0279906 0.030907 
0.0036373 0.00498105 0.0182511 
0.0274283 0.061787 0.0596519 
0.1355 0.176797 0.137009 
0.263772 0.285638 0.20176 
0.331699 0.319112 0.20561 
0.298069 0.254 0.140108 
0.190946 0.134081 0.0502183 
0.0828786 0.0374039 0.00247921 
0.0305375 0.0133086 0.0291403 
0.0331001 0.0449555 0.0980784 
0.0475849 0.0735091 0.140531 
0.0438095 0.0619521 0.115087 
0.0421882 0.0364455 0.0486546 
0.0956405 0.0638912 0.0142973 
0.233969 0.186716 0.0657214 
0.425774 0.376915 0.189171 
0.593424 0.550913 0.314869 
0.665114 0.62884 0.373207 
0.618148 0.585587 0.343622 
0.483363 0.456582 0.25886 
0.317742 0.304655 0.171333 
0.172757 0.181194 0.116085 
0.0784181 0.107705 0.0969051 
0.0440632 0.0804405 0.0966023 
0.0655452 0.0849238 0.0958384 
0.129173 0.106649 0.0855475 
0.210668 0.13279 0.0675526 
0.275909 0.149401 0.0474087 
0.29181 0.142766 0.0281839 
0.24568 0.108062 0.0111918 
0.157452 0.0572716 0.000995467 
0.0691053 0.0146704 0.00616554 
0.0158672 4.64808e-05 0.0326119 
0.00461707 0.0154644 0.0774106 
0.0199568 0.0499201 0.132398 
0.0492977 0.096026 0.193999 
0.0979209 0.157791 0.265117 
0.178066 0.239121 0.343287 
0.286969 0.327206 0.408539 
0.400133 0.392553 0.429176 
0.486166 0.408057 0.38469 
0.525374 0.367587 0.28432 
0.51474 0.286895 0.163221 
0.461558 0.190834 0.061565 
0.378537 0.10262 0.00651982 
0.28387 0.040976 0.00753348 
0.198288 0.0174564 0.058048 
0.135562 0.0292118 0.135439 
0.0953089 0.0557934 0.203729 
0.0672697 0.0699334 0.227917 
0.0428936 0.0569007 0.195217 
0.0220427 0.0253716 0.12529 
0.0112682 0.00132908 0.0590103 
0.0214372 0.0139119 0.0359513 
0.0683211 0.0849011 0.0784052 
0.166535 0.220404 0.186138 
0.309535 0.398015 0.33311 
0.4514 0.558249 0.465634 
0.519969 0.622949 0.517427 
0.466721 0.545273 0.449055 
0.314035 0.355262 0.28617 
0.148845 0.151689 0.114159 
0.0583132 0.0341248 0.0198968 
0.0635914 0.0309231 0.0272228 
0.113419 0.0886308 0.0864931 
0.139372 0.129078 0.126736 
0.114658 0.115052 0.116386 
0.0634467 0.0653636 0.0757339 
0.0254954 0.0197054 0.0411413 
0.021304 0.000631236 0.0284353 
0.0467614 0.00683592 0.0302167 
0.0865481 0.0282141 0.0360137 
0.123915 0.0564942 0.0451828 
0.143402 0.0847262 0.0633539 
0.135562 0.106268 0.094676 
0.10334 0.117144 0.137564 
0.061499 0.115634 0.180682 
0.0298556 0.100034 0.201921 
0.0294818 0.0734942 0.181074 
0.0802378 0.052497 0.121797 
0.187092 0.0602838 0.0567343 
0.318988 0.101176 0.0209349 
0.409965 0.144625 0.0191435 
0.401185 0.148112 0.0269929 
0.29293 0.101809 0.0259023 
