0.506635 0.466437 
0.775591 0.655847 
1.03352 0.862226 
1.17844 0.995755 
1.166 1.01954 
1.02161 0.960325 
0.826032 0.893211 
0.683189 0.909021 
0.684303 1.07827 
0.881468 1.4249 
1.27772 1.91788 
1.83361 2.48179 
2.48485 3.02175 
3.16342 3.45399 
3.81474 3.73204 
4.40584 3.85917 
4.92212 3.88199 
5.35457 3.86577 
5.68284 3.86046 
5.86365 3.87202 
5.83373 3.85454 
5.53146 3.73139 
4.93153 3.43882 
4.0764 2.97154 
3.0847 2.40362 
2.12446 1.8675 
1.35664 1.49592 
0.873618 1.35492 
0.664291 1.40569 
0.626912 1.52033 
0.625014 1.54691 
0.557036 1.38927 
0.401685 1.05685 
0.215562 0.656558 
0.0882963 0.332786 
0.0849733 0.191623 
0.210317 0.252014 
0.412077 0.44734 
0.615109 0.669436 
0.760618 0.824434 
0.826856 0.869046 
0.824208 0.813932 
0.775421 0.702744 
0.698597 0.586643 
0.604235 0.509836 
0.50531 0.508981 
0.430698 0.61885 
0.431621 0.874789 
0.57566 1.30746 
0.928568 1.93142 
1.52794 2.7319 
2.35593 3.65461 
3.32152 4.60282 
4.26437 5.44638 
4.98761 6.04559 
5.3151 6.287 
5.15371 6.12041 
4.53297 5.58062 
3.60084 4.78076 
2.57384 3.87615 
1.66218 3.01287 
1.00329 2.28412 
0.631652 1.71408 
0.493186 1.27393 
0.490142 0.917451 
0.530145 0.614466 
0.556398 0.363936 
0.550922 0.183272 
0.518857 0.0854005 
0.469756 0.0615161 
0.408275 0.0812732 
0.336268 0.108604 
0.259177 0.120278 
0.188043 0.113645 
0.134521 0.0996229 
0.10401 0.0890932 
0.0946408 0.0854759 
0.104608 0.0897351 
0.141668 0.111672 
0.22422 0.17392 
0.368362 0.299698 
0.567076 0.489486 
0.777112 0.704072 
0.927645 0.871023 
0.951368 0.916885 
0.822109 0.808324 
0.575532 0.576394 
0.297814 0.306759 
0.0865653 0.0997918 
0.00579953 0.0235084 
0.0603295 0.0861243 
0.202273 0.241599 
0.362502 0.420842 
0.486244 0.567448 
0.552855 0.65798 
0.572747 0.699957 
0.569309 0.715221 
0.560567 0.722686 
0.551362 0.730391 
0.537093 0.737732 
0.512449 0.74217 
0.477717 0.744216 
0.43969 0.748336 
0.409087 0.760982 
0.397926 0.787877 
0.418705 0.831784 
0.485294 0.89183 
0.615157 0.966575 
0.832937 1.06295 
1.17405 1.20932 
1.68331 1.46396 
2.40131 1.9061 
3.33516 2.60175 
4.42174 3.55189 
5.5045 4.64842 
6.34835 5.67001 
6.70363 6.33657 
6.40238 6.41022 
5.44478 5.80003 
4.02755 4.61699 
2.48945 3.14566 
1.19071 1.74025 
0.380325 0.69318 
0.11433 0.138069 
0.261966 0.0296896 
0.59071 0.20111 
0.881456 0.459839 
1.01494 0.670704 
0.993011 0.789181 
0.897531 0.8416 
0.821484 0.877137 
0.814233 0.925299 
0.866102 0.98078 
0.93039 1.01628 
0.961008 1.00769 
0.940849 0.953095 
0.887402 0.87557 
0.837981 0.811812 
0.827043 0.795549 
0.868522 0.844362 
0.949736 0.953478 
1.03626 1.09572 
1.08361 1.22606 
1.05166 1.29112 
0.919241 1.24449 
0.695858 1.06606 
0.426057 0.778056 
0.181466 0.447488 
0.0390508 0.168341 
0.0511793 0.0266492 
0.219912 0.0629193 
0.489239 0.250986 
0.762256 0.506202 
0.938117 0.721053 
0.952682 0.811358 
0.803906 0.750273 
0.550174 0.574024 
0.283144 0.358612 
0.0886141 0.181447 
0.0133752 0.087857 
0.0515004 0.0774517 
0.153601 0.113602 
0.252691 0.147974 
0.294524 0.146509 
0.259741 0.104683 
0.169103 0.0461662 
0.0699436 0.00678606 
0.0099994 0.0122575 
0.0112992 0.0613871 
0.05826 0.124666 
0.108033 0.16091 
0.118899 0.144198 
0.0804497 0.0853305 
0.0257626 0.0324318 
0.0150343 0.0463218 
0.0981423 0.162528 
0.278851 0.362949 
0.504624 0.577116 
0.690733 0.715715 
0.764974 0.717999 
0.705259 0.584473 
0.547041 0.374834 
0.357907 0.1734 
0.198263 0.0448398 
0.09441 0.00759047 
0.0388515 0.0382783 
0.0119632 0.0987869 
0.00521129 0.164313 
0.0285099 0.234305 
0.099406 0.323725 
0.226221 0.446223 
0.399742 0.603159 
0.598214 0.783546 
0.798243 0.969557 
0.980621 1.13971 
1.1273 1.26803 
1.21598 1.32481 
1.22192 1.28484 
1.1299 1.14151 
0.948419 0.917003 
0.71401 0.658995 
0.479618 0.422568 
0.292707 0.247458 
0.176345 0.144253 
0.124226 0.0969198 
0.110869 0.0778773 
0.10886 0.0647893 
0.10259 0.0496831 
0.092339 0.0381257 
0.0891866 0.0422896 
0.105211 0.0728331 
0.144008 0.132163 
0.195536 0.210047 
0.238251 0.283483 
0.24945 0.323623 
0.220647 0.309914 
0.169837 0.24554 
0.141039 0.1638 
0.186829 0.117685 
0.340239 0.154818 
0.591279 0.29073 
0.883262 0.49662 
1.13349 0.709966 
1.26814 0.862438 
1.25243 0.909264 
1.10061 0.844451 
0.8629 0.696227 
0.600091 0.509144 
0.361387 0.325283 
0.175568 0.173934 
0.0548305 0.0709553 
0.00263901 0.0223671 
0.0169225 0.0260927 
0.0865555 0.0703495 
0.186526 0.132435 
0.279652 0.182968 
0.328317 0.196823 
0.311639 0.16591 
0.23766 0.105367 
0.141138 0.046995 
0.0656176 0.021369 
0.0388859 0.0383752 
0.0568096 0.0790972 
0.0870532 0.106715 
0.092396 0.0924379 
0.060133 0.0414573 
0.0182387 0.00114319 
0.0254169 0.0424587 
0.137887 0.221524 
0.371223 0.541857 
0.680591 0.939968 
