0.0776611 0.00361053 
0.152413 0.028776 
0.161221 0.077771 
0.0915809 0.0964377 
0.0144486 0.0956828 
0.0277279 0.14141 
0.183316 0.302328 
0.463894 0.60678 
0.819653 1.0362 
1.21782 1.54097 
1.65496 2.05213 
2.12578 2.48354 
2.58347 2.7411 
2.9321 2.75308 
3.0648 2.51326 
2.92726 2.10891 
2.56576 1.70562 
2.12275 1.48307 
1.77149 1.54636 
1.62035 1.85866 
1.64519 2.23891 
1.70042 2.43954 
1.61306 2.27592 
1.30385 1.74058 
0.850067 1.02866 
0.438612 0.443116 
0.239038 0.225607 
0.291313 0.418937 
0.492024 0.854224 
0.680839 1.2682 
0.749398 1.46127 
0.689176 1.38652 
0.560315 1.12738 
0.429364 0.809708 
0.33039 0.525681 
0.262716 0.310135 
0.205834 0.158886 
0.137368 0.0603119 
0.057107 0.0225532 
0.0124808 0.0864635 
0.0958089 0.309633 
0.38557 0.713741 
0.854478 1.22171 
1.3249 1.64538 
1.54508 1.76926 
1.36471 1.49949 
0.877118 0.966664 
0.384935 0.473429 
0.181558 0.291768 
0.320177 0.457513 
0.586743 0.742815 
0.725466 0.851883 
0.721218 0.684902 
0.864685 0.439533 
1.51413 0.455525 
2.75383 0.935843 
4.25305 1.78075 
5.44835 2.65767 
5.89012 3.22267 
5.47949 3.30777 
4.45379 2.96022 
3.19492 2.3591 
2.03252 1.70466 
1.15274 1.14857 
0.611458 0.77619 
0.391674 0.620768 
0.450325 0.683596 
0.729405 0.93757 
1.139 1.31015 
1.54703 1.67357 
1.81067 1.87966 
1.84308 1.83591 
1.66107 1.56391 
1.36345 1.18057 
1.05311 0.811696 
0.773735 0.515428 
0.51728 0.282587 
0.286699 0.1031 
0.147035 0.0261168 
0.215379 0.155146 
0.598273 0.582651 
1.3221 1.31423 
2.29439 2.22961 
3.30823 3.09904 
4.09032 3.65249 
4.3939 3.68725 
4.12274 3.18204 
3.43102 2.35765 
2.71045 1.61828 
2.4128 1.35988 
2.77492 1.73421 
3.63178 2.53064 
4.48637 3.28893 
4.8204 3.58596 
4.42137 3.2875 
3.47656 2.57889 
2.38718 1.78226 
1.49035 1.14247 
0.912122 0.745422 
0.604759 0.56539 
0.45551 0.528887 
0.359255 0.541586 
0.255514 0.529124 
0.166098 0.521308 
0.202359 0.690387 
0.482294 1.23527 
0.993456 2.16461 
1.54001 3.18998 
1.85786 3.87299 
1.80604 3.9196 
1.456 3.36345 
1.01241 2.49916 
0.669882 1.66822 
0.535309 1.09255 
0.627069 0.8339 
0.881184 0.822296 
1.14942 0.898783 
1.24997 0.887836 
1.08543 0.703107 
0.727479 0.407908 
0.362698 0.151051 
0.139291 0.0260658 
0.0738859 0.00269929 
0.107339 0.00362257 
0.218492 0.0240881 
0.441926 0.138615 
0.769119 0.381412 
1.07068 0.650362 
1.16076 0.764642 
0.956096 0.628367 
0.566967 0.330557 
0.22478 0.0803789 
0.113603 0.0439672 
0.251968 0.230038 
0.506535 0.504499 
0.701968 0.696789 
0.733385 0.706989 
0.611407 0.549314 
0.428156 0.321823 
0.280906 0.133484 
0.209942 0.0388798 
0.190867 0.022054 
0.176084 0.0322131 
0.140825 0.0321916 
0.0943957 0.0174527 
0.0607208 0.00245771 
0.0623912 0.00504643 
0.124778 0.0480332 
0.279295 0.161622 
0.540716 0.363514 
0.87055 0.627033 
1.16903 0.875063 
1.3208 1.01877 
1.26935 1.01428 
1.06347 0.890324 
0.835332 0.725276 
0.718452 0.593744 
0.759081 0.522089 
0.884639 0.481488 
0.957602 0.420449 
0.879207 0.311887 
0.6625 0.177455 
0.415272 0.0677513 
0.252465 0.0172804 
0.221386 0.021002 
0.303137 0.0582644 
0.468341 0.134128 
0.709442 0.281403 
1.00948 0.509127 
1.29313 0.752506 
1.43598 0.891666 
1.34441 0.838066 
1.0342 0.610524 
0.629376 0.325786 
0.2802 0.111223 
0.0747663 0.0206355 
0.0138825 0.0227248 
0.0500713 0.0555802 
0.137208 0.0839657 
0.247302 0.110841 
0.358691 0.150611 
0.447276 0.204563 
0.497089 0.262912 
0.516412 0.322522 
0.536941 0.39515 
0.591265 0.495876 
0.685314 0.622754 
0.786987 0.745701 
0.839788 0.814382 
0.793851 0.782358 
0.637001 0.635736 
0.408393 0.410402 
0.185289 0.184149 
0.0469372 0.0413889 
0.0329896 0.0261887 
0.120168 0.112953 
0.233961 0.219374 
0.292699 0.260359 
0.259238 0.209693 
0.166178 0.12386 
0.09471 0.105258 
0.119095 0.227535 
0.255396 0.47798 
0.451376 0.761303 
0.623862 0.961963 
0.715346 1.01817 
0.730829 0.95598 
0.733345 0.865805 
0.803564 0.842659 
0.986694 0.928153 
1.2554 1.08459 
1.51317 1.21471 
1.645 1.22045 
1.59083 1.07003 
1.39113 0.828352 
1.16529 0.622097 
1.03385 0.559677 
1.04447 0.666525 
1.15732 0.884216 
1.29006 1.12325 
1.3715 1.31317 
1.35985 1.40926 
1.23158 1.37274 
0.979546 1.1724 
0.636046 0.823046 
0.29027 0.418746 
0.0615477 0.107708 
0.0332495 0.00941224 
0.19902 0.136832 
0.468061 0.389555 
0.723325 0.622707 
0.88203 0.733514 
0.915788 0.701721 
0.833108 0.569378 
0.658809 0.3959 
0.433665 0.230922 
0.22385 0.11561 
0.113634 0.0919682 
0.171659 0.197351 
0.409843 0.442217 
0.765206 0.788687 
1.1203 1.14961 
1.35229 1.41455 
1.38412 1.49245 
1.21213 1.35054 
0.900269 1.03079 
0.549064 0.636083 
0.257679 0.291915 
0.0942306 0.0988569 
0.0805165 0.0939051 
0.191757 0.237571 
