0.703486 0.633453 
0.243619 0.216222 
0.115163 0.0492033 
0.340267 0.126726 
0.820812 0.364561 
1.43889 0.701133 
2.04889 1.08165 
2.41782 1.36835 
2.29514 1.35621 
1.64662 0.962219 
0.815387 0.398675 
0.345294 0.0742894 
0.537163 0.240672 
1.15721 0.730241 
1.63314 1.09564 
1.58256 1.0429 
1.14936 0.711256 
0.810715 0.502188 
0.873581 0.648102 
1.19026 0.985238 
1.35888 1.15202 
1.15425 0.96984 
0.734339 0.603332 
0.457325 0.378503 
0.551393 0.49548 
0.968044 0.918909 
1.49774 1.48369 
1.96499 2.04199 
2.30558 2.50512 
2.50409 2.79692 
2.5134 2.82482 
2.26471 2.52528 
1.75792 1.94224 
1.12544 1.25077 
0.577877 0.675631 
0.26225 0.352114 
0.17259 0.253739 
0.212308 0.269089 
0.331306 0.349534 
0.555518 0.544866 
0.858459 0.863034 
1.05842 1.13307 
0.93936 1.09903 
0.511411 0.702009 
0.0902176 0.225089 
0.0341617 0.0771271 
0.390991 0.410092 
0.853768 0.989655 
1.0855 1.45929 
1.0422 1.68107 
0.939462 1.77053 
0.944659 1.84126 
0.985114 1.81903 
0.878023 1.55309 
0.581024 1.05 
0.248345 0.515562 
0.0546107 0.161118 
0.0255794 0.0243583 
0.0613837 0.00150612 
0.0782445 0.00362 
0.0799075 0.0266935 
0.105837 0.0893632 
0.166441 0.178074 
0.255606 0.292743 
0.393228 0.50235 
0.605072 0.881444 
0.851233 1.36975 
1.01128 1.73969 
0.979239 1.75859 
0.778245 1.39906 
0.560792 0.874111 
0.48142 0.457464 
0.571943 0.276495 
0.741689 0.272342 
0.882658 0.321439 
0.957674 0.356989 
0.996731 0.380414 
1.0386 0.404127 
1.08976 0.419315 
1.12038 0.408877 
1.0783 0.362973 
0.917685 0.279505 
0.644495 0.170254 
0.34062 0.071172 
0.116821 0.0244295 
0.0209635 0.0369365 
0.00488884 0.0757319 
0.00110195 0.125958 
0.018294 0.236273 
0.124638 0.464451 
0.328716 0.765633 
0.515312 0.972388 
0.538956 0.928955 
0.376555 0.646965 
0.155644 0.302287 
0.0250924 0.0727062 
0.0257449 0.000877299 
0.101558 0.020289 
0.20144 0.0730624 
0.320601 0.15597 
0.443712 0.262159 
0.504505 0.33961 
0.447808 0.346804 
0.317139 0.323358 
0.234243 0.355796 
0.274932 0.467566 
0.389516 0.582453 
0.465653 0.620155 
0.453154 0.599997 
0.401132 0.610567 
0.380032 0.682497 
0.401728 0.735697 
0.429855 0.676086 
0.440192 0.517845 
0.436594 0.371651 
0.412591 0.3128 
0.336991 0.2967 
0.206219 0.227558 
0.101 0.0957744 
0.159109 0.0195524 
0.46733 0.141516 
0.970003 0.489512 
1.47907 0.934978 
1.77587 1.27328 
1.72603 1.34624 
1.34091 1.12101 
0.773393 0.699617 
0.267888 0.279681 
0.079974 0.0882665 
0.373105 0.296285 
1.11839 0.927452 
2.05807 1.80531 
2.79373 2.59625 
2.98849 2.96278 
2.56629 2.75183 
1.75767 2.08796 
0.946386 1.29641 
0.434302 0.710163 
0.302006 0.497518 
0.437905 0.609227 
0.660825 0.845347 
0.822793 0.982646 
0.850911 0.898208 
0.749567 0.629044 
0.577924 0.323924 
0.405106 0.115391 
0.273962 0.027533 
0.214768 0.0162361 
0.287906 0.0896717 
0.573684 0.345507 
1.07857 0.850451 
1.65118 1.49115 
2.03022 1.98722 
2.01595 2.08504 
1.61453 1.74897 
1.02579 1.17412 
0.504497 0.637155 
0.233371 0.343148 
0.294948 0.378591 
0.7044 0.741879 
1.41922 1.36563 
2.30926 2.10691 
3.1517 2.75686 
3.70749 3.11419 
3.84577 3.09012 
3.61525 2.75848 
3.19974 2.30231 
2.80337 1.9044 
2.56504 1.67683 
2.54162 1.66347 
2.71043 1.85613 
2.95056 2.16887 
3.05139 2.41514 
2.81644 2.37975 
2.2169 1.9736 
1.44476 1.32586 
0.786503 0.699964 
0.427947 0.306234 
0.375441 0.197463 
0.53889 0.325104 
0.842905 0.643097 
1.23464 1.1167 
1.61843 1.64889 
1.84594 2.05913 
1.80594 2.18057 
1.51756 1.98319 
1.11896 1.59139 
0.764618 1.18356 
0.537275 0.880637 
0.443027 0.714908 
0.456449 0.666296 
0.546608 0.697497 
0.668137 0.759607 
0.758472 0.796807 
0.769891 0.774218 
0.709279 0.706031 
0.636678 0.645678 
0.614372 0.639703 
0.652123 0.689561 
0.698981 0.755864 
0.684704 0.791306 
0.569949 0.763441 
0.369508 0.655971 
0.150098 0.474832 
0.0197672 0.274945 
0.102088 0.172078 
0.471606 0.286998 
1.06573 0.633937 
1.65212 1.05354 
1.92783 1.28715 
1.71967 1.16535 
1.13607 0.756123 
0.527332 0.333133 
0.263007 0.181805 
0.493199 0.404715 
1.07049 0.875061 
1.66966 1.3467 
1.99346 1.61069 
1.91947 1.5884 
1.51979 1.33093 
0.980899 0.960491 
0.49381 0.601747 
0.173448 0.334021 
0.0328356 0.177057 
0.00956943 0.10894 
0.0247296 0.102119 
0.0409108 0.152951 
0.0789587 0.278517 
0.174216 0.474583 
0.309979 0.67193 
0.406356 0.753854 
0.395527 0.64899 
0.304788 0.414725 
0.235003 0.201732 
0.242008 0.112685 
0.268307 0.111618 
0.227782 0.100822 
0.142196 0.0719768 
0.137411 0.126864 
0.283936 0.326972 
0.490616 0.572153 
0.609709 0.688993 
0.627231 0.631289 
0.680059 0.531204 
0.861481 0.527141 
1.0645 0.589125 
1.07512 0.565383 
0.809772 0.383159 
0.412202 0.145016 
0.107795 0.0115752 
0.00125576 0.0318476 
