0.152232 0.186225 0.140894 
0.195307 0.261617 0.22191 
0.321162 0.402043 0.354396 
0.45009 0.540672 0.492721 
0.515839 0.618944 0.596841 
0.49202 0.602189 0.633895 
0.402344 0.48813 0.578658 
0.317963 0.316645 0.42879 
0.335151 0.170412 0.226177 
0.528601 0.148206 0.056798 
0.89843 0.312718 0.0137785 
1.349 0.644884 0.14246 
1.72584 1.04262 0.408225 
1.89511 1.37187 0.713719 
1.81511 1.53752 0.954065 
1.55311 1.52742 1.07111 
1.24147 1.40531 1.07295 
1.00619 1.26474 1.01353 
0.910583 1.17613 0.952188 
0.937369 1.15447 0.9191 
1.00841 1.15899 0.903147 
1.02805 1.12147 0.865547 
0.93186 0.989435 0.770565 
0.719706 0.761507 0.614717 
0.45446 0.492158 0.434123 
0.223881 0.259555 0.282959 
0.0878177 0.117173 0.198901 
0.0465263 0.0651263 0.184216 
0.0520519 0.0630744 0.218299 
0.0516152 0.0721356 0.287748 
0.0274227 0.0884743 0.402001 
0.00245482 0.139344 0.575548 
0.0114383 0.246259 0.79133 
0.0643191 0.389296 0.982011 
0.133322 0.50585 1.05445 
0.173286 0.528195 0.946612 
0.157635 0.432121 0.676694 
0.100819 0.259741 0.346715 
0.0498265 0.0990871 0.0948326 
0.0516629 0.0346973 0.0266681 
0.121319 0.102545 0.168299 
0.232792 0.276649 0.465466 
0.337148 0.490552 0.821332 
0.39212 0.674442 1.14362 
0.382363 0.783568 1.37411 
0.320169 0.805669 1.49189 
0.23189 0.751469 1.49983 
0.142822 0.640496 1.40873 
0.0697408 0.492408 1.22954 
0.0221116 0.327139 0.976304 
0.00722844 0.170797 0.676944 
0.0330461 0.0595689 0.38276 
0.104605 0.0330499 0.164078 
0.215234 0.114641 0.084616 
0.34009 0.289245 0.164046 
0.441 0.497044 0.354619 
0.483546 0.655199 0.555623 
0.455281 0.698519 0.664289 
0.3707 0.613189 0.632279 
0.259726 0.441411 0.489998 
0.151246 0.256469 0.324148 
0.0652758 0.127235 0.227107 
0.0145662 0.092029 0.251491 
0.00495469 0.148506 0.391038 
0.0285321 0.256111 0.587056 
0.0591138 0.349482 0.750217 
0.0646887 0.365728 0.793073 
0.0355611 0.281698 0.67183 
0.00451355 0.14078 0.423456 
0.0329987 0.0418503 0.168059 
0.164032 0.0828884 0.0544412 
0.376291 0.289698 0.167739 
0.581294 0.583054 0.461235 
0.674324 0.817551 0.772407 
0.604434 0.871447 0.92369 
0.409794 0.723323 0.837315 
0.190824 0.458933 0.57727 
0.0428752 0.206496 0.289793 
0.000151926 0.0535569 0.0960096 
0.0289488 0.00673928 0.0230758 
0.0668254 0.0147427 0.0184083 
0.0720065 0.02455 0.0191079 
0.0472949 0.0225769 0.0103959 
0.0275991 0.0337204 0.0280786 
0.0459998 0.0872372 0.112441 
0.103948 0.180729 0.258222 
0.166031 0.271397 0.403454 
0.184675 0.303 0.46727 
0.140348 0.25039 0.408777 
0.0668739 0.146596 0.261071 
0.0343333 0.0647809 0.11019 
0.0921972 0.0615509 0.0313257 
0.216028 0.126427 0.033528 
0.312552 0.187462 0.0627421 
0.29508 0.178115 0.0633496 
0.171536 0.108665 0.0403318 
0.0594711 0.0693136 0.057117 
0.0982873 0.150431 0.16516 
0.326886 0.349495 0.334928 
0.637679 0.556754 0.464414 
0.853328 0.639892 0.464646 
0.859091 0.550391 0.338989 
0.675349 0.353443 0.176308 
0.418596 0.16186 0.0678271 
0.203563 0.0466489 0.0352508 
0.0773897 0.00578282 0.0372998 
0.0245516 8.94023e-06 0.0312534 
0.0103802 0.000479405 0.0133337 
0.0141496 0.00281335 0.00259952 
0.034956 0.0146239 0.00669997 
0.0815321 0.0457153 0.020005 
0.156917 0.105951 0.0485694 
0.243524 0.195167 0.114761 
0.301002 0.286966 0.22443 
0.28939 0.332628 0.3377 
0.205649 0.296558 0.388848 
0.0970276 0.192671 0.342441 
0.0291293 0.0795984 0.226345 
0.0335826 0.0139024 0.106377 
0.0858068 0.00717085 0.0312733 
0.133795 0.0282482 0.00400159 
0.146454 0.0424864 3.20284e-06 
0.134122 0.0441422 0.00257408 
0.127841 0.0523267 0.0158625 
0.14479 0.0817528 0.0480603 
0.172814 0.121058 0.0896065 
0.182219 0.138844 0.112939 
0.150693 0.111513 0.0971767 
0.0836545 0.0506538 0.0570434 
0.0183303 0.0075036 0.0482566 
0.00631037 0.0452584 0.136319 
0.0799863 0.192522 0.344587 
0.223296 0.410587 0.62024 
0.371756 0.604485 0.850815 
0.448304 0.677253 0.927525 
0.411906 0.591265 0.812912 
0.283294 0.392362 0.564551 
0.129994 0.180799 0.299724 
0.024209 0.0523511 0.128918 
0.00428679 0.0501486 0.102923 
0.0621738 0.153224 0.200882 
0.157587 0.299273 0.355297 
0.243802 0.420497 0.490612 
0.288567 0.471579 0.553356 
0.282263 0.440677 0.525033 
0.2348 0.345612 0.420396 
0.166973 0.221885 0.277027 
0.101203 0.108031 0.140161 
0.0540579 0.0320134 0.0457615 
0.0317374 0.00241597 0.0072193 
0.0297507 0.00835536 0.0127303 
0.0373246 0.0289223 0.0362583 
0.0446055 0.0470023 0.05578 
0.0482545 0.0583741 0.0660839 
0.0515329 0.0698533 0.076928 
0.0591273 0.0888687 0.0992209 
0.0715563 0.114073 0.131929 
0.0844466 0.135477 0.161264 
0.0931092 0.143557 0.172196 
0.0972797 0.138269 0.16126 
0.100833 0.12948 0.139583 
0.107251 0.129505 0.125426 
0.116698 0.146158 0.134939 
0.128293 0.18237 0.178391 
0.144141 0.2394 0.260097 
0.169083 0.316543 0.376061 
0.205452 0.406294 0.509403 
0.248381 0.491625 0.631037 
0.286185 0.550687 0.710021 
0.304561 0.56566 0.727018 
0.291504 0.528693 0.679974 
0.242999 0.443319 0.579879 
0.169413 0.324875 0.444717 
0.0963137 0.199736 0.297639 
0.0521086 0.0976339 0.16515 
0.0472751 0.0366267 0.0691454 
0.0644237 0.0127573 0.0172068 
0.0730574 0.00712736 0.00238335 
0.0572983 0.00531436 0.0138585 
0.0280509 0.00812329 0.0453014 
0.00694159 0.0217525 0.0902454 
0.00187943 0.0413113 0.132874 
0.00313368 0.0509598 0.151874 
0.00188557 0.0422842 0.138623 
0.00437756 0.0269186 0.108719 
0.0217866 0.0247968 0.0894369 
0.049804 0.0408506 0.0941804 
0.0674501 0.0595539 0.112593 
0.060168 0.0651238 0.12714 
0.0391128 0.062067 0.134692 
0.0306936 0.0692067 0.146041 
0.046621 0.093549 0.164993 
0.0696618 0.116653 0.175409 
0.0725005 0.112083 0.155262 
0.0482589 0.0750682 0.102864 
0.0181802 0.0303449 0.0441256 
0.00897435 0.00897499 0.0107751 
0.0259948 0.0194747 0.012357 
0.0504067 0.0430988 0.0309397 
0.0600078 0.0551046 0.0415914 
0.049297 0.047304 0.0351372 
0.0297331 0.0302592 0.0211742 
0.0148322 0.0179348 0.0130477 
0.00830258 0.0139904 0.0137234 
0.00543706 0.0123155 0.0159008 
0.00237928 0.00732302 0.0124646 
0.00209917 0.00147853 0.00457724 
0.0118469 0.00311409 4.36819e-05 
0.0352238 0.0174947 0.00475227 
0.0661876 0.0397146 0.0157051 
0.0911477 0.0567968 0.0229028 
0.0989062 0.0587145 0.0197821 
0.0900443 0.0484861 0.0122212 
0.07662 0.0405307 0.0148879 
0.073459 0.0489084 0.0370818 
0.0913177 0.0790303 0.0745043 
0.13568 0.129625 0.116659 
0.202651 0.194274 0.156779 
0.269043 0.253297 0.186845 
0.293576 0.270777 0.187405 
0.244696 0.21835 0.139978 
0.137136 0.112955 0.0600262 
0.0381459 0.023271 0.00614124 
0.0311377 0.0245537 0.0373279 
0.162495 0.138115 0.155484 
0.396323 0.303448 0.292057 
0.594631 0.398547 0.347819 
0.576177 0.319597 0.263826 
0.298531 0.131154 0.127275 
0.0287835 0.178208 0.26814 
0.18895 0.890082 1.1371 
0.81328 2.19169 2.78695 
1.22463 3.09376 4.31543 
0.728903 2.39772 4.20161 
0.0283883 0.507502 1.98559 
1.55526 0.528789 0.0149827 
7.30501 6.45614 2.82698 
15.6833 18.9119 13.353 
21.2841 32.5009 28.8487 
19.3774 38.7317 41.1692 
11.1282 33.1049 42.5737 
3.05968 19.5487 32.2657 
0.0728436 6.9548 17.1136 
0.272622 0.959341 5.51886 
0.0126569 0.00201964 0.683778 
5.1973 0.0129986 0.00789916 
33.0478 1.22541 0.0304062 
94.7461 7.24812 0.0787604 
172.399 16.7116 0.618972 
218.751 19.943 0.584823 
192.043 10.1252 0.0887076 
