0.790365 0.804443 0.548258 
0.802633 0.879297 0.660942 
0.827508 0.977184 0.834955 
0.829042 1.05545 1.02583 
0.785255 1.07567 1.17582 
0.707663 1.02405 1.23501 
0.638618 0.916862 1.17801 
0.627258 0.789574 1.01143 
0.699748 0.678777 0.772065 
0.843101 0.608422 0.51778 
1.01192 0.58628 0.313039 
1.15192 0.608183 0.211285 
1.22439 0.663497 0.238423 
1.21812 0.737525 0.383428 
1.14547 0.811483 0.600945 
1.0293 0.863454 0.825816 
0.89042 0.872362 0.993771 
0.741331 0.823913 1.0601 
0.58686 0.71591 1.01054 
0.42909 0.561181 0.863159 
0.273733 0.387516 0.66282 
0.135157 0.233792 0.469316 
0.0368426 0.140778 0.339685 
0.00474798 0.136721 0.307314 
0.0546608 0.222384 0.365559 
0.179909 0.364447 0.466411 
0.348219 0.504868 0.540033 
0.512562 0.585365 0.529059 
0.63185 0.57531 0.41999 
0.689829 0.486636 0.252328 
0.700729 0.365806 0.0978812 
0.698786 0.267267 0.0211103 
0.719411 0.224976 0.0439497 
0.784364 0.239556 0.136015 
0.898624 0.287415 0.234974 
1.05678 0.343091 0.283235 
1.25003 0.397999 0.258405 
1.46626 0.462926 0.180962 
1.68353 0.554193 0.0978857 
1.86463 0.674729 0.0547712 
1.96096 0.803867 0.0731333 
1.92778 0.902754 0.143513 
1.74422 0.931723 0.234472 
1.42691 0.869123 0.30957 
1.02947 0.721437 0.342696 
0.627037 0.520642 0.325689 
0.293319 0.31188 0.267577 
0.0799774 0.138462 0.188567 
0.00605554 0.030692 0.112795 
0.059053 0.00127938 0.0623149 
0.204031 0.0462244 0.0527335 
0.395085 0.148268 0.089869 
0.58514 0.280874 0.167468 
0.733378 0.412866 0.26741 
0.811669 0.514922 0.364185 
0.810678 0.567852 0.433597 
0.743557 0.569724 0.462478 
0.64336 0.53728 0.454195 
0.5521 0.498899 0.426203 
0.504432 0.481389 0.400574 
0.513748 0.497613 0.393146 
0.568764 0.542351 0.40792 
0.64298 0.598784 0.439436 
0.711145 0.650712 0.479928 
0.761957 0.691587 0.524737 
0.798817 0.724052 0.571629 
0.829104 0.751163 0.615398 
0.850891 0.767134 0.643741 
0.847948 0.755974 0.639755 
0.797726 0.700315 0.591027 
0.687311 0.594701 0.499412 
0.526197 0.453748 0.384173 
0.34662 0.308789 0.275234 
0.19036 0.194281 0.199906 
0.0896338 0.131876 0.170632 
0.0530228 0.121172 0.180323 
0.0638126 0.14168 0.207059 
0.0906515 0.164073 0.224864 
0.103999 0.164296 0.214967 
0.0897759 0.13382 0.172964 
0.0541377 0.0820483 0.109808 
0.0181144 0.0307314 0.0469532 
0.00547118 0.00325801 0.007501 
0.0297297 0.0134003 0.00637049 
0.0863634 0.0582646 0.0432366 
0.153842 0.118753 0.10167 
0.203248 0.167793 0.155686 
0.212098 0.18289 0.181289 
0.175646 0.156965 0.167524 
0.109893 0.101903 0.121284 
0.0444905 0.0427556 0.0632974 
0.00895135 0.00557075 0.0176142 
0.0189922 0.00519193 0.000435136 
0.0696963 0.0392239 0.0141281 
0.138498 0.0907336 0.0488467 
0.196004 0.137524 0.0897352 
0.219087 0.162695 0.125004 
0.200124 0.161254 0.150565 
0.148707 0.140232 0.169627 
0.0858947 0.113288 0.188698 
0.0343106 0.0932317 0.212964 
0.00880085 0.0862295 0.243599 
0.0115787 0.0901159 0.277871 
0.0334468 0.096962 0.311275 
0.0598495 0.0981239 0.340049 
0.0784035 0.0890388 0.362655 
0.084119 0.0714057 0.379622 
0.0799702 0.0518449 0.392129 
0.0731046 0.0380032 0.400363 
0.0693655 0.0344146 0.402768 
0.0695893 0.0404798 0.396768 
0.0698173 0.0516061 0.380587 
0.0649535 0.0625797 0.35503 
0.0531545 0.0708669 0.32391 
0.0378323 0.0776593 0.292585 
0.0258336 0.0860543 0.26526 
0.0230007 0.0977457 0.242701 
0.0301115 0.110631 0.221839 
0.0419621 0.119118 0.197699 
0.0502839 0.11707 0.166518 
0.0487217 0.101574 0.128226 
0.0368748 0.0752186 0.0868643 
0.0211006 0.0455853 0.0489023 
0.0117976 0.022361 0.0206499 
0.0188178 0.0137383 0.00626194 
0.0473882 0.0238108 0.00708549 
0.0962595 0.0518107 0.0220791 
0.158456 0.0930091 0.0485514 
0.223846 0.14056 0.0827889 
0.282289 0.187578 0.120728 
0.326222 0.228904 0.158955 
0.351969 0.262085 0.195791 
0.35955 0.287175 0.231633 
0.351332 0.305331 0.26782 
0.330348 0.316916 0.304318 
0.29926 0.320314 0.337691 
0.260523 0.312474 0.361104 
0.217388 0.291114 0.36699 
0.174711 0.257287 0.351194 
0.138536 0.216551 0.316189 
0.114328 0.177723 0.271293 
0.1048 0.149743 0.229546 
0.108727 0.138351 0.202846 
0.121583 0.144322 0.197775 
0.137647 0.163978 0.213914 
0.152401 0.191342 0.24494 
0.164022 0.220593 0.281427 
0.173488 0.247633 0.313826 
0.183555 0.270296 0.334504 
0.197206 0.287479 0.338534 
0.21602 0.297869 0.323621 
0.238878 0.299068 0.289829 
0.261456 0.287739 0.239622 
0.277013 0.260969 0.178242 
0.2786 0.218371 0.113933 
0.261988 0.163805 0.0572003 
0.227899 0.10546 0.0186269 
0.182254 0.0537533 0.00556812 
0.134119 0.0177386 0.0190433 
0.0923587 0.00173515 0.0524822 
0.0627006 0.00392374 0.0933685 
0.0465709 0.0176253 0.127427 
0.0419032 0.0345095 0.143652 
0.0450915 0.0480381 0.137996 
0.0528998 0.0555575 0.114198 
0.063541 0.0584027 0.0816596 
0.0768144 0.0604557 0.0515493 
0.0936257 0.0661572 0.0328987 
0.115233 0.0788254 0.0300933 
0.142367 0.099627 0.0423033 
0.174289 0.127139 0.0645557 
0.208017 0.157405 0.0897285 
0.238208 0.184593 0.110767 
0.258169 0.20242 0.122606 
0.26201 0.206167 0.123403 
0.247146 0.194533 0.114682 
0.215778 0.170251 0.100199 
0.174279 0.13887 0.0838863 
0.130563 0.106225 0.0679512 
0.0909276 0.0761661 0.0523824 
0.0582998 0.0500187 0.0363442 
0.0328808 0.0279715 0.0204601 
0.0143265 0.0109894 0.00801937 
0.00344999 0.0013597 0.00369889 
0.00193701 0.00119452 0.0103594 
0.0104014 0.0101411 0.0262957 
0.0266428 0.024442 0.045303 
0.0458235 0.0384375 0.0598328 
0.0626078 0.0475072 0.0650411 
0.0736839 0.0502474 0.0608592 
0.0789443 0.0484559 0.0509406 
0.0808727 0.0454101 0.0398358 
0.0829641 0.0440678 0.0307516 
0.0881768 0.0462544 0.0250868 
0.0977426 0.0525587 0.0231078 
0.11033 0.0621953 0.024554 
0.121995 0.0728883 0.0288551 
0.12763 0.0815591 0.0354427 
0.123734 0.0859757 0.0441677 
0.110729 0.0861051 0.054954 
0.0927481 0.083686 0.0663634 
0.074753 0.0802841 0.0746398 
0.0594334 0.0759077 0.0754011 
0.0466091 0.0696143 0.0674129 
0.0351301 0.0608047 0.0541722 
0.0245783 0.0488821 0.0399597 
0.0149999 0.0322365 0.0244441 
0.00663219 0.0116264 0.00662637 
0.00270562 0.000537256 0.00348619 
0.0133714 0.0340916 0.0695172 
0.0526007 0.159105 0.287341 
0.122964 0.396765 0.711063 
0.198402 0.698087 1.28753 
0.228327 0.937164 1.82368 
0.176193 0.974141 2.06066 
0.0691158 0.761695 1.83815 
0.00378102 0.408538 1.23608 
0.0728806 0.119675 0.558193 
0.254052 0.031595 0.12765 
0.378989 0.084492 0.0389471 
0.279577 0.0959556 0.0994245 
0.0574689 0.0487761 0.0741566 
0.243275 0.365746 0.0691768 
1.58885 1.8366 0.678575 
4.48022 5.06175 2.62021 
8.34352 9.71211 6.00277 
11.6086 14.2316 9.79977 
12.5108 16.459 12.133 
10.3352 14.9803 11.4278 
6.14509 10.295 7.71935 
2.19545 4.75045 3.02385 
0.229869 0.997798 0.188103 
0.0536932 0.00164728 0.805623 
0.0844151 0.378993 3.76142 
0.348316 0.195621 5.84682 
6.16478 0.457847 4.49534 
29.181 7.68385 0.908531 
83.1404 32.7295 1.05998 
175.009 85.1259 13.1296 
296.038 165.486 42.3407 
419.086 260.766 86.3043 
506.151 346.393 134.166 
524.239 395.506 170.714 
461.95 391.03 183.446 
337.349 333.975 168.58 
191.713 243.187 132.533 
71.5574 146.552 88.2023 
8.17351 68.6126 48.5154 
5.49086 21.3318 21.0838 
42.1745 2.3671 6.64261 
85.6644 0.468452 1.26449 
