0.723726 0.933861 0.989991 
0.687337 0.763171 0.709828 
0.658808 0.593908 0.474141 
0.614497 0.416658 0.278149 
0.542212 0.245084 0.137603 
0.443097 0.110464 0.0848613 
0.320796 0.031117 0.12908 
0.182527 0.000663323 0.237856 
0.0656661 0.0261462 0.387035 
0.0491134 0.165802 0.622956 
0.197483 0.483249 1.02694 
0.470272 0.934102 1.57977 
0.708171 1.32244 2.08142 
0.749023 1.42298 2.26278 
0.570142 1.17314 2.01127 
0.302633 0.733385 1.4774 
0.102348 0.346024 0.943556 
0.0225867 0.141816 0.593528 
0.0134308 0.0834421 0.413764 
0.012331 0.0651206 0.290123 
0.00597309 0.0312971 0.157866 
0.0187382 0.00313185 0.0481849 
0.0786884 0.0274185 0.0206983 
0.200057 0.120468 0.0816502 
0.365807 0.246305 0.16866 
0.509727 0.334227 0.20445 
0.544705 0.331896 0.16851 
0.444583 0.260688 0.122073 
0.291161 0.207902 0.149931 
0.205478 0.237346 0.260019 
0.223044 0.307584 0.350056 
0.261604 0.308013 0.305488 
0.225961 0.190625 0.142437 
0.122034 0.0433745 0.0271877 
0.0422234 0.00582887 0.12254 
0.0493482 0.117314 0.414103 
0.107167 0.272289 0.707006 
0.134212 0.329943 0.798821 
0.104451 0.250406 0.647328 
0.0773803 0.117974 0.376995 
0.136183 0.0509488 0.151666 
0.308137 0.105229 0.0571972 
0.539061 0.251474 0.0829205 
0.730109 0.415596 0.172814 
0.799296 0.529774 0.274938 
0.725416 0.560629 0.357846 
0.550899 0.511558 0.405993 
0.348307 0.409231 0.412307 
0.179009 0.286808 0.375403 
0.0718897 0.173401 0.302141 
0.0263147 0.0905086 0.211463 
0.0264602 0.0510486 0.132445 
0.0589214 0.0608745 0.0941754 
0.13018 0.123693 0.112495 
0.269275 0.241103 0.179526 
0.499595 0.399077 0.260749 
0.795215 0.553439 0.307637 
1.06852 0.64178 0.288924 
1.21519 0.624952 0.22083 
1.18249 0.520228 0.161712 
0.999291 0.388253 0.16417 
0.746412 0.285414 0.227742 
0.504465 0.231205 0.303466 
0.327495 0.219074 0.347063 
0.253906 0.250169 0.364111 
0.330017 0.35366 0.40544 
0.616753 0.582349 0.531795 
1.16672 0.994558 0.792994 
1.98008 1.62885 1.23013 
2.96448 2.46922 1.86679 
3.92695 3.40832 2.66625 
4.61025 4.23453 3.48282 
4.76744 4.67339 4.06684 
4.2621 4.49454 4.15736 
3.17051 3.65232 3.63099 
1.82527 2.37578 2.61283 
0.718126 1.10963 1.45064 
0.250812 0.288964 0.535345 
0.47753 0.0804297 0.0799866 
1.06117 0.299019 0.0300179 
1.52358 0.588896 0.179587 
1.59514 0.713577 0.376231 
1.35074 0.68541 0.606156 
1.02741 0.631044 0.885039 
0.754352 0.579407 1.10943 
0.507207 0.4405 1.08459 
0.310057 0.200086 0.736977 
0.380506 0.0620386 0.26706 
0.957867 0.297168 0.0181347 
1.95453 0.912971 0.151073 
2.85373 1.52993 0.473991 
3.06293 1.67362 0.643682 
2.42186 1.22343 0.539679 
1.34742 0.539877 0.389922 
0.45715 0.115724 0.491961 
0.0597162 0.116773 0.843806 
0.0146687 0.294256 1.11625 
0.0294324 0.323461 1.00573 
0.00194182 0.157557 0.564127 
0.046587 0.0178274 0.137928 
0.261017 0.0934938 0.008611 
0.564315 0.331654 0.147179 
0.778369 0.527442 0.31663 
0.80566 0.550291 0.343668 
0.685678 0.434182 0.243555 
0.510655 0.283921 0.12366 
0.339684 0.161717 0.0474673 
0.192587 0.0742508 0.012091 
0.0787896 0.0176569 0.00157472 
0.0102527 0.000884137 0.0148903 
0.0170443 0.0526488 0.0650518 
0.177724 0.242378 0.199086 
0.604157 0.671695 0.510695 
1.33082 1.37472 1.06485 
2.18479 2.1836 1.75746 
2.79422 2.72459 2.27342 
2.7974 2.63326 2.26729 
2.11975 1.85964 1.66882 
1.09221 0.800558 0.841023 
0.28388 0.0991034 0.396731 
0.137373 0.215697 0.762881 
0.662677 1.08429 1.82469 
1.43122 2.13746 2.95959 
1.89548 2.70898 3.47037 
1.78807 2.50572 3.08389 
1.27336 1.76794 2.10765 
0.744533 1.00727 1.13166 
0.482133 0.586698 0.565234 
0.487339 0.515284 0.414795 
0.584855 0.575441 0.432075 
0.621123 0.576677 0.404799 
0.554459 0.477677 0.295772 
0.416145 0.331586 0.171956 
0.252667 0.192135 0.0843185 
0.109834 0.08544 0.0353694 
0.0245067 0.0232716 0.0133369 
0.000265723 0.00354047 0.0112141 
0.00655549 0.00825311 0.019619 
0.0224181 0.027519 0.0336153 
0.067028 0.0806486 0.070675 
0.161085 0.187432 0.155983 
0.266397 0.3161 0.277061 
0.302454 0.388872 0.37172 
0.242553 0.360853 0.382727 
0.170851 0.281758 0.321228 
0.211869 0.255842 0.259906 
0.399211 0.336961 0.260918 
0.630427 0.475512 0.320855 
0.757375 0.57108 0.387525 
0.712096 0.565117 0.416844 
0.544476 0.477538 0.404044 
0.35683 0.367799 0.368431 
0.219805 0.278191 0.323932 
0.145597 0.215423 0.270419 
0.118314 0.17266 0.208455 
0.130342 0.155631 0.155606 
0.184553 0.181369 0.1426 
0.267612 0.250807 0.186835 
0.333718 0.327446 0.266682 
0.32953 0.354383 0.328492 
0.243148 0.302187 0.328962 
0.122518 0.19831 0.272409 
0.0343087 0.101553 0.201954 
0.00416281 0.0483049 0.156447 
0.00561406 0.031898 0.144464 
0.0051947 0.0312482 0.156988 
0.000516751 0.0399857 0.184854 
0.00472224 0.0561594 0.21079 
0.0121782 0.0620494 0.202534 
0.00762547 0.0450654 0.146989 
0.0115501 0.0435551 0.0993362 
0.089877 0.143928 0.170562 
0.295301 0.404031 0.434038 
0.600089 0.776831 0.8373 
0.897938 1.12239 1.21744 
1.07339 1.30113 1.41171 
1.06902 1.25866 1.35897 
0.901323 1.03695 1.11244 
0.637508 0.729114 0.781355 
0.363786 0.429996 0.468234 
0.154242 0.206508 0.237803 
0.0428583 0.0839165 0.111117 
0.0157376 0.0475812 0.0730057 
0.0339347 0.0623902 0.0895793 
0.0659911 0.0967123 0.127498 
0.100197 0.132275 0.163252 
0.135685 0.160916 0.183751 
0.174009 0.182638 0.188104 
0.218231 0.205428 0.187888 
0.26725 0.234996 0.194709 
0.305483 0.259626 0.202384 
0.307322 0.253736 0.188762 
0.260746 0.204233 0.141696 
0.183188 0.128911 0.0777691 
0.107329 0.0614805 0.0273794 
0.0536016 0.0212783 0.00463789 
0.0219764 0.00442908 0.000525474 
0.00558503 0.00024799 0.00293 
0.00104357 0.00370573 0.0103079 
0.0052423 0.0100265 0.0216219 
0.0151912 0.0111067 0.0258608 
0.0388989 0.00851114 0.0145451 
0.0973141 0.0234157 0.000619422 
0.202236 0.0795638 0.0114475 
0.332041 0.173419 0.0589416 
0.438999 0.269299 0.123919 
0.485419 0.32839 0.174269 
0.470164 0.338907 0.193664 
0.420741 0.316905 0.18891 
0.366682 0.284935 0.175059 
0.323001 0.255545 0.160804 
0.291131 0.230629 0.146866 
0.266448 0.207884 0.131451 
0.244429 0.185674 0.114271 
0.224317 0.164995 0.0972151 
0.209419 0.149088 0.0828661 
0.205111 0.142545 0.0743192 
0.21711 0.151887 0.0790997 
0.245779 0.181496 0.108454 
0.274233 0.219125 0.159574 
0.270471 0.230268 0.19749 
0.222107 0.189443 0.177778 
0.164839 0.122314 0.10387 
0.140537 0.0851139 0.0384743 
0.124029 0.0844993 0.0285347 
0.0584677 0.0637651 0.0431515 
0.00178412 0.0112567 0.0307542 
0.136198 0.0160702 0.0050546 
0.500532 0.115612 0.000680677 
0.790572 0.163349 0.00906009 
0.662676 0.0602109 0.144889 
0.244693 0.0850209 0.819402 
0.021391 0.594926 2.28194 
0.0985633 1.22532 3.71121 
0.0741202 1.01376 3.42768 
0.0494791 0.100588 1.16728 
1.10331 0.854165 0.163591 
3.62488 5.65226 5.19535 
5.54431 12.8377 16.8373 
4.27727 16.6028 28.3376 
1.07773 13.0334 30.7171 
0.479258 5.45498 22.0108 
2.75004 0.720074 9.63876 
1.73168 0.209307 2.07767 
1.90405 0.11322 0.233682 
43.0152 5.42045 0.31589 
193.366 38.3464 3.65413 
489.381 118.732 16.6529 
862.323 227.341 36.9319 
1136.42 297.659 46.0285 
1137.02 265.335 28.365 
