0.29907 0.150952 0.286077 
0.298781 0.207721 0.411695 
0.299322 0.267834 0.509453 
0.292971 0.310112 0.545883 
0.27375 0.318858 0.507424 
0.239516 0.289156 0.406581 
0.19334 0.229561 0.280098 
0.142973 0.159775 0.1775 
0.0979527 0.103103 0.142708 
0.0656578 0.0769561 0.196313 
0.0491547 0.0868902 0.327672 
0.0491472 0.128243 0.502006 
0.0691343 0.194187 0.678998 
0.119112 0.283544 0.831583 
0.212419 0.400729 0.95277 
0.35468 0.545897 1.04653 
0.53106 0.702226 1.1108 
0.702255 0.832087 1.12755 
0.816156 0.889341 1.07 
0.831616 0.843122 0.923673 
0.740756 0.69805 0.705458 
0.575049 0.49586 0.464611 
0.390307 0.295395 0.261795 
0.240101 0.143306 0.138827 
0.154915 0.0547057 0.099104 
0.139282 0.015584 0.111236 
0.184998 0.00266765 0.131928 
0.286645 0.00419456 0.131576 
0.445424 0.0261165 0.106368 
0.658459 0.0809579 0.0723984 
0.903684 0.170169 0.0499539 
1.1347 0.274683 0.050284 
1.29255 0.360716 0.0716139 
1.32918 0.396121 0.102808 
1.22944 0.366399 0.129393 
1.0207 0.282015 0.138905 
0.766351 0.175565 0.125882 
0.54713 0.0919818 0.0965707 
0.436426 0.0750656 0.0701657 
0.476098 0.152479 0.0724547 
0.659601 0.322618 0.122264 
0.929977 0.5496 0.218146 
1.19737 0.772184 0.335095 
1.37227 0.925771 0.434981 
1.40041 0.967474 0.48421 
1.28143 0.890631 0.466967 
1.06182 0.721784 0.387416 
0.808078 0.505522 0.264656 
0.57825 0.290066 0.129509 
0.407716 0.121833 0.026322 
0.311618 0.0447778 0.0115867 
0.292586 0.0927761 0.137321 
0.341652 0.27018 0.418712 
0.432684 0.532607 0.805123 
0.523792 0.790796 1.18299 
0.578135 0.950635 1.42453 
0.598759 0.974641 1.46295 
0.651758 0.924872 1.34717 
0.849385 0.948063 1.23157 
1.2879 1.1969 1.29382 
1.97037 1.72711 1.62364 
2.76538 2.43511 2.15154 
3.43869 3.08341 2.66762 
3.75156 3.40866 2.92563 
3.57492 3.25383 2.77309 
2.95382 2.64835 2.23121 
2.08484 1.79126 1.48013 
1.22111 0.95072 0.763328 
0.561154 0.341074 0.271494 
0.182103 0.0448698 0.0706247 
0.0441781 0.0122833 0.104109 
0.047698 0.120823 0.250906 
0.0974979 0.248368 0.394461 
0.13742 0.318209 0.463942 
0.148388 0.305271 0.438875 
0.131197 0.221325 0.334717 
0.0991331 0.103273 0.191546 
0.0865512 0.0123344 0.0723623 
0.156779 0.0317236 0.0592395 
0.387464 0.245731 0.232478 
0.829058 0.698822 0.6329 
1.45816 1.35557 1.22689 
2.15961 2.0909 1.89994 
2.75762 2.72575 2.49034 
3.08539 3.09513 2.84969 
3.05638 3.11378 2.89956 
2.69838 2.80524 2.65601 
2.13385 2.28212 2.2129 
1.52175 1.6928 1.69774 
0.994743 1.16489 1.22429 
0.622159 0.770786 0.861805 
0.408137 0.523193 0.627448 
0.314249 0.392086 0.496891 
0.287462 0.328632 0.424229 
0.28015 0.28584 0.363752 
0.259799 0.232516 0.288252 
0.212617 0.160585 0.199049 
0.144593 0.0854913 0.123903 
0.0795273 0.0389264 0.102826 
0.0519687 0.0553502 0.167953 
0.0954685 0.157481 0.327552 
0.230395 0.347378 0.56238 
0.456623 0.606892 0.835348 
0.753658 0.90579 1.10782 
1.08646 1.21174 1.35292 
1.4127 1.49622 1.55921 
1.68814 1.73415 1.72448 
1.8697 1.89949 1.84436 
1.91895 1.96214 1.9029 
1.80918 1.89159 1.87153 
1.5373 1.66947 1.71965 
1.13691 1.30786 1.43499 
0.684694 0.864032 1.04521 
0.29065 0.438961 0.626864 
0.0678676 0.151748 0.289974 
0.0886031 0.0938417 0.137584 
0.345248 0.282123 0.216053 
0.739157 0.637353 0.48296 
1.11096 1.00659 0.815232 
1.30521 1.22598 1.05979 
1.24101 1.19592 1.10363 
0.952359 0.929369 0.926436 
0.574943 0.54603 0.606584 
0.283076 0.213487 0.277613 
0.207749 0.0657892 0.0599775 
0.376524 0.14178 0.00585059 
0.704093 0.373629 0.0850851 
1.03564 0.628218 0.215778 
1.21935 0.777042 0.318665 
1.17291 0.758467 0.364337 
0.915318 0.603777 0.389493 
0.554137 0.418546 0.476561 
0.238175 0.331848 0.709137 
0.0980096 0.437963 1.12532 
0.198303 0.755265 1.68986 
0.518161 1.21742 2.29661 
0.963684 1.69817 2.80038 
1.40508 2.0586 3.06622 
1.72301 2.19811 3.01802 
1.84705 2.0902 2.66827 
1.77332 1.79009 2.11755 
1.55689 1.41179 1.52256 
1.28363 1.08362 1.04337 
1.03405 0.899502 0.7887 
0.853763 0.885095 0.780135 
0.742445 0.992684 0.949514 
0.665006 1.127 1.17143 
0.578676 1.19089 1.31777 
0.461929 1.13033 1.31115 
0.329801 0.957514 1.15346 
0.226976 0.741142 0.916851 
0.202164 0.568985 0.702471 
0.278447 0.502868 0.588621 
0.437425 0.550215 0.595277 
0.627378 0.667228 0.683003 
0.791258 0.790588 0.784939 
0.89784 0.878018 0.85196 
0.957077 0.933132 0.883869 
1.01044 0.999862 0.928108 
1.10267 1.13045 1.04681 
1.2528 1.347 1.27182 
1.442 1.62002 1.57431 
1.62416 1.87669 1.86747 
1.75062 2.03345 2.0416 
1.7921 2.03397 2.01344 
1.74513 1.87157 1.76439 
1.62245 1.58633 1.34897 
1.43836 1.24217 0.871656 
1.20237 0.899438 0.445085 
0.926579 0.597992 0.150264 
0.639193 0.356128 0.0146982 
0.390275 0.179744 0.0137334 
0.239599 0.0712557 0.0894347 
0.229647 0.031238 0.176211 
0.359131 0.0538502 0.223473 
0.575027 0.122951 0.209942 
0.791139 0.21498 0.147901 
0.924934 0.30829 0.0772867 
0.932564 0.39213 0.0502753 
0.822804 0.467564 0.10926 
0.64366 0.538335 0.264961 
0.452042 0.598088 0.484538 
0.286347 0.624801 0.698325 
0.15812 0.589767 0.826507 
0.0649886 0.478543 0.816384 
0.0123025 0.311247 0.672568 
0.0249784 0.14674 0.462575 
0.1378 0.0625029 0.290736 
0.367537 0.116403 0.249943 
0.684281 0.309701 0.37477 
1.00338 0.574221 0.622151 
1.20996 0.796588 0.893622 
1.20957 0.872786 1.09093 
0.981118 0.767017 1.17625 
0.601925 0.541708 1.20188 
0.225314 0.336759 1.28771 
0.014815 0.302198 1.5533 
0.0643001 0.516012 2.03928 
0.345704 0.931901 2.66359 
0.71606 1.38995 3.24278 
0.985879 1.69067 3.57373 
1.01629 1.69639 3.53548 
0.792861 1.40524 3.15585 
0.433493 0.95512 2.60418 
0.123052 0.553096 2.11127 
0.0104056 0.368715 1.85935 
0.127403 0.451798 1.90218 
0.378821 0.721752 2.15843 
0.611027 1.03332 2.47878 
0.719105 1.27773 2.74468 
0.726825 1.45672 2.93905 
0.787909 1.68302 3.1476 
1.10312 2.10592 3.49201 
1.79843 2.80582 4.03644 
2.83385 3.72074 4.72405 
3.99595 4.64893 5.3809 
4.97947 5.32724 5.78508 
5.51436 5.54304 5.7631 
5.47241 5.22102 5.2635 
4.90322 4.44483 4.37411 
3.99149 3.41082 3.28199 
2.96806 2.34558 2.20207 
2.02478 1.43058 1.30984 
1.26988 0.763546 0.702303 
0.730933 0.36044 0.392226 
0.386001 0.181726 0.325618 
0.19571 0.161716 0.409219 
0.119622 0.229163 0.539389 
0.117798 0.319314 0.629267 
0.148962 0.383075 0.631435 
0.174865 0.395519 0.54994 
0.170752 0.359695 0.434282 
0.134133 0.300166 0.353409 
0.0845001 0.246367 0.358488 
0.0539335 0.214363 0.452198 
0.0755745 0.199099 0.582076 
0.177565 0.183875 0.664388 
0.383989 0.162329 0.628568 
0.717039 0.158574 0.460311 
1.19257 0.23043 0.220971 
1.80642 0.449836 0.0323923 
2.51772 0.868126 0.0331643 
3.24086 1.48342 0.325555 
3.85602 2.22759 0.935861 
4.23892 2.98111 1.80388 
4.30003 3.61069 2.80389 
4.01747 4.01417 3.78626 
3.44899 4.15335 4.62146 
2.71699 4.06147 5.22896 
1.97168 3.8228 5.58277 
1.34637 3.53503 5.69694 
