3.90285 3.03905 1.97411 
3.25732 2.43533 1.4526 
2.11944 1.53501 0.863954 
0.973893 0.727792 0.467947 
0.264014 0.280203 0.3301 
0.087289 0.161062 0.294845 
0.195137 0.144063 0.184344 
0.267598 0.0719324 0.0253183 
0.197855 0.0216255 0.0702507 
0.141989 0.217377 0.574513 
0.318962 0.778685 1.52167 
0.76369 1.53915 2.54293 
1.25982 2.10966 3.1192 
1.50811 2.1518 2.92965 
1.37871 1.6486 2.0938 
1.027 0.950909 1.12336 
0.77467 0.547074 0.601275 
0.859973 0.722001 0.802126 
1.26601 1.36233 1.5184 
1.75597 2.05017 2.21474 
2.06282 2.36219 2.39576 
2.06728 2.14382 1.92482 
1.84016 1.57525 1.08587 
1.55804 1.02348 0.382491 
1.38896 0.820797 0.244626 
1.42884 1.12035 0.836697 
1.70001 1.88396 2.04741 
2.17988 2.95982 3.60696 
2.82899 4.17241 5.22022 
3.60486 5.37081 6.63864 
4.45738 6.42822 7.66809 
5.3112 7.22237 8.16136 
6.05316 7.6344 8.03841 
6.54497 7.57916 7.32784 
6.66305 7.0446 6.18245 
6.34451 6.10666 4.83458 
5.61423 4.90864 3.51175 
4.58203 3.62299 2.37091 
3.4142 2.41694 1.48673 
2.28892 1.42492 0.875997 
1.34903 0.723046 0.517876 
0.669756 0.313504 0.35804 
0.255539 0.134894 0.31775 
0.0621838 0.0980839 0.321102 
0.0244024 0.122678 0.32158 
0.0729031 0.151343 0.303003 
0.144236 0.147413 0.261528 
0.195062 0.0983457 0.199673 
0.218613 0.0294336 0.142804 
0.244693 0.00319988 0.148077 
0.311833 0.0828618 0.272582 
0.427954 0.277202 0.514165 
0.552971 0.515145 0.782247 
0.621227 0.681307 0.940575 
0.586963 0.690858 0.898165 
0.456244 0.545264 0.674934 
0.281637 0.325795 0.386366 
0.127367 0.133801 0.160534 
0.0337301 0.0276115 0.0564901 
0.00465513 0.00210174 0.0466835 
0.0199417 0.0166019 0.0674593 
0.0550732 0.0376394 0.08465 
0.0915429 0.0578175 0.114637 
0.116061 0.0817363 0.18792 
0.119988 0.10377 0.298019 
0.106005 0.106922 0.390944 
0.092689 0.0833663 0.407387 
0.10218 0.0485475 0.334397 
0.134711 0.0271583 0.213808 
0.158258 0.0259984 0.10236 
0.136717 0.0304964 0.0304401 
0.0790616 0.0357341 0.00261193 
0.0565348 0.074957 0.0275952 
0.154204 0.200045 0.126681 
0.3896 0.420242 0.298817 
0.675873 0.662527 0.484217 
0.873384 0.807157 0.584168 
0.889247 0.776204 0.534672 
0.737289 0.593343 0.363624 
0.511573 0.359275 0.169776 
0.309352 0.171476 0.0423666 
0.176075 0.0660563 0.000954966 
0.106215 0.0241337 0.00703948 
0.074557 0.0143224 0.0192543 
0.0588446 0.0188608 0.0266232 
0.0460195 0.0294191 0.0354403 
0.0378408 0.0399265 0.0447975 
0.058034 0.0557188 0.0494438 
0.141605 0.101075 0.0606098 
0.298593 0.199168 0.105244 
0.481391 0.335023 0.192813 
0.597268 0.444892 0.287462 
0.57004 0.456551 0.326112 
0.402588 0.35042 0.272863 
0.183537 0.183834 0.156421 
0.0294952 0.053679 0.0523656 
0.0107186 0.0308414 0.0277377 
0.117965 0.122204 0.0993202 
0.287744 0.284201 0.236515 
0.456299 0.464994 0.394636 
0.598986 0.635817 0.543234 
0.731237 0.791258 0.669265 
0.875793 0.926173 0.761166 
1.02195 1.01242 0.793353 
1.11119 0.999395 0.729771 
1.07121 0.8488 0.553764 
0.881568 0.584535 0.308097 
0.613672 0.309867 0.104059 
0.3935 0.153957 0.0651156 
0.303276 0.171804 0.22664 
0.30976 0.284936 0.476671 
0.298437 0.336795 0.615831 
0.194442 0.235743 0.515841 
0.0566362 0.0612854 0.249101 
0.0450076 0.023469 0.0624798 
0.279649 0.293071 0.195625 
0.716246 0.842659 0.685197 
1.15209 1.43635 1.31659 
1.36074 1.78062 1.76352 
1.24482 1.71661 1.80413 
0.889697 1.30962 1.45071 
0.489545 0.783043 0.911069 
0.215544 0.363497 0.432289 
0.124778 0.155496 0.153021 
0.160598 0.121024 0.060694 
0.221867 0.151466 0.0562153 
0.238736 0.160054 0.0529148 
0.204982 0.128266 0.0316837 
0.158169 0.0896926 0.0278696 
0.134358 0.0824794 0.0823869 
0.135432 0.114798 0.205851 
0.133564 0.167085 0.378983 
0.106652 0.220067 0.574756 
0.0689571 0.274315 0.769539 
0.061931 0.336599 0.927284 
0.112849 0.389914 0.981279 
0.213686 0.397237 0.861137 
0.356744 0.361459 0.575805 
0.58546 0.383436 0.281553 
0.971903 0.620408 0.228769 
1.50295 1.13077 0.57256 
1.98999 1.73994 1.19265 
2.14377 2.09879 1.71879 
1.80065 1.93993 1.79346 
1.09741 1.31532 1.35914 
0.401285 0.57693 0.699782 
0.0356606 0.100666 0.191932 
0.0555594 0.0121579 0.00728153 
0.275684 0.164501 0.0453866 
0.489005 0.34935 0.121841 
0.631415 0.492667 0.176474 
0.743301 0.642237 0.281019 
0.82363 0.810203 0.476626 
0.780012 0.888965 0.660479 
0.542694 0.751717 0.665577 
0.206746 0.424224 0.447091 
0.0260221 0.12887 0.168465 
0.234057 0.133359 0.0867526 
0.839479 0.530307 0.337657 
1.57283 1.13936 0.811956 
2.04242 1.61991 1.22963 
2.00107 1.7165 1.35334 
1.54107 1.45755 1.17581 
1.06591 1.15269 0.934112 
1.02524 1.16912 0.928828 
1.57745 1.63739 1.27673 
2.4367 2.31854 1.79521 
3.05696 2.76544 2.13009 
3.03944 2.67227 2.03858 
2.43766 2.12394 1.58999 
1.69501 1.52111 1.10244 
1.26639 1.23993 0.868732 
1.26179 1.33166 0.922029 
1.42237 1.52727 1.05044 
1.41724 1.51766 1.02448 
1.15456 1.22645 0.801725 
0.821792 0.829336 0.521084 
0.661131 0.54562 0.329986 
0.733518 0.438884 0.24726 
0.893205 0.413491 0.195601 
0.960674 0.371721 0.141874 
0.904199 0.350409 0.18211 
0.868566 0.509376 0.487278 
1.04541 0.997606 1.16913 
1.50033 1.8146 2.18081 
2.08515 2.76437 3.31372 
2.50034 3.52901 4.27797 
2.47878 3.82415 4.81976 
1.97303 3.55059 4.82277 
1.20208 2.84317 4.34313 
0.503939 1.97577 3.55839 
0.104853 1.19529 2.67379 
0.00250171 0.623584 1.86675 
0.0618518 0.300993 1.30477 
0.217769 0.297811 1.17885 
0.575105 0.748323 1.6641 
1.30486 1.74755 2.79885 
2.44166 3.20507 4.38208 
3.78195 4.80895 6.0042 
4.9797 6.15786 7.22373 
5.75239 6.96836 7.77946 
6.02331 7.19935 7.69228 
5.90128 7.00697 7.18929 
5.55014 6.58377 6.51294 
5.08745 6.02932 5.76759 
4.60233 5.36728 4.93217 
4.24459 4.68016 4.02585 
4.24169 4.19822 3.25379 
4.75441 4.19311 2.94181 
5.6585 4.71623 3.25761 
6.47273 5.42229 3.96291 
6.58174 5.7083 4.48268 
5.64847 5.1322 4.31293 
3.90297 3.78571 3.44218 
2.04944 2.28142 2.39183 
0.831778 1.32636 1.7997 
0.576431 1.21629 1.89302 
1.04132 1.65579 2.31162 
1.64466 2.02868 2.4319 
1.86837 1.87708 1.90449 
1.5505 1.21529 0.953837 
0.913983 0.476947 0.2146 
0.367567 0.17851 0.258485 
0.223383 0.549794 1.17214 
0.4901 1.36282 2.46779 
0.863163 2.05788 3.36804 
0.946686 2.10637 3.2878 
0.594806 1.4088 2.23504 
0.126536 0.460875 0.882519 
0.193874 0.114868 0.222497 
1.3246 1.02655 0.96586 
3.45572 3.14709 3.0504 
5.84271 5.64971 5.60497 
7.46228 7.38863 7.4299 
7.62982 7.58405 7.68809 
6.3819 6.25482 6.35112 
4.3795 4.13117 4.13834 
2.46875 2.17717 2.05742 
1.24885 1.09321 0.891603 
0.897267 1.08715 0.925501 
1.25014 1.94225 1.96846 
1.98184 3.22616 3.55037 
2.75454 4.4867 5.14137 
3.30491 5.37613 6.31729 
3.48105 5.70668 6.84866 
3.24079 5.44866 6.70757 
2.63129 4.69022 6.00792 
1.78389 3.59667 4.92783 
0.924621 2.39154 3.66331 
0.337638 1.32933 2.41312 
0.229539 0.615529 1.35402 
