0.884739 0.870236 1.40318 
1.06085 0.843197 1.11248 
1.0793 0.704652 0.676108 
1.04523 0.623865 0.353995 
1.07039 0.728328 0.332337 
1.1976 1.03648 0.649324 
1.38727 1.46166 1.20568 
1.5412 1.84483 1.80377 
1.54335 2 2.19647 
1.32806 1.79886 2.18168 
0.952094 1.27558 1.73141 
0.587083 0.647861 1.04439 
0.392653 0.18457 0.430144 
0.378423 0.017545 0.102405 
0.41923 0.0874264 0.0766977 
0.426567 0.273366 0.253196 
0.472081 0.534435 0.548418 
0.690615 0.880932 0.903174 
1.06046 1.22871 1.19297 
1.3366 1.36492 1.2268 
1.25443 1.12481 0.909159 
0.802635 0.599269 0.39691 
0.269516 0.121926 0.0385732 
0.00902913 0.0196144 0.115962 
0.160596 0.365226 0.632738 
0.574452 0.953207 1.33954 
0.963929 1.47663 1.93264 
1.11057 1.71593 2.21964 
0.965209 1.60848 2.14679 
0.627336 1.22242 1.75546 
0.267663 0.711232 1.16335 
0.0438287 0.265985 0.560693 
0.0315943 0.0441754 0.154476 
0.199254 0.0967049 0.064528 
0.447114 0.354494 0.261308 
0.685304 0.692483 0.606985 
0.884185 1.01077 0.95451 
1.06137 1.26388 1.21214 
1.23658 1.43733 1.34152 
1.40654 1.52205 1.33297 
1.54975 1.51445 1.20017 
1.63393 1.42276 0.984115 
1.6168 1.25969 0.73948 
1.46215 1.03542 0.50909 
1.17755 0.769507 0.314625 
0.835745 0.506309 0.167946 
0.540576 0.302318 0.0788532 
0.35713 0.187566 0.0458894 
0.271911 0.142299 0.0476309 
0.221567 0.117753 0.0542962 
0.157901 0.0802886 0.0506295 
0.0846573 0.0338665 0.0439888 
0.0382987 0.00354858 0.0494577 
0.0422504 0.00411063 0.0702811 
0.0819222 0.0262846 0.0935449 
0.118735 0.0479883 0.101209 
0.123121 0.0534143 0.0831644 
0.0944105 0.0421631 0.0442099 
0.0535156 0.0263147 0.00736122 
0.0210421 0.0248959 0.0160328 
0.00420259 0.062139 0.128899 
0.00268507 0.164771 0.397789 
0.0212244 0.349115 0.83014 
0.0691075 0.599028 1.35695 
0.143245 0.852179 1.83616 
0.214672 1.01607 2.10565 
0.241022 1.01584 2.06454 
0.201427 0.84515 1.73285 
0.120253 0.578057 1.24453 
0.0494667 0.324626 0.772957 
0.0226396 0.163049 0.441517 
0.0319269 0.10871 0.286864 
0.0592752 0.146863 0.295356 
0.12481 0.284077 0.45898 
0.280908 0.54498 0.77553 
0.538524 0.90362 1.1858 
0.80614 1.23162 1.5318 
0.929911 1.35028 1.62035 
0.816804 1.1646 1.36464 
0.52122 0.753553 0.872344 
0.206827 0.322192 0.3838 
0.0253129 0.0587785 0.107993 
0.0273904 0.025324 0.0990413 
0.163743 0.155976 0.260421 
0.337181 0.327493 0.439023 
0.450374 0.42966 0.517591 
0.441585 0.407475 0.458237 
0.316635 0.279721 0.302144 
0.151784 0.124747 0.135667 
0.0404039 0.0242183 0.0315449 
0.0184578 0.00139123 0.00118321 
0.0446324 0.0153895 0.00343449 
0.0563088 0.0178838 0.00181068 
0.0350077 0.00452998 0.00219602 
0.0125818 0.0052258 0.0281072 
0.0316364 0.042092 0.0776343 
0.120631 0.119711 0.131214 
0.295365 0.247188 0.197637 
0.542576 0.429469 0.314242 
0.778273 0.61349 0.474668 
0.853593 0.673339 0.579489 
0.665403 0.510166 0.513164 
0.297592 0.199868 0.30082 
0.0298621 0.015638 0.166484 
0.147913 0.244232 0.384236 
0.698402 0.933338 1.03282 
1.42069 1.80906 1.88727 
1.93358 2.45532 2.55958 
2.00913 2.59807 2.76187 
1.69177 2.25092 2.46587 
1.19378 1.63659 1.86111 
0.715806 1.00971 1.20471 
0.3658 0.545967 0.704188 
0.188722 0.330004 0.473799 
0.196012 0.364191 0.518599 
0.338934 0.558048 0.728475 
0.49375 0.748346 0.922624 
0.529793 0.788738 0.954924 
0.412167 0.647345 0.803766 
0.225244 0.413848 0.56122 
0.0878207 0.209297 0.337772 
0.0522325 0.0941536 0.183865 
0.0834817 0.0542484 0.0913199 
0.114113 0.0466071 0.0381569 
0.103535 0.0398358 0.0116944 
0.0573775 0.0238387 0.00222961 
0.0130751 0.00632156 0.000470778 
0.0079926 0.00369442 0.00468819 
0.0438194 0.0202004 0.0152941 
0.0797 0.0357829 0.0230884 
0.0839216 0.038937 0.0280873 
0.108721 0.086478 0.0848693 
0.291984 0.305581 0.303614 
0.740345 0.788769 0.758678 
1.38657 1.46148 1.37244 
1.977 2.0695 1.90804 
2.23234 2.33363 2.11475 
2.04792 2.14716 1.90972 
1.55567 1.64205 1.43297 
1.0071 1.07623 0.932557 
0.59856 0.655536 0.591537 
0.38289 0.436261 0.439162 
0.302152 0.353207 0.38948 
0.271056 0.309429 0.340904 
0.233596 0.24497 0.248021 
0.173967 0.153309 0.129662 
0.105802 0.0632131 0.034243 
0.0614356 0.0137147 0.00134929 
0.0832114 0.0363746 0.0436074 
0.210459 0.145705 0.149535 
0.459413 0.332954 0.293407 
0.800537 0.560137 0.439665 
1.14682 0.759974 0.543832 
1.37319 0.855541 0.564388 
1.37654 0.805854 0.494022 
1.15159 0.655962 0.393853 
0.824629 0.544735 0.392461 
0.597474 0.636396 0.621989 
0.621565 1.0024 1.11415 
0.893396 1.54252 1.73454 
1.26015 2.02633 2.23192 
1.53292 2.24131 2.39403 
1.60904 2.13214 2.19699 
1.50586 1.81689 1.82157 
1.30206 1.47821 1.51959 
1.06316 1.23629 1.44462 
0.816608 1.10575 1.58054 
0.576734 1.04374 1.79985 
0.384183 1.0235 1.9766 
0.328432 1.07254 2.06344 
0.526547 1.25455 2.09474 
1.0408 1.60382 2.13057 
1.7748 2.05168 2.18421 
2.45532 2.41523 2.19044 
2.77113 2.49257 2.05238 
2.58466 2.20815 1.73642 
2.02562 1.67777 1.32642 
1.37542 1.12669 0.98001 
0.864408 0.742147 0.828819 
0.57569 0.594498 0.910959 
0.49757 0.657935 1.1666 
0.595425 0.85039 1.46022 
0.801374 1.04002 1.61191 
0.980611 1.06915 1.47051 
0.986015 0.848362 1.02766 
0.782424 0.455276 0.475648 
0.497204 0.110409 0.10865 
0.316754 0.0138037 0.113322 
0.325886 0.188069 0.431425 
0.453546 0.479557 0.824738 
0.5652 0.704079 1.07254 
0.587633 0.783561 1.11218 
0.547199 0.762067 1.02275 
0.528094 0.740446 0.927893 
0.636584 0.833531 0.943643 
0.996502 1.16746 1.18397 
1.70766 1.83676 1.72949 
2.72863 2.78515 2.51781 
3.78092 3.71715 3.26376 
4.42457 4.19221 3.55883 
4.31397 3.89736 3.14116 
3.44196 2.89175 2.12628 
2.15956 1.60293 0.982119 
0.960181 0.57198 0.251092 
0.222957 0.163893 0.246446 
0.102803 0.455242 0.948785 
0.573028 1.31193 2.12029 
1.49697 2.51113 3.47324 
2.65232 3.79528 4.74769 
3.75002 4.88325 5.70501 
4.5105 5.52005 6.13622 
4.77223 5.57231 5.93192 
4.54489 5.09235 5.15871 
3.96854 4.2895 4.06221 
3.23061 3.43251 2.9822 
2.50841 2.75177 2.22947 
1.93935 2.37591 1.97864 
1.58227 2.29655 2.20531 
1.38135 2.36879 2.69075 
1.20033 2.38185 3.11637 
0.949074 2.19629 3.22533 
0.702649 1.85558 2.9582 
0.673766 1.56113 2.46065 
1.02731 1.50919 1.95732 
1.69812 1.72647 1.6002 
2.39063 2.04931 1.40974 
2.77025 2.25425 1.32412 
2.68019 2.21306 1.27694 
2.21122 1.94805 1.23066 
1.599 1.57584 1.16811 
1.0616 1.21786 1.08514 
0.704492 0.951536 1.0019 
0.533734 0.813579 0.969092 
0.526045 0.819891 1.04244 
0.676221 0.966656 1.23155 
0.985817 1.21291 1.46422 
1.42527 1.47867 1.61187 
1.92531 1.68408 1.57807 
2.40802 1.80236 1.38343 
2.81302 1.86523 1.1583 
3.08588 1.90277 1.03153 
3.16009 1.88423 1.01664 
2.98405 1.73794 1.01285 
2.58018 1.43705 0.918455 
2.06373 1.05141 0.731895 
1.58588 0.703479 0.5389 
1.2577 0.482189 0.420832 
1.13126 0.41193 0.397316 
1.23173 0.492338 0.451362 
1.56501 0.732094 0.578271 
2.06591 1.11777 0.786305 
