0.137165 0.326101 0.524815 
0.234725 0.411918 0.551555 
0.328683 0.447669 0.503651 
0.381363 0.407404 0.38679 
0.386734 0.311863 0.244536 
0.361047 0.20524 0.122072 
0.319365 0.123823 0.043088 
0.263169 0.0780825 0.00841508 
0.190757 0.0569677 0.00586292 
0.114945 0.0449718 0.0187462 
0.063127 0.035303 0.0314625 
0.0535835 0.0290333 0.0349652 
0.0710751 0.0247821 0.0298058 
0.0746899 0.015701 0.0243039 
0.0433308 0.00496178 0.0325658 
0.0175472 0.0246304 0.074968 
0.0827451 0.124537 0.170861 
0.290807 0.322834 0.315627 
0.591094 0.56271 0.461461 
0.848321 0.732426 0.535321 
0.939991 0.744796 0.492715 
0.841339 0.601915 0.356338 
0.62405 0.383326 0.195819 
0.392839 0.181788 0.0720396 
0.23568 0.06022 0.00972699 
0.211669 0.053886 0.0165793 
0.335938 0.171888 0.0992211 
0.546795 0.368845 0.237809 
0.712372 0.53522 0.359719 
0.721265 0.563679 0.378196 
0.591052 0.451661 0.280374 
0.469916 0.325074 0.165209 
0.506095 0.33549 0.170138 
0.711941 0.525991 0.350834 
0.961795 0.800791 0.635242 
1.11504 1.01946 0.890976 
1.129 1.10964 1.02848 
1.0636 1.09665 1.04478 
1.00958 1.05295 0.992222 
1.02806 1.03743 0.924144 
1.13321 1.0678 0.863882 
1.29071 1.11884 0.802951 
1.41915 1.1336 0.716066 
1.41927 1.05257 0.584131 
1.23721 0.856287 0.415037 
0.914767 0.590175 0.246725 
0.571233 0.34207 0.125999 
0.322936 0.184367 0.0774001 
0.209263 0.128766 0.0873481 
0.188316 0.132549 0.11792 
0.198115 0.148466 0.140753 
0.218804 0.169947 0.162408 
0.277418 0.229638 0.217184 
0.403153 0.360768 0.336147 
0.597208 0.574174 0.531109 
0.858188 0.881126 0.814251 
1.22039 1.31939 1.21681 
1.72413 1.91362 1.75258 
2.31505 2.58074 2.34241 
2.78501 3.09254 2.79656 
2.86425 3.18566 2.9168 
2.42214 2.75364 2.64162 
1.5977 1.94415 2.08681 
0.730447 1.06668 1.44258 
0.152658 0.405477 0.852621 
0.0200421 0.105479 0.404385 
0.284525 0.180998 0.194075 
0.765321 0.557434 0.319683 
1.23062 1.07353 0.76264 
1.47086 1.49303 1.30423 
1.38668 1.60405 1.62717 
1.06102 1.3657 1.54677 
0.733618 0.959177 1.15204 
0.657193 0.669801 0.721789 
0.939507 0.698206 0.512234 
1.50614 1.06571 0.618046 
2.19959 1.66382 0.988009 
2.88973 2.34598 1.50318 
3.47564 2.95219 2.00796 
3.81068 3.28824 2.31083 
3.70323 3.17437 2.25136 
3.07209 2.59732 1.84303 
2.1253 1.82638 1.35102 
1.32529 1.30671 1.15485 
1.07383 1.33267 1.44128 
1.36262 1.76731 1.99108 
1.7454 2.10884 2.3041 
1.71512 1.90712 2.00882 
1.15737 1.16956 1.19987 
0.44427 0.364774 0.37419 
0.0782542 0.00791767 0.00929596 
0.240468 0.221629 0.176816 
0.670708 0.676263 0.540204 
0.948151 0.923396 0.69812 
0.86049 0.773141 0.520924 
0.528915 0.389458 0.196595 
0.247419 0.0964452 0.0227672 
0.242175 0.127332 0.18351 
0.54419 0.506199 0.670229 
1.00801 1.07444 1.32274 
1.41212 1.58692 1.90679 
1.58527 1.83368 2.20688 
1.51778 1.76345 2.14097 
1.39428 1.54464 1.84202 
1.49619 1.48809 1.61266 
2.0138 1.84745 1.74037 
2.90102 2.6323 2.29469 
3.88848 3.58111 3.06499 
4.64232 4.3167 3.68948 
4.94019 4.56288 3.87543 
4.74335 4.26865 3.55202 
4.15247 3.58128 2.86866 
3.32629 2.72964 2.07446 
2.43358 1.91847 1.384 
1.63518 1.28237 0.909765 
1.05442 0.881199 0.668286 
0.731408 0.705115 0.618554 
0.605487 0.685705 0.695392 
0.558006 0.724455 0.827172 
0.486184 0.730988 0.941979 
0.350872 0.64973 0.970295 
0.177842 0.470671 0.858474 
0.0359949 0.237225 0.602851 
0.00965429 0.04632 0.283368 
0.155752 0.0114202 0.0472668 
0.452634 0.185099 0.0219214 
0.789904 0.501116 0.214625 
1.03628 0.80749 0.496862 
1.13893 0.979263 0.703214 
1.15331 1.00703 0.758301 
1.1652 0.9733 0.711561 
1.18723 0.94695 0.655334 
1.14433 0.91185 0.621791 
0.96203 0.800262 0.565547 
0.657737 0.583425 0.436503 
0.338869 0.317567 0.252767 
0.118273 0.103104 0.0954652 
0.0364443 0.00682183 0.0376594 
0.0550998 0.021825 0.0834887 
0.107154 0.0896608 0.172376 
0.14672 0.150956 0.233971 
0.164749 0.17924 0.237747 
0.176716 0.181412 0.199249 
0.20478 0.178779 0.151907 
0.266324 0.18916 0.118494 
0.366107 0.217777 0.102596 
0.487344 0.253511 0.0945302 
0.587742 0.270393 0.0798052 
0.614156 0.241362 0.0494497 
0.537025 0.162918 0.0131099 
0.379355 0.069046 0.00160876 
0.20796 0.0114821 0.0440197 
0.0869847 0.0163263 0.132678 
0.0351797 0.0598572 0.215577 
0.0270188 0.0922784 0.235088 
0.0303514 0.0858863 0.179102 
0.0364366 0.0568975 0.0916626 
0.0553996 0.042848 0.0340093 
0.0938506 0.0671475 0.0398969 
0.144669 0.127073 0.105387 
0.193906 0.204603 0.205792 
0.229197 0.277287 0.309302 
0.242488 0.32251 0.381259 
0.233523 0.326531 0.396323 
0.214967 0.298201 0.35921 
0.209048 0.269076 0.308577 
0.23295 0.271873 0.290222 
0.286389 0.316272 0.32277 
0.354147 0.385587 0.389069 
0.418808 0.45341 0.456263 
0.468892 0.499647 0.498572 
0.49586 0.512327 0.502501 
0.4867 0.480866 0.459564 
0.42403 0.39526 0.364247 
0.301147 0.259112 0.225856 
0.145266 0.108084 0.0838822 
0.0240162 0.00985556 0.00337799 
0.011405 0.0268844 0.0361216 
0.126834 0.160169 0.169754 
0.302919 0.328736 0.317664 
0.426044 0.421031 0.377894 
0.422805 0.381663 0.316371 
0.312282 0.250395 0.190692 
0.17675 0.115505 0.0874673 
0.0875505 0.0349608 0.0423113 
0.0603138 0.00671858 0.0287055 
0.0683656 0.00312063 0.0153788 
0.0804236 0.0119553 0.0110657 
0.0808616 0.035754 0.0418543 
0.0676736 0.0659159 0.0993882 
0.0460027 0.077765 0.134561 
0.0247773 0.056223 0.109406 
0.0124451 0.0181166 0.0449141 
0.0134623 0.00175862 0.00624515 
0.0299092 0.0319235 0.0373074 
0.0612622 0.091975 0.11124 
0.0952808 0.129992 0.15082 
0.10592 0.103514 0.109291 
0.0793259 0.0327465 0.0377055 
0.0453858 0.00232969 0.0552773 
0.0572936 0.0791393 0.220353 
0.117252 0.213621 0.425625 
0.146446 0.259118 0.467718 
0.0806332 0.142028 0.272219 
0.00186282 0.00665393 0.0343366 
0.108737 0.115904 0.0605267 
0.491164 0.552451 0.428951 
0.956867 1.05624 0.856183 
1.16264 1.2383 0.96847 
0.949951 0.967856 0.689504 
0.50353 0.488887 0.289157 
0.14399 0.136714 0.0521202 
0.0111615 0.0139242 0.000798261 
0.00701985 0.00143652 0.000474669 
0.00657185 0.0137304 0.0352472 
0.0177279 0.110316 0.231394 
0.104452 0.337615 0.607776 
0.23947 0.578521 0.94591 
0.313648 0.64881 0.994617 
0.26785 0.502237 0.739644 
0.151591 0.265583 0.391093 
0.0515576 0.0863288 0.144205 
0.00977347 0.0102389 0.0346713 
0.0187267 0.00403639 0.00490035 
0.0559899 0.0292659 0.00990705 
0.103937 0.0673134 0.0304573 
0.152002 0.110368 0.0526265 
0.18598 0.15031 0.0746046 
0.175878 0.162725 0.0972738 
0.117398 0.120799 0.0971231 
0.129105 0.0697133 0.0588421 
0.441094 0.14827 0.0316257 
1.13575 0.417923 0.0638184 
1.8675 0.661525 0.0804684 
2.02315 0.54287 0.00898796 
1.3538 0.129815 0.157751 
0.399283 0.127424 1.2671 
0.0662171 1.27452 3.79136 
0.693335 3.38878 7.00759 
1.66099 5.2164 9.14356 
2.03474 5.4677 8.7612 
1.51253 4.00737 6.08137 
0.622308 1.92021 2.81001 
0.0651275 0.450194 0.64185 
0.0496862 0.0108623 0.0179844 
0.286663 0.178934 0.241389 
0.43565 0.376322 0.472514 
0.404759 0.372064 0.413284 
0.290839 0.247153 0.212777 
0.199185 0.133767 0.0623691 
0.165671 0.0822204 0.00933351 
