0.329133 0.322775 0.375614 
0.192061 0.234803 0.362058 
0.0534623 0.128629 0.314548 
0.00160673 0.081974 0.281867 
0.125064 0.17151 0.312179 
0.467477 0.433597 0.427081 
0.999213 0.841536 0.60869 
1.62106 1.31137 0.806482 
2.19842 1.73312 0.959513 
2.60915 2.01146 1.02187 
2.7829 2.09699 0.978926 
2.71625 1.99572 0.848364 
2.46151 1.75672 0.668338 
2.09893 1.44762 0.480604 
1.70742 1.1306 0.316783 
1.34515 0.847946 0.192299 
1.04382 0.619442 0.107974 
0.813045 0.447966 0.0561795 
0.648392 0.327702 0.0277225 
0.538124 0.250439 0.0166221 
0.46703 0.208387 0.0215861 
0.418746 0.194375 0.0445004 
0.378459 0.201305 0.0872667 
0.336536 0.222226 0.148696 
0.291732 0.251202 0.22287 
0.251743 0.284124 0.299533 
0.229782 0.318488 0.366161 
0.237863 0.351836 0.410713 
0.279543 0.379682 0.424164 
0.345564 0.394438 0.402395 
0.414879 0.386659 0.347493 
0.461217 0.348819 0.26859 
0.462896 0.280272 0.181935 
0.411955 0.190926 0.109339 
0.318707 0.101117 0.0740815 
0.20945 0.0365167 0.0942621 
0.117768 0.019278 0.175202 
0.0727695 0.0589092 0.304136 
0.0891943 0.147344 0.450712 
0.163833 0.261274 0.57497 
0.279688 0.371343 0.640845 
0.415302 0.453938 0.629696 
0.553783 0.499481 0.547353 
0.686465 0.512928 0.420923 
0.809782 0.506842 0.287013 
0.918693 0.492055 0.177768 
1.00245 0.472282 0.112013 
1.04673 0.445849 0.0949558 
1.04131 0.412282 0.124023 
0.988007 0.377748 0.194697 
0.903158 0.354426 0.301452 
0.812689 0.353931 0.433985 
0.74335 0.380225 0.573833 
0.716135 0.428471 0.697013 
0.745826 0.492044 0.783916 
0.845204 0.573327 0.831467 
1.02828 0.689984 0.859449 
1.30717 0.870404 0.905354 
1.68214 1.13873 1.0088 
2.12997 1.49687 1.19278 
2.59882 1.91359 1.45106 
3.0147 2.32712 1.74725 
3.29925 2.66111 2.02555 
3.392 2.84711 2.22748 
3.26865 2.84458 2.30801 
2.94833 2.65166 2.2462 
2.48794 2.30405 2.04867 
1.96603 1.86405 1.74652 
1.46204 1.40382 1.38752 
1.0372 0.988013 1.02524 
0.722484 0.660215 0.707337 
0.516747 0.436476 0.465851 
0.394788 0.307501 0.312387 
0.322109 0.24811 0.23968 
0.270175 0.229835 0.228462 
0.225747 0.231054 0.255909 
0.190469 0.240293 0.301414 
0.171957 0.252338 0.347657 
0.172537 0.26134 0.378723 
0.183302 0.257119 0.379473 
0.187814 0.228577 0.339339 
0.173116 0.172413 0.259411 
0.140098 0.100371 0.157417 
0.105041 0.0379395 0.0647528 
0.0899969 0.0128931 0.0143165 
0.107882 0.0396954 0.0247434 
0.152615 0.10983 0.0904108 
0.201569 0.195012 0.18386 
0.22894 0.261714 0.269492 
0.220773 0.287763 0.320135 
0.181437 0.270751 0.326822 
0.128054 0.224405 0.297595 
0.0784171 0.167639 0.248877 
0.0419353 0.115046 0.19672 
0.0192474 0.0743135 0.152822 
0.00812599 0.049036 0.12456 
0.00833894 0.0412684 0.115206 
0.0205354 0.0503149 0.122452 
0.0412962 0.0700149 0.137737 
0.0611897 0.0898263 0.150177 
0.0700954 0.101665 0.154809 
0.0663107 0.107611 0.158944 
0.0605517 0.120311 0.179139 
0.068893 0.15275 0.22783 
0.0984211 0.203869 0.298462 
0.137451 0.252632 0.362281 
0.160502 0.268617 0.38313 
0.146807 0.23417 0.342455 
0.0988589 0.161865 0.256362 
0.0452284 0.0917141 0.169674 
0.0228536 0.0666963 0.128001 
0.0502587 0.102365 0.146229 
0.111735 0.172995 0.196684 
0.165718 0.226386 0.227511 
0.172964 0.218987 0.20014 
0.124995 0.147595 0.12006 
0.0523952 0.0552995 0.0387962 
0.00666077 0.00683163 0.0245165 
0.0278572 0.0493022 0.120033 
0.119699 0.183611 0.315067 
0.247595 0.363699 0.549465 
0.359133 0.52207 0.743751 
0.412349 0.604161 0.837265 
0.394376 0.591286 0.812264 
0.32174 0.501899 0.693714 
0.226139 0.375218 0.529958 
0.136967 0.250011 0.368426 
0.070635 0.150398 0.239315 
0.0297932 0.0830889 0.152023 
0.00905554 0.0429399 0.100989 
0.00161707 0.0207103 0.074295 
0.0031634 0.00856286 0.0601197 
0.0126382 0.00220878 0.0497551 
0.031201 0.000783272 0.0383558 
0.0605988 0.00574886 0.0248328 
0.10142 0.019378 0.0113234 
0.151465 0.0429518 0.00194808 
0.204824 0.0750645 0.000727641 
0.252442 0.110803 0.00924159 
0.284412 0.142467 0.0251298 
0.293262 0.161832 0.0424038 
0.276768 0.163137 0.0537531 
0.238934 0.145506 0.0539615 
0.188632 0.113627 0.0427402 
0.136497 0.0761695 0.0252756 
0.0914614 0.0424665 0.00980927 
0.0584353 0.0189201 0.00325443 
0.0381116 0.00692819 0.00725404 
0.0287689 0.003494 0.0171686 
0.0288808 0.00421863 0.0249295 
0.0388042 0.00687891 0.0242952 
0.0603223 0.0132767 0.0153366 
0.094186 0.0280108 0.00520751 
0.137262 0.0547919 0.00444544 
0.181447 0.0926401 0.0208576 
0.215633 0.134568 0.054645 
0.230139 0.169892 0.0977033 
0.221299 0.189009 0.137463 
0.193542 0.187862 0.162883 
0.157539 0.169481 0.169075 
0.125314 0.141813 0.158218 
0.104934 0.113388 0.136892 
0.0976777 0.0895502 0.112124 
0.09895 0.0713099 0.0886514 
0.101914 0.0568913 0.0685525 
0.10131 0.0442962 0.0524775 
0.0952904 0.0329327 0.0409129 
0.0849238 0.0236095 0.0344937 
0.0728698 0.0177019 0.03356 
0.0629059 0.016699 0.0377213 
0.0604783 0.0223636 0.0457972 
0.0726238 0.0365577 0.0558445 
0.10548 0.0598166 0.0649949 
0.159681 0.0892174 0.0695273 
0.226615 0.117556 0.0660069 
0.289163 0.135565 0.0535665 
0.327997 0.136619 0.0358964 
0.330407 0.120921 0.0208352 
0.296265 0.0959004 0.0167893 
0.237364 0.0721596 0.0278363 
0.170879 0.0577014 0.0509776 
0.111491 0.0544533 0.0778038 
0.0668864 0.0591171 0.0995369 
0.0381035 0.0669218 0.111842 
0.0226099 0.0750673 0.116308 
0.0171333 0.0838345 0.11853 
0.01904 0.0958393 0.125211 
0.0270069 0.114894 0.142218 
0.0415814 0.144639 0.172981 
0.0646233 0.185708 0.215438 
0.0963199 0.231427 0.258227 
0.13093 0.265441 0.280642 
0.155524 0.266362 0.261113 
0.155636 0.220712 0.192818 
0.126428 0.13749 0.0965184 
0.0814239 0.052368 0.0180365 
0.0496492 0.0134838 0.00615763 
0.0592854 0.053599 0.0818532 
0.117172 0.16587 0.219665 
0.199362 0.301611 0.356933 
0.262075 0.394976 0.427929 
0.267903 0.400298 0.401366 
0.209949 0.317738 0.29619 
0.116913 0.190361 0.165742 
0.0352989 0.0756743 0.0628884 
0.00113126 0.0119628 0.0111451 
0.0202847 0.00149034 3.33532e-05 
0.0692644 0.0186363 0.00336562 
0.11329 0.0330791 0.00307166 
0.127658 0.0298752 0.000390507 
0.108784 0.014255 0.00923388 
0.0708362 0.0021685 0.0409489 
0.0338634 0.00688651 0.0940583 
0.0127458 0.0314682 0.155478 
0.0125571 0.069695 0.209387 
0.0300099 0.11155 0.245389 
0.0574193 0.148094 0.260909 
0.0861973 0.17351 0.258747 
0.109006 0.18507 0.243613 
0.120951 0.182453 0.219946 
0.120194 0.167038 0.190938 
0.108107 0.141373 0.158208 
0.0890668 0.109214 0.122581 
0.0698975 0.0762061 0.0862712 
0.0584595 0.0500458 0.0548424 
0.0608009 0.0384116 0.0361467 
0.0774658 0.0445961 0.0354847 
0.101347 0.063736 0.0503452 
0.119784 0.083616 0.0698743 
0.121057 0.0910927 0.080882 
0.101545 0.0801795 0.076196 
0.0682478 0.0555504 0.0584818 
0.0343846 0.0285547 0.0365175 
0.0112655 0.00922327 0.0179376 
0.00278969 0.0011651 0.00555754 
0.00646472 0.00315278 0.000137697 
0.0189466 0.0144939 0.00514939 
0.0403481 0.0377694 0.0266707 
0.0735967 0.0758896 0.0670863 
0.120684 0.127158 0.119176 
0.180766 0.184754 0.168523 
0.252304 0.242359 0.204342 
0.335878 0.300203 0.229197 
0.432346 0.363945 0.257122 
0.535878 0.435532 0.299862 
0.628328 0.504296 0.353054 
0.682793 0.548302 0.395789 
0.677033 0.547246 0.405274 
0.607707 0.496839 0.373944 
0.49385 0.412014 0.313642 
0.366153 0.316074 0.24383 
