0.611034 1.14686 1.48147 
1.16693 1.79279 2.19571 
1.70043 2.23406 2.57105 
2.04251 2.34758 2.50286 
2.10294 2.15631 2.09383 
1.89774 1.78025 1.5492 
1.539 1.36641 1.05414 
1.18833 1.04117 0.715142 
0.982795 0.882661 0.562592 
0.978648 0.909436 0.57686 
1.16207 1.09896 0.720997 
1.50699 1.42604 0.972558 
1.99222 1.86905 1.32582 
2.5323 2.35293 1.74219 
2.90769 2.69191 2.09142 
2.83544 2.64376 2.17449 
2.1908 2.09191 1.85892 
1.19057 1.20662 1.22368 
0.321334 0.398891 0.557936 
0.0153927 0.0540065 0.175779 
0.335117 0.254373 0.19216 
0.942056 0.733529 0.456053 
1.37177 1.0968 0.692924 
1.366 1.10808 0.719089 
0.994378 0.809514 0.547086 
0.518241 0.419745 0.327004 
0.167027 0.145289 0.213544 
0.0157236 0.0649054 0.273991 
0.00863727 0.13298 0.474162 
0.0490033 0.245429 0.711714 
0.0686153 0.305985 0.867365 
0.0547133 0.274402 0.867948 
0.0469138 0.192224 0.742383 
0.108854 0.165813 0.62318 
0.277772 0.296499 0.665718 
0.521163 0.597041 0.930474 
0.742266 0.964265 1.32345 
0.840633 1.23913 1.6511 
0.780292 1.30837 1.74817 
0.607689 1.16628 1.57694 
0.408769 0.896652 1.23037 
0.248338 0.605766 0.857092 
0.141844 0.367427 0.579014 
0.0726889 0.212996 0.454392 
0.0312903 0.154145 0.487466 
0.043832 0.206309 0.654033 
0.169786 0.389755 0.916403 
0.461718 0.704025 1.22132 
0.901884 1.09078 1.49086 
1.36007 1.41854 1.62549 
1.62792 1.52457 1.53663 
1.53994 1.31283 1.20487 
1.10621 0.845281 0.724467 
0.538509 0.338275 0.281642 
0.119502 0.0353855 0.0546639 
0.00385938 0.0396539 0.097159 
0.118087 0.243775 0.300195 
0.248691 0.42471 0.474006 
0.237675 0.424246 0.486757 
0.106713 0.25931 0.345755 
0.00565473 0.0749848 0.161172 
0.0507631 0.000136611 0.0398267 
0.212934 0.0444556 0.00977471 
0.351908 0.11819 0.0302732 
0.348671 0.133996 0.0549489 
0.209055 0.0871217 0.0779308 
0.0558554 0.0504026 0.12734 
0.0302182 0.104395 0.226369 
0.187513 0.268484 0.362988 
0.460825 0.482668 0.490248 
0.70777 0.645009 0.551845 
0.801911 0.674715 0.514513 
0.707327 0.55989 0.388494 
0.491072 0.361428 0.223857 
0.272431 0.17351 0.0838922 
0.150223 0.0697964 0.0123784 
0.157485 0.0706411 0.015686 
0.262846 0.145701 0.0676952 
0.401262 0.239614 0.128554 
0.506696 0.300172 0.163997 
0.534379 0.298151 0.158906 
0.473554 0.236619 0.122988 
0.349421 0.146868 0.0845671 
0.209253 0.0694433 0.0715069 
0.0968425 0.0298513 0.0906342 
0.0321595 0.0269612 0.123623 
0.0101303 0.0426726 0.144577 
0.0148462 0.0614458 0.143263 
0.0339637 0.0810599 0.132965 
0.0640937 0.109104 0.139312 
0.109403 0.154809 0.184256 
0.177189 0.224614 0.277656 
0.269618 0.318976 0.41487 
0.37352 0.426477 0.574479 
0.458468 0.521285 0.719595 
0.491288 0.573323 0.810926 
0.458597 0.567618 0.828255 
0.377152 0.515962 0.783436 
0.282343 0.44971 0.712787 
0.207388 0.401634 0.656044 
0.171933 0.392733 0.639028 
0.182131 0.427825 0.666711 
0.229508 0.491647 0.720211 
0.285045 0.544781 0.755854 
0.304161 0.534237 0.718287 
0.254954 0.427653 0.57525 
0.151862 0.249678 0.353814 
0.0570908 0.0808151 0.139634 
0.0360654 0.00527475 0.0246057 
0.101911 0.0462758 0.0392797 
0.202127 0.147675 0.12976 
0.262296 0.220945 0.202544 
0.245858 0.21467 0.197698 
0.176408 0.145251 0.126301 
0.110822 0.0702489 0.046667 
0.0980939 0.0404057 0.0121605 
0.160245 0.0753592 0.0404777 
0.296111 0.170692 0.120213 
0.485132 0.310395 0.230752 
0.682573 0.465781 0.349224 
0.823389 0.591553 0.446092 
0.849637 0.639275 0.488603 
0.746794 0.586063 0.458384 
0.556143 0.452724 0.36687 
0.348951 0.291855 0.250446 
0.183795 0.155201 0.147697 
0.0814116 0.0677065 0.0785804 
0.0304955 0.0253046 0.0410361 
0.00945102 0.0103897 0.0228177 
0.00255539 0.00816072 0.015494 
0.00386536 0.014226 0.0210668 
0.0156062 0.0343931 0.0501444 
0.046041 0.0797012 0.114358 
0.104058 0.157312 0.215804 
0.188701 0.259801 0.338175 
0.280877 0.360666 0.446772 
0.347687 0.423173 0.501513 
0.360074 0.419734 0.477475 
0.311335 0.348817 0.379846 
0.221944 0.237025 0.242858 
0.127376 0.125182 0.113575 
0.0586444 0.0483738 0.0309953 
0.0284547 0.0215859 0.011471 
0.0292744 0.0364945 0.0451553 
0.0415005 0.0684147 0.102551 
0.0459839 0.0895474 0.148152 
0.0348276 0.083434 0.156982 
0.0153267 0.0540979 0.127315 
0.0047046 0.0240753 0.0820291 
0.0185201 0.0210897 0.05592 
0.0601304 0.0608276 0.075258 
0.117947 0.136544 0.141821 
0.171492 0.221801 0.231185 
0.20164 0.284134 0.305953 
0.199127 0.301279 0.335553 
0.167693 0.270928 0.310915 
0.121082 0.209316 0.246133 
0.0755649 0.140437 0.167566 
0.0421109 0.0833155 0.0987159 
0.0230283 0.0454344 0.0509698 
0.014775 0.0250608 0.0245214 
0.0135347 0.0180201 0.0153328 
0.018329 0.0221443 0.0206613 
0.0299041 0.0368182 0.0394601 
0.0480099 0.0602619 0.0695832 
0.0700172 0.0879175 0.105393 
0.0911251 0.112702 0.13757 
0.105256 0.126614 0.155548 
0.106909 0.123846 0.152517 
0.0942193 0.104741 0.130721 
0.0711615 0.077289 0.102096 
0.0460377 0.0530596 0.081168 
0.0265487 0.0395054 0.074476 
0.0154418 0.0351438 0.0757793 
0.0102507 0.0321138 0.0719841 
0.00682872 0.0238761 0.0548707 
0.00362547 0.0116616 0.0288763 
0.0036239 0.00489186 0.00936153 
0.0122393 0.0151463 0.0131064 
0.0321123 0.0472239 0.0470227 
0.0593158 0.0935692 0.101865 
0.0857052 0.137427 0.155802 
0.105566 0.163208 0.186707 
0.11815 0.164946 0.184459 
0.122383 0.145692 0.153963 
0.112591 0.111858 0.108751 
0.0852236 0.0715734 0.0632719 
0.0496276 0.0365467 0.0289371 
0.0244818 0.018212 0.0118119 
0.0190693 0.018932 0.0120827 
0.0253816 0.034222 0.031418 
0.0386467 0.0711568 0.0851775 
0.0799899 0.156379 0.198013 
0.177574 0.304995 0.369293 
0.313187 0.472845 0.538459 
0.403872 0.559494 0.605831 
0.367051 0.489626 0.515564 
0.215609 0.300794 0.322952 
0.0710747 0.131222 0.159699 
0.0601913 0.0995882 0.115977 
0.195073 0.196823 0.162125 
0.364508 0.306669 0.197618 
0.443026 0.32905 0.168607 
0.398309 0.268039 0.116451 
0.293407 0.198796 0.109197 
0.205599 0.172236 0.151386 
0.161527 0.172517 0.183009 
0.142354 0.157881 0.156521 
0.124918 0.115439 0.0882709 
0.103827 0.0659049 0.0292573 
0.0841465 0.0313369 0.00663166 
0.0687365 0.0150818 0.00846073 
0.055412 0.00894964 0.0129272 
0.0403512 0.00591007 0.0124325 
0.0225854 0.00330433 0.0100894 
0.00711938 0.00166364 0.009054 
0.00143448 0.00326996 0.0111842 
0.0059798 0.00829957 0.0172693 
0.0127741 0.0140964 0.0246244 
0.0193772 0.0239714 0.0317512 
0.0376366 0.0516658 0.0462724 
0.0748859 0.102692 0.0759526 
0.108656 0.150533 0.107488 
0.10156 0.151775 0.110698 
0.0526126 0.0981206 0.0766063 
0.014033 0.0360077 0.0352289 
0.0318434 0.0116728 0.0147863 
0.079096 0.0117714 0.0046145 
0.0836971 0.00149979 0.0107238 
0.0317875 0.0286731 0.155025 
0.00567858 0.231594 0.640765 
0.0834314 0.679294 1.52436 
0.220707 1.21191 2.51517 
0.285516 1.51149 3.09263 
0.224358 1.38216 2.9123 
0.14819 0.943943 2.1107 
0.210024 0.514529 1.18138 
0.413285 0.30799 0.549517 
0.589571 0.282032 0.285459 
0.577291 0.268114 0.200878 
0.386837 0.186149 0.132523 
0.167782 0.0919329 0.0726937 
0.0429032 0.0551788 0.0708317 
0.0130391 0.063809 0.111473 
0.0127623 0.063761 0.131856 
0.00711748 0.0426047 0.110992 
0.00796718 0.0327757 0.0846221 
0.0251387 0.0502742 0.0804425 
0.0422834 0.0701422 0.0823789 
0.0423343 0.0656845 0.0669591 
0.0299797 0.0424908 0.0411078 
