0.0509827 0.343066 
0.266447 0.853349 
0.58635 1.4653 
0.86376 1.96064 
0.964 2.14944 
0.838154 1.95984 
0.555109 1.47419 
0.264783 0.88495 
0.109264 0.392744 
0.136963 0.107724 
0.277687 0.0151569 
0.397664 0.0232648 
0.398285 0.0549351 
0.290316 0.115087 
0.190872 0.284407 
0.243674 0.644484 
0.51628 1.18974 
0.943548 1.7918 
1.35471 2.24569 
1.56587 2.37164 
1.47964 2.10993 
1.13349 1.55322 
0.675243 0.901359 
0.287788 0.369993 
0.109425 0.104527 
0.188358 0.139373 
0.483065 0.410379 
0.89464 0.80045 
1.30761 1.18896 
1.62207 1.48454 
1.77207 1.63682 
1.73323 1.63377 
1.5229 1.49353 
1.19383 1.25534 
0.820763 0.970557 
0.481792 0.692885 
0.239444 0.469026 
0.1276 0.331648 
0.148085 0.296514 
0.276442 0.363518 
0.472844 0.519526 
0.692929 0.740459 
0.894986 0.991494 
1.04291 1.22679 
1.10725 1.39229 
1.0678 1.43505 
0.919925 1.32008 
0.683318 1.04994 
0.407909 0.678234 
0.169655 0.306195 
0.0517158 0.0568313 
0.113818 0.0313868 
0.361613 0.264474 
0.732591 0.699845 
1.11089 1.20311 
1.36981 1.6111 
1.42468 1.79777 
1.2695 1.72511 
0.976789 1.45327 
0.659392 1.10477 
0.414853 0.803376 
0.283901 0.62122 
0.245567 0.561577 
0.248347 0.581246 
0.254039 0.632517 
0.264015 0.694957 
0.311182 0.777705 
0.425245 0.895268 
0.597275 1.03797 
0.769695 1.16049 
0.860559 1.19808 
0.80864 1.10104 
0.613158 0.866703 
0.345613 0.550534 
0.127052 0.250353 
0.0813798 0.0713756 
0.284951 0.0869819 
0.732172 0.309881 
1.32937 0.683277 
1.91937 1.09528 
2.32998 1.41343 
2.43167 1.5297 
2.18503 1.40089 
1.6593 1.06798 
1.01196 0.644002 
0.434304 0.272235 
0.0832968 0.071112 
0.0276548 0.0895947 
0.230546 0.293073 
0.574807 0.585207 
0.91682 0.853484 
1.14292 1.0153 
1.20363 1.04316 
1.11477 0.960626 
0.932153 0.817116 
0.718111 0.659001 
0.517719 0.512951 
0.352511 0.386349 
0.227385 0.278033 
0.140493 0.188018 
0.0887088 0.119369 
0.0685732 0.0741629 
0.0774595 0.0507911 
0.117932 0.0475467 
0.202256 0.070028 
0.350168 0.134248 
0.57616 0.259083 
0.871247 0.450044 
1.19146 0.684804 
1.46433 0.912252 
1.61434 1.06922 
1.59571 1.10739 
1.41425 1.01566 
1.12567 0.825227 
0.810869 0.594925 
0.541912 0.385535 
0.356487 0.236947 
0.25221 0.158839 
0.199998 0.136681 
0.165911 0.146579 
0.128651 0.169272 
0.0850938 0.196324 
0.0443719 0.227449 
0.0169647 0.263044 
0.00628201 0.297839 
0.00705436 0.319805 
0.0102323 0.314844 
0.0107062 0.274566 
0.0132772 0.203018 
0.033624 0.118897 
0.0934137 0.0517568 
0.21112 0.0330228 
0.391904 0.0845895 
0.620729 0.20906 
0.862365 0.385772 
1.06977 0.575241 
1.19883 0.731397 
1.2238 0.817174 
1.14656 0.816696 
0.994915 0.738507 
0.810564 0.608898 
0.632982 0.459771 
0.487267 0.317915 
0.380907 0.200375 
0.308432 0.115444 
0.258521 0.0650409 
0.218749 0.0450262 
0.177609 0.0442944 
0.127303 0.0469916 
0.0698398 0.040658 
0.0235206 0.0270374 
0.0223075 0.0269604 
0.102452 0.0719891 
0.279751 0.18426 
0.530544 0.356228 
0.791364 0.545172 
0.982304 0.689304 
1.04334 0.737805 
0.962562 0.676665 
0.779049 0.534153 
0.559408 0.363252 
0.364077 0.213689 
0.224912 0.111939 
0.145456 0.0600512 
0.117942 0.0497789 
0.140141 0.078757 
0.218801 0.157227 
0.360298 0.303938 
0.560762 0.538587 
0.806991 0.877717 
1.08709 1.33291 
1.39776 1.90351 
1.73574 2.5594 
2.07543 3.22196 
2.35155 3.76178 
2.46901 4.02869 
2.34526 3.91053 
1.96436 3.39345 
1.40622 2.58681 
0.824267 1.69062 
0.376806 0.915966 
0.150032 0.399115 
0.12056 0.156234 
0.182679 0.102377 
0.224303 0.120074 
0.203209 0.133928 
0.174173 0.146953 
0.249254 0.221159 
0.516737 0.420597 
0.97059 0.756327 
1.49498 1.16743 
1.9135 1.54646 
2.07359 1.79001 
1.91811 1.84331 
1.50682 1.71599 
0.982051 1.46668 
0.502347 1.17114 
0.180522 0.893334 
0.0527897 0.670961 
0.0848844 0.515648 
0.202722 0.420835 
0.328391 0.370488 
0.406599 0.345897 
0.415618 0.3307 
0.36405 0.314202 
0.278325 0.291727 
0.187188 0.261417 
0.110148 0.219988 
0.0560425 0.162607 
0.0337592 0.0906175 
0.0696834 0.0247821 
0.219571 0.0148337 
0.561768 0.134353 
1.16701 0.456244 
2.05438 1.01583 
3.15477 1.77868 
4.30485 2.63182 
5.28202 3.40754 
5.87142 3.93408 
5.93868 4.09325 
5.47723 3.86103 
4.60918 3.31364 
3.53932 2.59642 
2.48238 1.86893 
1.59501 1.25024 
0.940654 0.788104 
0.499694 0.464788 
0.215443 0.234604 
0.0494644 0.0719517 
0.015379 0.00217626 
0.171808 0.0958817 
0.577523 0.427362 
1.23388 1.0192 
2.04878 1.80524 
2.84665 2.63577 
3.42443 3.32618 
3.62828 3.72577 
3.41386 3.77296 
2.86179 3.51112 
2.14371 3.0619 
1.45853 2.57401 
0.97005 2.17438 
0.77091 1.9413 
0.880269 1.90349 
1.26517 2.05549 
1.86751 2.37509 
2.62123 2.83248 
3.45409 3.38794 
4.27856 3.98203 
4.98337 4.52658 
5.4388 4.90753 
