0.0403283 0.114338 
0.178762 0.379083 
0.338295 0.666873 
0.411817 0.846828 
0.381128 0.882715 
0.312104 0.84407 
0.28958 0.84422 
0.392015 0.991614 
0.728883 1.38834 
1.44214 2.11234 
2.58668 3.12787 
3.96563 4.19133 
5.11157 4.89345 
5.50896 4.87965 
4.92311 4.10156 
3.57642 2.88579 
2.02762 1.74699 
0.848565 1.0844 
0.332289 0.981852 
0.406844 1.22529 
0.760245 1.48245 
1.05521 1.50246 
1.09679 1.22351 
0.881441 0.760633 
0.537712 0.313245 
0.221655 0.0563433 
0.0361473 0.0686813 
0.00753853 0.318045 
0.105664 0.690041 
0.271534 1.03382 
0.433753 1.20983 
0.523616 1.13859 
0.502589 0.842077 
0.38991 0.44865 
0.25748 0.13411 
0.179088 0.0156987 
0.169861 0.0715866 
0.175611 0.162121 
0.132547 0.154279 
0.0458527 0.052817 
0.00730169 0.0187049 
0.125802 0.246157 
0.43043 0.797209 
0.834326 1.53421 
1.19201 2.20494 
1.40274 2.60753 
1.48289 2.70975 
1.56009 2.64797 
1.79028 2.62002 
2.23777 2.74345 
2.78878 2.96365 
3.17416 3.07424 
3.12095 2.85306 
2.54733 2.23347 
1.65387 1.38624 
0.827488 0.642182 
0.422615 0.30792 
0.575399 0.504592 
1.16092 1.12184 
1.88435 1.88346 
2.42663 2.46755 
2.57556 2.63394 
2.30286 2.3244 
1.75755 1.68713 
1.16919 0.989764 
0.715338 0.460583 
0.448385 0.172993 
0.329025 0.0608551 
0.310253 0.0309633 
0.373824 0.0513878 
0.492858 0.137942 
0.591691 0.280726 
0.576728 0.410428 
0.418857 0.444665 
0.195586 0.359678 
0.0371453 0.210026 
0.0217495 0.0805031 
0.117341 0.0221516 
0.219331 0.0297532 
0.243148 0.0694738 
0.187579 0.119333 
0.121268 0.182924 
0.115848 0.270941 
0.188586 0.377249 
0.297943 0.476662 
0.384116 0.5447 
0.412816 0.57677 
0.389212 0.58868 
0.342229 0.60262 
0.301322 0.634547 
0.283647 0.689916 
0.293648 0.762395 
0.328633 0.832221 
0.384392 0.869917 
0.456636 0.849531 
0.536566 0.763582 
0.605629 0.627323 
0.639529 0.469892 
0.624226 0.321131 
0.571747 0.202952 
0.519646 0.127899 
0.512249 0.104406 
0.577133 0.144942 
0.709169 0.265516 
0.864219 0.464843 
0.964861 0.693106 
0.92861 0.847421 
0.720461 0.823683 
0.400146 0.601054 
0.115248 0.285599 
0.021552 0.0568843 
0.176839 0.0444156 
0.490594 0.231496 
0.775865 0.468047 
0.868478 0.582341 
0.72651 0.500766 
0.443752 0.286354 
0.179891 0.0800027 
0.0650772 0.00122242 
0.139093 0.0804825 
0.348292 0.256327 
0.585464 0.42231 
0.743809 0.487624 
0.762418 0.422139 
0.650309 0.271557 
0.480918 0.138205 
0.35504 0.131336 
0.344912 0.305217 
0.449415 0.618247 
0.59244 0.944399 
0.671779 1.13918 
0.62742 1.12187 
0.478716 0.917917 
0.302241 0.632055 
0.171222 0.375669 
0.108757 0.20582 
0.0898902 0.116475 
0.0794945 0.0731526 
0.0635767 0.0494279 
0.0485385 0.0361129 
0.0421041 0.0302856 
0.0451711 0.0285653 
0.0625697 0.0334151 
0.113547 0.059266 
0.22281 0.125247 
0.396273 0.2386 
0.603094 0.382776 
0.781593 0.518396 
0.871027 0.597438 
0.856276 0.589466 
0.799169 0.512492 
0.824048 0.445433 
1.04465 0.495663 
1.46833 0.726248 
1.95333 1.09357 
2.27233 1.45446 
2.25173 1.64946 
1.88387 1.60072 
1.32462 1.34925 
0.783965 1.01147 
0.402278 0.701929 
0.202343 0.48324 
0.129889 0.364147 
0.123815 0.322466 
0.152908 0.32392 
0.205125 0.330549 
0.261242 0.309253 
0.288883 0.245854 
0.264482 0.156672 
0.201892 0.0862792 
0.159321 0.0885056 
0.211595 0.198151 
0.400138 0.40648 
0.692576 0.65416 
0.983728 0.85013 
1.14573 0.912249 
1.10019 0.809928 
0.865185 0.582539 
0.544 0.319554 
0.262988 0.113335 
0.102394 0.0143631 
0.0662942 0.0162779 
0.104965 0.0759918 
0.163182 0.149876 
0.213884 0.218405 
0.257086 0.284269 
0.297634 0.352193 
0.330829 0.41328 
0.34916 0.449211 
0.354684 0.448454 
0.353648 0.413051 
0.336315 0.349678 
0.276867 0.267412 
0.178739 0.205348 
0.132983 0.269005 
0.310751 0.61162 
0.84821 1.32455 
1.69335 2.30109 
2.55937 3.20958 
3.06568 3.65104 
2.98079 3.41086 
2.37234 2.60498 
1.54169 1.59559 
0.809841 0.750625 
0.339078 0.247284 
0.111745 0.0516858 
0.028566 0.0335938 
0.00649357 0.0816609 
0.00788389 0.140253 
0.0221653 0.189793 
0.0429718 0.219924 
0.054441 0.212292 
0.0386849 0.146207 
0.0376098 0.0658964 
0.257845 0.20308 
1.09156 1.01622 
2.89757 2.96058 
5.58839 6.01438 
8.36748 9.33289 
9.99884 11.4861 
9.58488 11.3146 
7.28761 8.81245 
4.32931 5.26011 
2.16952 2.38875 
1.50398 1.2142 
1.92072 1.49206 
2.45012 2.18072 
2.43608 2.39547 
1.93532 1.98231 
1.40218 1.33223 
1.12156 0.820754 
0.992549 0.503626 
0.780311 0.269692 
0.443996 0.116296 
0.156086 0.163846 
0.0559293 0.430057 
0.0838072 0.702173 
0.0955577 0.710422 
0.0918491 0.422042 
0.262775 0.117322 
0.778879 0.147736 
1.55677 0.616634 
2.25459 1.28861 
2.50998 1.78828 
2.20435 1.88273 
1.53923 1.61073 
0.891702 1.19776 
0.576568 0.870114 
0.672146 0.715779 
0.999943 0.667078 
1.25955 0.592707 
