0.298329 0.437769 
0.498697 0.807579 
0.766962 1.19451 
1.06246 1.50747 
1.30594 1.65422 
1.39516 1.56586 
1.25486 1.23863 
0.902088 0.767573 
0.472607 0.330919 
0.163123 0.107575 
0.110445 0.169284 
0.297608 0.429746 
0.569534 0.701524 
0.748821 0.822736 
0.751938 0.752935 
0.613049 0.56896 
0.422478 0.388196 
0.26937 0.306364 
0.246336 0.394434 
0.465434 0.707562 
0.994488 1.23819 
1.72867 1.83767 
2.34978 2.22547 
2.49601 2.15431 
2.0455 1.61891 
1.24377 0.893707 
0.517968 0.32447 
0.138692 0.0618349 
0.0596552 0.00566258 
0.0754381 0.00512912 
0.0970849 0.0761564 
0.243573 0.389626 
0.681912 1.05826 
1.42261 1.97408 
2.2838 2.86636 
3.02006 3.49111 
3.45722 3.7468 
3.52878 3.64296 
3.24736 3.22219 
2.68347 2.54572 
1.96119 1.72949 
1.23453 0.945865 
0.636133 0.359514 
0.234521 0.0531697 
0.0347707 0.0122532 
0.0164009 0.175893 
0.166813 0.497381 
0.469632 0.947835 
0.850308 1.45269 
1.14157 1.83296 
1.14725 1.85424 
0.804611 1.4044 
0.319774 0.672413 
0.115963 0.137407 
0.570475 0.304207 
1.72019 1.35139 
3.17913 2.96575 
4.35035 4.5022 
4.77355 5.34954 
4.35501 5.23937 
3.34893 4.31601 
2.15976 2.98397 
1.13251 1.68013 
0.445056 0.706109 
0.108816 0.167957 
0.0261731 0.00221736 
0.0598742 0.0497526 
0.0947518 0.143655 
0.0800697 0.180422 
0.0397722 0.149269 
0.0468067 0.112818 
0.175803 0.155979 
0.460287 0.33308 
0.876893 0.639953 
1.36245 1.02235 
1.84914 1.41107 
2.29059 1.75694 
2.65959 2.03933 
2.92613 2.24632 
3.04757 2.35399 
2.99345 2.33528 
2.78783 2.19568 
2.52455 1.99855 
2.32952 1.8467 
2.29435 1.82909 
2.4336 1.97536 
2.69454 2.25141 
3.00066 2.58965 
3.28829 2.92186 
3.51203 3.19089 
3.62631 3.34216 
3.56835 3.31342 
3.26813 3.04355 
2.6948 2.51032 
1.91562 1.78031 
1.11241 1.02489 
0.512154 0.460287 
0.258523 0.22937 
0.32165 0.311407 
0.529046 0.54267 
0.695839 0.73733 
0.741354 0.805224 
0.702839 0.774513 
0.665935 0.728799 
0.6972 0.739299 
0.822509 0.839761 
1.02396 1.02083 
1.2298 1.21716 
1.32688 1.31559 
1.22733 1.22035 
0.94664 0.936437 
0.605933 0.580297 
0.341263 0.291314 
0.209713 0.132518 
0.184953 0.0817573 
0.225406 0.102515 
0.318803 0.191931 
0.455786 0.349333 
0.586626 0.522397 
0.633027 0.616504 
0.549388 0.567464 
0.365302 0.398349 
0.165999 0.202901 
0.0337775 0.0779291 
0.00223898 0.0666015 
0.0545916 0.149092 
0.163397 0.275674 
0.341869 0.416054 
0.659805 0.591702 
1.191 0.861941 
1.9168 1.26321 
2.66924 1.74522 
3.18541 2.16374 
3.25313 2.3493 
2.84146 2.20728 
2.11636 1.77652 
1.33553 1.20618 
0.708009 0.672087 
0.314559 0.291994 
0.121384 0.0900565 
0.0481602 0.0191415 
0.0297783 0.0116662 
0.0397373 0.0215187 
0.0827819 0.0387957 
0.179683 0.0823558 
0.355916 0.183595 
0.629771 0.368674 
0.992788 0.639044 
1.38802 0.952775 
1.70687 1.22026 
1.82488 1.3323 
1.67023 1.21985 
1.28137 0.909807 
0.801062 0.525531 
0.396505 0.215681 
0.16066 0.0596831 
0.0726328 0.0282235 
0.0461144 0.0330098 
0.0183035 0.0190105 
0.000272953 0.0140258 
0.0498172 0.0922639 
0.197722 0.288599 
0.395783 0.543438 
0.53378 0.729892 
0.517125 0.746128 
0.351332 0.604874 
0.170555 0.451776 
0.174658 0.485587 
0.491915 0.813003 
1.04892 1.32969 
1.56378 1.73929 
1.7183 1.74803 
1.40658 1.31149 
0.838537 0.703855 
0.36911 0.298512 
0.195378 0.240915 
0.226876 0.349071 
0.259774 0.35912 
0.239357 0.24159 
0.295907 0.218401 
0.528765 0.464921 
0.83218 0.867128 
0.991478 1.13083 
0.920173 1.09715 
0.741271 0.880847 
0.651835 0.712521 
0.79781 0.751601 
1.31336 1.11111 
2.36678 1.95868 
3.99193 3.3974 
5.81518 5.15705 
7.06796 6.50853 
7.05655 6.68211 
5.73413 5.50272 
3.81516 3.62511 
2.27589 2.08843 
1.67403 1.56771 
1.86373 1.96947 
2.26733 2.64994 
2.3707 2.9655 
2.01626 2.66643 
1.36328 1.91194 
0.684018 1.04445 
0.198544 0.367244 
0.0065538 0.0370711 
0.0796294 0.0491314 
0.299015 0.279558 
0.545375 0.577114 
0.790273 0.862026 
1.09054 1.14489 
1.46238 1.43278 
1.7627 1.62291 
1.74405 1.5329 
1.28466 1.08359 
0.582134 0.457811 
0.0847503 0.0365232 
0.16963 0.119707 
0.83397 0.669355 
1.67422 1.31507 
2.17412 1.62652 
2.05789 1.42028 
1.43649 0.858561 
0.67715 0.29764 
0.14621 0.0424655 
0.0246209 0.193646 
0.282174 0.652716 
0.758939 1.22259 
1.25703 1.70475 
1.59388 1.94674 
1.63448 1.85974 
1.33586 1.44461 
0.79689 0.827084 
0.2603 0.255003 
0.0219285 0.0115834 
0.270343 0.263492 
0.953313 0.937511 
1.77344 1.72726 
2.3367 2.24919 
2.37012 2.25612 
1.87182 1.76895 
1.09958 1.04437 
0.412946 0.412283 
0.0758679 0.0986814 
0.136716 0.137663 
0.434849 0.394927 
0.706941 0.657512 
0.735497 0.741506 
0.482429 0.594011 
0.142327 0.354467 
0.0524679 0.309641 
0.471049 0.714838 
