0.208066 0.674181 1.31235 
0.243372 0.661941 1.26864 
0.188039 0.480579 0.960754 
0.0769816 0.222364 0.525989 
0.0129338 0.0416401 0.175948 
0.030884 0.00169749 0.0239336 
0.0626168 0.0335431 0.0216744 
0.0390728 0.0489578 0.0633943 
0.0077136 0.077256 0.13521 
0.125808 0.270416 0.346246 
0.52561 0.76307 0.810154 
1.17859 1.52154 1.4994 
1.88253 2.32217 2.21389 
2.38063 2.87809 2.69278 
2.51716 3.01398 2.77852 
2.32067 2.76576 2.51506 
1.96775 2.34564 2.11894 
1.65847 1.99949 1.84234 
1.48481 1.84641 1.80886 
1.37999 1.80644 1.9283 
1.18989 1.67785 1.96562 
0.823717 1.32441 1.74034 
0.371317 0.836684 1.31779 
0.0845177 0.526293 1.02574 
0.219649 0.730498 1.24751 
0.854191 1.5631 2.13044 
1.82027 2.80717 3.44147 
2.80748 4.04011 4.69748 
3.55207 4.89506 5.47572 
3.96627 5.25791 5.66357 
4.12315 5.26422 5.46679 
4.1358 5.13026 5.20024 
4.04582 4.97355 5.04864 
3.80618 4.75677 4.97512 
3.35191 4.36703 4.80873 
2.68422 3.73829 4.40337 
1.89956 2.91676 3.7389 
1.15027 2.03757 2.91548 
0.573754 1.2517 2.08172 
0.237052 0.660959 1.36437 
0.121308 0.292546 0.834821 
0.143587 0.109976 0.506902 
0.199987 0.0436013 0.349282 
0.2121 0.0267069 0.306929 
0.158262 0.0247807 0.330158 
0.0728702 0.0423334 0.396671 
0.0128865 0.0999726 0.506187 
0.0171574 0.200394 0.6507 
0.0926828 0.318446 0.794769 
0.230979 0.426201 0.893589 
0.417638 0.517963 0.929179 
0.608805 0.595835 0.917461 
0.712215 0.635305 0.878276 
0.639656 0.597567 0.818836 
0.41911 0.503914 0.76581 
0.24005 0.479073 0.794427 
0.322703 0.660608 0.97153 
0.69219 1.02539 1.23697 
1.10021 1.33701 1.37876 
1.23502 1.34202 1.20809 
1.04765 1.06119 0.804673 
0.845801 0.851817 0.549473 
1.01205 1.1079 0.828225 
1.60511 1.85543 1.64634 
2.25429 2.65468 2.54323 
2.4702 2.93705 2.92746 
2.07376 2.4713 2.5381 
1.34022 1.5353 1.61935 
0.755218 0.671877 0.688887 
0.640493 0.288842 0.154076 
0.9713 0.44245 0.105043 
1.47637 0.91031 0.380078 
1.86789 1.40708 0.75449 
2.00534 1.75028 1.07557 
1.91451 1.90117 1.29348 
1.70469 1.91633 1.43334 
1.46945 1.87193 1.5502 
1.23737 1.80572 1.67963 
0.993113 1.70395 1.80239 
0.734004 1.53336 1.85091 
0.49825 1.2837 1.75648 
0.332802 0.979562 1.49821 
0.239922 0.659391 1.11709 
0.172576 0.358639 0.697708 
0.0949198 0.120154 0.341118 
0.0417443 0.00562561 0.136931 
0.0988448 0.0668095 0.126445 
0.308179 0.284624 0.267336 
0.591999 0.542204 0.438982 
0.787511 0.687003 0.513915 
0.780785 0.652107 0.458326 
0.622964 0.530599 0.373932 
0.511313 0.516964 0.422713 
0.634012 0.744621 0.678761 
1.00793 1.15603 1.03591 
1.45505 1.52933 1.27006 
1.74025 1.64822 1.2179 
1.74427 1.4655 0.914037 
1.51972 1.11453 0.555834 
1.20068 0.771307 0.32831 
0.87824 0.513126 0.259765 
0.567693 0.308578 0.245385 
0.27508 0.12496 0.200993 
0.0605703 0.0164371 0.177079 
0.0134422 0.089415 0.312106 
0.164931 0.383494 0.675874 
0.438116 0.797671 1.1645 
0.692489 1.14135 1.55134 
0.821825 1.26418 1.64598 
0.816312 1.15038 1.42206 
0.742564 0.906861 1.01734 
0.672544 0.67113 0.624509 
0.629037 0.521949 0.369906 
0.589138 0.456685 0.266733 
0.532045 0.43643 0.259031 
0.480799 0.447024 0.302819 
0.49469 0.517477 0.409709 
0.61329 0.678442 0.616292 
0.800551 0.90075 0.91097 
0.946338 1.07918 1.19318 
0.937705 1.09134 1.31638 
0.746867 0.890935 1.1897 
0.459002 0.554016 0.852832 
0.210728 0.23161 0.45535 
0.0901079 0.0448822 0.154781 
0.0842925 0.0111827 0.0191409 
0.114562 0.0583829 0.0100366 
0.115888 0.101884 0.0444708 
0.0825415 0.107437 0.0669326 
0.0466101 0.091793 0.0714448 
0.0300984 0.0843578 0.0770433 
0.0322332 0.105997 0.10424 
0.0614182 0.1834 0.179065 
0.159622 0.360161 0.339646 
0.370792 0.663046 0.608376 
0.673523 1.04207 0.940575 
0.953208 1.35486 1.21009 
1.06201 1.43935 1.2741 
0.927654 1.23076 1.07945 
0.615849 0.821446 0.715597 
0.288276 0.403437 0.356393 
0.0925195 0.138834 0.13595 
0.0770093 0.0665904 0.0677037 
0.190727 0.113466 0.0713473 
0.346658 0.178386 0.0661546 
0.483463 0.205246 0.0341137 
0.584347 0.194037 0.00487078 
0.66209 0.170441 0.00289188 
0.737607 0.159542 0.0241804 
0.822342 0.177734 0.0560241 
0.902202 0.225563 0.0965443 
0.932667 0.276247 0.142564 
0.863634 0.282903 0.170046 
0.688712 0.21863 0.148915 
0.476298 0.118144 0.0857695 
0.339862 0.0682721 0.0387072 
0.357442 0.137878 0.0700877 
0.505565 0.306341 0.177501 
0.66935 0.464589 0.280782 
0.726328 0.499458 0.292096 
0.637261 0.391595 0.207865 
0.471816 0.239822 0.131122 
0.351205 0.187337 0.19458 
0.354491 0.308899 0.447484 
0.460214 0.550576 0.804916 
0.566176 0.770803 1.10578 
0.570953 0.850088 1.23333 
0.453541 0.781209 1.19868 
0.288513 0.666772 1.11815 
0.185838 0.627216 1.10475 
0.206605 0.698231 1.16826 
0.32376 0.805114 1.21076 
0.453607 0.832223 1.11889 
0.521171 0.721044 0.867387 
0.500842 0.510074 0.541137 
0.409205 0.290621 0.262906 
0.276535 0.131669 0.100899 
0.134694 0.0464792 0.0411258 
0.0268015 0.0207192 0.0378974 
0.0103806 0.0567711 0.0782369 
0.130143 0.177928 0.189259 
0.373634 0.385591 0.383224 
0.651629 0.61798 0.603172 
0.833604 0.763753 0.735059 
0.824207 0.733228 0.6883 
0.627521 0.53134 0.476945 
0.347325 0.265262 0.223885 
0.117341 0.070352 0.0728251 
0.013059 0.0108439 0.0758501 
0.0182096 0.0423976 0.1551 
0.0775648 0.0767938 0.1812 
0.188642 0.0954883 0.107671 
0.4368 0.200557 0.0385428 
0.918171 0.534236 0.151775 
1.60343 1.12012 0.529036 
2.27428 1.77178 1.04206 
2.62258 2.1769 1.41384 
2.45733 2.11166 1.42107 
1.85052 1.60969 1.06757 
1.09075 0.936389 0.574839 
0.481114 0.390745 0.200107 
0.154782 0.109293 0.0489397 
0.0531754 0.0323512 0.0438499 
0.0500193 0.0290842 0.0512065 
0.0788918 0.0363444 0.0220309 
0.150982 0.0830522 0.0128001 
0.282731 0.209612 0.0928275 
0.437635 0.393026 0.255737 
0.544883 0.55623 0.424511 
0.559997 0.634423 0.525217 
0.496326 0.619467 0.540554 
0.406476 0.548844 0.499354 
0.35041 0.473661 0.438991 
0.382007 0.445943 0.393884 
0.540961 0.517547 0.40886 
0.82472 0.717619 0.532776 
1.15529 1.01015 0.774055 
1.39023 1.27961 1.0598 
1.39885 1.38321 1.25478 
1.15556 1.24407 1.24297 
0.770305 0.911514 1.01073 
0.423819 0.538001 0.666257 
0.258224 0.293865 0.385352 
0.309204 0.287767 0.328998 
0.521209 0.540235 0.582702 
0.811265 1.00092 1.13212 
1.1144 1.57021 1.8625 
1.37994 2.10861 2.57774 
1.54765 2.45625 3.05331 
1.55217 2.48762 3.12715 
1.36566 2.18371 2.7893 
1.03684 1.66291 2.20325 
0.678074 1.12707 1.62328 
0.399505 0.747574 1.2515 
0.243647 0.574281 1.13527 
0.175754 0.536202 1.17783 
0.133431 0.524764 1.24168 
0.0850827 0.481309 1.24897 
0.0452227 0.41723 1.19968 
0.0422834 0.366758 1.11579 
0.0794395 0.334132 0.988431 
0.127734 0.289878 0.787762 
0.15253 0.21115 0.518262 
0.142795 0.115786 0.249952 
0.116242 0.0521051 0.0824693 
0.100321 0.0557721 0.0702334 
0.109146 0.116964 0.177577 
0.134817 0.187469 0.304352 
0.156333 0.218299 0.358173 
0.156206 0.193524 0.312182 
0.131836 0.134557 0.20679 
