0.612486 0.411033 0.11049 
0.619855 0.310521 0.0138219 
0.648199 0.27466 0.0270797 
0.708081 0.317532 0.149499 
0.810398 0.44284 0.364436 
0.955469 0.634078 0.633949 
1.13272 0.85839 0.906584 
1.32852 1.08046 1.13426 
1.53075 1.27373 1.28622 
1.72154 1.41891 1.35047 
1.86337 1.49285 1.32402 
1.89608 1.46272 1.20409 
1.75949 1.29929 0.99205 
1.43696 1.007 0.71021 
0.992416 0.649458 0.41656 
0.56775 0.344307 0.198991 
0.327822 0.21793 0.14246 
0.376215 0.339664 0.283754 
0.690836 0.67483 0.582099 
1.12295 1.0899 0.928196 
1.46668 1.41255 1.19124 
1.56166 1.51426 1.27869 
1.36967 1.36817 1.17487 
0.982481 1.05054 0.937741 
0.560944 0.689533 0.659927 
0.246376 0.396126 0.420414 
0.0971241 0.218274 0.255511 
0.0814827 0.139565 0.161024 
0.120135 0.11325 0.116174 
0.14344 0.102876 0.10805 
0.127143 0.102756 0.139744 
0.0909026 0.129998 0.219974 
0.0699808 0.199972 0.345457 
0.0842596 0.305524 0.490844 
0.124742 0.414372 0.614474 
0.162734 0.485592 0.677543 
0.172669 0.494805 0.666768 
0.153817 0.454229 0.609383 
0.13917 0.417502 0.573124 
0.187188 0.466356 0.649845 
0.359447 0.683171 0.927085 
0.692511 1.1186 1.45638 
1.17513 1.76604 2.22935 
1.74132 2.55372 3.1713 
2.28483 3.35957 4.15654 
2.69203 4.04517 5.04115 
2.8808 4.49655 5.70137 
2.82913 4.65593 6.06342 
2.58099 4.53288 6.11495 
2.22748 4.19279 5.89713 
1.87286 3.73052 5.48434 
1.60079 3.24164 4.96192 
1.45389 2.80179 4.40984 
1.43139 2.45794 3.89482 
1.50103 2.22948 3.46813 
1.61658 2.11375 3.16475 
1.73292 2.09152 3.00032 
1.8143 2.13033 2.96542 
1.83575 2.18649 3.01981 
1.78081 2.20826 3.09242 
1.6398 2.14362 3.09272 
1.41215 1.9542 2.93632 
1.11293 1.63266 2.57907 
0.779167 1.21565 2.0452 
0.468534 0.781574 1.43154 
0.245202 0.427286 0.877292 
0.15525 0.229275 0.506981 
0.203653 0.207695 0.373158 
0.348351 0.315225 0.431294 
0.519515 0.461731 0.565039 
0.656282 0.564065 0.650819 
0.739328 0.59204 0.624953 
0.797175 0.580849 0.512602 
0.880052 0.600416 0.400973 
1.01787 0.701192 0.375233 
1.19188 0.873256 0.460051 
1.34158 1.04756 0.604887 
1.40366 1.13893 0.720177 
1.3555 1.10076 0.736497 
1.23098 0.952772 0.644977 
1.09569 0.763415 0.494008 
0.999093 0.601759 0.351109 
0.939245 0.495999 0.263398 
0.867285 0.429237 0.247086 
0.729762 0.373377 0.309172 
0.517728 0.331473 0.475562 
0.285253 0.351401 0.792964 
0.12142 0.495535 1.2933 
0.0935245 0.785804 1.94273 
0.200563 1.16491 2.61614 
0.369466 1.50611 3.12623 
0.497137 1.6711 3.30057 
0.510374 1.58231 3.0656 
0.404954 1.26471 2.48766 
0.240846 0.831899 1.74516 
0.100417 0.426266 1.04693 
0.039232 0.150475 0.542678 
0.0602555 0.0293013 0.272912 
0.123465 0.0186707 0.179671 
0.178912 0.0487591 0.16269 
0.198556 0.0702226 0.143172 
0.187384 0.0763898 0.0996134 
0.171169 0.0939068 0.0627473 
0.173839 0.15502 0.0825301 
0.20179 0.273289 0.193286 
0.244677 0.437799 0.397948 
0.289433 0.625839 0.675498 
0.335571 0.821596 0.999899 
0.400167 1.02609 1.35369 
0.508694 1.25133 1.72657 
0.67732 1.5032 2.10216 
0.897569 1.76536 2.44514 
1.13279 1.99565 2.70135 
1.32918 2.13896 2.81396 
1.43625 2.15009 2.74802 
1.42656 2.01446 2.50921 
1.30549 1.75555 2.14523 
1.107 1.42558 1.72857 
0.878714 1.08519 1.32981 
0.664467 0.783032 0.995419 
0.492379 0.544614 0.740146 
0.372169 0.37325 0.554551 
0.299739 0.258756 0.419834 
0.264013 0.186824 0.320093 
0.251855 0.144243 0.246672 
0.250229 0.120006 0.196146 
0.247481 0.105454 0.167305 
0.235559 0.0959039 0.160929 
0.212793 0.0930287 0.181689 
0.184887 0.105017 0.2384 
0.162238 0.142464 0.340004 
0.154207 0.211364 0.488621 
0.163543 0.30738 0.674247 
0.184414 0.415317 0.875099 
0.205224 0.514387 1.06386 
0.214332 0.586115 1.21605 
0.205179 0.620308 1.3158 
0.178191 0.616215 1.35647 
0.139177 0.579333 1.33745 
0.095982 0.516826 1.26041 
0.0557175 0.43469 1.1282 
0.0238784 0.338121 0.946921 
0.00512012 0.234172 0.729656 
0.00426912 0.134261 0.498778 
0.0259429 0.0539497 0.284402 
0.0720521 0.00879046 0.117911 
0.138122 0.00740827 0.0220535 
0.210943 0.0452824 0.00150299 
0.270331 0.103487 0.0388967 
0.295966 0.154811 0.0998535 
0.276936 0.17561 0.146341 
0.218854 0.157725 0.152912 
0.143589 0.113633 0.117877 
0.0804829 0.071242 0.0634874 
0.0532538 0.0606547 0.0249641 
0.0700974 0.100174 0.0342441 
0.122945 0.189296 0.106847 
0.196178 0.312026 0.237764 
0.278974 0.447487 0.406651 
0.373135 0.580774 0.58768 
0.491253 0.707716 0.758141 
0.646429 0.831849 0.902413 
0.840006 0.956966 1.01187 
1.0548 1.08081 1.08356 
1.25769 1.19378 1.12001 
1.41001 1.28252 1.12978 
1.4802 1.33531 1.1265 
1.45307 1.34531 1.12454 
1.33257 1.31057 1.13202 
1.13897 1.23204 1.14507 
0.903075 1.1128 1.14789 
0.660451 0.960051 1.12043 
0.446093 0.788479 1.05052 
0.288974 0.621209 0.943692 
0.205747 0.48535 0.824087 
0.195081 0.402603 0.725089 
0.236094 0.379812 0.674657 
0.294234 0.405815 0.683916 
0.334612 0.457927 0.745456 
0.337947 0.515326 0.841387 
0.311239 0.571675 0.954948 
0.286781 0.639226 1.0779 
0.308924 0.74175 1.20979 
0.414803 0.900612 1.3514 
0.618629 1.12227 1.49832 
0.907066 1.39409 1.63955 
1.24712 1.68975 1.76155 
1.60169 1.98025 1.85413 
1.94498 2.24403 1.91379 
2.27078 2.47149 1.94262 
2.59017 2.66241 1.94381 
2.91924 2.818 1.91645 
3.26103 2.93117 1.85219 
3.5895 2.9798 1.73572 
3.84424 2.92797 1.55046 
3.94289 2.73804 1.28908 
3.81054 2.39088 0.965597 
3.41551 1.90557 0.621995 
2.79395 1.34589 0.321733 
2.04804 0.805778 0.128041 
1.3144 0.376715 0.0745697 
0.716293 0.11234 0.144331 
0.322754 0.00990028 0.272173 
0.134917 0.0200164 0.374332 
0.103931 0.0795741 0.391673 
0.166757 0.147928 0.322334 
0.277304 0.224303 0.223297 
0.416237 0.336614 0.178178 
0.578888 0.510856 0.249471 
0.75537 0.742892 0.443621 
0.920306 0.992065 0.709324 
1.04016 1.20046 0.968312 
1.09165 1.32387 1.15748 
1.0763 1.35305 1.25539 
1.01945 1.3118 1.27859 
0.954185 1.23528 1.25482 
0.902116 1.14618 1.19623 
0.864893 1.04666 1.09442 
0.831856 0.931661 0.941895 
0.796648 0.811759 0.763311 
0.768777 0.725905 0.630007 
0.770232 0.730377 0.640472 
0.819194 0.867721 0.872121 
0.913638 1.13516 1.33112 
1.0287 1.47492 1.93211 
1.13173 1.79597 2.5242 
1.20522 2.01664 2.9526 
1.26028 2.10307 3.12382 
1.32919 2.08066 3.03981 
1.43999 2.01252 2.78478 
1.59065 1.95966 2.47563 
1.7421 1.94856 2.20607 
1.83763 1.96482 2.01439 
1.83759 1.97369 1.88709 
1.74642 1.95011 1.78803 
1.61296 1.89646 1.68977 
1.50254 1.83708 1.58769 
1.45838 1.79574 1.49261 
1.47692 1.7741 1.41289 
1.5122 1.74664 1.34163 
1.50466 1.67484 1.25761 
1.4148 1.52976 1.13746 
1.24091 1.30787 0.96927 
1.01351 1.0319 0.75927 
0.774879 0.739622 0.529569 
0.559791 0.470079 0.310875 
0.388477 0.255038 0.134864 
0.270893 0.116685 0.0281894 
0.21339 0.0673309 0.00752514 
0.21999 0.10767 0.0753887 
0.288217 0.224622 0.218464 
