0.206877 0.361276 0.576299 
0.576596 0.573323 0.636905 
1.07569 0.882759 0.760213 
1.43405 1.06776 0.788326 
1.57397 1.07485 0.69699 
1.56292 0.974028 0.550806 
1.49845 0.853704 0.415554 
1.45584 0.772146 0.321914 
1.51133 0.784632 0.298323 
1.7491 0.965098 0.403588 
2.18856 1.35074 0.687961 
2.69194 1.84728 1.10186 
2.98141 2.21517 1.45783 
2.81106 2.20542 1.52777 
2.17548 1.76225 1.22727 
1.36459 1.11228 0.726552 
0.788459 0.633781 0.362136 
0.700526 0.592199 0.394359 
1.04689 0.960732 0.809736 
1.56162 1.47918 1.34598 
2.0083 1.89267 1.7236 
2.34252 2.14909 1.8761 
2.65789 2.37877 1.96837 
2.995 2.69357 2.19385 
3.22592 3.01892 2.55457 
3.1424 3.13314 2.84132 
2.65822 2.87226 2.82619 
1.91432 2.28954 2.46866 
1.17829 1.613 1.93645 
0.644848 1.05847 1.44417 
0.333514 0.690743 1.08917 
0.156002 0.447742 0.834458 
0.0452308 0.259757 0.612715 
0.0040669 0.120945 0.41447 
0.055698 0.0609323 0.278995 
0.188211 0.0841821 0.229771 
0.363008 0.156871 0.23999 
0.562469 0.245 0.257963 
0.814684 0.353266 0.25694 
1.17293 0.526333 0.260936 
1.66829 0.808763 0.322656 
2.25704 1.18256 0.462767 
2.78915 1.52465 0.616512 
3.04382 1.64372 0.652747 
2.85793 1.41527 0.486207 
2.28108 0.930599 0.203087 
1.61499 0.511003 0.0646607 
1.25361 0.52045 0.33735 
1.41545 1.0957 1.06743 
1.98116 2.01715 1.99982 
2.57701 2.84134 2.72883 
2.83598 3.19203 2.96293 
2.62438 2.97763 2.68857 
2.07289 2.38546 2.1217 
1.43175 1.70339 1.52548 
0.898769 1.13983 1.06208 
0.545112 0.763166 0.769955 
0.346696 0.546904 0.622666 
0.250025 0.434404 0.576172 
0.214409 0.371726 0.573867 
0.22316 0.320447 0.550527 
0.276042 0.270144 0.46592 
0.368068 0.237778 0.336133 
0.467879 0.24036 0.215951 
0.526551 0.268147 0.146212 
0.525446 0.298208 0.129362 
0.512285 0.334197 0.157185 
0.561569 0.40805 0.237126 
0.679044 0.521163 0.363852 
0.762146 0.598522 0.472577 
0.691748 0.541803 0.463265 
0.475196 0.349636 0.305608 
0.272576 0.163925 0.111166 
0.252669 0.15955 0.0634703 
0.42663 0.376118 0.251686 
0.648713 0.67587 0.57848 
0.788224 0.882355 0.846207 
0.881091 0.954829 0.935516 
1.09648 1.01794 0.896483 
1.56386 1.22886 0.875046 
2.24422 1.62662 0.966645 
2.95256 2.09756 1.13874 
3.47253 2.45562 1.27021 
3.65137 2.54817 1.24799 
3.44006 2.32313 1.04092 
2.90592 1.84752 0.713876 
2.2164 1.27695 0.385115 
1.56291 0.774594 0.152724 
1.05052 0.420321 0.0389958 
0.655325 0.190695 0.00381148 
0.312831 0.0422994 0.024059 
0.056322 0.0168332 0.159662 
0.0449196 0.24062 0.519744 
0.422251 0.791412 1.13764 
1.13083 1.55492 1.86957 
1.87127 2.22544 2.42881 
2.26813 2.47823 2.54998 
2.1177 2.18523 2.16257 
1.52574 1.50822 1.44618 
0.838045 0.804505 0.733412 
0.422412 0.416452 0.329415 
0.452951 0.483604 0.358316 
0.828968 0.886738 0.718826 
1.26373 1.34342 1.16389 
1.47206 1.58368 1.44896 
1.33299 1.49322 1.45679 
0.93223 1.14379 1.22893 
0.475981 0.711526 0.902184 
0.149669 0.355974 0.610613 
0.0196791 0.143662 0.421837 
0.0327334 0.0523453 0.334539 
0.0942736 0.0293425 0.314478 
0.15563 0.0471677 0.329718 
0.242244 0.115188 0.362487 
0.406294 0.246906 0.40029 
0.648991 0.417229 0.422339 
0.884707 0.551931 0.397745 
0.987732 0.56842 0.304175 
0.891077 0.443845 0.158759 
0.651271 0.251596 0.0312277 
0.410606 0.11806 0.00764026 
0.280305 0.119505 0.114897 
0.253675 0.211059 0.274085 
0.238098 0.268614 0.349663 
0.170455 0.214051 0.270736 
0.0854441 0.0949282 0.106445 
0.0616036 0.0291269 0.00475049 
0.119107 0.0758518 0.0481081 
0.199535 0.17924 0.17787 
0.24446 0.240034 0.264367 
0.258047 0.217988 0.236305 
0.270729 0.147955 0.130374 
0.270308 0.0789885 0.0328925 
0.216005 0.0353428 0.00342167 
0.123628 0.036174 0.0532543 
0.091426 0.109836 0.159566 
0.208614 0.259126 0.275198 
0.457427 0.435627 0.348993 
0.74 0.588656 0.377616 
0.994703 0.737883 0.436895 
1.24538 0.956958 0.620113 
1.52368 1.26546 0.920219 
1.78168 1.56592 1.19722 
1.91891 1.72159 1.29744 
1.88218 1.68697 1.20208 
1.69994 1.52863 1.02899 
1.42029 1.32055 0.886981 
1.06503 1.06609 0.766615 
0.67547 0.752857 0.599595 
0.365277 0.449815 0.395758 
0.260868 0.289034 0.269292 
0.370227 0.334512 0.319327 
0.550976 0.505682 0.520843 
0.643081 0.658396 0.756525 
0.616747 0.71984 0.930066 
0.557583 0.712236 1.01483 
0.521133 0.664052 1.01148 
0.458348 0.560182 0.920756 
0.311188 0.408392 0.787783 
0.140062 0.309601 0.729255 
0.0941267 0.392594 0.848259 
0.241436 0.658887 1.1022 
0.466036 0.929083 1.2917 
0.566273 0.982326 1.22048 
0.44978 0.75464 0.874197 
0.213449 0.390903 0.434514 
0.0361009 0.107716 0.121707 
0.0127422 0.0174003 0.0300655 
0.0954271 0.0750748 0.0999782 
0.170783 0.162966 0.213662 
0.172624 0.202678 0.297244 
0.125444 0.197826 0.347182 
0.103516 0.200369 0.394098 
0.161499 0.25385 0.460425 
0.295586 0.35993 0.542972 
0.456329 0.481506 0.61652 
0.595527 0.573582 0.649481 
0.706472 0.620681 0.629546 
0.819251 0.650984 0.587067 
0.950668 0.708248 0.588585 
1.05991 0.80108 0.687997 
1.06782 0.88052 0.867918 
0.933064 0.876223 1.02932 
0.707897 0.762686 1.05522 
0.513326 0.598088 0.910517 
0.464796 0.509462 0.70351 
0.623501 0.637787 0.650781 
0.985799 1.05792 0.940542 
1.46217 1.69036 1.56434 
1.85312 2.27091 2.24979 
1.91663 2.4676 2.5996 
1.55308 2.12017 2.37744 
0.939803 1.39822 1.70203 
0.415106 0.681082 0.945175 
0.178132 0.241306 0.417991 
0.135575 0.0646848 0.171296 
0.0949148 0.0068448 0.110899 
0.0714969 0.0740385 0.243393 
0.297324 0.442073 0.701038 
0.880625 1.15795 1.48706 
1.53981 1.90899 2.28012 
1.7927 2.20976 2.61101 
1.43402 1.85419 2.27656 
0.760062 1.13122 1.54087 
0.278062 0.55395 0.894442 
0.22685 0.397633 0.629513 
0.421231 0.525821 0.661843 
0.527875 0.624397 0.719166 
0.411756 0.529032 0.631873 
0.193994 0.311886 0.431345 
0.0469454 0.124425 0.236517 
0.0150007 0.0345253 0.117608 
0.0313128 0.0141284 0.0697238 
0.0360405 0.0189654 0.0621729 
0.0300623 0.0355185 0.0752861 
0.0389617 0.0702324 0.10484 
0.0761795 0.134717 0.162544 
0.147748 0.244298 0.271185 
0.251477 0.39519 0.428888 
0.344125 0.523411 0.564898 
0.340207 0.518755 0.562007 
0.20158 0.335086 0.372515 
0.0441962 0.10353 0.127775 
0.102021 0.0880652 0.0916236 
0.51016 0.456546 0.43943 
1.10339 1.06705 1.05062 
1.48399 1.52031 1.5467 
1.36089 1.48732 1.58957 
0.841893 1.01211 1.17366 
0.355198 0.472299 0.617696 
0.249389 0.220793 0.258692 
0.478083 0.276681 0.165979 
0.695524 0.380835 0.165551 
0.640719 0.325182 0.110619 
0.381394 0.169254 0.0617085 
0.176913 0.116627 0.17069 
0.164104 0.23565 0.434769 
0.23971 0.373859 0.642823 
0.234753 0.352081 0.591699 
0.125005 0.180014 0.315282 
0.0240772 0.0325584 0.0557137 
0.0121158 0.0387358 0.0166238 
0.0464735 0.152927 0.183123 
0.0537055 0.245348 0.389276 
0.0452447 0.266242 0.516867 
0.0837163 0.273202 0.588421 
0.158469 0.321104 0.688878 
0.176147 0.398531 0.863094 
0.117465 0.505178 1.11973 
0.150214 0.732803 1.48108 
0.487783 1.17355 1.94157 
