0.45618 0.644628 
0.980903 1.30299 
1.50768 1.80639 
1.84133 1.96426 
1.87994 1.76057 
1.6363 1.32995 
1.22069 0.877138 
0.786944 0.571465 
0.457293 0.460581 
0.264949 0.455475 
0.158682 0.410767 
0.073472 0.253914 
0.00892016 0.0616275 
0.0410227 0.0111618 
0.253594 0.240176 
0.654925 0.732582 
1.1577 1.32282 
1.6347 1.80361 
1.99253 2.04082 
2.19905 2.01401 
2.25282 1.77812 
2.13813 1.40286 
1.82161 0.946963 
1.30819 0.480801 
0.710305 0.119756 
0.247295 0.0103623 
0.131018 0.245641 
0.401442 0.76201 
0.856557 1.31951 
1.17041 1.62112 
1.1286 1.50431 
0.787079 1.05418 
0.417021 0.541178 
0.292585 0.238309 
0.513922 0.271864 
0.998317 0.608004 
1.59376 1.13639 
2.17082 1.7379 
2.62349 2.28593 
2.84526 2.63886 
2.76957 2.69448 
2.45155 2.47743 
2.0734 2.14912 
1.81663 1.88683 
1.70422 1.72956 
1.58263 1.55501 
1.28654 1.23238 
0.831738 0.802004 
0.434456 0.483358 
0.324181 0.480612 
0.527977 0.7718 
0.835311 1.0968 
0.972989 1.16507 
0.821485 0.889991 
0.483511 0.441331 
0.171521 0.0905705 
0.0390245 0.00602636 
0.0963041 0.165677 
0.245501 0.420812 
0.370142 0.618862 
0.402075 0.683396 
0.338859 0.621455 
0.227372 0.490163 
0.135171 0.360481 
0.119616 0.290809 
0.201102 0.307397 
0.351423 0.392955 
0.506878 0.492936 
0.601509 0.543502 
0.599698 0.50762 
0.5074 0.39516 
0.361291 0.254896 
0.213415 0.150067 
0.121354 0.135879 
0.131678 0.240433 
0.247126 0.441481 
0.404206 0.653352 
0.50516 0.758876 
0.499545 0.689708 
0.440119 0.493269 
0.443731 0.311748 
0.585703 0.27712 
0.833439 0.414171 
1.08086 0.634505 
1.23346 0.810509 
1.25506 0.854274 
1.15769 0.753107 
0.982559 0.566865 
0.797067 0.399334 
0.677314 0.34182 
0.660939 0.410926 
0.715512 0.536325 
0.767345 0.621688 
0.761041 0.619907 
0.682478 0.545025 
0.537294 0.426615 
0.341652 0.284965 
0.148261 0.159671 
0.0502524 0.126143 
0.1137 0.236934 
0.29409 0.438702 
0.445236 0.580434 
0.438084 0.536796 
0.275868 0.328442 
0.0881635 0.111534 
0.0162538 0.0473551 
0.108383 0.182586 
0.31135 0.440399 
0.534388 0.699101 
0.70682 0.867422 
0.79161 0.906436 
0.776727 0.818696 
0.673693 0.640333 
0.521578 0.438376 
0.379402 0.294644 
0.306017 0.274479 
0.343883 0.402192 
0.517391 0.66143 
0.838032 1.0139 
1.30075 1.41396 
1.865 1.8054 
2.43121 2.10918 
2.83814 2.22577 
2.90712 2.07007 
2.53471 1.63036 
1.7874 1.01228 
0.919226 0.420208 
0.26293 0.0630713 
0.0401317 0.0341086 
0.22174 0.251564 
0.554255 0.514317 
0.743173 0.638541 
0.655195 0.574436 
0.387079 0.419589 
0.16373 0.330992 
0.162665 0.411325 
0.400129 0.647704 
0.742574 0.92835 
1.00783 1.11128 
1.07372 1.10124 
0.931888 0.898255 
0.673482 0.597364 
0.431033 0.340899 
0.310743 0.246541 
0.340329 0.344828 
0.451295 0.556262 
0.515255 0.72757 
0.434971 0.723483 
0.236137 0.525629 
0.0675145 0.256003 
0.0753955 0.0823105 
0.253883 0.0747672 
0.432424 0.153342 
0.436421 0.184375 
0.260277 0.122697 
0.0642207 0.0431506 
0.00214683 0.0375402 
0.0770365 0.10881 
0.172049 0.180556 
0.191007 0.18861 
0.136684 0.136418 
0.0676099 0.0691578 
0.0245841 0.0258099 
0.0146277 0.0241796 
0.0325378 0.0634014 
0.0639616 0.116865 
0.0785027 0.137937 
0.0565671 0.104936 
0.035645 0.0666546 
0.108119 0.120051 
0.347496 0.321664 
0.727666 0.618516 
1.11503 0.871175 
1.34433 0.950204 
1.32129 0.826828 
1.08438 0.597193 
0.786624 0.430727 
0.602664 0.471626 
0.616785 0.748461 
0.774089 1.15339 
0.934368 1.51141 
0.979843 1.6874 
0.885184 1.64892 
0.707774 1.45276 
0.532252 1.19099 
0.420153 0.942834 
0.382557 0.745134 
0.378188 0.584069 
0.347759 0.42298 
0.27401 0.259167 
0.20962 0.150713 
0.224614 0.162076 
0.317104 0.273401 
0.396096 0.36813 
0.373781 0.338802 
0.265732 0.201268 
0.173531 0.0780738 
0.16461 0.0619932 
0.196296 0.120164 
0.179383 0.152484 
0.10109 0.127129 
0.0525278 0.12216 
0.126789 0.223272 
0.313304 0.407303 
0.51145 0.55407 
0.635544 0.568411 
0.681694 0.46696 
0.693306 0.34026 
0.693627 0.253812 
0.678064 0.208237 
0.66002 0.185552 
0.686831 0.200356 
0.789778 0.285227 
0.931868 0.437622 
1.02961 0.605362 
1.03341 0.733113 
0.978292 0.815794 
0.954695 0.903695 
1.04148 1.06468 
1.26868 1.34395 
1.61944 1.73979 
2.03341 2.18864 
2.40241 2.56745 
2.59387 2.73764 
2.51757 2.62265 
2.18657 2.26029 
1.71032 1.77797 
1.22308 1.31047 
0.813478 0.933194 
0.507464 0.657875 
0.296803 0.471268 
0.174582 0.370244 
0.151542 0.369176 
0.245561 0.483015 
0.448402 0.699148 
0.695765 0.958967 
0.880972 1.1727 
0.917323 1.26377 
0.792732 1.20117 
0.560778 0.990968 
0.29356 0.660729 
0.0713078 0.286059 
0.0117933 0.0267557 
0.244666 0.0709761 
0.783164 0.47079 
1.41545 1.02496 
1.79167 1.38344 
1.68897 1.32447 
1.20293 0.933927 
0.653263 0.495665 
0.299368 0.222334 
