0.322753 0.433447 
0.0193432 0.0439545 
0.0865725 0.041553 
0.389234 0.306679 
0.763033 0.68175 
1.07846 1.03131 
1.27677 1.28066 
1.37074 1.42425 
1.41768 1.50676 
1.48086 1.58854 
1.59723 1.71143 
1.76369 1.87921 
1.94463 2.0596 
2.09345 2.20417 
2.17565 2.27412 
2.18185 2.25827 
2.12658 2.17524 
2.03678 2.06191 
1.93881 1.95712 
1.85106 1.8899 
1.78313 1.87515 
1.7368 1.91298 
1.70426 1.98642 
1.66409 2.05744 
1.58171 2.068 
1.42125 1.95457 
1.16881 1.67665 
0.85546 1.24765 
0.562668 0.748339 
0.398435 0.307689 
0.448552 0.0528438 
0.725304 0.0497801 
1.14301 0.265938 
1.53993 0.578136 
1.74302 0.826678 
1.64853 0.891874 
1.27995 0.756173 
0.793231 0.520689 
0.422183 0.366006 
0.384194 0.472996 
0.78501 0.937683 
1.56318 1.71739 
2.49966 2.63256 
3.2921 3.42563 
3.66653 3.85433 
3.48271 3.78201 
2.79013 3.22809 
1.81085 2.3584 
0.855722 1.42079 
0.208336 0.654105 
0.0246108 0.208789 
0.287724 0.109532 
0.832872 0.269842 
1.42597 0.545578 
1.85908 0.799878 
2.022 0.951298 
1.92395 0.988449 
1.66356 0.951411 
1.36779 0.894583 
1.13138 0.851785 
0.984001 0.820476 
0.895533 0.770511 
0.809997 0.669524 
0.6854 0.508662 
0.51698 0.313418 
0.334076 0.13401 
0.177775 0.0223834 
0.0770896 0.0102947 
0.0393559 0.1007 
0.0581926 0.274595 
0.129035 0.505083 
0.257527 0.767115 
0.452826 1.03691 
0.710516 1.28477 
0.998704 1.47098 
1.25947 1.55238 
1.42755 1.49857 
1.45666 1.30876 
1.33885 1.01812 
1.10693 0.688662 
0.819846 0.388059 
0.539751 0.166825 
0.312041 0.0439124 
0.155872 0.00594722 
0.0664086 0.0184348 
0.024874 0.0427102 
0.010692 0.0514567 
0.0109171 0.0374816 
0.0240935 0.0134442 
0.057661 0.00319479 
0.119975 0.0280267 
0.210205 0.0932945 
0.31126 0.181762 
0.391021 0.258458 
0.414091 0.287114 
0.360553 0.251825 
0.242417 0.172688 
0.106892 0.104758 
0.020629 0.116945 
0.0394673 0.258766 
0.178183 0.531589 
0.397643 0.881104 
0.619269 1.21759 
0.761947 1.45518 
0.783026 1.5501 
0.701316 1.51746 
0.589047 1.41846 
0.53659 1.3263 
0.608392 1.29018 
0.812589 1.31653 
1.09835 1.3747 
1.37981 1.42031 
1.57263 1.42046 
1.62502 1.36703 
1.53089 1.2734 
1.32318 1.16014 
1.05468 1.0406 
0.777242 0.915213 
0.528123 0.776441 
0.326412 0.619768 
0.177347 0.453055 
0.0794258 0.298236 
0.0295994 0.183998 
0.0242447 0.132988 
0.0566088 0.149823 
0.113513 0.215941 
0.174569 0.294303 
0.215913 0.34279 
0.218074 0.331249 
0.175158 0.255336 
0.101106 0.141238 
0.0293818 0.03898 
0.00495422 0.00679559 
0.0709068 0.0928056 
0.254675 0.321144 
0.559211 0.687078 
0.962061 1.16111 
1.42169 1.69813 
1.88747 2.24655 
2.30902 2.75433 
2.64255 3.17206 
2.85399 3.45564 
2.92072 3.57055 
2.83344 3.49799 
2.59856 3.24084 
2.23996 2.8269 
1.79847 2.30728 
1.32746 1.74954 
0.88427 1.22569 
0.518779 0.797147 
0.262015 0.500177 
0.119082 0.336838 
0.0697696 0.276417 
0.077559 0.268566 
0.103736 0.263777 
0.120533 0.232142 
0.117543 0.171413 
0.0993857 0.10092 
0.0775166 0.0459672 
0.0619195 0.0226798 
0.0574632 0.0322145 
0.0657324 0.0665862 
0.0892243 0.120589 
0.133665 0.200676 
0.206321 0.32429 
0.311582 0.509737 
0.446998 0.762638 
0.602158 1.06656 
0.760235 1.38243 
0.900282 1.65645 
0.998852 1.83286 
1.03191 1.86769 
0.979614 1.74062 
0.83524 1.46347 
0.61543 1.08269 
0.364579 0.672565 
0.146365 0.317329 
0.0213929 0.0851883 
0.019473 0.00383483 
0.121708 0.0496722 
0.26528 0.158672 
0.372069 0.255832 
0.387378 0.289004 
0.307064 0.249149 
0.176866 0.166522 
0.064197 0.0867939 
0.0196521 0.0431071 
0.051433 0.0412394 
0.126647 0.0646322 
0.195676 0.0919556 
0.221918 0.112392 
0.198319 0.128001 
0.143504 0.144207 
0.0845783 0.158947 
0.0405123 0.160947 
0.0160258 0.138856 
0.00606675 0.0932131 
0.00380831 0.0406978 
0.00527351 0.00640863 
0.00913467 0.00947481 
0.0149787 0.0522697 
0.0233443 0.120257 
0.0372231 0.191325 
0.0619344 0.247148 
0.101514 0.279208 
0.153872 0.287571 
0.209758 0.27629 
0.258784 0.250688 
0.300191 0.218589 
0.351123 0.192959 
0.445028 0.191693 
0.618211 0.232453 
0.889966 0.324521 
1.24626 0.462135 
1.63571 0.623097 
1.98082 0.773435 
2.20025 0.876177 
2.23412 0.901407 
2.06354 0.835349 
1.71875 0.686839 
1.27353 0.489014 
0.827019 0.293663 
0.477131 0.157059 
0.292836 0.12034 
0.29429 0.192197 
0.448587 0.343152 
0.683411 0.516118 
0.91299 0.649236 
1.06514 0.699595 
1.09872 0.656238 
1.00793 0.538375 
0.81763 0.384379 
0.577209 0.241053 
0.355048 0.157712 
0.228421 0.180622 
0.261786 0.339869 
0.475206 0.627914 
0.818498 0.982307 
1.17315 1.2916 
1.39339 1.43409 
1.37336 1.33654 
1.10491 1.02039 
0.689333 0.603203 
0.2904 0.247356 
0.0525784 0.0814447 
0.0313304 0.139335 
0.17557 0.352 
0.369051 0.594239 
0.500857 0.754814 
0.52023 0.787312 
0.446571 0.716332 
