3.39027 3.66115 
2.88077 3.23373 
2.14429 2.50812 
1.43972 1.76304 
0.948609 1.20857 
0.711062 0.91404 
0.676973 0.865759 
0.780927 1.04198 
0.954986 1.40033 
1.09828 1.80902 
1.08767 2.04599 
0.859243 1.92267 
0.485085 1.43657 
0.146942 0.797057 
0.00510392 0.279751 
0.0748276 0.0331331 
0.226033 0.00852123 
0.305419 0.0617444 
0.263785 0.110262 
0.174789 0.19107 
0.146018 0.381852 
0.224679 0.688639 
0.38603 1.02212 
0.590688 1.27606 
0.827074 1.41335 
1.09052 1.47146 
1.33837 1.49779 
1.49176 1.49671 
1.49459 1.44138 
1.36601 1.32095 
1.1846 1.15972 
1.01851 0.98953 
0.874169 0.816319 
0.712826 0.624109 
0.510074 0.409394 
0.293906 0.203156 
0.128058 0.0554661 
0.0641069 0.000357626 
0.106545 0.0343834 
0.211201 0.121078 
0.308133 0.209535 
0.333855 0.254566 
0.263548 0.236629 
0.131494 0.178591 
0.0227859 0.146086 
0.0316193 0.221401 
0.209039 0.462781 
0.537106 0.877525 
0.946998 1.426 
1.36238 2.04523 
1.73219 2.66681 
2.03256 3.21828 
2.24736 3.62059 
2.35259 3.80026 
2.32265 3.71896 
2.15543 3.40285 
1.89311 2.94665 
1.61268 2.47923 
1.38211 2.10274 
1.21363 1.84251 
1.06017 1.64731 
0.867156 1.44483 
0.634001 1.20768 
0.420591 0.969747 
0.287682 0.778971 
0.234478 0.639714 
0.204357 0.510028 
0.153192 0.356761 
0.10056 0.20277 
0.103986 0.109116 
0.189778 0.113386 
0.326353 0.197854 
0.470966 0.322837 
0.627766 0.480187 
0.843157 0.701819 
1.14794 1.02096 
1.52434 1.44322 
1.93896 1.96146 
2.38922 2.57716 
2.88677 3.27428 
3.38415 3.9595 
3.73575 4.44745 
3.76104 4.53985 
3.36849 4.14848 
2.63016 3.35804 
1.7456 2.37861 
0.937659 1.43666 
0.369002 0.692718 
0.121851 0.226421 
0.212281 0.0600368 
0.590627 0.170582 
1.12032 0.474384 
1.57797 0.814428 
1.72437 0.99693 
1.44175 0.890628 
0.850344 0.534072 
0.284074 0.149125 
0.0867235 0.00305749 
0.354391 0.196714 
0.844372 0.562691 
1.16101 0.793989 
1.07617 0.708302 
0.694309 0.398294 
0.311329 0.116047 
0.122587 0.0156444 
0.0840683 0.0329041 
0.0503523 0.0263602 
0.00133959 0.00122648 
0.0794277 0.136403 
0.391128 0.561834 
0.811431 1.13511 
1.03833 1.49291 
0.870402 1.36485 
0.430848 0.849168 
0.105198 0.371829 
0.238597 0.353871 
0.860791 0.881191 
1.66788 1.6528 
2.25662 2.22595 
2.40595 2.33547 
2.18987 2.03777 
1.86223 1.60202 
1.6338 1.27349 
1.5285 1.10902 
1.41932 0.996117 
1.18668 0.804766 
0.844979 0.522326 
0.530277 0.26033 
0.378788 0.14991 
0.419617 0.234846 
0.570178 0.449445 
0.712513 0.674098 
0.764797 0.801238 
0.698449 0.768813 
0.524081 0.574214 
0.288501 0.291426 
0.0813753 0.0741237 
0.0141296 0.104791 
0.157757 0.490358 
0.481507 1.17054 
0.851569 1.91885 
1.10298 2.45225 
1.13465 2.57998 
0.958768 2.29279 
0.675983 1.74285 
0.405174 1.14398 
0.221601 0.665456 
0.137634 0.377753 
0.122621 0.260514 
0.136123 0.246278 
0.151473 0.265742 
0.161449 0.274036 
0.169894 0.254782 
0.178575 0.21033 
0.179806 0.150499 
0.161369 0.0878441 
0.119852 0.0373469 
0.069117 0.0125749 
0.0336494 0.0165645 
0.0316807 0.0374456 
0.0639434 0.0585693 
0.117216 0.076078 
0.175352 0.103299 
0.225044 0.153009 
0.255397 0.217013 
0.261661 0.272203 
0.256279 0.314107 
0.272631 0.380454 
0.344888 0.526524 
0.471493 0.761784 
0.596043 1.00703 
0.634248 1.12574 
0.535858 1.01903 
0.332121 0.709492 
0.123724 0.339772 
0.0129356 0.080835 
0.0337795 0.0214592 
0.137106 0.124326 
0.238977 0.274862 
0.286334 0.372561 
0.284937 0.389405 
0.276068 0.36184 
0.295522 0.343895 
0.355382 0.371573 
0.457121 0.461651 
0.613556 0.629809 
0.855508 0.900892 
1.2156 1.29705 
1.69308 1.80487 
2.21081 2.33444 
2.59534 2.70192 
2.62843 2.68259 
2.18792 2.15193 
1.40452 1.24491 
0.685747 0.387121 
0.509997 0.0937654 
1.08199 0.615667 
2.11258 1.6918 
2.9485 2.65192 
3.0103 2.85563 
2.21642 2.15563 
1.04721 1.01287 
0.187572 0.15767 
0.0372935 0.0638912 
0.477876 0.651422 
1.04753 1.42381 
1.32961 1.87983 
1.21848 1.84229 
0.889877 1.47599 
0.581227 1.06268 
0.413928 0.779439 
0.383303 0.653286 
0.453705 0.65904 
0.622692 0.807775 
0.898567 1.12992 
1.24699 1.59319 
1.58086 2.0598 
1.79984 2.33491 
1.83145 2.26894 
1.64442 1.84091 
1.2537 1.17983 
0.739812 0.521849 
0.260884 0.119761 
0.0104386 0.13105 
0.117487 0.532211 
0.556433 1.11748 
1.14871 1.60364 
1.66796 1.78645 
1.97133 1.64484 
2.0598 1.3214 
2.0368 1.00473 
2.01765 0.811984 
2.06514 0.755139 
2.18076 0.789984 
2.32479 0.877549 
2.42962 0.995462 
2.40499 1.10398 
2.16274 1.12494 
1.67415 0.978544 
1.02901 0.658898 
0.439688 0.279363 
0.16073 0.0334697 
0.357938 0.0853277 
1.00872 0.465394 
1.90317 1.0478 
2.74759 1.62327 
3.30149 2.01082 
3.46333 2.13199 
3.26909 2.01411 
2.83509 1.74896 
2.30242 1.45313 
