0.635143 0.927726 
0.501697 0.715018 
0.431835 0.540013 
0.396943 0.402648 
0.353229 0.285056 
0.275109 0.175582 
0.171866 0.0809965 
0.0777571 0.0191141 
0.0247348 4.54435e-05 
0.0189993 0.013632 
0.0395818 0.0363606 
0.0609788 0.055808 
0.0836256 0.0952508 
0.148317 0.216932 
0.319466 0.493845 
0.642437 0.960574 
1.09928 1.57066 
1.59236 2.18952 
1.97212 2.63516 
2.10011 2.75261 
1.91649 2.48683 
1.47587 1.9161 
0.930234 1.22637 
0.466081 0.63699 
0.227053 0.313456 
0.260344 0.308473 
0.510681 0.556505 
0.859228 0.91839 
1.18234 1.24851 
1.3992 1.45024 
1.48915 1.49757 
1.47945 1.42215 
1.41847 1.2819 
1.35127 1.13111 
1.30629 1.0041 
1.29217 0.913109 
1.30005 0.854136 
1.30847 0.814351 
1.29136 0.778224 
1.22876 0.73215 
1.11608 0.667574 
0.965876 0.582065 
0.7998 0.478637 
0.635865 0.365216 
0.480907 0.255987 
0.334625 0.173303 
0.201575 0.14524 
0.0991793 0.194369 
0.0513562 0.319911 
0.0691752 0.484236 
0.13317 0.617654 
0.194861 0.647218 
0.203033 0.538587 
0.140772 0.326254 
0.0471302 0.108488 
0.00361833 0.00216142 
0.0884391 0.0790574 
0.325338 0.321433 
0.661448 0.627419 
0.992283 0.868121 
1.22163 0.965224 
1.3198 0.942388 
1.34251 0.917126 
1.39666 1.0351 
1.57255 1.38376 
1.88327 1.93502 
2.24771 2.54912 
2.52635 3.03606 
2.58867 3.23913 
2.37434 3.09671 
1.918 2.65524 
1.33025 2.03593 
0.75088 1.38046 
0.300215 0.804932 
0.0485453 0.378784 
0.00956843 0.127297 
0.151565 0.0451659 
0.41584 0.108702 
0.734474 0.281583 
1.04395 0.516534 
1.294 0.758163 
1.45197 0.950269 
1.50305 1.04729 
1.44811 1.02647 
1.30073 0.895834 
1.0848 0.6936 
0.832091 0.476935 
0.578212 0.302536 
0.356378 0.206269 
0.190776 0.191191 
0.0925033 0.23015 
0.0599853 0.281736 
0.0828583 0.310899 
0.146181 0.303155 
0.23242 0.265764 
0.321451 0.217565 
0.391294 0.175535 
0.422035 0.146518 
0.402471 0.127454 
0.335824 0.111254 
0.240224 0.0926185 
0.142499 0.0701042 
0.0681584 0.0450158 
0.0332511 0.0205072 
0.0426782 0.0033551 
0.0950568 0.0071989 
0.189254 0.0527853 
0.325861 0.160948 
0.50016 0.338447 
0.690188 0.563128 
0.849846 0.778959 
0.917494 0.909476 
0.842783 0.889414 
0.621835 0.702499 
0.321024 0.405613 
0.0703663 0.122022 
0.0211191 2.6031e-05 
0.282285 0.151998 
0.865448 0.6016 
1.66683 1.26561 
2.49835 1.98072 
3.1552 2.56358 
3.48916 2.87634 
3.45591 2.86926 
3.11878 2.58543 
2.6134 2.13171 
2.09387 1.63414 
1.6845 1.19855 
1.453 0.888797 
1.40736 0.724106 
1.50913 0.688446 
1.69287 0.743811 
1.88472 0.842573 
2.0181 0.938178 
2.04645 0.994847 
1.95257 0.995562 
1.75158 0.945689 
1.48508 0.869897 
1.20692 0.802783 
0.965965 0.776996 
0.793008 0.813751 
0.697138 0.918365 
0.670734 1.07988 
0.697348 1.27196 
0.756311 1.45413 
0.822548 1.5759 
0.865918 1.5877 
0.855997 1.45868 
0.773694 1.19462 
0.623742 0.84449 
0.438351 0.487652 
0.266273 0.204184 
0.151088 0.0423638 
0.110774 0.0010236 
0.130906 0.0366378 
0.175425 0.0902742 
0.207752 0.117837 
0.208944 0.10645 
0.18278 0.0703026 
0.147061 0.0329006 
0.119103 0.00983971 
0.105495 0.00279207 
0.10139 0.00535246 
0.0974162 0.0129178 
0.0880041 0.0277713 
0.0757629 0.0564115 
0.0705517 0.103213 
0.0854184 0.167008 
0.132387 0.243804 
0.219571 0.333085 
0.349337 0.441812 
0.516799 0.581838 
0.708777 0.761311 
0.904209 0.975034 
1.07696 1.19976 
1.20085 1.39761 
1.25558 1.52654 
1.23152 1.55357 
1.13199 1.46545 
0.972363 1.2733 
0.77661 1.00995 
0.572156 0.721212 
0.384368 0.454019 
0.231811 0.244816 
0.123303 0.111496 
0.0574917 0.0510851 
0.0251543 0.0437023 
0.0135659 0.0612641 
0.0114989 0.0777846 
0.0130114 0.0775615 
0.0186048 0.0584925 
0.0334782 0.0298804 
0.0639408 0.00637196 
0.113796 0.00103339 
0.182268 0.0203861 
0.264034 0.0628491 
0.350915 0.120381 
0.434363 0.182088 
0.50811 0.238398 
0.570628 0.284666 
0.626833 0.323257 
0.687893 0.363074 
0.767766 0.415811 
0.876173 0.489296 
1.00999 0.580182 
1.14729 0.669833 
1.24884 0.727139 
1.26933 0.71947 
1.17594 0.62866 
0.966716 0.465057 
0.67961 0.271697 
0.385327 0.113938 
0.164497 0.0565602 
0.0774447 0.137172 
0.139853 0.348131 
0.316084 0.636418 
0.534132 0.922812 
0.71557 1.13209 
0.806142 1.22016 
0.792503 1.18571 
0.698504 1.06247 
0.566114 0.899282 
0.434441 0.741183 
0.329989 0.622644 
0.272079 0.574098 
0.285386 0.632068 
0.405075 0.839073 
0.664422 1.22594 
1.068 1.78282 
1.56676 2.43685 
2.05499 3.0556 
2.39882 3.48315 
2.48738 3.59633 
2.28172 3.35497 
1.83499 2.8196 
1.2715 2.12665 
0.734572 1.43297 
0.330536 0.858124 
0.0972951 0.452376 
0.010836 0.202803 
0.0208679 0.0679507 
0.0908911 0.0165604 
0.217686 0.0462539 
0.419913 0.172766 
0.705768 0.399809 
1.04303 0.692121 
1.35353 0.972274 
1.53907 1.14689 
1.52625 1.14914 
1.30529 0.973318 
0.939968 0.680591 
