0.6636 0.793917 
0.861377 1.08008 
1.08582 1.29107 
1.25013 1.3714 
1.26065 1.27406 
1.05675 0.97204 
0.675843 0.529136 
0.267695 0.131548 
0.0279614 0.0148032 
0.0985193 0.331147 
0.496745 1.05276 
1.09632 1.96327 
1.66178 2.73432 
1.94446 3.06376 
1.81695 2.82836 
1.35792 2.1602 
0.797622 1.36557 
0.352576 0.724308 
0.101276 0.335171 
0.0158356 0.143819 
0.0843047 0.0977439 
0.349289 0.231744 
0.800892 0.578022 
1.26712 1.02165 
1.47869 1.30735 
1.28534 1.23212 
0.803463 0.830574 
0.328313 0.352209 
0.0954972 0.0524958 
0.13435 0.0123189 
0.34047 0.148414 
0.650619 0.360825 
1.11094 0.636787 
1.77545 1.01534 
2.56898 1.48517 
3.27672 1.94409 
3.67345 2.25629 
3.66194 2.33467 
3.29913 2.16963 
2.71578 1.80331 
2.03083 1.30432 
1.33727 0.774249 
0.740174 0.358322 
0.37102 0.213978 
0.338292 0.435518 
0.653306 0.988242 
1.20435 1.71062 
1.80919 2.39001 
2.30504 2.85843 
2.60809 3.04579 
2.71052 2.9703 
2.63646 2.69443 
2.40105 2.28652 
2.00448 1.80864 
1.46677 1.32752 
0.879838 0.931686 
0.42499 0.72818 
0.304553 0.796026 
0.598452 1.10929 
1.15096 1.49489 
1.61584 1.69598 
1.67451 1.53169 
1.27222 1.03818 
0.667993 0.461684 
0.240264 0.0912324 
0.205651 0.0616433 
0.481287 0.283649 
0.786438 0.542343 
0.875308 0.666207 
0.707646 0.63221 
0.445493 0.546892 
0.309435 0.541443 
0.413548 0.664733 
0.687814 0.843893 
0.928213 0.935229 
0.937764 0.833284 
0.669997 0.565323 
0.281526 0.300452 
0.0500164 0.255854 
0.197288 0.554885 
0.727524 1.13077 
1.3981 1.74685 
1.86381 2.13166 
1.90825 2.14602 
1.59053 1.86319 
1.18198 1.49524 
0.937774 1.22014 
0.900894 1.05725 
0.911015 0.900398 
0.794822 0.664275 
0.538518 0.384986 
0.27563 0.171007 
0.128766 0.0744728 
0.0957482 0.046373 
0.103679 0.0383181 
0.15218 0.129362 
0.360886 0.504776 
0.842607 1.26488 
1.52284 2.23819 
2.10379 3.00257 
2.24463 3.14134 
1.82318 2.54394 
1.05396 1.5056 
0.351723 0.538568 
0.0466884 0.0412652 
0.184051 0.0815391 
0.558874 0.441646 
0.922889 0.845623 
1.1574 1.15018 
1.27232 1.35325 
1.28842 1.47556 
1.17252 1.48704 
0.905857 1.36583 
0.58538 1.1983 
0.403169 1.16647 
0.487791 1.39731 
0.764466 1.81975 
0.994363 2.18986 
0.974878 2.27992 
0.714165 2.05925 
0.414916 1.70116 
0.28899 1.42014 
0.381311 1.29864 
0.557071 1.25391 
0.640946 1.14954 
0.563491 0.927473 
0.388497 0.642343 
0.225195 0.392235 
0.13088 0.234753 
0.0928016 0.1682 
0.0809731 0.173862 
0.0950639 0.253061 
0.152459 0.411978 
0.242244 0.617142 
0.311685 0.784622 
0.313153 0.832255 
0.264971 0.752449 
0.253838 0.630682 
0.362612 0.581146 
0.588423 0.652827 
0.833384 0.792207 
0.980127 0.895112 
0.980411 0.89453 
0.877621 0.80333 
0.757343 0.686037 
0.687669 0.604454 
0.699863 0.589987 
0.798038 0.645927 
0.959378 0.749478 
1.12335 0.846547 
1.20649 0.86706 
1.15581 0.772975 
0.995735 0.599474 
0.813994 0.437327 
0.691929 0.360986 
0.645029 0.369121 
0.626108 0.394528 
0.576651 0.368523 
0.471555 0.274766 
0.326224 0.150313 
0.179422 0.0496191 
0.0756841 0.011841 
0.0505129 0.0492544 
0.111902 0.147272 
0.226806 0.267005 
0.332254 0.355784 
0.373788 0.371139 
0.345091 0.307863 
0.295655 0.207718 
0.297235 0.140211 
0.392114 0.16285 
0.560263 0.284568 
0.729231 0.456672 
0.820427 0.599638 
0.798904 0.649474 
0.691202 0.592174 
0.560963 0.463934 
0.464744 0.321979 
0.421916 0.211177 
0.415067 0.147975 
0.411443 0.124354 
0.385657 0.12121 
0.331321 0.120939 
0.260049 0.114745 
0.191644 0.103596 
0.142243 0.0942534 
0.118898 0.0947435 
0.124345 0.112979 
0.164854 0.156559 
0.24946 0.228952 
0.379089 0.32338 
0.538586 0.423172 
0.703919 0.513205 
0.859059 0.592927 
1.00277 0.674603 
1.13369 0.762833 
1.22665 0.832684 
1.22832 0.831559 
1.08781 0.713478 
0.805185 0.484821 
0.456109 0.222753 
0.161613 0.040649 
0.0156541 0.0160724 
0.0252507 0.135081 
0.114399 0.30249 
0.189041 0.414163 
0.204983 0.429992 
0.181911 0.385396 
0.164499 0.341021 
0.181654 0.329657 
0.241662 0.350029 
0.346864 0.393828 
0.489796 0.456262 
0.631739 0.516699 
0.706844 0.531812 
0.673002 0.475775 
0.563544 0.39174 
0.471978 0.380402 
0.468762 0.510818 
0.532753 0.736432 
0.574534 0.913235 
0.529934 0.915796 
0.42233 0.739988 
0.328146 0.493234 
0.29141 0.292774 
0.28908 0.183781 
0.283863 0.15201 
0.294242 0.191204 
0.389438 0.329241 
0.605578 0.578229 
0.874725 0.87271 
1.05155 1.07986 
1.02158 1.08711 
0.791118 0.887733 
0.478399 0.585865 
0.222265 0.321448 
0.0949791 0.185798 
0.0862137 0.192743 
0.148308 0.307406 
0.243123 0.486192 
0.350486 0.690598 
0.451692 0.880136 
0.524709 1.01254 
0.561174 1.06141 
0.579089 1.03191 
0.606123 0.952472 
0.644753 0.847766 
0.657263 0.720316 
0.592726 0.560087 
0.43624 0.371675 
0.237571 0.191757 
