0.665818 0.457069 
1.62347 1.3051 
2.40196 2.03455 
2.60842 2.26182 
2.31611 2.05366 
1.93243 1.78797 
1.79663 1.75508 
1.91753 1.915 
2.05791 2.01142 
2.00423 1.86268 
1.73207 1.51956 
1.36535 1.18498 
1.0525 1.04353 
0.896414 1.17025 
0.938158 1.53054 
1.13332 1.99239 
1.33589 2.3401 
1.36086 2.35254 
1.11808 1.94554 
0.69639 1.25949 
0.299382 0.58251 
0.0857039 0.156018 
0.0655697 0.0309144 
0.136419 0.087353 
0.194776 0.168518 
0.20683 0.192039 
0.194459 0.162204 
0.185664 0.115951 
0.188816 0.075987 
0.198373 0.0439766 
0.205772 0.0170053 
0.202206 0.00106783 
0.182074 0.0125672 
0.152462 0.0708574 
0.136975 0.185219 
0.161804 0.34069 
0.231923 0.493087 
0.321534 0.584791 
0.394622 0.581015 
0.443443 0.506235 
0.51095 0.449935 
0.670956 0.525762 
0.975232 0.804062 
1.40853 1.26472 
1.88796 1.80542 
2.30461 2.29629 
2.57184 2.63699 
2.64884 2.78126 
2.53908 2.73057 
2.28132 2.52101 
1.94057 2.21455 
1.59121 1.88517 
1.29095 1.59374 
1.06313 1.36765 
0.903766 1.20585 
0.802995 1.10275 
0.752254 1.05865 
0.728825 1.05926 
0.686362 1.05261 
0.581733 0.968192 
0.421324 0.777654 
0.270039 0.535233 
0.195798 0.342224 
0.200329 0.261994 
0.217802 0.275349 
0.192603 0.323569 
0.149075 0.380469 
0.164093 0.459053 
0.265252 0.54671 
0.37522 0.566707 
0.381883 0.442818 
0.272196 0.212889 
0.187275 0.0571255 
0.330749 0.184335 
0.808928 0.67039 
1.54345 1.39607 
2.32133 2.13217 
2.92457 2.6833 
3.23069 2.96806 
3.226 2.99694 
2.96087 2.81059 
2.51778 2.46257 
2.02637 2.06235 
1.68253 1.80856 
1.69427 1.92565 
2.14018 2.50228 
2.8436 3.35178 
3.40817 4.04756 
3.44662 4.16259 
2.84764 3.55282 
1.8577 2.45622 
0.899866 1.32188 
0.28281 0.513129 
0.0409268 0.123065 
0.00817449 0.0174918 
0.0128564 0.0141025 
0.00177143 0.020158 
0.0124158 0.0377317 
0.0713575 0.0865395 
0.144465 0.147983 
0.180487 0.178243 
0.184171 0.157429 
0.233744 0.116 
0.421924 0.113655 
0.772842 0.191796 
1.20376 0.338281 
1.55969 0.48888 
1.69585 0.563667 
1.55686 0.516808 
1.20842 0.370972 
0.804539 0.212862 
0.505075 0.144547 
0.387147 0.213688 
0.40468 0.36947 
0.429291 0.486369 
0.353501 0.453965 
0.184307 0.272007 
0.0479175 0.0682193 
0.0876456 0.00759792 
0.330484 0.157449 
0.640786 0.425593 
0.815042 0.634016 
0.743044 0.664765 
0.491094 0.542943 
0.232606 0.385449 
0.0979176 0.280823 
0.0867955 0.226837 
0.111042 0.174113 
0.100014 0.103749 
0.0551509 0.0444898 
0.0168144 0.0241946 
0.00528808 0.0317902 
0.00917937 0.0426727 
0.0233671 0.0723224 
0.0778543 0.18307 
0.213686 0.422639 
0.427312 0.753727 
0.645602 1.05085 
0.766787 1.17805 
0.735693 1.08381 
0.584225 0.832735 
0.40112 0.551103 
0.264977 0.339737 
0.204999 0.22844 
0.212384 0.19479 
0.266011 0.205007 
0.33447 0.22837 
0.370132 0.230027 
0.338221 0.185402 
0.274552 0.125824 
0.299682 0.159351 
0.535762 0.407829 
0.979043 0.887569 
1.45602 1.44536 
1.73049 1.83391 
1.6798 1.88061 
1.38078 1.60452 
1.02899 1.1801 
0.774531 0.791207 
0.629179 0.515536 
0.516463 0.333034 
0.393556 0.219813 
0.313625 0.210801 
0.368913 0.361973 
0.579056 0.658499 
0.844332 0.977715 
1.01739 1.16174 
1.025 1.13853 
0.918983 0.973622 
0.81103 0.802157 
0.767625 0.712372 
0.771116 0.692977 
0.764378 0.676618 
0.707411 0.611869 
0.590858 0.491955 
0.426114 0.340539 
0.246947 0.194306 
0.107383 0.0929945 
0.0497778 0.063527 
0.0761415 0.110743 
0.176885 0.240573 
0.387712 0.490383 
0.771739 0.899021 
1.30166 1.41272 
1.77485 1.83502 
1.90911 1.92393 
1.57474 1.5834 
0.938617 0.967038 
0.35769 0.378714 
0.10797 0.0532422 
0.194611 0.0110084 
0.397704 0.0965292 
0.483104 0.139557 
0.379281 0.0889662 
0.186423 0.0199292 
0.0480351 0.032657 
0.0217217 0.144865 
0.0578793 0.273096 
0.0792637 0.312212 
0.0648065 0.232132 
0.056015 0.0997422 
0.0954971 0.0122273 
0.173478 0.0137386 
0.236382 0.0732336 
0.239519 0.131429 
0.186623 0.160307 
0.122929 0.179347 
0.0952301 0.221771 
0.1142 0.287418 
0.146561 0.326948 
0.147233 0.279875 
0.120034 0.149812 
0.164874 0.0587584 
0.449236 0.208673 
1.07752 0.730942 
1.93218 1.51456 
2.643 2.18021 
2.78457 2.29627 
2.20035 1.7201 
1.18282 0.779422 
0.311826 0.0904995 
0.0496543 0.120712 
0.427864 0.852421 
1.08232 1.82667 
1.57052 2.5037 
1.67316 2.61627 
1.45587 2.25452 
1.12194 1.69644 
0.839689 1.18766 
0.672146 0.836239 
0.603539 0.637504 
0.597915 0.553535 
0.644385 0.575848 
0.768633 0.736876 
1.00346 1.06925 
1.33868 1.54749 
1.69774 2.06669 
1.96958 2.48339 
2.06924 2.68523 
1.97528 2.63399 
1.72455 2.36293 
1.38475 1.94975 
1.02756 1.48696 
0.708682 1.05436 
0.459273 0.700063 
0.29228 0.440742 
0.209473 0.273151 
0.189919 0.175394 
0.17864 0.105815 
0.120826 0.0349662 
0.0318476 0.00125576 
