0.443494 0.10875 0.0844262 
0.776736 0.267591 0.00376139 
0.984505 0.46893 0.0950553 
0.983988 0.662959 0.381135 
0.816372 0.811306 0.785054 
0.595717 0.891085 1.16906 
0.401923 0.876012 1.39398 
0.24103 0.750375 1.39256 
0.107505 0.561068 1.22798 
0.0402435 0.42171 1.06355 
0.0787252 0.419025 1.02783 
0.18327 0.515257 1.09511 
0.249114 0.578259 1.11967 
0.214171 0.519545 0.994588 
0.12292 0.378093 0.755484 
0.06468 0.256422 0.521155 
0.0715173 0.203278 0.365188 
0.103007 0.188368 0.276472 
0.117467 0.175158 0.225711 
0.124422 0.175813 0.22086 
0.164236 0.224794 0.28141 
0.265737 0.33052 0.392204 
0.436333 0.475742 0.51494 
0.665568 0.645494 0.634045 
0.908069 0.823739 0.761105 
1.0746 0.967967 0.893602 
1.08111 1.02407 1.00047 
0.93059 0.989534 1.06948 
0.737279 0.951391 1.15707 
0.655172 1.04203 1.36904 
0.780474 1.35221 1.78552 
1.11769 1.88329 2.40455 
1.60922 2.55913 3.14132 
2.15876 3.24885 3.85147 
2.62123 3.77181 4.34667 
2.81432 3.92319 4.42567 
2.60166 3.56247 3.95758 
2.00147 2.72522 2.98917 
1.21323 1.65577 1.78333 
0.515003 0.702338 0.722249 
0.103993 0.133746 0.115333 
0.00447478 0.00732564 0.0391098 
0.101258 0.17636 0.31977 
0.24904 0.414629 0.664172 
0.360528 0.555953 0.83969 
0.4185 0.556115 0.780478 
0.433515 0.460795 0.567628 
0.406803 0.334308 0.329028 
0.332663 0.214673 0.149855 
0.223253 0.115028 0.0490539 
0.116072 0.0432702 0.00776762 
0.0498497 0.00700559 0.001793 
0.0344341 0.00304727 0.0118984 
0.0477016 0.0140668 0.0225101 
0.0609357 0.0225024 0.025604 
0.0629079 0.0250092 0.0257742 
0.0588168 0.028175 0.0322908 
0.053002 0.0318537 0.0419722 
0.0419243 0.0254594 0.0370787 
0.0259687 0.00753429 0.0120068 
0.0206333 0.00624255 0.00647346 
0.04707 0.0695568 0.102894 
0.110217 0.224588 0.372413 
0.192717 0.443761 0.807464 
0.275102 0.655448 1.30292 
0.356452 0.792856 1.71031 
0.444001 0.834734 1.92328 
0.520674 0.8025 1.92533 
0.538162 0.728494 1.77215 
0.461068 0.63733 1.54097 
0.320091 0.553617 1.295 
0.204997 0.507652 1.07587 
0.190334 0.517328 0.907662 
0.270037 0.569001 0.803251 
0.372288 0.631314 0.776887 
0.432065 0.689823 0.853897 
0.436135 0.754503 1.05423 
0.404194 0.828116 1.35362 
0.35567 0.883756 1.66779 
0.311112 0.890246 1.89283 
0.301634 0.850514 1.96723 
0.339003 0.792246 1.88952 
0.376372 0.721675 1.68391 
0.340595 0.617492 1.37705 
0.233156 0.490247 1.02553 
0.174047 0.422104 0.74094 
0.292742 0.499791 0.637244 
0.557687 0.6927 0.725518 
0.751893 0.833085 0.877836 
0.6713 0.766079 0.930927 
0.368848 0.536691 0.84335 
0.184298 0.408394 0.744246 
0.497084 0.6637 0.815023 
1.41097 1.357 1.1145 
2.64441 2.24036 1.51034 
3.70967 2.92288 1.77194 
4.22245 3.12604 1.73717 
4.10946 2.84299 1.421 
3.5987 2.31203 1.00063 
3.04355 1.85352 0.704542 
2.71367 1.68574 0.679725 
2.66628 1.81834 0.909085 
2.74736 2.06761 1.22235 
2.70814 2.1778 1.39813 
2.36798 1.97766 1.29861 
1.72796 1.47762 0.948469 
0.969206 0.851204 0.505986 
0.348653 0.327012 0.158606 
0.0693283 0.0742515 0.0269991 
0.19763 0.143947 0.130601 
0.647426 0.46661 0.400028 
1.21429 0.88028 0.702455 
1.64651 1.18386 0.882044 
1.74535 1.22168 0.832587 
1.46488 0.97163 0.573776 
0.956761 0.57558 0.260569 
0.516779 0.274988 0.0942369 
0.439675 0.281122 0.194368 
0.846943 0.654414 0.528877 
1.58711 1.26005 0.943901 
2.29215 1.828 1.25679 
2.58618 2.09581 1.34947 
2.32 1.95839 1.22054 
1.65598 1.52388 0.976614 
0.93264 1.02668 0.762199 
0.423684 0.661135 0.663028 
0.190862 0.469336 0.650765 
0.125194 0.364415 0.617446 
0.0947786 0.246361 0.475557 
0.0523807 0.0994869 0.243056 
0.0396716 0.00325229 0.0483523 
0.131706 0.0729414 0.0564833 
0.384512 0.385297 0.370129 
0.803928 0.928465 0.964732 
1.32852 1.59141 1.68963 
1.83303 2.19631 2.33052 
2.16609 2.5637 2.69769 
2.21293 2.58189 2.69467 
1.94973 2.24826 2.34055 
1.45863 1.66759 1.75011 
0.895305 1.0122 1.0904 
0.423217 0.45781 0.526381 
0.145562 0.117605 0.166156 
0.0713118 0.00559121 0.0272226 
0.135402 0.0524991 0.0467932 
0.256399 0.163768 0.132499 
0.388592 0.277795 0.218004 
0.535231 0.387044 0.287628 
0.723386 0.518641 0.364403 
0.964502 0.697337 0.480345 
1.22552 0.914141 0.646546 
1.4277 1.11504 0.832964 
1.48083 1.2198 0.971091 
1.33997 1.16879 0.989836 
1.04502 0.968997 0.867303 
0.704527 0.697726 0.653559 
0.430721 0.454228 0.437421 
0.281993 0.30224 0.28717 
0.261173 0.256054 0.223824 
0.353425 0.309626 0.243471 
0.543359 0.45585 0.342576 
0.786218 0.663015 0.502474 
0.981565 0.846219 0.657853 
1.01125 0.896015 0.7132 
0.828449 0.760248 0.615794 
0.509897 0.496876 0.409834 
0.207707 0.232752 0.201995 
0.040265 0.0655592 0.070075 
0.0233318 0.00856094 0.0156951 
0.092206 0.021555 0.00461192 
0.169858 0.0698075 0.0272227 
0.208391 0.135799 0.0948791 
0.188717 0.189645 0.185931 
0.116095 0.185657 0.232136 
0.0304788 0.10998 0.183511 
0.00275422 0.0201697 0.0778184 
0.0906736 0.0118192 0.0215189 
0.282857 0.132319 0.0909768 
0.48942 0.329061 0.257041 
0.598415 0.486031 0.409501 
0.552895 0.512594 0.450749 
0.385709 0.404162 0.366843 
0.190029 0.232046 0.22227 
0.0550914 0.0846429 0.100815 
0.0149573 0.0114348 0.0492709 
0.0407519 0.00527479 0.0604321 
0.0746425 0.0248716 0.0941821 
0.0767408 0.0333616 0.112264 
0.0492072 0.022286 0.100428 
0.0220396 0.00620416 0.0670456 
0.018701 0.000459714 0.028772 
0.0364315 0.00849778 0.00264851 
0.0582221 0.0303219 0.009998 
0.0788074 0.0758143 0.0762707 
0.112411 0.158632 0.211093 
0.171395 0.270385 0.379911 
0.239526 0.364834 0.502501 
0.273285 0.380472 0.499182 
0.237052 0.29194 0.357458 
0.141273 0.144411 0.158812 
0.0460149 0.0330418 0.0307579 
0.023137 0.0385078 0.0564803 
0.106736 0.170437 0.216395 
0.268973 0.362042 0.407529 
0.435627 0.514302 0.517786 
0.528149 0.553465 0.493162 
0.506287 0.466851 0.35672 
0.388328 0.303814 0.183238 
0.238563 0.146974 0.0561513 
0.129097 0.0682473 0.0282288 
0.0978772 0.0900633 0.0977964 
0.127759 0.172895 0.209769 
0.160981 0.240097 0.285882 
0.144202 0.230405 0.273327 
0.0761234 0.145672 0.182488 
0.0163233 0.053258 0.0807386 
0.0350323 0.0292693 0.0364361 
0.140325 0.08515 0.0561934 
0.25729 0.152195 0.0808965 
0.292232 0.151169 0.0564648 
0.221204 0.0787098 0.00728035 
0.107117 0.0114 0.0197911 
0.0288315 0.018059 0.140411 
0.00729794 0.0820098 0.303067 
0.00893216 0.124829 0.380639 
0.00480715 0.0986931 0.310832 
0.00315801 0.0350011 0.156353 
0.0244819 0.000480155 0.0375638 
0.0674442 0.0255895 0.0215502 
0.111655 0.0868529 0.0840817 
0.141943 0.143577 0.15927 
0.156323 0.1724 0.201049 
0.156258 0.170554 0.199837 
0.142509 0.145483 0.166708 
0.119149 0.108553 0.118043 
0.0906727 0.0695508 0.0683069 
0.0561757 0.0326279 0.0270063 
0.0185803 0.00452615 0.00391847 
4.85285e-05 0.00689296 0.0177708 
0.0307371 0.0643349 0.0865177 
0.109942 0.167504 0.196278 
0.188469 0.257846 0.288028 
0.206927 0.269481 0.296688 
0.153066 0.192236 0.213009 
0.0709672 0.0836851 0.0983801 
0.013736 0.0150432 0.0312286 
0.000705693 0.0139955 0.043395 
0.0253403 0.0631162 0.110836 
0.0861928 0.136435 0.19151 
0.186537 0.216557 0.254742 
0.303195 0.279425 0.279333 
