0.458539 0.682019 0.921069 
0.444092 0.711166 1.03163 
0.333209 0.642379 1.08632 
0.179655 0.536457 1.13616 
0.0622161 0.472649 1.23176 
0.0436223 0.505985 1.3894 
0.137073 0.636979 1.57506 
0.299069 0.810448 1.71684 
0.452597 0.944007 1.73996 
0.527394 0.970107 1.6052 
0.494521 0.868359 1.32944 
0.376587 0.671453 0.977669 
0.229902 0.443947 0.632385 
0.111366 0.248523 0.358544 
0.0507891 0.119767 0.182807 
0.0441515 0.0585698 0.0953075 
0.0688919 0.0461406 0.0681808 
0.108067 0.0647958 0.076487 
0.165262 0.110276 0.108743 
0.259265 0.188009 0.163439 
0.401902 0.297705 0.237726 
0.574879 0.418983 0.318543 
0.72386 0.510375 0.383121 
0.778687 0.525662 0.408603 
0.6927 0.440465 0.384601 
0.480734 0.274698 0.321311 
0.232582 0.0969451 0.248793 
0.0887746 0.00465831 0.207498 
0.18404 0.0855765 0.233451 
0.58166 0.37559 0.342938 
1.22974 0.832017 0.521808 
1.96349 1.33681 0.724171 
2.55814 1.7328 0.88364 
2.81363 1.88164 0.936335 
2.63595 1.72116 0.848932 
2.07919 1.29695 0.639842 
1.32797 0.75167 0.38103 
0.625925 0.273005 0.174704 
0.180219 0.0197112 0.111269 
0.0830446 0.0573313 0.226648 
0.28383 0.332707 0.480887 
0.622805 0.700028 0.771801 
0.908613 0.987243 0.980024 
1.00292 1.07194 1.02423 
0.873158 0.930811 0.898053 
0.591675 0.640148 0.668995 
0.287091 0.330059 0.440178 
0.0768902 0.118854 0.296922 
0.0172258 0.0626963 0.268217 
0.0926883 0.144391 0.32325 
0.243959 0.300874 0.401023 
0.409985 0.466867 0.451144 
0.556543 0.605957 0.459149 
0.67686 0.713145 0.442852 
0.771769 0.794851 0.427533 
0.831013 0.847592 0.421788 
0.833714 0.854475 0.412904 
0.768226 0.801917 0.38362 
0.653689 0.701061 0.334656 
0.542189 0.593515 0.292929 
0.49459 0.533167 0.297168 
0.544405 0.55522 0.371066 
0.675555 0.654957 0.50457 
0.832038 0.792652 0.658109 
0.955204 0.922082 0.787306 
1.02405 1.02253 0.870361 
1.07073 1.11152 0.918711 
1.1599 1.22935 0.964291 
1.34518 1.40677 1.03368 
1.63061 1.63801 1.12779 
1.96096 1.87689 1.22013 
2.24558 2.0573 1.27279 
2.39966 2.12406 1.2576 
2.37923 2.05554 1.16891 
2.1931 1.86786 1.02255 
1.89075 1.60252 0.845249 
1.53759 1.30788 0.663317 
1.192 1.02457 0.496559 
0.892811 0.779133 0.357522 
0.657711 0.584229 0.252705 
0.488143 0.4416 0.183011 
0.375884 0.345424 0.143634 
0.308659 0.285608 0.125199 
0.274179 0.251212 0.117029 
0.262652 0.233516 0.111245 
0.26774 0.22765 0.105344 
0.285917 0.232152 0.101794 
0.314597 0.246884 0.105148 
0.349837 0.270427 0.118414 
0.384646 0.298203 0.140454 
0.408906 0.322153 0.165398 
0.411493 0.332364 0.184258 
0.384324 0.32041 0.18827 
0.326678 0.283234 0.17275 
0.247257 0.225515 0.139638 
0.162033 0.158721 0.0970532 
0.0882473 0.0967595 0.0557434 
0.0376949 0.0504805 0.0243784 
0.0133114 0.0244007 0.0067066 
0.0109866 0.0175289 0.00234786 
0.0247272 0.0270776 0.0101547 
0.0507672 0.0515397 0.0308971 
0.0873113 0.0902691 0.0665299 
0.130592 0.139962 0.116308 
0.171501 0.191569 0.173069 
0.196961 0.231324 0.223426 
0.196258 0.246359 0.25278 
0.167947 0.231442 0.252314 
0.121781 0.192004 0.223372 
0.0736067 0.141199 0.176444 
0.0366422 0.0931179 0.125788 
0.0154786 0.0569239 0.0834089 
0.0070391 0.0355032 0.0558884 
0.00721499 0.0283529 0.0447759 
0.0174502 0.0352082 0.0486493 
0.0456729 0.0568755 0.0644541 
0.100496 0.0926948 0.0874451 
0.182881 0.137302 0.11106 
0.281435 0.180167 0.128411 
0.374944 0.209189 0.135505 
0.440758 0.216366 0.134259 
0.464039 0.201834 0.132786 
0.442821 0.173638 0.141902 
0.386927 0.143451 0.169334 
0.312417 0.120939 0.214843 
0.235106 0.109944 0.269104 
0.166194 0.108165 0.317131 
0.111084 0.109839 0.344471 
0.0707006 0.109441 0.343073 
0.0438644 0.10444 0.314071 
0.0294507 0.0960734 0.266525 
0.027663 0.088317 0.213158 
0.0402304 0.0859908 0.165398 
0.06968 0.0930012 0.129999 
0.118046 0.111379 0.108402 
0.185519 0.141213 0.0984946 
0.269534 0.181156 0.0973641 
0.364547 0.228988 0.103388 
0.462512 0.281853 0.116687 
0.553758 0.336066 0.137987 
0.62802 0.386752 0.166778 
0.675501 0.42773 0.199925 
0.688037 0.452045 0.231544 
0.660552 0.453307 0.25428 
0.592762 0.427608 0.261473 
0.490759 0.375473 0.249391 
0.367721 0.303037 0.218659 
0.242821 0.221684 0.174355 
0.137815 0.145773 0.124653 
0.0716616 0.088792 0.078425 
0.0546381 0.059089 0.0425811 
0.0842378 0.0568506 0.0201227 
0.144947 0.0738326 0.00969422 
0.212721 0.0963576 0.00687827 
0.262929 0.110614 0.0066883 
0.278716 0.108032 0.00605887 
0.256246 0.0882592 0.00503357 
0.204556 0.0583268 0.00602263 
0.140374 0.0286089 0.0116755 
0.0807128 0.00789376 0.0228588 
0.0369971 0.00027686 0.0381968 
0.0131936 0.00523363 0.0554804 
0.00775907 0.0200302 0.0737403 
0.0170073 0.0421604 0.0941296 
0.0371862 0.069877 0.118675 
0.0642912 0.100837 0.147862 
0.0929113 0.130771 0.179316 
0.116309 0.154226 0.209214 
0.128672 0.167507 0.235646 
0.128175 0.171577 0.260984 
0.118218 0.172009 0.290404 
0.105351 0.17515 0.326633 
0.0950676 0.182918 0.364589 
0.088619 0.190379 0.390735 
0.0833545 0.188554 0.389165 
0.076151 0.170847 0.351242 
0.0668059 0.138306 0.28224 
0.0582872 0.0995159 0.19983 
0.0536581 0.0651276 0.12501 
0.0527948 0.0415496 0.0717875 
0.0525384 0.0290957 0.0429397 
0.0508315 0.0260393 0.0343889 
0.0512219 0.0345397 0.0436642 
0.0628019 0.0621618 0.0744917 
0.0939824 0.116099 0.132765 
0.144139 0.193829 0.216717 
0.200254 0.278218 0.309832 
0.24291 0.342893 0.383934 
0.258785 0.366081 0.412333 
0.250818 0.343884 0.38474 
0.237582 0.29314 0.313446 
0.240797 0.240941 0.226075 
0.269013 0.207548 0.149777 
0.309273 0.194549 0.0977105 
0.333598 0.186507 0.0665142 
0.316811 0.16459 0.0450712 
0.253886 0.122131 0.026691 
0.165054 0.0709063 0.0151274 
0.0851615 0.0339798 0.0204321 
0.0443149 0.0305781 0.0488175 
0.052196 0.0637116 0.0950497 
0.0951921 0.118579 0.143407 
0.146582 0.171826 0.176357 
0.181986 0.204572 0.184398 
0.190354 0.21065 0.170165 
0.175275 0.195991 0.144638 
0.148304 0.171508 0.119066 
0.120335 0.145489 0.0986799 
0.0965751 0.120412 0.082056 
0.0768 0.0949261 0.0653597 
0.058793 0.0680453 0.0473849 
0.0415386 0.0418716 0.0314788 
0.0261385 0.0211214 0.0234032 
0.0146665 0.0104535 0.0273118 
0.00851535 0.0119051 0.0430334 
0.00759622 0.0241258 0.0663903 
0.0106982 0.0434794 0.091849 
0.0164567 0.0658759 0.115303 
0.0242071 0.088109 0.135113 
0.0343293 0.108216 0.151109 
0.0480583 0.125177 0.162785 
0.0668925 0.138555 0.168308 
0.0917673 0.148407 0.165217 
0.122219 0.155416 0.15238 
0.155862 0.160911 0.131864 
0.188502 0.166546 0.109388 
0.21501 0.173666 0.0928031 
0.230767 0.182651 0.0892046 
0.233253 0.192681 0.102061 
0.223241 0.202178 0.129814 
0.205111 0.209829 0.166642 
0.185987 0.215624 0.204909 
0.17366 0.221147 0.237943 
0.173789 0.228667 0.261697 
0.187456 0.239385 0.274665 
0.210471 0.251965 0.276615 
0.235357 0.262621 0.267453 
0.255622 0.267195 0.247233 
0.270289 0.264195 0.217273 
0.285806 0.256756 0.181223 
0.313356 0.251709 0.144796 
0.362073 0.255698 0.113781 
0.43148 0.270337 0.0913924 
0.507662 0.289481 0.076733 
0.566262 0.300785 0.0655695 
0.581793 0.291241 0.0531188 
0.539079 0.253921 0.0371634 
0.441111 0.192286 0.0196107 
0.309245 0.119723 0.00566478 
0.175548 0.0545544 0.00127627 
0.0709119 0.0130495 0.0103991 
