0.42138 1.21659 1.65641 
0.337948 1.09291 1.51096 
0.24045 0.876752 1.219 
0.208296 0.668154 0.88874 
0.335882 0.592383 0.656846 
0.674793 0.739114 0.629608 
1.17538 1.09814 0.822792 
1.67866 1.53991 1.1409 
1.98567 1.87021 1.41982 
1.97243 1.93603 1.5145 
1.67252 1.71546 1.37814 
1.26338 1.32942 1.08267 
0.961244 0.967459 0.770389 
0.897002 0.779153 0.571618 
1.05516 0.800856 0.539321 
1.30593 0.95549 0.634028 
1.49459 1.11243 0.758985 
1.52327 1.16261 0.819119 
1.38196 1.06619 0.769124 
1.12843 0.855264 0.626393 
0.845659 0.602186 0.447294 
0.605614 0.378133 0.287411 
0.451202 0.224547 0.173425 
0.393259 0.146464 0.10139 
0.415357 0.12312 0.0546938 
0.481841 0.12478 0.0228816 
0.547623 0.126634 0.00756209 
0.570776 0.116956 0.0159372 
0.530322 0.102001 0.0523866 
0.447504 0.10981 0.117142 
0.396875 0.188796 0.211803 
0.485303 0.39167 0.343124 
0.790833 0.741179 0.516648 
1.28938 1.1923 0.720899 
1.82505 1.62068 0.913874 
2.16432 1.86003 1.02676 
2.11742 1.78087 0.991631 
1.65614 1.37098 0.785035 
0.951806 0.769534 0.465561 
0.30536 0.227501 0.177686 
0.00572029 0.00447677 0.10411 
0.192889 0.248287 0.377887 
0.797682 0.919894 1.00057 
1.58658 1.80839 1.82262 
2.28074 2.63041 2.60716 
2.6784 3.15626 3.13977 
2.71752 3.29274 3.31641 
2.46423 3.09087 3.16636 
2.05837 2.69765 2.81746 
1.65543 2.28994 2.43663 
1.38046 2.01317 2.16879 
1.29338 1.93324 2.08443 
1.37131 2.01518 2.15262 
1.52114 2.14536 2.26143 
1.62253 2.19266 2.28334 
1.58039 2.07411 2.14613 
1.36239 1.78809 1.86393 
1.01051 1.40542 1.51787 
0.624796 1.03303 1.21145 
0.318065 0.765511 1.02602 
0.154002 0.637197 0.98497 
0.108402 0.599742 1.03605 
0.0954664 0.55493 1.07358 
0.0510833 0.436624 1.00667 
0.00216982 0.280049 0.831929 
0.050174 0.207984 0.644487 
0.274231 0.331154 0.56505 
0.639865 0.643756 0.639688 
0.997263 1.00589 0.799046 
1.17196 1.22891 0.910468 
1.07468 1.19444 0.875286 
0.75341 0.921258 0.693644 
0.364648 0.546106 0.457465 
0.0922166 0.244804 0.2894 
0.0585651 0.143465 0.272428 
0.267786 0.261546 0.407104 
0.607165 0.510098 0.613572 
0.910861 0.745759 0.775667 
1.05289 0.851913 0.804235 
1.01104 0.797965 0.683242 
0.859048 0.639294 0.470343 
0.697314 0.463282 0.254468 
0.579285 0.326907 0.103316 
0.489633 0.233046 0.0368892 
0.38326 0.155317 0.0374768 
0.243608 0.0799325 0.0767996 
0.107222 0.0235663 0.133384 
0.0350183 0.0135932 0.190767 
0.057847 0.0537853 0.229778 
0.145257 0.111751 0.233258 
0.225777 0.143385 0.204917 
0.242759 0.133775 0.182563 
0.198968 0.115845 0.223072 
0.152191 0.145621 0.359665 
0.166118 0.252751 0.563188 
0.258905 0.410451 0.746807 
0.391293 0.553746 0.822555 
0.498915 0.630639 0.770453 
0.537462 0.64102 0.662153 
0.508715 0.633538 0.616098 
0.461518 0.673239 0.721224 
0.477228 0.813301 0.99123 
0.639595 1.08218 1.37494 
0.983615 1.46871 1.79205 
1.444 1.89779 2.15207 
1.85464 2.22759 2.35619 
2.02931 2.30432 2.31692 
1.87913 2.05649 2.00754 
1.47076 1.55314 1.50041 
0.973061 0.967496 0.94428 
0.542856 0.472925 0.487028 
0.250802 0.158914 0.205802 
0.0921573 0.022819 0.0947384 
0.0365573 0.0132816 0.0990167 
0.0526584 0.0685613 0.151259 
0.103184 0.132278 0.192544 
0.150659 0.169643 0.193475 
0.185079 0.190495 0.177378 
0.234414 0.246713 0.213847 
0.329202 0.383055 0.362237 
0.454582 0.579409 0.604076 
0.548652 0.748314 0.834466 
0.554072 0.798752 0.932479 
0.466122 0.704688 0.848777 
0.327715 0.513861 0.631117 
0.187973 0.301164 0.375392 
0.0780972 0.125189 0.161682 
0.0230986 0.0248039 0.0321521 
0.0546694 0.0330061 0.00647779 
0.191497 0.167538 0.0911921 
0.403408 0.399187 0.263431 
0.605766 0.639768 0.456039 
0.702231 0.778879 0.578166 
0.643858 0.748319 0.566839 
0.458059 0.563838 0.428454 
0.230445 0.313471 0.23473 
0.0578548 0.104419 0.0763017 
0.00156192 0.00599991 0.00935837 
0.0610949 0.0212129 0.0310518 
0.178559 0.0974554 0.0941121 
0.272857 0.164926 0.143912 
0.287216 0.178102 0.150623 
0.220455 0.13591 0.118181 
0.119998 0.0710985 0.0706358 
0.0436093 0.0208515 0.0309373 
0.0220398 0.00284562 0.00839271 
0.0510362 0.0131186 0.00057629 
0.111789 0.0414449 0.00324586 
0.193952 0.0855778 0.0172038 
0.298719 0.150439 0.0462748 
0.42415 0.235741 0.0899152 
0.552903 0.327206 0.138953 
0.656222 0.401269 0.179391 
0.708414 0.438342 0.200948 
0.69701 0.432115 0.202667 
0.623223 0.389015 0.191615 
0.499617 0.322739 0.177658 
0.35053 0.250308 0.16916 
0.209759 0.188911 0.170517 
0.108114 0.14953 0.179782 
0.0563567 0.129935 0.187602 
0.0399312 0.115864 0.181537 
0.0333893 0.0931559 0.155366 
0.0216949 0.0603493 0.115154 
0.00775936 0.0284707 0.0744796 
0.00122108 0.00848383 0.0428086 
0.00418408 0.0013343 0.0201546 
0.0106797 0.00211329 0.00468988 
0.0180942 0.0121957 0.00406642 
0.0343884 0.0431229 0.0352837 
0.0712561 0.105777 0.1102 
0.13056 0.195553 0.21998 
0.19819 0.288407 0.333218 
0.250234 0.351064 0.409209 
0.264851 0.35674 0.416312 
0.232063 0.297503 0.346244 
0.159418 0.190549 0.221343 
0.0732232 0.0770463 0.0923111 
0.0115035 0.00916561 0.0211541 
0.00573975 0.0242133 0.0495537 
0.0588698 0.11788 0.168482 
0.137247 0.238462 0.314217 
0.189112 0.314454 0.402645 
0.180427 0.301056 0.382943 
0.119713 0.210411 0.270741 
0.0489002 0.0993385 0.133116 
0.00712189 0.0239557 0.0372391 
0.00104482 0.000942246 0.00613349 
0.00954739 0.00864656 0.0173417 
0.0150741 0.0215298 0.0385841 
0.0257773 0.0386637 0.0600964 
0.0637667 0.0766526 0.0919445 
0.134057 0.139152 0.136387 
0.211116 0.201613 0.172948 
0.258955 0.230464 0.175847 
0.261622 0.214329 0.14229 
0.230733 0.171309 0.0962563 
0.186115 0.126392 0.062801 
0.136827 0.0883441 0.04431 
0.0845401 0.0527234 0.0270092 
0.0393193 0.0224458 0.00772693 
0.0217479 0.0155975 0.00580971 
0.0447357 0.0481408 0.0439616 
0.0961717 0.112015 0.119934 
0.14404 0.175307 0.201589 
0.159972 0.20546 0.250642 
0.138501 0.192473 0.25058 
0.097628 0.153359 0.215019 
0.0662384 0.120287 0.176212 
0.0704933 0.125098 0.168045 
0.123093 0.185974 0.211911 
0.214573 0.295905 0.304928 
0.311784 0.418328 0.414046 
0.371598 0.500142 0.486662 
0.366055 0.50113 0.479852 
0.300214 0.419985 0.389973 
0.206788 0.294835 0.257275 
0.122693 0.177351 0.139587 
0.0686101 0.102462 0.0764316 
0.0457726 0.0758197 0.0710555 
0.0447777 0.0813458 0.0984307 
0.0532041 0.0956542 0.125882 
0.0583337 0.0989972 0.130228 
0.0509379 0.0823385 0.105925 
0.0315727 0.0511227 0.0649919 
0.011251 0.0211963 0.0281861 
0.00162518 0.00589668 0.00975424 
0.00427773 0.00568781 0.00789929 
0.0132252 0.0139997 0.0139003 
0.028955 0.0349873 0.0340174 
0.0648045 0.0898773 0.0976866 
0.13244 0.196212 0.232852 
0.219345 0.336252 0.425206 
0.286176 0.450847 0.604341 
0.294134 0.475044 0.681275 
0.239182 0.388711 0.612004 
0.158588 0.235777 0.432242 
0.100713 0.0928098 0.232265 
0.0858289 0.0148013 0.0945376 
0.0953782 0.00541914 0.0468126 
0.0985878 0.032345 0.0630675 
0.0874327 0.0648017 0.0990895 
0.0827958 0.0940929 0.124789 
0.106033 0.122707 0.1304 
0.148689 0.143874 0.115521 
0.176228 0.141128 0.0828114 
0.163564 0.109311 0.0425652 
0.122672 0.0688419 0.0143688 
0.0901183 0.0508888 0.0145285 
0.0882455 0.0665862 0.0393797 
0.103967 0.0951158 0.0654106 
