2.58701 3.51404 3.46315 
2.98139 4.0934 3.98608 
3.19839 4.42963 4.27018 
3.1997 4.46341 4.25982 
2.98974 4.19629 3.95967 
2.61508 3.68951 3.43246 
2.15059 3.04476 2.77923 
1.67824 2.37492 2.11028 
1.26654 1.77589 1.51772 
0.958155 1.30907 1.05844 
0.768677 0.99857 0.751697 
0.695804 0.841669 0.589651 
0.734029 0.826138 0.554704 
0.888056 0.945693 0.634703 
1.17758 1.20531 0.827889 
1.62846 1.61235 1.13426 
2.25134 2.15668 1.53796 
3.01648 2.7911 1.99224 
3.83944 3.42592 2.41993 
4.59012 3.94694 2.73464 
5.12775 4.25324 2.87541 
5.34946 4.29826 2.83711 
5.23033 4.11273 2.67861 
4.83456 3.79565 2.50191 
4.29097 3.47565 2.41151 
3.74392 3.26094 2.47361 
3.30304 3.20122 2.69411 
3.01395 3.27783 3.02294 
2.86037 3.42308 3.37834 
2.79148 3.55613 3.67737 
2.75748 3.61699 3.85928 
2.73472 3.58405 3.89499 
2.72935 3.47033 3.78372 
2.76068 3.30409 3.54222 
2.8361 3.10636 3.19397 
2.93333 2.87837 2.76422 
3.00131 2.60583 2.28261 
2.98049 2.27661 1.78936 
2.831 1.89921 1.33684 
2.55228 1.50812 0.979197 
2.18223 1.14993 0.751143 
1.77713 0.858366 0.6473 
1.38598 0.635771 0.61853 
1.03591 0.456134 0.593959 
0.736584 0.289891 0.520542 
0.496716 0.133763 0.397062 
0.336492 0.0227962 0.278961 
0.283078 0.0125122 0.247069 
0.350195 0.14 0.356982 
0.516434 0.388931 0.59981 
0.720081 0.682913 0.898885 
0.878053 0.914229 1.14482 
0.920603 0.992968 1.24841 
0.822887 0.889527 1.18212 
0.616224 0.648549 0.990854 
0.37378 0.369279 0.770923 
0.179059 0.164445 0.631553 
0.0928795 0.117476 0.656124 
0.132886 0.254676 0.875086 
0.272077 0.539998 1.25553 
0.454254 0.89129 1.70889 
0.618347 1.21082 2.11643 
0.721197 1.41926 2.36747 
0.749729 1.48086 2.39831 
0.71823 1.40979 2.21438 
0.653665 1.25538 1.88353 
0.578514 1.07462 1.50245 
0.502294 0.908056 1.15505 
0.427285 0.773159 0.886761 
0.363466 0.677295 0.708005 
0.339127 0.637335 0.618967 
0.394286 0.686356 0.631839 
0.555359 0.856247 0.768962 
0.80503 1.14409 1.03516 
1.06979 1.48678 1.38597 
1.24109 1.76859 1.72172 
1.22611 1.86762 1.92248 
1.00278 1.71991 1.90918 
0.645487 1.3631 1.6934 
0.300839 0.929088 1.38042 
0.121022 0.583926 1.1174 
0.188774 0.446145 1.01464 
0.475415 0.529645 1.08674 
0.855795 0.743499 1.24895 
1.17149 0.946886 1.36975 
1.30633 1.025 1.34592 
1.23335 0.942032 1.1549 
1.012 0.745076 0.857258 
0.744682 0.525055 0.555071 
0.523388 0.364552 0.337248 
0.396752 0.304421 0.244777 
0.369485 0.342487 0.269638 
0.424042 0.454732 0.377417 
0.543902 0.618147 0.532192 
0.723499 0.820146 0.708201 
0.96389 1.05413 0.887799 
1.26364 1.31149 1.05587 
1.61416 1.57965 1.20006 
2.00101 1.84705 1.31719 
2.40583 2.10804 1.41833 
2.80399 2.36075 1.52511 
3.15937 2.598 1.65698 
3.4231 2.79839 1.81674 
3.54253 2.92592 1.98357 
3.4792 2.94078 2.11795 
3.22744 2.81598 2.17569 
2.82284 2.5511 2.12384 
2.33488 2.1758 1.95147 
1.84677 1.7425 1.67251 
1.43157 1.31227 1.32195 
1.13426 0.940437 0.948559 
0.96539 0.666202 0.60641 
0.905534 0.507744 0.346178 
0.916406 0.461704 0.205686 
0.953434 0.505507 0.200169 
0.976393 0.601801 0.314673 
0.95678 0.705313 0.502946 
0.881921 0.772413 0.696765 
0.755984 0.772247 0.825918 
0.597828 0.69634 0.843183 
0.435618 0.562418 0.743943 
0.299013 0.409492 0.570286 
0.210856 0.284706 0.395594 
0.181001 0.226519 0.295005 
0.204279 0.250896 0.314485 
0.262942 0.345981 0.45213 
0.332247 0.476899 0.659377 
0.387205 0.59823 0.860575 
0.409112 0.669331 0.981912 
0.391163 0.66767 0.978201 
0.342228 0.596576 0.848458 
0.286883 0.485317 0.636142 
0.259617 0.38105 0.415194 
0.293227 0.334512 0.267032 
0.405361 0.384047 0.256179 
0.590153 0.544281 0.412415 
0.820872 0.80448 0.724983 
1.06392 1.1371 1.14968 
1.2974 1.51162 1.62463 
1.52377 1.90596 2.0877 
1.76898 2.30974 2.48934 
2.06815 2.71901 2.79829 
2.44569 3.12759 3.00139 
2.90065 3.52125 3.10085 
3.40414 3.87867 3.11102 
3.90862 4.17757 3.05555 
4.3625 4.40183 2.96375 
4.72224 4.54464 2.86551 
4.95713 4.60615 2.78491 
5.04715 4.58716 2.73366 
4.97823 4.48314 2.70659 
4.74028 4.28264 2.68135 
4.33115 3.97243 2.62444 
3.76561 3.54843 2.50334 
3.08406 3.02735 2.30136 
2.35414 2.45231 2.02863 
1.65996 1.88688 1.72271 
1.0805 1.39788 1.43663 
0.665515 1.03415 1.2194 
0.421441 0.812514 1.09942 
0.315778 0.718883 1.07964 
0.298386 0.723271 1.14555 
0.327044 0.797307 1.27732 
0.381018 0.920579 1.45412 
0.454104 1.07038 1.6455 
0.533923 1.20416 1.79781 
0.586587 1.25432 1.83338 
0.565082 1.15077 1.67624 
0.443692 0.868265 1.30051 
0.258832 0.472522 0.776197 
0.124518 0.129559 0.277808 
0.199689 0.0565152 0.034795 
0.612727 0.42526 0.235135 
1.37934 1.26374 0.925775 
2.36257 2.41115 1.96493 
3.3064 3.56061 3.06003 
3.93468 4.37737 3.88079 
4.06785 4.63653 4.19455 
3.69696 4.31117 3.9566 
2.97633 3.56709 3.31176 
2.14215 2.6719 2.51183 
1.40502 1.87192 1.79791 
0.875442 1.3032 1.31071 
0.556356 0.977 1.06957 
0.393307 0.832351 1.01695 
0.339373 0.810378 1.08826 
0.389215 0.898946 1.25859 
0.56406 1.12313 1.54026 
0.866266 1.49653 1.94109 
1.24286 1.97409 2.41882 
1.589 2.44337 2.86756 
1.79254 2.76368 3.1496 
1.79154 2.83015 3.15589 
1.60724 2.62434 2.86083 
1.33155 2.22241 2.33992 
1.07719 1.75712 1.73979 
0.921403 1.35669 1.21568 
0.876646 1.09418 0.868599 
0.903948 0.97345 0.713621 
0.959244 0.956466 0.695247 
1.04474 1.01473 0.74084 
1.23514 1.17453 0.822602 
1.6616 1.52767 0.991437 
2.4564 2.19526 1.35804 
3.67984 3.25535 2.02382 
5.26056 4.66699 2.99427 
6.97815 6.23131 4.12408 
8.50335 7.6198 5.13404 
9.48887 8.4709 5.70568 
9.68123 8.52124 5.61694 
9.01045 7.71494 4.85352 
7.61893 6.23788 3.63615 
5.81406 4.45592 2.34303 
3.96268 2.78173 1.36028 
2.37262 1.53034 0.931269 
1.21181 0.82827 1.07637 
0.49579 0.612359 1.6168 
0.138697 0.707434 2.28149 
0.0320188 0.933743 2.83596 
0.105967 1.18648 3.16809 
0.344676 1.45317 3.2969 
0.757391 1.77408 3.3165 
1.33376 2.18168 3.31937 
2.01721 2.66058 3.3454 
2.71449 3.14907 3.37806 
3.33376 3.57399 3.37692 
3.82533 3.89061 3.31608 
4.19886 4.10053 3.20173 
4.50705 4.23865 3.06163 
4.80712 4.34143 2.92005 
5.12331 4.4188 2.77873 
5.43082 4.44675 2.61708 
5.66753 4.3824 2.40925 
5.76417 4.18973 2.14479 
5.67592 3.86025 1.83934 
5.40129 3.41888 1.5298 
4.98324 2.91517 1.2588 
4.49645 2.40748 1.05747 
4.02905 1.94847 0.93469 
3.66634 1.57754 0.87564 
3.48097 1.3214 0.849287 
3.5302 1.20118 0.822343 
3.85835 1.24272 0.776692 
4.49967 1.48475 0.725261 
5.47606 1.97848 0.719075 
6.78519 2.77341 0.838546 
8.38008 3.88999 1.1672 
10.1485 5.28833 1.75505 
11.9063 6.84852 2.58678 
13.4161 8.37743 3.57086 
14.4338 9.64665 4.558 
