0.18325 0.503558 0.940209 
0.378343 0.676301 1.12619 
0.463936 0.638713 1.03237 
0.450914 0.441733 0.73011 
0.419903 0.223653 0.387364 
0.403812 0.082022 0.139793 
0.391127 0.0517296 0.0504809 
0.429916 0.179782 0.156347 
0.681505 0.574342 0.511682 
1.33087 1.34787 1.16814 
2.41131 2.48851 2.10173 
3.68115 3.75813 3.13543 
4.66179 4.71078 3.92457 
4.85835 4.87821 4.07632 
4.06803 4.06385 3.39895 
2.57574 2.55289 2.11883 
1.0498 1.02345 0.833579 
0.151685 0.146222 0.148263 
0.127574 0.15044 0.252949 
0.698886 0.710054 0.808135 
1.32551 1.24138 1.24617 
1.60235 1.34486 1.21644 
1.47004 1.02569 0.791398 
1.12764 0.566868 0.305856 
0.797822 0.238185 0.0365605 
0.568731 0.111535 0.0169218 
0.405322 0.0918438 0.0956475 
0.25553 0.0672603 0.120754 
0.125134 0.0176704 0.0665421 
0.0645554 0.00474351 0.0203608 
0.106802 0.0858902 0.0765946 
0.231975 0.247121 0.242756 
0.393194 0.413876 0.431457 
0.568731 0.519111 0.533762 
0.774673 0.554832 0.503251 
1.01547 0.555139 0.377452 
1.22644 0.536164 0.228812 
1.28679 0.469387 0.107409 
1.11336 0.326335 0.0348658 
0.749872 0.142566 0.0361915 
0.354905 0.0153281 0.145223 
0.0886375 0.0217312 0.359194 
0.00264429 0.141548 0.598994 
0.0310538 0.271573 0.743153 
0.0750587 0.31908 0.720579 
0.0865533 0.276767 0.56994 
0.0783098 0.207815 0.401377 
0.0763032 0.169649 0.29898 
0.0803458 0.162037 0.261286 
0.0706041 0.1455 0.23013 
0.0399754 0.0975415 0.166065 
0.0100179 0.0425207 0.0903846 
0.0120409 0.0265831 0.0575249 
0.0521628 0.0660091 0.0923465 
0.0965124 0.122522 0.157183 
0.0978468 0.134883 0.183149 
0.0469187 0.0836151 0.139623 
0.000777466 0.0285929 0.0769863 
0.050197 0.074604 0.0961215 
0.242058 0.283139 0.262898 
0.523267 0.605103 0.54069 
0.764322 0.900071 0.804443 
0.85064 1.03298 0.928832 
0.763662 0.967269 0.875651 
0.58184 0.776914 0.707874 
0.410189 0.577477 0.528368 
0.313996 0.449255 0.408602 
0.313413 0.417166 0.367931 
0.414488 0.477006 0.397641 
0.610806 0.608938 0.477559 
0.844634 0.757266 0.562813 
0.995821 0.825896 0.58032 
0.953433 0.735969 0.475425 
0.718204 0.5054 0.275576 
0.420029 0.254875 0.0892489 
0.214237 0.112631 0.0182075 
0.158246 0.110049 0.0680761 
0.19315 0.177016 0.155543 
0.231179 0.230785 0.201276 
0.237541 0.250188 0.201101 
0.229673 0.264854 0.206321 
0.232469 0.302981 0.25896 
0.262056 0.373258 0.364404 
0.336232 0.479911 0.508568 
0.459151 0.615632 0.664535 
0.582702 0.729351 0.77493 
0.614241 0.734506 0.763234 
0.498632 0.586021 0.600024 
0.2948 0.34978 0.357817 
0.147506 0.169903 0.17262 
0.166889 0.149951 0.133087 
0.33555 0.267417 0.209758 
0.532174 0.40474 0.294908 
0.634972 0.453418 0.302201 
0.59974 0.386132 0.225931 
0.460028 0.251345 0.126196 
0.284426 0.129312 0.0841935 
0.143323 0.096203 0.16766 
0.0906853 0.195714 0.398508 
0.139797 0.404441 0.714891 
0.242022 0.617521 0.968481 
0.307578 0.699075 1.0027 
0.274174 0.583427 0.776201 
0.163241 0.337252 0.416362 
0.0586011 0.108691 0.128995 
0.0261639 0.00486935 0.0355045 
0.0672865 0.0241269 0.0970507 
0.156267 0.107644 0.196658 
0.296905 0.229812 0.273895 
0.503052 0.402969 0.353973 
0.721472 0.59689 0.455198 
0.821934 0.704507 0.517746 
0.711477 0.633977 0.463116 
0.453649 0.426885 0.30827 
0.231095 0.239647 0.171609 
0.167921 0.185858 0.14518 
0.211418 0.221717 0.189749 
0.215049 0.215843 0.189388 
0.125235 0.120363 0.101108 
0.0509786 0.0365529 0.015013 
0.137174 0.0982594 0.0524886 
0.388337 0.310318 0.223636 
0.635096 0.521226 0.403033 
0.67574 0.554722 0.442593 
0.457808 0.369365 0.30427 
0.146028 0.108286 0.0973736 
0.0252983 0.00550134 0.000459801 
0.303195 0.217463 0.129139 
0.943685 0.694783 0.440518 
1.65781 1.19277 0.749507 
2.07997 1.43259 0.863481 
2.01087 1.30038 0.73815 
1.53657 0.919365 0.513645 
0.932181 0.531198 0.385399 
0.449335 0.300085 0.428065 
0.175928 0.219733 0.543689 
0.0585103 0.185165 0.576112 
0.0136927 0.124076 0.462825 
0.00242 0.0497384 0.273531 
0.0247843 0.0123323 0.122143 
0.0856318 0.0342248 0.0657742 
0.181906 0.100892 0.0868646 
0.30679 0.191595 0.143384 
0.443751 0.293979 0.209969 
0.553447 0.388132 0.273188 
0.580881 0.435757 0.312062 
0.491853 0.404262 0.306028 
0.315286 0.312562 0.270818 
0.162694 0.261358 0.287945 
0.214725 0.42278 0.497135 
0.676572 0.986113 1.04454 
1.70256 2.07 2.0007 
3.30073 3.62774 3.28086 
5.26064 5.39634 4.61772 
7.1682 6.94452 5.62999 
8.53634 7.82838 5.97884 
8.99932 7.78406 5.53322 
8.46078 6.84354 4.43818 
7.11047 5.30326 3.03875 
5.3152 3.57573 1.71323 
3.46629 2.02464 0.725001 
1.87149 0.872658 0.168592 
0.727438 0.203729 0.00788591 
0.145334 0.0185385 0.151622 
0.165186 0.274752 0.505895 
0.709363 0.864317 0.969402 
1.50842 1.55306 1.38917 
2.12317 1.99056 1.5554 
2.15739 1.88179 1.31206 
1.55879 1.24189 0.737037 
0.723681 0.482505 0.200223 
0.220543 0.15108 0.147341 
0.319957 0.484117 0.729138 
0.774606 1.19213 1.62555 
1.0853 1.71941 2.28397 
0.986314 1.73986 2.37416 
0.647354 1.39406 2.01862 
0.411569 1.05742 1.5933 
0.405278 0.939782 1.35309 
0.468908 0.964165 1.2892 
0.455303 1.00785 1.31252 
0.512932 1.16563 1.47549 
1.00725 1.70224 1.94334 
2.15639 2.74885 2.76143 
3.76384 4.08841 3.71102 
5.30336 5.25573 4.42563 
6.24423 5.83537 4.64022 
6.31792 5.67534 4.32688 
5.56673 4.88363 3.63326 
4.25021 3.706 2.74902 
2.73983 2.42818 1.84071 
1.41921 1.32009 1.05284 
0.549994 0.562561 0.491768 
0.154621 0.173507 0.182811 
0.0438441 0.0316695 0.0799644 
0.010371 0.0205774 0.155397 
0.0182884 0.156748 0.466247 
0.197281 0.551377 1.08803 
0.657427 1.23727 1.96257 
1.3329 2.05523 2.83714 
2.01153 2.72934 3.38976 
2.491 3.04949 3.4325 
2.68993 2.98049 3.00596 
2.63725 2.62726 2.30887 
2.40606 2.13906 1.56867 
2.0745 1.65014 0.966838 
1.71517 1.26128 0.621117 
1.37774 1.01938 0.567989 
1.07082 0.898033 0.740862 
0.777593 0.819677 0.993189 
0.498121 0.717477 1.1767 
0.264919 0.576105 1.21058 
0.109074 0.412224 1.08345 
0.0281519 0.23812 0.816224 
0.0158161 0.0768416 0.459447 
0.12389 0.0140265 0.130204 
0.451445 0.185333 0.000619838 
1.01781 0.647709 0.178536 
1.63719 1.24324 0.569547 
1.97384 1.63858 0.894355 
1.79529 1.57334 0.908662 
1.20309 1.10659 0.639818 
0.589279 0.600175 0.388915 
0.323066 0.419571 0.463152 
0.454649 0.626002 0.885779 
0.71492 0.951072 1.36562 
0.792418 1.06262 1.55071 
0.604975 0.852721 1.31798 
0.32072 0.48737 0.840474 
0.151025 0.211752 0.405424 
0.14531 0.126706 0.178865 
0.180903 0.143278 0.125142 
0.134721 0.130821 0.121848 
0.0552664 0.0966574 0.135576 
0.162721 0.220505 0.287869 
0.668777 0.710653 0.756708 
1.57708 1.61593 1.61383 
2.6463 2.76498 2.74942 
3.54869 3.87925 3.93998 
4.08133 4.74617 4.97812 
4.25596 5.3042 5.74729 
4.22504 5.60175 6.21066 
4.14582 5.71103 6.37329 
4.10263 5.68566 6.27224 
4.11576 5.57213 5.98614 
4.18495 5.43074 5.62977 
4.31386 5.3343 5.32843 
4.50214 5.34562 5.18847 
4.72011 5.48274 5.26389 
4.88766 5.6821 5.51081 
4.88225 5.78788 5.75563 
