0.682917 0.954958 1.77052 
0.568179 0.830896 1.5149 
0.219316 0.379268 0.815599 
0.0115259 0.0211424 0.154185 
0.251953 0.168375 0.0444912 
0.88401 0.857985 0.615683 
1.50896 1.70102 1.50919 
1.70223 2.18417 2.16481 
1.34883 2.06159 2.24287 
0.732833 1.52604 1.8461 
0.341271 1.05706 1.40179 
0.559016 1.09647 1.33832 
1.46818 1.79187 1.81214 
2.84236 2.9479 2.65043 
4.28109 4.15794 3.4902 
5.37461 4.99687 3.97794 
5.82763 5.17452 3.9104 
5.53002 4.61816 3.28472 
4.58269 3.4891 2.28427 
3.26926 2.13137 1.21902 
1.95838 0.94593 0.417086 
0.958127 0.22336 0.0865665 
0.395479 0.020921 0.217516 
0.198426 0.167551 0.59981 
0.19095 0.397779 0.958411 
0.224812 0.517684 1.11301 
0.247998 0.486345 1.05034 
0.274328 0.375512 0.87661 
0.309369 0.271417 0.715507 
0.317026 0.212013 0.641302 
0.256003 0.19549 0.678464 
0.137724 0.221431 0.831343 
0.0361478 0.30716 1.09597 
0.0313461 0.463559 1.44514 
0.136938 0.662802 1.81404 
0.279528 0.837162 2.11113 
0.352354 0.915178 2.25157 
0.300448 0.866656 2.1905 
0.167897 0.721865 1.93733 
0.0688732 0.552249 1.5481 
0.104182 0.42803 1.10494 
0.286191 0.381475 0.69275 
0.527414 0.397841 0.380177 
0.699825 0.436397 0.208035 
0.719845 0.464364 0.186551 
0.596709 0.478664 0.299477 
0.412207 0.499684 0.510199 
0.253701 0.542823 0.765555 
0.156596 0.592343 0.998698 
0.0994762 0.601986 1.13804 
0.04797 0.526008 1.12739 
0.00452423 0.359093 0.951868 
0.0228884 0.155672 0.65416 
0.181224 0.0147342 0.327301 
0.540101 0.0406188 0.0839632 
1.11436 0.302873 0.0171394 
1.86726 0.812402 0.170761 
2.71798 1.51741 0.530087 
3.55396 2.3144 1.02979 
4.24948 3.0699 1.57195 
4.6944 3.65063 2.04811 
4.82852 3.95893 2.36395 
4.66796 3.96509 2.46579 
4.30823 3.7242 2.36302 
3.89601 3.36399 2.13301 
3.57339 3.03735 1.89426 
3.4149 2.85233 1.74882 
3.39094 2.81523 1.72169 
3.38773 2.82865 1.74198 
3.28097 2.75735 1.69158 
3.01701 2.52226 1.49523 
2.64023 2.15258 1.18319 
2.24473 1.75402 0.87137 
1.89361 1.42173 0.671937 
1.57787 1.17446 0.610303 
1.24761 0.962742 0.617604 
0.878548 0.732776 0.59735 
0.507799 0.479931 0.50052 
0.209979 0.247652 0.347352 
0.0438949 0.0862678 0.193127 
0.018853 0.0174127 0.0823521 
0.0987356 0.029081 0.0287643 
0.225579 0.0900022 0.0212444 
0.340723 0.163574 0.036878 
0.400812 0.218902 0.0535693 
0.393728 0.245376 0.065789 
0.346798 0.263575 0.0969069 
0.311312 0.313537 0.18862 
0.323784 0.417323 0.361619 
0.371497 0.544538 0.576043 
0.395686 0.619116 0.735366 
0.339016 0.575384 0.747196 
0.207148 0.426289 0.601937 
0.0984156 0.288619 0.405779 
0.171906 0.335676 0.333278 
0.559384 0.69592 0.52296 
1.26112 1.35277 0.980133 
2.08673 2.10722 1.54836 
2.69797 2.64154 1.97377 
2.76809 2.67483 2.03777 
2.19321 2.14066 1.69252 
1.22006 1.27471 1.11549 
0.365071 0.523467 0.628527 
0.125912 0.293544 0.508162 
0.657918 0.692726 0.805011 
1.65383 1.45346 1.30855 
2.53731 2.11174 1.69629 
2.83979 2.31607 1.75814 
2.48177 2.0347 1.52041 
1.76172 1.51658 1.18074 
1.09564 1.06747 0.92906 
0.734038 0.838867 0.816236 
0.660256 0.781825 0.765664 
0.695516 0.755943 0.682949 
0.677431 0.665928 0.544889 
0.563971 0.514442 0.397427 
0.416128 0.361208 0.291853 
0.315193 0.254638 0.235204 
0.295792 0.198682 0.195737 
0.334098 0.166073 0.142748 
0.379079 0.129965 0.0756637 
0.392272 0.0842768 0.0201146 
0.368572 0.0425731 0.00254051 
0.329489 0.0219761 0.0274895 
0.299138 0.0255501 0.072441 
0.284549 0.0372311 0.101433 
0.277775 0.0365697 0.0901858 
0.275729 0.0234928 0.0481663 
0.292193 0.0272726 0.0180618 
0.341661 0.0815898 0.0435373 
0.408684 0.182691 0.125656 
0.442125 0.275554 0.210503 
0.392949 0.29316 0.230361 
0.262853 0.217264 0.166232 
0.111577 0.0997572 0.0702523 
0.0144277 0.0239338 0.0256951 
0.0177976 0.0506492 0.0903168 
0.135415 0.202527 0.280546 
0.367122 0.479335 0.591458 
0.691838 0.854704 0.99644 
1.03599 1.24516 1.40977 
1.27948 1.51156 1.67687 
1.33279 1.53881 1.65537 
1.21947 1.33672 1.33916 
1.0608 1.04588 0.89139 
0.957912 0.818089 0.524378 
0.89455 0.687393 0.332413 
0.774921 0.571771 0.248032 
0.558232 0.401069 0.160204 
0.332884 0.21969 0.052724 
0.238211 0.142739 0.00671346 
0.31798 0.218454 0.0781443 
0.468832 0.359304 0.207323 
0.537771 0.421783 0.272262 
0.458992 0.345202 0.22535 
0.290567 0.201854 0.159086 
0.134848 0.118046 0.228734 
0.0469586 0.159372 0.508634 
0.0216482 0.28804 0.912045 
0.0415056 0.407269 1.23242 
0.109338 0.432899 1.26777 
0.233415 0.34372 0.95334 
0.405638 0.205024 0.436765 
0.611151 0.160821 0.0429356 
0.847266 0.368318 0.107425 
1.1071 0.877769 0.744899 
1.33898 1.54122 1.71465 
1.44773 2.05968 2.52731 
1.36777 2.17402 2.75838 
1.14033 1.85262 2.3348 
0.89636 1.30282 1.55417 
0.742075 0.791516 0.825745 
0.662943 0.448317 0.375318 
0.555073 0.235552 0.172955 
0.355164 0.0863797 0.104548 
0.127738 0.0379715 0.169186 
0.0137902 0.209528 0.489547 
0.0952922 0.656638 1.1439 
0.314659 1.26528 2.01426 
0.523126 1.79835 2.81231 
0.602712 2.05136 3.25939 
0.549082 1.98074 3.26087 
0.452612 1.70718 2.93961 
0.403879 1.40456 2.51792 
0.405753 1.16756 2.14845 
0.373514 0.965683 1.82623 
0.245341 0.733217 1.45823 
0.124638 0.530375 1.04265 
0.305454 0.615655 0.792889 
1.09288 1.30505 1.04881 
2.52043 2.68336 1.9962 
4.21586 4.41832 3.42756 
5.58524 5.89371 4.79482 
6.20134 6.60248 5.56079 
6.06929 6.47931 5.56729 
5.53912 5.88388 5.10184 
4.96389 5.26228 4.6158 
4.43217 4.8021 4.35876 
3.80217 4.37291 4.24195 
2.95251 3.75059 4.00179 
1.97101 2.87174 3.46443 
1.10717 1.88803 2.66943 
0.571415 1.02339 1.79507 
0.396309 0.416575 1.01867 
0.470584 0.0942155 0.460871 
0.665255 0.047806 0.224423 
0.903977 0.283629 0.419245 
1.13193 0.776458 1.09188 
1.26725 1.39324 2.10816 
1.22711 1.90288 3.12442 
1.01235 2.09957 3.72542 
0.745793 1.93901 3.65459 
0.595153 1.55915 2.96389 
0.633487 1.16138 1.96595 
0.766729 0.860424 1.03389 
0.806455 0.638388 0.410898 
0.634654 0.433674 0.157628 
0.320705 0.262466 0.224541 
0.0871325 0.240511 0.533914 
0.145986 0.475231 0.988519 
0.533962 0.931998 1.43854 
1.07538 1.41165 1.69854 
1.50064 1.67499 1.64341 
1.62807 1.61232 1.30313 
1.47546 1.31623 0.854174 
1.23275 1.00991 0.50658 
1.13674 0.911652 0.396966 
1.34684 1.14993 0.586177 
1.88877 1.76093 1.13134 
2.66404 2.70818 2.10611 
3.49124 3.86909 3.50261 
4.16342 5.01702 5.10606 
4.52098 5.87067 6.5031 
4.51743 6.21826 7.27139 
4.23261 6.02682 7.2134 
3.81669 5.44137 6.44516 
3.4081 4.67917 5.2845 
3.08338 3.9135 4.05607 
2.84564 3.22271 2.96391 
2.61916 2.59821 2.07749 
2.2574 1.97609 1.37839 
1.63048 1.29681 0.818292 
0.804006 0.604548 0.38074 
0.162422 0.116618 0.124964 
0.267137 0.13725 0.15055 
1.43973 0.802268 0.469497 
3.38408 1.85885 0.90208 
5.24066 2.743 1.15363 
6.12406 2.96837 1.06216 
5.72465 2.50074 0.780178 
4.45852 1.75417 0.659009 
