0.42154 0.728074 0.871144 
0.627471 0.890324 0.951493 
0.80124 0.959834 0.920836 
0.901665 0.910887 0.770378 
0.913463 0.758817 0.537346 
0.84799 0.550822 0.290732 
0.730194 0.341307 0.100631 
0.584087 0.169249 0.0104891 
0.429142 0.0527325 0.0288799 
0.289022 0.00149583 0.142684 
0.200932 0.0328446 0.337533 
0.210153 0.17231 0.606448 
0.345009 0.432306 0.937976 
0.585696 0.78181 1.29341 
0.851848 1.13258 1.59503 
1.02716 1.36146 1.74315 
1.01639 1.36542 1.6606 
0.804973 1.1212 1.34134 
0.48283 0.711874 0.871356 
0.21039 0.298133 0.402618 
0.138758 0.0438475 0.0878271 
0.326167 0.0346657 0.00919663 
0.699413 0.235551 0.140821 
1.08562 0.512362 0.366678 
1.29954 0.705811 0.544568 
1.23869 0.715667 0.579667 
0.933725 0.547663 0.466343 
0.526891 0.298557 0.276746 
0.193026 0.0919005 0.107156 
0.0492206 0.00549582 0.0180136 
0.103267 0.0340964 0.00546936 
0.265738 0.106825 0.0201827 
0.412353 0.143667 0.0173013 
0.455645 0.111658 0.000710354 
0.383849 0.043733 0.0285829 
0.24928 0.00961206 0.173783 
0.121644 0.0608309 0.464475 
0.0420513 0.18936 0.845964 
0.00872205 0.329524 1.19306 
3.13174e-05 0.402733 1.36995 
0.0128259 0.374406 1.30304 
0.0832801 0.283212 1.02228 
0.271055 0.221048 0.645768 
0.615294 0.275552 0.317776 
1.09297 0.472479 0.137919 
1.61047 0.755324 0.122134 
2.03779 1.01467 0.212665 
2.26643 1.14747 0.323079 
2.25705 1.10908 0.386094 
2.0504 0.928815 0.377377 
1.73928 0.685461 0.309864 
1.42151 0.463449 0.212919 
1.16147 0.317183 0.11519 
0.976825 0.259449 0.0395033 
0.849185 0.271289 0.00464557 
0.745705 0.319801 0.0243667 
0.638449 0.372312 0.100736 
0.515553 0.40418 0.218415 
0.384403 0.403389 0.348388 
0.267996 0.373579 0.461946 
0.194355 0.332587 0.545761 
0.180614 0.303238 0.606603 
0.218762 0.299087 0.662252 
0.27355 0.31449 0.726483 
0.298352 0.327862 0.800331 
0.262534 0.317674 0.875429 
0.172941 0.279699 0.944022 
0.0728035 0.23145 1.00471 
0.0157668 0.199094 1.05801 
0.0311882 0.196458 1.09661 
0.104767 0.212943 1.10124 
0.188618 0.220587 1.04883 
0.233745 0.195208 0.928303 
0.221664 0.135244 0.751819 
0.173268 0.0640051 0.552242 
0.130731 0.0147264 0.368623 
0.128159 0.0113283 0.231058 
0.173259 0.0598147 0.155553 
0.251204 0.154648 0.149715 
0.343219 0.290912 0.220072 
0.441636 0.468608 0.370941 
0.548575 0.683729 0.593678 
0.661249 0.914244 0.855895 
0.75931 1.11569 1.10281 
0.808217 1.23471 1.27464 
0.779034 1.23469 1.33164 
0.67102 1.11754 1.27188 
0.520407 0.927489 1.13204 
0.388764 0.73512 0.972433 
0.338775 0.612272 0.856649 
0.412562 0.611735 0.835555 
0.623159 0.758648 0.938373 
0.95846 1.0506 1.16735 
1.3888 1.45931 1.49306 
1.87048 1.93095 1.85352 
2.34555 2.38963 2.16419 
2.74481 2.75036 2.34226 
3.0001 2.94212 2.3378 
3.06378 2.93167 2.15574 
2.92555 2.73452 1.85363 
2.61619 2.40514 1.5138 
2.19502 2.01124 1.2045 
1.72866 1.60724 0.9527 
1.27294 1.2223 0.744325 
0.866432 0.867319 0.549363 
0.534316 0.552056 0.353493 
0.294385 0.29686 0.174029 
0.157212 0.128878 0.049926 
0.11973 0.065306 0.0140032 
0.15896 0.0968936 0.0677766 
0.234261 0.185402 0.176867 
0.300513 0.278819 0.290123 
0.325908 0.335341 0.369064 
0.303536 0.340844 0.407568 
0.24959 0.309307 0.429153 
0.190291 0.267701 0.465001 
0.147445 0.237358 0.528843 
0.132787 0.225084 0.606105 
0.153537 0.228744 0.664006 
0.221787 0.250301 0.674505 
0.356275 0.303293 0.633532 
0.570631 0.406098 0.563323 
0.85363 0.563899 0.496905 
1.15593 0.752419 0.456085 
1.39684 0.91749 0.438126 
1.49315 0.994986 0.419595 
1.39749 0.942023 0.373882 
1.12539 0.761902 0.290154 
0.755117 0.507927 0.181635 
0.39881 0.263318 0.0791851 
0.159416 0.107875 0.0158051 
0.0946129 0.0884649 0.0122889 
0.203415 0.206412 0.0713796 
0.437582 0.424192 0.18079 
0.727387 0.68391 0.319982 
1.00691 0.926688 0.465346 
1.2288 1.10564 0.59242 
1.36713 1.19151 0.677781 
1.41371 1.17398 0.703643 
1.37352 1.06136 0.664771 
1.26188 0.878723 0.573479 
1.10191 0.662571 0.457875 
0.92047 0.451734 0.352199 
0.742296 0.276934 0.283377 
0.584874 0.153542 0.2609 
0.456404 0.0808532 0.27543 
0.357553 0.0476512 0.306353 
0.285178 0.0403724 0.333438 
0.235317 0.0492616 0.346006 
0.203987 0.0699139 0.345377 
0.186423 0.100918 0.340786 
0.176755 0.140596 0.342513 
0.16966 0.185755 0.356646 
0.163768 0.233338 0.38388 
0.164739 0.283397 0.421753 
0.185345 0.340635 0.467702 
0.241058 0.412493 0.520331 
0.342079 0.503943 0.578009 
0.485084 0.611536 0.636113 
0.649022 0.720306 0.685459 
0.798036 0.806213 0.713964 
0.891603 0.844137 0.711601 
0.898566 0.818482 0.676443 
0.809627 0.731676 0.618372 
0.643114 0.606289 0.557671 
0.441205 0.478956 0.518035 
0.257148 0.38763 0.516287 
0.137278 0.356638 0.553164 
0.103875 0.38552 0.609754 
0.14572 0.447061 0.652456 
0.22165 0.497069 0.645913 
0.277978 0.493537 0.56938 
0.274003 0.417642 0.429153 
0.203959 0.286117 0.259943 
0.102884 0.146881 0.112413 
0.0304475 0.0575652 0.0312118 
0.0388113 0.0565018 0.034083 
0.141333 0.141794 0.103771 
0.300896 0.271396 0.198479 
0.446938 0.385968 0.276228 
0.51369 0.442698 0.319689 
0.478714 0.440872 0.346798 
0.37937 0.423896 0.400216 
0.29677 0.45574 0.520975 
0.315012 0.584389 0.720941 
0.477146 0.812078 0.969393 
0.760692 1.08801 1.20105 
1.08472 1.32707 1.34148 
1.34423 1.44491 1.33745 
1.45473 1.393 1.17869 
1.38628 1.17813 0.902368 
1.17244 0.859005 0.579551 
0.891541 0.52245 0.289765 
0.630349 0.249879 0.0936089 
0.447574 0.0883347 0.0136452 
0.354191 0.0379236 0.0305658 
0.318658 0.0600069 0.0957108 
0.292311 0.100875 0.154255 
0.239801 0.118447 0.16871 
0.157517 0.0988337 0.132525 
0.0708769 0.0560447 0.0688372 
0.0144129 0.0179208 0.0170291 
0.00857395 0.00852183 0.0152429 
0.0478144 0.0374011 0.0872655 
0.105929 0.0999404 0.237827 
0.15306 0.185093 0.454828 
0.172226 0.282963 0.714158 
0.165402 0.386748 0.98379 
0.147485 0.489196 1.22691 
0.134374 0.578268 1.40602 
0.133784 0.636931 1.48935 
0.143668 0.648524 1.45894 
0.157232 0.604874 1.31727 
0.169704 0.512469 1.08924 
0.182301 0.393062 0.817782 
0.201689 0.278074 0.553793 
0.236131 0.198898 0.342956 
0.290795 0.176828 0.213829 
0.364397 0.216381 0.171294 
0.448477 0.30462 0.198164 
0.529595 0.416814 0.264537 
0.593643 0.526026 0.340862 
0.630505 0.612287 0.408571 
0.636902 0.66718 0.46324 
0.616152 0.692302 0.509554 
0.575344 0.693675 0.552162 
0.521964 0.67632 0.588751 
0.462041 0.642405 0.609643 
0.400439 0.593251 0.603448 
0.342188 0.532545 0.564286 
0.293263 0.467607 0.495677 
0.260133 0.407663 0.409285 
0.248746 0.360751 0.320525 
0.263818 0.331779 0.24462 
0.308383 0.322745 0.194933 
0.382515 0.33381 0.182461 
0.480627 0.363069 0.213958 
0.588636 0.404443 0.287775 
0.683942 0.445641 0.389623 
0.740691 0.469252 0.492332 
0.739682 0.458401 0.562288 
0.678576 0.405051 0.571249 
0.576614 0.316528 0.508399 
0.470318 0.216138 0.386556 
0.401458 0.136844 0.239084 
0.402809 0.110619 0.108611 
0.4881 0.158088 0.0324722 
0.649764 0.282363 0.0307474 
0.863652 0.468446 0.101001 
1.09676 0.687103 0.220589 
1.31385 0.901056 0.354595 
