0.531421 0.707837 0.768025 
0.153716 0.249157 0.379155 
0.105959 0.034154 0.141652 
0.332565 0.0368973 0.034098 
0.636273 0.140739 0.00667271 
0.815241 0.223394 0.0116247 
0.776949 0.225771 0.0253791 
0.569406 0.166757 0.048068 
0.328883 0.10958 0.0883742 
0.181932 0.106852 0.146599 
0.16173 0.15795 0.205201 
0.196748 0.208068 0.232937 
0.185153 0.193988 0.203092 
0.1001 0.105639 0.117602 
0.038557 0.0154641 0.0239158 
0.165711 0.0476458 0.011556 
0.587617 0.299528 0.177641 
1.24123 0.76029 0.563773 
1.88601 1.28334 1.09926 
2.22227 1.65089 1.61126 
2.07765 1.71259 1.92868 
1.5395 1.50513 2.01185 
0.920685 1.23924 1.979 
0.556502 1.13271 1.97523 
0.574222 1.2191 1.99917 
0.820946 1.31636 1.88231 
1.01118 1.20496 1.47795 
0.960971 0.85256 0.878999 
0.702594 0.459103 0.413832 
0.40078 0.270741 0.380402 
0.185205 0.349651 0.763555 
0.0717098 0.531338 1.22391 
0.0200519 0.601866 1.3838 
0.0240826 0.502972 1.14039 
0.118944 0.361848 0.718003 
0.309989 0.339137 0.438234 
0.524207 0.467777 0.446895 
0.650471 0.636621 0.638012 
0.627201 0.70708 0.795771 
0.486297 0.630032 0.783796 
0.316339 0.461715 0.61727 
0.191238 0.293704 0.39979 
0.133712 0.182698 0.223348 
0.138276 0.14143 0.126499 
0.222274 0.182458 0.125833 
0.451066 0.358641 0.265894 
0.900371 0.744939 0.618833 
1.56488 1.3526 1.20855 
2.28025 2.03725 1.91085 
2.75214 2.50539 2.43719 
2.72798 2.47582 2.47598 
2.21685 1.91508 1.93161 
1.57154 1.15383 1.07318 
1.31581 0.740108 0.430016 
1.8083 1.09721 0.470217 
2.99609 2.24119 1.30141 
4.45349 3.7808 2.62891 
5.65941 5.18131 3.98115 
6.27432 6.05687 4.98566 
6.21956 6.27471 5.47681 
5.57846 5.87065 5.42331 
4.48898 4.94439 4.84021 
3.13707 3.65579 3.80956 
1.78964 2.26728 2.55123 
0.743023 1.0995 1.39425 
0.177447 0.378756 0.612015 
0.0498973 0.109874 0.260422 
0.14644 0.109839 0.181299 
0.256731 0.177826 0.170849 
0.309205 0.238067 0.147543 
0.354017 0.33043 0.166886 
0.442233 0.489514 0.297415 
0.544462 0.660386 0.506301 
0.587681 0.740418 0.671876 
0.551553 0.691775 0.698165 
0.507835 0.59808 0.610153 
0.558181 0.604554 0.541728 
0.735948 0.799311 0.634915 
0.969436 1.14248 0.938414 
1.13643 1.49531 1.37679 
1.15335 1.71223 1.7967 
1.02151 1.71892 2.04688 
0.804551 1.52994 2.04258 
0.573361 1.21565 1.78888 
0.369802 0.857897 1.365 
0.207649 0.523606 0.886536 
0.0912892 0.258401 0.464696 
0.0251591 0.0872297 0.175135 
0.00674923 0.0124057 0.0414516 
0.0168938 0.0111569 0.034165 
0.0250836 0.0419435 0.0860751 
0.0155836 0.066611 0.12486 
0.0204855 0.0830007 0.116238 
0.127777 0.143998 0.0947137 
0.433317 0.33097 0.148858 
0.943792 0.675423 0.348669 
1.50023 1.08 0.656385 
1.81751 1.3274 0.905896 
1.66529 1.22011 0.907189 
1.07886 0.77205 0.624051 
0.411398 0.282561 0.274055 
0.132642 0.180298 0.226033 
0.49586 0.717454 0.734841 
1.33811 1.75318 1.71769 
2.19089 2.82031 2.77074 
2.61779 3.4372 3.43018 
2.50226 3.41623 3.47121 
2.06484 2.93199 3.01258 
1.63597 2.33049 2.37337 
1.408 1.87372 1.83746 
1.36544 1.62898 1.52473 
1.39964 1.54434 1.43045 
1.45447 1.58109 1.53193 
1.56153 1.75769 1.82846 
1.76001 2.08108 2.28406 
2.007 2.46135 2.7583 
2.17367 2.7135 3.02451 
2.12741 2.65795 2.88728 
1.82381 2.23981 2.31493 
1.33669 1.57387 1.48315 
0.815647 0.885456 0.691713 
0.412503 0.392408 0.206594 
0.223771 0.204322 0.12642 
0.269746 0.29192 0.350297 
0.505313 0.530962 0.657544 
0.848151 0.784398 0.843992 
1.2087 0.970509 0.830355 
1.50769 1.07798 0.679442 
1.67782 1.12674 0.519605 
1.66593 1.11617 0.436569 
1.45733 1.01434 0.417743 
1.1154 0.802854 0.388071 
0.789774 0.529821 0.295745 
0.649707 0.303596 0.162692 
0.766479 0.215321 0.0545634 
1.04027 0.259357 0.0103378 
1.25411 0.336167 0.011581 
1.22979 0.343256 0.0207498 
0.957581 0.265375 0.034592 
0.586288 0.172234 0.0816267 
0.288628 0.130364 0.164786 
0.131601 0.129605 0.226068 
0.0667711 0.108207 0.194272 
0.0305764 0.0504408 0.0804055 
0.041906 0.0480184 0.0175258 
0.201589 0.251285 0.185013 
0.603223 0.747956 0.67057 
1.2427 1.47691 1.38755 
1.99825 2.24676 2.1156 
2.68177 2.83426 2.62459 
3.11537 3.08377 2.78375 
3.19356 2.95349 2.59274 
2.91629 2.50876 2.14645 
2.38688 1.88727 1.58144 
1.76869 1.25084 1.03281 
1.21382 0.7306 0.601297 
0.805134 0.385587 0.32871 
0.550579 0.200999 0.195106 
0.423628 0.126449 0.145698 
0.399307 0.117786 0.129678 
0.448681 0.146105 0.121306 
0.514289 0.181271 0.116671 
0.521691 0.19144 0.128041 
0.43913 0.175478 0.189881 
0.324365 0.187796 0.354962 
0.289895 0.303331 0.651787 
0.399946 0.534852 1.02297 
0.597161 0.785793 1.31464 
0.739944 0.905011 1.36132 
0.720869 0.807298 1.11374 
0.552068 0.545948 0.692025 
0.339767 0.265335 0.302287 
0.185389 0.0824766 0.0859303 
0.116175 0.0136628 0.0385619 
0.0992912 0.00362176 0.0613223 
0.0981175 0.00326903 0.0732055 
0.0994353 0.00545378 0.065785 
0.0966037 0.0169817 0.0649975 
0.0742673 0.0253614 0.0717201 
0.0291002 0.0133821 0.0603869 
0.000985244 0.000402487 0.0274208 
0.0627929 0.0461538 0.0148604 
0.260566 0.195845 0.0689091 
0.557087 0.420047 0.179171 
0.837605 0.617686 0.27333 
0.979546 0.687419 0.280106 
0.92966 0.60324 0.195997 
0.729352 0.427922 0.0872991 
0.477281 0.259104 0.0280841 
0.266486 0.160547 0.0377672 
0.141689 0.133041 0.0751726 
0.0954716 0.135936 0.0863108 
0.0915989 0.129683 0.0563896 
0.0929716 0.104515 0.0231 
0.0797374 0.0825216 0.0494906 
0.0553389 0.102564 0.186068 
0.0439777 0.202972 0.450202 
0.0815746 0.409065 0.828305 
0.199645 0.72334 1.28697 
0.403337 1.11444 1.77697 
0.652306 1.50797 2.22652 
0.860462 1.79189 2.53737 
0.927587 1.85018 2.60392 
0.796633 1.62196 2.36226 
0.504732 1.15603 1.8456 
0.186845 0.616244 1.20118 
0.0154542 0.215612 0.637856 
0.10603 0.10766 0.323828 
0.448603 0.303031 0.299162 
0.911175 0.668175 0.464858 
1.31019 1.00592 0.655095 
1.49938 1.16177 0.739117 
1.42536 1.09041 0.684922 
1.1315 0.855243 0.554841 
0.727697 0.580879 0.453562 
0.354046 0.397892 0.470993 
0.152456 0.405317 0.649037 
0.239904 0.65195 0.975453 
0.670892 1.12399 1.39232 
1.39207 1.73323 1.80762 
2.21927 2.31868 2.11003 
2.87844 2.68541 2.19644 
3.12026 2.68551 2.01523 
2.85386 2.30336 1.60549 
2.20454 1.67949 1.09522 
1.4402 1.03837 0.641518 
0.81358 0.5632 0.346599 
0.440472 0.31367 0.21655 
0.298625 0.246464 0.197472 
0.318786 0.301894 0.248888 
0.463181 0.461893 0.376376 
0.723451 0.728357 0.592516 
1.06895 1.06491 0.858428 
1.42269 1.38133 1.08092 
1.6928 1.58129 1.17439 
1.81581 1.6173 1.12025 
1.76475 1.49584 0.962059 
1.5337 1.24411 0.751918 
1.14361 0.894791 0.517474 
0.673458 0.507929 0.281851 
0.263343 0.183812 0.0936473 
0.0479999 0.0185879 0.00892735 
0.0597267 0.0278423 0.0343159 
0.194193 0.120892 0.103799 
0.286884 0.171514 0.13615 
0.242643 0.131369 0.127589 
0.106646 0.0800708 0.182018 
0.0187199 0.160828 0.433721 
0.0973684 0.456819 0.922574 
0.352873 0.914434 1.53094 
0.690148 1.37204 2.03798 
