1.41618 1.7747 1.61261 
1.97865 2.48404 2.34854 
2.58231 3.23187 3.13153 
3.09859 3.87229 3.81683 
3.35939 4.21238 4.20775 
3.23712 4.09554 4.13523 
2.74097 3.51007 3.57061 
2.0438 2.63279 2.67896 
1.39069 1.74635 1.74454 
0.950749 1.07993 1.01188 
0.741635 0.704323 0.57255 
0.686873 0.560386 0.382454 
0.726693 0.564505 0.36167 
0.855098 0.669429 0.458965 
1.05667 0.835294 0.631298 
1.24192 0.981724 0.800687 
1.27857 1.00594 0.868349 
1.09737 0.858146 0.780419 
0.761774 0.589796 0.569964 
0.430488 0.321435 0.330553 
0.251852 0.164945 0.156194 
0.283377 0.17113 0.10662 
0.486087 0.329303 0.207363 
0.769561 0.589961 0.449294 
1.03862 0.880459 0.773242 
1.22052 1.12023 1.07487 
1.28088 1.25468 1.26314 
1.23404 1.2951 1.34022 
1.13664 1.32113 1.42002 
1.05477 1.42214 1.64017 
1.01941 1.613 2.02482 
1.00303 1.79595 2.41832 
0.939952 1.81187 2.56253 
0.781449 1.55328 2.27293 
0.550813 1.06195 1.58731 
0.360318 0.541059 0.77933 
0.369931 0.265282 0.223414 
0.699163 0.43302 0.190589 
1.33802 1.04346 0.694931 
2.1194 1.87721 1.48256 
2.78862 2.60499 2.17428 
3.13957 2.96552 2.47701 
3.12767 2.89803 2.32894 
2.87677 2.54206 1.88821 
2.5755 2.11616 1.39222 
2.34635 1.77764 1.00897 
2.18653 1.5636 0.785941 
2.01027 1.42665 0.694768 
1.73671 1.29829 0.686081 
1.34783 1.12067 0.696129 
0.893749 0.856603 0.64056 
0.472271 0.517977 0.460346 
0.2014 0.199928 0.20149 
0.170764 0.0531367 0.0241176 
0.373202 0.171666 0.0843599 
0.672928 0.486855 0.382797 
0.870588 0.789539 0.739469 
0.837089 0.883217 0.933633 
0.600923 0.727214 0.870489 
0.307064 0.438336 0.620002 
0.0947023 0.173818 0.327417 
0.0145361 0.0282522 0.117999 
0.0424176 0.021831 0.0696902 
0.137706 0.135798 0.210579 
0.27531 0.327996 0.492214 
0.446347 0.537592 0.783913 
0.661109 0.723137 0.954611 
0.952778 0.913375 0.996046 
1.34733 1.19402 1.04891 
1.80335 1.61098 1.27316 
2.18613 2.0804 1.67827 
2.32874 2.41123 2.08586 
2.14518 2.43505 2.26363 
1.69754 2.12655 2.09952 
1.15563 1.6097 1.6622 
0.687632 1.05972 1.12151 
0.378278 0.601064 0.629444 
0.232109 0.281684 0.265359 
0.230092 0.111643 0.0556932 
0.365335 0.0962422 0.00481349 
0.626374 0.224611 0.0910345 
0.966813 0.444532 0.248605 
1.31342 0.674722 0.383128 
1.61173 0.856984 0.426122 
1.86089 0.999443 0.383825 
2.10323 1.17042 0.338945 
2.38265 1.45157 0.4087 
2.70976 1.88777 0.689745 
3.05876 2.46203 1.21291 
3.39791 3.1051 1.92105 
3.73191 3.73488 2.68569 
4.11074 4.29816 3.36408 
4.5669 4.77055 3.85905 
5.01331 5.10337 4.13092 
5.21261 5.17666 4.15871 
4.90144 4.83916 3.90866 
4.00433 4.03402 3.36125 
2.74817 2.9 2.57327 
1.54954 1.73495 1.69897 
0.752317 0.831732 0.930158 
0.43211 0.318376 0.397806 
0.414845 0.126862 0.117001 
0.459646 0.0944855 0.0148441 
0.431826 0.093924 0.00577601 
0.339466 0.0880755 0.0443305 
0.249998 0.093131 0.118633 
0.196126 0.114942 0.211423 
0.155794 0.129299 0.284377 
0.0994953 0.11584 0.308223 
0.0376298 0.0970535 0.304358 
0.0186528 0.135173 0.347508 
0.0892519 0.289597 0.519665 
0.261143 0.575979 0.85379 
0.508706 0.956949 1.30917 
0.783329 1.35701 1.78449 
1.02119 1.67862 2.14743 
1.1457 1.81631 2.26758 
1.08752 1.68764 2.0598 
0.831579 1.28819 1.54048 
0.459565 0.736349 0.864516 
0.133609 0.249043 0.288889 
0.00285303 0.0286777 0.0457542 
0.0929492 0.127818 0.195217 
0.279893 0.408411 0.580454 
0.389835 0.650197 0.945214 
0.346467 0.726397 1.12835 
0.231489 0.690685 1.16565 
0.201412 0.697548 1.20897 
0.339953 0.836297 1.34676 
0.580299 1.036 1.50082 
0.759077 1.12351 1.49264 
0.747664 0.975633 1.21147 
0.552617 0.632442 0.731312 
0.312512 0.281218 0.277699 
0.199419 0.126299 0.0727694 
0.301426 0.246963 0.18126 
0.574103 0.55213 0.475897 
0.89077 0.860864 0.742991 
1.13716 1.03294 0.834939 
1.2655 1.03929 0.745315 
1.27792 0.932175 0.564352 
1.18506 0.772519 0.383286 
0.995859 0.592761 0.241383 
0.739473 0.410312 0.138878 
0.479134 0.249814 0.0693392 
0.295914 0.14317 0.0309057 
0.258089 0.117734 0.0229658 
0.396722 0.19068 0.048846 
0.690035 0.364599 0.119791 
1.05748 0.614683 0.244285 
1.37744 0.880568 0.410061 
1.53545 1.08499 0.584122 
1.48022 1.17568 0.737245 
1.25116 1.15884 0.868583 
0.963493 1.09764 1.00402 
0.766098 1.07828 1.16882 
0.790157 1.16516 1.35776 
1.09458 1.36556 1.52553 
1.61838 1.61685 1.60443 
2.17013 1.80386 1.53903 
2.48725 1.8049 1.31682 
2.36133 1.55135 0.97631 
1.77159 1.07606 0.591994 
0.940102 0.524731 0.251989 
0.251402 0.112573 0.0398947 
0.0589491 0.030201 0.0149817 
0.485833 0.33894 0.183996 
1.34892 0.921863 0.480961 
2.26195 1.53572 0.785146 
2.84935 1.93968 0.981504 
2.92819 2.01562 1.02359 
2.55268 1.80169 0.948321 
1.92517 1.43128 0.83215 
1.26252 1.03811 0.728514 
0.708236 0.697645 0.638558 
0.321303 0.431811 0.534307 
0.112124 0.250083 0.408636 
0.0737219 0.176577 0.303539 
0.178011 0.231512 0.283884 
0.352855 0.384673 0.372298 
0.486666 0.538074 0.506727 
0.486259 0.578568 0.575088 
0.350482 0.469294 0.510059 
0.184287 0.292233 0.355857 
0.12095 0.186088 0.23289 
0.210584 0.225385 0.225883 
0.374286 0.352337 0.303989 
0.467 0.427859 0.353887 
0.395949 0.356863 0.294888 
0.198835 0.177568 0.165637 
0.0257899 0.0414281 0.101973 
0.0432728 0.104252 0.227353 
0.327387 0.415224 0.55143 
0.814804 0.883493 0.958411 
1.33909 1.33838 1.2874 
1.72423 1.63188 1.43507 
1.87238 1.71088 1.40479 
1.79505 1.6215 1.28114 
1.58155 1.46065 1.16602 
1.33629 1.31472 1.12233 
1.1242 1.21663 1.14616 
0.951949 1.13849 1.17255 
0.792721 1.02634 1.11945 
0.632235 0.857273 0.954355 
0.491009 0.668243 0.729579 
0.397424 0.520441 0.539353 
0.344829 0.433729 0.431548 
0.293763 0.371609 0.372525 
0.225336 0.300463 0.309845 
0.173114 0.242747 0.249875 
0.174527 0.238691 0.237204 
0.195514 0.258324 0.256921 
0.149372 0.204693 0.213581 
0.0344074 0.0595907 0.0706986 
0.0440915 0.02187 0.0126522 
0.476527 0.431018 0.396145 
1.46308 1.47156 1.45223 
2.75759 2.91658 2.99311 
3.8193 4.18569 4.43102 
4.16195 4.714 5.14163 
3.68468 4.33187 4.8786 
2.71057 3.3435 3.90179 
1.72386 2.2693 2.74776 
1.05105 1.49785 1.86816 
0.739046 1.1218 1.4189 
0.669493 1.02344 1.29831 
0.743459 1.06169 1.32133 
0.956766 1.18023 1.36089 
1.33471 1.3837 1.38035 
1.83213 1.65885 1.39227 
2.30969 1.93684 1.41182 
2.60179 2.12269 1.43843 
2.60794 2.15079 1.45878 
2.33783 2.0165 1.4545 
1.89291 1.76853 1.40862 
1.41263 1.47829 1.31239 
1.02008 1.20924 1.17156 
0.785037 0.998614 1.00786 
0.709053 0.854073 0.853917 
0.735108 0.763244 0.745345 
0.781876 0.711857 0.714869 
0.789241 0.699098 0.785956 
0.746691 0.734374 0.957465 
0.681313 0.810745 1.17995 
0.616452 0.878357 1.34753 
0.547503 0.859044 1.33882 
0.47086 0.715153 1.10537 
0.437903 0.519129 0.742312 
0.553676 0.435441 0.454563 
0.880278 0.590513 0.409007 
1.32304 0.933202 0.58849 
