2.74037 2.60103 2.30374 
2.28416 2.17014 1.89979 
1.63463 1.48802 1.20595 
1.06484 0.865757 0.562886 
0.727117 0.526864 0.254833 
0.581859 0.481579 0.337636 
0.47564 0.557034 0.626064 
0.300243 0.554827 0.846774 
0.0968194 0.406834 0.834629 
0.0164958 0.207676 0.624406 
0.174136 0.111267 0.385378 
0.526245 0.19161 0.273685 
0.883108 0.387832 0.328675 
1.04636 0.569123 0.481739 
0.952254 0.647327 0.641286 
0.699672 0.631984 0.762215 
0.450602 0.590225 0.845714 
0.304381 0.569102 0.89667 
0.255291 0.563241 0.902068 
0.247527 0.547669 0.852784 
0.249642 0.523587 0.771964 
0.276164 0.525393 0.710827 
0.361992 0.596432 0.721362 
0.540811 0.772768 0.840574 
0.842342 1.07946 1.08699 
1.27209 1.50544 1.4373 
1.75952 1.95556 1.78673 
2.13469 2.24649 1.96015 
2.20347 2.20388 1.81997 
1.89095 1.80478 1.39745 
1.32041 1.22237 0.901537 
0.734804 0.704387 0.560163 
0.325566 0.39163 0.437601 
0.128619 0.252807 0.415732 
0.0652261 0.180441 0.351051 
0.0496714 0.117758 0.224344 
0.0439244 0.0792341 0.124759 
0.038611 0.0804108 0.117833 
0.0283382 0.0961467 0.172355 
0.0193039 0.0973353 0.218632 
0.0326715 0.0938139 0.236569 
0.0737096 0.112064 0.256014 
0.107378 0.144106 0.289567 
0.0917962 0.150193 0.304389 
0.0402175 0.116026 0.267429 
0.0266388 0.0811657 0.190979 
0.111957 0.0939902 0.116152 
0.271667 0.152309 0.0679664 
0.411214 0.208198 0.0485525 
0.451605 0.226579 0.0656223 
0.389555 0.217653 0.136309 
0.277621 0.20634 0.248971 
0.166573 0.190111 0.340871 
0.0809658 0.147428 0.342122 
0.0386365 0.0842576 0.249826 
0.0676085 0.0520379 0.146867 
0.189577 0.107184 0.135276 
0.392738 0.256389 0.247827 
0.63171 0.44852 0.423512 
0.855865 0.618566 0.563983 
1.03478 0.734733 0.61123 
1.16028 0.806146 0.579168 
1.23447 0.856004 0.526067 
1.25986 0.894189 0.505904 
1.23315 0.911988 0.541541 
1.14251 0.898034 0.63265 
0.983159 0.863996 0.780924 
0.796395 0.862709 1.00251 
0.691575 0.971396 1.30517 
0.789872 1.22397 1.63797 
1.0979 1.53215 1.86422 
1.42976 1.68931 1.82071 
1.50317 1.51258 1.46211 
1.17839 1.03866 0.980481 
0.62995 0.582339 0.75328 
0.258348 0.546878 1.09573 
0.384908 1.10709 1.99127 
0.993615 2.0377 3.04127 
1.74828 2.85169 3.70751 
2.2544 3.13676 3.66292 
2.32434 2.81065 2.97437 
2.04273 2.11499 2.00314 
1.63752 1.40704 1.14788 
1.31067 0.944776 0.641593 
1.15404 0.801114 0.506997 
1.15804 0.901047 0.626826 
1.25409 1.10278 0.83681 
1.35044 1.26595 0.99303 
1.36251 1.29605 1.01192 
1.24552 1.16865 0.886754 
1.01996 0.930742 0.675881 
0.771395 0.67668 0.465939 
0.617576 0.507908 0.329263 
0.654054 0.493047 0.297592 
0.901559 0.642073 0.360592 
1.28085 0.900907 0.48132 
1.63388 1.16754 0.613719 
1.79092 1.32746 0.712847 
1.65521 1.29967 0.740616 
1.25734 1.07492 0.675302 
0.742254 0.723562 0.524553 
0.294489 0.363716 0.329286 
0.0501453 0.106561 0.14833 
0.0490816 0.0124188 0.0319172 
0.24382 0.0807277 0.00472444 
0.539825 0.267914 0.0683125 
0.832635 0.508991 0.210071 
1.03011 0.728506 0.400327 
1.0707 0.850281 0.581528 
0.945672 0.82275 0.676839 
0.710815 0.653823 0.633302 
0.461951 0.419502 0.469237 
0.274848 0.21865 0.27077 
0.161061 0.103926 0.126017 
0.10365 0.0664666 0.062768 
0.160605 0.10899 0.0655176 
0.513399 0.324383 0.151179 
1.33993 0.846315 0.388403 
2.5695 1.66461 0.797132 
3.76866 2.49416 1.23352 
4.35398 2.89934 1.43511 
4.01158 2.62473 1.23885 
2.9481 1.82451 0.756142 
1.72291 0.944213 0.293795 
0.820386 0.360808 0.0820197 
0.365777 0.136538 0.0956927 
0.199304 0.0965193 0.14852 
0.139457 0.0808953 0.125295 
0.129624 0.0755297 0.0797388 
0.178207 0.129088 0.117772 
0.253439 0.22555 0.245276 
0.285462 0.284174 0.366517 
0.241096 0.256843 0.405044 
0.151136 0.178739 0.381092 
0.0665093 0.121771 0.369063 
0.01953 0.129837 0.414488 
0.0306446 0.205649 0.505939 
0.116176 0.325901 0.597876 
0.261491 0.441639 0.63256 
0.401334 0.482986 0.557735 
0.458699 0.405387 0.367623 
0.41188 0.245915 0.14329 
0.30996 0.113507 0.0256811 
0.218182 0.102478 0.114111 
0.161442 0.214848 0.380598 
0.12754 0.371499 0.689405 
0.108594 0.490179 0.90171 
0.1171 0.541862 0.961712 
0.159868 0.540317 0.897698 
0.21257 0.501721 0.768043 
0.231927 0.429114 0.619862 
0.192662 0.329055 0.485453 
0.112149 0.229634 0.39339 
0.0446869 0.177226 0.369611 
0.051719 0.213952 0.426765 
0.161816 0.347888 0.550337 
0.339534 0.531447 0.68995 
0.490411 0.669575 0.768607 
0.515888 0.669951 0.719775 
0.388358 0.510527 0.536757 
0.183537 0.268485 0.29218 
0.0322535 0.0745363 0.0982041 
0.0243497 0.021214 0.0303125 
0.144956 0.100299 0.0771341 
0.296262 0.22119 0.159335 
0.380453 0.289105 0.197915 
0.368062 0.271688 0.169503 
0.29902 0.202681 0.105548 
0.231822 0.135717 0.0499982 
0.196894 0.100893 0.0237925 
0.18886 0.0970988 0.0235516 
0.18606 0.108423 0.0389024 
0.169516 0.117869 0.0607594 
0.131817 0.112034 0.0777851 
0.0807969 0.0864236 0.077937 
0.0366896 0.0511335 0.0594327 
0.0188422 0.0258001 0.0353929 
0.0320676 0.0245421 0.02263 
0.0682793 0.0471546 0.0272453 
0.119578 0.0847901 0.0431787 
0.183569 0.129562 0.0617484 
0.257312 0.177722 0.0794614 
0.335559 0.229267 0.0987686 
0.415262 0.285866 0.123641 
0.487797 0.340935 0.151403 
0.521337 0.368534 0.16712 
0.47106 0.335614 0.152742 
0.329366 0.239263 0.108099 
0.157679 0.12412 0.0569432 
0.0402934 0.0448967 0.0242337 
0.00237381 0.0152809 0.0168163 
0.000353022 0.0171957 0.0439553 
0.00513189 0.0620316 0.148568 
0.0627918 0.205384 0.379265 
0.23626 0.468084 0.706036 
0.496532 0.758376 0.98616 
0.712922 0.915985 1.05701 
0.766769 0.849855 0.876918 
0.653914 0.615306 0.559598 
0.464666 0.349582 0.267834 
0.288443 0.154502 0.0930128 
0.160578 0.0529236 0.0372715 
0.081426 0.0261087 0.0689091 
0.0454907 0.0494826 0.152892 
0.0409059 0.091123 0.239176 
0.0454173 0.112841 0.270042 
0.0425907 0.0969969 0.224375 
0.0358703 0.0625969 0.139693 
0.0378848 0.0419292 0.0740652 
0.0536419 0.0482903 0.0537675 
0.0831177 0.0756577 0.0673671 
0.13187 0.11944 0.0974173 
0.204314 0.180101 0.13739 
0.286969 0.24719 0.179083 
0.351858 0.296569 0.203885 
0.383335 0.312727 0.198494 
0.394455 0.306484 0.172026 
0.407502 0.300107 0.146238 
0.41912 0.295414 0.128851 
0.39536 0.267273 0.106254 
0.311301 0.197512 0.0691349 
0.193577 0.110922 0.0382035 
0.109013 0.0616897 0.0474734 
0.0995804 0.0743199 0.094813 
0.135485 0.109145 0.126213 
0.148094 0.105223 0.0934247 
0.107481 0.0545911 0.0240815 
0.0479638 0.00977597 0.00331216 
0.013274 0.0101922 0.0702623 
0.00446181 0.0295521 0.159181 
0.00528761 0.0222225 0.173135 
0.0371442 0.00134526 0.101249 
0.143633 0.027416 0.024328 
0.312281 0.115519 0.00624405 
0.449893 0.196632 0.0260867 
0.465351 0.196907 0.0371909 
0.362074 0.127525 0.0482424 
0.224496 0.0616114 0.0975807 
0.125454 0.0379577 0.166861 
0.0764631 0.030097 0.180532 
0.0633433 0.0126808 0.107146 
0.0885695 0.0139497 0.0177768 
0.154465 0.0740708 0.0103649 
0.227074 0.174255 0.095764 
0.250301 0.241627 0.189944 
0.200209 0.224323 0.210823 
0.109973 0.140824 0.154105 
0.0371785 0.0529326 0.0741644 
0.0147574 0.00710568 0.0196907 
0.0329545 0.00671381 0.00164286 
0.0567249 0.0252255 0.00523095 
