0.516582 0.970448 1.35264 
0.550168 0.914651 1.14047 
0.495441 0.755424 0.874086 
0.431656 0.60461 0.668645 
0.413558 0.518609 0.559481 
0.441287 0.494502 0.534954 
0.488595 0.517803 0.594408 
0.537255 0.588116 0.749728 
0.579319 0.693304 0.967465 
0.60096 0.778463 1.13544 
0.580741 0.766106 1.12192 
0.506319 0.618927 0.888331 
0.386327 0.381384 0.543936 
0.245114 0.157747 0.281612 
0.113683 0.0497901 0.249597 
0.029275 0.107062 0.466647 
0.0332233 0.31389 0.831425 
0.151963 0.600572 1.19074 
0.37119 0.86544 1.4073 
0.631651 1.01045 1.40346 
0.856174 0.985472 1.18488 
0.983917 0.812863 0.838621 
0.984692 0.567554 0.492892 
0.856291 0.328544 0.253326 
0.626188 0.146309 0.16105 
0.358603 0.0467811 0.200756 
0.140749 0.0447866 0.33445 
0.0355252 0.132618 0.515038 
0.0345561 0.2553 0.67397 
0.0646819 0.321027 0.72566 
0.0566545 0.265863 0.618228 
0.017398 0.122036 0.393438 
0.0322882 0.0132765 0.182527 
0.185121 0.060329 0.115261 
0.463808 0.270719 0.211767 
0.740613 0.514625 0.359336 
0.854564 0.618999 0.405925 
0.733927 0.506456 0.292718 
0.457336 0.261352 0.106926 
0.199708 0.0648491 0.00551042 
0.105072 0.0526766 0.0772981 
0.189903 0.214852 0.266813 
0.351367 0.417514 0.426544 
0.461702 0.519467 0.448239 
0.460674 0.479142 0.355817 
0.375772 0.368561 0.282573 
0.276271 0.300404 0.359979 
0.21828 0.341189 0.614414 
0.220206 0.473552 0.946612 
0.26291 0.61539 1.19392 
0.297952 0.668809 1.22326 
0.270138 0.57573 1.00368 
0.163764 0.364445 0.631403 
0.0452144 0.160414 0.296633 
0.0485128 0.133603 0.196189 
0.288066 0.394924 0.427996 
0.758083 0.909293 0.931211 
1.30672 1.49778 1.51885 
1.71504 1.93602 1.98528 
1.82226 2.0788 2.21401 
1.60707 1.92591 2.21678 
1.18199 1.59921 2.09447 
0.726316 1.26698 1.96476 
0.411509 1.07144 1.90755 
0.35101 1.0888 1.9475 
0.575572 1.31856 2.06221 
1.02472 1.68759 2.19702 
1.55555 2.06511 2.27788 
1.97961 2.29587 2.22709 
2.1301 2.25556 1.99015 
1.93702 1.91173 1.56993 
1.46715 1.3533 1.04526 
0.895309 0.756919 0.547279 
0.415225 0.29858 0.194673 
0.143924 0.0643656 0.0290608 
0.07997 0.0213482 0.00129146 
0.134768 0.0642373 0.0205254 
0.203401 0.09549 0.0242437 
0.222397 0.0784258 0.0125549 
0.185104 0.0354966 0.0269091 
0.121341 0.00974457 0.101411 
0.065784 0.026206 0.229423 
0.035726 0.0771886 0.365808 
0.0271382 0.133502 0.456114 
0.0271008 0.169618 0.471034 
0.0309783 0.184933 0.425868 
0.0484794 0.204755 0.372436 
0.0916044 0.257624 0.365281 
0.15571 0.346016 0.423168 
0.214271 0.436969 0.515207 
0.235684 0.483525 0.584005 
0.207707 0.459235 0.586987 
0.146578 0.375598 0.521937 
0.0829827 0.269643 0.419969 
0.0392179 0.176923 0.319631 
0.0178891 0.11468 0.247623 
0.00867782 0.084449 0.216388 
0.00293564 0.0832782 0.2288 
0.00225226 0.109026 0.278127 
0.0158127 0.156847 0.344679 
0.0507535 0.214366 0.398754 
0.103047 0.262514 0.412992 
0.155461 0.282503 0.376168 
0.185918 0.2652 0.298615 
0.182694 0.217849 0.206557 
0.154842 0.162639 0.129247 
0.126675 0.12482 0.0850631 
0.119438 0.117607 0.0742177 
0.138894 0.138664 0.0852885 
0.183688 0.184682 0.113793 
0.264302 0.268713 0.175632 
0.404029 0.414205 0.294986 
0.609085 0.620689 0.468862 
0.834043 0.832953 0.64185 
0.986224 0.954984 0.72665 
0.980703 0.911473 0.66512 
0.804261 0.707888 0.478355 
0.530345 0.432729 0.256023 
0.269692 0.196684 0.0908546 
0.10022 0.0621964 0.0177299 
0.0339954 0.0218133 0.0101116 
0.0374212 0.0318662 0.0265578 
0.0714208 0.0571868 0.0523604 
0.111801 0.0845296 0.0960249 
0.143681 0.106412 0.155849 
0.15315 0.108563 0.203396 
0.133113 0.0806016 0.205736 
0.0941474 0.0343072 0.160538 
0.0613044 0.00210038 0.103429 
0.055085 0.012115 0.0787934 
0.0753245 0.0643632 0.10402 
0.104358 0.131639 0.160614 
0.124507 0.1822 0.214912 
0.130678 0.20073 0.243707 
0.127194 0.190626 0.242915 
0.116821 0.162623 0.220298 
0.0968843 0.126005 0.187161 
0.0663906 0.0896488 0.156815 
0.0342193 0.0657732 0.144085 
0.0176642 0.0669851 0.158683 
0.0316961 0.0973259 0.195858 
0.0786697 0.146561 0.235013 
0.146757 0.19441 0.251207 
0.217048 0.222043 0.232117 
0.273082 0.222146 0.187126 
0.306583 0.200666 0.141001 
0.317115 0.169871 0.116224 
0.307915 0.13862 0.116681 
0.282648 0.107801 0.125233 
0.246331 0.0748203 0.118159 
0.208351 0.0425687 0.0858433 
0.18167 0.0226906 0.0421974 
0.175544 0.0276204 0.013556 
0.187329 0.057831 0.0161025 
0.202321 0.0974057 0.0421682 
0.203481 0.123675 0.0674917 
0.182728 0.122583 0.071577 
0.144165 0.0963149 0.0522844 
0.0984866 0.0585679 0.0239726 
0.055827 0.0245312 0.00492066 
0.0230736 0.00469022 0.00684355 
0.0055233 0.00496533 0.0330938 
0.00987485 0.0299229 0.0827893 
0.0460437 0.084964 0.154642 
0.124399 0.174226 0.246293 
0.245156 0.292692 0.348982 
0.384555 0.417016 0.442399 
0.493444 0.506659 0.497831 
0.520673 0.52325 0.49303 
0.450427 0.458236 0.42954 
0.321156 0.344289 0.335669 
0.203186 0.235536 0.248651 
0.149328 0.170645 0.190155 
0.160097 0.150452 0.156953 
0.191978 0.14747 0.132853 
0.197281 0.134212 0.106963 
0.159203 0.10367 0.0809412 
0.0970226 0.0690535 0.0636271 
0.0455714 0.050224 0.0633899 
0.0297449 0.0599999 0.0842728 
0.050726 0.0965881 0.123395 
0.0884314 0.143314 0.168443 
0.115804 0.176458 0.200442 
0.115582 0.17868 0.204239 
0.088891 0.149103 0.178557 
0.0507063 0.101715 0.135314 
0.0179596 0.0544469 0.0894141 
0.00127147 0.0198015 0.050439 
0.00504408 0.00371422 0.022985 
0.0308849 0.00864004 0.0103878 
0.0779358 0.0340184 0.014194 
0.140292 0.0739175 0.0304826 
0.205848 0.116607 0.0496978 
0.258192 0.147845 0.0616095 
0.280113 0.155433 0.0605152 
0.258937 0.133684 0.0473887 
0.194948 0.0886527 0.0306993 
0.108824 0.0415845 0.0264963 
0.0380475 0.0232296 0.0532874 
0.0171893 0.0558215 0.119055 
0.0527456 0.132906 0.208157 
0.114056 0.21563 0.28245 
0.152768 0.254816 0.30257 
0.138809 0.225881 0.256776 
0.0833285 0.148586 0.173566 
0.0276827 0.0726192 0.10364 
0.00761076 0.0389465 0.0824314 
0.0251425 0.0501382 0.104522 
0.0529473 0.0758052 0.133762 
0.0632739 0.085616 0.139963 
0.0508142 0.075967 0.126095 
0.0300654 0.0661747 0.119866 
0.0174003 0.0742714 0.141683 
0.019627 0.10063 0.184211 
0.0345404 0.131325 0.221022 
0.0530746 0.149002 0.228478 
0.0600646 0.139477 0.198087 
0.0437136 0.0984499 0.137316 
0.0133541 0.0417481 0.068347 
0.00220435 0.00394473 0.0216816 
0.0383989 0.0116633 0.0155631 
0.108705 0.0522521 0.034921 
0.161107 0.0795436 0.0417457 
0.15346 0.0624193 0.0194894 
0.0965157 0.0238132 0.00279117 
0.0400959 0.0182326 0.0459297 
0.0185122 0.0677475 0.154881 
0.0211317 0.132166 0.26313 
0.0200094 0.151764 0.289442 
0.0131841 0.112969 0.218714 
0.0262812 0.0605123 0.116071 
0.0742713 0.0466782 0.0612441 
0.136915 0.0809333 0.0788726 
0.178695 0.132319 0.133861 
0.184266 0.167704 0.178614 
0.165826 0.175474 0.190023 
0.141663 0.158748 0.167868 
0.119943 0.123921 0.120075 
0.104478 0.0832375 0.0615734 
0.103605 0.0576521 0.0174105 
0.122889 0.0635999 0.0105017 
0.152019 0.0956503 0.042034 
0.168267 0.128996 0.0897358 
0.156246 0.141648 0.127936 
0.121119 0.13124 0.145989 
0.0810589 0.109944 0.14713 
0.0500846 0.0883343 0.136477 
0.0304582 0.0679876 0.115932 
0.0189343 0.0468 0.0880648 
0.0160194 0.0262217 0.05843 
0.0280214 0.0122772 0.0324053 
