0.0910021 0.18518 0.487027 
0.140332 0.15323 0.351276 
0.248065 0.147563 0.216149 
0.460312 0.229509 0.158451 
0.791066 0.429232 0.222867 
1.20469 0.727048 0.402626 
1.62539 1.06109 0.645887 
1.96802 1.35574 0.88239 
2.17292 1.55438 1.05486 
2.22653 1.63936 1.13932 
2.15919 1.63125 1.14672 
2.02409 1.57104 1.10878 
1.87048 1.4971 1.05843 
1.72478 1.42897 1.0153 
1.58687 1.36444 0.981852 
1.44065 1.28853 0.949215 
1.27108 1.18766 0.9072 
1.07884 1.06114 0.852447 
0.885849 0.924831 0.791008 
0.729994 0.806229 0.735216 
0.651971 0.733941 0.697478 
0.679916 0.726563 0.684497 
0.817923 0.785609 0.694634 
1.04274 0.895022 0.719188 
1.30972 1.02702 0.746505 
1.56565 1.15148 0.766683 
1.76351 1.24486 0.774667 
1.87387 1.29536 0.770606 
1.88915 1.30269 0.757782 
1.82023 1.27382 0.739528 
1.6882 1.21722 0.71674 
1.51546 1.13863 0.686945 
1.31987 1.0399 0.644986 
1.1135 0.920577 0.584891 
0.904757 0.780873 0.502486 
0.701509 0.624364 0.398505 
0.513087 0.459471 0.281594 
0.350297 0.299465 0.169774 
0.223957 0.160973 0.0883884 
0.14302 0.0609606 0.0633459 
0.113079 0.0125089 0.110839 
0.13547 0.0203998 0.227624 
0.206837 0.0783051 0.387194 
0.319077 0.169288 0.545405 
0.459717 0.270115 0.654657 
0.612943 0.358033 0.681052 
0.761343 0.417311 0.616837 
0.888289 0.442919 0.48248 
0.980616 0.440145 0.317703 
1.0311 0.420846 0.165968 
1.04002 0.398307 0.0594504 
1.0152 0.382759 0.0103285 
0.969858 0.378729 0.0106518 
0.918722 0.384466 0.0391124 
0.873101 0.393041 0.0708815 
0.836803 0.394719 0.0866298 
0.804692 0.380248 0.0782679 
0.765125 0.344619 0.050621 
0.706013 0.29042 0.0193948 
0.622402 0.229429 0.00628589 
0.522078 0.181052 0.0322899 
0.425741 0.167014 0.110541 
0.360239 0.203263 0.240447 
0.346775 0.291858 0.405133 
0.389238 0.416625 0.573838 
0.468903 0.545652 0.709562 
0.549503 0.641103 0.780275 
0.591663 0.673245 0.769975 
0.570454 0.632788 0.68515 
0.487284 0.535436 0.553257 
0.36952 0.415614 0.412937 
0.257323 0.311531 0.299507 
0.1842 0.248582 0.232095 
0.161721 0.229709 0.208737 
0.177078 0.238238 0.212316 
0.205083 0.252034 0.224489 
0.22752 0.260799 0.239751 
0.247541 0.275482 0.270708 
0.288859 0.322489 0.340047 
0.3785 0.424471 0.462829 
0.52284 0.578852 0.629857 
0.692676 0.748607 0.803931 
0.829264 0.873894 0.933931 
0.870914 0.900506 0.980321 
0.786156 0.809559 0.937214 
0.593697 0.630301 0.83671 
0.356129 0.427145 0.731601 
0.14992 0.267604 0.666235 
0.0288174 0.189725 0.653175 
0.00163238 0.187679 0.669622 
0.0358505 0.222348 0.674686 
0.0822547 0.248119 0.635388 
0.103624 0.238148 0.544735 
0.0903747 0.193685 0.422034 
0.0567243 0.13521 0.298163 
0.0242363 0.0849456 0.197701 
0.00616285 0.0538344 0.129545 
0.00240115 0.0400389 0.0895283 
0.00530175 0.0363491 0.0695014 
0.00885505 0.0381718 0.0642051 
0.0131764 0.0455253 0.0713025 
0.0218219 0.0589793 0.0868378 
0.0358782 0.0748157 0.102147 
0.0508444 0.0847286 0.106256 
0.0591254 0.0808198 0.092407 
0.0558215 0.0617933 0.0634059 
0.0428364 0.0351203 0.0311051 
0.0279712 0.0131733 0.00979431 
0.0198911 0.00605512 0.00784576 
0.0230899 0.0163613 0.02329 
0.0368218 0.0396689 0.0463308 
0.0587638 0.0703861 0.067219 
0.0904068 0.108701 0.0844275 
0.139553 0.163311 0.107707 
0.216927 0.247008 0.153399 
0.327788 0.366671 0.233807 
0.463186 0.51318 0.346173 
0.596821 0.657886 0.467917 
0.691205 0.759607 0.562265 
0.711958 0.780574 0.593089 
0.644051 0.704323 0.54228 
0.501626 0.546264 0.420565 
0.325457 0.35054 0.265305 
0.168077 0.173612 0.125524 
0.0731656 0.0620683 0.0414424 
0.0588957 0.035308 0.0287958 
0.112918 0.0810135 0.0753632 
0.200495 0.164382 0.150162 
0.280775 0.245172 0.219172 
0.322921 0.29366 0.259051 
0.315209 0.298741 0.262986 
0.264837 0.26666 0.238109 
0.190933 0.213646 0.198241 
0.115526 0.157546 0.156823 
0.0565665 0.112214 0.123075 
0.024594 0.0856298 0.101614 
0.0223937 0.080476 0.0938951 
0.0460409 0.0952794 0.0995757 
0.0862382 0.125008 0.116825 
0.129931 0.161286 0.141739 
0.162858 0.193226 0.167839 
0.173365 0.209759 0.186764 
0.156636 0.203323 0.190596 
0.117356 0.173401 0.17515 
0.0687152 0.127795 0.142509 
0.0273293 0.0802646 0.10106 
0.00614233 0.0452104 0.06254 
0.00919417 0.0320983 0.0374409 
0.0313967 0.0426376 0.0312027 
0.0632913 0.0719327 0.0430465 
0.0971961 0.112062 0.0674464 
0.130099 0.155092 0.0966721 
0.161328 0.193676 0.122794 
0.187608 0.22013 0.138833 
0.200739 0.226674 0.139881 
0.191266 0.208429 0.12473 
0.156201 0.167619 0.0971769 
0.104508 0.115132 0.0653395 
0.0547956 0.0667531 0.0383568 
0.0253941 0.0354718 0.0220796 
0.0233613 0.0248751 0.0166867 
0.0404858 0.0283833 0.0179455 
0.0593738 0.0347641 0.020891 
0.0650882 0.0355647 0.0227121 
0.0537846 0.0289871 0.0226733 
0.0326779 0.0182945 0.0201316 
0.0128988 0.00777127 0.0139348 
0.00212428 0.000937919 0.00513535 
0.00286362 0.00258082 0.00092368 
0.0162379 0.0212849 0.014899 
0.0457434 0.0675582 0.0606441 
0.095772 0.146382 0.141302 
0.16521 0.249015 0.242663 
0.241991 0.351436 0.33636 
0.304743 0.422934 0.392904 
0.332131 0.440673 0.396698 
0.314029 0.400995 0.353086 
0.256822 0.320126 0.283072 
0.179484 0.224459 0.210179 
0.103813 0.13757 0.148957 
0.0455843 0.0722053 0.102152 
0.0113051 0.0304052 0.0660433 
0.000115176 0.00854583 0.0375245 
0.00706703 0.00174304 0.016818 
0.0249 0.00487811 0.00502226 
0.0446632 0.0119227 0.000726154 
0.0573842 0.0167563 5.60158e-05 
0.0575398 0.016178 0.000230805 
0.0461746 0.0123548 0.00257495 
0.030541 0.0114577 0.0111681 
0.0195592 0.0185217 0.0276865 
0.0181229 0.0325071 0.0472116 
0.024682 0.0461296 0.0596158 
0.0340087 0.0512893 0.0564555 
0.0426588 0.0460085 0.0381963 
0.0522994 0.0370754 0.0156753 
0.0679117 0.0357884 0.00394067 
0.092349 0.0496983 0.012536 
0.121932 0.0765162 0.0390918 
0.146985 0.104745 0.0706286 
0.157205 0.120548 0.0914111 
0.147908 0.115939 0.0918815 
0.122656 0.0928592 0.073094 
0.0906627 0.0610346 0.044692 
0.0612445 0.0318248 0.0187272 
0.0393276 0.0124365 0.00359034 
0.0246912 0.00375427 0.00123859 
0.0146112 0.00212161 0.00822272 
0.00734704 0.00297968 0.0188392 
0.00387205 0.00377488 0.0281879 
0.00695717 0.00471797 0.0337546 
0.0186332 0.00759783 0.0353643 
0.0378987 0.0138379 0.0341682 
0.0600905 0.0230434 0.0314971 
0.0782405 0.0327514 0.0281625 
0.0857536 0.0394183 0.0243846 
0.0792356 0.0401262 0.0201763 
0.060265 0.0341743 0.0158139 
0.0352511 0.0237294 0.0120376 
0.0132173 0.0131041 0.00983186 
0.00225219 0.00691227 0.00993103 
0.00613583 0.00798902 0.0123831 
0.0227759 0.0161664 0.0164836 
0.0453464 0.0285838 0.02116 
0.0656789 0.0413802 0.0256116 
0.0782594 0.051868 0.0298645 
0.0828742 0.0600818 0.0349906 
0.0847411 0.0690446 0.042983 
0.092375 0.0838758 0.0565151 
0.114577 0.110448 0.0788367 
0.158113 0.154303 0.113829 
0.226818 0.220016 0.165896 
0.321686 0.310575 0.23918 
0.440812 0.426158 0.335753 
0.578387 0.562161 0.453053 
0.723085 0.707252 0.581567 
0.857339 0.842987 0.704322 
0.959243 0.946444 0.799512 
1.00772 0.996122 0.846462 
0.989522 0.979374 0.83317 
0.90494 0.898048 0.762081 
0.768928 0.768995 0.650558 
0.606431 0.618324 0.524693 
0.443905 0.471765 0.408873 
0.301387 0.346149 0.31654 
0.189067 0.246561 0.247525 
0.109155 0.170122 0.193321 
0.0601298 0.112765 0.146275 
0.0391433 0.0734596 0.105784 
0.0408209 0.0528343 0.0770131 
0.0548701 0.0483834 0.0638533 
