8.12285 8.80456 8.13202 
6.97637 7.18781 6.3737 
5.35682 5.21422 4.38013 
3.70226 3.38264 2.65619 
2.3478 2.01126 1.47469 
1.42305 1.16024 0.822666 
0.886934 0.716944 0.528274 
0.629096 0.534666 0.427416 
0.550061 0.514054 0.439338 
0.585795 0.602151 0.537112 
0.694651 0.755893 0.689371 
0.837559 0.920963 0.84247 
0.967903 1.03958 0.948138 
1.03376 1.07167 0.997029 
0.991751 1.01128 1.0236 
0.830617 0.890303 1.07876 
0.594368 0.768948 1.19091 
0.383389 0.712926 1.34054 
0.31224 0.759219 1.46246 
0.430403 0.880705 1.47232 
0.65783 0.974869 1.30316 
0.809406 0.908694 0.94221 
0.735391 0.62632 0.468244 
0.495096 0.26191 0.077941 
0.399449 0.144226 0.0554412 
0.818631 0.616028 0.636967 
1.85644 1.74608 1.80717 
3.16935 3.16621 3.1855 
4.14152 4.2318 4.16655 
4.31661 4.44047 4.2856 
3.71987 3.77745 3.53922 
2.78072 2.68281 2.37284 
1.94587 1.67717 1.33064 
1.36605 1.00112 0.681926 
0.929589 0.580702 0.349182 
0.533354 0.275936 0.14543 
0.254488 0.0967706 0.027284 
0.247763 0.161961 0.102517 
0.524175 0.493729 0.430656 
0.883973 0.912882 0.873472 
1.08026 1.16065 1.16935 
1.0321 1.11531 1.14967 
0.868603 0.880979 0.874492 
0.774669 0.670524 0.562324 
0.80357 0.607656 0.394842 
0.836704 0.634995 0.381844 
0.717813 0.599215 0.395365 
0.425326 0.417529 0.317992 
0.117387 0.164943 0.156163 
0.00764747 0.00830531 0.0218343 
0.189058 0.0617326 0.0213605 
0.567308 0.303812 0.170882 
0.953471 0.621021 0.410029 
1.21243 0.911688 0.674524 
1.32622 1.13963 0.93819 
1.33805 1.30279 1.18965 
1.26672 1.38031 1.3909 
1.09045 1.33094 1.47848 
0.803094 1.1419 1.40994 
0.464562 0.86601 1.20567 
0.184342 0.602166 0.943858 
0.0544573 0.435837 0.713782 
0.0946128 0.391425 0.566284 
0.250002 0.428914 0.494451 
0.43126 0.477077 0.4506 
0.560042 0.474442 0.38282 
0.594845 0.395952 0.268311 
0.535352 0.260117 0.12861 
0.415237 0.120925 0.023232 
0.289891 0.0480148 0.0244639 
0.218371 0.0966945 0.178875 
0.239143 0.275435 0.469462 
0.347456 0.529025 0.804132 
0.489415 0.755724 1.05184 
0.583949 0.857286 1.11506 
0.56763 0.794326 0.99028 
0.438485 0.610938 0.768362 
0.268389 0.411767 0.573573 
0.168171 0.305662 0.489351 
0.220708 0.348826 0.523256 
0.424755 0.517932 0.623431 
0.691303 0.726436 0.720106 
0.898162 0.874247 0.760923 
0.963309 0.901367 0.727502 
0.883889 0.812781 0.635136 
0.719573 0.662189 0.520076 
0.545144 0.512642 0.42036 
0.413566 0.405744 0.359951 
0.348787 0.356532 0.344622 
0.357879 0.36646 0.368938 
0.443414 0.43629 0.425768 
0.605423 0.566899 0.509267 
0.831001 0.746427 0.607388 
1.07747 0.932527 0.689243 
1.26762 1.04988 0.703978 
1.31802 1.02246 0.607702 
1.19403 0.830418 0.408535 
0.945212 0.541977 0.184929 
0.678175 0.275869 0.0389944 
0.483706 0.116092 0.0118797 
0.389584 0.0619735 0.0471886 
0.383994 0.0675989 0.0552868 
0.469713 0.123363 0.0207538 
0.671109 0.277856 0.0328219 
0.978163 0.566396 0.193592 
1.29826 0.927563 0.496398 
1.48668 1.21057 0.805501 
1.43962 1.27713 0.959936 
1.16587 1.10079 0.895811 
0.778246 0.776297 0.675733 
0.421206 0.445002 0.419992 
0.192619 0.208651 0.220391 
0.104837 0.0903589 0.104369 
0.09949 0.0510711 0.0511728 
0.103387 0.0366476 0.0261468 
0.0865966 0.0220704 0.00859239 
0.0748388 0.0235881 0.00441758 
0.104658 0.0706029 0.0377128 
0.169763 0.163468 0.12196 
0.220397 0.259582 0.231025 
0.217923 0.304302 0.301991 
0.180805 0.278639 0.282603 
0.166658 0.218864 0.191764 
0.20812 0.188391 0.131478 
0.271901 0.223636 0.215324 
0.286207 0.300064 0.459152 
0.21368 0.354217 0.740698 
0.102815 0.351293 0.891432 
0.065418 0.335591 0.850358 
0.188215 0.400152 0.724177 
0.448809 0.587444 0.678561 
0.715745 0.818756 0.765559 
0.845501 0.940007 0.869697 
0.795012 0.854031 0.830029 
0.64325 0.608463 0.604559 
0.500404 0.347258 0.305506 
0.399552 0.178588 0.0849766 
0.287655 0.0999397 0.00807476 
0.128785 0.0529694 0.0400892 
0.00778604 0.0347699 0.130087 
0.109823 0.131849 0.27365 
0.569754 0.431292 0.485625 
1.32066 0.900406 0.732612 
2.08821 1.36521 0.920374 
2.55468 1.62192 0.961578 
2.56655 1.58637 0.855961 
2.22335 1.3538 0.703279 
1.79125 1.12812 0.640692 
1.52646 1.08961 0.762684 
1.54226 1.30019 1.07808 
1.78698 1.68978 1.51089 
2.10693 2.10298 1.92567 
2.33273 2.36888 2.17077 
2.34992 2.37157 2.14116 
2.14184 2.10372 1.83959 
1.79645 1.67704 1.39056 
1.46776 1.27261 0.982374 
1.30092 1.05026 0.76741 
1.35581 1.06839 0.786913 
1.57216 1.26104 0.965955 
1.79772 1.48148 1.17109 
1.86599 1.58143 1.28479 
1.68241 1.48052 1.252 
1.27374 1.19353 1.08283 
0.776759 0.811867 0.827032 
0.376827 0.461625 0.549917 
0.231918 0.264597 0.327465 
0.41272 0.308911 0.246927 
0.868206 0.615429 0.380051 
1.42355 1.10118 0.723269 
1.83921 1.58548 1.16024 
1.94964 1.88839 1.52005 
1.81216 1.98127 1.71832 
1.70867 2.03892 1.84573 
1.91454 2.28038 2.07382 
2.39567 2.70665 2.43816 
2.75861 3.02185 2.73935 
2.58836 2.88845 2.71722 
1.87945 2.2903 2.33795 
1.08829 1.59381 1.8578 
0.701326 1.19473 1.55566 
0.763402 1.12191 1.42915 
0.887139 1.05159 1.2226 
0.726139 0.720918 0.769366 
0.362169 0.257226 0.241951 
0.172079 0.0387584 0.000326911 
0.361426 0.258044 0.204691 
0.723023 0.696069 0.632709 
0.875819 0.946678 0.894751 
0.671001 0.812947 0.794076 
0.304195 0.446467 0.45733 
0.0618206 0.136198 0.152794 
0.0352111 0.0276541 0.0345263 
0.101581 0.0562957 0.0618044 
0.121295 0.0932328 0.11267 
0.0882738 0.0970348 0.131161 
0.0918627 0.125174 0.167304 
0.185556 0.238549 0.299487 
0.325821 0.419588 0.528018 
0.422976 0.575375 0.74062 
0.422526 0.608341 0.788243 
0.335829 0.490904 0.613287 
0.215561 0.287928 0.313521 
0.117469 0.111589 0.0715131 
0.0754828 0.0430074 0.00663766 
0.0898787 0.0808469 0.0877897 
0.126663 0.154439 0.184832 
0.137228 0.184942 0.196153 
0.0994329 0.143139 0.123221 
0.0548529 0.0659174 0.037139 
0.105018 0.0328398 0.000691518 
0.354759 0.126932 0.0368178 
0.834551 0.396773 0.15541 
1.45508 0.824322 0.373833 
2.02846 1.30849 0.685578 
2.35115 1.68849 1.01486 
2.30969 1.81958 1.23211 
1.9522 1.66579 1.24162 
1.47155 1.33317 1.05944 
1.09005 0.995293 0.794057 
0.913229 0.760609 0.545456 
0.868548 0.603095 0.334676 
0.790295 0.428975 0.143594 
0.580493 0.212687 0.0112275 
0.297022 0.0561459 0.0580921 
0.0909818 0.105085 0.392127 
0.066293 0.410241 0.992716 
0.200489 0.873232 1.69747 
0.382761 1.3153 2.2986 
0.504098 1.58364 2.64429 
0.511513 1.60509 2.66684 
0.40958 1.3847 2.36676 
0.245204 0.995261 1.81464 
0.0908597 0.564492 1.16126 
0.00988509 0.227661 0.593874 
0.0107351 0.0526808 0.238185 
0.039564 0.00861288 0.0992122 
0.0407687 0.0284179 0.118586 
0.0342238 0.110944 0.293224 
0.114588 0.340369 0.70771 
0.346054 0.773608 1.40962 
0.650079 1.30013 2.24167 
0.824004 1.64483 2.83484 
0.712515 1.56364 2.83643 
0.378632 1.07092 2.20008 
0.0800972 0.462512 1.25731 
0.0356146 0.0759729 0.470516 
0.204462 0.0068308 0.0834887 
0.329175 0.072438 0.00273558 
0.227676 0.0652061 0.00675234 
0.0312149 0.0156436 0.0298004 
