0.0212846 0.463728 2.16513 
0.146831 0.59919 2.37455 
0.347865 0.815775 2.61751 
0.520848 1.01015 2.76423 
0.56903 1.08496 2.70563 
0.461621 1.00619 2.41253 
0.260431 0.828373 1.95694 
0.0918058 0.66755 1.4795 
0.076285 0.634847 1.11939 
0.257385 0.770129 0.946434 
0.573197 1.01596 0.933189 
0.888062 1.24706 0.979708 
1.0646 1.33665 0.972757 
1.03373 1.22119 0.844579 
0.825413 0.93001 0.601988 
0.548969 0.569868 0.317592 
0.340759 0.27938 0.0957742 
0.309975 0.179745 0.0347873 
0.507048 0.342847 0.201191 
0.921507 0.783237 0.62097 
1.50028 1.46749 1.28194 
2.17146 2.32954 2.13929 
2.86215 3.28361 3.11972 
3.50672 4.23253 4.12489 
4.04797 5.07445 5.03881 
4.43655 5.71182 5.74282 
4.63257 6.06494 6.13786 
4.61121 6.08751 6.16806 
4.37022 5.77904 5.83651 
3.93547 5.1879 5.20571 
3.36032 4.40193 4.38093 
2.71702 3.52878 3.48286 
2.08187 2.67253 2.62001 
1.51911 1.91432 1.86993 
1.06899 1.30193 1.27309 
0.743937 0.849442 0.836594 
0.533595 0.544184 0.543013 
0.416397 0.357737 0.360428 
0.372826 0.257386 0.252225 
0.394702 0.215222 0.185974 
0.485906 0.212429 0.139734 
0.653497 0.23784 0.103716 
0.893307 0.282752 0.0772957 
1.17823 0.336729 0.0646262 
1.45761 0.389083 0.073336 
1.67097 0.436651 0.117692 
1.77158 0.492664 0.221993 
1.74873 0.588389 0.416776 
1.63739 0.762241 0.723755 
1.50966 1.03916 1.13421 
1.45131 1.41089 1.59367 
1.53305 1.82964 2.00632 
1.78784 2.2211 2.2633 
2.20119 2.51204 2.28514 
2.716 2.6592 2.05859 
3.24814 2.66506 1.6487 
3.70712 2.57315 1.17869 
4.01601 2.44578 0.785354 
4.12598 2.33547 0.569488 
4.02282 2.26283 0.561562 
3.72477 2.2098 0.71544 
3.27369 2.12983 0.930294 
2.72317 1.96994 1.09053 
2.12811 1.69586 1.10836 
1.53882 1.31131 0.954658 
1.00013 0.864351 0.668374 
0.553183 0.438098 0.342193 
0.235927 0.127484 0.0890886 
0.0790509 0.00872631 0.00102398 
0.0970334 0.111685 0.114507 
0.277911 0.40574 0.396403 
0.577823 0.806062 0.756401 
0.925698 1.19962 1.08168 
1.23917 1.48177 1.27934 
1.44701 1.58906 1.30818 
1.50928 1.51525 1.18673 
1.42663 1.30495 0.975837 
1.23528 1.0297 0.746805 
0.990387 0.758682 0.551799 
0.745973 0.537201 0.410153 
0.539571 0.380306 0.314089 
0.386614 0.280482 0.246741 
0.284102 0.221936 0.200053 
0.219342 0.192644 0.182387 
0.178527 0.188741 0.212959 
0.15169 0.211286 0.307922 
0.133474 0.25961 0.466876 
0.121452 0.326479 0.667461 
0.11442 0.398389 0.870931 
0.112134 0.46077 1.03584 
0.116194 0.504786 1.13309 
0.130527 0.531411 1.15512 
0.159958 0.549915 1.11515 
0.206902 0.571301 1.03737 
0.268 0.6004 0.944045 
0.333214 0.631494 0.84625 
0.388655 0.650338 0.743101 
0.422 0.641604 0.628577 
0.427505 0.597374 0.500826 
0.407821 0.521805 0.36764 
0.372062 0.429601 0.244793 
0.332074 0.339843 0.1488 
0.299693 0.269215 0.0891378 
0.286311 0.228228 0.064846 
0.303492 0.221379 0.0671949 
0.362054 0.249384 0.0861628 
0.468031 0.310697 0.116379 
0.616794 0.400807 0.159039 
0.788974 0.510138 0.219084 
0.951937 0.622773 0.299729 
1.06787 0.717926 0.397638 
1.10583 0.774381 0.501353 
1.05259 0.7763 0.593774 
0.917459 0.718052 0.657615 
0.729111 0.606285 0.681602 
0.52625 0.458773 0.665016 
0.346332 0.300657 0.618682 
0.216544 0.159067 0.561598 
0.149194 0.0569768 0.513783 
0.141221 0.00716258 0.487571 
0.176458 0.00775989 0.480922 
0.229847 0.0417303 0.476558 
0.273912 0.0822939 0.449097 
0.287547 0.104149 0.378633 
0.265099 0.0965129 0.265 
0.221109 0.071008 0.134542 
0.185872 0.0580123 0.0332514 
0.190897 0.0905389 0.00665628 
0.249981 0.182647 0.0750988 
0.346626 0.314908 0.217969 
0.437364 0.437801 0.377963 
0.472249 0.494542 0.486409 
0.422689 0.452512 0.498216 
0.300226 0.32514 0.417542 
0.153382 0.169509 0.298549 
0.0422019 0.0584132 0.218727 
0.00451319 0.0414318 0.238287 
0.0344945 0.11775 0.368141 
0.0880104 0.237942 0.565013 
0.113186 0.335234 0.75688 
0.0886193 0.368719 0.884139 
0.0455886 0.352743 0.932477 
0.0588737 0.35377 0.938195 
0.208689 0.454559 0.963065 
0.533308 0.704621 1.05372 
0.998168 1.08441 1.20956 
1.49913 1.50372 1.37795 
1.89993 1.83646 1.4798 
2.08662 1.97507 1.45145 
2.01373 1.87798 1.28031 
1.72176 1.58788 1.01567 
1.31953 1.21319 0.749045 
0.940598 0.882351 0.573977 
0.692754 0.691806 0.544239 
0.620895 0.669719 0.649526 
0.6963 0.769542 0.819283 
0.834483 0.894622 0.953029 
0.933168 0.942715 0.964406 
0.915111 0.851748 0.820346 
0.759118 0.627793 0.558279 
0.507029 0.343148 0.272882 
0.243621 0.104634 0.0767172 
0.0575443 0.00522763 0.0510385 
0.000363974 0.0805722 0.208727 
0.0629486 0.290963 0.486977 
0.181578 0.538507 0.774153 
0.272083 0.712337 0.958833 
0.275518 0.740318 0.977793 
0.191356 0.621428 0.839882 
0.0792337 0.42227 0.614882 
0.0265167 0.239688 0.394515 
0.0981569 0.14961 0.246909 
0.296511 0.169691 0.188385 
0.554742 0.255597 0.18591 
0.769427 0.331988 0.18616 
0.855936 0.339989 0.152875 
0.796738 0.274339 0.090962 
0.656156 0.190015 0.0448803 
0.553274 0.17576 0.0741724 
0.607132 0.309899 0.221333 
0.882206 0.622065 0.489782 
1.36017 1.07914 0.842157 
1.94853 1.59936 1.21703 
2.51778 2.084 1.55288 
2.94664 2.44968 1.80655 
3.15547 2.64727 1.9586 
3.11808 2.66363 2.00685 
2.85458 2.51162 1.95526 
2.4158 2.21835 1.8071 
1.86945 1.81949 1.56745 
1.29227 1.36082 1.25354 
0.764947 0.901374 0.905224 
0.363665 0.510036 0.585552 
0.144183 0.250267 0.365252 
0.121676 0.156024 0.293873 
0.256506 0.210548 0.370937 
0.458245 0.343269 0.535295 
0.614105 0.453964 0.685005 
0.634928 0.458704 0.724083 
0.498774 0.336434 0.614431 
0.267639 0.148854 0.403122 
0.0626359 0.0163322 0.204742 
0.00426909 0.0561147 0.142909 
0.146235 0.313248 0.280622 
0.439427 0.723713 0.579258 
0.74997 1.13501 0.912262 
0.926002 1.37786 1.12858 
0.878902 1.35213 1.13113 
0.633636 1.07935 0.925835 
0.318388 0.691794 0.614063 
0.0976146 0.363812 0.334408 
0.0853377 0.223797 0.189159 
0.286849 0.295184 0.197298 
0.600095 0.496226 0.297504 
0.873222 0.693578 0.393613 
0.98343 0.775307 0.411614 
0.89304 0.702104 0.334904 
0.655558 0.513086 0.202291 
0.375469 0.291371 0.0773324 
0.150519 0.115801 0.012142 
0.0300727 0.0272212 0.0263125 
0.00769494 0.022669 0.10715 
0.0429058 0.0715544 0.223156 
0.0919379 0.137464 0.338334 
0.12798 0.19224 0.420826 
0.143916 0.219587 0.447809 
0.143717 0.213613 0.411168 
0.133337 0.177761 0.323485 
0.117424 0.124127 0.2176 
0.101057 0.0696026 0.133564 
0.0928503 0.0283146 0.0962977 
0.108304 0.00645511 0.0984747 
0.175083 0.00796484 0.105149 
0.339628 0.0522097 0.0841263 
0.667888 0.191666 0.0457538 
1.22941 0.509963 0.0629719 
2.06085 1.0883 0.249559 
3.12141 1.9499 0.700283 
4.26759 3.01368 1.42482 
5.27356 4.09195 2.3172 
5.90158 4.94598 3.18463 
5.99514 5.37772 3.82411 
5.5472 5.31077 4.10527 
4.70404 4.81609 4.01471 
3.69997 4.06947 3.64186 
2.75797 3.26796 3.12261 
2.01032 2.55366 2.5785 
1.47776 1.9833 2.08441 
1.10752 1.54853 1.67171 
0.835395 1.22028 1.34964 
0.62937 0.981888 1.12097 
