1.12503 0.526749 0.118949 
0.54816 0.152992 0.0012899 
0.204923 0.0261406 0.116006 
0.0626726 0.0618204 0.319395 
0.0333911 0.150034 0.482132 
0.055339 0.242401 0.577523 
0.114413 0.357954 0.668809 
0.2155 0.52821 0.826578 
0.351493 0.747085 1.05746 
0.498695 0.966754 1.29708 
0.633033 1.13005 1.45662 
0.750973 1.20732 1.47747 
0.884131 1.21525 1.35948 
1.09333 1.20863 1.15434 
1.42689 1.24302 0.93195 
1.85655 1.32446 0.737878 
2.24674 1.38631 0.571014 
2.40993 1.32789 0.403068 
2.22868 1.09711 0.226215 
1.75043 0.747341 0.0809468 
1.17002 0.411089 0.028952 
0.711403 0.209564 0.0926756 
0.506223 0.178555 0.223844 
0.557368 0.271722 0.338316 
0.789603 0.4252 0.388436 
1.12015 0.615326 0.407267 
1.48903 0.860734 0.486981 
1.84509 1.17893 0.712169 
2.12443 1.54383 1.1003 
2.25329 1.87981 1.58615 
2.1768 2.09226 2.0502 
1.89101 2.10968 2.366 
1.45435 1.91187 2.44159 
0.970334 1.53503 2.24498 
0.550946 1.06005 1.81519 
0.277661 0.591649 1.25804 
0.174003 0.229508 0.718033 
0.2006 0.034743 0.32521 
0.280917 0.0091309 0.141643 
0.352653 0.108013 0.146492 
0.414557 0.282789 0.273478 
0.52748 0.515805 0.466423 
0.758937 0.812702 0.701667 
1.1143 1.16224 0.964896 
1.51733 1.51179 1.2212 
1.85855 1.78998 1.4201 
2.06471 1.95408 1.53068 
2.12737 2.01177 1.56443 
2.07575 1.99712 1.55859 
1.93354 1.92866 1.5368 
1.70504 1.79263 1.48593 
1.39936 1.56686 1.37076 
1.06464 1.26525 1.17689 
0.79585 0.965803 0.950312 
0.697059 0.79106 0.798572 
0.812384 0.838867 0.836081 
1.07464 1.10315 1.09813 
1.32449 1.44935 1.48685 
1.40386 1.67925 1.80399 
1.25727 1.64733 1.86108 
0.957293 1.34311 1.59189 
0.636606 0.883363 1.08959 
0.394013 0.434385 0.550647 
0.254994 0.128742 0.169396 
0.199408 0.0211305 0.0448323 
0.204155 0.0853688 0.143458 
0.254842 0.239001 0.334211 
0.332759 0.387093 0.478052 
0.40977 0.470715 0.517162 
0.461572 0.491336 0.498648 
0.481344 0.492371 0.514714 
0.478376 0.515886 0.61496 
0.466927 0.574687 0.771305 
0.457981 0.659129 0.920507 
0.457587 0.760166 1.03245 
0.468561 0.880321 1.13605 
0.494316 1.02718 1.28779 
0.544484 1.20468 1.52345 
0.637769 1.41262 1.83618 
0.795597 1.64808 2.18531 
1.02533 1.89765 2.51126 
1.29971 2.12148 2.73933 
1.54634 2.24566 2.7824 
1.66388 2.18318 2.56587 
1.57096 1.88594 2.07917 
1.26423 1.39649 1.41875 
0.83768 0.8495 0.769622 
0.434683 0.403281 0.312088 
0.163925 0.147496 0.115648 
0.0493723 0.0664815 0.113122 
0.0507582 0.0876337 0.181846 
0.1172 0.156493 0.25128 
0.210816 0.256881 0.329042 
0.290235 0.368507 0.431992 
0.303867 0.436179 0.520256 
0.22819 0.409297 0.525502 
0.115917 0.314606 0.445288 
0.0879499 0.270303 0.387186 
0.25635 0.406968 0.496936 
0.639574 0.762221 0.833001 
1.13974 1.24322 1.30675 
1.59297 1.6816 1.73707 
1.84907 1.92589 1.96099 
1.83387 1.90567 1.91149 
1.57299 1.6454 1.62597 
1.17309 1.24067 1.20868 
0.766207 0.813434 0.781266 
0.443643 0.461623 0.439824 
0.224793 0.22785 0.229449 
0.0866148 0.108579 0.147453 
0.0240784 0.0931692 0.172024 
0.0763786 0.189741 0.28895 
0.284422 0.40496 0.487588 
0.617264 0.695598 0.729927 
0.944593 0.948546 0.93174 
1.0965 1.0281 0.991604 
0.974242 0.867928 0.859633 
0.628112 0.537464 0.593613 
0.240752 0.222694 0.348479 
0.0230166 0.122122 0.291112 
0.0902233 0.322382 0.491158 
0.397221 0.736744 0.863669 
0.769855 1.15012 1.20915 
1.0088 1.34377 1.33042 
0.999701 1.22028 1.15099 
0.765207 0.851057 0.757006 
0.435486 0.421273 0.337237 
0.164087 0.114473 0.0652687 
0.0443018 0.0131683 0.00379619 
0.0723029 0.0734063 0.0899157 
0.169213 0.177687 0.200497 
0.239429 0.221481 0.243669 
0.227147 0.175074 0.212356 
0.141337 0.0877733 0.170773 
0.0416997 0.0431398 0.195073 
0.000354867 0.103029 0.318022 
0.0649969 0.278692 0.517488 
0.244636 0.542873 0.751263 
0.521542 0.865805 1.00491 
0.87278 1.24062 1.3096 
1.27644 1.67196 1.70938 
1.6915 2.13198 2.19664 
2.03006 2.52153 2.66565 
2.16193 2.68321 2.9318 
1.97658 2.48218 2.8243 
1.47626 1.91269 2.30272 
0.826408 1.14872 1.51508 
0.298022 0.478527 0.741304 
0.114552 0.145797 0.243895 
0.305048 0.202607 0.122264 
0.680588 0.48546 0.273474 
0.962781 0.737023 0.485346 
0.970216 0.781656 0.587469 
0.721669 0.622963 0.546781 
0.387953 0.401803 0.44888 
0.149279 0.267944 0.401507 
0.0790211 0.275553 0.447886 
0.130996 0.372022 0.549642 
0.211156 0.462867 0.631346 
0.256866 0.484323 0.636477 
0.264889 0.431422 0.553871 
0.267054 0.339817 0.410146 
0.292647 0.253719 0.249156 
0.353311 0.209327 0.118601 
0.454577 0.237021 0.0662931 
0.60962 0.363348 0.132863 
0.829381 0.594692 0.32938 
1.09082 0.889045 0.609334 
1.31722 1.14812 0.866178 
1.40504 1.25721 0.980375 
1.29048 1.15728 0.896081 
1.00158 0.890868 0.665455 
0.644536 0.573872 0.411782 
0.33276 0.312207 0.234917 
0.125018 0.140474 0.144906 
0.0277485 0.0394415 0.0872922 
0.0432339 0.00326093 0.0286146 
0.193457 0.0701803 0.00378475 
0.482636 0.272996 0.0691915 
0.843565 0.564905 0.215803 
1.14443 0.816535 0.349153 
1.2698 0.906412 0.370831 
1.20181 0.819134 0.277071 
1.01982 0.649007 0.163299 
0.821248 0.505746 0.125557 
0.647326 0.422246 0.165854 
0.483229 0.355601 0.204271 
0.314408 0.264987 0.180235 
0.164605 0.169837 0.127005 
0.0756576 0.126034 0.137255 
0.0635405 0.157497 0.260045 
0.108045 0.227112 0.441072 
0.186235 0.279195 0.567045 
0.307307 0.305352 0.568674 
0.508543 0.365944 0.488358 
0.815377 0.54794 0.460772 
1.19986 0.894302 0.626283 
1.56849 1.35413 1.03457 
1.79188 1.78527 1.59325 
1.77024 2.01601 2.09549 
1.50402 1.94126 2.32453 
1.11587 1.59462 2.18039 
0.785125 1.13468 1.74072 
0.626581 0.741307 1.20357 
0.611125 0.499836 0.75429 
0.60543 0.371053 0.465356 
0.498837 0.266644 0.302627 
0.297805 0.148125 0.207209 
0.102837 0.0525377 0.159555 
0.00596591 0.0350838 0.172677 
0.0202683 0.105187 0.247306 
0.0982671 0.222591 0.352398 
0.189882 0.339226 0.447433 
0.264429 0.427167 0.510016 
0.294113 0.471099 0.53772 
0.256732 0.459718 0.535259 
0.175846 0.40281 0.511917 
0.136666 0.345822 0.486155 
0.221285 0.340513 0.475679 
0.411605 0.389912 0.476464 
0.578653 0.43894 0.465404 
0.601197 0.442648 0.441725 
0.504383 0.445402 0.4651 
0.463899 0.570537 0.630705 
0.653573 0.908447 0.982413 
1.08249 1.40806 1.44265 
1.57927 1.88384 1.83607 
1.92485 2.13504 1.99631 
1.99272 2.06635 1.86557 
1.78124 1.71643 1.51226 
1.36165 1.20653 1.07569 
0.838503 0.683921 0.700313 
0.35139 0.293432 0.496862 
0.05386 0.144486 0.515965 
0.0263908 0.250879 0.718922 
0.192783 0.492321 0.972615 
0.353653 0.668933 1.10799 
0.344706 0.638668 1.02648 
0.181909 0.42687 0.773566 
0.0465375 0.201775 0.508032 
0.116228 0.130639 0.38353 
0.402216 0.244815 0.438997 
0.743527 0.42982 0.58468 
0.951517 0.535292 0.683814 
0.96078 0.495811 0.653266 
0.855807 0.362081 0.505814 
0.772423 0.236266 0.318099 
0.779664 0.185027 0.167116 
0.841688 0.203773 0.0888591 
0.872275 0.246541 0.0807946 
0.81896 0.280892 0.130701 
