1.89953 2.30968 2.20989 
2.23657 2.79998 2.77494 
2.43344 3.05228 3.07106 
2.43959 3.00237 3.02478 
2.24326 2.66005 2.65602 
1.87862 2.10821 2.06985 
1.41799 1.47564 1.4168 
0.950378 0.893673 0.83827 
0.55382 0.454224 0.420739 
0.272854 0.186736 0.177915 
0.110717 0.0626506 0.0661933 
0.0390435 0.0230099 0.0226405 
0.0190646 0.0139488 0.00453457 
0.02278 0.0122583 0.010689 
0.0435435 0.0300098 0.0761302 
0.0923594 0.0992994 0.246443 
0.184574 0.248378 0.547861 
0.32634 0.483159 0.969056 
0.508686 0.782651 1.46188 
0.710947 1.10757 1.95726 
0.909217 1.41447 2.3858 
1.08349 1.66703 2.69361 
1.21987 1.84081 2.84949 
1.3089 1.92301 2.84582 
1.34361 1.91152 2.69663 
1.3202 1.81501 2.43471 
1.24062 1.65283 2.10622 
1.11436 1.45195 1.7616 
0.957073 1.24012 1.44398 
0.786587 1.03803 1.17959 
0.61877 0.854478 0.974272 
0.465925 0.687383 0.817061 
0.338035 0.529573 0.688196 
0.245075 0.376245 0.567576 
0.197975 0.230715 0.441653 
0.206978 0.106828 0.308958 
0.277863 0.0277796 0.184526 
0.40797 0.0216481 0.101308 
0.584812 0.114511 0.105294 
0.790059 0.323294 0.243062 
1.00963 0.651497 0.545105 
1.24606 1.08945 1.01153 
1.52408 1.61659 1.60541 
1.87922 2.19992 2.25423 
2.32737 2.78514 2.85688 
2.82807 3.28599 3.29539 
3.26759 3.58664 3.45542 
3.4851 3.57104 3.25931 
3.34297 3.1772 2.70632 
2.81006 2.45108 1.90039 
2.00739 1.56224 1.03993 
1.17753 0.756157 0.357455 
0.581602 0.254775 0.0266632 
0.37509 0.154111 0.0822372 
0.533671 0.379002 0.401079 
0.874468 0.726491 0.763816 
1.16127 0.976668 0.968237 
1.23068 1.00714 0.932128 
1.06532 0.844592 0.726578 
0.776767 0.627016 0.522091 
0.519301 0.506171 0.482287 
0.395141 0.554084 0.669505 
0.408528 0.728632 1.01503 
0.486384 0.910721 1.36398 
0.538689 0.980557 1.56087 
0.513015 0.882571 1.52387 
0.412856 0.645122 1.27143 
0.281287 0.35524 0.89812 
0.173811 0.114416 0.524399 
0.142672 0.00381178 0.250877 
0.236061 0.0705435 0.134646 
0.498719 0.328023 0.186712 
0.959931 0.757235 0.37954 
1.60966 1.30389 0.656054 
2.37952 1.87838 0.939698 
3.14784 2.36947 1.15 
3.77432 2.67453 1.22495 
4.14982 2.73545 1.14352 
4.23478 2.56133 0.936123 
4.0653 2.2232 0.673964 
3.7245 1.82109 0.438629 
3.29698 1.43997 0.285834 
2.83348 1.11849 0.222575 
2.34519 0.847281 0.211092 
1.82839 0.596521 0.198093 
1.30061 0.354293 0.152196 
0.82202 0.150234 0.0864736 
0.484156 0.04749 0.0511935 
0.368657 0.105845 0.100353 
0.498796 0.338398 0.253 
0.814121 0.690465 0.475121 
1.18741 1.05758 0.695796 
1.47922 1.33573 0.84945 
1.6025 1.47602 0.918282 
1.56195 1.51116 0.947388 
1.44623 1.5367 1.02125 
1.37709 1.65635 1.2141 
1.44367 1.92171 1.54293 
1.65697 2.29969 1.95021 
1.94671 2.68416 2.32573 
2.19809 2.94373 2.55448 
2.30581 2.97864 2.5644 
2.21706 2.75897 2.35106 
1.94597 2.32943 1.97127 
1.55932 1.78494 1.51436 
1.1462 1.23322 1.06821 
0.787283 0.761692 0.694675 
0.533821 0.418658 0.420475 
0.399362 0.21036 0.241675 
0.363249 0.110437 0.136027 
0.383776 0.0770586 0.0775971 
0.417774 0.0723648 0.0488493 
0.440394 0.0777891 0.0460182 
0.456343 0.0989069 0.0754615 
0.495804 0.157187 0.142987 
0.59581 0.273029 0.243278 
0.776865 0.450209 0.358005 
1.02821 0.671256 0.465901 
1.30976 0.905451 0.558313 
1.56761 1.12176 0.646982 
1.75205 1.29574 0.75411 
1.82761 1.40606 0.887984 
1.77379 1.42712 1.02141 
1.58403 1.33062 1.09305 
1.27063 1.10252 1.03848 
0.875014 0.767755 0.836022 
0.472527 0.403185 0.537267 
0.159431 0.121839 0.25762 
0.0205169 0.0285863 0.125328 
0.0911231 0.168353 0.215128 
0.335683 0.497102 0.504784 
0.658158 0.895174 0.880885 
0.941421 1.21823 1.19154 
1.09517 1.35898 1.31661 
1.0874 1.28734 1.21781 
0.945643 1.05108 0.945288 
0.73245 0.741961 0.603175 
0.512822 0.450255 0.297604 
0.331484 0.231665 0.095286 
0.207327 0.098977 0.00925583 
0.140384 0.0345422 0.0109632 
0.121401 0.0104576 0.0554388 
0.137351 0.00416999 0.10438 
0.172947 0.00454459 0.138233 
0.21212 0.0103728 0.156475 
0.241808 0.0256905 0.170306 
0.256179 0.0547921 0.192824 
0.257345 0.0978698 0.230505 
0.251125 0.14815 0.278689 
0.241122 0.192531 0.322923 
0.226762 0.217477 0.346441 
0.208201 0.218861 0.34107 
0.194802 0.210276 0.315794 
0.209399 0.222786 0.296803 
0.282031 0.292701 0.316618 
0.434018 0.441552 0.396524 
0.661264 0.659071 0.531849 
0.928182 0.900345 0.689474 
1.17814 1.10118 0.820511 
1.35612 1.20489 0.881948 
1.43117 1.18644 0.855309 
1.40653 1.06109 0.752144 
1.31286 0.874053 0.604566 
1.19075 0.67862 0.448195 
1.07364 0.515887 0.308611 
0.980049 0.405705 0.198138 
0.915306 0.349676 0.121333 
0.87702 0.339369 0.0814812 
0.857812 0.36206 0.0813526 
0.844433 0.401702 0.118156 
0.817913 0.438961 0.179018 
0.759513 0.455359 0.243614 
0.661533 0.441631 0.294214 
0.535494 0.404246 0.325895 
0.409412 0.362804 0.347863 
0.312896 0.337144 0.373216 
0.258786 0.331994 0.40438 
0.234648 0.331096 0.426408 
0.211879 0.307296 0.415369 
0.167422 0.243197 0.357164 
0.102819 0.147658 0.26255 
0.045915 0.0547752 0.16543 
0.0326078 0.00413616 0.103449 
0.0808961 0.0152382 0.0938789 
0.175763 0.0741713 0.122439 
0.275951 0.142261 0.153704 
0.337866 0.180489 0.155723 
0.339767 0.172261 0.120772 
0.290163 0.12915 0.0674994 
0.216933 0.0777296 0.0242359 
0.147828 0.0396393 0.00759202 
0.0975043 0.0205178 0.0129726 
0.0683682 0.0142196 0.0229356 
0.0597142 0.0152267 0.0244815 
0.0732817 0.0259561 0.0198072 
0.108722 0.0518332 0.0218556 
0.15438 0.0897585 0.0399266 
0.186115 0.123415 0.069612 
0.182229 0.134394 0.0977275 
0.148782 0.124529 0.11985 
0.137869 0.133298 0.156477 
0.241908 0.234408 0.253337 
0.560592 0.508423 0.46235 
1.15473 1.00421 0.813673 
2.01039 1.7098 1.2955 
3.03164 2.54773 1.85303 
4.06476 3.39611 2.40583 
4.94128 4.12316 2.87247 
5.52093 4.61939 3.1898 
5.71966 4.81638 3.3202 
5.51848 4.69112 3.24884 
4.95753 4.26186 2.97874 
4.12303 3.58255 2.53033 
3.13277 2.739 1.94727 
2.12096 1.84435 1.30352 
1.22033 1.02797 0.702496 
0.540373 0.413772 0.260919 
0.144253 0.0898819 0.0770781 
0.0321696 0.0796144 0.1935 
0.140455 0.327953 0.571471 
0.361666 0.714508 1.09358 
0.581536 1.09257 1.59891 
0.718762 1.33999 1.93867 
0.749827 1.39958 2.02796 
0.707202 1.29068 1.86988 
0.65292 1.08803 1.54236 
0.642585 0.881315 1.1575 
0.699105 0.737029 0.815797 
0.808007 0.680116 0.576718 
0.932458 0.698933 0.454355 
1.03523 0.763719 0.43168 
1.09361 0.844036 0.479111 
1.10112 0.916154 0.565904 
1.05993 0.961221 0.662167 
0.973094 0.961701 0.73738 
0.843207 0.902849 0.762726 
0.67707 0.779889 0.719581 
0.490806 0.605451 0.609713 
0.309487 0.410353 0.459371 
0.159879 0.234674 0.311928 
0.0600506 0.112324 0.210412 
0.0119798 0.0569002 0.178001 
0.0016694 0.0567128 0.207157 
0.00704051 0.0823742 0.264378 
0.00964177 0.103646 0.309321 
0.00412873 0.106819 0.318405 
0.00048136 0.102928 0.299431 
0.0175658 0.121541 0.287901 
0.0712142 0.19274 0.32592 
0.163156 0.326908 0.435115 
0.276969 0.503799 0.599216 
