0.198491 0.0582266 0.358196 
0.0884365 0.165565 0.62353 
0.0800077 0.218894 0.679988 
0.106178 0.155777 0.484601 
0.204484 0.0793921 0.193955 
0.46736 0.16434 0.0368269 
0.948843 0.515003 0.147596 
1.59605 1.07848 0.48099 
2.23543 1.65283 0.846914 
2.61868 1.97524 1.02537 
2.5281 1.85416 0.895841 
1.91554 1.29611 0.523368 
0.998283 0.55788 0.156022 
0.216354 0.0623061 0.114782 
0.0270856 0.187337 0.61395 
0.641734 1.04006 1.61253 
1.88297 2.36852 2.8025 
3.27483 3.68553 3.7592 
4.30775 4.52902 4.1635 
4.69353 4.68498 3.95066 
4.44897 4.23816 3.29805 
3.79567 3.4534 2.48537 
2.9948 2.60505 1.74227 
2.24179 1.87152 1.17818 
1.64854 1.32422 0.802335 
1.25917 0.962877 0.577929 
1.05406 0.748377 0.460831 
0.957187 0.628325 0.417436 
0.881243 0.569119 0.436551 
0.795728 0.581864 0.532207 
0.7515 0.706864 0.719669 
0.819076 0.950337 0.970101 
0.986546 1.22599 1.18681 
1.12294 1.37258 1.24412 
1.06662 1.25902 1.07464 
0.774382 0.897766 0.732987 
0.386317 0.457487 0.369751 
0.120642 0.14315 0.125377 
0.0788163 0.0382404 0.0340092 
0.15316 0.0569838 0.0285163 
0.152336 0.0627525 0.0445731 
0.0399258 0.041559 0.115351 
0.0375789 0.145516 0.343377 
0.453506 0.540663 0.760373 
1.37775 1.20476 1.22417 
2.54534 1.89546 1.49263 
3.51449 2.34086 1.43418 
3.98647 2.45931 1.16232 
3.95546 2.3729 0.929399 
3.57793 2.20903 0.867512 
2.96037 1.93328 0.855676 
2.12581 1.42642 0.681549 
1.17041 0.72659 0.343219 
0.370562 0.139489 0.15359 
0.050863 0.0425751 0.493147 
0.313915 0.547083 1.42804 
0.91473 1.35568 2.56992 
1.42542 1.96731 3.32648 
1.54189 2.04182 3.32017 
1.25944 1.60406 2.61641 
0.798288 0.950593 1.61069 
0.397257 0.396749 0.727834 
0.169641 0.0939089 0.194092 
0.100675 0.0196981 0.0084329 
0.12426 0.0758706 0.0512013 
0.184686 0.17843 0.200463 
0.250612 0.286407 0.383116 
0.305647 0.387429 0.567797 
0.342736 0.47756 0.739779 
0.365262 0.554584 0.888343 
0.386699 0.623554 1.01339 
0.426987 0.703659 1.13669 
0.508534 0.82382 1.29504 
0.649211 1.00163 1.50713 
0.845775 1.21561 1.73623 
1.05238 1.39381 1.88612 
1.1786 1.43852 1.84823 
1.13126 1.28361 1.57581 
0.886632 0.949996 1.13318 
0.531503 0.552651 0.680666 
0.2169 0.241368 0.401624 
0.047132 0.116221 0.422841 
0.00737154 0.191128 0.782637 
0.011683 0.43699 1.45255 
0.0281156 0.847965 2.36334 
0.140808 1.43985 3.38925 
0.464762 2.16547 4.31452 
0.990744 2.84372 4.8617 
1.52527 3.20973 4.81679 
1.8004 3.0737 4.17088 
1.66049 2.45576 3.14735 
1.16871 1.58212 2.07587 
0.564036 0.758324 1.21946 
0.120965 0.226361 0.690298 
0.00520695 0.0815812 0.477033 
0.190659 0.251231 0.496685 
0.476565 0.525245 0.611451 
0.617405 0.65784 0.653031 
0.506747 0.525033 0.510952 
0.276197 0.231721 0.233925 
0.199554 0.0479421 0.0201111 
0.459888 0.193562 0.0627694 
0.987708 0.655169 0.382856 
1.528 1.20853 0.813786 
1.87041 1.6213 1.15125 
2.01611 1.83575 1.31571 
2.13097 1.96856 1.3802 
2.35529 2.15779 1.46567 
2.66356 2.41906 1.62101 
2.88587 2.62799 1.78331 
2.83973 2.61429 1.82494 
2.4517 2.28154 1.64382 
1.79989 1.68285 1.25107 
1.07984 1.01973 0.805946 
0.520742 0.554757 0.550594 
0.281663 0.468861 0.656812 
0.375429 0.749865 1.09127 
0.67232 1.20265 1.62332 
0.988115 1.58302 1.98522 
1.19273 1.75002 2.05203 
1.26167 1.72089 1.89415 
1.25021 1.61091 1.6853 
1.2343 1.53736 1.57534 
1.26793 1.5659 1.63092 
1.36852 1.70664 1.84606 
1.51596 1.92377 2.16386 
1.65899 2.14325 2.48505 
1.73381 2.27442 2.69117 
1.69127 2.25094 2.6993 
1.51695 2.06459 2.51169 
1.23415 1.76341 2.21039 
0.894866 1.41828 1.89689 
0.564976 1.08759 1.62908 
0.303253 0.802288 1.40461 
0.138271 0.57132 1.19289 
0.0614208 0.398225 0.98159 
0.0485865 0.298029 0.801372 
0.0914575 0.299815 0.711916 
0.199735 0.422187 0.755713 
0.363779 0.632906 0.909481 
0.51984 0.833308 1.07464 
0.571682 0.901466 1.12753 
0.466781 0.775016 1.00033 
0.257017 0.504692 0.728872 
0.0726653 0.222926 0.42533 
0.0179077 0.0468152 0.199944 
0.0806513 0.000130278 0.101646 
0.14903 0.0259171 0.125367 
0.130543 0.0752754 0.264093 
0.0635222 0.17909 0.536238 
0.101994 0.418328 0.944002 
0.36744 0.807489 1.3974 
0.798104 1.20682 1.69636 
1.15109 1.37627 1.63263 
1.18188 1.1597 1.16275 
0.852933 0.647626 0.508149 
0.379336 0.156009 0.0632378 
0.0616251 0.010178 0.144724 
0.0526229 0.304806 0.766966 
0.262432 0.843221 1.62854 
0.469103 1.30144 2.32426 
0.513154 1.46538 2.60756 
0.39853 1.34312 2.49958 
0.2377 1.09047 2.19337 
0.128754 0.856882 1.87771 
0.0885951 0.697971 1.63863 
0.0794182 0.598965 1.48244 
0.0697501 0.541084 1.40273 
0.0616713 0.529983 1.40391 
0.075372 0.57566 1.47486 
0.127189 0.668484 1.56801 
0.224614 0.782173 1.61888 
0.366351 0.889243 1.58356 
0.530646 0.962343 1.45287 
0.663301 0.964889 1.23762 
0.69359 0.858577 0.955477 
0.58192 0.637204 0.640396 
0.362353 0.356903 0.357129 
0.135695 0.123051 0.187473 
0.00964537 0.0311121 0.183851 
0.0318374 0.105191 0.326309 
0.168535 0.284477 0.524222 
0.340108 0.46689 0.666753 
0.477577 0.572532 0.68454 
0.556492 0.580432 0.578994 
0.594176 0.522356 0.406444 
0.626767 0.451841 0.238739 
0.686312 0.414791 0.130241 
0.78456 0.433178 0.104419 
0.903459 0.499583 0.154629 
0.997809 0.580219 0.250119 
1.01653 0.628909 0.345787 
0.935129 0.610766 0.398384 
0.776355 0.523723 0.386161 
0.600092 0.402006 0.320634 
0.467301 0.296263 0.239599 
0.405013 0.242664 0.182772 
0.397968 0.242615 0.165992 
0.409825 0.267219 0.173356 
0.413773 0.281966 0.173603 
0.40808 0.272058 0.147366 
0.407502 0.249221 0.10263 
0.421557 0.236265 0.0658531 
0.43948 0.243396 0.0570299 
0.434179 0.256308 0.0705709 
0.381774 0.246163 0.0791048 
0.281688 0.194396 0.0589169 
0.162244 0.113859 0.0182918 
0.0674054 0.0501757 0.00622665 
0.034336 0.0615482 0.0920071 
0.0790551 0.191389 0.327717 
0.20098 0.452739 0.719467 
0.398776 0.830904 1.22573 
0.675472 1.2919 1.7773 
1.01906 1.78054 2.29646 
1.37467 2.21137 2.70216 
1.64586 2.47767 2.91363 
1.74383 2.49555 2.87313 
1.65254 2.26074 2.58344 
1.4475 1.86572 2.12495 
1.23894 1.44795 1.62231 
1.08413 1.10392 1.17786 
0.951675 0.842973 0.826779 
0.773444 0.619533 0.551329 
0.530439 0.404685 0.331357 
0.282454 0.22036 0.173569 
0.111687 0.105873 0.0931091 
0.0438985 0.0651296 0.081494 
0.0338775 0.0628376 0.111004 
0.0278644 0.0754682 0.175553 
0.0276978 0.131167 0.31273 
0.0803203 0.279779 0.563564 
0.204258 0.516654 0.900005 
0.341295 0.747691 1.20169 
0.397509 0.849522 1.32642 
0.337488 0.777796 1.22353 
0.230839 0.617157 0.986093 
0.194949 0.516687 0.786995 
0.285689 0.565468 0.7497 
0.443083 0.721062 0.863042 
0.543983 0.851808 1.00597 
0.508323 0.847491 1.04998 
0.358617 0.697872 0.948218 
0.186587 0.481009 0.747513 
0.0732095 0.291153 0.534314 
0.0439994 0.180991 0.374304 
0.0919424 0.160728 0.291486 
0.22599 0.231657 0.28385 
0.481306 0.402879 0.341803 
0.874674 0.669206 0.446715 
1.35031 0.977789 0.559357 
