0.0536788 0.116631 0.224292 
0.0711932 0.133738 0.201393 
0.194651 0.293523 0.374564 
0.557706 0.730946 0.874593 
1.30253 1.57499 1.79946 
2.41037 2.79657 3.0978 
3.54462 4.04658 4.41964 
4.1318 4.71534 5.15336 
3.73591 4.30998 4.78078 
2.45895 2.90309 3.3423 
0.975642 1.21928 1.56648 
0.0881548 0.176722 0.426503 
0.137798 0.21094 0.421639 
0.779594 0.964191 1.20658 
1.31361 1.62413 1.91942 
1.26822 1.60707 1.91786 
0.728377 0.981164 1.25976 
0.16986 0.297883 0.532772 
0.00938048 0.0535153 0.261838 
0.283636 0.293148 0.475522 
0.690155 0.664351 0.78428 
0.885514 0.788451 0.807396 
0.756116 0.575749 0.505498 
0.459953 0.236771 0.146619 
0.25399 0.0460807 0.010949 
0.278767 0.104144 0.143622 
0.472416 0.291685 0.358108 
0.659404 0.415241 0.437439 
0.713055 0.38521 0.322863 
0.64232 0.267394 0.129842 
0.542115 0.186787 0.0108797 
0.484138 0.202146 0.0192021 
0.468 0.276827 0.0982259 
0.461376 0.348233 0.173196 
0.452245 0.392479 0.220953 
0.445524 0.414208 0.250125 
0.430505 0.40515 0.252239 
0.383541 0.348237 0.209775 
0.305746 0.258765 0.142487 
0.237667 0.18866 0.102488 
0.231346 0.179051 0.108872 
0.324222 0.234862 0.125452 
0.53809 0.361397 0.139053 
0.8611 0.588624 0.231065 
1.19402 0.905822 0.50174 
1.34324 1.17679 0.899118 
1.14653 1.19083 1.17789 
0.655192 0.860622 1.09846 
0.166453 0.362693 0.678704 
0.0154633 0.0312171 0.211063 
0.302321 0.0813395 0.00662023 
0.82314 0.439745 0.133289 
1.26932 0.84856 0.411765 
1.49215 1.12108 0.641735 
1.59332 1.2932 0.801826 
1.79376 1.54754 1.03196 
2.21929 2.0055 1.44541 
2.77137 2.57477 1.96669 
3.16767 2.97489 2.34412 
3.12856 2.92716 2.3277 
2.58554 2.37061 1.86831 
1.74618 1.52705 1.17049 
0.946994 0.746112 0.545358 
0.418146 0.258127 0.185952 
0.175427 0.0577419 0.0646753 
0.117521 0.00873848 0.0347385 
0.185468 0.0313943 0.0138029 
0.397641 0.166146 0.0581668 
0.748395 0.47008 0.270651 
1.12364 0.891321 0.662032 
1.3491 1.26831 1.11247 
1.32093 1.44615 1.45633 
1.08232 1.38596 1.59676 
0.778286 1.17252 1.55339 
0.540665 0.934742 1.42555 
0.406668 0.76248 1.32234 
0.334935 0.687794 1.31911 
0.294028 0.724607 1.454 
0.324365 0.895438 1.72621 
0.489516 1.18701 2.06239 
0.754492 1.477 2.28895 
0.943175 1.5538 2.19659 
0.873328 1.27954 1.70809 
0.559037 0.761869 1.00784 
0.245511 0.324527 0.459969 
0.191963 0.245613 0.330736 
0.408513 0.500473 0.561945 
0.637144 0.781251 0.830216 
0.615189 0.789254 0.844482 
0.348185 0.507081 0.58696 
0.108284 0.1858 0.274666 
0.173155 0.0899977 0.121175 
0.581295 0.275337 0.161342 
1.12581 0.590838 0.282228 
1.54249 0.841657 0.36427 
1.6847 0.922592 0.363202 
1.55689 0.832384 0.291233 
1.24942 0.626515 0.178766 
0.874504 0.38468 0.0712454 
0.535685 0.191668 0.0251758 
0.303028 0.0998159 0.0651803 
0.18726 0.0923769 0.144075 
0.145908 0.101168 0.174652 
0.135978 0.0810241 0.120671 
0.171237 0.0703953 0.0511077 
0.325759 0.171242 0.0907997 
0.6741 0.46202 0.310694 
1.21742 0.92199 0.661486 
1.85396 1.42802 1.00429 
2.4123 1.81729 1.19983 
2.72198 1.9643 1.18116 
2.68258 1.82816 0.970839 
2.30318 1.45885 0.653698 
1.70006 0.972325 0.334777 
1.05272 0.507576 0.102618 
0.53355 0.179068 0.00651968 
0.24244 0.0410538 0.0515298 
0.179802 0.0792559 0.209594 
0.26972 0.232198 0.437678 
0.41332 0.427212 0.69162 
0.537186 0.609417 0.931133 
0.613167 0.750952 1.1197 
0.649112 0.84284 1.22504 
0.66472 0.880864 1.22249 
0.668274 0.856635 1.10096 
0.64659 0.760489 0.872007 
0.575999 0.597345 0.581924 
0.452595 0.408431 0.320066 
0.323447 0.280495 0.206464 
0.287655 0.319535 0.342417 
0.446564 0.584887 0.73415 
0.823871 1.02203 1.24307 
1.32064 1.46197 1.63055 
1.76388 1.72129 1.70581 
2.03022 1.74307 1.47872 
2.14188 1.65283 1.17482 
2.23934 1.65868 1.06841 
2.4493 1.87188 1.26316 
2.77293 2.21318 1.61727 
3.09662 2.49132 1.87957 
3.29741 2.56867 1.90092 
3.32657 2.45192 1.72515 
3.20186 2.24082 1.50245 
2.94929 2.01561 1.34027 
2.57601 1.78223 1.23551 
2.09697 1.5083 1.12095 
1.57024 1.18967 0.952678 
1.09415 0.879289 0.757593 
0.76503 0.660564 0.615579 
0.625892 0.590952 0.598284 
0.638257 0.654311 0.706519 
0.698149 0.757531 0.85246 
0.697039 0.784929 0.910741 
0.594016 0.678834 0.807846 
0.442128 0.480611 0.575596 
0.339732 0.291651 0.319257 
0.34561 0.187993 0.131789 
0.434503 0.168311 0.0370749 
0.529738 0.178079 0.00758285 
0.573581 0.17351 0.0196062 
0.567939 0.157234 0.0779096 
0.560463 0.162117 0.19167 
0.602833 0.216192 0.345357 
0.712996 0.323398 0.504286 
0.851703 0.45876 0.640135 
0.924694 0.567784 0.738722 
0.833574 0.58623 0.791065 
0.565703 0.494769 0.802236 
0.246278 0.367084 0.817935 
0.0716365 0.337172 0.91425 
0.151909 0.48145 1.1218 
0.407174 0.724782 1.35351 
0.630001 0.884841 1.44036 
0.659098 0.828551 1.27278 
0.494574 0.585179 0.910679 
0.259792 0.305484 0.540388 
0.0801814 0.124614 0.32029 
0.0073061 0.0744231 0.273246 
0.027383 0.108322 0.317055 
0.102324 0.175161 0.369501 
0.20354 0.261715 0.411598 
0.345979 0.396011 0.475927 
0.61084 0.638076 0.610152 
1.10104 1.04923 0.851441 
1.81787 1.62092 1.19683 
2.56346 2.20797 1.56545 
3.00256 2.5582 1.8002 
2.87928 2.462 1.74934 
2.21484 1.91512 1.38454 
1.30932 1.14892 0.850436 
0.545151 0.491003 0.386392 
0.157968 0.165112 0.173651 
0.140645 0.178865 0.22565 
0.311467 0.361581 0.399508 
0.458841 0.500516 0.509827 
0.459881 0.474127 0.456316 
0.321854 0.305353 0.277808 
0.144975 0.116291 0.103355 
0.0363546 0.0241015 0.0439761 
0.0303211 0.0537477 0.109248 
0.07374 0.131735 0.211297 
0.0892343 0.16228 0.247582 
0.0596964 0.11875 0.191189 
0.0562587 0.0740036 0.118877 
0.188503 0.152972 0.16576 
0.527842 0.454204 0.447504 
1.06277 0.991197 0.991534 
1.69439 1.66655 1.69447 
2.25104 2.2775 2.32308 
2.52626 2.57244 2.59102 
2.36559 2.37398 2.31402 
1.78294 1.71818 1.56341 
1.01788 0.897814 0.687663 
0.450905 0.334733 0.141602 
0.399238 0.338411 0.216068 
0.923782 0.912998 0.855634 
1.77962 1.7477 1.69225 
2.54033 2.39197 2.26374 
2.81678 2.49886 2.26807 
2.45394 2.00095 1.7094 
1.61747 1.14353 0.880737 
0.729075 0.370215 0.214312 
0.26117 0.105894 0.0713526 
0.473687 0.527154 0.557792 
1.24561 1.44587 1.4582 
2.13739 2.40341 2.34626 
2.67003 2.94296 2.82831 
2.62088 2.87593 2.76247 
2.10754 2.34348 2.2937 
1.42295 1.64924 1.69602 
0.810638 1.04089 1.18195 
0.380504 0.625591 0.836534 
0.162783 0.418834 0.666744 
0.14882 0.389152 0.639581 
0.25695 0.440764 0.662526 
0.333382 0.428881 0.599858 
0.274253 0.276709 0.386774 
0.151438 0.079159 0.126503 
0.152071 0.0253102 0.0109282 
0.355277 0.181695 0.111725 
0.605258 0.389315 0.287317 
0.657075 0.423723 0.340349 
0.442996 0.246121 0.248024 
0.151485 0.0484443 0.182458 
0.0327559 0.0411013 0.295338 
0.160797 0.23676 0.532587 
0.403313 0.466316 0.696277 
0.586852 0.572057 0.660518 
0.646014 0.540296 0.481511 
0.624168 0.457475 0.303688 
0.587824 0.39394 0.208435 
