0.0334747 0.211339 0.417275 
0.00871807 0.1382 0.316959 
0.00403867 0.0867309 0.232843 
0.00712995 0.0617686 0.184622 
0.00510579 0.0552002 0.169704 
0.000291623 0.0575366 0.17009 
0.0159115 0.0679373 0.165357 
0.0861384 0.0954692 0.143549 
0.237068 0.152741 0.106386 
0.472042 0.249089 0.0700009 
0.770596 0.388843 0.0628914 
1.09878 0.572941 0.119552 
1.41978 0.797095 0.266789 
1.69577 1.04275 0.504107 
1.88276 1.26668 0.787827 
1.93024 1.40219 1.03318 
1.79645 1.38131 1.14265 
1.47639 1.17248 1.05293 
1.02483 0.812697 0.777029 
0.552558 0.409693 0.41421 
0.188246 0.103798 0.114999 
0.0214521 0.00435967 0.0138048 
0.0585166 0.134107 0.162701 
0.219262 0.414009 0.502205 
0.379233 0.699485 0.885999 
0.434738 0.849808 1.14759 
0.354531 0.794366 1.17526 
0.191083 0.56287 0.959483 
0.0491587 0.267994 0.593313 
0.032913 0.0538372 0.230598 
0.200538 0.0373843 0.0241439 
0.545615 0.267643 0.0703052 
1.00637 0.713874 0.37875 
1.491 1.28058 0.873901 
1.90536 1.83945 1.42379 
2.17529 2.26722 1.88494 
2.26175 2.47949 2.14812 
2.16784 2.45156 2.16938 
1.93541 2.21954 1.97559 
1.62951 1.86102 1.6436 
1.3149 1.46363 1.26434 
1.03513 1.09642 0.910241 
0.80549 0.797646 0.621489 
0.623148 0.582099 0.414056 
0.485836 0.458139 0.298246 
0.403759 0.438285 0.290398 
0.39412 0.532947 0.406783 
0.461188 0.730995 0.643306 
0.577494 0.983154 0.956915 
0.683445 1.2052 1.26572 
0.711246 1.30604 1.47353 
0.621777 1.22854 1.50843 
0.432052 0.980413 1.3549 
0.21413 0.635755 1.06113 
0.0625049 0.30361 0.716991 
0.0462174 0.0790084 0.414093 
0.172102 0.0020634 0.208925 
0.380244 0.0463418 0.107262 
0.574646 0.141031 0.0751455 
0.67196 0.21245 0.0667874 
0.640904 0.220507 0.051546 
0.511028 0.170663 0.0253639 
0.34825 0.0984518 0.00396496 
0.214504 0.040873 0.00727717 
0.137279 0.0154965 0.0484433 
0.106248 0.0198241 0.133993 
0.0946865 0.0466586 0.270188 
0.0864718 0.098808 0.464218 
0.087372 0.188164 0.713965 
0.113342 0.318877 0.99287 
0.1678 0.470097 1.24578 
0.229195 0.596949 1.40754 
0.261921 0.654967 1.43908 
0.243991 0.632983 1.35828 
0.189612 0.56892 1.24033 
0.146654 0.53232 1.17996 
0.167402 0.581138 1.23492 
0.271823 0.720835 1.38654 
0.429556 0.894655 1.54526 
0.574146 1.0135 1.60035 
0.640393 1.0066 1.48337 
0.600036 0.860494 1.20608 
0.473745 0.622627 0.850761 
0.315012 0.371018 0.522697 
0.180125 0.172458 0.29679 
0.10443 0.0556947 0.189886 
0.0963216 0.0116183 0.169365 
0.145944 0.0129277 0.18466 
0.237104 0.0356632 0.197958 
0.353399 0.0692593 0.197534 
0.478047 0.113797 0.192786 
0.592764 0.171956 0.200884 
0.679935 0.243188 0.235154 
0.726991 0.322045 0.29884 
0.728929 0.39837 0.382936 
0.687015 0.457969 0.467168 
0.606302 0.485533 0.525817 
0.496021 0.471884 0.539452 
0.373346 0.423392 0.508518 
0.265791 0.366665 0.459997 
0.20649 0.342172 0.440037 
0.221709 0.3875 0.494218 
0.317298 0.519344 0.646586 
0.473593 0.725729 0.890594 
0.653351 0.973379 1.19691 
0.818104 1.22443 1.53082 
0.94232 1.45033 1.86528 
1.01697 1.6341 2.18031 
1.04258 1.76213 2.45152 
1.01977 1.81559 2.64037 
0.946032 1.77141 2.69811 
0.82103 1.61439 2.58509 
0.65492 1.35222 2.29431 
0.471206 1.02158 1.86364 
0.300424 0.679417 1.36763 
0.168585 0.383786 0.892722 
0.0887599 0.175616 0.509497 
0.0616434 0.0713412 0.256395 
0.0837352 0.0683917 0.140712 
0.155711 0.156826 0.151797 
0.283448 0.327387 0.275026 
0.469957 0.570309 0.496954 
0.703657 0.866906 0.799785 
0.951825 1.18167 1.15142 
1.1652 1.46273 1.50055 
1.29292 1.65318 1.78327 
1.30068 1.70902 1.94005 
1.18327 1.61508 1.93573 
0.966005 1.39128 1.7724 
0.69554 1.08651 1.48902 
0.425494 0.763335 1.14805 
0.203248 0.480561 0.815582 
0.0617545 0.279664 0.543217 
0.0163644 0.178201 0.357548 
0.0644617 0.169467 0.258512 
0.186456 0.226553 0.224759 
0.34896 0.30984 0.223323 
0.512118 0.377807 0.221384 
0.641125 0.399928 0.197628 
0.718001 0.367425 0.149385 
0.747054 0.295971 0.091421 
0.74946 0.216906 0.0453486 
0.748891 0.160264 0.0246504 
0.756909 0.13939 0.025043 
0.768339 0.147557 0.0283744 
0.770525 0.169503 0.0194392 
0.759968 0.199672 0.00438828 
0.752943 0.252407 0.0153835 
0.779495 0.353729 0.0937924 
0.861953 0.517782 0.259714 
0.991772 0.724152 0.487965 
1.12235 0.914547 0.709552 
1.18644 1.01568 0.842052 
1.13028 0.976976 0.832445 
0.944338 0.800141 0.686066 
0.671469 0.541307 0.463364 
0.386952 0.283835 0.246825 
0.162634 0.0982417 0.0991995 
0.0361961 0.0129137 0.038154 
0.00169166 0.0105912 0.0395444 
0.0230242 0.048309 0.0620962 
0.0584709 0.0849459 0.074275 
0.0805173 0.0993478 0.0668774 
0.0818775 0.0918387 0.0480711 
0.0692234 0.0740401 0.030084 
0.0528438 0.0575166 0.0196476 
0.0397877 0.0485866 0.0176014 
0.0326774 0.049406 0.0240701 
0.0316868 0.0607802 0.0420062 
0.0363941 0.0829412 0.0753914 
0.0463932 0.114339 0.124435 
0.0614786 0.150884 0.182787 
0.081997 0.187044 0.239284 
0.10857 0.217592 0.282298 
0.140177 0.23794 0.30299 
0.171424 0.242967 0.295981 
0.191884 0.226822 0.259363 
0.190088 0.186158 0.196592 
0.161304 0.125912 0.119755 
0.114248 0.0629705 0.0502061 
0.0710124 0.0228434 0.0127334 
0.0582935 0.0288953 0.0242087 
0.0941898 0.0898716 0.0833536 
0.178613 0.194108 0.169634 
0.29354 0.315237 0.254114 
0.412877 0.426469 0.316612 
0.515235 0.514232 0.358042 
0.591253 0.582054 0.399017 
0.641403 0.642191 0.46459 
0.667297 0.701072 0.564459 
0.664179 0.749105 0.681488 
0.621205 0.762542 0.776501 
0.530139 0.716998 0.80719 
0.39661 0.604362 0.750338 
0.245539 0.442311 0.614641 
0.115531 0.270038 0.437215 
0.0438762 0.132073 0.266381 
0.0498999 0.0591646 0.140795 
0.125937 0.0567402 0.0761877 
0.241252 0.106862 0.0656875 
0.357089 0.18173 0.0914792 
0.444855 0.260289 0.139297 
0.497786 0.338157 0.206518 
0.530189 0.425489 0.299442 
0.565327 0.5348 0.422506 
0.619276 0.66677 0.567264 
0.690041 0.803132 0.708935 
0.757918 0.911479 0.813535 
0.796574 0.95976 0.852128 
0.788357 0.932708 0.814609 
0.735252 0.841409 0.715834 
0.659591 0.720936 0.591163 
0.594307 0.617169 0.483779 
0.567897 0.568959 0.429534 
0.59161 0.593492 0.445318 
0.654774 0.680675 0.524658 
0.729925 0.798064 0.641131 
0.784762 0.903585 0.757646 
0.795178 0.960582 0.838182 
0.753695 0.949455 0.858282 
0.670284 0.872041 0.811159 
0.56622 0.748052 0.707844 
0.464644 0.606038 0.571867 
0.382376 0.473096 0.4309 
0.326118 0.36736 0.308648 
0.293445 0.295286 0.219596 
0.27657 0.253296 0.167603 
0.266187 0.231755 0.147703 
0.253823 0.219232 0.149705 
0.232987 0.206062 0.16238 
0.200411 0.187099 0.177329 
0.158015 0.163594 0.191656 
0.114529 0.143351 0.208312 
0.0846459 0.138031 0.23326 
0.0843048 0.157506 0.270028 
0.123245 0.203262 0.314188 
0.198476 0.264581 0.351497 
0.292862 0.320767 0.362279 
0.380679 0.34968 0.331182 
0.438016 0.338825 0.257508 
0.452718 0.292826 0.159656 
0.428518 0.232412 0.0696301 
0.381228 0.184685 0.0191845 
0.329464 0.169666 0.0246566 
0.285364 0.190609 0.0791406 
0.250324 0.233362 0.156785 
0.217342 0.274595 0.226785 
0.177658 0.293551 0.268692 
0.127478 0.280527 0.280083 
0.0715918 0.238341 0.272844 
0.0231513 0.178037 0.261868 
