1.19325 1.46863 1.44055 
0.621241 0.928771 1.09412 
0.217289 0.477077 0.73588 
0.0221863 0.17295 0.427036 
0.0438417 0.054995 0.233407 
0.284034 0.140749 0.193385 
0.726991 0.417667 0.304277 
1.28204 0.807433 0.506558 
1.74426 1.14104 0.677301 
1.86082 1.21457 0.677358 
1.50502 0.933483 0.458905 
0.825653 0.436794 0.152022 
0.20812 0.0588049 0.0217334 
0.0302968 0.111353 0.287091 
0.39852 0.650449 0.938868 
1.09056 1.43171 1.72093 
1.74728 2.09387 2.30004 
2.12624 2.40092 2.47653 
2.1983 2.33969 2.26498 
2.05397 2.03548 1.8165 
1.77188 1.61966 1.29662 
1.39087 1.18054 0.828112 
0.967013 0.791157 0.495574 
0.597882 0.52093 0.342351 
0.363744 0.393472 0.340283 
0.259245 0.352937 0.386667 
0.206255 0.304267 0.369284 
0.137292 0.199356 0.25453 
0.0547831 0.0767909 0.110331 
0.00508015 0.0107583 0.0355519 
0.00834136 0.0263231 0.0646973 
0.0313276 0.0738395 0.141508 
0.0314497 0.086192 0.18158 
0.0121574 0.0498319 0.153016 
0.0167747 0.00872773 0.0922338 
0.0652785 0.00197382 0.0497624 
0.11528 0.0171465 0.0408127 
0.108959 0.0244761 0.0640209 
0.0644587 0.0538282 0.157737 
0.100948 0.207994 0.400039 
0.343631 0.566134 0.81731 
0.788501 1.0653 1.29188 
1.26726 1.49873 1.59648 
1.56259 1.66154 1.56276 
1.574 1.51742 1.23537 
1.38487 1.22791 0.854057 
1.17958 1.01809 0.66905 
1.0945 1.00342 0.754975 
1.12766 1.12247 0.979453 
1.16244 1.20912 1.12901 
1.06855 1.12546 1.06759 
0.803072 0.856108 0.812181 
0.449223 0.517192 0.504785 
0.171291 0.289334 0.328549 
0.11293 0.315493 0.418382 
0.304741 0.617523 0.796226 
0.645238 1.07919 1.35287 
0.966388 1.50693 1.88931 
1.13145 1.72918 2.20351 
1.09639 1.67263 2.17924 
0.906079 1.37731 1.83083 
0.647078 0.956977 1.28521 
0.397352 0.539249 0.717848 
0.201153 0.220691 0.281827 
0.0755936 0.0544874 0.0668848 
0.0339437 0.0623182 0.0973664 
0.095002 0.241496 0.345055 
0.257861 0.546975 0.728814 
0.463465 0.868673 1.10906 
0.597996 1.05412 1.31835 
0.564677 0.994094 1.24522 
0.372327 0.712256 0.917979 
0.148364 0.366839 0.502937 
0.0437211 0.140244 0.194423 
0.106426 0.10327 0.0803141 
0.24135 0.175076 0.100029 
0.297292 0.214575 0.128885 
0.206915 0.159639 0.106903 
0.0635244 0.0948685 0.0977166 
0.0779516 0.198975 0.235966 
0.449217 0.619 0.616462 
1.23023 1.35878 1.2106 
2.2631 2.24549 1.85972 
3.22398 2.99159 2.34218 
3.76882 3.32645 2.47789 
3.71189 3.13462 2.21925 
3.12911 2.51979 1.67791 
2.30728 1.74383 1.06368 
1.56308 1.07274 0.567926 
1.06044 0.636483 0.270965 
0.761968 0.404838 0.140987 
0.541621 0.286337 0.11725 
0.34845 0.251564 0.195219 
0.270627 0.364027 0.429614 
0.443115 0.691987 0.850941 
0.887986 1.19064 1.3793 
1.44038 1.6764 1.82966 
1.8363 1.9313 2.02037 
1.89139 1.85255 1.89674 
1.61869 1.51736 1.5614 
1.19273 1.11022 1.18637 
0.807204 0.784791 0.889836 
0.557945 0.583619 0.6863 
0.436256 0.468099 0.536585 
0.399935 0.398786 0.422025 
0.42756 0.37149 0.356779 
0.509266 0.386867 0.340811 
0.613395 0.416534 0.334618 
0.689343 0.424428 0.306614 
0.709303 0.420352 0.300618 
0.696952 0.471456 0.426616 
0.706554 0.643327 0.758092 
0.775409 0.927996 1.23375 
0.901301 1.23661 1.67212 
1.06673 1.46847 1.89766 
1.28325 1.59432 1.86917 
1.6096 1.68417 1.7064 
2.11505 1.85835 1.60441 
2.79788 2.19152 1.70331 
3.51297 2.62663 1.99193 
3.98368 2.96232 2.29664 
3.93265 2.9501 2.37251 
3.26784 2.46322 2.06332 
2.18286 1.61972 1.43405 
1.07116 0.745919 0.765389 
0.299567 0.183722 0.38635 
0.00802812 0.0799164 0.454144 
0.0792226 0.317288 0.847716 
0.27567 0.628731 1.25676 
0.414677 0.789488 1.3951 
0.449929 0.738946 1.1787 
0.430879 0.563221 0.749818 
0.410667 0.385543 0.350073 
0.392943 0.266818 0.147909 
0.353226 0.18765 0.143332 
0.298834 0.107035 0.206394 
0.297673 0.031841 0.205405 
0.432381 0.0258327 0.115743 
0.706359 0.14244 0.0205804 
0.989595 0.343704 0.0127035 
1.082 0.499152 0.101225 
0.873659 0.494097 0.221851 
0.469503 0.357525 0.334775 
0.14197 0.268233 0.486623 
0.120072 0.398843 0.745067 
0.393206 0.73238 1.06954 
0.717762 1.04312 1.28076 
0.827909 1.08283 1.19872 
0.653684 0.801275 0.824292 
0.351436 0.390426 0.372134 
0.145658 0.120275 0.110745 
0.150573 0.131685 0.160799 
0.319524 0.363662 0.430508 
0.522522 0.640373 0.7177 
0.652577 0.810029 0.863101 
0.679605 0.825163 0.831752 
0.637337 0.732284 0.690541 
0.57134 0.605476 0.529598 
0.492626 0.483304 0.396265 
0.378574 0.357904 0.286037 
0.222437 0.218057 0.183899 
0.0730637 0.0901035 0.101519 
0.00436477 0.0194584 0.0626435 
0.0378415 0.0123414 0.0590701 
0.114784 0.0217391 0.049826 
0.166926 0.0143482 0.0254594 
0.207657 0.0407278 0.0585359 
0.324216 0.203172 0.251472 
0.564784 0.532396 0.611754 
0.851059 0.909665 0.992736 
1.03155 1.14066 1.18814 
1.03061 1.12201 1.10261 
0.930335 0.931518 0.829923 
0.889408 0.748273 0.562128 
0.980338 0.686328 0.424737 
1.11499 0.708282 0.396946 
1.13169 0.69127 0.374679 
0.948497 0.559995 0.289631 
0.630508 0.350091 0.162209 
0.321477 0.157654 0.0572924 
0.125837 0.0486137 0.0124844 
0.0534037 0.0203469 0.0148695 
0.054063 0.0325305 0.0314196 
0.0840728 0.0559988 0.0448871 
0.139234 0.0917264 0.0604544 
0.239448 0.156222 0.0902543 
0.390241 0.256026 0.138257 
0.555513 0.371168 0.194884 
0.664809 0.458034 0.239957 
0.65565 0.473382 0.253185 
0.521732 0.405428 0.228329 
0.324511 0.285571 0.17939 
0.152511 0.16709 0.131048 
0.0612687 0.0891042 0.102269 
0.0464759 0.0591869 0.0998696 
0.0709626 0.0675 0.125888 
0.11616 0.11304 0.185864 
0.210226 0.213728 0.28556 
0.409303 0.391328 0.418949 
0.746665 0.645375 0.561286 
1.18599 0.936813 0.676652 
1.61198 1.19309 0.73566 
1.87177 1.33371 0.729602 
1.8514 1.30581 0.670658 
1.5444 1.11236 0.579943 
1.06312 0.814138 0.474009 
0.577751 0.49973 0.359223 
0.22446 0.242359 0.237016 
0.0510243 0.0765113 0.116865 
0.0297966 0.00674643 0.0264149 
0.102502 0.0249684 0.00310326 
0.206102 0.108572 0.0643561 
0.278304 0.210523 0.182506 
0.278818 0.277196 0.299055 
0.227255 0.293097 0.37311 
0.202989 0.297948 0.410403 
0.274484 0.338379 0.434141 
0.417123 0.400353 0.433727 
0.516592 0.408878 0.365485 
0.470856 0.309575 0.217472 
0.290701 0.143799 0.0601222 
0.0958006 0.0275694 0.00758425 
0.013523 0.0503939 0.116224 
0.0806187 0.195702 0.323276 
0.228906 0.355729 0.488934 
0.347725 0.41726 0.501623 
0.359981 0.340223 0.355129 
0.262422 0.177261 0.146046 
0.122544 0.0385141 0.0100523 
0.0458811 0.0341318 0.0480637 
0.12482 0.220968 0.280113 
0.380378 0.567589 0.637945 
0.725985 0.952143 0.992205 
0.994149 1.20899 1.20602 
1.03484 1.21725 1.19897 
0.824489 0.980131 0.989893 
0.488981 0.627144 0.685292 
0.2072 0.324215 0.413864 
0.077416 0.164085 0.256433 
0.0697117 0.132596 0.226823 
0.0959451 0.16703 0.303848 
0.106528 0.227322 0.460158 
0.112091 0.303418 0.651503 
0.131071 0.37383 0.797736 
0.147043 0.390285 0.809593 
0.128153 0.318504 0.655649 
0.0730202 0.183393 0.399799 
0.0192109 0.0576466 0.160339 
0.00494977 0.00196605 0.0254719 
0.0314451 0.0199356 0.00417144 
0.065786 0.0681258 0.0469252 
