0.0217694 0.0536859 0.0644501 
0.100878 0.0739561 0.0522698 
0.575345 0.487987 0.369792 
1.29119 1.12731 0.860424 
1.93166 1.67036 1.2456 
2.16007 1.80082 1.27302 
1.84197 1.42247 0.899629 
1.17255 0.760354 0.359796 
0.561225 0.223406 0.0213559 
0.32781 0.101949 0.110905 
0.462516 0.349644 0.535305 
0.671495 0.651594 0.969056 
0.666129 0.71936 1.13683 
0.416394 0.532877 1.02922 
0.132015 0.306988 0.856773 
0.0200023 0.245441 0.814641 
0.0891563 0.355237 0.915957 
0.197358 0.506174 1.05611 
0.261324 0.640552 1.2048 
0.380132 0.879101 1.48546 
0.735328 1.39703 2.03901 
1.37916 2.20238 2.81767 
2.13337 3.05232 3.53732 
2.69536 3.59657 3.85427 
2.84415 3.61544 3.61113 
2.56692 3.15025 2.94262 
2.02798 2.44421 2.17305 
1.443 1.775 1.61027 
0.96949 1.31561 1.39155 
0.672319 1.09787 1.46155 
0.55013 1.06191 1.65756 
0.577051 1.12933 1.82363 
0.724883 1.24563 1.88117 
0.95838 1.37545 1.82649 
1.2214 1.4746 1.68029 
1.44071 1.48276 1.44829 
1.55627 1.3576 1.13428 
1.55324 1.12019 0.784583 
1.45925 0.856077 0.499353 
1.3037 0.655013 0.376476 
1.08339 0.542216 0.433982 
0.781573 0.474495 0.594922 
0.429602 0.410795 0.7611 
0.140231 0.381576 0.904681 
0.0544245 0.472376 1.07898 
0.229173 0.724342 1.33047 
0.567352 1.05025 1.60183 
0.868339 1.26366 1.73473 
0.97077 1.21359 1.58662 
0.867698 0.909208 1.16009 
0.692072 0.51868 0.623336 
0.586146 0.237909 0.19759 
0.575027 0.145299 0.010194 
0.560175 0.171066 0.0415133 
0.435636 0.20176 0.202664 
0.214457 0.214071 0.455661 
0.0438547 0.307271 0.850125 
0.0921038 0.60299 1.43765 
0.406922 1.10747 2.15092 
0.866458 1.66492 2.7753 
1.25781 2.04462 3.05632 
1.41184 2.08722 2.86109 
1.29096 1.79431 2.26428 
0.981457 1.30581 1.49742 
0.619932 0.802037 0.810854 
0.317332 0.410345 0.352302 
0.123593 0.169491 0.131297 
0.0354102 0.0513257 0.0654099 
0.0255375 0.00659672 0.0564824 
0.0709333 0.0026477 0.0471973 
0.16705 0.0381875 0.0375126 
0.324453 0.134863 0.0663394 
0.549944 0.312519 0.174767 
0.821293 0.560002 0.369068 
1.07314 0.818882 0.601661 
1.21292 0.997138 0.78408 
1.16883 1.0146 0.831314 
0.942154 0.855311 0.714238 
0.619852 0.586494 0.48363 
0.327022 0.322054 0.243785 
0.149813 0.152957 0.091018 
0.0900186 0.0974386 0.0610772 
0.0863412 0.107581 0.121213 
0.0772033 0.119277 0.204772 
0.0467101 0.0992727 0.255769 
0.0201932 0.0556641 0.253332 
0.0265181 0.0164148 0.209968 
0.0675162 0.00298029 0.155569 
0.117179 0.0195386 0.121213 
0.144984 0.06131 0.132472 
0.144964 0.133853 0.215463 
0.15075 0.26628 0.404961 
0.218553 0.496414 0.731123 
0.376347 0.822798 1.17532 
0.573941 1.15958 1.62904 
0.691038 1.354 1.91619 
0.623598 1.28457 1.89679 
0.38734 0.971874 1.58159 
0.13593 0.593446 1.14751 
0.054818 0.365818 0.818157 
0.212557 0.383673 0.702264 
0.504259 0.55777 0.73185 
0.741034 0.705506 0.750136 
0.801605 0.705507 0.657958 
0.708779 0.575931 0.482127 
0.575326 0.422444 0.320139 
0.489707 0.327963 0.237657 
0.45351 0.293637 0.222469 
0.411648 0.267705 0.220461 
0.322756 0.209529 0.195629 
0.196998 0.122157 0.153242 
0.0833225 0.0415646 0.124236 
0.0407276 0.0158976 0.14766 
0.122261 0.0956483 0.266644 
0.361453 0.318657 0.515239 
0.741811 0.673313 0.879626 
1.16668 1.06525 1.26428 
1.47636 1.33819 1.5162 
1.52919 1.36056 1.51423 
1.29447 1.11716 1.2566 
0.877317 0.72328 0.864067 
0.450661 0.344588 0.490697 
0.15566 0.0956907 0.224905 
0.0530068 0.00498693 0.0702361 
0.141521 0.0542134 0.00453968 
0.387505 0.220588 0.0307434 
0.7173 0.463591 0.153177 
1.00049 0.688175 0.317274 
1.08841 0.764735 0.409338 
0.911996 0.622998 0.346926 
0.553513 0.333119 0.172458 
0.205463 0.0750011 0.0381579 
0.0355167 0.00507664 0.0798178 
0.0743679 0.140155 0.299157 
0.22176 0.363369 0.568589 
0.348914 0.534041 0.745176 
0.392818 0.589795 0.777029 
0.369827 0.559393 0.712904 
0.328157 0.506016 0.635122 
0.303117 0.473145 0.596649 
0.305538 0.469904 0.605666 
0.327891 0.478826 0.63781 
0.35142 0.465324 0.648604 
0.360435 0.395663 0.591798 
0.36546 0.268786 0.454135 
0.409344 0.134173 0.280735 
0.532269 0.0621888 0.151146 
0.71896 0.0824795 0.113751 
0.886803 0.153036 0.142864 
0.940461 0.198354 0.167991 
0.845772 0.178714 0.145166 
0.650862 0.116858 0.0920939 
0.439668 0.0605845 0.0547074 
0.274499 0.0355798 0.0559617 
0.183667 0.0459113 0.092319 
0.184012 0.10836 0.172251 
0.285826 0.257292 0.330065 
0.463607 0.497263 0.58061 
0.63783 0.75911 0.865618 
0.712439 0.926037 1.06736 
0.645044 0.918652 1.09206 
0.47891 0.756028 0.942452 
0.30229 0.532965 0.708493 
0.178726 0.343081 0.493516 
0.116978 0.226011 0.353325 
0.0960672 0.174991 0.292983 
0.100813 0.17107 0.295052 
0.126808 0.197352 0.333712 
0.163754 0.231371 0.371173 
0.191205 0.245501 0.365703 
0.194689 0.225297 0.299209 
0.178225 0.182309 0.194717 
0.156403 0.142214 0.0988241 
0.138859 0.121753 0.0454965 
0.126596 0.119999 0.0378924 
0.117871 0.127073 0.0595142 
0.109284 0.133547 0.0937021 
0.0932388 0.133384 0.132371 
0.0659873 0.12932 0.177002 
0.0429035 0.140165 0.23808 
0.053928 0.190325 0.324282 
0.108263 0.275241 0.417398 
0.165237 0.33862 0.459839 
0.16153 0.307492 0.390364 
0.0865284 0.172941 0.215111 
0.0257547 0.0342963 0.0413128 
0.103169 0.0374266 0.0144962 
0.356902 0.243378 0.196001 
0.671367 0.552859 0.496305 
0.851017 0.774007 0.740307 
0.781098 0.780242 0.810385 
0.524993 0.609386 0.730383 
0.265226 0.412488 0.614179 
0.149604 0.312696 0.543197 
0.191633 0.31786 0.504263 
0.30585 0.359918 0.442044 
0.416739 0.395563 0.351101 
0.519715 0.450244 0.296938 
0.646382 0.567717 0.34517 
0.79557 0.736574 0.482846 
0.914474 0.880552 0.618571 
0.942811 0.918634 0.657203 
0.863544 0.827327 0.570672 
0.709644 0.647866 0.404065 
0.531762 0.445668 0.228711 
0.365261 0.26843 0.0953245 
0.221823 0.133695 0.0206376 
0.10298 0.0425557 0.00169686 
0.0204142 0.000864716 0.0362417 
0.00648623 0.0305353 0.132931 
0.0996319 0.157639 0.302111 
0.303948 0.377377 0.528353 
0.553621 0.623597 0.747792 
0.728133 0.784719 0.865325 
0.728326 0.77501 0.818003 
0.558101 0.608607 0.636239 
0.333401 0.402176 0.4368 
0.198045 0.289567 0.337605 
0.214701 0.318533 0.365292 
0.327045 0.423146 0.44286 
0.424328 0.496094 0.470696 
0.445728 0.491301 0.423785 
0.429918 0.462823 0.374365 
0.471257 0.510931 0.424443 
0.630066 0.692381 0.617402 
0.880369 0.977454 0.909861 
1.13663 1.28419 1.21983 
1.32578 1.54689 1.49481 
1.43412 1.75146 1.73357 
1.49183 1.91307 1.95067 
1.52425 2.03363 2.13347 
1.528 2.093 2.24491 
1.4942 2.08282 2.26961 
1.44208 2.03735 2.24751 
1.41316 2.01397 2.24738 
1.4242 2.0326 2.29645 
1.43054 2.03571 2.33483 
1.34783 1.91873 2.2466 
1.12137 1.61338 1.94808 
0.780612 1.15291 1.46 
0.42763 0.661906 0.904424 
0.168803 0.279296 0.432058 
0.0483447 0.0770416 0.138895 
0.0355085 0.0335672 0.0294577 
0.0658507 0.0704616 0.0401631 
0.0925275 0.112928 0.0926633 
0.104619 0.126788 0.135961 
0.10847 0.115478 0.156703 
0.103347 0.0960508 0.165235 
0.0808069 0.0824602 0.177615 
0.044721 0.0856357 0.206076 
