0.97319 0.250641 
0.75883 0.187284 
0.561488 0.183473 
0.485553 0.325858 
0.584926 0.645492 
0.84096 1.09826 
1.17527 1.58398 
1.48706 1.99014 
1.69409 2.23568 
1.75831 2.29444 
1.68902 2.1924 
1.52802 1.98655 
1.32836 1.73967 
1.13712 1.50264 
0.987257 1.30848 
0.897614 1.17504 
0.877082 1.11069 
0.92885 1.11804 
1.05226 1.19444 
1.24142 1.33026 
1.48088 1.50678 
1.73958 1.69471 
1.96639 1.85408 
2.09282 1.93707 
2.04842 1.89647 
1.78961 1.70131 
1.33318 1.35633 
0.775756 0.91523 
0.279862 0.475115 
0.0197004 0.146088 
0.103921 0.00487957 
0.513044 0.0557193 
1.0907 0.223648 
1.60338 0.389828 
1.84431 0.452648 
1.72783 0.379825 
1.32236 0.21993 
0.804748 0.066884 
0.36519 0.00128828 
0.119271 0.0465568 
0.0742064 0.165447 
0.158026 0.293469 
0.281189 0.381761 
0.386597 0.420381 
0.462176 0.432541 
0.522234 0.453411 
0.58398 0.515035 
0.660575 0.647041 
0.770308 0.883643 
0.943757 1.25914 
1.21231 1.78429 
1.57971 2.41574 
1.99678 3.04317 
2.36209 3.51176 
2.5559 3.67605 
2.49216 3.46055 
2.16094 2.89573 
1.63784 2.11146 
1.0556 1.29109 
0.552267 0.608213 
0.220891 0.173106 
0.0826275 0.00852616 
0.0923816 0.0596506 
0.170334 0.228832 
0.241856 0.41769 
0.266752 0.559398 
0.246855 0.631559 
0.213753 0.650462 
0.208275 0.655125 
0.264422 0.690493 
0.403074 0.794509 
0.631595 0.988443 
0.942165 1.26879 
1.30655 1.60259 
1.67298 1.93127 
1.97333 2.18625 
2.14268 2.31192 
2.14335 2.28532 
1.98008 2.12237 
1.69817 1.86904 
1.36666 1.58542 
1.05658 1.33205 
0.823057 1.16134 
0.693823 1.10878 
0.662639 1.17906 
0.688923 1.33234 
0.709831 1.48564 
0.669045 1.5415 
0.554284 1.4374 
0.421466 1.18878 
0.381958 0.893122 
0.547978 0.683071 
0.96054 0.650782 
1.54335 0.789497 
2.11729 0.991769 
2.47549 1.10898 
2.48062 1.0369 
2.12993 0.775207 
1.55217 0.425947 
0.940785 0.135201 
0.463677 0.015199 
0.198563 0.0916079 
0.12269 0.300357 
0.152046 0.527819 
0.200473 0.667257 
0.225288 0.662972 
0.240179 0.526495 
0.295985 0.32476 
0.444167 0.149851 
0.702095 0.0826715 
1.03563 0.162444 
1.3664 0.372162 
1.60098 0.645985 
1.66951 0.896559 
1.55553 1.05068 
1.30198 1.07668 
0.990109 0.990866 
0.703121 0.842292 
0.495302 0.686951 
0.382963 0.566778 
0.358499 0.502655 
0.413314 0.499678 
0.550661 0.555693 
0.778766 0.665138 
1.09086 0.817277 
1.44943 0.993945 
1.78923 1.17198 
2.03987 1.3303 
2.15461 1.45645 
2.12773 1.5474 
1.99104 1.60428 
1.79374 1.62589 
1.57932 1.60692 
1.37229 1.54264 
1.17909 1.43618 
0.997963 1.30232 
0.829124 1.16428 
0.678796 1.04539 
0.55686 0.960712 
0.471528 0.913182 
0.424949 0.895125 
0.411605 0.892765 
0.419305 0.890624 
0.431864 0.874421 
0.43279 0.832976 
0.409402 0.760145 
0.35648 0.656754 
0.27818 0.531437 
0.187225 0.399167 
0.101241 0.277399 
0.0371842 0.180994 
0.00553923 0.117738 
0.00624217 0.0860721 
0.0281664 0.07593 
0.053183 0.0727129 
0.0641965 0.0633937 
0.0544291 0.0427337 
0.0337229 0.0170158 
0.0280172 0.0032026 
0.0708568 0.0231598 
0.189671 0.0948738 
0.39253 0.224222 
0.661378 0.400879 
0.955118 0.600317 
1.22171 0.791319 
1.41469 0.946156 
1.50766 1.0494 
1.50145 1.1018 
1.4211 1.11744 
1.30448 1.11559 
1.18725 1.11075 
1.09065 1.10587 
1.01678 1.09178 
0.952645 1.05293 
0.87971 0.976028 
0.783776 0.857116 
0.660868 0.703882 
0.517676 0.533098 
0.36816 0.365325 
0.228951 0.219563 
0.115358 0.109387 
0.0383952 0.040985 
0.00284497 0.0131813 
0.00690443 0.0198156 
0.0443166 0.0544406 
0.108814 0.115687 
0.198638 0.209907 
0.317652 0.34785 
0.470871 0.535127 
0.65588 0.760801 
0.855244 0.991353 
1.03576 1.17587 
1.15707 1.26252 
1.18661 1.21964 
1.11355 1.05088 
0.954432 0.79634 
0.747169 0.518229 
0.536644 0.277731 
0.358876 0.113763 
0.231125 0.0330285 
0.151436 0.0145712 
0.106008 0.0248744 
0.079217 0.0350293 
0.0608096 0.031676 
0.0474191 0.0176732 
0.0392924 0.00420994 
0.0357525 0.000278788 
0.0331358 0.00605615 
0.0268454 0.0137435 
0.0161219 0.0146262 
0.00801369 0.00725238 
0.017141 0.000952215 
0.0602505 0.0118894 
0.147919 0.0537685 
0.278018 0.129181 
0.435099 0.22769 
0.596599 0.332647 
0.742561 0.432718 
0.863004 0.530138 
0.958243 0.638918 
1.03192 0.772477 
1.08163 0.927772 
1.09412 1.07676 
1.04972 1.17279 
0.934346 1.17073 
0.752085 1.05056 
0.529922 0.831039 
0.310683 0.565088 
0.137249 0.318863 
0.0365631 0.145715 
0.0118702 0.0683986 
0.0463483 0.0771885 
0.114448 0.141944 
0.193412 0.22905 
0.268878 0.31354 
0.333575 0.381964 
0.382916 0.428354 
0.412454 0.449124 
0.419246 0.441397 
0.405049 0.40497 
0.37731 0.344786 
0.345719 0.270726 
0.316148 0.194347 
0.286606 0.125008 
0.248995 0.0682789 
0.196311 0.0273556 
0.130552 0.00542091 
0.0655103 0.00615853 
0.0218809 0.0316325 
0.0176566 0.0798493 
0.0604079 0.145622 
