0.762601 0.550521 
0.922874 0.69514 
1.30011 1.19672 
1.94012 2.12366 
2.71002 3.31476 
3.30291 4.37431 
3.38525 4.83178 
2.81996 4.40754 
1.80709 3.21901 
0.803866 1.75768 
0.242684 0.612709 
0.248441 0.12342 
0.588736 0.22424 
0.904394 0.595542 
1.01394 0.965616 
1.01534 1.28172 
1.11082 1.62044 
1.35966 1.98682 
1.62433 2.25602 
1.74873 2.32496 
1.74478 2.2765 
1.76195 2.32932 
1.87647 2.59513 
1.95766 2.90843 
1.78588 2.9386 
1.30242 2.49122 
0.70942 1.6945 
0.2999 0.887372 
0.199404 0.340653 
0.294888 0.0992994 
0.412384 0.0738928 
0.535243 0.234054 
0.829452 0.673927 
1.46614 1.4924 
2.43452 2.63486 
3.512 3.85824 
4.37758 4.83239 
4.74676 5.27418 
4.45875 5.03519 
3.53547 4.14549 
2.22208 2.83046 
0.947022 1.46885 
0.149315 0.45693 
0.0444939 0.0265242 
0.502865 0.141767 
1.15286 0.560962 
1.63662 1.016 
1.81605 1.36518 
1.78276 1.61182 
1.70208 1.80747 
1.6499 1.9496 
1.57484 1.96472 
1.38863 1.77764 
1.08248 1.39582 
0.765253 0.936402 
0.597747 0.57495 
0.67901 0.448857 
0.968391 0.575284 
1.29707 0.835557 
1.46336 1.04223 
1.35248 1.05319 
1.00247 0.857483 
0.570852 0.568343 
0.226093 0.326911 
0.0467133 0.197597 
0.00246772 0.145014 
0.017467 0.103508 
0.0421992 0.0571022 
0.0665257 0.0420699 
0.0832675 0.0782379 
0.07052 0.122538 
0.0268977 0.111769 
0.00905434 0.0466278 
0.100575 0.00718773 
0.327563 0.0685227 
0.626165 0.216896 
0.930148 0.383297 
1.30007 0.573049 
1.93115 0.935003 
2.9799 1.65527 
4.34869 2.75039 
5.64235 3.9619 
6.36549 4.86969 
6.21221 5.13557 
5.23191 4.68124 
3.78219 3.69139 
2.34537 2.4911 
1.33464 1.40944 
0.959086 0.685468 
1.16663 0.411305 
1.6821 0.512043 
2.14533 0.788045 
2.2916 1.02002 
2.06619 1.07832 
1.60388 0.964102 
1.10946 0.767063 
0.740673 0.588426 
0.561045 0.486058 
0.553217 0.45981 
0.649423 0.465122 
0.759366 0.442659 
0.802249 0.356072 
0.741231 0.219764 
0.597323 0.0917983 
0.425417 0.0281036 
0.269802 0.0323602 
0.142602 0.0518588 
0.0525258 0.0374567 
0.0585021 0.0238061 
0.280275 0.14838 
0.819 0.562022 
1.62832 1.28011 
2.45558 2.10153 
2.94702 2.69272 
2.87141 2.79723 
2.28695 2.4063 
1.4992 1.74562 
0.837489 1.09457 
0.443859 0.605301 
0.254903 0.277987 
0.168474 0.088185 
0.212523 0.112865 
0.541864 0.510886 
1.26622 1.36478 
2.28034 2.53276 
3.26403 3.65805 
3.85882 4.34447 
3.8717 4.36706 
3.35222 3.77135 
2.52261 2.82461 
1.66044 1.89366 
1.0223 1.33051 
0.798786 1.37408 
1.04933 2.0465 
1.63437 3.08477 
2.23746 4.0074 
2.52216 4.34658 
2.33004 3.9155 
1.76052 2.90681 
1.07155 1.7421 
0.500137 0.802419 
0.151687 0.251498 
0.0125854 0.0473484 
0.0268281 0.0669322 
0.155387 0.211669 
0.388067 0.432265 
0.719168 0.697293 
1.10763 0.954919 
1.45167 1.12157 
1.61587 1.11275 
1.51425 0.903887 
1.18525 0.570804 
0.777295 0.255132 
0.444186 0.0656768 
0.249111 0.00497693 
0.170951 0.000990832 
0.190677 0.0150243 
0.343242 0.105071 
0.66347 0.362094 
1.08465 0.774555 
1.41555 1.16615 
1.44921 1.29344 
1.12348 1.03838 
0.593606 0.532535 
0.146579 0.0971093 
0.0162978 0.03314 
0.236803 0.419311 
0.637592 1.06817 
0.972763 1.66304 
1.0782 1.95931 
0.945101 1.90112 
0.679707 1.59532 
0.40865 1.20291 
0.209758 0.84769 
0.100011 0.589062 
0.0589227 0.437914 
0.0559837 0.379324 
0.0712662 0.39138 
0.108774 0.46337 
0.194548 0.603764 
0.352091 0.822651 
0.568703 1.0971 
0.783854 1.35467 
0.917621 1.50131 
0.921448 1.47831 
0.810735 1.30188 
0.652073 1.05176 
0.515427 0.817833 
0.430427 0.647771 
0.381081 0.534837 
0.337715 0.447945 
0.290038 0.369412 
0.246945 0.30329 
0.20933 0.25296 
0.157871 0.203392 
0.0813709 0.136857 
0.0146334 0.0644191 
0.0279997 0.0265594 
0.159274 0.0494147 
0.35502 0.104755 
0.496013 0.130895 
0.496385 0.103271 
0.379259 0.0743922 
0.248914 0.125365 
0.189134 0.271719 
0.19628 0.429071 
0.213597 0.487764 
0.220205 0.426982 
0.27291 0.351465 
0.457528 0.411661 
0.804226 0.683816 
1.2502 1.11684 
1.67459 1.57687 
1.96186 1.93072 
2.04184 2.0962 
1.89696 2.04405 
1.55847 1.78561 
1.10385 1.37329 
0.642953 0.902036 
0.281294 0.485621 
0.0749055 0.208099 
0.00975646 0.0846629 
0.0233892 0.0653781 
0.0513666 0.0790884 
0.0617416 0.0801819 
0.0563318 0.0629121 
0.0503017 0.0426094 
0.0563172 0.0324164 
0.0830061 0.038014 
0.133833 0.062971 
0.194924 0.103956 
0.227818 0.136983 
0.196183 0.123636 
0.124385 0.0556331 
0.135762 0.00738463 
0.411034 0.133885 
1.06863 0.58416 
2.04824 1.37865 
3.0951 2.34644 
3.87112 3.18256 
4.12124 3.59525 
3.78729 3.4483 
3.01065 2.8156 
2.0463 1.93203 
1.15379 1.08488 
0.515832 0.503807 
0.198211 0.286822 
0.14719 0.378591 
0.225472 0.607452 
0.28674 0.775658 
0.262768 0.768341 
