0.253803 0.306329 
0.254974 0.321911 
0.245752 0.328182 
0.260724 0.332638 
0.26754 0.292402 
0.224212 0.19185 
0.143227 0.0831616 
0.0703054 0.0266099 
0.0256741 0.0211275 
0.00231916 0.0277905 
0.0106651 0.0452106 
0.0832449 0.118212 
0.228225 0.268685 
0.415988 0.461847 
0.628792 0.662852 
0.880429 0.883589 
1.14055 1.12145 
1.26951 1.27333 
1.11319 1.19117 
0.6976 0.861486 
0.2713 0.478593 
0.0855782 0.273191 
0.144967 0.278256 
0.239131 0.326955 
0.227918 0.292314 
0.217911 0.256758 
0.397592 0.384108 
0.742213 0.661711 
0.978487 0.860749 
0.87217 0.782861 
0.491619 0.489374 
0.132104 0.230916 
0.00361054 0.170736 
0.0528884 0.235689 
0.0970266 0.248275 
0.0689089 0.150233 
0.0788622 0.0505603 
0.251981 0.0728264 
0.558596 0.206979 
0.826076 0.328377 
0.89381 0.33314 
0.737698 0.228297 
0.463443 0.102697 
0.213403 0.0425749 
0.0830527 0.0839325 
0.0921047 0.220706 
0.198986 0.42689 
0.336215 0.660351 
0.449956 0.856741 
0.52462 0.939587 
0.58023 0.858779 
0.654152 0.641431 
0.787259 0.411567 
1.01046 0.334135 
1.31346 0.493738 
1.61349 0.803009 
1.78084 1.05019 
1.73587 1.07681 
1.53002 0.921485 
1.30202 0.766949 
1.13147 0.730315 
0.956167 0.729273 
0.671755 0.591337 
0.310954 0.291605 
0.0734322 0.0341377 
0.13397 0.057705 
0.431582 0.370877 
0.69437 0.718804 
0.698404 0.830952 
0.489458 0.687951 
0.331457 0.529949 
0.43956 0.608927 
0.771682 0.941499 
1.07103 1.29263 
1.09605 1.38288 
0.816734 1.11798 
0.417541 0.648081 
0.129115 0.228782 
0.0462986 0.0224429 
0.086833 0.0155162 
0.114109 0.107471 
0.0934728 0.254182 
0.118259 0.497486 
0.280732 0.852089 
0.538984 1.20219 
0.7381 1.3591 
0.760105 1.23217 
0.623506 0.913531 
0.426691 0.575969 
0.235317 0.315275 
0.076196 0.13026 
0.0325394 0.0409743 
0.268438 0.153923 
0.884972 0.552452 
1.74408 1.13391 
2.48249 1.6119 
2.74928 1.72078 
2.45662 1.42603 
1.8195 0.93814 
1.17633 0.53921 
0.77184 0.398885 
0.664107 0.516642 
0.764942 0.776921 
0.927208 1.02939 
1.01439 1.14661 
0.943997 1.06441 
0.711769 0.808628 
0.392761 0.491876 
0.117334 0.27274 
0.0281441 0.292612 
0.222832 0.610649 
0.692196 1.15657 
1.28947 1.73261 
1.77658 2.09207 
1.94486 2.06938 
1.73353 1.67558 
1.25648 1.08503 
0.723809 0.529333 
0.327646 0.185777 
0.167228 0.123749 
0.231018 0.301859 
0.417272 0.587848 
0.583671 0.806896 
0.620758 0.827896 
0.514363 0.643356 
0.346566 0.368909 
0.228217 0.150868 
0.219147 0.0626596 
0.300092 0.0790911 
0.407849 0.133179 
0.495884 0.18758 
0.576004 0.261502 
0.713554 0.405488 
0.970698 0.648115 
1.32951 0.948512 
1.66262 1.19385 
1.79829 1.26053 
1.64131 1.10092 
1.24936 0.782306 
0.804769 0.44806 
0.514099 0.244303 
0.5043 0.262869 
0.753479 0.501147 
1.07946 0.833541 
1.22448 1.04341 
1.03043 0.957406 
0.582861 0.601135 
0.165654 0.207495 
0.0258216 0.0248059 
0.159093 0.0962425 
0.331351 0.239016 
0.317172 0.248218 
0.124022 0.11773 
0.00497159 0.0685341 
0.271122 0.374795 
1.0628 1.1443 
2.22749 2.20942 
3.36565 3.1866 
4.02361 3.66916 
3.93648 3.45014 
3.17141 2.63857 
2.0697 1.58595 
1.03588 0.676992 
0.33805 0.141401 
0.0442377 0.00224067 
0.0779346 0.142832 
0.2969 0.398769 
0.543955 0.621088 
0.689568 0.720306 
0.681995 0.698615 
0.568725 0.63914 
0.449544 0.632754 
0.388161 0.690434 
0.36385 0.726312 
0.310966 0.639694 
0.20167 0.421682 
0.0802077 0.176561 
0.0129484 0.0302451 
0.0153586 0.0177036 
0.0411744 0.0659439 
0.0413355 0.0847676 
0.0169003 0.0597176 
0.00431837 0.0468127 
0.020601 0.0879328 
0.0425575 0.153604 
0.0425798 0.176176 
0.0291176 0.126387 
0.0401549 0.0459061 
0.101899 0.0101866 
0.202678 0.069008 
0.304409 0.216928 
0.371986 0.404127 
0.397109 0.571142 
0.411653 0.690072 
0.486525 0.7918 
0.70084 0.952393 
1.07968 1.23118 
1.538 1.59901 
1.88808 1.922 
1.93417 2.03485 
1.60859 1.86449 
1.05332 1.51065 
0.566063 1.20433 
0.417559 1.15092 
0.657133 1.36659 
1.06346 1.64596 
1.30223 1.70852 
1.17754 1.41659 
0.768391 0.882071 
0.33709 0.370297 
0.104952 0.0929227 
0.104164 0.0749094 
0.217956 0.192059 
0.3262 0.306287 
0.393336 0.357185 
0.438983 0.353739 
0.475083 0.327179 
0.505514 0.317509 
0.571468 0.383606 
0.748682 0.577502 
1.06429 0.877675 
1.42053 1.15768 
1.63126 1.25542 
1.56131 1.10122 
1.2414 0.785083 
0.85231 0.495707 
0.605132 0.394165 
0.632373 0.540118 
0.953962 0.906357 
1.47965 1.40806 
2.00317 1.88625 
2.23557 2.10432 
1.9545 1.86131 
1.21359 1.18861 
0.402366 0.426094 
0.0112983 0.0200242 
0.245955 0.166614 
0.844112 0.638676 
1.30045 0.993384 
1.30526 0.974573 
0.980758 0.712875 
0.705603 0.539257 
0.733788 0.631529 
0.989935 0.862444 
1.19716 0.968642 
1.15023 0.819053 
0.856282 0.503772 
0.467731 0.204684 
0.147294 0.0348855 
0.00415204 0.00664176 
0.0926698 0.0974402 
