3.3002 2.04473 1.10267 
2.22948 1.35138 0.75244 
1.17016 0.653232 0.388696 
0.394483 0.161572 0.155657 
0.0622547 0.00482123 0.140156 
0.164786 0.178389 0.333855 
0.54406 0.556587 0.642667 
0.974315 0.957485 0.935748 
1.26298 1.22531 1.10627 
1.32213 1.28965 1.11307 
1.18171 1.17726 0.986143 
0.948768 0.979451 0.800088 
0.742389 0.799136 0.634509 
0.640163 0.706217 0.542511 
0.657512 0.718646 0.538462 
0.758978 0.808924 0.603388 
0.88476 0.923983 0.698801 
0.974658 1.00562 0.78062 
0.981806 1.00592 0.810509 
0.879957 0.899227 0.766111 
0.671505 0.693091 0.650774 
0.397267 0.435806 0.499044 
0.140205 0.212998 0.371657 
0.0124258 0.127169 0.336845 
0.12193 0.262413 0.442567 
0.528674 0.647023 0.691599 
1.20937 1.23162 1.03263 
2.04988 1.89557 1.3739 
2.87231 2.48164 1.61484 
3.48793 2.84579 1.68228 
3.75506 2.90195 1.55585 
3.62005 2.64529 1.27262 
3.12794 2.1474 0.911092 
2.40266 1.52884 0.562855 
1.60719 0.921571 0.303479 
0.898711 0.43399 0.172164 
0.391252 0.127476 0.164231 
0.133688 0.00755518 0.236125 
0.106035 0.0299231 0.320827 
0.234248 0.120237 0.351594 
0.420787 0.204799 0.290729 
0.583278 0.244404 0.155479 
0.687361 0.257306 0.0274834 
0.757021 0.315246 0.0317569 
0.852265 0.505224 0.282073 
1.02086 0.868977 0.81048 
1.25006 1.35218 1.51793 
1.45178 1.80033 2.18431 
1.50047 2.01845 2.55068 
1.31022 1.87318 2.44369 
0.906646 1.38218 1.87775 
0.442697 0.732204 1.07124 
0.136417 0.20318 0.355865 
0.157939 0.032115 0.0205076 
0.530527 0.29197 0.173408 
1.10803 0.856072 0.699018 
1.6466 1.46871 1.33053 
1.92973 1.87854 1.7912 
1.87288 1.95585 1.92145 
1.54842 1.73068 1.72584 
1.12477 1.34271 1.33012 
0.765394 0.94765 0.892005 
0.552118 0.642576 0.52643 
0.471472 0.447245 0.280869 
0.456863 0.334447 0.154179 
0.446497 0.272737 0.12648 
0.417315 0.248134 0.172961 
0.381797 0.257744 0.259723 
0.362893 0.292736 0.339645 
0.371791 0.331968 0.364376 
0.402101 0.352226 0.309704 
0.436823 0.343567 0.195079 
0.456981 0.31466 0.0794136 
0.446231 0.284251 0.0330426 
0.394626 0.268459 0.104087 
0.30594 0.276196 0.300837 
0.20543 0.315004 0.598171 
0.137855 0.397565 0.957669 
0.148801 0.537334 1.34319 
0.255801 0.732508 1.72153 
0.428299 0.951069 2.05318 
0.594624 1.13301 2.28767 
0.677593 1.21476 2.37385 
0.63928 1.16319 2.28192 
0.506093 0.996983 2.02272 
0.356098 0.7795 1.64988 
0.274918 0.585958 1.24125 
0.307727 0.465346 0.86989 
0.437926 0.42125 0.581156 
0.60574 0.423287 0.387931 
0.753949 0.440484 0.283667 
0.870392 0.473514 0.261998 
0.998847 0.563074 0.328257 
1.20979 0.76663 0.49431 
1.54759 1.11563 0.759516 
1.98598 1.57845 1.09057 
2.41988 2.05306 1.41557 
2.70216 2.39816 1.64095 
2.70873 2.49081 1.68731 
2.39915 2.28319 1.52772 
1.84147 1.82966 1.20832 
1.18795 1.26953 0.837861 
0.613648 0.773138 0.548634 
0.248648 0.477411 0.44687 
0.136938 0.441921 0.576567 
0.239268 0.643973 0.913055 
0.473091 1.00933 1.38545 
0.763297 1.45628 1.91127 
1.0742 1.92623 2.42201 
1.40731 2.38641 2.86823 
1.77167 2.81025 3.20888 
2.15019 3.15612 3.40119 
2.48648 3.36467 3.40552 
2.70185 3.38035 3.206 
2.73301 3.18473 2.83339 
2.56769 2.81949 2.3719 
2.25815 2.38324 1.9404 
1.90583 2.00176 1.65512 
1.62633 1.78688 1.5919 
1.51229 1.80322 1.76588 
1.60868 2.05525 2.13513 
1.90601 2.49442 2.62112 
2.34849 3.03784 3.1332 
2.85057 3.58889 3.58743 
3.31666 4.05524 3.91781 
3.66099 4.36359 4.08311 
3.8246 4.47109 4.07141 
3.78605 4.37129 3.90066 
3.56197 4.09144 3.6119 
3.19765 3.68089 3.25488 
2.75113 3.19471 2.87154 
2.27761 2.67984 2.48515 
1.81924 2.16871 2.10031 
1.40204 1.681 1.71224 
1.03804 1.22976 1.31921 
0.730228 0.827311 0.931215 
0.478118 0.488454 0.571985 
0.282862 0.230572 0.275058 
0.149856 0.0707963 0.0759375 
0.0864831 0.0199105 0.00156372 
0.0943029 0.073528 0.0583158 
0.159243 0.204114 0.222078 
0.247272 0.360385 0.436748 
0.312469 0.479675 0.626894 
0.317765 0.512336 0.723951 
0.259168 0.448202 0.696156 
0.178626 0.329978 0.566658 
0.154073 0.24226 0.407466 
0.267151 0.277175 0.308859 
0.562784 0.491431 0.337853 
1.02139 0.876158 0.506554 
1.55922 1.35541 0.766484 
2.05777 1.81447 1.03114 
2.40815 2.14407 1.21427 
2.54955 2.27962 1.26481 
2.48575 2.21962 1.18351 
2.27638 2.01939 1.01782 
2.01142 1.76766 0.841782 
1.78236 1.55818 0.731683 
1.65953 1.46513 0.744948 
1.67852 1.5258 0.904918 
1.83382 1.73054 1.19199 
2.07881 2.02182 1.54335 
2.33437 2.30583 1.8654 
2.50867 2.47863 2.06025 
2.52588 2.4613 2.06001 
2.35381 2.23065 1.85438 
2.01705 1.82964 1.49658 
1.58701 1.35005 1.08152 
1.15242 0.894464 0.705923 
0.78571 0.537212 0.430866 
0.522709 0.304121 0.266292 
0.364412 0.179189 0.18331 
0.294433 0.129068 0.142726 
0.296417 0.126405 0.11953 
0.358188 0.157111 0.108757 
0.462283 0.211195 0.113686 
0.575243 0.270389 0.130749 
0.650305 0.307675 0.146425 
0.647337 0.302455 0.149463 
0.558268 0.259811 0.146955 
0.418445 0.215836 0.167493 
0.291669 0.219676 0.243991 
0.234826 0.300854 0.385766 
0.263816 0.443843 0.560678 
0.343649 0.58964 0.70358 
0.410235 0.666556 0.749506 
0.410174 0.632 0.671673 
0.332795 0.49857 0.499477 
0.214447 0.327777 0.304342 
0.114148 0.196078 0.16241 
0.0783253 0.15528 0.117583 
0.117598 0.211071 0.166252 
0.207943 0.32927 0.268985 
0.311082 0.460849 0.376966 
0.397492 0.567035 0.454552 
0.457183 0.630297 0.486826 
0.494957 0.650195 0.474593 
0.518242 0.6336 0.427502 
0.528638 0.589494 0.363259 
0.522452 0.530766 0.311324 
0.497035 0.477302 0.312423 
0.455741 0.453106 0.407115 
0.40704 0.475988 0.615781 
0.359047 0.5457 0.921083 
0.314372 0.639046 1.26482 
0.269213 0.716458 1.56354 
0.217016 0.737469 1.73659 
0.154201 0.677579 1.73413 
0.0851982 0.53917 1.55328 
0.0252648 0.352767 1.23767 
0.000194238 0.169066 0.862347 
0.0417362 0.0445302 0.51102 
0.177807 0.024262 0.252846 
0.418929 0.126604 0.125215 
0.746056 0.334478 0.126605 
1.10704 0.597715 0.221104 
1.42671 0.847322 0.352897 
1.62921 1.01755 0.465864 
1.66396 1.06751 0.521562 
1.52389 0.993545 0.509527 
1.24742 0.827456 0.446846 
0.903704 0.622101 0.368045 
0.568175 0.431112 0.309756 
0.299364 0.291505 0.296253 
0.125806 0.215587 0.331313 
0.0459623 0.193737 0.399146 
0.0378789 0.204697 0.473269 
0.0719827 0.227332 0.52877 
0.121218 0.248456 0.55208 
0.166224 0.264582 0.544185 
0.196743 0.279091 0.517048 
0.21157 0.298167 0.486521 
0.217918 0.327851 0.465837 
0.228877 0.372062 0.461831 
0.257418 0.430028 0.473382 
0.307944 0.492766 0.490851 
0.369979 0.541214 0.496869 
0.419571 0.5501 0.470667 
0.430351 0.499107 0.397294 
0.389469 0.387209 0.279109 
0.308697 0.241353 0.142804 
0.22232 0.111562 0.0351274 
0.171242 0.0518766 0.00600305 
0.182145 0.0960759 0.0860781 
0.254662 0.241896 0.270831 
0.364856 0.453533 0.521043 
0.482591 0.681355 0.780353 
0.591023 0.887072 1.00046 
0.694999 1.05928 1.15997 
0.812706 1.21063 1.26692 
