0.711084 1.32628 1.8496 
0.965066 1.46727 1.78585 
1.08065 1.46398 1.64282 
1.00864 1.30069 1.42523 
0.792237 1.02597 1.16547 
0.527274 0.722122 0.909706 
0.297675 0.462449 0.701967 
0.145877 0.291552 0.577538 
0.0841771 0.226368 0.553387 
0.107969 0.254191 0.606494 
0.191785 0.327913 0.663658 
0.295633 0.386824 0.638194 
0.404329 0.408856 0.504069 
0.563159 0.444402 0.337448 
0.846781 0.573971 0.262532 
1.26457 0.809082 0.332092 
1.69865 1.03988 0.460159 
1.96438 1.10901 0.492134 
1.95692 0.958274 0.356768 
1.73772 0.695574 0.143039 
1.46182 0.494745 0.0105469 
1.21759 0.421271 0.0218442 
0.955689 0.374791 0.0837988 
0.595177 0.229401 0.0789201 
0.196918 0.0363512 0.0562913 
0.00267958 0.0623191 0.263114 
0.260636 0.582179 0.941808 
0.978149 1.59367 2.05968 
1.83986 2.72486 3.233 
2.39934 3.45152 3.9488 
2.40657 3.46444 3.91753 
1.99512 2.88095 3.26194 
1.55665 2.12073 2.38643 
1.40153 1.55888 1.65377 
1.50362 1.26468 1.15982 
1.56067 1.04577 0.786339 
1.30943 0.721281 0.431717 
0.788388 0.33041 0.152426 
0.293089 0.0679469 0.0678187 
0.0814049 0.0408625 0.162635 
0.139026 0.134916 0.24977 
0.239875 0.149552 0.172379 
0.213915 0.0458536 0.0266621 
0.121368 0.0146179 0.125472 
0.156637 0.272974 0.694311 
0.411635 0.808627 1.60111 
0.766156 1.35243 2.41039 
1.00608 1.60638 2.72025 
1.01648 1.48328 2.45405 
0.845955 1.12812 1.84927 
0.614369 0.746501 1.21237 
0.403834 0.452141 0.716338 
0.248045 0.271262 0.404565 
0.187575 0.234742 0.307111 
0.286109 0.407616 0.482541 
0.575471 0.817694 0.939768 
0.999997 1.38358 1.56111 
1.43383 1.93986 2.14094 
1.75934 2.3402 2.51186 
1.93257 2.53957 2.63806 
1.98503 2.59337 2.60559 
1.97797 2.59786 2.54526 
1.95753 2.63199 2.56251 
1.93865 2.72925 2.70401 
1.9102 2.86934 2.94517 
1.84447 2.98009 3.18852 
1.70868 2.96043 3.291 
1.48565 2.73283 3.13231 
1.19861 2.30175 2.6927 
0.918405 1.77257 2.08102 
0.74161 1.31126 1.48731 
0.762143 1.0809 1.10082 
1.06987 1.21059 1.06071 
1.76527 1.79945 1.45342 
2.92469 2.89084 2.29831 
4.48003 4.37301 3.47478 
6.09966 5.88469 4.65377 
7.24118 6.88746 5.37449 
7.44166 6.96208 5.3121 
6.66515 6.14192 4.56202 
5.39492 4.97196 3.65975 
4.33016 4.16657 3.237 
3.90128 4.10308 3.55412 
4.00239 4.56779 4.30198 
4.15071 4.9623 4.84772 
3.90336 4.77456 4.70828 
3.16645 3.91582 3.85611 
2.18308 2.69433 2.6507 
1.29294 1.53198 1.52789 
0.708079 0.699693 0.736004 
0.454824 0.245509 0.28737 
0.449477 0.0834411 0.0759565 
0.591065 0.108813 0.00909972 
0.798305 0.247361 0.0520418 
0.997247 0.437157 0.187853 
1.10508 0.596932 0.359877 
1.04668 0.633395 0.466296 
0.804339 0.498408 0.427053 
0.459094 0.249326 0.268925 
0.169169 0.0403887 0.135487 
0.0767792 0.0228042 0.183196 
0.210262 0.226182 0.441956 
0.471526 0.53219 0.774817 
0.726139 0.772457 0.985632 
0.913127 0.860465 0.974838 
1.0754 0.837663 0.7975 
1.29858 0.810949 0.587856 
1.63389 0.866371 0.450911 
2.07231 1.0405 0.428823 
2.55983 1.33788 0.536635 
3.00498 1.7301 0.780549 
3.27413 2.12372 1.11946 
3.22474 2.36145 1.43178 
2.80058 2.30685 1.56437 
2.12525 1.96262 1.44458 
1.4882 1.5056 1.14824 
1.18987 1.17886 0.845807 
1.34236 1.11517 0.667632 
1.78209 1.23965 0.610284 
2.17429 1.33728 0.565936 
2.23698 1.22809 0.440227 
1.91434 0.901528 0.245148 
1.37469 0.502896 0.0838318 
0.856099 0.1996 0.0500657 
0.505005 0.0584232 0.145363 
0.339346 0.0424769 0.294556 
0.335102 0.110272 0.438171 
0.514771 0.295254 0.59861 
0.927527 0.66856 0.843185 
1.53917 1.21742 1.17798 
2.15945 1.77181 1.48698 
2.50967 2.07574 1.59263 
2.39905 1.96095 1.39312 
1.86995 1.47994 0.954108 
1.19155 0.887946 0.475371 
0.704018 0.490493 0.166881 
0.62549 0.472603 0.136876 
0.946832 0.818852 0.362321 
1.46391 1.35103 0.731259 
1.90617 1.83425 1.10327 
2.07537 2.08317 1.35377 
1.92237 2.02513 1.40477 
1.5376 1.70856 1.25046 
1.07891 1.26403 0.964008 
0.685398 0.836976 0.663466 
0.422748 0.521972 0.444006 
0.279997 0.332258 0.322847 
0.206504 0.220932 0.245862 
0.156576 0.135256 0.154449 
0.111344 0.0592002 0.0515266 
0.0716469 0.0106251 0.000140827 
0.042508 0.00407978 0.0525994 
0.0328099 0.0249586 0.181917 
0.0679394 0.0460221 0.290751 
0.18757 0.0658157 0.295275 
0.410712 0.1186 0.201678 
0.692097 0.235426 0.0981096 
0.920123 0.39484 0.0712906 
0.977808 0.520684 0.132062 
0.82588 0.53791 0.219119 
0.536644 0.4353 0.266705 
0.245688 0.275052 0.262681 
0.0606159 0.142453 0.245576 
0.00170068 0.0859559 0.258204 
0.016967 0.101077 0.313086 
0.0486101 0.163121 0.399032 
0.0888476 0.266935 0.507912 
0.179744 0.43108 0.64315 
0.362745 0.664082 0.799814 
0.625207 0.929577 0.943134 
0.89104 1.14865 1.0162 
1.06323 1.24204 0.976082 
1.08205 1.17754 0.826093 
0.953201 0.984296 0.614194 
0.731529 0.727968 0.401009 
0.484425 0.473811 0.228178 
0.266627 0.266125 0.110872 
0.114189 0.127151 0.0486165 
0.0450834 0.0607275 0.0332207 
0.058922 0.0541327 0.0472794 
0.141688 0.0856412 0.0663997 
0.27692 0.139237 0.0730938 
0.449679 0.210734 0.0682314 
0.633721 0.293164 0.0626605 
0.778497 0.3578 0.0575033 
0.823853 0.362059 0.0417398 
0.741525 0.287671 0.0163061 
0.563934 0.169986 0.014758 
0.36523 0.0791015 0.08519 
0.209283 0.0643602 0.241901 
0.115814 0.117501 0.437667 
0.0728626 0.190919 0.592359 
0.0694896 0.246496 0.653434 
0.104853 0.280152 0.628418 
0.168448 0.302281 0.561035 
0.227977 0.308495 0.483686 
0.250745 0.28165 0.398774 
0.236415 0.220777 0.301113 
0.218074 0.155387 0.205133 
0.224392 0.121409 0.140043 
0.244555 0.123951 0.119159 
0.238099 0.131001 0.121846 
0.181223 0.107903 0.111496 
0.0986252 0.0560213 0.0714762 
0.0447369 0.014057 0.0216531 
0.0531352 0.021303 0.000340883 
0.106503 0.0818649 0.0322367 
0.156711 0.165153 0.113045 
0.172646 0.238142 0.219426 
0.167581 0.293637 0.327136 
0.181582 0.347134 0.418173 
0.239064 0.409535 0.476351 
0.322372 0.466056 0.484655 
0.383851 0.482675 0.432555 
0.384522 0.434749 0.327868 
0.328862 0.335506 0.203806 
0.272145 0.245123 0.118319 
0.295945 0.253386 0.145369 
0.463465 0.438942 0.35204 
0.775307 0.817821 0.75687 
1.14983 1.30726 1.28623 
1.44671 1.73727 1.76964 
1.53186 1.92313 2.00518 
1.35226 1.76753 1.87275 
0.972811 1.32578 1.41824 
0.544922 0.780381 0.835895 
0.222244 0.335092 0.351247 
0.0792271 0.101917 0.0898024 
0.0864773 0.0602043 0.0291821 
0.152593 0.106506 0.0585915 
0.192878 0.142306 0.0799214 
0.173533 0.128457 0.0634046 
0.110987 0.0798978 0.0302677 
0.0447793 0.0299403 0.00621023 
0.0121456 0.00533847 0.000438606 
0.0339317 0.0216292 0.0168486 
0.105454 0.0804034 0.062496 
0.192204 0.159492 0.13212 
0.242535 0.21339 0.191547 
0.220755 0.200981 0.19473 
0.137728 0.124064 0.129096 
0.0468352 0.0357216 0.040901 
0.00181243 0.000450006 0.00429215 
0.0134554 0.039316 0.0575895 
0.0471944 0.114647 0.170763 
0.0628047 0.17123 0.279935 
0.0545521 0.193189 0.355939 
0.0526062 0.220423 0.438419 
0.0897263 0.310687 0.601431 
0.170376 0.485231 0.882303 
0.268317 0.704667 1.23565 
