0.054434 0.0207178 0.00142364 
0.120419 0.0695142 0.028381 
0.231679 0.113584 0.0343865 
0.261259 0.0970564 0.0348447 
0.234094 0.103922 0.155582 
0.218374 0.215701 0.467473 
0.206188 0.376264 0.847279 
0.141721 0.436232 1.04442 
0.0431996 0.326859 0.907364 
0.0327515 0.150221 0.532574 
0.209883 0.0731672 0.175093 
0.517569 0.150196 0.0188916 
0.772626 0.279311 0.0454733 
0.834017 0.326775 0.109885 
0.720658 0.262782 0.106229 
0.565122 0.165102 0.0444735 
0.488978 0.124893 0.00061737 
0.548597 0.186625 0.0397507 
0.767009 0.365159 0.190352 
1.14312 0.659763 0.444071 
1.58997 1.00911 0.735449 
1.90331 1.25875 0.934702 
1.86949 1.24105 0.918196 
1.44925 0.928903 0.686941 
0.841982 0.495966 0.403246 
0.33668 0.187604 0.270282 
0.0886686 0.116746 0.353729 
0.0444291 0.193167 0.528534 
0.0671211 0.250326 0.608471 
0.0980617 0.219542 0.520219 
0.178488 0.167982 0.346135 
0.341559 0.187742 0.21559 
0.528289 0.282481 0.180872 
0.627226 0.372338 0.200176 
0.58388 0.390717 0.214769 
0.460608 0.359429 0.219727 
0.394136 0.371198 0.260791 
0.491304 0.500923 0.372201 
0.739953 0.720938 0.517305 
0.998637 0.894188 0.590937 
1.08662 0.870178 0.500663 
0.921892 0.620338 0.269717 
0.592148 0.285695 0.0522982 
0.281753 0.0672475 0.0107997 
0.116819 0.0508011 0.157328 
0.0822354 0.146033 0.334746 
0.0832379 0.202314 0.376955 
0.0601965 0.163295 0.276879 
0.0244947 0.0885107 0.171455 
0.00657694 0.0463266 0.170005 
0.0143616 0.0342912 0.236939 
0.0527595 0.0180896 0.258198 
0.147767 0.00930242 0.190006 
0.318712 0.0651417 0.108535 
0.534873 0.217898 0.125255 
0.723011 0.432424 0.285156 
0.817748 0.633186 0.543301 
0.79192 0.75074 0.802579 
0.64928 0.743531 0.96033 
0.421093 0.610377 0.953483 
0.184252 0.409146 0.80014 
0.0625114 0.253442 0.602366 
0.184084 0.267404 0.491023 
0.624583 0.532422 0.559553 
1.36912 1.06242 0.842334 
2.28896 1.79133 1.32045 
3.13753 2.55212 1.90355 
3.61826 3.0931 2.40764 
3.54262 3.18824 2.60852 
2.97043 2.78805 2.37763 
2.17943 2.06557 1.78425 
1.46329 1.29526 1.05707 
0.946267 0.680157 0.442546 
0.583374 0.284886 0.0878947 
0.301207 0.0893097 0.0128189 
0.0970134 0.0512809 0.133828 
0.0103015 0.114084 0.306005 
0.0524243 0.208681 0.396355 
0.196124 0.297279 0.374506 
0.407483 0.40539 0.334329 
0.648201 0.575205 0.393948 
0.853528 0.785444 0.565104 
0.951954 0.949295 0.742708 
0.92615 1.00319 0.828056 
0.82763 0.966806 0.828246 
0.705848 0.889177 0.806467 
0.54555 0.763434 0.763994 
0.322191 0.554201 0.637636 
0.127634 0.328801 0.442617 
0.186063 0.309412 0.372805 
0.673574 0.717311 0.683273 
1.49386 1.52776 1.43305 
2.26069 2.3991 2.35686 
2.55377 2.88937 3.02504 
2.23453 2.78154 3.15669 
1.53674 2.22359 2.79989 
0.860629 1.57298 2.23678 
0.471417 1.11168 1.73788 
0.363058 0.887892 1.39875 
0.363087 0.781987 1.16679 
0.331622 0.678438 0.970971 
0.259777 0.563225 0.803573 
0.211352 0.484208 0.696571 
0.211708 0.459232 0.657447 
0.214316 0.447097 0.653254 
0.168502 0.404748 0.65712 
0.0992642 0.354388 0.694504 
0.103813 0.377905 0.827559 
0.262139 0.537179 1.08426 
0.549418 0.798162 1.39995 
0.839052 1.03712 1.63403 
0.999888 1.13227 1.66063 
1.00089 1.06349 1.46527 
0.926493 0.930848 1.16793 
0.890195 0.873574 0.948913 
0.935157 0.963844 0.934565 
1.02313 1.17145 1.1317 
1.11432 1.41984 1.45036 
1.23521 1.658 1.77264 
1.44431 1.86633 1.99825 
1.73069 2.00534 2.04876 
1.96947 1.99264 1.87159 
2.00061 1.75853 1.47291 
1.75992 1.32778 0.948275 
1.33483 0.833876 0.45666 
0.898774 0.44008 0.135474 
0.592857 0.235479 0.0198755 
0.454257 0.19358 0.0341189 
0.432893 0.221205 0.0651525 
0.466685 0.254133 0.0650009 
0.54985 0.323475 0.104226 
0.735201 0.534571 0.326723 
1.06081 0.963576 0.82717 
1.46468 1.55411 1.54567 
1.78225 2.11686 2.27936 
1.85495 2.454 2.81804 
1.66375 2.5101 3.09502 
1.3627 2.41661 3.22455 
1.17536 2.39144 3.39979 
1.23966 2.57971 3.74232 
1.52094 2.95588 4.215 
1.84328 3.34121 4.64043 
2.00085 3.50749 4.7947 
1.87296 3.3005 4.52138 
1.48028 2.71998 3.81382 
0.958891 1.91709 2.82606 
0.476527 1.11405 1.80303 
0.149569 0.497729 0.969921 
0.0100418 0.151592 0.446337 
0.0252911 0.0530811 0.225956 
0.13617 0.11579 0.214178 
0.285849 0.241504 0.29053 
0.437017 0.361381 0.366142 
0.580555 0.455434 0.414205 
0.727679 0.541059 0.4584 
0.882977 0.6359 0.526951 
1.01886 0.724399 0.609791 
1.07808 0.75817 0.656701 
1.00696 0.689383 0.615703 
0.797379 0.509329 0.475837 
0.513239 0.268435 0.283654 
0.283525 0.0689161 0.129043 
0.246227 0.0226415 0.104814 
0.452192 0.176044 0.24491 
0.793684 0.446823 0.472887 
1.04528 0.648953 0.622891 
1.02375 0.626368 0.557765 
0.741105 0.394545 0.302003 
0.399386 0.14531 0.0526216 
0.221814 0.091206 0.0299884 
0.283421 0.295089 0.299307 
0.495856 0.646574 0.732947 
0.727155 0.985099 1.13569 
0.912456 1.22694 1.39365 
1.06899 1.39021 1.51778 
1.25342 1.54455 1.59008 
1.51772 1.7549 1.69331 
1.85549 2.0276 1.85494 
2.13993 2.25316 1.9973 
2.14291 2.21684 1.94059 
1.70792 1.75454 1.53115 
0.959847 0.966066 0.839267 
0.300799 0.245199 0.214747 
0.108713 0.00766129 0.0603935 
0.39741 0.32961 0.480921 
0.797761 0.863842 1.15418 
0.904565 1.14425 1.58338 
0.637368 0.981476 1.49907 
0.251485 0.562384 1.02779 
0.0280679 0.198402 0.503282 
0.0101249 0.0321128 0.16153 
0.0534913 0.000424298 0.0253202 
0.0731529 0.0190976 0.0200802 
0.157825 0.114957 0.112488 
0.422282 0.348803 0.303069 
0.800508 0.659678 0.531251 
1.04896 0.855577 0.66099 
0.97086 0.782612 0.59055 
0.615203 0.482959 0.357963 
0.242333 0.168237 0.116294 
0.108332 0.0468611 0.0099054 
0.289573 0.186171 0.0861225 
0.683153 0.51678 0.310987 
1.12384 0.922652 0.631051 
1.48328 1.3065 0.998199 
1.69792 1.60012 1.35537 
1.76209 1.76361 1.63661 
1.71797 1.79659 1.79597 
1.63038 1.73327 1.82262 
1.54028 1.60418 1.71645 
1.43389 1.40309 1.46278 
1.26725 1.10763 1.05708 
1.02976 0.742907 0.567923 
0.787835 0.423945 0.168395 
0.669504 0.328539 0.085611 
0.803987 0.612714 0.488605 
1.25269 1.31769 1.38051 
1.95618 2.31209 2.55307 
2.71547 3.29914 3.63225 
3.23858 3.91106 4.21733 
3.26942 3.88099 4.0755 
2.74662 3.21114 3.29306 
1.87319 2.20785 2.26117 
1.01411 1.31946 1.46163 
0.483304 0.874938 1.18362 
0.389828 0.924219 1.38635 
0.649725 1.28973 1.8042 
1.09351 1.73266 2.16542 
1.52798 2.05355 2.31176 
1.73779 2.08811 2.16666 
1.54996 1.72867 1.69829 
1.00343 1.04696 0.991629 
0.441612 0.371251 0.319834 
0.316803 0.116506 0.0205251 
0.793585 0.432345 0.209866 
1.53825 1.01896 0.633772 
1.9646 1.35878 0.873653 
1.73729 1.17353 0.732576 
1.04109 0.649341 0.397519 
0.366569 0.2138 0.210718 
0.0650523 0.1259 0.315662 
0.12079 0.300784 0.555938 
0.294967 0.486342 0.688235 
0.402925 0.534009 0.630923 
0.427257 0.479276 0.490849 
0.427764 0.421239 0.402786 
0.424895 0.395243 0.398071 
0.389482 0.368724 0.420995 
0.302827 0.31269 0.421217 
0.189038 0.242765 0.403381 
0.0962889 0.202825 0.408401 
