0.00755218 0.122226 0.337502 
0.0390456 0.249428 0.66674 
0.118622 0.416516 0.977355 
0.197845 0.519891 1.09967 
0.249975 0.520056 0.983416 
0.305956 0.478681 0.732563 
0.427022 0.502836 0.520933 
0.63127 0.641615 0.459165 
0.849994 0.832923 0.526941 
0.967377 0.953166 0.620111 
0.911222 0.920721 0.652954 
0.708218 0.753877 0.614202 
0.455645 0.537916 0.53992 
0.246226 0.349448 0.45694 
0.119777 0.216284 0.366457 
0.073184 0.136566 0.27365 
0.097611 0.115367 0.212314 
0.197093 0.172219 0.227823 
0.377868 0.318981 0.337997 
0.63242 0.541815 0.516678 
0.940823 0.809955 0.716159 
1.28671 1.10127 0.904584 
1.66794 1.41841 1.08612 
2.08686 1.77894 1.29144 
2.52403 2.1836 1.54628 
2.9164 2.58455 1.83589 
3.16498 2.8823 2.08982 
3.18011 2.96789 2.20819 
2.94177 2.79339 2.12538 
2.5312 2.42111 1.86844 
2.10175 2.00513 1.55601 
1.79951 1.7055 1.32472 
1.68431 1.59189 1.23419 
1.70432 1.60739 1.22777 
1.73988 1.61913 1.18387 
1.68515 1.5179 1.01786 
1.51445 1.29587 0.754237 
1.29566 1.05244 0.515206 
1.14785 0.930711 0.438538 
1.17166 1.03047 0.587724 
1.39286 1.35271 0.916965 
1.74963 1.80513 1.30923 
2.12828 2.25837 1.65388 
2.42309 2.61195 1.90604 
2.581 2.82698 2.0877 
2.60455 2.91013 2.23621 
2.51959 2.87262 2.34712 
2.34288 2.70653 2.36277 
2.08012 2.40146 2.21828 
1.75086 1.98211 1.90527 
1.40673 1.52353 1.49544 
1.11651 1.12205 1.10264 
0.929363 0.846754 0.819326 
0.853519 0.71721 0.684663 
0.869828 0.723433 0.702376 
0.958107 0.853998 0.869184 
1.09906 1.08878 1.16479 
1.24788 1.35997 1.5085 
1.31937 1.53721 1.74545 
1.22334 1.4833 1.71353 
0.935902 1.15487 1.36 
0.543678 0.661197 0.807686 
0.210411 0.215843 0.296768 
0.0820493 0.0070075 0.0342406 
0.201443 0.085676 0.0678266 
0.494057 0.353924 0.28013 
0.825334 0.648801 0.493409 
1.07903 0.845395 0.589008 
1.2046 0.906319 0.553656 
1.21687 0.864121 0.443604 
1.1632 0.772943 0.321804 
1.08299 0.669664 0.221384 
0.981754 0.560828 0.145565 
0.836136 0.433624 0.0848935 
0.63093 0.283119 0.0356766 
0.401648 0.139632 0.0138786 
0.239147 0.0703479 0.0560551 
0.236014 0.139783 0.196536 
0.409018 0.350715 0.428409 
0.666053 0.617518 0.682008 
0.856237 0.80696 0.851943 
0.868835 0.822898 0.862224 
0.701458 0.66747 0.717947 
0.44638 0.429755 0.498511 
0.216256 0.216812 0.299071 
0.0751179 0.0877002 0.171597 
0.0210501 0.0374409 0.110547 
0.0146651 0.0273191 0.0825542 
0.017092 0.0239511 0.0639492 
0.0108098 0.0172107 0.0546308 
0.00108256 0.0151745 0.0665742 
0.00692829 0.0304569 0.105777 
0.0474994 0.0689954 0.163645 
0.127237 0.12401 0.220234 
0.22648 0.175859 0.253839 
0.305643 0.199694 0.251711 
0.324619 0.179941 0.218196 
0.268166 0.123916 0.175826 
0.160703 0.0631356 0.155179 
0.0564993 0.0362611 0.17545 
0.00632981 0.0617741 0.227703 
0.0224805 0.121584 0.277204 
0.0719502 0.173808 0.289977 
0.107616 0.189099 0.265456 
0.111241 0.17884 0.243568 
0.10725 0.185373 0.271958 
0.133818 0.239994 0.358412 
0.202145 0.329513 0.454865 
0.286469 0.40587 0.49334 
0.351998 0.428638 0.442061 
0.386489 0.396308 0.328108 
0.401506 0.33748 0.207678 
0.407773 0.278205 0.118716 
0.397761 0.223669 0.0633512 
0.355686 0.169151 0.0287141 
0.280808 0.119531 0.013065 
0.196185 0.0912109 0.0264086 
0.133555 0.0958174 0.0709176 
0.110395 0.126554 0.129255 
0.120333 0.162364 0.175083 
0.143203 0.184519 0.192909 
0.163607 0.189364 0.186671 
0.180812 0.186617 0.170992 
0.20071 0.185266 0.155152 
0.217661 0.179373 0.133997 
0.207931 0.149547 0.0948757 
0.150256 0.0862815 0.0392361 
0.060434 0.0183718 0.00230054 
0.00164324 0.0126677 0.0449284 
0.0450365 0.127597 0.207474 
0.204647 0.350029 0.455372 
0.407803 0.577308 0.67237 
0.539046 0.67796 0.728872 
0.525974 0.590483 0.581858 
0.390534 0.37346 0.318743 
0.220744 0.158069 0.0967003 
0.0952906 0.0449706 0.0239304 
0.0345459 0.0390312 0.0862068 
0.0144062 0.0733903 0.179424 
0.0104616 0.0850966 0.208437 
0.0178391 0.0631081 0.157014 
0.0347326 0.0332927 0.0753564 
0.0456473 0.0159963 0.0177471 
0.0342099 0.00939262 0.00023061 
0.00881104 0.00708707 0.00836557 
0.00220603 0.0150333 0.0263754 
0.0382712 0.0422809 0.0485286 
0.10279 0.081152 0.0695521 
0.153207 0.107323 0.0784823 
0.157303 0.102365 0.0679405 
0.119145 0.0714475 0.0442723 
0.0687268 0.0361185 0.0224204 
0.0327781 0.013198 0.0114532 
0.01848 0.00432756 0.00889106 
0.0193843 0.00316328 0.00883188 
0.0278151 0.00597067 0.0110892 
0.0387648 0.0126039 0.0199523 
0.0471179 0.0211149 0.0365683 
0.0474561 0.0264325 0.0561035 
0.0380345 0.0252553 0.0726583 
0.0228946 0.0202592 0.0851148 
0.00882882 0.0185088 0.0977447 
0.000892833 0.0264925 0.116499 
0.00151814 0.0471238 0.145413 
0.0134436 0.0805966 0.185403 
0.0418552 0.126462 0.234551 
0.0910403 0.183045 0.287962 
0.156197 0.243311 0.336502 
0.21815 0.291663 0.366477 
0.249873 0.308276 0.363815 
0.233936 0.28152 0.322876 
0.176908 0.2187 0.253234 
0.106212 0.143714 0.176508 
0.0511402 0.0821335 0.114129 
0.0254753 0.0471761 0.0765757 
0.0259017 0.0381053 0.0628076 
0.0428562 0.0485923 0.0673359 
0.0702857 0.074297 0.0863394 
0.107023 0.113998 0.118966 
0.152169 0.165946 0.165134 
0.198424 0.221574 0.219762 
0.227129 0.259505 0.264363 
0.213716 0.250004 0.266941 
0.150235 0.179348 0.20403 
0.0706078 0.080764 0.0962886 
0.0446162 0.033918 0.0188965 
0.125471 0.110249 0.0552879 
0.289505 0.299378 0.219077 
0.434494 0.491416 0.418518 
0.456543 0.551576 0.513872 
0.341467 0.431934 0.430165 
0.180149 0.217443 0.225308 
0.088649 0.0591711 0.0481339 
0.110306 0.0543753 0.0217179 
0.192403 0.179924 0.153234 
0.248918 0.328019 0.340848 
0.236398 0.397681 0.459273 
0.172149 0.35865 0.446319 
0.0974461 0.248985 0.328292 
0.0417527 0.132231 0.182259 
0.0227696 0.0599181 0.0782881 
0.0617529 0.0580433 0.0447751 
0.177196 0.126903 0.0696846 
0.35684 0.242438 0.122446 
0.544383 0.361953 0.17461 
0.665669 0.440699 0.208668 
0.675425 0.453522 0.218028 
0.583033 0.405993 0.205179 
0.437942 0.326268 0.180004 
0.293354 0.245106 0.155462 
0.180093 0.179879 0.140086 
0.104599 0.132254 0.132612 
0.0613421 0.0967131 0.124573 
0.0432789 0.0697719 0.109251 
0.0434501 0.0520313 0.0880895 
0.0521085 0.0434918 0.0679951 
0.0572387 0.0394576 0.0533414 
0.051163 0.0333902 0.042615 
0.0373824 0.0243347 0.0333031 
0.0284898 0.0193414 0.0275268 
0.0339241 0.0257078 0.0298076 
0.0491553 0.0407566 0.0393957 
0.0594588 0.0520976 0.0479922 
0.0558633 0.0498141 0.0472254 
0.0452703 0.0368145 0.0371028 
0.0423294 0.0250628 0.0252165 
0.052638 0.022846 0.0189703 
0.0672875 0.0286351 0.0214932 
0.0737361 0.0366003 0.0340856 
0.0678749 0.0430867 0.0566874 
0.0537901 0.0451313 0.0819136 
0.0366064 0.0375441 0.0927253 
0.0216174 0.0190879 0.0748114 
0.0194558 0.00286088 0.0355772 
0.0444247 0.0140002 0.00704572 
0.101628 0.0699529 0.0233324 
0.176302 0.161287 0.0917828 
0.239658 0.253991 0.18568 
0.267501 0.312314 0.264627 
0.254459 0.321125 0.302432 
0.213144 0.290439 0.299737 
0.162775 0.243474 0.276674 
0.117896 0.200899 0.256221 
0.0834029 0.171154 0.250076 
0.0565114 0.149812 0.253307 
0.0331301 0.126613 0.249589 
0.0134611 0.0953532 0.224001 
0.00183949 0.0593427 0.17466 
0.00178617 0.0285116 0.114309 
0.0128277 0.0118707 0.0612695 
0.0324053 0.0122772 0.0280214 
