0.0650051 0.0927446 0.281582 
0.0646838 0.0197632 0.146078 
0.142263 0.0250122 0.0448475 
0.317233 0.136574 0.0174854 
0.58872 0.365229 0.0978251 
0.928016 0.693045 0.295485 
1.2834 1.0721 0.584392 
1.59781 1.43705 0.906522 
1.83165 1.72721 1.19106 
1.97859 1.90765 1.38032 
2.06462 1.97823 1.44939 
2.12977 1.96584 1.40988 
2.20215 1.90479 1.29708 
2.27883 1.817 1.14939 
2.32498 1.70366 0.992111 
2.29203 1.55213 0.833853 
2.14465 1.35249 0.674434 
1.8812 1.11172 0.516279 
1.53649 0.855977 0.370068 
1.16631 0.619691 0.251077 
0.823818 0.429118 0.1701 
0.541206 0.291407 0.126773 
0.325811 0.196116 0.110913 
0.16994 0.127587 0.11122 
0.0659354 0.0796523 0.125299 
0.0162782 0.0632284 0.164098 
0.0332204 0.102375 0.247804 
0.129692 0.221634 0.395699 
0.308101 0.432025 0.615708 
0.553736 0.72277 0.898623 
0.835689 1.06167 1.21858 
1.11376 1.40246 1.53802 
1.3474 1.69495 1.8143 
1.50318 1.89454 2.00613 
1.55947 1.9694 2.07983 
1.50871 1.90558 2.01584 
1.3582 1.71008 1.81496 
1.12953 1.41118 1.50189 
0.855827 1.05476 1.12314 
0.576445 0.69589 0.737966 
0.329823 0.387521 0.404291 
0.146888 0.169921 0.164767 
0.0478818 0.0653247 0.0391634 
0.0440517 0.0799757 0.0265468 
0.142789 0.211958 0.115759 
0.352266 0.459626 0.297951 
0.681179 0.824638 0.573411 
1.13172 1.30644 0.947949 
1.68828 1.89037 1.42023 
2.3081 2.53627 1.96726 
2.92066 3.17549 2.53711 
3.43918 3.72096 3.0549 
3.78197 4.08844 3.44109 
3.89596 4.22095 3.63497 
3.77316 4.10648 3.61315 
3.4531 3.78143 3.39544 
3.01044 3.31869 3.03657 
2.53268 2.80548 2.60799 
2.09664 2.32006 2.17804 
1.75189 1.91547 1.79754 
1.51547 1.61443 1.49435 
1.37742 1.41442 1.27604 
1.31236 1.29809 1.13675 
1.29145 1.24359 1.06398 
1.29028 1.23066 1.04246 
1.29117 1.24176 1.05474 
1.28124 1.2598 1.0801 
1.2492 1.26564 1.09426 
1.18384 1.23829 1.07235 
1.07578 1.15922 0.995218 
0.92207 1.01937 0.857423 
0.730849 0.825532 0.672358 
0.522843 0.601645 0.470602 
0.327094 0.382645 0.290115 
0.171654 0.202435 0.161803 
0.0731496 0.0814164 0.0974963 
0.0306718 0.0201089 0.0870036 
0.0276056 0.00229642 0.105957 
0.0405308 0.00549475 0.129564 
0.0501231 0.012172 0.143757 
0.0479709 0.0152068 0.14741 
0.0362858 0.0156189 0.145844 
0.0223665 0.0162015 0.142004 
0.012736 0.0170338 0.13268 
0.0109312 0.016269 0.112348 
0.0190952 0.014457 0.0806006 
0.0402034 0.0174065 0.0461177 
0.0777295 0.0339761 0.0231223 
0.132571 0.0698944 0.0226625 
0.200148 0.122557 0.0454731 
0.270817 0.181298 0.0819572 
0.33387 0.233236 0.119113 
0.38207 0.270239 0.148835 
0.413072 0.291731 0.171296 
0.426853 0.30167 0.191457 
0.422011 0.302893 0.212315 
0.395076 0.294051 0.230791 
0.34442 0.271897 0.239545 
0.276054 0.236933 0.232976 
0.206188 0.197368 0.212402 
0.157124 0.167503 0.18633 
0.147741 0.160945 0.165691 
0.183925 0.182992 0.157628 
0.254702 0.227185 0.162058 
0.336383 0.278082 0.172844 
0.402258 0.318282 0.182107 
0.432658 0.335558 0.18461 
0.420942 0.326741 0.17996 
0.373964 0.297593 0.172345 
0.308425 0.260038 0.168921 
0.245379 0.228472 0.17782 
0.204466 0.215934 0.20586 
0.198537 0.230233 0.255685 
0.229454 0.270544 0.322862 
0.286677 0.32607 0.394642 
0.350292 0.378537 0.452239 
0.398458 0.408753 0.476856 
0.416559 0.404824 0.457235 
0.403561 0.367922 0.394992 
0.37205 0.312348 0.304873 
0.341788 0.259666 0.209783 
0.330357 0.229975 0.133152 
0.345805 0.234539 0.0919888 
0.384402 0.272528 0.0927048 
0.433288 0.331984 0.129935 
0.475456 0.393534 0.18785 
0.494652 0.43552 0.243944 
0.479435 0.440072 0.275588 
0.426621 0.399417 0.268285 
0.343616 0.320218 0.222222 
0.247767 0.222744 0.152815 
0.161135 0.133375 0.0834525 
0.101757 0.0730628 0.0337245 
0.0757717 0.048035 0.0102292 
0.0754547 0.0486336 0.0058775 
0.0848868 0.0571555 0.00768387 
0.089717 0.0592896 0.00672845 
0.0844979 0.051331 0.00265739 
0.0730539 0.0389664 0.000133364 
0.0628351 0.0302273 0.00183059 
0.0586681 0.0294577 0.00548361 
0.061002 0.0372286 0.00829874 
0.0691006 0.0548907 0.0143405 
0.0849294 0.0876779 0.0364757 
0.112991 0.141496 0.0883722 
0.155456 0.214833 0.171093 
0.206822 0.292877 0.265145 
0.253444 0.350528 0.336325 
0.279534 0.364337 0.353646 
0.275868 0.325969 0.307861 
0.245095 0.247843 0.217721 
0.200136 0.156919 0.119474 
0.157268 0.0809166 0.0467637 
0.128862 0.0360078 0.0141701 
0.119891 0.0229348 0.0140326 
0.128729 0.0318591 0.0263499 
0.149814 0.0506761 0.0332933 
0.175672 0.0708397 0.0287027 
0.197936 0.0883887 0.0183249 
0.208616 0.101972 0.0133237 
0.202429 0.110947 0.0227548 
0.179169 0.114968 0.0492159 
0.144106 0.114293 0.0884361 
0.105612 0.109611 0.131372 
0.0714593 0.101431 0.167369 
0.0464889 0.0901617 0.18774 
0.0330873 0.0774103 0.189098 
0.0333101 0.0673614 0.175003 
0.0498369 0.0661474 0.154363 
0.0839274 0.0783801 0.136624 
0.13148 0.102651 0.126199 
0.180708 0.129564 0.11985 
0.2146 0.144876 0.109225 
0.218185 0.136963 0.0873571 
0.186841 0.104385 0.0548894 
0.130367 0.0586074 0.0216923 
0.0696331 0.019554 0.00244805 
0.0270488 0.00606612 0.00878098 
0.015978 0.0265486 0.0427301 
0.0349603 0.0749285 0.0953457 
0.0696826 0.133812 0.150814 
0.101089 0.182611 0.193251 
0.114756 0.206043 0.212308 
0.10661 0.19904 0.205281 
0.0828108 0.166715 0.17602 
0.0551134 0.120747 0.132483 
0.0348938 0.0745901 0.0845335 
0.0287454 0.0393896 0.0422224 
0.0368691 0.0213344 0.0139324 
0.0539975 0.0205809 0.00415557 
0.0719662 0.0318595 0.0117712 
0.0829979 0.0467927 0.0301792 
0.0826893 0.0573152 0.0498272 
0.0715688 0.0587869 0.0621261 
0.0544221 0.0512799 0.0627733 
0.0376468 0.0385048 0.0528661 
0.0261048 0.02526 0.0375276 
0.0212928 0.0150406 0.0230172 
0.0217121 0.0090103 0.0137799 
0.0248036 0.00646012 0.0106744 
0.0289264 0.00609056 0.0111439 
0.0341648 0.00734056 0.0114088 
0.0417209 0.0111485 0.00971028 
0.052376 0.0195792 0.00853053 
0.0647571 0.033998 0.0136729 
0.0743595 0.052501 0.029979 
0.0746041 0.0687821 0.0565042 
0.0608123 0.0748696 0.0855608 
0.035937 0.0677462 0.107869 
0.0139763 0.0556911 0.120867 
0.0160907 0.0579206 0.133171 
0.0582154 0.0942463 0.159713 
0.136318 0.169341 0.209272 
0.220773 0.262947 0.27365 
0.268382 0.336111 0.328415 
0.248733 0.352896 0.346951 
0.168627 0.304169 0.318372 
0.0753081 0.215728 0.25531 
0.0314964 0.132778 0.184824 
0.0756315 0.0903843 0.129473 
0.194009 0.0913389 0.0942918 
0.325731 0.108248 0.0707272 
0.399104 0.108228 0.0536185 
0.375399 0.080697 0.0549551 
0.270384 0.0462586 0.0997983 
0.140277 0.0399457 0.205089 
0.0443107 0.0827361 0.358211 
0.0112126 0.164244 0.514696 
0.0308689 0.249641 0.620118 
0.0716166 0.303928 0.641515 
0.10556 0.313547 0.58524 
0.122517 0.289442 0.488419 
0.126545 0.252346 0.391718 
0.124177 0.21534 0.31495 
0.117555 0.178635 0.252993 
0.107215 0.138555 0.191715 
0.0981235 0.0993871 0.127616 
0.0997015 0.0750859 0.0737116 
0.117953 0.0784097 0.0477501 
0.147193 0.107637 0.0546227 
0.170637 0.143806 0.0792478 
0.171306 0.162246 0.0963839 
0.144872 0.14955 0.0890422 
0.103539 0.112362 0.060262 
0.0674201 0.0712915 0.0291905 
0.0503896 0.0455045 0.0155257 
0.0518189 0.0404127 0.0251403 
0.0601633 0.0472529 0.0474819 
0.0643335 0.0530785 0.0651576 
0.0628683 0.0519025 0.0670043 
0.0638533 0.0483834 0.0548701 
