0.180399 0.350525 0.447902 
0.0298684 0.146793 0.235415 
0.0659201 0.223538 0.331865 
0.344156 0.579893 0.709179 
0.814464 1.11176 1.24534 
1.24683 1.5725 1.71111 
1.36956 1.69305 1.85904 
1.10538 1.38986 1.59045 
0.645396 0.844562 1.04127 
0.274039 0.35633 0.483928 
0.138771 0.116486 0.136015 
0.1963 0.122013 0.0529561 
0.3346 0.262768 0.163671 
0.484355 0.43618 0.358323 
0.609852 0.575605 0.53685 
0.658112 0.630019 0.626708 
0.580686 0.579475 0.612731 
0.408571 0.47821 0.562261 
0.266997 0.446705 0.593127 
0.285054 0.5865 0.785745 
0.480464 0.886273 1.10843 
0.728761 1.20503 1.41982 
0.846324 1.35259 1.54927 
0.724327 1.21381 1.40246 
0.41613 0.832393 1.02488 
0.110735 0.390089 0.57684 
0.00177362 0.0855302 0.229087 
0.146144 0.000431402 0.0558098 
0.428363 0.064453 0.0160363 
0.66364 0.147627 0.0358371 
0.747154 0.188212 0.102131 
0.715698 0.232736 0.269318 
0.67896 0.361415 0.579162 
0.704199 0.588631 0.987808 
0.766999 0.838896 1.37629 
0.795153 1.00641 1.6242 
0.740464 1.02618 1.669 
0.609544 0.897221 1.51014 
0.448023 0.664524 1.18526 
0.313983 0.39855 0.761155 
0.259688 0.185055 0.341944 
0.31325 0.108473 0.0637585 
0.459572 0.220698 0.0554381 
0.641013 0.512688 0.376974 
0.787112 0.908291 0.966644 
0.849162 1.28198 1.63103 
0.811303 1.49635 2.10552 
0.683882 1.45946 2.18152 
0.503715 1.18492 1.83578 
0.33808 0.805706 1.25943 
0.262033 0.503591 0.739067 
0.307148 0.391571 0.469785 
0.43216 0.449632 0.453996 
0.558733 0.573675 0.562616 
0.641344 0.68235 0.678204 
0.694178 0.769476 0.773432 
0.748264 0.861404 0.871515 
0.797503 0.949479 0.968351 
0.800542 0.982641 1.01518 
0.728613 0.918221 0.966172 
0.593698 0.76134 0.821427 
0.428456 0.554677 0.623715 
0.259426 0.350376 0.433258 
0.116311 0.202821 0.312182 
0.0537398 0.167131 0.307109 
0.128822 0.26659 0.410392 
0.335141 0.445315 0.531369 
0.570295 0.575646 0.53905 
0.700382 0.552612 0.377508 
0.679865 0.404657 0.156681 
0.60788 0.302496 0.107422 
0.651373 0.430135 0.403878 
0.899436 0.821936 0.995944 
1.28964 1.32001 1.61201 
1.67961 1.70384 1.95299 
1.99116 1.88108 1.92469 
2.27965 1.96475 1.71112 
2.65622 2.16314 1.62438 
3.13972 2.58199 1.85978 
3.58794 3.11788 2.36248 
3.78075 3.53307 2.90259 
3.58046 3.63299 3.2657 
3.02532 3.38398 3.37651 
2.28664 2.88698 3.26654 
1.55343 2.27249 2.96874 
0.960782 1.64322 2.48661 
0.602236 1.10556 1.87568 
0.560134 0.8064 1.31887 
0.877354 0.880372 1.06109 
1.48827 1.33171 1.22557 
2.20582 1.98238 1.68966 
2.81759 2.57375 2.16585 
3.21767 2.94721 2.42954 
3.44209 3.13068 2.47859 
3.5678 3.24625 2.4759 
3.58431 3.3404 2.5486 
3.38295 3.31807 2.65507 
2.88183 3.04578 2.64213 
2.15414 2.50846 2.41107 
1.42222 1.85776 2.01654 
0.920985 1.31383 1.61811 
0.760343 1.02591 1.35731 
0.895109 1.00882 1.27652 
1.19065 1.17234 1.31968 
1.50044 1.38388 1.37918 
1.70805 1.5209 1.35188 
1.74929 1.5143 1.19428 
1.63207 1.3811 0.959256 
1.43327 1.21661 0.777019 
1.25345 1.1322 0.773936 
1.1567 1.1806 0.986562 
1.14299 1.32806 1.34117 
1.16265 1.48331 1.70409 
1.14445 1.54394 1.94627 
1.02244 1.43289 1.97977 
0.772956 1.13236 1.77629 
0.451723 0.711577 1.38307 
0.182997 0.310072 0.913688 
0.0818035 0.0597162 0.493296 
0.17356 0.00516099 0.195977 
0.395593 0.102446 0.0362123 
0.671509 0.288189 0.0109105 
0.959284 0.525259 0.119139 
1.21855 0.772261 0.324184 
1.36639 0.942736 0.522807 
1.31473 0.9432 0.597122 
1.06317 0.763812 0.512509 
0.726433 0.504505 0.345275 
0.448825 0.292045 0.202096 
0.302145 0.185111 0.131099 
0.277794 0.174846 0.128224 
0.34979 0.2513 0.203004 
0.49732 0.41822 0.383394 
0.657802 0.628169 0.635384 
0.709489 0.74897 0.81787 
0.561491 0.654913 0.775587 
0.274254 0.369484 0.498275 
0.0557001 0.0893731 0.165892 
0.0975073 0.0311811 0.00655121 
0.398983 0.239022 0.0978172 
0.754999 0.542934 0.307187 
0.923624 0.707265 0.424339 
0.815387 0.623647 0.348988 
0.536771 0.374684 0.159311 
0.269351 0.132951 0.017922 
0.115339 0.0129821 0.0266779 
0.0527492 0.0165734 0.169973 
0.0220907 0.0996392 0.378967 
0.0348975 0.262962 0.624778 
0.178232 0.55392 0.930408 
0.503702 0.973236 1.29149 
0.920426 1.39717 1.60616 
1.22026 1.62325 1.71344 
1.23176 1.52021 1.52226 
0.961127 1.1429 1.10549 
0.583841 0.695978 0.657818 
0.298248 0.377479 0.351874 
0.182912 0.247822 0.227342 
0.179283 0.232213 0.205134 
0.185713 0.225694 0.189178 
0.152301 0.184543 0.145724 
0.0963629 0.131225 0.099178 
0.0550213 0.100411 0.0784883 
0.0413611 0.0969765 0.0819803 
0.0411177 0.0990209 0.0860568 
0.035439 0.085152 0.0725695 
0.0193429 0.0530199 0.0435013 
0.00369027 0.0185525 0.0166903 
0.00700813 0.00492594 0.0139292 
0.0453662 0.0308995 0.0505428 
0.122764 0.101076 0.12764 
0.223814 0.199269 0.227146 
0.314929 0.290269 0.313905 
0.359621 0.335243 0.3498 
0.34166 0.31531 0.316148 
0.27694 0.244919 0.228257 
0.200278 0.160075 0.126452 
0.138524 0.0904279 0.0483546 
0.0980908 0.0434286 0.00808326 
0.0780127 0.0155119 0.00119363 
0.0866052 0.0117543 0.0237343 
0.134926 0.0448589 0.0779719 
0.213123 0.112981 0.157833 
0.282969 0.186492 0.236526 
0.303033 0.224953 0.277487 
0.26295 0.209096 0.260663 
0.191673 0.155489 0.197932 
0.133305 0.101678 0.12402 
0.115014 0.0780333 0.072708 
0.132099 0.0888443 0.0568012 
0.155514 0.112642 0.0636618 
0.153042 0.119031 0.0677507 
0.112087 0.091816 0.0519519 
0.0509004 0.0430745 0.0219897 
0.00774401 0.00560915 0.00135077 
0.0118256 0.00703959 0.0103903 
0.0579688 0.0462188 0.0479889 
0.10803 0.0924082 0.0909994 
0.120305 0.108469 0.110348 
0.0834259 0.0800769 0.0913675 
0.0271651 0.029745 0.0467981 
0.00163279 0.00575283 0.0156378 
0.0409882 0.0517197 0.0448209 
0.138677 0.175042 0.159129 
0.251717 0.33608 0.337756 
0.329464 0.468905 0.518829 
0.344324 0.521452 0.63446 
0.302795 0.485834 0.651598 
0.233906 0.396668 0.586569 
0.170193 0.302466 0.484357 
0.135612 0.235851 0.384593 
0.139996 0.202647 0.302892 
0.173405 0.188532 0.235214 
0.204902 0.171372 0.171784 
0.198426 0.133985 0.107501 
0.142374 0.0770701 0.0476382 
0.0653256 0.0244118 0.00948637 
0.0156915 0.009176 0.0145336 
0.0213013 0.0472051 0.07097 
0.0698498 0.122557 0.161762 
0.127549 0.201313 0.253896 
0.169993 0.258125 0.321408 
0.192097 0.287304 0.357813 
0.197474 0.29342 0.368036 
0.190791 0.281421 0.356321 
0.180511 0.258569 0.327001 
0.17684 0.236701 0.291073 
0.179236 0.223059 0.261779 
0.172045 0.210688 0.241602 
0.142014 0.186094 0.219944 
0.0994809 0.148141 0.187215 
0.0733907 0.112853 0.14709 
0.0807009 0.0951755 0.110775 
0.105079 0.0901987 0.0826519 
0.11179 0.0788289 0.0580034 
0.0835591 0.0516215 0.0346491 
0.0374732 0.0208551 0.0197763 
0.00532231 0.00615695 0.0211249 
0.00174789 0.0128259 0.0359131 
0.0158566 0.0298498 0.0548976 
0.0305861 0.046785 0.0756504 
0.0411168 0.0637135 0.103085 
0.0507425 0.0811354 0.133274 
0.0568601 0.0884023 0.145051 
0.0514212 0.0727376 0.118644 
0.0344781 0.039119 0.0628715 
0.0178575 0.0113028 0.0144771 
0.0117007 0.00808341 0.00465817 
0.0131285 0.0233258 0.0294028 
0.0121315 0.0339422 0.0561132 
0.00523095 0.0252255 0.0567249 
